2,1,1
0,0,0,0,0,0
0,0,0.08562424673,0.8562424673,2,0
0,0,0.114507036,0.2888278932,1,0
0,0,0.1657572114,0.5125017531,2,0
0,0,0.1512481984,-0.1450901291,2,0
0,0,0.06840979413,-0.8283840432,0,0
0,0,0.09155671596,0.2314692183,0,0
0,0,0.2030599006,1.115031847,1,0
0,0,0.3524901118,1.494302111,2,0
0,0,0.4853115536,1.328214419,2,0
0,0,0.6176620016,1.32350448,2,0
0,0,0.778515837,1.608538353,2,0
0,0,0.9957559856,2.172401486,0,0
0,0,1.377653713,3.818977275,1,-1
1,1,1.900458334,5.22804621
0,0,0,0,1,0
0,0,0.005936662523,0.05936662523,1,0
0,0,0.03017427513,0.2423761261,0,0
0,0,0.134693827,1.045195519,2,0
0,0,0.1842223548,0.4952852779,0,0
0,0,0.3640985322,1.798761774,2,0
0,0,0.5300447666,1.659462344,0,0
0,0,0.8476235534,3.175787868,1,0
0,0,1.27475064,4.271270868,2,-1
1,1,1.810849723,5.360990827
0,0,0,0,0,0
0,0,0.1006156889,1.006156889,1,0
0,0,0.2116981674,1.110824785,1,0
0,0,0.3546259245,1.429277571,1,0
0,0,0.558015232,2.033893075,1,0
0,0,0.8537714696,2.957562375,0,0
0,0,1.311994824,4.582233545,1,-1
1,1,1.903354811,5.913599868
0,0,0,0,1,0
0,0,0.008402001451,0.08402001451,0,0
0,0,0.1049270197,0.9652501824,1,0
0,0,0.2246887883,1.197617687,1,0
0,0,0.3714808434,1.46792055,2,0
0,0,0.4832977827,1.118169393,1,0
0,0,0.6609606616,1.776628789,0,0
0,0,1.013025233,3.520645716,1,0
0,0,1.491359166,4.783339323,0,-1
1,1,2.120614832,6.29255666
0,0,0,0,1,0
0,0,0.001331292438,0.01331292438,0,0
0,0,0.0989546607,0.9762336826,1,0
0,0,0.2170252258,1.180705651,2,0
0,0,0.2918751957,0.7484996986,2,0
0,0,0.326098576,0.3422338026,1,0
0,0,0.398326311,0.7222773509,2,0
0,0,0.4407876292,0.4246131817,2,0
0,0,0.4667453475,0.2595771833,2,0
0,0,0.5060394978,0.3929415026,0,0
0,0,0.6863086248,1.80269127,1,0
0,0,0.9682014949,2.818928701,1,0
0,0,1.372851966,4.046504706,0,-1
1,1,1.935400726,5.625487602
0,0,0,0,1,0
0,0,-0.01469810469,-0.1469810469,1,0
0,0,-0.03053211338,-0.1583400869,1,0
0,0,-0.06739182088,-0.3685970749,1,0
0,0,-0.1325471807,-0.6515535982,2,0
0,0,-0.2971131434,-1.645659627,2,0
0,0,-0.5913343999,-2.942212565,1,0
0,0,-0.9802059858,-3.888715859,1,0
0,0,-1.49312756,-5.129215746,2,-1
1,1,-2.155893163,-6.627656031
0,0,0,0,2,0
0,0,-0.09556540735,-0.9556540735,2,0
0,0,-0.2966519848,-2.010865774,1,0
0,0,-0.5523253277,-2.556733429,2,0
0,0,-0.9512398953,-3.989145676,2,0
0,0,-1.51184649,-5.606065951,1,-1
1,1,-2.217009336,-7.051628456
0,0,0,0,1,0
0,0,0.006338973661,0.06338973661,0,0
0,0,0.1097320595,1.033930858,0,0
0,0,0.3071277384,1.97395679,0,0
0,0,0.6273587152,3.202309768,0,0
0,0,1.096645697,4.692869823,1,-1
1,1,1.682064963,5.854192656
0,0,0,0,2,0
0,0,-0.09692206814,-0.9692206814,1,0
0,0,-0.2232565782,-1.263345101,2,0
0,0,-0.4710426706,-2.477860924,1,0
0,0,-0.8001345632,-3.290918925,0,0
0,0,-1.178554127,-3.78419564,2,-1
1,1,-1.715720843,-5.37166716
0,0,0,0,2,0
0,0,-0.08617176034,-0.8617176034,2,0
0,0,-0.2758130366,-1.896412763,2,0
0,0,-0.5810225146,-3.05209478,0,0
0,0,-0.8857363168,-3.047138022,1,0
0,0,-1.301508833,-4.157725162,1,-1
1,1,-1.855592341,-5.540835082
0,0,0,0,0,0
0,0,0.07980519371,0.7980519371,1,0
0,0,0.1858237957,1.06018602,1,0
0,0,0.3369584131,1.511346174,2,0
0,0,0.4525758676,1.156174545,0,0
0,0,0.7153907649,2.628148973,0,0
0,0,1.142417507,4.270267422,1,-1
1,1,1.701063547,5.586460399
0,0,0,0,1,0
0,0,0.003050289637,0.03050289637,1,0
0,0,0.01800868987,0.1495840023,0,0
0,0,0.1255087748,1.075000849,1,0
0,0,0.2543307857,1.28822011,1,0
0,0,0.4131022569,1.587714712,2,0
0,0,0.5537623969,1.4066014,0,0
0,0,0.8492353822,2.954729853,0,0
0,0,1.310833305,4.615979228,0,-1
1,1,1.926446583,6.15613278
0,0,0,0,1,0
0,0,0.009823261925,0.09823261925,1,0
0,0,0.02948015296,0.1965689103,1,0
0,0,0.0646059383,0.3512578534,1,0
0,0,0.1173254449,0.5271950659,2,0
0,0,0.09115470369,-0.261707412,2,0
0,0,-0.004074781712,-0.952294854,0,0
0,0,-0.003705506506,0.00369275206,0,0
0,0,0.09121945126,0.9492495777,1,0
0,0,0.1903447158,0.991252645,1,0
0,0,0.3286063286,1.382616128,2,0
0,0,0.4549561348,1.263498062,1,0
0,0,0.6426377453,1.876816106,0,0
0,0,0.997009846,3.543721007,2,0
0,0,1.424409122,4.273992763,0,-1
1,1,2.004245501,5.798363791
0,0,0,0,1,0
0,0,0.01107956162,0.1107956162,2,0
0,0,-0.07133225077,-0.8241181238,1,0
0,0,-0.1810123122,-1.096800615,2,0
0,0,-0.4169058555,-2.358935432,2,0
0,0,-0.7917971315,-3.74891276,0,0
0,0,-1.211081607,-4.192844758,0,-1
1,1,-1.730221869,-5.191402619
0,0,0,0,0,0
0,0,0.0985801466,0.985801466,1,0
0,0,0.1986399476,1.00059801,1,0
0,0,0.3271285637,1.284886162,1,0
0,0,0.4951165382,1.679879745,2,0
0,0,0.67300325,1.778867118,1,0
0,0,0.9464256505,2.734224006,0,0
0,0,1.382520263,4.360946127,1,-1
1,1,1.960463556,5.779432932
0,0,0,0,2,0
0,0,-0.07733891661,-0.7733891661,0,0
0,0,-0.08674070486,-0.09401788256,0,0
0,0,-0.02415582043,0.6258488443,0,0
0,0,0.1303226268,1.544784472,0,0
0,0,0.3936781236,2.633554968,1,0
0,0,0.7030541256,3.09376002,0,0
0,0,1.182159084,4.791049584,1,-1
1,1,1.78531332,6.031542357
0,0,0,0,1,0
0,0,-0.01451035098,-0.1451035098,1,0
0,0,-0.02391463958,-0.09404288599,0,0
0,0,0.03961369074,0.6352833032,2,0
0,0,0.009562914208,-0.3005077653,2,0
0,0,-0.1103036238,-1.19866538,0,0
0,0,-0.155949248,-0.4564562424,2,0
0,0,-0.2984022768,-1.424530288,1,0
0,0,-0.4995837964,-2.011815196,0,0
0,0,-0.6970607409,-1.974769444,0,0
0,0,-0.9215690961,-2.245083552,1,0
0,0,-1.26154234,-3.399732439,2,-1
1,1,-1.764625188,-5.030828483
0,0,0,0,0,0
0,0,0.07135960374,0.7135960374,1,0
0,0,0.1413433901,0.699837864,0,0
0,0,0.3349014076,1.935580174,2,0
0,0,0.5164410735,1.815396659,0,0
0,0,0.8522785387,3.358374653,0,0
0,0,1.341689046,4.894105076,1,-1
1,1,1.96625225,6.245632036
0,0,0,0,1,0
0,0,-0.005682416387,-0.05682416387,1,0
0,0,-0.017619939,-0.1193752262,0,0
0,0,0.04256209094,0.6018202994,2,0
0,0,0.009082896193,-0.3347919474,1,0
0,0,-0.03000380453,-0.3908670072,2,0
0,0,-0.1472169967,-1.172131922,1,0
0,0,-0.3037562227,-1.56539226,0,0
0,0,-0.4240314867,-1.20275264,0,0
0,0,-0.5343114014,-1.102799147,1,0
0,0,-0.7391110612,-2.047996598,1,0
0,0,-1.049666676,-3.105556147,2,0
0,0,-1.52499019,-4.75323514,0,-1
1,1,-2.141890334,-6.169001441
0,0,0,0,1,0
0,0,-0.01310291499,-0.1310291499,2,0
0,0,-0.1023213099,-0.8921839489,0,0
0,0,-0.1214748898,-0.1915357994,1,0
0,0,-0.1452520783,-0.2377718852,0,0
0,0,-0.09767634996,0.4757572838,2,0
0,0,-0.1444753998,-0.4679904982,2,0
0,0,-0.3068785668,-1.62403167,0,0
0,0,-0.4443242741,-1.374457073,1,0
0,0,-0.6573535323,-2.130292582,1,0
0,0,-0.9567490395,-2.993955072,1,0
0,0,-1.37598255,-4.192335103,1,-1
1,1,-1.937043709,-5.610611594
0,0,0,0,0,0
0,0,0.09272833321,0.9272833321,2,0
0,0,0.1266069826,0.3387864935,0,0
0,0,0.2736286759,1.470216934,0,0
0,0,0.5561290301,2.825003542,2,0
0,0,0.8558230346,2.996940045,1,0
0,0,1.266973546,4.111505114,2,-1
1,1,1.787070469,5.200969226
0,0,0,0,0,0
0,0,0.0863604998,0.863604998,1,0
0,0,0.1708211094,0.8446060955,0,0
0,0,0.3546667028,1.838455935,1,0
0,0,0.6109283543,2.562616515,0,0
0,0,1.022643098,4.117147439,2,0
0,0,1.519670365,4.970272664,0,-1
1,1,2.164909474,6.452391095
0,0,0,0,2,0
0,0,-0.08708877496,-0.8708877496,0,0
0,0,-0.1138207721,-0.2673199714,0,0
0,0,-0.07970576593,0.3411500617,0,0
0,0,0.01607401689,0.9577978282,0,0
0,0,0.2182484906,2.021744737,1,0
0,0,0.4690675813,2.508190907,1,0
0,0,0.8057928596,3.367252783,0,0
0,0,1.312324579,5.065317192,0,-1
1,1,1.972505232,6.601806528
0,0,0,0,1,0
0,0,-0.004832075845,-0.04832075845,0,0
0,0,0.06947117232,0.7430324816,1,0
0,0,0.1681644725,0.9869330017,1,0
0,0,0.3040252286,1.358607561,0,0
0,0,0.557977852,2.539526234,2,0
0,0,0.8302224823,2.722446303,2,0
0,0,1.167471527,3.372490451,2,-1
1,1,1.606676981,4.392054532
0,0,0,0,1,0
0,0,-0.01025689615,-0.1025689615,0,0
0,0,0.05418962073,0.6444651688,0,0
0,0,0.2034129154,1.492232946,0,0
0,0,0.4839465818,2.805336665,2,0
0,0,0.747280296,2.633337141,1,0
0,0,1.113446433,3.661661373,2,-1
1,1,1.574083997,4.606375639
0,0,0,0,1,0
0,0,-0.01569403913,-0.1569403913,2,0
0,0,-0.118759336,-1.030652968,1,0
0,0,-0.2470823831,-1.283230471,0,0
0,0,-0.3452564006,-0.9817401751,2,0
0,0,-0.5926126668,-2.473562663,0,0
0,0,-0.8445899896,-2.519773228,0,0
0,0,-1.153612068,-3.090220781,1,-1
1,1,-1.597508854,-4.438967866
0,0,0,0,0,0
0,0,0.0938546928,0.938546928,0,0
0,0,0.3013381266,2.074834338,0,0
0,0,0.6317625558,3.304244292,0,0
0,0,1.129767393,4.980048368,0,-1
1,1,1.788786078,6.590186854
0,0,0,0,0,0
0,0,0.08058018561,0.8058018561,0,0
0,0,0.2708866494,1.903064637,1,0
0,0,0.5211881815,2.503015322,0,0
0,0,0.9276189881,4.064308066,1,0
0,0,1.443990258,5.163712701,0,-1
1,1,2.111212277,6.672220186
0,0,0,0,2,0
0,0,-0.1057659538,-1.057659538,2,0
0,0,-0.3219189976,-2.161530438,0,0
0,0,-0.5129630995,-1.910441019,2,0
0,0,-0.8506798781,-3.377167786,1,0
0,0,-1.297930019,-4.472501409,0,-1
1,1,-1.863601215,-5.656711957
0,0,0,0,1,0
0,0,0.007926111128,0.07926111128,2,0
0,0,-0.05412442098,-0.620505321,1,0
0,0,-0.1285751679,-0.7445074689,0,0
0,0,-0.1470612792,-0.1848611131,2,0
0,0,-0.2705917899,-1.235305108,0,0
0,0,-0.3619729072,-0.9138111726,1,0
0,0,-0.5108735633,-1.489006561,1,0
0,0,-0.7503891388,-2.395155755,2,0
0,0,-1.154857661,-4.044685225,2,-1
1,1,-1.713448305,-5.585906439
0,0,0,0,0,0
0,0,0.07177820295,0.7177820295,1,0
0,0,0.167930729,0.9615252601,1,0
0,0,0.2810471642,1.131164353,2,0
0,0,0.3672294562,0.8618229199,1,0
0,0,0.5126289593,1.453995031,0,0
0,0,0.8126670019,3.000380426,2,0
0,0,1.159880967,3.472139648,0,-1
1,1,1.673230953,5.133499858
0,0,0,0,0,0
0,0,0.08829148075,0.8829148075,0,0
0,0,0.2629060252,1.746145445,1,0
0,0,0.4929778179,2.300717927,1,0
0,0,0.8072256178,3.142477999,1,0
0,0,1.235700228,4.284746106,0,-1
1,1,1.823337139,5.87636911
0,0,0,0,0,0
0,0,0.08116544035,0.8116544035,2,0
0,0,0.09878273517,0.1761729482,0,0
0,0,0.2279950105,1.292122753,0,0
0,0,0.4799808677,2.519858572,0,0
0,0,0.8814066852,4.014258175,0,0
0,0,1.434830917,5.534242323,1,-1
1,1,2.129476327,6.94645409
0,0,0,0,1,0
0,0,0.0146898987,0.146898987,1,0
0,0,0.0447871254,0.300972267,0,0
0,0,0.156109428,1.113223026,0,0
0,0,0.3645626319,2.08453204,1,0
0,0,0.6244701248,2.599074929,1,0
0,0,0.9696610719,3.451909471,2,0
0,0,1.381988624,4.123275524,1,-1
1,1,1.935791572,5.538029481
0,0,0,0,1,0
0,0,-0.01685264527,-0.1685264527,2,0
0,0,-0.1255650115,-1.087123662,0,0
0,0,-0.1779890015,-0.5242399002,0,0
0,0,-0.187110075,-0.09121073482,0,0
0,0,-0.1511463816,0.3596369346,0,0
0,0,-0.05320943888,0.9793694267,1,0
0,0,0.04380687894,0.9701631782,1,0
0,0,0.1358616063,0.9205472731,2,0
0,0,0.173403838,0.3754223174,0,0
0,0,0.3219386243,1.485347864,0,0
0,0,0.5907020529,2.687634285,1,0
0,0,0.9552670074,3.645649545,1,0
0,0,1.442082902,4.868158942,1,-1
1,1,2.069632474,6.275495727
0,0,0,0,2,0
0,0,-0.0829290031,-0.829290031,0,0
0,0,-0.09217884723,-0.09249844134,1,0
0,0,-0.1321146719,-0.3993582471,0,0
0,0,-0.1058591425,0.2625552949,0,0
0,0,-0.01689353732,0.8896560513,0,0
0,0,0.1569518784,1.738454157,2,0
0,0,0.280215147,1.232632687,2,0
0,0,0.3643841536,0.8416900659,2,0
0,0,0.4269475256,0.6256337202,0,0
0,0,0.6265233472,1.995758215,2,0
0,0,0.8645079263,2.379845791,1,0
0,0,1.226771865,3.622639383,1,-1
1,1,1.727713244,5.009413799
0,0,0,0,1,0
0,0,0.006165631915,0.06165631915,0,0
0,0,0.08803589043,0.8187025851,2,0
0,0,0.08741561523,-0.006202752035,0,0
0,0,0.1951260854,1.077104702,0,0
0,0,0.4236719289,2.285458435,1,0
0,0,0.7120605092,2.883885802,0,0
0,0,1.153744618,4.416841091,0,-1
1,1,1.75925539,6.055107719
0,0,0,0,0,0
0,0,0.1008013603,1.008013603,1,0
0,0,0.2121948916,1.113935313,0,0
0,0,0.4369330987,2.247382071,1,0
0,0,0.7333814282,2.964483294,1,0
0,0,1.130804243,3.974228147,2,-1
1,1,1.62413034,4.933260966
0,0,0,0,0,0
0,0,0.08856638995,0.8856638995,1,0
0,0,0.2004801337,1.119137438,0,0
0,0,0.4413627899,2.408826562,1,0
0,0,0.7530921517,3.117293618,1,0
0,0,1.177518053,4.244259015,0,-1
1,1,1.762490991,5.849729374
0,0,0,0,2,0
0,0,-0.09376424732,-0.9376424732,1,0
0,0,-0.2028040289,-1.090397816,2,0
0,0,-0.4404806731,-2.376766442,2,0
0,0,-0.8143429359,-3.738622629,2,0
0,0,-1.347130776,-5.327878403,0,-1
1,1,-1.999455349,-6.52324573
0,0,0,0,0,0
0,0,0.09870751197,0.9870751197,1,0
0,0,0.2070749753,1.083674633,1,0
0,0,0.3559551667,1.488801914,1,0
0,0,0.5582316932,2.022765265,2,0
0,0,0.7620708101,2.038391169,2,0
0,0,1.003766804,2.416959936,0,0
0,0,1.416691871,4.129250671,1,-1
1,1,1.969716744,5.530248734
0,0,0,0,2,0
0,0,-0.07860929622,-0.7860929622,0,0
0,0,-0.07370275192,0.04906544304,1,0
0,0,-0.09115629377,-0.1745354185,0,0
0,0,-0.03480559104,0.5635070273,1,0
0,0,0.0169998838,0.5180547484,0,0
0,0,0.1644219609,1.474220771,0,0
0,0,0.4343860885,2.699641276,2,0
0,0,0.7024813002,2.680952117,0,0
0,0,1.139662383,4.371810831,0,-1
1,1,1.733602663,5.939402802
0,0,0,0,0,0
0,0,0.1040642856,1.040642856,2,0
0,0,0.1480881284,0.4402384286,2,0
0,0,0.1292873034,-0.1880082503,0,0
0,0,0.2232890458,0.9400174239,2,0
0,0,0.2821880321,0.5889898627,0,0
0,0,0.4609370796,1.787490476,0,0
0,0,0.7924729746,3.31535895,1,0
0,0,1.225593986,4.33121011,1,-1
1,1,1.791384569,5.657905839
0,0,0,0,0,0
0,0,0.07107526934,0.7107526934,2,0
0,0,0.06992549387,-0.01149775468,0,0
0,0,0.1800790743,1.101535804,2,0
0,0,0.2359503063,0.5587123201,2,0
0,0,0.2359886052,0.0003829892108,0,0
0,0,0.372364988,1.363763828,1,0
0,0,0.5678819778,1.955169897,2,0
0,0,0.765260405,1.973784273,1,0
0,0,1.068167325,3.029069204,1,0
0,0,1.505953916,4.37786591,0,-1
1,1,2.093762938,5.878090218
0,0,0,0,2,0
0,0,-0.07135243939,-0.7135243939,2,0
0,0,-0.2546760263,-1.833235869,1,0
0,0,-0.4778802373,-2.23204211,1,0
0,0,-0.7868382898,-3.089580525,2,0
0,0,-1.260263199,-4.734249095,2,-1
1,1,-1.887535555,-6.272723555
0,0,0,0,2,0
0,0,-0.09624915229,-0.9624915229,1,0
0,0,-0.2176774889,-1.214283366,1,0
0,0,-0.3665502744,-1.488727855,2,0
0,0,-0.6665187928,-2.999685183,2,0
0,0,-1.111784014,-4.452652216,2,-1
1,1,-1.720197295,-6.084132804
0,0,0,0,0,0
0,0,0.08753196947,0.8753196947,1,0
0,0,0.2071582972,1.196263278,1,0
0,0,0.3663397554,1.591814582,1,0
0,0,0.5774442065,2.111044511,0,0
0,0,0.9450920279,3.676478214,0,0
0,0,1.465304863,5.20212835,1,-1
1,1,2.126176787,6.608719243
0,0,0,0,0,0
0,0,0.07544426829,0.7544426829,2,0
0,0,0.09133988591,0.1589561762,1,0
0,0,0.1241570528,0.3281716688,0,0
0,0,0.2790530833,1.548960305,2,0
0,0,0.4073616791,1.283085958,2,0
0,0,0.5360107173,1.286490383,2,0
0,0,0.6743934876,1.383827703,2,0
0,0,0.8593463683,1.849528807,0,0
0,0,1.220636322,3.612899535,0,-1
1,1,1.738863148,5.182268264
0,0,0,0,0,0
0,0,0.07640866132,0.7640866132,0,0
0,0,0.2583636613,1.81955,2,0
0,0,0.406937886,1.485742247,0,0
0,0,0.7096613862,3.027235002,2,0
0,0,1.055652972,3.459915862,1,0
0,0,1.531535382,4.758824098,2,-1
1,1,2.149883777,6.183483943
0,0,0,0,0,0
0,0,0.1058494982,1.058494982,0,0
0,0,0.3082126063,2.023631081,1,0
0,0,0.5553749197,2.471623134,0,0
0,0,0.944424206,3.890492863,1,0
0,0,1.456700224,5.122760184,2,-1
1,1,2.103140813,6.464405888
0,0,0,0,0,0
0,0,0.09204586157,0.9204586157,1,0
0,0,0.2064530522,1.144071907,2,0
0,0,0.265875396,0.594223438,2,0
0,0,0.2724100033,0.06534607303,2,0
0,0,0.2262541467,-0.4615585664,1,0
0,0,0.2223010903,-0.0395305644,0,0
0,0,0.3560912607,1.337901704,2,0
0,0,0.4815140276,1.25422767,0,0
0,0,0.7667416047,2.85227577,0,0
0,0,1.208726715,4.419851102,1,-1
1,1,1.784398272,5.756715576
0,0,0,0,1,0
0,0,0.01421966022,0.1421966022,0,0
0,0,0.127100588,1.128809278,0,0
0,0,0.3511498664,2.240492784,0,0
0,0,0.7072752153,3.561253489,0,0
0,0,1.213103089,5.05827874,0,-1
1,1,1.874204834,6.611017445
0,0,0,0,1,0
0,0,0.006621073941,0.06621073941,2,0
0,0,-0.07920136727,-0.8582244121,0,0
0,0,-0.1059799308,-0.267785635,1,0
0,0,-0.1571716922,-0.5119176141,1,0
0,0,-0.2500592115,-0.9288751935,2,0
0,0,-0.4563507327,-2.062915212,0,0
0,0,-0.6608582787,-2.045075459,0,0
0,0,-0.8888767295,-2.280184508,1,0
0,0,-1.235894462,-3.470177321,2,-1
1,1,-1.746784469,-5.108900073
0,0,0,0,1,0
0,0,-0.009026787188,-0.09026787188,0,0
0,0,0.07560581282,0.8463260001,2,0
0,0,0.07203362143,-0.03572191391,0,0
0,0,0.1785473646,1.065137432,1,0
0,0,0.3160175932,1.374702286,1,0
0,0,0.5170023894,2.009847962,2,0
0,0,0.7131598109,1.961574215,2,0
0,0,0.9439545676,2.307947567,2,0
0,0,1.253546184,3.095916162,0,-1
1,1,1.728652337,4.751061536
0,0,0,0,1,0
0,0,0.01611296624,0.1611296624,0,0
0,0,0.111546997,0.9543403075,1,0
0,0,0.2163383085,1.047913116,0,0
0,0,0.4334064482,2.170681397,0,0
0,0,0.8107813233,3.773748751,2,0
0,0,1.235371315,4.245899916,2,-1
1,1,1.772322596,5.36951281
0,0,0,0,1,0
0,0,0.005147430318,0.05147430318,1,0
0,0,0.008040064435,0.02892634118,1,0
0,0,0.01368408048,0.05644016048,1,0
0,0,0.02711957863,0.1343549815,2,0
0,0,-0.05852846025,-0.8564803888,2,0
0,0,-0.2568479731,-1.983195128,1,0
0,0,-0.4993384087,-2.424904357,1,0
0,0,-0.8262872801,-3.269488714,2,0
0,0,-1.311654102,-4.853668223,0,-1
1,1,-1.913387632,-6.0173353
0,0,0,0,2,0
0,0,-0.08904804654,-0.8904804654,0,0
0,0,-0.1187726433,-0.2972459678,0,0
0,0,-0.0964184077,0.2235423563,0,0
0,0,-0.009512490916,0.8690591678,0,0
0,0,0.1806692647,1.901817556,2,0
0,0,0.3304790142,1.498097495,2,0
0,0,0.457259669,1.267806548,1,0
0,0,0.6695358112,2.122761422,0,0
0,0,1.037458801,3.679229897,0,-1
1,1,1.571741806,5.342830052
0,0,0,0,2,0
0,0,-0.1035626136,-1.035626136,2,0
0,0,-0.29912332,-1.955607064,2,0
0,0,-0.6116001495,-3.124768295,1,0
0,0,-1.010637373,-3.990372232,1,0
0,0,-1.536366508,-5.25729135,1,-1
1,1,-2.207625651,-6.712591435
0,0,0,0,0,0
0,0,0.1035102756,1.035102756,0,0
0,0,0.3059396258,2.024293501,0,0
0,0,0.6433436779,3.374040521,2,0
0,0,1.006137052,3.627933737,0,0
0,0,1.534943174,5.288061221,2,-1
1,1,2.206865013,6.719218396
0,0,0,0,2,0
0,0,-0.1032205028,-1.032205028,0,0
0,0,-0.1516701521,-0.4844964936,0,0
0,0,-0.1343356647,0.1733448743,2,0
0,0,-0.2253263929,-0.9099072824,0,0
0,0,-0.2697732572,-0.4444686421,0,0
0,0,-0.2869747286,-0.172014714,2,0
0,0,-0.4369765157,-1.500017871,0,0
0,0,-0.5827169953,-1.457404796,2,0
0,0,-0.8955761479,-3.128591527,1,0
0,0,-1.331547493,-4.359713451,2,-1
1,1,-1.923172524,-5.916250306
0,0,0,0,2,0
0,0,-0.07841947596,-0.7841947596,1,0
0,0,-0.1604468528,-0.8202737685,0,0
0,0,-0.1807682999,-0.2032144709,0,0
0,0,-0.1498369923,0.3093130757,2,0
0,0,-0.2232245759,-0.733875836,2,0
0,0,-0.4105298241,-1.873052482,1,0
0,0,-0.6668527132,-2.563228891,2,0
0,0,-1.095585744,-4.287330306,2,-1
1,1,-1.684248702,-5.886629581
0,0,0,0,1,0
0,0,0.01131918341,0.1131918341,0,0
0,0,0.1212705097,1.099513263,0,0
0,0,0.3409389855,2.196684758,2,0
0,0,0.5335938706,1.926548851,2,0
0,0,0.7321780169,1.985841463,2,0
0,0,0.9823279482,2.501499314,0,0
0,0,1.403865771,4.215378231,1,-1
1,1,1.966447459,5.625816878
0,0,0,0,1,0
0,0,-0.002741195092,-0.02741195092,1,0
0,0,0.008825212404,0.115664075,0,0
0,0,0.1045765941,0.9575138167,0,0
0,0,0.2942698021,1.89693208,0,0
0,0,0.6243838538,3.301140517,0,0
0,0,1.106147344,4.817634907,1,-1
1,1,1.715295786,6.09148442
0,0,0,0,0,0
0,0,0.09266906171,0.9266906171,0,0
0,0,0.283637285,1.909682233,1,0
0,0,0.5091152506,2.254779657,0,0
0,0,0.8947233877,3.85608137,1,0
0,0,1.396472806,5.017494179,1,-1
1,1,2.034593326,6.381205203
0,0,0,0,1,0
0,0,0.01725690411,0.1725690411,1,0
0,0,0.03780289262,0.2054598851,0,0
0,0,0.155264898,1.174620054,2,0
0,0,0.1961477855,0.408828875,1,0
0,0,0.2546599288,0.5851214328,2,0
0,0,0.2620238942,0.07363965435,0,0
0,0,0.3953069643,1.3328307,0,0
0,0,0.6579705841,2.626636198,0,0
0,0,1.083816158,4.258455738,0,-1
1,1,1.664443427,5.806272695
0,0,0,0,1,0
0,0,0.01280101305,0.1280101305,1,0
0,0,0.03324544052,0.2044442747,1,0
0,0,0.06563138197,0.3238594145,2,0
0,0,0.004168011029,-0.6146337095,2,0
0,0,-0.1363342413,-1.405022523,2,0
0,0,-0.3830826983,-2.467484571,0,0
0,0,-0.6144245,-2.313418017,1,0
0,0,-0.9349702287,-3.205457287,1,0
0,0,-1.36328419,-4.283139611,2,-1
1,1,-1.946594479,-5.833102888
0,0,0,0,1,0
0,0,-0.01272033616,-0.1272033616,2,0
0,0,-0.1252802047,-1.125598685,2,0
0,0,-0.3293135165,-2.040333118,2,0
0,0,-0.6842610702,-3.549475537,1,0
0,0,-1.143334589,-4.590735187,1,-1
1,1,-1.730055731,-5.86721142
0,0,0,0,1,0
0,0,0.01751539848,0.1751539848,0,0
0,0,0.1097663315,0.9225093301,0,0
0,0,0.2972481245,1.87481793,0,0
0,0,0.6016036574,3.04355533,0,0
0,0,1.062600965,4.609973079,0,-1
1,1,1.687147943,6.245469778
0,0,0,0,1,0
0,0,-0.00721014111,-0.0721014111,1,0
0,0,-0.009012179507,-0.01802038396,0,0
0,0,0.08510280696,0.9411498647,2,0
0,0,0.09387693506,0.08774128098,2,0
0,0,0.03120015633,-0.6267677873,1,0
0,0,-0.02890242484,-0.6010258116,1,0
0,0,-0.08128711943,-0.5238469459,1,0
0,0,-0.1562810885,-0.7499396902,2,0
0,0,-0.3399436725,-1.836625841,0,0
0,0,-0.5081378466,-1.681941741,2,0
0,0,-0.8333203608,-3.251825142,2,0
0,0,-1.319478633,-4.861582718,0,-1
1,1,-1.921980571,-6.02501938
0,0,0,0,2,0
0,0,-0.09989809561,-0.9989809561,2,0
0,0,-0.3006703038,-2.007722082,1,0
0,0,-0.5661455612,-2.654752574,2,0
0,0,-0.9949432362,-4.28797675,1,0
0,0,-1.545080657,-5.501374206,2,-1
1,1,-2.242862714,-6.97782057
0,0,0,0,1,0
0,0,0.01533925042,0.1533925042,1,0
0,0,0.04225802153,0.269187711,1,0
0,0,0.07785861817,0.3560059664,2,0
0,0,0.02203242678,-0.5582619139,1,0
0,0,-0.03878567501,-0.6081810179,0,0
0,0,-0.02102290419,0.1776277082,1,0
0,0,-0.01724572544,0.0377717875,1,0
0,0,-0.01008944507,0.07156280365,1,0
0,0,-0.007525457848,0.02563987225,0,0
0,0,0.09599742176,1.035228796,1,0
0,0,0.2110563585,1.150589367,2,0
0,0,0.2867950772,0.7573871873,2,0
0,0,0.3150168837,0.2822180654,0,0
0,0,0.4887084342,1.736915505,2,0
0,0,0.6614598775,1.727514432,1,0
0,0,0.9388633404,2.77403463,1,0
0,0,1.344232449,4.053691088,0,-1
1,1,1.905015601,5.607831513
0,0,0,0,0,0
0,0,0.07493008701,0.7493008701,2,0
0,0,0.07148290748,-0.03447179537,0,0
0,0,0.179272902,1.077899945,1,0
0,0,0.3101578588,1.308849569,1,0
0,0,0.5023213704,1.921635116,0,0
0,0,0.8539491542,3.516277838,0,0
0,0,1.376332665,5.22383511,2,-1
1,1,2.02134602,6.450133549
0,0,0,0,1,0
0,0,0.01091133124,0.1091133124,1,0
0,0,0.03067366608,0.1976233484,0,0
0,0,0.1268673664,0.9619370035,0,0
0,0,0.3421900735,2.153227071,1,0
0,0,0.6084948253,2.663047518,2,0
0,0,0.8970795755,2.885847502,1,0
0,0,1.296726861,3.996472855,1,-1
1,1,1.834308803,5.375819424
0,0,0,0,1,0
0,0,-0.002162403868,-0.02162403868,2,0
0,0,-0.100342403,-0.9817999908,0,0
0,0,-0.1223100948,-0.2196769189,0,0
0,0,-0.0673075179,0.5500257694,2,0
0,0,-0.105317632,-0.3801011412,2,0
0,0,-0.2531751064,-1.478574744,2,0
0,0,-0.5234403864,-2.7026528,0,0
0,0,-0.7862278773,-2.627874909,2,0
0,0,-1.205614969,-4.193870917,2,-1
1,1,-1.784815109,-5.792001396
0,0,0,0,2,0
0,0,-0.1037316836,-1.037316836,2,0
0,0,-0.3069814421,-2.032497585,1,0
0,0,-0.5435414873,-2.365600451,1,0
0,0,-0.8532432273,-3.0970174,1,0
0,0,-1.27152977,-4.182865427,1,-1
1,1,-1.82480295,-5.532731803
0,0,0,0,1,0
0,0,-0.01429870518,-0.1429870518,2,0
0,0,-0.1159564734,-1.016577682,1,0
0,0,-0.2490994924,-1.331430189,2,0
0,0,-0.511769661,-2.626701686,0,0
0,0,-0.7659687114,-2.541990504,2,0
0,0,-1.190884302,-4.249155902,2,-1
1,1,-1.779685052,-5.888007502
0,0,0,0,0,0
0,0,0.09347235242,0.9347235242,0,0
0,0,0.2920945999,1.986222475,2,0
0,0,0.4438572127,1.517626128,0,0
0,0,0.7507658882,3.069086755,0,0
0,0,1.22036586,4.695999714,2,-1
1,1,1.790465267,5.700994078
0,0,0,0,0,0
0,0,0.07373223256,0.7373223256,0,0
0,0,0.2454446563,1.717124237,0,0
0,0,0.5310864729,2.856418166,1,0
0,0,0.8868231257,3.557366528,0,0
0,0,1.413285408,5.264622821,1,-1
1,1,2.078993563,6.657081551
0,0,0,0,2,0
0,0,-0.09887089996,-0.9887089996,2,0
0,0,-0.3145081456,-2.156372456,1,0
0,0,-0.5873657066,-2.728575611,0,0
0,0,-0.8815679514,-2.942022448,2,0
0,0,-1.331661576,-4.500936241,0,-1
1,1,-1.897520189,-5.658586133
0,0,0,0,2,0
0,0,-0.07876707883,-0.7876707883,1,0
0,0,-0.1844615464,-1.056944676,2,0
0,0,-0.4081708951,-2.237093487,2,0
0,0,-0.7743897182,-3.66218823,0,0
0,0,-1.190533518,-4.161438003,0,-1
1,1,-1.711415071,-5.208815526
0,0,0,0,0,0
0,0,0.09954819108,0.9954819108,0,0
0,0,0.2935116325,1.939634414,2,0
0,0,0.4420378676,1.485262351,1,0
0,0,0.6658561485,2.238182809,0,0
0,0,1.060208609,3.943524601,1,-1
1,1,1.58080404,5.205954309
0,0,0,0,2,0
0,0,-0.08199730835,-0.8199730835,1,0
0,0,-0.1618305875,-0.7983327911,2,0
0,0,-0.3459731696,-1.841425822,2,0
0,0,-0.6783451565,-3.323719868,2,0
0,0,-1.172457835,-4.941126784,0,-1
1,1,-1.758309985,-5.858521505
0,0,0,0,0,0
0,0,0.1029876694,1.029876694,2,0
0,0,0.1507558621,0.4776819271,1,0
0,0,0.23102551,0.8026964789,1,0
0,0,0.3536227062,1.225971962,0,0
0,0,0.6080659565,2.544432503,1,0
0,0,0.9458254757,3.377595192,2,0
0,0,1.351881178,4.060557018,0,-1
1,1,1.913627195,5.617460177
0,0,0,0,2,0
0,0,-0.09018897863,-0.9018897863,2,0
0,0,-0.2806622224,-1.904732438,1,0
0,0,-0.5180737902,-2.374115678,2,0
0,0,-0.9159002085,-3.978264183,2,0
0,0,-1.480685567,-5.647853585,0,-1
1,1,-2.181430298,-7.007447309
0,0,0,0,0,0
0,0,0.0883318913,0.883318913,0,0
0,0,0.2844023071,1.960704158,0,0
0,0,0.6019320213,3.175297141,2,0
0,0,0.9437816987,3.418496774,0,0
0,0,1.450234949,5.064532504,0,-1
1,1,2.105780697,6.555457475
0,0,0,0,0,0
0,0,0.0961221449,0.961221449,0,0
0,0,0.2987658852,2.026437403,1,0
0,0,0.5569877825,2.582218972,1,0
0,0,0.8835169987,3.265292162,2,0
0,0,1.278110636,3.945936375,0,-1
1,1,1.829779347,5.516687106
0,0,0,0,0,0
0,0,0.08122882821,0.8122882821,1,0
0,0,0.1869374819,1.057086537,1,0
0,0,0.3164477254,1.295102435,1,0
0,0,0.499590417,1.831426916,1,0
0,0,0.7457205121,2.461300951,0,0
0,0,1.149116727,4.033962151,2,-1
1,1,1.653954911,5.048381842
0,0,0,0,2,0
0,0,-0.07303876459,-0.7303876459,2,0
0,0,-0.239115638,-1.660768734,0,0
0,0,-0.3568094823,-1.176938443,0,0
0,0,-0.4660977733,-1.09288291,2,0
0,0,-0.712094847,-2.459970737,2,0
0,0,-1.126570213,-4.144753657,2,-1
1,1,-1.698401984,-5.71831771
0,0,0,0,2,0
0,0,-0.08763209,-0.8763209,1,0
0,0,-0.1785736916,-0.9094160164,2,0
0,0,-0.4006037706,-2.220300789,1,0
0,0,-0.6876130777,-2.870093071,0,0
0,0,-0.9971829392,-3.095698616,2,0
0,0,-1.478750249,-4.815673101,1,-1
1,1,-2.104826963,-6.260767136
0,0,0,0,1,0
0,0,-0.009358173708,-0.09358173708,0,0
0,0,0.06805103988,0.7740921359,0,0
0,0,0.2344635648,1.66412525,1,0
0,0,0.4479828155,2.135192507,1,0
0,0,0.7227624627,2.747796472,2,0
0,0,1.038245109,3.154826459,1,0
0,0,1.476646118,4.384010089,2,-1
1,1,2.05113394,5.744878225
0,0,0,0,1,0
0,0,0.01429503957,0.1429503957,0,0
0,0,0.1334689789,1.191739393,0,0
0,0,0.3712278723,2.377588934,2,0
0,0,0.5932553312,2.220274589,2,0
0,0,0.8203066996,2.270513684,1,0
0,0,1.168799954,3.484932544,1,-1
1,1,1.6447065,4.759065456
0,0,0,0,1,0
0,0,0.004970765284,0.04970765284,2,0
0,0,-0.07747855296,-0.8244931824,2,0
0,0,-0.2473346849,-1.698561319,0,0
0,0,-0.3739160229,-1.26581338,1,0
0,0,-0.5500032346,-1.760872116,2,0
0,0,-0.8818349335,-3.318316989,2,0
0,0,-1.368715662,-4.868807286,0,-1
1,1,-1.976155988,-6.074403259
0,0,0,0,0,0
0,0,0.07659301115,0.7659301115,1,0
0,0,0.1635751817,0.8698217053,0,0
0,0,0.3568879237,1.93312742,2,0
0,0,0.5173832745,1.604953508,0,0
0,0,0.827553097,3.101698225,0,0
0,0,1.293017327,4.6546423,1,-1
1,1,1.889539098,5.965217711
0,0,0,0,0,0
0,0,0.07330731812,0.7330731812,1,0
0,0,0.1599861437,0.8667882557,2,0
0,0,0.1809432315,0.2095708781,1,0
0,0,0.2343261888,0.533829573,1,0
0,0,0.3290777528,0.9475156397,0,0
0,0,0.558089373,2.290116202,1,0
0,0,0.8823113511,3.242219781,1,0
0,0,1.318932584,4.366212327,0,-1
1,1,1.907482467,5.885498833
0,0,0,0,0,0
0,0,0.08239990921,0.8239990921,1,0
0,0,0.1897523011,1.073523919,1,0
0,0,0.3259615204,1.362092193,2,0
0,0,0.4485177497,1.225562292,0,0
0,0,0.7054273002,2.569095505,0,0
0,0,1.13475935,4.293320497,2,-1
1,1,1.656695286,5.219359363
0,0,0,0,0,0
0,0,0.07467130564,0.7467130564,2,0
0,0,0.07848579748,0.0381449184,1,0
0,0,0.08588939372,0.07403596245,0,0
0,0,0.204748376,1.188589823,0,0
0,0,0.455889415,2.51141039,1,0
0,0,0.781863772,3.25974357,2,0
0,0,1.143992455,3.621286832,2,-1
1,1,1.604593392,4.606009369
0,0,0,0,2,0
0,0,-0.08447203533,-0.8447203533,0,0
0,0,-0.101104361,-0.1663232571,1,0
0,0,-0.1357593196,-0.346549586,1,0
0,0,-0.2008120473,-0.6505272763,1,0
0,0,-0.2871465021,-0.8633445478,1,0
0,0,-0.4331392361,-1.459927341,2,0
0,0,-0.718228863,-2.850896269,0,0
0,0,-1.045378718,-3.271498546,0,0
0,0,-1.461541942,-4.161632243,1,-1
1,1,-2.020738943,-5.591970015
0,0,0,0,0,0
0,0,0.1054197572,1.054197572,1,0
0,0,0.2129955668,1.075758096,1,0
0,0,0.3602559578,1.47260391,2,0
0,0,0.4914559395,1.311999817,2,0
0,0,0.62678735,1.353314105,0,0
0,0,0.9147132373,2.879258873,2,0
0,0,1.269069723,3.543564852,1,-1
1,1,1.757367231,4.882975081
0,0,0,0,1,0
0,0,-0.001607765146,-0.01607765146,0,0
0,0,0.06789709844,0.6950486359,2,0
0,0,0.05015677073,-0.1774032771,0,0
0,0,0.1150925551,0.6493578433,2,0
0,0,0.09522011865,-0.1987243641,1,0
0,0,0.1083726634,0.131525448,1,0
0,0,0.1492216724,0.4084900896,1,0
0,0,0.2275784346,0.7835676223,0,0
0,0,0.4370002381,2.094218035,0,0
0,0,0.7885748691,3.51574631,0,0
0,0,1.294088949,5.0551408,0,-1
1,1,1.951767057,6.576781078
0,0,0,0,1,0
0,0,-0.01060085579,-0.1060085579,1,0
0,0,-0.01219495709,-0.01594101295,2,0
0,0,-0.110219327,-0.9802436995,0,0
0,0,-0.1387449614,-0.2852563434,2,0
0,0,-0.2791445996,-1.403996382,0,0
0,0,-0.3875474995,-1.084028999,0,0
0,0,-0.4915799995,-1.040325,0,0
0,0,-0.5926767969,-1.010967974,0,0
0,0,-0.7052704877,-1.125936909,2,0
0,0,-0.9904687788,-2.851982911,2,0
0,0,-1.439334078,-4.488652993,1,-1
1,1,-2.032199119,-5.928650409
