2,1,1
0,0,0,0,0,0
0,0,0.07326180842,0.7326180842,2,0
0,0,0.08315396237,0.09892153948,1,0
0,0,0.1203990969,0.3724513451,1,0
0,0,0.1817255321,0.6132643517,1,0
0,0,0.2705915137,0.8886598164,1,0
0,0,0.3884117044,1.178201908,1,0
0,0,0.5607557718,1.723440674,2,0
0,0,0.7570950724,1.963393006,2,0
0,0,1.007367854,2.50272782,0,0
0,0,1.424813728,4.174458731,0,-1
1,1,1.996154769,5.713410418
0,0,0,0,2,0
0,0,-0.08536021,-0.8536021,1,0
0,0,-0.1700279522,-0.8466774218,0,0
0,0,-0.1984330069,-0.2840505476,2,0
0,0,-0.3360787829,-1.376457759,2,0
0,0,-0.5999951703,-2.639163875,0,0
0,0,-0.8912930201,-2.912978498,2,0
0,0,-1.348843558,-4.575505383,2,-1
1,1,-1.960651544,-6.118079859
0,0,0,0,1,0
0,0,0.009265497966,0.09265497966,2,0
0,0,-0.05286990821,-0.6213540618,0,0
0,0,-0.05323361619,-0.003637079734,2,0
0,0,-0.1679428203,-1.147092041,1,0
0,0,-0.2953470755,-1.274042553,1,0
0,0,-0.4646039503,-1.692568748,0,0
0,0,-0.6430432195,-1.784392691,1,0
0,0,-0.9228990107,-2.798557912,1,0
0,0,-1.322134483,-3.992354728,2,-1
1,1,-1.875868593,-5.537341097
0,0,0,0,0,0
0,0,0.08581867448,0.8581867448,0,0
0,0,0.2881311608,2.023124864,1,0
0,0,0.5321262234,2.439950626,0,0
0,0,0.9221572579,3.900310345,1,0
0,0,1.432620608,5.1046335,0,-1
1,1,2.094592558,6.619719496
0,0,0,0,1,0
0,0,0.01279947286,0.1279947286,2,0
0,0,-0.05211622405,-0.6491569691,1,0
0,0,-0.1325479527,-0.8043172869,1,0
0,0,-0.2263337976,-0.9378584488,2,0
0,0,-0.4317549142,-2.054211166,2,0
0,0,-0.7765421051,-3.447871909,2,0
0,0,-1.282987027,-5.064449214,2,-1
1,1,-1.947182003,-6.641949763
0,0,0,0,2,0
0,0,-0.09791223411,-0.9791223411,0,0
0,0,-0.1321059815,-0.3419374743,0,0
0,0,-0.1030221253,0.2908385623,1,0
0,0,-0.08373884405,0.1928328126,2,0
0,0,-0.1807703827,-0.9703153862,1,0
0,0,-0.3060078951,-1.252375125,1,0
0,0,-0.4977592316,-1.917513365,2,0
0,0,-0.8376388627,-3.398796311,2,0
0,0,-1.331470835,-4.938319719,0,-1
1,1,-1.942464974,-6.109941395
0,0,0,0,1,0
0,0,-0.01413727118,-0.1413727118,2,0
0,0,-0.1048976337,-0.9076036254,0,0
0,0,-0.1418909542,-0.3699332045,0,0
0,0,-0.1182831283,0.2360782589,0,0
0,0,-0.01918757454,0.9909555373,0,0
0,0,0.1657552148,1.849427893,1,0
0,0,0.3633134207,1.975582059,1,0
0,0,0.6246385034,2.613250827,1,0
0,0,0.9894147064,3.64776203,1,0
0,0,1.477789978,4.883752716,2,-1
1,1,2.101097535,6.233075571
0,0,0,0,2,0
0,0,-0.1007853429,-1.007853429,1,0
0,0,-0.2325587712,-1.317734283,0,0
0,0,-0.3249471976,-0.9238842645,0,0
0,0,-0.3768646309,-0.5191743329,1,0
0,0,-0.4902847932,-1.134201623,2,0
0,0,-0.7560972182,-2.658124249,0,0
0,0,-1.071800195,-3.157029769,2,0
0,0,-1.557265505,-4.854653102,1,-1
1,1,-2.189162501,-6.31896996
0,0,0,0,0,0
0,0,0.07146209409,0.7146209409,0,0
0,0,0.2477662185,1.763041244,0,0
0,0,0.5444986188,2.967324002,2,0
0,0,0.8469623036,3.024636849,0,0
0,0,1.312604013,4.656417091,2,-1
1,1,1.893633225,5.810292125
0,0,0,0,0,0
0,0,0.07291813787,0.7291813787,2,0
0,0,0.06729981681,-0.05618321059,0,0
0,0,0.1781332325,1.108334157,2,0
0,0,0.2190442736,0.4091104114,2,0
0,0,0.20068543,-0.1835884365,0,0
0,0,0.2970963837,0.9641095372,1,0
0,0,0.4447864492,1.476900655,1,0
0,0,0.6688282984,2.240418492,2,0
0,0,0.9355770119,2.667487135,2,0
0,0,1.275185675,3.39608663,0,-1
1,1,1.775729565,5.005438902
0,0,0,0,0,0
0,0,0.0956829582,0.956829582,2,0
0,0,0.1247419809,0.2905902268,2,0
0,0,0.1021830554,-0.2255892548,0,0
0,0,0.1996993904,0.9751633501,0,0
0,0,0.4144124401,2.147130497,0,0
0,0,0.761764638,3.47352198,1,0
0,0,1.215533583,4.537689448,1,-1
1,1,1.803218387,5.876848043
0,0,0,0,1,0
0,0,0.01058023918,0.1058023918,0,0
0,0,0.1231640886,1.125838495,1,0
0,0,0.2528427359,1.296786473,0,0
0,0,0.4933432059,2.4050047,2,0
0,0,0.7427060765,2.493628706,0,0
0,0,1.156164797,4.134587205,1,-1
1,1,1.694269112,5.381043148
0,0,0,0,1,0
0,0,-0.007938040758,-0.07938040758,1,0
0,0,-0.003047874124,0.04890166634,0,0
0,0,0.07690280025,0.7995067437,0,0
0,0,0.2742623107,1.973595105,1,0
0,0,0.5120536557,2.377913449,1,0
0,0,0.814890534,3.028368783,2,0
0,0,1.167721558,3.528310241,0,-1
1,1,1.680444021,5.127224627
0,0,0,0,1,0
0,0,0.0004553578249,0.004553578249,0,0
0,0,0.08539573104,0.8494037321,2,0
0,0,0.107849453,0.2245372195,2,0
0,0,0.06364828205,-0.4420117094,2,0
0,0,-0.04257650976,-1.062247918,2,0
0,0,-0.2309877494,-1.884112397,1,0
0,0,-0.4437592648,-2.127715154,1,0
0,0,-0.7358440979,-2.920848331,0,0
0,0,-1.072858171,-3.370140731,1,0
0,0,-1.537406506,-4.645483353,0,-1
1,1,-2.145452459,-6.080459523
0,0,0,0,0,0
0,0,0.1005277681,1.005277681,2,0
0,0,0.1309694626,0.3044169454,0,0
0,0,0.2695867662,1.386173036,1,0
0,0,0.4615027962,1.9191603,0,0
0,0,0.8056479662,3.4414517,1,0
0,0,1.243652708,4.38004742,0,-1
1,1,1.840382676,5.96729968
0,0,0,0,2,0
0,0,-0.07216815206,-0.7216815206,0,0
0,0,-0.06197393571,0.1019421635,0,0
0,0,0.04189946305,1.038733988,1,0
0,0,0.1552683551,1.13368892,0,0
0,0,0.3865967935,2.313284385,2,0
0,0,0.5868525136,2.002557201,2,0
0,0,0.8151884416,2.28335928,1,0
0,0,1.160705197,3.455167551,2,-1
1,1,1.607195521,4.464903238
0,0,0,0,0,0
0,0,0.07432231979,0.7432231979,1,0
0,0,0.1540092918,0.7968697198,1,0
0,0,0.2682901171,1.142808253,1,0
0,0,0.4162325995,1.479424824,0,0
0,0,0.7031399796,2.869073801,0,0
0,0,1.140066573,4.369265934,0,-1
1,1,1.73933393,5.992673575
0,0,0,0,0,0
0,0,0.07575189025,0.7575189025,0,0
0,0,0.2605196733,1.84767783,0,0
0,0,0.577857058,3.173373847,0,0
0,0,1.048968219,4.711111605,0,-1
1,1,1.677111583,6.281433644
0,0,0,0,1,0
0,0,-0.005964324231,-0.05964324231,2,0
0,0,-0.08659568352,-0.8063135928,0,0
0,0,-0.08722963824,-0.006339547288,1,0
0,0,-0.09027122194,-0.030415837,1,0
0,0,-0.1169887171,-0.2671749519,2,0
0,0,-0.2552243465,-1.382356293,1,0
0,0,-0.4331993577,-1.779750112,0,0
0,0,-0.6087715907,-1.75572233,2,0
0,0,-0.9410646999,-3.322931092,0,0
0,0,-1.352283976,-4.112192764,0,-1
1,1,-1.886949674,-5.346656981
0,0,0,0,1,0
0,0,-0.01292161349,-0.1292161349,0,0
0,0,0.04295893286,0.5588054635,1,0
0,0,0.09000384596,0.470449131,2,0
0,0,0.049609511,-0.4039433497,1,0
0,0,0.0195670108,-0.3004250019,2,0
0,0,-0.1001160926,-1.196831034,1,0
0,0,-0.2537500974,-1.536340048,2,0
0,0,-0.5277338003,-2.739837029,1,0
0,0,-0.8752160396,-3.474822393,0,0
0,0,-1.272538114,-3.973220747,2,-1
1,1,-1.823661562,-5.511234479
0,0,0,0,1,0
0,0,-0.005398991425,-0.05398991425,1,0
0,0,-0.00637344787,-0.009744564451,2,0
0,0,-0.09171029254,-0.8533684467,0,0
0,0,-0.1127778445,-0.2106755194,1,0
0,0,-0.1659615951,-0.5318375063,0,0
0,0,-0.1761327247,-0.101711296,2,0
0,0,-0.3054247926,-1.292920679,1,0
0,0,-0.4898409364,-1.844161437,1,0
0,0,-0.7580839403,-2.682430039,0,0
0,0,-1.060491025,-3.024070849,0,0
0,0,-1.444757493,-3.842664679,2,-1
1,1,-1.980929156,-5.361716628
0,0,0,0,1,0
0,0,0.00115291241,0.0115291241,0,0
0,0,0.09217406601,0.910211536,0,0
0,0,0.2742380126,1.820639466,0,0
0,0,0.5849593573,3.107213447,1,0
0,0,0.9786474123,3.93688055,2,0
0,0,1.450736342,4.720889298,2,-1
1,1,2.05745153,6.067151874
0,0,0,0,1,0
0,0,0.01049101157,0.1049101157,2,0
0,0,-0.0740333209,-0.8452433246,1,0
0,0,-0.1848866323,-1.108533114,0,0
0,0,-0.2363536067,-0.5146697443,2,0
0,0,-0.4286718637,-1.923182569,2,0
0,0,-0.7682966397,-3.39624776,0,0
0,0,-1.140673774,-3.723771338,1,-1
1,1,-1.643266737,-5.025929632
0,0,0,0,0,0
0,0,0.07169530729,0.7169530729,2,0
0,0,0.05924446169,-0.124508456,1,0
0,0,0.06108278615,0.01838324461,1,0
0,0,0.05709270597,-0.03990080179,1,0
0,0,0.07902326814,0.2193056217,0,0
0,0,0.1858888717,1.068656035,0,0
0,0,0.424965988,2.390771163,0,0
0,0,0.800016725,3.75050737,2,0
0,0,1.222102266,4.220855408,0,-1
1,1,1.806454024,5.843517587
0,0,0,0,2,0
0,0,-0.07286277131,-0.7286277131,2,0
0,0,-0.2475069773,-1.74644206,2,0
0,0,-0.5507943084,-3.032873311,2,0
0,0,-1.019544045,-4.687497363,1,-1
1,1,-1.598236294,-5.786922497
0,0,0,0,2,0
0,0,-0.07729380578,-0.7729380578,1,0
0,0,-0.1519073479,-0.7461354212,1,0
0,0,-0.2406693268,-0.8876197892,1,0
0,0,-0.3784436083,-1.377742815,1,0
0,0,-0.5755646608,-1.971210525,1,0
0,0,-0.8729614002,-2.973967394,2,0
0,0,-1.330425896,-4.574644954,0,-1
1,1,-1.907653912,-5.772280161
0,0,0,0,1,0
0,0,0.004526219085,0.04526219085,0,0
0,0,0.08905059206,0.8452437298,0,0
0,0,0.2758226763,1.867720842,1,0
0,0,0.5220008028,2.461781265,0,0
0,0,0.9064001554,3.843993527,1,0
0,0,1.411291584,5.048914288,2,-1
1,1,2.042466482,6.311748974
0,0,0,0,2,0
0,0,-0.07983109622,-0.7983109622,2,0
0,0,-0.2516867118,-1.718556156,0,0
0,0,-0.3966172883,-1.449305765,1,0
0,0,-0.6088775393,-2.122602509,0,0
0,0,-0.8518520231,-2.429744838,1,0
0,0,-1.207460695,-3.556086722,0,-1
1,1,-1.673794791,-4.663340953
0,0,0,0,2,0
0,0,-0.1015525505,-1.015525505,2,0
0,0,-0.3185628435,-2.17010293,1,0
0,0,-0.5746234226,-2.560605791,0,0
0,0,-0.8490143434,-2.743909208,0,0
0,0,-1.174149939,-3.251355954,0,-1
1,1,-1.6002226,-4.26072661
0,0,0,0,0,0
0,0,0.102815839,1.02815839,2,0
0,0,0.1317256757,0.2890983669,0,0
0,0,0.2826586922,1.509330165,0,0
0,0,0.5648509863,2.821922941,0,0
0,0,0.9904077738,4.255567874,0,0
0,0,1.567495547,5.770877734,2,-1
1,1,2.291217303,7.237217562
0,0,0,0,0,0
0,0,0.0849013864,0.849013864,0,0
0,0,0.2843669129,1.994655265,2,0
0,0,0.4418753414,1.575084285,0,0
0,0,0.7501044386,3.082290971,0,0
0,0,1.217426675,4.673222365,2,-1
1,1,1.787909804,5.704831288
0,0,0,0,1,0
0,0,0.01516731013,0.1516731013,2,0
0,0,-0.06131743818,-0.7648474831,2,0
0,0,-0.2520365596,-1.907191214,2,0
0,0,-0.5687876472,-3.167510876,2,0
0,0,-1.041635574,-4.728479269,1,-1
1,1,-1.63480872,-5.931731455
0,0,0,0,2,0
0,0,-0.09112764382,-0.9112764382,0,0
0,0,-0.1065996117,-0.1547196793,1,0
0,0,-0.1284800218,-0.218804101,2,0
0,0,-0.2742039741,-1.457239523,0,0
0,0,-0.3945520138,-1.203480397,0,0
0,0,-0.5097890306,-1.152370168,2,0
0,0,-0.7910738898,-2.812848592,1,0
0,0,-1.179166798,-3.880929085,1,-1
1,1,-1.696659464,-5.174926661
0,0,0,0,0,0
0,0,0.07720539774,0.7720539774,1,0
0,0,0.1757187937,0.9851339594,2,0
0,0,0.2076370149,0.3191822124,2,0
0,0,0.184075464,-0.2356155087,1,0
0,0,0.2018528564,0.1777739231,1,0
0,0,0.2429148904,0.4106203403,1,0
0,0,0.3260395615,0.8312467115,2,0
0,0,0.3905258394,0.6448627788,1,0
0,0,0.5072460485,1.167202091,0,0
0,0,0.7656197887,2.583737402,0,0
0,0,1.196283323,4.306635343,2,-1
1,1,1.732350941,5.360676184
0,0,0,0,1,0
0,0,-0.0003761915632,-0.003761915632,2,0
0,0,-0.07475424075,-0.7437804918,2,0
0,0,-0.2424463636,-1.676921228,0,0
0,0,-0.3552004902,-1.127541266,0,0
0,0,-0.434416385,-0.7921589478,2,0
0,0,-0.6717694151,-2.373530301,2,0
0,0,-1.071470494,-3.997010785,2,-1
1,1,-1.634488011,-5.630175175
0,0,0,0,2,0
0,0,-0.09080403003,-0.9080403003,2,0
0,0,-0.2748468991,-1.840428691,0,0
0,0,-0.4209910652,-1.461441661,0,0
0,0,-0.5487798245,-1.277887593,1,0
0,0,-0.7750148678,-2.262350432,0,0
0,0,-1.054490633,-2.79475765,1,0
0,0,-1.454976866,-4.004862333,1,-1
1,1,-1.998151343,-5.431744774
0,0,0,0,1,0
0,0,0.004269823416,0.04269823416,0,0
0,0,0.08070745725,0.7643763383,0,0
0,0,0.2492899392,1.68582482,2,0
0,0,0.3866060175,1.373160782,1,0
0,0,0.5953052546,2.086992371,0,0
0,0,0.9655704984,3.702652439,0,0
0,0,1.490039727,5.24469229,1,-1
1,1,2.158471314,6.684315869
0,0,0,0,0,0
0,0,0.08334114394,0.8334114394,2,0
0,0,0.08527192188,0.01930777946,1,0
0,0,0.1175981041,0.3232618217,1,0
0,0,0.1653700091,0.4777190509,1,0
0,0,0.233787344,0.6841733481,0,0
0,0,0.4287625477,1.949752038,0,0
0,0,0.7782036463,3.494410985,1,0
0,0,1.239194467,4.609908203,1,-1
1,1,1.833530009,5.943355424
0,0,0,0,1,0
0,0,0.01069953998,0.1069953998,1,0
0,0,0.02779173237,0.1709219239,1,0
0,0,0.06689173009,0.3909999772,0,0
0,0,0.1895274965,1.226357664,1,0
0,0,0.3310884845,1.41560988,0,0
0,0,0.6072904734,2.762019889,2,0
0,0,0.9104065368,3.031160633,1,0
0,0,1.332503642,4.220971057,0,-1
1,1,1.908819959,5.763163167
0,0,0,0,1,0
0,0,0.01189504063,0.1189504063,0,0
0,0,0.1229116521,1.110166115,2,0
0,0,0.1614156605,0.385040084,2,0
0,0,0.148786659,-0.1262900156,0,0
0,0,0.2625444558,1.137577969,0,0
0,0,0.5203733613,2.578289055,1,0
0,0,0.8489886099,3.286152486,0,0
0,0,1.350558952,5.015703424,1,-1
1,1,1.986720627,6.361616749
0,0,0,0,0,0
0,0,0.08038991754,0.8038991754,2,0
0,0,0.09340848798,0.1301857044,2,0
0,0,0.04482413918,-0.485843488,0,0
0,0,0.09758452454,0.5276038535,1,0
0,0,0.1769904358,0.7940591122,2,0
0,0,0.2025287778,0.2553834207,2,0
0,0,0.1936996113,-0.08829166542,2,0
0,0,0.1468585986,-0.4684101272,1,0
0,0,0.1205135163,-0.2634508224,2,0
0,0,0.0289938856,-0.9151963073,2,0
0,0,-0.1484217858,-1.774156714,0,0
0,0,-0.2465997876,-0.9817800182,0,0
0,0,-0.3077340561,-0.611342685,0,0
0,0,-0.3357838391,-0.2804978302,0,0
0,0,-0.337364412,-0.01580572866,0,0
0,0,-0.3004340489,0.3693036314,0,0
0,0,-0.2190230341,0.8141101478,0,0
0,0,-0.09406490831,1.249581258,0,0
0,0,0.08529514598,1.793600543,0,0
0,0,0.3733332683,2.880381223,0,0
0,0,0.7902607134,4.169274451,2,0
0,0,1.254146901,4.638861873,0,-1
1,1,1.875739441,6.215925403
0,0,0,0,2,0
0,0,-0.0953621528,-0.953621528,2,0
0,0,-0.2828846472,-1.875224944,0,0
0,0,-0.4404161321,-1.575314849,2,0
0,0,-0.7462930362,-3.058769041,0,0
0,0,-1.095342659,-3.490496225,0,0
0,0,-1.54124516,-4.459025014,1,-1
1,1,-2.133006532,-5.917613717
0,0,0,0,0,0
0,0,0.09362648985,0.9362648985,2,0
0,0,0.1068836002,0.1325711037,1,0
0,0,0.1424101965,0.3552659629,1,0
0,0,0.1920174381,0.4960724163,0,0
0,0,0.3551407394,1.631233013,2,0
0,0,0.4852282386,1.300874992,1,0
0,0,0.6844132776,1.99185039,2,0
0,0,0.9080534385,2.236401609,2,0
0,0,1.208335608,3.002821695,0,-1
1,1,1.673652638,4.6531703
0,0,0,0,2,0
0,0,-0.1051690891,-1.051690891,0,0
0,0,-0.1401888419,-0.3501975283,2,0
0,0,-0.2876081481,-1.474193062,0,0
0,0,-0.3871941131,-0.9958596497,0,0
0,0,-0.4693936632,-0.8219955012,0,0
0,0,-0.5488194172,-0.7942575394,0,0
0,0,-0.6360208712,-0.8720145408,2,0
0,0,-0.8780804081,-2.420595369,2,0
0,0,-1.289696888,-4.116164798,1,-1
1,1,-1.833651022,-5.43954134
0,0,0,0,0,0
0,0,0.07700579898,0.7700579898,2,0
0,0,0.07266689186,-0.04338907118,1,0
0,0,0.08110657591,0.08439684042,2,0
0,0,0.02376564824,-0.5734092767,0,0
0,0,0.06397555069,0.4020990245,2,0
0,0,0.02022073256,-0.4375481813,2,0
0,0,-0.1000866252,-1.203073578,1,0
0,0,-0.2368497985,-1.367631733,0,0
0,0,-0.3391204075,-1.022706091,0,0
0,0,-0.4008214713,-0.6170106379,2,0
0,0,-0.6087714976,-2.079500263,2,0
0,0,-0.9858841792,-3.771126816,2,0
0,0,-1.52022092,-5.343367403,2,-1
1,1,-2.203630829,-6.834099097
0,0,0,0,1,0
0,0,0.006539419329,0.06539419329,1,0
0,0,0.03006463402,0.2352521469,2,0
0,0,-0.0316509678,-0.6171560182,2,0
0,0,-0.2041208554,-1.724698876,0,0
0,0,-0.3123722753,-1.082514199,2,0
0,0,-0.5686367181,-2.562644427,2,0
0,0,-0.9698120293,-4.011753112,2,0
0,0,-1.523326146,-5.535141172,1,-1
1,1,-2.221618476,-6.9829233
0,0,0,0,1,0
0,0,0.0008445944269,0.008445944269,2,0
0,0,-0.0945069244,-0.9535151882,1,0
0,0,-0.2098941829,-1.153872585,1,0
0,0,-0.3731952365,-1.633010536,0,0
0,0,-0.5128076425,-1.39612406,2,0
0,0,-0.8118135859,-2.990059434,0,0
0,0,-1.160103491,-3.482899049,0,-1
1,1,-1.605448791,-4.453453005
0,0,0,0,1,0
0,0,-0.008220374664,-0.08220374664,0,0
0,0,0.07181639419,0.8003676886,1,0
0,0,0.1636663713,0.9184997709,1,0
0,0,0.295417352,1.317509807,0,0
0,0,0.5539177504,2.585003984,0,0
0,0,0.9632702166,4.093524662,2,0
0,0,1.440072288,4.768020716,1,-1
1,1,2.059859942,6.197876539
0,0,0,0,2,0
0,0,-0.09029773218,-0.9029773218,2,0
0,0,-0.278493796,-1.881960638,1,0
0,0,-0.4960894059,-2.175956099,0,0
0,0,-0.7175148035,-2.214253976,0,0
0,0,-0.9692465377,-2.517317342,1,0
0,0,-1.335094142,-3.658476042,1,-1
1,1,-1.841684444,-5.065903017
0,0,0,0,1,0
0,0,-0.01652604761,-0.1652604761,1,0
0,0,-0.03277664068,-0.1625059307,1,0
0,0,-0.04959088972,-0.1681424904,2,0
0,0,-0.1559827285,-1.063918388,1,0
0,0,-0.2761586221,-1.201758936,2,0
0,0,-0.5385769876,-2.624183655,1,0
0,0,-0.8803269686,-3.417499811,2,0
0,0,-1.377349986,-4.970230178,1,-1
1,1,-2.013138937,-6.357889504
0,0,0,0,1,0
0,0,-0.016782423,-0.16782423,2,0
0,0,-0.1370938497,-1.203114267,2,0
0,0,-0.3850548592,-2.479610095,2,0
0,0,-0.7682305817,-3.831757224,1,0
0,0,-1.256283516,-4.880529343,1,-1
1,1,-1.871925049,-6.156415328
0,0,0,0,1,0
0,0,0.01357532812,0.1357532812,1,0
0,0,0.01308392253,-0.00491405586,2,0
0,0,-0.07937447843,-0.9245840096,0,0
0,0,-0.0980627039,-0.1868822547,1,0
0,0,-0.1226177345,-0.2455503057,1,0
0,0,-0.1848099521,-0.6219221765,0,0
0,0,-0.1852478991,-0.004379469752,2,0
0,0,-0.3073778053,-1.221299062,2,0
0,0,-0.5745699105,-2.671921051,2,0
0,0,-1.003979036,-4.294091259,2,-1
1,1,-1.591967687,-5.879886502
0,0,0,0,0,0
0,0,0.07919740304,0.7919740304,0,0
0,0,0.2515235663,1.723261633,1,0
0,0,0.4695213209,2.179977546,0,0
0,0,0.823776158,3.542548371,1,0
0,0,1.286042487,4.622663285,1,-1
1,1,1.878806929,5.927644429
0,0,0,0,0,0
0,0,0.08359777348,0.8359777348,0,0
0,0,0.2638243992,1.802266257,2,0
0,0,0.3991660251,1.353416259,2,0
0,0,0.5150634676,1.158974426,1,0
0,0,0.6996911247,1.846276571,0,0
0,0,1.059978955,3.602878298,0,-1
1,1,1.58527468,5.252957257
0,0,0,0,2,0
0,0,-0.08174968552,-0.8174968552,2,0
0,0,-0.272372599,-1.906229135,2,0
0,0,-0.6012291238,-3.288565248,2,0
0,0,-1.087374832,-4.861457087,1,-1
1,1,-1.689215944,-6.01841112
0,0,0,0,2,0
0,0,-0.09399185418,-0.9399185418,1,0
0,0,-0.1914243063,-0.9743245212,2,0
0,0,-0.4141807363,-2.2275643,2,0
0,0,-0.7932163465,-3.790356103,0,0
0,0,-1.211418552,-4.182022055,0,-1
1,1,-1.739430725,-5.280121727
0,0,0,0,2,0
0,0,-0.09482056497,-0.9482056497,1,0
0,0,-0.2018763546,-1.070557896,2,0
0,0,-0.4209307992,-2.190544447,2,0
0,0,-0.7980810685,-3.771502693,0,0
0,0,-1.211460519,-4.133794505,1,-1
1,1,-1.752525744,-5.410652251
0,0,0,0,0,0
0,0,0.08947169878,0.8947169878,1,0
0,0,0.1977078108,1.08236112,2,0
0,0,0.2696209764,0.7191316561,2,0
0,0,0.2878949307,0.1827395428,0,0
0,0,0.4400790971,1.521841664,2,0
0,0,0.5976761532,1.575970561,2,0
0,0,0.7643956589,1.667195057,0,0
0,0,1.089404835,3.250091764,1,0
0,0,1.538251,4.488461642,2,-1
1,1,2.130829404,5.92578405
0,0,0,0,2,0
0,0,-0.08132088581,-0.8132088581,1,0
0,0,-0.1932707424,-1.119498565,1,0
0,0,-0.3300549068,-1.367841644,0,0
0,0,-0.4356240866,-1.055691798,2,0
0,0,-0.6874279578,-2.518038712,1,0
0,0,-1.032073,-3.446450426,0,0
0,0,-1.452646549,-4.205735483,1,-1
1,1,-2.017438834,-5.647922857
0,0,0,0,2,0
0,0,-0.09757666489,-0.9757666489,2,0
0,0,-0.2847811494,-1.872044845,2,0
0,0,-0.6075992523,-3.228181029,1,0
0,0,-1.023645275,-4.160460223,2,-1
1,1,-1.602083526,-5.784382512
0,0,0,0,0,0
0,0,0.07296411095,0.7296411095,0,0
0,0,0.2593022148,1.863381039,2,0
0,0,0.4201480654,1.608458506,0,0
0,0,0.7404162965,3.202682311,1,0
0,0,1.161075184,4.206588871,1,-1
1,1,1.709648025,5.485728414
0,0,0,0,1,0
0,0,0.005289628983,0.05289628983,1,0
0,0,-0.0004171870096,-0.05706815992,0,0
0,0,0.08617048088,0.8658766789,0,0
0,0,0.2729162409,1.867457601,1,0
0,0,0.5119437959,2.39027555,2,0
0,0,0.7681153782,2.561715823,0,0
0,0,1.180072707,4.119573291,2,-1
1,1,1.68880073,5.087280225
0,0,0,0,2,0
0,0,-0.08505724362,-0.8505724362,1,0
0,0,-0.1907361866,-1.05678943,0,0
0,0,-0.2272960715,-0.365598848,1,0
0,0,-0.317398732,-0.9010266058,0,0
0,0,-0.3641354368,-0.4673670479,0,0
0,0,-0.3891864475,-0.2505101072,0,0
0,0,-0.392931128,-0.03744680489,2,0
0,0,-0.5305397792,-1.376086512,1,0
0,0,-0.7563052182,-2.25765439,1,0
0,0,-1.090289675,-3.33984457,0,0
0,0,-1.519496793,-4.292071178,0,-1
1,1,-2.089601338,-5.701045453
0,0,0,0,0,0
0,0,0.09984706101,0.9984706101,0,0
0,0,0.2923435346,1.924964735,0,0
0,0,0.6057043874,3.133608528,2,0
0,0,0.9234933496,3.177889622,0,0
0,0,1.401730223,4.782368734,0,-1
1,1,2.033197929,6.314677065
0,0,0,0,2,0
0,0,-0.07368893449,-0.7368893449,2,0
0,0,-0.2360660487,-1.623771142,0,0
0,0,-0.3480082858,-1.119422371,0,0
0,0,-0.4396909994,-0.9168271359,0,0
0,0,-0.5266404373,-0.8694943788,1,0
0,0,-0.6992197168,-1.725792794,2,0
0,0,-1.028747608,-3.29527891,0,0
0,0,-1.44636188,-4.176142719,2,-1
1,1,-2.014826991,-5.684651114
0,0,0,0,1,0
0,0,0.007799985648,0.07799985648,1,0
0,0,0.005972539544,-0.01827446104,2,0
0,0,-0.1001401217,-1.061126612,2,0
0,0,-0.3269126603,-2.267725386,2,0
0,0,-0.6969581952,-3.70045535,1,0
0,0,-1.151549545,-4.545913494,0,-1
1,1,-1.699466169,-5.479166239
0,0,0,0,0,0
0,0,0.07983134282,0.7983134282,0,0
0,0,0.2628556916,1.830243488,0,0
0,0,0.5596713027,2.968156112,2,0
0,0,0.8630698095,3.033985068,2,0
0,0,1.222466186,3.593963763,1,-1
1,1,1.716066353,4.936001671
0,0,0,0,0,0
0,0,0.09108434438,0.9108434438,0,0
0,0,0.2826732271,1.915888827,2,0
0,0,0.4510866239,1.684133968,0,0
0,0,0.7625006106,3.114139867,1,0
0,0,1.177466841,4.149662301,2,-1
1,1,1.692145207,5.146783659
0,0,0,0,1,0
0,0,0.01696426051,0.1696426051,2,0
0,0,-0.05351832366,-0.7048258416,0,0
0,0,-0.04733799734,0.0618032632,1,0
0,0,-0.04235601146,0.04981985882,2,0
0,0,-0.120681162,-0.7832515054,1,0
0,0,-0.2097406944,-0.8905953242,1,0
0,0,-0.3474195806,-1.376788862,2,0
0,0,-0.6277869551,-2.803673745,1,0
0,0,-0.9900529142,-3.622659591,1,0
0,0,-1.465279026,-4.752261114,0,-1
1,1,-2.075352257,-6.10073231
0,0,0,0,2,0
0,0,-0.07479471389,-0.7479471389,1,0
0,0,-0.1500401569,-0.7524544298,0,0
0,0,-0.1482942615,0.0174589542,2,0
0,0,-0.2636277803,-1.153335188,0,0
0,0,-0.3532066181,-0.8957883785,2,0
0,0,-0.5892867872,-2.36080169,0,0
0,0,-0.8419856439,-2.526988567,1,0
0,0,-1.207643377,-3.656577333,2,-1
1,1,-1.736093099,-5.28449722
0,0,0,0,0,0
0,0,0.104012214,1.04012214,0,0
0,0,0.2964082082,1.923959942,2,0
0,0,0.4483202426,1.519120344,1,0
0,0,0.6796430355,2.313227929,0,0
0,0,1.084510835,4.048677993,1,-1
1,1,1.618138007,5.336271717
0,0,0,0,1,0
0,0,-0.01645096926,-0.1645096926,2,0
0,0,-0.1091039943,-0.92653025,2,0
0,0,-0.3174038298,-2.082998356,1,0
0,0,-0.5881071885,-2.707033587,1,0
0,0,-0.9553466958,-3.672395073,1,0
0,0,-1.444867126,-4.895204305,2,-1
1,1,-2.08654212,-6.416749935
0,0,0,0,2,0
0,0,-0.0844240874,-0.844240874,0,0
0,0,-0.1012319602,-0.1680787285,2,0
0,0,-0.240546949,-1.393149887,2,0
0,0,-0.5171830219,-2.766360729,1,0
0,0,-0.8644767626,-3.472937407,0,0
0,0,-1.273436048,-4.089592857,1,-1
1,1,-1.814184242,-5.407481938
0,0,0,0,1,0
0,0,0.007550842383,0.07550842383,0,0
0,0,0.1143941533,1.068433109,1,0
0,0,0.2242920725,1.098979192,2,0
0,0,0.2857232055,0.6143113305,1,0
0,0,0.3832235227,0.9750031714,2,0
0,0,0.4505125673,0.6728904464,2,0
0,0,0.5254233985,0.7491083122,2,0
0,0,0.6116271061,0.8620370761,0,0
0,0,0.8505725604,2.389454543,0,0
0,0,1.255083338,4.045107778,1,-1
1,1,1.791328491,5.362451529
0,0,0,0,2,0
0,0,-0.07636898045,-0.7636898045,0,0
0,0,-0.06929710844,0.07071872009,1,0
0,0,-0.06224928215,0.07047826289,1,0
0,0,-0.05457663723,0.07672644923,1,0
0,0,-0.0424419938,0.1213464343,2,0
0,0,-0.1162821116,-0.7384011778,0,0
0,0,-0.1061779518,0.1010415975,2,0
0,0,-0.2127802134,-1.066022615,2,0
0,0,-0.4423805468,-2.296003334,0,0
0,0,-0.6558107353,-2.134301885,1,0
0,0,-0.9638907521,-3.080800168,2,0
0,0,-1.438416529,-4.745257769,2,-1
1,1,-2.065418235,-6.270017059
0,0,0,0,1,0
0,0,0.007235547491,0.07235547491,2,0
0,0,-0.05939895043,-0.6663449792,2,0
0,0,-0.238145319,-1.787463686,1,0
0,0,-0.4680666084,-2.299212894,0,0
0,0,-0.6851405376,-2.170739292,0,0
0,0,-0.9325433743,-2.474028367,1,0
0,0,-1.304120936,-3.715775615,2,-1
1,1,-1.835164698,-5.310437619
0,0,0,0,0,0
0,0,0.1058423081,1.058423081,0,0
0,0,0.3071258165,2.012835085,1,0
0,0,0.5529719858,2.458461692,1,0
0,0,0.8899488181,3.369768323,1,0
0,0,1.345602999,4.556541807,1,-1
1,1,1.9408276,5.952246016
0,0,0,0,1,0
0,0,-0.01206817096,-0.1206817096,2,0
0,0,-0.1045713371,-0.9250316611,0,0
0,0,-0.1175337734,-0.1296243633,2,0
0,0,-0.2425382521,-1.250044787,1,0
0,0,-0.4135072027,-1.709689506,2,0
0,0,-0.722683799,-3.091765963,0,0
0,0,-1.065810289,-3.431264904,1,0
0,0,-1.538380841,-4.725705516,1,-1
1,1,-2.156562821,-6.181819796
0,0,0,0,1,0
0,0,-0.01113370744,-0.1113370744,2,0
0,0,-0.1088099903,-0.9767628289,1,0
0,0,-0.2134540127,-1.046440224,0,0
0,0,-0.282791906,-0.6933789334,1,0
0,0,-0.387978237,-1.05186331,2,0
0,0,-0.6474916886,-2.595134516,1,0
0,0,-1.005190444,-3.576987552,2,0
0,0,-1.5193155,-5.141250565,0,-1
1,1,-2.173861562,-6.545460621
0,0,0,0,0,0
0,0,0.07145840089,0.7145840089,0,0
0,0,0.2385480246,1.670896237,1,0
0,0,0.4370638441,1.985158195,1,0
0,0,0.7133396074,2.762757634,1,0
0,0,1.100698352,3.873587441,2,-1
1,1,1.577175928,4.764775767
0,0,0,0,0,0
0,0,0.09786170509,0.9786170509,1,0
0,0,0.2006532449,1.027915398,1,0
0,0,0.3504362343,1.497829895,1,0
0,0,0.5493502979,1.989140636,0,0
0,0,0.9013786042,3.520283062,0,0
0,0,1.423630393,5.222517887,1,-1
1,1,2.085123185,6.614927918
0,0,0,0,0,0
0,0,0.07988500434,0.7988500434,2,0
0,0,0.09756627565,0.1768127131,2,0
0,0,0.04038992728,-0.5717634837,2,0
0,0,-0.08502117506,-1.254111023,0,0
0,0,-0.1284615688,-0.4344039378,1,0
0,0,-0.20896557,-0.8050400113,0,0
0,0,-0.2473471617,-0.3838159174,2,0
0,0,-0.4244356693,-1.770885076,1,0
0,0,-0.6612506808,-2.368150115,2,0
0,0,-1.053848542,-3.925978616,2,-1
1,1,-1.60646058,-5.526120376
0,0,0,0,0,0
0,0,0.09330025232,0.9330025232,1,0
0,0,0.209806525,1.165062727,1,0
0,0,0.3667493547,1.569428297,2,0
0,0,0.5082407759,1.414914212,2,0
0,0,0.6645598457,1.563190698,1,0
0,0,0.9110555493,2.464957035,1,0
0,0,1.266463536,3.554079867,0,-1
1,1,1.779357525,5.128939893
0,0,0,0,1,0
0,0,-0.008690580786,-0.08690580786,0,0
0,0,0.06644549395,0.7513607474,1,0
0,0,0.160986396,0.9454090207,0,0
0,0,0.3737358738,2.127494778,2,0
0,0,0.5646050685,1.908691947,2,0
0,0,0.7654356748,2.008306063,2,0
0,0,1.016363821,2.509281465,2,0
0,0,1.354193851,3.378300298,0,-1
1,1,1.848622933,4.944290819
0,0,0,0,0,0
0,0,0.07701611239,0.7701611239,2,0
0,0,0.06846858224,-0.08547530157,0,0
0,0,0.1553298055,0.8686122324,2,0
0,0,0.1667075398,0.1137773435,0,0
0,0,0.3061359024,1.394283626,2,0
0,0,0.4092629183,1.031270158,0,0
0,0,0.6652021635,2.559392452,0,0
0,0,1.084855707,4.196535435,0,-1
1,1,1.657460348,5.726046414
0,0,0,0,1,0
0,0,0.003582493442,0.03582493442,0,0
0,0,0.0887027829,0.8512028946,0,0
0,0,0.2930913686,2.043885857,0,0
0,0,0.6274054493,3.343140807,0,0
0,0,1.120965672,4.935602228,2,-1
1,1,1.708726335,5.877606627
0,0,0,0,1,0
0,0,-0.01359676623,-0.1359676623,2,0
0,0,-0.1003585256,-0.8676175933,2,0
0,0,-0.3065058641,-2.061473385,0,0
0,0,-0.4903933456,-1.838874815,2,0
0,0,-0.8192728976,-3.288795519,1,0
0,0,-1.257004807,-4.377319092,2,-1
1,1,-1.848727043,-5.917222366
0,0,0,0,2,0
0,0,-0.09490835318,-0.9490835318,1,0
0,0,-0.2190411921,-1.241328389,2,0
0,0,-0.4571091843,-2.380679923,1,0
0,0,-0.7712715845,-3.141624002,1,0
0,0,-1.189872946,-4.186013612,2,-1
1,1,-1.76608596,-5.762130148
0,0,0,0,2,0
0,0,-0.07653225824,-0.7653225824,0,0
0,0,-0.06433206775,0.1220019049,2,0
0,0,-0.1547552431,-0.9042317533,2,0
0,0,-0.3755160001,-2.20760757,0,0
0,0,-0.5686728047,-1.931568046,1,0
0,0,-0.8388140846,-2.7014128,2,0
0,0,-1.269387447,-4.305733627,0,-1
1,1,-1.811835992,-5.424485448
0,0,0,0,1,0
0,0,-0.01608365762,-0.1608365762,0,0
0,0,0.05966632164,0.7574997926,0,0
0,0,0.2461289593,1.864626376,2,0
0,0,0.3977095544,1.515805951,1,0
0,0,0.6282296976,2.305201432,0,0
0,0,1.007238365,3.790086669,2,0
0,0,1.463598983,4.563606183,0,-1
1,1,2.069981777,6.063827939
0,0,0,0,0,0
0,0,0.07592854851,0.7592854851,2,0
0,0,0.08000310701,0.04074558502,2,0
0,0,-0.001510933606,-0.8151404062,1,0
0,0,-0.08122653452,-0.7971560092,2,0
0,0,-0.2796912733,-1.984647388,2,0
0,0,-0.5956761849,-3.159849116,1,0
0,0,-0.9871240675,-3.914478825,2,0
0,0,-1.534682708,-5.475586403,0,-1
1,1,-2.225109336,-6.90426628
0,0,0,0,1,0
0,0,0.009240081684,0.09240081684,2,0
0,0,-0.05067364212,-0.599137238,1,0
0,0,-0.1284391823,-0.7776554021,1,0
0,0,-0.2371794976,-1.087403152,2,0
0,0,-0.459874174,-2.226946764,0,0
0,0,-0.6841966841,-2.243225101,1,0
0,0,-0.994789742,-3.105930579,0,0
0,0,-1.38230816,-3.875184182,2,-1
1,1,-1.925138186,-5.428300261
0,0,0,0,2,0
0,0,-0.07344289067,-0.7344289067,1,0
0,0,-0.1459520899,-0.7250919923,0,0
0,0,-0.1526786546,-0.0672656468,1,0
0,0,-0.1996186474,-0.4693999278,0,0
0,0,-0.1926235166,0.06995130762,2,0
0,0,-0.3203032368,-1.276797202,0,0
0,0,-0.4195827989,-0.9927956218,2,0
0,0,-0.6723754792,-2.527926802,1,0
0,0,-1.012771763,-3.403962841,2,0
0,0,-1.510285638,-4.975138751,1,-1
1,1,-2.153127232,-6.428415937
0,0,0,0,2,0
0,0,-0.1031074597,-1.031074597,2,0
0,0,-0.3080642478,-2.049567881,0,0
0,0,-0.4820627021,-1.739984543,2,0
0,0,-0.8071523702,-3.250896681,2,0
0,0,-1.298490609,-4.913382391,1,-1
1,1,-1.921762572,-6.232719632
0,0,0,0,2,0
0,0,-0.07298173329,-0.7298173329,0,0
0,0,-0.06558351059,0.07398222692,0,0
0,0,0.01501700868,0.8060051927,1,0
0,0,0.1076725342,0.9265552556,0,0
0,0,0.3070714671,1.993989329,1,0
0,0,0.5611916989,2.541202318,1,0
0,0,0.8962794959,3.350877969,2,0
0,0,1.289662597,3.933831007,2,-1
1,1,1.800551731,5.108891339
0,0,0,0,0,0
0,0,0.09927861997,0.9927861997,0,0
0,0,0.2972872271,1.980086072,2,0
0,0,0.4767713764,1.794841492,1,0
0,0,0.7372738787,2.605025023,2,0
0,0,1.045619425,3.083455458,2,0
0,0,1.438576125,3.929567009,1,-1
1,1,1.973519817,5.349436918
0,0,0,0,1,0
0,0,-0.006319404673,-0.06319404673,0,0
0,0,0.06179725623,0.681166609,0,0
0,0,0.2229939038,1.611966476,1,0
0,0,0.4100324703,1.870385664,0,0
0,0,0.7449700218,3.349375515,2,0
0,0,1.11248718,3.675171583,0,-1
1,1,1.639620037,5.271328565
0,0,0,0,0,0
0,0,0.07284417465,0.7284417465,2,0
0,0,0.08113730892,0.08293134278,2,0
0,0,0.02780076783,-0.5333654109,1,0
0,0,-0.02338825048,-0.5118901831,1,0
0,0,-0.07357347703,-0.5018522655,2,0
0,0,-0.2415758405,-1.680023635,0,0
0,0,-0.3773546554,-1.357788149,1,0
0,0,-0.574952545,-1.975978896,2,0
0,0,-0.94171354,-3.66760995,1,0
0,0,-1.427691283,-4.859777428,0,-1
1,1,-2.044475185,-6.167839024
0,0,0,0,1,0
0,0,-0.006956994738,-0.06956994738,0,0
0,0,0.08704468256,0.940016773,1,0
0,0,0.1852916341,0.9824695149,1,0
0,0,0.328829888,1.43538254,2,0
0,0,0.4412881611,1.124582731,1,0
0,0,0.6223139777,1.810258166,1,0
0,0,0.9056931137,2.83379136,2,0
0,0,1.265237226,3.595441122,1,-1
1,1,1.758690425,4.934531988
0,0,0,0,2,0
0,0,-0.07933552168,-0.7933552168,0,0
0,0,-0.09489589989,-0.1556037822,0,0
0,0,-0.04662109395,0.4827480594,1,0
0,0,-0.003567471964,0.4305362199,0,0
0,0,0.1353659649,1.389334369,2,0
0,0,0.2076547804,0.7228881551,0,0
0,0,0.3905977996,1.829430191,1,0
0,0,0.6230503204,2.324525208,1,0
0,0,0.933645981,3.105956606,1,0
0,0,1.360998829,4.273528479,1,-1
1,1,1.927175273,5.661764444
