2,1,1
0,0,0,0,0,0
0,0,0.08636368373,0.8636368373,0,0
0,0,0.2839133092,1.975496255,0,0
0,0,0.6194587141,3.355454049,1,0
0,0,1.039453842,4.19995128,0,-1
1,1,1.623116966,5.836631239
0,0,0,0,2,0
0,0,-0.1008622164,-1.008622164,1,0
0,0,-0.2144573768,-1.135951604,2,0
0,0,-0.4442940193,-2.298366426,0,0
0,0,-0.6669679455,-2.226739261,2,0
0,0,-1.062118216,-3.95150271,1,-1
1,1,-1.57971242,-5.175942036
0,0,0,0,2,0
0,0,-0.08886526125,-0.8886526125,1,0
0,0,-0.1989376,-1.100723387,2,0
0,0,-0.4250253817,-2.260877817,0,0
0,0,-0.6344887172,-2.094633356,0,0
0,0,-0.8642133002,-2.29724583,1,0
0,0,-1.203206136,-3.389928362,1,-1
1,1,-1.674014368,-4.708082312
0,0,0,0,1,0
0,0,-0.01445746511,-0.1445746511,0,0
0,0,0.04048868488,0.5494614999,1,0
0,0,0.110552731,0.700640461,1,0
0,0,0.2035546877,0.9300195669,0,0
0,0,0.4096876972,2.061330095,1,0
0,0,0.684969406,2.752817088,2,0
0,0,0.9988720982,3.139026923,1,0
0,0,1.428381892,4.295097937,1,-1
1,1,1.999858209,5.714763169
0,0,0,0,2,0
0,0,-0.07840574439,-0.7840574439,2,0
0,0,-0.2554888511,-1.770831067,0,0
0,0,-0.3756710348,-1.201821837,1,0
0,0,-0.559807943,-1.841369081,0,0
0,0,-0.7463966857,-1.865887427,2,0
0,0,-1.098918675,-3.525219892,2,-1
1,1,-1.610917477,-5.119988017
0,0,0,0,2,0
0,0,-0.08122976127,-0.8122976127,2,0
0,0,-0.2801361181,-1.989063569,1,0
0,0,-0.5374637442,-2.573276261,2,0
0,0,-0.960612901,-4.231491568,2,0
0,0,-1.542922211,-5.823093103,2,-1
1,1,-2.272602502,-7.29680291
0,0,0,0,1,0
0,0,0.004054543967,0.04054543967,2,0
0,0,-0.0725281028,-0.7658264677,2,0
0,0,-0.2443644562,-1.718363534,0,0
0,0,-0.3786716853,-1.343072291,1,0
0,0,-0.5696628153,-1.909911301,2,0
0,0,-0.9133995692,-3.437367538,2,0
0,0,-1.413238388,-4.998388189,1,-1
1,1,-2.051730639,-6.384922507
0,0,0,0,1,0
0,0,0.01356063607,0.1356063607,2,0
0,0,-0.07243956208,-0.8600019815,1,0
0,0,-0.1537519956,-0.8131243347,1,0
0,0,-0.2749745415,-1.212225459,1,0
0,0,-0.4567996048,-1.818250633,1,0
0,0,-0.7142432192,-2.574436144,1,0
0,0,-1.075037425,-3.607942054,2,-1
1,1,-1.593739548,-5.187021234
0,0,0,0,2,0
0,0,-0.08419730991,-0.8419730991,2,0
0,0,-0.260109393,-1.759120831,0,0
0,0,-0.380289993,-1.201806,2,0
0,0,-0.6288211682,-2.485311752,2,0
0,0,-1.0315787,-4.027575315,1,0
0,0,-1.557258841,-5.256801418,0,-1
1,1,-2.228374819,-6.711159778
0,0,0,0,0,0
0,0,0.09593509916,0.9593509916,2,0
0,0,0.1267380314,0.3080293224,0,0
0,0,0.2792679307,1.525298993,1,0
0,0,0.4636992851,1.844313545,0,0
0,0,0.8039698002,3.402705151,2,0
0,0,1.18266955,3.786997503,0,-1
1,1,1.717266015,5.345964645
0,0,0,0,1,0
0,0,-0.003496187371,-0.03496187371,2,0
0,0,-0.08004101314,-0.7654482577,2,0
0,0,-0.2622942065,-1.822531934,1,0
0,0,-0.4878105318,-2.255163253,2,0
0,0,-0.8767253796,-3.889148478,0,0
0,0,-1.315425335,-4.386999553,2,-1
1,1,-1.913343421,-5.979180863
0,0,0,0,0,0
0,0,0.09747332587,0.9747332587,1,0
0,0,0.2049062337,1.074329078,1,0
0,0,0.3456265078,1.407202741,2,0
0,0,0.4663633821,1.207368744,0,0
0,0,0.7255539265,2.591905443,0,0
0,0,1.155907443,4.303535165,2,-1
1,1,1.681202917,5.252954744
0,0,0,0,2,0
0,0,-0.07942456644,-0.7942456644,1,0
0,0,-0.163228406,-0.8380383961,1,0
0,0,-0.2743383333,-1.111099272,1,0
0,0,-0.4415473548,-1.672090215,2,0
0,0,-0.7653587556,-3.238114008,1,0
0,0,-1.185925868,-4.205671123,1,-1
1,1,-1.741066978,-5.551411101
0,0,0,0,0,0
0,0,0.08810081803,0.8810081803,0,0
0,0,0.2858798103,1.977789923,0,0
0,0,0.6236475445,3.377677342,1,0
0,0,1.03810575,4.144582053,1,0
0,0,1.569956832,5.318510825,1,-1
1,1,2.248781097,6.788242647
0,0,0,0,1,0
0,0,0.01580698447,0.1580698447,0,0
0,0,0.1376707882,1.218638037,1,0
0,0,0.2799800895,1.423093013,0,0
0,0,0.5377169827,2.577368933,2,0
0,0,0.8023227301,2.646057474,2,0
0,0,1.122088536,3.197658062,2,0
0,0,1.532876962,4.107884259,1,-1
1,1,2.089069762,5.561927994
0,0,0,0,1,0
0,0,0.01668775662,0.1668775662,0,0
0,0,0.1356183307,1.189305741,0,0
0,0,0.3532915982,2.176732674,0,0
0,0,0.6936835989,3.403920008,0,0
0,0,1.195498279,5.018146798,1,-1
1,1,1.827462762,6.319644834
0,0,0,0,1,0
0,0,0.01498087628,0.1498087628,0,0
0,0,0.1084555575,0.9347468122,0,0
0,0,0.3234171095,2.14961552,0,0
0,0,0.6616684176,3.382513081,0,0
0,0,1.146891172,4.85222754,0,-1
1,1,1.785109762,6.382185902
0,0,0,0,2,0
0,0,-0.07736325491,-0.7736325491,1,0
0,0,-0.1693948836,-0.9203162871,2,0
0,0,-0.370724884,-2.013300004,1,0
0,0,-0.6425188516,-2.717939676,1,0
0,0,-1.012847982,-3.7032913,0,0
0,0,-1.464460426,-4.516124445,0,-1
1,1,-2.051162074,-5.867016476
0,0,0,0,2,0
0,0,-0.0711265729,-0.711265729,0,0
0,0,-0.07256886202,-0.01442289114,1,0
0,0,-0.09102708722,-0.184582252,2,0
0,0,-0.2241771306,-1.331500433,2,0
0,0,-0.4751135709,-2.509364403,2,0
0,0,-0.8627399226,-3.876263517,1,0
0,0,-1.366507181,-5.037672584,1,-1
1,1,-2.009398116,-6.428909348
0,0,0,0,0,0
0,0,0.1025509715,1.025509715,1,0
0,0,0.2294111222,1.268601506,1,0
0,0,0.4054733547,1.760622325,0,0
0,0,0.7254595287,3.19986174,1,0
0,0,1.154734851,4.292753228,0,-1
1,1,1.738619692,5.838848405
0,0,0,0,0,0
0,0,0.08215850395,0.8215850395,2,0
0,0,0.09625930986,0.1410080591,2,0
0,0,0.03769940772,-0.5855990214,0,0
0,0,0.0562338072,0.1853439947,2,0
0,0,-0.008100760076,-0.6433456728,2,0
0,0,-0.1642201499,-1.561193899,1,0
0,0,-0.3438424995,-1.796223495,1,0
0,0,-0.5673759889,-2.235334894,0,0
0,0,-0.8097950211,-2.424190322,1,0
0,0,-1.167568653,-3.577736318,2,-1
1,1,-1.685099429,-5.17530776
0,0,0,0,1,0
0,0,-0.001493390513,-0.01493390513,1,0
0,0,0.007832546515,0.09325937028,2,0
0,0,-0.05591066006,-0.6374320657,0,0
0,0,-0.0472962298,0.08614430252,2,0
0,0,-0.1507108514,-1.034146216,2,0
0,0,-0.3739078662,-2.231970148,1,0
0,0,-0.6483538333,-2.744459671,2,0
0,0,-1.083924456,-4.355706227,2,-1
1,1,-1.676435392,-5.925109358
0,0,0,0,2,0
0,0,-0.1045478492,-1.045478492,0,0
0,0,-0.1475965524,-0.4304870326,1,0
0,0,-0.219811636,-0.7221508356,1,0
0,0,-0.3150153187,-0.9520368275,0,0
0,0,-0.3697065863,-0.5469126756,2,0
0,0,-0.5714724213,-2.01765835,0,0
0,0,-0.7853392381,-2.138668168,1,0
0,0,-1.107911469,-3.225722313,1,0
0,0,-1.560096569,-4.521850993,0,-1
1,1,-2.158151136,-5.980545669
0,0,0,0,2,0
0,0,-0.09621836464,-0.9621836464,2,0
0,0,-0.2949137802,-1.986954156,0,0
0,0,-0.4563084886,-1.613947084,0,0
0,0,-0.6083146147,-1.520061261,1,0
0,0,-0.8522208204,-2.439062057,1,0
0,0,-1.205768974,-3.535481532,0,-1
1,1,-1.666297635,-4.605286616
0,0,0,0,0,0
0,0,0.08457552806,0.8457552806,1,0
0,0,0.1934177059,1.088421778,1,0
0,0,0.3459775912,1.525598853,2,0
0,0,0.4771271844,1.311495932,0,0
0,0,0.7654253934,2.88298209,0,0
0,0,1.217993916,4.525685227,2,-1
1,1,1.773902479,5.55908563
0,0,0,0,1,0
0,0,0.005982369066,0.05982369066,1,0
0,0,0.01717086212,0.1118849305,0,0
0,0,0.127167069,1.099962069,1,0
0,0,0.2759263293,1.487592603,1,0
0,0,0.4570912579,1.811649286,2,0
0,0,0.6364084499,1.79317192,2,0
0,0,0.8313619513,1.949535014,2,0
0,0,1.095057082,2.636951305,2,0
0,0,1.450737179,3.556800976,2,-1
1,1,1.941318565,4.905813854
0,0,0,0,0,0
0,0,0.09272456686,0.9272456686,0,0
0,0,0.2847134507,1.919888838,2,0
0,0,0.4378099864,1.530965357,0,0
0,0,0.7411376501,3.033276638,1,0
0,0,1.146727682,4.055900321,0,-1
1,1,1.714858526,5.681308438
0,0,0,0,0,0
0,0,0.1007931081,1.007931081,1,0
0,0,0.221577274,1.207841659,0,0
0,0,0.4592084414,2.376311674,1,0
0,0,0.7819779262,3.227694848,0,0
0,0,1.266764574,4.847866481,1,-1
1,1,1.882148433,6.153838587
0,0,0,0,1,0
0,0,0.005853132294,0.05853132294,2,0
0,0,-0.06111006028,-0.6696319257,2,0
0,0,-0.2393660863,-1.78256026,1,0
0,0,-0.4497133904,-2.10347304,1,0
0,0,-0.735103858,-2.853904676,0,0
0,0,-1.058507681,-3.234038231,2,0
0,0,-1.542849667,-4.843419856,0,-1
1,1,-2.170950262,-6.28100595
0,0,0,0,1,0
0,0,0.01482304879,0.1482304879,2,0
0,0,-0.05528421457,-0.7010726336,1,0
0,0,-0.1465477267,-0.9126351212,2,0
0,0,-0.3571356646,-2.105879379,1,0
0,0,-0.6278393175,-2.707036529,1,0
0,0,-0.9875538629,-3.597145454,1,0
0,0,-1.458309785,-4.70755922,0,-1
1,1,-2.063295981,-6.049861963
0,0,0,0,2,0
0,0,-0.09436026762,-0.9436026762,2,0
0,0,-0.2947057192,-2.003454516,0,0
0,0,-0.4626075228,-1.679018036,0,0
0,0,-0.6134441686,-1.508366457,2,0
0,0,-0.9361903006,-3.22746132,2,0
0,0,-1.431487466,-4.952971657,1,-1
1,1,-2.069578597,-6.380911311
0,0,0,0,2,0
0,0,-0.0913138389,-0.913138389,2,0
0,0,-0.291810536,-2.004966971,2,0
0,0,-0.6303485758,-3.385380398,2,0
0,0,-1.122809317,-4.924607413,2,-1
1,1,-1.764845081,-6.420357636
0,0,0,0,0,0
0,0,0.09218629546,0.9218629546,1,0
0,0,0.2056662183,1.134799228,2,0
0,0,0.2558263032,0.501600849,1,0
0,0,0.3641660476,1.083397445,1,0
0,0,0.5381593367,1.739932891,2,0
0,0,0.7291082646,1.909489279,1,0
0,0,1.012822981,2.837147167,0,0
0,0,1.459418498,4.465955167,0,-1
1,1,2.05893044,5.99511942
0,0,0,0,1,0
0,0,-0.00133927323,-0.0133927323,2,0
0,0,-0.08761079892,-0.8627152569,0,0
0,0,-0.1024253275,-0.1481452858,1,0
0,0,-0.1409932523,-0.3856792481,0,0
0,0,-0.1290940068,0.1189924554,2,0
0,0,-0.213044956,-0.8395094923,0,0
0,0,-0.2438064169,-0.3076146086,2,0
0,0,-0.4065404464,-1.627340296,1,0
0,0,-0.6297495285,-2.232090821,0,0
0,0,-0.8651383854,-2.353888569,1,0
0,0,-1.217981481,-3.528430953,1,-1
1,1,-1.706848454,-4.888669737
0,0,0,0,1,0
0,0,-0.006895339584,-0.06895339584,0,0
0,0,0.08918580116,0.9608114075,0,0
0,0,0.2882081861,1.99022385,1,0
0,0,0.5352623691,2.47054183,1,0
0,0,0.8548689453,3.196065762,1,0
0,0,1.284420473,4.295515277,2,-1
1,1,1.830595091,5.461746183
0,0,0,0,0,0
0,0,0.09232704531,0.9232704531,1,0
0,0,0.2143838777,1.220568324,2,0
0,0,0.2748503877,0.6046651002,1,0
0,0,0.3768565493,1.020061616,1,0
0,0,0.5355441176,1.586875683,1,0
0,0,0.7664450708,2.309009532,2,0
0,0,1.034935986,2.684909147,0,0
0,0,1.463165555,4.282295694,1,-1
1,1,2.035728358,5.725628033
0,0,0,0,2,0
0,0,-0.1029154692,-1.029154692,2,0
0,0,-0.3101382285,-2.072227593,0,0
0,0,-0.4845516563,-1.744134278,0,0
0,0,-0.6518411252,-1.672894689,2,0
0,0,-0.9764164295,-3.245753043,0,0
0,0,-1.385337332,-4.089209029,1,-1
1,1,-1.934729898,-5.493925652
0,0,0,0,1,0
0,0,0.01411535922,0.1411535922,1,0
0,0,0.04242089482,0.2830553561,0,0
0,0,0.148623331,1.062024361,1,0
0,0,0.2768580219,1.282346909,1,0
0,0,0.4618585167,1.850004948,0,0
0,0,0.8103649983,3.485064816,1,0
0,0,1.261866883,4.515018848,1,-1
1,1,1.84464439,5.827775072
0,0,0,0,1,0
0,0,0.015470984,0.15470984,0,0
0,0,0.1220535701,1.065825861,1,0
0,0,0.2395713343,1.175177641,2,0
0,0,0.3128205672,0.7324923293,0,0
0,0,0.5129427975,2.001222303,2,0
0,0,0.7055449574,1.926021599,0,0
0,0,1.063532743,3.579877851,1,0
0,0,1.544645387,4.811126443,1,-1
1,1,2.172059045,6.274136578
0,0,0,0,0,0
0,0,0.0984181211,0.984181211,2,0
0,0,0.1126920726,0.142739515,0,0
0,0,0.2178528558,1.051607831,2,0
0,0,0.2792327981,0.6137994238,0,0
0,0,0.4830595379,2.038267397,1,0
0,0,0.7743673515,2.913078136,0,0
0,0,1.218248098,4.438807464,0,-1
1,1,1.819063029,6.008149314
0,0,0,0,2,0
0,0,-0.09675509138,-0.9675509138,2,0
0,0,-0.2909341313,-1.941790399,1,0
0,0,-0.5232594845,-2.323253532,0,0
0,0,-0.7635572421,-2.402977577,1,0
0,0,-1.107728055,-3.441708129,0,0
0,0,-1.541458577,-4.337305224,0,-1
1,1,-2.118859315,-5.774007373
0,0,0,0,2,0
0,0,-0.08173577426,-0.8173577426,0,0
0,0,-0.08315986754,-0.01424093282,0,0
0,0,0.0006538760995,0.8381374364,0,0
0,0,0.1643976423,1.637437662,2,0
0,0,0.2557244795,0.9132683713,0,0
0,0,0.472758042,2.170335625,0,0
0,0,0.8379578913,3.651998493,1,0
0,0,1.302107695,4.641498035,2,-1
1,1,1.877704865,5.755971698
0,0,0,0,1,0
0,0,-0.009479947849,-0.09479947849,0,0
0,0,0.0795474267,0.8902737454,0,0
0,0,0.2656277695,1.860803428,2,0
0,0,0.4134203167,1.477925471,0,0
0,0,0.7101820392,2.967617225,0,0
0,0,1.159402487,4.492204477,0,-1
1,1,1.761367784,6.019652971
0,0,0,0,2,0
0,0,-0.08378630089,-0.8378630089,0,0
0,0,-0.09927655444,-0.1549025355,0,0
0,0,-0.04807353484,0.512030196,0,0
0,0,0.07815206957,1.262256044,1,0
0,0,0.2173652994,1.392132299,1,0
0,0,0.4076863124,1.90321013,1,0
0,0,0.6583350358,2.506487234,0,0
0,0,1.073405557,4.150705215,2,-1
1,1,1.580340669,5.069351119
0,0,0,0,2,0
0,0,-0.07498226877,-0.7498226877,2,0
0,0,-0.2627917373,-1.878094686,2,0
0,0,-0.582167096,-3.193753586,0,0
0,0,-0.9272983422,-3.451312462,2,0
0,0,-1.427265017,-4.99966675,2,-1
1,1,-2.07659672,-6.493317025
0,0,0,0,2,0
0,0,-0.08038174074,-0.8038174074,1,0
0,0,-0.1867739405,-1.063921998,0,0
0,0,-0.2492788145,-0.62504874,2,0
0,0,-0.4303962559,-1.811174414,1,0
0,0,-0.6842279232,-2.538316673,2,0
0,0,-1.091271624,-4.070437009,2,-1
1,1,-1.665415745,-5.741441209
0,0,0,0,2,0
0,0,-0.09366148263,-0.9366148263,1,0
0,0,-0.1951674235,-1.015059408,2,0
0,0,-0.4138790107,-2.187115873,0,0
0,0,-0.6302050605,-2.163260497,0,0
0,0,-0.8640445568,-2.338394963,2,0
0,0,-1.27180019,-4.07755633,2,-1
1,1,-1.836178642,-5.643784518
0,0,0,0,2,0
0,0,-0.09359372557,-0.9359372557,1,0
0,0,-0.195168598,-1.015748725,1,0
0,0,-0.3439941002,-1.488255022,0,0
0,0,-0.4805860974,-1.365919972,0,0
0,0,-0.61060574,-1.300196425,2,0
0,0,-0.8902991342,-2.796933942,1,0
0,0,-1.288519552,-3.982204176,1,-1
1,1,-1.823825951,-5.353063996
0,0,0,0,0,0
0,0,0.0942121828,0.942121828,2,0
0,0,0.1276254931,0.3341331032,1,0
0,0,0.1945939099,0.6696841681,1,0
0,0,0.2904457295,0.9585181961,1,0
0,0,0.447091841,1.566461114,1,0
0,0,0.6802779591,2.331861181,2,0
0,0,0.9441318182,2.638538592,0,0
0,0,1.368554735,4.244229167,0,-1
1,1,1.949142884,5.80588149
0,0,0,0,1,0
0,0,-0.002233064214,-0.02233064214,2,0
0,0,-0.08158906488,-0.7935600066,1,0
0,0,-0.1825164854,-1.009274205,2,0
0,0,-0.4152032872,-2.326868018,2,0
0,0,-0.8036698195,-3.884665323,0,0
0,0,-1.229828881,-4.261590613,1,-1
1,1,-1.789572533,-5.597436521
0,0,0,0,0,0
0,0,0.07817745092,0.7817745092,0,0
0,0,0.2518191181,1.736416672,1,0
0,0,0.4542116822,2.023925641,1,0
0,0,0.7382625987,2.840509165,1,0
0,0,1.127589714,3.893271155,0,-1
1,1,1.671944377,5.443546632
0,0,0,0,2,0
0,0,-0.07613075517,-0.7613075517,0,0
0,0,-0.08366204947,-0.075312943,1,0
0,0,-0.09657034026,-0.1290829079,1,0
0,0,-0.1298555035,-0.3328516322,0,0
0,0,-0.09687257319,0.3298293029,2,0
0,0,-0.1645244947,-0.6765192147,0,0
0,0,-0.1623039638,0.0222053086,1,0
0,0,-0.1713939342,-0.09089970407,1,0
0,0,-0.2246552595,-0.5326132533,1,0
0,0,-0.3076012633,-0.8294600377,0,0
0,0,-0.3636132268,-0.5601196349,0,0
0,0,-0.3939460903,-0.303328635,2,0
0,0,-0.5684872657,-1.745411754,2,0
0,0,-0.9057778464,-3.372905807,0,0
0,0,-1.315715249,-4.09937403,1,-1
1,1,-1.86093466,-5.45219411
0,0,0,0,1,0
0,0,0.01477819466,0.1477819466,0,0
0,0,0.1270186892,1.122404945,1,0
0,0,0.245672096,1.186534068,2,0
0,0,0.3120339974,0.6636190145,2,0
0,0,0.3474718977,0.3543790026,0,0
0,0,0.5268535084,1.793816107,0,0
0,0,0.847728921,3.208754127,0,0
0,0,1.327810531,4.800816105,1,-1
1,1,1.94621723,6.184066981
0,0,0,0,0,0
0,0,0.07490403203,0.7490403203,2,0
0,0,0.07774678109,0.02842749052,1,0
0,0,0.1071883635,0.2944158242,2,0
0,0,0.07311415598,-0.3407420753,2,0
0,0,-0.04149432281,-1.146084788,1,0
0,0,-0.1496342046,-1.081398818,2,0
0,0,-0.3869940624,-2.373598578,2,0
0,0,-0.7591693741,-3.721753117,0,0
0,0,-1.179513038,-4.203436642,0,-1
1,1,-1.694991105,-5.154780671
0,0,0,0,1,0
0,0,-0.001728753935,-0.01728753935,2,0
0,0,-0.09985727528,-0.9812852134,2,0
0,0,-0.3177806668,-2.179233915,1,0
0,0,-0.582736943,-2.649562762,1,0
0,0,-0.9444324289,-3.616954858,0,0
0,0,-1.38081143,-4.36379001,1,-1
1,1,-1.956942936,-5.761315061
0,0,0,0,1,0
0,0,0.0161749216,0.161749216,1,0
0,0,0.03344216933,0.1726724773,2,0
0,0,-0.04131963936,-0.7476180869,0,0
0,0,-0.04724681981,-0.05927180452,0,0
0,0,0.04358463704,0.9083145685,2,0
0,0,0.05178343829,0.08198801249,1,0
0,0,0.05888714615,0.07103707863,2,0
0,0,-0.02756502395,-0.864521701,0,0
0,0,-0.04639442141,-0.1882939746,2,0
0,0,-0.1546062854,-1.08211864,0,0
0,0,-0.2078588463,-0.5325256084,2,0
0,0,-0.3912817819,-1.834229356,2,0
0,0,-0.7067475352,-3.154657534,0,0
0,0,-1.056696369,-3.49948834,1,0
0,0,-1.530192072,-4.734957028,2,-1
1,1,-2.151825919,-6.216338471
0,0,0,0,1,0
0,0,0.009110882919,0.09110882919,0,0
0,0,0.09836676924,0.8925588632,2,0
0,0,0.1298550661,0.3148829688,0,0
0,0,0.2638790538,1.340239877,1,0
0,0,0.4491010038,1.852219501,2,0
0,0,0.6312892607,1.821882569,0,0
0,0,0.9611466177,3.29857357,0,0
0,0,1.44758151,4.864348926,2,-1
1,1,2.066987986,6.194064752
0,0,0,0,1,0
0,0,0.01170486919,0.1170486919,1,0
0,0,0.04163815963,0.2993329044,0,0
0,0,0.1734900914,1.318519317,0,0
0,0,0.4176021153,2.441120239,1,0
0,0,0.7366195426,3.190174273,2,0
0,0,1.088893662,3.522741192,1,0
0,0,1.566487013,4.775933508,1,-1
1,1,2.190922992,6.244359792
0,0,0,0,2,0
0,0,-0.08100293894,-0.8100293894,2,0
0,0,-0.2535340089,-1.7253107,2,0
0,0,-0.5472774925,-2.937434836,1,0
0,0,-0.9177852833,-3.705077908,2,0
0,0,-1.440818322,-5.230330385,2,-1
1,1,-2.116291752,-6.754734301
0,0,0,0,2,0
0,0,-0.08110646713,-0.8110646713,1,0
0,0,-0.1737880474,-0.926815803,0,0
0,0,-0.1924067487,-0.1861870122,2,0
0,0,-0.3244965898,-1.320898412,2,0
0,0,-0.5891062321,-2.646096423,0,0
0,0,-0.8759524615,-2.868462294,0,0
0,0,-1.2198643,-3.439118381,2,-1
1,1,-1.727166523,-5.073022232
0,0,0,0,1,0
0,0,0.01744819443,0.1744819443,1,0
0,0,0.02424078937,0.06792594944,1,0
0,0,0.028453653,0.04212863623,2,0
0,0,-0.04444726368,-0.7290091668,0,0
0,0,-0.05181277871,-0.07365515024,1,0
0,0,-0.08248089997,-0.3066812126,0,0
0,0,-0.02460361502,0.5787728495,0,0
0,0,0.1253394025,1.499430175,0,0
0,0,0.3948147431,2.694753407,2,0
0,0,0.6402106585,2.453959153,1,0
0,0,0.9855702107,3.453595522,0,0
0,0,1.486895581,5.013253708,0,-1
1,1,2.137731589,6.508360073
0,0,0,0,2,0
0,0,-0.09916680198,-0.9916680198,1,0
0,0,-0.202847157,-1.03680355,1,0
0,0,-0.3479880811,-1.451409241,0,0
0,0,-0.4551064807,-1.071183996,2,0
0,0,-0.7040115062,-2.489050256,2,0
0,0,-1.104853606,-4.008420997,0,-1
1,1,-1.60105452,-4.962009142
0,0,0,0,2,0
0,0,-0.0963514614,-0.963514614,0,0
0,0,-0.1056988087,-0.09347347271,2,0
0,0,-0.2133422391,-1.076434305,1,0
0,0,-0.3580405771,-1.446983379,1,0
0,0,-0.5682094348,-2.101688577,1,0
0,0,-0.8704484074,-3.022389726,2,0
0,0,-1.327251596,-4.568031886,0,-1
1,1,-1.904653533,-5.774019366
0,0,0,0,0,0
0,0,0.09374812206,0.9374812206,1,0
0,0,0.208381379,1.146332569,1,0
0,0,0.3420080527,1.336266737,1,0
0,0,0.5258046597,1.83796607,2,0
0,0,0.7112526476,1.85447988,0,0
0,0,1.070541358,3.592887106,0,-1
1,1,1.590046783,5.19505425
0,0,0,0,0,0
0,0,0.08136496029,0.8136496029,2,0
0,0,0.08977008616,0.08405125873,2,0
0,0,0.02795910659,-0.6181097957,1,0
0,0,-0.01520443002,-0.4316353661,2,0
0,0,-0.1643364171,-1.491319871,2,0
0,0,-0.4209038002,-2.56567383,1,0
0,0,-0.7455515508,-3.246477506,2,0
0,0,-1.22828076,-4.827292089,0,-1
1,1,-1.817963256,-5.896824966
0,0,0,0,0,0
0,0,0.1024418651,1.024418651,2,0
0,0,0.1225522199,0.2011035482,2,0
0,0,0.07203867758,-0.5051354234,2,0
0,0,-0.06981154859,-1.418502262,0,0
0,0,-0.151839636,-0.8202808741,1,0
0,0,-0.2671130448,-1.152734088,1,0
0,0,-0.4287912866,-1.616782418,2,0
0,0,-0.7466036187,-3.178123321,1,0
0,0,-1.155644916,-4.090412975,1,-1
1,1,-1.694978493,-5.393335764
0,0,0,0,2,0
0,0,-0.08126755226,-0.8126755226,1,0
0,0,-0.1813329178,-1.000653656,1,0
0,0,-0.305791192,-1.244582742,1,0
0,0,-0.4777248155,-1.719336235,0,0
0,0,-0.6483077129,-1.705828974,1,0
0,0,-0.9099762147,-2.616685018,2,0
0,0,-1.339646691,-4.296704758,0,-1
1,1,-1.891595972,-5.519492815
0,0,0,0,2,0
0,0,-0.09452591424,-0.9452591424,1,0
0,0,-0.1932218068,-0.9869589252,2,0
0,0,-0.4227150631,-2.294932564,2,0
0,0,-0.8077059538,-3.849908906,0,0
0,0,-1.23613427,-4.284283166,1,-1
1,1,-1.793381154,-5.572468836
0,0,0,0,2,0
0,0,-0.08332431735,-0.8332431735,0,0
0,0,-0.08693331275,-0.036089954,0,0
0,0,-0.003561786461,0.8337152629,2,0
0,0,-0.0105927879,-0.07031001435,0,0
0,0,0.07598951804,0.8658230594,1,0
0,0,0.1813973925,1.054078745,1,0
0,0,0.3071942342,1.257968416,1,0
0,0,0.4855556176,1.783613834,2,0
0,0,0.6686533821,1.830977645,0,0
0,0,1.025980601,3.573272187,1,0
0,0,1.512428489,4.864478884,0,-1
1,1,2.147800418,6.353719284
0,0,0,0,1,0
0,0,-0.003088138034,-0.03088138034,1,0
0,0,0.009018723585,0.1210686162,0,0
0,0,0.1016898225,0.9267109892,2,0
0,0,0.1304939123,0.2880408975,1,0
0,0,0.1909810318,0.604871195,1,0
0,0,0.2950067351,1.040257034,2,0
0,0,0.365130232,0.7012349683,0,0
0,0,0.561126537,1.959963051,2,0
0,0,0.7602368441,1.991103071,1,0
0,0,1.075809671,3.155728267,1,0
0,0,1.525057714,4.492480434,0,-1
1,1,2.123411256,5.98353542
0,0,0,0,2,0
0,0,-0.09070998988,-0.9070998988,0,0
0,0,-0.1057334299,-0.1502344007,1,0
0,0,-0.1322999824,-0.2656655247,1,0
0,0,-0.1844612564,-0.5216127398,0,0
0,0,-0.186254842,-0.01793585628,1,0
0,0,-0.2311353621,-0.4488052012,1,0
0,0,-0.3129868363,-0.818514742,0,0
0,0,-0.3608161635,-0.4782932713,0,0
0,0,-0.4021036162,-0.4128745272,1,0
0,0,-0.5234707173,-1.213671012,1,0
0,0,-0.7277873906,-2.043166733,1,0
0,0,-1.038166175,-3.103787841,0,0
0,0,-1.429609315,-3.9144314,1,-1
1,1,-1.964807585,-5.3519827
0,0,0,0,2,0
0,0,-0.1015458975,-1.015458975,0,0
0,0,-0.1459460833,-0.4440018577,1,0
0,0,-0.2279398133,-0.8199373004,2,0
0,0,-0.4412296968,-2.132898835,1,0
0,0,-0.728808709,-2.875790122,1,0
0,0,-1.121469573,-3.926608638,2,-1
1,1,-1.672617949,-5.511483764
0,0,0,0,2,0
0,0,-0.07518051408,-0.7518051408,1,0
0,0,-0.1775939142,-1.024134001,2,0
0,0,-0.4079949697,-2.304010556,2,0
0,0,-0.7701201549,-3.621251852,1,0
0,0,-1.221441974,-4.513218191,0,-1
1,1,-1.776620536,-5.551785616
0,0,0,0,2,0
0,0,-0.08920001661,-0.8920001661,2,0
0,0,-0.2921487793,-2.029487627,2,0
0,0,-0.6373446671,-3.451958879,0,0
0,0,-1.002298929,-3.649542614,2,0
0,0,-1.529288683,-5.269897542,2,-1
1,1,-2.204722582,-6.754338993
0,0,0,0,0,0
0,0,0.07326248435,0.7326248435,0,0
0,0,0.2398868013,1.66624317,2,0
0,0,0.3489932712,1.091064699,2,0
0,0,0.4442831821,0.9528991083,2,0
0,0,0.5465928637,1.023096816,2,0
0,0,0.6570705676,1.104777039,1,0
0,0,0.8713874374,2.143168698,1,0
0,0,1.201266464,3.298790266,0,-1
1,1,1.690921855,4.896553905
0,0,0,0,0,0
0,0,0.08917802987,0.8917802987,1,0
0,0,0.2011923965,1.120143666,2,0
0,0,0.2777070957,0.765146992,1,0
0,0,0.4128597137,1.35152618,2,0
0,0,0.5445609611,1.317012474,1,0
0,0,0.7530881262,2.085271651,2,0
0,0,1.018012158,2.649240316,1,0
0,0,1.403348348,3.853361907,2,-1
1,1,1.915895573,5.125472248
0,0,0,0,2,0
0,0,-0.09176381555,-0.9176381555,2,0
0,0,-0.2724128933,-1.806490778,0,0
0,0,-0.4034734768,-1.310605835,0,0
0,0,-0.5332755864,-1.298021096,1,0
0,0,-0.7331233042,-1.998477178,0,0
0,0,-0.9811962964,-2.480729922,1,0
0,0,-1.35563234,-3.744360431,1,-1
1,1,-1.872831854,-5.171995146
0,0,0,0,2,0
0,0,-0.09866014473,-0.9866014473,2,0
0,0,-0.3067857953,-2.081256506,0,0
0,0,-0.4715138883,-1.64728093,2,0
0,0,-0.7928390886,-3.213252003,0,0
0,0,-1.166166573,-3.733274843,0,-1
1,1,-1.635888521,-4.697219484
0,0,0,0,1,0
0,0,0.01151236512,0.1151236512,2,0
0,0,-0.04888796333,-0.6040032845,1,0
0,0,-0.128434475,-0.7954651171,1,0
0,0,-0.2146986606,-0.8626418557,0,0
0,0,-0.2582423381,-0.4354367752,0,0
0,0,-0.2553000135,0.02942324648,1,0
0,0,-0.3110961824,-0.5579616888,0,0
0,0,-0.3455811808,-0.3448499841,1,0
0,0,-0.435399442,-0.8981826123,1,0
0,0,-0.5993507012,-1.639512592,1,0
0,0,-0.8432896944,-2.439389932,2,0
0,0,-1.257593275,-4.143035802,0,-1
1,1,-1.786928335,-5.293350603
0,0,0,0,2,0
0,0,-0.08420594656,-0.8420594656,2,0
0,0,-0.274944683,-1.907387365,2,0
0,0,-0.5854457884,-3.105011054,1,0
0,0,-0.9774998921,-3.920541036,2,0
0,0,-1.529291941,-5.517920492,1,-1
1,1,-2.225768959,-6.964770173
0,0,0,0,2,0
0,0,-0.1011380374,-1.011380374,0,0
0,0,-0.1367619361,-0.3562389869,0,0
0,0,-0.1003477992,0.3641413692,1,0
0,0,-0.07784237185,0.2250542736,2,0
0,0,-0.1697944352,-0.9195206337,1,0
0,0,-0.2931367352,-1.233423,1,0
0,0,-0.4566774403,-1.635407051,1,0
0,0,-0.7015840789,-2.449066386,2,0
0,0,-1.117910401,-4.163263222,0,-1
1,1,-1.632483399,-5.145729979
0,0,0,0,2,0
0,0,-0.08098781662,-0.8098781662,2,0
0,0,-0.2521270166,-1.711392,0,0
0,0,-0.3960967768,-1.439697602,1,0
0,0,-0.6174623069,-2.213655301,2,0
0,0,-1.002628054,-3.851657474,2,0
0,0,-1.542557038,-5.399289835,0,-1
1,1,-2.225957409,-6.834003715
0,0,0,0,0,0
0,0,0.08289122428,0.8289122428,1,0
0,0,0.1965935869,1.137023626,2,0
0,0,0.2499403663,0.5334677941,1,0
0,0,0.3591851184,1.092447521,1,0
0,0,0.5126974857,1.535123673,0,0
0,0,0.8257083476,3.130108619,0,0
0,0,1.293051595,4.673432472,2,-1
1,1,1.870177523,5.77125928
0,0,0,0,2,0
0,0,-0.07068196692,-0.7068196692,1,0
0,0,-0.1414417786,-0.7075981169,0,0
0,0,-0.1370890307,0.04352747941,2,0
0,0,-0.2493413955,-1.122523648,2,0
0,0,-0.471165466,-2.218240706,1,0
0,0,-0.7801683415,-3.090028755,2,0
0,0,-1.246964167,-4.667958257,1,-1
1,1,-1.841724996,-5.947608285
0,0,0,0,0,0
0,0,0.09340433785,0.9340433785,2,0
0,0,0.1179906979,0.2458636002,0,0
0,0,0.2437509068,1.257602089,0,0
0,0,0.4967874389,2.530365321,0,0
0,0,0.9025144009,4.057269621,1,0
0,0,1.424043972,5.215295713,2,-1
1,1,2.075839228,6.517952553
0,0,0,0,0,0
0,0,0.08836381536,0.8836381536,0,0
0,0,0.2947395574,2.06375742,1,0
0,0,0.5338324737,2.390929163,2,0
0,0,0.7866593475,2.528268738,2,0
0,0,1.085865043,2.992056953,2,0
0,0,1.471355459,3.854904158,2,-1
1,1,1.993111087,5.217556285
0,0,0,0,0,0
0,0,0.08685642066,0.8685642066,0,0
0,0,0.2898226944,2.029662737,0,0
0,0,0.6197127429,3.298900485,1,0
0,0,1.031092071,4.113793279,2,0
0,0,1.52674932,4.956572488,1,-1
1,1,2.168076794,6.41327474
0,0,0,0,1,0
0,0,0.002064377092,0.02064377092,1,0
0,0,-0.009870761163,-0.1193513826,1,0
0,0,-0.008260289039,0.01610472124,1,0
0,0,-0.01778673436,-0.09526445323,0,0
0,0,0.06242540157,0.8021213593,2,0
0,0,0.05055104224,-0.1187435933,0,0
0,0,0.119743869,0.6919282674,2,0
0,0,0.1245991093,0.04855240315,2,0
0,0,0.05027316385,-0.7432594545,2,0
0,0,-0.08942855291,-1.397017168,1,0
0,0,-0.2584851513,-1.690565984,0,0
0,0,-0.3780894261,-1.196042748,0,0
0,0,-0.4771113887,-0.9902196258,0,0
0,0,-0.5691253243,-0.9201393561,2,0
0,0,-0.827504725,-2.583794007,2,0
0,0,-1.242252677,-4.147479518,2,-1
1,1,-1.814398567,-5.721458906
0,0,0,0,0,0
0,0,0.09420692289,0.9420692289,1,0
0,0,0.201601494,1.073945711,1,0
0,0,0.3330064659,1.31404972,2,0
0,0,0.4414915291,1.084850631,0,0
0,0,0.7075324665,2.660409374,1,0
0,0,1.081565179,3.740327123,0,-1
1,1,1.616588589,5.350234106
0,0,0,0,0,0
0,0,0.0794195825,0.794195825,2,0
0,0,0.09886472174,0.1944513923,2,0
0,0,0.04454566563,-0.5431905611,1,0
0,0,0.01107738201,-0.3346828362,1,0
0,0,-0.005723889268,-0.1680127127,1,0
0,0,-0.02979919731,-0.2407530804,1,0
0,0,-0.04924356905,-0.1944437174,2,0
0,0,-0.1595485605,-1.103049914,0,0
0,0,-0.2264789409,-0.669303804,2,0
0,0,-0.4227689628,-1.962900219,2,0
0,0,-0.7538374861,-3.310685233,2,0
0,0,-1.236495305,-4.826578192,2,-1
1,1,-1.870492606,-6.339973011
0,0,0,0,1,0
0,0,0.01478527818,0.1478527818,0,0
0,0,0.1319724426,1.171871644,1,0
0,0,0.2675735177,1.356010751,2,0
0,0,0.3683451091,1.007715914,0,0
0,0,0.6232084374,2.548633284,2,0
0,0,0.8916253769,2.684169395,1,0
0,0,1.26623049,3.746051126,1,-1
1,1,1.775218368,5.089878787
0,0,0,0,2,0
0,0,-0.09013347849,-0.9013347849,2,0
0,0,-0.2810610148,-1.909275363,2,0
0,0,-0.5918799644,-3.108189496,1,0
0,0,-0.9968375869,-4.049576225,1,0
0,0,-1.520553306,-5.237157195,1,-1
1,1,-2.188850331,-6.682970242
0,0,0,0,0,0
0,0,0.07247078336,0.7247078336,1,0
0,0,0.1606729867,0.882022033,2,0
0,0,0.1866316884,0.2595870175,0,0
0,0,0.3165200306,1.298883421,2,0
0,0,0.4291922336,1.126722031,1,0
0,0,0.6006185989,1.714263652,2,0
0,0,0.8038689869,2.03250388,0,0
0,0,1.180177393,3.763084065,0,-1
1,1,1.711346416,5.311690228
0,0,0,0,1,0
0,0,0.002314287143,0.02314287143,2,0
0,0,-0.08588794533,-0.8820223248,1,0
0,0,-0.1808829384,-0.9499499302,1,0
0,0,-0.2996459795,-1.187630411,2,0
0,0,-0.5637335499,-2.640875705,2,0
0,0,-0.9827563368,-4.190227869,0,0
0,0,-1.467818965,-4.850626283,1,-1
1,1,-2.095883306,-6.28064341
0,0,0,0,1,0
0,0,-0.00573780495,-0.0573780495,0,0
0,0,0.05929810349,0.6503590844,1,0
0,0,0.1303101495,0.7101204601,2,0
0,0,0.1441320743,0.1382192476,2,0
0,0,0.1080591081,-0.3607296611,1,0
0,0,0.09724438631,-0.1081472184,1,0
0,0,0.08969502985,-0.0754935645,1,0
0,0,0.08144687884,-0.0824815101,0,0
0,0,0.1820755679,1.00628689,0,0
0,0,0.388205632,2.061300641,1,0
0,0,0.6418735277,2.536678957,1,0
0,0,0.9883257658,3.464522382,2,0
0,0,1.413908733,4.255829676,1,-1
1,1,1.981017496,5.671087625
0,0,0,0,0,0
0,0,0.1001328626,1.001328626,2,0
0,0,0.1124294945,0.1229663192,1,0
0,0,0.1407502715,0.2832077702,2,0
0,0,0.1186483357,-0.2210193583,0,0
0,0,0.2008184796,0.8217014387,2,0
0,0,0.2189676816,0.1814920199,2,0
0,0,0.1920199078,-0.2694777373,0,0
0,0,0.2970974674,1.050775595,2,0
0,0,0.3567640164,0.5966654902,2,0
0,0,0.4051165366,0.4835252024,2,0
0,0,0.4421040846,0.3698754802,2,0
0,0,0.4696404,0.2753631533,1,0
0,0,0.5605999765,0.909595765,2,0
0,0,0.6721199386,1.115199621,0,0
0,0,0.9582241705,2.861042319,2,0
0,0,1.317813737,3.59589567,2,-1
1,1,1.795172264,4.77358527
0,0,0,0,1,0
0,0,0.007975862605,0.07975862605,2,0
0,0,-0.05914940299,-0.6712526559,2,0
0,0,-0.2299344725,-1.707850696,2,0
0,0,-0.5316307158,-3.016962432,1,0
0,0,-0.902706124,-3.710754083,1,0
0,0,-1.37892516,-4.76219036,0,-1
1,1,-1.978434672,-5.995095124
0,0,0,0,0,0
0,0,0.1026186473,1.026186473,2,0
0,0,0.1270631349,0.2444448758,1,0
0,0,0.1678989056,0.4083577071,2,0
0,0,0.1505502877,-0.1734861792,2,0
0,0,0.05788750302,-0.9266278463,0,0
0,0,0.07306408217,0.1517657915,0,0
0,0,0.1891975929,1.161335107,0,0
0,0,0.4129208384,2.237232455,0,0
0,0,0.7887954974,3.75874659,1,0
0,0,1.276560231,4.877647333,0,-1
1,1,1.921760426,6.452001953
0,0,0,0,2,0
0,0,-0.08622818616,-0.8622818616,0,0
0,0,-0.1086395323,-0.2241134617,1,0
0,0,-0.1595795839,-0.5094005156,0,0
0,0,-0.1613637757,-0.01784191782,2,0
0,0,-0.2612358618,-0.9987208618,1,0
0,0,-0.4007101549,-1.394742931,1,0
0,0,-0.6152744228,-2.145642678,1,0
0,0,-0.9113720129,-2.960975901,1,0
0,0,-1.327267591,-4.158955778,1,-1
1,1,-1.881827338,-5.545597476
0,0,0,0,0,0
0,0,0.07847496541,0.7847496541,0,0
0,0,0.2580760519,1.796010865,1,0
0,0,0.4802828901,2.222068382,1,0
0,0,0.7747883937,2.945055037,2,0
0,0,1.123586836,3.487984419,0,-1
1,1,1.640885201,5.172983649
