2,1,1
0,0,0,0,0,0
0,0,0.08625310922,0.8625310922,1,0
0,0,0.1740228574,0.8776974816,2,0
0,0,0.2126574609,0.386346035,0,0
0,0,0.3808057115,1.681482506,2,0
0,0,0.5411814203,1.603757088,1,0
0,0,0.7709844341,2.298030138,1,0
0,0,1.111773028,3.40788594,0,-1
1,1,1.621017712,5.092446834
0,0,0,0,1,0
0,0,0.0009828539752,0.009828539752,1,0
0,0,-0.008085282497,-0.09068136472,0,0
0,0,0.07391601317,0.8200129567,1,0
0,0,0.1812283769,1.073123638,2,0
0,0,0.2204383662,0.3920998928,2,0
0,0,0.2133693966,-0.07068969613,0,0
0,0,0.3228895211,1.095201245,2,0
0,0,0.3931716111,0.7028208996,1,0
0,0,0.5239085446,1.307369335,0,0
0,0,0.8015566543,2.776481098,0,0
0,0,1.232416355,4.308597005,1,-1
1,1,1.791438004,5.590216488
0,0,0,0,2,0
0,0,-0.07751928302,-0.7751928302,2,0
0,0,-0.2462275888,-1.687083058,1,0
0,0,-0.4633924,-2.171648112,1,0
0,0,-0.7596403207,-2.962479207,2,0
0,0,-1.206679111,-4.470387902,2,-1
1,1,-1.813143615,-6.064645042
0,0,0,0,2,0
0,0,-0.1026425686,-1.026425686,0,0
0,0,-0.1189061043,-0.1626353573,2,0
0,0,-0.2331128505,-1.142067462,1,0
0,0,-0.3989590631,-1.658462126,2,0
0,0,-0.7157707292,-3.16811666,0,0
0,0,-1.061050043,-3.452793141,0,0
0,0,-1.488526388,-4.274763445,2,-1
1,1,-2.06549242,-5.769660326
0,0,0,0,0,0
0,0,0.09243576873,0.9243576873,2,0
0,0,0.1257030593,0.3326729059,0,0
0,0,0.2602725433,1.34569484,1,0
0,0,0.4311177709,1.708452275,1,0
0,0,0.6773054025,2.461876316,0,0
0,0,1.092826875,4.155214726,0,-1
1,1,1.662420567,5.695936923
0,0,0,0,0,0
0,0,0.08453693491,0.8453693491,2,0
0,0,0.08971455133,0.05177616415,0,0
0,0,0.2044614015,1.147468502,2,0
0,0,0.2809064328,0.764450313,0,0
0,0,0.4956985006,2.147920678,0,0
0,0,0.860605522,3.649070213,2,0
0,0,1.271711749,4.111062273,0,-1
1,1,1.836604471,5.648927221
0,0,0,0,1,0
0,0,-0.01189270212,-0.1189270212,2,0
0,0,-0.1208484274,-1.089557252,2,0
0,0,-0.3383722145,-2.175237872,1,0
0,0,-0.6094932189,-2.711210044,1,0
0,0,-0.9705391757,-3.610459567,1,0
0,0,-1.442254146,-4.717149708,0,-1
1,1,-2.046624168,-6.043700216
0,0,0,0,2,0
0,0,-0.08637475926,-0.8637475926,0,0
0,0,-0.08870199031,-0.02327231056,1,0
0,0,-0.113028708,-0.2432671769,2,0
0,0,-0.2299011996,-1.168724916,0,0
0,0,-0.2942929426,-0.6439174302,2,0
0,0,-0.5062663446,-2.11973402,0,0
0,0,-0.7209992169,-2.147328723,2,0
0,0,-1.087297162,-3.662979454,1,-1
1,1,-1.574172551,-4.868753882
0,0,0,0,1,0
0,0,-0.006433676051,-0.06433676051,2,0
0,0,-0.1110348952,-1.046012191,2,0
0,0,-0.3376210809,-2.265861857,2,0
0,0,-0.7085062775,-3.708851965,2,0
0,0,-1.241897568,-5.333912905,0,-1
1,1,-1.875097711,-6.332001432
0,0,0,0,1,0
0,0,0.006984420781,0.06984420781,1,0
0,0,0.02051115658,0.135267358,0,0
0,0,0.1423626943,1.218515377,0,0
0,0,0.3906372565,2.482745622,0,0
0,0,0.7782642517,3.876269952,2,0
0,0,1.213330271,4.350660189,0,-1
1,1,1.805504543,5.921742728
0,0,0,0,1,0
0,0,0.01296459244,0.1296459244,0,0
0,0,0.1095770655,0.9661247303,0,0
0,0,0.3196456674,2.100686019,2,0
0,0,0.511234163,1.915884956,0,0
0,0,0.8632041111,3.519699481,2,0
0,0,1.26593657,4.027324588,2,-1
1,1,1.779457788,5.135212186
0,0,0,0,0,0
0,0,0.08079934509,0.8079934509,1,0
0,0,0.1928293748,1.120300297,2,0
0,0,0.2567004472,0.638710724,2,0
0,0,0.2775341556,0.2083370833,0,0
0,0,0.4452414656,1.6770731,2,0
0,0,0.5921630354,1.469215698,0,0
0,0,0.8982989254,3.0613589,0,0
0,0,1.37100633,4.72707405,2,-1
1,1,1.966772672,5.957663417
0,0,0,0,2,0
0,0,-0.09416383839,-0.9416383839,2,0
0,0,-0.3041592534,-2.09995415,2,0
0,0,-0.6362990811,-3.321398277,2,0
0,0,-1.115844854,-4.795457726,2,-1
1,1,-1.750006006,-6.341611518
0,0,0,0,0,0
0,0,0.1050697882,1.050697882,2,0
0,0,0.1513249746,0.4625518638,2,0
0,0,0.1377167658,-0.1360820887,2,0
0,0,0.07563767296,-0.620790928,0,0
0,0,0.1312924586,0.5565478567,2,0
0,0,0.1284352941,-0.02857164517,2,0
0,0,0.07212446846,-0.5631082565,0,0
0,0,0.1217212163,0.495967478,2,0
0,0,0.1097672678,-0.1195394847,1,0
0,0,0.131948586,0.2218131815,1,0
0,0,0.1709359292,0.3898734325,2,0
0,0,0.1597041741,-0.1123175513,1,0
0,0,0.1687831617,0.09078987583,0,0
0,0,0.303464908,1.346817463,0,0
0,0,0.5641521444,2.606872364,0,0
0,0,0.9813633139,4.172111695,2,0
0,0,1.46520145,4.838381364,1,-1
1,1,2.093038225,6.278367749
0,0,0,0,0,0
0,0,0.08872203659,0.8872203659,0,0
0,0,0.2924305966,2.0370856,0,0
0,0,0.6330422742,3.406116777,1,0
0,0,1.049077078,4.160348035,0,-1
1,1,1.62640695,5.773298727
0,0,0,0,0,0
0,0,0.0749848227,0.749848227,1,0
0,0,0.1590056479,0.8402082524,2,0
0,0,0.1956287906,0.3662314268,1,0
0,0,0.2787522807,0.8312349013,2,0
0,0,0.3199900982,0.412378175,0,0
0,0,0.4967070778,1.767169795,1,0
0,0,0.7647463829,2.680393051,1,0
0,0,1.139720364,3.749739809,0,-1
1,1,1.682155724,5.424353602
0,0,0,0,0,0
0,0,0.08954706866,0.8954706866,1,0
0,0,0.1981322735,1.085852049,2,0
0,0,0.2476831261,0.4955085253,1,0
0,0,0.3296684174,0.8198529135,2,0
0,0,0.3771720795,0.4750366206,2,0
0,0,0.395477756,0.1830567656,2,0
0,0,0.3897894289,-0.05688327091,1,0
0,0,0.4323308988,0.425414699,1,0
0,0,0.5571810799,1.248501811,2,0
0,0,0.704945257,1.477641771,2,0
0,0,0.889210663,1.842654061,1,0
0,0,1.198200748,3.089900845,0,-1
1,1,1.667589156,4.693884084
0,0,0,0,1,0
0,0,0.003399226298,0.03399226298,2,0
0,0,-0.08217636622,-0.8557559252,2,0
0,0,-0.2624594543,-1.802830881,0,0
0,0,-0.3939846699,-1.315252156,1,0
0,0,-0.5993448364,-2.053601665,2,0
0,0,-0.9506772189,-3.513323826,1,0
0,0,-1.419068363,-4.683911445,2,-1
1,1,-2.040997669,-6.219293056
0,0,0,0,2,0
0,0,-0.1033964917,-1.033964917,0,0
0,0,-0.1232212554,-0.1982476365,1,0
0,0,-0.1590579461,-0.3583669073,2,0
0,0,-0.3006967452,-1.416387991,1,0
0,0,-0.4843797232,-1.83682978,2,0
0,0,-0.8110954759,-3.267157527,0,0
0,0,-1.19285747,-3.817619938,2,-1
1,1,-1.731406772,-5.385493019
0,0,0,0,0,0
0,0,0.08978661608,0.8978661608,0,0
0,0,0.2810230366,1.912364205,1,0
0,0,0.5201770639,2.391540273,0,0
0,0,0.8992715465,3.790944827,0,0
0,0,1.433183025,5.339114788,1,-1
1,1,2.108597451,6.754144252
0,0,0,0,0,0
0,0,0.1003357617,1.003357617,0,0
0,0,0.318591877,2.182561154,2,0
0,0,0.5189507512,2.003588742,2,0
0,0,0.7221102894,2.031595382,1,0
0,0,1.037674422,3.155641325,1,0
0,0,1.470602605,4.329281834,2,-1
1,1,2.039984036,5.693814312
0,0,0,0,0,0
0,0,0.07522102348,0.7522102348,0,0
0,0,0.2382097141,1.629886906,0,0
0,0,0.5334770628,2.952673487,0,0
0,0,0.990823871,4.573468082,2,0
0,0,1.514228554,5.234046829,1,-1
1,1,2.181551564,6.673230103
0,0,0,0,1,0
0,0,0.01647495057,0.1647495057,1,0
0,0,0.03815496149,0.2168001092,2,0
0,0,-0.03697510426,-0.7513006575,2,0
0,0,-0.2056130086,-1.686379044,0,0
0,0,-0.3116427686,-1.060297599,1,0
0,0,-0.4715041703,-1.598614018,0,0
0,0,-0.6357776711,-1.642735008,0,0
0,0,-0.8167278119,-1.809501408,2,0
0,0,-1.159061343,-3.423335314,2,-1
1,1,-1.668061143,-5.089997994
0,0,0,0,0,0
0,0,0.07738047469,0.7738047469,2,0
0,0,0.07323177845,-0.04148696234,0,0
0,0,0.1586458013,0.8541402289,0,0
0,0,0.3709836507,2.123378494,0,0
0,0,0.7262678892,3.552842385,2,0
0,0,1.105600289,3.793324,0,-1
1,1,1.650732994,5.451327044
0,0,0,0,0,0
0,0,0.08563496226,0.8563496226,1,0
0,0,0.189936584,1.043016217,2,0
0,0,0.2333518583,0.434152743,2,0
0,0,0.2465363481,0.1318448988,2,0
0,0,0.2018543171,-0.4468203103,2,0
0,0,0.1220093289,-0.7984498822,0,0
0,0,0.1675586928,0.4554936396,1,0
0,0,0.2512371967,0.8367850387,1,0
0,0,0.3771614252,1.259242285,1,0
0,0,0.5706290472,1.93467622,2,0
0,0,0.779641202,2.090121548,0,0
0,0,1.160625125,3.809839234,2,-1
1,1,1.640780975,4.8015585
0,0,0,0,1,0
0,0,0.01412800567,0.1412800567,2,0
0,0,-0.05123407515,-0.6536208083,0,0
0,0,-0.03934552678,0.1188854838,0,0
0,0,0.03762281856,0.7696834534,1,0
0,0,0.1368340839,0.992112653,2,0
0,0,0.1703507711,0.3351668726,0,0
0,0,0.3026906633,1.323398921,2,0
0,0,0.4015875734,0.9889691014,0,0
0,0,0.6496288015,2.480412281,1,0
0,0,1.002685343,3.530565411,2,0
0,0,1.442071801,4.393864587,0,-1
1,1,2.032817262,5.907454611
0,0,0,0,2,0
0,0,-0.09165528606,-0.9165528606,1,0
0,0,-0.1845918483,-0.9293656224,1,0
0,0,-0.3030661236,-1.184742753,2,0
0,0,-0.5539126553,-2.508465317,0,0
0,0,-0.8272400748,-2.733274195,1,0
0,0,-1.200624699,-3.733846242,2,-1
1,1,-1.737187715,-5.365630163
0,0,0,0,1,0
0,0,-0.00090429175,-0.0090429175,0,0
0,0,0.08037930434,0.8128359609,0,0
0,0,0.2612538394,1.80874535,1,0
0,0,0.471519208,2.102653687,0,0
0,0,0.8266791669,3.551599589,1,0
0,0,1.278797203,4.521180361,0,-1
1,1,1.890620616,6.118234135
0,0,0,0,1,0
0,0,0.00717966395,0.0717966395,0,0
0,0,0.08770823427,0.8052857032,2,0
0,0,0.08205124429,-0.05656989981,0,0
0,0,0.1771690417,0.9511779737,0,0
0,0,0.3991196664,2.219506247,2,0
0,0,0.6087613825,2.096417161,0,0
0,0,0.9731349237,3.643735412,2,0
0,0,1.402718296,4.295833724,1,-1
1,1,1.973947979,5.712296831
0,0,0,0,1,0
0,0,0.006491854376,0.06491854376,1,0
0,0,0.0182504976,0.1175864323,2,0
0,0,-0.05731753696,-0.7556803457,1,0
0,0,-0.1560240845,-0.9870654759,1,0
0,0,-0.2779978924,-1.219738078,0,0
0,0,-0.3679909336,-0.8999304124,1,0
0,0,-0.5200873164,-1.520963827,2,0
0,0,-0.826904351,-3.068170347,0,0
0,0,-1.180236122,-3.533317712,1,-1
1,1,-1.6698528,-4.896166774
0,0,0,0,0,0
0,0,0.09553049097,0.9553049097,1,0
0,0,0.2005990245,1.050685335,2,0
0,0,0.2386870371,0.3808801257,1,0
0,0,0.3172418488,0.7855481169,2,0
0,0,0.358175357,0.4093350819,0,0
0,0,0.523572579,1.65397222,2,0
0,0,0.7107006384,1.871280594,0,0
0,0,1.074293018,3.6359238,2,0
0,0,1.525970834,4.516778155,2,-1
1,1,2.120295983,5.943251494
0,0,0,0,2,0
0,0,-0.1031886177,-1.031886177,2,0
0,0,-0.323443913,-2.202552953,2,0
0,0,-0.6803196593,-3.568757464,1,0
0,0,-1.116126049,-4.358063895,0,-1
1,1,-1.642075201,-5.259491523
0,0,0,0,1,0
0,0,-0.007994978573,-0.07994978573,2,0
0,0,-0.1052277383,-0.9723275977,2,0
0,0,-0.3136931029,-2.084653646,0,0
0,0,-0.480625628,-1.669325251,1,0
0,0,-0.7376288068,-2.570031788,2,0
0,0,-1.147353632,-4.09724825,2,-1
1,1,-1.711707014,-5.643533821
0,0,0,0,2,0
0,0,-0.07393653508,-0.7393653508,2,0
0,0,-0.2543122253,-1.803756902,1,0
0,0,-0.4880280699,-2.337158446,2,0
0,0,-0.8804497742,-3.924217043,0,0
0,0,-1.322763739,-4.42313965,2,-1
1,1,-1.917619673,-5.948559339
0,0,0,0,1,0
0,0,-0.0008527782252,-0.008527782252,0,0
0,0,0.07180569655,0.7265847477,2,0
0,0,0.06459233507,-0.07213361479,0,0
0,0,0.1603106963,0.9571836121,0,0
0,0,0.3712053869,2.108946906,1,0
0,0,0.631660515,2.604551281,1,0
0,0,0.970320232,3.38659717,0,0
0,0,1.471267169,5.009469371,2,-1
1,1,2.107912911,6.366457416
0,0,0,0,2,0
0,0,-0.08326106975,-0.8326106975,1,0
0,0,-0.1684543328,-0.8519326305,2,0
0,0,-0.3588748447,-1.904205119,1,0
0,0,-0.6101878537,-2.513130091,2,0
0,0,-1.011275002,-4.01087148,2,-1
1,1,-1.57148734,-5.602123383
0,0,0,0,0,0
0,0,0.1037516592,1.037516592,2,0
0,0,0.1205815525,0.1682989327,1,0
0,0,0.1589017305,0.38320178,0,0
0,0,0.325075481,1.661737505,0,0
0,0,0.6113017563,2.862262753,1,0
0,0,0.9877336781,3.764319218,0,0
0,0,1.534114948,5.463812699,0,-1
1,1,2.228195684,6.940807361
0,0,0,0,2,0
0,0,-0.08876703899,-0.8876703899,1,0
0,0,-0.1978566165,-1.090895775,2,0
0,0,-0.4192477859,-2.213911693,2,0
0,0,-0.7996440215,-3.803962356,2,0
0,0,-1.329005885,-5.293618638,1,-1
1,1,-1.989866057,-6.608601718
0,0,0,0,0,0
0,0,0.08267074737,0.8267074737,1,0
0,0,0.1731271809,0.9045643354,1,0
0,0,0.2830222492,1.098950683,0,0
0,0,0.5322507589,2.492285097,0,0
0,0,0.9234711516,3.912203927,0,0
0,0,1.478668076,5.551969249,2,-1
1,1,2.168399525,6.897314481
0,0,0,0,2,0
0,0,-0.08029326017,-0.8029326017,2,0
0,0,-0.2610708491,-1.80777589,1,0
0,0,-0.4805096172,-2.194387681,1,0
0,0,-0.7673067566,-2.867971394,2,0
0,0,-1.207202733,-4.398959765,2,-1
1,1,-1.800418829,-5.932160957
0,0,0,0,0,0
0,0,0.07840603001,0.7840603001,1,0
0,0,0.160681853,0.8227582303,0,0
0,0,0.3678049208,2.071230677,0,0
0,0,0.7217388163,3.539338955,1,0
0,0,1.181356291,4.59617475,0,-1
1,1,1.793219859,6.118635679
0,0,0,0,2,0
0,0,-0.0742911204,-0.742911204,1,0
0,0,-0.144819719,-0.7052859858,1,0
0,0,-0.2501559561,-1.053362371,2,0
0,0,-0.488147523,-2.379915669,0,0
0,0,-0.7335476177,-2.454000947,0,0
0,0,-1.023372038,-2.898244206,1,0
0,0,-1.438172828,-4.148007898,0,-1
1,1,-1.987518707,-5.493458786
0,0,0,0,2,0
0,0,-0.09640264996,-0.9640264996,0,0
0,0,-0.1198675743,-0.2346492432,2,0
0,0,-0.258584541,-1.387169667,0,0
0,0,-0.3501326322,-0.9154809118,1,0
0,0,-0.5027016146,-1.525689825,1,0
0,0,-0.7430046188,-2.403030042,0,0
0,0,-1.038485524,-2.954809053,1,0
0,0,-1.465458027,-4.269725029,1,-1
1,1,-2.037405554,-5.719475274
0,0,0,0,0,0
0,0,0.07507114353,0.7507114353,2,0
0,0,0.0781298202,0.03058676672,1,0
0,0,0.08801484467,0.09885024472,2,0
0,0,0.03910066955,-0.4891417513,0,0
0,0,0.06924851577,0.3014784622,0,0
0,0,0.1835514174,1.143029016,1,0
0,0,0.3380562559,1.545048385,0,0
0,0,0.6444011746,3.063449187,2,0
0,0,0.9783772573,3.339760828,0,0
0,0,1.481579945,5.032026879,1,-1
1,1,2.128868268,6.472883227
0,0,0,0,1,0
0,0,-0.01722730293,-0.1722730293,0,0
0,0,0.0428481188,0.6007542173,0,0
0,0,0.2125282481,1.696801293,0,0
0,0,0.498449512,2.859212639,1,0
0,0,0.8686240331,3.701745211,1,0
0,0,1.351898056,4.832740226,0,-1
1,1,1.990951683,6.390536271
0,0,0,0,1,0
0,0,-0.01003326367,-0.1003326367,2,0
0,0,-0.1101506175,-1.001173538,0,0
0,0,-0.1278162063,-0.1766558887,1,0
0,0,-0.1548687808,-0.270525745,1,0
0,0,-0.2051730347,-0.5030425385,1,0
0,0,-0.3067686164,-1.015955818,0,0
0,0,-0.3854773787,-0.7870876224,0,0
0,0,-0.437223561,-0.5174618227,1,0
0,0,-0.5674677141,-1.302441531,0,0
0,0,-0.7078125772,-1.403448631,0,0
0,0,-0.891610137,-1.837975598,0,0
0,0,-1.13544719,-2.438370529,0,0
0,0,-1.484798541,-3.49351351,1,-1
1,1,-1.978371482,-4.935729408
0,0,0,0,0,0
0,0,0.07310489061,0.7310489061,0,0
0,0,0.259630429,1.865255383,2,0
0,0,0.4031215065,1.434910775,2,0
0,0,0.5451103904,1.419888839,0,0
0,0,0.8334611618,2.883507714,2,0
0,0,1.181306175,3.478450129,0,-1
1,1,1.693957675,5.126515005
0,0,0,0,2,0
0,0,-0.08411765958,-0.8411765958,0,0
0,0,-0.1066037942,-0.2248613467,2,0
0,0,-0.2294212788,-1.228174845,0,0
0,0,-0.3034747604,-0.7405348158,2,0
0,0,-0.4955948642,-1.921201038,0,0
0,0,-0.7043306736,-2.087358094,2,0
0,0,-1.079998382,-3.756677081,2,-1
1,1,-1.615226369,-5.352279874
0,0,0,0,1,0
0,0,0.01422914058,0.1422914058,2,0
0,0,-0.06641652034,-0.8064566091,0,0
0,0,-0.08147678343,-0.1506026309,1,0
0,0,-0.09831926617,-0.1684248274,2,0
0,0,-0.2289245707,-1.306053046,0,0
0,0,-0.3223591368,-0.9343456601,2,0
0,0,-0.5471691545,-2.248100178,2,0
0,0,-0.9336307449,-3.864615903,0,0
0,0,-1.37849367,-4.448629252,1,-1
1,1,-1.960127059,-5.816333887
0,0,0,0,2,0
0,0,-0.08405858907,-0.8405858907,2,0
0,0,-0.2694752994,-1.854167104,2,0
0,0,-0.5882894948,-3.188141953,2,0
0,0,-1.071961954,-4.836724588,2,-1
1,1,-1.71409102,-6.421290667
0,0,0,0,0,0
0,0,0.1027204977,1.027204977,1,0
0,0,0.228912559,1.261920613,0,0
0,0,0.4628745693,2.339620103,2,0
0,0,0.6853635679,2.224889986,2,0
0,0,0.9473313525,2.619677846,1,0
0,0,1.327775087,3.804437343,2,-1
1,1,1.829214324,5.014392371
0,0,0,0,0,0
0,0,0.08524430287,0.8524430287,1,0
0,0,0.1844276139,0.9918331101,2,0
0,0,0.2338397806,0.494121667,0,0
0,0,0.4186002767,1.847604961,2,0
0,0,0.5862388607,1.67638584,0,0
0,0,0.9240790859,3.378402252,2,0
0,0,1.333692745,4.096136595,1,-1
1,1,1.88070348,5.47010735
0,0,0,0,1,0
0,0,-0.01407710612,-0.1407710612,0,0
0,0,0.04688166252,0.6095876864,2,0
0,0,0.01956880646,-0.2731285606,1,0
0,0,-0.01156328202,-0.3113208847,0,0
0,0,0.02606039915,0.3762368117,0,0
0,0,0.1411149584,1.150545593,2,0
0,0,0.1884872638,0.4737230537,2,0
0,0,0.1714357806,-0.1705148315,1,0
0,0,0.1893923582,0.1795657757,1,0
0,0,0.2542338521,0.6484149389,0,0
0,0,0.4380464472,1.838125951,2,0
0,0,0.6040386057,1.659921585,0,0
0,0,0.9413046588,3.372660531,0,0
0,0,1.446517257,5.05212598,0,-1
1,1,2.101105813,6.545885566
0,0,0,0,2,0
0,0,-0.09101274175,-0.9101274175,2,0
0,0,-0.2704630823,-1.794503406,1,0
0,0,-0.5100779889,-2.396149065,2,0
0,0,-0.886521134,-3.764431451,2,0
0,0,-1.41968011,-5.331589756,0,-1
1,1,-2.078743225,-6.590631148
0,0,0,0,1,0
0,0,0.0006836925363,0.006836925363,0,0
0,0,0.0995551653,0.9887147276,2,0
0,0,0.1416099686,0.4205480328,0,0
0,0,0.2834377854,1.418278169,2,0
0,0,0.3727142382,0.8927645279,2,0
0,0,0.4303773433,0.5766310504,1,0
0,0,0.5510664152,1.20689072,2,0
0,0,0.6807169246,1.296505094,2,0
0,0,0.8542420251,1.735251005,0,0
0,0,1.202329035,3.480870101,0,-1
1,1,1.711368216,5.090391807
0,0,0,0,2,0
0,0,-0.09407957366,-0.9407957366,0,0
0,0,-0.1213937593,-0.2731418567,2,0
0,0,-0.2487077997,-1.273140404,2,0
0,0,-0.507028565,-2.583207653,2,0
0,0,-0.9132481976,-4.062196326,1,0
0,0,-1.438041513,-5.247933152,0,-1
1,1,-2.093995018,-6.559535051
0,0,0,0,0,0
0,0,0.08096988617,0.8096988617,0,0
0,0,0.2467956857,1.658257995,0,0
0,0,0.5534329903,3.066373046,0,0
0,0,1.022194239,4.68761249,0,-1
1,1,1.646687745,6.244935052
0,0,0,0,0,0
0,0,0.07088357115,0.7088357115,0,0
0,0,0.2334010158,1.625174447,2,0
0,0,0.3652087662,1.318077504,1,0
0,0,0.5470995203,1.818907541,2,0
0,0,0.7446269998,1.975274794,0,0
0,0,1.095563814,3.509368142,0,-1
1,1,1.61564004,5.200762262
0,0,0,0,2,0
0,0,-0.08358133983,-0.8358133983,2,0
0,0,-0.2766440539,-1.930627141,2,0
0,0,-0.6122014907,-3.355574368,0,0
0,0,-0.9662961862,-3.540946955,2,0
0,0,-1.475650227,-5.093540407,1,-1
1,1,-2.129009227,-6.53359
0,0,0,0,2,0
0,0,-0.07518432647,-0.7518432647,0,0
0,0,-0.07554449391,-0.003601674375,2,0
0,0,-0.169941941,-0.9439744711,0,0
0,0,-0.1968697711,-0.2692783006,0,0
0,0,-0.1746972294,0.2217254163,1,0
0,0,-0.1707200169,0.03977212598,2,0
0,0,-0.2934713099,-1.227512931,2,0
0,0,-0.5476103389,-2.54139029,2,0
0,0,-0.9679966961,-4.203863572,0,0
0,0,-1.453248567,-4.85251871,2,-1
1,1,-2.089271676,-6.360231085
0,0,0,0,2,0
0,0,-0.07795840168,-0.7795840168,0,0
0,0,-0.0922417787,-0.1428337701,2,0
0,0,-0.1971206425,-1.048788638,2,0
0,0,-0.4097348062,-2.126141637,0,0
0,0,-0.6134495609,-2.037147547,1,0
0,0,-0.9186518229,-3.05202262,2,0
0,0,-1.383062207,-4.644103839,0,-1
1,1,-1.973896331,-5.908341247
0,0,0,0,1,0
0,0,0.0107637358,0.107637358,2,0
0,0,-0.06911392629,-0.7987766209,0,0
0,0,-0.08058939692,-0.1147547064,2,0
0,0,-0.1791371199,-0.9854772298,2,0
0,0,-0.4105912894,-2.314541695,1,0
0,0,-0.7127419782,-3.021506888,2,0
0,0,-1.174885057,-4.621430793,1,-1
1,1,-1.763888749,-5.89003692
0,0,0,0,0,0
0,0,0.07193572945,0.7193572945,0,0
0,0,0.2613075958,1.893718663,0,0
0,0,0.571822884,3.105152883,0,0
0,0,1.032734873,4.609119892,0,-1
1,1,1.652865449,6.201305754
0,0,0,0,1,0
0,0,0.008519839384,0.08519839384,0,0
0,0,0.1220411452,1.135213058,0,0
0,0,0.3436118756,2.215707304,2,0
0,0,0.5359952436,1.92383368,2,0
0,0,0.7423968251,2.064015815,1,0
0,0,1.054266453,3.118696278,0,0
0,0,1.531653547,4.77387094,1,-1
1,1,2.15479592,6.231423735
0,0,0,0,1,0
0,0,-0.01084591698,-0.1084591698,0,0
0,0,0.06585835615,0.7670427314,1,0
0,0,0.1576496373,0.9179128112,1,0
0,0,0.2797218933,1.22072256,2,0
0,0,0.3639683244,0.8424643114,2,0
0,0,0.4363894875,0.724211631,2,0
0,0,0.5130794692,0.7668998166,1,0
0,0,0.6669056682,1.538261991,1,0
0,0,0.9275117535,2.606060853,2,0
0,0,1.264518239,3.370064853,1,-1
1,1,1.736800225,4.72281986
0,0,0,0,2,0
0,0,-0.0904640057,-0.904640057,0,0
0,0,-0.1212207688,-0.307567631,1,0
0,0,-0.1579219587,-0.3670118986,0,0
0,0,-0.1209687182,0.3695324048,0,0
0,0,-0.02191770175,0.9905101642,2,0
0,0,-0.007117138182,0.1480056357,1,0
0,0,0.0001430603783,0.07260198561,2,0
0,0,-0.09125840799,-0.9140146837,0,0
0,0,-0.1186777969,-0.274193889,2,0
0,0,-0.2552458625,-1.365680656,0,0
0,0,-0.3349240888,-0.7967822624,1,0
0,0,-0.4690910514,-1.341669626,0,0
0,0,-0.6151045068,-1.460134554,1,0
0,0,-0.8567664221,-2.416619153,0,0
0,0,-1.16692058,-3.101541575,1,-1
1,1,-1.606519057,-4.395984778
0,0,0,0,1,0
0,0,-0.00410029437,-0.0410029437,0,0
0,0,0.07213115708,0.7623145145,2,0
0,0,0.06483781837,-0.07293338713,1,0
0,0,0.05798361578,-0.06854202588,1,0
0,0,0.05574660671,-0.02237009072,0,0
0,0,0.1537370758,0.9799046906,1,0
0,0,0.2625775207,1.08840445,1,0
0,0,0.406616452,1.440389313,1,0
0,0,0.6244043974,2.177879454,0,0
0,0,1.007677272,3.832728746,2,0
0,0,1.46998084,4.623035678,2,-1
1,1,2.067050354,5.970695139
0,0,0,0,2,0
0,0,-0.0913908186,-0.913908186,1,0
0,0,-0.1875876278,-0.9619680922,2,0
0,0,-0.3918443927,-2.042567648,0,0
0,0,-0.5941272489,-2.022828562,2,0
0,0,-0.9436396492,-3.495124003,2,0
0,0,-1.463586237,-5.199465878,1,-1
1,1,-2.127177672,-6.635914345
0,0,0,0,1,0
0,0,-0.00382212588,-0.0382212588,0,0
0,0,0.09124402298,0.9506614886,1,0
0,0,0.1991686673,1.079246443,0,0
0,0,0.4201170287,2.209483614,0,0
0,0,0.7812972951,3.611802663,2,0
0,0,1.188199313,4.069020179,2,-1
1,1,1.695235761,5.070364479
0,0,0,0,0,0
0,0,0.1034912281,1.034912281,2,0
0,0,0.1225095498,0.1901832167,1,0
0,0,0.1741160193,0.5160646945,2,0
0,0,0.1723511475,-0.01764871785,0,0
0,0,0.2871261757,1.147750282,2,0
0,0,0.3552819803,0.6815580461,2,0
0,0,0.4043006141,0.4901863377,2,0
0,0,0.4513256854,0.4702507129,0,0
0,0,0.6404907315,1.891650462,1,0
0,0,0.9129795379,2.724888064,1,0
0,0,1.310428455,3.974489169,2,-1
1,1,1.825647653,5.152191984
0,0,0,0,1,0
0,0,-0.007171203825,-0.07171203825,2,0
0,0,-0.08990830395,-0.8273710012,0,0
0,0,-0.1030895582,-0.1318125423,1,0
0,0,-0.1482445938,-0.4515503567,0,0
0,0,-0.1292161076,0.1902848621,0,0
0,0,-0.03417409954,0.9504200809,2,0
0,0,-0.02007596841,0.1409813113,2,0
0,0,-0.1101698606,-0.9009389222,0,0
0,0,-0.1234535372,-0.1328367653,0,0
0,0,-0.07807635444,0.4537718272,1,0
0,0,-0.04968135676,0.2839499768,1,0
0,0,-0.04075482474,0.08926532019,1,0
0,0,-0.05278621784,-0.120313931,2,0
0,0,-0.1676426791,-1.148564612,2,0
0,0,-0.3902947561,-2.22652077,0,0
0,0,-0.6094124575,-2.191177014,0,0
0,0,-0.8369452536,-2.27532796,0,0
0,0,-1.116156689,-2.79211435,0,0
0,0,-1.497303283,-3.811465948,0,-1
1,1,-2.019067931,-5.217646479
0,0,0,0,0,0
0,0,0.1027736251,1.027736251,2,0
0,0,0.140862244,0.3808861892,1,0
0,0,0.2014667475,0.6060450346,2,0
0,0,0.2098939587,0.0842721124,1,0
0,0,0.2632862451,0.5339228634,1,0
0,0,0.3497929047,0.8650665961,0,0
0,0,0.5767679454,2.269750407,0,0
0,0,0.9513268867,3.745589414,0,0
0,0,1.495744653,5.44417766,1,-1
1,1,2.183477923,6.877332706
0,0,0,0,0,0
0,0,0.1008416398,1.008416398,2,0
0,0,0.137873085,0.3703144524,1,0
0,0,0.208605369,0.7073228393,1,0
0,0,0.3238484077,1.152430387,0,0
0,0,0.5847483966,2.608999889,1,0
0,0,0.9179427309,3.331943342,1,0
0,0,1.357260293,4.393175617,2,-1
1,1,1.920971566,5.63711273
0,0,0,0,0,0
0,0,0.08446971986,0.8446971986,0,0
0,0,0.286809017,2.023392971,1,0
0,0,0.5190747779,2.322657609,1,0
0,0,0.8198974646,3.008226867,2,0
0,0,1.174729468,3.548320035,2,-1
1,1,1.636767906,4.620384381
0,0,0,0,0,0
0,0,0.09580779968,0.9580779968,2,0
0,0,0.1140555773,0.1824777762,0,0
0,0,0.2293014805,1.152459032,2,0
0,0,0.2988467748,0.6954529425,1,0
0,0,0.4237355306,1.248887558,2,0
0,0,0.5280449945,1.043094639,2,0
0,0,0.654922096,1.268771014,2,0
0,0,0.8030682026,1.481461066,2,0
0,0,1.00990553,2.068373273,2,0
0,0,1.29988639,2.899808604,2,-1
1,1,1.709599705,4.097133146
0,0,0,0,2,0
0,0,-0.08674491391,-0.8674491391,0,0
0,0,-0.08661221025,0.001327036551,2,0
0,0,-0.2028885299,-1.162763196,1,0
0,0,-0.3370831001,-1.341945702,0,0
0,0,-0.4577770053,-1.206939052,0,0
0,0,-0.5841428132,-1.263658079,2,0
0,0,-0.8820951423,-2.979523291,1,0
0,0,-1.288275223,-4.061800809,2,-1
1,1,-1.847858735,-5.595835118
0,0,0,0,1,0
0,0,-0.01719116581,-0.1719116581,1,0
0,0,-0.04470649432,-0.2751532852,0,0
0,0,0.005753915016,0.5046040934,2,0
0,0,-0.04628325377,-0.5203716879,2,0
0,0,-0.1776112008,-1.31327947,1,0
0,0,-0.3544718721,-1.768606713,1,0
0,0,-0.5805756234,-2.261037513,0,0
0,0,-0.8163962304,-2.358206071,0,0
0,0,-1.116433803,-3.000375729,2,-1
1,1,-1.585074443,-4.686406402
0,0,0,0,1,0
0,0,0.008959356256,0.08959356256,0,0
0,0,0.1103724526,1.014130963,1,0
0,0,0.2220146552,1.116422026,2,0
0,0,0.2809827439,0.5896808871,2,0
0,0,0.3009389667,0.1995622274,0,0
0,0,0.44224947,1.413105034,1,0
0,0,0.6623000911,2.200506211,2,0
0,0,0.9015589615,2.392588704,0,0
0,0,1.315698991,4.141400299,0,-1
1,1,1.888512756,5.728137644
0,0,0,0,2,0
0,0,-0.1009388376,-1.009388376,1,0
0,0,-0.2351243774,-1.341855398,1,0
0,0,-0.4014203589,-1.662959815,0,0
0,0,-0.5390099227,-1.375895638,1,0
0,0,-0.751639554,-2.126296313,1,0
0,0,-1.073667951,-3.220283973,2,0
0,0,-1.562545637,-4.888776852,0,-1
1,1,-2.19759137,-6.350457338
0,0,0,0,0,0
0,0,0.07474986975,0.7474986975,2,0
0,0,0.07164634814,-0.03103521607,0,0
0,0,0.1609094122,0.8926306405,1,0
0,0,0.2868013647,1.258919525,2,0
0,0,0.3880916729,1.012903083,2,0
0,0,0.4834665069,0.9537483397,2,0
0,0,0.5936072965,1.101407896,0,0
0,0,0.8541766146,2.605693181,0,0
0,0,1.288558765,4.343821506,0,-1
1,1,1.877602978,5.890442132
0,0,0,0,0,0
0,0,0.09992326043,0.9992326043,1,0
0,0,0.2258463529,1.259230924,0,0
0,0,0.4777308545,2.518845017,0,0
0,0,0.8884293236,4.106984691,0,0
0,0,1.452536482,5.641071587,2,-1
1,1,2.14779113,6.952546479
0,0,0,0,1,0
0,0,0.0134953051,0.134953051,2,0
0,0,-0.05905271856,-0.7254802366,0,0
0,0,-0.04100656188,0.1804615668,1,0
0,0,-0.04286283234,-0.01856270455,0,0
0,0,0.02753839982,0.7040123215,2,0
0,0,0.001353520461,-0.2618487936,0,0
0,0,0.07322126313,0.7186774267,2,0
0,0,0.08258536329,0.09364100156,0,0
0,0,0.203106798,1.205214347,1,0
0,0,0.359127937,1.56021139,2,0
0,0,0.4848379884,1.257100513,0,0
0,0,0.7567579186,2.719199303,0,0
0,0,1.19764807,4.408901516,0,-1
1,1,1.79985434,6.022062702
0,0,0,0,1,0
0,0,0.01119146099,0.1119146099,2,0
0,0,-0.0608547458,-0.7204620679,1,0
0,0,-0.1569815744,-0.9612682863,1,0
0,0,-0.2797562267,-1.227746523,1,0
0,0,-0.4462629242,-1.665066975,0,0
0,0,-0.6004621923,-1.541992682,2,0
0,0,-0.920548967,-3.200867747,1,0
0,0,-1.356560785,-4.360118177,1,-1
1,1,-1.934301203,-5.777404186
0,0,0,0,1,0
0,0,-0.01459837778,-0.1459837778,2,0
0,0,-0.1317218389,-1.171234611,0,0
0,0,-0.1689596271,-0.3723778825,1,0
0,0,-0.2302728969,-0.6131326984,0,0
0,0,-0.238924588,-0.08651691011,1,0
0,0,-0.2831435131,-0.4421892519,1,0
0,0,-0.3748064761,-0.91662963,2,0
0,0,-0.6081939621,-2.33387486,2,0
0,0,-0.9933930069,-3.851990447,2,0
0,0,-1.544507858,-5.511148508,0,-1
1,1,-2.239363702,-6.948558443
0,0,0,0,0,0
0,0,0.0767698557,0.767698557,1,0
0,0,0.1713408942,0.9457103848,1,0
0,0,0.3003563319,1.290154377,0,0
0,0,0.5672283776,2.668720457,1,0
0,0,0.9252806801,3.580523025,2,0
0,0,1.357945907,4.32665227,2,-1
1,1,1.912586958,5.546410513
0,0,0,0,1,0
0,0,-0.01384140464,-0.1384140464,0,0
0,0,0.06274742046,0.765888251,0,0
0,0,0.2330312157,1.702837953,0,0
0,0,0.5251729466,2.921417309,1,0
0,0,0.8796296193,3.544566727,2,0
0,0,1.284257606,4.046279862,2,-1
1,1,1.807008422,5.227508162
0,0,0,0,0,0
0,0,0.09055112131,0.9055112131,2,0
0,0,0.09286871607,0.02317594764,1,0
0,0,0.1113980482,0.1852933214,2,0
0,0,0.07895570627,-0.3244234194,1,0
0,0,0.04871211345,-0.3024359282,1,0
0,0,0.03741669862,-0.1129541482,1,0
0,0,0.02931285743,-0.08103841191,2,0
0,0,-0.06436694955,-0.9367980698,1,0
0,0,-0.1614566491,-0.9708969953,2,0
0,0,-0.3881179835,-2.266613345,2,0
0,0,-0.7576271206,-3.69509137,2,0
0,0,-1.293502548,-5.358754271,1,-1
1,1,-1.963517798,-6.700152503
0,0,0,0,1,0
0,0,0.01756497644,0.1756497644,2,0
0,0,-0.06688640686,-0.8445138331,1,0
0,0,-0.1686627276,-1.017763208,2,0
0,0,-0.3807387153,-2.120759877,0,0
0,0,-0.5603310586,-1.795923433,2,0
0,0,-0.8991181822,-3.387871236,0,0
0,0,-1.31076236,-4.116441776,1,-1
1,1,-1.859978337,-5.492159774
0,0,0,0,2,0
0,0,-0.08821823124,-0.8821823124,2,0
0,0,-0.2645487493,-1.763305181,2,0
0,0,-0.5623398081,-2.977910588,0,0
0,0,-0.8596475691,-2.97307761,1,0
0,0,-1.272414899,-4.127673304,1,-1
1,1,-1.815956011,-5.435411118
0,0,0,0,0,0
0,0,0.08622559366,0.8622559366,2,0
0,0,0.08841251704,0.02186923382,0,0
0,0,0.202465855,1.14053338,2,0
0,0,0.256184815,0.5371895999,2,0
0,0,0.2785374475,0.2235263249,2,0
0,0,0.261114618,-0.1742282944,2,0
0,0,0.2025184611,-0.5859615699,0,0
0,0,0.2548633556,0.5234489452,2,0
0,0,0.2745679064,0.1970455085,0,0
0,0,0.4386664298,1.640985234,0,0
0,0,0.7552334113,3.165669814,2,0
0,0,1.124713766,3.694803551,2,-1
1,1,1.592231321,4.675175551
0,0,0,0,2,0
0,0,-0.08075203367,-0.8075203367,1,0
0,0,-0.1620621737,-0.8131014003,2,0
0,0,-0.3611343106,-1.990721369,1,0
0,0,-0.6306339897,-2.694996791,0,0
0,0,-0.9207091836,-2.900751939,1,0
0,0,-1.324582597,-4.038734139,0,-1
1,1,-1.848502503,-5.239199053
0,0,0,0,1,0
0,0,0.01070285887,0.1070285887,0,0
0,0,0.09410990528,0.8340704641,1,0
0,0,0.193801543,0.9969163774,0,0
0,0,0.4023185907,2.085170477,1,0
0,0,0.6585468996,2.562283089,2,0
0,0,0.9437498506,2.852029511,2,0
0,0,1.305520635,3.617707843,0,-1
1,1,1.822594695,5.170740601
0,0,0,0,2,0
0,0,-0.08272008181,-0.8272008181,2,0
0,0,-0.254598037,-1.718779552,1,0
0,0,-0.467521042,-2.12923005,1,0
0,0,-0.7396101672,-2.720891252,0,0
0,0,-1.055710357,-3.161001894,1,0
0,0,-1.496734731,-4.410243746,0,-1
1,1,-2.076051725,-5.793169934
0,0,0,0,2,0
0,0,-0.1053996869,-1.053996869,1,0
0,0,-0.2202441207,-1.148444338,1,0
0,0,-0.3605139341,-1.402698135,1,0
0,0,-0.5589062231,-1.983922889,0,0
0,0,-0.766940369,-2.080341459,1,0
0,0,-1.080995364,-3.140549949,1,0
0,0,-1.526083031,-4.450876668,2,-1
1,1,-2.119757014,-5.93673983
0,0,0,0,2,0
0,0,-0.1011576601,-1.011576601,0,0
0,0,-0.1185460123,-0.1738835217,2,0
0,0,-0.244532523,-1.259865107,2,0
0,0,-0.4851791815,-2.406466586,1,0
0,0,-0.8024574188,-3.172782373,0,0
0,0,-1.162780041,-3.603226221,0,-1
1,1,-1.624959654,-4.621796133
0,0,0,0,2,0
0,0,-0.09530692752,-0.9530692752,0,0
0,0,-0.1304152254,-0.3510829792,0,0
0,0,-0.110934439,0.1948078641,0,0
0,0,-0.005842854713,1.050915843,0,0
0,0,0.1742026667,1.800455214,2,0
0,0,0.298403333,1.242006664,2,0
0,0,0.4049125958,1.065092628,0,0
0,0,0.6551073847,2.501947889,1,0
0,0,0.9930418425,3.379344578,2,0
0,0,1.415699535,4.22657692,2,-1
1,1,1.970128351,5.544288162
0,0,0,0,2,0
0,0,-0.0978301208,-0.978301208,2,0
0,0,-0.3033905631,-2.055604423,0,0
0,0,-0.4676614772,-1.642709141,1,0
0,0,-0.7151747287,-2.475132514,2,0
0,0,-1.118645673,-4.034709445,0,-1
1,1,-1.612084297,-4.934386236
0,0,0,0,2,0
0,0,-0.1005895759,-1.005895759,0,0
0,0,-0.1150102759,-0.144207,2,0
0,0,-0.2404925144,-1.254822385,0,0
0,0,-0.3194650332,-0.7897251884,0,0
0,0,-0.3741794951,-0.5471446188,2,0
0,0,-0.564514922,-1.903354269,2,0
0,0,-0.9087805682,-3.442656462,1,0
0,0,-1.361632119,-4.52851551,0,-1
1,1,-1.936367833,-5.747357142
0,0,0,0,0,0
0,0,0.08133940066,0.8133940066,2,0
0,0,0.09569665545,0.1435725479,2,0
0,0,0.0498409458,-0.4585570964,0,0
0,0,0.08385181311,0.3401086731,2,0
0,0,0.03267229604,-0.5117951707,0,0
0,0,0.09174149278,0.5906919674,1,0
0,0,0.1825816552,0.9084016244,0,0
0,0,0.3863604236,2.037787684,2,0
0,0,0.5670951128,1.807346892,2,0
0,0,0.7597219679,1.926268551,2,0
0,0,1.007796208,2.480742402,2,0
0,0,1.344467886,3.366716775,2,-1
1,1,1.805371528,4.609036421
0,0,0,0,0,0
0,0,0.09997227153,0.9997227153,2,0
0,0,0.1466496503,0.4667737877,0,0
0,0,0.314970287,1.683206367,2,0
0,0,0.4607974069,1.458271199,1,0
0,0,0.6762374285,2.154400216,2,0
0,0,0.9121123579,2.358749294,0,0
0,0,1.321491442,4.093790842,2,-1
1,1,1.849113933,5.276224908
