2,1,1
0,0,0,0,2,0
0,0,-0.09473674442,-0.9473674442,1,0
0,0,-0.2112996175,-1.165628731,2,0
0,0,-0.4411600742,-2.298604567,1,0
0,0,-0.7447853791,-3.036253049,0,0
0,0,-1.089674136,-3.44888757,2,-1
1,1,-1.601049876,-5.113757402
0,0,0,0,1,0
0,0,0.01033427303,0.1033427303,2,0
0,0,-0.06889054823,-0.7922482126,1,0
0,0,-0.170714451,-1.018239027,0,0
0,0,-0.2085056848,-0.3779123382,0,0
0,0,-0.2056869193,0.02818765464,1,0
0,0,-0.2431617934,-0.3747487414,0,0
0,0,-0.2219070471,0.2125474638,2,0
0,0,-0.3307002953,-1.087932483,0,0
0,0,-0.4079419796,-0.772416842,2,0
0,0,-0.6438441434,-2.359021638,0,0
0,0,-0.9116645947,-2.678204513,2,0
0,0,-1.336675178,-4.250105838,1,-1
1,1,-1.896339769,-5.596645908
0,0,0,0,2,0
0,0,-0.1008745422,-1.008745422,1,0
0,0,-0.2299370962,-1.29062554,0,0
0,0,-0.3290226477,-0.9908555146,1,0
0,0,-0.4985721504,-1.695495027,2,0
0,0,-0.8135622647,-3.149901143,0,0
0,0,-1.178115928,-3.645536634,0,-1
1,1,-1.650201076,-4.720851475
0,0,0,0,2,0
0,0,-0.08317313086,-0.8317313086,2,0
0,0,-0.2686208494,-1.854477185,1,0
0,0,-0.4835499528,-2.149291034,0,0
0,0,-0.698043328,-2.144933752,2,0
0,0,-1.071727517,-3.736841886,0,0
0,0,-1.532747577,-4.610200599,1,-1
1,1,-2.139660564,-6.069129872
0,0,0,0,0,0
0,0,0.08737628666,0.8737628666,0,0
0,0,0.2879245331,2.005482464,1,0
0,0,0.5425769236,2.546523906,1,0
0,0,0.8860481199,3.434711963,1,0
0,0,1.347505749,4.614576295,2,-1
1,1,1.927787359,5.802816092
0,0,0,0,1,0
0,0,-0.01580786802,-0.1580786802,2,0
0,0,-0.1198229419,-1.040150738,2,0
0,0,-0.3384077937,-2.185848518,0,0
0,0,-0.52267254,-1.842647463,1,0
0,0,-0.7748782462,-2.522057062,1,0
0,0,-1.123366673,-3.484884267,1,-1
1,1,-1.595998801,-4.726321278
0,0,0,0,2,0
0,0,-0.07164522626,-0.7164522626,1,0
0,0,-0.1461359312,-0.7449070496,1,0
0,0,-0.2290019282,-0.8286599694,0,0
0,0,-0.2551494297,-0.2614750159,1,0
0,0,-0.3090850094,-0.5393557969,2,0
0,0,-0.4857792417,-1.766942323,2,0
0,0,-0.8277371503,-3.419579086,1,0
0,0,-1.282562019,-4.54824869,0,-1
1,1,-1.84753791,-5.649758902
0,0,0,0,2,0
0,0,-0.09296847618,-0.9296847618,2,0
0,0,-0.2721790629,-1.792105867,0,0
0,0,-0.4256224096,-1.534433467,2,0
0,0,-0.7290176331,-3.033952236,1,0
0,0,-1.121623724,-3.926060909,2,-1
1,1,-1.681126035,-5.595023105
0,0,0,0,2,0
0,0,-0.1055598528,-1.055598528,2,0
0,0,-0.3298389555,-2.242791026,1,0
0,0,-0.6193805281,-2.895415726,0,0
0,0,-0.9425207753,-3.231402472,0,0
0,0,-1.33123695,-3.887161745,0,-1
1,1,-1.84284526,-5.116083106
0,0,0,0,0,0
0,0,0.07761552263,0.7761552263,2,0
0,0,0.06974386442,-0.07871658214,0,0
0,0,0.1464924573,0.7674859288,1,0
0,0,0.2444846979,0.979922406,1,0
0,0,0.3974173685,1.529326706,1,0
0,0,0.62131466,2.238972915,2,0
0,0,0.8724118173,2.510971573,2,0
0,0,1.181985333,3.095735157,0,-1
1,1,1.657843262,4.758579286
0,0,0,0,2,0
0,0,-0.08201163817,-0.8201163817,0,0
0,0,-0.107401399,-0.2538976082,2,0
0,0,-0.2425811112,-1.351797122,1,0
0,0,-0.4101059364,-1.675248251,0,0
0,0,-0.5621860321,-1.520800958,1,0
0,0,-0.7932064759,-2.310204438,0,0
0,0,-1.084883052,-2.916765763,2,0
0,0,-1.537370904,-4.524878517,2,-1
1,1,-2.138779869,-6.014089649
0,0,0,0,2,0
0,0,-0.1058139019,-1.058139019,2,0
0,0,-0.3295994531,-2.237855512,0,0
0,0,-0.539433315,-2.098338619,1,0
0,0,-0.8201000365,-2.806667215,2,0
0,0,-1.264043577,-4.439435404,0,-1
1,1,-1.821191797,-5.571482203
0,0,0,0,0,0
0,0,0.09498971339,0.9498971339,1,0
0,0,0.2036378693,1.086481559,2,0
0,0,0.2688539641,0.6521609472,2,0
0,0,0.3011216033,0.3226763929,1,0
0,0,0.3791212902,0.779996869,2,0
0,0,0.4250955875,0.4597429723,1,0
0,0,0.5417962103,1.167006228,0,0
0,0,0.8181800053,2.76383795,0,0
0,0,1.25484399,4.366639844,1,-1
1,1,1.821114698,5.662707085
0,0,0,0,2,0
0,0,-0.09549471319,-0.9549471319,2,0
0,0,-0.293898507,-1.984037938,2,0
0,0,-0.6312954162,-3.373969092,0,0
0,0,-0.9819562497,-3.506608335,2,0
0,0,-1.487603666,-5.056474161,0,-1
1,1,-2.129649067,-6.420454008
0,0,0,0,1,0
0,0,0.004149035001,0.04149035001,2,0
0,0,-0.09391869375,-0.9806772875,0,0
0,0,-0.1311810314,-0.3726233762,1,0
0,0,-0.1760007074,-0.4481967607,2,0
0,0,-0.3514042158,-1.754035084,0,0
0,0,-0.5166318847,-1.652276689,2,0
0,0,-0.8233821434,-3.067502587,2,0
0,0,-1.285931899,-4.625497556,2,-1
1,1,-1.904313328,-6.183814289
0,0,0,0,2,0
0,0,-0.1004252196,-1.004252196,0,0
0,0,-0.1443610599,-0.4393584036,0,0
0,0,-0.125926262,0.1843479795,0,0
0,0,-0.03839240521,0.8753385679,2,0
0,0,-0.06180735731,-0.234149521,0,0
0,0,-0.01511960886,0.4668774845,0,0
0,0,0.1287652932,1.438849021,1,0
0,0,0.309117972,1.803526788,0,0
0,0,0.6267008814,3.175829094,0,0
0,0,1.0973101,4.706092189,2,-1
1,1,1.652883841,5.555737407
0,0,0,0,0,0
0,0,0.08111043239,0.8111043239,1,0
0,0,0.1610972818,0.7998684941,1,0
0,0,0.2539034157,0.9280613393,0,0
0,0,0.4832872339,2.293838181,1,0
0,0,0.8005586956,3.172714618,1,0
0,0,1.21962522,4.190665239,1,-1
1,1,1.771879912,5.522546925
0,0,0,0,1,0
0,0,-0.002487768184,-0.02487768184,2,0
0,0,-0.09252562868,-0.900378605,1,0
0,0,-0.1821826878,-0.8965705912,1,0
0,0,-0.3040594356,-1.218767478,2,0
0,0,-0.5499876813,-2.459282457,0,0
0,0,-0.8127614225,-2.627737412,1,0
0,0,-1.191963228,-3.79201805,0,-1
1,1,-1.679118121,-4.871548932
0,0,0,0,2,0
0,0,-0.07920705509,-0.7920705509,2,0
0,0,-0.2668058681,-1.87598813,0,0
0,0,-0.4110683479,-1.442624798,2,0
0,0,-0.6943793309,-2.83310983,0,0
0,0,-1.005805734,-3.114264027,0,0
0,0,-1.403174385,-3.973686516,1,-1
1,1,-1.942228791,-5.390544053
0,0,0,0,1,0
0,0,0.003614630238,0.03614630238,1,0
0,0,-0.003812990874,-0.07427621112,1,0
0,0,-0.02279727962,-0.1898428875,0,0
0,0,0.04728864971,0.7008592933,1,0
0,0,0.108226142,0.6093749228,2,0
0,0,0.1155545065,0.0732836453,2,0
0,0,0.05183516458,-0.6371934193,1,0
0,0,0.01068043674,-0.4115472784,0,0
0,0,0.05695079553,0.4627035879,0,0
0,0,0.1880682216,1.31117426,1,0
0,0,0.3360395137,1.479712921,2,0
0,0,0.467165479,1.311259653,1,0
0,0,0.6718409824,2.046755034,2,0
0,0,0.921906724,2.500657416,0,0
0,0,1.346284176,4.243774516,1,-1
1,1,1.909622827,5.63338651
0,0,0,0,0,0
0,0,0.09223134477,0.9223134477,0,0
0,0,0.3008780397,2.08646695,0,0
0,0,0.6508678194,3.499897797,2,0
0,0,1.021022385,3.701545655,0,0
0,0,1.558452165,5.3742978,2,-1
1,1,2.241598015,6.831458503
0,0,0,0,0,0
0,0,0.09081295739,0.9081295739,0,0
0,0,0.3002794599,2.094665025,2,0
0,0,0.465475432,1.651959721,1,0
0,0,0.6988969477,2.334215157,2,0
0,0,0.9768324454,2.779354977,2,0
0,0,1.3306981,3.538656547,2,-1
1,1,1.806253121,4.755550207
0,0,0,0,2,0
0,0,-0.08467235038,-0.8467235038,0,0
0,0,-0.1018658037,-0.171934533,2,0
0,0,-0.2199019419,-1.180361382,1,0
0,0,-0.3597049207,-1.398029788,0,0
0,0,-0.4851841538,-1.254792331,1,0
0,0,-0.6745733138,-1.8938916,2,0
0,0,-1.019155864,-3.445825499,1,0
0,0,-1.487547396,-4.683915325,1,-1
1,1,-2.099299339,-6.117519432
0,0,0,0,1,0
0,0,-0.002762697789,-0.02762697789,2,0
0,0,-0.09449692485,-0.9173422706,1,0
0,0,-0.2071322259,-1.126353011,0,0
0,0,-0.2785870492,-0.7145482326,0,0
0,0,-0.3226686187,-0.4408156956,1,0
0,0,-0.4298527278,-1.071841091,0,0
0,0,-0.5221441806,-0.9229145276,0,0
0,0,-0.618710538,-0.9656635741,2,0
0,0,-0.8888227681,-2.701122301,1,0
0,0,-1.275802802,-3.869800343,2,-1
1,1,-1.822421346,-5.466185437
0,0,0,0,0,0
0,0,0.09944408749,0.9944408749,2,0
0,0,0.1231197955,0.2367570798,2,0
0,0,0.06541680324,-0.5770299223,0,0
0,0,0.09165518669,0.2623838345,0,0
0,0,0.221287348,1.296321613,2,0
0,0,0.3014927448,0.8020539678,2,0
0,0,0.3524397517,0.509470069,1,0
0,0,0.474101764,1.216620123,0,0
0,0,0.7442101318,2.701083678,1,0
0,0,1.127473289,3.832631571,0,-1
1,1,1.670569627,5.430963377
0,0,0,0,0,0
0,0,0.09692538215,0.9692538215,2,0
0,0,0.1149970574,0.1807167522,0,0
0,0,0.2425970526,1.275999953,1,0
0,0,0.4181641878,1.755671352,1,0
0,0,0.6454491886,2.272850008,0,0
0,0,1.044948416,3.994992275,2,0
0,0,1.5272517,4.823032838,1,-1
1,1,2.154928221,6.276765216
0,0,0,0,2,0
0,0,-0.07761398536,-0.7761398536,2,0
0,0,-0.2394114785,-1.617974931,0,0
0,0,-0.3518973958,-1.124859174,2,0
0,0,-0.587607526,-2.357101302,2,0
0,0,-0.9916922243,-4.040846983,1,0
0,0,-1.510753157,-5.190609329,0,-1
1,1,-2.169410863,-6.586577055
0,0,0,0,2,0
0,0,-0.08799625996,-0.8799625996,2,0
0,0,-0.2717339826,-1.837377227,0,0
0,0,-0.4291196314,-1.573856488,0,0
0,0,-0.5918993951,-1.627797637,0,0
0,0,-0.7757354956,-1.838361005,2,0
0,0,-1.132204097,-3.564686013,0,-1
1,1,-1.580631225,-4.484271278
0,0,0,0,1,0
0,0,0.01756607665,0.1756607665,2,0
0,0,-0.06385800283,-0.8142407948,0,0
0,0,-0.05270038907,0.1115761377,2,0
0,0,-0.1466265512,-0.9392616213,0,0
0,0,-0.170580436,-0.2395388477,2,0
0,0,-0.3226435885,-1.520631526,2,0
0,0,-0.6022010642,-2.795574756,1,0
0,0,-0.9713787732,-3.69177709,1,0
0,0,-1.452118341,-4.807395679,1,-1
1,1,-2.073734068,-6.216157268
0,0,0,0,1,0
0,0,0.007115783186,0.07115783186,0,0
0,0,0.1139321849,1.068164017,0,0
0,0,0.3349663272,2.210341423,1,0
0,0,0.6241962568,2.892299296,2,0
0,0,0.9383673827,3.141711259,1,0
0,0,1.367101824,4.287344411,2,-1
1,1,1.918026296,5.509244721
0,0,0,0,0,0
0,0,0.09081526217,0.9081526217,2,0
0,0,0.1231789419,0.3236367971,0,0
0,0,0.2592908051,1.361118632,1,0
0,0,0.4239520393,1.646612342,0,0
0,0,0.7192256829,2.952736436,1,0
0,0,1.111945594,3.927199108,1,-1
1,1,1.63617385,5.242282565
0,0,0,0,2,0
0,0,-0.09153944152,-0.9153944152,0,0
0,0,-0.1245892338,-0.3304979227,2,0
0,0,-0.2538851353,-1.292959015,0,0
0,0,-0.350568973,-0.9668383773,2,0
0,0,-0.5857579628,-2.351889897,2,0
0,0,-0.9753709386,-3.896129759,2,0
0,0,-1.52390189,-5.485309516,0,-1
1,1,-2.213944354,-6.900424633
0,0,0,0,0,0
0,0,0.07407468575,0.7407468575,0,0
0,0,0.2407313493,1.666566636,1,0
0,0,0.4424856262,2.017542769,0,0
0,0,0.7909359516,3.484503254,1,0
0,0,1.249049045,4.581130937,1,-1
1,1,1.843883243,5.948341979
0,0,0,0,0,0
0,0,0.09866105252,0.9866105252,1,0
0,0,0.2137688064,1.151077539,0,0
0,0,0.4659016195,2.521328131,0,0
0,0,0.8620759676,3.961743481,2,0
0,0,1.305819798,4.437438307,2,-1
1,1,1.866974036,5.61154238
0,0,0,0,1,0
0,0,-0.01002687323,-0.1002687323,1,0
0,0,-0.00630919273,0.03717680502,2,0
0,0,-0.1074889053,-1.011797126,0,0
0,0,-0.1449858911,-0.374969858,1,0
0,0,-0.2015980728,-0.5661218166,2,0
0,0,-0.3866953653,-1.850972925,2,0
0,0,-0.7210182965,-3.343229312,2,0
0,0,-1.203923255,-4.829049582,2,-1
1,1,-1.846176328,-6.422530733
0,0,0,0,0,0
0,0,0.08999911905,0.8999911905,0,0
0,0,0.2893006839,1.993015648,2,0
0,0,0.4557594115,1.664587276,2,0
0,0,0.6184272102,1.626677987,1,0
0,0,0.8856356091,2.672083989,2,0
0,0,1.226950774,3.413151646,2,-1
1,1,1.682370741,4.554199676
0,0,0,0,2,0
0,0,-0.08781638374,-0.8781638374,2,0
0,0,-0.2791122308,-1.912958471,2,0
0,0,-0.5985392029,-3.194269721,1,0
0,0,-0.9982199177,-3.996807147,2,0
0,0,-1.564039926,-5.658200079,1,-1
1,1,-2.276496872,-7.124569469
0,0,0,0,0,0
0,0,0.09823836508,0.9823836508,0,0
0,0,0.2929060903,1.946677252,0,0
0,0,0.6163795516,3.234734613,0,0
0,0,1.098937869,4.825583177,1,-1
1,1,1.704330424,6.053925543
0,0,0,0,0,0
0,0,0.07172926043,0.7172926043,2,0
0,0,0.08331323597,0.1158397553,0,0
0,0,0.1848437589,1.01530523,0,0
0,0,0.4092305142,2.243867553,0,0
0,0,0.7804858853,3.712553711,0,0
0,0,1.305110266,5.246243811,0,-1
1,1,1.978657029,6.73546763
0,0,0,0,0,0
0,0,0.07273184533,0.7273184533,1,0
0,0,0.1509126957,0.7818085036,0,0
0,0,0.3569707895,2.060580938,2,0
0,0,0.5353337291,1.783629396,2,0
0,0,0.7245684159,1.892346867,1,0
0,0,1.022038256,2.974698404,1,0
0,0,1.447683394,4.256451373,2,-1
1,1,2.006024321,5.583409272
0,0,0,0,0,0
0,0,0.08491814651,0.8491814651,1,0
0,0,0.1691610824,0.8424293586,1,0
0,0,0.282528718,1.133676356,2,0
0,0,0.3555830121,0.7305429404,1,0
0,0,0.4987145803,1.431315683,1,0
0,0,0.707500231,2.087856506,1,0
0,0,1.021369566,3.138693351,1,0
0,0,1.452441534,4.310719684,1,-1
1,1,2.025054566,5.726130316
0,0,0,0,2,0
0,0,-0.08442422731,-0.8442422731,1,0
0,0,-0.1911931514,-1.067689241,2,0
0,0,-0.414844478,-2.236513266,0,0
0,0,-0.6327269697,-2.178824916,2,0
0,0,-1.021801405,-3.890744358,1,0
0,0,-1.527526395,-5.057249891,2,-1
1,1,-2.181501669,-6.539752741
0,0,0,0,2,0
0,0,-0.08373391924,-0.8373391924,2,0
0,0,-0.2534392066,-1.697052874,0,0
0,0,-0.3663139439,-1.128747372,1,0
0,0,-0.5349772257,-1.686632818,2,0
0,0,-0.8571402237,-3.22162998,1,0
0,0,-1.279633184,-4.224929601,2,-1
1,1,-1.857896636,-5.782634527
0,0,0,0,0,0
0,0,0.1026466126,1.026466126,1,0
0,0,0.2183894012,1.157427886,1,0
0,0,0.3645054842,1.46116083,0,0
0,0,0.6477750353,2.832695511,1,0
0,0,1.02986341,3.820883751,2,0
0,0,1.492587442,4.627240313,1,-1
1,1,2.100428342,6.078409001
0,0,0,0,0,0
0,0,0.09195394115,0.9195394115,1,0
0,0,0.194409263,1.024553218,0,0
0,0,0.4296113305,2.352020675,2,0
0,0,0.6593135465,2.297022161,0,0
0,0,1.060207985,4.008944389,0,-1
1,1,1.61686356,5.566555748
0,0,0,0,2,0
0,0,-0.09025841177,-0.9025841177,2,0
0,0,-0.2793940653,-1.891356536,0,0
0,0,-0.4325481612,-1.531540959,2,0
0,0,-0.7193277257,-2.867795645,1,0
0,0,-1.094530917,-3.75203191,0,0
0,0,-1.554622415,-4.60091498,0,-1
1,1,-2.160184839,-6.055624246
0,0,0,0,2,0
0,0,-0.1034346845,-1.034346845,0,0
0,0,-0.1307146241,-0.2727993958,2,0
0,0,-0.2658796055,-1.351649815,2,0
0,0,-0.5392695047,-2.733898992,2,0
0,0,-0.9535379705,-4.142684658,2,0
0,0,-1.53301369,-5.794757194,2,-1
1,1,-2.260396708,-7.27383018
0,0,0,0,1,0
0,0,0.009893744823,0.09893744823,0,0
0,0,0.110304451,1.004107062,1,0
0,0,0.2416666471,1.313621961,1,0
0,0,0.418175289,1.765086419,0,0
0,0,0.7498346462,3.316593572,0,0
0,0,1.247125735,4.972910892,0,-1
1,1,1.89770033,6.505745947
0,0,0,0,2,0
0,0,-0.07396115247,-0.7396115247,1,0
0,0,-0.153895075,-0.7993392258,2,0
0,0,-0.3338415953,-1.799465203,0,0
0,0,-0.4730624167,-1.392208213,2,0
0,0,-0.7616371824,-2.885747657,1,0
0,0,-1.15513852,-3.93501338,1,-1
1,1,-1.676949998,-5.218114774
0,0,0,0,2,0
0,0,-0.07255020176,-0.7255020176,2,0
0,0,-0.2279453785,-1.553951767,1,0
0,0,-0.4090300528,-1.810846743,0,0
0,0,-0.5771193571,-1.680893042,1,0
0,0,-0.8361282782,-2.590089212,0,0
0,0,-1.157573661,-3.214453829,0,-1
1,1,-1.575593061,-4.180194001
0,0,0,0,0,0
0,0,0.08835273808,0.8835273808,0,0
0,0,0.2953236945,2.069709564,2,0
0,0,0.4659579066,1.706342121,0,0
0,0,0.7738995464,3.079416398,2,0
0,0,1.118991977,3.450924309,2,0
0,0,1.553703819,4.347118419,2,-1
1,1,2.133639175,5.799353556
0,0,0,0,0,0
0,0,0.08583794307,0.8583794307,1,0
0,0,0.1696290148,0.8379107176,0,0
0,0,0.3636102908,1.93981276,1,0
0,0,0.6069960814,2.433857906,2,0
0,0,0.8832827356,2.762866542,2,0
0,0,1.218751061,3.354683257,1,-1
1,1,1.693894093,4.751430318
0,0,0,0,2,0
0,0,-0.08452797337,-0.8452797337,0,0
0,0,-0.08688179049,-0.02353817116,2,0
0,0,-0.1844884908,-0.9760670034,0,0
0,0,-0.2302310272,-0.4574253634,1,0
0,0,-0.2993971855,-0.691661583,1,0
0,0,-0.4106766382,-1.112794527,1,0
0,0,-0.5994529498,-1.887763116,1,0
0,0,-0.880736416,-2.812834662,1,0
0,0,-1.28187975,-4.01143334,0,-1
1,1,-1.794189623,-5.123098731
0,0,0,0,1,0
0,0,0.000914079338,0.00914079338,0,0
0,0,0.08537822877,0.8446414944,2,0
0,0,0.09487955005,0.09501321279,0,0
0,0,0.2076435649,1.127640149,1,0
0,0,0.3567238745,1.490803096,1,0
0,0,0.5605102788,2.037864043,0,0
0,0,0.9099301583,3.494198795,2,0
0,0,1.316414319,4.064841603,2,-1
1,1,1.842708635,5.262943162
0,0,0,0,0,0
0,0,0.0809903639,0.809903639,2,0
0,0,0.08062013194,-0.003702319544,1,0
0,0,0.1014265338,0.2080640186,2,0
0,0,0.04778120395,-0.5364532986,0,0
0,0,0.08748134294,0.3970013899,1,0
0,0,0.1506683316,0.6318698871,1,0
0,0,0.2345598337,0.8389150203,0,0
0,0,0.4289755408,1.944157071,1,0
0,0,0.7027221294,2.737465886,2,0
0,0,1.017545997,3.148238676,0,0
0,0,1.501991809,4.844458124,0,-1
1,1,2.136357141,6.343653317
0,0,0,0,1,0
0,0,0.01538395806,0.1538395806,0,0
0,0,0.1380985724,1.227146143,2,0
0,0,0.2120048181,0.7390624572,1,0
0,0,0.3148299992,1.028251811,1,0
0,0,0.4663149984,1.514849992,2,0
0,0,0.617045167,1.507301686,0,0
0,0,0.9318377117,3.147925447,2,0
0,0,1.308517761,3.766800498,2,-1
1,1,1.803076142,4.945583803
0,0,0,0,0,0
0,0,0.07826425453,0.7826425453,2,0
0,0,0.0979956021,0.1973134757,2,0
0,0,0.05381773686,-0.4417786523,1,0
0,0,0.03524841389,-0.1856932297,0,0
0,0,0.1208460262,0.855976123,2,0
0,0,0.1352362089,0.1439018275,2,0
0,0,0.06906325015,-0.6617295879,0,0
0,0,0.1105155956,0.4145234543,0,0
0,0,0.241602542,1.310869464,1,0
0,0,0.4251741421,1.835716002,0,0
0,0,0.7457078236,3.205336815,2,0
0,0,1.112258513,3.665506894,0,-1
1,1,1.638580116,5.26321603
0,0,0,0,1,0
0,0,-0.01390674073,-0.1390674073,0,0
0,0,0.06676688566,0.806736264,2,0
0,0,0.05882657997,-0.07940305689,1,0
0,0,0.06376037976,0.04933799786,0,0
0,0,0.171890436,1.081300562,2,0
0,0,0.2242918733,0.5240143728,0,0
0,0,0.3933700782,1.690782049,0,0
0,0,0.696187441,3.028173628,1,0
0,0,1.092485612,3.962981705,0,-1
1,1,1.650088253,5.576026416
0,0,0,0,1,0
0,0,-0.01209988479,-0.1209988479,2,0
0,0,-0.1096951244,-0.975952396,0,0
0,0,-0.1382778437,-0.2858271926,0,0
0,0,-0.09627345378,0.4200438988,1,0
0,0,-0.06073718327,0.3553627051,0,0
0,0,0.04613533271,1.06872516,0,0
0,0,0.2630271029,2.168917702,2,0
0,0,0.4354202545,1.723931515,1,0
0,0,0.6842692244,2.488489699,2,0
0,0,0.9742561348,2.899869104,1,0
0,0,1.383299168,4.090430332,0,-1
1,1,1.946898462,5.635992943
0,0,0,0,1,0
0,0,-0.007982475436,-0.07982475436,1,0
0,0,-0.01716814655,-0.09185671112,0,0
0,0,0.06356684275,0.8073498929,0,0
0,0,0.2584004068,1.94833564,2,0
0,0,0.4252801293,1.668797225,2,0
0,0,0.5909196858,1.656395565,1,0
0,0,0.8389279365,2.480082507,0,0
0,0,1.252543291,4.136153544,1,-1
1,1,1.799160523,5.466172321
0,0,0,0,2,0
0,0,-0.07429888881,-0.7429888881,0,0
0,0,-0.07994246745,-0.05643578646,1,0
0,0,-0.1030330239,-0.2309055644,2,0
0,0,-0.2167591939,-1.1372617,0,0
0,0,-0.2931082621,-0.7634906818,0,0
0,0,-0.3414876586,-0.4837939644,1,0
0,0,-0.450884939,-1.093972804,0,0
0,0,-0.5583364433,-1.074515044,0,0
0,0,-0.6810272786,-1.226908353,0,0
0,0,-0.8274500469,-1.464227683,2,0
0,0,-1.137707292,-3.102572447,2,-1
1,1,-1.614730237,-4.770229458
0,0,0,0,1,0
0,0,0.008329313642,0.08329313642,2,0
0,0,-0.07336228587,-0.8169159951,2,0
0,0,-0.2660413613,-1.926790754,2,0
0,0,-0.5947112323,-3.28669871,2,0
0,0,-1.07217564,-4.774644079,0,-1
1,1,-1.638009685,-5.658340452
0,0,0,0,1,0
0,0,0.01676328204,0.1676328204,2,0
0,0,-0.06167201632,-0.7843529837,0,0
0,0,-0.06512028141,-0.03448265091,1,0
0,0,-0.0913503694,-0.2623008799,2,0
0,0,-0.2114075589,-1.200571895,1,0
0,0,-0.3789626244,-1.675550655,0,0
0,0,-0.5427909414,-1.638283171,1,0
0,0,-0.7804589145,-2.376679731,2,0
0,0,-1.184634817,-4.041759027,0,-1
1,1,-1.691192466,-5.065576492
0,0,0,0,1,0
0,0,0.008549326738,0.08549326738,0,0
0,0,0.1172929738,1.08743647,2,0
0,0,0.1490375885,0.3174461473,0,0
0,0,0.2880991281,1.390615397,2,0
0,0,0.3848907466,0.9679161847,2,0
0,0,0.4515275359,0.6663678926,0,0
0,0,0.655969467,2.044419311,2,0
0,0,0.8832903815,2.273209146,2,0
0,0,1.169835657,2.865452757,0,-1
1,1,1.62367041,4.538347528
0,0,0,0,0,0
0,0,0.08853074429,0.8853074429,2,0
0,0,0.09499487253,0.06464128241,0,0
0,0,0.2137381913,1.187433188,2,0
0,0,0.2816272709,0.6788907957,0,0
0,0,0.4704756115,1.888483406,1,0
0,0,0.7413752311,2.708996196,1,0
0,0,1.103720171,3.623449401,2,0
0,0,1.555533127,4.518129556,0,-1
1,1,2.155163757,5.996306307
0,0,0,0,2,0
0,0,-0.08260730846,-0.8260730846,1,0
0,0,-0.1825539477,-0.9994663919,2,0
0,0,-0.4098897954,-2.273358478,1,0
0,0,-0.7058916339,-2.960018385,1,0
0,0,-1.09340226,-3.87510626,0,-1
1,1,-1.573224257,-4.798219969
0,0,0,0,1,0
0,0,-0.00909315348,-0.0909315348,0,0
0,0,0.0790002807,0.8809343418,1,0
0,0,0.1852829053,1.062826246,0,0
0,0,0.3923852774,2.071023721,1,0
0,0,0.653672955,2.612876776,0,0
0,0,1.085438452,4.317654973,2,-1
1,1,1.602753992,5.173155398
0,0,0,0,1,0
0,0,0.008641280439,0.08641280439,0,0
0,0,0.1230349524,1.14393672,0,0
0,0,0.3472250149,2.241900625,1,0
0,0,0.6424777754,2.952527605,0,0
0,0,1.087272963,4.447951878,0,-1
1,1,1.687703896,6.004309332
0,0,0,0,0,0
0,0,0.09960914216,0.9960914216,0,0
0,0,0.2866251099,1.870159677,0,0
0,0,0.5908796496,3.042545397,2,0
0,0,0.9154669954,3.245873458,1,0
0,0,1.350666233,4.351992372,1,-1
1,1,1.92648683,5.758205972
0,0,0,0,2,0
0,0,-0.09508312323,-0.9508312323,0,0
0,0,-0.1053261307,-0.1024300748,1,0
0,0,-0.1427745277,-0.3744839694,0,0
0,0,-0.1022288002,0.4054572745,1,0
0,0,-0.08459339357,0.1763540664,1,0
0,0,-0.08799020754,-0.03396813964,2,0
0,0,-0.1798843236,-0.9189411605,1,0
0,0,-0.3168652543,-1.369809307,1,0
0,0,-0.5216699176,-2.048046633,2,0
0,0,-0.8779370548,-3.562671372,2,0
0,0,-1.385818481,-5.078814258,2,-1
1,1,-2.046837215,-6.610187344
0,0,0,0,0,0
0,0,0.07638410712,0.7638410712,2,0
0,0,0.07476936935,-0.01614737775,2,0
0,0,-0.003711640603,-0.7848100995,1,0
0,0,-0.08357097671,-0.7985933611,2,0
0,0,-0.2668099664,-1.832389897,0,0
0,0,-0.4051926068,-1.383826404,2,0
0,0,-0.6948812189,-2.896886121,1,0
0,0,-1.091531766,-3.96650547,0,-1
1,1,-1.57442509,-4.82893324
0,0,0,0,1,0
0,0,-0.001500206205,-0.01500206205,0,0
0,0,0.08440435621,0.8590456241,0,0
0,0,0.2861449383,2.017405821,1,0
0,0,0.547662322,2.615173837,0,0
0,0,0.9594345243,4.117722023,2,0
0,0,1.448477774,4.890432497,0,-1
1,1,2.088068412,6.395906382
0,0,0,0,2,0
0,0,-0.1024691418,-1.024691418,0,0
0,0,-0.1373322344,-0.3486309261,0,0
0,0,-0.09827719714,0.3905503724,0,0
0,0,0.02249286652,1.207700637,0,0
0,0,0.2218734075,1.99380541,0,0
0,0,0.5472622026,3.253887951,0,0
0,0,1.014815601,4.675533979,1,-1
1,1,1.597489382,5.826737813
0,0,0,0,1,0
0,0,0.001329701886,0.01329701886,1,0
0,0,-0.008844325833,-0.1017402772,2,0
0,0,-0.1025322992,-0.9368797333,1,0
0,0,-0.2020339763,-0.9950167713,0,0
0,0,-0.2478715302,-0.4583755387,0,0
0,0,-0.2551242104,-0.07252680265,1,0
0,0,-0.3059485415,-0.5082433112,1,0
0,0,-0.4230867272,-1.171381856,0,0
0,0,-0.5433318079,-1.202450808,0,0
0,0,-0.6769111395,-1.335793315,0,0
0,0,-0.8505173915,-1.73606252,2,0
0,0,-1.191179435,-3.406620433,0,-1
1,1,-1.634542803,-4.433633683
0,0,0,0,2,0
0,0,-0.08194197829,-0.8194197829,2,0
0,0,-0.2519902069,-1.700482286,1,0
0,0,-0.4781904237,-2.262002168,2,0
0,0,-0.8503047914,-3.721143676,2,0
0,0,-1.373666208,-5.233614171,1,-1
1,1,-2.03425167,-6.605854611
0,0,0,0,1,0
0,0,0.001574598623,0.01574598623,0,0
0,0,0.1008423477,0.9926774904,2,0
0,0,0.1224589426,0.2161659498,2,0
0,0,0.07931198862,-0.4314695401,2,0
0,0,-0.04826756925,-1.275795579,0,0
0,0,-0.08334211861,-0.3507454936,0,0
0,0,-0.04457381103,0.3876830758,1,0
0,0,-0.02719977693,0.173740341,1,0
0,0,-0.02784588623,-0.006461092978,1,0
0,0,-0.03086904816,-0.03023161927,2,0
0,0,-0.1340129251,-1.031438769,2,0
0,0,-0.3566007474,-2.225878223,2,0
0,0,-0.7186592299,-3.620584825,2,0
0,0,-1.227732256,-5.090730263,0,-1
1,1,-1.842257824,-6.145255681
0,0,0,0,2,0
0,0,-0.07886382204,-0.7886382204,0,0
0,0,-0.08759316737,-0.08729345331,1,0
0,0,-0.110610555,-0.2301738764,0,0
0,0,-0.06339891048,0.4721164453,2,0
0,0,-0.1071609613,-0.4376205078,2,0
0,0,-0.2477499923,-1.405890311,1,0
0,0,-0.4156807116,-1.679307192,1,0
0,0,-0.6594091681,-2.437284565,1,0
0,0,-0.9854735189,-3.260643507,1,0
0,0,-1.437383915,-4.519103966,2,-1
1,1,-2.040878524,-6.034946087
0,0,0,0,0,0
0,0,0.08997179206,0.8997179206,0,0
0,0,0.2895050025,1.995332104,2,0
0,0,0.4508029406,1.612979381,0,0
0,0,0.7525071872,3.017042466,2,0
0,0,1.101989121,3.494819333,1,-1
1,1,1.574945561,4.729564404
0,0,0,0,0,0
0,0,0.1053104712,1.053104712,1,0
0,0,0.2261764786,1.208660074,1,0
0,0,0.385076306,1.588998274,1,0
0,0,0.5955962564,2.105199504,1,0
0,0,0.903128217,3.075319606,0,0
0,0,1.374681691,4.715534744,2,-1
1,1,1.970843719,5.961620274
0,0,0,0,1,0
0,0,-0.01421026388,-0.1421026388,1,0
0,0,-0.03404314419,-0.1983288031,1,0
0,0,-0.0535431133,-0.1949996911,2,0
0,0,-0.1878248778,-1.342817645,1,0
0,0,-0.3530955401,-1.652706623,2,0
0,0,-0.6404816135,-2.873860734,2,0
0,0,-1.095021369,-4.545397559,1,-1
1,1,-1.678186826,-5.831654565
0,0,0,0,2,0
0,0,-0.09673072028,-0.9673072028,2,0
0,0,-0.3009455768,-2.042148565,1,0
0,0,-0.565264921,-2.643193442,0,0
0,0,-0.8439067335,-2.786418125,0,0
0,0,-1.177288338,-3.333816048,0,-1
1,1,-1.61490198,-4.376136417
0,0,0,0,0,0
0,0,0.07261958829,0.7261958829,0,0
0,0,0.2502328266,1.776132383,0,0
0,0,0.5510126419,3.007798153,0,0
0,0,1.011085622,4.600729803,2,0
0,0,1.537519311,5.264336889,0,-1
1,1,2.211979261,6.744599502
0,0,0,0,0,0
0,0,0.07318783428,0.7318783428,1,0
0,0,0.1659485779,0.927607436,0,0
0,0,0.3760436924,2.100951145,1,0
0,0,0.6567010412,2.806573488,0,0
0,0,1.104771991,4.480709498,1,-1
1,1,1.680148501,5.753765104
0,0,0,0,0,0
0,0,0.07806117146,0.7806117146,1,0
0,0,0.1549369148,0.7687574338,0,0
0,0,0.3282752859,1.73338371,2,0
0,0,0.4864120732,1.581367873,0,0
0,0,0.7886102205,3.021981473,2,0
0,0,1.1412879,3.5267768,2,-1
1,1,1.595197216,4.539093158
0,0,0,0,1,0
0,0,-0.01060176325,-0.1060176325,1,0
0,0,-0.03196310764,-0.2136134439,2,0
0,0,-0.149317122,-1.173540144,0,0
0,0,-0.2037154635,-0.5439834149,0,0
0,0,-0.1987716106,0.04943852892,0,0
0,0,-0.1449820157,0.5378959493,2,0
0,0,-0.2077928833,-0.628108676,2,0
0,0,-0.4072789979,-1.994861146,0,0
0,0,-0.5905978852,-1.833188873,0,0
0,0,-0.7823812594,-1.917833742,0,0
0,0,-1.03710069,-2.547194307,0,0
0,0,-1.377594328,-3.404936382,2,-1
1,1,-1.87176841,-4.941740819
0,0,0,0,1,0
0,0,0.0001907205831,0.001907205831,2,0
0,0,-0.1025190615,-1.027097821,0,0
0,0,-0.1304368047,-0.2791774326,2,0
0,0,-0.2627399344,-1.323031297,1,0
0,0,-0.427817601,-1.650776666,0,0
0,0,-0.5938808516,-1.660632506,0,0
0,0,-0.7692906418,-1.754097902,0,0
0,0,-1.001407309,-2.321166673,2,0
0,0,-1.409721796,-4.083144872,2,-1
1,1,-1.970246999,-5.605252031
0,0,0,0,0,0
0,0,0.09468775538,0.9468775538,2,0
0,0,0.1135821325,0.1889437709,2,0
0,0,0.05768017524,-0.5590195724,0,0
0,0,0.08616313815,0.2848296292,2,0
0,0,0.04677398384,-0.3938915432,0,0
0,0,0.1080231391,0.6124915527,0,0
0,0,0.2733132632,1.652901241,1,0
0,0,0.4974886291,2.241753659,0,0
0,0,0.8840960261,3.86607397,2,0
0,0,1.339040602,4.549445763,0,-1
1,1,1.945616344,6.065757415
0,0,0,0,2,0
0,0,-0.07702413797,-0.7702413797,0,0
0,0,-0.08330912291,-0.06284984943,0,0
0,0,-0.02730659421,0.560025287,0,0
0,0,0.1198829736,1.471895678,0,0
0,0,0.3795841425,2.597011689,2,0
0,0,0.607108943,2.275248004,1,0
0,0,0.9169526867,3.098437437,0,0
0,0,1.384964159,4.680114723,1,-1
1,1,1.993354973,6.083908142
0,0,0,0,1,0
0,0,0.006408306959,0.06408306959,0,0
0,0,0.09714936087,0.9074105391,0,0
0,0,0.2848512153,1.877018544,0,0
0,0,0.6035770254,3.187258101,2,0
0,0,0.9419106513,3.383336259,1,0
0,0,1.395870113,4.539594614,0,-1
1,1,2.004402834,6.085327211
0,0,0,0,2,0
0,0,-0.07572790036,-0.7572790036,0,0
0,0,-0.09126546435,-0.1553756399,2,0
0,0,-0.2184613159,-1.271958515,0,0
0,0,-0.2886357895,-0.7017447364,2,0
0,0,-0.4793798834,-1.907440939,1,0
0,0,-0.7308829666,-2.515030831,1,0
0,0,-1.095878457,-3.649954907,1,-1
1,1,-1.587510311,-4.916318533
0,0,0,0,2,0
0,0,-0.07702492856,-0.7702492856,2,0
0,0,-0.2634117023,-1.863867737,1,0
0,0,-0.508557783,-2.451460807,2,0
0,0,-0.897562807,-3.890050241,2,0
0,0,-1.443078446,-5.455156393,0,-1
1,1,-2.119190886,-6.761124401
0,0,0,0,2,0
0,0,-0.09009694454,-0.9009694454,2,0
0,0,-0.266790087,-1.766931425,2,0
0,0,-0.5843613715,-3.175712844,2,0
0,0,-1.044720068,-4.603586965,0,-1
1,1,-1.580494221,-5.357741529
0,0,0,0,2,0
0,0,-0.07566808361,-0.7566808361,2,0
0,0,-0.2606671985,-1.849991148,1,0
0,0,-0.4868953487,-2.262281503,0,0
0,0,-0.7062230811,-2.193277324,0,0
0,0,-0.9583416934,-2.521186122,1,0
0,0,-1.331509298,-3.731676046,0,-1
1,1,-1.828214834,-4.967055363
0,0,0,0,1,0
0,0,-0.01612791493,-0.1612791493,1,0
0,0,-0.03082048636,-0.1469257142,1,0
0,0,-0.03581919981,-0.04998713452,0,0
0,0,0.02722110659,0.630403064,1,0
0,0,0.09581976745,0.6859866086,2,0
0,0,0.1085959376,0.1277617015,1,0
0,0,0.1513365313,0.4274059366,2,0
0,0,0.1223465328,-0.2898999846,0,0
0,0,0.192938263,0.7059173021,1,0
0,0,0.3082209436,1.152826806,0,0
0,0,0.5642155172,2.559945735,0,0
0,0,0.9761720694,4.119565522,0,0
0,0,1.54883491,5.726628411,0,-1
1,1,2.269312969,7.204780583
0,0,0,0,1,0
0,0,0.007003836027,0.07003836027,0,0
0,0,0.08692389552,0.799200595,0,0
0,0,0.2563412215,1.69417326,1,0
0,0,0.4516898243,1.953486028,1,0
0,0,0.7265905829,2.749007586,2,0
0,0,1.038889828,3.122992447,0,0
0,0,1.514559148,4.756693207,0,-1
1,1,2.138781668,6.242225196
0,0,0,0,2,0
0,0,-0.08360080455,-0.8360080455,2,0
0,0,-0.2721780151,-1.885772106,0,0
0,0,-0.4272686094,-1.550905943,1,0
0,0,-0.6443072991,-2.170386897,2,0
0,0,-1.019750952,-3.754436533,2,0
0,0,-1.550716757,-5.309658048,1,-1
1,1,-2.228013474,-6.772967172
0,0,0,0,1,0
0,0,-0.0117147745,-0.117147745,0,0
0,0,0.05418684626,0.6590162076,1,0
0,0,0.1147510833,0.6056423703,0,0
0,0,0.2768012833,1.620502,1,0
0,0,0.4728531877,1.960519044,1,0
0,0,0.734252755,2.613995673,0,0
0,0,1.157923942,4.236711873,2,-1
1,1,1.674025606,5.161016634
0,0,0,0,2,0
0,0,-0.09146886481,-0.9146886481,2,0
0,0,-0.2691402754,-1.776714106,1,0
0,0,-0.490388977,-2.212487016,2,0
0,0,-0.8671324105,-3.767434335,1,0
0,0,-1.342637151,-4.755047406,1,-1
1,1,-1.951922732,-6.092855813
0,0,0,0,2,0
0,0,-0.08296178258,-0.8296178258,1,0
0,0,-0.1783680002,-0.9540621762,2,0
0,0,-0.3766129567,-1.982449565,0,0
0,0,-0.568138129,-1.915251722,1,0
0,0,-0.8462681001,-2.781299711,1,0
0,0,-1.240130552,-3.938624516,0,-1
1,1,-1.740966492,-5.008359408
0,0,0,0,0,0
0,0,0.07595197769,0.7595197769,2,0
0,0,0.06972751895,-0.06224458746,1,0
0,0,0.05869951473,-0.1102800422,2,0
0,0,-0.03592170549,-0.9462122021,1,0
0,0,-0.1269990065,-0.9107730099,1,0
0,0,-0.2281386472,-1.011396407,2,0
0,0,-0.4521587051,-2.240200579,1,0
0,0,-0.7322358588,-2.800771537,1,0
0,0,-1.112229525,-3.799936666,1,-1
1,1,-1.622184487,-5.09954962
