2,1,1
0,0,0,0,0,0
0,0,0.08931365555,0.8931365555,1,0
0,0,0.2098983815,1.20584726,1,0
0,0,0.3498816731,1.399832916,2,0
0,0,0.4743461722,1.244644991,1,0
0,0,0.6835609874,2.092148153,2,0
0,0,0.9256228986,2.420619112,0,0
0,0,1.334332525,4.087096265,2,-1
1,1,1.866132955,5.318004304
0,0,0,0,0,0
0,0,0.09802882887,0.9802882887,2,0
0,0,0.1270606132,0.2903178429,0,0
0,0,0.2686942892,1.41633676,0,0
0,0,0.5497149265,2.810206373,2,0
0,0,0.850068115,3.003531885,1,0
0,0,1.253961328,4.038932133,2,-1
1,1,1.765357834,5.113965058
0,0,0,0,2,0
0,0,-0.08955314978,-0.8955314978,2,0
0,0,-0.2928663723,-2.033132225,2,0
0,0,-0.6216555051,-3.287891327,0,0
0,0,-0.9633699431,-3.417144381,0,0
0,0,-1.370449105,-4.070791618,1,-1
1,1,-1.915485949,-5.450368437
0,0,0,0,2,0
0,0,-0.09191121421,-0.9191121421,1,0
0,0,-0.212282085,-1.203708708,2,0
0,0,-0.459625714,-2.47343629,0,0
0,0,-0.7136056037,-2.539798896,1,0
0,0,-1.056178533,-3.425729293,1,0
0,0,-1.529164507,-4.729859741,2,-1
1,1,-2.150977887,-6.218133803
0,0,0,0,0,0
0,0,0.09369667397,0.9369667397,2,0
0,0,0.1314577111,0.3776103716,2,0
0,0,0.1117925027,-0.1966520844,0,0
0,0,0.1948233492,0.8303084651,0,0
0,0,0.3852632939,1.904399446,0,0
0,0,0.7180638196,3.328005257,1,0
0,0,1.15930535,4.412415307,2,-1
1,1,1.698403491,5.390981405
0,0,0,0,2,0
0,0,-0.07253900848,-0.7253900848,1,0
0,0,-0.161488795,-0.8894978655,1,0
0,0,-0.2855853058,-1.240965108,2,0
0,0,-0.5262638831,-2.406785773,1,0
0,0,-0.8385155023,-3.122516192,2,0
0,0,-1.306318956,-4.678034539,2,-1
1,1,-1.928830051,-6.225110946
0,0,0,0,2,0
0,0,-0.08491288339,-0.8491288339,0,0
0,0,-0.1014869405,-0.165740571,2,0
0,0,-0.2356691452,-1.341822047,1,0
0,0,-0.4163138101,-1.806446648,1,0
0,0,-0.6751822251,-2.588684151,1,0
0,0,-1.037693036,-3.625108106,1,0
0,0,-1.521696472,-4.840034365,2,-1
1,1,-2.154006463,-6.323099912
0,0,0,0,1,0
0,0,0.01461747976,0.1461747976,1,0
0,0,0.04435194203,0.2973446227,2,0
0,0,-0.009735420266,-0.540873623,2,0
0,0,-0.1661190245,-1.563836043,2,0
0,0,-0.4524016863,-2.862826617,0,0
0,0,-0.7423773676,-2.899756813,1,0
0,0,-1.130505124,-3.881277563,1,-1
1,1,-1.648853804,-5.183486798
0,0,0,0,0,0
0,0,0.09819397203,0.9819397203,2,0
0,0,0.1342933282,0.3609935616,2,0
0,0,0.1217907196,-0.1250260855,2,0
0,0,0.0268241095,-0.9496661014,2,0
0,0,-0.1474529167,-1.742770262,2,0
0,0,-0.4326952725,-2.852423558,0,0
0,0,-0.7140131864,-2.813179139,2,0
0,0,-1.148816077,-4.348028907,0,-1
1,1,-1.677164193,-5.283481158
0,0,0,0,2,0
0,0,-0.09645034686,-0.9645034686,1,0
0,0,-0.2001670478,-1.037167009,2,0
0,0,-0.423177023,-2.230099753,0,0
0,0,-0.6220459594,-1.988689364,1,0
0,0,-0.9036643307,-2.816183713,2,0
0,0,-1.356530076,-4.528657455,2,-1
1,1,-1.964187371,-6.076572951
0,0,0,0,2,0
0,0,-0.07098359826,-0.7098359826,0,0
0,0,-0.04921239756,0.2177120071,1,0
0,0,-0.04178328168,0.07429115875,2,0
0,0,-0.1306184134,-0.8883513169,2,0
0,0,-0.3363672797,-2.057488663,0,0
0,0,-0.5001467774,-1.637794976,2,0
0,0,-0.8026414157,-3.024946383,0,0
0,0,-1.145446431,-3.428050149,0,-1
1,1,-1.591444634,-4.459982036
0,0,0,0,2,0
0,0,-0.09080737229,-0.9080737229,1,0
0,0,-0.183719707,-0.9291233468,2,0
0,0,-0.4057542353,-2.220345284,2,0
0,0,-0.7573513355,-3.515971001,0,0
0,0,-1.147481498,-3.901301626,0,-1
1,1,-1.640148012,-4.92666514
0,0,0,0,0,0
0,0,0.08301689942,0.8301689942,1,0
0,0,0.1853064988,1.022895994,2,0
0,0,0.2359088815,0.5060238264,2,0
0,0,0.2484941115,0.1258522998,0,0
0,0,0.3977873331,1.492932216,2,0
0,0,0.5326028301,1.34815497,0,0
0,0,0.8317474178,2.991445877,1,0
0,0,1.241941282,4.101938639,1,-1
1,1,1.78382848,5.418871982
0,0,0,0,1,0
0,0,-0.00243228901,-0.0243228901,2,0
0,0,-0.07860501462,-0.7617272561,0,0
0,0,-0.08914654676,-0.1054153213,2,0
0,0,-0.2124240779,-1.232775312,1,0
0,0,-0.3843701182,-1.719460403,2,0
0,0,-0.6904268863,-3.06056768,0,0
0,0,-1.030242847,-3.398159605,0,0
0,0,-1.459190237,-4.289473904,2,-1
1,1,-2.041230047,-5.820398094
0,0,0,0,1,0
0,0,-0.003771908226,-0.03771908226,1,0
0,0,0.002504247862,0.06276156088,0,0
0,0,0.1082496754,1.057454275,1,0
0,0,0.2291145952,1.208649198,1,0
0,0,0.4051448442,1.76030249,1,0
0,0,0.6305507059,2.254058617,2,0
0,0,0.8841262127,2.535755069,0,0
0,0,1.300613144,4.164869309,0,-1
1,1,1.87064148,5.700283363
0,0,0,0,1,0
0,0,-0.006623412274,-0.06623412274,2,0
0,0,-0.09565001968,-0.890266074,0,0
0,0,-0.1137382171,-0.1808819746,0,0
0,0,-0.06430374881,0.4943446833,0,0
0,0,0.05823411224,1.225378611,2,0
0,0,0.09242361172,0.3418949948,1,0
0,0,0.1494023159,0.5697870421,0,0
0,0,0.3122959065,1.628935906,2,0
0,0,0.4570477649,1.447518584,0,0
0,0,0.7585585597,3.015107948,1,0
0,0,1.160816643,4.022580837,0,-1
1,1,1.720060344,5.592437009
0,0,0,0,0,0
0,0,0.1029650012,1.029650012,0,0
0,0,0.3211441735,2.181791723,0,0
0,0,0.6819233141,3.607791406,0,0
0,0,1.204619042,5.226957283,0,-1
1,1,1.878737466,6.741184232
0,0,0,0,1,0
0,0,0.004859244568,0.04859244568,2,0
0,0,-0.09340059874,-0.982598433,2,0
0,0,-0.2917055176,-1.983049188,0,0
0,0,-0.450002932,-1.582974144,0,0
0,0,-0.604820266,-1.548173341,1,0
0,0,-0.8636307642,-2.588104982,2,0
0,0,-1.287313415,-4.236826505,1,-1
1,1,-1.849517604,-5.622041892
0,0,0,0,2,0
0,0,-0.07526571112,-0.7526571112,0,0
0,0,-0.06219224307,0.1307346805,2,0
0,0,-0.1497875053,-0.8759526219,1,0
0,0,-0.2603871669,-1.105996616,0,0
0,0,-0.3303988591,-0.7001169216,1,0
0,0,-0.4421574153,-1.117585562,0,0
0,0,-0.5390022956,-0.9684488032,0,0
0,0,-0.6555641962,-1.165619006,1,0
0,0,-0.8587160698,-2.031518736,2,0
0,0,-1.230528714,-3.718126444,2,-1
1,1,-1.758703439,-5.281747251
0,0,0,0,1,0
0,0,-0.01646144199,-0.1646144199,2,0
0,0,-0.1181763932,-1.017149512,0,0
0,0,-0.1654157234,-0.4723933017,1,0
0,0,-0.2538680535,-0.8845233017,1,0
0,0,-0.3736606446,-1.197925911,0,0
0,0,-0.4635777119,-0.8991706727,2,0
0,0,-0.7184327484,-2.548550365,0,0
0,0,-1.021368764,-3.029360158,0,0
0,0,-1.415491855,-3.941230904,1,-1
1,1,-1.950729152,-5.352372976
0,0,0,0,0,0
0,0,0.08659367431,0.8659367431,2,0
0,0,0.08539124895,-0.01202425359,1,0
0,0,0.09633093713,0.1093968818,2,0
0,0,0.0369013816,-0.5942955553,2,0
0,0,-0.1095573087,-1.464586903,2,0
0,0,-0.3458411506,-2.362838419,0,0
0,0,-0.5471842345,-2.013430839,1,0
0,0,-0.8448146409,-2.976304064,1,0
0,0,-1.262147555,-4.173329138,2,-1
1,1,-1.835970179,-5.738226247
0,0,0,0,2,0
0,0,-0.1032832508,-1.032832508,0,0
0,0,-0.1501200711,-0.4683682026,0,0
0,0,-0.1259225701,0.24197501,0,0
0,0,-0.03525788045,0.9066468963,2,0
0,0,-0.04472497486,-0.09467094408,2,0
0,0,-0.1409406816,-0.9621570676,0,0
0,0,-0.1762623799,-0.3532169826,0,0
0,0,-0.1398740364,0.3638834344,0,0
0,0,-0.04482608564,0.950479508,1,0
0,0,0.05576812456,1.005942102,2,0
0,0,0.07322694372,0.1745881916,1,0
0,0,0.1069503717,0.3372342796,1,0
0,0,0.1655845299,0.5863415822,0,0
0,0,0.3459002704,1.803157405,1,0
0,0,0.5815656355,2.356653651,1,0
0,0,0.9130256863,3.314600507,2,0
0,0,1.313963142,4.009374553,2,-1
1,1,1.831806083,5.178429412
0,0,0,0,1,0
0,0,4.008426367e-05,0.0004008426367,0,0
0,0,0.09218959617,0.9214951191,1,0
0,0,0.1923442472,1.00154651,2,0
0,0,0.2299238798,0.3757963254,1,0
0,0,0.3054625373,0.7553865756,1,0
0,0,0.419533646,1.140711087,2,0
0,0,0.5194315241,0.998978781,1,0
0,0,0.7068335652,1.87402041,0,0
0,0,1.06675711,3.599235452,2,0
0,0,1.519419952,4.52662842,1,-1
1,1,2.117660442,5.982404898
0,0,0,0,1,0
0,0,-0.002518147453,-0.02518147453,0,0
0,0,0.08371739355,0.86235541,0,0
0,0,0.2813504503,1.976330567,2,0
0,0,0.4466461366,1.652956863,2,0
0,0,0.5966199717,1.499738351,1,0
0,0,0.8231047984,2.264848267,0,0
0,0,1.223492673,4.003878745,0,-1
1,1,1.779134538,5.556418654
0,0,0,0,2,0
0,0,-0.1007599818,-1.007599818,1,0
0,0,-0.2152410672,-1.144810854,1,0
0,0,-0.3557385534,-1.404974862,0,0
0,0,-0.4614864578,-1.057479044,0,0
0,0,-0.5602185288,-0.98732071,1,0
0,0,-0.7505171231,-1.902985944,1,0
0,0,-1.036829857,-2.863127341,0,0
0,0,-1.402392165,-3.655623073,1,-1
1,1,-1.91184568,-5.094535156
0,0,0,0,2,0
0,0,-0.105313869,-1.05313869,2,0
0,0,-0.3333975946,-2.280837256,2,0
0,0,-0.6810773103,-3.476797157,2,0
0,0,-1.187012996,-5.059356854,0,-1
1,1,-1.792530907,-6.055179112
0,0,0,0,0,0
0,0,0.07105286248,0.7105286248,0,0
0,0,0.231596546,1.605436835,2,0
0,0,0.3426226371,1.110260911,2,0
0,0,0.4341121551,0.9148951806,2,0
0,0,0.5311695367,0.9705738161,2,0
0,0,0.651141217,1.199716802,0,0
0,0,0.9237960151,2.726547981,1,0
0,0,1.31514793,3.913519149,0,-1
1,1,1.863718515,5.485705846
0,0,0,0,0,0
0,0,0.1047441777,1.047441777,1,0
0,0,0.2147204527,1.09976275,2,0
0,0,0.2827669655,0.6804651284,0,0
0,0,0.4711256052,1.883586397,2,0
0,0,0.6650652723,1.939396671,0,0
0,0,1.033516973,3.684517008,1,0
0,0,1.52830111,4.947841366,2,-1
1,1,2.165661281,6.373601715
0,0,0,0,1,0
0,0,-0.01129068613,-0.1129068613,2,0
0,0,-0.1129234697,-1.016327836,2,0
0,0,-0.3048736772,-1.919502075,0,0
0,0,-0.4671910995,-1.623174222,1,0
0,0,-0.708354296,-2.411631966,0,0
0,0,-0.9864188567,-2.780645607,0,0
0,0,-1.343101294,-3.56682437,1,-1
1,1,-1.840405841,-4.973045477
0,0,0,0,2,0
0,0,-0.07552230116,-0.7552230116,2,0
0,0,-0.2544051049,-1.788828037,1,0
0,0,-0.4714946903,-2.170895854,2,0
0,0,-0.8312747404,-3.597800501,2,0
0,0,-1.352406964,-5.21132224,0,-1
1,1,-1.99593651,-6.435295458
0,0,0,0,0,0
0,0,0.1010305424,1.010305424,1,0
0,0,0.211740428,1.107098857,0,0
0,0,0.4435637292,2.318233012,0,0
0,0,0.8094866962,3.65922967,0,0
0,0,1.324388292,5.149015963,2,-1
1,1,1.958576028,6.341877354
0,0,0,0,1,0
0,0,-0.008035277513,-0.08035277513,0,0
0,0,0.06326058408,0.712958616,2,0
0,0,0.06367377972,0.004131956342,1,0
0,0,0.0875370883,0.2386330858,1,0
0,0,0.1143341363,0.2679704799,1,0
0,0,0.1497138588,0.3537972253,2,0
0,0,0.1116100947,-0.3810376415,0,0
0,0,0.1739811525,0.6237105785,2,0
0,0,0.1776834876,0.03702335115,1,0
0,0,0.2022892493,0.2460576167,0,0
0,0,0.3532043636,1.509151143,2,0
0,0,0.468192978,1.149886144,0,0
0,0,0.7323578273,2.641648493,1,0
0,0,1.1082151,3.758572722,0,-1
1,1,1.650828097,5.426129972
0,0,0,0,2,0
0,0,-0.07429003358,-0.7429003358,2,0
0,0,-0.2381905455,-1.639005119,2,0
0,0,-0.5096678352,-2.714772898,1,0
0,0,-0.8679175207,-3.582496855,0,0
0,0,-1.277052392,-4.091348714,1,-1
1,1,-1.819506151,-5.424537586
0,0,0,0,0,0
0,0,0.08897551617,0.8897551617,0,0
0,0,0.2979440369,2.089685208,0,0
0,0,0.6344252452,3.364812082,1,0
0,0,1.069641917,4.352166722,1,-1
1,1,1.628343988,5.587020709
0,0,0,0,0,0
0,0,0.08790797669,0.8790797669,0,0
0,0,0.2641182272,1.762102505,0,0
0,0,0.5561570781,2.920388509,2,0
0,0,0.8655147276,3.093576496,1,0
0,0,1.285847974,4.203332464,1,-1
1,1,1.841579878,5.557319038
0,0,0,0,2,0
0,0,-0.08825798999,-0.8825798999,0,0
0,0,-0.08691433661,0.01343653375,1,0
0,0,-0.1179019864,-0.3098764982,1,0
0,0,-0.1676797317,-0.4977774531,1,0
0,0,-0.2448337387,-0.7715400696,2,0
0,0,-0.4527721164,-2.079383777,2,0
0,0,-0.8048932603,-3.521211439,1,0
0,0,-1.267443663,-4.625504024,1,-1
1,1,-1.867272924,-5.998292618
0,0,0,0,0,0
0,0,0.07946301602,0.7946301602,1,0
0,0,0.1818282878,1.023652717,2,0
0,0,0.2167802309,0.3495194316,2,0
0,0,0.1892099834,-0.2757024752,0,0
0,0,0.2674756278,0.7826564445,2,0
0,0,0.3039193085,0.3644368061,1,0
0,0,0.3902873733,0.8636806484,0,0
0,0,0.6133013761,2.230140028,0,0
0,0,1.004921158,3.916197822,0,0
0,0,1.551906188,5.469850291,0,-1
1,1,2.246473135,6.945669477
0,0,0,0,0,0
0,0,0.08432301513,0.8432301513,2,0
0,0,0.07934938875,-0.0497362638,0,0
0,0,0.1875622395,1.082128507,1,0
0,0,0.3365404892,1.489782498,2,0
0,0,0.4630064022,1.26465913,0,0
0,0,0.7337846128,2.707782106,1,0
0,0,1.108363122,3.745785095,2,0
0,0,1.570652879,4.622897569,2,-1
1,1,2.179925487,6.092726077
0,0,0,0,2,0
0,0,-0.0734809339,-0.734809339,1,0
0,0,-0.1449630573,-0.7148212342,2,0
0,0,-0.3214113627,-1.764483054,0,0
0,0,-0.4637865166,-1.423751539,1,0
0,0,-0.6781062026,-2.14319686,2,0
0,0,-1.04825428,-3.701480774,0,0
0,0,-1.501497162,-4.532428821,2,-1
1,1,-2.103946769,-6.024496074
0,0,0,0,1,0
0,0,-0.01171128571,-0.1171128571,1,0
0,0,-0.03063261553,-0.1892132982,0,0
0,0,0.01594241109,0.4657502662,1,0
0,0,0.05065968069,0.347172696,2,0
0,0,-0.001686294635,-0.5234597533,2,0
0,0,-0.1540582477,-1.523719531,2,0
0,0,-0.4313139052,-2.772556575,0,0
0,0,-0.6815695811,-2.502556759,0,0
0,0,-0.9592216453,-2.776520642,1,0
0,0,-1.349045701,-3.898240554,1,-1
1,1,-1.877130105,-5.280844046
0,0,0,0,2,0
0,0,-0.1003172502,-1.003172502,0,0
0,0,-0.1227142373,-0.2239698704,2,0
0,0,-0.2639251671,-1.412109299,2,0
0,0,-0.5205540487,-2.566288815,0,0
0,0,-0.7678801796,-2.473261309,2,0
0,0,-1.175294279,-4.074140996,2,-1
1,1,-1.74320394,-5.679096604
0,0,0,0,0,0
0,0,0.09911342614,0.9911342614,2,0
0,0,0.1349959855,0.3588255936,0,0
0,0,0.2645110655,1.2951508,0,0
0,0,0.5276668132,2.631557477,0,0
0,0,0.934076496,4.064096829,0,0
0,0,1.497515264,5.634387676,2,-1
1,1,2.198370354,7.008550902
0,0,0,0,1,0
0,0,0.005446322038,0.05446322038,2,0
0,0,-0.06901208082,-0.7445840285,0,0
0,0,-0.05579756869,0.1321451212,1,0
0,0,-0.03879787584,0.1699969285,1,0
0,0,-0.02393677224,0.148611036,0,0
0,0,0.07774684265,1.016836149,2,0
0,0,0.1086677387,0.3092089609,0,0
0,0,0.2356003174,1.269325787,2,0
0,0,0.305052165,0.6945184761,2,0
0,0,0.3544615713,0.4940940623,0,0
0,0,0.5586943294,2.042327581,0,0
0,0,0.9187803107,3.600859813,0,0
0,0,1.446567426,5.277871153,2,-1
1,1,2.106667345,6.600999194
0,0,0,0,2,0
0,0,-0.09359322686,-0.9359322686,0,0
0,0,-0.124113205,-0.3051997818,2,0
0,0,-0.2495601702,-1.254469651,1,0
0,0,-0.4035910656,-1.540308954,0,0
0,0,-0.5322856788,-1.286946132,0,0
0,0,-0.6808380482,-1.485523695,2,0
0,0,-0.9867416297,-3.059035815,1,0
0,0,-1.410878763,-4.241371329,0,-1
1,1,-1.963719859,-5.528410968
0,0,0,0,1,0
0,0,0.01042538909,0.1042538909,2,0
0,0,-0.0784105143,-0.8883590339,2,0
0,0,-0.2845389484,-2.061284341,1,0
0,0,-0.5299590148,-2.454200664,2,0
0,0,-0.9217922796,-3.918332649,0,0
0,0,-1.376249565,-4.544572858,0,-1
1,1,-1.956283089,-5.800335239
0,0,0,0,0,0
0,0,0.08582345287,0.8582345287,0,0
0,0,0.2752905502,1.894670974,2,0
0,0,0.4366503626,1.613598124,1,0
0,0,0.6703822076,2.33731845,0,0
0,0,1.062468271,3.920860632,0,-1
1,1,1.620770516,5.583022452
0,0,0,0,2,0
0,0,-0.08207717292,-0.8207717292,1,0
0,0,-0.1743818053,-0.9230463235,2,0
0,0,-0.3996464914,-2.252646862,0,0
0,0,-0.6179794696,-2.183329782,2,0
0,0,-0.9897074433,-3.717279738,1,0
0,0,-1.473227106,-4.835196623,0,-1
1,1,-2.091902676,-6.186755704
0,0,0,0,0,0
0,0,0.09237714684,0.9237714684,1,0
0,0,0.2074039837,1.150268368,2,0
0,0,0.265169261,0.5776527733,1,0
0,0,0.363382089,0.9821282801,1,0
0,0,0.5205667482,1.571846592,2,0
0,0,0.6882178025,1.676510543,2,0
0,0,0.8981607391,2.099429365,1,0
0,0,1.225684262,3.275235225,0,-1
1,1,1.717945383,4.922611216
0,0,0,0,2,0
0,0,-0.1022427712,-1.022427712,1,0
0,0,-0.2121942167,-1.099514455,1,0
0,0,-0.3548073884,-1.426131717,0,0
0,0,-0.4644376215,-1.096302331,0,0
0,0,-0.5593657872,-0.949281657,1,0
0,0,-0.7343492842,-1.749834971,0,0
0,0,-0.9460342581,-2.116849739,2,0
0,0,-1.324257343,-3.782230852,0,-1
1,1,-1.822577105,-4.983197614
0,0,0,0,1,0
0,0,-0.003555409867,-0.03555409867,0,0
0,0,0.09229469713,0.9585010699,1,0
0,0,0.1965751686,1.042804714,2,0
0,0,0.2564136167,0.5983844814,0,0
0,0,0.4586731264,2.022595097,1,0
0,0,0.7280378816,2.693647552,0,0
0,0,1.158300921,4.302630393,1,-1
1,1,1.721344843,5.630439224
0,0,0,0,1,0
0,0,0.01441730553,0.1441730553,2,0
0,0,-0.07259278678,-0.8701009231,1,0
0,0,-0.1800752978,-1.074825111,1,0
0,0,-0.3100241795,-1.299488817,0,0
0,0,-0.4164426468,-1.064184673,1,0
0,0,-0.5959823248,-1.79539678,0,0
0,0,-0.7841245692,-1.881422445,1,0
0,0,-1.080835536,-2.967109669,2,0
0,0,-1.541676868,-4.608413316,0,-1
1,1,-2.146127658,-6.044507904
0,0,0,0,0,0
0,0,0.08428719109,0.8428719109,2,0
0,0,0.1067720499,0.2248485882,1,0
0,0,0.1594359922,0.5266394233,2,0
0,0,0.1407251688,-0.1871082343,0,0
0,0,0.2354512925,0.9472612374,0,0
0,0,0.470489243,2.350379505,2,0
0,0,0.7148077376,2.443184946,2,0
0,0,0.988590975,2.737832374,0,0
0,0,1.430986555,4.423955801,0,-1
1,1,2.026251275,5.952647202
0,0,0,0,2,0
0,0,-0.0940147032,-0.940147032,0,0
0,0,-0.1332468926,-0.3923218939,2,0
0,0,-0.2892773936,-1.56030501,0,0
0,0,-0.4179380227,-1.286606291,0,0
0,0,-0.5432703613,-1.253323386,2,0
0,0,-0.8321757948,-2.889054335,2,0
0,0,-1.283047159,-4.508713637,2,-1
1,1,-1.89200512,-6.089579613
0,0,0,0,1,0
0,0,0.01552496024,0.1552496024,2,0
0,0,-0.04963139019,-0.6515635044,2,0
0,0,-0.2255776001,-1.759462099,1,0
0,0,-0.4308051212,-2.052275211,0,0
0,0,-0.6365808636,-2.057757425,0,0
0,0,-0.8561192263,-2.195383626,0,0
0,0,-1.13664487,-2.805256437,2,-1
1,1,-1.584745465,-4.481005949
0,0,0,0,0,0
0,0,0.08636106866,0.8636106866,2,0
0,0,0.08767104863,0.01309979971,2,0
0,0,0.01327591691,-0.7439513173,0,0
0,0,0.03786532011,0.2458940321,1,0
0,0,0.069618949,0.3175362889,2,0
0,0,0.03056555553,-0.3905339347,2,0
0,0,-0.08219437476,-1.127599303,2,0
0,0,-0.2945302451,-2.123358703,0,0
0,0,-0.4780819346,-1.835516895,0,0
0,0,-0.6641365054,-1.860545708,0,0
0,0,-0.8863431286,-2.222066232,0,0
0,0,-1.170424199,-2.840810705,0,0
0,0,-1.562373386,-3.91949187,1,-1
1,1,-2.101111139,-5.387377525
0,0,0,0,0,0
0,0,0.09528043531,0.9528043531,0,0
0,0,0.2772945728,1.820141375,1,0
0,0,0.4900233166,2.127287438,0,0
0,0,0.8388973596,3.488740431,1,0
0,0,1.304997173,4.660998131,2,-1
1,1,1.887034722,5.820375489
0,0,0,0,2,0
0,0,-0.08662033668,-0.8662033668,1,0
0,0,-0.2029340027,-1.16313666,0,0
0,0,-0.2530466828,-0.5011268004,2,0
0,0,-0.4136477683,-1.606010856,1,0
0,0,-0.6547608502,-2.411130818,2,0
0,0,-1.048330059,-3.935692093,2,-1
1,1,-1.601546374,-5.532163143
0,0,0,0,1,0
0,0,-0.003492556535,-0.03492556535,1,0
0,0,-0.002860316751,0.006322397843,0,0
0,0,0.07517219795,0.780325147,0,0
0,0,0.2568359777,1.816637797,0,0
0,0,0.5653410538,3.085050762,2,0
0,0,0.8732328803,3.078918265,0,0
0,0,1.350898479,4.776655985,1,-1
1,1,1.966235088,6.153366094
0,0,0,0,1,0
0,0,0.003680076681,0.03680076681,1,0
0,0,-0.005014324957,-0.08694401638,0,0
0,0,0.06913119141,0.7414551636,2,0
0,0,0.0740290483,0.04897856897,0,0
0,0,0.1743749714,1.003459231,0,0
0,0,0.3995651218,2.251901504,1,0
0,0,0.6727016967,2.731365749,0,0
0,0,1.109480664,4.367789675,1,-1
1,1,1.667238523,5.57757859
0,0,0,0,2,0
0,0,-0.09089181547,-0.9089181547,1,0
0,0,-0.1956697685,-1.047779531,1,0
0,0,-0.3179996441,-1.223298755,2,0
0,0,-0.5780656875,-2.600660434,1,0
0,0,-0.9317012321,-3.536355446,1,0
0,0,-1.406968027,-4.752667945,1,-1
1,1,-2.020043847,-6.130758199
0,0,0,0,2,0
0,0,-0.0900512513,-0.900512513,2,0
0,0,-0.2999697375,-2.099184862,0,0
0,0,-0.4621778304,-1.622080929,2,0
0,0,-0.7725060478,-3.103282174,0,0
0,0,-1.122781091,-3.502750432,1,-1
1,1,-1.606590477,-4.838093865
0,0,0,0,1,0
0,0,-0.009826725218,-0.09826725218,1,0
0,0,-0.01988400675,-0.1005728153,1,0
0,0,-0.04050679943,-0.2062279268,2,0
0,0,-0.1598250188,-1.193182194,2,0
0,0,-0.3871244453,-2.272994265,2,0
0,0,-0.740319448,-3.531950027,0,0
0,0,-1.130569015,-3.902495667,0,-1
1,1,-1.613871638,-4.83302623
0,0,0,0,1,0
0,0,-0.0114878712,-0.114878712,0,0
0,0,0.04936493484,0.6085280604,1,0
0,0,0.1213947364,0.7202980155,1,0
0,0,0.2120991697,0.9070443327,0,0
0,0,0.4203238084,2.082246387,1,0
0,0,0.6865047631,2.661809548,1,0
0,0,1.060548094,3.740433306,1,0
0,0,1.564326975,5.037788811,1,-1
1,1,2.214865365,6.505383903
0,0,0,0,1,0
0,0,0.01143013206,0.1143013206,1,0
0,0,0.04089722942,0.2946709736,2,0
0,0,-0.00609803737,-0.4699526679,2,0
0,0,-0.148856923,-1.427588856,2,0
0,0,-0.3888273699,-2.399704469,1,0
0,0,-0.7007753901,-3.119480202,1,0
0,0,-1.102501366,-4.017259759,2,-1
1,1,-1.662923116,-5.604217501
0,0,0,0,1,0
0,0,0.01534194568,0.1534194568,1,0
0,0,0.02576309312,0.1042114744,0,0
0,0,0.1118223226,0.8605922945,1,0
0,0,0.2298202719,1.179979493,0,0
0,0,0.4715501587,2.417298869,0,0
0,0,0.8671837285,3.956335698,2,0
0,0,1.323770438,4.565867092,2,-1
1,1,1.900538939,5.767685011
0,0,0,0,1,0
0,0,0.007615323232,0.07615323232,2,0
0,0,-0.06281895108,-0.7043427431,0,0
0,0,-0.05544799564,0.07370955436,1,0
0,0,-0.04598963337,0.09458362274,2,0
0,0,-0.1301710271,-0.841813937,1,0
0,0,-0.2224041357,-0.922331086,1,0
0,0,-0.3464807844,-1.240766488,1,0
0,0,-0.5195291777,-1.730483933,2,0
0,0,-0.8495636221,-3.300344444,1,0
0,0,-1.288516281,-4.389526591,2,-1
1,1,-1.886444786,-5.97928505
0,0,0,0,2,0
0,0,-0.09014892971,-0.9014892971,0,0
0,0,-0.09733240494,-0.07183475229,0,0
0,0,-0.03015994956,0.6717245538,1,0
0,0,0.04800845541,0.7816840497,2,0
0,0,0.04896972167,0.009612662615,2,0
0,0,-0.03523829058,-0.8420801225,0,0
0,0,-0.03918098274,-0.03942692158,1,0
0,0,-0.03569014383,0.03490838915,0,0
0,0,0.04968522057,0.8537536439,0,0
0,0,0.2202631938,1.705779732,1,0
0,0,0.4233077883,2.030445945,2,0
0,0,0.6005176711,1.772098829,0,0
0,0,0.9260717151,3.25554044,1,0
0,0,1.364590517,4.385188024,1,-1
1,1,1.943480684,5.788901668
0,0,0,0,0,0
0,0,0.08861976081,0.8861976081,1,0
0,0,0.1837997039,0.951799431,0,0
0,0,0.408303944,2.245042401,2,0
0,0,0.6206140376,2.123100936,0,0
0,0,0.988750596,3.681365584,0,0
0,0,1.511798789,5.230481933,1,-1
1,1,2.180116114,6.683173247
0,0,0,0,1,0
0,0,-0.01519661818,-0.1519661818,1,0
0,0,-0.02628999894,-0.1109338076,1,0
0,0,-0.03907941828,-0.1278941935,1,0
0,0,-0.04610765342,-0.07028235133,1,0
0,0,-0.05140982995,-0.05302176531,2,0
0,0,-0.154981694,-1.03571864,2,0
0,0,-0.3673865843,-2.124048903,0,0
0,0,-0.5487901241,-1.814035398,1,0
0,0,-0.8004147601,-2.51624636,2,0
0,0,-1.225695588,-4.252808281,1,-1
1,1,-1.783008206,-5.573126175
0,0,0,0,1,0
0,0,0.006611931782,0.06611931782,1,0
0,0,-0.002019696206,-0.08631627988,1,0
0,0,-0.00714769942,-0.05128003215,2,0
0,0,-0.1060030441,-0.9885534468,2,0
0,0,-0.3215630669,-2.155600228,2,0
0,0,-0.672085142,-3.50522075,2,0
0,0,-1.178152604,-5.060674619,2,-1
1,1,-1.843484717,-6.65332113
0,0,0,0,1,0
0,0,-0.006659585743,-0.06659585743,1,0
0,0,-0.01573509213,-0.09075506383,1,0
0,0,-0.01243036698,0.03304725149,2,0
0,0,-0.1122374932,-0.9980712627,1,0
0,0,-0.2200646323,-1.07827139,0,0
0,0,-0.2688477962,-0.4878316395,2,0
0,0,-0.4357129556,-1.668651594,1,0
0,0,-0.677852652,-2.421396964,0,0
0,0,-0.9449500017,-2.670973498,1,0
0,0,-1.34082783,-3.958778285,2,-1
1,1,-1.89368551,-5.528576799
0,0,0,0,0,0
0,0,0.09479265086,0.9479265086,0,0
0,0,0.2761954347,1.814027839,1,0
0,0,0.5186649225,2.424694878,2,0
0,0,0.7726974645,2.54032542,0,0
0,0,1.189061724,4.163642593,1,-1
1,1,1.738294776,5.492330522
0,0,0,0,0,0
0,0,0.1040485622,1.040485622,2,0
0,0,0.1392757456,0.3522718338,2,0
0,0,0.09634001036,-0.4293573523,1,0
0,0,0.0572159752,-0.3912403516,2,0
0,0,-0.07510096214,-1.323169373,1,0
0,0,-0.2229152411,-1.47814279,0,0
0,0,-0.3231192772,-1.002040361,2,0
0,0,-0.5751598219,-2.520405447,1,0
0,0,-0.9231165808,-3.479567589,0,0
0,0,-1.344504833,-4.21388252,0,-1
1,1,-1.89044453,-5.459396974
0,0,0,0,1,0
0,0,-0.01663673217,-0.1663673217,2,0
0,0,-0.1291419544,-1.125052222,0,0
0,0,-0.162733067,-0.3359111261,1,0
0,0,-0.210507568,-0.4777450106,0,0
0,0,-0.1930869457,0.174206223,2,0
0,0,-0.2889455296,-0.9585858382,0,0
0,0,-0.3599727305,-0.7102720091,0,0
0,0,-0.4164107239,-0.5643799345,1,0
0,0,-0.5301318936,-1.137211697,0,0
0,0,-0.6666203661,-1.364884725,2,0
0,0,-0.97460087,-3.079805038,1,0
0,0,-1.401290348,-4.266894777,1,-1
1,1,-1.968624029,-5.673336815
0,0,0,0,2,0
0,0,-0.08613217648,-0.8613217648,1,0
0,0,-0.1700109048,-0.8387872836,2,0
0,0,-0.369288852,-1.992779472,0,0
0,0,-0.5535882438,-1.842993918,0,0
0,0,-0.7526258874,-1.990376436,1,0
0,0,-1.064571702,-3.11945815,2,0
0,0,-1.536415104,-4.718434017,0,-1
1,1,-2.151853456,-6.154383521
0,0,0,0,1,0
0,0,0.007656774621,0.07656774621,1,0
0,0,0.01987033711,0.1221356249,2,0
0,0,-0.04477510628,-0.6464544339,1,0
0,0,-0.1126262282,-0.6785112188,2,0
0,0,-0.2760223351,-1.633961069,1,0
0,0,-0.4865032703,-2.104809352,0,0
0,0,-0.7048955221,-2.183922518,0,0
0,0,-0.9544479926,-2.495524705,2,0
0,0,-1.371120705,-4.16672712,2,-1
1,1,-1.94199576,-5.708750558
0,0,0,0,1,0
0,0,-0.002876232192,-0.02876232192,0,0
0,0,0.08526980175,0.8814603394,2,0
0,0,0.1089538723,0.236840706,0,0
0,0,0.2229995716,1.140456992,2,0
0,0,0.3048402493,0.8184067774,0,0
0,0,0.5192138627,2.143736134,0,0
0,0,0.8789423277,3.597284649,1,0
0,0,1.342190231,4.632479033,1,-1
1,1,1.942699439,6.005092079
0,0,0,0,0,0
0,0,0.08068325035,0.8068325035,2,0
0,0,0.08322090655,0.02537656202,2,0
0,0,0.004593659356,-0.786272472,1,0
0,0,-0.0831749198,-0.8776857916,2,0
0,0,-0.2708158643,-1.876409445,1,0
0,0,-0.5110918836,-2.402760194,2,0
0,0,-0.9137397332,-4.026478496,1,0
0,0,-1.435139379,-5.213996455,2,-1
1,1,-2.107553171,-6.724137926
0,0,0,0,0,0
0,0,0.09691897018,0.9691897018,0,0
0,0,0.290699012,1.937800418,0,0
0,0,0.6247404257,3.340414137,1,0
0,0,1.040339079,4.155986532,1,-1
1,1,1.581738364,5.413992849
0,0,0,0,0,0
0,0,0.09370348806,0.9370348806,1,0
0,0,0.2087114055,1.150079174,1,0
0,0,0.3559598315,1.47248426,0,0
0,0,0.6343334471,2.783736157,2,0
0,0,0.9430195829,3.086861358,0,0
0,0,1.417864673,4.748450904,1,-1
1,1,2.031448586,6.135839128
0,0,0,0,0,0
0,0,0.09528562715,0.9528562715,0,0
0,0,0.2794780744,1.841924473,1,0
0,0,0.522444353,2.429662786,0,0
0,0,0.9194561812,3.970118282,2,0
0,0,1.380885323,4.614291414,0,-1
1,1,1.998440554,6.175552316
0,0,0,0,2,0
0,0,-0.09645065842,-0.9645065842,2,0
0,0,-0.3041052437,-2.076545853,2,0
0,0,-0.6468628485,-3.427576048,1,0
0,0,-1.075827523,-4.289646749,2,-1
1,1,-1.66827345,-5.924459265
0,0,0,0,2,0
0,0,-0.07213366521,-0.7213366521,2,0
0,0,-0.2321525296,-1.600188644,0,0
0,0,-0.3390866111,-1.069340815,1,0
0,0,-0.5019968457,-1.629102346,1,0
0,0,-0.7408184198,-2.388215741,1,0
0,0,-1.081822161,-3.410037415,1,0
0,0,-1.548290257,-4.66468096,2,-1
1,1,-2.162392612,-6.141023547
0,0,0,0,0,0
0,0,0.07991943789,0.7991943789,2,0
0,0,0.08069221095,0.007727730531,2,0
0,0,-0.009926173263,-0.9061838421,0,0
0,0,-0.03102903709,-0.2110286383,2,0
0,0,-0.1510023391,-1.19973302,1,0
0,0,-0.2841926631,-1.33190324,0,0
0,0,-0.3704866379,-0.8629397481,1,0
0,0,-0.5129159118,-1.424292739,0,0
0,0,-0.67188646,-1.589705483,1,0
0,0,-0.9364504419,-2.645639819,1,0
0,0,-1.326120064,-3.896696223,0,-1
1,1,-1.833677489,-5.075574248
0,0,0,0,0,0
0,0,0.09910635918,0.9910635918,0,0
0,0,0.296785164,1.976788048,1,0
0,0,0.5348509971,2.380658331,2,0
0,0,0.7748390493,2.399880523,1,0
0,0,1.130843296,3.560042471,2,-1
1,1,1.583729212,4.52885916
0,0,0,0,1,0
0,0,0.002993517392,0.02993517392,0,0
0,0,0.08080601838,0.7781250098,2,0
0,0,0.08955307015,0.08747051776,0,0
0,0,0.2150795504,1.255264803,0,0
0,0,0.4482811783,2.332016279,1,0
0,0,0.7577856928,3.095045145,1,0
0,0,1.160031106,4.022454129,1,-1
1,1,1.688330808,5.282997023
0,0,0,0,0,0
0,0,0.1014560097,1.014560097,0,0
0,0,0.3217339382,2.202779284,2,0
0,0,0.5237663049,2.020323667,0,0
0,0,0.8911381844,3.673718795,2,0
0,0,1.315831015,4.246928309,2,-1
1,1,1.856333778,5.405027624
0,0,0,0,2,0
0,0,-0.07556834734,-0.7556834734,2,0
0,0,-0.2513999597,-1.758316123,2,0
0,0,-0.5578407699,-3.064408102,0,0
0,0,-0.859153063,-3.013122931,1,0
0,0,-1.265591186,-4.064381231,2,-1
1,1,-1.832655506,-5.670643204
0,0,0,0,2,0
0,0,-0.07725426835,-0.7725426835,1,0
0,0,-0.1558414833,-0.78587215,0,0
0,0,-0.1628747974,-0.07033314057,0,0
0,0,-0.1108303879,0.5204440952,1,0
0,0,-0.07066901686,0.4016137103,2,0
0,0,-0.1197364324,-0.4906741551,2,0
0,0,-0.2643183826,-1.445819502,2,0
0,0,-0.533755176,-2.694367934,0,0
0,0,-0.8151261837,-2.813710077,1,0
0,0,-1.213792902,-3.98666718,0,-1
1,1,-1.713772924,-4.99980022
0,0,0,0,0,0
0,0,0.07143127912,0.7143127912,1,0
0,0,0.142290076,0.7085879686,0,0
0,0,0.3314020483,1.891119723,2,0
0,0,0.4841712795,1.527692312,1,0
0,0,0.7051382282,2.209669488,2,0
0,0,0.9722478088,2.671095805,2,0
0,0,1.31181484,3.395670309,2,-1
1,1,1.770253604,4.584387648
0,0,0,0,2,0
0,0,-0.1017051882,-1.017051882,0,0
0,0,-0.1186522139,-0.1694702573,1,0
0,0,-0.1495860903,-0.3093387637,2,0
0,0,-0.2943331795,-1.447470892,0,0
0,0,-0.4150917612,-1.207585817,2,0
0,0,-0.669082462,-2.539907008,0,0
0,0,-0.9586213035,-2.895388416,0,0
0,0,-1.328626114,-3.700048105,1,-1
1,1,-1.834338632,-5.057125178
0,0,0,0,1,0
0,0,-0.008845276254,-0.08845276254,1,0
0,0,-0.01676831373,-0.07923037471,0,0
0,0,0.07227887361,0.8904718734,1,0
0,0,0.1719777689,0.9969889531,2,0
0,0,0.2221300963,0.5015232736,2,0
0,0,0.2133689295,-0.08761166807,2,0
0,0,0.1482328487,-0.6513608073,2,0
0,0,0.03611521406,-1.121176347,2,0
0,0,-0.1612808962,-1.973961102,2,0
0,0,-0.4684608177,-3.071799215,2,0
0,0,-0.9138101835,-4.453493657,0,0
0,0,-1.410873443,-4.970632591,1,-1
1,1,-2.045606622,-6.347331792
0,0,0,0,1,0
0,0,0.01091542341,0.1091542341,0,0
0,0,0.1109749102,1.000594868,2,0
0,0,0.1383760797,0.2740116949,2,0
0,0,0.1019122807,-0.3646379895,1,0
0,0,0.09152851436,-0.1038376637,1,0
0,0,0.1129556513,0.2142713693,2,0
0,0,0.06611037883,-0.4684527246,2,0
0,0,-0.03993985617,-1.06050235,1,0
0,0,-0.1395258118,-0.9958595563,1,0
0,0,-0.2516532554,-1.121274436,2,0
0,0,-0.4991785653,-2.475253099,0,0
0,0,-0.7490927427,-2.499141774,0,0
0,0,-1.053984531,-3.048917881,1,0
0,0,-1.487970912,-4.339863809,1,-1
1,1,-2.066000072,-5.780291601
0,0,0,0,1,0
0,0,0.006771566673,0.06771566673,2,0
0,0,-0.07986209229,-0.8663365896,1,0
0,0,-0.1722815536,-0.9241946128,1,0
0,0,-0.2952484647,-1.229669111,1,0
0,0,-0.4560261347,-1.6077767,1,0
0,0,-0.6924527938,-2.364266591,0,0
0,0,-0.9573559152,-2.649031214,2,0
0,0,-1.388311375,-4.309554595,0,-1
1,1,-1.947771178,-5.594598029
0,0,0,0,1,0
0,0,-0.01341445108,-0.1341445108,2,0
0,0,-0.1178170639,-1.044026128,2,0
0,0,-0.3466463505,-2.288292867,2,0
0,0,-0.7215490063,-3.749026558,2,0
0,0,-1.262058237,-5.405092303,1,-1
1,1,-1.934509099,-6.724508621
0,0,0,0,0,0
0,0,0.09426240809,0.9426240809,1,0
0,0,0.2015473765,1.072849684,2,0
0,0,0.2564418958,0.5489451924,2,0
0,0,0.2825439048,0.2610200902,2,0
0,0,0.270493064,-0.1205084082,2,0
0,0,0.2285506934,-0.419423706,1,0
0,0,0.221742801,-0.06807892322,0,0
0,0,0.3425038124,1.207610114,1,0
0,0,0.5353643344,1.92860522,2,0
0,0,0.7427407376,2.073764032,0,0
0,0,1.107844985,3.651042472,0,-1
1,1,1.639491302,5.316463175
0,0,0,0,2,0
0,0,-0.09810260344,-0.9810260344,2,0
0,0,-0.3095827545,-2.11480151,0,0
0,0,-0.4965846085,-1.87001854,0,0
0,0,-0.6795828476,-1.829982391,0,0
0,0,-0.90850612,-2.289232724,0,0
0,0,-1.211282343,-3.027762233,0,-1
1,1,-1.625621388,-4.143390443
0,0,0,0,0,0
0,0,0.07395694651,0.7395694651,2,0
0,0,0.05675374309,-0.1720320342,1,0
0,0,0.04897793925,-0.0777580384,0,0
0,0,0.1306878285,0.8170988922,2,0
0,0,0.164270782,0.3358295349,1,0
0,0,0.2099900968,0.4571931482,1,0
0,0,0.3053889752,0.9539887844,1,0
0,0,0.4378498843,1.324609091,2,0
0,0,0.5648504185,1.270005342,1,0
0,0,0.7847256311,2.198752126,1,0
0,0,1.105673178,3.209475471,1,0
0,0,1.551069647,4.453964683,2,-1
1,1,2.141176281,5.901066343
0,0,0,0,0,0
0,0,0.09069634927,0.9069634927,2,0
0,0,0.1142897843,0.2359343507,0,0
0,0,0.2579954002,1.437056159,2,0
0,0,0.3524077074,0.9441230715,2,0
0,0,0.4204116914,0.6800398402,2,0
0,0,0.4903423939,0.6993070253,0,0
0,0,0.7048922044,2.145498105,0,0
0,0,1.071186503,3.662942984,1,0
0,0,1.564812042,4.936255392,0,-1
1,1,2.205689686,6.408776439
0,0,0,0,0,0
0,0,0.0941806249,0.941806249,2,0
0,0,0.1021781309,0.07997505992,0,0
0,0,0.2068280307,1.046498998,0,0
0,0,0.4452857184,2.384576877,0,0
0,0,0.8189109827,3.736252643,1,0
0,0,1.292572988,4.736620057,0,-1
1,1,1.924037516,6.314645274
