2,1,1
0,0,0,0,1,0
0,0,-0.00400313585,-0.0400313585,1,0
0,0,-0.01543322922,-0.1143009337,2,0
0,0,-0.1298405767,-1.144073475,1,0
0,0,-0.2646339735,-1.347933968,0,0
0,0,-0.3426586405,-0.7802466699,0,0
0,0,-0.4011190148,-0.5846037438,2,0
0,0,-0.6012748253,-2.001558105,1,0
0,0,-0.8966091969,-2.953343716,0,0
0,0,-1.256493649,-3.59884452,2,-1
1,1,-1.777379575,-5.208859262
0,0,0,0,0,0
0,0,0.09892821504,0.9892821504,1,0
0,0,0.2218530747,1.229248596,0,0
0,0,0.4539669834,2.321139087,2,0
0,0,0.6845089412,2.305419578,0,0
0,0,1.085558891,4.010499495,0,-1
1,1,1.644432104,5.588732129
0,0,0,0,0,0
0,0,0.08434660162,0.8434660162,2,0
0,0,0.1082560511,0.2390944943,2,0
0,0,0.05166920383,-0.5658684723,2,0
0,0,-0.07438020441,-1.260494082,2,0
0,0,-0.3087755568,-2.343953524,2,0
0,0,-0.6706295076,-3.618539508,1,0
0,0,-1.111019912,-4.403904041,1,-1
1,1,-1.670405901,-5.593859897
0,0,0,0,2,0
0,0,-0.07902362208,-0.7902362208,1,0
0,0,-0.1576233037,-0.7859968158,1,0
0,0,-0.2621311985,-1.045078949,1,0
0,0,-0.4204996457,-1.583684472,2,0
0,0,-0.7209090965,-3.004094508,1,0
0,0,-1.124354637,-4.034455406,2,-1
1,1,-1.690107713,-5.65753076
0,0,0,0,2,0
0,0,-0.09036344822,-0.9036344822,2,0
0,0,-0.276243146,-1.858796978,2,0
0,0,-0.5965896253,-3.203464793,0,0
0,0,-0.9386326875,-3.420430622,0,0
0,0,-1.344519643,-4.058869553,1,-1
1,1,-1.892229659,-5.477100157
0,0,0,0,2,0
0,0,-0.08956134141,-0.8956134141,2,0
0,0,-0.2794100595,-1.898487181,1,0
0,0,-0.510215611,-2.308055515,1,0
0,0,-0.82692594,-3.16710329,1,0
0,0,-1.260697771,-4.337718311,1,-1
1,1,-1.828187243,-5.674894719
0,0,0,0,2,0
0,0,-0.1030918334,-1.030918334,0,0
0,0,-0.1210858819,-0.1799404852,2,0
0,0,-0.2643889969,-1.43303115,0,0
0,0,-0.3811647922,-1.167757953,2,0
0,0,-0.6390715675,-2.579067753,1,0
0,0,-0.9823643663,-3.432927988,0,0
0,0,-1.402935434,-4.205710674,0,-1
1,1,-1.95278676,-5.498513257
0,0,0,0,1,0
0,0,0.005541193422,0.05541193422,0,0
0,0,0.09411135129,0.8857015787,1,0
0,0,0.2007074234,1.065960721,1,0
0,0,0.3300837811,1.293763577,1,0
0,0,0.5044143268,1.743305457,1,0
0,0,0.7579885509,2.535742241,1,0
0,0,1.113527258,3.555387074,0,-1
1,1,1.629258122,5.157308632
0,0,0,0,0,0
0,0,0.09393191346,0.9393191346,0,0
0,0,0.3068941841,2.129622707,2,0
0,0,0.4709700513,1.640758672,0,0
0,0,0.7923385759,3.213685247,0,0
0,0,1.266808378,4.744698019,0,-1
1,1,1.900646695,6.33838317
0,0,0,0,2,0
0,0,-0.09961152229,-0.9961152229,2,0
0,0,-0.3183765349,-2.187650126,2,0
0,0,-0.6686354852,-3.502589503,1,0
0,0,-1.117955367,-4.493198818,1,-1
1,1,-1.691467296,-5.735119288
0,0,0,0,1,0
0,0,0.008403775041,0.08403775041,0,0
0,0,0.1095023956,1.010986206,1,0
0,0,0.2344424285,1.249400329,0,0
0,0,0.4810299185,2.4658749,1,0
0,0,0.7878824555,3.06852537,2,0
0,0,1.145689872,3.578074169,0,-1
1,1,1.664557769,5.188678965
0,0,0,0,0,0
0,0,0.09072445661,0.9072445661,1,0
0,0,0.1896796096,0.9895515294,0,0
0,0,0.4196176334,2.299380239,0,0
0,0,0.8060117833,3.863941499,0,0
0,0,1.34504053,5.39028747,0,-1
1,1,2.033110247,6.880697165
0,0,0,0,1,0
0,0,-0.01232582161,-0.1232582161,0,0
0,0,0.07402660354,0.8635242515,0,0
0,0,0.2610666127,1.870400092,1,0
0,0,0.5063132251,2.452466123,2,0
0,0,0.7656892023,2.593759773,2,0
0,0,1.073795223,3.081060203,1,0
0,0,1.505472132,4.316769095,1,-1
1,1,2.081747973,5.762758412
0,0,0,0,2,0
0,0,-0.09759576475,-0.9759576475,0,0
0,0,-0.12127609,-0.2368032525,0,0
0,0,-0.0885313584,0.327447316,0,0
0,0,0.007958111944,0.9648947034,2,0
0,0,0.02744556248,0.1948745054,0,0
0,0,0.1473798111,1.199342486,0,0
0,0,0.363256603,2.158767919,1,0
0,0,0.6424407483,2.791841453,1,0
0,0,1.020798891,3.783581423,2,0
0,0,1.470956162,4.50157271,2,-1
1,1,2.057990577,5.870344156
0,0,0,0,2,0
0,0,-0.07209111867,-0.7209111867,0,0
0,0,-0.07499841074,-0.02907292074,0,0
0,0,-0.007428129124,0.6757028162,0,0
0,0,0.137163555,1.445916841,2,0
0,0,0.2149837219,0.7782016697,1,0
0,0,0.328367558,1.133838361,1,0
0,0,0.5050775188,1.767099607,0,0
0,0,0.8335254649,3.284479462,0,0
0,0,1.333156644,4.996311792,2,-1
1,1,1.952497518,6.193408743
0,0,0,0,1,0
0,0,0.008526680037,0.08526680037,0,0
0,0,0.1088865363,1.003598563,0,0
0,0,0.3009085192,1.920219829,0,0
0,0,0.6371942474,3.362857282,0,0
0,0,1.127148907,4.899546598,0,-1
1,1,1.773323346,6.46174439
0,0,0,0,2,0
0,0,-0.0831481191,-0.831481191,0,0
0,0,-0.0978796144,-0.147314953,0,0
0,0,-0.0536946395,0.441849749,1,0
0,0,-0.03206261847,0.2163202103,1,0
0,0,-0.0265529213,0.0550969717,1,0
0,0,-0.01504779733,0.1150512397,1,0
0,0,0.008037549859,0.2308534719,1,0
0,0,0.04460820639,0.3657065653,0,0
0,0,0.1758104194,1.31202213,2,0
0,0,0.2491242835,0.7331386413,1,0
0,0,0.3699093956,1.207851121,2,0
0,0,0.4546111006,0.8470170504,2,0
0,0,0.5405311115,0.8592001087,0,0
0,0,0.7797919943,2.392608828,2,0
0,0,1.065957745,2.861657504,0,0
0,0,1.510298533,4.443407887,1,-1
1,1,2.099924165,5.896256315
0,0,0,0,0,0
0,0,0.09131871018,0.9131871018,2,0
0,0,0.09716074891,0.05842038725,1,0
0,0,0.1311731749,0.3401242602,1,0
0,0,0.1960601116,0.6488693667,0,0
0,0,0.3798365939,1.837764823,0,0
0,0,0.6968113673,3.169747734,2,0
0,0,1.049441482,3.526301144,1,0
0,0,1.519747797,4.703063151,1,-1
1,1,2.135444073,6.156962767
0,0,0,0,2,0
0,0,-0.1020525413,-1.020525413,1,0
0,0,-0.2074271942,-1.05374653,0,0
0,0,-0.2733006143,-0.6587342011,0,0
0,0,-0.2941658921,-0.2086527778,1,0
0,0,-0.3579493407,-0.637834486,1,0
0,0,-0.4828295748,-1.248802341,2,0
0,0,-0.7708418819,-2.880123071,1,0
0,0,-1.171650125,-4.008082426,0,-1
1,1,-1.670605558,-4.98955433
0,0,0,0,0,0
0,0,0.08946523701,0.8946523701,2,0
0,0,0.1238437795,0.3437854252,2,0
0,0,0.09146462368,-0.3237915585,2,0
0,0,-0.02096320391,-1.124278276,1,0
0,0,-0.1384021642,-1.174389603,2,0
0,0,-0.3705456863,-2.32143522,1,0
0,0,-0.6569009747,-2.863552885,0,0
0,0,-0.97937534,-3.224743653,0,0
0,0,-1.372812713,-3.934373731,2,-1
1,1,-1.921070214,-5.482575006
0,0,0,0,0,0
0,0,0.09328501147,0.9328501147,2,0
0,0,0.1236121107,0.3032709924,0,0
0,0,0.2615257306,1.379136199,0,0
0,0,0.5162924294,2.547666989,0,0
0,0,0.9128168459,3.965244165,2,0
0,0,1.370099713,4.57282867,1,-1
1,1,1.965413714,5.953140014
0,0,0,0,2,0
0,0,-0.08932746426,-0.8932746426,2,0
0,0,-0.2796191994,-1.902917351,1,0
0,0,-0.5167164874,-2.37097288,1,0
0,0,-0.8233917942,-3.066753068,1,0
0,0,-1.245418161,-4.220263666,0,-1
1,1,-1.777787138,-5.32368977
0,0,0,0,1,0
0,0,-0.01733131515,-0.1733131515,0,0
0,0,0.03886180851,0.5619312367,1,0
0,0,0.1156023883,0.7674057978,2,0
0,0,0.126762635,0.1116024668,0,0
0,0,0.2427033489,1.159407139,1,0
0,0,0.3970112996,1.543079507,2,0
0,0,0.5507107985,1.53699499,0,0
0,0,0.8676706347,3.169598362,2,0
0,0,1.253419751,3.857491164,0,-1
1,1,1.798289774,5.448700226
0,0,0,0,2,0
0,0,-0.07606714322,-0.7606714322,0,0
0,0,-0.08770118263,-0.116340394,0,0
0,0,-0.04328570741,0.4441547521,0,0
0,0,0.0960981771,1.393838845,1,0
0,0,0.2633519024,1.672537253,1,0
0,0,0.4897244843,2.263725819,1,0
0,0,0.7915105518,3.017860675,0,0
0,0,1.246271859,4.547613076,0,-1
1,1,1.853374775,6.071029154
0,0,0,0,1,0
0,0,0.0149467361,0.149467361,0,0
0,0,0.1099690383,0.9502230224,2,0
0,0,0.1536704004,0.4370136205,1,0
0,0,0.2155725159,0.6190211546,2,0
0,0,0.2301352037,0.1456268789,0,0
0,0,0.3633576173,1.332224135,0,0
0,0,0.6428570528,2.794994356,0,0
0,0,1.092789606,4.499325528,1,-1
1,1,1.664231481,5.714418754
0,0,0,0,0,0
0,0,0.09737863754,0.9737863754,1,0
0,0,0.2023826013,1.050039637,1,0
0,0,0.3281886632,1.25806062,0,0
0,0,0.587558166,2.593695028,1,0
0,0,0.9460471223,3.584889563,2,0
0,0,1.366399072,4.203519494,0,-1
1,1,1.939439141,5.730400689
0,0,0,0,0,0
0,0,0.07517011408,0.7517011408,0,0
0,0,0.2446300354,1.694599213,2,0
0,0,0.3707872065,1.261571711,2,0
0,0,0.4848930824,1.141058759,2,0
0,0,0.6151205226,1.302274401,2,0
0,0,0.7747075998,1.595870772,0,0
0,0,1.111067015,3.363594153,1,0
0,0,1.570085961,4.590189456,2,-1
1,1,2.176038224,6.059522636
0,0,0,0,0,0
0,0,0.08873771437,0.8873771437,2,0
0,0,0.09243189501,0.03694180633,2,0
0,0,0.01719806317,-0.7523383184,1,0
0,0,-0.04793621428,-0.6513427745,2,0
0,0,-0.2059686311,-1.580324168,2,0
0,0,-0.4751555159,-2.691868848,1,0
0,0,-0.8031854167,-3.280299008,2,0
0,0,-1.2993065,-4.961210837,2,-1
1,1,-1.953297098,-6.539905978
0,0,0,0,1,0
0,0,-0.005534123349,-0.05534123349,0,0
0,0,0.08616852439,0.9170264774,2,0
0,0,0.09608630812,0.09917783728,0,0
0,0,0.1962598337,1.001735255,1,0
0,0,0.3318006044,1.355407707,2,0
0,0,0.4496631049,1.178625005,2,0
0,0,0.5675549071,1.178918022,1,0
0,0,0.7651031285,1.975482214,0,0
0,0,1.129414101,3.643109727,1,-1
1,1,1.62018512,4.907710191
0,0,0,0,2,0
0,0,-0.0889019584,-0.889019584,0,0
0,0,-0.120924418,-0.3202245957,1,0
0,0,-0.1648044981,-0.4388008017,0,0
0,0,-0.1657433679,-0.009388697629,1,0
0,0,-0.2008241889,-0.35080821,1,0
0,0,-0.2720829741,-0.712587852,1,0
0,0,-0.3806923608,-1.086093867,1,0
0,0,-0.5599485207,-1.7925616,2,0
0,0,-0.8827560707,-3.2280755,0,0
0,0,-1.271242508,-3.884864375,0,-1
1,1,-1.772099868,-5.0085736
0,0,0,0,0,0
0,0,0.09262510556,0.9262510556,1,0
0,0,0.2060284844,1.134033789,2,0
0,0,0.2630077112,0.569792268,2,0
0,0,0.2771329238,0.1412521254,0,0
0,0,0.4355426796,1.584097558,1,0
0,0,0.6767969695,2.412542899,2,0
0,0,0.9455936287,2.687966593,2,0
0,0,1.280590911,3.349972821,0,-1
1,1,1.771396944,4.908060334
0,0,0,0,1,0
0,0,0.01478991739,0.1478991739,0,0
0,0,0.1328405554,1.18050638,0,0
0,0,0.3686648998,2.358243444,2,0
0,0,0.5763598058,2.07694906,1,0
0,0,0.8718026076,2.954428018,2,0
0,0,1.222639605,3.508369971,2,-1
1,1,1.682485239,4.598456345
0,0,0,0,0,0
0,0,0.09645057005,0.9645057005,1,0
0,0,0.2164000109,1.199494408,0,0
0,0,0.4730633361,2.566633253,0,0
0,0,0.8730707041,4.00007368,2,0
0,0,1.324096324,4.5102562,1,-1
1,1,1.908314132,5.84217808
0,0,0,0,1,0
0,0,-0.01213024985,-0.1213024985,0,0
0,0,0.04524625667,0.5737650651,0,0
0,0,0.1995137116,1.54267455,2,0
0,0,0.2967764074,0.9726269575,1,0
0,0,0.4536178482,1.568414408,0,0
0,0,0.7728872345,3.192693863,2,0
0,0,1.136725364,3.638381296,2,-1
1,1,1.592663715,4.559383507
0,0,0,0,2,0
0,0,-0.09451700288,-0.9451700288,1,0
0,0,-0.2024077922,-1.078907893,2,0
0,0,-0.4277427064,-2.253349142,2,0
0,0,-0.8029707855,-3.752280791,1,0
0,0,-1.281555965,-4.785851792,0,-1
1,1,-1.874988443,-5.934324787
0,0,0,0,1,0
0,0,-0.01695626398,-0.1695626398,0,0
0,0,0.04090846427,0.5786472825,0,0
0,0,0.2072749834,1.663665191,1,0
0,0,0.4135244478,2.062494644,0,0
0,0,0.7575156594,3.439912116,2,0
0,0,1.148590272,3.910746124,0,-1
1,1,1.699158952,5.505686797
0,0,0,0,0,0
0,0,0.08895531534,0.8895531534,2,0
0,0,0.1031812976,0.1422598222,0,0
0,0,0.227361238,1.241799405,0,0
0,0,0.4595470596,2.321858216,2,0
0,0,0.6917970072,2.322499477,2,0
0,0,0.9512903902,2.594933829,1,0
0,0,1.335533265,3.842428752,0,-1
1,1,1.874358738,5.388254732
0,0,0,0,0,0
0,0,0.07069717297,0.7069717297,1,0
0,0,0.1591393169,0.8844214389,2,0
0,0,0.1806388088,0.2149949194,0,0
0,0,0.3204330147,1.397942059,1,0
0,0,0.513625839,1.931928243,1,0
0,0,0.7871880175,2.735621785,0,0
0,0,1.227216059,4.400280415,1,-1
1,1,1.803047019,5.758309601
0,0,0,0,2,0
0,0,-0.07341734954,-0.7341734954,1,0
0,0,-0.1639038845,-0.9048653495,2,0
0,0,-0.3761877746,-2.122838901,2,0
0,0,-0.7133728155,-3.371850409,1,0
0,0,-1.149911254,-4.365384381,2,-1
1,1,-1.748010202,-5.980989482
0,0,0,0,1,0
0,0,-0.01120797503,-0.1120797503,1,0
0,0,-0.04114759434,-0.2993961931,2,0
0,0,-0.1705282661,-1.293806717,0,0
0,0,-0.2440005654,-0.734722993,2,0
0,0,-0.4553540087,-2.113534433,2,0
0,0,-0.8108544662,-3.555004575,0,0
0,0,-1.225662625,-4.14808159,0,-1
1,1,-1.747494425,-5.218317995
0,0,0,0,1,0
0,0,0.01758875497,0.1758875497,1,0
0,0,0.05470430809,0.3711555312,0,0
0,0,0.1984832416,1.437789335,1,0
0,0,0.3608776395,1.623943979,0,0
0,0,0.6655202461,3.046426066,2,0
0,0,1.007930471,3.424102253,1,0
0,0,1.467570639,4.59640168,1,-1
1,1,2.071021939,6.034512993
0,0,0,0,1,0
0,0,0.002751029563,0.02751029563,0,0
0,0,0.0880381079,0.8528707834,0,0
0,0,0.2831191114,1.950810035,1,0
0,0,0.5227707795,2.396516681,1,0
0,0,0.8555354541,3.327646746,0,0
0,0,1.344732527,4.89197073,1,-1
1,1,1.970426469,6.256939422
0,0,0,0,1,0
0,0,0.01459888942,0.1459888942,0,0
0,0,0.1219572162,1.073583267,0,0
0,0,0.335053298,2.130960819,1,0
0,0,0.5903943983,2.553411003,1,0
0,0,0.9310721185,3.406777202,1,0
0,0,1.389120576,4.580484575,0,-1
1,1,2.000681955,6.115613789
0,0,0,0,1,0
0,0,0.0005290513714,0.005290513714,0,0
0,0,0.07758889639,0.7705984502,0,0
0,0,0.261161971,1.835730746,0,0
0,0,0.5770023558,3.158403848,2,0
0,0,0.912375173,3.353728172,0,0
0,0,1.402318633,4.899434603,1,-1
1,1,2.03384758,6.315289465
0,0,0,0,0,0
0,0,0.07243194113,0.7243194113,2,0
0,0,0.05937178815,-0.1306015298,1,0
0,0,0.06195515106,0.0258336291,1,0
0,0,0.08352768559,0.2157253453,2,0
0,0,0.01788110801,-0.6564657758,2,0
0,0,-0.1203997305,-1.382808385,2,0
0,0,-0.3754690408,-2.550693103,2,0
0,0,-0.7549457631,-3.794767223,0,0
0,0,-1.162678058,-4.077322952,2,-1
1,1,-1.731212068,-5.685340093
0,0,0,0,0,0
0,0,0.07249683487,0.7249683487,1,0
0,0,0.145481039,0.7298420414,2,0
0,0,0.1556435468,0.1016250782,1,0
0,0,0.1919402649,0.3629671809,1,0
0,0,0.2482560246,0.5631575964,2,0
0,0,0.2568966382,0.08640613655,0,0
0,0,0.3868517083,1.299550701,0,0
0,0,0.6573924055,2.705406972,2,0
0,0,0.9568670518,2.994746463,1,0
0,0,1.380705183,4.238381308,2,-1
1,1,1.931977972,5.512727895
0,0,0,0,1,0
0,0,-0.002668281442,-0.02668281442,2,0
0,0,-0.08720425233,-0.8453597088,0,0
0,0,-0.1085311226,-0.2132687028,1,0
0,0,-0.161487404,-0.529562814,0,0
0,0,-0.1539303459,0.07557058125,0,0
0,0,-0.0828886469,0.7104169899,1,0
0,0,-0.03341750762,0.4947113928,0,0
0,0,0.09478699623,1.282045038,2,0
0,0,0.1427366442,0.4794964794,1,0
0,0,0.2238398979,0.811032537,1,0
0,0,0.3436435201,1.198036223,2,0
0,0,0.427874804,0.8423128391,2,0
0,0,0.4927393007,0.6486449661,1,0
0,0,0.6479060828,1.551667822,0,0
0,0,0.9539777047,3.060716219,2,0
0,0,1.335797745,3.818200406,1,-1
1,1,1.857539303,5.217415581
0,0,0,0,2,0
0,0,-0.08083112194,-0.8083112194,2,0
0,0,-0.2511327079,-1.70301586,0,0
0,0,-0.3894869034,-1.383541955,0,0
0,0,-0.5175502944,-1.28063391,2,0
0,0,-0.8062282137,-2.886779193,2,0
0,0,-1.264567292,-4.583390783,0,-1
1,1,-1.834838892,-5.702716005
0,0,0,0,0,0
0,0,0.1012697842,1.012697842,1,0
0,0,0.2166389534,1.153691692,0,0
0,0,0.4372222933,2.205833399,2,0
0,0,0.6629578469,2.257355536,1,0
0,0,0.9891969277,3.262390808,0,0
0,0,1.475848558,4.866516299,0,-1
1,1,2.11341504,6.375664822
0,0,0,0,0,0
0,0,0.08482755737,0.8482755737,1,0
0,0,0.1854704356,1.006428782,0,0
0,0,0.4105483277,2.250778921,1,0
0,0,0.6914456167,2.80897289,1,0
0,0,1.074318631,3.828730147,2,0
0,0,1.546432003,4.721133711,1,-1
1,1,2.164595626,6.181636237
0,0,0,0,0,0
0,0,0.08473077957,0.8473077957,1,0
0,0,0.2013483768,1.166175972,0,0
0,0,0.4472210445,2.458726677,0,0
0,0,0.8447954136,3.975743691,1,0
0,0,1.356977393,5.121819799,2,-1
1,1,1.989514081,6.325366877
0,0,0,0,1,0
0,0,-0.01516332753,-0.1516332753,2,0
0,0,-0.1163672838,-1.012039563,1,0
0,0,-0.2325899633,-1.162226795,0,0
0,0,-0.310417311,-0.7782734775,2,0
0,0,-0.5086862421,-1.982689311,2,0
0,0,-0.8667702426,-3.580840005,0,0
0,0,-1.280046379,-4.132761361,1,-1
1,1,-1.830570388,-5.50524009
0,0,0,0,0,0
0,0,0.08836501739,0.8836501739,1,0
0,0,0.1933499346,1.049849172,2,0
0,0,0.2512534605,0.5790352588,2,0
0,0,0.2798839229,0.2863046238,1,0
0,0,0.3540733054,0.7418938251,2,0
0,0,0.4132898595,0.5921655414,1,0
0,0,0.5544643906,1.411745311,1,0
0,0,0.7921126647,2.376482741,2,0
0,0,1.072912846,2.808001817,0,0
0,0,1.525729587,4.528167403,2,-1
1,1,2.120354367,5.9462478
0,0,0,0,0,0
0,0,0.08495260239,0.8495260239,0,0
0,0,0.2720075393,1.870549369,2,0
0,0,0.4267133451,1.547058058,2,0
0,0,0.5735100496,1.467967046,0,0
0,0,0.878926057,3.054160074,1,0
0,0,1.299916324,4.20990267,0,-1
1,1,1.873527733,5.736114085
0,0,0,0,1,0
0,0,0.01537178059,0.1537178059,0,0
0,0,0.1321580802,1.167862996,0,0
0,0,0.3415201706,2.093620903,2,0
0,0,0.5257962419,1.842760713,0,0
0,0,0.8766407458,3.508445039,1,0
0,0,1.342799427,4.661586816,1,-1
1,1,1.948206426,6.054069982
0,0,0,0,0,0
0,0,0.10018394,1.0018394,2,0
0,0,0.1464906576,0.4630671759,1,0
0,0,0.2103759968,0.6388533921,1,0
0,0,0.318947445,1.085714482,1,0
0,0,0.4763347296,1.573872845,0,0
0,0,0.7947529676,3.18418238,0,0
0,0,1.273509307,4.787563397,0,-1
1,1,1.907028588,6.335192812
0,0,0,0,2,0
0,0,-0.07295358826,-0.7295358826,1,0
0,0,-0.1499656033,-0.7701201499,2,0
0,0,-0.3393527992,-1.893871959,0,0
0,0,-0.5046307012,-1.65277902,2,0
0,0,-0.8369016752,-3.32270974,1,0
0,0,-1.287172505,-4.502708298,0,-1
1,1,-1.852247653,-5.650751479
0,0,0,0,0,0
0,0,0.08183777257,0.8183777257,0,0
0,0,0.2608985233,1.790607507,1,0
0,0,0.4791201849,2.182216617,1,0
0,0,0.7850416885,3.059215035,2,0
0,0,1.149194643,3.641529549,2,-1
1,1,1.606125895,4.569312521
0,0,0,0,0,0
0,0,0.09315163149,0.9315163149,0,0
0,0,0.2945707073,2.014190758,0,0
0,0,0.6299234699,3.353527627,0,0
0,0,1.123128851,4.932053812,0,-1
1,1,1.774324916,6.511960652
0,0,0,0,2,0
0,0,-0.07460966851,-0.7460966851,0,0
0,0,-0.06992829947,0.04681369042,1,0
0,0,-0.08993389801,-0.2000559855,2,0
0,0,-0.1970311252,-1.070972272,1,0
0,0,-0.3504510753,-1.5341995,1,0
0,0,-0.5704999313,-2.200488561,1,0
0,0,-0.8769002969,-3.064003656,1,0
0,0,-1.290205032,-4.133047355,2,-1
1,1,-1.860870271,-5.706652382
0,0,0,0,2,0
0,0,-0.1006589909,-1.006589909,2,0
0,0,-0.2987419562,-1.980829653,1,0
0,0,-0.5480217953,-2.492798391,1,0
0,0,-0.8819539746,-3.339321793,0,0
0,0,-1.273264496,-3.913105213,1,-1
1,1,-1.79673718,-5.234726844
0,0,0,0,1,0
0,0,-0.003452962147,-0.03452962147,1,0
0,0,-0.007115452445,-0.03662490298,2,0
0,0,-0.09702209941,-0.8990664696,1,0
0,0,-0.2110600309,-1.140379315,1,0
0,0,-0.3657475948,-1.546875639,1,0
0,0,-0.5815392882,-2.157916934,0,0
0,0,-0.8230387767,-2.414994885,2,0
0,0,-1.231457744,-4.084189675,2,-1
1,1,-1.798223592,-5.667658482
0,0,0,0,1,0
0,0,-0.01584637168,-0.1584637168,0,0
0,0,0.05348676249,0.6933313417,1,0
0,0,0.1372055464,0.8371878394,0,0
0,0,0.3288649196,1.916593731,1,0
0,0,0.5681358276,2.39270908,1,0
0,0,0.9041727675,3.360369399,2,0
0,0,1.31156589,4.073931223,2,-1
1,1,1.839121051,5.275551613
0,0,0,0,0,0
0,0,0.085983599,0.85983599,1,0
0,0,0.1876871036,1.017035046,1,0
0,0,0.3094625099,1.217754063,1,0
0,0,0.4972366618,1.877741519,1,0
0,0,0.7653557774,2.681191156,0,0
0,0,1.207079987,4.417242098,0,-1
1,1,1.801876014,5.947960269
0,0,0,0,1,0
0,0,0.01622633832,0.1622633832,1,0
0,0,0.04077299316,0.2454665483,1,0
0,0,0.06532181248,0.2454881932,2,0
0,0,0.0001924864783,-0.65129326,0,0
0,0,0.0317288719,0.3153638542,2,0
0,0,-0.03460613152,-0.6633500342,0,0
0,0,-0.008019217141,0.2658691438,0,0
0,0,0.1154742663,1.234934834,1,0
0,0,0.2621229744,1.466487081,1,0
0,0,0.4479956144,1.8587264,1,0
0,0,0.7004843813,2.524887669,0,0
0,0,1.104175725,4.036913433,2,-1
1,1,1.596785544,4.926098192
0,0,0,0,2,0
0,0,-0.09307260597,-0.9307260597,2,0
0,0,-0.2970465451,-2.039739391,2,0
0,0,-0.6461701543,-3.491236092,0,0
0,0,-1.013384425,-3.672142705,1,0
0,0,-1.506752835,-4.933684099,0,-1
1,1,-2.140094104,-6.333412689
0,0,0,0,0,0
0,0,0.1034865636,1.034865636,1,0
0,0,0.2207599488,1.172733852,2,0
0,0,0.2757461477,0.5498619887,0,0
0,0,0.4646947331,1.889485854,1,0
0,0,0.7149959044,2.503011713,1,0
0,0,1.076244123,3.612482187,1,0
0,0,1.568768434,4.925243105,0,-1
1,1,2.208392745,6.396243109
0,0,0,0,1,0
0,0,-0.01378693888,-0.1378693888,2,0
0,0,-0.1257966294,-1.120096906,2,0
0,0,-0.3474004769,-2.216038474,0,0
0,0,-0.5373976851,-1.899972083,1,0
0,0,-0.8124375448,-2.750398596,0,0
0,0,-1.137030648,-3.245931031,2,-1
1,1,-1.623594562,-4.865639144
0,0,0,0,1,0
0,0,-0.003720794894,-0.03720794894,2,0
0,0,-0.1038169807,-1.000961858,0,0
0,0,-0.1353263248,-0.3150934414,2,0
0,0,-0.2941231205,-1.587967957,2,0
0,0,-0.5964893352,-3.023662147,1,0
0,0,-0.9728211317,-3.763317965,2,0
0,0,-1.501971255,-5.29150123,0,-1
1,1,-2.170499443,-6.685281887
0,0,0,0,0,0
0,0,0.08227953971,0.8227953971,2,0
0,0,0.08682448832,0.04544948612,1,0
0,0,0.1236493453,0.3682485693,2,0
0,0,0.09357069866,-0.3007864659,2,0
0,0,0.0006340611863,-0.9293663747,1,0
0,0,-0.09527798111,-0.959120423,0,0
0,0,-0.1201448399,-0.2486685882,0,0
0,0,-0.08067641502,0.3946842492,1,0
0,0,-0.04472833778,0.3594807724,0,0
0,0,0.06742741048,1.121557483,2,0
0,0,0.1019616986,0.3453428816,0,0
0,0,0.2270671387,1.251054401,2,0
0,0,0.3138807076,0.8681356889,0,0
0,0,0.5285050169,2.146243093,0,0
0,0,0.9035557965,3.750507795,2,0
0,0,1.340703893,4.371480964,2,-1
1,1,1.901852518,5.611486249
0,0,0,0,0,0
0,0,0.1034004773,1.034004773,1,0
0,0,0.22841728,1.250168027,0,0
0,0,0.4712837014,2.428664214,2,0
0,0,0.7055935388,2.343098374,2,0
0,0,0.9715281355,2.659345967,1,0
0,0,1.364961648,3.934335128,1,-1
1,1,1.898331774,5.333701257
0,0,0,0,2,0
0,0,-0.0853613489,-0.853613489,1,0
0,0,-0.1868170203,-1.014556714,2,0
0,0,-0.3895036162,-2.026865959,1,0
0,0,-0.6593020691,-2.69798453,0,0
0,0,-0.9532257732,-2.939237041,1,0
0,0,-1.372616998,-4.193912243,1,-1
1,1,-1.931814864,-5.591978663
0,0,0,0,2,0
0,0,-0.0712111042,-0.712111042,1,0
0,0,-0.1554101467,-0.8419904254,2,0
0,0,-0.3597675234,-2.043573766,1,0
0,0,-0.6280309656,-2.682634422,0,0
0,0,-0.9092353144,-2.812043488,1,0
0,0,-1.298958579,-3.897232647,2,-1
1,1,-1.848754942,-5.497963632
0,0,0,0,0,0
0,0,0.09404184768,0.9404184768,0,0
0,0,0.2782058639,1.841640162,1,0
0,0,0.5174459164,2.392400525,2,0
0,0,0.7515352109,2.340892945,0,0
0,0,1.148177529,3.966423183,2,-1
1,1,1.640974642,4.927971127
0,0,0,0,1,0
0,0,-0.01134064346,-0.1134064346,1,0
0,0,-0.03196061116,-0.206199677,0,0
0,0,0.04710682256,0.7906743372,2,0
0,0,0.06038765045,0.1328082788,2,0
0,0,-0.01563213883,-0.7601978927,0,0
0,0,-0.004357031108,0.1127510772,0,0
0,0,0.08761747047,0.9197450157,1,0
0,0,0.1977217251,1.101042546,1,0
0,0,0.3493630175,1.516412924,1,0
0,0,0.5483731503,1.990101328,2,0
0,0,0.7703120483,2.21938898,1,0
0,0,1.103165727,3.32853679,2,0
0,0,1.527540312,4.243745844,1,-1
1,1,2.097996133,5.70455821
0,0,0,0,1,0
0,0,0.01243993472,0.1243993472,0,0
0,0,0.09948286507,0.8704293035,1,0
0,0,0.2079924325,1.085095674,1,0
0,0,0.3584434592,1.504510267,2,0
0,0,0.4759011707,1.174577115,2,0
0,0,0.6077500933,1.318489226,2,0
0,0,0.764573621,1.568235277,0,0
0,0,1.09885511,3.342814886,2,0
0,0,1.523310455,4.244553456,2,-1
1,1,2.089773351,5.664628953
0,0,0,0,0,0
0,0,0.07254151868,0.7254151868,0,0
0,0,0.2619627763,1.894212576,2,0
0,0,0.4034467958,1.414840196,1,0
0,0,0.6009744823,1.975276865,0,0
0,0,0.9443305314,3.433560491,2,0
0,0,1.35421953,4.098889986,0,-1
1,1,1.916742709,5.625231792
0,0,0,0,0,0
0,0,0.08426142439,0.8426142439,0,0
0,0,0.273722136,1.894607116,0,0
0,0,0.5751639629,3.014418269,1,0
0,0,0.9699400661,3.947761032,0,0
0,0,1.518257515,5.483174491,1,-1
1,1,2.210792802,6.925352865
0,0,0,0,0,0
0,0,0.09542211876,0.9542211876,0,0
0,0,0.3045007348,2.09078616,1,0
0,0,0.5698998573,2.653991225,0,0
0,0,0.9880523919,4.181525346,2,0
0,0,1.475216338,4.87163946,2,-1
1,1,2.099545402,6.243290638
0,0,0,0,0,0
0,0,0.09542613645,0.9542613645,1,0
0,0,0.1904584575,0.9503232101,2,0
0,0,0.2460159316,0.5555747415,1,0
0,0,0.3317004476,0.8568451603,1,0
0,0,0.4865675356,1.54867088,0,0
0,0,0.7898924699,3.033249342,2,0
0,0,1.145306888,3.554144178,2,-1
1,1,1.596429309,4.511224215
0,0,0,0,0,0
0,0,0.09739111045,0.9739111045,0,0
0,0,0.2858258953,1.884347849,2,0
0,0,0.4233220021,1.374961068,0,0
0,0,0.7076928584,2.843708563,2,0
0,0,1.023718114,3.160252556,1,0
0,0,1.469644225,4.459261108,1,-1
1,1,2.059463878,5.898196529
0,0,0,0,1,0
0,0,-0.006610777737,-0.06610777737,0,0
0,0,0.0671864538,0.7379723154,1,0
0,0,0.1607462115,0.935597577,2,0
0,0,0.1873903949,0.2664418343,1,0
0,0,0.2447663693,0.5737597433,0,0
0,0,0.4395747122,1.948083429,2,0
0,0,0.6358285344,1.962538222,2,0
0,0,0.8495666912,2.137381568,0,0
0,0,1.232651652,3.830849607,2,-1
1,1,1.722196115,4.895444629
0,0,0,0,1,0
0,0,-0.009523411543,-0.09523411543,1,0
0,0,-0.03807768977,-0.2855427823,1,0
0,0,-0.0737542747,-0.3567658493,1,0
0,0,-0.1059037931,-0.3214951836,2,0
0,0,-0.2595439449,-1.536401518,0,0
0,0,-0.3780759489,-1.18532004,1,0
0,0,-0.5555613698,-1.774854209,0,0
0,0,-0.7368898043,-1.813284344,2,0
0,0,-1.088515467,-3.51625663,2,-1
1,1,-1.603283502,-5.147680345
0,0,0,0,2,0
0,0,-0.09224031503,-0.9224031503,0,0
0,0,-0.1249736193,-0.3273330424,0,0
0,0,-0.09347817861,0.3149544066,1,0
0,0,-0.06815477166,0.2532340695,0,0
0,0,0.02575197834,0.9390674999,0,0
0,0,0.2014354933,1.756835149,0,0
0,0,0.4996550038,2.982195105,0,0
0,0,0.9428590369,4.432040331,1,0
0,0,1.497777091,5.54918054,0,-1
1,1,2.202095064,7.04317973
0,0,0,0,1,0
0,0,0.01065053848,0.1065053848,0,0
0,0,0.1180174108,1.073668723,2,0
0,0,0.1676291336,0.4961172285,2,0
0,0,0.1546983949,-0.1293073872,0,0
0,0,0.2452337177,0.9053532277,2,0
0,0,0.2834446992,0.3821098158,2,0
0,0,0.2859764543,0.02531755079,2,0
0,0,0.2422927098,-0.4368374448,1,0
0,0,0.2419923204,-0.003003894509,2,0
0,0,0.1904606803,-0.5153164006,2,0
0,0,0.08183340205,-1.086272783,2,0
0,0,-0.101828737,-1.83662139,0,0
0,0,-0.2261620507,-1.243333137,1,0
0,0,-0.3768305312,-1.506684804,0,0
0,0,-0.5007147051,-1.238841739,2,0
0,0,-0.7772685225,-2.765538174,2,0
0,0,-1.211804958,-4.345364353,0,-1
1,1,-1.748675894,-5.368709362
0,0,0,0,0,0
0,0,0.08933601954,0.8933601954,0,0
0,0,0.269059682,1.797236624,0,0
0,0,0.578811324,3.09751642,2,0
0,0,0.8928697101,3.140583861,0,0
0,0,1.373841973,4.809722631,0,-1
1,1,2.008862686,6.350207129
0,0,0,0,2,0
0,0,-0.09596415056,-0.9596415056,1,0
0,0,-0.2144133831,-1.184492326,1,0
0,0,-0.3664844864,-1.520711033,1,0
0,0,-0.5649577039,-1.984732175,0,0
0,0,-0.7706251576,-2.056674537,1,0
0,0,-1.089736347,-3.191111892,0,0
0,0,-1.504149845,-4.144134985,0,-1
1,1,-2.059172901,-5.550230558
0,0,0,0,1,0
0,0,0.008850620721,0.08850620721,2,0
0,0,-0.07873190304,-0.8758252376,2,0
0,0,-0.2524048155,-1.736729124,0,0
0,0,-0.3990385857,-1.466337702,0,0
0,0,-0.5307564336,-1.317178479,0,0
0,0,-0.6766168784,-1.458604448,0,0
0,0,-0.8554591117,-1.788422333,2,0
0,0,-1.204175488,-3.487163759,2,-1
1,1,-1.711853177,-5.076776897
0,0,0,0,0,0
0,0,0.08627811397,0.8627811397,2,0
0,0,0.08403357907,-0.02244534899,2,0
0,0,0.0005148535743,-0.8351872549,0,0
0,0,0.02177567088,0.212608173,2,0
0,0,-0.05178947371,-0.7356514458,1,0
0,0,-0.1517859936,-0.9999651993,1,0
0,0,-0.2602721634,-1.084861698,1,0
0,0,-0.408466269,-1.481941055,0,0
0,0,-0.5338797162,-1.254134472,0,0
0,0,-0.6555165102,-1.21636794,1,0
0,0,-0.8784571703,-2.229406601,2,0
0,0,-1.277724325,-3.992671548,1,-1
1,1,-1.814150136,-5.364258108
0,0,0,0,2,0
0,0,-0.09174986863,-0.9174986863,0,0
0,0,-0.09691329079,-0.05163422163,0,0
0,0,-0.03192487478,0.6498841601,1,0
0,0,0.01695227594,0.4887715071,0,0
0,0,0.1620147267,1.450624508,2,0
0,0,0.2338361402,0.718214135,0,0
0,0,0.4459469984,2.121108582,0,0
0,0,0.7932201917,3.472731932,0,0
0,0,1.289445556,4.962253643,2,-1
1,1,1.897311809,6.078662528
0,0,0,0,1,0
0,0,-0.01678136311,-0.1678136311,0,0
0,0,0.06231508258,0.7909644569,1,0
0,0,0.1546589545,0.9234387194,2,0
0,0,0.1836327921,0.2897383758,1,0
0,0,0.2533074346,0.6967464249,0,0
0,0,0.439347865,1.860404304,2,0
0,0,0.6254231887,1.860753237,2,0
0,0,0.8241884366,1.98765248,1,0
0,0,1.145040114,3.208516776,1,-1
1,1,1.601775514,4.567354
0,0,0,0,0,0
0,0,0.08943973746,0.8943973746,2,0
0,0,0.09620424888,0.0676451142,2,0
0,0,0.04035943216,-0.5584481672,1,0
0,0,-0.005285157318,-0.4564458948,2,0
0,0,-0.1371929436,-1.319077863,2,0
0,0,-0.3855460675,-2.483531239,1,0
0,0,-0.7006530414,-3.151069739,0,0
0,0,-1.050332481,-3.496794396,0,0
0,0,-1.490977956,-4.406454755,2,-1
1,1,-2.081575903,-5.905979465
0,0,0,0,0,0
0,0,0.08447336359,0.8447336359,2,0
0,0,0.09640253464,0.1192917106,1,0
0,0,0.1141040297,0.1770149505,0,0
0,0,0.2284189679,1.143149382,0,0
0,0,0.4816453692,2.532264013,0,0
0,0,0.8969349032,4.15289534,1,0
0,0,1.426722887,5.297879836,1,-1
1,1,2.094916852,6.681939648
0,0,0,0,2,0
0,0,-0.08853738473,-0.8853738473,0,0
0,0,-0.1009505613,-0.1241317656,1,0
0,0,-0.1290046794,-0.2805411808,1,0
0,0,-0.1875656311,-0.5856095172,2,0
0,0,-0.3756362618,-1.880706307,0,0
0,0,-0.5507032128,-1.75066951,2,0
0,0,-0.8755722251,-3.248690123,2,0
0,0,-1.354380998,-4.788087725,0,-1
1,1,-1.952163084,-5.977820862
0,0,0,0,0,0
0,0,0.07616770491,0.7616770491,2,0
0,0,0.09470895691,0.1854125201,2,0
0,0,0.05762642084,-0.3708253607,0,0
0,0,0.1354896555,0.7786323462,1,0
0,0,0.2376681365,1.021784811,2,0
0,0,0.3079238175,0.7025568095,0,0
0,0,0.5001642423,1.922404249,1,0
0,0,0.769650457,2.694862147,1,0
0,0,1.144449608,3.747991513,1,-1
1,1,1.645093833,5.006442242
0,0,0,0,1,0
0,0,0.002242635362,0.02242635362,2,0
0,0,-0.09848504014,-1.007276755,2,0
0,0,-0.2949233856,-1.964383455,2,0
0,0,-0.6360372678,-3.411138822,1,0
0,0,-1.076540395,-4.405031268,2,-1
1,1,-1.678453226,-6.019128312
0,0,0,0,1,0
0,0,-0.01042458957,-0.1042458957,0,0
0,0,0.05613623053,0.665608201,2,0
0,0,0.05208365431,-0.04052576218,1,0
0,0,0.04070640011,-0.1137725419,2,0
0,0,-0.06369908242,-1.044054825,2,0
0,0,-0.2823586845,-2.186596021,1,0
0,0,-0.5378653973,-2.555067127,2,0
0,0,-0.9313261618,-3.934607645,0,0
0,0,-1.393423085,-4.620969237,0,-1
1,1,-1.981770339,-5.883472539
0,0,0,0,0,0
0,0,0.09155202515,0.9155202515,2,0
0,0,0.1255331528,0.3398112768,2,0
0,0,0.100981165,-0.2455198779,0,0
0,0,0.1742515434,0.732703784,0,0
0,0,0.3770149859,2.027634425,0,0
0,0,0.7294227456,3.524077597,2,0
0,0,1.129440975,4.000182294,2,-1
1,1,1.625657738,4.96216763
0,0,0,0,2,0
0,0,-0.0753656527,-0.753656527,2,0
0,0,-0.2561071617,-1.80741509,2,0
0,0,-0.5734858004,-3.173786388,2,0
0,0,-1.030190936,-4.56705136,1,-1
1,1,-1.609210739,-5.790198022
0,0,0,0,2,0
0,0,-0.09580416833,-0.9580416833,0,0
0,0,-0.1072272464,-0.1142307805,1,0
0,0,-0.126356107,-0.1912886057,0,0
0,0,-0.06509043493,0.6126567202,0,0
0,0,0.07685737173,1.419478067,2,0
0,0,0.1411152791,0.6425790735,0,0
0,0,0.3323606091,1.9124533,2,0
0,0,0.4876277507,1.552671416,1,0
0,0,0.7094732629,2.218455123,1,0
0,0,1.027057702,3.175844387,1,0
0,0,1.461233654,4.341759524,1,-1
1,1,2.039627666,5.783940115
