2,1,1
0,0,0,0,1,0
0,0,0.01743986051,0.1743986051,1,0
0,0,0.04353149535,0.2609163484,1,0
0,0,0.06944705351,0.2591555815,1,0
0,0,0.1108498803,0.4140282681,2,0
0,0,0.09952942842,-0.113204519,1,0
0,0,0.08973496863,-0.09794459787,2,0
0,0,0.02120224928,-0.6853271935,1,0
0,0,-0.03552907317,-0.5673132245,2,0
0,0,-0.1720942388,-1.365651657,2,0
0,0,-0.4269512114,-2.548569725,2,0
0,0,-0.8322626143,-4.05311403,0,0
0,0,-1.288004724,-4.557421098,0,-1
1,1,-1.852778555,-5.647738308
0,0,0,0,0,0
0,0,0.07527362754,0.7527362754,2,0
0,0,0.06492735802,-0.1034626952,2,0
0,0,-0.0357705886,-1.006979466,0,0
0,0,-0.05342947202,-0.1765888342,1,0
0,0,-0.07380897069,-0.2037949867,2,0
0,0,-0.2105156431,-1.367066725,1,0
0,0,-0.3858992865,-1.753836434,2,0
0,0,-0.7158335138,-3.299342273,0,0
0,0,-1.088618635,-3.727851216,0,0
0,0,-1.55237922,-4.637605843,2,-1
1,1,-2.16380043,-6.114212103
0,0,0,0,2,0
0,0,-0.0918106193,-0.918106193,1,0
0,0,-0.20739822,-1.155876007,1,0
0,0,-0.3571917928,-1.497935728,0,0
0,0,-0.4712686017,-1.140768089,2,0
0,0,-0.7373344,-2.660657983,2,0
0,0,-1.168304504,-4.309701043,2,-1
1,1,-1.754833148,-5.865286432
0,0,0,0,1,0
0,0,-0.01091242468,-0.1091242468,1,0
0,0,-0.02214511181,-0.1123268712,2,0
0,0,-0.1129438024,-0.9079869063,1,0
0,0,-0.2357829163,-1.228391139,1,0
0,0,-0.3896581832,-1.538752669,1,0
0,0,-0.5958632284,-2.062050452,1,0
0,0,-0.8945825835,-2.98719355,1,0
0,0,-1.299486999,-4.049044155,1,-1
1,1,-1.840907469,-5.414204704
0,0,0,0,0,0
0,0,0.08728340628,0.8728340628,1,0
0,0,0.1809382771,0.936548708,1,0
0,0,0.3156438604,1.347055833,1,0
0,0,0.5091564224,1.935125619,1,0
0,0,0.7950363183,2.858798959,0,0
0,0,1.237186215,4.421498969,0,-1
1,1,1.835909019,5.987228041
0,0,0,0,0,0
0,0,0.09771341768,0.9771341768,1,0
0,0,0.2112913082,1.135778905,1,0
0,0,0.3451950014,1.339036933,2,0
0,0,0.464736218,1.195412165,0,0
0,0,0.7400105094,2.752742915,0,0
0,0,1.174419888,4.344093787,1,-1
1,1,1.737499048,5.630791596
0,0,0,0,0,0
0,0,0.08703791295,0.8703791295,0,0
0,0,0.2913558573,2.043179443,0,0
0,0,0.6422752917,3.509194344,0,0
0,0,1.16007676,5.178014683,1,-1
1,1,1.796002227,6.359254674
0,0,0,0,2,0
0,0,-0.09892169766,-0.9892169766,0,0
0,0,-0.1200579422,-0.2113624456,1,0
0,0,-0.1484708726,-0.2841293035,0,0
0,0,-0.1291964268,0.1927444574,0,0
0,0,-0.03113774371,0.9805868313,2,0
0,0,-0.01060222409,0.2053551963,1,0
0,0,0.006588106938,0.1719033103,1,0
0,0,0.02049636407,0.1390825713,1,0
0,0,0.02069781126,0.00201447187,0,0
0,0,0.1146279677,0.9393015644,2,0
0,0,0.1323569507,0.1772898304,1,0
0,0,0.160408847,0.2805189623,2,0
0,0,0.1204354534,-0.3997339356,2,0
0,0,-0.003131082188,-1.235665356,1,0
0,0,-0.1358958803,-1.327647981,1,0
0,0,-0.3000350381,-1.641391578,2,0
0,0,-0.5862342931,-2.86199255,0,0
0,0,-0.8755644959,-2.893302028,0,0
0,0,-1.219661196,-3.440966998,0,-1
1,1,-1.669209828,-4.495486321
0,0,0,0,1,0
0,0,0.006804758705,0.06804758705,0,0
0,0,0.1158813671,1.090766084,0,0
0,0,0.342937817,2.270564498,1,0
0,0,0.6102195226,2.672817056,1,0
0,0,0.9659219141,3.557023915,1,0
0,0,1.4369927,4.710707856,1,-1
1,1,2.050853664,6.138609644
0,0,0,0,1,0
0,0,-0.01252877672,-0.1252877672,0,0
0,0,0.07074759208,0.8327636881,1,0
0,0,0.1661004569,0.9535286477,0,0
0,0,0.3933088099,2.272083531,1,0
0,0,0.6927277027,2.994188928,0,0
0,0,1.153175087,4.604473846,2,-1
1,1,1.702005249,5.48830162
0,0,0,0,0,0
0,0,0.07952983584,0.7952983584,0,0
0,0,0.2486899164,1.691600806,0,0
0,0,0.530970909,2.822809926,0,0
0,0,0.9575359257,4.265650167,1,0
0,0,1.499134214,5.415982881,2,-1
1,1,2.178420132,6.79285918
0,0,0,0,1,0
0,0,-0.01088958206,-0.1088958206,0,0
0,0,0.05289803955,0.6378762161,1,0
0,0,0.13036332,0.7746528041,1,0
0,0,0.216952522,0.8658920199,0,0
0,0,0.4190995553,2.021470333,2,0
0,0,0.5977055786,1.786060233,0,0
0,0,0.9223764732,3.246708946,2,0
0,0,1.320644746,3.982682728,2,-1
1,1,1.840105979,5.194612333
0,0,0,0,0,0
0,0,0.08487878787,0.8487878787,0,0
0,0,0.272344654,1.874658662,1,0
0,0,0.4940207851,2.21676131,0,0
0,0,0.8520886562,3.580678711,2,0
0,0,1.262449206,4.103605494,1,-1
1,1,1.809430566,5.469813602
0,0,0,0,0,0
0,0,0.07537095433,0.7537095433,0,0
0,0,0.2500533792,1.746824249,1,0
0,0,0.4758465516,2.257931724,1,0
0,0,0.7848171991,3.089706475,0,0
0,0,1.267210743,4.823935442,0,-1
1,1,1.903041832,6.358310885
0,0,0,0,2,0
0,0,-0.1030903154,-1.030903154,1,0
0,0,-0.2165000882,-1.134097728,2,0
0,0,-0.4580916919,-2.415916037,2,0
0,0,-0.8388146796,-3.807229877,1,0
0,0,-1.32446798,-4.856533001,2,-1
1,1,-1.962056604,-6.375886239
0,0,0,0,1,0
0,0,-0.006940992393,-0.06940992393,2,0
0,0,-0.09793163978,-0.9099064739,0,0
0,0,-0.1267643151,-0.288326753,0,0
0,0,-0.08235870546,0.4440560962,2,0
0,0,-0.1323578183,-0.4999911286,0,0
0,0,-0.1315656277,0.007921905974,0,0
0,0,-0.05349809893,0.7806752879,2,0
0,0,-0.08945691821,-0.3595881928,1,0
0,0,-0.1404033022,-0.5094638401,2,0
0,0,-0.3195492302,-1.79145928,0,0
0,0,-0.4544877347,-1.349385045,1,0
0,0,-0.6663394674,-2.118517327,0,0
0,0,-0.9077837132,-2.414442459,1,0
0,0,-1.265433174,-3.576494607,0,-1
1,1,-1.734586749,-4.691535754
0,0,0,0,2,0
0,0,-0.09612996991,-0.9612996991,2,0
0,0,-0.2853817913,-1.892518214,1,0
0,0,-0.5133736618,-2.279918705,2,0
0,0,-0.8974269145,-3.840532527,0,0
0,0,-1.34551629,-4.480893759,2,-1
1,1,-1.950761281,-6.052449902
0,0,0,0,1,0
0,0,-0.009631613069,-0.09631613069,2,0
0,0,-0.09872427063,-0.8909265756,0,0
0,0,-0.1007716567,-0.02047386062,0,0
0,0,-0.02760392978,0.7316772691,2,0
0,0,-0.04550224635,-0.1789831657,1,0
0,0,-0.07135978014,-0.2585753379,0,0
0,0,-0.02746877337,0.4389100677,0,0
0,0,0.1143281203,1.417968937,1,0
0,0,0.2795251021,1.651969818,2,0
0,0,0.3996034009,1.200782987,2,0
0,0,0.5076063136,1.080029128,0,0
0,0,0.7737818638,2.661755502,0,0
0,0,1.195379571,4.215977075,1,-1
1,1,1.749387756,5.540081849
0,0,0,0,0,0
0,0,0.07598782178,0.7598782178,1,0
0,0,0.1671801336,0.9119231186,0,0
0,0,0.3797454661,2.125653325,0,0
0,0,0.722111343,3.423658768,2,0
0,0,1.109696914,3.875855715,0,-1
1,1,1.664415432,5.547185177
0,0,0,0,2,0
0,0,-0.07505019382,-0.7505019382,1,0
0,0,-0.1794362866,-1.043860927,0,0
0,0,-0.244796766,-0.6536047947,0,0
0,0,-0.2574657917,-0.1266902568,2,0
0,0,-0.39786484,-1.403990483,0,0
0,0,-0.516281923,-1.18417083,2,0
0,0,-0.7808576326,-2.645757096,2,0
0,0,-1.201423804,-4.20566171,2,-1
1,1,-1.777988675,-5.765648713
0,0,0,0,0,0
0,0,0.1033910091,1.033910091,2,0
0,0,0.1244863215,0.2109531239,1,0
0,0,0.1644085264,0.3992220491,0,0
0,0,0.336103194,1.716946676,2,0
0,0,0.4827176185,1.466144245,1,0
0,0,0.7058873527,2.231697342,2,0
0,0,0.9573157419,2.514283892,1,0
0,0,1.325253348,3.679376066,2,-1
1,1,1.812047549,4.867942003
0,0,0,0,0,0
0,0,0.07961249344,0.7961249344,0,0
0,0,0.2434948662,1.638823727,0,0
0,0,0.5421676683,2.986728022,0,0
0,0,1.004587189,4.624195209,1,-1
1,1,1.578770302,5.741831127
0,0,0,0,1,0
0,0,-0.002963970431,-0.02963970431,0,0
0,0,0.0784815613,0.8144553173,2,0
0,0,0.07632458022,-0.02156981084,1,0
0,0,0.07839388516,0.02069304939,1,0
0,0,0.1098436013,0.3144971611,2,0
0,0,0.08673647369,-0.2310712759,0,0
0,0,0.1542417335,0.6750525979,0,0
0,0,0.3493141252,1.950723918,0,0
0,0,0.6680990441,3.187849188,2,0
0,0,1.005854221,3.377551773,2,0
0,0,1.425983298,4.201290765,0,-1
1,1,1.997002268,5.710189705
0,0,0,0,2,0
0,0,-0.07971783612,-0.7971783612,0,0
0,0,-0.09425601427,-0.1453817815,2,0
0,0,-0.2229620987,-1.287060844,1,0
0,0,-0.3779778313,-1.550157327,2,0
0,0,-0.6766966733,-2.98718842,1,0
0,0,-1.060855161,-3.841584879,1,0
0,0,-1.565620275,-5.047651142,2,-1
1,1,-2.21753524,-6.519149643
0,0,0,0,0,0
0,0,0.0754675088,0.754675088,1,0
0,0,0.1710171972,0.9554968845,2,0
0,0,0.2080810949,0.370638977,1,0
0,0,0.2767443327,0.6866323773,0,0
0,0,0.4787994224,2.020550897,1,0
0,0,0.7469482894,2.68148867,2,0
0,0,1.049443426,3.024951368,2,0
0,0,1.436289582,3.868461563,1,-1
1,1,1.968184409,5.318948264
0,0,0,0,2,0
0,0,-0.07456254505,-0.7456254505,2,0
0,0,-0.2630491384,-1.884865933,1,0
0,0,-0.5053521357,-2.423029974,1,0
0,0,-0.8169584133,-3.116062776,0,0
0,0,-1.176264368,-3.593059542,1,-1
1,1,-1.662788761,-4.865243939
0,0,0,0,2,0
0,0,-0.08832005202,-0.8832005202,2,0
0,0,-0.2701901071,-1.818700551,0,0
0,0,-0.4248021489,-1.546120418,1,0
0,0,-0.6611138369,-2.36311688,2,0
0,0,-1.063132977,-4.020191398,1,-1
1,1,-1.580572438,-5.174394618
0,0,0,0,2,0
0,0,-0.08652349305,-0.8652349305,2,0
0,0,-0.2925168489,-2.059933559,1,0
0,0,-0.5603077777,-2.677909287,2,0
0,0,-0.9733555476,-4.130477699,2,0
0,0,-1.546649799,-5.732942519,1,-1
1,1,-2.265880335,-7.192305355
0,0,0,0,1,0
0,0,0.008787076776,0.08787076776,1,0
0,0,0.008324611742,-0.004624650339,0,0
0,0,0.1144047803,1.060801686,0,0
0,0,0.3366155779,2.222107976,1,0
0,0,0.6038896401,2.672740622,0,0
0,0,1.014422427,4.105327871,2,0
0,0,1.504745858,4.903234307,1,-1
1,1,2.140234796,6.35488938
0,0,0,0,0,0
0,0,0.0891608343,0.891608343,2,0
0,0,0.1158776943,0.2671685995,1,0
0,0,0.1471826492,0.3130495494,1,0
0,0,0.1863969446,0.3921429546,0,0
0,0,0.3378276634,1.514307188,0,0
0,0,0.6241283085,2.86300645,2,0
0,0,0.9185260007,2.943976922,2,0
0,0,1.272986368,3.544603672,2,-1
1,1,1.746314746,4.733283777
0,0,0,0,1,0
0,0,-0.008760226505,-0.08760226505,1,0
0,0,-0.01994155967,-0.1118133316,1,0
0,0,-0.02782695352,-0.07885393854,0,0
0,0,0.05042627515,0.7825322868,1,0
0,0,0.1499520751,0.995257999,0,0
0,0,0.3627039748,2.127518997,0,0
0,0,0.7056711803,3.429672055,1,0
0,0,1.142994934,4.373237538,2,-1
1,1,1.668740106,5.25745172
0,0,0,0,0,0
0,0,0.1022734226,1.022734226,0,0
0,0,0.2951644946,1.92891072,0,0
0,0,0.6195433556,3.243788609,0,0
0,0,1.106621873,4.870785178,0,-1
1,1,1.747922261,6.413003875
0,0,0,0,1,0
0,0,-0.01435118843,-0.1435118843,2,0
0,0,-0.1255674316,-1.112162432,2,0
0,0,-0.3457594292,-2.201919976,2,0
0,0,-0.7078857557,-3.621263266,0,0
0,0,-1.090109926,-3.822241699,1,-1
1,1,-1.596860017,-5.06750091
0,0,0,0,0,0
0,0,0.1027281047,1.027281047,2,0
0,0,0.1355445927,0.3281648796,2,0
0,0,0.1057369238,-0.2980766888,1,0
0,0,0.0925247125,-0.1321221129,0,0
0,0,0.1852982538,0.9277354135,0,0
0,0,0.4047302896,2.194320358,0,0
0,0,0.7506698572,3.459395676,1,0
0,0,1.202545048,4.518751911,0,-1
1,1,1.814181644,6.116365954
0,0,0,0,0,0
0,0,0.08535857052,0.8535857052,0,0
0,0,0.2653189489,1.799603784,1,0
0,0,0.4786108597,2.132919107,0,0
0,0,0.8477303947,3.69119535,0,0
0,0,1.375202117,5.274717227,0,-1
1,1,2.053450308,6.782481906
0,0,0,0,0,0
0,0,0.0928631269,0.928631269,1,0
0,0,0.1950752832,1.022121563,2,0
0,0,0.2374962292,0.4242094593,0,0
0,0,0.4142128473,1.767166181,1,0
0,0,0.6448127485,2.305999012,0,0
0,0,1.0332625,3.88449751,1,0
0,0,1.54168214,5.084196402,2,-1
1,1,2.194130241,6.524481011
0,0,0,0,0,0
0,0,0.08339822749,0.8339822749,2,0
0,0,0.09556478555,0.1216655806,0,0
0,0,0.1954273752,0.9986258962,0,0
0,0,0.4126711855,2.172438104,0,0
0,0,0.7811504458,3.684792602,1,0
0,0,1.243333078,4.621826324,0,-1
1,1,1.863560845,6.202277668
0,0,0,0,2,0
0,0,-0.1034182449,-1.034182449,1,0
0,0,-0.233396605,-1.299783601,0,0
0,0,-0.3281330584,-0.9473645338,0,0
0,0,-0.3802606417,-0.521275833,2,0
0,0,-0.5697966426,-1.895360009,1,0
0,0,-0.8478026226,-2.780059801,1,0
0,0,-1.24269012,-3.948874975,0,-1
1,1,-1.750264341,-5.075742208
0,0,0,0,0,0
0,0,0.09149087439,0.9149087439,1,0
0,0,0.2093528098,1.178619354,1,0
0,0,0.3736346609,1.642818511,1,0
0,0,0.5965074455,2.228727846,0,0
0,0,0.9845041283,3.879966827,2,0
0,0,1.45004491,4.655407814,0,-1
1,1,2.06568138,6.156364705
0,0,0,0,0,0
0,0,0.08196011416,0.8196011416,2,0
0,0,0.09508310653,0.1312299237,0,0
0,0,0.2037876274,1.087045208,2,0
0,0,0.2478885263,0.4410089891,2,0
0,0,0.2473251186,-0.005634076598,2,0
0,0,0.2161776148,-0.3114750386,0,0
0,0,0.302844932,0.8666731725,0,0
0,0,0.5313678093,2.285228773,0,0
0,0,0.9002650964,3.688972871,1,0
0,0,1.372367583,4.721024866,1,-1
1,1,1.985050687,6.126831039
0,0,0,0,1,0
0,0,0.006827097266,0.06827097266,1,0
0,0,0.03067757936,0.238504821,0,0
0,0,0.1640555353,1.333779559,2,0
0,0,0.2211807716,0.5712523627,0,0
0,0,0.3878344909,1.666537193,2,0
0,0,0.5497761673,1.619416764,1,0
0,0,0.7876023637,2.378261965,1,0
0,0,1.13214064,3.445382764,2,-1
1,1,1.578510662,4.463700215
0,0,0,0,2,0
0,0,-0.07656312811,-0.7656312811,1,0
0,0,-0.165616998,-0.8905386994,0,0
0,0,-0.1844486136,-0.1883161555,2,0
0,0,-0.3255406093,-1.410919957,1,0
0,0,-0.5052889691,-1.797483599,0,0
0,0,-0.6823681175,-1.770791483,0,0
0,0,-0.8992568613,-2.168887438,0,0
0,0,-1.184560161,-2.853032994,2,-1
1,1,-1.62798897,-4.434288097
0,0,0,0,1,0
0,0,-0.006024273687,-0.06024273687,2,0
0,0,-0.086490098,-0.8046582431,2,0
0,0,-0.2633987772,-1.769086792,1,0
0,0,-0.4713840557,-2.079852785,1,0
0,0,-0.7465490029,-2.751649472,1,0
0,0,-1.119512157,-3.729631536,0,-1
1,1,-1.591262113,-4.717499566
0,0,0,0,0,0
0,0,0.07695273471,0.7695273471,0,0
0,0,0.2724227175,1.954699827,1,0
0,0,0.5045069935,2.320842761,0,0
0,0,0.8876834304,3.831764368,1,0
0,0,1.385279449,4.975960184,2,-1
1,1,2.008538121,6.232586723
0,0,0,0,2,0
0,0,-0.09145131506,-0.9145131506,0,0
0,0,-0.1176633237,-0.2621200868,0,0
0,0,-0.08655666321,0.3110666054,1,0
0,0,-0.0697736958,0.1678296741,2,0
0,0,-0.1670746027,-0.973009069,1,0
0,0,-0.2763758631,-1.093012604,1,0
0,0,-0.4230668842,-1.466910212,0,0
0,0,-0.5674540489,-1.443871647,2,0
0,0,-0.8679876038,-3.005335549,2,0
0,0,-1.324029956,-4.560423526,2,-1
1,1,-1.932974068,-6.089441121
0,0,0,0,1,0
0,0,-0.01378985476,-0.1378985476,1,0
0,0,-0.01814180934,-0.04351954581,1,0
0,0,-0.03175679553,-0.1361498619,0,0
0,0,0.02486813087,0.566249264,0,0
0,0,0.1684210017,1.435528708,1,0
0,0,0.3471462257,1.787252241,1,0
0,0,0.5967619771,2.496157513,1,0
0,0,0.935855182,3.390932049,0,0
0,0,1.440798879,5.049436967,2,-1
1,1,2.078852454,6.380535748
0,0,0,0,0,0
0,0,0.09038784635,0.9038784635,2,0
0,0,0.1083011568,0.1791331049,0,0
0,0,0.2426576337,1.343564769,2,0
0,0,0.3366590333,0.9400139957,2,0
0,0,0.4126576316,0.7599859833,0,0
0,0,0.6399280745,2.272704429,2,0
0,0,0.8947043281,2.547762535,0,0
0,0,1.316654082,4.219497541,1,-1
1,1,1.874194104,5.575400218
0,0,0,0,1,0
0,0,-0.008144608994,-0.08144608994,0,0
0,0,0.06470720959,0.7285181858,1,0
0,0,0.1481475264,0.8344031684,1,0
0,0,0.2523678181,1.042202916,0,0
0,0,0.4704454342,2.180776162,2,0
0,0,0.6905658721,2.201204379,0,0
0,0,1.074137938,3.835720662,1,-1
1,1,1.589108092,5.14970154
0,0,0,0,1,0
0,0,0.0158689164,0.158689164,2,0
0,0,-0.05429643238,-0.7016534877,0,0
0,0,-0.05888438358,-0.04587951208,2,0
0,0,-0.1729952295,-1.141108459,2,0
0,0,-0.398093584,-2.250983545,0,0
0,0,-0.6176557692,-2.195621852,1,0
0,0,-0.9360263444,-3.183705752,0,0
0,0,-1.323264291,-3.872379465,1,-1
1,1,-1.84771529,-5.24450999
0,0,0,0,1,0
0,0,0.00858490719,0.0858490719,1,0
0,0,0.03221001647,0.2362510928,1,0
0,0,0.04640712098,0.141971045,2,0
0,0,-0.02465439856,-0.7106151954,0,0
0,0,-0.01469870102,0.09955697548,0,0
0,0,0.07326674985,0.8796545087,1,0
0,0,0.1672669241,0.9400017423,0,0
0,0,0.3719710262,2.047041021,0,0
0,0,0.7065262033,3.34555177,2,0
0,0,1.067525545,3.609993417,0,-1
1,1,1.596675478,5.291499331
0,0,0,0,1,0
0,0,-0.006684289585,-0.06684289585,0,0
0,0,0.06279261275,0.6947690233,2,0
0,0,0.05012532588,-0.1266728686,0,0
0,0,0.1222728555,0.7214752965,2,0
0,0,0.1340580275,0.1178517196,2,0
0,0,0.08642630433,-0.4763172316,1,0
0,0,0.05624260926,-0.3018369507,0,0
0,0,0.1185835257,0.6234091648,0,0
0,0,0.2949090525,1.763255267,0,0
0,0,0.6058945387,3.109854863,0,0
0,0,1.077076655,4.711821168,1,-1
1,1,1.669619279,5.925426231
0,0,0,0,2,0
0,0,-0.08829781175,-0.8829781175,2,0
0,0,-0.2827634317,-1.9446562,2,0
0,0,-0.6135482966,-3.307848649,2,0
0,0,-1.103463918,-4.899156209,1,-1
1,1,-1.710755471,-6.072915535
0,0,0,0,0,0
0,0,0.07874737322,0.7874737322,0,0
0,0,0.2566400198,1.778926466,0,0
0,0,0.577410274,3.207702542,2,0
0,0,0.9060322857,3.286220118,2,0
0,0,1.309490434,4.034581484,1,-1
1,1,1.851240924,5.4175049
0,0,0,0,0,0
0,0,0.07820803157,0.7820803157,2,0
0,0,0.08448835273,0.0628032116,0,0
0,0,0.1878848695,1.033965168,0,0
0,0,0.4209303785,2.330455089,0,0
0,0,0.8098415443,3.889111658,0,0
0,0,1.362769422,5.52927878,2,-1
1,1,2.0351128,6.72343378
0,0,0,0,0,0
0,0,0.08397620953,0.8397620953,1,0
0,0,0.1665219505,0.8254574094,0,0
0,0,0.3756928838,2.091709334,1,0
0,0,0.6592648645,2.835719807,0,0
0,0,1.098279997,4.390151326,0,-1
1,1,1.693939621,5.956596243
0,0,0,0,0,0
0,0,0.07557617078,0.7557617078,2,0
0,0,0.08709111674,0.1151494596,1,0
0,0,0.09879799147,0.1170687474,1,0
0,0,0.1159360465,0.1713805503,2,0
0,0,0.07930962575,-0.3662642076,2,0
0,0,-0.02592146343,-1.052310892,0,0
0,0,-0.03011034433,-0.04188880899,2,0
0,0,-0.1239605362,-0.938501919,1,0
0,0,-0.2214971393,-0.9753660306,0,0
0,0,-0.282542863,-0.6104572373,2,0
0,0,-0.483729279,-2.01186416,2,0
0,0,-0.83321319,-3.494839109,2,0
0,0,-1.345367663,-5.121544726,2,-1
1,1,-2.011741816,-6.663741529
0,0,0,0,1,0
0,0,-0.01120079701,-0.1120079701,2,0
0,0,-0.1119529507,-1.007521537,1,0
0,0,-0.2184640553,-1.065111046,0,0
0,0,-0.2600711516,-0.4160709635,2,0
0,0,-0.4158023681,-1.557312164,0,0
0,0,-0.5481849605,-1.323825924,1,0
0,0,-0.7703304031,-2.221454426,2,0
0,0,-1.152101951,-3.81771548,0,-1
1,1,-1.637510501,-4.854085502
0,0,0,0,1,0
0,0,0.007583981543,0.07583981543,2,0
0,0,-0.05876978208,-0.6635376362,2,0
0,0,-0.2184857943,-1.597160122,0,0
0,0,-0.3172537432,-0.987679489,2,0
0,0,-0.5359016003,-2.186478571,0,0
0,0,-0.7763106432,-2.404090429,2,0
0,0,-1.181617557,-4.053069141,1,-1
1,1,-1.715309603,-5.336920459
0,0,0,0,1,0
0,0,-0.01189852513,-0.1189852513,2,0
0,0,-0.1056954349,-0.9379690974,1,0
0,0,-0.2077965273,-1.021010925,1,0
0,0,-0.3330059246,-1.252093972,0,0
0,0,-0.4440004556,-1.10994531,1,0
0,0,-0.6332116391,-1.892111835,1,0
0,0,-0.9179559269,-2.847442878,0,0
0,0,-1.2692167,-3.512607735,1,-1
1,1,-1.754067476,-4.848507754
0,0,0,0,2,0
0,0,-0.07858964981,-0.7858964981,2,0
0,0,-0.2515168031,-1.729271533,0,0
0,0,-0.3833699654,-1.318531623,1,0
0,0,-0.5693235079,-1.859535425,2,0
0,0,-0.9164650454,-3.471415375,1,0
0,0,-1.386859142,-4.703940961,0,-1
1,1,-1.980920017,-5.940608753
0,0,0,0,1,0
0,0,0.003476200087,0.03476200087,2,0
0,0,-0.0843757004,-0.8785190049,2,0
0,0,-0.2595950027,-1.752193023,1,0
0,0,-0.4924653175,-2.328703147,2,0
0,0,-0.8743865875,-3.819212701,2,0
0,0,-1.425960691,-5.51574103,0,-1
1,1,-2.107419273,-6.814585828
0,0,0,0,1,0
0,0,0.01530197455,0.1530197455,0,0
0,0,0.1098762877,0.9457431311,0,0
0,0,0.3173505578,2.074742701,2,0
0,0,0.5055390547,1.881884969,1,0
0,0,0.7623684691,2.568294144,2,0
0,0,1.064693078,3.023246087,0,0
0,0,1.527427291,4.627342132,2,-1
1,1,2.132838919,6.054116276
0,0,0,0,0,0
0,0,0.09678337525,0.9678337525,0,0
0,0,0.2999823848,2.031990095,2,0
0,0,0.4626038697,1.626214849,1,0
0,0,0.7043249001,2.417210304,2,0
0,0,0.9756910422,2.713661421,1,0
0,0,1.361462514,3.85771472,1,-1
1,1,1.890324574,5.288620593
0,0,0,0,1,0
0,0,0.004216477101,0.04216477101,0,0
0,0,0.08121376969,0.7699729259,0,0
0,0,0.2557287201,1.745149504,1,0
0,0,0.4698142154,2.140854953,2,0
0,0,0.6936674703,2.238532549,1,0
0,0,1.010637676,3.169702053,1,0
0,0,1.445841579,4.35203903,0,-1
1,1,2.034675929,5.888343501
0,0,0,0,1,0
0,0,0.00855634494,0.0855634494,2,0
0,0,-0.07259523006,-0.81151575,2,0
0,0,-0.2632009365,-1.906057064,2,0
0,0,-0.5769351964,-3.137342599,1,0
0,0,-0.986274739,-4.093395427,2,0
0,0,-1.549677469,-5.634027303,2,-1
1,1,-2.260832624,-7.111551548
0,0,0,0,0,0
0,0,0.09771382346,0.9771382346,0,0
0,0,0.3042210353,2.065072118,2,0
0,0,0.461924015,1.577029797,2,0
0,0,0.6306888817,1.687648667,2,0
0,0,0.8359499492,2.052610675,2,0
0,0,1.099205451,2.632555015,0,0
0,0,1.531733986,4.325285355,1,-1
1,1,2.110494325,5.787603383
0,0,0,0,1,0
0,0,-0.01375929181,-0.1375929181,2,0
0,0,-0.1072812948,-0.9352200295,0,0
0,0,-0.1318138027,-0.2453250795,2,0
0,0,-0.2651741046,-1.333603019,1,0
0,0,-0.4578606724,-1.926865678,1,0
0,0,-0.7310899334,-2.73229261,1,0
0,0,-1.094127275,-3.630373415,0,0
0,0,-1.554395004,-4.602677292,2,-1
1,1,-2.162166045,-6.077710406
0,0,0,0,2,0
0,0,-0.07871993984,-0.7871993984,1,0
0,0,-0.1765376927,-0.9781775285,2,0
0,0,-0.3950136477,-2.18475955,0,0
0,0,-0.5857834621,-1.907698144,0,0
0,0,-0.7962484628,-2.104650007,0,0
0,0,-1.057678142,-2.614296789,2,0
0,0,-1.479908027,-4.222298855,0,-1
1,1,-2.039523895,-5.596158678
0,0,0,0,2,0
0,0,-0.1015896964,-1.015896964,0,0
0,0,-0.1402555311,-0.3866583466,2,0
0,0,-0.2780756093,-1.378200782,1,0
0,0,-0.4717938433,-1.937182341,0,0
0,0,-0.6695260796,-1.977322363,1,0
0,0,-0.9563206193,-2.867945397,2,0
0,0,-1.411595777,-4.552751578,1,-1
1,1,-2.005977599,-5.943818219
0,0,0,0,0,0
0,0,0.09046841896,0.9046841896,2,0
0,0,0.105181026,0.1471260704,0,0
0,0,0.2238706417,1.186896157,0,0
0,0,0.4529408104,2.290701687,1,0
0,0,0.744161516,2.912207056,0,0
0,0,1.207529359,4.633678426,0,-1
1,1,1.827188792,6.196594337
0,0,0,0,0,0
0,0,0.08902526634,0.8902526634,1,0
0,0,0.19406817,1.050429036,0,0
0,0,0.4080267373,2.139585674,0,0
0,0,0.7767568085,3.687300712,2,0
0,0,1.190660164,4.13903355,2,-1
1,1,1.70110488,5.104447161
0,0,0,0,1,0
0,0,0.002230691726,0.02230691726,2,0
0,0,-0.09532334777,-0.975540395,0,0
0,0,-0.1233838536,-0.2806050583,1,0
0,0,-0.1886847562,-0.6530090263,1,0
0,0,-0.2895188342,-1.00834078,2,0
0,0,-0.5160517206,-2.265328864,0,0
0,0,-0.761438645,-2.453869244,0,0
0,0,-1.046584761,-2.85146116,0,0
0,0,-1.418948277,-3.723635163,0,-1
1,1,-1.923578293,-5.046300156
0,0,0,0,2,0
0,0,-0.08905614817,-0.8905614817,1,0
0,0,-0.1926388899,-1.035827417,2,0
0,0,-0.4241304,-2.314915101,0,0
0,0,-0.6332559399,-2.091255399,1,0
0,0,-0.9369268545,-3.036709145,0,0
0,0,-1.31019788,-3.732710258,1,-1
1,1,-1.823889826,-5.136919457
0,0,0,0,2,0
0,0,-0.08894515842,-0.8894515842,0,0
0,0,-0.09759038071,-0.08645222283,2,0
0,0,-0.1967262056,-0.9913582493,1,0
0,0,-0.3429244725,-1.461982669,1,0
0,0,-0.5604788952,-2.175544227,0,0
0,0,-0.7960820102,-2.35603115,0,0
0,0,-1.07645924,-2.803772293,2,0
0,0,-1.527115694,-4.506564547,0,-1
1,1,-2.120537541,-5.934218472
0,0,0,0,1,0
0,0,0.01501221508,0.1501221508,1,0
0,0,0.03198418644,0.1697197136,0,0
0,0,0.1409195452,1.089353588,2,0
0,0,0.1819855939,0.4106604866,2,0
0,0,0.1620476385,-0.1993795536,2,0
0,0,0.09649219184,-0.6555544666,1,0
0,0,0.06122565192,-0.3526653992,2,0
0,0,-0.06084662559,-1.220722775,1,0
0,0,-0.2005640602,-1.397174346,1,0
0,0,-0.388072927,-1.875088667,0,0
0,0,-0.5670297513,-1.789568244,1,0
0,0,-0.8427098455,-2.756800942,1,0
0,0,-1.226349145,-3.836392997,0,-1
1,1,-1.716806604,-4.904574592
0,0,0,0,1,0
0,0,-0.005471907808,-0.05471907808,2,0
0,0,-0.0910661447,-0.8559423689,1,0
0,0,-0.1845333842,-0.9346723953,1,0
0,0,-0.3258355332,-1.41302149,0,0
0,0,-0.4346815589,-1.088460257,2,0
0,0,-0.6945403913,-2.598588323,0,0
0,0,-0.9827391646,-2.881987733,0,0
0,0,-1.341388713,-3.586495481,0,-1
1,1,-1.826178593,-4.847898799
0,0,0,0,2,0
0,0,-0.1029204407,-1.029204407,0,0
0,0,-0.1221410162,-0.1922057546,1,0
0,0,-0.1768634409,-0.5472242473,1,0
0,0,-0.2660565407,-0.8919309976,2,0
0,0,-0.4982439321,-2.321873914,0,0
0,0,-0.7326278875,-2.343839555,1,0
0,0,-1.061666903,-3.290390151,1,0
0,0,-1.513777102,-4.521101994,2,-1
1,1,-2.115960903,-6.021838014
0,0,0,0,0,0
0,0,0.07798235345,0.7798235345,0,0
0,0,0.2711615799,1.931792265,2,0
0,0,0.4249332058,1.537716259,1,0
0,0,0.632137751,2.072045452,2,0
0,0,0.8659867553,2.338490043,1,0
0,0,1.214204303,3.482175482,1,-1
1,1,1.696668731,4.824644273
0,0,0,0,0,0
0,0,0.0928512315,0.928512315,0,0
0,0,0.2960799503,2.032287188,2,0
0,0,0.4510565062,1.549765559,2,0
0,0,0.6076343247,1.565778184,2,0
0,0,0.7945625985,1.869282738,0,0
0,0,1.147718569,3.531559706,0,-1
1,1,1.657040886,5.093223173
0,0,0,0,2,0
0,0,-0.08856896299,-0.8856896299,0,0
0,0,-0.1146388963,-0.2606993333,2,0
0,0,-0.2621171438,-1.474782475,1,0
0,0,-0.4616284742,-1.995113304,2,0
0,0,-0.7941099438,-3.324814696,2,0
0,0,-1.28237142,-4.88261476,0,-1
1,1,-1.881394328,-5.990229078
0,0,0,0,1,0
0,0,0.005796716401,0.05796716401,1,0
0,0,0.004427218656,-0.01369497746,2,0
0,0,-0.07089475361,-0.7532197227,0,0
0,0,-0.06083530572,0.1005944789,1,0
0,0,-0.0445932468,0.1624205892,2,0
0,0,-0.1213965228,-0.7680327599,1,0
0,0,-0.2224137128,-1.0101719,2,0
0,0,-0.4491468514,-2.267331386,0,0
0,0,-0.6637630396,-2.146161881,2,0
0,0,-1.043986939,-3.802238992,1,0
0,0,-1.539259422,-4.952724837,2,-1
1,1,-2.182922533,-6.436631101
0,0,0,0,2,0
0,0,-0.07511904704,-0.7511904704,0,0
0,0,-0.07363183769,0.01487209346,0,0
0,0,0.01466285739,0.8829469508,2,0
0,0,0.02869502534,0.1403216796,0,0
0,0,0.1304276088,1.017325835,1,0
0,0,0.2585748225,1.281472137,0,0
0,0,0.5057181658,2.471433433,2,0
0,0,0.744519153,2.388009872,2,0
0,0,1.025165332,2.80646179,1,0
0,0,1.438011515,4.128461834,2,-1
1,1,1.983924549,5.459130332
0,0,0,0,2,0
0,0,-0.07167736503,-0.7167736503,0,0
0,0,-0.07176453288,-0.0008716785195,2,0
0,0,-0.1870613715,-1.152968386,2,0
0,0,-0.4124658145,-2.25404443,2,0
0,0,-0.7918136474,-3.793478329,0,0
0,0,-1.210624003,-4.18810356,2,-1
1,1,-1.792015489,-5.81391486
0,0,0,0,0,0
0,0,0.08117748526,0.8117748526,0,0
0,0,0.2571137631,1.759362779,1,0
0,0,0.4915096736,2.343959105,1,0
0,0,0.8081569227,3.166472492,2,0
0,0,1.186198854,3.780419316,2,-1
1,1,1.661516334,4.753174793
0,0,0,0,2,0
0,0,-0.1055355352,-1.055355352,0,0
0,0,-0.1377714495,-0.322359143,0,0
0,0,-0.1187860143,0.1898543517,0,0
0,0,-0.02150873669,0.9727727765,2,0
0,0,-0.007403760871,0.1410497582,1,0
0,0,-0.01047316223,-0.03069401355,0,0
0,0,0.06538558799,0.7585875022,2,0
0,0,0.05801913377,-0.07366454224,2,0
0,0,-0.02755118484,-0.8557031861,2,0
0,0,-0.194382012,-1.668308272,0,0
0,0,-0.3121629667,-1.177809547,2,0
0,0,-0.5511185508,-2.389555841,0,0
0,0,-0.8070918186,-2.559732678,0,0
0,0,-1.124209451,-3.17117632,1,0
0,0,-1.567601398,-4.433919472,2,-1
1,1,-2.158145195,-5.905437972
0,0,0,0,1,0
0,0,-0.002274044506,-0.02274044506,1,0
0,0,0.0003373315333,0.02611376039,0,0
0,0,0.1013087043,1.009713728,0,0
0,0,0.3218872851,2.205785808,1,0
0,0,0.6062020141,2.84314729,0,0
0,0,1.056135562,4.49933548,0,-1
1,1,1.6591102,6.029746377
0,0,0,0,0,0
0,0,0.07179454658,0.7179454658,0,0
0,0,0.2493385729,1.775440263,2,0
0,0,0.3846202762,1.352817034,0,0
0,0,0.6567506476,2.721303713,0,0
0,0,1.095039528,4.382888802,1,-1
1,1,1.663183683,5.681441556
0,0,0,0,2,0
0,0,-0.09366175097,-0.9366175097,2,0
0,0,-0.2989253736,-2.052636226,0,0
0,0,-0.4613421754,-1.624168019,2,0
0,0,-0.7577147012,-2.963725258,2,0
0,0,-1.223401619,-4.65686918,1,-1
1,1,-1.823878066,-6.004764463
0,0,0,0,1,0
0,0,-0.01364115609,-0.1364115609,2,0
0,0,-0.1013135868,-0.8767243071,1,0
0,0,-0.2140217006,-1.127081138,2,0
0,0,-0.4311963571,-2.171746565,0,0
0,0,-0.6407755011,-2.09579144,1,0
0,0,-0.9455008286,-3.047253275,2,0
0,0,-1.422685367,-4.771845383,0,-1
1,1,-2.030951301,-6.082659341
0,0,0,0,1,0
0,0,0.01609077799,0.1609077799,2,0
0,0,-0.06126799484,-0.7735877282,1,0
0,0,-0.1525880843,-0.9132008944,1,0
0,0,-0.2543128553,-1.01724771,1,0
0,0,-0.3850726941,-1.307598388,0,0
0,0,-0.5021026517,-1.170299576,1,0
0,0,-0.7089967004,-2.068940487,2,0
0,0,-1.067642208,-3.586455076,2,-1
1,1,-1.59191322,-5.242710122
0,0,0,0,1,0
0,0,-0.002045702392,-0.02045702392,1,0
0,0,0.01193175431,0.139774567,1,0
0,0,0.04425097108,0.3231921677,2,0
0,0,-0.01924192386,-0.6349289494,1,0
0,0,-0.09255015161,-0.7330822775,1,0
0,0,-0.1843242364,-0.9177408482,1,0
0,0,-0.2991270657,-1.148028293,1,0
0,0,-0.4764572324,-1.773301667,0,0
0,0,-0.6589818988,-1.825246664,1,0
0,0,-0.9400752593,-2.810933605,1,0
0,0,-1.340623664,-4.005484049,0,-1
1,1,-1.863382009,-5.227583448
0,0,0,0,2,0
0,0,-0.1057434466,-1.057434466,1,0
0,0,-0.2394107869,-1.336673403,1,0
0,0,-0.3985596434,-1.591488565,0,0
0,0,-0.5569514906,-1.583918472,0,0
0,0,-0.7322936792,-1.753421886,2,0
0,0,-1.081011779,-3.487180995,2,-1
1,1,-1.589572935,-5.085611563
0,0,0,0,0,0
0,0,0.09940982212,0.9940982212,2,0
0,0,0.1376101956,0.3820037353,0,0
0,0,0.2740113949,1.364011992,0,0
0,0,0.5433735349,2.6936214,0,0
0,0,0.9633065489,4.19933014,0,0
0,0,1.544332693,5.810261443,1,-1
1,1,2.271346257,7.270135633
0,0,0,0,2,0
0,0,-0.1029538734,-1.029538734,2,0
0,0,-0.3051535835,-2.021997101,0,0
0,0,-0.470177866,-1.650242825,0,0
0,0,-0.639482423,-1.69304557,1,0
0,0,-0.8915020298,-2.520196067,2,0
0,0,-1.316367113,-4.248650831,1,-1
1,1,-1.877307956,-5.60940843
0,0,0,0,2,0
0,0,-0.08069470999,-0.8069470999,1,0
0,0,-0.1718804331,-0.9118572316,1,0
0,0,-0.2940014667,-1.221210335,0,0
0,0,-0.3830267433,-0.8902527658,1,0
0,0,-0.5249200054,-1.418932622,1,0
0,0,-0.7587940763,-2.338740709,0,0
0,0,-1.041776865,-2.829827882,1,0
0,0,-1.457925603,-4.161487387,1,-1
1,1,-2.017559062,-5.596334593
0,0,0,0,0,0
0,0,0.07541449312,0.7541449312,0,0
0,0,0.2359350716,1.605205785,0,0
0,0,0.5183981726,2.824631009,0,0
0,0,0.9434359469,4.250377743,1,0
0,0,1.488591815,5.451558683,0,-1
1,1,2.183921428,6.953296128
0,0,0,0,2,0
0,0,-0.08853899497,-0.8853899497,0,0
0,0,-0.1023161004,-0.1377710544,0,0
0,0,-0.05249505988,0.4982104053,2,0
0,0,-0.09754546645,-0.4505040657,1,0
0,0,-0.159108411,-0.6156294455,0,0
0,0,-0.1504124519,0.08695959071,2,0
0,0,-0.2699584815,-1.195460296,1,0
0,0,-0.4463107008,-1.763522192,2,0
0,0,-0.7746648505,-3.283541498,1,0
0,0,-1.205389941,-4.307250901,2,-1
1,1,-1.799098737,-5.937087963
0,0,0,0,0,0
0,0,0.07854543299,0.7854543299,0,0
0,0,0.2632153893,1.846699563,2,0
0,0,0.4008929797,1.376775904,2,0
0,0,0.5265005856,1.256076059,2,0
0,0,0.6707113739,1.442107883,0,0
0,0,0.9856824438,3.1497107,2,0
0,0,1.373496079,3.878136355,1,-1
1,1,1.903181453,5.296853741
0,0,0,0,0,0
0,0,0.09972020529,0.9972020529,1,0
0,0,0.2247015833,1.24981378,0,0
0,0,0.4783660889,2.536645056,1,0
0,0,0.8116011896,3.332351007,0,0
0,0,1.307044906,4.954437163,1,-1
1,1,1.935824175,6.287792687
0,0,0,0,2,0
0,0,-0.09329171453,-0.9329171453,2,0
0,0,-0.2759210642,-1.826293497,2,0
0,0,-0.5957401582,-3.198190939,2,0
0,0,-1.05953519,-4.637950322,1,-1
1,1,-1.64210891,-5.825737198
