2,1,1
0,0,0,0,0,0
0,0,0.09605791088,0.9605791088,0,0
0,0,0.3050472235,2.089893126,2,0
0,0,0.4711360906,1.660888671,0,0
0,0,0.7892063831,3.180702924,0,0
0,0,1.27546724,4.862608566,2,-1
1,1,1.872171636,5.967043963
0,0,0,0,1,0
0,0,-0.004956454851,-0.04956454851,1,0
0,0,-0.02198946952,-0.1703301467,2,0
0,0,-0.1389217032,-1.169322337,1,0
0,0,-0.2880502071,-1.491285039,1,0
0,0,-0.4776494541,-1.89599247,2,0
0,0,-0.8104273234,-3.327778693,1,0
0,0,-1.25435387,-4.439265467,0,-1
1,1,-1.804775136,-5.504212663
0,0,0,0,0,0
0,0,0.07703223663,0.7703223663,2,0
0,0,0.06684088471,-0.1019135191,1,0
0,0,0.06610091066,-0.007399740541,1,0
0,0,0.0713895217,0.0528861104,2,0
0,0,0.001263856063,-0.7012566564,0,0
0,0,0.03246063452,0.3119677845,0,0
0,0,0.1542223125,1.21761678,2,0
0,0,0.2278594604,0.7363714789,1,0
0,0,0.3342326036,1.063731432,0,0
0,0,0.5772721333,2.430395297,1,0
0,0,0.8916166969,3.143445637,2,0
0,0,1.269279576,3.776628793,2,-1
1,1,1.763868305,4.945887285
0,0,0,0,1,0
0,0,0.002358744319,0.02358744319,2,0
0,0,-0.1000753807,-1.02434125,0,0
0,0,-0.1395263864,-0.394510057,0,0
0,0,-0.1223785669,0.1714781944,2,0
0,0,-0.2030115915,-0.8063302457,2,0
0,0,-0.3969876869,-1.939760954,2,0
0,0,-0.7264809093,-3.294932224,2,0
0,0,-1.213744137,-4.872632275,2,-1
1,1,-1.854333515,-6.40589378
0,0,0,0,0,0
0,0,0.09893069987,0.9893069987,2,0
0,0,0.113702018,0.1477131815,1,0
0,0,0.1356845232,0.2198250515,1,0
0,0,0.1833117475,0.4762722431,0,0
0,0,0.3598554553,1.765437078,1,0
0,0,0.5901190548,2.302635996,0,0
0,0,0.9739212909,3.838022361,2,0
0,0,1.434213799,4.602925086,1,-1
1,1,2.035106034,6.008922343
0,0,0,0,1,0
0,0,-0.007327785056,-0.07327785056,1,0
0,0,-0.006901585922,0.004261991344,2,0
0,0,-0.09699818794,-0.9009660202,0,0
0,0,-0.1295387622,-0.3254057427,0,0
0,0,-0.1036354561,0.2590330609,1,0
0,0,-0.1038023552,-0.001668991108,0,0
0,0,-0.01988406989,0.8391828534,0,0
0,0,0.1431416214,1.630256913,0,0
0,0,0.4155629622,2.724213408,0,0
0,0,0.8297753637,4.142124015,0,0
0,0,1.4009862,5.712108363,1,-1
1,1,2.108262905,7.072767051
0,0,0,0,0,0
0,0,0.07835937903,0.7835937903,0,0
0,0,0.256012232,1.77652853,1,0
0,0,0.4887455861,2.327333541,1,0
0,0,0.7984653893,3.097198032,0,0
0,0,1.281351562,4.828861723,1,-1
1,1,1.896446355,6.150947932
0,0,0,0,2,0
0,0,-0.09119681142,-0.9119681142,2,0
0,0,-0.3011221766,-2.099253652,0,0
0,0,-0.4609928866,-1.5987071,2,0
0,0,-0.7737152608,-3.127223742,2,0
0,0,-1.258231202,-4.845159408,1,-1
1,1,-1.871330627,-6.130994255
0,0,0,0,0,0
0,0,0.09954000848,0.9954000848,1,0
0,0,0.221780415,1.222404066,0,0
0,0,0.4812041392,2.594237241,2,0
0,0,0.7400248425,2.588207033,1,0
0,0,1.10792043,3.678955875,1,-1
1,1,1.606962657,4.990422273
0,0,0,0,0,0
0,0,0.07864627433,0.7864627433,1,0
0,0,0.1723087645,0.9366249015,0,0
0,0,0.3905545724,2.182458079,0,0
0,0,0.7430486842,3.524941118,1,0
0,0,1.189634722,4.465860374,2,-1
1,1,1.74093875,5.513040281
0,0,0,0,0,0
0,0,0.07441266708,0.7441266708,0,0
0,0,0.2417539066,1.673412395,1,0
0,0,0.465414036,2.236601294,2,0
0,0,0.6879038489,2.224898129,2,0
0,0,0.9398431965,2.519393476,0,0
0,0,1.352711681,4.128684843,1,-1
1,1,1.907035419,5.543237381
0,0,0,0,2,0
0,0,-0.07985801204,-0.7985801204,0,0
0,0,-0.09539420737,-0.1553619533,1,0
0,0,-0.131292865,-0.3589865759,2,0
0,0,-0.2598979241,-1.286050591,0,0
0,0,-0.3487942293,-0.8889630521,0,0
0,0,-0.4153960778,-0.666018485,1,0
0,0,-0.5492799297,-1.338838519,1,0
0,0,-0.7788280941,-2.295481644,2,0
0,0,-1.163977336,-3.851492424,0,-1
1,1,-1.652144768,-4.881674313
0,0,0,0,2,0
0,0,-0.07782934197,-0.7782934197,2,0
0,0,-0.2432264059,-1.653970639,1,0
0,0,-0.4449363959,-2.0170999,0,0
0,0,-0.6337084336,-1.887720377,1,0
0,0,-0.9165432133,-2.828347796,2,0
0,0,-1.370640285,-4.540970714,0,-1
1,1,-1.946104439,-5.754641549
0,0,0,0,0,0
0,0,0.08356495107,0.8356495107,2,0
0,0,0.09836519493,0.1480024386,1,0
0,0,0.1364996631,0.3813446813,2,0
0,0,0.1217414996,-0.147581635,0,0
0,0,0.2201884033,0.984469037,0,0
0,0,0.4333613576,2.131729543,1,0
0,0,0.7141331948,2.807718372,1,0
0,0,1.102982299,3.888491043,2,-1
1,1,1.589558007,4.865757076
0,0,0,0,1,0
0,0,0.0172607662,0.172607662,2,0
0,0,-0.05335391696,-0.7061468316,2,0
0,0,-0.2174033471,-1.640494302,2,0
0,0,-0.5173903126,-2.999869654,1,0
0,0,-0.8991358218,-3.817455092,0,0
0,0,-1.332781113,-4.336452909,2,-1
1,1,-1.9238331,-5.910519874
0,0,0,0,0,0
0,0,0.09737957591,0.9737957591,2,0
0,0,0.1353609801,0.3798140422,0,0
0,0,0.2911451958,1.557842157,1,0
0,0,0.4969856654,2.058404696,0,0
0,0,0.8653076184,3.683219529,0,0
0,0,1.390400136,5.25092518,1,-1
1,1,2.053164949,6.627648129
0,0,0,0,0,0
0,0,0.09993003526,0.9993003526,2,0
0,0,0.1279117809,0.279817456,0,0
0,0,0.2737543838,1.458426029,2,0
0,0,0.3645731168,0.9081873299,0,0
0,0,0.580553914,2.159807972,1,0
0,0,0.8824049286,3.018510146,0,0
0,0,1.342466598,4.600616699,0,-1
1,1,1.956667691,6.142010929
0,0,0,0,0,0
0,0,0.0823963968,0.823963968,2,0
0,0,0.08305700239,0.006606055941,2,0
0,0,-0.003420401417,-0.8647740381,2,0
0,0,-0.1838409712,-1.804205698,0,0
0,0,-0.3219341772,-1.38093206,2,0
0,0,-0.609090167,-2.871559899,2,0
0,0,-1.044471948,-4.353817808,2,-1
1,1,-1.630506306,-5.860343585
0,0,0,0,1,0
0,0,0.004318140993,0.04318140993,1,0
0,0,0.007669233899,0.03351092906,1,0
0,0,0.01652231385,0.08853079952,0,0
0,0,0.1004491645,0.8392685061,2,0
0,0,0.1128042929,0.1235512839,0,0
0,0,0.2420596071,1.292553143,0,0
0,0,0.4902608821,2.48201275,1,0
0,0,0.8126591971,3.22398315,1,0
0,0,1.235344525,4.22685328,1,-1
1,1,1.788906104,5.535615792
0,0,0,0,1,0
0,0,0.01666307506,0.1666307506,1,0
0,0,0.02748615932,0.1082308426,2,0
0,0,-0.03621657892,-0.6370273824,1,0
0,0,-0.1120308876,-0.7581430863,1,0
0,0,-0.2028194496,-0.9078856201,2,0
0,0,-0.4103799531,-2.075605035,2,0
0,0,-0.7475507581,-3.371708051,0,0
0,0,-1.135032524,-3.874817654,2,-1
1,1,-1.689061392,-5.540288686
0,0,0,0,1,0
0,0,-0.004951166034,-0.04951166034,2,0
0,0,-0.1142869721,-1.093358061,0,0
0,0,-0.1502496948,-0.3596272267,2,0
0,0,-0.2987810327,-1.485313379,2,0
0,0,-0.5696399535,-2.708589208,1,0
0,0,-0.9098730494,-3.402330959,0,0
0,0,-1.320945359,-4.110723095,1,-1
1,1,-1.872678583,-5.517332238
0,0,0,0,1,0
0,0,-0.007911809436,-0.07911809436,1,0
0,0,-0.006155604179,0.01756205257,2,0
0,0,-0.09842754692,-0.9227194274,0,0
0,0,-0.125543884,-0.2711633713,1,0
0,0,-0.1827915814,-0.5724769732,1,0
0,0,-0.2800219306,-0.9723034923,0,0
0,0,-0.3553868631,-0.7536493247,0,0
0,0,-0.3937596881,-0.3837282504,1,0
0,0,-0.4928323446,-0.9907265651,2,0
0,0,-0.7438431188,-2.510107742,0,0
0,0,-1.036736243,-2.928931245,2,0
0,0,-1.502269162,-4.655329183,0,-1
1,1,-2.107079841,-6.048106798
0,0,0,0,1,0
0,0,-0.00369490574,-0.0369490574,0,0
0,0,0.08113069932,0.8482560506,2,0
0,0,0.0804661051,-0.006645942117,1,0
0,0,0.09962743342,0.1916132832,1,0
0,0,0.1207334704,0.2110603697,0,0
0,0,0.2356524576,1.149189872,1,0
0,0,0.3742864088,1.386339512,0,0
0,0,0.6434088621,2.691224533,1,0
0,0,0.9934788812,3.500700191,0,0
0,0,1.51167805,5.181991683,2,-1
1,1,2.170527935,6.588498856
0,0,0,0,2,0
0,0,-0.09381809387,-0.9381809387,0,0
0,0,-0.1324142288,-0.3859613492,2,0
0,0,-0.2927187424,-1.603045136,2,0
0,0,-0.5917195496,-2.990008073,2,0
0,0,-1.051491259,-4.597717091,1,-1
1,1,-1.636163295,-5.846720358
0,0,0,0,2,0
0,0,-0.07301585512,-0.7301585512,2,0
0,0,-0.2415573058,-1.685414507,1,0
0,0,-0.4364997572,-1.949424514,0,0
0,0,-0.6332187067,-1.967189495,2,0
0,0,-0.9967174173,-3.634987105,2,0
0,0,-1.528738684,-5.320212663,2,-1
1,1,-2.209524915,-6.807862312
0,0,0,0,2,0
0,0,-0.08272166536,-0.8272166536,2,0
0,0,-0.2501094691,-1.673878037,2,0
0,0,-0.5458650629,-2.957555939,1,0
0,0,-0.916128787,-3.702637241,1,0
0,0,-1.404618148,-4.884893611,2,-1
1,1,-2.046219879,-6.416017313
0,0,0,0,1,0
0,0,0.01378748224,0.1378748224,1,0
0,0,0.01876332664,0.04975844403,1,0
0,0,0.02354465083,0.0478132419,1,0
0,0,0.02559214326,0.02047492423,2,0
0,0,-0.04701608851,-0.7260823177,0,0
0,0,-0.04262413052,0.04391957997,1,0
0,0,-0.06105917311,-0.184350426,2,0
0,0,-0.1936827818,-1.326236087,1,0
0,0,-0.3694702962,-1.757875144,1,0
0,0,-0.6029108044,-2.334405082,2,0
0,0,-1.001005809,-3.980950042,0,0
0,0,-1.472275015,-4.712692067,0,-1
1,1,-2.079480046,-6.072050306
0,0,0,0,1,0
0,0,0.013639322,0.13639322,0,0
0,0,0.1271322872,1.134929652,1,0
0,0,0.2677032404,1.405709532,1,0
0,0,0.4438581041,1.761548637,1,0
0,0,0.7038552328,2.599971287,0,0
0,0,1.129934553,4.260793207,2,-1
1,1,1.645063375,5.151288217
0,0,0,0,2,0
0,0,-0.08873831345,-0.8873831345,1,0
0,0,-0.2039867164,-1.152484029,1,0
0,0,-0.3392388108,-1.352520944,1,0
0,0,-0.5245466545,-1.853078438,0,0
0,0,-0.7053104937,-1.807638392,2,0
0,0,-1.061114736,-3.558042426,2,-1
1,1,-1.577978305,-5.168635691
0,0,0,0,0,0
0,0,0.1010377138,1.010377138,1,0
0,0,0.2278321531,1.267944393,2,0
0,0,0.2934960066,0.6566385358,1,0
0,0,0.4181475026,1.24651496,2,0
0,0,0.5243212155,1.061737129,0,0
0,0,0.7898592316,2.655380161,2,0
0,0,1.114690213,3.248309818,0,-1
1,1,1.599222101,4.845318873
0,0,0,0,1,0
0,0,-0.01568793651,-0.1568793651,1,0
0,0,-0.02508043783,-0.09392501326,1,0
0,0,-0.04408136842,-0.1900093059,2,0
0,0,-0.1436402837,-0.9955891531,1,0
0,0,-0.255893828,-1.122535442,2,0
0,0,-0.4987443098,-2.428504818,2,0
0,0,-0.9049472395,-4.062029297,1,0
0,0,-1.414513876,-5.095666364,2,-1
1,1,-2.075352469,-6.608385934
0,0,0,0,2,0
0,0,-0.07176115916,-0.7176115916,0,0
0,0,-0.06043315493,0.1132800423,1,0
0,0,-0.04534595152,0.150872034,0,0
0,0,0.04217857737,0.8752452889,1,0
0,0,0.1344058162,0.9222723884,1,0
0,0,0.2633062615,1.289004452,2,0
0,0,0.3597745124,0.9646825093,2,0
0,0,0.4204681677,0.6069365534,2,0
0,0,0.4587464692,0.382783015,2,0
0,0,0.4937966213,0.3505015208,2,0
0,0,0.5403938685,0.4659724721,1,0
0,0,0.6713525873,1.309587188,0,0
0,0,0.9558249912,2.844724039,2,0
0,0,1.321568572,3.657435809,2,-1
1,1,1.807332938,4.857643662
0,0,0,0,2,0
0,0,-0.09744151988,-0.9744151988,2,0
0,0,-0.2877341616,-1.902926417,1,0
0,0,-0.5242917576,-2.365575961,0,0
0,0,-0.7766221192,-2.523303615,0,0
0,0,-1.072655967,-2.960338481,1,0
0,0,-1.492598464,-4.199424968,2,-1
1,1,-2.062438637,-5.698401731
0,0,0,0,1,0
0,0,0.005930170772,0.05930170772,0,0
0,0,0.09503963217,0.891094614,1,0
0,0,0.2047718079,1.097321757,2,0
0,0,0.2646039552,0.5983214736,1,0
0,0,0.3749945047,1.103905495,1,0
0,0,0.5472826653,1.722881605,1,0
0,0,0.8148939834,2.676113181,2,0
0,0,1.137184487,3.222905034,2,0
0,0,1.56056651,4.233820237,2,-1
1,1,2.129785672,5.692191611
0,0,0,0,1,0
0,0,-0.005702252973,-0.05702252973,1,0
0,0,-0.01981075625,-0.1410850327,1,0
0,0,-0.03055133896,-0.1074058272,0,0
0,0,0.05514052448,0.8569186344,1,0
0,0,0.1632964153,1.081558908,0,0
0,0,0.3916997085,2.284032932,2,0
0,0,0.6066884867,2.149887782,1,0
0,0,0.9059844837,2.99295997,1,0
0,0,1.330635968,4.246514841,0,-1
1,1,1.908537727,5.779017595
0,0,0,0,1,0
0,0,0.003303620961,0.03303620961,1,0
0,0,0.01893620324,0.1563258228,0,0
0,0,0.1408252548,1.218890515,2,0
0,0,0.1885168969,0.4769164214,2,0
0,0,0.1696767244,-0.1884017247,0,0
0,0,0.2519632714,0.8228654697,1,0
0,0,0.3698561078,1.178928364,1,0
0,0,0.5326922829,1.628361752,1,0
0,0,0.7647912674,2.320989845,2,0
0,0,1.050870151,2.860788835,2,0
0,0,1.426487919,3.756177683,0,-1
1,1,1.956653066,5.301651469
0,0,0,0,2,0
0,0,-0.09348658487,-0.9348658487,0,0
0,0,-0.1203988337,-0.269122488,1,0
0,0,-0.1800967292,-0.5969789553,1,0
0,0,-0.2811914577,-1.010947285,1,0
0,0,-0.4378461041,-1.566546464,1,0
0,0,-0.6757444354,-2.378983313,0,0
0,0,-0.9373949846,-2.616505492,0,0
0,0,-1.272077114,-3.346821294,2,-1
1,1,-1.764957504,-4.928803897
0,0,0,0,0,0
0,0,0.08041802781,0.8041802781,2,0
0,0,0.09058970507,0.1017167725,1,0
0,0,0.1063723995,0.1578269441,1,0
0,0,0.1558461789,0.4947377943,2,0
0,0,0.1410663504,-0.1477982849,1,0
0,0,0.1532761538,0.1220980334,1,0
0,0,0.2067390962,0.5346294239,1,0
0,0,0.3079131057,1.011740096,0,0
0,0,0.5391583924,2.312452866,1,0
0,0,0.838012899,2.988545067,1,0
0,0,1.242915336,4.049024369,1,-1
1,1,1.779386804,5.364714676
0,0,0,0,2,0
0,0,-0.09982970423,-0.9982970423,0,0
0,0,-0.1418581631,-0.4202845887,0,0
0,0,-0.1242511511,0.1760701204,2,0
0,0,-0.2058575987,-0.8160644761,0,0
0,0,-0.2380985684,-0.322409697,1,0
0,0,-0.3026556172,-0.6455704884,0,0
0,0,-0.321598559,-0.1894294177,0,0
0,0,-0.3273527471,-0.05754188148,2,0
0,0,-0.4588975089,-1.315447617,1,0
0,0,-0.6655947982,-2.066972893,2,0
0,0,-1.028839008,-3.632442099,0,0
0,0,-1.474586594,-4.457475861,1,-1
1,1,-2.064021924,-5.894353302
0,0,0,0,0,0
0,0,0.08173594173,0.8173594173,0,0
0,0,0.2714448384,1.897088966,2,0
0,0,0.4107860582,1.393412199,2,0
0,0,0.5354653729,1.246793147,1,0
0,0,0.7399159319,2.04450559,0,0
0,0,1.111326302,3.714103701,2,-1
1,1,1.574419955,4.630936527
0,0,0,0,0,0
0,0,0.09787769252,0.9787769252,0,0
0,0,0.31374212,2.158644275,2,0
0,0,0.4965487284,1.828066084,0,0
0,0,0.826656845,3.301081166,1,0
0,0,1.274684854,4.480280088,2,-1
1,1,1.834993753,5.603088989
0,0,0,0,0,0
0,0,0.07648238066,0.7648238066,1,0
0,0,0.152905215,0.7642283431,2,0
0,0,0.1598974721,0.06992257123,2,0
0,0,0.1088713608,-0.5102611128,2,0
0,0,-0.0120222437,-1.208936045,0,0
0,0,-0.05716629737,-0.4514405367,0,0
0,0,-0.02291670198,0.3424959538,1,0
0,0,0.006772213235,0.2968891522,1,0
0,0,0.04826215406,0.4148994082,1,0
0,0,0.1077805118,0.5951835779,2,0
0,0,0.09465988009,-0.1312063175,2,0
0,0,-0.001114530784,-0.9577441088,0,0
0,0,-0.01338772263,-0.1227319184,1,0
0,0,-0.03706593256,-0.2367820993,1,0
0,0,-0.06766185567,-0.3059592311,2,0
0,0,-0.1896071935,-1.219453378,1,0
0,0,-0.3468403406,-1.572331471,1,0
0,0,-0.5750720908,-2.282317502,0,0
0,0,-0.821817616,-2.467455252,2,0
0,0,-1.237980093,-4.16162477,0,-1
1,1,-1.766023867,-5.280437741
0,0,0,0,2,0
0,0,-0.09855527549,-0.9855527549,0,0
0,0,-0.1365436772,-0.3798840168,1,0
0,0,-0.2112201444,-0.7467646727,0,0
0,0,-0.2456149323,-0.3439478786,0,0
0,0,-0.246076932,-0.004619997204,1,0
0,0,-0.2797807136,-0.3370378164,0,0
0,0,-0.2846000053,-0.04819291632,0,0
0,0,-0.2525959436,0.3200406171,0,0
0,0,-0.1753895566,0.7720638693,0,0
0,0,-0.05531411269,1.20075444,2,0
0,0,-0.04637506585,0.08939046839,0,0
0,0,0.03461946727,0.8099453312,2,0
0,0,0.04869799018,0.1407852291,2,0
0,0,-0.00610914545,-0.5480713563,2,0
0,0,-0.1358191341,-1.297099886,1,0
0,0,-0.2917737013,-1.559545672,1,0
0,0,-0.4973491691,-2.055754678,2,0
0,0,-0.8547664521,-3.57417283,0,0
0,0,-1.27135512,-4.16588668,2,-1
1,1,-1.843186639,-5.718315191
0,0,0,0,1,0
0,0,0.00986916055,0.0986916055,0,0
0,0,0.09614988194,0.8628072138,0,0
0,0,0.2867368524,1.905869705,2,0
0,0,0.4380904156,1.513535632,0,0
0,0,0.7432617133,3.051712977,2,0
0,0,1.085401443,3.421397293,1,0
0,0,1.558424491,4.730230484,2,-1
1,1,2.176972499,6.185480077
0,0,0,0,0,0
0,0,0.07388942306,0.7388942306,2,0
0,0,0.07641256601,0.02523142947,0,0
0,0,0.1713634968,0.9495093076,1,0
0,0,0.2868869756,1.155234788,0,0
0,0,0.5223124254,2.354254498,1,0
0,0,0.8322804874,3.09968062,0,0
0,0,1.302186453,4.699059656,0,-1
1,1,1.924193508,6.220070552
0,0,0,0,0,0
0,0,0.104859503,1.04859503,0,0
0,0,0.3167078323,2.118483293,1,0
0,0,0.5765757982,2.598679658,0,0
0,0,0.9948035,4.182277018,1,0
0,0,1.530685639,5.358821395,1,-1
1,1,2.212312308,6.816266683
0,0,0,0,0,0
0,0,0.08204357704,0.8204357704,2,0
0,0,0.1077756246,0.2573204755,1,0
0,0,0.1502923182,0.4251669361,1,0
0,0,0.2202552959,0.6996297773,1,0
0,0,0.3276294483,1.073741523,2,0
0,0,0.3988045236,0.7117507532,0,0
0,0,0.6120889792,2.132844556,0,0
0,0,0.9737531764,3.616641972,0,0
0,0,1.496952961,5.231997849,0,-1
1,1,2.168636957,6.716839958
0,0,0,0,1,0
0,0,-0.004937203436,-0.04937203436,1,0
0,0,-0.001782797546,0.03154405889,1,0
0,0,0.006127448816,0.07910246362,0,0
0,0,0.09165868476,0.8553123594,2,0
0,0,0.1182895643,0.2663087953,0,0
0,0,0.253691395,1.354018307,1,0
0,0,0.4324445005,1.787531055,1,0
0,0,0.6760441017,2.435996012,0,0
0,0,1.085966837,4.099227351,0,-1
1,1,1.651312615,5.653457787
0,0,0,0,0,0
0,0,0.0766000052,0.766000052,1,0
0,0,0.1751207676,0.985207624,1,0
0,0,0.3193918394,1.442710718,0,0
0,0,0.5867870409,2.673952014,1,0
0,0,0.9386135948,3.518265539,0,0
0,0,1.456540137,5.179265421,1,-1
1,1,2.117422258,6.608821216
0,0,0,0,2,0
0,0,-0.1033852675,-1.033852675,0,0
0,0,-0.1472906582,-0.4390539063,2,0
0,0,-0.3187793232,-1.71488665,1,0
0,0,-0.5279910402,-2.09211717,0,0
0,0,-0.7529375458,-2.249465056,1,0
0,0,-1.081414691,-3.284771448,1,0
0,0,-1.536032304,-4.546176135,2,-1
1,1,-2.139500741,-6.034684367
0,0,0,0,2,0
0,0,-0.1032103467,-1.032103467,0,0
0,0,-0.1488448748,-0.4563452813,1,0
0,0,-0.2053393948,-0.5649452,1,0
0,0,-0.3047288243,-0.9938942945,1,0
0,0,-0.4572491067,-1.525202825,2,0
0,0,-0.7535275314,-2.962784247,1,0
0,0,-1.143950414,-3.904228824,2,-1
1,1,-1.693660049,-5.497096351
0,0,0,0,1,0
0,0,0.01193814072,0.1193814072,1,0
0,0,0.02799924896,0.1606110824,0,0
0,0,0.1368484031,1.088491541,1,0
0,0,0.2632623388,1.264139358,0,0
0,0,0.530861531,2.675991921,0,0
0,0,0.9364647649,4.05603234,0,0
0,0,1.501957201,5.654924356,2,-1
1,1,2.205899347,7.039421466
0,0,0,0,1,0
0,0,-0.0001443336404,-0.001443336404,0,0
0,0,0.07252908252,0.7267341616,1,0
0,0,0.1596894007,0.8716031813,0,0
0,0,0.3674671783,2.077777776,0,0
0,0,0.7287708006,3.613036223,1,0
0,0,1.188890114,4.601193138,2,-1
1,1,1.743036541,5.54146427
0,0,0,0,1,0
0,0,0.01514794465,0.1514794465,0,0
0,0,0.1106493891,0.9550144443,2,0
0,0,0.154806671,0.4415728195,0,0
0,0,0.3249310158,1.701243448,2,0
0,0,0.4748144956,1.498834798,1,0
0,0,0.6944673044,2.196528088,2,0
0,0,0.9618715065,2.674042022,2,0
0,0,1.299381438,3.375099316,2,-1
1,1,1.753673879,4.542924411
0,0,0,0,0,0
0,0,0.1039590095,1.039590095,1,0
0,0,0.2263800662,1.224210567,1,0
0,0,0.3906322355,1.642521693,1,0
0,0,0.6140901354,2.234578999,0,0
0,0,0.9968093897,3.827192543,1,0
0,0,1.50478949,5.079801004,0,-1
1,1,2.16120019,6.564107002
0,0,0,0,1,0
0,0,0.01076337307,0.1076337307,0,0
0,0,0.1070680835,0.9630471039,0,0
0,0,0.2917665215,1.84698438,2,0
0,0,0.4500063756,1.582398541,2,0
0,0,0.5875498567,1.375434811,0,0
0,0,0.8771830815,2.896332248,0,0
0,0,1.336625017,4.594419356,2,-1
1,1,1.917522227,5.8089721
0,0,0,0,0,0
0,0,0.08695793857,0.8695793857,0,0
0,0,0.2709965314,1.840385928,0,0
0,0,0.5838461924,3.12849661,2,0
0,0,0.9231448456,3.392986533,0,0
0,0,1.428921305,5.05776459,0,-1
1,1,2.086465489,6.575441844
0,0,0,0,1,0
0,0,0.01202437686,0.1202437686,1,0
0,0,0.01440770451,0.02383327649,2,0
0,0,-0.07319869357,-0.8760639807,1,0
0,0,-0.1728322496,-0.9963355608,1,0
0,0,-0.2872620339,-1.144297842,0,0
0,0,-0.3495478104,-0.6228577657,0,0
0,0,-0.3804024396,-0.3085462913,0,0
0,0,-0.4051115493,-0.2470910971,1,0
0,0,-0.4951504893,-0.9003893999,1,0
0,0,-0.6501434138,-1.549929245,1,0
0,0,-0.8903139245,-2.401705107,2,0
0,0,-1.293045487,-4.027315621,1,-1
1,1,-1.835894458,-5.428489718
0,0,0,0,2,0
0,0,-0.07644210171,-0.7644210171,1,0
0,0,-0.1708867207,-0.9444461903,2,0
0,0,-0.3702296811,-1.993429603,2,0
0,0,-0.7154429561,-3.45213275,2,0
0,0,-1.208989583,-4.935466264,0,-1
1,1,-1.808142073,-5.991524905
0,0,0,0,2,0
0,0,-0.0893823286,-0.893823286,0,0
0,0,-0.09156383031,-0.02181501702,0,0
0,0,-0.00519647668,0.8636735362,1,0
0,0,0.06381706504,0.6901354172,0,0
0,0,0.2312183311,1.67401266,0,0
0,0,0.5306757938,2.994574627,2,0
0,0,0.8348186439,3.041428501,2,0
0,0,1.191602602,3.56783958,1,-1
1,1,1.680535466,4.889328638
0,0,0,0,2,0
0,0,-0.07693417232,-0.7693417232,2,0
0,0,-0.2605938378,-1.836596655,0,0
0,0,-0.4057413799,-1.451475421,2,0
0,0,-0.6990584612,-2.933170813,0,0
0,0,-1.020601367,-3.215429062,0,0
0,0,-1.419861457,-3.992600898,0,-1
1,1,-1.949603798,-5.297423407
0,0,0,0,0,0
0,0,0.07274177738,0.7274177738,1,0
0,0,0.1620394804,0.8929770306,0,0
0,0,0.3557933613,1.937538809,0,0
0,0,0.6763205222,3.205271609,0,0
0,0,1.160282775,4.839622531,1,-1
1,1,1.768174215,6.078914402
0,0,0,0,2,0
0,0,-0.07394856317,-0.7394856317,2,0
0,0,-0.232936885,-1.589883218,2,0
0,0,-0.525629814,-2.92692929,1,0
0,0,-0.9000435638,-3.744137498,2,0
0,0,-1.433254145,-5.332105815,1,-1
1,1,-2.108331123,-6.750769778
0,0,0,0,2,0
0,0,-0.09490454252,-0.9490454252,1,0
0,0,-0.2021717174,-1.072671749,0,0
0,0,-0.2692182685,-0.6704655103,0,0
0,0,-0.3066154038,-0.3739713537,2,0
0,0,-0.4874580912,-1.808426874,0,0
0,0,-0.6824802333,-1.950221421,0,0
0,0,-0.9164860968,-2.340058634,2,0
0,0,-1.324843208,-4.08357111,0,-1
1,1,-1.853252823,-5.284096148
0,0,0,0,2,0
0,0,-0.1040178634,-1.040178634,1,0
0,0,-0.2251950492,-1.211771858,1,0
0,0,-0.384777608,-1.595825588,0,0
0,0,-0.5396280138,-1.548504058,0,0
0,0,-0.7130930253,-1.734650115,2,0
0,0,-1.052512204,-3.394191785,2,0
0,0,-1.555165703,-5.026534991,1,-1
1,1,-2.204321096,-6.491553929
0,0,0,0,2,0
0,0,-0.09487339696,-0.9487339696,1,0
0,0,-0.2183428009,-1.234694039,2,0
0,0,-0.4764600202,-2.581172193,1,0
0,0,-0.7941093629,-3.176493427,1,0
0,0,-1.21955604,-4.254466773,1,-1
1,1,-1.775166996,-5.55610956
0,0,0,0,1,0
0,0,-0.00440652379,-0.0440652379,1,0
0,0,-0.005057332957,-0.00650809167,0,0
0,0,0.08184305219,0.8690038515,2,0
0,0,0.09345256026,0.1160950807,1,0
0,0,0.1139093543,0.2045679408,1,0
0,0,0.1675207587,0.5361140435,0,0
0,0,0.342756226,1.752354673,1,0
0,0,0.5649760836,2.222198576,1,0
0,0,0.8682691887,3.032931051,1,0
0,0,1.289243341,4.209741528,2,-1
1,1,1.825444697,5.362013553
0,0,0,0,1,0
0,0,0.01402793423,0.1402793423,0,0
0,0,0.11732381,1.032958758,0,0
0,0,0.3155917717,1.982679617,2,0
0,0,0.4678520742,1.522603025,2,0
0,0,0.6108558603,1.430037861,2,0
0,0,0.7892692746,1.784134142,2,0
0,0,1.031145951,2.418766762,2,0
0,0,1.368130211,3.3698426,2,-1
1,1,1.834085463,4.659552524
0,0,0,0,0,0
0,0,0.09044200904,0.9044200904,0,0
0,0,0.2712345208,1.807925118,2,0
0,0,0.4093729702,1.381384493,1,0
0,0,0.612014371,2.026414008,0,0
0,0,0.9715450914,3.595307204,1,0
0,0,1.448277564,4.767324727,0,-1
1,1,2.077483284,6.292057203
0,0,0,0,1,0
0,0,-0.00105575838,-0.0105575838,0,0
0,0,0.0833263032,0.8438206158,0,0
0,0,0.2835303603,2.002040571,0,0
0,0,0.6071115969,3.235812366,2,0
0,0,0.9372356947,3.301240978,1,0
0,0,1.389344475,4.521087801,0,-1
1,1,1.996945445,6.076009698
0,0,0,0,2,0
0,0,-0.0834184562,-0.834184562,2,0
0,0,-0.2734406629,-1.900222067,2,0
0,0,-0.5889621093,-3.155214464,0,0
0,0,-0.9208687987,-3.319066894,1,0
0,0,-1.377583027,-4.567142288,2,-1
1,1,-1.98843612,-6.108530926
0,0,0,0,1,0
0,0,-0.00131520348,-0.0131520348,1,0
0,0,0.001371534451,0.02686737931,2,0
0,0,-0.06699960018,-0.6837113463,1,0
0,0,-0.1517532333,-0.8475363317,0,0
0,0,-0.1890165091,-0.3726327571,1,0
0,0,-0.2656649846,-0.7664847552,1,0
0,0,-0.4019232154,-1.362582308,0,0
0,0,-0.5341039296,-1.321807142,0,0
0,0,-0.6659366059,-1.318326763,1,0
0,0,-0.9005823617,-2.346457558,2,0
0,0,-1.308544496,-4.079621339,0,-1
1,1,-1.830838528,-5.222940324
0,0,0,0,0,0
0,0,0.08824039391,0.8824039391,2,0
0,0,0.08702972315,-0.01210670753,1,0
0,0,0.08765011967,0.006203965178,2,0
0,0,0.03235165253,-0.5529846714,1,0
0,0,-0.03022044119,-0.6257209372,1,0
0,0,-0.1091693279,-0.7894888672,2,0
0,0,-0.3095596263,-2.003902984,2,0
0,0,-0.6466217062,-3.370620799,0,0
0,0,-1.016744835,-3.701231285,0,0
0,0,-1.469252414,-4.525075798,1,-1
1,1,-2.063870996,-5.946185813
0,0,0,0,1,0
0,0,0.01407442868,0.1407442868,0,0
0,0,0.1117921165,0.9771768777,0,0
0,0,0.3115667985,1.997746821,2,0
0,0,0.4684677728,1.569009743,2,0
0,0,0.6143849453,1.459171726,2,0
0,0,0.7810374605,1.666525151,2,0
0,0,0.9983828574,2.173453969,1,0
0,0,1.340505495,3.421226373,1,-1
1,1,1.826169584,4.856640889
0,0,0,0,1,0
0,0,-0.01418997976,-0.1418997976,0,0
0,0,0.06141080521,0.7560078497,2,0
0,0,0.04854997775,-0.1286082746,2,0
0,0,-0.03436666388,-0.8291664163,2,0
0,0,-0.2066897388,-1.723230749,2,0
0,0,-0.4931636075,-2.864738687,1,0
0,0,-0.8613003198,-3.681367123,1,0
0,0,-1.340641221,-4.793409008,2,-1
1,1,-1.973195203,-6.325539823
0,0,0,0,1,0
0,0,0.01523984538,0.1523984538,2,0
0,0,-0.06770564501,-0.8294549039,2,0
0,0,-0.2653000164,-1.975943714,1,0
0,0,-0.4928975206,-2.275975043,1,0
0,0,-0.787114432,-2.942169113,2,0
0,0,-1.250114462,-4.630000297,2,-1
1,1,-1.865514729,-6.15400267
0,0,0,0,2,0
0,0,-0.09554011355,-0.9554011355,0,0
0,0,-0.1057617593,-0.1022164571,0,0
0,0,-0.04209241209,0.6366934716,1,0
0,0,0.01159022739,0.5368263948,1,0
0,0,0.07364249608,0.6205226868,1,0
0,0,0.1320500482,0.5840755208,0,0
0,0,0.3007713725,1.687213244,2,0
0,0,0.4320665765,1.31295204,1,0
0,0,0.6444101279,2.123435515,1,0
0,0,0.960980528,3.165704001,2,0
0,0,1.350268448,3.892879202,1,-1
1,1,1.877005372,5.267369236
0,0,0,0,1,0
0,0,-0.0004920583131,-0.004920583131,1,0
0,0,0.01392125523,0.1441331355,1,0
0,0,0.03764229395,0.2372103872,2,0
0,0,-0.008734897895,-0.4637719184,0,0
0,0,0.024074766,0.328096639,0,0
0,0,0.1400513478,1.159765818,1,0
0,0,0.27522862,1.351772722,1,0
0,0,0.4637412123,1.885125923,2,0
0,0,0.6464529125,1.827117002,2,0
0,0,0.8636760518,2.172231393,0,0
0,0,1.249691021,3.860149687,2,-1
1,1,1.746554262,4.968632418
0,0,0,0,0,0
0,0,0.08018491819,0.8018491819,0,0
0,0,0.267783926,1.875990078,0,0
0,0,0.5954328755,3.276489495,1,0
0,0,1.009449856,4.140169805,1,0
0,0,1.547419252,5.379693959,1,-1
1,1,2.231315619,6.83896367
0,0,0,0,0,0
0,0,0.07338501823,0.7338501823,2,0
0,0,0.05890597625,-0.1447904198,1,0
0,0,0.03832327846,-0.2058269779,1,0
0,0,0.02036185118,-0.1796142728,0,0
0,0,0.08016126522,0.5979941403,0,0
0,0,0.2471071606,1.669458953,2,0
0,0,0.3791237652,1.320166046,2,0
0,0,0.4933234227,1.141996576,1,0
0,0,0.6752777001,1.819542774,0,0
0,0,1.023765629,3.484879291,1,0
0,0,1.491609566,4.678439372,0,-1
1,1,2.109863957,6.18254391
0,0,0,0,2,0
0,0,-0.08900583251,-0.8900583251,1,0
0,0,-0.1829098345,-0.9390400196,2,0
0,0,-0.3827591665,-1.998493321,2,0
0,0,-0.7169875779,-3.342284114,1,0
0,0,-1.15196107,-4.349734917,1,-1
1,1,-1.719875463,-5.679143935
0,0,0,0,0,0
0,0,0.09998321329,0.9998321329,0,0
0,0,0.3143852375,2.144020242,0,0
0,0,0.6664921379,3.521069004,1,0
0,0,1.113291867,4.467997288,0,-1
1,1,1.71251807,5.99226203
0,0,0,0,2,0
0,0,-0.1028225995,-1.028225995,0,0
0,0,-0.1511423636,-0.4831976408,2,0
0,0,-0.3275632314,-1.764208678,1,0
0,0,-0.5577116442,-2.301484127,2,0
0,0,-0.9347322599,-3.770206157,1,0
0,0,-1.430769502,-4.96037242,0,-1
1,1,-2.057358227,-6.265887251
0,0,0,0,2,0
0,0,-0.07073725119,-0.7073725119,1,0
0,0,-0.1507071809,-0.799699297,1,0
0,0,-0.2697721179,-1.19064937,2,0
0,0,-0.5187692923,-2.489971744,2,0
0,0,-0.9325568262,-4.137875339,1,0
0,0,-1.453915276,-5.213584499,2,-1
1,1,-2.126199026,-6.722837499
0,0,0,0,2,0
0,0,-0.08503345865,-0.8503345865,0,0
0,0,-0.09785530546,-0.1282184682,2,0
0,0,-0.2280609848,-1.302056793,2,0
0,0,-0.4667902287,-2.387292439,2,0
0,0,-0.8534875058,-3.866972771,1,0
0,0,-1.348184458,-4.946969522,0,-1
1,1,-1.965014543,-6.168300853
0,0,0,0,2,0
0,0,-0.07138722722,-0.7138722722,1,0
0,0,-0.1407486314,-0.6936140422,2,0
0,0,-0.3234544005,-1.82705769,2,0
0,0,-0.6510415706,-3.275871701,1,0
0,0,-1.060246652,-4.09205081,0,0
0,0,-1.556193982,-4.959473309,1,-1
1,1,-2.198423712,-6.422297297
0,0,0,0,2,0
0,0,-0.1044496157,-1.044496157,0,0
0,0,-0.1452999709,-0.408503552,1,0
0,0,-0.2071817683,-0.6188179735,0,0
0,0,-0.2270695144,-0.1988774612,0,0
0,0,-0.209811505,0.1725800941,2,0
0,0,-0.3061002992,-0.9628879421,0,0
0,0,-0.3744261032,-0.6832580401,2,0
0,0,-0.5918359485,-2.174098453,0,0
0,0,-0.8334712567,-2.416353082,0,0
0,0,-1.136016177,-3.025449201,0,0
0,0,-1.53677922,-4.007630427,1,-1
1,1,-2.083520052,-5.467408327
0,0,0,0,1,0
0,0,-0.00476659443,-0.0476659443,1,0
0,0,-0.01055291981,-0.05786325376,1,0
0,0,-0.02727413971,-0.167212199,1,0
0,0,-0.04045434599,-0.1318020628,0,0
0,0,0.04511478228,0.8556912827,0,0
0,0,0.2333022492,1.881874669,0,0
0,0,0.5388848259,3.055825767,2,0
0,0,0.8563175335,3.174327076,0,0
0,0,1.340176217,4.838586833,0,-1
1,1,1.978435142,6.382589255
0,0,0,0,0,0
0,0,0.1002892766,1.002892766,1,0
0,0,0.2040173717,1.037280951,0,0
0,0,0.4408151209,2.367977492,2,0
0,0,0.6546846431,2.138695222,1,0
0,0,0.9613441615,3.066595184,2,0
0,0,1.345894169,3.845500071,1,-1
1,1,1.873240637,5.273464688
0,0,0,0,1,0
0,0,0.01212829807,0.1212829807,0,0
0,0,0.1032426495,0.9111435147,0,0
0,0,0.3079768397,2.047341902,2,0
0,0,0.4712682772,1.632914375,1,0
0,0,0.7087522524,2.374839752,2,0
0,0,0.9927488943,2.839966419,0,0
0,0,1.438686389,4.459374945,2,-1
1,1,2.018033185,5.793467964
0,0,0,0,1,0
0,0,-0.01149251477,-0.1149251477,1,0
0,0,-0.03617908199,-0.2468656723,2,0
0,0,-0.1544832808,-1.183041988,2,0
0,0,-0.4024043444,-2.479210636,1,0
0,0,-0.7257407112,-3.233363668,1,0
0,0,-1.154094144,-4.283534328,0,-1
1,1,-1.678016306,-5.239221619
0,0,0,0,2,0
0,0,-0.09139516236,-0.9139516236,2,0
0,0,-0.279725279,-1.883301166,2,0
0,0,-0.6101797765,-3.304544976,2,0
0,0,-1.10199397,-4.918141935,2,-1
1,1,-1.748678782,-6.466848122
0,0,0,0,1,0
0,0,0.003845273404,0.03845273404,2,0
0,0,-0.07076064831,-0.7460592171,2,0
0,0,-0.2422297952,-1.714691469,1,0
0,0,-0.4503325171,-2.081027219,1,0
0,0,-0.7435038908,-2.931713736,2,0
0,0,-1.187395102,-4.43891211,0,-1
1,1,-1.73037866,-5.429835587
0,0,0,0,2,0
0,0,-0.09240936246,-0.9240936246,0,0
0,0,-0.1109362189,-0.1852685642,1,0
0,0,-0.1394102011,-0.2847398223,2,0
0,0,-0.2634038393,-1.239936382,0,0
0,0,-0.3360856648,-0.7268182547,1,0
0,0,-0.4650572972,-1.289716324,1,0
0,0,-0.6699140841,-2.04856787,1,0
0,0,-0.968247314,-2.983332299,1,0
0,0,-1.389673634,-4.214263197,0,-1
1,1,-1.940388697,-5.507150633
0,0,0,0,2,0
0,0,-0.1036089992,-1.036089992,1,0
0,0,-0.2273971301,-1.237881309,2,0
0,0,-0.4787849436,-2.513878134,1,0
0,0,-0.8089991922,-3.302142487,0,0
0,0,-1.195100934,-3.861017417,0,-1
1,1,-1.684094727,-4.889937926
0,0,0,0,2,0
0,0,-0.08118460594,-0.8118460594,0,0
0,0,-0.09879243826,-0.1760783232,0,0
0,0,-0.03299560499,0.6579683327,1,0
0,0,0.03655835978,0.6955396478,1,0
0,0,0.09785696121,0.6129860142,0,0
0,0,0.2748564044,1.769994432,0,0
0,0,0.5768350747,3.019786703,1,0
0,0,0.9507294449,3.738943702,2,0
0,0,1.398251253,4.475218081,0,-1
1,1,1.99795153,5.997002767
0,0,0,0,2,0
0,0,-0.07499855922,-0.7499855922,2,0
0,0,-0.263753272,-1.887547127,2,0
0,0,-0.5778810005,-3.141277285,2,0
0,0,-1.058380264,-4.80499264,2,-1
1,1,-1.700375482,-6.419952171
0,0,0,0,2,0
0,0,-0.08880729038,-0.8880729038,0,0
0,0,-0.104656466,-0.1584917565,0,0
0,0,-0.044371808,0.6028465803,2,0
0,0,-0.07682593979,-0.3245413179,1,0
0,0,-0.1226764792,-0.4585053938,1,0
0,0,-0.1746023958,-0.5192591663,0,0
0,0,-0.1690571497,0.05545246072,0,0
0,0,-0.1182652402,0.5079190948,2,0
0,0,-0.1639507683,-0.4568552806,1,0
0,0,-0.2438160934,-0.798653251,1,0
0,0,-0.3479955984,-1.04179505,2,0
0,0,-0.5994767244,-2.51481126,2,0
0,0,-1.020904119,-4.214273947,1,0
0,0,-1.559671599,-5.387674803,2,-1
1,1,-2.245904589,-6.862329896
0,0,0,0,2,0
0,0,-0.09672905619,-0.9672905619,0,0
0,0,-0.1120998422,-0.1537078604,0,0
0,0,-0.06262142805,0.4947841418,2,0
0,0,-0.1231881978,-0.6056676973,1,0
0,0,-0.1976008521,-0.7441265431,0,0
0,0,-0.2028919139,-0.0529106179,1,0
0,0,-0.2318236214,-0.2893170758,1,0
0,0,-0.3039900653,-0.7216644381,2,0
0,0,-0.5168938969,-2.129038317,2,0
0,0,-0.8718963689,-3.55002472,1,0
0,0,-1.336699716,-4.648033475,1,-1
1,1,-1.941715164,-6.050154471
0,0,0,0,1,0
0,0,-0.01546401936,-0.1546401936,0,0
0,0,0.07225012941,0.8771414876,1,0
0,0,0.1611775476,0.8892741815,0,0
0,0,0.3661352836,2.049577361,2,0
0,0,0.5523441126,1.86208829,2,0
0,0,0.7525900039,2.002458913,2,0
0,0,0.9886145573,2.360245534,1,0
0,0,1.345411657,3.567970998,2,-1
1,1,1.824505669,4.790940119
