2,1,1
0,0,0,0,1,0
0,0,0.01464648694,0.1464648694,2,0
0,0,-0.0440412605,-0.5868774744,1,0
0,0,-0.1225740394,-0.7853277886,0,0
0,0,-0.1240274169,-0.014533775,1,0
0,0,-0.1412797198,-0.1725230297,1,0
0,0,-0.191358813,-0.5007909316,0,0
0,0,-0.1993125243,-0.07953711339,1,0
0,0,-0.2554717276,-0.5615920322,2,0
0,0,-0.4300158561,-1.745441285,0,0
0,0,-0.6039248492,-1.739089931,2,0
0,0,-0.9446273577,-3.407025085,1,0
0,0,-1.402972711,-4.583453535,0,-1
1,1,-1.988833229,-5.858605175
0,0,0,0,1,0
0,0,-0.005380798292,-0.05380798292,2,0
0,0,-0.09719170543,-0.9181090714,2,0
0,0,-0.2805721014,-1.83380396,0,0
0,0,-0.4178114523,-1.372393509,2,0
0,0,-0.7069730968,-2.891616445,1,0
0,0,-1.095450516,-3.884774196,1,-1
1,1,-1.613501831,-5.180513145
0,0,0,0,2,0
0,0,-0.07696069617,-0.7696069617,0,0
0,0,-0.0651108158,0.1184988036,0,0
0,0,0.03880471321,1.03915529,2,0
0,0,0.07585765116,0.3705293795,2,0
0,0,0.02056963785,-0.552880133,1,0
0,0,-0.04153421598,-0.6210385383,2,0
0,0,-0.2115090818,-1.699748658,0,0
0,0,-0.3257997588,-1.14290677,0,0
0,0,-0.4083473657,-0.8254760692,0,0
0,0,-0.4744649509,-0.6611758515,1,0
0,0,-0.6141535684,-1.396886175,2,0
0,0,-0.913655687,-2.995021187,2,0
0,0,-1.384622977,-4.709672897,2,-1
1,1,-2.006447568,-6.218245917
0,0,0,0,2,0
0,0,-0.1002443522,-1.002443522,1,0
0,0,-0.2018190026,-1.015746504,0,0
0,0,-0.2609204811,-0.5910147848,2,0
0,0,-0.4346904018,-1.737699207,0,0
0,0,-0.5847756214,-1.500852196,0,0
0,0,-0.7590984872,-1.743228658,1,0
0,0,-1.030458089,-2.713596016,0,0
0,0,-1.395458662,-3.650005732,1,-1
1,1,-1.901665678,-5.062070164
0,0,0,0,2,0
0,0,-0.08397981092,-0.8397981092,2,0
0,0,-0.2547526637,-1.707728528,1,0
0,0,-0.4584905091,-2.037378453,1,0
0,0,-0.7353867741,-2.76896265,2,0
0,0,-1.168850077,-4.334633026,1,-1
1,1,-1.72935316,-5.605030834
0,0,0,0,2,0
0,0,-0.08553003751,-0.8553003751,2,0
0,0,-0.2607521069,-1.752220694,2,0
0,0,-0.5654392301,-3.046871232,0,0
0,0,-0.8742627483,-3.088235182,1,0
0,0,-1.297267136,-4.230043874,2,-1
1,1,-1.880530324,-5.832631886
0,0,0,0,0,0
0,0,0.09591407582,0.9591407582,2,0
0,0,0.1313456344,0.3543155858,1,0
0,0,0.1738016759,0.4245604148,1,0
0,0,0.2337794786,0.5997780276,1,0
0,0,0.3255659801,0.9178650149,0,0
0,0,0.567893564,2.423275839,0,0
0,0,0.9565228862,3.886293222,0,0
0,0,1.513237496,5.567146098,2,-1
1,1,2.210211972,6.969744763
0,0,0,0,0,0
0,0,0.08594273595,0.8594273595,0,0
0,0,0.2731950726,1.872523367,0,0
0,0,0.5847339196,3.11538847,1,0
0,0,0.9894345547,4.047006351,2,0
0,0,1.461174088,4.717395335,2,-1
1,1,2.068269204,6.070951162
0,0,0,0,1,0
0,0,-0.001515185673,-0.01515185673,0,0
0,0,0.09847478434,0.9998997002,0,0
0,0,0.3200068534,2.215320691,2,0
0,0,0.5046128958,1.846060423,2,0
0,0,0.6882229417,1.83610046,1,0
0,0,0.9739601428,2.85737201,0,0
0,0,1.419357278,4.453971352,1,-1
1,1,2.007936079,5.885788009
0,0,0,0,1,0
0,0,-0.002365659351,-0.02365659351,1,0
0,0,-0.01699776569,-0.1463210634,0,0
0,0,0.06372165937,0.8071942506,1,0
0,0,0.1547275795,0.9100592013,0,0
0,0,0.3557944101,2.010668306,1,0
0,0,0.6275923291,2.717979191,2,0
0,0,0.9226185382,2.950262091,0,0
0,0,1.38987393,4.672553923,0,-1
1,1,2.011160667,6.212867361
0,0,0,0,0,0
0,0,0.0754285772,0.754285772,1,0
0,0,0.1566310551,0.812024779,0,0
0,0,0.3520099347,1.953788796,2,0
0,0,0.5253577179,1.733477833,1,0
0,0,0.7731012503,2.477435324,0,0
0,0,1.181770858,4.086696077,1,-1
1,1,1.717524662,5.35753804
0,0,0,0,1,0
0,0,0.002139661617,0.02139661617,1,0
0,0,0.006145251754,0.04005590137,1,0
0,0,-0.001909211445,-0.08054463198,2,0
0,0,-0.1134507436,-1.115415322,2,0
0,0,-0.3206201629,-2.071694192,0,0
0,0,-0.4835984376,-1.629782748,0,0
0,0,-0.6570088337,-1.734103961,2,0
0,0,-1.003783045,-3.467742116,0,0
0,0,-1.43171097,-4.27927925,0,-1
1,1,-1.991852671,-5.601417005
0,0,0,0,0,0
0,0,0.08263878031,0.8263878031,0,0
0,0,0.2715472532,1.889084729,2,0
0,0,0.4145028326,1.429555794,0,0
0,0,0.6955889407,2.810861081,2,0
0,0,1.002630746,3.070418049,2,0
0,0,1.386716413,3.840856677,0,-1
1,1,1.925773292,5.390568784
0,0,0,0,2,0
0,0,-0.0800244188,-0.800244188,2,0
0,0,-0.253714536,-1.736901172,2,0
0,0,-0.5682545372,-3.145400012,2,0
0,0,-1.031466221,-4.632116842,1,-1
1,1,-1.617803864,-5.863376427
0,0,0,0,2,0
0,0,-0.09858203596,-0.9858203596,0,0
0,0,-0.1237250527,-0.2514301669,1,0
0,0,-0.1804394588,-0.5671440613,1,0
0,0,-0.2850055865,-1.045661277,0,0
0,0,-0.3693129591,-0.8430737267,2,0
0,0,-0.5907216989,-2.214087398,0,0
0,0,-0.8258580118,-2.351363129,0,0
0,0,-1.108790705,-2.829326927,1,0
0,0,-1.522264058,-4.134733536,0,-1
1,1,-2.077607025,-5.553429665
0,0,0,0,2,0
0,0,-0.07869920675,-0.7869920675,2,0
0,0,-0.2692553417,-1.90556135,1,0
0,0,-0.4946104311,-2.253550894,2,0
0,0,-0.8594588839,-3.648484528,2,0
0,0,-1.376150068,-5.166911837,2,-1
1,1,-2.046016459,-6.698663919
0,0,0,0,0,0
0,0,0.08447993065,0.8447993065,2,0
0,0,0.1086256628,0.2414573216,2,0
0,0,0.0784675832,-0.301580796,0,0
0,0,0.1422791504,0.6381156722,0,0
0,0,0.3325298715,1.902507211,0,0
0,0,0.6430564762,3.105266047,0,0
0,0,1.101568926,4.585124496,0,-1
1,1,1.720036687,6.184677607
0,0,0,0,1,0
0,0,0.008084480509,0.08084480509,1,0
0,0,0.01643904161,0.08354561105,0,0
0,0,0.1272924229,1.108533813,1,0
0,0,0.2758207927,1.485283698,1,0
0,0,0.4659769957,1.90156203,1,0
0,0,0.7366909809,2.707139852,1,0
0,0,1.10182821,3.651372294,0,-1
1,1,1.626164195,5.243359845
0,0,0,0,2,0
0,0,-0.0902037813,-0.902037813,1,0
0,0,-0.1947779177,-1.045741364,0,0
0,0,-0.2538666898,-0.5908877207,2,0
0,0,-0.4518121741,-1.979454843,1,0
0,0,-0.7267139693,-2.749017952,0,0
0,0,-1.052569587,-3.258556172,0,0
0,0,-1.460929132,-4.08359545,0,-1
1,1,-2.005791369,-5.448622371
0,0,0,0,2,0
0,0,-0.07755393318,-0.7755393318,0,0
0,0,-0.09712933249,-0.1957539932,0,0
0,0,-0.04748982286,0.4963950963,2,0
0,0,-0.10809548,-0.606056571,0,0
0,0,-0.1120831001,-0.03987620105,1,0
0,0,-0.1243091241,-0.1222602403,2,0
0,0,-0.234186249,-1.098771249,2,0
0,0,-0.4667942767,-2.326080276,0,0
0,0,-0.6991666827,-2.32372406,0,0
0,0,-0.9734424401,-2.742757574,1,0
0,0,-1.367051234,-3.936087935,1,-1
1,1,-1.9038856,-5.368343661
0,0,0,0,0,0
0,0,0.07581366306,0.7581366306,2,0
0,0,0.08884047438,0.1302681131,2,0
0,0,0.01430533516,-0.7453513922,0,0
0,0,0.02557734824,0.1127201308,0,0
0,0,0.1328339392,1.07256591,1,0
0,0,0.2735780787,1.407441396,1,0
0,0,0.4430351334,1.694570547,1,0
0,0,0.6794997464,2.36464613,1,0
0,0,1.012211952,3.327122057,1,0
0,0,1.472779169,4.605672165,2,-1
1,1,2.068852905,5.960737359
0,0,0,0,0,0
0,0,0.07255480717,0.7255480717,0,0
0,0,0.2365696331,1.640148259,2,0
0,0,0.3663951588,1.298255257,1,0
0,0,0.5693728095,2.029776507,0,0
0,0,0.9411006267,3.717278172,0,0
0,0,1.466677236,5.255766092,1,-1
1,1,2.133647734,6.669704985
0,0,0,0,1,0
0,0,0.0168745903,0.168745903,0,0
0,0,0.1425205971,1.256460068,1,0
0,0,0.3056600987,1.631395015,0,0
0,0,0.5998881503,2.942280516,1,0
0,0,0.9777106542,3.778225039,0,0
0,0,1.50934931,5.316386555,0,-1
1,1,2.190066723,6.807174131
0,0,0,0,0,0
0,0,0.08340233047,0.8340233047,0,0
0,0,0.2680692222,1.846668917,2,0
0,0,0.4202847352,1.52215513,1,0
0,0,0.6462498549,2.259651196,2,0
0,0,0.9003578478,2.54107993,2,0
0,0,1.221960476,3.216026284,1,-1
1,1,1.676192536,4.542320597
0,0,0,0,2,0
0,0,-0.08372073007,-0.8372073007,0,0
0,0,-0.07945575143,0.04264978644,2,0
0,0,-0.1660130815,-0.8655733004,0,0
0,0,-0.1909042027,-0.2489112124,0,0
0,0,-0.1665376166,0.2436658611,1,0
0,0,-0.1852972254,-0.1875960882,1,0
0,0,-0.24991708,-0.6461985458,0,0
0,0,-0.2751796419,-0.252625619,0,0
0,0,-0.2493587415,0.2582090041,2,0
0,0,-0.3482588901,-0.989001486,2,0
0,0,-0.5802260857,-2.319671956,1,0
0,0,-0.90976069,-3.295346043,2,0
0,0,-1.402221509,-4.924608187,0,-1
1,1,-2.022827071,-6.206055624
0,0,0,0,2,0
0,0,-0.08110220695,-0.8110220695,0,0
0,0,-0.08543858378,-0.04336376835,1,0
0,0,-0.09510013053,-0.09661546749,0,0
0,0,-0.03601694957,0.5908318095,2,0
0,0,-0.08352652605,-0.4750957647,0,0
0,0,-0.05242458773,0.3110193831,0,0
0,0,0.05441309658,1.068376843,2,0
0,0,0.09670926561,0.4229616903,1,0
0,0,0.1727319488,0.7602268321,1,0
0,0,0.2819404104,1.092084615,0,0
0,0,0.5103719906,2.284315803,0,0
0,0,0.8828602067,3.72488216,1,0
0,0,1.364867429,4.820072219,1,-1
1,1,1.982006699,6.171392702
0,0,0,0,0,0
0,0,0.08173710269,0.8173710269,1,0
0,0,0.1620006361,0.8026353341,2,0
0,0,0.1999757573,0.3797512124,1,0
0,0,0.2742935319,0.7431777458,0,0
0,0,0.4831847913,2.088912593,0,0
0,0,0.8440925148,3.609077236,0,0
0,0,1.358213625,5.1412111,1,-1
1,1,2.006472079,6.482584545
0,0,0,0,0,0
0,0,0.07364908683,0.7364908683,0,0
0,0,0.25382438,1.801752932,2,0
0,0,0.4028545801,1.490302001,2,0
0,0,0.5464179213,1.435633411,0,0
0,0,0.8385148681,2.920969468,0,0
0,0,1.287948469,4.494336008,2,-1
1,1,1.853705794,5.657573249
0,0,0,0,0,0
0,0,0.08883063017,0.8883063017,2,0
0,0,0.1201655444,0.3133491426,0,0
0,0,0.2490743582,1.289088137,1,0
0,0,0.4201461807,1.710718225,0,0
0,0,0.7304485477,3.10302367,0,0
0,0,1.192879617,4.624310691,0,-1
1,1,1.814451536,6.215719197
0,0,0,0,1,0
0,0,-0.001600659611,-0.01600659611,2,0
0,0,-0.0771650306,-0.7556437099,0,0
0,0,-0.06462208402,0.1254294659,2,0
0,0,-0.1358080191,-0.7118593507,1,0
0,0,-0.2406254754,-1.048174563,1,0
0,0,-0.3921262751,-1.515007997,2,0
0,0,-0.6992520326,-3.071257575,1,0
0,0,-1.096633286,-3.973812529,1,-1
1,1,-1.612883979,-5.162506935
0,0,0,0,0,0
0,0,0.1020929275,1.020929275,2,0
0,0,0.150175468,0.4808254049,2,0
0,0,0.1226901767,-0.2748529132,1,0
0,0,0.1045776372,-0.1811253952,2,0
0,0,0.01827837188,-0.862992653,0,0
0,0,0.03026716139,0.1198878951,0,0
0,0,0.1360174553,1.057502939,2,0
0,0,0.183924308,0.4790685274,1,0
0,0,0.275856443,0.9193213503,2,0
0,0,0.3348671983,0.5901075527,1,0
0,0,0.4469996229,1.121324246,0,0
0,0,0.7116175975,2.646179745,2,0
0,0,1.011278419,2.996608219,2,0
0,0,1.388400712,3.771222929,1,-1
1,1,1.906142561,5.177418482
0,0,0,0,0,0
0,0,0.07495245333,0.7495245333,2,0
0,0,0.08069825341,0.05745800076,2,0
0,0,0.02469457645,-0.5600367696,2,0
0,0,-0.1131358172,-1.378303937,0,0
0,0,-0.1895387882,-0.7640297095,0,0
0,0,-0.2077477799,-0.182089917,2,0
0,0,-0.3417211481,-1.339733682,2,0
0,0,-0.6170380703,-2.753169222,0,0
0,0,-0.9225608102,-3.055227399,2,0
0,0,-1.390392441,-4.678316304,1,-1
1,1,-1.996640643,-6.062482026
0,0,0,0,2,0
0,0,-0.07486619028,-0.7486619028,1,0
0,0,-0.1745909681,-0.997247778,2,0
0,0,-0.3778790852,-2.032881171,0,0
0,0,-0.5766416416,-1.987625564,1,0
0,0,-0.8725212781,-2.958796365,1,0
0,0,-1.27140071,-3.988794317,0,-1
1,1,-1.782024815,-5.106241051
0,0,0,0,1,0
0,0,-0.01598195714,-0.1598195714,2,0
0,0,-0.1396049416,-1.236229845,1,0
0,0,-0.2815851512,-1.419802096,1,0
0,0,-0.4846111734,-2.030260222,2,0
0,0,-0.8286667323,-3.440555589,1,0
0,0,-1.271288594,-4.426218616,0,-1
1,1,-1.8258455,-5.545569066
0,0,0,0,1,0
0,0,-0.01117722299,-0.1117722299,1,0
0,0,-0.02395088513,-0.1277366213,2,0
0,0,-0.1324333389,-1.084824538,2,0
0,0,-0.3360241652,-2.035908263,0,0
0,0,-0.5206676432,-1.84643478,0,0
0,0,-0.7179370713,-1.972694281,1,0
0,0,-1.020870423,-3.029333514,0,0
0,0,-1.412684764,-3.918143414,0,-1
1,1,-1.934946226,-5.222614619
0,0,0,0,2,0
0,0,-0.07070852561,-0.7070852561,1,0
0,0,-0.1624752272,-0.9176670156,0,0
0,0,-0.2095416559,-0.4706642877,0,0
0,0,-0.2063276719,0.03213984045,0,0
0,0,-0.1598789865,0.4644868538,0,0
0,0,-0.03850127479,1.213777117,1,0
0,0,0.06663911646,1.051403912,2,0
0,0,0.08989588414,0.2325676768,1,0
0,0,0.1141198078,0.2422392369,0,0
0,0,0.2360879293,1.219681214,1,0
0,0,0.3907815641,1.546936349,1,0
0,0,0.6070389087,2.162573445,0,0
0,0,0.9947217725,3.876828639,2,0
0,0,1.45532109,4.605993172,1,-1
1,1,2.057979656,6.026585667
0,0,0,0,0,0
0,0,0.07614968445,0.7614968445,2,0
0,0,0.06723939521,-0.08910289235,0,0
0,0,0.1675550705,1.003156753,2,0
0,0,0.1939618816,0.2640681108,2,0
0,0,0.1617073533,-0.3225452829,2,0
0,0,0.05772441869,-1.039829346,1,0
0,0,-0.03925917567,-0.9698359436,1,0
0,0,-0.1455435002,-1.062843245,1,0
0,0,-0.2825381566,-1.369946564,2,0
0,0,-0.5612528635,-2.787147069,2,0
0,0,-0.9867074283,-4.254545649,0,0
0,0,-1.478891764,-4.921843357,0,-1
1,1,-2.1067394,-6.278476364
0,0,0,0,2,0
0,0,-0.09614978466,-0.9614978466,0,0
0,0,-0.1095258417,-0.1337605704,0,0
0,0,-0.05984799344,0.4967784826,1,0
0,0,-0.009767595455,0.5008039799,0,0
0,0,0.1211505756,1.30918171,2,0
0,0,0.1804914081,0.5934083254,1,0
0,0,0.2681987203,0.8770731218,0,0
0,0,0.4867210328,2.185223125,2,0
0,0,0.6901019544,2.033809215,2,0
0,0,0.9186810409,2.285790866,1,0
0,0,1.262383178,3.437021369,1,-1
1,1,1.742299353,4.799161748
0,0,0,0,0,0
0,0,0.07076861296,0.7076861296,1,0
0,0,0.1512427274,0.8047411448,2,0
0,0,0.1859448884,0.3470216094,2,0
0,0,0.1726110215,-0.1333386682,2,0
0,0,0.09783960166,-0.7477141989,1,0
0,0,0.0272592392,-0.7058036246,2,0
0,0,-0.1145576634,-1.418169026,1,0
0,0,-0.2752948075,-1.607371441,1,0
0,0,-0.4751950788,-1.999002713,1,0
0,0,-0.7338272532,-2.586321744,1,0
0,0,-1.105869821,-3.720425676,2,-1
1,1,-1.635083422,-5.292136012
0,0,0,0,2,0
0,0,-0.1026810002,-1.026810002,2,0
0,0,-0.3083243299,-2.056433297,0,0
0,0,-0.4762585588,-1.679342289,0,0
0,0,-0.6302131112,-1.539545524,2,0
0,0,-0.93706394,-3.068508288,0,0
0,0,-1.319746344,-3.826824045,0,-1
1,1,-1.818880096,-4.991337518
0,0,0,0,2,0
0,0,-0.08525145546,-0.8525145546,0,0
0,0,-0.08629399378,-0.01042538321,1,0
0,0,-0.109110761,-0.2281676721,2,0
0,0,-0.2482653623,-1.391546013,2,0
0,0,-0.4985096308,-2.502442685,1,0
0,0,-0.8226198519,-3.241102212,2,0
0,0,-1.316176672,-4.935568204,0,-1
1,1,-1.925925039,-6.097483671
0,0,0,0,0,0
0,0,0.08037236308,0.8037236308,2,0
0,0,0.07216879366,-0.08203569427,2,0
0,0,0.002516730118,-0.6965206354,0,0
0,0,0.03421751308,0.3170078297,1,0
0,0,0.06179132426,0.2757381117,0,0
0,0,0.193173522,1.313821978,2,0
0,0,0.2757552384,0.8258171639,2,0
0,0,0.3275917175,0.5183647904,0,0
0,0,0.5129484751,1.853567576,1,0
0,0,0.7819015635,2.689530884,1,0
0,0,1.15083646,3.689348961,1,-1
1,1,1.64505217,4.942157103
0,0,0,0,1,0
0,0,-0.004246437204,-0.04246437204,1,0
0,0,-0.01246492947,-0.08218492266,1,0
0,0,-0.01245988222,5.047245579e-05,2,0
0,0,-0.1147275762,-1.022676939,2,0
0,0,-0.3160872653,-2.013596892,2,0
0,0,-0.6403913208,-3.243040555,0,0
0,0,-0.9961835493,-3.557922285,1,0
0,0,-1.471427407,-4.752438579,2,-1
1,1,-2.097371263,-6.259438554
0,0,0,0,2,0
0,0,-0.09509626326,-0.9509626326,0,0
0,0,-0.1127958487,-0.1769958542,0,0
0,0,-0.0621418873,0.5065396138,2,0
0,0,-0.1245501992,-0.6240831185,2,0
0,0,-0.3107723223,-1.862221231,0,0
0,0,-0.4631317573,-1.52359435,0,0
0,0,-0.6118748449,-1.487430876,0,0
0,0,-0.7954493683,-1.835745235,2,0
0,0,-1.140344112,-3.448947439,1,-1
1,1,-1.612446933,-4.721028203
0,0,0,0,0,0
0,0,0.07112749243,0.7112749243,2,0
0,0,0.06030979162,-0.1081770082,2,0
0,0,-0.02060958543,-0.8091937705,1,0
0,0,-0.1120916742,-0.9148208878,1,0
0,0,-0.2161424759,-1.040508017,0,0
0,0,-0.2822688913,-0.661264154,0,0
0,0,-0.3035299894,-0.2126109805,0,0
0,0,-0.2947065172,0.08823472188,1,0
0,0,-0.347399045,-0.5269252782,1,0
0,0,-0.4673789151,-1.199798701,1,0
0,0,-0.6565648406,-1.891859255,1,0
0,0,-0.9389141172,-2.823492767,0,0
0,0,-1.288474181,-3.495600633,0,-1
1,1,-1.756180014,-4.677058336
0,0,0,0,1,0
0,0,-0.008471412573,-0.08471412573,2,0
0,0,-0.08931531877,-0.808439062,2,0
0,0,-0.2876927458,-1.98377427,2,0
0,0,-0.6012823974,-3.135896516,1,0
0,0,-1.009729459,-4.084470613,2,-1
1,1,-1.573327151,-5.635976922
0,0,0,0,2,0
0,0,-0.08323891212,-0.8323891212,2,0
0,0,-0.2596892708,-1.764503587,1,0
0,0,-0.4622407309,-2.025514601,1,0
0,0,-0.7360183526,-2.737776218,1,0
0,0,-1.121646474,-3.856281215,2,-1
1,1,-1.666876661,-5.452301869
0,0,0,0,0,0
0,0,0.07940048404,0.7940048404,1,0
0,0,0.1803460634,1.009455793,0,0
0,0,0.4024218365,2.220757732,1,0
0,0,0.6825753117,2.801534752,2,0
0,0,1.003208151,3.20632839,1,0
0,0,1.445558646,4.423504954,0,-1
1,1,2.038898257,5.933396104
0,0,0,0,0,0
0,0,0.07731854806,0.7731854806,0,0
0,0,0.2726627294,1.953441814,2,0
0,0,0.426286328,1.536235986,2,0
0,0,0.5695913905,1.433050625,0,0
0,0,0.8795173185,3.09925928,0,0
0,0,1.348200671,4.686833526,0,-1
1,1,1.971907047,6.237063755
0,0,0,0,0,0
0,0,0.07757838086,0.7757838086,0,0
0,0,0.2454523155,1.678739346,2,0
0,0,0.3582313781,1.127790626,0,0
0,0,0.6119271785,2.536958004,1,0
0,0,0.9504289719,3.385017934,1,0
0,0,1.401996007,4.515670351,2,-1
1,1,1.980253722,5.782577151
0,0,0,0,0,0
0,0,0.08211963316,0.8211963316,1,0
0,0,0.1644724912,0.8235285804,1,0
0,0,0.2905805777,1.261080865,0,0
0,0,0.5392104171,2.486298393,0,0
0,0,0.9517763473,4.125659302,1,0
0,0,1.479512238,5.277358912,1,-1
1,1,2.149503333,6.699910943
0,0,0,0,0,0
0,0,0.0735428058,0.735428058,1,0
0,0,0.1524715257,0.7892871993,0,0
0,0,0.3527241222,2.002525965,2,0
0,0,0.5340455128,1.813213906,0,0
0,0,0.877134807,3.430892942,1,0
0,0,1.321481859,4.443470524,0,-1
1,1,1.923759449,6.022775894
0,0,0,0,0,0
0,0,0.1049871722,1.049871722,1,0
0,0,0.2333662994,1.283791272,1,0
0,0,0.3954852254,1.62118926,0,0
0,0,0.6926806185,2.971953931,0,0
0,0,1.150475073,4.577944542,1,-1
1,1,1.740011244,5.895361715
0,0,0,0,2,0
0,0,-0.07544381019,-0.7544381019,0,0
0,0,-0.09288835248,-0.1744454229,0,0
0,0,-0.03281566506,0.6007268742,0,0
0,0,0.116730563,1.495462281,1,0
0,0,0.2865137715,1.697832085,0,0
0,0,0.5809266729,2.944129014,0,0
0,0,1.033379655,4.524529821,2,0
0,0,1.56595031,5.325706552,1,-1
1,1,2.245340634,6.793903238
0,0,0,0,0,0
0,0,0.09100133332,0.9100133332,2,0
0,0,0.1250393479,0.3403801461,2,0
0,0,0.1019592256,-0.2308012236,1,0
0,0,0.0968252008,-0.05134024774,2,0
0,0,0.01189392922,-0.8493127158,0,0
0,0,0.006428776642,-0.05465152582,0,0
0,0,0.1027302702,0.9630149359,1,0
0,0,0.2226666148,1.199363446,1,0
0,0,0.3838435732,1.611769584,1,0
0,0,0.6122057631,2.283621899,2,0
0,0,0.8693724428,2.571666797,1,0
0,0,1.245080201,3.757077578,0,-1
1,1,1.779683902,5.346037011
0,0,0,0,0,0
0,0,0.07313966549,0.7313966549,2,0
0,0,0.07477752772,0.01637862236,0,0
0,0,0.1815404668,1.067629391,1,0
0,0,0.3324924218,1.50951955,1,0
0,0,0.5510737863,2.185813645,0,0
0,0,0.9271333268,3.760595405,1,0
0,0,1.425181135,4.980478081,1,-1
1,1,2.063824796,6.386436611
0,0,0,0,1,0
0,0,-0.002769084272,-0.02769084272,0,0
0,0,0.08539562355,0.8816470783,2,0
0,0,0.1069806772,0.2158505363,2,0
0,0,0.04376145865,-0.6321921854,1,0
0,0,-0.0186051498,-0.6236660845,1,0
0,0,-0.09607787458,-0.7747272478,1,0
0,0,-0.1749719498,-0.7889407522,2,0
0,0,-0.3607152462,-1.857432964,1,0
0,0,-0.5992307473,-2.385155011,1,0
0,0,-0.9203058484,-3.210751012,0,0
0,0,-1.311851933,-3.915460846,0,-1
1,1,-1.820242413,-5.083904803
0,0,0,0,0,0
0,0,0.07489996448,0.7489996448,0,0
0,0,0.2361818116,1.612818471,2,0
0,0,0.3579873732,1.218055616,2,0
0,0,0.4555632665,0.9757589333,0,0
0,0,0.6952044801,2.396412136,0,0
0,0,1.100333115,4.05128635,1,-1
1,1,1.632806036,5.324729208
0,0,0,0,0,0
0,0,0.08644205726,0.8644205726,1,0
0,0,0.1849209774,0.9847892017,0,0
0,0,0.4105677872,2.256468098,0,0
0,0,0.7693184915,3.587507042,1,0
0,0,1.234507182,4.651886905,1,-1
1,1,1.831356669,5.968494868
0,0,0,0,0,0
0,0,0.0738930539,0.738930539,0,0
0,0,0.2437605104,1.698674565,2,0
0,0,0.3851077281,1.413472177,0,0
0,0,0.6789902892,2.938825611,2,0
0,0,0.9949643103,3.159740211,1,0
0,0,1.439054057,4.440897463,0,-1
1,1,2.035100859,5.960468028
0,0,0,0,0,0
0,0,0.1018662389,1.018662389,0,0
0,0,0.2938772262,1.920109874,0,0
0,0,0.6201868865,3.263096603,0,0
0,0,1.103126986,4.829400993,0,-1
1,1,1.742596514,6.394695277
0,0,0,0,1,0
0,0,-0.007946121001,-0.07946121001,2,0
0,0,-0.106048459,-0.9810233802,1,0
0,0,-0.2323356597,-1.262872007,0,0
0,0,-0.3253970809,-0.9306142121,2,0
0,0,-0.5525439436,-2.271468626,0,0
0,0,-0.7955324835,-2.429885399,2,0
0,0,-1.199364404,-4.038319201,0,-1
1,1,-1.709626856,-5.102624522
0,0,0,0,0,0
0,0,0.0873759125,0.873759125,2,0
0,0,0.09532616024,0.07950247738,2,0
0,0,0.02224636013,-0.730798001,0,0
0,0,0.04112679038,0.1888043024,1,0
0,0,0.08380939239,0.4268260201,2,0
0,0,0.06644874717,-0.1736064521,0,0
0,0,0.137169786,0.707210388,2,0
0,0,0.1307260933,-0.06443692659,2,0
0,0,0.06707228302,-0.636538103,1,0
0,0,0.004007010833,-0.6306527219,1,0
0,0,-0.04654760254,-0.5055461338,1,0
0,0,-0.09513877846,-0.4859117592,2,0
0,0,-0.2449425912,-1.498038127,2,0
0,0,-0.5210528165,-2.761102254,0,0
0,0,-0.7917897177,-2.707369011,2,0
0,0,-1.216127308,-4.243375904,1,-1
1,1,-1.766664489,-5.50537181
0,0,0,0,2,0
0,0,-0.07631175872,-0.7631175872,2,0
0,0,-0.2615785766,-1.852668179,2,0
0,0,-0.5582391802,-2.966606037,1,0
0,0,-0.9441028184,-3.858636381,0,0
0,0,-1.39734727,-4.53244452,0,-1
1,1,-1.978558962,-5.812116918
0,0,0,0,1,0
0,0,0.01650921478,0.1650921478,2,0
0,0,-0.0579622438,-0.7447145858,1,0
0,0,-0.1323487549,-0.7438651112,2,0
0,0,-0.3182933438,-1.859445889,2,0
0,0,-0.6277331619,-3.094398181,1,0
0,0,-1.03761837,-4.09885208,1,-1
1,1,-1.572572661,-5.349542915
0,0,0,0,2,0
0,0,-0.07249117626,-0.7249117626,2,0
0,0,-0.2374394946,-1.649483183,1,0
0,0,-0.4394866976,-2.02047203,1,0
0,0,-0.7049640262,-2.654773286,2,0
0,0,-1.139063227,-4.340992006,0,-1
1,1,-1.667684949,-5.286217227
0,0,0,0,1,0
0,0,-0.006340579845,-0.06340579845,2,0
0,0,-0.09436360594,-0.8802302609,2,0
0,0,-0.275334261,-1.809706551,1,0
0,0,-0.4943256094,-2.189913484,2,0
0,0,-0.8525940455,-3.582684361,2,0
0,0,-1.36349037,-5.108963242,1,-1
1,1,-2.014035397,-6.505450273
0,0,0,0,2,0
0,0,-0.1013312437,-1.013312437,2,0
0,0,-0.3207423886,-2.194111449,1,0
0,0,-0.6023986739,-2.816562853,0,0
0,0,-0.913807746,-3.114090721,2,0
0,0,-1.380377079,-4.665693326,1,-1
1,1,-1.984570189,-6.041931108
0,0,0,0,1,0
0,0,-0.01418965758,-0.1418965758,1,0
0,0,-0.02920893734,-0.1501927976,0,0
0,0,0.02456412549,0.5377306283,0,0
0,0,0.1693332771,1.447691516,2,0
0,0,0.2411633267,0.7183004962,2,0
0,0,0.2537969973,0.1263367058,2,0
0,0,0.2140281188,-0.3976887856,0,0
0,0,0.3087351064,0.9470698768,1,0
0,0,0.465456132,1.567210256,1,0
0,0,0.6877814166,2.223252846,2,0
0,0,0.9458346948,2.580532782,1,0
0,0,1.317058704,3.712240091,1,-1
1,1,1.826282412,5.092237079
0,0,0,0,1,0
0,0,-0.009308364891,-0.09308364891,0,0
0,0,0.08283305638,0.9214142127,1,0
0,0,0.1771036365,0.9427058014,1,0
0,0,0.2909465655,1.13842929,2,0
0,0,0.3716491426,0.8070257713,1,0
0,0,0.5024743121,1.308251695,2,0
0,0,0.651943908,1.49469596,0,0
0,0,0.9683168941,3.163729861,1,0
0,0,1.404617507,4.363006133,1,-1
1,1,1.984084913,5.794674054
0,0,0,0,2,0
0,0,-0.07123027386,-0.7123027386,1,0
0,0,-0.1721721101,-1.009418363,2,0
0,0,-0.3886128151,-2.16440705,2,0
0,0,-0.744612329,-3.559995139,2,0
0,0,-1.254169653,-5.095573242,2,-1
1,1,-1.917382537,-6.632128836
0,0,0,0,2,0
0,0,-0.09294158016,-0.9294158016,2,0
0,0,-0.2861256225,-1.931840424,1,0
0,0,-0.5412308383,-2.551052158,1,0
0,0,-0.8811065048,-3.398756665,0,0
0,0,-1.282405146,-4.012986408,0,-1
1,1,-1.794668323,-5.122631778
0,0,0,0,1,0
0,0,-0.009810885686,-0.09810885686,2,0
0,0,-0.1030219561,-0.9321107045,2,0
0,0,-0.2960669551,-1.930449989,0,0
0,0,-0.4573409688,-1.612740137,1,0
0,0,-0.7050490486,-2.477080799,0,0
0,0,-0.9864720846,-2.81423036,1,0
0,0,-1.386000395,-3.995283108,0,-1
1,1,-1.915150967,-5.291505719
0,0,0,0,0,0
0,0,0.09377134342,0.9377134342,2,0
0,0,0.122126498,0.2835515457,2,0
0,0,0.09316500965,-0.2896148834,0,0
0,0,0.1709075313,0.7774252162,0,0
0,0,0.3756407125,2.047331812,0,0
0,0,0.7051984681,3.295577556,0,0
0,0,1.189321435,4.841229666,0,-1
1,1,1.830120643,6.407992087
0,0,0,0,0,0
0,0,0.08762084272,0.8762084272,2,0
0,0,0.1141613106,0.2654046784,0,0
0,0,0.2389245157,1.247632051,1,0
0,0,0.4124948823,1.735703667,2,0
0,0,0.5586068948,1.461120125,2,0
0,0,0.7122731878,1.536662931,0,0
0,0,1.020466835,3.081936472,2,0
0,0,1.404819014,3.843521793,0,-1
1,1,1.943455015,5.386360004
0,0,0,0,1,0
0,0,-0.01346519398,-0.1346519398,0,0
0,0,0.05528946997,0.6875466395,1,0
0,0,0.1215348104,0.6624534041,1,0
0,0,0.2174774302,0.9594261987,2,0
0,0,0.2609009956,0.434235654,1,0
0,0,0.338189644,0.7728864837,0,0
0,0,0.5521143845,2.139247405,0,0
0,0,0.9160282672,3.639138827,2,0
0,0,1.352122965,4.360946978,2,-1
1,1,1.913432577,5.613096118
0,0,0,0,2,0
0,0,-0.09846868433,-0.9846868433,1,0
0,0,-0.2201803952,-1.217117109,0,0
0,0,-0.299178517,-0.7899812178,0,0
0,0,-0.3517850804,-0.5260656343,2,0
0,0,-0.5420578776,-1.902727972,1,0
0,0,-0.8074855037,-2.654276261,1,0
0,0,-1.17064584,-3.631603364,1,-1
1,1,-1.668143773,-4.974979327
0,0,0,0,0,0
0,0,0.08056345263,0.8056345263,2,0
0,0,0.08108861547,0.005251628375,2,0
0,0,0.01874245751,-0.6234615796,1,0
0,0,-0.0392749217,-0.5801737921,1,0
0,0,-0.1080352275,-0.6876030582,0,0
0,0,-0.100212833,0.07822394489,2,0
0,0,-0.1893273586,-0.891145256,2,0
0,0,-0.3959421834,-2.066148248,2,0
0,0,-0.7415491063,-3.456069229,0,0
0,0,-1.134445813,-3.928967071,2,-1
1,1,-1.693670635,-5.592248217
0,0,0,0,2,0
0,0,-0.09508863579,-0.9508863579,2,0
0,0,-0.283785831,-1.886971952,2,0
0,0,-0.6077564596,-3.239706286,0,0
0,0,-0.956370615,-3.486141553,2,0
0,0,-1.4625094,-5.061387848,2,-1
1,1,-2.120172673,-6.576632737
0,0,0,0,1,0
0,0,0.0159279269,0.159279269,1,0
0,0,0.04035869272,0.2443076582,2,0
0,0,-0.01682791065,-0.5718660337,2,0
0,0,-0.1541397105,-1.373117999,0,0
0,0,-0.2433519223,-0.8921221176,0,0
0,0,-0.3050761582,-0.6172423596,1,0
0,0,-0.4095073548,-1.044311966,0,0
0,0,-0.5033139107,-0.9380655589,0,0
0,0,-0.6171073392,-1.137934285,1,0
0,0,-0.8166117502,-1.99504411,0,0
0,0,-1.073161844,-2.565500937,0,0
0,0,-1.424006783,-3.508449396,0,-1
1,1,-1.906789187,-4.827824034
0,0,0,0,1,0
0,0,0.008068634259,0.08068634259,1,0
0,0,0.0184204315,0.1035179725,1,0
0,0,0.03586003806,0.1743960656,0,0
0,0,0.1625650158,1.267049777,0,0
0,0,0.4198247784,2.572597626,2,0
0,0,0.6617816271,2.419568487,0,0
0,0,1.06221489,4.004332632,1,-1
1,1,1.590698988,5.284840975
0,0,0,0,1,0
0,0,-0.01060989838,-0.1060989838,2,0
0,0,-0.1031554396,-0.9254554125,1,0
0,0,-0.2036879473,-1.005325077,0,0
0,0,-0.2525377477,-0.4884980036,0,0
0,0,-0.2746223565,-0.2208460887,0,0
0,0,-0.2719604117,0.02661944851,0,0
0,0,-0.2251387424,0.4682166925,2,0
0,0,-0.2957952753,-0.7065653283,0,0
0,0,-0.3396505734,-0.4385529811,2,0
0,0,-0.5265287563,-1.868781829,1,0
0,0,-0.7827796755,-2.562509192,1,0
0,0,-1.15339353,-3.706138542,0,-1
1,1,-1.627241014,-4.738474845
0,0,0,0,0,0
0,0,0.08714946245,0.8714946245,0,0
0,0,0.2726924406,1.855429782,2,0
0,0,0.4324486631,1.597562224,0,0
0,0,0.7536814769,3.212328138,2,0
0,0,1.124700569,3.710190926,2,-1
1,1,1.594560199,4.698596298
0,0,0,0,1,0
0,0,0.002900264835,0.02900264835,0,0
0,0,0.09526929946,0.9236903463,1,0
0,0,0.221114172,1.258448725,0,0
0,0,0.4664436883,2.453295163,1,0
0,0,0.7966255117,3.301818234,1,0
0,0,1.24253871,4.459131984,0,-1
1,1,1.845131482,6.025927724
0,0,0,0,2,0
0,0,-0.07974757744,-0.7974757744,0,0
0,0,-0.07367001467,0.06077562763,1,0
0,0,-0.0863245732,-0.1265455852,1,0
0,0,-0.1178624457,-0.315378725,0,0
0,0,-0.08580866681,0.3205377889,2,0
0,0,-0.1489788793,-0.6317021251,1,0
0,0,-0.2440888859,-0.9511000656,0,0
0,0,-0.3008284419,-0.5673955606,0,0
0,0,-0.3274485493,-0.2662010739,2,0
0,0,-0.4874938568,-1.600453075,1,0
0,0,-0.7378767433,-2.503828865,0,0
0,0,-1.037325609,-2.994488658,2,0
0,0,-1.498173248,-4.608476389,2,-1
1,1,-2.109945003,-6.117717545
0,0,0,0,2,0
0,0,-0.1015602185,-1.015602185,0,0
0,0,-0.1178911779,-0.1633095941,1,0
0,0,-0.1656507543,-0.4775957637,1,0
0,0,-0.2545745273,-0.8892377296,0,0
0,0,-0.3128327076,-0.5825818032,2,0
0,0,-0.5012357614,-1.884030538,1,0
0,0,-0.7740584951,-2.728227337,0,0
0,0,-1.08493955,-3.108810551,1,0
0,0,-1.528413054,-4.434735033,0,-1
1,1,-2.114148338,-5.85735284
0,0,0,0,1,0
0,0,0.007594329009,0.07594329009,0,0
0,0,0.1137613933,1.061670643,0,0
0,0,0.3245077355,2.107463422,2,0
0,0,0.5008017864,1.762940509,2,0
0,0,0.6704153014,1.69613515,0,0
0,0,0.994204975,3.237896736,2,0
0,0,1.398429229,4.042242538,2,-1
1,1,1.931561852,5.33132623
0,0,0,0,0,0
0,0,0.08820912736,0.8820912736,1,0
0,0,0.2042049953,1.15995868,1,0
0,0,0.3619728243,1.57767829,0,0
0,0,0.6610656979,2.990928736,0,0
0,0,1.114646875,4.535811775,1,-1
1,1,1.691121773,5.764748978
0,0,0,0,2,0
0,0,-0.07958872806,-0.7958872806,0,0
0,0,-0.07556075832,0.04027969736,2,0
0,0,-0.1674282504,-0.9186749208,0,0
0,0,-0.203832164,-0.3640391364,1,0
0,0,-0.2860330438,-0.8220087973,2,0
0,0,-0.4933679742,-2.073349304,1,0
0,0,-0.7673662024,-2.739982282,1,0
0,0,-1.140335585,-3.729693829,0,-1
1,1,-1.615184938,-4.748493531
0,0,0,0,2,0
0,0,-0.1036485856,-1.036485856,1,0
0,0,-0.2223140094,-1.186654238,1,0
0,0,-0.3806078529,-1.582938435,1,0
0,0,-0.5941952763,-2.135874234,1,0
0,0,-0.8885049917,-2.943097153,2,0
0,0,-1.35159744,-4.630924479,1,-1
1,1,-1.949241001,-5.976435617
0,0,0,0,0,0
0,0,0.08426813918,0.8426813918,0,0
0,0,0.2586715903,1.744034512,0,0
0,0,0.5704685019,3.117969116,2,0
0,0,0.8938007663,3.233322643,2,0
0,0,1.288372037,3.945712709,0,-1
1,1,1.843916102,5.555440647
0,0,0,0,1,0
0,0,-0.005241870838,-0.05241870838,1,0
0,0,-0.009548343694,-0.04306472856,0,0
0,0,0.05582563115,0.6537397484,0,0
0,0,0.2215126659,1.656870347,0,0
0,0,0.502821607,2.813089411,1,0
0,0,0.845737492,3.42915885,0,0
0,0,1.351348063,5.056105707,1,-1
1,1,1.99481274,6.434646777
0,0,0,0,0,0
0,0,0.0721320516,0.721320516,2,0
0,0,0.06759982095,-0.04532230654,2,0
0,0,-0.007304516278,-0.7490433723,0,0
0,0,0.01492295809,0.2222747437,0,0
0,0,0.1405180623,1.255951042,1,0
0,0,0.2729194578,1.324013954,0,0
0,0,0.5266323055,2.537128478,2,0
0,0,0.7961936563,2.695613507,1,0
0,0,1.182631222,3.864375653,0,-1
1,1,1.72687275,5.442415285
0,0,0,0,2,0
0,0,-0.08858321422,-0.8858321422,0,0
0,0,-0.08911123154,-0.005280173228,2,0
0,0,-0.1761907799,-0.8707954834,2,0
0,0,-0.3961734794,-2.199826996,0,0
0,0,-0.5992071095,-2.0303363,0,0
0,0,-0.8255003327,-2.262932232,0,0
0,0,-1.108174921,-2.826745883,0,0
0,0,-1.484384618,-3.762096966,1,-1
1,1,-2.005065135,-5.206805178
0,0,0,0,0,0
0,0,0.07138164077,0.7138164077,1,0
0,0,0.1603620256,0.8898038487,2,0
0,0,0.2027443038,0.423822782,0,0
0,0,0.3757848063,1.730405025,2,0
0,0,0.541772884,1.659880777,2,0
0,0,0.7198320782,1.780591941,2,0
0,0,0.9482807771,2.28448699,0,0
0,0,1.338395566,3.901147891,2,-1
1,1,1.849117288,5.107217219
0,0,0,0,2,0
0,0,-0.09764163259,-0.9764163259,1,0
0,0,-0.2203002272,-1.226585946,2,0
0,0,-0.4621573075,-2.418570803,2,0
0,0,-0.850627949,-3.884706415,1,0
0,0,-1.355364002,-5.047360528,0,-1
1,1,-1.980950684,-6.255866819
0,0,0,0,1,0
0,0,-0.001523685647,-0.01523685647,1,0
0,0,-0.007070959324,-0.05547273677,0,0
0,0,0.08431543848,0.913863978,0,0
0,0,0.2905466166,2.062311781,1,0
0,0,0.5548554791,2.643088626,2,0
0,0,0.8236789627,2.688234835,1,0
0,0,1.198627626,3.749486629,2,-1
1,1,1.682103833,4.834762077
0,0,0,0,2,0
0,0,-0.08475822671,-0.8475822671,2,0
0,0,-0.2766751864,-1.919169597,1,0
0,0,-0.5019949455,-2.253197591,1,0
0,0,-0.8139129677,-3.119180222,1,0
0,0,-1.230514236,-4.166012681,2,-1
1,1,-1.804970134,-5.744558987
0,0,0,0,1,0
0,0,-0.01092353191,-0.1092353191,2,0
0,0,-0.1035545788,-0.9263104686,0,0
0,0,-0.123386167,-0.1983158821,2,0
0,0,-0.2404789374,-1.170927705,2,0
0,0,-0.4793212784,-2.38842341,0,0
0,0,-0.719244316,-2.399230376,1,0
0,0,-1.060152497,-3.409081806,2,0
0,0,-1.564271623,-5.041191263,2,-1
1,1,-2.215588011,-6.513163882
0,0,0,0,2,0
0,0,-0.1045533684,-1.045533684,0,0
0,0,-0.1276620225,-0.2310865411,2,0
0,0,-0.2497401909,-1.220781684,2,0
0,0,-0.4899301172,-2.401899264,2,0
0,0,-0.8832062419,-3.932761247,0,0
0,0,-1.325837362,-4.426311202,1,-1
1,1,-1.904556493,-5.787191308
