2,1,1
0,0,0,0,2,0
0,0,-0.0709370866,-0.709370866,1,0
0,0,-0.160927343,-0.8999025642,2,0
0,0,-0.3722272117,-2.112998687,1,0
0,0,-0.6525601422,-2.803329305,0,0
0,0,-0.9577098904,-3.051497482,1,0
0,0,-1.382063389,-4.243534981,0,-1
1,1,-1.934131909,-5.520685209
0,0,0,0,2,0
0,0,-0.100742038,-1.00742038,1,0
0,0,-0.2150867822,-1.143447443,2,0
0,0,-0.4483516661,-2.332648839,1,0
0,0,-0.7399008836,-2.915492175,0,0
0,0,-1.064644547,-3.24743663,1,0
0,0,-1.511372854,-4.467283076,1,-1
1,1,-2.103503154,-5.921303001
0,0,0,0,1,0
0,0,0.01160150772,0.1160150772,1,0
0,0,0.01921308575,0.07611578031,2,0
0,0,-0.04897268555,-0.681857713,1,0
0,0,-0.135474926,-0.8650224045,1,0
0,0,-0.2298595832,-0.9438465718,1,0
0,0,-0.3778642578,-1.480046747,0,0
0,0,-0.4963854502,-1.185211924,2,0
0,0,-0.7565422762,-2.60156826,1,0
0,0,-1.131075164,-3.745328878,0,-1
1,1,-1.604913653,-4.738384888
0,0,0,0,0,0
0,0,0.0712182715,0.712182715,2,0
0,0,0.06470504788,-0.06513223618,1,0
0,0,0.06076451843,-0.03940529443,0,0
0,0,0.158974814,0.982102956,0,0
0,0,0.3660371765,2.070623625,2,0
0,0,0.5650804069,1.990432304,0,0
0,0,0.9123348189,3.47254412,0,0
0,0,1.416087483,5.037526642,0,-1
1,1,2.072610571,6.565230879
0,0,0,0,2,0
0,0,-0.0761670168,-0.761670168,1,0
0,0,-0.148963412,-0.727963952,0,0
0,0,-0.1636544311,-0.1469101906,1,0
0,0,-0.2143704056,-0.5071597455,0,0
0,0,-0.209688352,0.04682053566,2,0
0,0,-0.3170372852,-1.073489332,2,0
0,0,-0.5492306134,-2.321933282,1,0
0,0,-0.8656830763,-3.164524629,1,0
0,0,-1.291997574,-4.26314498,2,-1
1,1,-1.871524575,-5.795270012
0,0,0,0,1,0
0,0,-0.005344521207,-0.05344521207,0,0
0,0,0.09054680283,0.9589132404,2,0
0,0,0.09683633744,0.06289534612,2,0
0,0,0.03196520095,-0.6487113649,2,0
0,0,-0.1152427045,-1.472079055,2,0
0,0,-0.3675297381,-2.522870336,2,0
0,0,-0.7683244949,-4.007947568,0,0
0,0,-1.213854101,-4.455296057,2,-1
1,1,-1.818000359,-6.041462586
0,0,0,0,2,0
0,0,-0.07672574495,-0.7672574495,1,0
0,0,-0.1766776964,-0.9995195147,0,0
0,0,-0.2369149183,-0.6023722188,1,0
0,0,-0.3485200905,-1.116051722,0,0
0,0,-0.4434777995,-0.9495770897,1,0
0,0,-0.6138183064,-1.703405069,1,0
0,0,-0.8675024476,-2.536841412,0,0
0,0,-1.193917419,-3.264149718,1,-1
1,1,-1.657502536,-4.635851165
0,0,0,0,1,0
0,0,0.007313146367,0.07313146367,0,0
0,0,0.1042014812,0.9688833486,0,0
0,0,0.296797005,1.925955238,2,0
0,0,0.4460305795,1.492335745,2,0
0,0,0.6025579698,1.565273903,1,0
0,0,0.8417900838,2.39232114,1,0
0,0,1.201755054,3.599649697,1,-1
1,1,1.698716517,4.96961463
0,0,0,0,1,0
0,0,0.01180828714,0.1180828714,2,0
0,0,-0.07992428287,-0.9173257001,0,0
0,0,-0.0985261088,-0.1860182593,2,0
0,0,-0.2259551554,-1.274290466,2,0
0,0,-0.4868214553,-2.608662998,1,0
0,0,-0.8067473377,-3.199258825,1,0
0,0,-1.226729683,-4.19982345,0,-1
1,1,-1.750013113,-5.232834307
0,0,0,0,2,0
0,0,-0.07385103333,-0.7385103333,0,0
0,0,-0.06585455364,0.07996479695,0,0
0,0,0.01796013651,0.8381469015,2,0
0,0,0.0174404706,-0.005196659131,2,0
0,0,-0.06652431828,-0.8396478887,1,0
0,0,-0.1682624969,-1.017381787,2,0
0,0,-0.3763186132,-2.080561163,1,0
0,0,-0.6505438241,-2.742252109,2,0
0,0,-1.092116327,-4.415725029,2,-1
1,1,-1.698175113,-6.060587861
0,0,0,0,1,0
0,0,-0.01695807155,-0.1695807155,0,0
0,0,0.0389401129,0.5589818445,2,0
0,0,0.0119083379,-0.2703177501,2,0
0,0,-0.08601654323,-0.9792488113,1,0
0,0,-0.18191822,-0.9590167682,2,0
0,0,-0.4078609497,-2.259427297,2,0
0,0,-0.7806186107,-3.72757661,1,0
0,0,-1.256620752,-4.760021414,1,-1
1,1,-1.863811298,-6.071905462
0,0,0,0,0,0
0,0,0.09499591801,0.9499591801,0,0
0,0,0.3045320217,2.095361036,2,0
0,0,0.4651517762,1.606197545,1,0
0,0,0.7008936489,2.357418727,0,0
0,0,1.096485925,3.95592276,2,-1
1,1,1.580149221,4.836632966
0,0,0,0,0,0
0,0,0.08705574995,0.8705574995,1,0
0,0,0.1946202474,1.075644974,2,0
0,0,0.2463211918,0.5170094441,0,0
0,0,0.4300635142,1.837423224,1,0
0,0,0.6849369642,2.548734501,0,0
0,0,1.11208247,4.271455059,2,-1
1,1,1.623915367,5.118328973
0,0,0,0,1,0
0,0,-0.009830826043,-0.09830826043,0,0
0,0,0.07866019374,0.8849101978,2,0
0,0,0.1077656386,0.2910544489,1,0
0,0,0.1551839106,0.4741827198,0,0
0,0,0.3172808532,1.620969426,1,0
0,0,0.5406699055,2.233890523,0,0
0,0,0.904062596,3.633926905,2,0
0,0,1.334985218,4.309226219,0,-1
1,1,1.920582451,5.855972329
0,0,0,0,2,0
0,0,-0.08202836658,-0.8202836658,0,0
0,0,-0.10504447,-0.2301610341,2,0
0,0,-0.2376650598,-1.326205898,2,0
0,0,-0.5066924754,-2.690274157,0,0
0,0,-0.7769216666,-2.702291912,0,0
0,0,-1.084299284,-3.073776176,2,0
0,0,-1.54957952,-4.652802361,0,-1
1,1,-2.159253585,-6.096740652
0,0,0,0,1,0
0,0,0.0097788258,0.097788258,2,0
0,0,-0.08167257037,-0.9145139617,1,0
0,0,-0.1818975985,-1.002250282,0,0
0,0,-0.2253431899,-0.4344559141,2,0
0,0,-0.4068033591,-1.814601692,2,0
0,0,-0.7221293654,-3.153260063,2,0
0,0,-1.200128369,-4.779990037,2,-1
1,1,-1.835381097,-6.352527275
0,0,0,0,2,0
0,0,-0.07147257859,-0.7147257859,0,0
0,0,-0.07203679411,-0.005642155209,0,0
0,0,0.008237989191,0.802747833,1,0
0,0,0.08961789615,0.8137990696,1,0
0,0,0.1944315295,1.048136334,1,0
0,0,0.3329625496,1.3853102,2,0
0,0,0.4364827111,1.035201615,2,0
0,0,0.5195785859,0.8309587479,0,0
0,0,0.7615280326,2.419494467,0,0
0,0,1.165065474,4.035374412,1,-1
1,1,1.703745282,5.386798082
0,0,0,0,1,0
0,0,-0.005200677445,-0.05200677445,0,0
0,0,0.0869124417,0.9211311914,1,0
0,0,0.201810565,1.148981233,0,0
0,0,0.438765197,2.36954632,0,0
0,0,0.8098597724,3.710945754,1,0
0,0,1.288732573,4.788728001,2,-1
1,1,1.881843545,5.931109728
0,0,0,0,2,0
0,0,-0.07920746421,-0.7920746421,0,0
0,0,-0.0666996998,0.1250776441,0,0
0,0,0.03221122855,0.9891092835,1,0
0,0,0.1409103607,1.086991321,0,0
0,0,0.3668104527,2.259000921,0,0
0,0,0.7460098586,3.791994059,1,0
0,0,1.233738654,4.877287956,1,-1
1,1,1.851025363,6.172867087
0,0,0,0,2,0
0,0,-0.0748046851,-0.748046851,1,0
0,0,-0.1449672674,-0.7016258225,1,0
0,0,-0.2504303451,-1.054630778,1,0
0,0,-0.4007854719,-1.503551268,0,0
0,0,-0.5305777311,-1.297922592,1,0
0,0,-0.7474342145,-2.168564834,2,0
0,0,-1.124788661,-3.773544461,0,-1
1,1,-1.592467249,-4.676785885
0,0,0,0,2,0
0,0,-0.08849227336,-0.8849227336,2,0
0,0,-0.2953148163,-2.068225429,1,0
0,0,-0.5576728605,-2.623580442,1,0
0,0,-0.8955036805,-3.3783082,0,0
0,0,-1.303144338,-4.07640658,1,-1
1,1,-1.847372707,-5.442283685
0,0,0,0,2,0
0,0,-0.1022037736,-1.022037736,0,0
0,0,-0.1438860256,-0.4168225207,0,0
0,0,-0.1159185415,0.2796748409,0,0
0,0,-0.005038052092,1.108804895,0,0
0,0,0.2070753416,2.121133937,1,0
0,0,0.4385606793,2.314853377,1,0
0,0,0.73653135,2.979706707,0,0
0,0,1.187984393,4.514530432,2,-1
1,1,1.744044205,5.560598112
0,0,0,0,0,0
0,0,0.08002730225,0.8002730225,0,0
0,0,0.2692233996,1.891960974,0,0
0,0,0.5983140601,3.290906605,1,0
0,0,1.001914648,4.036005881,0,0
0,0,1.569962524,5.680478754,2,-1
1,1,2.284912595,7.149500714
0,0,0,0,0,0
0,0,0.09791066742,0.9791066742,1,0
0,0,0.2022419989,1.043313315,0,0
0,0,0.4211064524,2.188644535,1,0
0,0,0.6981363627,2.770299102,1,0
0,0,1.064908154,3.667717912,2,0
0,0,1.51581259,4.509044366,1,-1
1,1,2.112342582,5.965299913
0,0,0,0,0,0
0,0,0.09803267436,0.9803267436,1,0
0,0,0.1990743281,1.010416537,0,0
0,0,0.4048492686,2.057749405,2,0
0,0,0.6075205852,2.026713166,0,0
0,0,0.969844741,3.623241558,2,0
0,0,1.404189126,4.343443848,0,-1
1,1,1.993369407,5.891802809
0,0,0,0,2,0
0,0,-0.07884861285,-0.7884861285,0,0
0,0,-0.0708198587,0.08028754159,1,0
0,0,-0.08269569426,-0.1187583557,1,0
0,0,-0.1206881719,-0.3799247763,1,0
0,0,-0.1901835825,-0.6949541064,0,0
0,0,-0.2037752681,-0.1359168554,0,0
0,0,-0.1525797741,0.51195494,1,0
0,0,-0.1346174039,0.1796237015,0,0
0,0,-0.04846666896,0.8615073497,2,0
0,0,-0.06043913639,-0.1197246743,1,0
0,0,-0.06676282043,-0.06323684047,2,0
0,0,-0.1672724669,-1.005096465,0,0
0,0,-0.2105721898,-0.4329972286,1,0
0,0,-0.3018444126,-0.9127222282,2,0
0,0,-0.5130889036,-2.11244491,0,0
0,0,-0.735414037,-2.223251334,1,0
0,0,-1.0491504,-3.137363631,0,0
0,0,-1.446635411,-3.97485011,1,-1
1,1,-1.987610401,-5.409749901
0,0,0,0,2,0
0,0,-0.09225581783,-0.9225581783,2,0
0,0,-0.2959601591,-2.037043412,1,0
0,0,-0.5400415105,-2.440813514,1,0
0,0,-0.8719285211,-3.318870106,2,0
0,0,-1.36763683,-4.957083091,1,-1
1,1,-2.001943864,-6.343070337
0,0,0,0,0,0
0,0,0.0927927767,0.927927767,1,0
0,0,0.2081190524,1.153262757,1,0
0,0,0.3668058739,1.586868216,2,0
0,0,0.5195412232,1.527353492,1,0
0,0,0.75821218,2.386709568,2,0
0,0,1.042244359,2.840321787,2,0
0,0,1.418423252,3.761788936,2,-1
1,1,1.926187656,5.077644038
0,0,0,0,2,0
0,0,-0.09229496236,-0.9229496236,1,0
0,0,-0.206982655,-1.146876927,0,0
0,0,-0.2628343384,-0.5585168338,0,0
0,0,-0.2887929516,-0.259586132,0,0
0,0,-0.2688636573,0.1992929431,0,0
0,0,-0.2110364729,0.5782718443,2,0
0,0,-0.2822369561,-0.7120048328,0,0
0,0,-0.3058554546,-0.236184985,2,0
0,0,-0.4673313799,-1.614759252,0,0
0,0,-0.6370297801,-1.696984003,0,0
0,0,-0.8353558183,-1.983260382,2,0
0,0,-1.193219277,-3.578634591,0,-1
1,1,-1.655950754,-4.627314763
0,0,0,0,0,0
0,0,0.1001855605,1.001855605,1,0
0,0,0.2314592945,1.31273734,1,0
0,0,0.3892342641,1.577749696,1,0
0,0,0.6175383218,2.283040577,0,0
0,0,0.9932403856,3.757020638,2,0
0,0,1.44001383,4.467734439,1,-1
1,1,2.029494767,5.894809374
0,0,0,0,0,0
0,0,0.1050331867,1.050331867,0,0
0,0,0.328778153,2.237449663,0,0
0,0,0.6992613491,3.70483196,0,0
0,0,1.23234642,5.330850704,0,-1
1,1,1.918765929,6.864195092
0,0,0,0,2,0
0,0,-0.09398734818,-0.9398734818,0,0
0,0,-0.1026640395,-0.0867669135,1,0
0,0,-0.120271555,-0.1760751549,2,0
0,0,-0.2413316676,-1.210601126,2,0
0,0,-0.5034092873,-2.620776196,1,0
0,0,-0.8517781472,-3.4836886,0,0
0,0,-1.259849756,-4.080716092,1,-1
1,1,-1.804530665,-5.446809083
0,0,0,0,1,0
0,0,0.002381170472,0.02381170472,2,0
0,0,-0.09899374659,-1.013749171,2,0
0,0,-0.3188452039,-2.198514573,1,0
0,0,-0.5768637578,-2.580185539,0,0
0,0,-0.8631647128,-2.86300955,2,0
0,0,-1.314913374,-4.517486616,1,-1
1,1,-1.9055725,-5.906591253
0,0,0,0,1,0
0,0,0.00115892232,0.0115892232,0,0
0,0,0.09984258417,0.9868366185,0,0
0,0,0.3002798716,2.004372875,2,0
0,0,0.4772268595,1.769469878,2,0
0,0,0.6448857688,1.676589093,1,0
0,0,0.8978603676,2.529745989,1,0
0,0,1.258885148,3.610247806,1,-1
1,1,1.753788916,4.949037675
0,0,0,0,0,0
0,0,0.0749843409,0.749843409,1,0
0,0,0.1613477569,0.8636341603,1,0
0,0,0.2658393234,1.044915665,2,0
0,0,0.3415136511,0.7567432773,2,0
0,0,0.4066731703,0.6515951913,2,0
0,0,0.4702381965,0.6356502628,1,0
0,0,0.6193512287,1.491130321,1,0
0,0,0.8529069693,2.335557407,2,0
0,0,1.149515706,2.966087365,0,-1
1,1,1.615665586,4.661498806
0,0,0,0,0,0
0,0,0.09767344897,0.9767344897,0,0
0,0,0.284771319,1.8709787,0,0
0,0,0.5973881176,3.126167986,2,0
0,0,0.9143891387,3.170010211,1,0
0,0,1.356523618,4.421344793,0,-1
1,1,1.950478322,5.939547039
0,0,0,0,2,0
0,0,-0.07761067516,-0.7761067516,0,0
0,0,-0.06396891222,0.1364176293,2,0
0,0,-0.1631892119,-0.9922029967,0,0
0,0,-0.1948473467,-0.3165813477,2,0
0,0,-0.3513972191,-1.565498724,1,0
0,0,-0.5565818029,-2.051845838,1,0
0,0,-0.8398679974,-2.832861945,1,0
0,0,-1.224477263,-3.846092656,0,-1
1,1,-1.713211727,-4.887344637
0,0,0,0,2,0
0,0,-0.1037489496,-1.037489496,1,0
0,0,-0.2208923455,-1.171433959,2,0
0,0,-0.4586912848,-2.377989393,2,0
0,0,-0.8292430747,-3.705517899,0,0
0,0,-1.253701568,-4.244584928,1,-1
1,1,-1.811895736,-5.581941682
0,0,0,0,2,0
0,0,-0.08204792946,-0.8204792946,0,0
0,0,-0.0828179121,-0.007699826366,1,0
0,0,-0.110320366,-0.2750245395,1,0
0,0,-0.1741977216,-0.6387735554,2,0
0,0,-0.3694905021,-1.952927805,2,0
0,0,-0.6919620845,-3.224715824,2,0
0,0,-1.167325945,-4.75363861,0,-1
1,1,-1.734537742,-5.672117966
0,0,0,0,2,0
0,0,-0.08778494334,-0.8778494334,2,0
0,0,-0.2785631043,-1.90778161,2,0
0,0,-0.6092111919,-3.306480876,0,0
0,0,-0.9515857485,-3.423745566,2,0
0,0,-1.459515951,-5.079302023,0,-1
1,1,-2.100100996,-6.405850447
0,0,0,0,1,0
0,0,-0.004332540088,-0.04332540088,2,0
0,0,-0.09635538136,-0.9202284127,2,0
0,0,-0.2984410429,-2.020856616,0,0
0,0,-0.4778462731,-1.794052302,2,0
0,0,-0.7961567683,-3.183104952,1,0
0,0,-1.211211282,-4.150545134,2,-1
1,1,-1.789954323,-5.787430414
0,0,0,0,2,0
0,0,-0.1056930006,-1.056930006,2,0
0,0,-0.3330984906,-2.274054901,0,0
0,0,-0.5197402376,-1.866417469,2,0
0,0,-0.8518702282,-3.321299907,2,0
0,0,-1.355907196,-5.04036968,0,-1
1,1,-1.977543159,-6.216359627
0,0,0,0,2,0
0,0,-0.08864128882,-0.8864128882,2,0
0,0,-0.2829099872,-1.942686983,2,0
0,0,-0.6134519244,-3.305419373,1,0
0,0,-1.022246873,-4.087949482,2,-1
1,1,-1.587372367,-5.651254947
0,0,0,0,0,0
0,0,0.07569882164,0.7569882164,2,0
0,0,0.08533405334,0.09635231694,1,0
0,0,0.09955204773,0.1421799439,1,0
0,0,0.1163880256,0.1683597791,2,0
0,0,0.06292810847,-0.5345991716,1,0
0,0,0.0224370354,-0.4049107307,1,0
0,0,-0.02900213276,-0.5143916817,0,0
0,0,-0.009223372538,0.1977876023,0,0
0,0,0.08931918017,0.9854255271,1,0
0,0,0.1962309254,1.069117452,0,0
0,0,0.4304156693,2.341847439,1,0
0,0,0.7264817772,2.960661079,1,0
0,0,1.123256106,3.967743285,1,-1
1,1,1.650128862,5.26872756
0,0,0,0,1,0
0,0,0.00311231611,0.0311231611,0,0
0,0,0.1074252231,1.04312907,1,0
0,0,0.2330069082,1.255816851,2,0
0,0,0.3291033202,0.9609641202,1,0
0,0,0.4889152026,1.598118824,0,0
0,0,0.7995895875,3.106743848,1,0
0,0,1.220438608,4.208490205,2,-1
1,1,1.745066123,5.246275155
0,0,0,0,1,0
0,0,0.008370294891,0.08370294891,2,0
0,0,-0.08068485627,-0.8905515116,1,0
0,0,-0.1706885657,-0.9000370948,1,0
0,0,-0.3046108775,-1.339223117,1,0
0,0,-0.4958162877,-1.912054102,2,0
0,0,-0.8412777607,-3.454614731,2,0
0,0,-1.346087767,-5.048100067,1,-1
1,1,-1.984304798,-6.382170304
0,0,0,0,1,0
0,0,-0.008635237715,-0.08635237715,1,0
0,0,-0.003817056437,0.04818181278,1,0
0,0,-0.0156175707,-0.1180051426,2,0
0,0,-0.1195538762,-1.039363055,2,0
0,0,-0.327501079,-2.079472028,1,0
0,0,-0.5963783676,-2.688772886,1,0
0,0,-0.9393209723,-3.429426047,2,0
0,0,-1.448219751,-5.088987787,1,-1
1,1,-2.09685211,-6.486323594
0,0,0,0,1,0
0,0,0.004710697817,0.04710697817,2,0
0,0,-0.07972452011,-0.8443521792,2,0
0,0,-0.2621039222,-1.823794021,2,0
0,0,-0.5758352886,-3.137313665,2,0
0,0,-1.042909076,-4.670737877,1,-1
1,1,-1.619434811,-5.765257346
0,0,0,0,1,0
0,0,0.0132566301,0.132566301,0,0
0,0,0.1331333187,1.198766886,0,0
0,0,0.3582672316,2.251339129,0,0
0,0,0.7108152134,3.525479818,1,0
0,0,1.162706944,4.518917305,2,-1
1,1,1.706086007,5.433790627
0,0,0,0,0,0
0,0,0.09859140174,0.9859140174,0,0
0,0,0.2972663436,1.986749419,2,0
0,0,0.4655283945,1.682620509,2,0
0,0,0.6226262155,1.57097821,2,0
0,0,0.7932523018,1.706260863,0,0
0,0,1.125489716,3.322374138,1,-1
1,1,1.588143644,4.62653928
0,0,0,0,1,0
0,0,-0.01290978251,-0.1290978251,0,0
0,0,0.06558281362,0.7849259613,1,0
0,0,0.1423147376,0.7673192401,0,0
0,0,0.3325856604,1.902709227,2,0
0,0,0.4928029674,1.60217307,1,0
0,0,0.7331475823,2.403446149,1,0
0,0,1.078120054,3.449724713,1,0
0,0,1.547354653,4.692345993,0,-1
1,1,2.164357953,6.170032998
0,0,0,0,1,0
0,0,0.00717188233,0.0717188233,0,0
0,0,0.1016552702,0.9448338786,1,0
0,0,0.1965383161,0.9488304592,2,0
0,0,0.2447664778,0.4822816172,0,0
0,0,0.4217844949,1.770180171,0,0
0,0,0.7545967246,3.328122297,0,0
0,0,1.245779427,4.911827028,0,-1
1,1,1.893875593,6.480961656
0,0,0,0,0,0
0,0,0.1036229898,1.036229898,1,0
0,0,0.2401577197,1.365347299,1,0
0,0,0.4173756442,1.772179245,0,0
0,0,0.7365373824,3.191617382,2,0
0,0,1.103110203,3.665728209,1,-1
1,1,1.598474967,4.95364764
0,0,0,0,2,0
0,0,-0.0854462769,-0.854462769,2,0
0,0,-0.2801475754,-1.947012985,1,0
0,0,-0.5195490977,-2.394015223,0,0
0,0,-0.7564413327,-2.36892235,0,0
0,0,-1.028340487,-2.718991546,0,0
0,0,-1.384983541,-3.566430533,0,-1
1,1,-1.871913457,-4.869299165
0,0,0,0,0,0
0,0,0.1006571154,1.006571154,0,0
0,0,0.2994003092,1.987431938,0,0
0,0,0.6308232137,3.314229045,1,0
0,0,1.053846983,4.230237693,0,-1
1,1,1.634933767,5.810867841
0,0,0,0,1,0
0,0,0.005588191655,0.05588191655,0,0
0,0,0.08809322497,0.8250503331,2,0
0,0,0.09664707751,0.0855385254,2,0
0,0,0.02764582627,-0.6900125124,2,0
0,0,-0.1119345151,-1.395803413,1,0
0,0,-0.2853733965,-1.734388814,1,0
0,0,-0.4972059423,-2.118325458,2,0
0,0,-0.8707860952,-3.735801529,1,0
0,0,-1.344245599,-4.734595042,0,-1
1,1,-1.93708899,-5.92843391
0,0,0,0,1,0
0,0,-0.01200648593,-0.1200648593,2,0
0,0,-0.1262896312,-1.142831453,2,0
0,0,-0.3416082951,-2.153186639,2,0
0,0,-0.6921156747,-3.505073796,2,0
0,0,-1.187875273,-4.957595988,2,-1
1,1,-1.838494719,-6.50619446
0,0,0,0,2,0
0,0,-0.1013977441,-1.013977441,1,0
0,0,-0.2232448507,-1.218471066,2,0
0,0,-0.466300479,-2.430556283,2,0
0,0,-0.8687045114,-4.024040324,1,0
0,0,-1.376071643,-5.073671311,2,-1
1,1,-2.036393764,-6.603221219
0,0,0,0,0,0
0,0,0.07251248821,0.7251248821,0,0
0,0,0.2340936106,1.615811224,0,0
0,0,0.5146034499,2.805098392,0,0
0,0,0.9545594206,4.399559707,1,0
0,0,1.50886522,5.54305799,0,-1
1,1,2.212645132,7.03779912
0,0,0,0,1,0
0,0,0.0133889614,0.133889614,1,0
0,0,0.02255416104,0.0916519964,2,0
0,0,-0.04952535815,-0.7207951919,2,0
0,0,-0.2033207427,-1.537953846,1,0
0,0,-0.3847102037,-1.81389461,1,0
0,0,-0.6291001656,-2.443899618,2,0
0,0,-1.039691295,-4.105911294,2,-1
1,1,-1.614971905,-5.752806102
0,0,0,0,0,0
0,0,0.07835721253,0.7835721253,1,0
0,0,0.1734245465,0.9506733393,1,0
0,0,0.2997234229,1.262988764,2,0
0,0,0.3821924216,0.8246899873,0,0
0,0,0.6037386096,2.21546188,2,0
0,0,0.8389064882,2.351678786,0,0
0,0,1.238327675,3.994211866,0,-1
1,1,1.798650256,5.603225811
0,0,0,0,2,0
0,0,-0.0903456831,-0.903456831,1,0
0,0,-0.2070696047,-1.167239216,1,0
0,0,-0.3473658839,-1.402962792,1,0
0,0,-0.5356492457,-1.882833618,0,0
0,0,-0.741752394,-2.061031483,1,0
0,0,-1.040948337,-2.99195943,2,0
0,0,-1.499485478,-4.58537141,0,-1
1,1,-2.096594554,-5.971090763
0,0,0,0,2,0
0,0,-0.07986099785,-0.7986099785,1,0
0,0,-0.1782084772,-0.9834747935,1,0
0,0,-0.3154635957,-1.372551185,0,0
0,0,-0.4090025401,-0.9353894441,2,0
0,0,-0.6554252213,-2.464226811,0,0
0,0,-0.9176749944,-2.622497732,0,0
0,0,-1.244540426,-3.268654321,0,-1
1,1,-1.679373475,-4.34833049
0,0,0,0,2,0
0,0,-0.07064107765,-0.7064107765,0,0
0,0,-0.0720258587,-0.01384781056,2,0
0,0,-0.1840083079,-1.119824492,2,0
0,0,-0.4157292268,-2.31720919,0,0
0,0,-0.6260559577,-2.103267309,2,0
0,0,-1.00215902,-3.761030621,1,0
0,0,-1.495783774,-4.93624754,0,-1
1,1,-2.127300887,-6.31517113
0,0,0,0,0,0
0,0,0.07469674126,0.7469674126,0,0
0,0,0.2382726271,1.635758858,1,0
0,0,0.4389399666,2.006673395,0,0
0,0,0.7861087512,3.471687846,2,0
0,0,1.173878783,3.87770032,2,-1
1,1,1.657036047,4.831572634
0,0,0,0,0,0
0,0,0.1023379756,1.023379756,2,0
0,0,0.1186343704,0.1629639475,1,0
0,0,0.1681426794,0.4950830897,2,0
0,0,0.1704326642,0.02289984881,1,0
0,0,0.2131554128,0.4272274856,1,0
0,0,0.2783729859,0.6521757306,1,0
0,0,0.384105677,1.057326912,1,0
0,0,0.5583326443,1.742269672,2,0
0,0,0.7451829521,1.868503078,0,0
0,0,1.093093312,3.479103598,1,-1
1,1,1.571835244,4.787419319
0,0,0,0,0,0
0,0,0.09365172009,0.9365172009,2,0
0,0,0.1298863613,0.362346412,0,0
0,0,0.2661306474,1.362442861,2,0
0,0,0.3761478163,1.100171688,2,0
0,0,0.4607170846,0.8456926838,0,0
0,0,0.7016768351,2.409597505,2,0
0,0,0.9859164701,2.84239635,0,0
0,0,1.428387704,4.424712343,2,-1
1,1,2.000700695,5.723129905
0,0,0,0,2,0
0,0,-0.09673123255,-0.9673123255,1,0
0,0,-0.2110039426,-1.142727101,1,0
0,0,-0.3544368833,-1.434329407,2,0
0,0,-0.6368433753,-2.824064921,2,0
0,0,-1.070398707,-4.335553319,1,-1
1,1,-1.631807839,-5.614091316
0,0,0,0,0,0
0,0,0.1007217002,1.007217002,0,0
0,0,0.3133318362,2.12610136,1,0
0,0,0.5836581296,2.703262934,0,0
0,0,1.006257773,4.225996437,1,0
0,0,1.546436089,5.401783156,2,-1
1,1,2.230430481,6.83994392
0,0,0,0,0,0
0,0,0.07449903507,0.7449903507,1,0
0,0,0.1641460424,0.896470073,1,0
0,0,0.2700314375,1.058853952,1,0
0,0,0.4102894139,1.402579764,0,0
0,0,0.6974180579,2.87128644,1,0
0,0,1.081907466,3.844894081,0,-1
1,1,1.628043445,5.461359793
0,0,0,0,0,0
0,0,0.07131680677,0.7131680677,1,0
0,0,0.1468349621,0.7551815529,0,0
0,0,0.3397551016,1.929201395,1,0
0,0,0.572023931,2.322688294,1,0
0,0,0.8933717426,3.213478116,2,0
0,0,1.271854672,3.784829291,0,-1
1,1,1.812337544,5.404828727
0,0,0,0,2,0
0,0,-0.07516792874,-0.7516792874,1,0
0,0,-0.1630090478,-0.8784111908,2,0
0,0,-0.3712820932,-2.082730454,1,0
0,0,-0.6374981825,-2.662160894,0,0
0,0,-0.9405850445,-3.030868619,2,0
0,0,-1.409453575,-4.688685305,1,-1
1,1,-2.017726479,-6.082729036
0,0,0,0,2,0
0,0,-0.08382462836,-0.8382462836,0,0
0,0,-0.09132516856,-0.07500540198,2,0
0,0,-0.207816492,-1.164913234,0,0
0,0,-0.2750408398,-0.6722434781,1,0
0,0,-0.3833423459,-1.083015061,1,0
0,0,-0.5548383589,-1.71496013,0,0
0,0,-0.7510850023,-1.962466435,1,0
0,0,-1.04471935,-2.936343479,0,0
0,0,-1.425882338,-3.811629877,0,-1
1,1,-1.937719689,-5.118373511
0,0,0,0,1,0
0,0,-0.008305229064,-0.08305229064,0,0
0,0,0.05585814449,0.6416337355,0,0
0,0,0.202788282,1.469301375,0,0
0,0,0.4825243399,2.797360579,1,0
0,0,0.8204993798,3.379750399,2,0
0,0,1.218425874,3.979264946,2,-1
1,1,1.725012941,5.065870666
0,0,0,0,1,0
0,0,0.01443646628,0.1443646628,2,0
0,0,-0.04844216413,-0.6287863041,0,0
0,0,-0.02157367719,0.2686848693,1,0
0,0,0.006548940031,0.2812261722,2,0
0,0,-0.0482987873,-0.5484772733,1,0
0,0,-0.1109295316,-0.6263074431,0,0
0,0,-0.1156473469,-0.04717815256,0,0
0,0,-0.03908091476,0.765664321,0,0
0,0,0.1058841858,1.449651006,1,0
0,0,0.2787369021,1.728527163,2,0
0,0,0.4061061988,1.273692967,2,0
0,0,0.5212944179,1.151882191,0,0
0,0,0.8018632889,2.80568871,2,0
0,0,1.123297297,3.214340084,1,-1
1,1,1.578088449,4.547911519
0,0,0,0,1,0
0,0,-0.008403965706,-0.08403965706,1,0
0,0,-0.007979217541,0.004247481655,0,0
0,0,0.07980852508,0.8778774262,2,0
0,0,0.09388092392,0.1407239884,1,0
0,0,0.117389582,0.2350865807,1,0
0,0,0.171404466,0.5401488397,1,0
0,0,0.2648568861,0.9345242016,1,0
0,0,0.3980647156,1.332078294,2,0
0,0,0.5057227493,1.076580337,0,0
0,0,0.766046888,2.603241387,0,0
0,0,1.192560637,4.26513749,1,-1
1,1,1.751704045,5.591434082
0,0,0,0,1,0
0,0,0.000268164664,0.00268164664,0,0
0,0,0.0884965608,0.8822839614,0,0
0,0,0.2765901798,1.88093619,2,0
0,0,0.4162794391,1.396892593,0,0
0,0,0.6966980451,2.80418606,2,0
0,0,1.008458717,3.117606722,2,0
0,0,1.400939834,3.924811169,0,-1
1,1,1.94806195,5.471221154
0,0,0,0,2,0
0,0,-0.101002495,-1.01002495,1,0
0,0,-0.2129574274,-1.119549324,2,0
0,0,-0.443628012,-2.306705846,2,0
0,0,-0.8217884835,-3.781604715,1,0
0,0,-1.300635122,-4.788466384,1,-1
1,1,-1.917044333,-6.164092113
0,0,0,0,0,0
0,0,0.1026118233,1.026118233,0,0
0,0,0.3023311398,1.997193164,1,0
0,0,0.5586149859,2.562838462,2,0
0,0,0.8118011885,2.531862025,0,0
0,0,1.220545746,4.087445579,2,-1
1,1,1.737763166,5.172174198
0,0,0,0,0,0
0,0,0.09372343193,0.9372343193,2,0
0,0,0.1169191219,0.2319568999,1,0
0,0,0.1437774334,0.2685831145,2,0
0,0,0.1033936147,-0.4038381867,0,0
0,0,0.1540188211,0.5062520641,2,0
0,0,0.1505231816,-0.03495639498,1,0
0,0,0.1597654608,0.09242279202,2,0
0,0,0.121169088,-0.3859637283,0,0
0,0,0.1739733678,0.5280427985,1,0
0,0,0.2396057073,0.6563233943,0,0
0,0,0.4168673156,1.772616083,2,0
0,0,0.5784101941,1.615428785,2,0
0,0,0.7489049776,1.704947835,2,0
0,0,0.976334568,2.274295904,2,0
0,0,1.281535887,3.052013189,2,-1
1,1,1.704532776,4.229968888
0,0,0,0,1,0
0,0,0.007671735625,0.07671735625,1,0
0,0,0.01717114208,0.09499406454,2,0
0,0,-0.04413161141,-0.6130275349,0,0
0,0,-0.03151317018,0.1261844124,2,0
0,0,-0.1260443771,-0.9453120688,0,0
0,0,-0.1485903451,-0.2254596804,0,0
0,0,-0.1041311807,0.444591644,1,0
0,0,-0.08079873102,0.2333244966,0,0
0,0,0.003428564026,0.8422729505,2,0
0,0,0.009798020915,0.06369456888,1,0
0,0,0.01545675668,0.05658735762,1,0
0,0,0.02468624568,0.09229489003,0,0
0,0,0.1398766894,1.151904437,2,0
0,0,0.2040941504,0.6421746097,2,0
0,0,0.2210088281,0.169146777,2,0
0,0,0.1826906248,-0.3831820325,1,0
0,0,0.1773315264,-0.05359098452,2,0
0,0,0.1078728222,-0.6945870419,2,0
0,0,-0.02394633214,-1.318191543,0,0
0,0,-0.0792145952,-0.5526826306,2,0
0,0,-0.2453513044,-1.661367092,0,0
0,0,-0.3559863694,-1.10635065,1,0
0,0,-0.5320228173,-1.760364479,2,0
0,0,-0.8492253056,-3.172024882,1,0
0,0,-1.278340882,-4.291155762,2,-1
1,1,-1.860685072,-5.823441903
0,0,0,0,2,0
0,0,-0.08476251694,-0.8476251694,2,0
0,0,-0.2597152897,-1.749527728,1,0
0,0,-0.4906133329,-2.308980432,2,0
0,0,-0.8732388392,-3.826255063,1,0
0,0,-1.370211415,-4.969725758,2,-1
1,1,-2.017344621,-6.47133206
0,0,0,0,1,0
0,0,-0.003715879121,-0.03715879121,2,0
0,0,-0.09791821314,-0.9420233402,1,0
0,0,-0.2167957949,-1.188775818,0,0
0,0,-0.2781326808,-0.6133688586,1,0
0,0,-0.3796110949,-1.014784141,1,0
0,0,-0.5320586702,-1.524475754,0,0
0,0,-0.7073106161,-1.752519459,2,0
0,0,-1.038106909,-3.307962934,0,0
0,0,-1.446663895,-4.08556986,0,-1
1,1,-1.988065093,-5.414011977
0,0,0,0,2,0
0,0,-0.08409204066,-0.8409204066,0,0
0,0,-0.08724423699,-0.03152196332,2,0
0,0,-0.2091865194,-1.219422824,2,0
0,0,-0.4412647107,-2.320781913,0,0
0,0,-0.6754303017,-2.34165591,2,0
0,0,-1.078010843,-4.025805411,2,-1
1,1,-1.645118351,-5.67107508
0,0,0,0,0,0
0,0,0.09911555332,0.9911555332,1,0
0,0,0.2189803907,1.198648374,0,0
0,0,0.4600387914,2.410584007,2,0
0,0,0.6913864447,2.313476533,2,0
0,0,0.9500041758,2.586177311,1,0
0,0,1.323580983,3.73576807,1,-1
1,1,1.832398158,5.088171753
0,0,0,0,0,0
0,0,0.08670648307,0.8670648307,2,0
0,0,0.09586621189,0.09159728816,1,0
0,0,0.119033194,0.2316698216,0,0
0,0,0.2620457459,1.430125518,0,0
0,0,0.5224171493,2.603714034,1,0
0,0,0.8467495024,3.243323532,0,0
0,0,1.337581174,4.908316712,0,-1
1,1,1.981643098,6.440619245
0,0,0,0,1,0
0,0,0.001747913054,0.01747913054,1,0
0,0,0.01233398569,0.1058607263,0,0
0,0,0.1070834091,0.9474942342,1,0
0,0,0.2302729187,1.231895096,0,0
0,0,0.4653292071,2.350562884,1,0
0,0,0.7712536821,3.05924475,2,0
0,0,1.122122112,3.508684299,0,-1
1,1,1.638085264,5.159631518
0,0,0,0,2,0
0,0,-0.09792239527,-0.9792239527,2,0
0,0,-0.2844429574,-1.865205621,0,0
0,0,-0.4209594016,-1.365164442,1,0
0,0,-0.61881646,-1.978570584,1,0
0,0,-0.9065383679,-2.877219079,2,0
0,0,-1.357028927,-4.504905588,0,-1
1,1,-1.92942849,-5.723995633
0,0,0,0,1,0
0,0,0.01357627962,0.1357627962,0,0
0,0,0.1194647794,1.058884998,1,0
0,0,0.2314363036,1.119715242,1,0
0,0,0.3686403767,1.37204073,0,0
0,0,0.6444016572,2.757612805,2,0
0,0,0.9335130566,2.891113994,1,0
0,0,1.333007071,3.994940142,2,-1
1,1,1.851905637,5.188985659
0,0,0,0,0,0
0,0,0.1023160731,1.023160731,0,0
0,0,0.2945723804,1.922563073,1,0
0,0,0.5436300145,2.490576341,0,0
0,0,0.9540998115,4.10469797,1,0
0,0,1.476886337,5.22786525,1,-1
1,1,2.142993658,6.661073219
0,0,0,0,2,0
0,0,-0.09181380572,-0.9181380572,2,0
0,0,-0.2736803329,-1.818665272,1,0
0,0,-0.5166932604,-2.430129275,0,0
0,0,-0.7729898051,-2.562965448,1,0
0,0,-1.125592035,-3.526022301,1,-1
1,1,-1.605037165,-4.794451302
0,0,0,0,1,0
0,0,0.01046554874,0.1046554874,2,0
0,0,-0.06930184324,-0.7976739198,0,0
0,0,-0.06567190698,0.03629936259,2,0
0,0,-0.1504187027,-0.8474679575,2,0
0,0,-0.3551796435,-2.047609407,0,0
0,0,-0.5481252863,-1.929456428,0,0
0,0,-0.7564184907,-2.082932044,1,0
0,0,-1.072039642,-3.15621151,0,0
0,0,-1.474059298,-4.020196566,1,-1
1,1,-2.020783045,-5.467237471
0,0,0,0,2,0
0,0,-0.1034260491,-1.034260491,2,0
0,0,-0.309947458,-2.065214089,0,0
0,0,-0.4690352217,-1.590877637,1,0
0,0,-0.7074817327,-2.38446511,1,0
0,0,-1.057020456,-3.495387237,1,0
0,0,-1.538439317,-4.814188603,0,-1
1,1,-2.163416164,-6.249768477
0,0,0,0,2,0
0,0,-0.0958822786,-0.958822786,2,0
0,0,-0.2845754435,-1.886931649,2,0
0,0,-0.605815549,-3.212401055,2,0
0,0,-1.080929564,-4.751140151,0,-1
1,1,-1.63837399,-5.574444258
0,0,0,0,1,0
0,0,-0.01070388016,-0.1070388016,2,0
0,0,-0.1116155684,-1.009116883,0,0
0,0,-0.1595442727,-0.4792870424,2,0
0,0,-0.3127789377,-1.532346651,2,0
0,0,-0.6132767,-3.004977623,0,0
0,0,-0.925738149,-3.12461449,0,0
0,0,-1.307202645,-3.81464496,0,-1
1,1,-1.807469047,-5.002664017
0,0,0,0,1,0
0,0,-0.003055086023,-0.03055086023,1,0
0,0,0.002401302365,0.05456388387,1,0
0,0,0.007725904729,0.05324602364,1,0
0,0,0.01385304872,0.06127143994,0,0
0,0,0.111912216,0.9805916732,2,0
0,0,0.1575158459,0.456036299,1,0
0,0,0.2251328381,0.6761699219,2,0
0,0,0.2538812476,0.287484095,1,0
0,0,0.3351102928,0.8122904519,2,0
0,0,0.3866091955,0.5149890264,2,0
0,0,0.4152623864,0.2865319091,0,0
0,0,0.5963764624,1.81114076,2,0
0,0,0.8024039944,2.06027532,2,0
0,0,1.060848867,2.584448725,1,0
0,0,1.447615914,3.867670469,0,-1
1,1,1.985984295,5.38368381
0,0,0,0,0,0
0,0,0.08634056153,0.8634056153,1,0
0,0,0.1982383302,1.118977687,1,0
0,0,0.3283749428,1.301366126,2,0
0,0,0.4209820556,0.9260711285,1,0
0,0,0.5857917381,1.648096825,0,0
0,0,0.9111632473,3.253715091,1,0
0,0,1.356809359,4.45646112,0,-1
1,1,1.958980213,6.021708542
0,0,0,0,2,0
0,0,-0.07937419227,-0.7937419227,1,0
0,0,-0.170343985,-0.9096979274,1,0
0,0,-0.2936662087,-1.233222236,0,0
0,0,-0.3882020244,-0.9453581575,1,0
0,0,-0.5442369452,-1.560349208,1,0
0,0,-0.7957306076,-2.514936624,0,0
0,0,-1.098849602,-3.031189943,1,0
0,0,-1.527360844,-4.285112416,2,-1
1,1,-2.104490378,-5.771295346
0,0,0,0,1,0
0,0,-0.004168318243,-0.04168318243,0,0
0,0,0.07123734011,0.7540565835,1,0
0,0,0.1467697831,0.7553244296,2,0
0,0,0.1490605126,0.02290729512,1,0
0,0,0.1746323498,0.2557183722,1,0
0,0,0.2218303555,0.4719800566,0,0
0,0,0.399086735,1.772563795,2,0
0,0,0.5693517789,1.702650439,2,0
0,0,0.7472341331,1.778823542,1,0
0,0,1.039420133,2.921859998,1,0
0,0,1.464598684,4.251785506,1,-1
1,1,2.031947361,5.673486775
0,0,0,0,1,0
0,0,0.01572531963,0.1572531963,2,0
0,0,-0.04335693258,-0.590822522,2,0
0,0,-0.200841253,-1.574843204,2,0
0,0,-0.4922721743,-2.914309213,0,0
0,0,-0.785425914,-2.931537397,0,0
0,0,-1.125467781,-3.400418667,1,-1
1,1,-1.599222954,-4.737551736
