2,1,1
0,0,0,0,0,0
0,0,0.08736978334,0.8736978334,2,0
0,0,0.102345002,0.1497521862,2,0
0,0,0.03860947643,-0.6373552554,0,0
0,0,0.08621598835,0.4760651193,2,0
0,0,0.04998318127,-0.3623280709,0,0
0,0,0.09679177726,0.4680859599,2,0
0,0,0.07871628215,-0.1807549511,2,0
0,0,-0.005101830139,-0.8381811229,2,0
0,0,-0.1831038275,-1.780019974,1,0
0,0,-0.3981298087,-2.150259812,1,0
0,0,-0.6643982898,-2.662684811,1,0
0,0,-1.015326401,-3.509281113,2,0
0,0,-1.535675434,-5.20349033,2,-1
1,1,-2.203730129,-6.680546945
0,0,0,0,1,0
0,0,0.01347591674,0.1347591674,0,0
0,0,0.109391662,0.9591574522,1,0
0,0,0.2228906442,1.134989823,1,0
0,0,0.3801030779,1.572124337,0,0
0,0,0.6877837039,3.07680626,2,0
0,0,1.032931985,3.451482806,1,0
0,0,1.494394034,4.614620495,1,-1
1,1,2.099472091,6.050780565
0,0,0,0,0,0
0,0,0.08603999461,0.8603999461,2,0
0,0,0.09136530487,0.05325310264,1,0
0,0,0.1156543031,0.2428899819,2,0
0,0,0.07464305949,-0.4101124357,1,0
0,0,0.0432630779,-0.313799816,2,0
0,0,-0.06465786278,-1.079209407,0,0
0,0,-0.1129308275,-0.4827296474,2,0
0,0,-0.2617724982,-1.488416707,2,0
0,0,-0.5338656778,-2.720931795,1,0
0,0,-0.8782293099,-3.443636321,2,0
0,0,-1.374961146,-4.967318363,1,-1
1,1,-2.007457941,-6.324967945
0,0,0,0,0,0
0,0,0.07405666796,0.7405666796,0,0
0,0,0.2392504254,1.651937574,1,0
0,0,0.4455240828,2.062736574,2,0
0,0,0.6465749692,2.010508863,1,0
0,0,0.954383369,3.078083998,1,0
0,0,1.385002435,4.306190661,1,-1
1,1,1.953448185,5.6844575
0,0,0,0,0,0
0,0,0.09523147945,0.9523147945,1,0
0,0,0.2092808378,1.140493584,1,0
0,0,0.3755790354,1.662981976,2,0
0,0,0.5301898561,1.546108207,0,0
0,0,0.8273599275,2.971700714,1,0
0,0,1.240528107,4.131681798,2,-1
1,1,1.764604678,5.240765703
0,0,0,0,0,0
0,0,0.07765243957,0.7765243957,1,0
0,0,0.153505279,0.7585283942,1,0
0,0,0.2587895502,1.052842712,1,0
0,0,0.4177383403,1.589487902,0,0
0,0,0.7115056475,2.937673071,1,0
0,0,1.104132151,3.926265039,1,-1
1,1,1.615994521,5.118623698
0,0,0,0,0,0
0,0,0.08030200452,0.8030200452,0,0
0,0,0.2706446271,1.903426226,0,0
0,0,0.5986885638,3.280439367,0,0
0,0,1.085809336,4.871207723,0,-1
1,1,1.733009922,6.472005855
0,0,0,0,1,0
0,0,-0.01048975206,-0.1048975206,1,0
0,0,-0.02232320766,-0.118334556,0,0
0,0,0.06709188246,0.8941509012,1,0
0,0,0.1661806919,0.9908880946,1,0
0,0,0.3014072842,1.352265923,2,0
0,0,0.3955181407,0.9411085648,0,0
0,0,0.6461182004,2.506000597,0,0
0,0,1.043391018,3.97272818,2,0
0,0,1.525314114,4.819230955,1,-1
1,1,2.152422105,6.271079913
0,0,0,0,2,0
0,0,-0.09441849507,-0.9441849507,0,0
0,0,-0.1070840431,-0.1266554802,2,0
0,0,-0.229169256,-1.220852129,1,0
0,0,-0.379484443,-1.50315187,2,0
0,0,-0.6789178134,-2.994333704,2,0
0,0,-1.128030503,-4.491126892,1,-1
1,1,-1.702652246,-5.746217434
0,0,0,0,2,0
0,0,-0.07825866868,-0.7825866868,0,0
0,0,-0.07774447148,0.005141971952,1,0
0,0,-0.07484637083,0.02898100652,1,0
0,0,-0.08802173771,-0.1317536688,1,0
0,0,-0.115634008,-0.2761227028,2,0
0,0,-0.243890954,-1.28256946,1,0
0,0,-0.4240466535,-1.801556995,2,0
0,0,-0.7546545792,-3.306079257,1,0
0,0,-1.17849503,-4.238404503,2,-1
1,1,-1.75629286,-5.777978309
0,0,0,0,0,0
0,0,0.07793899711,0.7793899711,0,0
0,0,0.2586147462,1.806757491,0,0
0,0,0.5819081537,3.232934075,2,0
0,0,0.9192080957,3.37299942,1,0
0,0,1.377875583,4.586674877,2,-1
1,1,1.962219709,5.843441253
0,0,0,0,1,0
0,0,0.004423006169,0.04423006169,0,0
0,0,0.08877608895,0.8435308278,1,0
0,0,0.1836675094,0.948914204,2,0
0,0,0.2188660641,0.3519855476,1,0
0,0,0.2866329821,0.6776691796,0,0
0,0,0.4916710116,2.050380295,2,0
0,0,0.6991950599,2.075240484,2,0
0,0,0.9486048632,2.494098033,2,0
0,0,1.276057828,3.274529652,0,-1
1,1,1.76087403,4.848162013
0,0,0,0,0,0
0,0,0.08537348084,0.8537348084,0,0
0,0,0.2817443324,1.963708516,0,0
0,0,0.6137227853,3.319784529,1,0
0,0,1.034066785,4.203440001,0,-1
1,1,1.610182431,5.761156452
0,0,0,0,0,0
0,0,0.1005806376,1.005806376,0,0
0,0,0.2997852288,1.992045912,1,0
0,0,0.5353292146,2.355439858,1,0
0,0,0.8533934547,3.180642401,1,0
0,0,1.286012297,4.326188426,1,-1
1,1,1.850635155,5.646228574
0,0,0,0,2,0
0,0,-0.09948868155,-0.9948868155,0,0
0,0,-0.1355327933,-0.3604411178,2,0
0,0,-0.289609276,-1.540764827,2,0
0,0,-0.5712322489,-2.816229728,1,0
0,0,-0.9462187812,-3.749865324,2,0
0,0,-1.475926857,-5.297080754,0,-1
1,1,-2.140608161,-6.646813045
0,0,0,0,0,0
0,0,0.08302669062,0.8302669062,0,0
0,0,0.2613072683,1.782805776,0,0
0,0,0.5641459231,3.028386548,1,0
0,0,0.9558609025,3.917149794,2,0
0,0,1.418519743,4.626588407,2,-1
1,1,2.00965458,5.911348364
0,0,0,0,2,0
0,0,-0.09329487376,-0.9329487376,2,0
0,0,-0.3047517844,-2.114569106,0,0
0,0,-0.4799101621,-1.751583777,0,0
0,0,-0.654301765,-1.743916029,1,0
0,0,-0.9359495815,-2.816478165,1,0
0,0,-1.344560885,-4.086113038,1,-1
1,1,-1.891014526,-5.464536406
0,0,0,0,1,0
0,0,-0.01383470873,-0.1383470873,1,0
0,0,-0.01995325154,-0.06118542815,1,0
0,0,-0.01876268496,0.01190566581,1,0
0,0,-0.01638486167,0.02377823298,2,0
0,0,-0.0986152629,-0.8223040123,2,0
0,0,-0.2879466705,-1.893314076,0,0
0,0,-0.4483115659,-1.603648955,1,0
0,0,-0.6933897492,-2.450781833,1,0
0,0,-1.025054678,-3.316649285,1,0
0,0,-1.473531226,-4.484765486,1,-1
1,1,-2.065012073,-5.914808463
0,0,0,0,1,0
0,0,-0.005599028909,-0.05599028909,1,0
0,0,-0.01910935964,-0.1351033073,0,0
0,0,0.06193959789,0.8104895753,2,0
0,0,0.06114465293,-0.00794944966,0,0
0,0,0.1548653793,0.9372072634,1,0
0,0,0.2688500797,1.139847005,0,0
0,0,0.5189668883,2.501168085,1,0
0,0,0.8458743598,3.269074715,1,0
0,0,1.284509694,4.386353337,1,-1
1,1,1.85828183,5.73772137
0,0,0,0,2,0
0,0,-0.09775776091,-0.9775776091,2,0
0,0,-0.2828971726,-1.851394117,1,0
0,0,-0.519852204,-2.369550313,2,0
0,0,-0.8974024839,-3.775502799,1,0
0,0,-1.38759958,-4.901970958,1,-1
1,1,-2.01898064,-6.313810599
0,0,0,0,0,0
0,0,0.09157671524,0.9157671524,1,0
0,0,0.2145331647,1.229564494,2,0
0,0,0.281972211,0.6743904631,0,0
0,0,0.4947329357,2.127607248,1,0
0,0,0.7687870394,2.740541037,2,0
0,0,1.081315866,3.125288262,0,0
0,0,1.563164817,4.818489516,2,-1
1,1,2.191072637,6.279078196
0,0,0,0,2,0
0,0,-0.09252735543,-0.9252735543,0,0
0,0,-0.1233083695,-0.3078101411,2,0
0,0,-0.2729109023,-1.496025328,0,0
0,0,-0.397471299,-1.245603967,2,0
0,0,-0.6662508059,-2.68779507,2,0
0,0,-1.105763508,-4.395127017,1,-1
1,1,-1.662733564,-5.569700561
0,0,0,0,1,0
0,0,-0.01048430951,-0.1048430951,2,0
0,0,-0.1201786849,-1.096943754,2,0
0,0,-0.3405220249,-2.2034334,0,0
0,0,-0.5278312005,-1.873091756,1,0
0,0,-0.7940054811,-2.661742806,2,0
0,0,-1.223099107,-4.290936262,0,-1
1,1,-1.75976496,-5.366658529
0,0,0,0,1,0
0,0,-0.0004297877346,-0.004297877346,2,0
0,0,-0.08617655458,-0.8574676685,1,0
0,0,-0.1786392504,-0.9246269582,1,0
0,0,-0.294884595,-1.162453446,2,0
0,0,-0.5399336219,-2.450490269,1,0
0,0,-0.8651961111,-3.252624892,0,0
0,0,-1.249227186,-3.840310746,0,-1
1,1,-1.748845108,-4.996179226
0,0,0,0,2,0
0,0,-0.1026506964,-1.026506964,2,0
0,0,-0.3119053484,-2.092546521,1,0
0,0,-0.5720031487,-2.600978002,1,0
0,0,-0.9214963612,-3.494932125,1,0
0,0,-1.39198001,-4.704836489,1,-1
1,1,-2.00161505,-6.096350395
0,0,0,0,0,0
0,0,0.09513992414,0.9513992414,2,0
0,0,0.106695385,0.1155546082,0,0
0,0,0.2139480942,1.072527093,0,0
0,0,0.4516969894,2.377488952,2,0
0,0,0.6751350749,2.234380855,0,0
0,0,1.048590281,3.734552062,1,0
0,0,1.544768292,4.961780108,0,-1
1,1,2.189074835,6.443065434
0,0,0,0,0,0
0,0,0.09950635412,0.9950635412,1,0
0,0,0.2087429638,1.092366097,2,0
0,0,0.2630371714,0.5429420755,2,0
0,0,0.288730055,0.2569288361,1,0
0,0,0.3714267584,0.8269670338,2,0
0,0,0.4199042021,0.4847744373,0,0
0,0,0.6237801599,2.038759578,1,0
0,0,0.9249769086,3.011967487,0,0
0,0,1.392124587,4.671476785,0,-1
1,1,2.013984419,6.218598317
0,0,0,0,2,0
0,0,-0.103548254,-1.03548254,2,0
0,0,-0.3007325723,-1.971843183,2,0
0,0,-0.6242347333,-3.235021609,1,0
0,0,-1.039259589,-4.150248558,2,-1
1,1,-1.621765753,-5.825061635
0,0,0,0,1,0
0,0,-0.005026737931,-0.05026737931,1,0
0,0,-0.005031233582,-4.49565025e-05,1,0
0,0,0.003052660151,0.08083893733,0,0
0,0,0.1092857803,1.062331202,1,0
0,0,0.2511243006,1.418385203,1,0
0,0,0.4408644445,1.897401438,2,0
0,0,0.6138816961,1.730172517,1,0
0,0,0.8866297007,2.727480046,2,0
0,0,1.226339535,3.397098344,1,-1
1,1,1.704337321,4.779977862
0,0,0,0,2,0
0,0,-0.07244200134,-0.7244200134,0,0
0,0,-0.07497605929,-0.02534057951,1,0
0,0,-0.09513200379,-0.201559445,2,0
0,0,-0.2356997969,-1.405677931,0,0
0,0,-0.3469425612,-1.112427643,1,0
0,0,-0.5254746591,-1.785320979,1,0
0,0,-0.7956950468,-2.702203876,1,0
0,0,-1.166851383,-3.71156336,0,-1
1,1,-1.639108481,-4.722570981
0,0,0,0,2,0
0,0,-0.09641134928,-0.9641134928,2,0
0,0,-0.2948212517,-1.984099024,0,0
0,0,-0.4449518248,-1.501305731,0,0
0,0,-0.5897742508,-1.44822426,2,0
0,0,-0.9066892559,-3.169150051,1,0
0,0,-1.342563495,-4.358742395,1,-1
1,1,-1.919585232,-5.770217363
0,0,0,0,2,0
0,0,-0.07191383411,-0.7191383411,0,0
0,0,-0.07983859309,-0.07924758985,2,0
0,0,-0.1723544821,-0.92515889,1,0
0,0,-0.3004548471,-1.28100365,1,0
0,0,-0.4934736319,-1.930187848,2,0
0,0,-0.8316861166,-3.382124848,1,0
0,0,-1.279266797,-4.475806806,2,-1
1,1,-1.880825244,-6.015584472
0,0,0,0,2,0
0,0,-0.07137207459,-0.7137207459,2,0
0,0,-0.2274734844,-1.561014098,0,0
0,0,-0.3530906336,-1.256171491,1,0
0,0,-0.5453867517,-1.922961181,0,0
0,0,-0.7542219172,-2.088351655,1,0
0,0,-1.070202496,-3.159805793,2,0
0,0,-1.552509735,-4.823072387,2,-1
1,1,-2.182642617,-6.301328814
0,0,0,0,1,0
0,0,-0.01021686621,-0.1021686621,2,0
0,0,-0.1260033696,-1.157865034,1,0
0,0,-0.2703287728,-1.443254032,1,0
0,0,-0.4587061665,-1.883773937,0,0
0,0,-0.6351409805,-1.76434814,2,0
0,0,-0.9754519559,-3.403109754,1,0
0,0,-1.434781819,-4.593298629,1,-1
1,1,-2.036706026,-6.01924207
0,0,0,0,0,0
0,0,0.1055326259,1.055326259,0,0
0,0,0.3298221718,2.24289546,0,0
0,0,0.6841915328,3.54369361,1,0
0,0,1.138108946,4.539174127,1,-1
1,1,1.717555161,5.794462153
0,0,0,0,2,0
0,0,-0.1054570432,-1.054570432,0,0
0,0,-0.1525818813,-0.4712483804,0,0
0,0,-0.1487104338,0.03871447445,0,0
0,0,-0.07521502035,0.7349541348,1,0
0,0,-0.003656255454,0.7155876489,1,0
0,0,0.06321824953,0.6687450498,2,0
0,0,0.05068849586,-0.1252975367,0,0
0,0,0.1358677946,0.8517929876,2,0
0,0,0.1525398803,0.1667208572,2,0
0,0,0.1067256156,-0.4581426478,2,0
0,0,-0.008129624776,-1.148552403,1,0
0,0,-0.1221777181,-1.140480934,2,0
0,0,-0.3536340626,-2.314563445,0,0
0,0,-0.5437151001,-1.900810375,1,0
0,0,-0.8115917335,-2.678766333,2,0
0,0,-1.252250575,-4.406588418,2,-1
1,1,-1.84945913,-5.972085545
0,0,0,0,0,0
0,0,0.08197946325,0.8197946325,1,0
0,0,0.1674159764,0.8543651316,1,0
0,0,0.2900268958,1.226109194,0,0
0,0,0.539983837,2.499569412,2,0
0,0,0.7970916103,2.571077732,2,0
0,0,1.107819747,3.107281363,1,0
0,0,1.548993555,4.41173808,2,-1
1,1,2.134897125,5.859035707
0,0,0,0,1,0
0,0,-0.01463005957,-0.1463005957,2,0
0,0,-0.1101316121,-0.9550155252,2,0
0,0,-0.3059595811,-1.95827969,2,0
0,0,-0.6220173947,-3.160578137,0,0
0,0,-0.9484976924,-3.264802977,2,0
0,0,-1.445689544,-4.971918519,0,-1
1,1,-2.074572699,-6.288831545
0,0,0,0,0,0
0,0,0.09052583654,0.9052583654,1,0
0,0,0.1893429246,0.9881708809,2,0
0,0,0.2481780956,0.5883517098,2,0
0,0,0.2691633845,0.2098528885,2,0
0,0,0.2491401716,-0.2002321288,1,0
0,0,0.2764481703,0.2730799868,0,0
0,0,0.4263117834,1.498636131,2,0
0,0,0.5753424612,1.490306778,0,0
0,0,0.8905459478,3.152034867,2,0
0,0,1.265148015,3.746020675,2,-1
1,1,1.755580733,4.90432718
0,0,0,0,1,0
0,0,-0.0103055704,-0.103055704,2,0
0,0,-0.0950397134,-0.84734143,1,0
0,0,-0.1943231814,-0.9928346798,0,0
0,0,-0.2443489703,-0.5002578897,2,0
0,0,-0.4075557855,-1.632068152,0,0
0,0,-0.5431249419,-1.355691564,1,0
0,0,-0.7614399244,-2.183149825,2,0
0,0,-1.140456443,-3.790165186,1,-1
1,1,-1.644082485,-5.036260419
0,0,0,0,0,0
0,0,0.09426549643,0.9426549643,0,0
0,0,0.2897774707,1.955119743,1,0
0,0,0.5209697099,2.311922392,1,0
0,0,0.8192400411,2.982703312,1,0
0,0,1.217565481,3.983254397,0,-1
1,1,1.772583268,5.550177868
0,0,0,0,1,0
0,0,-0.007792864489,-0.07792864489,0,0
0,0,0.0755856399,0.8337850439,0,0
0,0,0.2447988212,1.692131813,2,0
0,0,0.3663746313,1.215758101,0,0
0,0,0.6373110945,2.709364631,2,0
0,0,0.9217819283,2.844708339,2,0
0,0,1.277775153,3.559932248,1,-1
1,1,1.768390069,4.906149162
0,0,0,0,2,0
0,0,-0.1012378137,-1.012378137,1,0
0,0,-0.2247714047,-1.23533591,2,0
0,0,-0.4801187859,-2.553473812,2,0
0,0,-0.8896631182,-4.095443324,1,0
0,0,-1.403062969,-5.133998512,1,-1
1,1,-2.0547572,-6.516942302
0,0,0,0,2,0
0,0,-0.08738309151,-0.8738309151,0,0
0,0,-0.1025952367,-0.1521214515,0,0
0,0,-0.05183578306,0.5075945359,1,0
0,0,-0.008611825489,0.4322395757,1,0
0,0,0.04114342291,0.497552484,2,0
0,0,-0.00546147279,-0.466048957,1,0
0,0,-0.05051396671,-0.4505249392,0,0
0,0,-0.03185597934,0.1865798737,0,0
0,0,0.07075001139,1.026059907,2,0
0,0,0.1086145512,0.3786453986,2,0
0,0,0.09230292215,-0.1631162909,1,0
0,0,0.07730912918,-0.1499379297,0,0
0,0,0.1638521851,0.8654305587,1,0
0,0,0.2940708251,1.302186401,1,0
0,0,0.4857898058,1.917189807,0,0
0,0,0.8254242753,3.396344694,2,0
0,0,1.21824649,3.928222148,1,-1
1,1,1.741806521,5.235600311
0,0,0,0,1,0
0,0,0.01343432881,0.1343432881,1,0
0,0,0.01747342783,0.04039099019,1,0
0,0,0.01025597009,-0.07217457742,2,0
0,0,-0.09141361878,-1.016695889,1,0
0,0,-0.2095175788,-1.181039601,2,0
0,0,-0.4599780365,-2.504604576,1,0
0,0,-0.7938508178,-3.338727813,0,0
0,0,-1.172566492,-3.787156746,0,-1
1,1,-1.655574923,-4.830084303
0,0,0,0,2,0
0,0,-0.07768848251,-0.7768848251,2,0
0,0,-0.2482881124,-1.705996299,0,0
0,0,-0.3678701952,-1.195820828,1,0
0,0,-0.5455902606,-1.777200653,1,0
0,0,-0.7985279423,-2.529376818,2,0
0,0,-1.214208369,-4.156804265,1,-1
1,1,-1.762741873,-5.485335043
0,0,0,0,2,0
0,0,-0.07179687366,-0.7179687366,0,0
0,0,-0.07818523916,-0.06388365496,2,0
0,0,-0.1937184227,-1.155331836,1,0
0,0,-0.3516132935,-1.578948708,1,0
0,0,-0.569581575,-2.179682814,0,0
0,0,-0.8156822868,-2.461007118,1,0
0,0,-1.165111256,-3.49428969,1,-1
1,1,-1.651027982,-4.859167265
0,0,0,0,1,0
0,0,0.01131083275,0.1131083275,2,0
0,0,-0.0794840539,-0.9079488664,0,0
0,0,-0.09449002412,-0.1500597023,2,0
0,0,-0.2115466788,-1.170566547,0,0
0,0,-0.2676594303,-0.5611275144,0,0
0,0,-0.2908538612,-0.2319443093,2,0
0,0,-0.4363599275,-1.455060663,0,0
0,0,-0.583708267,-1.473483395,2,0
0,0,-0.8795299483,-2.958216812,0,0
0,0,-1.234411596,-3.54881648,2,-1
1,1,-1.749983475,-5.155718789
0,0,0,0,1,0
0,0,-0.004903839203,-0.04903839203,0,0
0,0,0.0880187119,0.9292255111,1,0
0,0,0.2031755121,1.151568002,1,0
0,0,0.3433627439,1.401872318,2,0
0,0,0.455099911,1.117371671,1,0
0,0,0.6487209159,1.936210049,1,0
0,0,0.9294804868,2.807595709,2,0
0,0,1.276880359,3.473998718,2,-1
1,1,1.739699085,4.628187264
0,0,0,0,0,0
0,0,0.1005347958,1.005347958,0,0
0,0,0.2999804597,1.99445664,2,0
0,0,0.4708504048,1.708699451,0,0
0,0,0.7930447402,3.221943353,2,0
0,0,1.16744942,3.744046799,2,-1
1,1,1.646262542,4.788131216
0,0,0,0,1,0
0,0,0.008391877073,0.08391877073,2,0
0,0,-0.08187015656,-0.9026203363,2,0
0,0,-0.2593314382,-1.774612817,0,0
0,0,-0.3924252225,-1.330937842,2,0
0,0,-0.6794884242,-2.870632017,0,0
0,0,-0.9852663554,-3.057779312,1,0
0,0,-1.40512404,-4.198576848,2,-1
1,1,-1.976738071,-5.716140306
0,0,0,0,0,0
0,0,0.09320849839,0.9320849839,2,0
0,0,0.1218104921,0.2860199372,0,0
0,0,0.2759820537,1.541715616,2,0
0,0,0.4037994759,1.278174221,2,0
0,0,0.5229161551,1.191166792,2,0
0,0,0.6558990905,1.329829355,2,0
0,0,0.8296252942,1.737262037,2,0
0,0,1.06172505,2.320997559,2,0
0,0,1.383387444,3.21662394,1,-1
1,1,1.84625156,4.628641157
0,0,0,0,0,0
0,0,0.07847375844,0.7847375844,2,0
0,0,0.06953457446,-0.0893918398,0,0
0,0,0.1453886369,0.758540624,1,0
0,0,0.2498950197,1.045063829,1,0
0,0,0.4012028456,1.513078259,2,0
0,0,0.5517029539,1.505001083,1,0
0,0,0.7770244481,2.253214941,1,0
0,0,1.10586252,3.288380715,2,0
0,0,1.522652562,4.167900429,2,-1
1,1,2.081966312,5.593137498
0,0,0,0,0,0
0,0,0.1028170459,1.028170459,2,0
0,0,0.1411849717,0.3836792589,2,0
0,0,0.1278028514,-0.1338212039,0,0
0,0,0.2184685085,0.9066565715,2,0
0,0,0.2767520825,0.5828357399,1,0
0,0,0.3687834469,0.9203136439,1,0
0,0,0.5359190684,1.671356215,2,0
0,0,0.7046551173,1.687360489,1,0
0,0,0.9864237183,2.81768601,1,0
0,0,1.394677507,4.082537892,1,-1
1,1,1.943949781,5.492722731
0,0,0,0,1,0
0,0,0.0144411261,0.144411261,0,0
0,0,0.1192995934,1.048584673,0,0
0,0,0.3217711085,2.024715151,0,0
0,0,0.6643784047,3.426072963,1,0
0,0,1.099072497,4.346940921,0,-1
1,1,1.698237611,5.991651138
0,0,0,0,0,0
0,0,0.105185811,1.05185811,1,0
0,0,0.2120245085,1.068386974,1,0
0,0,0.3552708461,1.432463376,1,0
0,0,0.5509941817,1.957233356,1,0
0,0,0.8443917009,2.933975192,2,0
0,0,1.205281523,3.608898219,0,-1
1,1,1.728874435,5.235929119
0,0,0,0,1,0
0,0,-0.009162430483,-0.09162430483,0,0
0,0,0.06221839731,0.7138082779,0,0
0,0,0.2265051105,1.642867132,1,0
0,0,0.435030866,2.085257555,1,0
0,0,0.7203675263,2.853366603,1,0
0,0,1.116580426,3.962129,2,-1
1,1,1.604578243,4.879978167
0,0,0,0,2,0
0,0,-0.1031261761,-1.031261761,0,0
0,0,-0.1297779132,-0.2665173705,1,0
0,0,-0.1680133066,-0.3823539338,0,0
0,0,-0.1577207463,0.1029256028,2,0
0,0,-0.2732573808,-1.155366345,1,0
0,0,-0.4458807308,-1.7262335,2,0
0,0,-0.7611927726,-3.153120418,1,0
0,0,-1.186582562,-4.253897896,0,-1
1,1,-1.710207867,-5.236253047
0,0,0,0,1,0
0,0,0.01192376363,0.1192376363,1,0
0,0,0.04137198703,0.294482234,2,0
0,0,-0.005415051823,-0.4678703885,0,0
0,0,0.04271951388,0.4813456571,2,0
0,0,-0.006769074584,-0.4948858847,0,0
0,0,0.01704474389,0.2381381847,1,0
0,0,0.03121420513,0.1416946124,1,0
0,0,0.03426889832,0.03054693185,0,0
0,0,0.1174797228,0.8321082445,0,0
0,0,0.30801429,1.905345672,2,0
0,0,0.4814920995,1.734778095,0,0
0,0,0.8014106271,3.199185276,0,0
0,0,1.27278759,4.713769632,2,-1
1,1,1.856052056,5.832644653
0,0,0,0,0,0
0,0,0.0841883229,0.841883229,1,0
0,0,0.1739852728,0.8979694991,2,0
0,0,0.2138272282,0.3984195543,1,0
0,0,0.2732198916,0.5939266334,0,0
0,0,0.4501433457,1.769234541,1,0
0,0,0.7094107813,2.592674356,1,0
0,0,1.066199578,3.567887967,1,0
0,0,1.54917145,4.829718719,0,-1
1,1,2.180221039,6.310495892
0,0,0,0,2,0
0,0,-0.09424946239,-0.9424946239,1,0
0,0,-0.2089417448,-1.146922824,0,0
0,0,-0.2723564681,-0.6341472327,0,0
0,0,-0.3108100252,-0.3845355714,1,0
0,0,-0.3969532979,-0.8614327265,0,0
0,0,-0.4649743806,-0.6802108271,0,0
0,0,-0.5449142342,-0.7993985358,0,0
0,0,-0.6306373624,-0.8572312824,0,0
0,0,-0.7365648371,-1.059274747,2,0
0,0,-1.001744538,-2.651797013,0,0
0,0,-1.347251978,-3.455074397,0,-1
1,1,-1.819448312,-4.721963339
0,0,0,0,2,0
0,0,-0.09484337484,-0.9484337484,2,0
0,0,-0.3109253312,-2.160819564,2,0
0,0,-0.6663030535,-3.553777222,1,0
0,0,-1.120582735,-4.542796813,1,-1
1,1,-1.693185301,-5.726025658
0,0,0,0,1,0
0,0,0.01162455746,0.1162455746,2,0
0,0,-0.07297517847,-0.8459973593,1,0
0,0,-0.1620159972,-0.8904081874,1,0
0,0,-0.2715213782,-1.09505381,1,0
0,0,-0.4368625334,-1.653411552,1,0
0,0,-0.678697359,-2.418348256,2,0
0,0,-1.093500075,-4.148027162,0,-1
1,1,-1.598271574,-5.047714988
0,0,0,0,2,0
0,0,-0.08207657964,-0.8207657964,2,0
0,0,-0.2817024593,-1.996258796,0,0
0,0,-0.4413015221,-1.595990628,2,0
0,0,-0.7584286166,-3.171270945,1,0
0,0,-1.174515208,-4.160865916,1,-1
1,1,-1.720284813,-5.457696045
0,0,0,0,2,0
0,0,-0.09351821994,-0.9351821994,2,0
0,0,-0.3035976466,-2.100794266,1,0
0,0,-0.5570993097,-2.535016632,2,0
0,0,-0.9553233698,-3.982240601,0,0
0,0,-1.413406713,-4.580833431,0,-1
1,1,-2.000837115,-5.874304016
0,0,0,0,0,0
0,0,0.09530786491,0.9530786491,2,0
0,0,0.1326596403,0.3735177541,0,0
0,0,0.2751595434,1.424999031,1,0
0,0,0.4634048681,1.882453246,1,0
0,0,0.7184738251,2.55068957,1,0
0,0,1.071578526,3.53104701,1,0
0,0,1.549269535,4.776910085,1,-1
1,1,2.173098182,6.238286476
0,0,0,0,0,0
0,0,0.07318237376,0.7318237376,2,0
0,0,0.07040645167,-0.0277592209,2,0
0,0,-0.01792641044,-0.8833286211,0,0
0,0,-0.01601862052,0.01907789915,0,0
0,0,0.05875518569,0.7477380621,0,0
0,0,0.2401196718,1.813644861,0,0
0,0,0.5456642804,3.055446086,1,0
0,0,0.9249480502,3.792837698,2,0
0,0,1.368103355,4.431553052,1,-1
1,1,1.948628742,5.80525387
0,0,0,0,2,0
0,0,-0.09354556955,-0.9354556955,2,0
0,0,-0.2902058095,-1.966602399,2,0
0,0,-0.6250970132,-3.348912038,0,0
0,0,-0.9869529557,-3.618559425,0,0
0,0,-1.432709328,-4.457563726,0,-1
1,1,-2.010911156,-5.782018275
0,0,0,0,1,0
0,0,-0.009980664741,-0.09980664741,1,0
0,0,-0.007533595434,0.02447069307,0,0
0,0,0.07363293551,0.8116653094,0,0
0,0,0.2517813681,1.781484326,1,0
0,0,0.461888851,2.101074829,2,0
0,0,0.6740924836,2.122036327,1,0
0,0,0.9857948993,3.117024157,1,0
0,0,1.413716756,4.279218568,0,-1
1,1,1.996405301,5.826885448
0,0,0,0,1,0
0,0,-0.001925063285,-0.01925063285,0,0
0,0,0.07345785373,0.7538291702,1,0
0,0,0.160252349,0.8679449525,2,0
0,0,0.1751308934,0.1487854442,0,0
0,0,0.2994721481,1.243412547,1,0
0,0,0.4792621787,1.797900306,0,0
0,0,0.7946787799,3.154166012,0,0
0,0,1.263409463,4.687306829,1,-1
1,1,1.868094821,6.046853584
0,0,0,0,1,0
0,0,0.009443608025,0.09443608025,0,0
0,0,0.105308213,0.9586460499,2,0
0,0,0.1437715561,0.3846334307,1,0
0,0,0.2234054085,0.7963385246,0,0
0,0,0.4094164927,1.860110842,0,0
0,0,0.7408274393,3.314109466,1,0
0,0,1.170188319,4.293608801,1,-1
1,1,1.730193671,5.600053513
0,0,0,0,1,0
0,0,-0.0166706548,-0.166706548,1,0
0,0,-0.03107234705,-0.1440169225,1,0
0,0,-0.04224161687,-0.1116926982,1,0
0,0,-0.06994659803,-0.2770498116,2,0
0,0,-0.1843995093,-1.144529113,2,0
0,0,-0.4011714024,-2.167718931,2,0
0,0,-0.7595838143,-3.584124118,2,0
0,0,-1.27807591,-5.18492096,0,-1
1,1,-1.901785026,-6.237091161
0,0,0,0,2,0
0,0,-0.08549889189,-0.8549889189,1,0
0,0,-0.1872870173,-1.017881255,0,0
0,0,-0.2441478713,-0.5686085395,2,0
0,0,-0.4420161626,-1.978682913,0,0
0,0,-0.6391052483,-1.970890856,1,0
0,0,-0.9309170482,-2.918117999,1,0
0,0,-1.338503969,-4.075869211,1,-1
1,1,-1.887892478,-5.493885085
0,0,0,0,2,0
0,0,-0.09397762822,-0.9397762822,1,0
0,0,-0.2161730072,-1.22195379,2,0
0,0,-0.4575882114,-2.414152042,2,0
0,0,-0.8402208785,-3.826326671,0,0
0,0,-1.270925869,-4.307049904,2,-1
1,1,-1.856031981,-5.851061119
0,0,0,0,2,0
0,0,-0.1022161204,-1.022161204,1,0
0,0,-0.2076341736,-1.054180531,0,0
0,0,-0.2650396429,-0.574054693,0,0
0,0,-0.2704347308,-0.05395087935,1,0
0,0,-0.3299861062,-0.5955137542,0,0
0,0,-0.3462862942,-0.1630018803,0,0
0,0,-0.3453957413,0.00890552892,1,0
0,0,-0.3905855322,-0.4518979084,1,0
0,0,-0.49765843,-1.070728978,0,0
0,0,-0.5967833327,-0.991249027,2,0
0,0,-0.8592614218,-2.624780892,1,0
0,0,-1.242338861,-3.830774393,2,-1
1,1,-1.783875459,-5.415365976
0,0,0,0,1,0
0,0,0.01071220059,0.1071220059,2,0
0,0,-0.06563035655,-0.7634255715,1,0
0,0,-0.155706046,-0.9007568943,1,0
0,0,-0.265976655,-1.10270609,1,0
0,0,-0.4119862103,-1.460095553,1,0
0,0,-0.6287759521,-2.167897418,2,0
0,0,-1.006656414,-3.778804623,2,0
0,0,-1.543865599,-5.372091851,1,-1
1,1,-2.227270589,-6.834049896
0,0,0,0,1,0
0,0,-0.01127054351,-0.1127054351,2,0
0,0,-0.1070621396,-0.9579159609,2,0
0,0,-0.2940470414,-1.869849018,1,0
0,0,-0.5235339805,-2.29486939,1,0
0,0,-0.8373352439,-3.138012634,2,0
0,0,-1.317178459,-4.798432156,1,-1
1,1,-1.930477412,-6.132989522
0,0,0,0,1,0
0,0,-0.01648923657,-0.1648923657,1,0
0,0,-0.04787462943,-0.3138539286,1,0
0,0,-0.07556901966,-0.2769439024,1,0
0,0,-0.123642467,-0.480734473,1,0
0,0,-0.1807467363,-0.5710426936,1,0
0,0,-0.2764139953,-0.9566725894,0,0
0,0,-0.3415505577,-0.6513656241,0,0
0,0,-0.3979946912,-0.5644413352,2,0
0,0,-0.5915375452,-1.93542854,1,0
0,0,-0.8775868333,-2.860492882,2,0
0,0,-1.332226847,-4.546400135,0,-1
1,1,-1.90551637,-5.732895234
0,0,0,0,1,0
0,0,0.00478740602,0.0478740602,2,0
0,0,-0.08793722084,-0.9272462685,2,0
0,0,-0.275421775,-1.874845542,1,0
0,0,-0.5207513685,-2.453295935,0,0
0,0,-0.7599687002,-2.392173316,2,0
0,0,-1.172414634,-4.124459335,2,-1
1,1,-1.74112973,-5.687150967
0,0,0,0,0,0
0,0,0.07065418383,0.7065418383,1,0
0,0,0.15271715,0.8206296616,1,0
0,0,0.2731215034,1.204043535,1,0
0,0,0.4548905693,1.817690658,0,0
0,0,0.7769149335,3.220243642,1,0
0,0,1.193175915,4.162609814,2,-1
1,1,1.710497717,5.173218019
0,0,0,0,2,0
0,0,-0.07736954835,-0.7736954835,1,0
0,0,-0.1519203168,-0.7455076843,0,0
0,0,-0.1483928522,0.03527464613,2,0
0,0,-0.2717773908,-1.233845386,1,0
0,0,-0.4550817188,-1.833043281,0,0
0,0,-0.6336209362,-1.785392174,2,0
0,0,-0.9859185962,-3.522976599,1,0
0,0,-1.452145165,-4.662265689,2,-1
1,1,-2.068256696,-6.161115309
0,0,0,0,1,0
0,0,-0.007462301442,-0.07462301442,0,0
0,0,0.08049660511,0.8795890655,0,0
0,0,0.2799030445,1.994064394,2,0
0,0,0.4370183436,1.571152991,0,0
0,0,0.7361900463,2.991717027,1,0
0,0,1.135449817,3.992597706,1,-1
1,1,1.656237638,5.207878211
0,0,0,0,0,0
0,0,0.09445343263,0.9445343263,0,0
0,0,0.2800250657,1.855716331,1,0
0,0,0.5015987273,2.215736616,2,0
0,0,0.7127331894,2.111344621,0,0
0,0,1.087196228,3.744630386,2,0
0,0,1.557312005,4.701157771,1,-1
1,1,2.173847232,6.16535227
0,0,0,0,2,0
0,0,-0.08276221723,-0.8276221723,2,0
0,0,-0.276071038,-1.933088208,1,0
0,0,-0.5020264855,-2.259554475,2,0
0,0,-0.8851447245,-3.83118239,0,0
0,0,-1.324287153,-4.391424284,1,-1
1,1,-1.902264743,-5.779775902
0,0,0,0,2,0
0,0,-0.08756973468,-0.8756973468,2,0
0,0,-0.2949782267,-2.07408492,1,0
0,0,-0.5431800769,-2.482018502,0,0
0,0,-0.7857993836,-2.426193067,0,0
0,0,-1.087172333,-3.013729493,2,0
0,0,-1.552904833,-4.657324998,1,-1
1,1,-2.165217267,-6.123124338
0,0,0,0,0,0
0,0,0.07192611248,0.7192611248,0,0
0,0,0.2336745519,1.617484394,0,0
0,0,0.5297190813,2.960445294,2,0
0,0,0.8178032491,2.880841677,2,0
0,0,1.15344746,3.356442105,0,-1
1,1,1.647005359,4.93557899
0,0,0,0,1,0
0,0,-0.002058578527,-0.02058578527,2,0
0,0,-0.1030355066,-1.009769281,2,0
0,0,-0.3234556785,-2.204201719,2,0
0,0,-0.6938812111,-3.704255326,0,0
0,0,-1.102015899,-4.081346879,0,-1
1,1,-1.602133483,-5.00117584
0,0,0,0,2,0
0,0,-0.07156207363,-0.7156207363,2,0
0,0,-0.2353727279,-1.638106542,2,0
0,0,-0.5318803599,-2.96507632,0,0
0,0,-0.8405473403,-3.086669805,2,0
0,0,-1.30352623,-4.629788896,2,-1
1,1,-1.921501479,-6.179752489
0,0,0,0,2,0
0,0,-0.09206909429,-0.9206909429,1,0
0,0,-0.2162455191,-1.241764249,1,0
0,0,-0.3868590111,-1.706134919,2,0
0,0,-0.6859271261,-2.99068115,2,0
0,0,-1.154166812,-4.682396857,2,-1
1,1,-1.777298125,-6.23131313
0,0,0,0,0,0
0,0,0.08018340119,0.8018340119,0,0
0,0,0.248365162,1.681817608,1,0
0,0,0.4665869559,2.182217939,2,0
0,0,0.6905690208,2.23982065,1,0
0,0,1.021062278,3.304932569,0,0
0,0,1.523451845,5.023895671,1,-1
1,1,2.170478536,6.470266909
0,0,0,0,2,0
0,0,-0.07845624497,-0.7845624497,1,0
0,0,-0.1843425376,-1.058862927,0,0
0,0,-0.2498424964,-0.6549995875,2,0
0,0,-0.4340437763,-1.842012799,2,0
0,0,-0.7487750398,-3.147312635,0,0
0,0,-1.101890059,-3.531150187,0,0
0,0,-1.548237778,-4.46347719,2,-1
1,1,-2.142629407,-5.943916291
0,0,0,0,1,0
0,0,-0.01177716313,-0.1177716313,2,0
0,0,-0.09958606547,-0.8780890234,0,0
0,0,-0.1304787894,-0.308927239,1,0
0,0,-0.1998654459,-0.6938665655,1,0
0,0,-0.3087764562,-1.089110102,2,0
0,0,-0.556150094,-2.473736379,1,0
0,0,-0.8843010437,-3.281509497,2,0
0,0,-1.372346233,-4.880451892,1,-1
1,1,-1.996786835,-6.244406021
0,0,0,0,1,0
0,0,0.01757457165,0.1757457165,0,0
0,0,0.114268525,0.9669395335,0,0
0,0,0.3206520345,2.063835095,2,0
0,0,0.509012599,1.883605645,1,0
0,0,0.7786235001,2.696109011,1,0
0,0,1.161071556,3.824480559,1,-1
1,1,1.672882188,5.118106323
0,0,0,0,1,0
0,0,0.0168139937,0.168139937,2,0
0,0,-0.06514593834,-0.8195993204,0,0
0,0,-0.08740090537,-0.2225496703,2,0
0,0,-0.225048973,-1.376480677,0,0
0,0,-0.2982415332,-0.7319256014,0,0
0,0,-0.3290398824,-0.3079834923,0,0
0,0,-0.3388515807,-0.09811698287,0,0
0,0,-0.3227984265,0.1605315422,2,0
0,0,-0.4527850232,-1.299865967,0,0
0,0,-0.5821461373,-1.293611141,1,0
0,0,-0.7926122681,-2.104661308,2,0
0,0,-1.169081004,-3.764687363,0,-1
1,1,-1.641540524,-4.724595194
0,0,0,0,2,0
0,0,-0.07932261637,-0.7932261637,2,0
0,0,-0.2765665333,-1.972439169,1,0
0,0,-0.5174806125,-2.409140792,1,0
0,0,-0.8488515109,-3.313708984,0,0
0,0,-1.233868468,-3.850169571,0,-1
1,1,-1.726408996,-4.925405282
0,0,0,0,2,0
0,0,-0.09739242859,-0.9739242859,0,0
0,0,-0.1216274998,-0.2423507119,2,0
0,0,-0.2681591067,-1.465316069,0,0
0,0,-0.3837671391,-1.156080324,1,0
0,0,-0.5470241851,-1.63257046,2,0
0,0,-0.8757969923,-3.287728072,1,0
0,0,-1.322249323,-4.464523304,2,-1
1,1,-1.927422346,-6.051730236
0,0,0,0,2,0
0,0,-0.07609394752,-0.7609394752,2,0
0,0,-0.2402679949,-1.641740473,0,0
0,0,-0.3603359484,-1.200679535,2,0
0,0,-0.629006441,-2.686704926,2,0
0,0,-1.064711637,-4.357051956,1,-1
1,1,-1.625307026,-5.605953897
0,0,0,0,0,0
0,0,0.09639118463,0.9639118463,2,0
0,0,0.1318258205,0.3543463587,1,0
0,0,0.1984037907,0.6657797025,0,0
0,0,0.3936629377,1.95259147,0,0
0,0,0.7411718594,3.475089217,1,0
0,0,1.185580018,4.44408159,2,-1
1,1,1.734526049,5.489460301
0,0,0,0,2,0
0,0,-0.09253728252,-0.9253728252,1,0
0,0,-0.1998372413,-1.072999588,2,0
0,0,-0.4319657508,-2.321285095,0,0
0,0,-0.66779079,-2.358250392,2,0
0,0,-1.053075684,-3.852848938,0,0
0,0,-1.52474842,-4.716727362,2,-1
1,1,-2.145824517,-6.210760974
0,0,0,0,1,0
0,0,0.005620224893,0.05620224893,1,0
0,0,0.02767216051,0.2205193562,0,0
0,0,0.1389366681,1.112645076,2,0
0,0,0.1846311137,0.4569444564,0,0
0,0,0.3315410865,1.469099728,1,0
0,0,0.5267515709,1.952104844,2,0
0,0,0.7198758702,1.931242993,1,0
0,0,1.01666806,2.967921901,0,0
0,0,1.474195577,4.575275171,2,-1
1,1,2.067229817,5.930342399
