2,1,1
0,0,0,0,2,0
0,0,-0.07744676155,-0.7744676155,0,0
0,0,-0.08823925504,-0.1079249349,2,0
0,0,-0.2058807517,-1.176414967,0,0
0,0,-0.2584189666,-0.5253821489,0,0
0,0,-0.2730500098,-0.1463104316,2,0
0,0,-0.4121122328,-1.39062223,1,0
0,0,-0.6150637363,-2.029515035,2,0
0,0,-0.9770113686,-3.619476324,1,0
0,0,-1.458532339,-4.8152097,0,-1
1,1,-2.074935686,-6.164033476
0,0,0,0,0,0
0,0,0.0839985349,0.839985349,0,0
0,0,0.254903464,1.709049291,2,0
0,0,0.3908688885,1.359654245,1,0
0,0,0.5973657608,2.064968722,2,0
0,0,0.8185676551,2.212018944,1,0
0,0,1.152731621,3.341639656,1,-1
1,1,1.612220501,4.594888799
0,0,0,0,2,0
0,0,-0.08332745649,-0.8332745649,0,0
0,0,-0.1078230418,-0.2449558527,1,0
0,0,-0.1521108298,-0.44287788,1,0
0,0,-0.2215144625,-0.6940363274,1,0
0,0,-0.3319566988,-1.104422363,0,0
0,0,-0.4271849258,-0.9522822704,0,0
0,0,-0.5048970807,-0.7771215487,0,0
0,0,-0.5761657431,-0.7126866236,2,0
0,0,-0.817233652,-2.41067909,2,0
0,0,-1.233701427,-4.16467775,0,-1
1,1,-1.761207959,-5.275065317
0,0,0,0,0,0
0,0,0.0922532248,0.922532248,2,0
0,0,0.1157547535,0.2350152868,1,0
0,0,0.1465063663,0.3075161285,1,0
0,0,0.2101535985,0.6364723217,0,0
0,0,0.3780238883,1.678702898,1,0
0,0,0.594420289,2.163964007,2,0
0,0,0.8343354169,2.399151279,0,0
0,0,1.239418635,4.050832185,1,-1
1,1,1.778603901,5.391852652
0,0,0,0,2,0
0,0,-0.1018255438,-1.018255438,0,0
0,0,-0.1236288545,-0.2180331071,2,0
0,0,-0.2490925287,-1.254636742,2,0
0,0,-0.5128340739,-2.637415451,1,0
0,0,-0.8398128479,-3.26978774,1,0
0,0,-1.271229969,-4.314171209,1,-1
1,1,-1.837092789,-5.658628199
0,0,0,0,2,0
0,0,-0.1003273278,-1.003273278,1,0
0,0,-0.2349831299,-1.34655802,2,0
0,0,-0.509180167,-2.741970371,2,0
0,0,-0.942674154,-4.334939871,0,0
0,0,-1.443003004,-5.003288495,2,-1
1,1,-2.092412053,-6.494090491
0,0,0,0,0,0
0,0,0.08134480058,0.8134480058,0,0
0,0,0.2724642634,1.911194628,0,0
0,0,0.6033135638,3.308493004,2,0
0,0,0.9481894395,3.448758757,1,0
0,0,1.409241792,4.610523521,0,-1
1,1,2.020728884,6.11487092
0,0,0,0,0,0
0,0,0.07351734133,0.7351734133,2,0
0,0,0.07142965123,-0.02087690098,2,0
0,0,-0.004940505556,-0.7637015679,2,0
0,0,-0.166295281,-1.613547755,2,0
0,0,-0.4579210229,-2.916257419,1,0
0,0,-0.8066587329,-3.487377099,0,0
0,0,-1.214365366,-4.07706633,0,-1
1,1,-1.72327094,-5.089055738
0,0,0,0,2,0
0,0,-0.09760498067,-0.9760498067,0,0
0,0,-0.122661007,-0.2505602638,2,0
0,0,-0.2441846438,-1.215236368,2,0
0,0,-0.4802735384,-2.360888946,1,0
0,0,-0.7941526786,-3.138791402,2,0
0,0,-1.277595501,-4.834428226,1,-1
1,1,-1.894950229,-6.173547277
0,0,0,0,0,0
0,0,0.07540191065,0.7540191065,0,0
0,0,0.242018749,1.666168384,1,0
0,0,0.4599214811,2.17902732,2,0
0,0,0.669887805,2.09966324,2,0
0,0,0.9016151685,2.317273634,0,0
0,0,1.298067776,3.964526071,2,-1
1,1,1.809329549,5.11261773
0,0,0,0,2,0
0,0,-0.09480296969,-0.9480296969,1,0
0,0,-0.2165990385,-1.217960688,1,0
0,0,-0.377809787,-1.612107485,0,0
0,0,-0.5123964535,-1.345866665,0,0
0,0,-0.6575923445,-1.45195891,0,0
0,0,-0.8275552279,-1.699628834,1,0
0,0,-1.119953846,-2.923986178,1,0
0,0,-1.548415378,-4.28461532,1,-1
1,1,-2.122924067,-5.745086895
0,0,0,0,1,0
0,0,-0.01396461579,-0.1396461579,1,0
0,0,-0.04018067676,-0.2621606097,2,0
0,0,-0.1578924866,-1.177118099,2,0
0,0,-0.3721310895,-2.142386029,0,0
0,0,-0.5599466798,-1.878155903,0,0
0,0,-0.7639821664,-2.040354866,0,0
0,0,-1.019246493,-2.552643263,1,0
0,0,-1.395445133,-3.761986408,0,-1
1,1,-1.900391064,-5.049459309
0,0,0,0,1,0
0,0,0.0004799571745,0.004799571745,1,0
0,0,0.01670188565,0.1622192847,2,0
0,0,-0.03589984949,-0.5260173514,1,0
0,0,-0.09554332232,-0.5964347283,1,0
0,0,-0.1799829514,-0.8443962904,1,0
0,0,-0.3049794676,-1.249965163,2,0
0,0,-0.5702476151,-2.652681475,1,0
0,0,-0.9124822489,-3.422346338,0,0
0,0,-1.326737554,-4.142553054,1,-1
1,1,-1.881774932,-5.550373777
0,0,0,0,1,0
0,0,0.00765045192,0.0765045192,1,0
0,0,-0.0003831220554,-0.08033573975,1,0
0,0,-0.01715135154,-0.1676822949,1,0
0,0,-0.0378476872,-0.2069633566,1,0
0,0,-0.05505379964,-0.1720611244,1,0
0,0,-0.09579191933,-0.4073811968,1,0
0,0,-0.1551959833,-0.5940406393,0,0
0,0,-0.1465909069,0.08605076367,1,0
0,0,-0.1643603504,-0.1776944346,1,0
0,0,-0.2076962244,-0.4333587403,1,0
0,0,-0.2966857013,-0.8898947693,0,0
0,0,-0.3684054223,-0.7171972104,0,0
0,0,-0.4050138762,-0.3660845386,2,0
0,0,-0.5814965105,-1.764826342,1,0
0,0,-0.8462497258,-2.647532154,2,0
0,0,-1.277756206,-4.315064806,1,-1
1,1,-1.846017479,-5.682612728
0,0,0,0,2,0
0,0,-0.08733654857,-0.8733654857,0,0
0,0,-0.09714718658,-0.09810638007,0,0
0,0,-0.05303107328,0.441161133,0,0
0,0,0.08306441629,1.360954896,1,0
0,0,0.245039466,1.619750497,0,0
0,0,0.5218687956,2.768293296,0,0
0,0,0.9435828157,4.217140201,1,0
0,0,1.477103694,5.335208779,1,-1
1,1,2.154401066,6.772973726
0,0,0,0,0,0
0,0,0.09595942819,0.9595942819,1,0
0,0,0.2207894925,1.248300643,0,0
0,0,0.4600083928,2.392189003,1,0
0,0,0.7822461454,3.222377526,1,0
0,0,1.20640721,4.241610651,1,-1
1,1,1.756800085,5.503928749
0,0,0,0,2,0
0,0,-0.08810434227,-0.8810434227,0,0
0,0,-0.1089473607,-0.2084301841,1,0
0,0,-0.1490497435,-0.4010238282,1,0
0,0,-0.2254046684,-0.7635492495,0,0
0,0,-0.2612579431,-0.3585327466,1,0
0,0,-0.3530241911,-0.91766248,2,0
0,0,-0.5869083506,-2.338841595,1,0
0,0,-0.8970509014,-3.101425508,1,0
0,0,-1.330365749,-4.333148472,2,-1
1,1,-1.919968188,-5.896024392
0,0,0,0,2,0
0,0,-0.09309309545,-0.9309309545,2,0
0,0,-0.3037583245,-2.10665229,0,0
0,0,-0.4719086469,-1.681503224,1,0
0,0,-0.7281514293,-2.562427824,1,0
0,0,-1.074783439,-3.466320097,2,-1
1,1,-1.588424128,-5.136406893
0,0,0,0,2,0
0,0,-0.1032939481,-1.032939481,2,0
0,0,-0.3075386256,-2.042446774,2,0
0,0,-0.6356316274,-3.280930018,1,0
0,0,-1.058745757,-4.231141293,0,0
0,0,-1.56518774,-5.064419829,2,-1
1,1,-2.218841026,-6.536532865
0,0,0,0,1,0
0,0,-0.005913623156,-0.05913623156,2,0
0,0,-0.118395052,-1.124814288,1,0
0,0,-0.252314068,-1.339190161,2,0
0,0,-0.5063099027,-2.539958347,2,0
0,0,-0.9214820336,-4.151721309,2,0
0,0,-1.490742205,-5.692601713,2,-1
1,1,-2.207857973,-7.171157683
0,0,0,0,0,0
0,0,0.08141401753,0.8141401753,1,0
0,0,0.1709790636,0.8956504603,1,0
0,0,0.280263243,1.092841794,1,0
0,0,0.4254649256,1.452016826,1,0
0,0,0.6413354767,2.158705511,2,0
0,0,0.8778834041,2.365479273,1,0
0,0,1.233457755,3.555743511,2,-1
1,1,1.702095592,4.68637837
0,0,0,0,2,0
0,0,-0.09031890239,-0.9031890239,2,0
0,0,-0.2922938876,-2.019749852,0,0
0,0,-0.4578000721,-1.655061844,0,0
0,0,-0.6138301728,-1.560301007,1,0
0,0,-0.8498459055,-2.360157327,1,0
0,0,-1.209005708,-3.591598026,0,-1
1,1,-1.674620142,-4.656144338
0,0,0,0,0,0
0,0,0.08319558195,0.8319558195,1,0
0,0,0.1685726814,0.8537709944,0,0
0,0,0.3832172103,2.146445289,0,0
0,0,0.7227817837,3.395645734,1,0
0,0,1.170852879,4.480710949,1,-1
1,1,1.746237798,5.753849193
0,0,0,0,0,0
0,0,0.08763895369,0.8763895369,2,0
0,0,0.1200258835,0.3238692985,1,0
0,0,0.17840984,0.5838395647,0,0
0,0,0.3405912833,1.621814433,2,0
0,0,0.4766566092,1.360653258,1,0
0,0,0.685726392,2.090697828,0,0
0,0,1.056689085,3.709626931,0,-1
1,1,1.589241865,5.3255278
0,0,0,0,0,0
0,0,0.1004669378,1.004669378,2,0
0,0,0.1461903891,0.4572345128,0,0
0,0,0.3069925312,1.608021421,2,0
0,0,0.4378755772,1.308830459,0,0
0,0,0.7073384404,2.694628632,1,0
0,0,1.070961329,3.636228884,2,0
0,0,1.516002668,4.450413392,1,-1
1,1,2.106123942,5.901212741
0,0,0,0,1,0
0,0,0.01408158408,0.1408158408,2,0
0,0,-0.06267845987,-0.7676004396,2,0
0,0,-0.246783263,-1.841048031,1,0
0,0,-0.477490979,-2.30707716,2,0
0,0,-0.8527532178,-3.752622388,0,0
0,0,-1.284645755,-4.318925372,0,-1
1,1,-1.833477665,-5.488319105
0,0,0,0,1,0
0,0,-0.0003207156669,-0.003207156669,1,0
0,0,-0.01755110965,-0.1723039399,2,0
0,0,-0.1329109367,-1.153598271,2,0
0,0,-0.3624776461,-2.295667094,1,0
0,0,-0.6550808033,-2.926031572,1,0
0,0,-1.031503565,-3.764227618,0,0
0,0,-1.494397417,-4.628938523,0,-1
1,1,-2.095774798,-6.013773809
0,0,0,0,0,0
0,0,0.1014184564,1.014184564,2,0
0,0,0.1220810848,0.2066262833,1,0
0,0,0.1667009978,0.4461991299,1,0
0,0,0.2306805986,0.6397960088,1,0
0,0,0.3413091085,1.106285098,1,0
0,0,0.5193224287,1.780133202,1,0
0,0,0.7682974488,2.489750201,2,0
0,0,1.075943936,3.076464875,0,0
0,0,1.551279473,4.753355363,1,-1
1,1,2.172997439,6.217179661
0,0,0,0,1,0
0,0,-0.001683019994,-0.01683019994,2,0
0,0,-0.1015357621,-0.998527421,1,0
0,0,-0.2013419107,-0.9980614862,2,0
0,0,-0.4308474672,-2.295055565,2,0
0,0,-0.8134330105,-3.825855433,1,0
0,0,-1.29046004,-4.770270296,0,-1
1,1,-1.877973938,-5.875138981
0,0,0,0,1,0
0,0,0.01444352404,0.1444352404,1,0
0,0,0.03857554396,0.2413201992,0,0
0,0,0.1547343927,1.161588487,0,0
0,0,0.3907335288,2.359991361,0,0
0,0,0.780450438,3.897169092,0,0
0,0,1.319768803,5.393183646,0,-1
1,1,2.014569773,6.948009704
0,0,0,0,0,0
0,0,0.07121570991,0.7121570991,1,0
0,0,0.1519038818,0.8068817189,2,0
0,0,0.1818046375,0.2990075573,1,0
0,0,0.2265159148,0.4471127723,0,0
0,0,0.394200403,1.676844882,1,0
0,0,0.6321854122,2.379850093,1,0
0,0,0.9746549604,3.424695482,0,0
0,0,1.47323818,4.985832192,2,-1
1,1,2.107322132,6.340839524
0,0,0,0,1,0
0,0,-0.006409395141,-0.06409395141,2,0
0,0,-0.09370640052,-0.8729700538,0,0
0,0,-0.0923195808,0.01386819721,1,0
0,0,-0.1227725218,-0.3045294097,2,0
0,0,-0.2774749194,-1.547023976,0,0
0,0,-0.3807343734,-1.03259454,1,0
0,0,-0.54528827,-1.645538966,0,0
0,0,-0.730364039,-1.85075769,2,0
0,0,-1.089939758,-3.59575719,1,-1
1,1,-1.581352248,-4.9141249
0,0,0,0,0,0
0,0,0.09945075058,0.9945075058,0,0
0,0,0.3120919617,2.126412111,2,0
0,0,0.5002748118,1.881828501,1,0
0,0,0.774150261,2.738754491,1,0
0,0,1.147029274,3.728790132,1,-1
1,1,1.653517224,5.064879496
0,0,0,0,2,0
0,0,-0.09108886462,-0.9108886462,1,0
0,0,-0.1991300876,-1.080412229,0,0
0,0,-0.2486323695,-0.4950228189,1,0
0,0,-0.3430325298,-0.9440016032,0,0
0,0,-0.4236922054,-0.8065967565,2,0
0,0,-0.6387350429,-2.150428375,0,0
0,0,-0.8816647843,-2.429297414,0,0
0,0,-1.19536575,-3.137009659,2,-1
1,1,-1.67235566,-4.769899096
0,0,0,0,1,0
0,0,-0.0004358137551,-0.004358137551,2,0
0,0,-0.1033635602,-1.029277465,1,0
0,0,-0.2360299423,-1.326663821,0,0
0,0,-0.3205758713,-0.8454592894,1,0
0,0,-0.4744879901,-1.539121188,2,0
0,0,-0.7776367203,-3.031487302,0,0
0,0,-1.117587352,-3.399506319,2,-1
1,1,-1.625668894,-5.080815421
0,0,0,0,2,0
0,0,-0.07085589596,-0.7085589596,2,0
0,0,-0.2495789488,-1.787230528,1,0
0,0,-0.4735523673,-2.239734185,1,0
0,0,-0.7622537769,-2.887014096,1,0
0,0,-1.157175158,-3.949213812,0,-1
1,1,-1.654362846,-4.971876876
0,0,0,0,2,0
0,0,-0.07614750425,-0.7614750425,0,0
0,0,-0.0672504735,0.08897030748,0,0
0,0,0.03095476601,0.9820523952,0,0
0,0,0.2121703967,1.812156307,1,0
0,0,0.4247182434,2.125478467,1,0
0,0,0.7136728181,2.889545747,2,0
0,0,1.035742584,3.220697657,0,0
0,0,1.519082046,4.833394621,0,-1
1,1,2.151924247,6.328422014
0,0,0,0,0,0
0,0,0.09323557411,0.9323557411,0,0
0,0,0.2784833128,1.852477387,1,0
0,0,0.5013648491,2.228815363,0,0
0,0,0.8696111489,3.682462999,1,0
0,0,1.348865134,4.792539852,1,-1
1,1,1.963613366,6.147482323
0,0,0,0,2,0
0,0,-0.09741751754,-0.9741751754,0,0
0,0,-0.1152825094,-0.1786499183,2,0
0,0,-0.2545966285,-1.393141191,1,0
0,0,-0.4470152172,-1.924185887,2,0
0,0,-0.7762601772,-3.292449601,1,0
0,0,-1.204091312,-4.278311348,2,-1
1,1,-1.789801414,-5.857101021
0,0,0,0,2,0
0,0,-0.1034671182,-1.034671182,0,0
0,0,-0.14344533,-0.3997821181,0,0
0,0,-0.1188804574,0.2456487257,0,0
0,0,-0.02110618911,0.9777426833,2,0
0,0,-0.01460258209,0.0650360702,0,0
0,0,0.08390897192,0.9851155401,1,0
0,0,0.2076133368,1.237043649,0,0
0,0,0.4512788879,2.436655511,1,0
0,0,0.7600945723,3.088156844,2,0
0,0,1.113000346,3.529057732,1,-1
1,1,1.589791599,4.767912531
0,0,0,0,1,0
0,0,0.006757437785,0.06757437785,0,0
0,0,0.1092834075,1.025259697,0,0
0,0,0.3261809796,2.168975721,2,0
0,0,0.5110669969,1.848860173,1,0
0,0,0.7669794716,2.559124747,1,0
0,0,1.122563153,3.555836817,0,-1
1,1,1.639226081,5.166629272
0,0,0,0,0,0
0,0,0.100997789,1.00997789,0,0
0,0,0.2975918348,1.965940457,2,0
0,0,0.4724654497,1.74873615,0,0
0,0,0.7900532294,3.175877796,2,0
0,0,1.154850887,3.647976581,1,-1
1,1,1.645336423,4.904855359
0,0,0,0,1,0
0,0,0.009439343616,0.09439343616,2,0
0,0,-0.06302329726,-0.7246264087,2,0
0,0,-0.2419276986,-1.789044013,1,0
0,0,-0.4717259148,-2.297982162,0,0
0,0,-0.71055227,-2.388263552,0,0
0,0,-0.9773694945,-2.668172245,1,0
0,0,-1.366380773,-3.890112782,1,-1
1,1,-1.896059099,-5.296783262
0,0,0,0,2,0
0,0,-0.08967432842,-0.8967432842,0,0
0,0,-0.08956110971,0.001132187109,2,0
0,0,-0.1999847132,-1.104236035,0,0
0,0,-0.2456795999,-0.4569488675,0,0
0,0,-0.2407890073,0.04890592569,0,0
0,0,-0.1954226187,0.4536638864,2,0
0,0,-0.2601350472,-0.6471242854,0,0
0,0,-0.2874470332,-0.2731198596,2,0
0,0,-0.4615437743,-1.740967411,0,0
0,0,-0.6233330538,-1.617892794,0,0
0,0,-0.809150162,-1.858171083,2,0
0,0,-1.172855923,-3.637057613,1,-1
1,1,-1.667136789,-4.94280866
0,0,0,0,2,0
0,0,-0.07370589779,-0.7370589779,1,0
0,0,-0.1766571935,-1.029512957,1,0
0,0,-0.296036455,-1.193792614,2,0
0,0,-0.538414668,-2.423782131,1,0
0,0,-0.8699520584,-3.315373904,2,0
0,0,-1.359627589,-4.896755303,2,-1
1,1,-2.005192766,-6.455651776
0,0,0,0,1,0
0,0,0.01707906021,0.1707906021,1,0
0,0,0.04332948627,0.2625042606,0,0
0,0,0.164127112,1.207976258,0,0
0,0,0.389377973,2.25250861,1,0
0,0,0.6796383609,2.902603879,1,0
0,0,1.056081605,3.764432439,1,0
0,0,1.551694982,4.956133767,2,-1
1,1,2.192218158,6.405231765
0,0,0,0,1,0
0,0,-0.01718225678,-0.1718225678,2,0
0,0,-0.1171728437,-0.9999058696,0,0
0,0,-0.1640475955,-0.4687475173,2,0
0,0,-0.3181808695,-1.541332741,1,0
0,0,-0.5262881412,-2.081072717,0,0
0,0,-0.7521178094,-2.258296681,0,0
0,0,-1.022468661,-2.703508512,0,0
0,0,-1.380224857,-3.577561966,0,-1
1,1,-1.867584667,-4.873598102
0,0,0,0,2,0
0,0,-0.07152928763,-0.7152928763,2,0
0,0,-0.241408592,-1.698793044,2,0
0,0,-0.5478312026,-3.064226106,2,0
0,0,-1.007270389,-4.594391862,1,-1
1,1,-1.582333378,-5.750629889
0,0,0,0,2,0
0,0,-0.09311786678,-0.9311786678,0,0
0,0,-0.1304473669,-0.3732950008,1,0
0,0,-0.1873740314,-0.569266645,0,0
0,0,-0.2047844497,-0.1741041832,0,0
0,0,-0.1558599335,0.4892451615,0,0
0,0,-0.05334505105,1.025148825,2,0
0,0,-0.05816367493,-0.04818623883,0,0
0,0,0.01135301847,0.6951669341,2,0
0,0,0.007589150631,-0.03763867842,2,0
0,0,-0.09879719766,-1.063863483,0,0
0,0,-0.1360307241,-0.3723352648,1,0
0,0,-0.1795459089,-0.4351518472,1,0
0,0,-0.243155416,-0.6360950717,2,0
0,0,-0.445891949,-2.02736533,0,0
0,0,-0.6462427205,-2.003507715,2,0
0,0,-1.005348177,-3.591054563,0,0
0,0,-1.442091417,-4.367432405,1,-1
1,1,-2.021875603,-5.797841857
0,0,0,0,0,0
0,0,0.1056875073,1.056875073,1,0
0,0,0.2321469468,1.264594395,2,0
0,0,0.3152507089,0.8310376208,1,0
0,0,0.4631810049,1.479302961,2,0
0,0,0.5941921534,1.310111484,0,0
0,0,0.8837366752,2.895445219,2,0
0,0,1.229614062,3.458773872,0,-1
1,1,1.737339303,5.077252408
0,0,0,0,2,0
0,0,-0.08618381834,-0.8618381834,0,0
0,0,-0.08474365981,0.01440158538,2,0
0,0,-0.176405226,-0.9166156615,1,0
0,0,-0.2946881958,-1.182829698,1,0
0,0,-0.4593780095,-1.646898137,0,0
0,0,-0.6339893395,-1.7461133,1,0
0,0,-0.8972242703,-2.632349308,1,0
0,0,-1.279085505,-3.818612342,0,-1
1,1,-1.775304509,-4.96219004
0,0,0,0,0,0
0,0,0.08665104449,0.8665104449,2,0
0,0,0.1151713446,0.2852030008,1,0
0,0,0.1471641119,0.319927673,1,0
0,0,0.19056211,0.433979981,2,0
0,0,0.1773900222,-0.1317208774,1,0
0,0,0.1860041236,0.08614101391,2,0
0,0,0.1574466474,-0.2855747618,2,0
0,0,0.07019589067,-0.8725075678,0,0
0,0,0.09418861544,0.2399272477,0,0
0,0,0.2245640655,1.303754501,1,0
0,0,0.3806487104,1.560846449,1,0
0,0,0.5897689036,2.091201932,0,0
0,0,0.9627721334,3.730032297,0,0
0,0,1.503690626,5.409184924,0,-1
1,1,2.193653425,6.899627988
0,0,0,0,2,0
0,0,-0.1049705994,-1.049705994,1,0
0,0,-0.2382413626,-1.332707632,2,0
0,0,-0.4836190715,-2.453777088,0,0
0,0,-0.7260102432,-2.423911718,1,0
0,0,-1.082152377,-3.561421334,0,0
0,0,-1.525485193,-4.433328166,1,-1
1,1,-2.114788295,-5.893031022
0,0,0,0,2,0
0,0,-0.09658626857,-0.9658626857,1,0
0,0,-0.2065602785,-1.099740099,0,0
0,0,-0.2704414526,-0.6388117406,0,0
0,0,-0.2950932652,-0.2465181269,0,0
0,0,-0.2794109164,0.1568234888,2,0
0,0,-0.4037625515,-1.243516352,0,0
0,0,-0.5152050059,-1.114424544,0,0
0,0,-0.6278355414,-1.126305355,0,0
0,0,-0.7607874267,-1.329518853,1,0
0,0,-1.00968682,-2.488993937,1,0
0,0,-1.386754466,-3.77067646,1,-1
1,1,-1.903914296,-5.171598296
0,0,0,0,1,0
0,0,-0.008970211936,-0.08970211936,0,0
0,0,0.08112517645,0.9009538839,1,0
0,0,0.1878240841,1.066989076,0,0
0,0,0.3984405734,2.106164893,2,0
0,0,0.6051619848,2.067214114,1,0
0,0,0.8995022844,2.943402996,2,0
0,0,1.252631874,3.531295899,1,-1
1,1,1.746400248,4.937683736
0,0,0,0,1,0
0,0,0.01748050934,0.1748050934,0,0
0,0,0.1265069302,1.090264209,0,0
0,0,0.3501510281,2.236440978,1,0
0,0,0.6150439705,2.648929425,2,0
0,0,0.9126778006,2.976338301,0,0
0,0,1.373014181,4.603363802,2,-1
1,1,1.956589305,5.835751239
0,0,0,0,1,0
0,0,0.00977729005,0.0977729005,2,0
0,0,-0.08340555586,-0.9318284591,2,0
0,0,-0.2887120228,-2.053064669,2,0
0,0,-0.6105159828,-3.2180396,2,0
0,0,-1.074638741,-4.64122758,2,-1
1,1,-1.698164434,-6.235256935
0,0,0,0,1,0
0,0,-0.01728673699,-0.1728673699,0,0
0,0,0.06314298687,0.8042972386,0,0
0,0,0.2315946271,1.684516402,0,0
0,0,0.5202804605,2.886858333,1,0
0,0,0.8989961062,3.787156458,1,0
0,0,1.396912784,4.979166777,0,-1
1,1,2.048035616,6.511228322
0,0,0,0,0,0
0,0,0.100746322,1.00746322,0,0
0,0,0.3223396365,2.215933144,0,0
0,0,0.6890497081,3.667100717,1,0
0,0,1.140292119,4.512424108,1,-1
1,1,1.710941719,5.706496002
0,0,0,0,2,0
0,0,-0.1045901932,-1.045901932,1,0
0,0,-0.2374972612,-1.32907068,1,0
0,0,-0.4018497009,-1.643524397,2,0
0,0,-0.7191452623,-3.172955614,1,0
0,0,-1.130019797,-4.108745342,2,-1
1,1,-1.697767168,-5.677473717
0,0,0,0,1,0
0,0,-0.01650499359,-0.1650499359,2,0
0,0,-0.1179658611,-1.014608675,0,0
0,0,-0.1390015876,-0.2103572655,0,0
0,0,-0.09556653775,0.4343504987,2,0
0,0,-0.1425717406,-0.470052029,0,0
0,0,-0.1392782574,0.0329348328,0,0
0,0,-0.08653915735,0.5273910002,0,0
0,0,0.05438590158,1.409250589,2,0
0,0,0.1173685279,0.6298262635,2,0
0,0,0.1260184285,0.0864990058,0,0
0,0,0.2466047396,1.205863111,0,0
0,0,0.4878676945,2.412629549,1,0
0,0,0.7926347076,3.047670131,0,0
0,0,1.25980715,4.671724419,1,-1
1,1,1.86240165,6.025945001
0,0,0,0,1,0
0,0,0.005568541559,0.05568541559,1,0
0,0,0.02734840859,0.2177986703,0,0
0,0,0.1271479584,0.9979954977,2,0
0,0,0.1457298338,0.1858187547,1,0
0,0,0.1983631572,0.5263332334,0,0
0,0,0.359275727,1.609125698,0,0
0,0,0.656528043,2.97252316,0,0
0,0,1.120365763,4.638377204,2,-1
1,1,1.673293607,5.529278434
0,0,0,0,2,0
0,0,-0.1013025918,-1.013025918,2,0
0,0,-0.3115170617,-2.102144699,2,0
0,0,-0.638373747,-3.268566853,1,0
0,0,-1.047240209,-4.088664618,1,-1
1,1,-1.581558345,-5.343181363
0,0,0,0,0,0
0,0,0.09998705615,0.9998705615,0,0
0,0,0.3094127798,2.094257236,1,0
0,0,0.5615465824,2.521338027,0,0
0,0,0.9641464532,4.025998708,2,0
0,0,1.445554189,4.814077361,2,-1
1,1,2.060901957,6.153477677
0,0,0,0,0,0
0,0,0.08096809097,0.8096809097,2,0
0,0,0.08230272713,0.01334636163,1,0
0,0,0.1138661531,0.3156342597,0,0
0,0,0.239623037,1.257568839,1,0
0,0,0.3931470508,1.535240138,0,0
0,0,0.6949825035,3.018354528,2,0
0,0,1.018022668,3.230401643,1,0
0,0,1.471048761,4.530260927,1,-1
1,1,2.067981655,5.969328943
0,0,0,0,0,0
0,0,0.09442130972,0.9442130972,2,0
0,0,0.129712704,0.352913943,1,0
0,0,0.1904842283,0.6077152431,1,0
0,0,0.2909911707,1.005069424,1,0
0,0,0.4432032292,1.522120585,1,0
0,0,0.6684483502,2.25245121,1,0
0,0,0.9995248496,3.310764993,2,0
0,0,1.414997979,4.154731299,2,-1
1,1,1.959758404,5.447604243
0,0,0,0,2,0
0,0,-0.1010971559,-1.010971559,0,0
0,0,-0.1276908539,-0.2659369795,0,0
0,0,-0.07207012017,0.5562073373,1,0
0,0,-0.03018088728,0.418892329,2,0
0,0,-0.06884286082,-0.3866197354,1,0
0,0,-0.1294541036,-0.6061124283,1,0
0,0,-0.1966679039,-0.6721380021,2,0
0,0,-0.3701362383,-1.734683344,2,0
0,0,-0.6890989208,-3.189626825,1,0
0,0,-1.1064045,-4.173055796,0,-1
1,1,-1.618045927,-5.116414263
0,0,0,0,2,0
0,0,-0.08413096454,-0.8413096454,2,0
0,0,-0.2831629317,-1.990319671,2,0
0,0,-0.5989603598,-3.157974281,2,0
0,0,-1.057774832,-4.58814472,2,-1
1,1,-1.675860044,-6.180852122
0,0,0,0,2,0
0,0,-0.08048475117,-0.8048475117,1,0
0,0,-0.1813777369,-1.008929857,1,0
0,0,-0.3066906971,-1.253129602,2,0
0,0,-0.5805861395,-2.738954423,2,0
0,0,-1.013616783,-4.330306433,0,0
0,0,-1.516650999,-5.03034216,2,-1
1,1,-2.168395319,-6.517443198
0,0,0,0,0,0
0,0,0.07424460806,0.7424460806,0,0
0,0,0.2384172122,1.641726042,1,0
0,0,0.4534135154,2.149963031,1,0
0,0,0.7304697777,2.770562624,0,0
0,0,1.165783487,4.353137096,1,-1
1,1,1.726410238,5.606267507
0,0,0,0,1,0
0,0,-0.01601226477,-0.1601226477,0,0
0,0,0.04198670144,0.5799896621,2,0
0,0,0.0040520538,-0.3793464764,1,0
0,0,-0.02637961737,-0.3043167117,2,0
0,0,-0.1611213441,-1.347417267,0,0
0,0,-0.228718495,-0.6759715097,2,0
0,0,-0.436181792,-2.074632969,2,0
0,0,-0.7832360128,-3.470542208,0,0
0,0,-1.170356629,-3.871206162,0,-1
1,1,-1.659586811,-4.892301821
0,0,0,0,2,0
0,0,-0.09808066941,-0.9808066941,1,0
0,0,-0.2066532926,-1.085726232,2,0
0,0,-0.4267046711,-2.200513785,0,0
0,0,-0.6220687618,-1.953640907,1,0
0,0,-0.911111127,-2.890423652,1,0
0,0,-1.323273059,-4.121619316,1,-1
1,1,-1.876128789,-5.528557301
0,0,0,0,1,0
0,0,0.01297003906,0.1297003906,1,0
0,0,0.01721747776,0.042474387,1,0
0,0,0.03399196185,0.167744841,0,0
0,0,0.1491944134,1.152024516,1,0
0,0,0.3065840692,1.573896558,2,0
0,0,0.4239158449,1.173317756,0,0
0,0,0.6821777631,2.582619182,0,0
0,0,1.098391873,4.162141101,1,-1
1,1,1.639942873,5.415510001
0,0,0,0,2,0
0,0,-0.08269635099,-0.8269635099,2,0
0,0,-0.2734277026,-1.907313516,2,0
0,0,-0.6067724467,-3.33344744,0,0
0,0,-0.9476932364,-3.409207897,0,0
0,0,-1.351371572,-4.036783357,0,-1
1,1,-1.879396826,-5.28025254
0,0,0,0,2,0
0,0,-0.08693566751,-0.8693566751,1,0
0,0,-0.1832345493,-0.9629888178,0,0
0,0,-0.2304307638,-0.4719621453,2,0
0,0,-0.4031397441,-1.727089803,1,0
0,0,-0.6270851684,-2.239454243,0,0
0,0,-0.8662023433,-2.391171749,0,0
0,0,-1.159263779,-2.930614361,0,0
0,0,-1.553293306,-3.940295263,0,-1
1,1,-2.092826129,-5.395328236
0,0,0,0,1,0
0,0,-0.004067215867,-0.04067215867,2,0
0,0,-0.08233525439,-0.7826803853,2,0
0,0,-0.2629032654,-1.80568011,0,0
0,0,-0.4059230388,-1.430197734,0,0
0,0,-0.5478746692,-1.419516305,2,0
0,0,-0.8479235685,-3.000488993,0,0
0,0,-1.20461181,-3.566882415,0,-1
1,1,-1.666900732,-4.622889223
0,0,0,0,0,0
0,0,0.07953017335,0.7953017335,0,0
0,0,0.2608178449,1.812876715,1,0
0,0,0.4994539214,2.386360765,0,0
0,0,0.8997102227,4.002563013,0,0
0,0,1.452222185,5.525119618,0,-1
1,1,2.154475828,7.022536437
0,0,0,0,2,0
0,0,-0.07466771711,-0.7466771711,2,0
0,0,-0.241044649,-1.663769319,1,0
0,0,-0.4398320799,-1.98787431,0,0
0,0,-0.6183209521,-1.784888722,2,0
0,0,-0.9657086162,-3.473876641,0,0
0,0,-1.38912286,-4.23414244,0,-1
1,1,-1.939749412,-5.506265519
0,0,0,0,1,0
0,0,-0.005318369413,-0.05318369413,0,0
0,0,0.07225765531,0.7757602472,1,0
0,0,0.1693811711,0.9712351578,2,0
0,0,0.2205156146,0.5113444353,2,0
0,0,0.2359914444,0.1547582978,1,0
0,0,0.287518543,0.5152709859,1,0
0,0,0.3863674714,0.9884892844,2,0
0,0,0.4778664909,0.9149901943,0,0
0,0,0.7121174468,2.342509559,1,0
0,0,1.05812104,3.460035933,1,0
0,0,1.532916059,4.747950188,0,-1
1,1,2.156224812,6.233087532
0,0,0,0,0,0
0,0,0.08231619862,0.8231619862,0,0
0,0,0.2630359188,1.807197202,0,0
0,0,0.5759414321,3.129055133,2,0
0,0,0.9076330596,3.316916275,1,0
0,0,1.355145602,4.47512542,1,-1
1,1,1.938295835,5.831502333
0,0,0,0,2,0
0,0,-0.07244158494,-0.7244158494,0,0
0,0,-0.07449712512,-0.02055540187,2,0
0,0,-0.1666040064,-0.9210688128,2,0
0,0,-0.3621572794,-1.95553273,2,0
0,0,-0.6931027686,-3.309454892,1,0
0,0,-1.112953921,-4.198511524,1,-1
1,1,-1.654219413,-5.412654923
0,0,0,0,1,0
0,0,0.01061800048,0.1061800048,2,0
0,0,-0.06651633743,-0.7713433791,0,0
0,0,-0.06890885018,-0.0239251275,0,0
0,0,0.01087035289,0.7977920306,2,0
0,0,0.002763287483,-0.08107065406,1,0
0,0,0.001589326449,-0.01173961034,0,0
0,0,0.0833492426,0.8175991616,2,0
0,0,0.109073981,0.2572473838,2,0
0,0,0.05500034167,-0.5407363932,2,0
0,0,-0.07488146299,-1.298818047,1,0
0,0,-0.2008577243,-1.259762613,2,0
0,0,-0.4497643648,-2.489066406,0,0
0,0,-0.6989152853,-2.491509204,2,0
0,0,-1.09945097,-4.005356843,2,-1
1,1,-1.654038746,-5.54587776
0,0,0,0,2,0
0,0,-0.08330988009,-0.8330988009,1,0
0,0,-0.1789347213,-0.9562484123,1,0
0,0,-0.3111888052,-1.322540839,1,0
0,0,-0.5038238773,-1.92635072,1,0
0,0,-0.7810775194,-2.772536421,2,0
0,0,-1.230419383,-4.493418633,0,-1
1,1,-1.78923071,-5.588113275
0,0,0,0,0,0
0,0,0.1044321675,1.044321675,2,0
0,0,0.1521762116,0.4774404414,2,0
0,0,0.135425833,-0.1675037867,0,0
0,0,0.2193321336,0.8390630062,2,0
0,0,0.2477761149,0.2844398134,2,0
0,0,0.2349801958,-0.1279591909,1,0
0,0,0.265719383,0.3073918712,1,0
0,0,0.3545425656,0.8882318264,0,0
0,0,0.583184075,2.286415095,0,0
0,0,0.9657069597,3.825228846,0,0
0,0,1.5068027,5.410957405,0,-1
1,1,2.197160848,6.90358148
0,0,0,0,1,0
0,0,-0.01658550341,-0.1658550341,1,0
0,0,-0.04568403744,-0.2909853403,0,0
0,0,0.008534063104,0.5421810054,2,0
0,0,-0.01589768422,-0.2443174732,2,0
0,0,-0.1177557487,-1.018580645,1,0
0,0,-0.2453109408,-1.275551921,1,0
0,0,-0.4058863578,-1.60575417,1,0
0,0,-0.6297796595,-2.238933017,1,0
0,0,-0.9498869878,-3.201073284,0,0
0,0,-1.34764059,-3.977536022,2,-1
1,1,-1.903344717,-5.557041265
0,0,0,0,2,0
0,0,-0.09963017445,-0.9963017445,1,0
0,0,-0.2083797619,-1.087495874,2,0
0,0,-0.4418753914,-2.334956295,1,0
0,0,-0.7453368759,-3.034614845,0,0
0,0,-1.087358852,-3.420219758,1,0
0,0,-1.562619993,-4.752611416,0,-1
1,1,-2.184070486,-6.214504927
0,0,0,0,0,0
0,0,0.1050484651,1.050484651,2,0
0,0,0.124426037,0.1937757191,1,0
0,0,0.1731577897,0.4873175263,2,0
0,0,0.1578586878,-0.1529910182,1,0
0,0,0.1794651544,0.2160646659,2,0
0,0,0.1418465827,-0.3761857176,0,0
0,0,0.1997142133,0.5786763067,0,0
0,0,0.3924609466,1.927467332,2,0
0,0,0.5569140789,1.644531323,1,0
0,0,0.8079751516,2.510610727,0,0
0,0,1.222147927,4.141727754,2,-1
1,1,1.746838303,5.246903764
0,0,0,0,1,0
0,0,-0.008995430033,-0.08995430033,0,0
0,0,0.05355770854,0.6255313857,0,0
0,0,0.2045288955,1.509711869,1,0
0,0,0.3952814844,1.90752589,1,0
0,0,0.6567844978,2.615030134,2,0
0,0,0.9538796553,2.970951575,0,0
0,0,1.419491834,4.656121783,1,-1
1,1,2.02746695,6.079751167
0,0,0,0,2,0
0,0,-0.08655641984,-0.8655641984,2,0
0,0,-0.2695930577,-1.830366378,0,0
0,0,-0.4182054236,-1.48612366,2,0
0,0,-0.7078711168,-2.896656932,2,0
0,0,-1.148610022,-4.407389054,1,-1
1,1,-1.712139031,-5.635290087
0,0,0,0,2,0
0,0,-0.08214463904,-0.8214463904,0,0
0,0,-0.08839711477,-0.06252475732,0,0
0,0,-0.03826126979,0.5013584498,0,0
0,0,0.08278601164,1.210472814,2,0
0,0,0.1323139921,0.4952798045,0,0
0,0,0.2825129458,1.501989537,1,0
0,0,0.4904429365,2.079299907,1,0
0,0,0.7768198586,2.863769221,0,0
0,0,1.221261652,4.44441793,2,-1
1,1,1.765586616,5.443249645
0,0,0,0,1,0
0,0,0.006429867988,0.06429867988,2,0
0,0,-0.06224475681,-0.686746248,1,0
0,0,-0.1257599597,-0.6351520288,0,0
0,0,-0.1206914314,0.05068528252,2,0
0,0,-0.2330141698,-1.123227383,1,0
0,0,-0.3750523658,-1.42038196,2,0
0,0,-0.6591759697,-2.841236039,2,0
0,0,-1.088682252,-4.295062827,2,-1
1,1,-1.679457369,-5.907751171
0,0,0,0,2,0
0,0,-0.08046008408,-0.8046008408,0,0
0,0,-0.07331294772,0.07147136366,0,0
0,0,0.008798599659,0.8211154737,2,0
0,0,-0.01266827764,-0.214668773,0,0
0,0,0.03714665511,0.4981493275,0,0
0,0,0.1863604548,1.492137997,1,0
0,0,0.3776380299,1.912775752,0,0
0,0,0.6973470206,3.197089907,1,0
0,0,1.121758984,4.244119636,1,-1
1,1,1.674010078,5.522510943
0,0,0,0,2,0
0,0,-0.08782664102,-0.8782664102,1,0
0,0,-0.1839046075,-0.9607796644,1,0
0,0,-0.3231647862,-1.392601787,0,0
0,0,-0.4294793846,-1.063145985,2,0
0,0,-0.6978703239,-2.683909392,2,0
0,0,-1.127714237,-4.298439128,1,-1
1,1,-1.684897161,-5.571829246
0,0,0,0,2,0
0,0,-0.1014626763,-1.014626763,2,0
0,0,-0.2954584544,-1.939957781,2,0
0,0,-0.6301337188,-3.346752643,0,0
0,0,-0.9930081439,-3.628744252,0,0
0,0,-1.426069109,-4.330609655,1,-1
1,1,-2.001627797,-5.755586872
0,0,0,0,2,0
0,0,-0.1056335319,-1.056335319,1,0
0,0,-0.2278029394,-1.221694075,2,0
0,0,-0.4889224439,-2.611195045,2,0
0,0,-0.8903038171,-4.013813732,0,0
0,0,-1.356759128,-4.664553107,0,-1
1,1,-1.942232522,-5.854733946
0,0,0,0,0,0
0,0,0.0764004867,0.764004867,0,0
0,0,0.242117093,1.657166063,2,0
0,0,0.3744344054,1.323173124,2,0
0,0,0.4737060703,0.9927166494,2,0
0,0,0.5811754271,1.074693568,0,0
0,0,0.8489220827,2.677466556,2,0
0,0,1.183565211,3.346431286,2,-1
1,1,1.625661745,4.420965339
0,0,0,0,2,0
0,0,-0.07888116833,-0.7888116833,2,0
0,0,-0.2676986353,-1.888174669,0,0
0,0,-0.416949729,-1.492510938,0,0
0,0,-0.5589474422,-1.419977132,2,0
0,0,-0.8611466992,-3.02199257,1,0
0,0,-1.282506388,-4.21359689,0,-1
1,1,-1.82092471,-5.384183213
0,0,0,0,0,0
0,0,0.09543888679,0.9543888679,1,0
0,0,0.2054396223,1.100007355,2,0
0,0,0.2773333894,0.7189376712,2,0
0,0,0.3118078989,0.3447450948,1,0
0,0,0.3827280612,0.7092016232,2,0
0,0,0.4323570223,0.4962896108,0,0
0,0,0.621914879,1.895578567,2,0
0,0,0.8476660413,2.257511624,2,0
0,0,1.131142057,2.834760154,2,0
0,0,1.511369768,3.802277112,0,-1
1,1,2.042370858,5.310010902
0,0,0,0,2,0
0,0,-0.09080020273,-0.9080020273,1,0
0,0,-0.2012870261,-1.104868234,1,0
0,0,-0.3617483276,-1.604613015,2,0
0,0,-0.6724461698,-3.106978421,1,0
0,0,-1.069162396,-3.967162261,2,-1
1,1,-1.633428602,-5.642662063
0,0,0,0,0,0
0,0,0.1034088728,1.034088728,0,0
0,0,0.3172833505,2.138744777,2,0
0,0,0.5129100725,1.95626722,2,0
0,0,0.7125933279,1.996832554,1,0
0,0,1.02001541,3.074220818,0,0
0,0,1.497086416,4.770710064,1,-1
1,1,2.11782543,6.207390143
0,0,0,0,1,0
0,0,0.004957691093,0.04957691093,2,0
0,0,-0.07898484205,-0.8394253314,2,0
0,0,-0.2484499724,-1.694651304,2,0
0,0,-0.5586731255,-3.102231531,1,0
0,0,-0.9384341719,-3.797610463,0,0
0,0,-1.393960831,-4.555266595,1,-1
1,1,-1.987059529,-5.930986975
0,0,0,0,1,0
0,0,-0.005616185609,-0.05616185609,0,0
0,0,0.08241464688,0.8803083249,0,0
0,0,0.2751857571,1.927711103,2,0
0,0,0.4321940181,1.57008261,0,0
0,0,0.724188238,2.919942199,2,0
0,0,1.045020746,3.208325075,1,0
0,0,1.488734367,4.437136218,2,-1
1,1,2.071474412,5.827400446
0,0,0,0,0,0
0,0,0.09942191044,0.9942191044,2,0
0,0,0.1328611954,0.3343928498,1,0
0,0,0.1898880501,0.5702685467,1,0
0,0,0.267915099,0.7802704887,1,0
0,0,0.3821484945,1.142333956,0,0
0,0,0.6262977482,2.441492536,2,0
0,0,0.8923372494,2.660395012,0,0
0,0,1.323923067,4.315858174,0,-1
1,1,1.913811206,5.89888139
0,0,0,0,1,0
0,0,0.009406168108,0.09406168108,2,0
0,0,-0.07897397883,-0.8838014694,2,0
0,0,-0.2547452139,-1.757712351,2,0
0,0,-0.5642179679,-3.09472754,0,0
0,0,-0.8969356807,-3.327177127,1,0
0,0,-1.348477269,-4.515415883,0,-1
1,1,-1.920304476,-5.718272068
0,0,0,0,2,0
0,0,-0.09024366122,-0.9024366122,2,0
0,0,-0.2842901073,-1.94046446,2,0
0,0,-0.6065073514,-3.222172442,1,0
0,0,-1.007714401,-4.012070494,0,0
0,0,-1.484079772,-4.763653711,1,-1
1,1,-2.103132617,-6.190528451
0,0,0,0,2,0
0,0,-0.08104339455,-0.8104339455,1,0
0,0,-0.1748715983,-0.9382820374,0,0
0,0,-0.2132804458,-0.3840884749,0,0
0,0,-0.2146065319,-0.01326086166,0,0
0,0,-0.1744347356,0.4017179629,2,0
0,0,-0.2396950815,-0.652603459,0,0
0,0,-0.2486547058,-0.08959624214,2,0
0,0,-0.3718630137,-1.232083079,2,0
0,0,-0.6329902784,-2.611272647,2,0
0,0,-1.038732084,-4.057418054,0,0
0,0,-1.528932768,-4.902006846,1,-1
1,1,-2.163947402,-6.350146335
0,0,0,0,0,0
0,0,0.08853973246,0.8853973246,0,0
0,0,0.2723196531,1.837799206,2,0
0,0,0.4039332139,1.316135608,0,0
0,0,0.6708182565,2.668850426,2,0
0,0,0.9754551861,3.046369296,2,0
0,0,1.360641103,3.851859165,0,-1
1,1,1.898580175,5.379390726
0,0,0,0,2,0
0,0,-0.1039479778,-1.039479778,1,0
0,0,-0.2325328348,-1.285848569,1,0
0,0,-0.4158842419,-1.833514071,1,0
0,0,-0.6610223905,-2.451381486,1,0
0,0,-0.999649748,-3.386273574,2,0
0,0,-1.504372249,-5.047225013,2,-1
1,1,-2.159024353,-6.546521039
0,0,0,0,1,0
0,0,0.0031624144,0.031624144,0,0
0,0,0.08322474568,0.8006233128,1,0
0,0,0.1785021986,0.9527745293,2,0
0,0,0.2305663947,0.5206419604,0,0
0,0,0.4108248162,1.802584215,1,0
0,0,0.6652916695,2.544668533,2,0
0,0,0.9547525348,2.894608653,2,0
0,0,1.325541976,3.707894413,0,-1
1,1,1.854578462,5.290364855
0,0,0,0,2,0
0,0,-0.09528629456,-0.9528629456,1,0
0,0,-0.222328531,-1.270422364,2,0
0,0,-0.472586484,-2.50257953,2,0
0,0,-0.8828166186,-4.102301346,2,0
0,0,-1.442236719,-5.594201008,0,-1
1,1,-2.133256806,-6.910200864
0,0,0,0,1,0
0,0,-0.01338079536,-0.1338079536,2,0
0,0,-0.1262381583,-1.12857363,0,0
0,0,-0.1642784868,-0.3804032846,0,0
0,0,-0.1416386697,0.2263981707,2,0
0,0,-0.2213288427,-0.7969017294,2,0
0,0,-0.4247295615,-2.034007189,2,0
0,0,-0.7684493325,-3.43719771,0,0
0,0,-1.159347076,-3.90897743,2,-1
1,1,-1.710114905,-5.507678293
0,0,0,0,0,0
0,0,0.08079436005,0.8079436005,1,0
0,0,0.1657791502,0.8498479019,2,0
0,0,0.1790339361,0.1325478587,1,0
0,0,0.2091700745,0.3013613843,2,0
0,0,0.2038805694,-0.05289505176,1,0
0,0,0.2257391413,0.2185857196,0,0
0,0,0.3574556458,1.317165045,0,0
0,0,0.6441808935,2.867252476,1,0
0,0,1.01247397,3.682930765,0,0
0,0,1.539143938,5.26669968,1,-1
1,1,2.211568853,6.724249147
0,0,0,0,2,0
0,0,-0.07211085542,-0.7211085542,1,0
0,0,-0.1549329655,-0.8282211007,0,0
0,0,-0.1784169881,-0.2348402263,0,0
0,0,-0.1536600166,0.2475697154,2,0
0,0,-0.2279327132,-0.7427269663,0,0
0,0,-0.2552311926,-0.2729847937,0,0
0,0,-0.2261358383,0.2909535428,2,0
0,0,-0.3199276557,-0.9379181734,2,0
0,0,-0.5603932888,-2.404656332,2,0
0,0,-0.9418915902,-3.814983013,1,0
0,0,-1.44149917,-4.996075798,2,-1
1,1,-2.091093908,-6.495947378
0,0,0,0,1,0
0,0,0.00303526352,0.0303526352,2,0
0,0,-0.06520495467,-0.6824021819,2,0
0,0,-0.2453792204,-1.801742657,1,0
0,0,-0.4729121235,-2.275329031,2,0
0,0,-0.8619483895,-3.890362659,2,0
0,0,-1.418237526,-5.562891369,1,-1
1,1,-2.11199819,-6.937606635
0,0,0,0,0,0
0,0,0.08392016283,0.8392016283,0,0
0,0,0.2602879368,1.76367774,0,0
0,0,0.561362929,3.010749922,1,0
0,0,0.9559149931,3.945520642,2,0
0,0,1.421630273,4.657152796,1,-1
1,1,2.030614698,6.089844254
0,0,0,0,0,0
0,0,0.1013384551,1.013384551,2,0
0,0,0.1188194583,0.1748100314,2,0
0,0,0.08638725517,-0.3243220311,1,0
0,0,0.0704902239,-0.1589703127,1,0
0,0,0.07689066409,0.06400440185,1,0
0,0,0.1052483787,0.2835771464,2,0
0,0,0.06346114726,-0.4178723147,0,0
0,0,0.128931063,0.6546991573,0,0
0,0,0.3169823458,1.880512828,1,0
0,0,0.5635288653,2.465465195,0,0
0,0,0.9536520674,3.901232021,1,0
0,0,1.450830441,4.971783734,0,-1
1,1,2.099722657,6.488922166
0,0,0,0,1,0
0,0,-0.01721108842,-0.1721108842,0,0
0,0,0.05278953986,0.7000062828,0,0
0,0,0.2198979786,1.671084387,2,0
0,0,0.3216301731,1.017321945,2,0
0,0,0.3883231413,0.6669296822,0,0
0,0,0.5980910012,2.097678599,2,0
0,0,0.8338041015,2.357131003,1,0
0,0,1.18584038,3.520362789,0,-1
1,1,1.698381084,5.125407032
0,0,0,0,0,0
0,0,0.09497953722,0.9497953722,0,0
0,0,0.2952482272,2.002686899,1,0
0,0,0.540689506,2.454412788,1,0
0,0,0.8569544117,3.162649057,1,0
0,0,1.277111163,4.201567515,1,-1
1,1,1.830466006,5.533548427
0,0,0,0,2,0
0,0,-0.07193200417,-0.7193200417,2,0
0,0,-0.2379401863,-1.660081822,2,0
0,0,-0.5397669228,-3.018267364,0,0
0,0,-0.8454545596,-3.056876369,1,0
0,0,-1.267088629,-4.216340696,0,-1
1,1,-1.796748734,-5.296601049
0,0,0,0,1,0
0,0,0.008720070784,0.08720070784,1,0
0,0,0.02427115704,0.1555108626,0,0
0,0,0.1497828836,1.255117266,1,0
0,0,0.2945077341,1.447248505,2,0
0,0,0.3961776698,1.016699357,1,0
0,0,0.5743382953,1.781606255,1,0
0,0,0.8509876696,2.766493743,1,0
0,0,1.23760597,3.866183007,0,-1
1,1,1.778662163,5.410561929
0,0,0,0,2,0
0,0,-0.1043948664,-1.043948664,1,0
0,0,-0.225936341,-1.215414746,1,0
0,0,-0.3868705775,-1.609342365,2,0
0,0,-0.6863654894,-2.994949119,0,0
0,0,-1.02631205,-3.399465603,1,0
0,0,-1.490805947,-4.644938975,2,-1
1,1,-2.105548605,-6.147426582
0,0,0,0,1,0
0,0,-0.007736853294,-0.07736853294,1,0
0,0,-0.02245724935,-0.1472039605,0,0
0,0,0.04670773278,0.6916498212,2,0
0,0,0.04676860984,0.0006087706662,2,0
0,0,-0.03181863241,-0.7858724225,0,0
0,0,-0.02789777428,0.03920858127,2,0
0,0,-0.1253921357,-0.9749436143,0,0
0,0,-0.1559902744,-0.3059813869,0,0
0,0,-0.1160377752,0.3995249919,2,0
0,0,-0.1914499961,-0.7541222088,1,0
0,0,-0.2890800846,-0.9763008849,2,0
0,0,-0.5249547303,-2.358746457,2,0
0,0,-0.9250889391,-4.001342089,1,0
0,0,-1.432323788,-5.072348491,2,-1
1,1,-2.089229344,-6.56905556
0,0,0,0,1,0
0,0,0.003193824817,0.03193824817,0,0
0,0,0.101860994,0.9866716922,1,0
0,0,0.2336347932,1.317737992,0,0
0,0,0.4772560402,2.436212469,0,0
0,0,0.8566440628,3.793880227,0,0
0,0,1.38637703,5.297329673,1,-1
1,1,2.050958985,6.645819551
0,0,0,0,2,0
0,0,-0.08185587032,-0.8185587032,2,0
0,0,-0.2772814764,-1.954256061,0,0
0,0,-0.4175579757,-1.402764993,2,0
0,0,-0.7062891591,-2.887311834,0,0
0,0,-1.042533731,-3.362445716,2,0
0,0,-1.540655274,-4.981215437,1,-1
1,1,-2.184364695,-6.437094205
0,0,0,0,0,0
0,0,0.09589887517,0.9589887517,0,0
0,0,0.2944329465,1.985340713,0,0
0,0,0.6376805527,3.432476062,2,0
0,0,0.9998500127,3.621694599,1,0
0,0,1.485356879,4.85506866,1,-1
1,1,2.114502991,6.291461127
0,0,0,0,2,0
0,0,-0.07806340122,-0.7806340122,0,0
0,0,-0.07430200575,0.03761395471,1,0
0,0,-0.09160685374,-0.1730484799,2,0
0,0,-0.1985634513,-1.069565975,1,0
0,0,-0.3328419058,-1.342784546,2,0
0,0,-0.5950502149,-2.622083091,0,0
0,0,-0.8653452072,-2.702949923,1,0
0,0,-1.257562278,-3.922170709,1,-1
1,1,-1.783019588,-5.254573095
0,0,0,0,2,0
0,0,-0.08907927772,-0.8907927772,1,0
0,0,-0.1769715647,-0.8789228701,1,0
0,0,-0.2968774222,-1.199058574,0,0
0,0,-0.3680206203,-0.711431981,1,0
0,0,-0.4845684644,-1.165478442,1,0
0,0,-0.6836332707,-1.990648063,2,0
0,0,-1.045480944,-3.61847673,0,0
0,0,-1.494053286,-4.485723421,0,-1
1,1,-2.080358151,-5.863048646
0,0,0,0,2,0
0,0,-0.09035506498,-0.9035506498,1,0
0,0,-0.1829422783,-0.9258721328,1,0
0,0,-0.3106195753,-1.276772971,1,0
0,0,-0.4849127928,-1.742932175,2,0
0,0,-0.8040158961,-3.191031032,0,0
0,0,-1.180003414,-3.759875174,0,-1
1,1,-1.661769103,-4.817656898
0,0,0,0,1,0
0,0,0.00950372883,0.0950372883,0,0
0,0,0.1091786303,0.9967490151,1,0
0,0,0.2192808485,1.101022181,0,0
0,0,0.4395984505,2.203176021,0,0
0,0,0.8095973637,3.699989132,1,0
0,0,1.275203407,4.656060437,1,-1
1,1,1.874740937,5.995375293
0,0,0,0,1,0
0,0,-0.0001304934898,-0.001304934898,2,0
0,0,-0.09041960715,-0.9028911366,0,0
0,0,-0.09420829935,-0.037886922,1,0
0,0,-0.1126829545,-0.1847465515,2,0
0,0,-0.253270218,-1.405872635,2,0
0,0,-0.5286327381,-2.753625201,0,0
0,0,-0.8006734918,-2.720407537,1,0
0,0,-1.182190348,-3.815168561,2,-1
1,1,-1.722740962,-5.405506137
0,0,0,0,2,0
0,0,-0.09964720528,-0.9964720528,0,0
0,0,-0.1273190438,-0.2767183851,2,0
0,0,-0.2792946739,-1.519756301,1,0
0,0,-0.4613567508,-1.820620769,1,0
0,0,-0.7058978999,-2.445411491,1,0
0,0,-1.059829934,-3.539320343,0,0
0,0,-1.495455943,-4.35626009,0,-1
1,1,-2.070917526,-5.754615832
0,0,0,0,0,0
0,0,0.08228186088,0.8228186088,1,0
0,0,0.1670068174,0.8472495648,0,0
0,0,0.3564780088,1.894711914,1,0
0,0,0.615012952,2.585349432,0,0
0,0,1.040498311,4.254853589,0,-1
1,1,1.632680613,5.921823022
0,0,0,0,2,0
0,0,-0.08897727454,-0.8897727454,0,0
0,0,-0.1162010723,-0.2722379774,0,0
0,0,-0.09095598546,0.2524508683,1,0
0,0,-0.06396008101,0.2699590445,2,0
0,0,-0.1288489276,-0.648888466,2,0
0,0,-0.3020150018,-1.731660742,2,0
0,0,-0.6046387274,-3.026237256,0,0
0,0,-0.9270859597,-3.224472323,1,0
0,0,-1.357587334,-4.305013743,2,-1
1,1,-1.943497282,-5.859099482
0,0,0,0,2,0
0,0,-0.1040778438,-1.040778438,0,0
0,0,-0.124497584,-0.2041974017,1,0
0,0,-0.1766457212,-0.5214813724,0,0
0,0,-0.1728528535,0.03792867744,1,0
0,0,-0.1939902083,-0.2113735477,0,0
0,0,-0.1523608241,0.4162938413,0,0
0,0,-0.06459925559,0.8776156854,2,0
0,0,-0.07476840677,-0.1016915118,2,0
0,0,-0.1816421801,-1.068737733,0,0
0,0,-0.2465487124,-0.6490653235,1,0
0,0,-0.3690325652,-1.224838527,0,0
0,0,-0.4787758517,-1.097432866,0,0
0,0,-0.5755105896,-0.9673473788,0,0
0,0,-0.6854493098,-1.099387202,2,0
0,0,-0.9504495304,-2.650002205,1,0
0,0,-1.327225101,-3.767755702,2,-1
1,1,-1.862930499,-5.357053985
0,0,0,0,2,0
0,0,-0.09318531845,-0.9318531845,1,0
0,0,-0.1878113713,-0.946260529,0,0
0,0,-0.2319094355,-0.4409806413,2,0
0,0,-0.4067328447,-1.748234093,0,0
0,0,-0.5718022408,-1.65069396,1,0
0,0,-0.811547745,-2.397455042,0,0
0,0,-1.114700855,-3.031531099,2,-1
1,1,-1.580113504,-4.654126491
0,0,0,0,1,0
0,0,-0.0119528887,-0.119528887,2,0
0,0,-0.1105391009,-0.9858621216,1,0
0,0,-0.2407083664,-1.301692655,0,0
0,0,-0.3116733035,-0.7096493713,0,0
0,0,-0.3584758745,-0.4680257093,2,0
0,0,-0.5598128885,-2.01337014,1,0
0,0,-0.8441136022,-2.843007137,2,0
0,0,-1.297808347,-4.536947453,2,-1
1,1,-1.910569995,-6.12761648
0,0,0,0,2,0
0,0,-0.09405868302,-0.9405868302,0,0
0,0,-0.1126147091,-0.185560261,1,0
0,0,-0.1486424317,-0.3602772258,1,0
0,0,-0.211444711,-0.6280227933,2,0
0,0,-0.4074761161,-1.960314051,0,0
0,0,-0.6021198642,-1.946437482,0,0
0,0,-0.8058641876,-2.037443233,0,0
0,0,-1.063907317,-2.580431292,2,0
0,0,-1.485851237,-4.219439202,1,-1
1,1,-2.053132921,-5.672816839
0,0,0,0,0,0
0,0,0.07203774995,0.7203774995,1,0
0,0,0.163275102,0.9123735208,2,0
0,0,0.203429366,0.4015426394,2,0
0,0,0.1766863047,-0.2674306126,1,0
0,0,0.1733702638,-0.0331604092,0,0
0,0,0.2764108034,1.030405396,1,0
0,0,0.4359704063,1.595596029,2,0
0,0,0.6014899774,1.655195711,0,0
0,0,0.9325391619,3.310491845,2,0
0,0,1.32793442,3.953952582,0,-1
1,1,1.882184502,5.542500821
0,0,0,0,1,0
0,0,-0.01695915288,-0.1695915288,1,0
0,0,-0.02992537535,-0.1296622248,0,0
0,0,0.02323669832,0.5316207367,1,0
0,0,0.08166153209,0.5842483377,0,0
0,0,0.2334442015,1.517826694,1,0
0,0,0.4133136229,1.798694214,2,0
0,0,0.5684559045,1.551422817,0,0
0,0,0.8940579694,3.256020648,0,0
0,0,1.385176237,4.911182673,0,-1
1,1,2.029142706,6.43966469
0,0,0,0,1,0
0,0,0.006155576312,0.06155576312,2,0
0,0,-0.07057897817,-0.7673455449,2,0
0,0,-0.259415573,-1.888365948,2,0
0,0,-0.5752907596,-3.158751866,2,0
0,0,-1.051018183,-4.757274231,2,-1
1,1,-1.690156218,-6.391380354
0,0,0,0,0,0
0,0,0.08221519296,0.8221519296,1,0
0,0,0.1887864865,1.065712936,0,0
0,0,0.4296630183,2.408765318,2,0
0,0,0.6669029128,2.372398945,2,0
0,0,0.9380167558,2.71113843,0,0
0,0,1.381382991,4.433662352,2,-1
1,1,1.950267745,5.688847543
0,0,0,0,1,0
0,0,2.767773649e-05,0.0002767773649,1,0
0,0,0.01436867445,0.1434099671,1,0
0,0,0.02635328612,0.1198461167,2,0
0,0,-0.05341259929,-0.7976588541,0,0
0,0,-0.04808672413,0.05325875164,2,0
0,0,-0.1401503054,-0.9206358131,1,0
0,0,-0.2650113901,-1.248610847,0,0
0,0,-0.3524983741,-0.8748698398,2,0
0,0,-0.5782424902,-2.257441161,0,0
0,0,-0.8228711509,-2.446286607,0,0
0,0,-1.118334182,-2.954630313,0,0
0,0,-1.510524687,-3.921905045,2,-1
1,1,-2.052385886,-5.418611993
0,0,0,0,1,0
0,0,-0.01285885382,-0.1285885382,0,0
0,0,0.06485520963,0.7771406345,0,0
0,0,0.2279457059,1.630904963,0,0
0,0,0.5035988819,2.756531759,1,0
0,0,0.8566734495,3.530745676,1,0
0,0,1.32452406,4.678506104,1,-1
1,1,1.929945656,6.054215962
0,0,0,0,2,0
0,0,-0.09522201185,-0.9522201185,1,0
0,0,-0.2072084957,-1.119864839,1,0
0,0,-0.3422167623,-1.350082666,2,0
0,0,-0.6059804399,-2.637636776,1,0
0,0,-0.9569005,-3.509200601,1,0
0,0,-1.433131874,-4.762313738,1,-1
1,1,-2.051491023,-6.183591496
0,0,0,0,1,0
0,0,0.006186465824,0.06186465824,0,0
0,0,0.09449682135,0.8831035552,2,0
0,0,0.1011018201,0.0660499872,2,0
0,0,0.03311950494,-0.6798231513,0,0
0,0,0.06996499598,0.3684549105,2,0
0,0,0.04779792985,-0.2216706613,1,0
0,0,0.04146421732,-0.0633371253,0,0
0,0,0.1162704776,0.7480626029,0,0
0,0,0.2974332236,1.81162746,1,0
0,0,0.5308920188,2.334587952,1,0
0,0,0.850833438,3.199414192,1,0
0,0,1.27192024,4.210868024,2,-1
1,1,1.808715546,5.367953055
0,0,0,0,2,0
0,0,-0.09176856464,-0.9176856464,0,0
0,0,-0.1196888816,-0.2792031693,0,0
0,0,-0.08828852389,0.3140035767,2,0
0,0,-0.1613992975,-0.731107736,1,0
0,0,-0.266363855,-1.049645575,2,0
0,0,-0.515059108,-2.48695253,1,0
0,0,-0.8391385925,-3.240794845,1,0
0,0,-1.281299691,-4.421610981,1,-1
1,1,-1.856577233,-5.752775423
0,0,0,0,1,0
0,0,0.01650634348,0.1650634348,2,0
0,0,-0.03829509142,-0.548014349,1,0
0,0,-0.1051216111,-0.6682651964,1,0
0,0,-0.2041114145,-0.9898980346,0,0
0,0,-0.2617038498,-0.5759243532,1,0
0,0,-0.3620027049,-1.002988551,0,0
0,0,-0.4296098324,-0.676071275,0,0
0,0,-0.4963074342,-0.6669760182,0,0
0,0,-0.5797141183,-0.8340668412,1,0
0,0,-0.7587965487,-1.790824303,0,0
0,0,-0.9950298415,-2.362332929,0,0
0,0,-1.311158504,-3.161286627,2,-1
1,1,-1.788716818,-4.775583135
0,0,0,0,1,0
0,0,0.006171205404,0.06171205404,1,0
0,0,-0.001723141277,-0.07894346681,2,0
0,0,-0.1145999188,-1.128767775,2,0
0,0,-0.3183557251,-2.037558063,2,0
0,0,-0.6568453911,-3.38489666,2,0
0,0,-1.138565207,-4.817198159,1,-1
1,1,-1.745709398,-6.071441914
0,0,0,0,2,0
0,0,-0.0762863226,-0.762863226,2,0
0,0,-0.2415299669,-1.652436443,1,0
0,0,-0.4600360251,-2.185060582,0,0
0,0,-0.6737285597,-2.136925346,0,0
0,0,-0.9276938524,-2.539652927,1,0
0,0,-1.299715028,-3.720211758,2,-1
1,1,-1.832370848,-5.326558202
0,0,0,0,0,0
0,0,0.07980329542,0.7980329542,1,0
0,0,0.1733227739,0.9351947852,1,0
0,0,0.2815957757,1.082730018,1,0
0,0,0.4276911228,1.460953471,0,0
0,0,0.7226624876,2.949713648,1,0
0,0,1.108395943,3.857334552,1,-1
1,1,1.614427794,5.060318516
