2,1,1
0,0,0,0,0,0
0,0,0.1022805526,1.022805526,1,0
0,0,0.2342183688,1.319378162,2,0
0,0,0.3294526236,0.9523425477,1,0
0,0,0.4842401205,1.547874969,2,0
0,0,0.6266432371,1.424031167,1,0
0,0,0.8551106299,2.284673928,2,0
0,0,1.140920695,2.858100652,1,0
0,0,1.554763841,4.138431463,1,-1
1,1,2.115056914,5.602930727
0,0,0,0,1,0
0,0,0.01046344696,0.1046344696,1,0
0,0,0.03040174668,0.1993829972,0,0
0,0,0.1335206879,1.031189412,1,0
0,0,0.2592385433,1.257178554,0,0
0,0,0.5017112886,2.424727453,1,0
0,0,0.8179384527,3.162271641,0,0
0,0,1.297356607,4.794181542,1,-1
1,1,1.909074122,6.117175148
0,0,0,0,0,0
0,0,0.07261249311,0.7261249311,2,0
0,0,0.06179793543,-0.1081455768,0,0
0,0,0.1435303118,0.8173237633,2,0
0,0,0.1735814416,0.3005112983,1,0
0,0,0.2301031234,0.5652168178,0,0
0,0,0.3993937713,1.692906479,1,0
0,0,0.634002447,2.346086758,0,0
0,0,1.033033223,3.990307761,0,-1
1,1,1.587599198,5.545659751
0,0,0,0,0,0
0,0,0.1035744717,1.035744717,1,0
0,0,0.2299996155,1.264251438,2,0
0,0,0.3223827912,0.9238317574,1,0
0,0,0.4771504248,1.547676336,0,0
0,0,0.7750107476,2.978603229,2,0
0,0,1.121512123,3.465013756,0,-1
1,1,1.624116437,5.026043139
0,0,0,0,0,0
0,0,0.07844605621,0.7844605621,1,0
0,0,0.1807292387,1.022831825,1,0
0,0,0.3175033313,1.367740927,1,0
0,0,0.5021540383,1.84650707,0,0
0,0,0.8410605606,3.389065223,0,0
0,0,1.337797698,4.967371373,2,-1
1,1,1.953542676,6.157449784
0,0,0,0,0,0
0,0,0.09350086795,0.9350086795,0,0
0,0,0.2891042539,1.956033859,2,0
0,0,0.4539761986,1.648719447,2,0
0,0,0.6100879706,1.56111772,2,0
0,0,0.7890303053,1.789423347,0,0
0,0,1.136149118,3.471188127,1,-1
1,1,1.612000336,4.758512185
0,0,0,0,1,0
0,0,-0.00466967897,-0.0466967897,0,0
0,0,0.07321665097,0.7788632994,2,0
0,0,0.0910178768,0.1780122583,2,0
0,0,0.02813308698,-0.6288478983,2,0
0,0,-0.1153953676,-1.435284546,2,0
0,0,-0.3751684849,-2.597731173,2,0
0,0,-0.7801475734,-4.049790885,2,0
0,0,-1.339754468,-5.596068949,0,-1
1,1,-2.013873387,-6.741189183
0,0,0,0,0,0
0,0,0.08918435279,0.8918435279,1,0
0,0,0.1959120753,1.067277225,0,0
0,0,0.4126301701,2.167180948,1,0
0,0,0.6788253317,2.661951615,0,0
0,0,1.115152166,4.363268347,1,-1
1,1,1.67083293,5.556807636
0,0,0,0,2,0
0,0,-0.08932080924,-0.8932080924,1,0
0,0,-0.1879144216,-0.9859361237,1,0
0,0,-0.3082568102,-1.203423886,0,0
0,0,-0.3927481472,-0.8449133705,1,0
0,0,-0.5457086131,-1.529604659,2,0
0,0,-0.8682091014,-3.225004883,2,0
0,0,-1.347526629,-4.793175271,2,-1
1,1,-1.977593696,-6.300670677
0,0,0,0,1,0
0,0,0.01025668653,0.1025668653,1,0
0,0,0.01960985154,0.0935316501,1,0
0,0,0.021987399,0.02377547461,0,0
0,0,0.103922839,0.8193543999,0,0
0,0,0.2864064149,1.824835759,1,0
0,0,0.504591998,2.18185583,2,0
0,0,0.7328429967,2.282509987,0,0
0,0,1.128868374,3.960253776,2,-1
1,1,1.6131736,4.843052261
0,0,0,0,0,0
0,0,0.07932688304,0.7932688304,1,0
0,0,0.1770361033,0.9770922026,0,0
0,0,0.3769523441,1.999162409,0,0
0,0,0.724914317,3.479619728,2,0
0,0,1.114249481,3.893351637,0,-1
1,1,1.665689367,5.514398867
0,0,0,0,0,0
0,0,0.07906090029,0.7906090029,2,0
0,0,0.0894955118,0.1043461151,0,0
0,0,0.2056815338,1.16186022,1,0
0,0,0.369743738,1.640622042,2,0
0,0,0.504229079,1.34485341,2,0
0,0,0.6444004414,1.401713624,2,0
0,0,0.8202782828,1.758778414,0,0
0,0,1.174199855,3.539215725,1,-1
1,1,1.664932306,4.90732451
0,0,0,0,0,0
0,0,0.07536270443,0.7536270443,0,0
0,0,0.2456164488,1.702537444,1,0
0,0,0.4720916759,2.264752271,2,0
0,0,0.6953806346,2.232889587,2,0
0,0,0.9597186074,2.643379728,0,0
0,0,1.38686275,4.271441422,2,-1
1,1,1.938008807,5.511460572
0,0,0,0,2,0
0,0,-0.1034868382,-1.034868382,1,0
0,0,-0.2205219324,-1.170350942,0,0
0,0,-0.2755932718,-0.5507133939,0,0
0,0,-0.2918013242,-0.1620805248,2,0
0,0,-0.4495624576,-1.577611334,1,0
0,0,-0.6886969268,-2.391344692,2,0
0,0,-1.086358295,-3.976613685,0,-1
1,1,-1.573949495,-4.875911998
0,0,0,0,2,0
0,0,-0.09879323672,-0.9879323672,2,0
0,0,-0.2943456879,-1.955524511,1,0
0,0,-0.5450832299,-2.50737542,1,0
0,0,-0.8665796897,-3.214964598,0,0
0,0,-1.248661636,-3.820819465,1,-1
1,1,-1.762945614,-5.142839779
0,0,0,0,2,0
0,0,-0.09412074538,-0.9412074538,2,0
0,0,-0.2913564786,-1.972357332,0,0
0,0,-0.4406025155,-1.492460369,2,0
0,0,-0.7364780842,-2.958755687,0,0
0,0,-1.080312976,-3.438348919,2,-1
1,1,-1.586073086,-5.057601104
0,0,0,0,2,0
0,0,-0.08156963078,-0.8156963078,1,0
0,0,-0.1671207248,-0.8555109401,1,0
0,0,-0.2829400926,-1.158193678,2,0
0,0,-0.5161144943,-2.331744017,0,0
0,0,-0.7628355318,-2.467210375,2,0
0,0,-1.161918898,-3.99083366,1,-1
1,1,-1.692638476,-5.307195786
0,0,0,0,1,0
0,0,0.01205523023,0.1205523023,2,0
0,0,-0.06317245503,-0.7522768526,0,0
0,0,-0.07700678274,-0.1383432771,0,0
0,0,-0.01708827695,0.5991850578,2,0
0,0,-0.04961250233,-0.3252422538,2,0
0,0,-0.1924526246,-1.428401223,2,0
0,0,-0.467467085,-2.750144603,1,0
0,0,-0.7991651463,-3.316980613,1,0
0,0,-1.233304518,-4.341393714,1,-1
1,1,-1.799855536,-5.665510179
0,0,0,0,1,0
0,0,0.009291622413,0.09291622413,1,0
0,0,0.02470361933,0.1541199691,0,0
0,0,0.1231078982,0.9840427883,1,0
0,0,0.243909448,1.208015498,1,0
0,0,0.4124697761,1.685603281,1,0
0,0,0.6481045867,2.356348106,2,0
0,0,0.9062103499,2.581057632,1,0
0,0,1.286800359,3.805900086,0,-1
1,1,1.824938217,5.381378586
0,0,0,0,1,0
0,0,-0.007623952618,-0.07623952618,1,0
0,0,-0.02158228042,-0.139583278,0,0
0,0,0.03497554027,0.5655782069,1,0
0,0,0.09197605433,0.5700051405,1,0
0,0,0.1791699692,0.8719391483,2,0
0,0,0.2043034606,0.2513349143,1,0
0,0,0.266456663,0.6215320245,1,0
0,0,0.3895977783,1.231411153,1,0
0,0,0.5861476639,1.965498856,1,0
0,0,0.8690910622,2.829433982,0,0
0,0,1.31969568,4.50604618,2,-1
1,1,1.887524026,5.678283455
0,0,0,0,0,0
0,0,0.09869061328,0.9869061328,2,0
0,0,0.1266065178,0.2791590453,0,0
0,0,0.2802323262,1.536258084,2,0
0,0,0.3976645969,1.174322707,1,0
0,0,0.5825911299,1.84926533,2,0
0,0,0.7849046401,2.023135102,2,0
0,0,1.033693508,2.487888677,0,0
0,0,1.454903999,4.212104914,2,-1
1,1,2.010731592,5.558275928
0,0,0,0,0,0
0,0,0.07770661814,0.7770661814,1,0
0,0,0.1610357063,0.8332908818,0,0
0,0,0.3636636542,2.026279478,1,0
0,0,0.6311193124,2.674556582,1,0
0,0,0.9965175374,3.65398225,0,0
0,0,1.518438917,5.219213797,0,-1
1,1,2.188854982,6.704160651
0,0,0,0,2,0
0,0,-0.07637722316,-0.7637722316,2,0
0,0,-0.2673706602,-1.909934371,1,0
0,0,-0.5075549725,-2.401843122,2,0
0,0,-0.8868367641,-3.792817917,2,0
0,0,-1.421685184,-5.348484202,2,-1
1,1,-2.107050985,-6.853658004
0,0,0,0,0,0
0,0,0.09366319926,0.9366319926,2,0
0,0,0.113964549,0.2030134976,2,0
0,0,0.07443700686,-0.3952754217,1,0
0,0,0.03073870596,-0.4369830089,1,0
0,0,-0.005243379184,-0.3598208515,0,0
0,0,0.04338527827,0.4862865745,1,0
0,0,0.1039182708,0.6053299253,2,0
0,0,0.1047301202,0.008118493526,2,0
0,0,0.02798407477,-0.7674604539,1,0
0,0,-0.04221084677,-0.7019492154,1,0
0,0,-0.1040135599,-0.6180271311,2,0
0,0,-0.2698096654,-1.657961056,2,0
0,0,-0.5482649622,-2.784552967,1,0
0,0,-0.8938488553,-3.455838931,1,0
0,0,-1.351157896,-4.573090404,2,-1
1,1,-1.959448455,-6.082905598
0,0,0,0,0,0
0,0,0.0949767183,0.949767183,1,0
0,0,0.1988975227,1.039208044,1,0
0,0,0.3533324629,1.544349402,0,0
0,0,0.6570199901,3.036875272,0,0
0,0,1.12690354,4.698835496,0,-1
1,1,1.75176999,6.248664505
0,0,0,0,1,0
0,0,-0.01080429337,-0.1080429337,0,0
0,0,0.05078632198,0.6159061535,1,0
0,0,0.1082589195,0.5747259748,1,0
0,0,0.1884732938,0.8021437432,0,0
0,0,0.380230887,1.917575932,1,0
0,0,0.6293232767,2.490923897,1,0
0,0,0.9565782,3.272549232,1,0
0,0,1.402348756,4.457705562,2,-1
1,1,1.973945152,5.715963963
0,0,0,0,2,0
0,0,-0.08225863388,-0.8225863388,2,0
0,0,-0.2711529613,-1.888943274,0,0
0,0,-0.4120337884,-1.408808271,1,0
0,0,-0.613801407,-2.017676186,2,0
0,0,-0.9688140636,-3.550126566,1,0
0,0,-1.442243742,-4.734296786,1,-1
1,1,-2.058009766,-6.157660239
0,0,0,0,1,0
0,0,-0.002646934829,-0.02646934829,0,0
0,0,0.09728928587,0.999362207,1,0
0,0,0.224460185,1.271708991,0,0
0,0,0.4719239854,2.474638005,0,0
0,0,0.8701658521,3.982418666,0,0
0,0,1.426459207,5.562933547,2,-1
1,1,2.113056943,6.865977358
0,0,0,0,1,0
0,0,-0.01422164026,-0.1422164026,2,0
0,0,-0.1167921519,-1.025705116,0,0
0,0,-0.1530474885,-0.3625533661,0,0
0,0,-0.123698327,0.2934916146,2,0
0,0,-0.1885865223,-0.6488819532,2,0
0,0,-0.3803594004,-1.91772878,1,0
0,0,-0.623783852,-2.434244517,1,0
0,0,-0.949358361,-3.25574509,2,0
0,0,-1.439386998,-4.900286373,0,-1
1,1,-2.060380172,-6.209931735
0,0,0,0,2,0
0,0,-0.08274778211,-0.8274778211,1,0
0,0,-0.164502879,-0.8175509686,1,0
0,0,-0.2876315848,-1.231287058,0,0
0,0,-0.3911979341,-1.035663493,1,0
0,0,-0.5671077359,-1.759098018,0,0
0,0,-0.7476904625,-1.805827266,1,0
0,0,-1.034988667,-2.872982043,2,0
0,0,-1.495920256,-4.609315893,0,-1
1,1,-2.095105088,-5.991848317
0,0,0,0,0,0
0,0,0.0802302754,0.802302754,1,0
0,0,0.1788727832,0.9864250785,1,0
0,0,0.3082547388,1.293819556,2,0
0,0,0.4205936604,1.123389216,0,0
0,0,0.6858603926,2.652667323,1,0
0,0,1.042088739,3.562283465,1,0
0,0,1.526792402,4.84703663,2,-1
1,1,2.153929723,6.271373211
0,0,0,0,0,0
0,0,0.09633224569,0.9633224569,0,0
0,0,0.302731649,2.063994033,0,0
0,0,0.6309263195,3.281946706,2,0
0,0,0.9811863715,3.502600519,2,0
0,0,1.409812309,4.28625938,1,-1
1,1,1.980970265,5.71157956
0,0,0,0,1,0
0,0,-0.003580689749,-0.03580689749,2,0
0,0,-0.09118791574,-0.8760722599,1,0
0,0,-0.1936203375,-1.024324218,0,0
0,0,-0.2439086168,-0.5028827933,2,0
0,0,-0.4223282694,-1.784196526,2,0
0,0,-0.7592021447,-3.368738753,2,0
0,0,-1.252366708,-4.93164563,2,-1
1,1,-1.901707985,-6.493412777
0,0,0,0,0,0
0,0,0.09707941641,0.9707941641,0,0
0,0,0.3006297049,2.035502885,2,0
0,0,0.4556738391,1.550441342,1,0
0,0,0.6916360488,2.359622097,1,0
0,0,1.030534999,3.388989498,2,0
0,0,1.445424073,4.148890745,0,-1
1,1,2.012457741,5.670336674
0,0,0,0,2,0
0,0,-0.09272539858,-0.9272539858,1,0
0,0,-0.1959469473,-1.032215487,2,0
0,0,-0.4158148218,-2.198678745,2,0
0,0,-0.7753032559,-3.594884341,1,0
0,0,-1.246985845,-4.716825889,0,-1
1,1,-1.824549258,-5.775634135
0,0,0,0,0,0
0,0,0.07910596417,0.7910596417,2,0
0,0,0.08832480475,0.09218840585,2,0
0,0,0.03927777789,-0.4904702687,2,0
0,0,-0.09976009421,-1.390378721,1,0
0,0,-0.2562962684,-1.565361742,1,0
0,0,-0.4558401968,-1.995439284,0,0
0,0,-0.6501538297,-1.943136329,2,0
0,0,-0.9988962124,-3.487423827,2,0
0,0,-1.508066155,-5.091699424,2,-1
1,1,-2.166389022,-6.583228677
0,0,0,0,1,0
0,0,-0.01374913315,-0.1374913315,1,0
0,0,-0.03398309572,-0.2023396257,1,0
0,0,-0.05173873768,-0.1775564196,2,0
0,0,-0.1566904991,-1.049517614,0,0
0,0,-0.2097501684,-0.5305966932,2,0
0,0,-0.3822187472,-1.724685788,0,0
0,0,-0.5213440383,-1.39125291,1,0
0,0,-0.7339024225,-2.125583842,1,0
0,0,-1.061431958,-3.275295351,2,0
0,0,-1.555097737,-4.936657789,0,-1
1,1,-2.193764525,-6.386667889
0,0,0,0,1,0
0,0,0.0105748339,0.105748339,2,0
0,0,-0.0634927681,-0.74067602,0,0
0,0,-0.07559987488,-0.1210710678,0,0
0,0,-0.02180782694,0.5379204794,0,0
0,0,0.1324065023,1.542143292,2,0
0,0,0.2121874474,0.7978094511,1,0
0,0,0.3441170115,1.319295641,1,0
0,0,0.5363766411,1.922596296,1,0
0,0,0.8011331697,2.647565286,1,0
0,0,1.164126943,3.629937733,1,-1
1,1,1.654797908,4.90670965
0,0,0,0,2,0
0,0,-0.0721712574,-0.721712574,2,0
0,0,-0.2362810565,-1.641097991,1,0
0,0,-0.4445595307,-2.082784742,2,0
0,0,-0.7969104884,-3.523509577,2,0
0,0,-1.309972517,-5.130620287,2,-1
1,1,-1.974234437,-6.642619202
0,0,0,0,2,0
0,0,-0.09129846475,-0.9129846475,2,0
0,0,-0.2772849223,-1.859864575,2,0
0,0,-0.5917005997,-3.144156775,0,0
0,0,-0.9239800375,-3.322794378,0,0
0,0,-1.320878084,-3.968980461,1,-1
1,1,-1.857172704,-5.362946208
0,0,0,0,1,0
0,0,-0.007261549742,-0.07261549742,2,0
0,0,-0.09981880305,-0.925572533,2,0
0,0,-0.2935254245,-1.937066215,1,0
0,0,-0.5429381735,-2.494127489,2,0
0,0,-0.9310934315,-3.881552581,0,0
0,0,-1.390967362,-4.598739308,2,-1
1,1,-2.001997124,-6.110297616
0,0,0,0,0,0
0,0,0.07386325336,0.7386325336,0,0
0,0,0.2350900266,1.612267732,0,0
0,0,0.5283379975,2.932479709,1,0
0,0,0.9022211124,3.738831149,1,0
0,0,1.389481858,4.872607458,1,-1
1,1,2.017805785,6.283239273
0,0,0,0,0,0
0,0,0.07593836758,0.7593836758,0,0
0,0,0.2358241294,1.598857619,2,0
0,0,0.3370016218,1.011774923,0,0
0,0,0.5786553316,2.416537099,2,0
0,0,0.8437206551,2.650653234,0,0
0,0,1.276462392,4.327417373,2,-1
1,1,1.823002955,5.465405627
0,0,0,0,2,0
0,0,-0.08270342219,-0.8270342219,2,0
0,0,-0.2714813744,-1.887779522,2,0
0,0,-0.5914318368,-3.199504624,1,0
0,0,-0.9867128245,-3.952809877,2,0
0,0,-1.55046558,-5.637527554,2,-1
1,1,-2.261699368,-7.112337878
0,0,0,0,2,0
0,0,-0.09986038874,-0.9986038874,2,0
0,0,-0.2870607453,-1.872003566,0,0
0,0,-0.4273023987,-1.402416533,1,0
0,0,-0.6337676997,-2.06465301,1,0
0,0,-0.9399117313,-3.061440316,0,0
0,0,-1.316369856,-3.764581252,1,-1
1,1,-1.830870894,-5.145010376
0,0,0,0,0,0
0,0,0.09451311382,0.9451311382,0,0
0,0,0.301959119,2.074460051,2,0
0,0,0.471667971,1.69708852,0,0
0,0,0.7812188602,3.095508892,0,0
0,0,1.263997508,4.82778648,1,-1
1,1,1.874405045,6.104075366
0,0,0,0,2,0
0,0,-0.07866272611,-0.7866272611,1,0
0,0,-0.1542614382,-0.7559871208,0,0
0,0,-0.1538131579,0.004482802812,1,0
0,0,-0.1643911768,-0.1057801894,0,0
0,0,-0.1123131218,0.5207805509,1,0
0,0,-0.07702317928,0.3528994248,2,0
0,0,-0.1583689626,-0.8134578335,1,0
0,0,-0.2594618592,-1.010928965,0,0
0,0,-0.3074451846,-0.4798332544,2,0
0,0,-0.4936108085,-1.861656239,1,0
0,0,-0.7497793795,-2.56168571,1,0
0,0,-1.116614076,-3.668346961,0,-1
1,1,-1.583022299,-4.664082238
0,0,0,0,0,0
0,0,0.07846580391,0.7846580391,0,0
0,0,0.2694132771,1.909474732,0,0
0,0,0.6022849425,3.328716654,1,0
0,0,1.008930703,4.06645761,2,0
0,0,1.486646855,4.77716152,1,-1
1,1,2.107331196,6.206843405
0,0,0,0,2,0
0,0,-0.08177977482,-0.8177977482,1,0
0,0,-0.1911132463,-1.093334715,0,0
0,0,-0.2312090402,-0.4009579395,0,0
0,0,-0.2135864649,0.1762257538,2,0
0,0,-0.3189204165,-1.053339517,1,0
0,0,-0.4910595974,-1.721391809,1,0
0,0,-0.7282304154,-2.37170818,1,0
0,0,-1.077882896,-3.496524806,2,-1
1,1,-1.594558796,-5.166758998
0,0,0,0,1,0
0,0,0.008467736697,0.08467736697,1,0
0,0,0.01924142139,0.107736847,0,0
0,0,0.1173900994,0.98148678,2,0
0,0,0.1404132767,0.2302317731,1,0
0,0,0.1752953395,0.3488206284,1,0
0,0,0.2461108814,0.7081554186,2,0
0,0,0.2768029936,0.306921122,1,0
0,0,0.3647548685,0.8795187486,2,0
0,0,0.4163371334,0.5158226496,0,0
0,0,0.6017447836,1.854076502,2,0
0,0,0.7960411316,1.94296348,2,0
0,0,1.042657964,2.466168322,2,0
0,0,1.370111971,3.274540072,1,-1
1,1,1.838799874,4.686879035
0,0,0,0,2,0
0,0,-0.08367268577,-0.8367268577,0,0
0,0,-0.09391170481,-0.1023901903,2,0
0,0,-0.1967296468,-1.02817942,1,0
0,0,-0.3341428898,-1.37413243,2,0
0,0,-0.6028015625,-2.686586727,0,0
0,0,-0.8836111962,-2.808096338,2,0
0,0,-1.338358119,-4.547469225,2,-1
1,1,-1.947160007,-6.088018883
0,0,0,0,2,0
0,0,-0.07453295408,-0.7453295408,1,0
0,0,-0.1620205627,-0.8748760857,2,0
0,0,-0.3643577878,-2.023372251,0,0
0,0,-0.551545923,-1.871881352,0,0
0,0,-0.7491935084,-1.976475854,1,0
0,0,-1.048054523,-2.988610147,1,0
0,0,-1.480214378,-4.321598548,0,-1
1,1,-2.048651144,-5.684367661
0,0,0,0,2,0
0,0,-0.08809385064,-0.8809385064,1,0
0,0,-0.2023312356,-1.142373849,2,0
0,0,-0.4390134843,-2.366822488,1,0
0,0,-0.7526568641,-3.136433798,2,0
0,0,-1.233595582,-4.809387182,0,-1
1,1,-1.820119775,-5.865241929
0,0,0,0,1,0
0,0,-0.01744603163,-0.1744603163,1,0
0,0,-0.04031883717,-0.2287280554,2,0
0,0,-0.1544613726,-1.141425354,2,0
0,0,-0.3646772162,-2.102158437,2,0
0,0,-0.7029390067,-3.382617905,2,0
0,0,-1.192580788,-4.896417814,0,-1
1,1,-1.783322141,-5.907413529
0,0,0,0,2,0
0,0,-0.09110864915,-0.9110864915,1,0
0,0,-0.2067725506,-1.156639015,0,0
0,0,-0.2714730592,-0.6470050851,1,0
0,0,-0.3899705179,-1.184974587,0,0
0,0,-0.4802638356,-0.9029331776,0,0
0,0,-0.5779543996,-0.9769056399,1,0
0,0,-0.7652381625,-1.872837628,1,0
0,0,-1.050652153,-2.854139906,1,0
0,0,-1.462271455,-4.116193019,0,-1
1,1,-2.009971267,-5.476998126
0,0,0,0,1,0
0,0,0.008237783454,0.08237783454,2,0
0,0,-0.08360139274,-0.9183917619,1,0
0,0,-0.1838560266,-1.002546339,1,0
0,0,-0.3200801607,-1.362241341,2,0
0,0,-0.5820439754,-2.619638147,2,0
0,0,-0.9979579842,-4.159140088,2,-1
1,1,-1.572213453,-5.742554685
0,0,0,0,0,0
0,0,0.0942541423,0.942541423,0,0
0,0,0.2993133272,2.050591849,2,0
0,0,0.4765814825,1.772681553,2,0
0,0,0.6559948613,1.794133788,0,0
0,0,1.00474861,3.487537482,2,0
0,0,1.427909529,4.231609193,0,-1
1,1,2.002792505,5.748829764
0,0,0,0,1,0
0,0,-0.00487208282,-0.0487208282,1,0
0,0,-0.00750783057,-0.0263574775,0,0
0,0,0.08344688987,0.9095472044,1,0
0,0,0.2010378978,1.175910079,0,0
0,0,0.4506469532,2.496090555,1,0
0,0,0.7698391874,3.191922342,1,0
0,0,1.193166282,4.233270946,0,-1
1,1,1.777320585,5.841543033
0,0,0,0,0,0
0,0,0.104641126,1.04641126,1,0
0,0,0.2251410703,1.204999443,2,0
0,0,0.283361239,0.5822016869,1,0
0,0,0.3849981935,1.016369545,0,0
0,0,0.6176890303,2.326908368,1,0
0,0,0.9397972486,3.221082182,1,0
0,0,1.383870948,4.440736993,2,-1
1,1,1.953994665,5.701237176
0,0,0,0,0,0
0,0,0.1020840345,1.020840345,1,0
0,0,0.2246784719,1.225944374,2,0
0,0,0.2867628011,0.6208432924,1,0
0,0,0.4135371049,1.267743037,1,0
0,0,0.5953006173,1.817635124,2,0
0,0,0.8089362072,2.136355899,0,0
0,0,1.19855994,3.896237332,0,-1
1,1,1.751975442,5.534155019
0,0,0,0,2,0
0,0,-0.1045895954,-1.045895954,2,0
0,0,-0.3320715815,-2.274819861,2,0
0,0,-0.6910276108,-3.589560293,1,0
0,0,-1.135126056,-4.440984453,2,-1
1,1,-1.737285733,-6.021596771
0,0,0,0,2,0
0,0,-0.08866194759,-0.8866194759,0,0
0,0,-0.1056921389,-0.1703019135,1,0
0,0,-0.1394454201,-0.3375328112,2,0
0,0,-0.2810524811,-1.41607061,2,0
0,0,-0.5659023822,-2.848499011,0,0
0,0,-0.8514680685,-2.855656863,1,0
0,0,-1.246459138,-3.949910693,2,-1
1,1,-1.802562693,-5.561035553
0,0,0,0,1,0
0,0,-0.0149913377,-0.149913377,1,0
0,0,-0.03711397125,-0.2212263355,2,0
0,0,-0.1402600638,-1.031460926,0,0
0,0,-0.1895108436,-0.4925077981,2,0
0,0,-0.3456881162,-1.561772726,1,0
0,0,-0.5592216695,-2.135335533,1,0
0,0,-0.8644629961,-3.052413266,0,0
0,0,-1.237237064,-3.72774068,2,-1
1,1,-1.7716828,-5.344457356
0,0,0,0,0,0
0,0,0.09825678477,0.9825678477,1,0
0,0,0.2136345559,1.153777712,1,0
0,0,0.3686750146,1.550404587,2,0
0,0,0.4967729889,1.280979743,1,0
0,0,0.6917323737,1.949593848,2,0
0,0,0.919164518,2.274321442,1,0
0,0,1.274074285,3.549097674,1,-1
1,1,1.76208319,4.880089043
0,0,0,0,2,0
0,0,-0.09951776966,-0.9951776966,2,0
0,0,-0.3023079501,-2.027901804,1,0
0,0,-0.561902804,-2.595948539,0,0
0,0,-0.8221192722,-2.602164682,1,0
0,0,-1.189516575,-3.673973031,0,-1
1,1,-1.665229023,-4.757124476
0,0,0,0,1,0
0,0,-0.009797042489,-0.09797042489,0,0
0,0,0.07715983198,0.8695687447,2,0
0,0,0.08183404875,0.04674216766,2,0
0,0,0.02856572543,-0.5326832332,1,0
0,0,-0.006834168153,-0.3539989358,0,0
0,0,0.03825647929,0.4509064744,1,0
0,0,0.08107751085,0.4282103156,0,0
0,0,0.2106349997,1.295574889,1,0
0,0,0.3623965898,1.517615901,1,0
0,0,0.5806192766,2.182226868,2,0
0,0,0.8061729508,2.255536742,2,0
0,0,1.09025319,2.840802387,0,0
0,0,1.536511146,4.462579567,1,-1
1,1,2.128685429,5.921742825
0,0,0,0,0,0
0,0,0.08214161082,0.8214161082,1,0
0,0,0.164689794,0.8254818319,2,0
0,0,0.1717615755,0.07071781523,1,0
0,0,0.218779338,0.4701776249,1,0
0,0,0.3135513437,0.9477200571,0,0
0,0,0.5477375837,2.341862399,0,0
0,0,0.9246074552,3.768698715,2,0
0,0,1.371222058,4.466146029,2,-1
1,1,1.942254979,5.710329214
0,0,0,0,0,0
0,0,0.0971228841,0.971228841,0,0
0,0,0.3072902615,2.101673774,0,0
0,0,0.659140415,3.518501535,2,0
0,0,1.030293389,3.711529738,2,0
0,0,1.479071355,4.487779666,2,-1
1,1,2.064392545,5.853211894
0,0,0,0,0,0
0,0,0.08595653353,0.8595653353,0,0
0,0,0.2651883039,1.792317704,0,0
0,0,0.5607182104,2.955299064,2,0
0,0,0.861144652,3.004264416,0,0
0,0,1.326627847,4.654831946,2,-1
1,1,1.913554928,5.869270812
0,0,0,0,0,0
0,0,0.07482590238,0.7482590238,1,0
0,0,0.1699663899,0.9514048749,0,0
0,0,0.3784049009,2.08438511,2,0
0,0,0.5556387616,1.772338607,0,0
0,0,0.8963297454,3.406909838,0,0
0,0,1.406260294,5.099305488,1,-1
1,1,2.054210307,6.479500131
0,0,0,0,0,0
0,0,0.08272558863,0.8272558863,1,0
0,0,0.1654835866,0.8275799798,0,0
0,0,0.3765328506,2.11049264,2,0
0,0,0.5559630492,1.794301986,0,0
0,0,0.8798250284,3.238619792,2,0
0,0,1.258557824,3.787327961,0,-1
1,1,1.797119581,5.385617566
0,0,0,0,2,0
0,0,-0.1003005365,-1.003005365,2,0
0,0,-0.3118291634,-2.115286268,1,0
0,0,-0.5568363056,-2.450071423,1,0
0,0,-0.8892125998,-3.323762942,2,0
0,0,-1.377048899,-4.878362991,0,-1
1,1,-1.990921114,-6.138722153
0,0,0,0,1,0
0,0,-0.008182954673,-0.08182954673,2,0
0,0,-0.1014847783,-0.933018236,2,0
0,0,-0.3044690846,-2.029843063,0,0
0,0,-0.4604301338,-1.559610492,1,0
0,0,-0.6973476793,-2.369175456,1,0
0,0,-1.038383485,-3.410358061,1,0
0,0,-1.501843854,-4.634603686,2,-1
1,1,-2.115191204,-6.133473502
0,0,0,0,1,0
0,0,-0.005366935422,-0.05366935422,2,0
0,0,-0.09565794735,-0.9029101193,0,0
0,0,-0.1131623002,-0.1750435286,2,0
0,0,-0.2537341562,-1.40571856,1,0
0,0,-0.4465928223,-1.928586661,0,0
0,0,-0.6325885125,-1.859956902,1,0
0,0,-0.912089592,-2.795010796,0,0
0,0,-1.26150837,-3.494187775,2,-1
1,1,-1.767277215,-5.057688456
0,0,0,0,2,0
0,0,-0.09057450406,-0.9057450406,0,0
0,0,-0.1131283974,-0.2255389339,0,0
0,0,-0.0846334595,0.2849493794,1,0
0,0,-0.0832837123,0.01349747201,2,0
0,0,-0.1828144576,-0.9953074529,0,0
0,0,-0.2344264815,-0.5161202392,1,0
0,0,-0.3090830336,-0.746565521,1,0
0,0,-0.4513827728,-1.422997392,1,0
0,0,-0.6699776156,-2.185948428,2,0
0,0,-1.042828219,-3.728506032,2,-1
1,1,-1.572948594,-5.301203751
0,0,0,0,0,0
0,0,0.0746677328,0.746677328,1,0
0,0,0.1506189215,0.7595118869,1,0
0,0,0.2560292409,1.054103194,2,0
0,0,0.3324273205,0.7639807956,2,0
0,0,0.3955483235,0.6312100307,1,0
0,0,0.5365912292,1.410429057,1,0
0,0,0.7717108241,2.351195949,0,0
0,0,1.166602466,3.948916423,0,-1
1,1,1.718082633,5.514801667
0,0,0,0,1,0
0,0,-0.005867109516,-0.05867109516,0,0
0,0,0.07828959199,0.8415670151,1,0
0,0,0.1621681192,0.8387852718,2,0
0,0,0.1901537807,0.2798566149,0,0
0,0,0.340075568,1.499217873,0,0
0,0,0.6177795058,2.777039379,2,0
0,0,0.9148087097,2.970292039,1,0
0,0,1.328352365,4.135436552,2,-1
1,1,1.858976346,5.306239814
0,0,0,0,1,0
0,0,0.01499973372,0.1499973372,2,0
0,0,-0.04124829041,-0.5624802413,0,0
0,0,0.0006782176442,0.4192650806,2,0
0,0,-0.05419815953,-0.5487637717,0,0
0,0,-0.04093783671,0.1326032282,0,0
0,0,0.04165541273,0.8259324944,1,0
0,0,0.1418803198,1.00224907,0,0
0,0,0.3518092299,2.099289101,0,0
0,0,0.7108417914,3.590325615,0,0
0,0,1.219562867,5.087210757,2,-1
1,1,1.827235316,6.076724489
0,0,0,0,1,0
0,0,-0.01127292122,-0.1127292122,1,0
0,0,-0.02863391175,-0.1736099054,0,0
0,0,0.03005361641,0.5868752816,1,0
0,0,0.07844452497,0.4839090856,0,0
0,0,0.2353292535,1.568847285,2,0
0,0,0.3371523546,1.018231011,0,0
0,0,0.5743390801,2.371867256,1,0
0,0,0.9017233384,3.273842583,2,0
0,0,1.300820298,3.990969599,1,-1
1,1,1.837618818,5.367985201
0,0,0,0,2,0
0,0,-0.08532033508,-0.8532033508,1,0
0,0,-0.1992985433,-1.139782082,1,0
0,0,-0.3336410067,-1.343424634,1,0
0,0,-0.5225961762,-1.889551695,1,0
0,0,-0.8022186843,-2.796225081,0,0
0,0,-1.144372247,-3.421535632,0,-1
1,1,-1.584505417,-4.401331698
0,0,0,0,2,0
0,0,-0.09010784634,-0.9010784634,1,0
0,0,-0.179420894,-0.8931304767,2,0
0,0,-0.3724526101,-1.930317161,2,0
0,0,-0.7093290807,-3.368764706,0,0
0,0,-1.083438719,-3.741096379,2,-1
1,1,-1.62623226,-5.427935409
0,0,0,0,2,0
0,0,-0.103162408,-1.03162408,1,0
0,0,-0.234546566,-1.313841581,1,0
0,0,-0.4219257072,-1.873791411,1,0
0,0,-0.671902882,-2.499771748,0,0
0,0,-0.9648813916,-2.929785097,1,0
0,0,-1.377450459,-4.125690672,0,-1
1,1,-1.913472638,-5.360221793
0,0,0,0,0,0
0,0,0.08194303083,0.8194303083,2,0
0,0,0.08422664942,0.02283618593,2,0
0,0,0.02940138745,-0.5482526197,1,0
0,0,-0.02864651529,-0.5804790274,2,0
0,0,-0.1874324796,-1.587859644,0,0
0,0,-0.2793525684,-0.919200888,2,0
0,0,-0.4928953606,-2.135427922,2,0
0,0,-0.852177907,-3.592825464,1,0
0,0,-1.320379515,-4.682016084,2,-1
1,1,-1.943172129,-6.227926135
0,0,0,0,2,0
0,0,-0.09363819817,-0.9363819817,1,0
0,0,-0.2095720613,-1.159338631,0,0
0,0,-0.282538868,-0.7296680674,0,0
0,0,-0.3263941756,-0.438553076,0,0
0,0,-0.3327556902,-0.06361514547,0,0
0,0,-0.3003945239,0.3236116626,2,0
0,0,-0.3977984904,-0.9740396644,0,0
0,0,-0.495037905,-0.9723941463,2,0
0,0,-0.7559345738,-2.608966688,0,0
0,0,-1.049733105,-2.937985313,0,0
0,0,-1.427882518,-3.781494125,0,-1
1,1,-1.94015969,-5.122771724
0,0,0,0,0,0
0,0,0.08851600088,0.8851600088,2,0
0,0,0.09832323042,0.09807229543,0,0
0,0,0.2037591554,1.054359249,2,0
0,0,0.2536334974,0.4987434208,2,0
0,0,0.2612567163,0.07623218829,0,0
0,0,0.4075288059,1.462720897,1,0
0,0,0.623116402,2.15587596,2,0
0,0,0.8556436842,2.325272823,1,0
0,0,1.206212241,3.505685569,1,-1
1,1,1.685110285,4.788980437
0,0,0,0,0,0
0,0,0.09076777063,0.9076777063,0,0
0,0,0.2990141066,2.08246336,2,0
0,0,0.4808052104,1.817911038,0,0
0,0,0.8180432588,3.372380484,2,0
0,0,1.202064165,3.840209062,2,-1
1,1,1.692629633,4.905654678
0,0,0,0,1,0
0,0,-0.01103218345,-0.1103218345,0,0
0,0,0.05011859546,0.6115077891,1,0
0,0,0.1264813075,0.7636271207,2,0
0,0,0.1235324194,-0.02948888141,1,0
0,0,0.1515959361,0.280635167,2,0
0,0,0.1026179521,-0.48977984,0,0
0,0,0.1643146639,0.6169671184,2,0
0,0,0.1673406029,0.03025938942,2,0
0,0,0.1264025376,-0.4093806523,2,0
0,0,0.01402085587,-1.123816818,0,0
0,0,-0.02116116417,-0.3518202003,0,0
0,0,0.01258119125,0.3374235541,2,0
0,0,-0.05292481652,-0.6550600777,1,0
0,0,-0.1123992461,-0.5947442955,0,0
0,0,-0.1190353037,-0.06636057646,2,0
0,0,-0.2344424913,-1.154071876,1,0
0,0,-0.3968694668,-1.624269755,1,0
0,0,-0.6133514982,-2.164820314,2,0
0,0,-0.9985850846,-3.852335864,0,0
0,0,-1.465910053,-4.673249686,0,-1
1,1,-2.068030733,-6.021206798
0,0,0,0,0,0
0,0,0.09496376405,0.9496376405,0,0
0,0,0.2858991407,1.909353767,0,0
0,0,0.6222301775,3.363310367,2,0
0,0,0.9663571269,3.441269495,1,0
0,0,1.421510757,4.551536298,1,-1
1,1,2.017733354,5.962225972
0,0,0,0,0,0
0,0,0.08887998081,0.8887998081,1,0
0,0,0.1987974308,1.0991745,1,0
0,0,0.3262083559,1.274109251,1,0
0,0,0.4968466939,1.706383379,0,0
0,0,0.8185381901,3.216914962,1,0
0,0,1.244787024,4.262488344,1,-1
1,1,1.806039328,5.612523036
0,0,0,0,1,0
0,0,-0.01753260838,-0.1753260838,0,0
0,0,0.06538218121,0.8291478959,2,0
0,0,0.07537157939,0.09989398181,2,0
0,0,0.005071585736,-0.7029999366,1,0
0,0,-0.05120665685,-0.5627824258,2,0
0,0,-0.2047412429,-1.535345861,0,0
0,0,-0.2991260829,-0.9438483996,2,0
0,0,-0.5252462979,-2.26120215,0,0
0,0,-0.7719341794,-2.466878815,2,0
0,0,-1.181792596,-4.098584161,1,-1
1,1,-1.716371892,-5.345792964
0,0,0,0,0,0
0,0,0.08037970223,0.8037970223,0,0
0,0,0.2535544906,1.731747884,0,0
0,0,0.539308537,2.857540464,1,0
0,0,0.897020018,3.57711481,2,0
0,0,1.310468143,4.134481247,1,-1
1,1,1.864139299,5.536711568
0,0,0,0,0,0
0,0,0.09218258484,0.9218258484,1,0
0,0,0.1993590794,1.071764946,0,0
0,0,0.410781819,2.114227396,2,0
0,0,0.5974783048,1.866964857,2,0
0,0,0.7913724994,1.938941946,0,0
0,0,1.14334344,3.519709409,0,-1
1,1,1.66230697,5.189635301
0,0,0,0,2,0
0,0,-0.08319703339,-0.8319703339,2,0
0,0,-0.2773081024,-1.94111069,2,0
0,0,-0.6163894172,-3.390813148,2,0
0,0,-1.103794258,-4.87404841,0,-1
1,1,-1.673848375,-5.700541168
0,0,0,0,1,0
0,0,0.01341406873,0.1341406873,0,0
0,0,0.1228436719,1.094296032,2,0
0,0,0.1547117985,0.318681266,2,0
0,0,0.1323658766,-0.2234592194,0,0
0,0,0.2228043022,0.9043842564,2,0
0,0,0.2735659687,0.5076166649,2,0
0,0,0.2758633642,0.02297395517,1,0
0,0,0.3262214007,0.5035803652,2,0
0,0,0.3355841692,0.0936276852,2,0
0,0,0.3266305572,-0.08953612043,1,0
0,0,0.3777132309,0.5108267373,1,0
0,0,0.5021509842,1.244377533,2,0
0,0,0.6246860096,1.225350253,2,0
0,0,0.7728077196,1.4812171,0,0
0,0,1.095850585,3.230428656,0,-1
1,1,1.576195446,4.80344861
0,0,0,0,0,0
0,0,0.09999701235,0.9999701235,2,0
0,0,0.1305154739,0.3051846159,0,0
0,0,0.2549102459,1.24394772,0,0
0,0,0.4911125103,2.362022644,0,0
0,0,0.8627407585,3.716282482,0,0
0,0,1.398529723,5.357889642,2,-1
1,1,2.057561775,6.590320525
0,0,0,0,0,0
0,0,0.07732790278,0.7732790278,1,0
0,0,0.1683362063,0.9100830357,2,0
0,0,0.1842090673,0.1587286091,2,0
0,0,0.1420825827,-0.4212648459,0,0
0,0,0.2224736593,0.8039107661,1,0
0,0,0.3520570117,1.295833524,2,0
0,0,0.47153014,1.194731284,0,0
0,0,0.7519174561,2.803873161,1,0
0,0,1.142939856,3.910224002,0,-1
1,1,1.694308107,5.513682509
0,0,0,0,1,0
0,0,0.002842938055,0.02842938055,1,0
0,0,-0.003741487098,-0.06584425153,0,0
0,0,0.08423936742,0.8798085452,0,0
0,0,0.2626113991,1.783720317,0,0
0,0,0.561973487,2.993620879,0,0
0,0,1.024762657,4.627891704,2,0
0,0,1.562664186,5.37901529,1,-1
1,1,2.247329078,6.846648915
0,0,0,0,2,0
0,0,-0.08801646718,-0.8801646718,1,0
0,0,-0.1755076056,-0.8749113837,2,0
0,0,-0.3735334768,-1.980258713,1,0
0,0,-0.6453761607,-2.718426839,2,0
0,0,-1.08439013,-4.39013969,1,-1
1,1,-1.642413313,-5.580231828
0,0,0,0,0,0
0,0,0.08752016897,0.8752016897,2,0
0,0,0.1004819303,0.1296176135,0,0
0,0,0.2223224642,1.218405339,0,0
0,0,0.4827334867,2.604110225,1,0
0,0,0.8222545064,3.395210197,2,0
0,0,1.205816767,3.835622607,0,-1
1,1,1.745470555,5.396537883
0,0,0,0,2,0
0,0,-0.07626480272,-0.7626480272,1,0
0,0,-0.1535930133,-0.7732821062,1,0
0,0,-0.2458819172,-0.9228890383,2,0
0,0,-0.458177683,-2.122957658,1,0
0,0,-0.7285891804,-2.704114974,1,0
0,0,-1.097137482,-3.685483011,2,-1
1,1,-1.630085717,-5.329482354
0,0,0,0,0,0
0,0,0.09301227465,0.9301227465,1,0
0,0,0.2066789581,1.136666834,0,0
0,0,0.4492513283,2.425723702,1,0
0,0,0.7624149942,3.131636659,0,0
0,0,1.243533246,4.811182516,0,-1
1,1,1.882030647,6.384974015
0,0,0,0,1,0
0,0,0.009552248871,0.09552248871,2,0
0,0,-0.05331012742,-0.6286237629,1,0
0,0,-0.1374142207,-0.8410409331,1,0
0,0,-0.2541104528,-1.166962321,0,0
0,0,-0.3164586133,-0.6234816051,1,0
0,0,-0.4234858892,-1.070272758,2,0
0,0,-0.6769118168,-2.534259276,1,0
0,0,-1.02352743,-3.466156131,0,0
0,0,-1.456012599,-4.324851695,1,-1
1,1,-2.031680611,-5.756680119
0,0,0,0,2,0
0,0,-0.1028448216,-1.028448216,2,0
0,0,-0.3283448742,-2.255000526,2,0
0,0,-0.6880411759,-3.596963017,2,0
0,0,-1.192034643,-5.039934668,1,-1
1,1,-1.827612899,-6.355782562
0,0,0,0,1,0
0,0,-0.01121868192,-0.1121868192,1,0
0,0,-0.01156693414,-0.003482522182,2,0
0,0,-0.1049755781,-0.9340864396,0,0
0,0,-0.1165947346,-0.1161915653,0,0
0,0,-0.05301938292,0.6357535171,1,0
0,0,0.002425009601,0.5544439252,2,0
0,0,-0.01485500607,-0.1728001568,1,0
0,0,-0.03424198129,-0.1938697522,1,0
0,0,-0.06876459612,-0.3452261482,0,0
0,0,-0.0170893522,0.5167524392,1,0
0,0,0.01881232418,0.3590167638,2,0
0,0,-0.02805607126,-0.4686839544,1,0
0,0,-0.08807867141,-0.6002260015,2,0
0,0,-0.2578784588,-1.697997874,2,0
0,0,-0.5544419187,-2.965634599,0,0
0,0,-0.8548461166,-3.004041979,1,0
0,0,-1.260708533,-4.058624168,2,-1
1,1,-1.822349504,-5.616409706
0,0,0,0,0,0
0,0,0.08649894819,0.8649894819,1,0
0,0,0.1732525342,0.8675358602,0,0
0,0,0.3773590422,2.04106508,1,0
0,0,0.6489667262,2.71607684,2,0
0,0,0.9512346983,3.022679721,2,0
0,0,1.329604502,3.783698037,2,-1
1,1,1.83238921,5.027847078
0,0,0,0,2,0
0,0,-0.07410928452,-0.7410928452,1,0
0,0,-0.1756090275,-1.01499743,1,0
0,0,-0.3221460378,-1.465370103,1,0
0,0,-0.5063247183,-1.841786805,2,0
0,0,-0.8398998331,-3.335751148,2,0
0,0,-1.343818042,-5.039182092,2,-1
1,1,-2.003746653,-6.599286105
0,0,0,0,2,0
0,0,-0.07669886413,-0.7669886413,2,0
0,0,-0.2510667573,-1.743678932,1,0
0,0,-0.4653018582,-2.142351009,2,0
0,0,-0.8376534711,-3.723516129,0,0
0,0,-1.257620075,-4.199666035,0,-1
1,1,-1.786411264,-5.287911895
0,0,0,0,0,0
0,0,0.08011953268,0.8011953268,2,0
0,0,0.07248937135,-0.07630161333,0,0
0,0,0.155874066,0.8338469468,0,0
0,0,0.348747659,1.92873593,2,0
0,0,0.5324604621,1.837128032,0,0
0,0,0.8615006669,3.290402047,2,0
0,0,1.259147453,3.976467862,2,-1
1,1,1.771968781,5.128213283
0,0,0,0,2,0
0,0,-0.08554037161,-0.8554037161,2,0
0,0,-0.2699035446,-1.84363173,1,0
0,0,-0.5020457438,-2.321421992,0,0
0,0,-0.7445671886,-2.425214448,1,0
0,0,-1.081969901,-3.374027128,2,-1
1,1,-1.579420267,-4.974503661
0,0,0,0,0,0
0,0,0.0768823941,0.768823941,1,0
0,0,0.1704706098,0.9358821566,0,0
0,0,0.3910545526,2.205839428,0,0
0,0,0.7533579293,3.623033767,1,0
0,0,1.214589392,4.612314625,0,-1
1,1,1.827173462,6.125840698
0,0,0,0,0,0
0,0,0.09696121173,0.9696121173,0,0
0,0,0.2922124247,1.95251213,2,0
0,0,0.4623574941,1.701450694,0,0
0,0,0.78439468,3.220371859,2,0
0,0,1.162492611,3.780979315,1,-1
1,1,1.665262904,5.02770292
0,0,0,0,0,0
0,0,0.09382907933,0.9382907933,0,0
0,0,0.3039981349,2.101690556,1,0
0,0,0.565530617,2.615324821,0,0
0,0,0.9825147306,4.169841135,1,0
0,0,1.507921042,5.254063111,1,-1
1,1,2.178043111,6.701220693
0,0,0,0,2,0
0,0,-0.1022886216,-1.022886216,0,0
0,0,-0.1259165515,-0.2362792994,2,0
0,0,-0.247057361,-1.211408095,2,0
0,0,-0.5036729,-2.56615539,1,0
0,0,-0.8378561412,-3.341832412,1,0
0,0,-1.281786161,-4.439300199,1,-1
1,1,-1.862647754,-5.808615927
0,0,0,0,0,0
0,0,0.1044640712,1.044640712,1,0
0,0,0.2428794807,1.384154095,1,0
0,0,0.4198710273,1.769915467,1,0
0,0,0.6701514068,2.502803795,0,0
0,0,1.074435198,4.042837916,1,-1
1,1,1.602138231,5.277030326
0,0,0,0,0,0
0,0,0.07625467427,0.7625467427,2,0
0,0,0.08334278246,0.07088108195,0,0
0,0,0.1964594089,1.131166265,2,0
0,0,0.2535055133,0.5704610436,0,0
0,0,0.4372292176,1.837237043,2,0
0,0,0.6025975245,1.653683068,1,0
0,0,0.8538571628,2.512596384,2,0
0,0,1.175278501,3.214213378,2,-1
1,1,1.602753043,4.274745425
0,0,0,0,1,0
0,0,0.004840680614,0.04840680614,0,0
0,0,0.08853415006,0.8369346944,0,0
0,0,0.2643777843,1.758436342,0,0
0,0,0.572787962,3.084101777,1,0
0,0,0.9633666837,3.905787217,1,0
0,0,1.473433585,5.100669013,1,-1
1,1,2.125730173,6.522965879
0,0,0,0,0,0
0,0,0.09240350731,0.9240350731,0,0
0,0,0.3054915749,2.130880675,2,0
0,0,0.4860294633,1.805378885,2,0
0,0,0.6668310549,1.808015915,1,0
0,0,0.9408361162,2.740050613,0,0
0,0,1.375842684,4.350065675,1,-1
1,1,1.949339481,5.734967975
0,0,0,0,0,0
0,0,0.1014334984,1.014334984,2,0
0,0,0.1432118953,0.4177839691,0,0
0,0,0.3106351462,1.674232509,0,0
0,0,0.6223567909,3.117216447,0,0
0,0,1.101658697,4.793019063,2,-1
1,1,1.669289855,5.676311576
0,0,0,0,2,0
0,0,-0.09578185202,-0.9578185202,1,0
0,0,-0.2162103094,-1.204284573,0,0
0,0,-0.2966768843,-0.8046657491,1,0
0,0,-0.436421603,-1.397447187,1,0
0,0,-0.6400145695,-2.035929665,2,0
0,0,-0.9989202419,-3.589056724,0,0
0,0,-1.429310032,-4.303897903,1,-1
1,1,-2.003160103,-5.738500704
0,0,0,0,1,0
0,0,0.009421539443,0.09421539443,1,0
0,0,0.01398077672,0.04559237279,1,0
0,0,0.007883272502,-0.06097504219,2,0
0,0,-0.07594997737,-0.8383324987,1,0
0,0,-0.1853684848,-1.094185075,2,0
0,0,-0.3952037616,-2.098352767,0,0
0,0,-0.5799793931,-1.847756316,1,0
0,0,-0.8573909468,-2.774115537,2,0
0,0,-1.296713926,-4.393229789,2,-1
1,1,-1.892549139,-5.95835213
0,0,0,0,0,0
0,0,0.1056974013,1.056974013,0,0
0,0,0.3246757719,2.189783706,1,0
0,0,0.6067768803,2.821011084,1,0
0,0,0.9772927143,3.70515834,1,0
0,0,1.473555565,4.962628504,0,-1
1,1,2.120502254,6.469466892
0,0,0,0,2,0
0,0,-0.102780301,-1.02780301,1,0
0,0,-0.215073044,-1.122927431,1,0
0,0,-0.3515227784,-1.364497344,0,0
0,0,-0.4518797465,-1.00356968,1,0
0,0,-0.6342684917,-1.823887452,2,0
0,0,-0.9816274685,-3.473589768,0,0
0,0,-1.400795711,-4.191682423,2,-1
1,1,-1.971999658,-5.712039477
0,0,0,0,2,0
0,0,-0.09314960367,-0.9314960367,1,0
0,0,-0.2018204361,-1.086708325,2,0
0,0,-0.4429350733,-2.411146372,2,0
0,0,-0.8325419412,-3.896068678,0,0
0,0,-1.274830969,-4.422890283,0,-1
1,1,-1.827991273,-5.531603035
0,0,0,0,0,0
0,0,0.1000423641,1.000423641,1,0
0,0,0.2241418599,1.240994959,2,0
0,0,0.2972666816,0.7312482174,2,0
0,0,0.3497661484,0.5249946677,1,0
0,0,0.4703709847,1.206048363,0,0
0,0,0.7403451558,2.699741711,1,0
0,0,1.102910491,3.625653353,0,-1
1,1,1.631756107,5.288456156
0,0,0,0,2,0
0,0,-0.0816683693,-0.816683693,1,0
0,0,-0.1906655646,-1.089971953,1,0
0,0,-0.3441406013,-1.534750368,0,0
0,0,-0.469739938,-1.255993367,2,0
0,0,-0.7500018207,-2.802618827,2,0
0,0,-1.201193938,-4.511921178,2,-1
1,1,-1.808869023,-6.076750843
0,0,0,0,1,0
0,0,0.01188298922,0.1188298922,2,0
0,0,-0.06239058879,-0.7427357801,2,0
0,0,-0.2354502211,-1.730596323,2,0
0,0,-0.5300914652,-2.946412441,0,0
0,0,-0.8413633876,-3.112719224,2,0
0,0,-1.305186439,-4.638230511,2,-1
1,1,-1.925031414,-6.198449748
0,0,0,0,2,0
0,0,-0.08680894291,-0.8680894291,0,0
0,0,-0.094967649,-0.0815870609,2,0
0,0,-0.2116879962,-1.167203472,0,0
0,0,-0.2743821845,-0.6269418828,0,0
0,0,-0.2936311543,-0.192489698,0,0
0,0,-0.2741437592,0.1948739504,2,0
0,0,-0.3685128788,-0.9436911953,1,0
0,0,-0.5365951175,-1.680822387,1,0
0,0,-0.7931748904,-2.565797729,1,0
0,0,-1.152350468,-3.591755775,0,-1
1,1,-1.606771378,-4.544209099
0,0,0,0,2,0
0,0,-0.0730382626,-0.730382626,2,0
0,0,-0.2334884323,-1.604501697,0,0
0,0,-0.3308455404,-0.9735710809,2,0
0,0,-0.5638973976,-2.330518572,1,0
0,0,-0.8880071761,-3.241097785,0,0
0,0,-1.283015058,-3.950078814,2,-1
1,1,-1.834848666,-5.518336082
0,0,0,0,0,0
0,0,0.0937325564,0.937325564,1,0
0,0,0.2098821753,1.161496189,0,0
0,0,0.4532860123,2.434038369,2,0
0,0,0.6768883716,2.236023593,0,0
0,0,1.071544233,3.946558614,0,-1
1,1,1.63174499,5.602007574
0,0,0,0,2,0
0,0,-0.08826458654,-0.8826458654,1,0
0,0,-0.2057634179,-1.174988314,2,0
0,0,-0.4459703126,-2.402068947,1,0
0,0,-0.7533126455,-3.073423329,1,0
0,0,-1.153925303,-4.006126575,0,-1
1,1,-1.657132924,-5.032076214
0,0,0,0,2,0
0,0,-0.09159026633,-0.9159026633,0,0
0,0,-0.1195500392,-0.2795977288,1,0
0,0,-0.1585092185,-0.3895917929,1,0
0,0,-0.2367586824,-0.7824946391,1,0
0,0,-0.346623935,-1.098652526,2,0
0,0,-0.6101151859,-2.634912509,1,0
0,0,-0.9730469535,-3.629317675,0,0
0,0,-1.406031168,-4.329842144,1,-1
1,1,-1.981200341,-5.751691733
0,0,0,0,2,0
0,0,-0.09292757438,-0.9292757438,0,0
0,0,-0.1114726116,-0.1854503724,2,0
0,0,-0.2393056682,-1.278330566,1,0
0,0,-0.4218727031,-1.825670349,0,0
0,0,-0.5906620695,-1.687893663,2,0
0,0,-0.9254608283,-3.347987588,1,0
0,0,-1.372012026,-4.465511977,0,-1
1,1,-1.94008897,-5.680769439
0,0,0,0,0,0
0,0,0.07708194238,0.7708194238,1,0
0,0,0.1833245963,1.062426539,2,0
0,0,0.2467632759,0.6343867965,0,0
0,0,0.421302014,1.745387381,0,0
0,0,0.7488850442,3.275830302,2,0
0,0,1.108915696,3.600306521,2,0
0,0,1.558454128,4.49538432,2,-1
1,1,2.153517002,5.950628736
0,0,0,0,2,0
0,0,-0.1038664194,-1.038664194,1,0
0,0,-0.227302247,-1.234358276,1,0
0,0,-0.3781653697,-1.508631227,2,0
0,0,-0.6823229663,-3.041575966,1,0
0,0,-1.087295626,-4.049726599,2,-1
1,1,-1.65541552,-5.681198933
0,0,0,0,2,0
0,0,-0.09350972029,-0.9350972029,1,0
0,0,-0.1955958866,-1.020861664,0,0
0,0,-0.2524041319,-0.568082453,1,0
0,0,-0.3358025752,-0.833984433,1,0
0,0,-0.4822301542,-1.46427579,2,0
0,0,-0.7856491734,-3.034190192,1,0
0,0,-1.203481451,-4.178322775,0,-1
1,1,-1.719416658,-5.159352076
0,0,0,0,1,0
0,0,-0.006605658504,-0.06605658504,0,0
0,0,0.07916903483,0.8577469333,0,0
0,0,0.2609162191,1.817471842,0,0
0,0,0.5803399165,3.194236974,2,0
0,0,0.9093632382,3.290233217,0,0
0,0,1.392901902,4.835386642,2,-1
1,1,2.000755329,6.078534263
0,0,0,0,1,0
0,0,0.01221724934,0.1221724934,2,0
0,0,-0.05820211352,-0.7041936287,0,0
0,0,-0.05264028398,0.05561829549,2,0
0,0,-0.1478136143,-0.9517333034,1,0
0,0,-0.2589581035,-1.111444892,2,0
0,0,-0.5065597181,-2.476016146,2,0
0,0,-0.9034003901,-3.96840672,1,0
0,0,-1.419272611,-5.158722205,2,-1
1,1,-2.087741827,-6.684692165
0,0,0,0,1,0
0,0,-0.01116831927,-0.1116831927,1,0
0,0,-0.02149546711,-0.1032714784,0,0
0,0,0.06395125667,0.8544672378,2,0
0,0,0.08804437214,0.2409311547,0,0
0,0,0.219678609,1.316342368,2,0
0,0,0.3195264745,0.9984786554,0,0
0,0,0.5562233019,2.366968274,1,0
0,0,0.8755216324,3.192983305,2,0
0,0,1.264721292,3.891996598,1,-1
1,1,1.790687386,5.259660939
0,0,0,0,1,0
0,0,-0.0007504067105,-0.007504067105,1,0
0,0,0.006547434361,0.07297841072,0,0
0,0,0.1189076585,1.123602241,0,0
0,0,0.3523500142,2.334423557,1,0
0,0,0.6452190848,2.928690706,2,0
0,0,0.955961657,3.107425722,0,0
0,0,1.426015444,4.700537866,1,-1
1,1,2.03530279,6.092873464
0,0,0,0,0,0
0,0,0.07673291768,0.7673291768,1,0
0,0,0.1813881811,1.046552634,2,0
0,0,0.2254593968,0.4407121576,1,0
0,0,0.3038736127,0.7841421589,0,0
0,0,0.5170983675,2.132247548,0,0
0,0,0.8899131416,3.728147741,1,0
0,0,1.364105931,4.741927894,0,-1
1,1,1.989618639,6.255127076
0,0,0,0,2,0
0,0,-0.08035640302,-0.8035640302,2,0
0,0,-0.2771962904,-1.968398874,2,0
0,0,-0.6192202428,-3.420239524,2,0
0,0,-1.114619687,-4.953994438,0,-1
1,1,-1.69795734,-5.83337653
0,0,0,0,1,0
0,0,0.01106606605,0.1106606605,1,0
0,0,0.03415576954,0.2308970349,0,0
0,0,0.1592724086,1.251166391,0,0
0,0,0.3931269449,2.338545363,0,0
0,0,0.7600896904,3.669627454,1,0
0,0,1.227531027,4.674413371,1,-1
1,1,1.827168512,5.996374847
0,0,0,0,0,0
0,0,0.09364151818,0.9364151818,0,0
0,0,0.288461606,1.948200879,2,0
0,0,0.4632538514,1.747922453,1,0
0,0,0.7025035798,2.392497284,1,0
0,0,1.031990747,3.294871672,0,0
0,0,1.517841098,4.85850351,0,-1
1,1,2.152433387,6.34592289
0,0,0,0,1,0
0,0,-0.008521766911,-0.08521766911,0,0
0,0,0.07174049802,0.8026226493,1,0
0,0,0.1652600721,0.9351957404,0,0
0,0,0.3608051037,1.955450317,0,0
0,0,0.7091376665,3.483325628,0,0
0,0,1.203439247,4.943015808,2,-1
1,1,1.799841551,5.964023035
0,0,0,0,2,0
0,0,-0.09118758226,-0.9118758226,2,0
0,0,-0.2717368937,-1.805493115,0,0
0,0,-0.3996989212,-1.279620274,2,0
0,0,-0.6660903917,-2.663914705,1,0
0,0,-1.033946991,-3.678565995,0,0
0,0,-1.48269525,-4.487482589,0,-1
1,1,-2.067483423,-5.847881733
0,0,0,0,1,0
0,0,-0.01290226975,-0.1290226975,0,0
0,0,0.06013720007,0.7303946982,1,0
0,0,0.145994376,0.858571759,1,0
0,0,0.2679997362,1.220053602,0,0
0,0,0.5057359981,2.377362619,0,0
0,0,0.8853848724,3.796488743,0,0
0,0,1.430778351,5.453934791,2,-1
1,1,2.105320212,6.745418603
0,0,0,0,2,0
0,0,-0.07354613896,-0.7354613896,0,0
0,0,-0.08438996014,-0.1084382118,1,0
0,0,-0.1157982613,-0.3140830117,1,0
0,0,-0.1550553286,-0.3925706724,1,0
0,0,-0.2336008292,-0.7854550063,2,0
0,0,-0.4513189502,-2.17718121,2,0
0,0,-0.803404567,-3.520856169,1,0
0,0,-1.268831517,-4.654269504,2,-1
1,1,-1.88893818,-6.201066622
0,0,0,0,1,0
0,0,-0.01608832538,-0.1608832538,0,0
0,0,0.07088243696,0.8697076234,1,0
0,0,0.1776066189,1.067241819,1,0
0,0,0.3115250294,1.339184105,2,0
0,0,0.4197752612,1.082502318,0,0
0,0,0.6705702027,2.507949415,2,0
0,0,0.9402999139,2.697297113,1,0
0,0,1.333923049,3.936231354,1,-1
1,1,1.867117306,5.331942571
0,0,0,0,1,0
0,0,-0.01601622134,-0.1601622134,2,0
0,0,-0.1070039249,-0.9098770354,1,0
0,0,-0.2033213358,-0.9631741091,2,0
0,0,-0.4206077836,-2.172864478,1,0
0,0,-0.6981699494,-2.775621657,0,0
0,0,-0.9993627544,-3.011928051,2,0
0,0,-1.473826563,-4.744638087,1,-1
1,1,-2.091218344,-6.173917811
0,0,0,0,1,0
0,0,-0.01361732629,-0.1361732629,0,0
0,0,0.05340878245,0.6702610873,2,0
0,0,0.02505715195,-0.2835163049,0,0
0,0,0.09459342484,0.6953627288,1,0
0,0,0.1825731313,0.8797970643,2,0
0,0,0.201627529,0.1905439772,1,0
0,0,0.2499732333,0.483457043,1,0
0,0,0.3408406757,0.9086744238,1,0
0,0,0.4849526282,1.441119525,0,0
0,0,0.7848134693,2.998608411,0,0
0,0,1.254783554,4.699700843,2,-1
1,1,1.834800451,5.800168975
