2,1,1
0,0,0,0,2,0
0,0,-0.09942866763,-0.9942866763,0,0
0,0,-0.1434221172,-0.4399344957,1,0
0,0,-0.2173537173,-0.7393160012,1,0
0,0,-0.3284598918,-1.111061745,2,0
0,0,-0.5879095478,-2.594496561,1,0
0,0,-0.9259038585,-3.379943106,2,0
0,0,-1.431706468,-5.058026097,0,-1
1,1,-2.066391598,-6.346851303
0,0,0,0,1,0
0,0,0.01740965798,0.1740965798,1,0
0,0,0.02822363035,0.1081397237,0,0
0,0,0.1479111051,1.196874747,1,0
0,0,0.2757192263,1.278081212,1,0
0,0,0.4553736163,1.7965439,1,0
0,0,0.695908702,2.405350857,0,0
0,0,1.10416457,4.082558684,2,-1
1,1,1.597668565,4.935039942
0,0,0,0,0,0
0,0,0.08395987561,0.8395987561,0,0
0,0,0.2538289406,1.698690649,1,0
0,0,0.4566495236,2.02820583,1,0
0,0,0.7453391854,2.886896618,0,0
0,0,1.204023137,4.586839517,0,-1
1,1,1.820838693,6.168155555
0,0,0,0,0,0
0,0,0.07879668496,0.7879668496,2,0
0,0,0.08692361949,0.08126934527,1,0
0,0,0.1272563075,0.4033268797,1,0
0,0,0.1992020348,0.7194572735,1,0
0,0,0.2904231292,0.9122109438,0,0
0,0,0.5150129711,2.245898419,1,0
0,0,0.8227270716,3.077141006,1,0
0,0,1.236241822,4.135147502,2,-1
1,1,1.757953231,5.217114091
0,0,0,0,1,0
0,0,-0.001216118708,-0.01216118708,0,0
0,0,0.1025019145,1.037180333,2,0
0,0,0.1249070698,0.2240515529,2,0
0,0,0.07486421648,-0.5004285335,0,0
0,0,0.1377781037,0.6291388727,2,0
0,0,0.1294699026,-0.08308201161,1,0
0,0,0.1291495849,-0.003203176723,1,0
0,0,0.1365889778,0.07439392915,1,0
0,0,0.1801615458,0.4357256797,1,0
0,0,0.2404450206,0.6028347478,2,0
0,0,0.2681803181,0.2773529754,2,0
0,0,0.2480548082,-0.2012550992,1,0
0,0,0.2757998902,0.2774508198,2,0
0,0,0.2666914958,-0.09108394351,2,0
0,0,0.2026016724,-0.6408982346,0,0
0,0,0.2728299314,0.7022825902,1,0
0,0,0.3928223529,1.199924215,1,0
0,0,0.5662830924,1.734607395,0,0
0,0,0.8848318597,3.185487673,0,0
0,0,1.366866192,4.82034332,1,-1
1,1,1.987545011,6.206788197
0,0,0,0,2,0
0,0,-0.1052728169,-1.052728169,0,0
0,0,-0.1308696263,-0.2559680936,2,0
0,0,-0.2781753769,-1.473057506,0,0
0,0,-0.3752739947,-0.9709861781,0,0
0,0,-0.454652072,-0.7937807726,0,0
0,0,-0.5259159684,-0.7126389639,2,0
0,0,-0.7458747344,-2.19958766,2,0
0,0,-1.121757881,-3.758831464,1,-1
1,1,-1.625780447,-5.040225666
0,0,0,0,0,0
0,0,0.08872673516,0.8872673516,0,0
0,0,0.2860140922,1.97287357,2,0
0,0,0.461778246,1.757641538,2,0
0,0,0.627851576,1.6607333,2,0
0,0,0.8310671794,2.032156034,1,0
0,0,1.1461128,3.150456205,2,0
0,0,1.560500775,4.143879748,2,-1
1,1,2.120880621,5.603798461
0,0,0,0,1,0
0,0,-0.004621100296,-0.04621100296,1,0
0,0,-0.02253845071,-0.1791735041,1,0
0,0,-0.04014003709,-0.1760158638,0,0
0,0,0.02767714596,0.6781718305,2,0
0,0,0.02515454542,-0.02522600538,2,0
0,0,-0.05612165326,-0.8127619868,2,0
0,0,-0.252544412,-1.964227587,2,0
0,0,-0.5781579215,-3.256135095,1,0
0,0,-0.9737946897,-3.956367682,2,0
0,0,-1.537404136,-5.636094467,1,-1
1,1,-2.246014353,-7.086102165
0,0,0,0,1,0
0,0,-0.009751017559,-0.09751017559,2,0
0,0,-0.1064975685,-0.9674655092,2,0
0,0,-0.323467566,-2.169699975,2,0
0,0,-0.6803803806,-3.569128146,2,0
0,0,-1.187512182,-5.071318014,0,-1
1,1,-1.795282349,-6.077701671
0,0,0,0,1,0
0,0,0.005137508483,0.05137508483,2,0
0,0,-0.08693639608,-0.9207390456,0,0
0,0,-0.1111050394,-0.2416864329,0,0
0,0,-0.0715641019,0.3954093746,2,0
0,0,-0.1158717633,-0.443076614,1,0
0,0,-0.1852310434,-0.6935928006,0,0
0,0,-0.1892979648,-0.04066921482,2,0
0,0,-0.3163023907,-1.270044258,2,0
0,0,-0.5655931195,-2.492907288,1,0
0,0,-0.906015484,-3.404223645,0,0
0,0,-1.310304337,-4.042888533,1,-1
1,1,-1.853005278,-5.427009405
0,0,0,0,0,0
0,0,0.07915275218,0.7915275218,0,0
0,0,0.2447377685,1.655850164,1,0
0,0,0.4649603091,2.202225406,2,0
0,0,0.6765728988,2.116125897,2,0
0,0,0.9149773472,2.384044485,2,0
0,0,1.233107225,3.181298775,0,-1
1,1,1.7080713,4.749640749
0,0,0,0,0,0
0,0,0.0884905774,0.884905774,0,0
0,0,0.2824154159,1.939248385,2,0
0,0,0.4265744561,1.441590402,2,0
0,0,0.5470123624,1.204379063,2,0
0,0,0.6848955659,1.378832034,2,0
0,0,0.8510802155,1.661846496,1,0
0,0,1.125356283,2.742760678,2,0
0,0,1.500943932,3.755876488,0,-1
1,1,2.027699635,5.267557026
0,0,0,0,1,0
0,0,0.009252871636,0.09252871636,2,0
0,0,-0.07293170688,-0.8218457852,0,0
0,0,-0.09718682443,-0.2425511755,1,0
0,0,-0.135607664,-0.3842083955,2,0
0,0,-0.2697823402,-1.341746763,1,0
0,0,-0.4358763991,-1.660940589,0,0
0,0,-0.6063907392,-1.705143401,0,0
0,0,-0.8086150763,-2.02224337,2,0
0,0,-1.171761134,-3.631460576,2,-1
1,1,-1.693222736,-5.214616021
0,0,0,0,2,0
0,0,-0.1019680663,-1.019680663,2,0
0,0,-0.3209494913,-2.18981425,0,0
0,0,-0.5158730912,-1.949235999,1,0
0,0,-0.7936773717,-2.778042805,2,0
0,0,-1.23304541,-4.393680385,1,-1
1,1,-1.803862664,-5.708172535
0,0,0,0,0,0
0,0,0.08647341702,0.8647341702,0,0
0,0,0.2826433643,1.961699472,2,0
0,0,0.448852951,1.662095867,0,0
0,0,0.7615628483,3.127098973,0,0
0,0,1.233481622,4.719187734,1,-1
1,1,1.839665679,6.061840575
0,0,0,0,1,0
0,0,-0.009010755762,-0.09010755762,0,0
0,0,0.05162354598,0.6063430174,0,0
0,0,0.2229033681,1.712798222,0,0
0,0,0.5144400561,2.915366879,2,0
0,0,0.8204427252,3.060026691,0,0
0,0,1.282212418,4.617696927,2,-1
1,1,1.851967278,5.697548605
0,0,0,0,2,0
0,0,-0.0927439702,-0.927439702,2,0
0,0,-0.2836206911,-1.908767209,0,0
0,0,-0.4438566293,-1.602359382,2,0
0,0,-0.741755052,-2.978984227,1,0
0,0,-1.134508434,-3.927533825,1,-1
1,1,-1.651379724,-5.168712895
0,0,0,0,0,0
0,0,0.07958586105,0.7958586105,0,0
0,0,0.2491706876,1.695848265,2,0
0,0,0.374109232,1.249385444,0,0
0,0,0.6430953701,2.689861381,0,0
0,0,1.059065863,4.159704931,2,0
0,0,1.554305498,4.952396344,2,-1
1,1,2.194651355,6.403458577
0,0,0,0,2,0
0,0,-0.07699490046,-0.7699490046,0,0
0,0,-0.09529933953,-0.1830443907,2,0
0,0,-0.2231359637,-1.278366242,1,0
0,0,-0.3911244209,-1.679884571,0,0
0,0,-0.5472564792,-1.561320584,1,0
0,0,-0.7905520518,-2.432955726,2,0
0,0,-1.206126101,-4.155740494,2,-1
1,1,-1.77623687,-5.701107687
0,0,0,0,0,0
0,0,0.08726072939,0.8726072939,1,0
0,0,0.1967181023,1.094573729,1,0
0,0,0.3444755757,1.477574734,0,0
0,0,0.620723024,2.762474482,1,0
0,0,0.9775374998,3.568144759,0,0
0,0,1.503164621,5.256271209,0,-1
1,1,2.177161022,6.739964015
0,0,0,0,2,0
0,0,-0.1003402472,-1.003402472,2,0
0,0,-0.2961599027,-1.958196555,2,0
0,0,-0.613867846,-3.177079432,1,0
0,0,-1.014975997,-4.01108151,2,-1
1,1,-1.576331954,-5.613559571
0,0,0,0,2,0
0,0,-0.07191096982,-0.7191096982,2,0
0,0,-0.2274732564,-1.555622866,0,0
0,0,-0.3245205957,-0.9704733924,0,0
0,0,-0.3965140543,-0.7199345866,1,0
0,0,-0.5313483067,-1.348342524,1,0
0,0,-0.7418604001,-2.105120935,1,0
0,0,-1.049167626,-3.073072263,2,0
0,0,-1.523039398,-4.738717711,2,-1
1,1,-2.145896869,-6.228574716
0,0,0,0,0,0
0,0,0.09411158244,0.9411158244,2,0
0,0,0.1340999839,0.3998840149,2,0
0,0,0.1147452239,-0.1935476,0,0
0,0,0.1922971174,0.7755189351,1,0
0,0,0.3011127637,1.088156463,0,0
0,0,0.5384543963,2.373416326,1,0
0,0,0.8557705827,3.173161864,2,0
0,0,1.235819915,3.800493324,2,-1
1,1,1.728620211,4.92800296
0,0,0,0,1,0
0,0,0.01273612695,0.1273612695,0,0
0,0,0.1181004561,1.053643292,2,0
0,0,0.1427070784,0.2460662226,1,0
0,0,0.207249986,0.6454290767,1,0
0,0,0.3205383977,1.132884116,0,0
0,0,0.5620611357,2.415227381,1,0
0,0,0.9001941028,3.381329671,1,0
0,0,1.343718147,4.435240438,1,-1
1,1,1.924800062,5.810819149
0,0,0,0,0,0
0,0,0.08068504927,0.8068504927,2,0
0,0,0.08526570785,0.04580658576,1,0
0,0,0.09303405657,0.07768348719,2,0
0,0,0.02690612399,-0.6612793258,0,0
0,0,0.06571358431,0.3880746032,1,0
0,0,0.111151872,0.4543828772,2,0
0,0,0.08761632912,-0.2353554291,1,0
0,0,0.09644949825,0.08833169129,1,0
0,0,0.1382820085,0.418325103,2,0
0,0,0.1050042285,-0.3327778003,2,0
0,0,-0.007325117868,-1.123293464,2,0
0,0,-0.2168176418,-2.09492524,1,0
0,0,-0.4762561256,-2.594384837,1,0
0,0,-0.8140898392,-3.378337136,2,0
0,0,-1.312508511,-4.984186718,1,-1
1,1,-1.948871389,-6.363628785
0,0,0,0,1,0
0,0,-0.008411645931,-0.08411645931,2,0
0,0,-0.09539475319,-0.8698310726,1,0
0,0,-0.2064627219,-1.110679687,2,0
0,0,-0.4279421028,-2.21479381,2,0
0,0,-0.783562072,-3.556199692,1,0
0,0,-1.233796379,-4.502343066,1,-1
1,1,-1.814606057,-5.808096779
0,0,0,0,2,0
0,0,-0.1041151105,-1.041151105,2,0
0,0,-0.3144203069,-2.103051965,2,0
0,0,-0.653210554,-3.38790247,1,0
0,0,-1.090820588,-4.376100341,2,-1
1,1,-1.685426487,-5.946058989
0,0,0,0,1,0
0,0,-0.01346472762,-0.1346472762,1,0
0,0,-0.0205541251,-0.07089397486,2,0
0,0,-0.1315790795,-1.110249544,1,0
0,0,-0.281652701,-1.500736215,2,0
0,0,-0.5657489137,-2.840962127,1,0
0,0,-0.9387520596,-3.73003146,2,0
0,0,-1.473112438,-5.343603781,0,-1
1,1,-2.141562994,-6.684505566
0,0,0,0,1,0
0,0,0.01419169421,0.1419169421,2,0
0,0,-0.04081680537,-0.5500849958,0,0
0,0,-0.02034025821,0.2047654717,2,0
0,0,-0.08845006224,-0.6810980403,2,0
0,0,-0.2654070106,-1.769569483,1,0
0,0,-0.4740870797,-2.086800691,0,0
0,0,-0.684709269,-2.106221893,0,0
0,0,-0.9359893994,-2.512801304,1,0
0,0,-1.30906214,-3.730727407,1,-1
1,1,-1.816839195,-5.077770553
0,0,0,0,0,0
0,0,0.09027857993,0.9027857993,0,0
0,0,0.2976644361,2.073858562,2,0
0,0,0.4563867329,1.587222968,1,0
0,0,0.6782546089,2.218678761,0,0
0,0,1.050599909,3.723452998,1,0
0,0,1.539836222,4.89236313,0,-1
1,1,2.176833634,6.369974122
0,0,0,0,1,0
0,0,-0.006452354837,-0.06452354837,1,0
0,0,-0.00205093942,0.04401415417,1,0
0,0,0.009575464338,0.1162640376,2,0
0,0,-0.06008925972,-0.6966472406,1,0
0,0,-0.1560132124,-0.959239527,1,0
0,0,-0.2850585307,-1.290453183,2,0
0,0,-0.5574125304,-2.723539996,2,0
0,0,-0.970041192,-4.126286616,2,0
0,0,-1.548520759,-5.784795667,0,-1
1,1,-2.270866127,-7.223453685
0,0,0,0,1,0
0,0,0.00104704204,0.0104704204,1,0
0,0,-0.01398376683,-0.1503080887,0,0
0,0,0.05073439167,0.647181585,1,0
0,0,0.1118839333,0.6114954159,0,0
0,0,0.2877277579,1.758438246,2,0
0,0,0.4173819253,1.296541674,1,0
0,0,0.5993393388,1.819574136,2,0
0,0,0.8120999624,2.127606236,1,0
0,0,1.129686586,3.175866237,2,0
0,0,1.54659928,4.169126934,0,-1
1,1,2.112027973,5.65428694
0,0,0,0,0,0
0,0,0.08065679285,0.8065679285,0,0
0,0,0.2685226161,1.878658232,2,0
0,0,0.4326680628,1.641454467,2,0
0,0,0.5896242678,1.569562051,0,0
0,0,0.9175104159,3.278861481,0,0
0,0,1.411623017,4.941126009,0,-1
1,1,2.055662378,6.440393611
0,0,0,0,2,0
0,0,-0.08084857462,-0.8084857462,1,0
0,0,-0.1667282161,-0.858796415,0,0
0,0,-0.1832983354,-0.1657011924,0,0
0,0,-0.135669067,0.4762926833,2,0
0,0,-0.1896984737,-0.5402940664,0,0
0,0,-0.1787728955,0.109255782,1,0
0,0,-0.1921904417,-0.134175462,2,0
0,0,-0.30920328,-1.170128384,2,0
0,0,-0.5676950485,-2.584917685,2,0
0,0,-0.9842220753,-4.165270267,1,0
0,0,-1.523499721,-5.392776461,1,-1
1,1,-2.207540816,-6.840410948
0,0,0,0,0,0
0,0,0.07174042305,0.7174042305,1,0
0,0,0.1400361729,0.6829574986,2,0
0,0,0.1373840805,-0.02652092434,0,0
0,0,0.23826014,1.008760595,1,0
0,0,0.3831170564,1.448569164,2,0
0,0,0.4984526196,1.153355632,2,0
0,0,0.6040480209,1.055954013,2,0
0,0,0.7444823173,1.404342964,1,0
0,0,0.9954574574,2.509751401,0,0
0,0,1.422199143,4.267416855,1,-1
1,1,1.991579715,5.693805725
0,0,0,0,2,0
0,0,-0.07246463198,-0.7246463198,2,0
0,0,-0.2539523943,-1.814877623,2,0
0,0,-0.5454057912,-2.914533969,2,0
0,0,-1.000971958,-4.55566167,2,-1
1,1,-1.615319102,-6.143471439
0,0,0,0,0,0
0,0,0.09537583751,0.9537583751,2,0
0,0,0.1275085443,0.3213270675,0,0
0,0,0.2608569002,1.333483559,1,0
0,0,0.4495062558,1.886493556,1,0
0,0,0.7029580788,2.53451823,0,0
0,0,1.119957078,4.169989992,1,-1
1,1,1.65602784,5.360707617
0,0,0,0,2,0
0,0,-0.07589718932,-0.7589718932,1,0
0,0,-0.1697419328,-0.9384474351,0,0
0,0,-0.2028113801,-0.3306944723,1,0
0,0,-0.2576877634,-0.5487638334,1,0
0,0,-0.3710981077,-1.134103443,2,0
0,0,-0.6232673179,-2.521692102,1,0
0,0,-0.9655520083,-3.422846904,2,0
0,0,-1.465959224,-5.004072153,1,-1
1,1,-2.10774027,-6.417810466
0,0,0,0,1,0
0,0,0.01569773728,0.1569773728,2,0
0,0,-0.04450120932,-0.601989466,2,0
0,0,-0.2128380892,-1.683368799,0,0
0,0,-0.3169161368,-1.040780476,1,0
0,0,-0.4707561198,-1.538399829,1,0
0,0,-0.6967069919,-2.259508721,1,0
0,0,-1.024759111,-3.280521195,1,0
0,0,-1.481315354,-4.565562429,0,-1
1,1,-2.07562731,-5.943119553
0,0,0,0,0,0
0,0,0.08171536305,0.8171536305,0,0
0,0,0.2762703357,1.945549727,2,0
0,0,0.4285412441,1.522709083,2,0
0,0,0.5841697607,1.556285167,1,0
0,0,0.8222122389,2.380424782,2,0
0,0,1.108559584,2.863473451,0,0
0,0,1.557584333,4.490247485,0,-1
1,1,2.154130384,5.965460517
0,0,0,0,2,0
0,0,-0.08023668587,-0.8023668587,1,0
0,0,-0.1758201492,-0.9558346337,0,0
0,0,-0.2014231415,-0.2560299223,0,0
0,0,-0.1780938837,0.2332925782,1,0
0,0,-0.1805838805,-0.02489996876,2,0
0,0,-0.3011093491,-1.205254686,2,0
0,0,-0.5621565998,-2.610472507,0,0
0,0,-0.8457853942,-2.836287944,1,0
0,0,-1.247170684,-4.013852898,1,-1
1,1,-1.781408362,-5.342376778
0,0,0,0,2,0
0,0,-0.1000343992,-1.000343992,0,0
0,0,-0.1256990392,-0.2566463997,0,0
0,0,-0.09816330514,0.2753573408,2,0
0,0,-0.1629480966,-0.6478479143,1,0
0,0,-0.2632190452,-1.002709487,2,0
0,0,-0.5050351991,-2.418161539,2,0
0,0,-0.9076540499,-4.026188508,1,0
0,0,-1.416954162,-5.093001121,1,-1
1,1,-2.064973965,-6.480198033
0,0,0,0,0,0
0,0,0.08420940544,0.8420940544,2,0
0,0,0.08307157776,-0.0113782768,1,0
0,0,0.09059294269,0.07521364928,1,0
0,0,0.1016067882,0.1101384551,1,0
0,0,0.1239492457,0.2234245753,1,0
0,0,0.1620507578,0.3810151206,2,0
0,0,0.1410618154,-0.2098894236,2,0
0,0,0.05841282628,-0.8264898914,2,0
0,0,-0.1040985326,-1.625113589,1,0
0,0,-0.2738178455,-1.69719313,1,0
0,0,-0.4724149917,-1.985971462,0,0
0,0,-0.6829450375,-2.105300458,1,0
0,0,-0.9799557579,-2.970107204,0,0
0,0,-1.34607239,-3.661166318,2,-1
1,1,-1.871995428,-5.259230381
0,0,0,0,0,0
0,0,0.1015538257,1.015538257,1,0
0,0,0.2160155056,1.144616799,2,0
0,0,0.2872804453,0.7126493974,0,0
0,0,0.4922826443,2.050021989,0,0
0,0,0.8528349907,3.605523464,0,0
0,0,1.383892536,5.310575454,0,-1
1,1,2.067550214,6.836576776
0,0,0,0,0,0
0,0,0.07282969302,0.7282969302,1,0
0,0,0.1632223694,0.9039267639,1,0
0,0,0.2673971248,1.041747553,0,0
0,0,0.5157896814,2.483925567,0,0
0,0,0.9109670501,3.951773687,0,0
0,0,1.461368958,5.504019076,1,-1
1,1,2.152187278,6.908183201
0,0,0,0,2,0
0,0,-0.07937213071,-0.7937213071,0,0
0,0,-0.07038369268,0.08988438032,2,0
0,0,-0.1649266968,-0.9454300412,1,0
0,0,-0.2839878226,-1.190611258,1,0
0,0,-0.4560759289,-1.720881062,2,0
0,0,-0.7830053692,-3.269294404,0,0
0,0,-1.153666354,-3.706609846,0,-1
1,1,-1.625305259,-4.716389053
0,0,0,0,2,0
0,0,-0.0722986709,-0.722986709,2,0
0,0,-0.23463462,-1.623359491,0,0
0,0,-0.3451977452,-1.105631251,0,0
0,0,-0.430186434,-0.8498868884,1,0
0,0,-0.5720704376,-1.418840035,2,0
0,0,-0.865728225,-2.936577875,2,0
0,0,-1.33376014,-4.680319149,0,-1
1,1,-1.924076049,-5.903159096
0,0,0,0,2,0
0,0,-0.07990136673,-0.7990136673,0,0
0,0,-0.07078344995,0.09117916786,1,0
0,0,-0.07352224287,-0.02738792922,1,0
0,0,-0.07504740525,-0.01525162381,1,0
0,0,-0.1003792595,-0.2533185426,1,0
0,0,-0.1260611758,-0.2568191626,0,0
0,0,-0.08586476651,0.4019640926,1,0
0,0,-0.04516639491,0.406983716,2,0
0,0,-0.1119576448,-0.6679124987,1,0
0,0,-0.1893727485,-0.7741510375,0,0
0,0,-0.2211826263,-0.3180987775,0,0
0,0,-0.2011410846,0.2004154171,1,0
0,0,-0.2239666444,-0.2282555979,2,0
0,0,-0.3816049195,-1.576382752,0,0
0,0,-0.5145648832,-1.329599637,0,0
0,0,-0.6592079124,-1.446430292,2,0
0,0,-0.9650407094,-3.05832797,1,0
0,0,-1.399612036,-4.345713267,2,-1
1,1,-1.989744052,-5.901320154
0,0,0,0,2,0
0,0,-0.07738611256,-0.7738611256,0,0
0,0,-0.07979387448,-0.02407761916,2,0
0,0,-0.1859312966,-1.061374221,0,0
0,0,-0.2252747982,-0.393435016,1,0
0,0,-0.2866685486,-0.6139375045,1,0
0,0,-0.3991244603,-1.124559116,0,0
0,0,-0.4993403417,-1.002158814,2,0
0,0,-0.7479195266,-2.485791849,0,0
0,0,-1.04814908,-3.002295538,1,0
0,0,-1.47846803,-4.303189495,0,-1
1,1,-2.045453576,-5.669855457
0,0,0,0,1,0
0,0,0.007892969966,0.07892969966,0,0
0,0,0.1205044082,1.126114383,0,0
0,0,0.3328599019,2.123554937,0,0
0,0,0.6702906345,3.374307326,1,0
0,0,1.107259977,4.369693426,2,-1
1,1,1.634156096,5.268961187
0,0,0,0,0,0
0,0,0.09204147546,0.9204147546,0,0
0,0,0.2738047375,1.81763262,2,0
0,0,0.4203722107,1.465674732,2,0
0,0,0.5706620945,1.502898838,0,0
0,0,0.8697899004,2.991278059,0,0
0,0,1.336025238,4.662353376,1,-1
1,1,1.939737402,6.037121641
0,0,0,0,1,0
0,0,0.01450880903,0.1450880903,1,0
0,0,0.03300959712,0.1850078809,2,0
0,0,-0.01764766106,-0.5065725818,2,0
0,0,-0.1739560172,-1.563083561,0,0
0,0,-0.2709361899,-0.9698017272,2,0
0,0,-0.5049291484,-2.339929585,2,0
0,0,-0.8906576666,-3.857285182,2,0
0,0,-1.431089554,-5.404318871,1,-1
1,1,-2.112067922,-6.809783685
0,0,0,0,2,0
0,0,-0.0729973071,-0.729973071,0,0
0,0,-0.08644800362,-0.1345069652,2,0
0,0,-0.1939468748,-1.074988712,1,0
0,0,-0.3300319451,-1.360850703,1,0
0,0,-0.5239400529,-1.939081078,1,0
0,0,-0.7937149347,-2.697748818,0,0
0,0,-1.113865613,-3.201506783,2,-1
1,1,-1.594218269,-4.803526556
0,0,0,0,1,0
0,0,0.001812916791,0.01812916791,1,0
0,0,0.01527427293,0.1346135614,2,0
0,0,-0.06633409506,-0.8160836798,2,0
0,0,-0.2541874529,-1.878533578,0,0
0,0,-0.3867364979,-1.325490451,2,0
0,0,-0.6740483032,-2.873118053,2,0
0,0,-1.107899616,-4.338513128,2,-1
1,1,-1.697183667,-5.892840513
0,0,0,0,2,0
0,0,-0.08946023086,-0.8946023086,1,0
0,0,-0.1888111598,-0.9935092891,1,0
0,0,-0.3312170719,-1.424059121,0,0
0,0,-0.4506205225,-1.194034506,0,0
0,0,-0.5673381664,-1.16717644,1,0
0,0,-0.7693936937,-2.020555273,1,0
0,0,-1.071132475,-3.017387812,0,0
0,0,-1.457042092,-3.859096171,2,-1
1,1,-1.994807118,-5.377650256
0,0,0,0,0,0
0,0,0.1048655532,1.048655532,2,0
0,0,0.1386435091,0.3377795582,2,0
0,0,0.09812955419,-0.4051395487,1,0
0,0,0.09117548601,-0.06954068183,0,0
0,0,0.1833444867,0.9216900064,1,0
0,0,0.2963783636,1.13033877,1,0
0,0,0.4690453202,1.726669566,0,0
0,0,0.7997509505,3.307056303,2,0
0,0,1.170013697,3.702627462,2,-1
1,1,1.637992508,4.679788118
0,0,0,0,0,0
0,0,0.07665535273,0.7665535273,1,0
0,0,0.1497562258,0.7310087305,1,0
0,0,0.2560649126,1.063086868,1,0
0,0,0.4079948848,1.519299722,0,0
0,0,0.6941165136,2.861216289,2,0
0,0,1.024266358,3.301498448,1,0
0,0,1.479960014,4.55693655,2,-1
1,1,2.071719785,5.917597719
0,0,0,0,2,0
0,0,-0.0730894986,-0.730894986,2,0
0,0,-0.2448737295,-1.717842309,1,0
0,0,-0.455186737,-2.103130075,1,0
0,0,-0.7389825652,-2.837958282,1,0
0,0,-1.116948972,-3.77966407,1,-1
1,1,-1.622336805,-5.053878325
0,0,0,0,2,0
0,0,-0.07235058315,-0.7235058315,1,0
0,0,-0.1493255518,-0.7697496867,2,0
0,0,-0.3438583432,-1.945327914,0,0
0,0,-0.5182893546,-1.744310114,1,0
0,0,-0.7737214224,-2.554320678,1,0
0,0,-1.133284293,-3.595628704,0,-1
1,1,-1.585765034,-4.524807409
0,0,0,0,1,0
0,0,-0.004101598232,-0.04101598232,2,0
0,0,-0.1128937766,-1.087921784,2,0
0,0,-0.3442168949,-2.313231183,0,0
0,0,-0.5412428748,-1.970259799,1,0
0,0,-0.8280115007,-2.867686259,2,0
0,0,-1.280181606,-4.521701055,2,-1
1,1,-1.891700774,-6.115191674
0,0,0,0,0,0
0,0,0.07794491809,0.7794491809,2,0
0,0,0.09336324713,0.1541832905,0,0
0,0,0.2295250263,1.361617792,1,0
0,0,0.4131739275,1.836489012,2,0
0,0,0.5852300682,1.720561408,2,0
0,0,0.7719320387,1.867019704,2,0
0,0,1.013972033,2.420399939,1,0
0,0,1.384521722,3.705496891,2,-1
1,1,1.883038344,4.985166229
0,0,0,0,0,0
0,0,0.08227179818,0.8227179818,0,0
0,0,0.2792351912,1.969633931,0,0
0,0,0.6168990227,3.376638314,0,0
0,0,1.121052778,5.041537558,1,-1
1,1,1.74565281,6.246000312
0,0,0,0,1,0
0,0,0.001704687109,0.01704687109,2,0
0,0,-0.09382633709,-0.955310242,0,0
0,0,-0.1017316867,-0.07905349567,2,0
0,0,-0.2111034462,-1.093717595,1,0
0,0,-0.3425460355,-1.314425893,2,0
0,0,-0.6053317279,-2.627856924,2,0
0,0,-1.028444477,-4.231127489,2,-1
1,1,-1.61800142,-5.895569437
0,0,0,0,1,0
0,0,0.01111047419,0.1111047419,2,0
0,0,-0.06216891294,-0.7327938713,2,0
0,0,-0.2183463145,-1.561774015,1,0
0,0,-0.408665351,-1.903190365,0,0
0,0,-0.587624416,-1.78959065,0,0
0,0,-0.7924178937,-2.047934777,0,0
0,0,-1.058279759,-2.65861865,1,0
0,0,-1.45109487,-3.928151115,1,-1
1,1,-1.987076414,-5.359815442
0,0,0,0,0,0
0,0,0.1030513854,1.030513854,0,0
0,0,0.2975038613,1.944524759,2,0
0,0,0.4538015094,1.56297648,1,0
0,0,0.6721873805,2.183858711,2,0
0,0,0.9168373611,2.446499807,2,0
0,0,1.231171813,3.14334452,0,-1
1,1,1.709280971,4.781091575
0,0,0,0,1,0
0,0,0.01487000582,0.1487000582,0,0
0,0,0.1170315848,1.021615789,1,0
0,0,0.247360099,1.303285142,1,0
0,0,0.433666564,1.86306465,1,0
0,0,0.6747190236,2.410524596,0,0
0,0,1.075106393,4.003873691,0,-1
1,1,1.638872198,5.637658057
0,0,0,0,2,0
0,0,-0.1030257171,-1.030257171,0,0
0,0,-0.151062112,-0.4803639493,0,0
0,0,-0.128564812,0.2249729998,1,0
0,0,-0.1289811836,-0.004163716005,1,0
0,0,-0.1617660746,-0.3278489095,1,0
0,0,-0.2245999861,-0.6283391152,1,0
0,0,-0.3290683502,-1.044683641,2,0
0,0,-0.5699311939,-2.408628437,2,0
0,0,-0.952943467,-3.830122731,0,0
0,0,-1.399120984,-4.461775173,2,-1
1,1,-1.997666326,-5.985453416
0,0,0,0,2,0
0,0,-0.08458514622,-0.8458514622,1,0
0,0,-0.1688785523,-0.8429340603,1,0
0,0,-0.2888214889,-1.199429367,0,0
0,0,-0.3642964594,-0.7547497047,1,0
0,0,-0.5108632405,-1.465667811,2,0
0,0,-0.7999986568,-2.891354163,0,0
0,0,-1.129488961,-3.294903039,1,-1
1,1,-1.582791866,-4.533029053
0,0,0,0,0,0
0,0,0.07218620146,0.7218620146,1,0
0,0,0.1671121708,0.9492596938,2,0
0,0,0.2103247799,0.4321260906,1,0
0,0,0.3013010016,0.9097622167,1,0
0,0,0.4483619037,1.470609021,2,0
0,0,0.5833637512,1.350018475,2,0
0,0,0.7443296571,1.609659059,2,0
0,0,0.9547703804,2.104407233,2,0
0,0,1.234373658,2.796032778,0,-1
1,1,1.680127303,4.457536451
0,0,0,0,1,0
0,0,-0.01249464815,-0.1249464815,1,0
0,0,-0.01042032173,0.02074326418,1,0
0,0,0.0003854478984,0.1080576963,0,0
0,0,0.09101154556,0.9062609766,2,0
0,0,0.1004946742,0.09483128595,0,0
0,0,0.1981796629,0.976849888,2,0
0,0,0.2564244811,0.5824481816,1,0
0,0,0.3469634245,0.9053894339,0,0
0,0,0.5849800809,2.380166564,1,0
0,0,0.9172625339,3.322824531,1,0
0,0,1.366614542,4.493520077,0,-1
1,1,1.970476797,6.038622557
0,0,0,0,0,0
0,0,0.07273807805,0.7273807805,1,0
0,0,0.1738279694,1.010898914,2,0
0,0,0.2076643343,0.3383636489,1,0
0,0,0.2771965129,0.695321786,1,0
0,0,0.4033050252,1.261085123,1,0
0,0,0.5955058994,1.922008741,1,0
0,0,0.8727331184,2.77227219,0,0
0,0,1.31174193,4.39008812,0,-1
1,1,1.905022755,5.932808242
0,0,0,0,2,0
0,0,-0.07788444395,-0.7788444395,1,0
0,0,-0.1779170036,-1.000325596,2,0
0,0,-0.4109280651,-2.330110616,0,0
0,0,-0.6439143802,-2.329863151,1,0
0,0,-0.9650782977,-3.211639175,2,0
0,0,-1.442888151,-4.778098537,2,-1
1,1,-2.072416198,-6.295280469
0,0,0,0,2,0
0,0,-0.1030370589,-1.030370589,1,0
0,0,-0.2129187817,-1.098817228,1,0
0,0,-0.3536114364,-1.406926548,2,0
0,0,-0.6193452472,-2.657338107,2,0
0,0,-1.030365611,-4.110203634,2,-1
1,1,-1.604448666,-5.74083055
0,0,0,0,1,0
0,0,0.003127146522,0.03127146522,2,0
0,0,-0.09159074487,-0.9471789139,1,0
0,0,-0.2016989651,-1.101082203,1,0
0,0,-0.3528091621,-1.51110197,0,0
0,0,-0.4857509809,-1.329418189,2,0
0,0,-0.7772718453,-2.915208644,1,0
0,0,-1.170032836,-3.927609907,0,-1
1,1,-1.657093329,-4.870604932
0,0,0,0,0,0
0,0,0.08289478129,0.8289478129,1,0
0,0,0.1813903452,0.9849556387,1,0
0,0,0.3229471707,1.415568255,0,0
0,0,0.5925132686,2.69566098,1,0
0,0,0.9451449025,3.526316339,1,0
0,0,1.414060571,4.689156689,1,-1
1,1,2.022443506,6.083829349
0,0,0,0,2,0
0,0,-0.1052971979,-1.052971979,0,0
0,0,-0.1331353768,-0.2783817894,0,0
0,0,-0.09250074379,0.4063463302,2,0
0,0,-0.1625906209,-0.7008987711,1,0
0,0,-0.272837221,-1.102466001,0,0
0,0,-0.3406704167,-0.6783319565,0,0
0,0,-0.3708208811,-0.3015046447,0,0
0,0,-0.3957075972,-0.2488671607,2,0
0,0,-0.5801889341,-1.844813369,1,0
0,0,-0.848446289,-2.68257355,1,0
0,0,-1.218432839,-3.6998655,0,-1
1,1,-1.695599283,-4.771664438
0,0,0,0,2,0
0,0,-0.07995964803,-0.7995964803,0,0
0,0,-0.07589601259,0.04063635444,2,0
0,0,-0.1874383204,-1.115423079,2,0
0,0,-0.4281183917,-2.406800713,0,0
0,0,-0.6516507267,-2.23532335,0,0
0,0,-0.9065925677,-2.54941841,0,0
0,0,-1.222284147,-3.156915789,2,-1
1,1,-1.696073154,-4.737890077
0,0,0,0,1,0
0,0,0.01761743504,0.1761743504,0,0
0,0,0.1151575524,0.9754011732,1,0
0,0,0.243422052,1.282644996,1,0
0,0,0.4133099468,1.698878948,2,0
0,0,0.556758911,1.434489642,2,0
0,0,0.7177205172,1.609616062,0,0
0,0,1.043828259,3.261077413,0,0
0,0,1.534083758,4.902554993,1,-1
1,1,2.169439614,6.353558565
0,0,0,0,2,0
0,0,-0.08746365366,-0.8746365366,1,0
0,0,-0.1996759163,-1.122122626,0,0
0,0,-0.2449924507,-0.4531653447,1,0
0,0,-0.3239574376,-0.7896498685,0,0
0,0,-0.3904758547,-0.6651841713,1,0
0,0,-0.5259968335,-1.355209788,2,0
0,0,-0.8076397571,-2.816429237,2,0
0,0,-1.250611576,-4.429718186,1,-1
1,1,-1.826215535,-5.756039591
0,0,0,0,2,0
0,0,-0.07429830744,-0.7429830744,0,0
0,0,-0.07529650572,-0.009981982806,2,0
0,0,-0.1632340142,-0.8793750843,0,0
0,0,-0.2024620874,-0.3922807325,1,0
0,0,-0.2929995995,-0.9053751205,2,0
0,0,-0.5108383597,-2.178387603,1,0
0,0,-0.8150035991,-3.041652393,2,0
0,0,-1.290689208,-4.756856085,0,-1
1,1,-1.882554821,-5.918656132
0,0,0,0,0,0
0,0,0.09486454156,0.9486454156,2,0
0,0,0.1187600079,0.2389546633,2,0
0,0,0.07658028036,-0.4217972753,0,0
0,0,0.1232352091,0.466549287,2,0
0,0,0.1042860838,-0.1894912528,2,0
0,0,0.02417442776,-0.8011165602,2,0
0,0,-0.1522056815,-1.763801093,1,0
0,0,-0.3594216175,-2.07215936,1,0
0,0,-0.6108600179,-2.514384003,0,0
0,0,-0.8822819439,-2.714219261,0,0
0,0,-1.218568793,-3.362868486,2,-1
1,1,-1.71926235,-5.006935574
0,0,0,0,1,0
0,0,0.01433443285,0.1433443285,1,0
0,0,0.04726576327,0.3293133042,2,0
0,0,0.008166003403,-0.3909975987,2,0
0,0,-0.1197627739,-1.279287774,1,0
0,0,-0.2767372495,-1.569744756,1,0
0,0,-0.4944386555,-2.17701406,1,0
0,0,-0.7970356473,-3.025969918,1,0
0,0,-1.211064505,-4.140288575,1,-1
1,1,-1.753123238,-5.420587329
0,0,0,0,2,0
0,0,-0.07767046855,-0.7767046855,2,0
0,0,-0.2442389556,-1.665684871,2,0
0,0,-0.5445606954,-3.003217398,0,0
0,0,-0.8591248823,-3.145641869,1,0
0,0,-1.287408951,-4.282840688,2,-1
1,1,-1.873604551,-5.861955997
0,0,0,0,0,0
0,0,0.1036531701,1.036531701,2,0
0,0,0.1433830898,0.3972991965,2,0
0,0,0.1278431348,-0.15539955,2,0
0,0,0.04023638671,-0.8760674807,0,0
0,0,0.03997236794,-0.002640187706,1,0
0,0,0.03865700384,-0.01315364093,1,0
0,0,0.05285543566,0.1419843181,1,0
0,0,0.07283530335,0.1997986769,2,0
0,0,0.02237389453,-0.5046140881,0,0
0,0,0.05624409798,0.3387020345,2,0
0,0,0.01984310281,-0.3640099518,2,0
0,0,-0.09221637999,-1.120594828,0,0
0,0,-0.1252835163,-0.3306713628,2,0
0,0,-0.2540576408,-1.287741246,1,0
0,0,-0.427310592,-1.732529512,1,0
0,0,-0.6780795951,-2.507690031,2,0
0,0,-1.097813365,-4.197337703,1,-1
1,1,-1.643920833,-5.461074676
0,0,0,0,1,0
0,0,-0.007007276563,-0.07007276563,2,0
0,0,-0.109718515,-1.027112384,1,0
0,0,-0.2274616241,-1.177431092,0,0
0,0,-0.2917281398,-0.6426651571,2,0
0,0,-0.4978772426,-2.061491027,2,0
0,0,-0.8551357524,-3.572585099,2,0
0,0,-1.374846267,-5.197105148,1,-1
1,1,-2.029394805,-6.545485379
0,0,0,0,1,0
0,0,0.01281869351,0.1281869351,2,0
0,0,-0.07154698984,-0.8436568335,2,0
0,0,-0.2423192176,-1.707722277,0,0
0,0,-0.3547992212,-1.124800036,2,0
0,0,-0.5906998898,-2.359006686,1,0
0,0,-0.9205614109,-3.298615212,1,0
0,0,-1.365979426,-4.454180151,1,-1
1,1,-1.953266008,-5.872865815
0,0,0,0,1,0
0,0,0.006029920112,0.06029920112,2,0
0,0,-0.06435039752,-0.7038031763,2,0
0,0,-0.2359443106,-1.715939131,1,0
0,0,-0.4473970816,-2.11452771,0,0
0,0,-0.6651106151,-2.177135336,1,0
0,0,-0.9805827907,-3.154721756,2,0
0,0,-1.457523662,-4.769408708,2,-1
1,1,-2.086507208,-6.289835466
0,0,0,0,1,0
0,0,-0.007285500663,-0.07285500663,0,0
0,0,0.06373185205,0.7101735271,2,0
0,0,0.0402278889,-0.2350396315,1,0
0,0,0.04098001833,0.007521294224,0,0
0,0,0.1455431488,1.045631305,0,0
0,0,0.3592099159,2.136667671,2,0
0,0,0.5630001632,2.037902473,1,0
0,0,0.8639849203,3.009847571,1,0
0,0,1.273508975,4.095240549,0,-1
1,1,1.844744778,5.712358026
0,0,0,0,1,0
0,0,-0.01744601163,-0.1744601163,2,0
0,0,-0.1427153249,-1.252693132,2,0
0,0,-0.3761820888,-2.334667639,2,0
0,0,-0.7531464866,-3.769643979,1,0
0,0,-1.218486274,-4.653397874,0,-1
1,1,-1.790636934,-5.721506605
0,0,0,0,2,0
0,0,-0.09810513652,-0.9810513652,1,0
0,0,-0.2016009749,-1.034958384,1,0
0,0,-0.3446049232,-1.430039483,2,0
0,0,-0.6281860148,-2.835810916,0,0
0,0,-0.9241592377,-2.959732229,1,0
0,0,-1.342864562,-4.187053244,2,-1
1,1,-1.915143055,-5.722784927
0,0,0,0,1,0
0,0,-0.0007809397243,-0.007809397243,2,0
0,0,-0.1008115847,-1.00030645,2,0
0,0,-0.315832075,-2.150204903,1,0
0,0,-0.5692508209,-2.534187459,0,0
0,0,-0.8342133231,-2.649625022,2,0
0,0,-1.262483276,-4.282699533,0,-1
1,1,-1.802398396,-5.399151195
0,0,0,0,1,0
0,0,-0.003249420788,-0.03249420788,1,0
0,0,0.002902130298,0.06151551086,0,0
0,0,0.1087302449,1.058281146,2,0
0,0,0.1461858584,0.3745561351,1,0
0,0,0.2120976101,0.6591175177,2,0
0,0,0.243524387,0.3142677687,2,0
0,0,0.2292139202,-0.1431046678,0,0
0,0,0.355306987,1.260930667,0,0
0,0,0.632951098,2.776441111,2,0
0,0,0.9334265241,3.00475426,2,0
0,0,1.301800681,3.68374157,0,-1
1,1,1.825003233,5.232025516
0,0,0,0,0,0
0,0,0.08015133626,0.8015133626,1,0
0,0,0.1672457859,0.8709444963,0,0
0,0,0.3839937786,2.167479927,0,0
0,0,0.7460603135,3.620665348,1,0
0,0,1.203750726,4.576904127,1,-1
1,1,1.786072941,5.823222147
0,0,0,0,1,0
0,0,-0.003915656825,-0.03915656825,2,0
0,0,-0.104176875,-1.002612181,1,0
0,0,-0.2211293606,-1.169524857,0,0
0,0,-0.2941881997,-0.7305883903,0,0
0,0,-0.3344279794,-0.402397797,2,0
0,0,-0.5202653372,-1.858373578,0,0
0,0,-0.7052304759,-1.849651387,0,0
0,0,-0.9401215634,-2.348910875,1,0
0,0,-1.291120287,-3.509987234,2,-1
1,1,-1.799553599,-5.084333127
0,0,0,0,0,0
0,0,0.08861047003,0.8861047003,1,0
0,0,0.1975996409,1.089891708,1,0
0,0,0.3312669624,1.336673216,2,0
0,0,0.4221830123,0.9091604983,2,0
0,0,0.4930798765,0.7089686427,1,0
0,0,0.6464409598,1.533610833,2,0
0,0,0.8391122294,1.926712695,0,0
0,0,1.190470217,3.513579879,1,-1
1,1,1.674535996,4.840657784
0,0,0,0,1,0
0,0,0.01633492007,0.1633492007,2,0
0,0,-0.05567678318,-0.7201170324,1,0
0,0,-0.1515123318,-0.9583554858,0,0
0,0,-0.1954292402,-0.4391690839,0,0
0,0,-0.1968330763,-0.01403836111,2,0
0,0,-0.3202674571,-1.234343808,0,0
0,0,-0.4102159784,-0.8994852137,2,0
0,0,-0.6493190987,-2.391031203,0,0
0,0,-0.9049939029,-2.556748041,2,0
0,0,-1.327468723,-4.224748203,0,-1
1,1,-1.867590921,-5.401221974
0,0,0,0,1,0
0,0,0.007193785769,0.07193785769,1,0
0,0,0.007098508458,-0.0009527731128,2,0
0,0,-0.09124623637,-0.9834474483,1,0
0,0,-0.2192329734,-1.27986737,2,0
0,0,-0.4632030323,-2.439700589,1,0
0,0,-0.7672702302,-3.040671979,0,0
0,0,-1.115796174,-3.485259436,1,-1
1,1,-1.593473355,-4.776771816
0,0,0,0,1,0
0,0,-0.01629355914,-0.1629355914,0,0
0,0,0.05899595553,0.7528951466,0,0
0,0,0.2194402607,1.604443052,2,0
0,0,0.335783033,1.163427723,0,0
0,0,0.576120455,2.403374219,1,0
0,0,0.8993636097,3.232431547,0,0
0,0,1.389372368,4.900087585,1,-1
1,1,2.017137838,6.277654701
0,0,0,0,1,0
0,0,-0.008582942302,-0.08582942302,0,0
0,0,0.05571813806,0.6430108037,1,0
0,0,0.1189207214,0.6320258336,0,0
0,0,0.2786267613,1.597060399,1,0
0,0,0.4934427168,2.148159555,1,0
0,0,0.7823385084,2.888957916,2,0
0,0,1.114975178,3.326366695,2,0
0,0,1.549565292,4.345901144,0,-1
1,1,2.132232537,5.826672448
0,0,0,0,2,0
0,0,-0.08299710024,-0.8299710024,2,0
0,0,-0.2686140612,-1.85616961,0,0
0,0,-0.4113996339,-1.427855726,1,0
0,0,-0.6104388747,-1.990392408,0,0
0,0,-0.8429369467,-2.32498072,0,0
0,0,-1.135405531,-2.924685842,2,-1
1,1,-1.588848384,-4.534428533
0,0,0,0,1,0
0,0,-0.009784595864,-0.09784595864,0,0
0,0,0.0795878233,0.8937241916,0,0
0,0,0.2767216208,1.971337975,2,0
0,0,0.4375472084,1.608255876,0,0
0,0,0.7402078602,3.026606518,2,0
0,0,1.092157618,3.519497574,0,-1
1,1,1.601984755,5.098271378
0,0,0,0,2,0
0,0,-0.09810679522,-0.9810679522,2,0
0,0,-0.2908801398,-1.927733446,0,0
0,0,-0.4511392851,-1.602591453,0,0
0,0,-0.6140388661,-1.62899581,1,0
0,0,-0.8591062549,-2.450673888,2,0
0,0,-1.271910039,-4.128037844,2,-1
1,1,-1.843960026,-5.720499871
0,0,0,0,1,0
0,0,0.004051162885,0.04051162885,0,0
0,0,0.105402816,1.013516531,1,0
0,0,0.2235535245,1.181507085,1,0
0,0,0.3958326149,1.722790904,2,0
0,0,0.5376129135,1.417802987,0,0
0,0,0.8452837068,3.076707932,2,0
0,0,1.209873863,3.645901558,1,-1
1,1,1.707531866,4.976580034
0,0,0,0,2,0
0,0,-0.09478462676,-0.9478462676,0,0
0,0,-0.1217861233,-0.2700149659,2,0
0,0,-0.2611105267,-1.393244034,1,0
0,0,-0.4433702597,-1.822597329,2,0
0,0,-0.761981859,-3.186115993,0,0
0,0,-1.130424901,-3.684430418,0,-1
1,1,-1.600879621,-4.7045472
0,0,0,0,1,0
0,0,-0.00901290043,-0.0901290043,0,0
0,0,0.08499530336,0.9400820379,1,0
0,0,0.1945675958,1.095722924,2,0
0,0,0.265663165,0.7109556927,0,0
0,0,0.4714151461,2.057519811,0,0
0,0,0.8139102993,3.424951532,0,0
0,0,1.325535884,5.116255846,0,-1
1,1,1.99254506,6.670091765
0,0,0,0,1,0
0,0,0.008669042564,0.08669042564,1,0
0,0,0.0257765517,0.1710750914,2,0
0,0,-0.02456815909,-0.5034471079,0,0
0,0,0.0178010414,0.423692005,0,0
0,0,0.1574412124,1.39640171,1,0
0,0,0.3123916649,1.549504525,1,0
0,0,0.5071820049,1.9479034,2,0
0,0,0.6937462809,1.86564276,1,0
0,0,0.9852733261,2.915270452,2,0
0,0,1.352559899,3.672865733,1,-1
1,1,1.860107487,5.075475874
0,0,0,0,1,0
0,0,0.003938593734,0.03938593734,2,0
0,0,-0.06598409509,-0.6992268882,0,0
0,0,-0.06784789048,-0.01863795391,2,0
0,0,-0.1758061258,-1.079582353,0,0
0,0,-0.2191036016,-0.4329747578,2,0
0,0,-0.3890944184,-1.699908168,1,0
0,0,-0.6153322839,-2.262378655,1,0
0,0,-0.9299637013,-3.146314174,2,0
0,0,-1.416892039,-4.869283372,0,-1
1,1,-2.033607258,-6.167152195
0,0,0,0,0,0
0,0,0.08313022123,0.8313022123,0,0
0,0,0.2602388472,1.77108626,0,0
0,0,0.5560456424,2.958067952,2,0
0,0,0.8648063331,3.087606907,2,0
0,0,1.228854534,3.640482009,2,-1
1,1,1.702584912,4.737303777
0,0,0,0,0,0
0,0,0.08957349796,0.8957349796,1,0
0,0,0.1786907704,0.8911727247,1,0
0,0,0.310858199,1.321674285,2,0
0,0,0.4076855086,0.9682730966,0,0
0,0,0.6558137829,2.481282743,1,0
0,0,0.9904455961,3.346318132,0,0
0,0,1.482919921,4.924743252,1,-1
1,1,2.119860323,6.369404016
0,0,0,0,2,0
0,0,-0.1003178083,-1.003178083,2,0
0,0,-0.2966428443,-1.96325036,0,0
0,0,-0.4702295481,-1.735867038,2,0
0,0,-0.7895459337,-3.193163856,1,0
0,0,-1.223827774,-4.342818404,2,-1
1,1,-1.812451739,-5.886239649
0,0,0,0,2,0
0,0,-0.1056861607,-1.056861607,2,0
0,0,-0.3062939945,-2.006078338,2,0
0,0,-0.6274981549,-3.212041604,0,0
0,0,-0.971727743,-3.442295881,0,0
0,0,-1.382925996,-4.111982531,2,-1
1,1,-1.946734804,-5.638088079
0,0,0,0,2,0
0,0,-0.07905167449,-0.7905167449,2,0
0,0,-0.2652394778,-1.861878033,1,0
0,0,-0.4944315809,-2.291921031,2,0
0,0,-0.8753701182,-3.809385374,1,0
0,0,-1.361194998,-4.858248796,0,-1
1,1,-1.968307737,-6.071127388
0,0,0,0,1,0
0,0,-0.007000470915,-0.07000470915,0,0
0,0,0.06688007599,0.738805469,1,0
0,0,0.1552955136,0.8841543762,1,0
0,0,0.2781484376,1.22852924,1,0
0,0,0.4339056678,1.557572302,2,0
0,0,0.5832460017,1.493403339,2,0
0,0,0.7614484034,1.782024016,1,0
0,0,1.054217424,2.927690211,0,0
0,0,1.509763668,4.555462435,0,-1
1,1,2.115346828,6.055831605
0,0,0,0,1,0
0,0,-0.001824525741,-0.01824525741,0,0
0,0,0.0997504722,1.015749979,2,0
0,0,0.1239950012,0.2424452902,2,0
0,0,0.0917880774,-0.3220692382,2,0
0,0,-0.02680764181,-1.185957192,1,0
0,0,-0.1603644865,-1.335568447,2,0
0,0,-0.4070907703,-2.467262839,2,0
0,0,-0.7917591833,-3.84668413,1,0
0,0,-1.286764747,-4.950055639,1,-1
1,1,-1.912086427,-6.2532168
0,0,0,0,1,0
0,0,0.01686212521,0.1686212521,0,0
0,0,0.1166391216,0.9977699641,1,0
0,0,0.2197039842,1.030648626,2,0
0,0,0.2788516763,0.5914769209,2,0
0,0,0.3024302714,0.2357859513,0,0
0,0,0.4563215997,1.538913283,1,0
0,0,0.6673436424,2.110220427,0,0
0,0,1.039335238,3.719915952,0,-1
1,1,1.578370569,5.390353313
0,0,0,0,2,0
0,0,-0.100332103,-1.00332103,0,0
0,0,-0.1371800044,-0.3684790135,1,0
0,0,-0.202956656,-0.6577665163,1,0
0,0,-0.2991936897,-0.9623703368,0,0
0,0,-0.3627130346,-0.6351934494,2,0
0,0,-0.5764603721,-2.137473375,2,0
0,0,-0.9578799653,-3.814195932,1,0
0,0,-1.446595548,-4.887155828,1,-1
1,1,-2.078606735,-6.320111872
0,0,0,0,0,0
0,0,0.08486734684,0.8486734684,1,0
0,0,0.1988578755,1.139905287,0,0
0,0,0.4484867207,2.496288452,2,0
0,0,0.6766055732,2.281188525,0,0
0,0,1.062598671,3.859930977,0,-1
1,1,1.606017506,5.434188352
0,0,0,0,2,0
0,0,-0.0792377217,-0.792377217,1,0
0,0,-0.1746915859,-0.9545386423,0,0
0,0,-0.2061999385,-0.3150835256,1,0
0,0,-0.2637083615,-0.57508423,0,0
0,0,-0.2698302595,-0.06121897996,2,0
0,0,-0.4077107601,-1.378805007,0,0
0,0,-0.5418012873,-1.340905271,1,0
0,0,-0.750944826,-2.091435387,1,0
0,0,-1.057653001,-3.06708175,1,0
0,0,-1.486848066,-4.291950654,0,-1
1,1,-2.05312865,-5.662805835
0,0,0,0,1,0
0,0,-0.007998048596,-0.07998048596,1,0
0,0,-0.02199228557,-0.1399423698,0,0
0,0,0.03384132044,0.5583360602,0,0
0,0,0.1896917837,1.558504633,1,0
0,0,0.3827223144,1.930305307,0,0
0,0,0.7205336641,3.378113497,1,0
0,0,1.144780056,4.24246392,1,-1
1,1,1.690771129,5.459910733
0,0,0,0,1,0
0,0,-0.008714047261,-0.08714047261,1,0
0,0,-0.01256117891,-0.03847131654,0,0
0,0,0.0791655799,0.9172675881,0,0
0,0,0.2791941076,2.000285277,1,0
0,0,0.5223555118,2.431614042,0,0
0,0,0.9177242971,3.953687853,1,0
0,0,1.420144765,5.024204675,0,-1
1,1,2.073908983,6.537642181
0,0,0,0,0,0
0,0,0.09700465746,0.9700465746,0,0
0,0,0.2961687984,1.991641409,1,0
0,0,0.558359756,2.621909576,0,0
0,0,0.9728975411,4.145377851,2,0
0,0,1.455317745,4.824202035,0,-1
1,1,2.087432895,6.321151507
0,0,0,0,0,0
0,0,0.09914138901,0.9914138901,0,0
0,0,0.2979990952,1.988577062,0,0
0,0,0.6274266131,3.294275179,2,0
0,0,0.9713626067,3.439359936,0,0
0,0,1.480989076,5.096264696,0,-1
1,1,2.140485504,6.594964281
0,0,0,0,0,0
0,0,0.09853050947,0.9853050947,0,0
0,0,0.3113262502,2.127957408,2,0
0,0,0.4905768372,1.79250587,0,0
0,0,0.8302707583,3.396939211,2,0
0,0,1.228618646,3.983478875,1,-1
1,1,1.75736388,5.287452344
0,0,0,0,1,0
0,0,-0.01737489039,-0.1737489039,2,0
0,0,-0.1331570068,-1.157821164,2,0
0,0,-0.3613863209,-2.282293141,0,0
0,0,-0.5620047508,-2.0061843,0,0
0,0,-0.7744525966,-2.124478458,0,0
0,0,-1.030290729,-2.558381324,1,0
0,0,-1.413274456,-3.829837266,1,-1
1,1,-1.93758997,-5.243155139
0,0,0,0,0,0
0,0,0.08251239083,0.8251239083,2,0
0,0,0.09508323473,0.125708439,1,0
0,0,0.121561508,0.2647827326,2,0
0,0,0.08188901756,-0.3967249043,2,0
0,0,-0.04069909402,-1.225881116,2,0
0,0,-0.274234481,-2.33535387,0,0
0,0,-0.4784118887,-2.041774077,2,0
0,0,-0.8270507648,-3.486388761,2,0
0,0,-1.334379206,-5.073284407,0,-1
1,1,-1.962343302,-6.279640966
0,0,0,0,1,0
0,0,-0.01270726645,-0.1270726645,0,0
0,0,0.07183239325,0.845396597,2,0
0,0,0.091381998,0.1954960475,1,0
0,0,0.1139324921,0.2255049408,1,0
0,0,0.144966094,0.3103360194,1,0
0,0,0.1856330543,0.4066696029,2,0
0,0,0.1552113644,-0.3042168992,0,0
0,0,0.2228713489,0.676599845,1,0
0,0,0.3227592077,0.9988785882,0,0
0,0,0.5722491089,2.494899012,1,0
0,0,0.914979279,3.427301701,1,0
0,0,1.367210545,4.522312664,0,-1
1,1,1.974984392,6.077738469
0,0,0,0,2,0
0,0,-0.09100111543,-0.9100111543,1,0
0,0,-0.2030811432,-1.120800277,1,0
0,0,-0.3516092785,-1.485281353,1,0
0,0,-0.5648972123,-2.132879338,0,0
0,0,-0.7949802978,-2.300830855,0,0
0,0,-1.082286787,-2.873064892,1,0
0,0,-1.503142449,-4.208556618,0,-1
1,1,-2.064191328,-5.610488788
0,0,0,0,0,0
0,0,0.09004060086,0.9004060086,0,0
0,0,0.2809395003,1.908988994,2,0
0,0,0.424138505,1.431990048,2,0
0,0,0.5659449211,1.41806416,2,0
0,0,0.7324097518,1.664648307,0,0
0,0,1.070367887,3.379581352,2,0
0,0,1.500801775,4.30433888,0,-1
1,1,2.081125519,5.803237444
0,0,0,0,0,0
0,0,0.08413242838,0.8413242838,2,0
0,0,0.0948934399,0.1076101152,1,0
0,0,0.1340021411,0.3910870123,2,0
0,0,0.1252724036,-0.08729737487,1,0
0,0,0.1221610472,-0.03111356412,2,0
0,0,0.06612651684,-0.5603453039,0,0
0,0,0.1195942628,0.5346774601,2,0
0,0,0.09943001435,-0.201642485,0,0
0,0,0.1752271731,0.7579715872,0,0
0,0,0.3787753594,2.035481863,2,0
0,0,0.5595602167,1.807848573,2,0
0,0,0.7587602258,1.992000092,2,0
0,0,0.9969927642,2.382325383,0,0
0,0,1.403091137,4.060983723,0,-1
1,1,1.964955328,5.618641913
0,0,0,0,1,0
0,0,0.01481150555,0.1481150555,2,0
0,0,-0.05780032134,-0.7261182688,2,0
0,0,-0.2307274978,-1.729271765,2,0
0,0,-0.5412168509,-3.10489353,1,0
0,0,-0.9266306453,-3.854137944,0,0
0,0,-1.380085909,-4.534552633,1,-1
1,1,-1.973997668,-5.93911759
0,0,0,0,2,0
0,0,-0.103998782,-1.03998782,1,0
0,0,-0.2253670727,-1.213682907,1,0
0,0,-0.3989453035,-1.735782308,2,0
0,0,-0.7243191982,-3.253738947,0,0
0,0,-1.083532904,-3.592137059,2,-1
1,1,-1.609068749,-5.255358452
0,0,0,0,2,0
0,0,-0.08427356538,-0.8427356538,2,0
0,0,-0.2863253493,-2.020517839,2,0
0,0,-0.6274254774,-3.411001282,0,0
0,0,-0.978825692,-3.514002146,0,0
0,0,-1.408667084,-4.298413915,1,-1
1,1,-1.977833041,-5.691659574
0,0,0,0,2,0
0,0,-0.09822417297,-0.9822417297,1,0
0,0,-0.2004779131,-1.022537401,1,0
0,0,-0.3515089189,-1.510310059,2,0
0,0,-0.6306168604,-2.791079414,2,0
0,0,-1.068304147,-4.376872866,0,-1
1,1,-1.592292252,-5.23988105
0,0,0,0,1,0
0,0,0.005016829812,0.05016829812,0,0
0,0,0.09551226177,0.9049543196,1,0
0,0,0.2154563891,1.199441273,0,0
0,0,0.4586641394,2.432077504,1,0
0,0,0.7822056426,3.235415031,0,0
0,0,1.25752795,4.753223075,0,-1
1,1,1.885422662,6.278947123
0,0,0,0,2,0
0,0,-0.07153102546,-0.7153102546,2,0
0,0,-0.2499231363,-1.783921109,0,0
0,0,-0.3958184012,-1.458952648,1,0
0,0,-0.6014966156,-2.056782144,1,0
0,0,-0.9071040434,-3.056074278,2,0
0,0,-1.378851104,-4.717470605,1,-1
1,1,-1.991222136,-6.123710318
0,0,0,0,2,0
0,0,-0.09895307166,-0.9895307166,0,0
0,0,-0.1439485529,-0.449954812,2,0
0,0,-0.2992255466,-1.552769938,1,0
0,0,-0.5130017176,-2.137761709,0,0
0,0,-0.7300567093,-2.170549917,1,0
0,0,-1.042800746,-3.127440371,2,0
0,0,-1.512711021,-4.699102745,2,-1
1,1,-2.132667719,-6.199566981
0,0,0,0,1,0
0,0,0.001258040813,0.01258040813,1,0
0,0,-0.01399881309,-0.152568539,1,0
0,0,-0.04776053179,-0.337617187,0,0
0,0,0.003357848567,0.5111838035,2,0
0,0,-0.02102101658,-0.2437886514,0,0
0,0,0.04294227888,0.6396329546,2,0
0,0,0.01268793558,-0.302543433,0,0
0,0,0.08202427535,0.6933633976,0,0
0,0,0.2472074798,1.651832044,1,0
0,0,0.4627828431,2.155753633,1,0
0,0,0.7612929683,2.985101252,1,0
0,0,1.171211358,4.099183897,2,-1
1,1,1.684181941,5.129705834
0,0,0,0,0,0
0,0,0.09954830537,0.9954830537,0,0
0,0,0.3133339726,2.137856673,0,0
0,0,0.6501287551,3.367947825,1,0
0,0,1.08365818,4.335294248,2,-1
1,1,1.609767802,5.261096219
0,0,0,0,1,0
0,0,0.008384824289,0.08384824289,2,0
0,0,-0.08627603282,-0.9466085711,1,0
0,0,-0.1919673949,-1.056913621,1,0
0,0,-0.3367066127,-1.447392178,1,0
0,0,-0.5359807631,-1.992741504,0,0
0,0,-0.7424227298,-2.064419667,1,0
0,0,-1.060537391,-3.181146608,1,0
0,0,-1.501150832,-4.406134418,0,-1
1,1,-2.080797407,-5.796465744
0,0,0,0,0,0
0,0,0.07966696942,0.7966696942,2,0
0,0,0.09684528988,0.1717832046,0,0
0,0,0.2240223392,1.271770493,0,0
0,0,0.4778394331,2.538170939,0,0
0,0,0.8825012991,4.04661866,2,0
0,0,1.33441027,4.519089711,0,-1
1,1,1.943600102,6.091898319
0,0,0,0,0,0
0,0,0.07149480568,0.7149480568,2,0
0,0,0.07648602675,0.04991221071,1,0
0,0,0.09579914785,0.193131211,0,0
0,0,0.2075924026,1.117932547,1,0
0,0,0.3579989339,1.504065314,0,0
0,0,0.6553900873,2.973911534,1,0
0,0,1.032953775,3.775636881,2,0
0,0,1.487149783,4.541960077,1,-1
1,1,2.086542788,5.993930049
0,0,0,0,0,0
0,0,0.1047881277,1.047881277,0,0
0,0,0.3103934108,2.05605283,0,0
0,0,0.6512425335,3.408491228,2,0
0,0,1.019289041,3.680465076,2,0
0,0,1.468085324,4.487962828,2,-1
1,1,2.05161701,5.83531686
0,0,0,0,2,0
0,0,-0.08093329314,-0.8093329314,1,0
0,0,-0.1856598661,-1.047265729,0,0
0,0,-0.23870444,-0.5304457398,2,0
0,0,-0.4122205074,-1.735160674,1,0
0,0,-0.6500203517,-2.377998443,0,0
0,0,-0.9225905552,-2.725702034,1,0
0,0,-1.316540342,-3.939497873,1,-1
1,1,-1.848732545,-5.321922027
0,0,0,0,0,0
0,0,0.09332463749,0.9332463749,2,0
0,0,0.1243555972,0.3103095968,0,0
0,0,0.2604048074,1.360492103,0,0
0,0,0.5336401753,2.732353678,0,0
0,0,0.9661692075,4.325290322,0,0
0,0,1.554100195,5.87930987,0,-1
1,1,2.289532551,7.354323566
0,0,0,0,0,0
0,0,0.09909402081,0.9909402081,2,0
0,0,0.1152871071,0.1619308625,0,0
0,0,0.2360376787,1.207505717,1,0
0,0,0.4073723558,1.713346771,2,0
0,0,0.5593590673,1.519867115,1,0
0,0,0.8030801686,2.437211013,0,0
0,0,1.216160778,4.130806091,1,-1
1,1,1.762231195,5.46070417
0,0,0,0,2,0
0,0,-0.09829680178,-0.9829680178,0,0
0,0,-0.1309543205,-0.3265751876,2,0
0,0,-0.264413171,-1.334588504,0,0
0,0,-0.3544893282,-0.9007615721,0,0
0,0,-0.4226456353,-0.6815630717,0,0
0,0,-0.4953139705,-0.7266833515,2,0
0,0,-0.7259302532,-2.306162827,0,0
0,0,-1.001897943,-2.759676895,1,0
0,0,-1.407148095,-4.052501522,0,-1
1,1,-1.942030647,-5.348825517
0,0,0,0,2,0
0,0,-0.0785475489,-0.785475489,0,0
0,0,-0.08340819203,-0.0486064313,0,0
0,0,-0.009191743306,0.7421644872,0,0
0,0,0.1456993287,1.54891072,1,0
0,0,0.329301008,1.836016793,2,0
0,0,0.4808153367,1.515143288,0,0
0,0,0.7930667102,3.122513734,0,0
0,0,1.261401533,4.683348227,0,-1
1,1,1.889737036,6.283355027
0,0,0,0,2,0
0,0,-0.1035450948,-1.035450948,2,0
0,0,-0.2998868931,-1.963417983,0,0
0,0,-0.4482378696,-1.483509764,0,0
0,0,-0.5991092875,-1.508714179,0,0
0,0,-0.7835800482,-1.844707607,1,0
0,0,-1.079138226,-2.955581775,1,0
0,0,-1.508885882,-4.297476564,1,-1
1,1,-2.083360552,-5.7447467
0,0,0,0,1,0
0,0,0.005338854094,0.05338854094,1,0
0,0,0.02816278364,0.2282392955,2,0
0,0,-0.03361997757,-0.6178276122,1,0
0,0,-0.1146417012,-0.8102172363,1,0
0,0,-0.2247499029,-1.101082017,1,0
0,0,-0.3660533196,-1.413034168,0,0
0,0,-0.4838434859,-1.177901663,0,0
0,0,-0.5883298419,-1.04486356,0,0
0,0,-0.7144207993,-1.260909574,1,0
0,0,-0.9469542406,-2.325334414,0,0
0,0,-1.247649489,-3.006952486,0,-1
1,1,-1.662035995,-4.143865055
0,0,0,0,2,0
0,0,-0.09014628092,-0.9014628092,2,0
0,0,-0.2681797947,-1.780335137,0,0
0,0,-0.4040353773,-1.358555826,1,0
0,0,-0.5959774571,-1.919420798,2,0
0,0,-0.952369004,-3.563915469,1,0
0,0,-1.428402498,-4.760334939,1,-1
1,1,-2.045804246,-6.174017484
