2,1,1
0,0,0,0,2,0
0,0,-0.07767985838,-0.7767985838,0,0
0,0,-0.07593629887,0.01743559511,2,0
0,0,-0.1893411917,-1.134048929,2,0
0,0,-0.4265374347,-2.371962429,0,0
0,0,-0.661680189,-2.351427543,1,0
0,0,-0.9807469761,-3.190667871,2,0
0,0,-1.460480457,-4.797334813,0,-1
1,1,-2.074832623,-6.143521653
0,0,0,0,1,0
0,0,0.01641517137,0.1641517137,1,0
0,0,0.02886902496,0.1245385359,2,0
0,0,-0.05544297464,-0.843119996,1,0
0,0,-0.16183041,-1.063874353,0,0
0,0,-0.2138802687,-0.5204985875,1,0
0,0,-0.3104439713,-0.9656370258,0,0
0,0,-0.3813384701,-0.7089449879,1,0
0,0,-0.5293447588,-1.480062887,0,0
0,0,-0.6981252598,-1.687805011,0,0
0,0,-0.8945692332,-1.964439733,0,0
0,0,-1.166186104,-2.716168703,2,-1
1,1,-1.603976878,-4.377907742
0,0,0,0,0,0
0,0,0.1057545248,1.057545248,2,0
0,0,0.1313536486,0.2559912383,2,0
0,0,0.07898305847,-0.5237059012,0,0
0,0,0.1121718412,0.3318878272,2,0
0,0,0.07942128366,-0.3275055753,1,0
0,0,0.07350018806,-0.05921095599,1,0
0,0,0.09039464162,0.1689445357,0,0
0,0,0.2026545855,1.122599438,2,0
0,0,0.2552165004,0.5256191493,0,0
0,0,0.4420600574,1.86843557,0,0
0,0,0.772423101,3.303630437,0,0
0,0,1.265713544,4.932904429,2,-1
1,1,1.87184422,6.061306759
0,0,0,0,0,0
0,0,0.1038836765,1.038836765,2,0
0,0,0.1439194304,0.4003575393,1,0
0,0,0.2102950816,0.6637565115,1,0
0,0,0.3123103778,1.020152963,2,0
0,0,0.3720967232,0.5978634536,2,0
0,0,0.4014709473,0.2937422415,2,0
0,0,0.4044744577,0.03003510369,1,0
0,0,0.4666304194,0.6215596171,0,0
0,0,0.6694933303,2.028629109,0,0
0,0,1.037800744,3.683074134,2,0
0,0,1.487500868,4.497001244,2,-1
1,1,2.074157604,5.866567359
0,0,0,0,1,0
0,0,0.005625550307,0.05625550307,2,0
0,0,-0.06982607098,-0.7545162129,1,0
0,0,-0.1531925853,-0.8336651433,2,0
0,0,-0.3396294365,-1.864368512,2,0
0,0,-0.6477828933,-3.081534568,0,0
0,0,-0.9925227082,-3.447398149,2,0
0,0,-1.503913064,-5.113903558,1,-1
1,1,-2.158858975,-6.549459113
0,0,0,0,1,0
0,0,0.002661349804,0.02661349804,1,0
0,0,-0.01056025611,-0.1322160591,0,0
0,0,0.06347197267,0.7403222878,0,0
0,0,0.2279216336,1.644496609,2,0
0,0,0.3601536222,1.322319886,0,0
0,0,0.621805385,2.616517629,0,0
0,0,1.03913346,4.173280745,1,0
0,0,1.569374632,5.302411728,2,-1
1,1,2.246441651,6.770670192
0,0,0,0,2,0
0,0,-0.08919194623,-0.8919194623,0,0
0,0,-0.1039174605,-0.147255143,0,0
0,0,-0.05186615958,0.5205130096,0,0
0,0,0.07185172732,1.237178869,2,0
0,0,0.1234808523,0.5162912499,1,0
0,0,0.2005043058,0.7702345346,1,0
0,0,0.3232937304,1.227894247,1,0
0,0,0.4929902652,1.696965347,0,0
0,0,0.8102958959,3.173056308,2,0
0,0,1.185238652,3.749427556,1,-1
1,1,1.690281082,5.050424302
0,0,0,0,1,0
0,0,-0.009757554736,-0.09757554736,1,0
0,0,-0.01440255029,-0.04644995555,2,0
0,0,-0.1143345862,-0.9993203594,1,0
0,0,-0.2228521396,-1.085175533,0,0
0,0,-0.2860124017,-0.6316026211,2,0
0,0,-0.4759782623,-1.899658606,1,0
0,0,-0.7258688507,-2.498905884,0,0
0,0,-1.026917847,-3.010489968,1,0
0,0,-1.45632354,-4.29405693,0,-1
1,1,-2.019211458,-5.628879172
0,0,0,0,1,0
0,0,0.01301856888,0.1301856888,1,0
0,0,0.02369205784,0.1067348897,1,0
0,0,0.05033507612,0.2664301828,2,0
0,0,0.005377172427,-0.4495790369,0,0
0,0,0.03513091616,0.2975374374,2,0
0,0,-0.01457484879,-0.4970576495,2,0
0,0,-0.1378917748,-1.23316926,2,0
0,0,-0.3763400735,-2.384482986,1,0
0,0,-0.683682113,-3.073420395,0,0
0,0,-1.020755931,-3.370738176,2,0
0,0,-1.522614615,-5.018586841,1,-1
1,1,-2.169028427,-6.464138122
0,0,0,0,0,0
0,0,0.09345545039,0.9345545039,2,0
0,0,0.1155456449,0.2209019453,1,0
0,0,0.1544093666,0.3886372166,2,0
0,0,0.1492427591,-0.05166607506,0,0
0,0,0.2612555891,1.1201283,1,0
0,0,0.4044555315,1.431999424,1,0
0,0,0.6191826333,2.147271018,0,0
0,0,0.9993091422,3.801265089,1,0
0,0,1.500020327,5.007111847,1,-1
1,1,2.143982567,6.439622404
0,0,0,0,0,0
0,0,0.09026510917,0.9026510917,0,0
0,0,0.2966529666,2.063878574,2,0
0,0,0.4537641404,1.571111738,0,0
0,0,0.7533153336,2.995511932,2,0
0,0,1.091947541,3.386322076,2,0
0,0,1.515966571,4.240190294,0,-1
1,1,2.089096342,5.731297709
0,0,0,0,2,0
0,0,-0.09896791683,-0.9896791683,2,0
0,0,-0.2866254038,-1.87657487,0,0
0,0,-0.4488090343,-1.621836305,2,0
0,0,-0.7596933033,-3.10884269,2,0
0,0,-1.235484907,-4.75791604,1,-1
1,1,-1.845989255,-6.105043478
0,0,0,0,1,0
0,0,-0.008730425578,-0.08730425578,1,0
0,0,-0.004757659653,0.03972765925,2,0
0,0,-0.08811874099,-0.8336108133,0,0
0,0,-0.08866720788,-0.005484668941,0,0
0,0,-0.01319838474,0.7546882314,1,0
0,0,0.04312902018,0.5632740492,2,0
0,0,0.01066805166,-0.3246096852,0,0
0,0,0.06917219011,0.5850413845,2,0
0,0,0.03440966216,-0.3476252794,0,0
0,0,0.0848838225,0.5047416034,2,0
0,0,0.06843358163,-0.1645024087,1,0
0,0,0.07904354471,0.1060996308,2,0
0,0,0.01403043901,-0.650131057,2,0
0,0,-0.1282909401,-1.423213791,1,0
0,0,-0.2752384296,-1.469474894,1,0
0,0,-0.4550445917,-1.798061621,1,0
0,0,-0.7152709755,-2.602263839,1,0
0,0,-1.064128006,-3.488570302,1,0
0,0,-1.536312514,-4.721845083,1,-1
1,1,-2.153811066,-6.174985517
0,0,0,0,2,0
0,0,-0.09935371427,-0.9935371427,2,0
0,0,-0.2976438182,-1.982901039,2,0
0,0,-0.6406261556,-3.429823375,2,0
0,0,-1.138198444,-4.975722885,1,-1
1,1,-1.756570525,-6.183720812
0,0,0,0,0,0
0,0,0.09750049326,0.9750049326,1,0
0,0,0.2007262992,1.032258059,0,0
0,0,0.437537503,2.368112038,2,0
0,0,0.6530256245,2.154881215,1,0
0,0,0.968461298,3.154356735,1,0
0,0,1.409216525,4.407552273,2,-1
1,1,1.978607795,5.693912694
0,0,0,0,0,0
0,0,0.08500919146,0.8500919146,0,0
0,0,0.2698320816,1.848228901,0,0
0,0,0.5727790535,3.029469719,1,0
0,0,0.9661985024,3.934194489,0,0
0,0,1.51654625,5.503477478,0,-1
1,1,2.214665293,6.98119043
0,0,0,0,2,0
0,0,-0.07898077388,-0.7898077388,2,0
0,0,-0.2760217972,-1.970410233,0,0
0,0,-0.4447773286,-1.687555314,0,0
0,0,-0.6187023044,-1.739249758,1,0
0,0,-0.8956081105,-2.769058061,1,0
0,0,-1.291834404,-3.962262936,2,-1
1,1,-1.845683901,-5.538494968
0,0,0,0,0,0
0,0,0.08787544425,0.8787544425,0,0
0,0,0.2692888565,1.814134123,1,0
0,0,0.4831350835,2.138462269,2,0
0,0,0.7088101176,2.256750341,2,0
0,0,0.9805169273,2.717068097,2,0
0,0,1.338089591,3.575726635,2,-1
1,1,1.819094565,4.810049743
0,0,0,0,1,0
0,0,0.009900657335,0.09900657335,2,0
0,0,-0.05204151796,-0.6194217529,0,0
0,0,-0.04053015936,0.115113586,1,0
0,0,-0.05148427902,-0.1095411966,1,0
0,0,-0.06248896085,-0.1100468183,2,0
0,0,-0.1760127975,-1.135238366,2,0
0,0,-0.4055555976,-2.295428001,0,0
0,0,-0.6258162369,-2.202606393,1,0
0,0,-0.9429494186,-3.171331817,1,0
0,0,-1.371742833,-4.287934142,2,-1
1,1,-1.952058311,-5.803154778
0,0,0,0,2,0
0,0,-0.1048039678,-1.048039678,1,0
0,0,-0.2227703677,-1.179663999,1,0
0,0,-0.3905415087,-1.67771141,1,0
0,0,-0.6083816093,-2.178401006,0,0
0,0,-0.8411106553,-2.32729046,0,0
0,0,-1.129869709,-2.887590536,1,0
0,0,-1.547867515,-4.17997806,2,-1
1,1,-2.113665495,-5.657979803
0,0,0,0,2,0
0,0,-0.09548787706,-0.9548787706,1,0
0,0,-0.2147154017,-1.192275246,2,0
0,0,-0.4598232099,-2.451078082,2,0
0,0,-0.8378516308,-3.780284209,1,0
0,0,-1.323051605,-4.851999744,0,-1
1,1,-1.928230918,-6.051793126
0,0,0,0,1,0
0,0,0.007430626814,0.07430626814,1,0
0,0,0.01793573807,0.1050511126,2,0
0,0,-0.04946519692,-0.6740093499,0,0
0,0,-0.03563823614,0.1382696078,2,0
0,0,-0.1000976829,-0.6445944675,2,0
0,0,-0.2812470202,-1.811493373,1,0
0,0,-0.5201059678,-2.388589476,2,0
0,0,-0.918740742,-3.986347742,2,0
0,0,-1.48587747,-5.671367276,2,-1
1,1,-2.202093255,-7.162157855
0,0,0,0,0,0
0,0,0.09115308955,0.9115308955,1,0
0,0,0.1976864846,1.065333951,0,0
0,0,0.4134876995,2.158012149,2,0
0,0,0.6147448841,2.012571845,1,0
0,0,0.9140338046,2.992889205,1,0
0,0,1.322558066,4.085242616,2,-1
1,1,1.8469466,5.243885343
0,0,0,0,0,0
0,0,0.07711191439,0.7711191439,1,0
0,0,0.1572009101,0.8008899572,2,0
0,0,0.1905088098,0.3330789965,1,0
0,0,0.2660487164,0.7553990662,1,0
0,0,0.3730548494,1.07006133,0,0
0,0,0.6218895801,2.488347307,2,0
0,0,0.8923452881,2.70455708,2,0
0,0,1.224268841,3.319235528,2,-1
1,1,1.666655741,4.423868999
0,0,0,0,2,0
0,0,-0.08502601092,-0.8502601092,1,0
0,0,-0.1840238221,-0.9899781121,1,0
0,0,-0.3082532899,-1.242294677,1,0
0,0,-0.4842450659,-1.759917761,2,0
0,0,-0.8198816778,-3.356366119,2,0
0,0,-1.318808963,-4.989272853,2,-1
1,1,-1.973249638,-6.544406748
0,0,0,0,1,0
0,0,-0.0005193877475,-0.005193877475,2,0
0,0,-0.08929262938,-0.8877324163,0,0
0,0,-0.09316140744,-0.03868778065,0,0
0,0,-0.01797956184,0.7518184561,0,0
0,0,0.1551724916,1.731520535,1,0
0,0,0.3460729889,1.909004972,1,0
0,0,0.5941959995,2.481230107,1,0
0,0,0.931672574,3.374765745,0,0
0,0,1.431105956,4.994333822,0,-1
1,1,2.081212987,6.501070311
0,0,0,0,0,0
0,0,0.1039324895,1.039324895,1,0
0,0,0.2082992095,1.0436672,0,0
0,0,0.4239281046,2.156288951,0,0
0,0,0.7952530985,3.713249939,1,0
0,0,1.272283693,4.770305949,2,-1
1,1,1.859149015,5.868653213
0,0,0,0,0,0
0,0,0.08791850441,0.8791850441,1,0
0,0,0.2044101932,1.164916888,1,0
0,0,0.3615466752,1.57136482,2,0
0,0,0.4947578075,1.332111324,1,0
0,0,0.7086966373,2.139388298,1,0
0,0,1.012175287,3.0347865,2,0
0,0,1.394265912,3.820906243,2,-1
1,1,1.905497164,5.112312522
0,0,0,0,2,0
0,0,-0.1002107809,-1.002107809,2,0
0,0,-0.2975334296,-1.973226487,1,0
0,0,-0.5570322702,-2.594988406,2,0
0,0,-0.9597638349,-4.027315646,0,0
0,0,-1.435187206,-4.754233716,1,-1
1,1,-2.050161604,-6.149743973
0,0,0,0,0,0
0,0,0.08946958791,0.8946958791,1,0
0,0,0.198689367,1.092197791,1,0
0,0,0.3521683003,1.534789334,0,0
0,0,0.6445907399,2.924224396,2,0
0,0,0.9577160967,3.131253568,1,0
0,0,1.381078223,4.233621259,0,-1
1,1,1.959315336,5.782371135
0,0,0,0,0,0
0,0,0.07134943574,0.7134943574,0,0
0,0,0.245088221,1.737387853,2,0
0,0,0.3878593002,1.427710791,2,0
0,0,0.4995673816,1.117080815,0,0
0,0,0.7701947956,2.70627414,2,0
0,0,1.078373418,3.08178622,0,0
0,0,1.554522525,4.761491075,2,-1
1,1,2.175901751,6.213792257
0,0,0,0,1,0
0,0,0.01305560356,0.1305560356,2,0
0,0,-0.07432856367,-0.8738416723,2,0
0,0,-0.2700317085,-1.957031448,2,0
0,0,-0.6051339499,-3.351022414,2,0
0,0,-1.101865597,-4.967316466,1,-1
1,1,-1.713310418,-6.114448215
0,0,0,0,1,0
0,0,-0.002998328269,-0.02998328269,2,0
0,0,-0.1079961272,-1.049977989,0,0
0,0,-0.1324335949,-0.2443746774,2,0
0,0,-0.2618328653,-1.293992704,1,0
0,0,-0.4386082422,-1.767753769,1,0
0,0,-0.6762788776,-2.376706354,1,0
0,0,-1.020824934,-3.445460559,0,0
0,0,-1.441075006,-4.202500721,0,-1
1,1,-1.995632586,-5.545575804
0,0,0,0,0,0
0,0,0.09227454039,0.9227454039,2,0
0,0,0.1165084696,0.2423392917,0,0
0,0,0.26040798,1.438995104,1,0
0,0,0.4478587596,1.874507796,2,0
0,0,0.6437598,1.959010403,2,0
0,0,0.8584044823,2.146446823,2,0
0,0,1.13027877,2.718742881,2,0
0,0,1.49903136,3.687525899,0,-1
1,1,2.019231643,5.202002827
0,0,0,0,1,0
0,0,-0.008032225384,-0.08032225384,2,0
0,0,-0.1100911933,-1.020589679,2,0
0,0,-0.3113424601,-2.012512668,0,0
0,0,-0.4762757558,-1.649332957,1,0
0,0,-0.7137455151,-2.374697593,1,0
0,0,-1.046045042,-3.322995268,1,0
0,0,-1.497134495,-4.510894532,1,-1
1,1,-2.092172029,-5.950375336
0,0,0,0,0,0
0,0,0.09047919578,0.9047919578,0,0
0,0,0.2666754778,1.76196282,2,0
0,0,0.4091040516,1.424285738,2,0
0,0,0.5289626954,1.198586438,0,0
0,0,0.8170559174,2.88093222,1,0
0,0,1.212557474,3.955015566,1,-1
1,1,1.74444758,5.318901057
0,0,0,0,2,0
0,0,-0.09576758794,-0.9576758794,1,0
0,0,-0.2041477484,-1.083801605,0,0
0,0,-0.2609212442,-0.567734958,0,0
0,0,-0.290162847,-0.2924160279,2,0
0,0,-0.4556956953,-1.655328483,0,0
0,0,-0.6046083379,-1.489126425,2,0
0,0,-0.9164992237,-3.118908859,0,0
0,0,-1.292008079,-3.755088557,1,-1
1,1,-1.804909733,-5.129016537
0,0,0,0,2,0
0,0,-0.08227083185,-0.8227083185,0,0
0,0,-0.09645595947,-0.1418512762,1,0
0,0,-0.110580748,-0.141247885,1,0
0,0,-0.1286559418,-0.180751938,1,0
0,0,-0.1626620128,-0.3400607107,0,0
0,0,-0.1223205487,0.4034146416,0,0
0,0,-0.01677114014,1.055494086,1,0
0,0,0.07700993606,0.937810762,2,0
0,0,0.09759909901,0.2058916294,1,0
0,0,0.1292865012,0.3168740218,2,0
0,0,0.0834065127,-0.4587998849,0,0
0,0,0.1310098905,0.4760337775,2,0
0,0,0.1032538941,-0.277559964,2,0
0,0,0.01567765473,-0.8757623933,0,0
0,0,0.0295941849,0.1391653017,0,0
0,0,0.1374921864,1.078980015,0,0
0,0,0.3465760302,2.090838438,2,0
0,0,0.5333795127,1.868034825,1,0
0,0,0.8105440399,2.771645272,0,0
0,0,1.254920201,4.443761612,2,-1
1,1,1.812387978,5.574677764
0,0,0,0,1,0
0,0,-0.004373501029,-0.04373501029,1,0
0,0,-0.002405421452,0.01968079577,1,0
0,0,0.007713467202,0.1011888865,0,0
0,0,0.09389779626,0.8618432906,2,0
0,0,0.1223038765,0.2840608028,2,0
0,0,0.0989054793,-0.2339839724,0,0
0,0,0.1849903951,0.8608491576,0,0
0,0,0.3937915102,2.088011151,1,0
0,0,0.6784196555,2.846281454,0,0
0,0,1.117839191,4.394195356,2,-1
1,1,1.650106163,5.322669714
0,0,0,0,2,0
0,0,-0.09902870537,-0.9902870537,2,0
0,0,-0.3155070143,-2.164783089,1,0
0,0,-0.5658744467,-2.503674324,2,0
0,0,-0.9841688692,-4.182944225,0,0
0,0,-1.482617552,-4.984486828,1,-1
1,1,-2.125668365,-6.430508134
0,0,0,0,1,0
0,0,0.01069545105,0.1069545105,2,0
0,0,-0.07077357504,-0.814690261,0,0
0,0,-0.07344063751,-0.02667062471,1,0
0,0,-0.09565402393,-0.2221338641,0,0
0,0,-0.05612163599,0.3953238793,2,0
0,0,-0.1217593427,-0.6563770666,2,0
0,0,-0.3051176703,-1.833583277,0,0
0,0,-0.459059285,-1.539416147,0,0
0,0,-0.6237684883,-1.647092033,2,0
0,0,-0.9511197668,-3.273512785,1,0
0,0,-1.389787817,-4.386680506,0,-1
1,1,-1.954293462,-5.645056446
0,0,0,0,2,0
0,0,-0.09287706053,-0.9287706053,1,0
0,0,-0.1983458888,-1.054688283,0,0
0,0,-0.2683247622,-0.6997887342,1,0
0,0,-0.3680767028,-0.9975194056,0,0
0,0,-0.4438611054,-0.7578440264,1,0
0,0,-0.5914765916,-1.476154861,0,0
0,0,-0.7638118943,-1.723353027,1,0
0,0,-1.052373121,-2.885612267,1,0
0,0,-1.465514971,-4.131418502,0,-1
1,1,-2.015871514,-5.503565431
0,0,0,0,2,0
0,0,-0.1005044081,-1.005044081,0,0
0,0,-0.1231178537,-0.2261344561,2,0
0,0,-0.2597394919,-1.366216382,1,0
0,0,-0.4461810054,-1.864415135,0,0
0,0,-0.6200388628,-1.738578574,0,0
0,0,-0.8222255946,-2.021867317,1,0
0,0,-1.138473124,-3.16247529,1,-1
1,1,-1.589863644,-4.513905203
0,0,0,0,2,0
0,0,-0.08339663957,-0.8339663957,2,0
0,0,-0.2779350452,-1.945384056,2,0
0,0,-0.5955598513,-3.176248061,1,0
0,0,-1.010051252,-4.144914008,2,-1
1,1,-1.580552334,-5.705010816
0,0,0,0,2,0
0,0,-0.07249980053,-0.7249980053,0,0
0,0,-0.07910361769,-0.0660381716,2,0
0,0,-0.1776961429,-0.9859252522,2,0
0,0,-0.3955898046,-2.178936617,2,0
0,0,-0.7476295043,-3.520396997,2,0
0,0,-1.261367678,-5.13738174,2,-1
1,1,-1.927326792,-6.659591141
0,0,0,0,1,0
0,0,-0.009852864515,-0.09852864515,0,0
0,0,0.08090119575,0.9075406026,0,0
0,0,0.2657372793,1.848360835,2,0
0,0,0.4107537784,1.450164991,1,0
0,0,0.6299094448,2.191556664,2,0
0,0,0.8832015086,2.532920638,2,0
0,0,1.19586975,3.126682417,2,-1
1,1,1.614904318,4.190345673
0,0,0,0,0,0
0,0,0.07869825499,0.7869825499,2,0
0,0,0.09818890926,0.1949065428,1,0
0,0,0.1314451989,0.3325628966,1,0
0,0,0.1999484899,0.6850329095,1,0
0,0,0.3016052069,1.01656717,0,0
0,0,0.5379688351,2.363636282,1,0
0,0,0.8632295911,3.25260756,1,0
0,0,1.295512398,4.322828067,1,-1
1,1,1.859613198,5.641008006
0,0,0,0,0,0
0,0,0.09357788769,0.9357788769,1,0
0,0,0.2075002167,1.13922329,0,0
0,0,0.457694248,2.501940313,1,0
0,0,0.7888144707,3.311202227,0,0
0,0,1.290860127,5.020456563,2,-1
1,1,1.908474709,6.176145816
0,0,0,0,1,0
0,0,-0.0008663717251,-0.008663717251,2,0
0,0,-0.09895348848,-0.9808711676,2,0
0,0,-0.3068048199,-2.078513314,1,0
0,0,-0.5636499035,-2.568450837,1,0
0,0,-0.9060734485,-3.424235449,0,0
0,0,-1.314679458,-4.086060099,1,-1
1,1,-1.863982173,-5.493027149
0,0,0,0,1,0
0,0,0.01587515769,0.1587515769,1,0
0,0,0.02714544567,0.1127028798,2,0
0,0,-0.05821781965,-0.8536326532,2,0
0,0,-0.2453940987,-1.871762791,2,0
0,0,-0.5539712055,-3.085771068,0,0
0,0,-0.8631211623,-3.091499568,0,0
0,0,-1.235744587,-3.726234244,0,-1
1,1,-1.719891675,-4.841470882
0,0,0,0,1,0
0,0,0.01145933359,0.1145933359,1,0
0,0,0.008777198905,-0.02682134686,0,0
0,0,0.1021234303,0.9334623137,0,0
0,0,0.3020229656,1.998995353,0,0
0,0,0.6362609349,3.342379693,0,0
0,0,1.122684861,4.864239266,2,-1
1,1,1.700127026,5.774421641
0,0,0,0,2,0
0,0,-0.103369463,-1.03369463,1,0
0,0,-0.2268616838,-1.234922208,2,0
0,0,-0.4900414118,-2.631797279,1,0
0,0,-0.833394163,-3.433527513,2,0
0,0,-1.333651187,-5.002570235,1,-1
1,1,-1.966767067,-6.331158807
0,0,0,0,1,0
0,0,-0.003889377284,-0.03889377284,1,0
0,0,-0.003223686287,0.006656909968,0,0
0,0,0.08214044458,0.8536413087,1,0
0,0,0.1813913955,0.9925095096,1,0
0,0,0.3119457867,1.305543912,0,0
0,0,0.5867994327,2.74853646,1,0
0,0,0.9581092111,3.713097784,2,0
0,0,1.392881538,4.347723264,0,-1
1,1,1.981474159,5.885926216
0,0,0,0,2,0
0,0,-0.07258371714,-0.7258371714,1,0
0,0,-0.1628001297,-0.9021641255,1,0
0,0,-0.2641294992,-1.013293695,2,0
0,0,-0.4951538108,-2.310243115,1,0
0,0,-0.7919420441,-2.967882334,2,0
0,0,-1.243778895,-4.518368511,1,-1
1,1,-1.826918584,-5.831396889
0,0,0,0,0,0
0,0,0.1021171611,1.021171611,0,0
0,0,0.3213985876,2.192814264,0,0
0,0,0.661571894,3.401733065,2,0
0,0,1.030190987,3.68619093,1,0
0,0,1.52484169,4.946507028,2,-1
1,1,2.16087112,6.360294298
0,0,0,0,1,0
0,0,0.001863140958,0.01863140958,2,0
0,0,-0.0962443483,-0.9810748926,0,0
0,0,-0.1131102711,-0.1686592278,0,0
0,0,-0.061646097,0.5146417408,0,0
0,0,0.06406606129,1.257121583,0,0
0,0,0.2961333173,2.32067256,2,0
0,0,0.4757678158,1.796344984,1,0
0,0,0.7160298364,2.402620206,0,0
0,0,1.124679769,4.086499326,0,-1
1,1,1.691725507,5.670457382
0,0,0,0,1,0
0,0,0.01509359157,0.1509359157,0,0
0,0,0.114050057,0.9895646545,0,0
0,0,0.3321548803,2.181048233,2,0
0,0,0.508196899,1.760420187,0,0
0,0,0.8288173379,3.206204389,0,0
0,0,1.305213701,4.763963636,0,-1
1,1,1.939628492,6.344147907
0,0,0,0,0,0
0,0,0.088317327,0.88317327,1,0
0,0,0.2020744759,1.137571489,0,0
0,0,0.4193371413,2.172626654,1,0
0,0,0.688265087,2.689279457,2,0
0,0,0.979108056,2.90842969,0,0
0,0,1.438539382,4.594313265,1,-1
1,1,2.039002019,6.004626368
0,0,0,0,1,0
0,0,0.007301859494,0.07301859494,0,0
0,0,0.1028753854,0.9557352594,1,0
0,0,0.2269606128,1.240852273,2,0
0,0,0.2935573644,0.6659675162,1,0
0,0,0.4036660866,1.101087222,2,0
0,0,0.511385932,1.077198455,1,0
0,0,0.6931591464,1.817732143,1,0
0,0,0.9650059916,2.718468452,0,0
0,0,1.400109879,4.351038877,2,-1
1,1,1.962971348,5.628614693
0,0,0,0,2,0
0,0,-0.0897547353,-0.897547353,1,0
0,0,-0.2046397811,-1.148850458,0,0
0,0,-0.278974061,-0.7433427989,2,0
0,0,-0.4705846763,-1.916106153,2,0
0,0,-0.802043888,-3.314592117,0,0
0,0,-1.181487151,-3.794432627,0,-1
1,1,-1.66354513,-4.820579789
0,0,0,0,0,0
0,0,0.07897783968,0.7897783968,0,0
0,0,0.2698055501,1.908277104,1,0
0,0,0.5092948394,2.394892894,2,0
0,0,0.7517689746,2.424741352,1,0
0,0,1.090797495,3.390285204,2,0
0,0,1.515576658,4.247791633,1,-1
1,1,2.085213222,5.696365635
0,0,0,0,2,0
0,0,-0.08604231725,-0.8604231725,0,0
0,0,-0.09977827951,-0.1373596227,2,0
0,0,-0.2088081715,-1.09029892,1,0
0,0,-0.3664762812,-1.576681097,2,0
0,0,-0.6617161348,-2.952398536,0,0
0,0,-0.9805943456,-3.188782108,2,0
0,0,-1.472268317,-4.91673971,2,-1
1,1,-2.113484905,-6.412165884
0,0,0,0,2,0
0,0,-0.09159447941,-0.9159447941,2,0
0,0,-0.2944680323,-2.028735529,1,0
0,0,-0.5410628016,-2.465947693,1,0
0,0,-0.8684662142,-3.274034126,2,0
0,0,-1.350064007,-4.815977926,1,-1
1,1,-1.967163939,-6.17099932
0,0,0,0,1,0
0,0,0.01075792333,0.1075792333,1,0
0,0,0.02937805263,0.186201293,0,0
0,0,0.1320759423,1.026978897,0,0
0,0,0.3533561198,2.212801775,1,0
0,0,0.6258333599,2.724772401,1,0
0,0,0.9987820156,3.729486557,0,0
0,0,1.541891602,5.431095865,0,-1
1,1,2.233007628,6.911160261
0,0,0,0,1,0
0,0,0.003642798859,0.03642798859,2,0
0,0,-0.087137141,-0.9077993986,0,0
0,0,-0.1008785018,-0.137413608,2,0
0,0,-0.2067827055,-1.059042037,0,0
0,0,-0.2471526114,-0.4036990594,1,0
0,0,-0.3193826815,-0.7223007008,1,0
0,0,-0.4480366122,-1.286539307,2,0
0,0,-0.7370384476,-2.890018354,0,0
0,0,-1.059385176,-3.223467283,1,0
0,0,-1.507594002,-4.482088256,1,-1
1,1,-2.101036819,-5.934428171
0,0,0,0,1,0
0,0,0.01541871758,0.1541871758,0,0
0,0,0.1149136429,0.9949492535,2,0
0,0,0.1359870627,0.2107341973,0,0
0,0,0.2532704243,1.172833616,0,0
0,0,0.5088576554,2.555872311,1,0
0,0,0.8401749414,3.31317286,0,0
0,0,1.325985852,4.858109108,0,-1
1,1,1.967775517,6.417896645
0,0,0,0,0,0
0,0,0.07913542739,0.7913542739,1,0
0,0,0.1589886811,0.7985325375,0,0
0,0,0.3698596215,2.108709404,2,0
0,0,0.5459296759,1.760700544,1,0
0,0,0.8040767236,2.581470477,0,0
0,0,1.228644783,4.245680596,0,-1
1,1,1.81178409,5.831393064
0,0,0,0,0,0
0,0,0.07944392027,0.7944392027,1,0
0,0,0.1748517264,0.9540780613,2,0
0,0,0.2064464205,0.3159469407,1,0
0,0,0.2755213274,0.6907490689,1,0
0,0,0.3746335965,0.9911226919,0,0
0,0,0.6098235772,2.351899806,0,0
0,0,0.9890466967,3.792231195,1,0
0,0,1.485565603,4.965189066,2,-1
1,1,2.119027639,6.334620358
0,0,0,0,2,0
0,0,-0.07887280263,-0.7887280263,0,0
0,0,-0.0910254087,-0.1215260606,2,0
0,0,-0.2018029574,-1.107775487,2,0
0,0,-0.4308181225,-2.290151651,0,0
0,0,-0.6641948652,-2.333767427,2,0
0,0,-1.062852824,-3.986579587,1,-1
1,1,-1.578671935,-5.158191107
0,0,0,0,0,0
0,0,0.1047870281,1.047870281,1,0
0,0,0.2355428345,1.307558064,0,0
0,0,0.4911199222,2.555770878,1,0
0,0,0.8269968916,3.358769694,1,0
0,0,1.263976777,4.369798855,2,-1
1,1,1.812752711,5.487759342
0,0,0,0,0,0
0,0,0.08945420766,0.8945420766,2,0
0,0,0.1181773913,0.2872318365,0,0
0,0,0.2573278546,1.391504633,0,0
0,0,0.5330253276,2.75697473,2,0
0,0,0.8172689646,2.84243637,2,0
0,0,1.153718406,3.36449441,2,-1
1,1,1.591176465,4.374580596
0,0,0,0,2,0
0,0,-0.09267197668,-0.9267197668,1,0
0,0,-0.2176947001,-1.250227234,0,0
0,0,-0.2947360637,-0.7704136364,2,0
0,0,-0.4914244771,-1.966884134,0,0
0,0,-0.6848940605,-1.934695834,0,0
0,0,-0.9116365487,-2.267424881,2,0
0,0,-1.308660891,-3.970243421,1,-1
1,1,-1.843123417,-5.344625259
0,0,0,0,0,0
0,0,0.07178874231,0.7178874231,1,0
0,0,0.1622415458,0.9045280348,0,0
0,0,0.3764981053,2.142565595,2,0
0,0,0.5654104629,1.889123576,0,0
0,0,0.9044402598,3.390297969,2,0
0,0,1.299683795,3.952435352,0,-1
1,1,1.854851123,5.551673277
0,0,0,0,0,0
0,0,0.08723295958,0.8723295958,0,0
0,0,0.2926080467,2.053750871,0,0
0,0,0.6188955536,3.262875069,2,0
0,0,0.9543252732,3.354297196,1,0
0,0,1.411020729,4.566954557,1,-1
1,1,2.008133281,5.971125518
0,0,0,0,0,0
0,0,0.08657579677,0.8657579677,1,0
0,0,0.1980034805,1.114276837,1,0
0,0,0.3354928772,1.374893967,2,0
0,0,0.4397282504,1.042353732,0,0
0,0,0.6954509588,2.557227084,1,0
0,0,1.059061938,3.636109788,0,-1
1,1,1.583284608,5.242226701
0,0,0,0,1,0
0,0,0.01740566818,0.1740566818,0,0
0,0,0.11271683,0.9531116179,1,0
0,0,0.2401169873,1.274001573,0,0
0,0,0.4808422055,2.407252182,2,0
0,0,0.7205936534,2.397514479,1,0
0,0,1.06556047,3.449668162,1,0
0,0,1.541133904,4.75573434,2,-1
1,1,2.160542661,6.194087573
0,0,0,0,2,0
0,0,-0.07127687739,-0.7127687739,2,0
0,0,-0.239440076,-1.681631986,1,0
0,0,-0.4481353367,-2.086952607,0,0
0,0,-0.6609889327,-2.128535961,1,0
0,0,-0.9750812572,-3.140923245,0,0
0,0,-1.365652213,-3.905709559,2,-1
1,1,-1.913274531,-5.476223175
0,0,0,0,0,0
0,0,0.072412238,0.72412238,2,0
0,0,0.05536847215,-0.1704376585,2,0
0,0,-0.05067506048,-1.060435326,2,0
0,0,-0.244869218,-1.941941575,1,0
0,0,-0.4644211208,-2.195519027,1,0
0,0,-0.7465571675,-2.821360467,0,0
0,0,-1.066036484,-3.194793164,1,0
0,0,-1.513161931,-4.47125447,1,-1
1,1,-2.104705691,-5.915437599
0,0,0,0,2,0
0,0,-0.1046045968,-1.046045968,0,0
0,0,-0.1438602941,-0.3925569731,2,0
0,0,-0.2861718591,-1.42311565,1,0
0,0,-0.4916908824,-2.055190232,0,0
0,0,-0.7068312335,-2.151403511,2,0
0,0,-1.090611485,-3.837802517,0,0
0,0,-1.570115554,-4.795040686,1,-1
1,1,-2.19660338,-6.264878264
0,0,0,0,2,0
0,0,-0.0737986228,-0.737986228,0,0
0,0,-0.05572968993,0.1806893286,2,0
0,0,-0.1319278171,-0.7619812719,0,0
0,0,-0.1292419386,0.0268587857,1,0
0,0,-0.1484644675,-0.1922252896,1,0
0,0,-0.1976015797,-0.491371122,2,0
0,0,-0.3692595236,-1.716579438,2,0
0,0,-0.6735285049,-3.042689813,1,0
0,0,-1.067062353,-3.935338481,2,-1
1,1,-1.620181818,-5.531194654
0,0,0,0,2,0
0,0,-0.09635901205,-0.9635901205,2,0
0,0,-0.2847355112,-1.883764991,0,0
0,0,-0.4193529737,-1.346174625,0,0
0,0,-0.5406790628,-1.213260891,2,0
0,0,-0.8119603669,-2.712813041,1,0
0,0,-1.198772785,-3.868124181,1,-1
1,1,-1.717304571,-5.18531786
0,0,0,0,0,0
0,0,0.1045293382,1.045293382,2,0
0,0,0.1298987348,0.2536939654,1,0
0,0,0.1661005016,0.3620176685,2,0
0,0,0.1495464574,-0.1655404426,0,0
0,0,0.2528666573,1.033202,0,0
0,0,0.4790946782,2.262280208,0,0
0,0,0.8491903125,3.700956344,2,0
0,0,1.276080783,4.268904702,0,-1
1,1,1.863954377,5.878735939
0,0,0,0,1,0
0,0,-0.008382861479,-0.08382861479,0,0
0,0,0.07295067749,0.8133353897,2,0
0,0,0.09028270311,0.1733202562,2,0
0,0,0.0471217626,-0.431609405,1,0
0,0,0.0188924069,-0.282293557,1,0
0,0,-0.004291719014,-0.2318412592,1,0
0,0,-0.02058357428,-0.1629185527,2,0
0,0,-0.1294497599,-1.088661856,1,0
0,0,-0.2540970612,-1.246473014,1,0
0,0,-0.4044122465,-1.503151853,2,0
0,0,-0.6860543881,-2.816421416,2,0
0,0,-1.119765327,-4.337109386,2,-1
1,1,-1.707475138,-5.877098111
0,0,0,0,2,0
0,0,-0.1032315312,-1.032315312,2,0
0,0,-0.2980758226,-1.948442914,2,0
0,0,-0.61555029,-3.174744674,2,0
0,0,-1.080880679,-4.653303893,0,-1
1,1,-1.635837766,-5.549570865
0,0,0,0,1,0
0,0,-7.532780677e-05,-0.0007532780677,2,0
0,0,-0.08433649383,-0.8426116603,2,0
0,0,-0.2678915412,-1.835550474,1,0
0,0,-0.5039332548,-2.360417136,0,0
0,0,-0.7333631829,-2.294299281,0,0
0,0,-1.003556077,-2.701928936,0,0
0,0,-1.36210283,-3.585467532,0,-1
1,1,-1.846748531,-4.846457017
0,0,0,0,0,0
0,0,0.09625404952,0.9625404952,0,0
0,0,0.2943246421,1.980705925,2,0
0,0,0.4442716599,1.499470178,0,0
0,0,0.7497267186,3.054550587,2,0
0,0,1.091884559,3.421578402,0,-1
1,1,1.594804001,5.029194424
0,0,0,0,1,0
0,0,0.003256810767,0.03256810767,0,0
0,0,0.1113386308,1.0808182,0,0
0,0,0.3242694165,2.129307857,2,0
0,0,0.5114833983,1.872139818,2,0
0,0,0.7007238898,1.892404915,1,0
0,0,0.9944066899,2.936828001,1,0
0,0,1.403969196,4.095625061,2,-1
1,1,1.942087893,5.381186975
0,0,0,0,0,0
0,0,0.09005209288,0.9005209288,2,0
0,0,0.114917607,0.2486551411,0,0
0,0,0.2601804703,1.452628633,0,0
0,0,0.5488292624,2.88648792,1,0
0,0,0.9050568556,3.562275932,2,0
0,0,1.316978848,4.119219925,2,-1
1,1,1.845539244,5.285603957
0,0,0,0,0,0
0,0,0.09339301271,0.9339301271,2,0
0,0,0.1008129323,0.07419919537,1,0
0,0,0.1245181442,0.2370521197,0,0
0,0,0.2476150209,1.230968767,1,0
0,0,0.4115921575,1.639771366,2,0
0,0,0.5782371489,1.666449914,0,0
0,0,0.9134629995,3.352258505,1,0
0,0,1.357795137,4.443321376,0,-1
1,1,1.955538865,5.977437283
0,0,0,0,0,0
0,0,0.07179665503,0.7179665503,1,0
0,0,0.1455739426,0.7377728757,0,0
0,0,0.3343935034,1.888195608,2,0
0,0,0.5011990124,1.668055089,2,0
0,0,0.6567234736,1.555244613,2,0
0,0,0.8425006059,1.857771323,1,0
0,0,1.137434188,2.949335824,0,-1
1,1,1.602058168,4.646239795
0,0,0,0,2,0
0,0,-0.07933612878,-0.7933612878,1,0
0,0,-0.17462737,-0.9529124121,2,0
0,0,-0.3815412229,-2.069138529,0,0
0,0,-0.557692838,-1.761516151,1,0
0,0,-0.8133066954,-2.556138574,2,0
0,0,-1.243915848,-4.306091526,1,-1
1,1,-1.802887023,-5.589711747
0,0,0,0,0,0
0,0,0.09422230584,0.9422230584,0,0
0,0,0.2767732688,1.82550963,2,0
0,0,0.416381221,1.396079522,1,0
0,0,0.6100042808,1.936230598,1,0
0,0,0.9048656236,2.948613429,0,0
0,0,1.374208033,4.693424096,0,-1
1,1,1.997899636,6.23691603
0,0,0,0,2,0
0,0,-0.07064960572,-0.7064960572,0,0
0,0,-0.05930786139,0.1134174432,1,0
0,0,-0.06705149578,-0.07743634384,2,0
0,0,-0.1856932364,-1.186417406,1,0
0,0,-0.3368220391,-1.511288027,0,0
0,0,-0.4563752146,-1.195531755,2,0
0,0,-0.734472953,-2.780977384,1,0
0,0,-1.107902273,-3.734293202,2,-1
1,1,-1.636341126,-5.284388528
0,0,0,0,1,0
0,0,0.01130410053,0.1130410053,2,0
0,0,-0.07673852397,-0.8804262451,1,0
0,0,-0.1787095867,-1.019710627,1,0
0,0,-0.3244388151,-1.457292284,0,0
0,0,-0.4263423962,-1.019035811,1,0
0,0,-0.5901739745,-1.638315783,2,0
0,0,-0.8995969594,-3.094229848,0,0
0,0,-1.28217863,-3.825816707,2,-1
1,1,-1.818787112,-5.366084824
0,0,0,0,2,0
0,0,-0.08837584297,-0.8837584297,2,0
0,0,-0.2714794162,-1.831035732,1,0
0,0,-0.4892023759,-2.177229597,0,0
0,0,-0.7056385232,-2.164361473,0,0
0,0,-0.9636970419,-2.580585187,0,0
0,0,-1.298915618,-3.352185762,2,-1
1,1,-1.794680803,-4.957651851
0,0,0,0,1,0
0,0,-0.01199038068,-0.1199038068,1,0
0,0,-0.0382845286,-0.2629414792,1,0
0,0,-0.07946966484,-0.4118513624,0,0
0,0,-0.03661917979,0.4285048504,1,0
0,0,-0.007651748643,0.2896743115,2,0
0,0,-0.0564862134,-0.4883446476,2,0
0,0,-0.2154278589,-1.589416455,2,0
0,0,-0.4850316942,-2.696038352,1,0
0,0,-0.8268980881,-3.418663939,1,0
0,0,-1.274471063,-4.475729746,1,-1
1,1,-1.855429615,-5.809585525
0,0,0,0,0,0
0,0,0.072754285,0.72754285,0,0
0,0,0.2603098446,1.875555596,0,0
0,0,0.5652853898,3.049755452,2,0
0,0,0.8790921314,3.138067416,1,0
0,0,1.313830501,4.347383698,2,-1
1,1,1.864559963,5.507294619
0,0,0,0,2,0
0,0,-0.07993776129,-0.7993776129,1,0
0,0,-0.1576941445,-0.7775638319,0,0
0,0,-0.1613108229,-0.03616678413,1,0
0,0,-0.186592603,-0.2528178008,2,0
0,0,-0.316983901,-1.303912981,0,0
0,0,-0.4034343197,-0.8645041869,0,0
0,0,-0.4784013935,-0.7496707378,0,0
0,0,-0.5621072671,-0.8370587359,0,0
0,0,-0.6503896731,-0.8828240601,1,0
0,0,-0.8241544699,-1.737647968,1,0
0,0,-1.106655066,-2.825005962,2,0
0,0,-1.557961762,-4.513066955,2,-1
1,1,-2.156861376,-5.988996146
0,0,0,0,2,0
0,0,-0.07251515412,-0.7251515412,1,0
0,0,-0.1623222835,-0.8980712939,1,0
0,0,-0.2694313718,-1.071090883,2,0
0,0,-0.4896317728,-2.20200401,1,0
0,0,-0.7903541356,-3.007223628,0,0
0,0,-1.137965357,-3.476112214,2,-1
1,1,-1.645734796,-5.077694389
0,0,0,0,0,0
0,0,0.08246313727,0.8246313727,2,0
0,0,0.08708468695,0.04621549681,1,0
0,0,0.1044783764,0.1739368949,0,0
0,0,0.2158672129,1.113888364,2,0
0,0,0.2792757784,0.6340856551,0,0
0,0,0.4838310529,2.045552746,2,0
0,0,0.67518746,1.91356407,1,0
0,0,0.9678413852,2.926539252,1,0
0,0,1.38861504,4.207736549,0,-1
1,1,1.962608882,5.739938422
0,0,0,0,0,0
0,0,0.1000376643,1.000376643,2,0
0,0,0.1182429816,0.182053173,2,0
0,0,0.07309414237,-0.4514883922,2,0
0,0,-0.06188874192,-1.349828843,0,0
0,0,-0.1100571771,-0.4816843519,0,0
0,0,-0.07283114849,0.3722602862,1,0
0,0,-0.0523131566,0.2051799189,2,0
0,0,-0.1158100529,-0.6349689628,0,0
0,0,-0.09665065509,0.1915939779,0,0
0,0,-0.001955481245,0.9469517385,1,0
0,0,0.1055800096,1.075354908,2,0
0,0,0.1589863884,0.5340637886,2,0
0,0,0.136202268,-0.2278412044,0,0
0,0,0.2200636816,0.8386141355,1,0
0,0,0.3373289058,1.172652243,1,0
0,0,0.5137618642,1.764329584,2,0
0,0,0.7043057376,1.905438734,2,0
0,0,0.9382841115,2.33978374,1,0
0,0,1.285196454,3.469123426,2,-1
1,1,1.74806052,4.628640656
0,0,0,0,2,0
0,0,-0.07089783166,-0.7089783166,2,0
0,0,-0.2293913328,-1.584935011,1,0
0,0,-0.4151101948,-1.85718862,0,0
0,0,-0.5821369894,-1.670267946,1,0
0,0,-0.8372824709,-2.551454815,2,0
0,0,-1.257939021,-4.206565496,2,-1
1,1,-1.834189603,-5.762505828
0,0,0,0,0,0
0,0,0.09096179922,0.9096179922,0,0
0,0,0.2789781039,1.880163047,2,0
0,0,0.4376147694,1.586366655,0,0
0,0,0.7542230021,3.166082327,2,0
0,0,1.118278816,3.64055814,2,-1
1,1,1.571544784,4.532659682
0,0,0,0,1,0
0,0,-0.0163135939,-0.163135939,2,0
0,0,-0.1120527112,-0.9573911727,0,0
0,0,-0.1250669098,-0.1301419864,0,0
0,0,-0.08190200742,0.4316490239,2,0
0,0,-0.1482531593,-0.6635115193,2,0
0,0,-0.3199569207,-1.717037614,0,0
0,0,-0.4665029951,-1.465460744,2,0
0,0,-0.7674761082,-3.009731131,0,0
0,0,-1.122338451,-3.548623428,2,-1
1,1,-1.640656496,-5.183180455
0,0,0,0,1,0
0,0,0.01465957957,0.1465957957,1,0
0,0,0.02205440606,0.07394826497,0,0
0,0,0.1190089982,0.969545921,0,0
0,0,0.3222400937,2.032310956,2,0
0,0,0.5006486554,1.784085616,0,0
0,0,0.843115866,3.424672106,2,0
0,0,1.249228671,4.061128047,1,-1
1,1,1.790890726,5.41662055
0,0,0,0,1,0
0,0,-0.009075239141,-0.09075239141,0,0
0,0,0.05573421892,0.6480945806,2,0
0,0,0.0518070316,-0.03927187315,1,0
0,0,0.04993739576,-0.01869635842,2,0
0,0,-0.01896708529,-0.6890448105,0,0
0,0,0.00692918139,0.2589626668,0,0
0,0,0.1117702172,1.048410358,0,0
0,0,0.3119082721,2.001380549,0,0
0,0,0.6401530462,3.282447741,1,0
0,0,1.069838507,4.296854612,0,-1
1,1,1.653222333,5.833838251
0,0,0,0,0,0
0,0,0.09942061685,0.9942061685,0,0
0,0,0.3089374097,2.095167928,0,0
0,0,0.6475325404,3.385951307,2,0
0,0,0.9992122507,3.516797103,1,0
0,0,1.463992604,4.647803533,1,-1
1,1,2.071251934,6.072593299
0,0,0,0,1,0
0,0,-0.01310697776,-0.1310697776,2,0
0,0,-0.1005875233,-0.8748054558,0,0
0,0,-0.1134806325,-0.1289310912,0,0
0,0,-0.04833452799,0.6514610448,2,0
0,0,-0.08057196241,-0.3223743443,0,0
0,0,-0.03089135362,0.4968060879,1,0
0,0,-8.315904618e-05,0.3080819457,1,0
0,0,0.01330486226,0.1338802131,0,0
0,0,0.1072831226,0.9397826031,2,0
0,0,0.1448219201,0.3753879751,2,0
0,0,0.1178012879,-0.2702063219,2,0
0,0,0.03318550688,-0.8461578101,2,0
0,0,-0.1477826631,-1.8096817,0,0
0,0,-0.2500614272,-1.022787641,1,0
0,0,-0.3878707568,-1.378093296,2,0
0,0,-0.6744126075,-2.865418506,2,0
0,0,-1.126428682,-4.520160748,2,-1
1,1,-1.735546519,-6.091178367
0,0,0,0,2,0
0,0,-0.09136680628,-0.9136680628,1,0
0,0,-0.2028869831,-1.115201768,2,0
0,0,-0.4324876267,-2.296006436,1,0
0,0,-0.7191884705,-2.867008438,0,0
0,0,-1.044633153,-3.254446823,0,0
0,0,-1.450115676,-4.054825228,0,-1
1,1,-1.991365448,-5.412497728
0,0,0,0,1,0
0,0,-0.001522043637,-0.01522043637,0,0
0,0,0.09594668541,0.9746872904,1,0
0,0,0.2226572147,1.267105293,2,0
0,0,0.306149038,0.8349182324,1,0
0,0,0.4552618787,1.491128408,0,0
0,0,0.7523321527,2.97070274,0,0
0,0,1.203827183,4.514950306,0,-1
1,1,1.812873774,6.090465904
0,0,0,0,2,0
0,0,-0.08187090767,-0.8187090767,1,0
0,0,-0.1768038078,-0.9493290015,2,0
0,0,-0.3968218645,-2.200180567,0,0
0,0,-0.5882818078,-1.914599433,1,0
0,0,-0.8813656377,-2.930838299,1,0
0,0,-1.286230116,-4.048644783,2,-1
1,1,-1.849675504,-5.634453884
0,0,0,0,0,0
0,0,0.08255641257,0.8255641257,1,0
0,0,0.1849640041,1.024075915,0,0
0,0,0.4050177239,2.200537199,0,0
0,0,0.7782823452,3.732646212,0,0
0,0,1.2997112,5.214288553,2,-1
1,1,1.93271491,6.330037093
0,0,0,0,1,0
0,0,0.008587250596,0.08587250596,2,0
0,0,-0.06064140118,-0.6922865177,2,0
0,0,-0.2302175924,-1.695761912,0,0
0,0,-0.3396863366,-1.094687442,2,0
0,0,-0.5803013414,-2.406150048,2,0
0,0,-0.989021318,-4.087199766,2,0
0,0,-1.560750891,-5.71729573,1,-1
1,1,-2.278993742,-7.182428515
0,0,0,0,2,0
0,0,-0.07736100385,-0.7736100385,0,0
0,0,-0.09163529485,-0.14274291,2,0
0,0,-0.2033187918,-1.11683497,1,0
0,0,-0.3328422555,-1.295234636,2,0
0,0,-0.6143203939,-2.814781385,2,0
0,0,-1.046176736,-4.318563417,1,-1
1,1,-1.591922065,-5.457453291
0,0,0,0,1,0
0,0,-0.01351904889,-0.1351904889,2,0
0,0,-0.1208992093,-1.073801604,2,0
0,0,-0.3382357786,-2.173365693,0,0
0,0,-0.534251572,-1.960157934,0,0
0,0,-0.7518869057,-2.176353337,2,0
0,0,-1.13457643,-3.826895243,2,-1
1,1,-1.674317248,-5.397408179
0,0,0,0,0,0
0,0,0.07668823244,0.7668823244,0,0
0,0,0.2574142981,1.807260657,1,0
0,0,0.4756287251,2.18214427,2,0
0,0,0.6966571004,2.210283753,0,0
0,0,1.081798318,3.851412179,1,-1
1,1,1.586064982,5.042666632
0,0,0,0,0,0
0,0,0.07461762817,0.7461762817,2,0
0,0,0.06700879689,-0.07608831279,2,0
0,0,-0.03433530395,-1.013441008,2,0
0,0,-0.2343542776,-2.000189736,1,0
0,0,-0.4674922453,-2.331379678,0,0
0,0,-0.70066879,-2.331765447,2,0
0,0,-1.104238732,-4.035699415,2,-1
1,1,-1.670879346,-5.666406144
0,0,0,0,1,0
0,0,-0.0007832551748,-0.007832551748,0,0
0,0,0.07747230361,0.7825555878,2,0
0,0,0.09001809203,0.1254578842,1,0
0,0,0.1310321904,0.4101409832,2,0
0,0,0.1200836669,-0.1094852349,1,0
0,0,0.1387808787,0.1869721181,2,0
0,0,0.0904732602,-0.4830761847,0,0
0,0,0.1530900928,0.6261683258,2,0
0,0,0.139325216,-0.1376487683,1,0
0,0,0.145987918,0.06662702034,1,0
0,0,0.1949183604,0.4893044237,0,0
0,0,0.3689476218,1.740292614,0,0
0,0,0.6763860477,3.074384259,0,0
0,0,1.143932167,4.675461193,0,-1
1,1,1.773100707,6.291685395
0,0,0,0,1,0
0,0,-0.008215988927,-0.08215988927,1,0
0,0,-0.01146948609,-0.03253497167,2,0
0,0,-0.1175612569,-1.060917708,0,0
0,0,-0.1582188987,-0.4065764182,2,0
0,0,-0.3256333286,-1.674144298,1,0
0,0,-0.5419269628,-2.162936342,2,0
0,0,-0.9103674441,-3.684404813,0,0
0,0,-1.342910664,-4.325432203,1,-1
1,1,-1.91569047,-5.727798057
0,0,0,0,2,0
0,0,-0.1026456074,-1.026456074,0,0
0,0,-0.1338422932,-0.3119668589,0,0
0,0,-0.1155349533,0.1830733994,1,0
0,0,-0.1023531798,0.131817735,2,0
0,0,-0.2080896199,-1.057364401,2,0
0,0,-0.4392313391,-2.311417193,2,0
0,0,-0.8116510174,-3.724196783,0,0
0,0,-1.225761511,-4.141104937,0,-1
1,1,-1.747414999,-5.216534876
0,0,0,0,1,0
0,0,-0.001747819924,-0.01747819924,1,0
0,0,0.001131126189,0.02878946113,2,0
0,0,-0.08497060279,-0.8610172898,2,0
0,0,-0.262572206,-1.776016032,0,0
0,0,-0.3912211006,-1.286488946,0,0
0,0,-0.5142784466,-1.230573461,2,0
0,0,-0.8036566969,-2.893782502,1,0
0,0,-1.209634632,-4.059779349,1,-1
1,1,-1.752630799,-5.429961667
0,0,0,0,0,0
0,0,0.08799325744,0.8799325744,1,0
0,0,0.1804060045,0.9241274702,2,0
0,0,0.2104535393,0.3004753479,1,0
0,0,0.2613283464,0.5087480714,1,0
0,0,0.3576940548,0.9636570845,0,0
0,0,0.5803140737,2.226200189,0,0
0,0,0.9499631856,3.696491119,2,0
0,0,1.393018607,4.430554209,1,-1
1,1,1.975770351,5.827517448
0,0,0,0,2,0
0,0,-0.08612699992,-0.8612699992,1,0
0,0,-0.2044317537,-1.183047537,1,0
0,0,-0.371163978,-1.667322244,1,0
0,0,-0.6029000948,-2.317361168,0,0
0,0,-0.8604475467,-2.575474519,0,0
0,0,-1.175629361,-3.151818139,1,-1
1,1,-1.623889559,-4.48260198
0,0,0,0,2,0
0,0,-0.09630521138,-0.9630521138,0,0
0,0,-0.1085983493,-0.1229313795,2,0
0,0,-0.2286519562,-1.200536069,1,0
0,0,-0.3837175243,-1.550655681,0,0
0,0,-0.517132017,-1.334144927,2,0
0,0,-0.8092168524,-2.920848354,1,0
0,0,-1.219234307,-4.100174547,0,-1
1,1,-1.733020834,-5.137865272
0,0,0,0,0,0
0,0,0.1016931495,1.016931495,1,0
0,0,0.2251548353,1.234616858,2,0
0,0,0.288594046,0.6343921065,1,0
0,0,0.4021864917,1.135924458,0,0
0,0,0.6662562222,2.640697304,2,0
0,0,0.97235932,3.061030979,2,0
0,0,1.348579535,3.762202152,0,-1
1,1,1.8838942,5.353146646
0,0,0,0,1,0
0,0,-0.01356598512,-0.1356598512,2,0
0,0,-0.1246998512,-1.111338661,1,0
0,0,-0.264794924,-1.400950728,2,0
0,0,-0.535872344,-2.7107742,1,0
0,0,-0.8772523944,-3.413800504,1,0
0,0,-1.33804708,-4.607946852,1,-1
1,1,-1.937384139,-5.993370599
0,0,0,0,0,0
0,0,0.07917409627,0.7917409627,2,0
0,0,0.08261131373,0.03437217469,2,0
0,0,0.02847760026,-0.5413371348,1,0
0,0,-0.01119248972,-0.3967008998,1,0
0,0,-0.04321455512,-0.3202206539,0,0
0,0,-0.0004783365513,0.4273621857,0,0
0,0,0.1220716258,1.225499623,0,0
0,0,0.3627226448,2.40651019,0,0
0,0,0.733767302,3.710446572,0,0
0,0,1.254721767,5.209544655,0,-1
1,1,1.92460456,6.698827923
0,0,0,0,1,0
0,0,0.001507914905,0.01507914905,0,0
0,0,0.09808637644,0.9657846154,0,0
0,0,0.2909202269,1.928338505,0,0
0,0,0.6107828781,3.198626512,0,0
0,0,1.092076101,4.812932233,0,-1
1,1,1.727836353,6.357602516
0,0,0,0,1,0
0,0,0.007841175834,0.07841175834,0,0
0,0,0.1205074118,1.12666236,0,0
0,0,0.3581871785,2.376797667,2,0
0,0,0.566971408,2.087842295,0,0
0,0,0.9337060091,3.667346011,0,0
0,0,1.461713656,5.280076468,1,-1
1,1,2.1313715,6.696578443
0,0,0,0,0,0
0,0,0.09991373486,0.9991373486,0,0
0,0,0.2930438497,1.931301148,2,0
0,0,0.4557290154,1.626851656,2,0
0,0,0.6159480364,1.60219021,1,0
0,0,0.8628585131,2.469104767,0,0
0,0,1.268309564,4.054510508,2,-1
1,1,1.785280465,5.169709015
0,0,0,0,1,0
0,0,0.003853520891,0.03853520891,2,0
0,0,-0.0836711908,-0.8752471169,1,0
0,0,-0.1813685751,-0.976973843,0,0
0,0,-0.2328978797,-0.5152930459,1,0
0,0,-0.3092321328,-0.7633425312,0,0
0,0,-0.3542670482,-0.4503491537,0,0
0,0,-0.368197998,-0.1393094986,1,0
0,0,-0.4379000695,-0.6970207151,0,0
0,0,-0.4878534622,-0.4995339266,0,0
0,0,-0.5258289745,-0.3797551227,1,0
0,0,-0.6548003009,-1.289713264,1,0
0,0,-0.8710320815,-2.162317806,2,0
0,0,-1.245622424,-3.74590343,2,-1
1,1,-1.779124702,-5.335022773
0,0,0,0,2,0
0,0,-0.07151452281,-0.7151452281,0,0
0,0,-0.06325976139,0.08254761425,2,0
0,0,-0.1530021,-0.8974233864,2,0
0,0,-0.3437215497,-1.907194497,1,0
0,0,-0.5826088747,-2.388873249,0,0
0,0,-0.8262841076,-2.436752329,1,0
0,0,-1.187704984,-3.614208766,2,-1
1,1,-1.704458738,-5.167537541
0,0,0,0,0,0
0,0,0.07091371207,0.7091371207,0,0
0,0,0.2492664367,1.783527246,0,0
0,0,0.5523953947,3.03128958,2,0
0,0,0.8545393678,3.021439731,2,0
0,0,1.207211829,3.526724611,2,-1
1,1,1.661888902,4.546770734
0,0,0,0,1,0
0,0,0.003604507899,0.03604507899,2,0
0,0,-0.09388392904,-0.9748843694,1,0
0,0,-0.2225536411,-1.286697121,0,0
0,0,-0.3000599417,-0.7750630055,1,0
0,0,-0.4133245771,-1.132646355,1,0
0,0,-0.5803002703,-1.669756932,1,0
0,0,-0.830845896,-2.505456257,1,0
0,0,-1.20148357,-3.706376737,2,-1
1,1,-1.731178442,-5.296948721
0,0,0,0,1,0
0,0,-0.008449433269,-0.08449433269,0,0
0,0,0.06576287773,0.74212311,1,0
0,0,0.1683729401,1.026100624,0,0
0,0,0.3709187136,2.025457735,0,0
0,0,0.7174836297,3.465649162,1,0
0,0,1.158044551,4.405609211,0,-1
1,1,1.757501411,5.9945686
0,0,0,0,2,0
0,0,-0.08398024264,-0.8398024264,1,0
0,0,-0.1823161847,-0.9833594208,2,0
0,0,-0.4136638289,-2.313476442,1,0
0,0,-0.7224605153,-3.087966864,1,0
0,0,-1.12667046,-4.042099446,1,-1
1,1,-1.663976051,-5.373055906
0,0,0,0,1,0
0,0,0.0125334369,0.125334369,0,0
0,0,0.1037056914,0.9117225448,0,0
0,0,0.3120429123,2.083372209,0,0
0,0,0.6630929272,3.510500149,0,0
0,0,1.162565819,4.994728923,0,-1
1,1,1.816284289,6.5371847
0,0,0,0,2,0
0,0,-0.08006040548,-0.8006040548,2,0
0,0,-0.2488626278,-1.688022223,2,0
0,0,-0.5334542551,-2.845916273,0,0
0,0,-0.8274168471,-2.93962592,2,0
0,0,-1.287381064,-4.599642171,2,-1
1,1,-1.899251709,-6.118706452
0,0,0,0,1,0
0,0,0.01522959987,0.1522959987,1,0
0,0,0.02518167272,0.09952072846,2,0
0,0,-0.0476713766,-0.7285304931,0,0
0,0,-0.03311699819,0.1455437841,0,0
0,0,0.05742609914,0.9054309733,2,0
0,0,0.07688531264,0.194592135,0,0
0,0,0.2052904095,1.284050969,1,0
0,0,0.3793805121,1.740901026,2,0
0,0,0.5331543245,1.537738124,2,0
0,0,0.6946717888,1.615174643,0,0
0,0,1.012365071,3.176932823,0,0
0,0,1.486697654,4.743325831,0,-1
1,1,2.111441827,6.247441732
0,0,0,0,0,0
0,0,0.08316987013,0.8316987013,1,0
0,0,0.184859825,1.016899549,0,0
0,0,0.4033147648,2.184549398,0,0
0,0,0.7644116847,3.610969199,1,0
0,0,1.234757571,4.703458865,1,-1
1,1,1.836694104,6.019365333
0,0,0,0,0,0
0,0,0.09971726247,0.9971726247,2,0
0,0,0.1306562228,0.3093896034,1,0
0,0,0.1888033663,0.5814714347,1,0
0,0,0.2894995525,1.006961862,0,0
0,0,0.5297401951,2.402406426,2,0
0,0,0.7861206183,2.563804232,0,0
0,0,1.210071347,4.239507285,2,-1
1,1,1.743103473,5.330321259
0,0,0,0,2,0
0,0,-0.1041113145,-1.041113145,2,0
0,0,-0.2961989772,-1.920876627,2,0
0,0,-0.6276731702,-3.314741929,0,0
0,0,-0.9696612371,-3.419880669,0,0
0,0,-1.387188569,-4.17527332,2,-1
1,1,-1.957650614,-5.704620452
0,0,0,0,0,0
0,0,0.100730475,1.00730475,0,0
0,0,0.2967310575,1.960005825,0,0
0,0,0.6168231361,3.200920787,0,0
0,0,1.091111725,4.742885888,1,-1
1,1,1.692141701,6.010299764
0,0,0,0,2,0
0,0,-0.08796709791,-0.8796709791,1,0
0,0,-0.1762574505,-0.8829035264,0,0
0,0,-0.2156591856,-0.3940173504,1,0
0,0,-0.2855807818,-0.6992159623,0,0
0,0,-0.3273254441,-0.4174466226,2,0
0,0,-0.510542455,-1.832170109,2,0
0,0,-0.8476971875,-3.371547325,0,0
0,0,-1.246096259,-3.983990713,0,-1
1,1,-1.749778277,-5.036820185
0,0,0,0,0,0
0,0,0.07661014233,0.7661014233,0,0
0,0,0.2373993701,1.607892277,0,0
0,0,0.5232578193,2.858584492,1,0
0,0,0.8826076519,3.593498325,0,0
0,0,1.396637444,5.140297925,1,-1
1,1,2.048753277,6.521158329
0,0,0,0,2,0
0,0,-0.09295457472,-0.9295457472,0,0
0,0,-0.1295531825,-0.365986078,0,0
0,0,-0.103362604,0.2619057855,2,0
0,0,-0.1825243365,-0.791617325,2,0
0,0,-0.390462448,-2.079381116,2,0
0,0,-0.7443828912,-3.539204432,1,0
0,0,-1.193113364,-4.487304728,1,-1
1,1,-1.766957423,-5.738440592
0,0,0,0,1,0
0,0,0.01759062382,0.1759062382,1,0
0,0,0.03296248816,0.1537186434,0,0
0,0,0.1531865377,1.202240496,1,0
0,0,0.3099707165,1.567841788,2,0
0,0,0.4222040236,1.122333071,2,0
0,0,0.529723474,1.075194505,0,0
0,0,0.7891249162,2.594014422,0,0
0,0,1.213323771,4.241988547,2,-1
1,1,1.743254725,5.299309538
0,0,0,0,0,0
0,0,0.07978689086,0.7978689086,2,0
0,0,0.08242013538,0.0263324452,2,0
0,0,0.01175076107,-0.7066937431,2,0
0,0,-0.1510818628,-1.628326239,2,0
0,0,-0.4335730332,-2.824911704,0,0
0,0,-0.7113721985,-2.777991653,2,0
0,0,-1.160306991,-4.489347922,2,-1
1,1,-1.764718076,-6.04411085
0,0,0,0,2,0
0,0,-0.08243428914,-0.8243428914,1,0
0,0,-0.1890655517,-1.066312626,1,0
0,0,-0.3282326812,-1.391671295,2,0
0,0,-0.5896277868,-2.613951055,0,0
0,0,-0.8631830242,-2.735552374,1,0
0,0,-1.24019661,-3.770135862,1,-1
1,1,-1.752279501,-5.120828911
0,0,0,0,0,0
0,0,0.1035408573,1.035408573,0,0
0,0,0.3118518821,2.083110249,2,0
0,0,0.4925373258,1.806854437,0,0
0,0,0.8370166867,3.444793609,1,0
0,0,1.284594291,4.475776047,0,-1
1,1,1.890328757,6.057344659
