2,1,1
0,0,0,0,1,0
0,0,0.008131932266,0.08131932266,0,0
0,0,0.1140057351,1.058738029,1,0
0,0,0.2417933463,1.277876111,2,0
0,0,0.3249991851,0.8320583885,2,0
0,0,0.3732071814,0.4820799626,2,0
0,0,0.3934456331,0.202384517,1,0
0,0,0.4713819457,0.7793631267,1,0
0,0,0.622117358,1.507354122,1,0
0,0,0.8533900678,2.312727099,1,0
0,0,1.188651993,3.352619255,0,-1
1,1,1.691045179,5.023931854
0,0,0,0,2,0
0,0,-0.07371568902,-0.7371568902,2,0
0,0,-0.2522573344,-1.785416454,0,0
0,0,-0.3967090842,-1.444517498,1,0
0,0,-0.6158746787,-2.191655946,0,0
0,0,-0.8655582566,-2.496835779,0,0
0,0,-1.175334497,-3.097762408,0,-1
1,1,-1.586063577,-4.107290794
0,0,0,0,1,0
0,0,0.01420949299,0.1420949299,0,0
0,0,0.117033092,1.02823599,0,0
0,0,0.3299178447,2.128847526,0,0
0,0,0.6887875521,3.588697074,1,0
0,0,1.134363227,4.455756752,0,-1
1,1,1.736404282,6.020410543
0,0,0,0,0,0
0,0,0.0844936055,0.844936055,1,0
0,0,0.1839384793,0.9944487382,0,0
0,0,0.4031690129,2.192305336,0,0
0,0,0.7645348108,3.613657979,1,0
0,0,1.219191855,4.546570443,2,-1
1,1,1.773788478,5.545966231
0,0,0,0,0,0
0,0,0.1009866176,1.009866176,0,0
0,0,0.3017589378,2.007723202,1,0
0,0,0.5446500068,2.42891069,0,0
0,0,0.9499013773,4.052513704,1,0
0,0,1.465211341,5.153099636,2,-1
1,1,2.115851253,6.506399121
0,0,0,0,0,0
0,0,0.08983880355,0.8983880355,0,0
0,0,0.2863083048,1.964695013,1,0
0,0,0.5317906862,2.454823814,2,0
0,0,0.7708288307,2.390381445,0,0
0,0,1.181484734,4.106559037,2,-1
1,1,1.697409292,5.159245575
0,0,0,0,1,0
0,0,-0.01569433716,-0.1569433716,0,0
0,0,0.04407095055,0.5976528772,2,0
0,0,0.03250343886,-0.1156751169,2,0
0,0,-0.07300255386,-1.055059927,1,0
0,0,-0.1946495468,-1.21646993,0,0
0,0,-0.2795599651,-0.8491041826,0,0
0,0,-0.3177311762,-0.381712111,2,0
0,0,-0.5052380486,-1.875068723,0,0
0,0,-0.6952230864,-1.899850379,2,0
0,0,-1.045094662,-3.498715757,2,0
0,0,-1.560585619,-5.154909572,2,-1
1,1,-2.223276886,-6.626912664
0,0,0,0,2,0
0,0,-0.09315821928,-0.9315821928,2,0
0,0,-0.2987137976,-2.055555783,1,0
0,0,-0.5577814698,-2.590676722,2,0
0,0,-0.9705609803,-4.127795104,0,0
0,0,-1.451979417,-4.814184372,2,-1
1,1,-2.085560371,-6.33580954
0,0,0,0,0,0
0,0,0.08914848936,0.8914848936,0,0
0,0,0.2738537772,1.847052878,1,0
0,0,0.4975640044,2.237102272,0,0
0,0,0.881587933,3.840239286,2,0
0,0,1.332572726,4.509847927,1,-1
1,1,1.924044692,5.914719666
0,0,0,0,1,0
0,0,0.006579833535,0.06579833535,1,0
0,0,0.02153043036,0.1495059682,0,0
0,0,0.1227099825,1.011795521,2,0
0,0,0.1430160912,0.203061087,0,0
0,0,0.2773399703,1.343238791,2,0
0,0,0.3680470215,0.9070705122,0,0
0,0,0.591289614,2.232425925,1,0
0,0,0.9024092025,3.111195885,1,0
0,0,1.326662663,4.242534604,1,-1
1,1,1.891630581,5.649679185
0,0,0,0,1,0
0,0,-0.002843803182,-0.02843803182,0,0
0,0,0.07776754338,0.8061134656,0,0
0,0,0.2673241149,1.895565715,0,0
0,0,0.5878282104,3.205040955,0,0
0,0,1.054515491,4.666872803,1,-1
1,1,1.642735587,5.882200968
0,0,0,0,1,0
0,0,0.01109275894,0.1109275894,2,0
0,0,-0.05483934363,-0.6593210257,1,0
0,0,-0.144692324,-0.8985298039,0,0
0,0,-0.1739913759,-0.2929905183,1,0
0,0,-0.2486031937,-0.7461181785,0,0
0,0,-0.2689419839,-0.2033879022,2,0
0,0,-0.4201268138,-1.511848298,2,0
0,0,-0.7115287822,-2.914019685,1,0
0,0,-1.110340119,-3.988113368,2,-1
1,1,-1.674344271,-5.640041522
0,0,0,0,0,0
0,0,0.08703971996,0.8703971996,1,0
0,0,0.2037534904,1.167137704,2,0
0,0,0.2532871248,0.4953363442,2,0
0,0,0.2571070578,0.03819932971,1,0
0,0,0.2895505585,0.3244350075,0,0
0,0,0.450994185,1.614436264,0,0
0,0,0.7480601311,2.970659461,2,0
0,0,1.082083565,3.340234344,2,0
0,0,1.510740653,4.286570871,2,-1
1,1,2.080656887,5.699162348
0,0,0,0,0,0
0,0,0.07861776378,0.7861776378,2,0
0,0,0.07055046405,-0.08067299722,1,0
0,0,0.06603959435,-0.04510869704,0,0
0,0,0.1572019631,0.9116236872,2,0
0,0,0.202110539,0.4490857597,0,0
0,0,0.3710563588,1.689458197,1,0
0,0,0.5878358038,2.167794451,1,0
0,0,0.9020379247,3.142021209,0,0
0,0,1.383281837,4.812439122,1,-1
1,1,2.002876442,6.195946047
0,0,0,0,0,0
0,0,0.08138207465,0.8138207465,2,0
0,0,0.07675809578,-0.0462397887,1,0
0,0,0.08998819079,0.1323009501,2,0
0,0,0.01807675133,-0.7191143947,2,0
0,0,-0.1551873141,-1.732640654,0,0
0,0,-0.2525307506,-0.9734343651,0,0
0,0,-0.2953529982,-0.4282224763,0,0
0,0,-0.3042016879,-0.08848689741,2,0
0,0,-0.4620331828,-1.578314949,0,0
0,0,-0.6102989647,-1.482657819,2,0
0,0,-0.9316935821,-3.213946175,0,0
0,0,-1.314221888,-3.825283063,0,-1
1,1,-1.815139892,-5.00918004
0,0,0,0,1,0
0,0,0.0001482209225,0.001482209225,2,0
0,0,-0.08180401265,-0.8195223357,0,0
0,0,-0.07923496964,0.02569043002,2,0
0,0,-0.1772253235,-0.9799035384,2,0
0,0,-0.3868424323,-2.096171088,0,0
0,0,-0.564806009,-1.779635767,2,0
0,0,-0.9080440973,-3.432380883,0,0
0,0,-1.320072451,-4.12028354,2,-1
1,1,-1.891129933,-5.710574816
0,0,0,0,2,0
0,0,-0.09870223814,-0.9870223814,0,0
0,0,-0.138092943,-0.3939070488,0,0
0,0,-0.1252320917,0.1286085135,1,0
0,0,-0.1431231628,-0.1789107118,2,0
0,0,-0.288752245,-1.456290821,2,0
0,0,-0.5615375334,-2.727852884,2,0
0,0,-0.9954819472,-4.339444138,1,0
0,0,-1.543168535,-5.476865877,0,-1
1,1,-2.234403392,-6.912348569
0,0,0,0,1,0
0,0,0.003218589002,0.03218589002,2,0
0,0,-0.09706296304,-1.00281552,1,0
0,0,-0.2149737572,-1.179107941,2,0
0,0,-0.4593461239,-2.443723667,2,0
0,0,-0.8592279429,-3.99881819,2,0
0,0,-1.408296607,-5.490686641,2,-1
1,1,-2.10718637,-6.988897633
0,0,0,0,0,0
0,0,0.08920301907,0.8920301907,1,0
0,0,0.1891816731,0.9997865404,0,0
0,0,0.422271275,2.330896019,2,0
0,0,0.6394166372,2.171453621,0,0
0,0,1.023219927,3.838032901,1,0
0,0,1.532037456,5.088175283,0,-1
1,1,2.189717684,6.576802281
0,0,0,0,0,0
0,0,0.07501264898,0.7501264898,0,0
0,0,0.2482321697,1.732195207,1,0
0,0,0.4525816682,2.043494986,0,0
0,0,0.802773178,3.501915098,0,0
0,0,1.313885527,5.11112349,0,-1
1,1,1.975647773,6.617622462
0,0,0,0,2,0
0,0,-0.1019928935,-1.019928935,1,0
0,0,-0.2123834585,-1.103905651,2,0
0,0,-0.4419099429,-2.295264844,2,0
0,0,-0.8085294497,-3.666195067,0,0
0,0,-1.220333213,-4.118037632,1,-1
1,1,-1.763615101,-5.432818883
0,0,0,0,1,0
0,0,0.0158489275,0.158489275,0,0
0,0,0.1134424144,0.9759348692,1,0
0,0,0.2314194846,1.179770702,2,0
0,0,0.3143131318,0.8289364723,2,0
0,0,0.3581525,0.4383936818,0,0
0,0,0.5580324095,1.998799094,2,0
0,0,0.7823498049,2.243173954,0,0
0,0,1.167173792,3.84823987,0,-1
1,1,1.711756148,5.445823557
0,0,0,0,0,0
0,0,0.07855527931,0.7855527931,2,0
0,0,0.08969399826,0.1113871895,2,0
0,0,0.04355214071,-0.4614185754,1,0
0,0,0.005745999209,-0.3780614151,0,0
0,0,0.07385067694,0.6810467773,0,0
0,0,0.2292684224,1.554177454,0,0
0,0,0.5204484658,2.911800434,0,0
0,0,0.9654663468,4.450178811,0,-1
1,1,1.57512966,6.096633129
0,0,0,0,0,0
0,0,0.08709893565,0.8709893565,0,0
0,0,0.2790644085,1.919654729,1,0
0,0,0.52567802,2.466136115,1,0
0,0,0.8529077278,3.272297078,0,0
0,0,1.348897569,4.959898416,0,-1
1,1,1.999019552,6.501219825
0,0,0,0,2,0
0,0,-0.09009189139,-0.9009189139,0,0
0,0,-0.09296948795,-0.02877596558,1,0
0,0,-0.1100406013,-0.1707111332,1,0
0,0,-0.1538491708,-0.4380856952,0,0
0,0,-0.1347253109,0.1912385992,1,0
0,0,-0.1539386623,-0.1921335142,1,0
0,0,-0.1975694053,-0.43630743,2,0
0,0,-0.3724920067,-1.749226014,2,0
0,0,-0.6884135065,-3.159214998,1,0
0,0,-1.093419774,-4.050062679,2,-1
1,1,-1.661662126,-5.68242352
0,0,0,0,1,0
0,0,0.01558406221,0.1558406221,0,0
0,0,0.1179632143,1.023791521,1,0
0,0,0.2564766749,1.385134607,2,0
0,0,0.3442414106,0.8776473562,0,0
0,0,0.5610653798,2.168239692,2,0
0,0,0.802809109,2.417437293,1,0
0,0,1.163655396,3.608462868,1,-1
1,1,1.658832604,4.951772081
0,0,0,0,2,0
0,0,-0.09123527604,-0.9123527604,2,0
0,0,-0.2755095218,-1.842742457,0,0
0,0,-0.4328548261,-1.573453043,0,0
0,0,-0.5657697419,-1.329149158,2,0
0,0,-0.8625210476,-2.967513057,2,0
0,0,-1.31567236,-4.531513124,2,-1
1,1,-1.920848118,-6.051757585
0,0,0,0,0,0
0,0,0.09475710974,0.9475710974,2,0
0,0,0.1069915839,0.1223447413,1,0
0,0,0.1545941802,0.4760259637,0,0
0,0,0.3083609892,1.53766809,0,0
0,0,0.5899686742,2.816076849,1,0
0,0,0.9441144649,3.541457908,2,0
0,0,1.361060676,4.169462106,0,-1
1,1,1.931583459,5.705227834
0,0,0,0,2,0
0,0,-0.08316737667,-0.8316737667,0,0
0,0,-0.09399552808,-0.1082815142,1,0
0,0,-0.1060755002,-0.1207997213,0,0
0,0,-0.04027171189,0.6580378832,1,0
0,0,0.02624761438,0.6651932628,0,0
0,0,0.1859857459,1.597381315,1,0
0,0,0.3822296311,1.962438852,2,0
0,0,0.5681998544,1.859702234,0,0
0,0,0.9186614382,3.504615838,2,0
0,0,1.337130353,4.184689144,2,-1
1,1,1.877294858,5.40164505
0,0,0,0,2,0
0,0,-0.09129008843,-0.9129008843,2,0
0,0,-0.2992005307,-2.079104423,1,0
0,0,-0.5657733775,-2.665728468,2,0
0,0,-0.9726019536,-4.06828576,1,0
0,0,-1.498442601,-5.258406479,0,-1
1,1,-2.161594032,-6.631514306
0,0,0,0,0,0
0,0,0.08318007679,0.8318007679,1,0
0,0,0.1753292212,0.9214914444,0,0
0,0,0.3905697538,2.152405326,0,0
0,0,0.7373178841,3.467481302,2,0
0,0,1.123136417,3.858185327,1,-1
1,1,1.639734985,5.165985685
0,0,0,0,2,0
0,0,-0.09851869318,-0.9851869318,0,0
0,0,-0.1308689636,-0.3235027043,2,0
0,0,-0.2759850898,-1.451161262,1,0
0,0,-0.4702099273,-1.942248375,0,0
0,0,-0.6645169592,-1.943070319,1,0
0,0,-0.9674298238,-3.029128646,1,0
0,0,-1.391672495,-4.242426712,1,-1
1,1,-1.954922819,-5.632503237
0,0,0,0,1,0
0,0,-0.005114333728,-0.05114333728,1,0
0,0,-0.008691641257,-0.03577307529,1,0
0,0,-0.01943263617,-0.1074099491,2,0
0,0,-0.1150399127,-0.9560727653,0,0
0,0,-0.1579678365,-0.4292792382,0,0
0,0,-0.1486633197,0.09304516805,1,0
0,0,-0.1726726112,-0.240092915,0,0
0,0,-0.1323502862,0.4032232497,1,0
0,0,-0.1056717779,0.2667850833,0,0
0,0,-0.02571725546,0.7995452246,0,0
0,0,0.1265098893,1.522271448,0,0
0,0,0.385677385,2.591674957,1,0
0,0,0.7106731033,3.249957183,2,0
0,0,1.075226172,3.645530689,2,0
0,0,1.530678937,4.554527652,2,-1
1,1,2.128376125,5.976971874
0,0,0,0,2,0
0,0,-0.09236554848,-0.9236554848,1,0
0,0,-0.1955668524,-1.032013039,0,0
0,0,-0.2550687284,-0.5950187604,1,0
0,0,-0.3526380654,-0.9756933695,2,0
0,0,-0.5757731739,-2.231351085,1,0
0,0,-0.8976229646,-3.218497907,2,0
0,0,-1.374328609,-4.767056445,0,-1
1,1,-1.975193535,-6.00864926
0,0,0,0,2,0
0,0,-0.1025642081,-1.025642081,2,0
0,0,-0.3261298062,-2.235655981,1,0
0,0,-0.5951737795,-2.690439734,2,0
0,0,-1.026237239,-4.310634591,1,-1
1,1,-1.582045213,-5.558079747
0,0,0,0,2,0
0,0,-0.09739330069,-0.9739330069,2,0
0,0,-0.3027858939,-2.053925932,2,0
0,0,-0.635714706,-3.329288121,1,0
0,0,-1.051940783,-4.16226077,2,-1
1,1,-1.628452152,-5.765113689
0,0,0,0,1,0
0,0,0.003882912876,0.03882912876,1,0
0,0,-0.007178704502,-0.1106161738,0,0
0,0,0.08533497943,0.9251368393,2,0
0,0,0.114734699,0.2939971962,2,0
0,0,0.06413464833,-0.5060005072,1,0
0,0,0.03388111371,-0.3025353461,1,0
0,0,0.001640607545,-0.3224050617,1,0
0,0,-0.01718196041,-0.1882256795,0,0
0,0,0.05902514329,0.762071037,1,0
0,0,0.1303012241,0.7127608078,0,0
0,0,0.3089502252,1.786490012,0,0
0,0,0.6356138985,3.266636733,0,0
0,0,1.119884943,4.842710449,1,-1
1,1,1.727224013,6.073390691
0,0,0,0,0,0
0,0,0.07888373595,0.7888373595,2,0
0,0,0.07677993992,-0.02103796031,1,0
0,0,0.0832476314,0.06467691478,2,0
0,0,0.0219446093,-0.613030221,1,0
0,0,-0.04466945173,-0.6661406103,2,0
0,0,-0.2076849252,-1.630154734,1,0
0,0,-0.4212957382,-2.136108131,2,0
0,0,-0.7793690943,-3.580733561,1,0
0,0,-1.246720672,-4.673515772,2,-1
1,1,-1.874006875,-6.272862035
0,0,0,0,1,0
0,0,-0.008466915513,-0.08466915513,2,0
0,0,-0.08899552254,-0.8052860703,0,0
0,0,-0.1131817232,-0.2418620071,0,0
0,0,-0.08546141895,0.277203043,2,0
0,0,-0.1763109052,-0.9084948626,2,0
0,0,-0.3691723838,-1.928614786,1,0
0,0,-0.6083712824,-2.391988986,0,0
0,0,-0.8749924047,-2.666211223,1,0
0,0,-1.249880726,-3.748883208,1,-1
1,1,-1.762959726,-5.130790008
0,0,0,0,0,0
0,0,0.07794163692,0.7794163692,0,0
0,0,0.2444889623,1.665473254,0,0
0,0,0.5499636015,3.054746392,0,0
0,0,1.013098587,4.631349853,2,0
0,0,1.546372173,5.332735862,1,-1
1,1,2.225379429,6.790072564
0,0,0,0,0,0
0,0,0.08419266709,0.8419266709,1,0
0,0,0.1901383258,1.059456587,1,0
0,0,0.3356644506,1.455261248,1,0
0,0,0.5492861263,2.136216757,0,0
0,0,0.9194297047,3.701435784,1,0
0,0,1.397844505,4.784148006,0,-1
1,1,2.027315896,6.294713904
0,0,0,0,2,0
0,0,-0.08981716548,-0.8981716548,2,0
0,0,-0.2994604947,-2.096433292,1,0
0,0,-0.5537482739,-2.542877792,2,0
0,0,-0.9680215692,-4.142732953,1,0
0,0,-1.488194921,-5.201733513,1,-1
1,1,-2.15175164,-6.635567198
0,0,0,0,0,0
0,0,0.09519870864,0.9519870864,1,0
0,0,0.2130901905,1.178914819,1,0
0,0,0.3790989417,1.660087512,2,0
0,0,0.5373638403,1.582648986,0,0
0,0,0.8420436917,3.046798514,0,0
0,0,1.319860386,4.778166946,1,-1
1,1,1.934742231,6.148818443
0,0,0,0,2,0
0,0,-0.09796718469,-0.9796718469,1,0
0,0,-0.2297994865,-1.318323018,0,0
0,0,-0.3175864983,-0.8778701174,2,0
0,0,-0.5457837011,-2.281972029,2,0
0,0,-0.9288217713,-3.830380702,2,0
0,0,-1.476575734,-5.477539631,0,-1
1,1,-2.160156132,-6.835803978
0,0,0,0,1,0
0,0,-0.008048599832,-0.08048599832,2,0
0,0,-0.1229635203,-1.149149205,2,0
0,0,-0.3456358158,-2.226722954,0,0
0,0,-0.534162352,-1.885265362,1,0
0,0,-0.7968633118,-2.627009598,2,0
0,0,-1.23149991,-4.346365983,1,-1
1,1,-1.797549512,-5.660496018
0,0,0,0,0,0
0,0,0.07475392012,0.7475392012,2,0
0,0,0.076985218,0.02231297875,1,0
0,0,0.1078594951,0.3087427709,2,0
0,0,0.06123808406,-0.4662141102,1,0
0,0,0.04169022652,-0.1954785755,2,0
0,0,-0.05918204017,-1.008722667,1,0
0,0,-0.1807968777,-1.216148376,1,0
0,0,-0.3384521258,-1.57655248,1,0
0,0,-0.5614569814,-2.230048556,1,0
0,0,-0.865118463,-3.036614817,0,0
0,0,-1.237743352,-3.726248892,2,-1
1,1,-1.771870955,-5.341276027
0,0,0,0,2,0
0,0,-0.07462355954,-0.7462355954,1,0
0,0,-0.1752469803,-1.006234208,2,0
0,0,-0.4009869854,-2.257400051,2,0
0,0,-0.7536163132,-3.526293277,0,0
0,0,-1.152627242,-3.990109285,0,-1
1,1,-1.652203213,-4.995759715
0,0,0,0,2,0
0,0,-0.0990622708,-0.990622708,0,0
0,0,-0.1392642669,-0.4020199608,1,0
0,0,-0.2057182108,-0.6645394391,1,0
0,0,-0.3188798598,-1.13161649,1,0
0,0,-0.4739332146,-1.550533548,0,0
0,0,-0.6236351404,-1.497019258,2,0
0,0,-0.9324968601,-3.088617198,0,0
0,0,-1.313613334,-3.811164738,0,-1
1,1,-1.816725817,-5.031124829
0,0,0,0,1,0
0,0,0.003370782167,0.03370782167,1,0
0,0,-0.009641770642,-0.1301255281,0,0
0,0,0.06555960837,0.7520137901,1,0
0,0,0.1471185729,0.8155896449,2,0
0,0,0.1827547361,0.3563616324,1,0
0,0,0.25696278,0.7420804394,1,0
0,0,0.3801218175,1.231590375,0,0
0,0,0.6447354417,2.646136242,0,0
0,0,1.072092723,4.273572816,0,-1
1,1,1.66405872,5.91965997
0,0,0,0,2,0
0,0,-0.08054401091,-0.8054401091,2,0
0,0,-0.2665988732,-1.860548623,1,0
0,0,-0.5073201202,-2.40721247,2,0
0,0,-0.9068058427,-3.994857226,2,0
0,0,-1.467404561,-5.605987181,1,-1
1,1,-2.169958741,-7.025541805
0,0,0,0,2,0
0,0,-0.1000081665,-1.000081665,0,0
0,0,-0.1419673903,-0.4195922371,1,0
0,0,-0.2156668175,-0.7369942726,0,0
0,0,-0.2505928411,-0.3492602353,1,0
0,0,-0.3410252947,-0.9043245362,1,0
0,0,-0.4855936578,-1.445683631,1,0
0,0,-0.7210330481,-2.354393903,1,0
0,0,-1.061884962,-3.408519143,2,0
0,0,-1.563228141,-5.013431785,2,-1
1,1,-2.211788352,-6.485602115
0,0,0,0,1,0
0,0,0.01284463809,0.1284463809,2,0
0,0,-0.07411108653,-0.8695572461,2,0
0,0,-0.245569052,-1.714579655,0,0
0,0,-0.3588774243,-1.133083723,1,0
0,0,-0.5242028076,-1.653253832,2,0
0,0,-0.8330598469,-3.088570393,2,0
0,0,-1.310310484,-4.772506373,0,-1
1,1,-1.905228418,-5.949179336
0,0,0,0,2,0
0,0,-0.07280124291,-0.7280124291,0,0
0,0,-0.06527739381,0.07523849095,0,0
0,0,0.00744596554,0.7272335935,0,0
0,0,0.1566091752,1.491632097,1,0
0,0,0.3449136629,1.883044877,0,0
0,0,0.6537051967,3.087915338,1,0
0,0,1.062500364,4.087951673,0,-1
1,1,1.626455303,5.63954939
0,0,0,0,0,0
0,0,0.09163083433,0.9163083433,0,0
0,0,0.2927304537,2.010996193,2,0
0,0,0.4418685857,1.49138132,1,0
0,0,0.6658921011,2.240235154,2,0
0,0,0.9221911173,2.562990162,0,0
0,0,1.336857275,4.146661577,2,-1
1,1,1.869638995,5.327817204
0,0,0,0,1,0
0,0,-0.009196842071,-0.09196842071,1,0
0,0,-0.01182141056,-0.02624568494,1,0
0,0,-0.03096158619,-0.1914017563,1,0
0,0,-0.0644170602,-0.3345547401,2,0
0,0,-0.1806451635,-1.162281033,2,0
0,0,-0.4238366193,-2.431914558,2,0
0,0,-0.8023647834,-3.78528164,2,0
0,0,-1.331313235,-5.289484521,2,-1
1,1,-2.013330783,-6.82017548
0,0,0,0,2,0
0,0,-0.07309632571,-0.7309632571,1,0
0,0,-0.1589219852,-0.8582565953,1,0
0,0,-0.2847901323,-1.25868147,0,0
0,0,-0.3586497435,-0.7385961118,2,0
0,0,-0.5853105899,-2.266608464,1,0
0,0,-0.8979003176,-3.125897278,1,0
0,0,-1.33441844,-4.365181223,0,-1
1,1,-1.892753146,-5.583347059
0,0,0,0,2,0
0,0,-0.08332924898,-0.8332924898,1,0
0,0,-0.1727855797,-0.8945633071,2,0
0,0,-0.3869353166,-2.141497369,2,0
0,0,-0.754058235,-3.671229184,0,0
0,0,-1.170352143,-4.16293908,1,-1
1,1,-1.719928369,-5.495762259
0,0,0,0,2,0
0,0,-0.07233700148,-0.7233700148,2,0
0,0,-0.2461890694,-1.738520679,1,0
0,0,-0.465617125,-2.194280556,1,0
0,0,-0.7609761989,-2.953590739,1,0
0,0,-1.148779994,-3.878037954,1,-1
1,1,-1.665277092,-5.164970974
0,0,0,0,1,0
0,0,-0.01724417527,-0.1724417527,0,0
0,0,0.03937431492,0.5661849019,0,0
0,0,0.182122938,1.427486231,1,0
0,0,0.3399510359,1.578280979,0,0
0,0,0.6479485552,3.079975193,2,0
0,0,0.9904863231,3.425377679,0,0
0,0,1.491229323,5.007429996,1,-1
1,1,2.136456907,6.452275848
0,0,0,0,1,0
0,0,0.0135984566,0.135984566,0,0
0,0,0.1038775527,0.9027909614,1,0
0,0,0.225329638,1.214520853,2,0
0,0,0.2864700625,0.6114042454,2,0
0,0,0.3056451481,0.1917508554,1,0
0,0,0.3874487819,0.818036338,2,0
0,0,0.4434884525,0.5603967065,0,0
0,0,0.6516122024,2.081237498,1,0
0,0,0.9624008427,3.107886403,1,0
0,0,1.389907017,4.275061745,1,-1
1,1,1.960485428,5.70578411
0,0,0,0,2,0
0,0,-0.07871092026,-0.7871092026,0,0
0,0,-0.07113342302,0.07577497236,2,0
0,0,-0.1619433963,-0.9080997327,1,0
0,0,-0.2771190959,-1.151756996,1,0
0,0,-0.4255729968,-1.484539009,1,0
0,0,-0.6470071186,-2.214341218,0,0
0,0,-0.8883883878,-2.413812692,1,0
0,0,-1.248042176,-3.596537886,2,-1
1,1,-1.770148069,-5.221058929
0,0,0,0,0,0
0,0,0.08803797225,0.8803797225,1,0
0,0,0.1802735783,0.9223560602,0,0
0,0,0.3959098498,2.156362715,0,0
0,0,0.7374841965,3.415743468,2,0
0,0,1.123795745,3.863115489,1,-1
1,1,1.639895969,5.161002239
0,0,0,0,1,0
0,0,-0.008826599952,-0.08826599952,0,0
0,0,0.0560756179,0.6490221786,0,0
0,0,0.2244021286,1.683265107,1,0
0,0,0.4441804627,2.197783341,2,0
0,0,0.6510934436,2.069129809,0,0
0,0,1.028957997,3.778645536,1,0
0,0,1.535933037,5.069750401,2,-1
1,1,2.185857032,6.499239951
0,0,0,0,2,0
0,0,-0.08735735796,-0.8735735796,2,0
0,0,-0.272943168,-1.8558581,0,0
0,0,-0.4324867376,-1.595435696,1,0
0,0,-0.6747699197,-2.42283182,2,0
0,0,-1.07638562,-4.016157007,1,-1
1,1,-1.595988754,-5.19603134
0,0,0,0,2,0
0,0,-0.1002345318,-1.002345318,0,0
0,0,-0.1261657984,-0.259312666,0,0
0,0,-0.08383072958,0.4233506884,2,0
0,0,-0.1405366775,-0.5670594793,1,0
0,0,-0.2297193592,-0.8918268171,2,0
0,0,-0.4385130896,-2.087937304,0,0
0,0,-0.6240141874,-1.855010978,2,0
0,0,-0.9577585404,-3.337443529,2,0
0,0,-1.446778703,-4.890201631,0,-1
1,1,-2.069972186,-6.231934826
0,0,0,0,0,0
0,0,0.07669945035,0.7669945035,1,0
0,0,0.1715557752,0.9485632482,2,0
0,0,0.2058123122,0.3425653701,2,0
0,0,0.1801856936,-0.256266186,0,0
0,0,0.2865089712,1.063232776,2,0
0,0,0.358667859,0.721588878,1,0
0,0,0.5036801095,1.450122506,0,0
0,0,0.7893265303,2.856464207,0,0
0,0,1.227386094,4.380595636,0,-1
1,1,1.827511897,6.001258032
0,0,0,0,1,0
0,0,-0.0108935926,-0.108935926,0,0
0,0,0.04715318168,0.5804677428,2,0
0,0,0.02511617058,-0.220370111,0,0
0,0,0.09007080192,0.6495463134,0,0
0,0,0.2531985488,1.631277469,0,0
0,0,0.5301307831,2.769322343,1,0
0,0,0.8943520372,3.642212541,2,0
0,0,1.315749734,4.213976965,0,-1
1,1,1.893721296,5.779715622
0,0,0,0,2,0
0,0,-0.09470591231,-0.9470591231,1,0
0,0,-0.2153734394,-1.206675271,0,0
0,0,-0.2847804729,-0.6940703341,0,0
0,0,-0.307636221,-0.2285574815,2,0
0,0,-0.4634312389,-1.557950178,1,0
0,0,-0.7062547128,-2.428234739,0,0
0,0,-0.9902142793,-2.839595665,0,0
0,0,-1.35136074,-3.611464605,2,-1
1,1,-1.866472167,-5.151114274
0,0,0,0,2,0
0,0,-0.1007752402,-1.007752402,2,0
0,0,-0.297054247,-1.962790068,2,0
0,0,-0.6290726414,-3.320183944,2,0
0,0,-1.126422081,-4.973494398,2,-1
1,1,-1.777209208,-6.507871265
0,0,0,0,2,0
0,0,-0.07103045617,-0.7103045617,1,0
0,0,-0.17045392,-0.9942346386,1,0
0,0,-0.2896491861,-1.191952661,2,0
0,0,-0.5397721561,-2.5012297,1,0
0,0,-0.8836347926,-3.438626365,2,0
0,0,-1.387091506,-5.034567138,0,-1
1,1,-2.017260399,-6.301688925
0,0,0,0,0,0
0,0,0.1055803623,1.055803623,1,0
0,0,0.2300425059,1.244621436,2,0
0,0,0.3117406467,0.8169814073,0,0
0,0,0.5343267994,2.225861527,2,0
0,0,0.7701503947,2.358235953,0,0
0,0,1.182103423,4.119530283,2,-1
1,1,1.693679729,5.115763057
0,0,0,0,1,0
0,0,0.008628841384,0.08628841384,2,0
0,0,-0.07443108707,-0.8305992845,2,0
0,0,-0.2637174213,-1.892863342,0,0
0,0,-0.4269927776,-1.632753564,1,0
0,0,-0.669178004,-2.421852263,0,0
0,0,-0.9305596236,-2.613816196,0,0
0,0,-1.271428304,-3.408686807,2,-1
1,1,-1.769613235,-4.981849304
0,0,0,0,1,0
0,0,-0.009033907754,-0.09033907754,0,0
0,0,0.0834958486,0.9252975636,1,0
0,0,0.1851285133,1.016326647,0,0
0,0,0.3904777649,2.053492516,2,0
0,0,0.5660168916,1.755391267,2,0
0,0,0.7482522376,1.82235346,0,0
0,0,1.105387692,3.571354541,1,-1
1,1,1.591403112,4.8601542
0,0,0,0,1,0
0,0,0.01596726447,0.1596726447,1,0
0,0,0.0192052399,0.03237975427,2,0
0,0,-0.05239430375,-0.7159954365,1,0
0,0,-0.1208460927,-0.6845178898,2,0
0,0,-0.2923996863,-1.715535936,0,0
0,0,-0.4293480395,-1.369483532,2,0
0,0,-0.7241932207,-2.948451812,0,0
0,0,-1.061075935,-3.368827139,2,0
0,0,-1.556178284,-4.951023494,0,-1
1,1,-2.196655902,-6.404776177
0,0,0,0,2,0
0,0,-0.08499242503,-0.8499242503,2,0
0,0,-0.2685007076,-1.835082826,2,0
0,0,-0.5771053777,-3.086046701,1,0
0,0,-0.9743156371,-3.972102593,1,0
0,0,-1.493797369,-5.19481732,0,-1
1,1,-2.15200055,-6.582031813
0,0,0,0,0,0
0,0,0.08573730717,0.8573730717,1,0
0,0,0.1761230381,0.9038573093,0,0
0,0,0.3749751616,1.988521235,0,0
0,0,0.704921892,3.299467304,1,0
0,0,1.124524855,4.196029632,1,-1
1,1,1.676265015,5.517401594
0,0,0,0,0,0
0,0,0.08696169378,0.8696169378,0,0
0,0,0.263047323,1.760856292,0,0
0,0,0.5569658039,2.93918481,2,0
0,0,0.8581663865,3.012005826,2,0
0,0,1.226363612,3.681972254,0,-1
1,1,1.758877654,5.325140424
0,0,0,0,1,0
0,0,-0.01140432249,-0.1140432249,1,0
0,0,-0.04202696174,-0.3062263925,0,0
0,0,-0.007175867612,0.3485109413,0,0
0,0,0.1285691877,1.357450553,2,0
0,0,0.211592302,0.8302311437,2,0
0,0,0.2549093559,0.433170539,0,0
0,0,0.4213734139,1.66464058,1,0
0,0,0.6512358173,2.298624034,0,0
0,0,1.040189203,3.889533855,2,0
0,0,1.518676764,4.784875615,1,-1
1,1,2.142710032,6.240332675
0,0,0,0,0,0
0,0,0.09624739263,0.9624739263,1,0
0,0,0.2000251437,1.037777511,0,0
0,0,0.4262864369,2.262612932,0,0
0,0,0.795762232,3.694757951,0,0
0,0,1.334166922,5.3840469,2,-1
1,1,1.986236625,6.520697027
0,0,0,0,1,0
0,0,0.0003957652069,0.003957652069,1,0
0,0,-0.01647377658,-0.1686954178,1,0
0,0,-0.04219435359,-0.2572057701,0,0
0,0,0.002321950955,0.4451630454,0,0
0,0,0.1380317143,1.357097633,2,0
0,0,0.212492754,0.7446103976,1,0
0,0,0.3267658662,1.142731121,1,0
0,0,0.5090392963,1.822734302,2,0
0,0,0.6862255641,1.771862677,2,0
0,0,0.9014152868,2.151897227,1,0
0,0,1.238855837,3.374405504,1,-1
1,1,1.710793452,4.719376153
0,0,0,0,2,0
0,0,-0.09747173259,-0.9747173259,0,0
0,0,-0.1372953834,-0.3982365085,2,0
0,0,-0.2809615501,-1.436661667,0,0
0,0,-0.3774058513,-0.9644430121,0,0
0,0,-0.4417298727,-0.6432402138,2,0
0,0,-0.6497861212,-2.080562484,2,0
0,0,-1.029970571,-3.801844503,2,-1
1,1,-1.571389513,-5.41418942
0,0,0,0,0,0
0,0,0.08468270211,0.8468270211,1,0
0,0,0.1731422455,0.8845954336,0,0
0,0,0.3888819544,2.157397089,1,0
0,0,0.6613305347,2.724485803,1,0
0,0,1.015616334,3.542857991,1,0
0,0,1.484014197,4.683978627,2,-1
1,1,2.090693874,6.066796774
0,0,0,0,2,0
0,0,-0.09820690886,-0.9820690886,2,0
0,0,-0.3167026537,-2.184957448,0,0
0,0,-0.5055999135,-1.888972598,0,0
0,0,-0.6875625947,-1.819626812,0,0
0,0,-0.9080097054,-2.204471107,2,0
0,0,-1.287013234,-3.790035285,2,-1
1,1,-1.820063987,-5.330507532
0,0,0,0,1,0
0,0,-0.01258417643,-0.1258417643,0,0
0,0,0.07446818903,0.8705236546,1,0
0,0,0.1770572111,1.02589022,2,0
0,0,0.218411537,0.4135432597,1,0
0,0,0.2997233053,0.8131176822,1,0
0,0,0.4371522668,1.374289616,1,0
0,0,0.6510508657,2.138985989,0,0
0,0,1.020605337,3.695544718,1,0
0,0,1.508990677,4.883853398,2,-1
1,1,2.138219103,6.292284255
0,0,0,0,1,0
0,0,-0.01266448955,-0.1266448955,0,0
0,0,0.04952619079,0.6219068034,2,0
0,0,0.02380316324,-0.2572302755,0,0
0,0,0.1066827497,0.8287958641,1,0
0,0,0.2197861342,1.131033845,0,0
0,0,0.4654766953,2.456905612,2,0
0,0,0.706736503,2.412598077,2,0
0,0,0.9797913384,2.730548354,2,0
0,0,1.335597794,3.558064554,1,-1
1,1,1.827813191,4.922153972
0,0,0,0,1,0
0,0,0.0009981389785,0.009981389785,2,0
0,0,-0.08714994068,-0.8814807965,1,0
0,0,-0.1759716219,-0.8882168121,0,0
0,0,-0.2101654905,-0.3419386863,2,0
0,0,-0.3720019753,-1.618364848,0,0
0,0,-0.5070036241,-1.350016488,2,0
0,0,-0.8043912555,-2.973876314,1,0
0,0,-1.197592075,-3.932008194,1,-1
1,1,-1.722614591,-5.250225161
0,0,0,0,2,0
0,0,-0.1010501652,-1.010501652,0,0
0,0,-0.1221803236,-0.211301584,2,0
0,0,-0.2414452818,-1.192649582,1,0
0,0,-0.4075887465,-1.661434647,1,0
0,0,-0.6449775623,-2.373888158,1,0
0,0,-0.9838788955,-3.389013332,1,0
0,0,-1.444792312,-4.609134161,0,-1
1,1,-2.039989124,-5.951968126
0,0,0,0,0,0
0,0,0.1040381197,1.040381197,0,0
0,0,0.3032445644,1.992064447,1,0
0,0,0.5639589951,2.607144307,2,0
0,0,0.8273910577,2.634320626,1,0
0,0,1.209938868,3.825478103,2,-1
1,1,1.699742603,4.898037348
0,0,0,0,1,0
0,0,0.01164065373,0.1164065373,1,0
0,0,0.04018296265,0.2854230892,2,0
0,0,-0.001930652556,-0.421136152,1,0
0,0,-0.03975574232,-0.3782508976,2,0
0,0,-0.1894219641,-1.496662218,1,0
0,0,-0.3752382831,-1.85816319,2,0
0,0,-0.6966296246,-3.213913415,2,0
0,0,-1.170294601,-4.736649762,2,-1
1,1,-1.794112315,-6.23817714
0,0,0,0,2,0
0,0,-0.07175122287,-0.7175122287,0,0
0,0,-0.05714661201,0.1460461085,2,0
0,0,-0.131036979,-0.7389036697,2,0
0,0,-0.3134858749,-1.824488959,2,0
0,0,-0.6197845978,-3.062987228,1,0
0,0,-1.000470458,-3.806858603,2,0
0,0,-1.536848061,-5.363776033,0,-1
1,1,-2.215805225,-6.789571638
0,0,0,0,2,0
0,0,-0.09675736655,-0.9675736655,2,0
0,0,-0.2932107352,-1.964533687,2,0
0,0,-0.6060015973,-3.127908621,1,0
0,0,-0.992074748,-3.860731507,0,0
0,0,-1.45360639,-4.615316423,2,-1
1,1,-2.065331877,-6.117254871
0,0,0,0,0,0
0,0,0.08847703581,0.8847703581,1,0
0,0,0.1881930861,0.9971605024,1,0
0,0,0.3315922947,1.433992087,0,0
0,0,0.6139076296,2.823153349,2,0
0,0,0.9040979012,2.901902717,1,0
0,0,1.313180604,4.090827029,2,-1
1,1,1.840426344,5.272457399
0,0,0,0,2,0
0,0,-0.1026378041,-1.026378041,2,0
0,0,-0.3244879452,-2.218501411,1,0
0,0,-0.5850754552,-2.6058751,0,0
0,0,-0.8688383381,-2.837628829,2,0
0,0,-1.317605201,-4.487668626,2,-1
1,1,-1.921988884,-6.043836831
0,0,0,0,1,0
0,0,0.01155684363,0.1155684363,1,0
0,0,0.02032637609,0.08769532453,1,0
0,0,0.0243117732,0.03985397114,0,0
0,0,0.1317814083,1.074696351,1,0
0,0,0.2495944047,1.178129964,2,0
0,0,0.3140508518,0.6445644713,2,0
0,0,0.3561733808,0.4212252892,0,0
0,0,0.5442550087,1.880816279,2,0
0,0,0.74123239,1.969773814,1,0
0,0,1.044896366,3.036639757,2,0
0,0,1.430437378,3.855410122,1,-1
1,1,1.958885431,5.28448053
0,0,0,0,2,0
0,0,-0.0825682298,-0.825682298,0,0
0,0,-0.1006379351,-0.1806970531,2,0
0,0,-0.2264892149,-1.258512798,1,0
0,0,-0.374049484,-1.475602691,0,0
0,0,-0.5050098066,-1.309603226,1,0
0,0,-0.7191401174,-2.141303108,2,0
0,0,-1.1012596,-3.82119483,1,-1
1,1,-1.611086951,-5.098273501
0,0,0,0,1,0
0,0,-0.01148706672,-0.1148706672,2,0
0,0,-0.1086293531,-0.9714228638,0,0
0,0,-0.1428677101,-0.3423835704,1,0
0,0,-0.2124864672,-0.6961875706,0,0
0,0,-0.2423063013,-0.2981983414,1,0
0,0,-0.3120241503,-0.6971784896,1,0
0,0,-0.4387682517,-1.267441014,0,0
0,0,-0.5604524061,-1.216841544,2,0
0,0,-0.8539227426,-2.934703365,1,0
0,0,-1.26315394,-4.092311978,0,-1
1,1,-1.787820364,-5.246664231
0,0,0,0,1,0
0,0,0.0004929699733,0.004929699733,2,0
0,0,-0.09509892957,-0.9559189955,2,0
0,0,-0.2782389875,-1.831400579,2,0
0,0,-0.6049570226,-3.267180351,1,0
0,0,-1.004142105,-3.99185082,2,0
0,0,-1.566161289,-5.620191843,2,-1
1,1,-2.275274421,-7.091131326
0,0,0,0,0,0
0,0,0.08905266088,0.8905266088,2,0
0,0,0.1143977834,0.2534512255,2,0
0,0,0.08418160328,-0.3021618015,1,0
0,0,0.07088809543,-0.1329350786,0,0
0,0,0.1710575699,1.001694745,2,0
0,0,0.2270631724,0.5600560254,0,0
0,0,0.4172313867,1.901682143,0,0
0,0,0.7606252277,3.43393841,0,0
0,0,1.265930101,5.053048731,0,-1
1,1,1.925779942,6.598498406
0,0,0,0,1,0
0,0,0.008505288329,0.08505288329,2,0
0,0,-0.06503347083,-0.7353875916,0,0
0,0,-0.0787755959,-0.1374212507,2,0
0,0,-0.2039116095,-1.251360136,1,0
0,0,-0.3662036088,-1.622919993,1,0
0,0,-0.5937207224,-2.275171136,0,0
0,0,-0.8495486784,-2.55827956,2,0
0,0,-1.280195472,-4.306467933,0,-1
1,1,-1.828250885,-5.48055413
0,0,0,0,1,0
0,0,0.01199993697,0.1199993697,0,0
0,0,0.116090996,1.04091059,0,0
0,0,0.3188641979,2.02773202,2,0
0,0,0.5066506432,1.877864452,1,0
0,0,0.7785903274,2.719396843,0,0
0,0,1.216432326,4.378419986,2,-1
1,1,1.757678457,5.412461308
0,0,0,0,0,0
0,0,0.09304646074,0.9304646074,1,0
0,0,0.1879556784,0.9490921769,1,0
0,0,0.3201030873,1.321474088,0,0
0,0,0.6010471145,2.809440273,0,0
0,0,1.043784783,4.427376688,1,-1
1,1,1.609298711,5.655139273
0,0,0,0,2,0
0,0,-0.09303950667,-0.9303950667,1,0
0,0,-0.1987009135,-1.056614068,1,0
0,0,-0.3334028566,-1.347019431,1,0
0,0,-0.5387859485,-2.05383092,0,0
0,0,-0.7597588038,-2.209728552,2,0
0,0,-1.157384549,-3.976257452,2,-1
1,1,-1.713443184,-5.560586346
0,0,0,0,1,0
0,0,0.01564688556,0.1564688556,1,0
0,0,0.03316333271,0.1751644714,1,0
0,0,0.06261516549,0.2945183279,2,0
0,0,0.0262378433,-0.3637732219,0,0
0,0,0.09392844111,0.6769059781,0,0
0,0,0.2595244411,1.65596,0,0
0,0,0.5686958056,3.091713646,1,0
0,0,0.9563778687,3.87682063,2,0
0,0,1.414226189,4.578483205,1,-1
1,1,2.01396873,5.997425411
0,0,0,0,2,0
0,0,-0.08197366417,-0.8197366417,0,0
0,0,-0.09726137832,-0.1528771415,2,0
0,0,-0.2269136781,-1.296522998,2,0
0,0,-0.4652798371,-2.38366159,0,0
0,0,-0.6905594999,-2.252796627,1,0
0,0,-1.006814239,-3.162547396,2,0
0,0,-1.484883446,-4.780692067,0,-1
1,1,-2.099300295,-6.144168485
0,0,0,0,2,0
0,0,-0.09542962529,-0.9542962529,1,0
0,0,-0.2051526496,-1.097230243,1,0
0,0,-0.342936267,-1.377836173,2,0
0,0,-0.6216024014,-2.786661344,0,0
0,0,-0.9186163355,-2.970139341,0,0
0,0,-1.284101256,-3.654849201,2,-1
1,1,-1.812204156,-5.281029004
0,0,0,0,2,0
0,0,-0.07127460937,-0.7127460937,1,0
0,0,-0.1464703788,-0.7519576943,2,0
0,0,-0.3443701201,-1.978997413,2,0
0,0,-0.6767238129,-3.323536928,0,0
0,0,-1.033390635,-3.566668226,2,0
0,0,-1.55071323,-5.173225941,2,-1
1,1,-2.215971505,-6.652582753
0,0,0,0,0,0
0,0,0.08914280478,0.8914280478,1,0
0,0,0.1894169997,1.00274195,0,0
0,0,0.3959177468,2.06500747,0,0
0,0,0.7406211833,3.447034365,0,0
0,0,1.245907337,5.05286154,0,-1
1,1,1.909679745,6.637724081
0,0,0,0,0,0
0,0,0.1027604858,1.027604858,0,0
0,0,0.2934328148,1.90672329,0,0
0,0,0.6228705196,3.294377048,0,0
0,0,1.098770055,4.758995355,2,-1
1,1,1.666173662,5.67403607
0,0,0,0,0,0
0,0,0.08203472973,0.8203472973,2,0
0,0,0.0884653681,0.06430638367,2,0
0,0,0.03786648207,-0.5059888603,1,0
0,0,-0.008032502407,-0.4589898447,2,0
0,0,-0.1298907853,-1.218582829,1,0
0,0,-0.2748493669,-1.449585817,0,0
0,0,-0.3814843841,-1.066350172,0,0
0,0,-0.4734543297,-0.9196994555,0,0
0,0,-0.5628003139,-0.8934598424,0,0
0,0,-0.6625900296,-0.9978971566,1,0
0,0,-0.8553846863,-1.927946567,2,0
0,0,-1.214524553,-3.591398666,1,-1
1,1,-1.706589206,-4.920646528
0,0,0,0,0,0
0,0,0.08502960579,0.8502960579,1,0
0,0,0.1797284881,0.9469888236,0,0
0,0,0.39028292,2.105544318,1,0
0,0,0.6611302237,2.708473037,2,0
0,0,0.9657632667,3.04633043,0,0
0,0,1.430591851,4.648285843,0,-1
1,1,2.048695362,6.181035109
0,0,0,0,2,0
0,0,-0.0916592862,-0.916592862,1,0
0,0,-0.1909003599,-0.992410737,0,0
0,0,-0.2450526603,-0.5415230037,1,0
0,0,-0.336103607,-0.910509467,2,0
0,0,-0.5482816982,-2.121780913,1,0
0,0,-0.8289773811,-2.806956828,1,0
0,0,-1.220323413,-3.913460315,2,-1
1,1,-1.775578424,-5.552550117
0,0,0,0,1,0
0,0,0.01201890475,0.1201890475,2,0
0,0,-0.0661200297,-0.7813893445,2,0
0,0,-0.2461491962,-1.800291665,0,0
0,0,-0.3655520866,-1.194028904,1,0
0,0,-0.5602959279,-1.947438413,2,0
0,0,-0.915222334,-3.549264061,1,0
0,0,-1.388707863,-4.734855286,0,-1
1,1,-1.989013167,-6.003053043
0,0,0,0,2,0
0,0,-0.1045294146,-1.045294146,2,0
0,0,-0.3160825996,-2.11553185,0,0
0,0,-0.5120892847,-1.960066851,0,0
0,0,-0.705838586,-1.937493013,2,0
0,0,-1.06573901,-3.599004244,0,0
0,0,-1.505619365,-4.398803549,1,-1
1,1,-2.08948183,-5.838624645
0,0,0,0,2,0
0,0,-0.08214015339,-0.8214015339,2,0
0,0,-0.2830399541,-2.008998007,2,0
0,0,-0.5980936227,-3.150536686,2,0
0,0,-1.064939043,-4.668454204,1,-1
1,1,-1.645553856,-5.806148128
0,0,0,0,1,0
0,0,0.0168175694,0.168175694,1,0
0,0,0.03322755774,0.1640998834,1,0
0,0,0.05886588846,0.2563833072,2,0
0,0,0.002325242744,-0.5654064571,2,0
0,0,-0.1534149352,-1.557401779,2,0
0,0,-0.4387078814,-2.852929462,1,0
0,0,-0.7969229005,-3.582150191,0,0
0,0,-1.212178724,-4.152558234,2,-1
1,1,-1.784860892,-5.726821681
0,0,0,0,1,0
0,0,-0.01732777639,-0.1732777639,1,0
0,0,-0.02806870624,-0.1074092985,0,0
0,0,0.05070673131,0.7877543755,1,0
0,0,0.1382879191,0.8758118783,0,0
0,0,0.3285513263,1.902634072,1,0
0,0,0.559711505,2.311601786,2,0
0,0,0.8096023855,2.498908805,1,0
0,0,1.161713093,3.521107079,1,-1
1,1,1.640866274,4.791531803
0,0,0,0,2,0
0,0,-0.0928125824,-0.928125824,1,0
0,0,-0.214586306,-1.217737236,0,0
0,0,-0.2799248953,-0.6533858928,0,0
0,0,-0.3013707815,-0.2144588615,0,0
0,0,-0.2826981083,0.1867267313,2,0
0,0,-0.407745014,-1.250469057,0,0
0,0,-0.5097352119,-1.019901979,2,0
0,0,-0.7727123238,-2.629771119,0,0
0,0,-1.089066809,-3.163544848,1,0
0,0,-1.526997708,-4.379308993,2,-1
1,1,-2.113819832,-5.868221245
0,0,0,0,2,0
0,0,-0.07453281443,-0.7453281443,1,0
0,0,-0.1541659506,-0.7963313612,0,0
0,0,-0.1669431712,-0.1277722061,0,0
0,0,-0.1347006543,0.3224251686,0,0
0,0,-0.05505851032,0.7964214398,1,0
0,0,0.006963595814,0.6202210614,1,0
0,0,0.0637363065,0.5677271069,0,0
0,0,0.2350369891,1.713006826,0,0
0,0,0.5435491483,3.085121592,1,0
0,0,0.9251324789,3.815833306,2,0
0,0,1.381250581,4.561181021,2,-1
1,1,1.963815749,5.825651684
0,0,0,0,2,0
0,0,-0.09358880276,-0.9358880276,0,0
0,0,-0.1056788822,-0.1209007948,0,0
0,0,-0.06449496792,0.4118391431,2,0
0,0,-0.1288960493,-0.6440108141,2,0
0,0,-0.3095867419,-1.806906926,2,0
0,0,-0.6122224633,-3.026357213,0,0
0,0,-0.9415577109,-3.293352476,2,0
0,0,-1.438310518,-4.96752807,0,-1
1,1,-2.06798563,-6.296751122
0,0,0,0,1,0
0,0,-0.01337955926,-0.1337955926,2,0
0,0,-0.1249756024,-1.115960431,0,0
0,0,-0.1646892945,-0.3971369212,2,0
0,0,-0.3338585147,-1.691692202,2,0
0,0,-0.6451291294,-3.112706147,1,0
0,0,-1.054561307,-4.094321781,0,0
0,0,-1.549389769,-4.948284613,1,-1
1,1,-2.190305755,-6.409159864
0,0,0,0,2,0
0,0,-0.09169134816,-0.9169134816,1,0
0,0,-0.2017386511,-1.100473029,1,0
0,0,-0.3553555927,-1.536169416,2,0
0,0,-0.6533186108,-2.979630181,1,0
0,0,-1.031528476,-3.782098655,0,0
0,0,-1.48361526,-4.520867842,0,-1
1,1,-2.073060784,-5.894455239
0,0,0,0,1,0
0,0,-0.01117383104,-0.1117383104,2,0
0,0,-0.1250456987,-1.138718677,0,0
0,0,-0.1846103106,-0.5956461192,2,0
0,0,-0.3781283421,-1.935180315,1,0
0,0,-0.6467169305,-2.685885884,2,0
0,0,-1.069896476,-4.231795458,0,-1
1,1,-1.571548641,-5.016521647
0,0,0,0,0,0
0,0,0.1004004992,1.004004992,0,0
0,0,0.3137824093,2.1338191,1,0
0,0,0.5623421061,2.485596969,0,0
0,0,0.9650186662,4.026765601,0,0
0,0,1.519983405,5.549647392,1,-1
1,1,2.219405339,6.99421934
0,0,0,0,2,0
0,0,-0.09159636286,-0.9159636286,2,0
0,0,-0.2823150718,-1.907187089,1,0
0,0,-0.5055901782,-2.232751064,2,0
0,0,-0.875052361,-3.694621828,2,0
0,0,-1.412451726,-5.373993653,2,-1
1,1,-2.100065611,-6.876138848
0,0,0,0,2,0
0,0,-0.09600572075,-0.9600572075,1,0
0,0,-0.2175824216,-1.215767008,0,0
0,0,-0.2791545618,-0.6157214018,0,0
0,0,-0.2910807599,-0.1192619815,2,0
0,0,-0.437233292,-1.461525321,2,0
0,0,-0.7154543667,-2.782210747,1,0
0,0,-1.105069443,-3.896150763,2,-1
1,1,-1.654952646,-5.498832032
0,0,0,0,1,0
0,0,-0.01429815977,-0.1429815977,1,0
0,0,-0.02231284585,-0.08014686079,2,0
0,0,-0.1095705202,-0.8725767438,1,0
0,0,-0.2167774555,-1.072069353,1,0
0,0,-0.3457706886,-1.289932331,0,0
0,0,-0.4383943413,-0.9262365269,0,0
0,0,-0.5148967816,-0.7650244025,2,0
0,0,-0.7536056381,-2.387088566,2,0
0,0,-1.15232561,-3.987199715,2,-1
1,1,-1.712083232,-5.597576225
0,0,0,0,1,0
0,0,-0.01204354502,-0.1204354502,1,0
0,0,-0.01559706798,-0.03553522967,2,0
0,0,-0.1161862723,-1.005892043,1,0
0,0,-0.2276105463,-1.11424274,2,0
0,0,-0.4725496191,-2.449390728,1,0
0,0,-0.7905518385,-3.180022194,2,0
0,0,-1.273391568,-4.82839729,1,-1
1,1,-1.884628008,-6.112364409
0,0,0,0,2,0
0,0,-0.07134075889,-0.7134075889,0,0
0,0,-0.08167754338,-0.103367845,1,0
0,0,-0.09283923575,-0.1116169237,0,0
0,0,-0.02960379134,0.6323544441,2,0
0,0,-0.05476678836,-0.2516299701,1,0
0,0,-0.07779421918,-0.2302743083,2,0
0,0,-0.1901738896,-1.123796704,0,0
0,0,-0.2394907968,-0.4931690724,1,0
0,0,-0.3417059169,-1.022151201,1,0
0,0,-0.4989848518,-1.572789349,0,0
0,0,-0.6621464111,-1.631615593,0,0
0,0,-0.8506856069,-1.885391957,0,0
0,0,-1.108296898,-2.576112915,1,0
0,0,-1.491337708,-3.830408097,0,-1
1,1,-2.013563464,-5.222257557
0,0,0,0,1,0
0,0,0.009257878591,0.09257878591,1,0
0,0,0.03362077579,0.243628972,0,0
0,0,0.161863511,1.282427352,2,0
0,0,0.2231134933,0.6124998227,2,0
0,0,0.2530877445,0.2997425126,0,0
0,0,0.420996964,1.679092195,2,0
0,0,0.5805889056,1.595919416,1,0
0,0,0.8343017819,2.537128764,0,0
0,0,1.260436567,4.261347846,1,-1
1,1,1.816520031,5.56083464
0,0,0,0,1,0
0,0,0.006062653193,0.06062653193,1,0
0,0,0.005420511391,-0.006421418024,0,0
0,0,0.07999385065,0.7457333926,1,0
0,0,0.175700483,0.9570663235,1,0
0,0,0.3049118111,1.292113281,0,0
0,0,0.580019678,2.75107867,1,0
0,0,0.9392040371,3.59184359,0,0
0,0,1.467140365,5.279363277,2,-1
1,1,2.128780895,6.616405303
0,0,0,0,0,0
0,0,0.09630382729,0.9630382729,2,0
0,0,0.115206283,0.1890245567,2,0
0,0,0.06918041845,-0.4602586451,0,0
0,0,0.1378931564,0.6871273791,1,0
0,0,0.2188452641,0.8095210777,2,0
0,0,0.2638452819,0.4500001777,0,0
0,0,0.4320598668,1.682145849,2,0
0,0,0.5988347388,1.667748721,2,0
0,0,0.7769493345,1.781145957,2,0
0,0,0.9969001887,2.199508541,1,0
0,0,1.347541202,3.50641013,1,-1
1,1,1.841609719,4.940685173
0,0,0,0,2,0
0,0,-0.09675566622,-0.9675566622,2,0
0,0,-0.3008472977,-2.040916315,1,0
0,0,-0.5651575078,-2.643102101,1,0
0,0,-0.9235205851,-3.583630772,2,0
0,0,-1.439531513,-5.160109276,0,-1
1,1,-2.08844499,-6.489134777
0,0,0,0,0,0
0,0,0.07681767627,0.7681767627,2,0
0,0,0.09304159098,0.162239147,2,0
0,0,0.0219876234,-0.7105396758,1,0
0,0,-0.0472003501,-0.691879735,1,0
0,0,-0.1336727447,-0.8647239459,1,0
0,0,-0.2338538257,-1.00181081,0,0
0,0,-0.2773003795,-0.4344655385,0,0
0,0,-0.2994593205,-0.2215894103,0,0
0,0,-0.3037820519,-0.04322731411,2,0
0,0,-0.4548325957,-1.510505437,1,0
0,0,-0.6778545639,-2.230219682,2,0
0,0,-1.06318222,-3.853276558,0,0
0,0,-1.528567662,-4.653854427,2,-1
1,1,-2.142632758,-6.140650958
0,0,0,0,1,0
0,0,0.002059372186,0.02059372186,2,0
0,0,-0.07380129298,-0.7586066516,2,0
0,0,-0.2510238817,-1.772225888,1,0
0,0,-0.4638303888,-2.12806507,2,0
0,0,-0.813607315,-3.497769262,2,0
0,0,-1.317420033,-5.038127176,2,-1
1,1,-1.977962935,-6.605429022
0,0,0,0,1,0
0,0,-0.003101400272,-0.03101400272,0,0
0,0,0.08005127362,0.8315267389,0,0
0,0,0.2621957672,1.821444936,2,0
0,0,0.4027768506,1.405810834,2,0
0,0,0.5445130048,1.417361542,2,0
0,0,0.6850709548,1.4055795,1,0
0,0,0.9249999179,2.399289632,2,0
0,0,1.23622866,3.112287423,0,-1
1,1,1.712670245,4.76441585
0,0,0,0,1,0
0,0,-0.0001972390629,-0.001972390629,0,0
0,0,0.07453704907,0.7473428813,2,0
0,0,0.05952234553,-0.1501470353,1,0
0,0,0.07105254935,0.1153020382,0,0
0,0,0.1923047076,1.212521582,1,0
0,0,0.3535855495,1.61280842,2,0
0,0,0.4804273298,1.268417803,0,0
0,0,0.7507012169,2.702738871,2,0
0,0,1.056776879,3.060756616,0,0
0,0,1.533560617,4.767837387,2,-1
1,1,2.153374808,6.198141909
0,0,0,0,2,0
0,0,-0.0853685136,-0.853685136,0,0
0,0,-0.08895189171,-0.03583378106,0,0
0,0,-0.0334234178,0.5552847391,1,0
0,0,0.02796692468,0.6139034248,1,0
0,0,0.1117874882,0.8382056355,1,0
0,0,0.2104157769,0.9862828866,1,0
0,0,0.3579968286,1.475810517,2,0
0,0,0.4945518094,1.365549808,2,0
0,0,0.6312666223,1.36714813,2,0
0,0,0.7997329073,1.68466285,2,0
0,0,1.025419306,2.256863987,0,0
0,0,1.423799415,3.983801089,2,-1
1,1,1.952374582,5.285751676
0,0,0,0,2,0
0,0,-0.07100193962,-0.7100193962,2,0
0,0,-0.2591151318,-1.881131922,1,0
0,0,-0.4798871733,-2.207720415,0,0
0,0,-0.6994792638,-2.195920905,2,0
0,0,-1.084936742,-3.854574782,1,-1
1,1,-1.593233644,-5.082969024
0,0,0,0,0,0
0,0,0.09610236106,0.9610236106,1,0
0,0,0.2017442898,1.056419287,1,0
0,0,0.3568592967,1.551150069,0,0
0,0,0.6421701204,2.853108237,1,0
0,0,1.01682661,3.746564892,1,0
0,0,1.509112251,4.922856417,0,-1
1,1,2.151443129,6.42330878
0,0,0,0,2,0
0,0,-0.102300906,-1.02300906,1,0
0,0,-0.21867677,-1.16375864,1,0
0,0,-0.3611544342,-1.424776642,0,0
0,0,-0.4714796862,-1.103252521,1,0
0,0,-0.6477976802,-1.763179939,1,0
0,0,-0.9247188176,-2.769211374,1,0
0,0,-1.312481046,-3.877622286,0,-1
1,1,-1.817850832,-5.053697856
0,0,0,0,1,0
0,0,0.00946595501,0.0946595501,1,0
0,0,0.01293230459,0.03466349582,1,0
0,0,0.002110778105,-0.1082152649,2,0
0,0,-0.08869424617,-0.9080502428,2,0
0,0,-0.2791965711,-1.905023249,0,0
0,0,-0.4204516286,-1.412550575,1,0
0,0,-0.6413806933,-2.209290647,2,0
0,0,-1.027649076,-3.862683825,2,0
0,0,-1.567128748,-5.394796719,0,-1
1,1,-2.253197394,-6.860686466
0,0,0,0,0,0
0,0,0.1018861488,1.018861488,0,0
0,0,0.3193088575,2.174227087,1,0
0,0,0.6028123226,2.835034651,2,0
0,0,0.8952418895,2.924295668,0,0
0,0,1.350712205,4.554703153,0,-1
1,1,1.958235905,6.075236999
0,0,0,0,2,0
0,0,-0.09306205299,-0.9306205299,2,0
0,0,-0.2855023987,-1.924403457,0,0
0,0,-0.4383863007,-1.52883902,1,0
0,0,-0.6495026153,-2.111163145,0,0
0,0,-0.892539181,-2.430365657,2,0
0,0,-1.292915896,-4.003767145,1,-1
1,1,-1.826271987,-5.333560912
0,0,0,0,2,0
0,0,-0.08250105453,-0.8250105453,0,0
0,0,-0.09366280415,-0.1116174962,2,0
0,0,-0.1998157943,-1.061529901,0,0
0,0,-0.253354033,-0.5353823865,1,0
0,0,-0.3557572996,-1.024032666,1,0
0,0,-0.5204157135,-1.646584139,2,0
0,0,-0.8424755729,-3.220598594,1,0
0,0,-1.276522473,-4.340469004,0,-1
1,1,-1.821728848,-5.452063744
0,0,0,0,2,0
0,0,-0.07683397314,-0.7683397314,0,0
0,0,-0.08068822569,-0.03854252551,0,0
0,0,-0.01355253621,0.6713568948,2,0
0,0,-0.05220929689,-0.3865676068,0,0
0,0,-0.01269130659,0.3951799029,1,0
0,0,0.0125102271,0.252015337,1,0
0,0,0.02837553201,0.1586530491,2,0
0,0,-0.03794286155,-0.6631839356,1,0
0,0,-0.1045527644,-0.6660990286,1,0
0,0,-0.1759286482,-0.7137588381,1,0
0,0,-0.2661594531,-0.9023080486,2,0
0,0,-0.4796116374,-2.134521843,1,0
0,0,-0.7615098202,-2.818981827,2,0
0,0,-1.19899756,-4.374877402,1,-1
1,1,-1.770515642,-5.715180815
0,0,0,0,0,0
0,0,0.07916725696,0.7916725696,2,0
0,0,0.06936333971,-0.09803917241,1,0
0,0,0.07400841239,0.04645072673,2,0
0,0,0.002152582116,-0.7185583027,0,0
0,0,0.01128189584,0.09129313723,1,0
0,0,0.02121523723,0.09933341389,1,0
0,0,0.03438638527,0.1317114804,0,0
0,0,0.1469073988,1.125210135,0,0
0,0,0.3842589316,2.373515328,2,0
0,0,0.6067425421,2.224836105,1,0
0,0,0.9095394677,3.027969256,0,0
0,0,1.377503385,4.67963917,0,-1
1,1,1.995979166,6.184757809
0,0,0,0,2,0
0,0,-0.08747255238,-0.8747255238,0,0
0,0,-0.1053086413,-0.1783608895,1,0
0,0,-0.1432279793,-0.3791933797,2,0
0,0,-0.2932812837,-1.500533044,0,0
0,0,-0.4126661138,-1.193848301,2,0
0,0,-0.6786669789,-2.660008651,1,0
0,0,-1.03199054,-3.533235612,1,0
0,0,-1.515413791,-4.83423251,1,-1
1,1,-2.14351155,-6.280977585
0,0,0,0,1,0
0,0,-0.002096811526,-0.02096811526,1,0
0,0,-0.01474982413,-0.126530126,2,0
0,0,-0.1331499058,-1.184000817,1,0
0,0,-0.2582630706,-1.251131648,1,0
0,0,-0.4358110722,-1.775480015,0,0
0,0,-0.6103704055,-1.745593333,1,0
0,0,-0.8816623028,-2.712918974,2,0
0,0,-1.317601259,-4.359389561,0,-1
1,1,-1.868774639,-5.511733802
0,0,0,0,2,0
0,0,-0.08477301784,-0.8477301784,1,0
0,0,-0.1694436655,-0.8467064766,1,0
0,0,-0.2795466561,-1.101029906,1,0
0,0,-0.4388555317,-1.593088756,1,0
0,0,-0.6827417592,-2.438862275,1,0
0,0,-1.025515098,-3.427733387,0,0
0,0,-1.455483359,-4.299682613,2,-1
1,1,-2.038413685,-5.829303259
0,0,0,0,2,0
0,0,-0.08651870388,-0.8651870388,1,0
0,0,-0.1912459318,-1.047272279,2,0
0,0,-0.4248886653,-2.336427335,0,0
0,0,-0.6399301953,-2.1504153,2,0
0,0,-1.001772941,-3.618427455,1,0
0,0,-1.475755853,-4.739829123,2,-1
1,1,-2.099949589,-6.241937359
