2,1,1
0,0,0,0,2,0
0,0,-0.08319106831,-0.8319106831,1,0
0,0,-0.1877845176,-1.045934493,0,0
0,0,-0.2228405096,-0.35055992,1,0
0,0,-0.2979157558,-0.7507524621,0,0
0,0,-0.3284132616,-0.304975058,1,0
0,0,-0.4207719337,-0.9235867206,1,0
0,0,-0.5679943187,-1.472223851,0,0
0,0,-0.7180766326,-1.500823139,2,0
0,0,-1.045136647,-3.270600144,0,0
0,0,-1.451406727,-4.062700799,2,-1
1,1,-2.008846576,-5.574398488
0,0,0,0,0,0
0,0,0.07534087725,0.7534087725,2,0
0,0,0.08916114413,0.1382026689,1,0
0,0,0.1015322155,0.1237107133,2,0
0,0,0.05388963911,-0.4764257635,0,0
0,0,0.1150659711,0.6117633194,2,0
0,0,0.1058885038,-0.09177467299,1,0
0,0,0.102235604,-0.0365289972,0,0
0,0,0.2054051432,1.031695392,0,0
0,0,0.4340188712,2.28613728,2,0
0,0,0.6367491216,2.027302504,1,0
0,0,0.9386486588,3.018995372,1,0
0,0,1.364140896,4.254922372,1,-1
1,1,1.929059805,5.649189092
0,0,0,0,2,0
0,0,-0.08743649007,-0.8743649007,0,0
0,0,-0.1017875874,-0.1435109736,2,0
0,0,-0.2071529554,-1.05365368,0,0
0,0,-0.2518114323,-0.446584769,0,0
0,0,-0.2644564234,-0.1264499103,1,0
0,0,-0.334378268,-0.6992184466,0,0
0,0,-0.3724061143,-0.3802784631,2,0
0,0,-0.5610302034,-1.88624089,2,0
0,0,-0.8937542733,-3.327240699,2,0
0,0,-1.384317244,-4.905629702,0,-1
1,1,-2.00177435,-6.174571068
0,0,0,0,0,0
0,0,0.09392474388,0.9392474388,0,0
0,0,0.2884980386,1.945732947,1,0
0,0,0.5398212376,2.51323199,1,0
0,0,0.8613510198,3.215297821,2,0
0,0,1.23699962,3.756486005,1,-1
1,1,1.751931517,5.14931897
0,0,0,0,0,0
0,0,0.09452718788,0.9452718788,0,0
0,0,0.3081524747,2.136252868,0,0
0,0,0.6501390616,3.419865869,2,0
0,0,1.026453532,3.763144709,0,-1
1,1,1.571640574,5.451870411
0,0,0,0,1,0
0,0,-0.01051605605,-0.1051605605,0,0
0,0,0.05988801923,0.7040407527,0,0
0,0,0.2315504453,1.716624261,0,0
0,0,0.542485092,3.109346466,1,0
0,0,0.9275312362,3.850461442,2,0
0,0,1.37113513,4.436038935,2,-1
1,1,1.937671841,5.665367116
0,0,0,0,2,0
0,0,-0.1001029037,-1.001029037,0,0
0,0,-0.1218457776,-0.2174287389,1,0
0,0,-0.1720630825,-0.5021730489,0,0
0,0,-0.1585100774,0.1355300509,0,0
0,0,-0.07409557835,0.8441449904,1,0
0,0,-0.005153053051,0.689425253,0,0
0,0,0.1532001239,1.583531769,2,0
0,0,0.2573748868,1.041747629,0,0
0,0,0.4783259993,2.209511126,2,0
0,0,0.687327549,2.090015497,2,0
0,0,0.9411939962,2.538664472,0,0
0,0,1.368804923,4.276109266,2,-1
1,1,1.922136209,5.533312866
0,0,0,0,0,0
0,0,0.09648011146,0.9648011146,1,0
0,0,0.2148639002,1.183837888,2,0
0,0,0.2992532933,0.8438939313,2,0
0,0,0.3460468331,0.4679353974,2,0
0,0,0.3801232863,0.3407645326,0,0
0,0,0.560809188,1.806859017,2,0
0,0,0.7445138089,1.837046209,2,0
0,0,0.98416329,2.396494811,1,0
0,0,1.355184972,3.710216825,2,-1
1,1,1.853292388,4.981074155
0,0,0,0,1,0
0,0,-0.01082872549,-0.1082872549,1,0
0,0,-0.03879877185,-0.2797004636,2,0
0,0,-0.1656752083,-1.268764364,2,0
0,0,-0.3938699946,-2.281947863,2,0
0,0,-0.7559147512,-3.620447566,0,0
0,0,-1.161596736,-4.05681985,2,-1
1,1,-1.725363142,-5.637664061
0,0,0,0,2,0
0,0,-0.07220584326,-0.7220584326,2,0
0,0,-0.2477997198,-1.755938765,2,0
0,0,-0.5607485657,-3.129488459,1,0
0,0,-0.9579088127,-3.97160247,2,0
0,0,-1.516173121,-5.582643085,2,-1
1,1,-2.223453907,-7.07280786
0,0,0,0,1,0
0,0,0.01363138497,0.1363138497,0,0
0,0,0.1116233099,0.979919249,0,0
0,0,0.3304267605,2.188034506,1,0
0,0,0.6025497534,2.721229929,2,0
0,0,0.8973892426,2.948394892,0,0
0,0,1.354848256,4.574590134,0,-1
1,1,1.967381534,6.125332778
0,0,0,0,1,0
0,0,0.01287402573,0.1287402573,1,0
0,0,0.04555027668,0.3267625095,2,0
0,0,0.01519620023,-0.3035407645,0,0
0,0,0.07030739756,0.5511119733,1,0
0,0,0.1384618577,0.6815446012,2,0
0,0,0.1483748034,0.0991294568,0,0
0,0,0.2877745125,1.393997092,0,0
0,0,0.5572465192,2.694720066,2,0
0,0,0.8333247424,2.760782232,0,0
0,0,1.28386201,4.505372672,1,-1
1,1,1.867107126,5.832451166
0,0,0,0,0,0
0,0,0.08094601014,0.8094601014,0,0
0,0,0.2591996716,1.782536615,1,0
0,0,0.4720935081,2.128938365,1,0
0,0,0.7674487863,2.953552783,2,0
0,0,1.105449906,3.380011199,0,-1
1,1,1.601742145,4.96292239
0,0,0,0,1,0
0,0,-0.007264946275,-0.07264946275,2,0
0,0,-0.107970636,-1.007056897,2,0
0,0,-0.3081747823,-2.002041463,0,0
0,0,-0.4649014158,-1.567266336,2,0
0,0,-0.764880253,-2.999788372,2,0
0,0,-1.234554685,-4.696744324,1,-1
1,1,-1.83771033,-6.031556447
0,0,0,0,1,0
0,0,-0.003397187904,-0.03397187904,1,0
0,0,-0.01617029556,-0.1277310766,0,0
0,0,0.05477448619,0.7094478176,0,0
0,0,0.2378139587,1.830394725,0,0
0,0,0.5542974247,3.164834661,2,0
0,0,0.8671253142,3.128278895,0,0
0,0,1.347473999,4.803486852,0,-1
1,1,1.978879329,6.314053295
0,0,0,0,1,0
0,0,-0.008261053032,-0.08261053032,1,0
0,0,-0.01737644031,-0.09115387277,2,0
0,0,-0.1259682182,-1.085917779,1,0
0,0,-0.2468167079,-1.208484898,2,0
0,0,-0.4843107803,-2.374940723,2,0
0,0,-0.8710769781,-3.867661979,1,0
0,0,-1.355901372,-4.848243935,0,-1
1,1,-1.962376545,-6.064751732
0,0,0,0,1,0
0,0,-0.01250100612,-0.1250100612,0,0
0,0,0.06769910544,0.8020011156,0,0
0,0,0.2642428087,1.965437032,2,0
0,0,0.4070731298,1.428303211,1,0
0,0,0.6113513231,2.042781934,2,0
0,0,0.8283972582,2.17045935,2,0
0,0,1.11001514,2.816178815,0,0
0,0,1.55659494,4.465797999,0,-1
1,1,2.150951237,5.943562979
0,0,0,0,1,0
0,0,-0.00507850753,-0.0507850753,1,0
0,0,-0.005615289575,-0.005367820457,1,0
0,0,0.002382528602,0.07997818178,0,0
0,0,0.1121635563,1.097810277,2,0
0,0,0.1552499082,0.4308635194,0,0
0,0,0.3198877666,1.646378583,0,0
0,0,0.6306028935,3.107151269,1,0
0,0,1.0309515,4.003486061,0,-1
1,1,1.596211424,5.652599249
0,0,0,0,2,0
0,0,-0.08986542621,-0.8986542621,0,0
0,0,-0.09679217511,-0.06926748902,2,0
0,0,-0.2052702325,-1.084780574,0,0
0,0,-0.2625339264,-0.5726369383,2,0
0,0,-0.463803428,-2.012695017,2,0
0,0,-0.8254250961,-3.61621668,1,0
0,0,-1.282311102,-4.568860061,0,-1
1,1,-1.849620599,-5.673094969
0,0,0,0,0,0
0,0,0.08476278083,0.8476278083,0,0
0,0,0.2752166795,1.904538987,0,0
0,0,0.6041834089,3.289667294,2,0
0,0,0.9603409892,3.561575803,0,0
0,0,1.472991683,5.126506933,0,-1
1,1,2.136217495,6.632258122
0,0,0,0,2,0
0,0,-0.07762914777,-0.7762914777,2,0
0,0,-0.2456021527,-1.679730049,0,0
0,0,-0.3609678556,-1.153657029,1,0
0,0,-0.5483496054,-1.873817498,2,0
0,0,-0.8922929241,-3.439433187,2,0
0,0,-1.389595467,-4.973025429,1,-1
1,1,-2.023261347,-6.336658801
0,0,0,0,2,0
0,0,-0.07804524392,-0.7804524392,0,0
0,0,-0.08571786046,-0.07672616532,1,0
0,0,-0.1245479337,-0.3883007323,2,0
0,0,-0.2715594986,-1.470115649,0,0
0,0,-0.3666858866,-0.9512638804,1,0
0,0,-0.5343108272,-1.676249406,0,0
0,0,-0.7154102296,-1.810994025,2,0
0,0,-1.052622795,-3.372125655,1,0
0,0,-1.521991192,-4.693683966,1,-1
1,1,-2.136726015,-6.147348233
0,0,0,0,1,0
0,0,0.006597418823,0.06597418823,2,0
0,0,-0.06112348636,-0.6772090518,0,0
0,0,-0.05842777312,0.02695713241,1,0
0,0,-0.07868728576,-0.2025951264,1,0
0,0,-0.1144993648,-0.3581207909,0,0
0,0,-0.09106211465,0.234372502,2,0
0,0,-0.1547035569,-0.6364144227,0,0
0,0,-0.1481582728,0.06545284137,0,0
0,0,-0.08698124999,0.611770228,2,0
0,0,-0.1116440272,-0.2466277717,1,0
0,0,-0.154643312,-0.4299928481,1,0
0,0,-0.2290572423,-0.7441393029,2,0
0,0,-0.4143043963,-1.852471541,1,0
0,0,-0.6708510826,-2.565466863,0,0
0,0,-0.9541410236,-2.83289941,1,0
0,0,-1.350071027,-3.959300032,2,-1
1,1,-1.899386317,-5.4931529
0,0,0,0,2,0
0,0,-0.09047852537,-0.9047852537,2,0
0,0,-0.2879327702,-1.974542448,0,0
0,0,-0.4338866351,-1.459538649,0,0
0,0,-0.5866701313,-1.527834961,0,0
0,0,-0.7536832746,-1.670131434,1,0
0,0,-1.029462158,-2.757788836,0,0
0,0,-1.396181359,-3.667192009,0,-1
1,1,-1.89294895,-4.967675906
0,0,0,0,2,0
0,0,-0.09350503213,-0.9350503213,1,0
0,0,-0.2019924421,-1.084874099,2,0
0,0,-0.4307944451,-2.28802003,2,0
0,0,-0.7923303387,-3.615358936,0,0
0,0,-1.206628497,-4.142981581,1,-1
1,1,-1.754577723,-5.479492263
0,0,0,0,1,0
0,0,0.0163728988,0.163728988,2,0
0,0,-0.05223634142,-0.6860924022,0,0
0,0,-0.0327246042,0.1951173723,1,0
0,0,-0.007906866797,0.248177374,2,0
0,0,-0.07059150687,-0.6268464007,1,0
0,0,-0.1614944422,-0.9090293532,2,0
0,0,-0.3726864017,-2.111919595,0,0
0,0,-0.5518356186,-1.79149217,0,0
0,0,-0.7571536714,-2.053180528,2,0
0,0,-1.129290201,-3.721365297,1,-1
1,1,-1.623359481,-4.940692801
0,0,0,0,0,0
0,0,0.09261845781,0.9261845781,0,0
0,0,0.2994665945,2.068481367,2,0
0,0,0.4793095968,1.798430023,1,0
0,0,0.726257767,2.469481702,1,0
0,0,1.067329438,3.410716714,0,0
0,0,1.565942277,4.986128383,2,-1
1,1,2.211072463,6.451301863
0,0,0,0,0,0
0,0,0.08098622288,0.8098622288,2,0
0,0,0.09542635188,0.14440129,1,0
0,0,0.143122069,0.4769571711,1,0
0,0,0.2086957554,0.655736864,0,0
0,0,0.3965577454,1.8786199,1,0
0,0,0.6382017245,2.41643979,2,0
0,0,0.9045183537,2.663166292,1,0
0,0,1.294734905,3.902165509,1,-1
1,1,1.824443733,5.297088286
0,0,0,0,1,0
0,0,0.01595247979,0.1595247979,1,0
0,0,0.02356957018,0.07617090391,0,0
0,0,0.1144983531,0.9092878296,0,0
0,0,0.3093537309,1.948553777,0,0
0,0,0.6304107407,3.210570098,0,0
0,0,1.097295149,4.668844085,0,-1
1,1,1.719176143,6.218809937
0,0,0,0,1,0
0,0,0.0003095855242,0.003095855242,0,0
0,0,0.0816910687,0.8138148318,0,0
0,0,0.26695762,1.852665513,0,0
0,0,0.5675876206,3.006300006,2,0
0,0,0.8904048413,3.228172207,2,0
0,0,1.272948279,3.825434381,2,-1
1,1,1.77250103,4.995527508
0,0,0,0,2,0
0,0,-0.09665600423,-0.9665600423,2,0
0,0,-0.313629161,-2.169731567,0,0
0,0,-0.502182294,-1.88553133,2,0
0,0,-0.8398775075,-3.376952135,1,0
0,0,-1.293249649,-4.533721416,2,-1
1,1,-1.900835284,-6.075856349
0,0,0,0,0,0
0,0,0.1047110916,1.047110916,1,0
0,0,0.2364893546,1.31778263,0,0
0,0,0.4847355148,2.482461602,0,0
0,0,0.8752401875,3.905046727,1,0
0,0,1.381107367,5.058671792,0,-1
1,1,2.039366932,6.582595655
0,0,0,0,2,0
0,0,-0.07460733138,-0.7460733138,1,0
0,0,-0.1542965753,-0.7968924389,0,0
0,0,-0.1650435303,-0.1074695504,1,0
0,0,-0.1878744692,-0.2283093884,1,0
0,0,-0.2572663087,-0.6939183958,0,0
0,0,-0.2847851241,-0.2751881533,2,0
0,0,-0.4469236343,-1.621385103,1,0
0,0,-0.6705386842,-2.236150499,0,0
0,0,-0.9349426318,-2.644039475,2,0
0,0,-1.36841199,-4.334693585,2,-1
1,1,-1.95848753,-5.900755397
0,0,0,0,1,0
0,0,-0.01451790293,-0.1451790293,2,0
0,0,-0.1234593608,-1.089414579,1,0
0,0,-0.2365967032,-1.131373424,2,0
0,0,-0.4713317535,-2.347350504,1,0
0,0,-0.7770493041,-3.057175506,0,0
0,0,-1.135354757,-3.583054529,2,-1
1,1,-1.656600179,-5.212454222
0,0,0,0,1,0
0,0,0.001451737127,0.01451737127,2,0
0,0,-0.1000312816,-1.014830188,0,0
0,0,-0.1414822235,-0.4145094187,0,0
0,0,-0.1138775839,0.2760463958,2,0
0,0,-0.186742874,-0.7286529009,1,0
0,0,-0.2955064789,-1.087636049,1,0
0,0,-0.4407996959,-1.452932169,0,0
0,0,-0.5691594937,-1.283597978,0,0
0,0,-0.7070398454,-1.378803517,2,0
0,0,-1.02102943,-3.139895844,2,0
0,0,-1.494276358,-4.732469279,1,-1
1,1,-2.112198272,-6.17921914
0,0,0,0,0,0
0,0,0.1043142622,1.043142622,0,0
0,0,0.3009069067,1.965926445,2,0
0,0,0.4575385851,1.566316785,0,0
0,0,0.7630744302,3.05535845,2,0
0,0,1.108086247,3.450118173,0,-1
1,1,1.622746936,5.146606888
0,0,0,0,2,0
0,0,-0.08653903389,-0.8653903389,1,0
0,0,-0.191424694,-1.048856601,2,0
0,0,-0.4290242276,-2.375995336,1,0
0,0,-0.718657877,-2.896336494,0,0
0,0,-1.053174938,-3.345170614,1,0
0,0,-1.519838879,-4.666639403,0,-1
1,1,-2.128251457,-6.084125783
0,0,0,0,1,0
0,0,0.01076096341,0.1076096341,2,0
0,0,-0.06164181316,-0.7240277657,2,0
0,0,-0.2465611868,-1.849193737,1,0
0,0,-0.4631845535,-2.166233667,0,0
0,0,-0.6728967561,-2.097122026,2,0
0,0,-1.032391699,-3.594949433,2,0
0,0,-1.54886487,-5.164731709,2,-1
1,1,-2.212986379,-6.641215091
0,0,0,0,0,0
0,0,0.09742094914,0.9742094914,2,0
0,0,0.1186456176,0.2122466846,2,0
0,0,0.07401435184,-0.4463126575,1,0
0,0,0.05406036747,-0.1995398437,1,0
0,0,0.04498671409,-0.09073653379,0,0
0,0,0.1325670717,0.8758035759,1,0
0,0,0.2438753118,1.113082401,2,0
0,0,0.3149277906,0.7105247881,1,0
0,0,0.4263285188,1.114007282,1,0
0,0,0.60225595,1.759274312,2,0
0,0,0.8044709105,2.022149606,1,0
0,0,1.114968695,3.104977845,0,-1
1,1,1.583847487,4.688787916
0,0,0,0,2,0
0,0,-0.09875047151,-0.9875047151,2,0
0,0,-0.2944884558,-1.957379843,1,0
0,0,-0.5277380617,-2.33249606,2,0
0,0,-0.922322217,-3.945841553,0,0
0,0,-1.388740149,-4.664179321,0,-1
1,1,-1.979344646,-5.90604497
0,0,0,0,0,0
0,0,0.08040275042,0.8040275042,2,0
0,0,0.08153768532,0.01134934901,0,0
0,0,0.1987392275,1.172015422,1,0
0,0,0.3510348464,1.522956189,0,0
0,0,0.6289330498,2.778982034,2,0
0,0,0.9298995883,3.009665385,0,0
0,0,1.390675984,4.607763953,2,-1
1,1,1.975922411,5.852464279
0,0,0,0,0,0
0,0,0.07401369375,0.7401369375,2,0
0,0,0.06589312713,-0.0812056662,1,0
0,0,0.05643278173,-0.09460345396,2,0
0,0,-0.01843248706,-0.7486526879,2,0
0,0,-0.1890685493,-1.706360622,0,0
0,0,-0.3068013311,-1.177327819,2,0
0,0,-0.5512153339,-2.444140028,0,0
0,0,-0.7936460513,-2.424307174,1,0
0,0,-1.153033993,-3.593879414,0,-1
1,1,-1.615996665,-4.629626726
0,0,0,0,2,0
0,0,-0.0848841791,-0.848841791,1,0
0,0,-0.1785003411,-0.9361616198,2,0
0,0,-0.3929839658,-2.144836247,1,0
0,0,-0.6668505518,-2.73866586,0,0
0,0,-0.9702243453,-3.033737935,1,0
0,0,-1.399483819,-4.292594738,2,-1
1,1,-1.983230239,-5.837464202
0,0,0,0,0,0
0,0,0.07569170325,0.7569170325,0,0
0,0,0.2534097867,1.777180835,1,0
0,0,0.479703416,2.262936292,1,0
0,0,0.784515485,3.04812069,2,0
0,0,1.127410755,3.428952704,1,-1
1,1,1.595720157,4.683094013
0,0,0,0,2,0
0,0,-0.1034370443,-1.034370443,2,0
0,0,-0.299152652,-1.957156077,2,0
0,0,-0.6259201735,-3.267675215,1,0
0,0,-1.029725357,-4.038051832,0,0
0,0,-1.506282972,-4.765576157,2,-1
1,1,-2.131312673,-6.250297008
0,0,0,0,2,0
0,0,-0.09246916467,-0.9246916467,0,0
0,0,-0.1012281157,-0.08758951028,1,0
0,0,-0.1210014366,-0.1977332086,2,0
0,0,-0.2559339351,-1.349324985,0,0
0,0,-0.3635410948,-1.076071597,2,0
0,0,-0.6266731865,-2.631320918,2,0
0,0,-1.041887509,-4.152143223,1,-1
1,1,-1.572694837,-5.308073283
0,0,0,0,2,0
0,0,-0.08716358947,-0.8716358947,2,0
0,0,-0.2668931984,-1.79729609,1,0
0,0,-0.4778222587,-2.109290602,2,0
0,0,-0.8227846497,-3.44962391,2,0
0,0,-1.335562454,-5.127778042,1,-1
1,1,-1.982804756,-6.472423017
0,0,0,0,2,0
0,0,-0.07292152243,-0.7292152243,2,0
0,0,-0.2504697687,-1.775482463,2,0
0,0,-0.5705610083,-3.200912395,1,0
0,0,-0.9775174663,-4.069564581,0,0
0,0,-1.452850004,-4.753325374,2,-1
1,1,-2.077687275,-6.248372713
0,0,0,0,2,0
0,0,-0.07087183417,-0.7087183417,2,0
0,0,-0.2547034011,-1.838315669,0,0
0,0,-0.4043905931,-1.496871921,1,0
0,0,-0.6321973712,-2.27806778,2,0
0,0,-1.016496428,-3.842990568,2,0
0,0,-1.566121838,-5.496254105,2,-1
1,1,-2.262897182,-6.967753435
0,0,0,0,0,0
0,0,0.09104777624,0.9104777624,1,0
0,0,0.2089847423,1.179369661,2,0
0,0,0.2891387793,0.8015403697,1,0
0,0,0.4174658336,1.283270543,2,0
0,0,0.5454542565,1.279884229,2,0
0,0,0.6956076751,1.501534186,0,0
0,0,1.013271003,3.176633275,1,0
0,0,1.45644434,4.431733377,1,-1
1,1,2.041541345,5.850970051
0,0,0,0,1,0
0,0,-0.01574822592,-0.1574822592,1,0
0,0,-0.03539123045,-0.1964300453,0,0
0,0,0.01521698877,0.5060821922,1,0
0,0,0.07060088716,0.5538389839,0,0
0,0,0.2169034921,1.46302605,0,0
0,0,0.499593404,2.826899119,0,0
0,0,0.9228103947,4.232169907,2,0
0,0,1.400091281,4.772808864,2,-1
1,1,2.004390265,6.042989837
0,0,0,0,0,0
0,0,0.09936695005,0.9936695005,2,0
0,0,0.1189162735,0.1954932346,0,0
0,0,0.2303455651,1.114292916,0,0
0,0,0.4750771166,2.447315515,1,0
0,0,0.802509658,3.274325414,0,0
0,0,1.30042932,4.979196616,1,-1
1,1,1.928787938,6.283586182
0,0,0,0,1,0
0,0,-0.0110293861,-0.110293861,2,0
0,0,-0.105265431,-0.9423604485,2,0
0,0,-0.2973411084,-1.920756774,1,0
0,0,-0.5434695597,-2.461284513,0,0
0,0,-0.8002330382,-2.567634785,0,0
0,0,-1.11853253,-3.182994922,0,0
0,0,-1.536159324,-4.176267938,2,-1
1,1,-2.101992607,-5.65833283
0,0,0,0,0,0
0,0,0.1010244143,1.010244143,1,0
0,0,0.2186327051,1.176082909,1,0
0,0,0.3572097048,1.385769997,0,0
0,0,0.6369589205,2.797492157,1,0
0,0,1.014079523,3.771206024,2,0
0,0,1.46656946,4.524899372,2,-1
1,1,2.05508788,5.885184202
0,0,0,0,1,0
0,0,0.009931790548,0.09931790548,0,0
0,0,0.09731706685,0.873852763,1,0
0,0,0.2144046266,1.170875598,1,0
0,0,0.3734624943,1.590578677,0,0
0,0,0.6803206253,3.06858131,1,0
0,0,1.090786166,4.104655408,2,-1
1,1,1.588739246,4.979530795
0,0,0,0,0,0
0,0,0.09264358391,0.9264358391,0,0
0,0,0.2780731503,1.854295664,1,0
0,0,0.500541879,2.224687287,1,0
0,0,0.7937287795,2.931869006,2,0
0,0,1.142146131,3.484173513,0,-1
1,1,1.649742503,5.075963724
0,0,0,0,2,0
0,0,-0.09917690526,-0.9917690526,0,0
0,0,-0.1432714882,-0.4409458297,0,0
0,0,-0.1165868015,0.2668468669,0,0
0,0,-0.02316760827,0.9341919327,2,0
0,0,-0.02991303787,-0.06745429597,2,0
0,0,-0.1382216179,-1.083085801,2,0
0,0,-0.3452214731,-2.069998552,0,0
0,0,-0.5385831902,-1.93361717,2,0
0,0,-0.8892896732,-3.50706483,2,0
0,0,-1.411624252,-5.223345786,1,-1
1,1,-2.074887432,-6.632631801
0,0,0,0,1,0
0,0,-0.006690381778,-0.06690381778,2,0
0,0,-0.08711655537,-0.8042617359,0,0
0,0,-0.1019600213,-0.1484346589,0,0
0,0,-0.03042403484,0.7153598642,2,0
0,0,-0.05457768782,-0.2415365298,1,0
0,0,-0.1048193292,-0.5024164143,2,0
0,0,-0.2514261971,-1.466068679,1,0
0,0,-0.4374869096,-1.860607125,1,0
0,0,-0.6786737037,-2.411867941,1,0
0,0,-1.016834316,-3.381606127,0,0
0,0,-1.436018875,-4.191845589,0,-1
1,1,-1.989036729,-5.530178542
0,0,0,0,1,0
0,0,-0.001465089715,-0.01465089715,0,0
0,0,0.08030515603,0.8177024574,2,0
0,0,0.09444898829,0.1414383226,1,0
0,0,0.1194536245,0.2500463623,2,0
0,0,0.09044283289,-0.2901079163,0,0
0,0,0.1760768859,0.8563405302,2,0
0,0,0.2025574339,0.2648054799,1,0
0,0,0.2775958104,0.750383765,2,0
0,0,0.3202942939,0.4269848355,1,0
0,0,0.4284462935,1.081519996,2,0
0,0,0.5200173428,0.9157104922,0,0
0,0,0.7586361389,2.386187961,1,0
0,0,1.094987683,3.363515441,0,-1
1,1,1.596939006,5.019513226
0,0,0,0,2,0
0,0,-0.08965569717,-0.8965569717,2,0
0,0,-0.2748846023,-1.852289051,1,0
0,0,-0.4928113163,-2.17926714,1,0
0,0,-0.7764538226,-2.836425063,2,0
0,0,-1.227223822,-4.50769999,2,-1
1,1,-1.839675008,-6.124511866
0,0,0,0,0,0
0,0,0.07164625412,0.7164625412,1,0
0,0,0.1430399564,0.7139370228,1,0
0,0,0.2538702242,1.108302678,2,0
0,0,0.3138702977,0.6000007354,2,0
0,0,0.3493307921,0.3546049439,2,0
0,0,0.3762576349,0.2692684284,1,0
0,0,0.4616895386,0.8543190369,0,0
0,0,0.6856484556,2.239589169,2,0
0,0,0.9412550856,2.556066301,2,0
0,0,1.279153902,3.378988162,1,-1
1,1,1.750606624,4.714527222
0,0,0,0,0,0
0,0,0.09755948508,0.9755948508,0,0
0,0,0.3062542116,2.086947266,0,0
0,0,0.6515729024,3.453186908,0,0
0,0,1.153893027,5.023201244,2,-1
1,1,1.742501283,5.886082559
0,0,0,0,2,0
0,0,-0.08534128745,-0.8534128745,2,0
0,0,-0.2573762994,-1.72035012,0,0
0,0,-0.372330428,-1.149541286,2,0
0,0,-0.622794303,-2.50463875,0,0
0,0,-0.9043570593,-2.815627563,0,0
0,0,-1.25166264,-3.47305581,2,-1
1,1,-1.756872378,-5.052097379
0,0,0,0,1,0
0,0,0.00758282502,0.0758282502,2,0
0,0,-0.08735071756,-0.9493354258,1,0
0,0,-0.1866844684,-0.9933375085,2,0
0,0,-0.3902287502,-2.035442818,2,0
0,0,-0.7250428253,-3.348140751,1,0
0,0,-1.16740626,-4.42363435,2,-1
1,1,-1.765011566,-5.976053058
0,0,0,0,0,0
0,0,0.08222842742,0.8222842742,1,0
0,0,0.1901008835,1.078724561,0,0
0,0,0.4042485957,2.141477121,2,0
0,0,0.6137762514,2.095276558,0,0
0,0,0.9773630534,3.63586802,0,0
0,0,1.496286109,5.189230556,0,-1
1,1,2.165323958,6.690378492
0,0,0,0,2,0
0,0,-0.07782667508,-0.7782667508,1,0
0,0,-0.1524435373,-0.7461686227,1,0
0,0,-0.2611481311,-1.087045937,0,0
0,0,-0.3214786087,-0.6033047762,2,0
0,0,-0.5327578333,-2.112792246,2,0
0,0,-0.890204227,-3.574463937,1,0
0,0,-1.350603161,-4.603989342,2,-1
1,1,-1.965113738,-6.145105769
0,0,0,0,1,0
0,0,0.0115269609,0.115269609,1,0
0,0,0.02692428322,0.1539732231,0,0
0,0,0.1489476552,1.220233719,2,0
0,0,0.2023935581,0.5344590292,0,0
0,0,0.3721885503,1.697949922,0,0
0,0,0.6668060187,2.946174683,2,0
0,0,0.9930830909,3.262770722,1,0
0,0,1.436273831,4.431907405,2,-1
1,1,2.011576737,5.753029057
0,0,0,0,1,0
0,0,0.01608950202,0.1608950202,2,0
0,0,-0.05125542216,-0.6734492418,0,0
0,0,-0.04452243277,0.06732989388,0,0
0,0,0.05223363,0.9675606278,0,0
0,0,0.2518618922,1.996282622,2,0
0,0,0.4225470743,1.706851821,2,0
0,0,0.5861188158,1.635717415,2,0
0,0,0.7769034373,1.907846215,2,0
0,0,1.025463288,2.485598509,1,0
0,0,1.395516267,3.700529789,1,-1
1,1,1.906256226,5.107399589
0,0,0,0,1,0
0,0,0.01039012013,0.1039012013,1,0
0,0,0.01711954251,0.06729422384,2,0
0,0,-0.06612152074,-0.8324106325,1,0
0,0,-0.1508338516,-0.8471233085,2,0
0,0,-0.3466597261,-1.958258745,0,0
0,0,-0.5130511864,-1.663914603,0,0
0,0,-0.6947795389,-1.817283525,2,0
0,0,-1.040296258,-3.45516719,2,0
0,0,-1.546688913,-5.063926547,2,-1
1,1,-2.201176327,-6.544874148
0,0,0,0,2,0
0,0,-0.07536104181,-0.7536104181,0,0
0,0,-0.09263870009,-0.1727765829,0,0
0,0,-0.02177764888,0.7086105122,0,0
0,0,0.1392706169,1.610482657,1,0
0,0,0.3078115209,1.68540904,1,0
0,0,0.5101438695,2.023323486,2,0
0,0,0.7033074508,1.931635813,2,0
0,0,0.9295095295,2.262020787,2,0
0,0,1.234748219,3.052386892,0,-1
1,1,1.699279734,4.645315149
0,0,0,0,0,0
0,0,0.07682747953,0.7682747953,1,0
0,0,0.169976979,0.9314949948,1,0
0,0,0.2954085332,1.254315542,2,0
0,0,0.3743938734,0.7898534024,1,0
0,0,0.5119999168,1.376060434,0,0
0,0,0.7893001076,2.773001909,2,0
0,0,1.118800798,3.295006906,0,-1
1,1,1.606210803,4.874100046
0,0,0,0,0,0
0,0,0.07543274567,0.7543274567,2,0
0,0,0.08549331771,0.1006057203,0,0
0,0,0.2045900725,1.190967548,2,0
0,0,0.2798444405,0.7525436797,0,0
0,0,0.4729319378,1.930874973,1,0
0,0,0.7359257647,2.62993827,2,0
0,0,1.038819752,3.028939871,2,0
0,0,1.430559097,3.917393451,2,-1
1,1,1.95477909,5.242199934
0,0,0,0,0,0
0,0,0.105354564,1.05354564,0,0
0,0,0.3206877163,2.153331523,1,0
0,0,0.5760782653,2.55390549,1,0
0,0,0.9124094857,3.363312204,0,0
0,0,1.410777973,4.983684869,2,-1
1,1,2.037004428,6.262264557
0,0,0,0,0,0
0,0,0.07167705555,0.7167705555,1,0
0,0,0.1542196023,0.8254254678,2,0
0,0,0.1653418969,0.1112229457,2,0
0,0,0.1053660613,-0.5997583558,0,0
0,0,0.1637847386,0.5841867724,2,0
0,0,0.1493660303,-0.1441870826,2,0
0,0,0.08929216915,-0.6007386115,1,0
0,0,0.05985784374,-0.2943432541,0,0
0,0,0.1314920873,0.7163424357,0,0
0,0,0.2999978297,1.685057424,2,0
0,0,0.4379101343,1.379123046,2,0
0,0,0.5587151987,1.208050644,0,0
0,0,0.8423965251,2.836813264,1,0
0,0,1.238427839,3.960313141,2,-1
1,1,1.744096025,5.056681858
0,0,0,0,2,0
0,0,-0.07790491287,-0.7790491287,2,0
0,0,-0.2727903865,-1.948854737,1,0
0,0,-0.519722966,-2.469325795,0,0
0,0,-0.7744773623,-2.547543963,2,0
0,0,-1.20359926,-4.291218975,0,-1
1,1,-1.734450186,-5.308509266
0,0,0,0,1,0
0,0,0.0057144211,0.057144211,2,0
0,0,-0.07713133436,-0.8284575546,2,0
0,0,-0.2783880303,-2.01256696,0,0
0,0,-0.4411874737,-1.627994434,1,0
0,0,-0.6873334128,-2.461459391,1,0
0,0,-1.026006598,-3.386731849,2,0
0,0,-1.524094109,-4.980875114,0,-1
1,1,-2.164181971,-6.400878617
0,0,0,0,1,0
0,0,-0.001537390811,-0.01537390811,0,0
0,0,0.09455319116,0.9609058197,1,0
0,0,0.2167746262,1.222214351,1,0
0,0,0.3909032826,1.741286564,2,0
0,0,0.5491781731,1.582748905,2,0
0,0,0.7070480169,1.578698438,2,0
0,0,0.9098738012,2.028257843,2,0
0,0,1.186833306,2.769595046,0,-1
1,1,1.62828809,4.414547845
0,0,0,0,1,0
0,0,-0.003105752406,-0.03105752406,0,0
0,0,0.06860250698,0.7170825938,2,0
0,0,0.05802590634,-0.1057660063,2,0
0,0,-0.03129107464,-0.8931698098,0,0
0,0,-0.04418539557,-0.1289432093,0,0
0,0,0.0393082133,0.8349360887,0,0
0,0,0.2253773471,1.860691338,1,0
0,0,0.4466705682,2.212932211,0,0
0,0,0.8101006685,3.634301003,0,0
0,0,1.324119187,5.140185186,2,-1
1,1,1.95397277,6.298535828
0,0,0,0,0,0
0,0,0.1016299849,1.016299849,1,0
0,0,0.2349191954,1.332892105,0,0
0,0,0.4983697224,2.63450527,1,0
0,0,0.8476443388,3.492746164,1,0
0,0,1.313123491,4.654791522,0,-1
1,1,1.931741225,6.18617734
0,0,0,0,1,0
0,0,-0.007718503846,-0.07718503846,1,0
0,0,-0.005271835327,0.02446668519,1,0
0,0,-0.007975286965,-0.02703451638,1,0
0,0,-0.01121447223,-0.03239185266,1,0
0,0,-0.002737133988,0.08477338243,2,0
0,0,-0.07138541972,-0.6864828574,2,0
0,0,-0.2436864582,-1.723010385,1,0
0,0,-0.4440242428,-2.003377846,1,0
0,0,-0.7091364896,-2.651122468,2,0
0,0,-1.136511379,-4.273748891,1,-1
1,1,-1.691015667,-5.545042885
0,0,0,0,0,0
0,0,0.09125772056,0.9125772056,1,0
0,0,0.1859268217,0.9466910118,0,0
0,0,0.4137182136,2.277913918,2,0
0,0,0.6347974174,2.210792038,1,0
0,0,0.9368633902,3.020659728,1,0
0,0,1.358678184,4.218147942,1,-1
1,1,1.921862118,5.631839337
0,0,0,0,1,0
0,0,0.005172463768,0.05172463768,0,0
0,0,0.09024528661,0.8507282285,2,0
0,0,0.1029903689,0.1274508232,1,0
0,0,0.1480613082,0.4507093926,1,0
0,0,0.2036310482,0.5556973998,1,0
0,0,0.2984288613,0.9479781317,2,0
0,0,0.375542264,0.7711340265,0,0
0,0,0.5912508143,2.157085503,2,0
0,0,0.8199653069,2.287144925,0,0
0,0,1.208650652,3.88685345,1,-1
1,1,1.732322381,5.236717289
0,0,0,0,2,0
0,0,-0.08154638938,-0.8154638938,0,0
0,0,-0.1044814163,-0.2293502692,1,0
0,0,-0.1399165565,-0.3543514019,2,0
0,0,-0.2882201519,-1.483035954,0,0
0,0,-0.396456264,-1.082361121,1,0
0,0,-0.5549078296,-1.584515656,2,0
0,0,-0.882129347,-3.272215174,2,0
0,0,-1.37435424,-4.922248932,0,-1
1,1,-1.988398408,-6.140441675
0,0,0,0,2,0
0,0,-0.09644045744,-0.9644045744,2,0
0,0,-0.2864560998,-1.900156424,0,0
0,0,-0.4306147294,-1.441586295,0,0
0,0,-0.5784675317,-1.478528024,2,0
0,0,-0.8757989395,-2.973314078,0,0
0,0,-1.244624551,-3.688256119,1,-1
1,1,-1.749088596,-5.044640446
0,0,0,0,0,0
0,0,0.07940937836,0.7940937836,0,0
0,0,0.259987066,1.805776877,1,0
0,0,0.480215112,2.202280459,2,0
0,0,0.7084233108,2.282081988,2,0
0,0,0.9624638856,2.540405749,0,0
0,0,1.375676413,4.132125279,0,-1
1,1,1.94449094,5.688145267
0,0,0,0,0,0
0,0,0.08975168199,0.8975168199,1,0
0,0,0.1968990766,1.071473946,0,0
0,0,0.4277317053,2.308326287,2,0
0,0,0.6441087904,2.163770851,1,0
0,0,0.9515105883,3.074017978,0,0
0,0,1.414992194,4.63481606,0,-1
1,1,2.032715857,6.177236625
0,0,0,0,2,0
0,0,-0.07752671801,-0.7752671801,0,0
0,0,-0.06793255301,0.09594164999,2,0
0,0,-0.1420816269,-0.7414907389,0,0
0,0,-0.1460076793,-0.03926052437,0,0
0,0,-0.09313948684,0.5286819249,2,0
0,0,-0.1340618081,-0.4092232126,2,0
0,0,-0.2897540615,-1.556922534,2,0
0,0,-0.578816075,-2.890620135,2,0
0,0,-1.017469225,-4.386531501,0,0
0,0,-1.52535709,-5.078878651,2,-1
1,1,-2.181973524,-6.566164338
0,0,0,0,0,0
0,0,0.08342156142,0.8342156142,2,0
0,0,0.09277514986,0.09353588432,2,0
0,0,0.01423074913,-0.7854440073,0,0
0,0,0.03981594258,0.2558519345,0,0
0,0,0.1526089331,1.127929905,2,0
0,0,0.1957294475,0.4312051449,1,0
0,0,0.2671562897,0.7142684217,0,0
0,0,0.4710457863,2.038894966,0,0
0,0,0.8351651595,3.641193732,2,0
0,0,1.254168025,4.190028655,2,-1
1,1,1.782063426,5.278954008
0,0,0,0,1,0
0,0,0.01559061697,0.1559061697,1,0
0,0,0.02069492762,0.05104310655,2,0
0,0,-0.05279056381,-0.7348549144,1,0
0,0,-0.1405473492,-0.8775678542,2,0
0,0,-0.3539541619,-2.134068127,0,0
0,0,-0.548906344,-1.949521821,2,0
0,0,-0.9128369878,-3.639306438,1,0
0,0,-1.39241307,-4.795760819,0,-1
1,1,-1.997468885,-6.050558153
0,0,0,0,0,0
0,0,0.07779856293,0.7779856293,1,0
0,0,0.1546757627,0.7687719972,2,0
0,0,0.1616820494,0.07006286719,1,0
0,0,0.2043695906,0.4268754128,0,0
0,0,0.3771586875,1.727890968,1,0
0,0,0.6203862841,2.432275966,2,0
0,0,0.8892027587,2.688164745,0,0
0,0,1.333776129,4.445733706,2,-1
1,1,1.896022746,5.622466171
0,0,0,0,1,0
0,0,0.0007920128207,0.007920128207,1,0
0,0,-0.01005818287,-0.1085019569,0,0
0,0,0.07910289904,0.8916108191,1,0
0,0,0.1861744814,1.070715823,0,0
0,0,0.3976203524,2.11445871,2,0
0,0,0.5926257712,1.950054188,0,0
0,0,0.9387686567,3.461428856,0,0
0,0,1.451035223,5.12266566,0,-1
1,1,2.113788532,6.62753309
0,0,0,0,0,0
0,0,0.07416063468,0.7416063468,0,0
0,0,0.2371481359,1.629875012,0,0
0,0,0.5299376828,2.927895469,2,0
0,0,0.8403976185,3.104599357,1,0
0,0,1.263663194,4.232655754,0,-1
1,1,1.843896534,5.802333398
0,0,0,0,1,0
0,0,-0.004653904849,-0.04653904849,0,0
0,0,0.086923781,0.9157768585,2,0
0,0,0.08819321531,0.01269434312,2,0
0,0,0.01371480341,-0.7447841191,0,0
0,0,0.03812453166,0.2440972825,2,0
0,0,-0.006125175033,-0.4424970669,1,0
0,0,-0.05471539626,-0.4859022123,1,0
0,0,-0.1223161722,-0.6760077592,1,0
0,0,-0.211727378,-0.8941120579,1,0
0,0,-0.3359555344,-1.242281564,1,0
0,0,-0.5000318755,-1.640763411,0,0
0,0,-0.667907085,-1.678752095,2,0
0,0,-0.9909077319,-3.23000647,0,0
0,0,-1.388741522,-3.978337902,1,-1
1,1,-1.928741777,-5.400002546
0,0,0,0,0,0
0,0,0.08692711538,0.8692711538,0,0
0,0,0.2785567082,1.916295929,0,0
0,0,0.588859862,3.103031537,2,0
0,0,0.9149505431,3.260906812,1,0
0,0,1.35894681,4.43996267,2,-1
1,1,1.926589733,5.676429229
0,0,0,0,1,0
0,0,0.001138497193,0.01138497193,0,0
0,0,0.08038119488,0.7924269769,0,0
0,0,0.2688314909,1.88450296,1,0
0,0,0.4997553884,2.309238975,1,0
0,0,0.8177472236,3.179918352,2,0
0,0,1.184232615,3.664853917,2,-1
1,1,1.654219893,4.699872776
0,0,0,0,2,0
0,0,-0.0737346511,-0.737346511,1,0
0,0,-0.1570971738,-0.8336252269,2,0
0,0,-0.3501887536,-1.930915798,0,0
0,0,-0.5218696321,-1.716808785,1,0
0,0,-0.787583042,-2.657134099,0,0
0,0,-1.10115828,-3.135752381,1,0
0,0,-1.547432557,-4.46274277,0,-1
1,1,-2.138237339,-5.908047823
0,0,0,0,1,0
0,0,-0.0137539897,-0.137539897,1,0
0,0,-0.04688081703,-0.3312682734,2,0
0,0,-0.1639960802,-1.171152632,2,0
0,0,-0.379089709,-2.150936288,1,0
0,0,-0.6608267579,-2.817370489,0,0
0,0,-0.9650923171,-3.042655592,1,0
0,0,-1.389555066,-4.24462749,2,-1
1,1,-1.965743655,-5.761885884
0,0,0,0,0,0
0,0,0.07471969565,0.7471969565,0,0
0,0,0.2453054867,1.705857911,2,0
0,0,0.3632789355,1.179734488,1,0
0,0,0.5459799004,1.827009649,0,0
0,0,0.8909449521,3.449650516,1,0
0,0,1.350664996,4.597200442,2,-1
1,1,1.930256352,5.795913557
0,0,0,0,0,0
0,0,0.08478403896,0.8478403896,1,0
0,0,0.1962020645,1.114180256,2,0
0,0,0.2687257687,0.7252370413,1,0
0,0,0.3986002938,1.298745252,1,0
0,0,0.6070559212,2.084556273,1,0
0,0,0.908510158,3.014542369,2,0
0,0,1.282055223,3.73545065,0,-1
1,1,1.816045048,5.339898248
0,0,0,0,2,0
0,0,-0.08872983812,-0.8872983812,0,0
0,0,-0.09358599608,-0.04856157955,0,0
0,0,-0.02650141778,0.670845783,1,0
0,0,0.04279533524,0.6929675303,0,0
0,0,0.210742788,1.679474527,0,0
0,0,0.4863266287,2.755838407,1,0
0,0,0.8402746229,3.539479942,0,0
0,0,1.345479999,5.052053762,1,-1
1,1,1.983899929,6.384199296
0,0,0,0,1,0
0,0,-0.00878052404,-0.0878052404,1,0
0,0,-0.02695755421,-0.1817703017,2,0
0,0,-0.1549293966,-1.279718424,1,0
0,0,-0.3239852908,-1.690558942,0,0
0,0,-0.4668668173,-1.428815266,0,0
0,0,-0.6059452321,-1.390784148,0,0
0,0,-0.7573713956,-1.514261635,2,0
0,0,-1.071967888,-3.145964922,1,0
0,0,-1.518819758,-4.468518705,1,-1
1,1,-2.11156467,-5.927449117
0,0,0,0,1,0
0,0,0.005286923339,0.05286923339,1,0
0,0,0.02510842765,0.1982150431,0,0
0,0,0.1406172855,1.155088578,1,0
0,0,0.2906588968,1.500416113,1,0
0,0,0.4790926783,1.884337815,0,0
0,0,0.8287338494,3.496411711,0,0
0,0,1.341408512,5.126746631,1,-1
1,1,1.987563884,6.461553712
0,0,0,0,2,0
0,0,-0.09920314476,-0.9920314476,0,0
0,0,-0.1394040694,-0.4020092467,0,0
0,0,-0.1143778908,0.250261786,1,0
0,0,-0.1102935171,0.04084373754,0,0
0,0,-0.0478580458,0.6243547127,0,0
0,0,0.07797389683,1.258319426,0,0
0,0,0.3170772297,2.391033328,2,0
0,0,0.531759281,2.146820513,1,0
0,0,0.8301301129,2.983708319,0,0
0,0,1.285222166,4.550920531,1,-1
1,1,1.87401898,5.887968142
0,0,0,0,0,0
0,0,0.08237803769,0.8237803769,2,0
0,0,0.08769292961,0.05314891918,1,0
0,0,0.1109034129,0.2321048325,2,0
0,0,0.08052031726,-0.303830956,2,0
0,0,-0.006602274814,-0.8712259207,0,0
0,0,0.006756395417,0.1335867023,2,0
0,0,-0.06217845149,-0.6893484691,0,0
0,0,-0.03754880331,0.2462964818,0,0
0,0,0.06015189975,0.9770070306,1,0
0,0,0.1602045688,1.00052669,1,0
0,0,0.2929183917,1.327138229,1,0
0,0,0.4595045479,1.665861562,1,0
0,0,0.7008982876,2.413937397,1,0
0,0,1.043156565,3.422582776,0,0
0,0,1.54106793,4.979113649,2,-1
1,1,2.18271005,6.416421194
0,0,0,0,2,0
0,0,-0.08507161087,-0.8507161087,1,0
0,0,-0.168690747,-0.8361913615,0,0
0,0,-0.2039568607,-0.3526611366,0,0
0,0,-0.1893098135,0.1464704714,2,0
0,0,-0.2870725596,-0.9776274605,0,0
0,0,-0.3573121371,-0.7023957748,0,0
0,0,-0.4039580794,-0.4664594237,2,0
0,0,-0.6048546619,-2.008965825,0,0
0,0,-0.829560138,-2.247054761,2,0
0,0,-1.219770654,-3.902105162,0,-1
1,1,-1.718144987,-4.98374333
0,0,0,0,1,0
0,0,-0.00803345301,-0.0803345301,0,0
0,0,0.08638834546,0.9442179847,2,0
0,0,0.1042337382,0.1784539279,0,0
0,0,0.2177111569,1.134774186,0,0
0,0,0.4383299255,2.206187686,2,0
0,0,0.6597032467,2.213733213,1,0
0,0,0.96822558,3.085223333,0,0
0,0,1.441303407,4.730778266,2,-1
1,1,2.046683494,6.053800872
0,0,0,0,2,0
0,0,-0.09991869671,-0.9991869671,2,0
0,0,-0.3218078217,-2.21889125,2,0
0,0,-0.6792758001,-3.574679784,1,0
0,0,-1.127101161,-4.478253612,1,-1
1,1,-1.700819987,-5.737188253
0,0,0,0,0,0
0,0,0.07853729354,0.7853729354,1,0
0,0,0.1782448031,0.9970750952,2,0
0,0,0.2197922178,0.4154741473,1,0
0,0,0.3047790468,0.8498682898,2,0
0,0,0.3653049219,0.6052587512,0,0
0,0,0.5573232198,1.92018298,1,0
0,0,0.8467163555,2.893931357,0,0
0,0,1.296319291,4.496029353,2,-1
1,1,1.86144779,5.651284994
0,0,0,0,2,0
0,0,-0.08683569756,-0.8683569756,1,0
0,0,-0.1830015085,-0.9616581094,2,0
0,0,-0.3966960772,-2.136945687,2,0
0,0,-0.7430870148,-3.463909376,0,0
0,0,-1.133096085,-3.9000907,2,-1
1,1,-1.689435175,-5.5633909
0,0,0,0,2,0
0,0,-0.09303825395,-0.9303825395,2,0
0,0,-0.2892187574,-1.961805034,1,0
0,0,-0.5271666052,-2.379478479,1,0
0,0,-0.8325528196,-3.053862143,2,0
0,0,-1.297945921,-4.653931012,2,-1
1,1,-1.916581373,-6.186354522
0,0,0,0,0,0
0,0,0.075611869,0.75611869,1,0
0,0,0.1551040595,0.794921905,1,0
0,0,0.2550510447,0.9994698518,2,0
0,0,0.3048099363,0.497588916,0,0
0,0,0.4782552239,1.734452876,1,0
0,0,0.7152054414,2.369502175,2,0
0,0,0.9800902978,2.648848564,1,0
0,0,1.373011581,3.929212836,0,-1
1,1,1.923677751,5.506661698
0,0,0,0,1,0
0,0,0.0163518405,0.163518405,0,0
0,0,0.1212357652,1.048839247,0,0
0,0,0.3394371339,2.182013688,0,0
0,0,0.6902765666,3.508394326,1,0
0,0,1.128278798,4.380022311,0,-1
1,1,1.723617356,5.95338558
0,0,0,0,0,0
0,0,0.07086274383,0.7086274383,2,0
0,0,0.08053590395,0.0967316012,2,0
0,0,0.03215146061,-0.4838444334,1,0
0,0,-0.003512029692,-0.356634903,1,0
0,0,-0.03285848829,-0.293464586,2,0
0,0,-0.1634371253,-1.30578637,1,0
0,0,-0.3059221413,-1.42485016,2,0
0,0,-0.5678478293,-2.61925688,2,0
0,0,-0.9817676236,-4.139197943,0,0
0,0,-1.461221763,-4.794541393,1,-1
1,1,-2.084355107,-6.231333441
0,0,0,0,1,0
0,0,0.004063542247,0.04063542247,0,0
0,0,0.09682757847,0.9276403623,0,0
0,0,0.3029388298,2.061112514,0,0
0,0,0.6338939187,3.309550889,0,0
0,0,1.127551538,4.936576196,0,-1
1,1,1.782836785,6.552852467
0,0,0,0,2,0
0,0,-0.1039374351,-1.039374351,2,0
0,0,-0.3257665985,-2.218291633,0,0
0,0,-0.5233240429,-1.975574444,1,0
0,0,-0.8030838524,-2.797598095,0,0
0,0,-1.142365529,-3.392816764,1,-1
1,1,-1.613382484,-4.710169549
0,0,0,0,0,0
0,0,0.1017699889,1.017699889,0,0
0,0,0.3151006827,2.133306938,0,0
0,0,0.66368803,3.485873473,2,0
0,0,1.033773363,3.700853326,0,-1
1,1,1.572322293,5.385489307
0,0,0,0,0,0
0,0,0.09120818317,0.9120818317,1,0
0,0,0.1978752903,1.066671071,2,0
0,0,0.2460682948,0.481930045,2,0
0,0,0.2349046759,-0.1116361893,2,0
0,0,0.1707485628,-0.6415611311,2,0
0,0,0.05362239957,-1.171261632,2,0
0,0,-0.1320410761,-1.856634757,1,0
0,0,-0.3374411413,-2.054000652,2,0
0,0,-0.6924545686,-3.550134273,0,0
0,0,-1.086127407,-3.936728383,0,-1
1,1,-1.572473877,-4.863464704
0,0,0,0,1,0
0,0,-0.01318243765,-0.1318243765,1,0
0,0,-0.02516856497,-0.1198612732,0,0
0,0,0.03222523784,0.5739380281,2,0
0,0,0.01921158604,-0.1301365181,2,0
0,0,-0.06798811125,-0.8719969729,2,0
0,0,-0.2609234925,-1.929353813,0,0
0,0,-0.3991699625,-1.382464699,0,0
0,0,-0.5135767119,-1.144067495,0,0
0,0,-0.6411773185,-1.276006065,2,0
0,0,-0.9206670958,-2.794897774,2,0
0,0,-1.375475848,-4.548087522,2,-1
1,1,-1.983919071,-6.084432235
0,0,0,0,1,0
0,0,0.004842377929,0.04842377929,0,0
0,0,0.08275709744,0.7791471951,0,0
0,0,0.253505297,1.707481996,2,0
0,0,0.3697026328,1.161973358,1,0
0,0,0.5435498236,1.738471908,2,0
0,0,0.7289924465,1.854426229,0,0
0,0,1.0757636,3.467711535,2,0
0,0,1.518961355,4.431977555,1,-1
1,1,2.107673495,5.887121394
0,0,0,0,2,0
0,0,-0.08045565351,-0.8045565351,0,0
0,0,-0.08531675879,-0.04861105279,0,0
0,0,-0.02880368896,0.5651306983,0,0
0,0,0.1163557002,1.451593892,2,0
0,0,0.1969667384,0.8061103819,2,0
0,0,0.2220218815,0.2505514308,0,0
0,0,0.3733004733,1.512785918,2,0
0,0,0.5101058139,1.368053406,2,0
0,0,0.6386205582,1.285147444,1,0
0,0,0.8611639422,2.225433839,0,0
0,0,1.247160541,3.859965993,1,-1
1,1,1.765116847,5.179563059
0,0,0,0,2,0
0,0,-0.07953197572,-0.7953197572,1,0
0,0,-0.1641636743,-0.8463169855,1,0
0,0,-0.2918881122,-1.277244379,2,0
0,0,-0.5603565549,-2.684684427,0,0
0,0,-0.8497237289,-2.89367174,1,0
0,0,-1.254792721,-4.050689923,2,-1
1,1,-1.816114053,-5.613213322
0,0,0,0,0,0
0,0,0.1033093771,1.033093771,2,0
0,0,0.1519803381,0.4867096104,0,0
0,0,0.3122194498,1.602391116,2,0
0,0,0.4489098837,1.36690434,0,0
0,0,0.7239976973,2.750878136,0,0
0,0,1.160899735,4.369020381,0,-1
1,1,1.758949193,5.980494571
0,0,0,0,0,0
0,0,0.1047941936,1.047941936,0,0
0,0,0.3035088617,1.987146681,2,0
0,0,0.4751592837,1.71650422,1,0
0,0,0.7346444527,2.59485169,0,0
0,0,1.145169689,4.105252361,2,-1
1,1,1.651874938,5.06705249
0,0,0,0,0,0
0,0,0.07610849388,0.7610849388,2,0
0,0,0.07906419001,0.02955696135,2,0
0,0,0.01322956078,-0.6583462923,1,0
0,0,-0.05917325291,-0.7240281369,2,0
0,0,-0.2160983746,-1.569251217,1,0
0,0,-0.3990921012,-1.829937266,0,0
0,0,-0.5770436197,-1.779515185,2,0
0,0,-0.9097947797,-3.3275116,2,0
0,0,-1.408898096,-4.991033163,2,-1
1,1,-2.061557263,-6.526591673
0,0,0,0,1,0
0,0,0.005220162557,0.05220162557,2,0
0,0,-0.07729992177,-0.8252008432,0,0
0,0,-0.08963367359,-0.1233375182,1,0
0,0,-0.1329383666,-0.4330469298,2,0
0,0,-0.2816223756,-1.48684009,1,0
0,0,-0.4641363424,-1.825139669,2,0
0,0,-0.8063504615,-3.422141191,1,0
0,0,-1.260646543,-4.542960817,2,-1
1,1,-1.868178149,-6.075316054
0,0,0,0,0,0
0,0,0.08648811218,0.8648811218,0,0
0,0,0.2879206346,2.014325224,2,0
0,0,0.4446740728,1.567534382,0,0
0,0,0.7617635176,3.170894448,1,0
0,0,1.179713002,4.179494847,2,-1
1,1,1.694788146,5.150751441
0,0,0,0,1,0
0,0,-0.001708759966,-0.01708759966,0,0
0,0,0.08288617286,0.8459493283,0,0
0,0,0.2817432008,1.988570279,2,0
0,0,0.4316147263,1.498715254,2,0
0,0,0.5577588087,1.261440825,2,0
0,0,0.6994115575,1.416527488,0,0
0,0,1.005120081,3.05708523,2,0
0,0,1.38350467,3.783845892,1,-1
1,1,1.904170868,5.206661982
0,0,0,0,0,0
0,0,0.09317732395,0.9317732395,1,0
0,0,0.1985000003,1.053226764,1,0
0,0,0.3235008042,1.250008039,0,0
0,0,0.6000227984,2.765219942,1,0
0,0,0.9708354898,3.708126914,2,0
0,0,1.414567128,4.437316382,1,-1
1,1,1.999115013,5.845478849
0,0,0,0,2,0
0,0,-0.1019395822,-1.019395822,2,0
0,0,-0.305366235,-2.034266528,2,0
0,0,-0.6334450131,-3.280787781,1,0
0,0,-1.041215483,-4.077704703,2,-1
1,1,-1.608142555,-5.66927072
0,0,0,0,2,0
0,0,-0.09184026651,-0.9184026651,0,0
0,0,-0.1148617825,-0.2302151599,0,0
0,0,-0.08675615872,0.2810562378,0,0
0,0,0.02709431015,1.138504689,0,0
0,0,0.2292742177,2.021799075,0,0
0,0,0.5471813474,3.179071297,1,0
0,0,0.9303443785,3.831630311,0,0
0,0,1.481864246,5.515198673,2,-1
1,1,2.170309834,6.884455884
0,0,0,0,2,0
0,0,-0.09510167153,-0.9510167153,2,0
0,0,-0.2941626381,-1.990609666,2,0
0,0,-0.6163484389,-3.221858008,0,0
0,0,-0.9530087883,-3.366603493,0,0
0,0,-1.355428196,-4.024194082,1,-1
1,1,-1.90027105,-5.448428536
0,0,0,0,1,0
0,0,-0.006113085177,-0.06113085177,1,0
0,0,-0.03004482854,-0.2393174336,0,0
0,0,0.02964865899,0.5969348753,1,0
0,0,0.1047335344,0.7508487536,0,0
0,0,0.2758747111,1.711411768,1,0
0,0,0.490052253,2.141775419,2,0
0,0,0.7120883378,2.220360848,2,0
0,0,0.9638514892,2.517631514,0,0
0,0,1.380107275,4.162557862,0,-1
1,1,1.952708778,5.726015024
0,0,0,0,1,0
0,0,0.01762713409,0.1762713409,0,0
0,0,0.1103297629,0.9270262879,0,0
0,0,0.3261349327,2.158051698,2,0
0,0,0.5022996711,1.761647384,0,0
0,0,0.8228003697,3.205006986,1,0
0,0,1.252217773,4.294174032,0,-1
1,1,1.84006853,5.878507566
0,0,0,0,1,0
0,0,0.004092194387,0.04092194387,2,0
0,0,-0.07428919478,-0.7838138917,2,0
0,0,-0.2529015764,-1.786123816,0,0
0,0,-0.3779064093,-1.250048329,2,0
0,0,-0.6481114582,-2.702050489,0,0
0,0,-0.9462404756,-2.981290174,2,0
0,0,-1.415069019,-4.688285439,0,-1
1,1,-2.013240144,-5.981711246
0,0,0,0,2,0
0,0,-0.07439097697,-0.7439097697,0,0
0,0,-0.05815232154,0.1623865543,2,0
0,0,-0.1235020835,-0.6534976198,2,0
0,0,-0.305862436,-1.823603525,0,0
0,0,-0.4606727791,-1.548103431,2,0
0,0,-0.7672983945,-3.066256154,0,0
0,0,-1.124693528,-3.573951331,1,-1
1,1,-1.604517017,-4.798234893
0,0,0,0,0,0
0,0,0.08286557523,0.8286557523,0,0
0,0,0.2684849659,1.856193907,0,0
0,0,0.5854354349,3.16950469,1,0
0,0,0.9737903587,3.883549237,0,0
0,0,1.521129869,5.473395102,2,-1
1,1,2.209777831,6.886479622
0,0,0,0,0,0
0,0,0.08856903449,0.8856903449,1,0
0,0,0.1867104577,0.9814142318,1,0
0,0,0.3260665364,1.393560788,0,0
0,0,0.5945555842,2.684890478,2,0
0,0,0.8662461277,2.716905435,1,0
0,0,1.250781444,3.845353163,2,-1
1,1,1.743761573,4.929801286
0,0,0,0,0,0
0,0,0.09519499518,0.9519499518,1,0
0,0,0.1929813402,0.9778634501,2,0
0,0,0.2477142628,0.5473292264,1,0
0,0,0.3334957907,0.8578152786,2,0
0,0,0.3861731569,0.5267736624,2,0
0,0,0.4294281482,0.4325499126,0,0
0,0,0.6055496924,1.761215442,0,0
0,0,0.9405342664,3.34984574,0,0
0,0,1.440563621,5.000293544,0,-1
1,1,2.090541677,6.49978056
0,0,0,0,2,0
0,0,-0.07870963015,-0.7870963015,1,0
0,0,-0.1756198241,-0.969101939,1,0
0,0,-0.3130426193,-1.374227953,2,0
0,0,-0.5703870921,-2.573444728,0,0
0,0,-0.8392342123,-2.688471202,0,0
0,0,-1.162610172,-3.233759593,0,-1
1,1,-1.585509702,-4.228995301
0,0,0,0,1,0
0,0,0.01282337079,0.1282337079,1,0
0,0,0.0381747007,0.2535132991,1,0
0,0,0.05508849266,0.1691379196,1,0
0,0,0.08558456999,0.3049607733,2,0
0,0,0.04861224339,-0.369723266,2,0
0,0,-0.07637792422,-1.249901676,0,0
0,0,-0.1230980364,-0.4672011219,1,0
0,0,-0.2073974397,-0.8429940327,2,0
0,0,-0.4010199774,-1.936225377,2,0
0,0,-0.7509335121,-3.499135346,0,0
0,0,-1.131093463,-3.801599506,2,-1
1,1,-1.671006982,-5.399135192
0,0,0,0,1,0
0,0,0.007543695637,0.07543695637,1,0
0,0,0.009525221982,0.01981526344,0,0
0,0,0.1183308258,1.088056039,2,0
0,0,0.1468662512,0.2853542537,1,0
0,0,0.1952834572,0.4841720595,0,0
0,0,0.3589666498,1.636831926,1,0
0,0,0.5666462621,2.076796124,2,0
0,0,0.7820656869,2.154194248,1,0
0,0,1.110488471,3.284227837,1,0
0,0,1.567192299,4.567038282,1,-1
1,1,2.17083453,6.036422314
0,0,0,0,0,0
0,0,0.09600469289,0.9600469289,1,0
0,0,0.201868383,1.058636901,0,0
0,0,0.4294004384,2.275320554,2,0
0,0,0.6322562812,2.028558428,1,0
0,0,0.9410120046,3.087557234,0,0
0,0,1.418852695,4.7784069,1,-1
1,1,2.039137477,6.202847821
0,0,0,0,2,0
0,0,-0.09123041039,-0.9123041039,0,0
0,0,-0.09547966738,-0.04249256986,1,0
0,0,-0.1110070653,-0.1552739795,0,0
0,0,-0.06201955467,0.4898751066,2,0
0,0,-0.09541564941,-0.3339609474,2,0
0,0,-0.2222590138,-1.268433644,2,0
0,0,-0.4548787936,-2.326197799,0,0
0,0,-0.6692560506,-2.14377257,1,0
0,0,-0.9712620092,-3.020059586,0,0
0,0,-1.354604421,-3.833424121,1,-1
1,1,-1.879235434,-5.246310123
0,0,0,0,0,0
0,0,0.08234717596,0.8234717596,2,0
0,0,0.08516666903,0.02819493066,1,0
0,0,0.0876097855,0.02443116469,1,0
0,0,0.09273382341,0.0512403791,1,0
0,0,0.1277850428,0.3505121936,2,0
0,0,0.08952693182,-0.3825811095,0,0
0,0,0.1370511337,0.4752420185,2,0
0,0,0.1206962541,-0.1635487961,1,0
0,0,0.1309264398,0.1023018572,0,0
0,0,0.2483561571,1.174297173,2,0
0,0,0.3186556778,0.702995207,0,0
0,0,0.5199953202,2.013396425,2,0
0,0,0.7298513396,2.098560193,2,0
0,0,0.9908314303,2.609800907,1,0
0,0,1.370900064,3.800686333,0,-1
1,1,1.905416603,5.34516539
0,0,0,0,2,0
0,0,-0.08906211615,-0.8906211615,1,0
0,0,-0.2047938175,-1.157317013,1,0
0,0,-0.3434260512,-1.386322337,0,0
0,0,-0.4478390715,-1.044130203,2,0
0,0,-0.6866468548,-2.388077833,1,0
0,0,-1.026609916,-3.399630612,2,0
0,0,-1.531368824,-5.047589082,0,-1
1,1,-2.178304855,-6.469360305
0,0,0,0,0,0
0,0,0.07313805591,0.7313805591,1,0
0,0,0.1665804878,0.9344243189,0,0
0,0,0.3579986407,1.914181529,0,0
0,0,0.6723396961,3.143410554,1,0
0,0,1.074209097,4.018694008,0,-1
1,1,1.631200429,5.569913323
0,0,0,0,1,0
0,0,-0.01298625596,-0.1298625596,1,0
0,0,-0.04527742866,-0.3229117269,1,0
0,0,-0.08984850523,-0.4457107657,2,0
0,0,-0.2240880044,-1.342394991,0,0
0,0,-0.3115913854,-0.8750338101,2,0
0,0,-0.5444303602,-2.328389748,1,0
0,0,-0.8637942029,-3.193638427,0,0
0,0,-1.236349207,-3.725550038,2,-1
1,1,-1.770606841,-5.342576347
0,0,0,0,1,0
0,0,0.01093260885,0.1093260885,0,0
0,0,0.1131658867,1.022332778,0,0
0,0,0.3114062715,1.982403848,2,0
0,0,0.4692996035,1.57893332,1,0
0,0,0.7035326339,2.342330303,0,0
0,0,1.099751238,3.962186046,0,-1
1,1,1.661107557,5.613563184
0,0,0,0,2,0
0,0,-0.09126783758,-0.9126783758,1,0
0,0,-0.2020630519,-1.107952144,0,0
0,0,-0.2615003331,-0.5943728118,0,0
0,0,-0.2915778213,-0.3007748814,1,0
0,0,-0.3772845456,-0.8570672431,2,0
0,0,-0.6100459918,-2.327614462,2,0
0,0,-1.005788099,-3.957421073,1,0
0,0,-1.526966573,-5.211784734,1,-1
1,1,-2.193589029,-6.666224567
0,0,0,0,0,0
0,0,0.08337446379,0.8337446379,0,0
0,0,0.2715974065,1.882229427,1,0
0,0,0.5054898769,2.338924705,1,0
0,0,0.8077967949,3.02306918,0,0
0,0,1.264261928,4.56465133,2,-1
1,1,1.827509205,5.632472772
