2,1,1
0,0,0,0,1,0
0,0,0.01383054231,0.1383054231,0,0
0,0,0.1206920409,1.068614986,2,0
0,0,0.165575509,0.4488346809,2,0
0,0,0.1600748181,-0.05500690934,0,0
0,0,0.2817898205,1.217150024,0,0
0,0,0.5499045258,2.681147053,0,0
0,0,0.9598989728,4.09994447,0,0
0,0,1.536716621,5.76817648,0,-1
1,1,2.260919507,7.242028863
0,0,0,0,2,0
0,0,-0.09740571068,-0.9740571068,0,0
0,0,-0.1343596943,-0.3695398367,1,0
0,0,-0.1841708989,-0.4981120451,1,0
0,0,-0.2752474895,-0.9107659064,2,0
0,0,-0.5074256746,-2.321781851,0,0
0,0,-0.7308187161,-2.233930415,1,0
0,0,-1.06745744,-3.366387235,0,0
0,0,-1.493086053,-4.256286137,1,-1
1,1,-2.064444157,-5.713581041
0,0,0,0,0,0
0,0,0.1014123092,1.014123092,2,0
0,0,0.1215106442,0.2009833504,0,0
0,0,0.2634492755,1.419386313,0,0
0,0,0.5350592293,2.716099538,2,0
0,0,0.8095665603,2.74507331,2,0
0,0,1.144252605,3.346860449,1,-1
1,1,1.609276506,4.650239005
0,0,0,0,0,0
0,0,0.09955185978,0.9955185978,2,0
0,0,0.1226654643,0.2311360452,2,0
0,0,0.07111828122,-0.5154718308,2,0
0,0,-0.0562514719,-1.273697531,1,0
0,0,-0.1892977657,-1.330462938,2,0
0,0,-0.4456744132,-2.563766475,2,0
0,0,-0.8519428755,-4.062684623,1,0
0,0,-1.362492785,-5.105499095,2,-1
1,1,-2.027356274,-6.648634889
0,0,0,0,0,0
0,0,0.0781715969,0.781715969,1,0
0,0,0.1539516856,0.7578008873,0,0
0,0,0.3516244186,1.97672733,0,0
0,0,0.6855626912,3.339382726,0,0
0,0,1.176797247,4.91234556,0,-1
1,1,1.822561157,6.457639102
0,0,0,0,2,0
0,0,-0.09897304157,-0.9897304157,0,0
0,0,-0.1177046747,-0.187316331,0,0
0,0,-0.0786182562,0.3908641848,1,0
0,0,-0.06076651298,0.1785174322,0,0
0,0,0.04714894222,1.079154552,2,0
0,0,0.08132242247,0.3417348026,1,0
0,0,0.1272760892,0.4595366676,2,0
0,0,0.1062220919,-0.2105399731,1,0
0,0,0.09862656415,-0.07595527764,0,0
0,0,0.17857037,0.7994380585,1,0
0,0,0.2721390014,0.935686314,2,0
0,0,0.3133817508,0.4124274936,1,0
0,0,0.4081314195,0.9474966874,0,0
0,0,0.6606551488,2.525237293,0,0
0,0,1.074980166,4.14325017,0,-1
1,1,1.644028029,5.690478628
0,0,0,0,0,0
0,0,0.07295277705,0.7295277705,0,0
0,0,0.2347621329,1.618093558,1,0
0,0,0.4257282731,1.909661402,2,0
0,0,0.5901475338,1.644192607,2,0
0,0,0.7769384388,1.86790905,0,0
0,0,1.126648807,3.497103678,1,-1
1,1,1.605727084,4.790782776
0,0,0,0,0,0
0,0,0.08280670542,0.8280670542,1,0
0,0,0.1764144615,0.9360775612,1,0
0,0,0.2957850929,1.193706314,0,0
0,0,0.5357930339,2.400079409,2,0
0,0,0.7757240694,2.399310355,1,0
0,0,1.112240594,3.365165245,1,-1
1,1,1.57382439,4.615837959
0,0,0,0,1,0
0,0,0.003615267704,0.03615267704,0,0
0,0,0.09926000526,0.9564473756,0,0
0,0,0.3042738715,2.050138662,1,0
0,0,0.5686574052,2.643835337,1,0
0,0,0.9109314854,3.422740802,1,0
0,0,1.361486629,4.505551433,2,-1
1,1,1.937454544,5.759679152
0,0,0,0,2,0
0,0,-0.1023986044,-1.023986044,2,0
0,0,-0.3134945492,-2.110959448,1,0
0,0,-0.5843197301,-2.708251809,0,0
0,0,-0.8701923184,-2.858725883,1,0
0,0,-1.267995126,-3.97802808,0,-1
1,1,-1.781605431,-5.136103048
0,0,0,0,0,0
0,0,0.08495324483,0.8495324483,2,0
0,0,0.1128734176,0.2792017277,0,0
0,0,0.2320822178,1.192088002,1,0
0,0,0.3846344795,1.525522617,1,0
0,0,0.614453113,2.298186335,2,0
0,0,0.8706147894,2.561616764,2,0
0,0,1.181758507,3.111437172,2,-1
1,1,1.599229036,4.174705298
0,0,0,0,1,0
0,0,-0.01379169866,-0.1379169866,2,0
0,0,-0.1099067513,-0.961150526,0,0
0,0,-0.1197668783,-0.09860127017,1,0
0,0,-0.1376241278,-0.1785724954,0,0
0,0,-0.1029095841,0.347145437,1,0
0,0,-0.09775287526,0.05156708866,2,0
0,0,-0.1809179859,-0.8316511062,0,0
0,0,-0.1978660231,-0.1694803724,1,0
0,0,-0.2321542225,-0.3428819942,2,0
0,0,-0.3974556864,-1.653014639,0,0
0,0,-0.5436710409,-1.462153545,0,0
0,0,-0.7005004901,-1.568294492,0,0
0,0,-0.9087366214,-2.082361313,2,0
0,0,-1.284259178,-3.755225567,2,-1
1,1,-1.821315098,-5.370559201
0,0,0,0,2,0
0,0,-0.08972143458,-0.8972143458,0,0
0,0,-0.1140211399,-0.242997053,1,0
0,0,-0.1619242716,-0.4790313169,0,0
0,0,-0.1412124253,0.207118463,1,0
0,0,-0.1354335473,0.05778877944,0,0
0,0,-0.07943965023,0.5599389709,0,0
0,0,0.03765206141,1.170917116,0,0
0,0,0.2443376455,2.066855841,0,0
0,0,0.5695072664,3.251696209,0,0
0,0,1.034893626,4.653863599,0,-1
1,1,1.657405024,6.225113974
0,0,0,0,2,0
0,0,-0.09789790516,-0.9789790516,1,0
0,0,-0.2208939343,-1.229960292,0,0
0,0,-0.2963170477,-0.7542311338,0,0
0,0,-0.3380688964,-0.4175184867,1,0
0,0,-0.4309741564,-0.9290526002,0,0
0,0,-0.5239751133,-0.9300095692,1,0
0,0,-0.6946577612,-1.706826478,2,0
0,0,-1.029562241,-3.349044801,2,0
0,0,-1.532286953,-5.027247121,1,-1
1,1,-2.179911815,-6.476248619
0,0,0,0,1,0
0,0,0.000164682763,0.00164682763,2,0
0,0,-0.08926527499,-0.8942995775,1,0
0,0,-0.2064767129,-1.172114379,2,0
0,0,-0.4411931604,-2.347164474,2,0
0,0,-0.8102234677,-3.690303073,0,0
0,0,-1.224624495,-4.144010277,2,-1
1,1,-1.800839482,-5.762149865
0,0,0,0,1,0
0,0,0.00692623265,0.0692623265,1,0
0,0,0.02265837376,0.1573214111,0,0
0,0,0.1313742701,1.087158963,1,0
0,0,0.2657350028,1.343607327,0,0
0,0,0.5163202632,2.505852604,2,0
0,0,0.7778025148,2.614822516,2,0
0,0,1.080380087,3.025775725,0,0
0,0,1.548844778,4.684646906,1,-1
1,1,2.163609009,6.14764231
0,0,0,0,1,0
0,0,0.007847546944,0.07847546944,0,0
0,0,0.09218345922,0.8433591228,2,0
0,0,0.09064002887,-0.01543430353,0,0
0,0,0.2066242248,1.15984196,2,0
0,0,0.2580954502,0.5147122535,2,0
0,0,0.2682593719,0.1016392171,2,0
0,0,0.2454663448,-0.2279302713,1,0
0,0,0.2639391875,0.1847284274,0,0
0,0,0.4134437848,1.495045973,2,0
0,0,0.5564886898,1.43044905,2,0
0,0,0.7013095339,1.44820844,0,0
0,0,1.015081883,3.137723495,1,0
0,0,1.454836379,4.397544952,2,-1
1,1,2.028658421,5.73822042
0,0,0,0,0,0
0,0,0.07349240152,0.7349240152,1,0
0,0,0.1586741053,0.8518170374,1,0
0,0,0.2740533101,1.153792048,0,0
0,0,0.5228961553,2.488428452,0,0
0,0,0.9248626428,4.019664875,2,0
0,0,1.384319787,4.594571445,1,-1
1,1,1.982693715,5.983739274
0,0,0,0,1,0
0,0,-0.006600054644,-0.06600054644,0,0
0,0,0.06689778766,0.734978423,1,0
0,0,0.1577485521,0.9085076448,2,0
0,0,0.1835761085,0.2582755636,2,0
0,0,0.1519342897,-0.3164181876,2,0
0,0,0.04744569545,-1.044885943,1,0
0,0,-0.04040988658,-0.8785558203,0,0
0,0,-0.04643038908,-0.06020502496,2,0
0,0,-0.1450574342,-0.986270451,1,0
0,0,-0.2542448391,-1.091874049,1,0
0,0,-0.3998020059,-1.455571668,0,0
0,0,-0.5279581369,-1.281561311,0,0
0,0,-0.660501504,-1.325433671,2,0
0,0,-0.9514737849,-2.909722809,1,0
0,0,-1.355672451,-4.041986658,0,-1
1,1,-1.883930448,-5.282579971
0,0,0,0,0,0
0,0,0.08962938991,0.8962938991,1,0
0,0,0.19420515,1.045757601,1,0
0,0,0.3231974285,1.289922785,0,0
0,0,0.572276558,2.490791295,2,0
0,0,0.8239763996,2.516998416,2,0
0,0,1.137603536,3.136271363,0,-1
1,1,1.616839002,4.792354663
0,0,0,0,1,0
0,0,-0.009170458302,-0.09170458302,0,0
0,0,0.05178752065,0.6095797895,0,0
0,0,0.1977474655,1.459599448,2,0
0,0,0.3054307079,1.076832425,1,0
0,0,0.4778376628,1.724069548,2,0
0,0,0.6394508308,1.61613168,2,0
0,0,0.8395666577,2.001158269,1,0
0,0,1.151105868,3.115392102,0,-1
1,1,1.624178303,4.730724349
0,0,0,0,1,0
0,0,0.001730156766,0.01730156766,2,0
0,0,-0.0718721909,-0.7360234767,2,0
0,0,-0.2620167489,-1.90144558,0,0
0,0,-0.3986316952,-1.366149463,0,0
0,0,-0.5071876983,-1.085560032,2,0
0,0,-0.769263543,-2.620758446,0,0
0,0,-1.088174116,-3.189105727,2,0
0,0,-1.568559205,-4.80385089,0,-1
1,1,-2.195693483,-6.271342779
0,0,0,0,0,0
0,0,0.09432142311,0.9432142311,0,0
0,0,0.2900581309,1.957367078,2,0
0,0,0.4539379707,1.638798398,1,0
0,0,0.6848188683,2.308808976,1,0
0,0,1.021068605,3.362497366,2,0
0,0,1.435312675,4.142440702,1,-1
1,1,1.993928059,5.586153836
0,0,0,0,2,0
0,0,-0.08696592773,-0.8696592773,2,0
0,0,-0.2890504294,-2.020845017,0,0
0,0,-0.4411467341,-1.520963047,2,0
0,0,-0.7408705772,-2.99723843,2,0
0,0,-1.195945313,-4.550747363,2,-1
1,1,-1.810854705,-6.149093913
0,0,0,0,0,0
0,0,0.09271839076,0.9271839076,0,0
0,0,0.2749227504,1.822043597,1,0
0,0,0.488930586,2.140078356,2,0
0,0,0.6987434867,2.098129007,0,0
0,0,1.077753899,3.790104126,2,0
0,0,1.545504761,4.677508613,2,-1
1,1,2.157475652,6.119708912
0,0,0,0,2,0
0,0,-0.09926510895,-0.9926510895,0,0
0,0,-0.1194094374,-0.2014432847,2,0
0,0,-0.2591211781,-1.397117406,1,0
0,0,-0.453279599,-1.941584209,1,0
0,0,-0.7296886457,-2.764090468,0,0
0,0,-1.057062913,-3.273742673,1,0
0,0,-1.51239118,-4.553282672,2,-1
1,1,-2.117849902,-6.054587213
0,0,0,0,0,0
0,0,0.07593240182,0.7593240182,2,0
0,0,0.08950872982,0.13576328,1,0
0,0,0.1047830324,0.1527430258,2,0
0,0,0.066036977,-0.3874605539,2,0
0,0,-0.03773696036,-1.037739374,0,0
0,0,-0.04805008379,-0.1031312343,1,0
0,0,-0.06768995432,-0.1963987053,1,0
0,0,-0.09353875979,-0.2584880547,1,0
0,0,-0.1331883694,-0.3964960956,1,0
0,0,-0.2123241041,-0.7913573478,0,0
0,0,-0.2412120215,-0.288879174,2,0
0,0,-0.3866736061,-1.454615846,0,0
0,0,-0.5196913879,-1.330177818,1,0
0,0,-0.7313175604,-2.116261725,1,0
0,0,-1.045521483,-3.14203923,0,0
0,0,-1.44046453,-3.949430462,0,-1
1,1,-1.969352474,-5.288879441
0,0,0,0,1,0
0,0,0.01360902003,0.1360902003,0,0
0,0,0.1152378363,1.016288163,1,0
0,0,0.2191004934,1.038626571,2,0
0,0,0.2577763779,0.3867588452,1,0
0,0,0.3548026024,0.9702622447,1,0
0,0,0.5252912055,1.704886032,1,0
0,0,0.7860534836,2.607622781,0,0
0,0,1.221043011,4.349895276,2,-1
1,1,1.76191583,5.408728184
0,0,0,0,0,0
0,0,0.07206016644,0.7206016644,1,0
0,0,0.1545792532,0.8251908678,0,0
0,0,0.3363028259,1.817235727,1,0
0,0,0.5705521248,2.342492989,2,0
0,0,0.8076341418,2.37082017,2,0
0,0,1.095852827,2.882186849,2,0
0,0,1.471977304,3.76124477,0,-1
1,1,1.999576347,5.275990434
0,0,0,0,1,0
0,0,-0.003208547919,-0.03208547919,1,0
0,0,-0.02363898859,-0.2043044067,1,0
0,0,-0.06075185233,-0.3711286374,2,0
0,0,-0.2096079998,-1.488561474,0,0
0,0,-0.3218761052,-1.122681054,1,0
0,0,-0.4904173877,-1.685412825,0,0
0,0,-0.6714457781,-1.810283903,1,0
0,0,-0.9571920851,-2.85746307,2,0
0,0,-1.415874297,-4.58682212,1,-1
1,1,-2.014014515,-5.981402184
0,0,0,0,0,0
0,0,0.07583389198,0.7583389198,1,0
0,0,0.1484291493,0.725952573,0,0
0,0,0.3206866469,1.722574976,2,0
0,0,0.4682136134,1.475269665,0,0
0,0,0.7752133581,3.069997447,0,0
0,0,1.235767409,4.605540511,2,-1
1,1,1.799289436,5.635220264
0,0,0,0,1,0
0,0,0.01278099055,0.1278099055,0,0
0,0,0.1331666425,1.20385652,0,0
0,0,0.3575736078,2.244069653,1,0
0,0,0.6304978176,2.729242098,2,0
0,0,0.9219131249,2.914153073,1,0
0,0,1.329193854,4.072807294,0,-1
1,1,1.894004445,5.648105903
0,0,0,0,2,0
0,0,-0.09905133097,-0.9905133097,1,0
0,0,-0.2213074948,-1.222561638,2,0
0,0,-0.4726941316,-2.513866368,0,0
0,0,-0.7306248266,-2.579306951,0,0
0,0,-1.027357335,-2.96732508,0,0
0,0,-1.401951945,-3.745946102,2,-1
1,1,-1.933161795,-5.312098504
0,0,0,0,2,0
0,0,-0.1041569736,-1.041569736,0,0
0,0,-0.1470292501,-0.4287227646,0,0
0,0,-0.1241992059,0.2283004416,0,0
0,0,-0.03901143716,0.8518776874,2,0
0,0,-0.0344862788,0.04525158361,1,0
0,0,-0.04924696414,-0.1476068533,2,0
0,0,-0.1548938278,-1.056468637,2,0
0,0,-0.3686512239,-2.137573961,1,0
0,0,-0.6460830746,-2.774318507,1,0
0,0,-1.002458999,-3.56375924,0,0
0,0,-1.436482091,-4.340230927,2,-1
1,1,-2.020880815,-5.843987235
0,0,0,0,0,0
0,0,0.1024679361,1.024679361,0,0
0,0,0.3201525665,2.176846304,2,0
0,0,0.5074647687,1.873122022,0,0
0,0,0.8386686381,3.312038694,1,0
0,0,1.276193003,4.375243646,1,-1
1,1,1.845357842,5.691648395
0,0,0,0,1,0
0,0,-0.002010966878,-0.02010966878,2,0
0,0,-0.1068846341,-1.048736672,1,0
0,0,-0.2194972113,-1.126125772,2,0
0,0,-0.4620091827,-2.425119715,1,0
0,0,-0.7698409597,-3.078317769,1,0
0,0,-1.178053992,-4.08213032,0,-1
1,1,-1.68866342,-5.106094281
0,0,0,0,1,0
0,0,-0.006655821448,-0.06655821448,2,0
0,0,-0.09615909857,-0.8950327712,0,0
0,0,-0.1193576279,-0.2319852929,0,0
0,0,-0.08895692314,0.3040070472,1,0
0,0,-0.06977974864,0.1917717451,2,0
0,0,-0.1491566604,-0.7937691176,1,0
0,0,-0.2620931634,-1.12936503,2,0
0,0,-0.5135248873,-2.514317239,2,0
0,0,-0.9051444009,-3.916195136,0,0
0,0,-1.354052318,-4.489079176,2,-1
1,1,-1.954833643,-6.007813242
0,0,0,0,2,0
0,0,-0.07805945995,-0.7805945995,0,0
0,0,-0.09892597924,-0.2086651929,2,0
0,0,-0.2328567564,-1.339307772,0,0
0,0,-0.3042539651,-0.7139720867,2,0
0,0,-0.5026894358,-1.984354707,2,0
0,0,-0.8660758544,-3.633864185,1,0
0,0,-1.337740101,-4.716642462,0,-1
1,1,-1.930311529,-5.925714281
0,0,0,0,0,0
0,0,0.0739821915,0.739821915,0,0
0,0,0.2361620881,1.621798966,0,0
0,0,0.5308464617,2.946843736,1,0
0,0,0.8919010728,3.610546111,0,0
0,0,1.408672568,5.167714955,2,-1
1,1,2.051498485,6.42825917
0,0,0,0,2,0
0,0,-0.09686430308,-0.9686430308,0,0
0,0,-0.1083404326,-0.1147612955,2,0
0,0,-0.2166319468,-1.082915142,0,0
0,0,-0.2706441362,-0.5401218941,0,0
0,0,-0.2873677084,-0.1672357216,1,0
0,0,-0.3424943705,-0.5512666206,2,0
0,0,-0.5282382831,-1.857439126,2,0
0,0,-0.8668864395,-3.386481564,1,0
0,0,-1.32281183,-4.5592539,0,-1
1,1,-1.897295442,-5.74483612
0,0,0,0,1,0
0,0,0.007470249666,0.07470249666,0,0
0,0,0.09936410023,0.9189385057,1,0
0,0,0.218637677,1.192735767,1,0
0,0,0.3846140902,1.659764133,2,0
0,0,0.5313549704,1.467408801,1,0
0,0,0.7567192993,2.253643289,1,0
0,0,1.080693467,3.239741682,1,0
0,0,1.534517886,4.53824419,0,-1
1,1,2.136888934,6.023710476
0,0,0,0,1,0
0,0,0.01394897932,0.1394897932,2,0
0,0,-0.05620247419,-0.7015145351,1,0
0,0,-0.1249002326,-0.686977584,1,0
0,0,-0.2103489295,-0.8544869695,1,0
0,0,-0.31991653,-1.095676004,0,0
0,0,-0.4116822952,-0.9176576518,0,0
0,0,-0.5034969679,-0.9181467274,2,0
0,0,-0.739231447,-2.357344791,1,0
0,0,-1.068829125,-3.295976776,1,0
0,0,-1.531928267,-4.630991428,2,-1
1,1,-2.143347712,-6.114194442
0,0,0,0,1,0
0,0,0.01763422926,0.1763422926,1,0
0,0,0.04680824628,0.2917401702,1,0
0,0,0.07956769266,0.3275944638,0,0
0,0,0.2110560587,1.314883661,0,0
0,0,0.4681743758,2.571183171,1,0
0,0,0.7924689593,3.242945835,1,0
0,0,1.228398886,4.359299265,2,-1
1,1,1.770384952,5.419860657
0,0,0,0,2,0
0,0,-0.09248862227,-0.9248862227,0,0
0,0,-0.1095167567,-0.1702813442,1,0
0,0,-0.14330364,-0.3378688333,2,0
0,0,-0.2903294453,-1.470258053,1,0
0,0,-0.4694452918,-1.791158465,2,0
0,0,-0.7964779403,-3.270326484,0,0
0,0,-1.178014573,-3.815366322,1,-1
1,1,-1.684809379,-5.067948069
0,0,0,0,1,0
0,0,0.01740736922,0.1740736922,1,0
0,0,0.03890436109,0.2149699187,2,0
0,0,-0.03313572767,-0.7204008876,2,0
0,0,-0.1843611004,-1.512253727,1,0
0,0,-0.3592868065,-1.749257061,0,0
0,0,-0.5259111795,-1.66624373,2,0
0,0,-0.8582789865,-3.323678069,1,0
0,0,-1.303211926,-4.449329393,1,-1
1,1,-1.881253441,-5.780415148
0,0,0,0,1,0
0,0,-0.01617901425,-0.1617901425,1,0
0,0,-0.02628030042,-0.1010128617,2,0
0,0,-0.1393908301,-1.131105296,2,0
0,0,-0.3800326259,-2.406417958,0,0
0,0,-0.5925847004,-2.125520745,1,0
0,0,-0.893972581,-3.013878806,0,0
0,0,-1.269935272,-3.759626908,2,-1
1,1,-1.800704256,-5.30768984
0,0,0,0,2,0
0,0,-0.08934606917,-0.8934606917,1,0
0,0,-0.1887010669,-0.9935499774,1,0
0,0,-0.3252461543,-1.365450874,1,0
0,0,-0.5135605447,-1.883143905,1,0
0,0,-0.781381611,-2.678210663,0,0
0,0,-1.103573997,-3.221923861,2,-1
1,1,-1.586666505,-4.830925076
0,0,0,0,0,0
0,0,0.09141797946,0.9141797946,2,0
0,0,0.1059626483,0.1454466882,1,0
0,0,0.1360261891,0.3006354078,0,0
0,0,0.2642701276,1.282439386,0,0
0,0,0.5322840652,2.680139376,0,0
0,0,0.93915514,4.068710748,2,0
0,0,1.420427526,4.812723862,1,-1
1,1,2.042330307,6.219027812
0,0,0,0,0,0
0,0,0.08913774713,0.8913774713,0,0
0,0,0.2832701779,1.941324308,2,0
0,0,0.4516951036,1.684249257,2,0
0,0,0.607366344,1.556712404,2,0
0,0,0.7821886051,1.748222611,2,0
0,0,1.001333728,2.191451231,1,0
0,0,1.340919514,3.395857858,2,-1
1,1,1.806596796,4.656772821
0,0,0,0,0,0
0,0,0.08765507007,0.8765507007,1,0
0,0,0.1849527196,0.9729764951,0,0
0,0,0.3893183512,2.043656316,1,0
0,0,0.6419499861,2.526316349,2,0
0,0,0.9288811943,2.869312082,2,0
0,0,1.289142995,3.602618007,2,-1
1,1,1.765369777,4.76226782
0,0,0,0,1,0
0,0,0.002716015611,0.02716015611,2,0
0,0,-0.0866523229,-0.8936833851,1,0
0,0,-0.1910818311,-1.044295082,2,0
0,0,-0.4303474846,-2.392656535,1,0
0,0,-0.7367062678,-3.063587831,0,0
0,0,-1.091669365,-3.54963097,0,0
0,0,-1.539954476,-4.482851112,2,-1
1,1,-2.136872304,-5.96917828
0,0,0,0,2,0
0,0,-0.08343546984,-0.8343546984,1,0
0,0,-0.1901207921,-1.066853222,2,0
0,0,-0.4066195659,-2.164987738,0,0
0,0,-0.6052537117,-1.986341458,2,0
0,0,-0.9687710841,-3.635173724,2,0
0,0,-1.487795445,-5.190243612,1,-1
1,1,-2.149996473,-6.622010281
0,0,0,0,2,0
0,0,-0.0988868809,-0.988868809,1,0
0,0,-0.225472546,-1.265856651,0,0
0,0,-0.2910021723,-0.6552962626,0,0
0,0,-0.3124707128,-0.2146854053,0,0
0,0,-0.3187207574,-0.06250044582,1,0
0,0,-0.3808377058,-0.6211694838,2,0
0,0,-0.5988784758,-2.1804077,1,0
0,0,-0.9102424448,-3.11363969,0,0
0,0,-1.297005865,-3.867634201,0,-1
1,1,-1.799898568,-5.028927026
0,0,0,0,2,0
0,0,-0.08878850078,-0.8878850078,2,0
0,0,-0.2701354371,-1.813469363,0,0
0,0,-0.4252191295,-1.550836924,1,0
0,0,-0.6571341264,-2.319149969,1,0
0,0,-0.9943207896,-3.371866632,0,0
0,0,-1.403876243,-4.09555453,0,-1
1,1,-1.944136196,-5.402599538
0,0,0,0,1,0
0,0,-0.01121607873,-0.1121607873,1,0
0,0,-0.01725226842,-0.06036189682,1,0
0,0,-0.02489059485,-0.07638326438,1,0
0,0,-0.04845939017,-0.2356879532,2,0
0,0,-0.1694441924,-1.209848022,0,0
0,0,-0.2332445847,-0.6380039226,1,0
0,0,-0.3449139396,-1.11669355,0,0
0,0,-0.4189636741,-0.7404973449,2,0
0,0,-0.638607853,-2.196441789,2,0
0,0,-1.028616201,-3.900083478,0,0
0,0,-1.503011627,-4.743954263,0,-1
1,1,-2.116582739,-6.13571112
0,0,0,0,1,0
0,0,-0.009731661565,-0.09731661565,2,0
0,0,-0.1229662707,-1.132346091,1,0
0,0,-0.2537263913,-1.307601206,0,0
0,0,-0.3549926078,-1.012662165,1,0
0,0,-0.5130305419,-1.580379341,0,0
0,0,-0.683401795,-1.70371253,1,0
0,0,-0.9646456485,-2.812438535,1,0
0,0,-1.374472778,-4.098271296,1,-1
1,1,-1.924155862,-5.496830843
0,0,0,0,0,0
0,0,0.09792249746,0.9792249746,1,0
0,0,0.2254479247,1.275254273,0,0
0,0,0.4744068074,2.489588827,1,0
0,0,0.8011793377,3.267725303,0,0
0,0,1.292927341,4.917480033,1,-1
1,1,1.918284552,6.253572108
0,0,0,0,1,0
0,0,-0.009103210191,-0.09103210191,0,0
0,0,0.05640931658,0.6551252677,0,0
0,0,0.225520035,1.691107185,1,0
0,0,0.4391020451,2.135820101,2,0
0,0,0.6499786809,2.108766358,2,0
0,0,0.8794439242,2.294652433,0,0
0,0,1.279744073,4.003001485,1,-1
1,1,1.811936771,5.321926978
0,0,0,0,0,0
0,0,0.08399982853,0.8399982853,1,0
0,0,0.1728832669,0.8888343841,0,0
0,0,0.3737524699,2.008692029,2,0
0,0,0.5633675497,1.896150798,1,0
0,0,0.8490409446,2.856733949,2,0
0,0,1.199163843,3.501228987,2,-1
1,1,1.649515275,4.503514317
0,0,0,0,2,0
0,0,-0.09448930937,-0.9448930937,0,0
0,0,-0.1055309934,-0.1104168398,2,0
0,0,-0.2225972211,-1.170662277,0,0
0,0,-0.3010063874,-0.7840916635,2,0
0,0,-0.5091948351,-2.081884477,0,0
0,0,-0.7293606053,-2.201657701,0,0
0,0,-0.9805673289,-2.512067236,1,0
0,0,-1.353403703,-3.728363741,0,-1
1,1,-1.84722126,-4.93817557
0,0,0,0,2,0
0,0,-0.09335275473,-0.9335275473,2,0
0,0,-0.2862933247,-1.929405699,2,0
0,0,-0.6211266176,-3.34833293,2,0
0,0,-1.114160503,-4.930338851,1,-1
1,1,-1.727328128,-6.131676252
0,0,0,0,0,0
0,0,0.1017115089,1.017115089,0,0
0,0,0.3209446198,2.192331109,1,0
0,0,0.5907751109,2.69830491,0,0
0,0,1.004878591,4.141034798,0,0
0,0,1.570460063,5.655814724,2,-1
1,1,2.28300149,7.125414269
0,0,0,0,2,0
0,0,-0.08898725537,-0.8898725537,1,0
0,0,-0.1903721157,-1.013848603,2,0
0,0,-0.3986604006,-2.082882849,1,0
0,0,-0.6823958543,-2.837354537,1,0
0,0,-1.052032224,-3.696363697,1,0
0,0,-1.545585359,-4.935531348,0,-1
1,1,-2.183581447,-6.379960885
0,0,0,0,0,0
0,0,0.091858517,0.91858517,2,0
0,0,0.09960143463,0.07742917633,0,0
0,0,0.2004176138,1.008161791,0,0
0,0,0.4333512147,2.32933601,0,0
0,0,0.8119845491,3.786333344,2,0
0,0,1.244671284,4.326867352,0,-1
1,1,1.8388881,5.942168158
0,0,0,0,2,0
0,0,-0.08210547536,-0.8210547536,0,0
0,0,-0.08101728115,0.01088194205,0,0
0,0,0.009839297925,0.9085657908,2,0
0,0,0.01687905638,0.07039758455,0,0
0,0,0.1072546687,0.9037561231,1,0
0,0,0.2033587761,0.9610410739,1,0
0,0,0.3203260771,1.16967301,1,0
0,0,0.5057399934,1.854139163,2,0
0,0,0.6962073999,1.904674065,0,0
0,0,1.044644895,3.484374955,2,0
0,0,1.472434877,4.277899815,2,-1
1,1,2.03789075,5.654558736
0,0,0,0,0,0
0,0,0.0894241324,0.894241324,2,0
0,0,0.09093754895,0.01513416548,0,0
0,0,0.2035670878,1.126295388,1,0
0,0,0.3339957106,1.304286228,0,0
0,0,0.5858939376,2.518982271,0,0
0,0,0.9944475021,4.085535644,1,0
0,0,1.516290724,5.218432216,0,-1
1,1,2.186912745,6.706220216
0,0,0,0,0,0
0,0,0.1017055836,1.017055836,1,0
0,0,0.2305083066,1.28802723,0,0
0,0,0.4862745117,2.557662051,1,0
0,0,0.8007046798,3.144301681,1,0
0,0,1.222494068,4.217893881,2,-1
1,1,1.746880819,5.243867508
0,0,0,0,0,0
0,0,0.1028090804,1.028090804,2,0
0,0,0.1305246215,0.2771554104,1,0
0,0,0.165307261,0.3478263958,1,0
0,0,0.2241572207,0.5884995965,2,0
0,0,0.2311444071,0.06987186461,1,0
0,0,0.2635637721,0.3241936491,0,0
0,0,0.4410740162,1.775102441,2,0
0,0,0.6049992102,1.63925194,1,0
0,0,0.8558557383,2.508565282,0,0
0,0,1.274297871,4.184421331,2,-1
1,1,1.807856535,5.33558664
0,0,0,0,1,0
0,0,0.007359997134,0.07359997134,1,0
0,0,0.01651004481,0.09150047672,2,0
0,0,-0.0698224739,-0.8633251871,0,0
0,0,-0.07858995551,-0.0876748161,2,0
0,0,-0.1845027897,-1.059128342,2,0
0,0,-0.3953260011,-2.108232114,0,0
0,0,-0.5750286452,-1.79702644,1,0
0,0,-0.8483325405,-2.733038953,1,0
0,0,-1.226664687,-3.783321468,0,-1
1,1,-1.716453367,-4.897886794
0,0,0,0,1,0
0,0,0.006329909024,0.06329909024,1,0
0,0,0.002314483626,-0.04015425398,1,0
0,0,-0.00305218202,-0.05366665646,0,0
0,0,0.07304152245,0.7609370447,1,0
0,0,0.168722585,0.956810626,2,0
0,0,0.2117221387,0.4299955366,1,0
0,0,0.2901069993,0.7838486056,2,0
0,0,0.3499295431,0.5982254387,1,0
0,0,0.4681959686,1.182664254,0,0
0,0,0.7471397085,2.789437399,2,0
0,0,1.057073823,3.099341146,1,0
0,0,1.491165598,4.340917744,0,-1
1,1,2.076779661,5.856140631
0,0,0,0,2,0
0,0,-0.09142276919,-0.9142276919,2,0
0,0,-0.2937316789,-2.023089097,2,0
0,0,-0.6117740747,-3.180423958,1,0
0,0,-1.018421525,-4.0664745,2,-1
1,1,-1.582892952,-5.644714269
0,0,0,0,2,0
0,0,-0.09011851775,-0.9011851775,1,0
0,0,-0.2011734589,-1.110549412,2,0
0,0,-0.4476281811,-2.464547222,1,0
0,0,-0.7577521689,-3.101239878,0,0
0,0,-1.120760114,-3.630079453,2,-1
1,1,-1.643707656,-5.229475418
0,0,0,0,0,0
0,0,0.09863216442,0.9863216442,0,0
0,0,0.3191557802,2.205236158,2,0
0,0,0.5072122491,1.880564689,0,0
0,0,0.8535754168,3.463631677,2,0
0,0,1.265447257,4.118718403,1,-1
1,1,1.812144728,5.466974709
0,0,0,0,1,0
0,0,-0.007188659439,-0.07188659439,2,0
0,0,-0.08694689702,-0.7975823758,1,0
0,0,-0.167863581,-0.8091668397,0,0
0,0,-0.1841373561,-0.162737751,1,0
0,0,-0.2359214708,-0.5178411467,1,0
0,0,-0.3129890284,-0.7706755767,2,0
0,0,-0.5108078661,-1.978188377,2,0
0,0,-0.8739179796,-3.631101135,1,0
0,0,-1.34444102,-4.705230401,2,-1
1,1,-1.971179412,-6.26738392
0,0,0,0,2,0
0,0,-0.08297163945,-0.8297163945,2,0
0,0,-0.2695788902,-1.866072508,2,0
0,0,-0.5744885176,-3.049096274,2,0
0,0,-1.02357663,-4.490881122,0,0
0,0,-1.553158329,-5.295816987,0,-1
1,1,-2.227778188,-6.74619859
0,0,0,0,2,0
0,0,-0.08451761358,-0.8451761358,2,0
0,0,-0.2757782061,-1.912605925,0,0
0,0,-0.4122179412,-1.364397351,0,0
0,0,-0.5219425268,-1.097245856,1,0
0,0,-0.7275670462,-2.056245194,2,0
0,0,-1.086843707,-3.592766603,2,-1
1,1,-1.608935713,-5.220920064
0,0,0,0,0,0
0,0,0.08374899898,0.8374899898,0,0
0,0,0.2668140454,1.830650465,2,0
0,0,0.4063055258,1.394914804,0,0
0,0,0.6773315825,2.710260566,0,0
0,0,1.101490516,4.24158934,0,-1
1,1,1.680614791,5.791242743
0,0,0,0,0,0
0,0,0.08476311697,0.8476311697,2,0
0,0,0.1105561929,0.2579307593,1,0
0,0,0.1605811265,0.5002493355,0,0
0,0,0.3109817177,1.504005912,2,0
0,0,0.4391499793,1.281682616,1,0
0,0,0.6451821249,2.060321456,1,0
0,0,0.9529701452,3.077880204,2,0
0,0,1.328024057,3.750539113,1,-1
1,1,1.838726579,5.107025228
0,0,0,0,1,0
0,0,-0.006876856106,-0.06876856106,0,0
0,0,0.08970261825,0.9657947435,1,0
0,0,0.194469116,1.047664978,2,0
0,0,0.2513785366,0.5690942057,1,0
0,0,0.3468267084,0.9544817184,1,0
0,0,0.5096908419,1.628641335,1,0
0,0,0.7542495059,2.445586639,2,0
0,0,1.047927403,2.936778973,2,0
0,0,1.422193421,3.742660178,1,-1
1,1,1.937727253,5.155338323
0,0,0,0,2,0
0,0,-0.0812379572,-0.812379572,2,0
0,0,-0.257403339,-1.761653818,0,0
0,0,-0.4051490323,-1.477456933,2,0
0,0,-0.6879079515,-2.827589192,1,0
0,0,-1.063085293,-3.751773414,1,0
0,0,-1.562654336,-4.995690433,0,-1
1,1,-2.20822292,-6.455685839
0,0,0,0,2,0
0,0,-0.07390672171,-0.7390672171,2,0
0,0,-0.2414710495,-1.675643278,2,0
0,0,-0.5203172765,-2.78846227,0,0
0,0,-0.8095547356,-2.892374592,2,0
0,0,-1.253116509,-4.435617733,2,-1
1,1,-1.855366558,-6.022500488
0,0,0,0,1,0
0,0,-0.009037072892,-0.09037072892,0,0
0,0,0.06722333216,0.7626040505,1,0
0,0,0.1481707883,0.809474561,0,0
0,0,0.3311284049,1.829576166,2,0
0,0,0.4930912644,1.619628595,0,0
0,0,0.8081735131,3.150822488,1,0
0,0,1.230233011,4.220594977,1,-1
1,1,1.781250166,5.510171556
0,0,0,0,0,0
0,0,0.0933007797,0.933007797,0,0
0,0,0.284080135,1.907793553,0,0
0,0,0.6144488894,3.303687544,1,0
0,0,1.019127866,4.04678977,0,-1
1,1,1.584593824,5.654659573
0,0,0,0,0,0
0,0,0.08688678628,0.8688678628,0,0
0,0,0.2621568566,1.752700703,0,0
0,0,0.5573517524,2.951948958,0,0
0,0,1.008377954,4.510262021,0,-1
1,1,1.615685575,6.073076201
0,0,0,0,0,0
0,0,0.08739856043,0.8739856043,0,0
0,0,0.2879186504,2.005200899,2,0
0,0,0.4533761684,1.65457518,0,0
0,0,0.7747006453,3.21324477,1,0
0,0,1.19449445,4.197938049,0,-1
1,1,1.771355974,5.768615233
0,0,0,0,2,0
0,0,-0.07783730656,-0.7783730656,1,0
0,0,-0.1666999501,-0.8886264352,2,0
0,0,-0.3661024824,-1.994025323,0,0
0,0,-0.5405815169,-1.744790345,0,0
0,0,-0.7331298126,-1.925482958,1,0
0,0,-1.020001058,-2.868712458,1,0
0,0,-1.424367516,-4.043664577,0,-1
1,1,-1.960004022,-5.356365058
0,0,0,0,0,0
0,0,0.08905389222,0.8905389222,0,0
0,0,0.2812663262,1.92212434,2,0
0,0,0.4304653188,1.491989925,1,0
0,0,0.6622990199,2.318337011,2,0
0,0,0.937237583,2.749385631,1,0
0,0,1.329287184,3.920496011,2,-1
1,1,1.841756283,5.124690985
0,0,0,0,1,0
0,0,-0.009796110466,-0.09796110466,1,0
0,0,-0.02825453806,-0.184584276,0,0
0,0,0.02154134813,0.4979588619,0,0
0,0,0.1712730839,1.497317358,1,0
0,0,0.3428438764,1.715707925,2,0
0,0,0.4742325509,1.313886745,2,0
0,0,0.604754838,1.305222871,2,0
0,0,0.7535046252,1.487497871,2,0
0,0,0.9429842788,1.894796536,0,0
0,0,1.304009075,3.610247959,0,-1
1,1,1.823652467,5.196433924
0,0,0,0,2,0
0,0,-0.08879057164,-0.8879057164,0,0
0,0,-0.08830012532,0.004904463291,2,0
0,0,-0.180182774,-0.9188264873,0,0
0,0,-0.20949917,-0.2931639596,2,0
0,0,-0.3535463768,-1.440472068,0,0
0,0,-0.4826259113,-1.290795345,0,0
0,0,-0.6008370942,-1.182111829,0,0
0,0,-0.74376689,-1.429297958,1,0
0,0,-0.9984126478,-2.546457578,2,0
0,0,-1.412003197,-4.135905496,2,-1
1,1,-1.978180853,-5.66177656
0,0,0,0,1,0
0,0,-0.01149003285,-0.1149003285,0,0
0,0,0.05631175282,0.6780178567,0,0
0,0,0.2285486589,1.722369061,0,0
0,0,0.5205329557,2.919842968,1,0
0,0,0.8810184513,3.604854956,0,0
0,0,1.407568067,5.265496159,0,-1
1,1,2.086555248,6.789871805
0,0,0,0,0,0
0,0,0.1033093219,1.033093219,1,0
0,0,0.2170444791,1.137351572,0,0
0,0,0.4425309826,2.254865035,0,0
0,0,0.8251690317,3.82638049,0,0
0,0,1.374140816,5.489717843,1,-1
1,1,2.06198881,6.87847994
0,0,0,0,2,0
0,0,-0.08322156304,-0.8322156304,0,0
0,0,-0.08159778424,0.01623778801,2,0
0,0,-0.1818696834,-1.002718992,0,0
0,0,-0.2212237678,-0.3935408437,2,0
0,0,-0.371087671,-1.498639033,0,0
0,0,-0.507095943,-1.36008272,1,0
0,0,-0.7287784132,-2.216824702,2,0
0,0,-1.112803504,-3.840250911,1,-1
1,1,-1.624043678,-5.11240174
0,0,0,0,0,0
0,0,0.07822747675,0.7822747675,1,0
0,0,0.1553854807,0.7715800394,0,0
0,0,0.3585130187,2.03127538,2,0
0,0,0.5364736744,1.779606557,2,0
0,0,0.7165532505,1.800795761,2,0
0,0,0.9491832765,2.326300261,0,0
0,0,1.340786068,3.916027914,0,-1
1,1,1.888503679,5.477176111
0,0,0,0,2,0
0,0,-0.09300801317,-0.9300801317,1,0
0,0,-0.1857231827,-0.927151695,0,0
0,0,-0.2166615159,-0.3093833318,0,0
0,0,-0.1945777712,0.2208374463,2,0
0,0,-0.3073669988,-1.127892276,0,0
0,0,-0.3932414947,-0.8587449588,0,0
0,0,-0.4743027096,-0.8106121491,2,0
0,0,-0.6996769656,-2.25374256,1,0
0,0,-1.012561199,-3.128842339,1,0
0,0,-1.455130179,-4.425689791,0,-1
1,1,-2.030558011,-5.754278324
0,0,0,0,0,0
0,0,0.1051621305,1.051621305,2,0
0,0,0.1379163164,0.3275418591,2,0
0,0,0.09129622857,-0.4662008785,2,0
0,0,-0.009971245069,-1.012674736,1,0
0,0,-0.1252977986,-1.153265535,0,0
0,0,-0.1619202661,-0.3662246752,0,0
0,0,-0.1286736629,0.332466032,1,0
0,0,-0.1012708463,0.2740281665,1,0
0,0,-0.09044462344,0.1082622283,1,0
0,0,-0.1116537348,-0.2120911138,1,0
0,0,-0.1486397763,-0.3698604147,0,0
0,0,-0.1373954455,0.1124433083,0,0
0,0,-0.05749184039,0.7990360506,0,0
0,0,0.1023042221,1.597960625,2,0
0,0,0.2017009145,0.9939669237,2,0
0,0,0.2469895772,0.4528866273,1,0
0,0,0.3385304499,0.9154087269,1,0
0,0,0.4754689929,1.36938543,1,0
0,0,0.6763739142,2.009049213,2,0
0,0,0.9177864448,2.414125306,1,0
0,0,1.277553288,3.597668434,0,-1
1,1,1.796080399,5.185271107
0,0,0,0,2,0
0,0,-0.0827306615,-0.827306615,0,0
0,0,-0.07487692649,0.07853735006,2,0
0,0,-0.1619862608,-0.8710933429,0,0
0,0,-0.198718209,-0.3673194819,2,0
0,0,-0.3528377384,-1.541195294,1,0
0,0,-0.5772550752,-2.244173368,0,0
0,0,-0.8259167707,-2.486616955,1,0
0,0,-1.189233262,-3.633164911,1,-1
1,1,-1.684723891,-4.954906296
0,0,0,0,0,0
0,0,0.08452695668,0.8452695668,0,0
0,0,0.2866945649,2.021676082,2,0
0,0,0.4660288375,1.793342727,0,0
0,0,0.8089671533,3.429383158,1,0
0,0,1.262205671,4.532385175,1,-1
1,1,1.843925509,5.817198385
0,0,0,0,1,0
0,0,0.008571368838,0.08571368838,1,0
0,0,0.01419536191,0.05623993076,1,0
0,0,0.01359189222,-0.00603469691,1,0
0,0,0.02782022108,0.1422832886,0,0
0,0,0.1190483033,0.912280822,2,0
0,0,0.1345915709,0.1554326763,1,0
0,0,0.1901454974,0.5555392647,0,0
0,0,0.3553484492,1.652029518,1,0
0,0,0.5634418098,2.080933606,2,0
0,0,0.7964021364,2.329603266,0,0
0,0,1.186793975,3.903918385,0,-1
1,1,1.735235975,5.484420006
0,0,0,0,2,0
0,0,-0.1012586436,-1.012586436,2,0
0,0,-0.295027973,-1.937693295,0,0
0,0,-0.4617257396,-1.666977666,2,0
0,0,-0.7634116581,-3.016859185,2,0
0,0,-1.236729515,-4.733178566,0,-1
1,1,-1.811236315,-5.745068
0,0,0,0,2,0
0,0,-0.0749459616,-0.749459616,1,0
0,0,-0.160471311,-0.855253494,0,0
0,0,-0.1831191388,-0.2264782783,0,0
0,0,-0.1355339193,0.4758521952,1,0
0,0,-0.1182016292,0.1733229008,1,0
0,0,-0.1348981839,-0.1669655462,0,0
0,0,-0.08660656652,0.4829161734,2,0
0,0,-0.1491041639,-0.6249759739,2,0
0,0,-0.3168146794,-1.677105155,0,0
0,0,-0.4534898637,-1.366751843,0,0
0,0,-0.5924848218,-1.389949581,1,0
0,0,-0.8111479633,-2.186631415,0,0
0,0,-1.095357363,-2.842093994,2,0
0,0,-1.54171313,-4.463557676,2,-1
1,1,-2.13623553,-5.945223992
0,0,0,0,2,0
0,0,-0.105844336,-1.05844336,0,0
0,0,-0.1590421952,-0.5319785922,2,0
0,0,-0.3309610139,-1.719188187,2,0
0,0,-0.6347104511,-3.037494372,0,0
0,0,-0.9523678577,-3.176574065,2,0
0,0,-1.429959018,-4.775911601,0,-1
1,1,-2.037635028,-6.076760101
0,0,0,0,1,0
0,0,-0.01546303734,-0.1546303734,2,0
0,0,-0.1181778029,-1.027147656,0,0
0,0,-0.1623395429,-0.4416173999,1,0
0,0,-0.2305674657,-0.6822792276,2,0
0,0,-0.4114871054,-1.809196398,2,0
0,0,-0.7420186327,-3.305315273,2,0
0,0,-1.229389473,-4.873708402,2,-1
1,1,-1.876052032,-6.46662559
0,0,0,0,2,0
0,0,-0.09063646087,-0.9063646087,1,0
0,0,-0.1952688201,-1.046323592,1,0
0,0,-0.3361500117,-1.408811917,1,0
0,0,-0.5364598708,-2.003098591,0,0
0,0,-0.7575390566,-2.210791858,1,0
0,0,-1.079249661,-3.217106044,2,0
0,0,-1.56117974,-4.819300792,1,-1
1,1,-2.189827179,-6.28647439
0,0,0,0,1,0
0,0,-0.01057262168,-0.1057262168,2,0
0,0,-0.1146011193,-1.040284977,2,0
0,0,-0.3136338049,-1.990326856,0,0
0,0,-0.4942765585,-1.806427536,0,0
0,0,-0.6655179468,-1.712413882,2,0
0,0,-1.008025602,-3.425076551,2,0
0,0,-1.516478902,-5.084532999,2,-1
1,1,-2.173748286,-6.572693839
0,0,0,0,1,0
0,0,-0.008791915944,-0.08791915944,2,0
0,0,-0.1149672057,-1.061752897,1,0
0,0,-0.2550651317,-1.40097926,0,0
0,0,-0.3619868183,-1.069216867,1,0
0,0,-0.5155011568,-1.535143385,2,0
0,0,-0.8289057201,-3.134045633,1,0
0,0,-1.240249629,-4.113439092,2,-1
1,1,-1.813793715,-5.735440855
0,0,0,0,1,0
0,0,-0.003915512107,-0.03915512107,1,0
0,0,-0.02441566277,-0.2050015066,1,0
0,0,-0.03707799912,-0.1266233636,1,0
0,0,-0.05686605998,-0.1978806086,1,0
0,0,-0.1035449249,-0.4667886492,1,0
0,0,-0.1705424305,-0.6699750565,0,0
0,0,-0.1798938527,-0.09351422177,2,0
0,0,-0.2898176722,-1.099238195,0,0
0,0,-0.3791559865,-0.8933831433,1,0
0,0,-0.5273609287,-1.482049422,0,0
0,0,-0.6700650137,-1.42704085,0,0
0,0,-0.8460301653,-1.759651516,2,0
0,0,-1.193824959,-3.477947939,0,-1
1,1,-1.648790545,-4.549655853
0,0,0,0,1,0
0,0,0.003983208721,0.03983208721,2,0
0,0,-0.07706929867,-0.8105250739,2,0
0,0,-0.2614750922,-1.844057936,1,0
0,0,-0.4975166303,-2.360415381,1,0
0,0,-0.8231688907,-3.256522603,0,0
0,0,-1.206467079,-3.832981885,1,-1
1,1,-1.726416336,-5.199492569
0,0,0,0,0,0
0,0,0.09063799434,0.9063799434,1,0
0,0,0.2035180168,1.128800225,1,0
0,0,0.345786769,1.422687522,0,0
0,0,0.6402495042,2.944627352,2,0
0,0,0.9554855274,3.152360232,1,0
0,0,1.387648903,4.321633752,2,-1
1,1,1.94854907,5.609001673
0,0,0,0,0,0
0,0,0.09458294686,0.9458294686,0,0
0,0,0.3104626655,2.158797186,1,0
0,0,0.5798156763,2.693530108,1,0
0,0,0.9369210005,3.571053242,2,0
0,0,1.365424444,4.285034437,2,-1
1,1,1.9185072,5.530827557
0,0,0,0,0,0
0,0,0.09399691241,0.9399691241,2,0
0,0,0.1203099228,0.2631301039,0,0
0,0,0.243452657,1.231427342,0,0
0,0,0.4769370459,2.334843889,2,0
0,0,0.7223841328,2.454470869,2,0
0,0,1.013159452,2.90775319,0,0
0,0,1.475048782,4.618893304,2,-1
1,1,2.072817352,5.977685701
0,0,0,0,2,0
0,0,-0.08767297421,-0.8767297421,1,0
0,0,-0.2015128436,-1.138398694,2,0
0,0,-0.4198137058,-2.183008622,0,0
0,0,-0.637721796,-2.179080903,0,0
0,0,-0.8719791158,-2.342573198,1,0
0,0,-1.214272731,-3.422936156,2,-1
1,1,-1.720760839,-5.064881071
0,0,0,0,1,0
0,0,-0.007517165303,-0.07517165303,0,0
0,0,0.05766211807,0.6517928337,2,0
0,0,0.05417137819,-0.03490739878,0,0
0,0,0.1513035374,0.971321592,0,0
0,0,0.3602263982,2.089228608,2,0
0,0,0.5340098893,1.737834911,2,0
0,0,0.7188535304,1.848436412,1,0
0,0,1.009606883,2.907533523,0,0
0,0,1.472809446,4.632025631,2,-1
1,1,2.072235548,5.994261022
0,0,0,0,1,0
0,0,0.01337040827,0.1337040827,2,0
0,0,-0.06981989555,-0.8319030382,0,0
0,0,-0.0609369835,0.08882912042,2,0
0,0,-0.1539607705,-0.9302378701,2,0
0,0,-0.3670885135,-2.13127743,2,0
0,0,-0.7123931638,-3.453046502,1,0
0,0,-1.146520293,-4.341271296,1,-1
1,1,-1.705205551,-5.586852573
0,0,0,0,1,0
0,0,0.002180847474,0.02180847474,0,0
0,0,0.08925268052,0.8707183305,2,0
0,0,0.103383199,0.141305185,0,0
0,0,0.2112364866,1.078532875,2,0
0,0,0.2807559244,0.6951943786,0,0
0,0,0.4871831527,2.064272283,0,0
0,0,0.8365734008,3.493902481,0,0
0,0,1.355959276,5.193858749,2,-1
1,1,1.997423803,6.414645268
0,0,0,0,0,0
0,0,0.07578066302,0.7578066302,2,0
0,0,0.07862355107,0.02842888053,1,0
0,0,0.1022367527,0.2361320159,2,0
0,0,0.05932066808,-0.4291608458,0,0
0,0,0.1268103841,0.6748971598,1,0
0,0,0.2191298481,0.9231946405,1,0
0,0,0.3517504077,1.326205596,1,0
0,0,0.5351349922,1.833845845,0,0
0,0,0.8772348659,3.420998737,2,0
0,0,1.289333484,4.120986176,1,-1
1,1,1.837681825,5.483483412
0,0,0,0,1,0
0,0,0.01514880401,0.1514880401,2,0
0,0,-0.04924039857,-0.6438920258,2,0
0,0,-0.2185182407,-1.692778422,2,0
0,0,-0.5226252372,-3.041069965,1,0
0,0,-0.9108001821,-3.881749449,0,0
0,0,-1.364618643,-4.538184605,2,-1
1,1,-1.972948874,-6.083302311
0,0,0,0,2,0
0,0,-0.07958308551,-0.7958308551,1,0
0,0,-0.1611915117,-0.8160842622,0,0
0,0,-0.1850532124,-0.2386170063,0,0
0,0,-0.1502906178,0.3476259452,1,0
0,0,-0.1475767351,0.02713882748,1,0
0,0,-0.1598029221,-0.1222618703,0,0
0,0,-0.1193760988,0.4042682334,2,0
0,0,-0.1916023659,-0.7222626712,0,0
0,0,-0.2053248703,-0.1372250439,2,0
0,0,-0.3271369771,-1.218121068,0,0
0,0,-0.4043403151,-0.7720333804,2,0
0,0,-0.6147247378,-2.103844227,2,0
0,0,-0.9773397985,-3.626150607,2,0
0,0,-1.505357257,-5.280174589,1,-1
1,1,-2.177758627,-6.724013692
0,0,0,0,0,0
0,0,0.0713438527,0.713438527,0,0
0,0,0.2378097376,1.664658849,2,0
0,0,0.34793764,1.101279024,1,0
0,0,0.5215448977,1.736072577,0,0
0,0,0.8398144831,3.182695854,2,0
0,0,1.206695993,3.668815102,2,-1
1,1,1.675081577,4.683855841
0,0,0,0,2,0
0,0,-0.08475668459,-0.8475668459,2,0
0,0,-0.2812724049,-1.965157203,0,0
0,0,-0.4425640624,-1.612916575,2,0
0,0,-0.7465179747,-3.039539123,1,0
0,0,-1.15327195,-4.067539755,0,-1
1,1,-1.655830828,-5.025588778
0,0,0,0,2,0
0,0,-0.08063499153,-0.8063499153,0,0
0,0,-0.1023100761,-0.216750846,0,0
0,0,-0.06115267228,0.4115740385,1,0
0,0,-0.02701358947,0.3413908281,2,0
0,0,-0.1016387534,-0.7462516398,0,0
0,0,-0.09065912244,0.1097963101,2,0
0,0,-0.1818062852,-0.9114716275,2,0
0,0,-0.3907689657,-2.089626805,2,0
0,0,-0.7476830323,-3.569140666,2,0
0,0,-1.267173001,-5.194899692,0,-1
1,1,-1.896021389,-6.288483877
0,0,0,0,1,0
0,0,-0.01434694856,-0.1434694856,2,0
0,0,-0.1311069755,-1.16760027,2,0
0,0,-0.3541768784,-2.230699029,2,0
0,0,-0.7046907626,-3.505138842,0,0
0,0,-1.086199063,-3.815083006,1,-1
1,1,-1.596665637,-5.104665737
0,0,0,0,1,0
0,0,0.002576301174,0.02576301174,0,0
0,0,0.09467268583,0.9209638465,2,0
0,0,0.1233884814,0.2871579555,2,0
0,0,0.08321514445,-0.4017333693,0,0
0,0,0.1479829912,0.6476784671,1,0
0,0,0.2263403109,0.783573197,1,0
0,0,0.3327226125,1.063823017,2,0
0,0,0.3986653246,0.6594271202,0,0
0,0,0.6032692881,2.046039636,1,0
0,0,0.9105002307,3.072309425,1,0
0,0,1.323860783,4.133605519,2,-1
1,1,1.858243605,5.343828222
0,0,0,0,0,0
0,0,0.08026586258,0.8026586258,2,0
0,0,0.1027067109,0.2244084833,2,0
0,0,0.04157569941,-0.6113101149,2,0
0,0,-0.1173586674,-1.589343668,1,0
0,0,-0.2945891765,-1.772305091,1,0
0,0,-0.5130440731,-2.184548966,1,0
0,0,-0.8003845279,-2.873404548,0,0
0,0,-1.130851225,-3.304666975,2,-1
1,1,-1.625677707,-4.948264812
0,0,0,0,1,0
0,0,0.01325098698,0.1325098698,0,0
0,0,0.1224021163,1.091511293,1,0
0,0,0.2534397396,1.310376233,0,0
0,0,0.5239595603,2.705198208,0,0
0,0,0.9574031436,4.334435832,0,0
0,0,1.540618711,5.832155672,0,-1
1,1,2.271599946,7.309812355
0,0,0,0,2,0
0,0,-0.0986566523,-0.986566523,2,0
0,0,-0.3129891888,-2.143325364,0,0
0,0,-0.503138413,-1.901492243,0,0
0,0,-0.7083265157,-2.051881027,0,0
0,0,-0.9567007021,-2.483741864,2,0
0,0,-1.368133659,-4.114329564,0,-1
1,1,-1.905664643,-5.37530984
0,0,0,0,1,0
0,0,-0.004060731819,-0.04060731819,0,0
0,0,0.08097020826,0.8503094008,0,0
0,0,0.2614309522,1.804607439,0,0
0,0,0.58279826,3.213673078,0,0
0,0,1.058372568,4.75574308,1,-1
1,1,1.653507498,5.951349303
0,0,0,0,0,0
0,0,0.08304062909,0.8304062909,1,0
0,0,0.1645733236,0.8153269449,0,0
0,0,0.3743632523,2.097899287,0,0
0,0,0.7152529396,3.408896873,0,0
0,0,1.208153365,4.92900425,0,-1
1,1,1.857392263,6.492388981
0,0,0,0,2,0
0,0,-0.1054751889,-1.054751889,0,0
0,0,-0.135690374,-0.3021518511,1,0
0,0,-0.2001070833,-0.6441670925,2,0
0,0,-0.3961890432,-1.960819599,1,0
0,0,-0.660849975,-2.646609318,0,0
0,0,-0.9546144926,-2.937645176,0,0
0,0,-1.317860859,-3.632463662,1,-1
1,1,-1.817385925,-4.995250662
0,0,0,0,2,0
0,0,-0.1051250001,-1.051250001,0,0
0,0,-0.139211086,-0.3408608594,1,0
0,0,-0.1991214207,-0.5991033471,0,0
0,0,-0.2053043297,-0.06182909009,1,0
0,0,-0.2474798122,-0.4217548251,0,0
0,0,-0.2597379571,-0.1225814489,2,0
0,0,-0.3991659351,-1.39427978,1,0
0,0,-0.5954194715,-1.962535364,2,0
0,0,-0.9553003088,-3.598808372,2,0
0,0,-1.484779426,-5.294791173,1,-1
1,1,-2.156457356,-6.716779303
0,0,0,0,0,0
0,0,0.09484102393,0.9484102393,2,0
0,0,0.1111325885,0.1629156452,2,0
0,0,0.05846524619,-0.5266734226,2,0
0,0,-0.06745882271,-1.259240689,0,0
0,0,-0.1175728548,-0.501140321,1,0
0,0,-0.1816559865,-0.6408313172,2,0
0,0,-0.3588094462,-1.771534596,2,0
0,0,-0.6844804362,-3.256709901,2,0
0,0,-1.171133072,-4.866526359,0,-1
1,1,-1.748819972,-5.776869
0,0,0,0,0,0
0,0,0.09797601355,0.9797601355,0,0
0,0,0.3042324459,2.062564323,2,0
0,0,0.4648222486,1.605898027,0,0
0,0,0.7858388995,3.210166509,0,0
0,0,1.270482339,4.846434396,2,-1
1,1,1.860716675,5.902343364
0,0,0,0,0,0
0,0,0.08246492888,0.8246492888,1,0
0,0,0.1793273841,0.968624552,2,0
0,0,0.2062017783,0.2687439423,0,0
0,0,0.3629306472,1.567288689,1,0
0,0,0.5936402475,2.307096003,1,0
0,0,0.904297775,3.106575275,2,0
0,0,1.277789623,3.734918483,0,-1
1,1,1.810224815,5.324351918
0,0,0,0,2,0
0,0,-0.1035604701,-1.035604701,2,0
0,0,-0.3239494891,-2.20389019,0,0
0,0,-0.5110248036,-1.870753145,1,0
0,0,-0.7870250077,-2.760002041,1,0
0,0,-1.160493007,-3.734679991,0,-1
1,1,-1.638570516,-4.78077509
0,0,0,0,2,0
0,0,-0.0866300704,-0.866300704,0,0
0,0,-0.09454501736,-0.07914946963,1,0
0,0,-0.1135200189,-0.1897500154,2,0
0,0,-0.2244836402,-1.109636213,1,0
0,0,-0.3581582184,-1.336745783,0,0
0,0,-0.4821401186,-1.239819002,0,0
0,0,-0.5967024786,-1.1456236,0,0
0,0,-0.7280407144,-1.313382358,0,0
0,0,-0.9130408854,-1.85000171,1,0
0,0,-1.224584198,-3.115433128,2,-1
1,1,-1.698762588,-4.741783897
0,0,0,0,0,0
0,0,0.089104942,0.89104942,2,0
0,0,0.1186106022,0.2950566016,1,0
0,0,0.1824859575,0.6387535538,2,0
0,0,0.1854496648,0.02963707207,1,0
0,0,0.2194830589,0.3403339413,0,0
0,0,0.3921028299,1.72619771,2,0
0,0,0.5581513487,1.660485187,2,0
0,0,0.7463359225,1.881845738,1,0
0,0,1.040969969,2.94634047,0,0
0,0,1.504754943,4.637849739,2,-1
1,1,2.108506466,6.037515226
0,0,0,0,1,0
0,0,0.01309374503,0.1309374503,0,0
0,0,0.1220693241,1.089755791,1,0
0,0,0.2441595022,1.220901781,1,0
0,0,0.4082468666,1.640873644,1,0
0,0,0.6488089951,2.405621286,0,0
0,0,1.043103,3.942940052,1,0
0,0,1.561819987,5.187169864,2,-1
1,1,2.226544125,6.647241383
0,0,0,0,0,0
0,0,0.09205026856,0.9205026856,2,0
0,0,0.09539322912,0.03342960555,1,0
0,0,0.1053690606,0.0997583152,2,0
0,0,0.03787337909,-0.6749568155,1,0
0,0,-0.02734678763,-0.6522016671,0,0
0,0,-0.01138653214,0.1596025549,1,0
0,0,0.01606025647,0.2744678861,1,0
0,0,0.05711553076,0.4105527429,2,0
0,0,0.03448492639,-0.2263060437,0,0
0,0,0.110529301,0.7604437459,2,0
0,0,0.1341405241,0.2361122315,1,0
0,0,0.1939250581,0.5978453398,1,0
0,0,0.298569499,1.046444409,1,0
0,0,0.4576132346,1.590437356,1,0
0,0,0.6900830955,2.32469861,2,0
0,0,0.9454382151,2.553551196,1,0
0,0,1.318321844,3.728836285,0,-1
1,1,1.852271698,5.33949854
0,0,0,0,2,0
0,0,-0.09170292104,-0.9170292104,2,0
0,0,-0.2864283104,-1.947253894,2,0
0,0,-0.613576632,-3.271483216,0,0
0,0,-0.9718618594,-3.582852274,1,0
0,0,-1.443210098,-4.713482386,2,-1
1,1,-2.064869057,-6.21658959
0,0,0,0,0,0
0,0,0.07301230686,0.7301230686,0,0
0,0,0.2564144406,1.834021337,2,0
0,0,0.3877231492,1.313087086,0,0
0,0,0.6539629429,2.662397937,2,0
0,0,0.9449958689,2.910329261,1,0
0,0,1.349642593,4.046467244,2,-1
1,1,1.878778565,5.291359716
0,0,0,0,2,0
0,0,-0.07083584253,-0.7083584253,1,0
0,0,-0.150133892,-0.7929804949,0,0
0,0,-0.1834210417,-0.3328714969,2,0
0,0,-0.3210960976,-1.376750559,2,0
0,0,-0.5950023535,-2.739062559,0,0
0,0,-0.8919646624,-2.969623089,0,0
0,0,-1.262758068,-3.707934057,1,-1
1,1,-1.769812795,-5.070547267
0,0,0,0,1,0
0,0,-0.007279698625,-0.07279698625,1,0
0,0,-0.0309231321,-0.2364343348,2,0
0,0,-0.1623983336,-1.314752015,1,0
0,0,-0.3086313392,-1.462330055,0,0
0,0,-0.4307192048,-1.220878657,1,0
0,0,-0.6101609882,-1.794417834,1,0
0,0,-0.8820555155,-2.718945273,2,0
0,0,-1.313765533,-4.317100178,1,-1
1,1,-1.879011624,-5.65246091
0,0,0,0,0,0
0,0,0.07797631186,0.7797631186,0,0
0,0,0.2688281321,1.908518202,1,0
0,0,0.5033055342,2.344774021,1,0
0,0,0.8016962564,2.983907223,2,0
0,0,1.156621248,3.549249918,1,-1
1,1,1.642825658,4.862044096
0,0,0,0,2,0
0,0,-0.09048272114,-0.9048272114,2,0
0,0,-0.2852495865,-1.947668654,2,0
0,0,-0.6183069623,-3.330573758,2,0
0,0,-1.113936316,-4.956293534,2,-1
1,1,-1.762420653,-6.484843368
0,0,0,0,0,0
0,0,0.09041110253,0.9041110253,0,0
0,0,0.2829602207,1.925491182,2,0
0,0,0.4527324561,1.697722354,0,0
0,0,0.7704958629,3.177634068,0,0
0,0,1.241681127,4.711852645,0,-1
1,1,1.869308521,6.276273936
0,0,0,0,0,0
0,0,0.09037891747,0.9037891747,0,0
0,0,0.2923611615,2.01982244,1,0
0,0,0.5490049071,2.566437457,2,0
0,0,0.8293594509,2.803545437,0,0
0,0,1.267811582,4.384521313,1,-1
1,1,1.840469184,5.726576014
0,0,0,0,2,0
0,0,-0.07692611195,-0.7692611195,2,0
0,0,-0.237529499,-1.60603387,2,0
0,0,-0.5256918474,-2.881623484,2,0
0,0,-0.9609892691,-4.352974217,1,0
0,0,-1.51638025,-5.553909806,2,-1
1,1,-2.220779865,-7.043996158
0,0,0,0,1,0
0,0,0.006603023745,0.06603023745,1,0
0,0,0.02908123125,0.224782075,2,0
0,0,-0.03660295234,-0.6568418359,0,0
0,0,-0.03708870478,-0.004857524401,1,0
0,0,-0.04847437536,-0.1138567058,2,0
0,0,-0.1453961821,-0.9692180671,0,0
0,0,-0.1710170703,-0.2562088827,2,0
0,0,-0.2977444483,-1.26727378,2,0
0,0,-0.5728275239,-2.750830755,1,0
0,0,-0.9248856023,-3.520580784,1,0
0,0,-1.400998327,-4.761127251,1,-1
1,1,-2.014564728,-6.135664005
0,0,0,0,2,0
0,0,-0.1034899038,-1.034899038,2,0
0,0,-0.3248693362,-2.213794324,2,0
0,0,-0.6831642744,-3.582949382,1,0
0,0,-1.125448433,-4.422841587,2,-1
1,1,-1.731297455,-6.05849022
0,0,0,0,1,0
0,0,0.01063105609,0.1063105609,0,0
0,0,0.1106106936,0.9997963756,2,0
0,0,0.144318731,0.337080374,1,0
0,0,0.215345044,0.7102631291,0,0
0,0,0.3967068951,1.813618512,2,0
0,0,0.5658250276,1.691181325,1,0
0,0,0.8334277112,2.676026835,1,0
0,0,1.221406555,3.879788433,0,-1
1,1,1.773075699,5.516691449
0,0,0,0,1,0
0,0,0.01421878788,0.1421878788,2,0
0,0,-0.04635826876,-0.6057705664,0,0
0,0,-0.04407593212,0.0228233664,0,0
0,0,0.03034070777,0.744166399,2,0
0,0,0.008360065865,-0.2198064191,2,0
0,0,-0.100288769,-1.086488349,1,0
0,0,-0.2277467257,-1.274579567,1,0
0,0,-0.3843533458,-1.566066201,0,0
0,0,-0.5116779331,-1.273245873,0,0
0,0,-0.6383816722,-1.267037391,1,0
0,0,-0.8632474484,-2.248657762,2,0
0,0,-1.249192294,-3.859448456,1,-1
1,1,-1.770193015,-5.210007212
