2,1,1
0,0,0,0,1,0
0,0,-0.002544801573,-0.02544801573,0,0
0,0,0.09734458034,0.9988938192,1,0
0,0,0.214574676,1.172300957,0,0
0,0,0.4609729849,2.463983089,2,0
0,0,0.6960345124,2.350615275,0,0
0,0,1.086471181,3.904366681,2,0
0,0,1.558837418,4.723662379,2,-1
1,1,2.177059112,6.18221694
0,0,0,0,2,0
0,0,-0.09176792259,-0.9176792259,0,0
0,0,-0.1015467771,-0.09778854539,2,0
0,0,-0.2028994938,-1.013527166,2,0
0,0,-0.4253733592,-2.224738654,1,0
0,0,-0.7231191326,-2.977457734,0,0
0,0,-1.04898432,-3.258651876,2,0
0,0,-1.535351284,-4.863669633,1,-1
1,1,-2.16689,-6.315387164
0,0,0,0,0,0
0,0,0.08065946685,0.8065946685,0,0
0,0,0.2745555711,1.938961042,1,0
0,0,0.5009569212,2.264013501,2,0
0,0,0.7259991997,2.250422785,2,0
0,0,0.994966467,2.689672673,0,0
0,0,1.424978049,4.300115817,1,-1
1,1,1.996116445,5.711383963
0,0,0,0,1,0
0,0,-0.007122945729,-0.07122945729,2,0
0,0,-0.1182189727,-1.11096027,0,0
0,0,-0.1790709647,-0.6085199196,2,0
0,0,-0.3631126664,-1.840417017,1,0
0,0,-0.6127382925,-2.496256261,2,0
0,0,-1.029937787,-4.171994943,1,0
0,0,-1.56514272,-5.352049336,0,-1
1,1,-2.246671156,-6.815284361
0,0,0,0,2,0
0,0,-0.1038091258,-1.038091258,1,0
0,0,-0.2257765255,-1.219673997,1,0
0,0,-0.401659145,-1.758826195,1,0
0,0,-0.6475971152,-2.459379702,0,0
0,0,-0.9173919145,-2.697947993,1,0
0,0,-1.30034569,-3.829537753,2,-1
1,1,-1.838861335,-5.38515645
0,0,0,0,0,0
0,0,0.07887604886,0.7887604886,2,0
0,0,0.08897290394,0.1009685509,0,0
0,0,0.1938001331,1.048272292,0,0
0,0,0.4275846623,2.337845292,2,0
0,0,0.6610877755,2.335031132,2,0
0,0,0.9312727062,2.701849307,0,0
0,0,1.375234726,4.439620199,0,-1
1,1,1.970861887,5.956271606
0,0,0,0,2,0
0,0,-0.1023169728,-1.023169728,2,0
0,0,-0.3168440782,-2.145271054,0,0
0,0,-0.4974829865,-1.806389083,0,0
0,0,-0.6880985794,-1.906155929,1,0
0,0,-0.9715499463,-2.834513669,2,0
0,0,-1.4172791,-4.457291535,0,-1
1,1,-1.994482129,-5.772030295
0,0,0,0,0,0
0,0,0.1001414954,1.001414954,0,0
0,0,0.2946019908,1.944604954,1,0
0,0,0.5420878476,2.474858567,2,0
0,0,0.7897055099,2.476176623,2,0
0,0,1.08517039,2.954648797,1,0
0,0,1.506450896,4.212805066,1,-1
1,1,2.071921964,5.654710678
0,0,0,0,0,0
0,0,0.0905043681,0.905043681,1,0
0,0,0.1952819642,1.047775961,0,0
0,0,0.4174951251,2.222131609,1,0
0,0,0.7050721953,2.875770702,2,0
0,0,1.035222689,3.301504937,0,0
0,0,1.522126254,4.869035647,0,-1
1,1,2.158279003,6.361527496
0,0,0,0,0,0
0,0,0.1024334243,1.024334243,2,0
0,0,0.1402970139,0.3786358965,2,0
0,0,0.1308003722,-0.09496641781,2,0
0,0,0.05810389294,-0.7269647922,0,0
0,0,0.074255655,0.1615176206,0,0
0,0,0.1764696172,1.022139622,1,0
0,0,0.3024818983,1.260122811,0,0
0,0,0.5502843257,2.478024274,0,0
0,0,0.9505641918,4.002798661,2,0
0,0,1.414023734,4.634595419,2,-1
1,1,2.006519485,5.924957515
0,0,0,0,2,0
0,0,-0.08185691608,-0.8185691608,2,0
0,0,-0.2509022529,-1.690453368,2,0
0,0,-0.5323915895,-2.814893367,0,0
0,0,-0.8131747213,-2.807831318,0,0
0,0,-1.149149973,-3.35975252,0,-1
1,1,-1.583359482,-4.342095092
0,0,0,0,2,0
0,0,-0.07568839023,-0.7568839023,2,0
0,0,-0.2589272416,-1.832388514,0,0
0,0,-0.396038356,-1.371111144,0,0
0,0,-0.5270317699,-1.309934139,2,0
0,0,-0.7998733973,-2.728416274,2,0
0,0,-1.229538984,-4.296655866,1,-1
1,1,-1.794471093,-5.649321087
0,0,0,0,0,0
0,0,0.08795563569,0.8795563569,0,0
0,0,0.2661410992,1.781854635,0,0
0,0,0.5827567284,3.166156293,2,0
0,0,0.9201423561,3.373856277,0,0
0,0,1.42651234,5.063699842,2,-1
1,1,2.064641915,6.381295746
0,0,0,0,1,0
0,0,0.003296456407,0.03296456407,0,0
0,0,0.09828804264,0.9499158623,1,0
0,0,0.1974095224,0.9912147975,2,0
0,0,0.2435659167,0.4615639431,0,0
0,0,0.4137490364,1.701831197,1,0
0,0,0.6382475509,2.244985145,0,0
0,0,1.028834013,3.905864622,1,0
0,0,1.540072654,5.112386412,1,-1
1,1,2.197235663,6.571630082
0,0,0,0,0,0
0,0,0.09227534036,0.9227534036,0,0
0,0,0.2850577696,1.927824293,2,0
0,0,0.4278774022,1.428196325,0,0
0,0,0.7242739597,2.963965576,2,0
0,0,1.052142828,3.278688684,1,0
0,0,1.503147708,4.510048794,2,-1
1,1,2.093926541,5.907788339
0,0,0,0,2,0
0,0,-0.07913820043,-0.7913820043,0,0
0,0,-0.0746230802,0.04515120233,2,0
0,0,-0.1656709533,-0.9104787314,0,0
0,0,-0.2047369684,-0.3906601511,2,0
0,0,-0.3531551132,-1.484181448,0,0
0,0,-0.4763713993,-1.232162861,1,0
0,0,-0.664439982,-1.880685827,0,0
0,0,-0.885595392,-2.2115541,2,0
0,0,-1.279297517,-3.937021252,1,-1
1,1,-1.812166052,-5.328685345
0,0,0,0,0,0
0,0,0.1012780938,1.012780938,1,0
0,0,0.2369734363,1.356953426,2,0
0,0,0.3229625679,0.8598913159,1,0
0,0,0.4730462351,1.500836672,0,0
0,0,0.7838074764,3.107612413,0,0
0,0,1.264513667,4.80706191,0,-1
1,1,1.897030988,6.325173202
0,0,0,0,2,0
0,0,-0.1007770251,-1.007770251,0,0
0,0,-0.1319785546,-0.3120152956,1,0
0,0,-0.1838310209,-0.5185246631,0,0
0,0,-0.175028473,0.08802547908,1,0
0,0,-0.2048052089,-0.2977673582,2,0
0,0,-0.3515975658,-1.46792357,1,0
0,0,-0.5653197237,-2.137221579,1,0
0,0,-0.8601204034,-2.948006796,1,0
0,0,-1.277040633,-4.169202296,0,-1
1,1,-1.8033536,-5.26312967
0,0,0,0,1,0
0,0,-0.009414446188,-0.09414446188,2,0
0,0,-0.1116530048,-1.022385586,1,0
0,0,-0.2171323387,-1.054793339,2,0
0,0,-0.4514751644,-2.343428257,2,0
0,0,-0.8332054912,-3.817303268,2,0
0,0,-1.380634199,-5.474287081,1,-1
1,1,-2.067406825,-6.86772626
0,0,0,0,2,0
0,0,-0.101954961,-1.01954961,2,0
0,0,-0.3000224602,-1.980674991,0,0
0,0,-0.4500025167,-1.499800565,1,0
0,0,-0.655948135,-2.059456183,2,0
0,0,-1.032130666,-3.761825314,0,0
0,0,-1.493009345,-4.608786781,0,-1
1,1,-2.093255983,-6.002466387
0,0,0,0,1,0
0,0,0.001210616552,0.01210616552,0,0
0,0,0.07774108367,0.7653046711,2,0
0,0,0.07910275351,0.01361669847,1,0
0,0,0.08659407668,0.0749132317,1,0
0,0,0.1208762119,0.3428213519,2,0
0,0,0.1038590808,-0.170171311,2,0
0,0,0.01982080122,-0.8403827956,2,0
0,0,-0.1526780056,-1.724988068,0,0
0,0,-0.2520479832,-0.9936997762,0,0
0,0,-0.3020283005,-0.4998031729,0,0
0,0,-0.3122974143,-0.1026911374,2,0
0,0,-0.4596601516,-1.473627373,2,0
0,0,-0.7523326219,-2.926724703,2,0
0,0,-1.198499198,-4.461665756,0,-1
1,1,-1.742525573,-5.440263756
0,0,0,0,1,0
0,0,-0.006754325394,-0.06754325394,0,0
0,0,0.0652754743,0.720297997,1,0
0,0,0.1625103267,0.9723485244,2,0
0,0,0.2035919807,0.4108165391,0,0
0,0,0.3544321088,1.508401281,0,0
0,0,0.6325067151,2.780746063,1,0
0,0,0.9896954375,3.571887225,1,0
0,0,1.471537588,4.8184215,0,-1
1,1,2.102452357,6.309147694
0,0,0,0,2,0
0,0,-0.07666294139,-0.7666294139,1,0
0,0,-0.1543472372,-0.7768429579,2,0
0,0,-0.3289073695,-1.745601323,0,0
0,0,-0.4853076527,-1.564002832,1,0
0,0,-0.7204875645,-2.351799118,1,0
0,0,-1.064148188,-3.436606236,2,0
0,0,-1.564755419,-5.006072306,0,-1
1,1,-2.211648157,-6.468927378
0,0,0,0,1,0
0,0,-0.002782406139,-0.02782406139,0,0
0,0,0.06838232473,0.7116473087,2,0
0,0,0.04755385963,-0.208284651,2,0
0,0,-0.06261704972,-1.101709093,0,0
0,0,-0.0829827971,-0.2036574739,1,0
0,0,-0.1127433143,-0.2976051723,2,0
0,0,-0.2483625488,-1.356192345,2,0
0,0,-0.5111392277,-2.627766789,0,0
0,0,-0.768057874,-2.569186463,0,0
0,0,-1.06292982,-2.948719461,0,0
0,0,-1.441123718,-3.781938976,1,-1
1,1,-1.962093075,-5.209693571
0,0,0,0,1,0
0,0,0.008237665151,0.08237665151,1,0
0,0,0.009171871489,0.009342063379,2,0
0,0,-0.07833330189,-0.8750517338,0,0
0,0,-0.1050058609,-0.2667255897,2,0
0,0,-0.2528215312,-1.478156704,2,0
0,0,-0.5359343275,-2.831127963,2,0
0,0,-0.9844688587,-4.485345312,1,0
0,0,-1.554112761,-5.69643902,0,-1
1,1,-2.268684768,-7.145720076
0,0,0,0,0,0
0,0,0.08011618973,0.8011618973,2,0
0,0,0.08570404816,0.05587858436,1,0
0,0,0.1182791213,0.3257507311,0,0
0,0,0.2741857385,1.559066172,1,0
0,0,0.4709243477,1.967386092,1,0
0,0,0.7372013433,2.662769956,2,0
0,0,1.049640754,3.124394102,0,0
0,0,1.520717887,4.710771333,2,-1
1,1,2.13392736,6.132094733
0,0,0,0,1,0
0,0,0.006432271647,0.06432271647,2,0
0,0,-0.07652447898,-0.8295675063,1,0
0,0,-0.1822117849,-1.056873059,2,0
0,0,-0.4122234543,-2.300116693,0,0
0,0,-0.6355610894,-2.233376352,2,0
0,0,-1.011746351,-3.761852611,2,0
0,0,-1.555666064,-5.439197133,2,-1
1,1,-2.247062547,-6.913964834
0,0,0,0,1,0
0,0,0.005897262979,0.05897262979,2,0
0,0,-0.0828296989,-0.8872696188,1,0
0,0,-0.1983613167,-1.155316178,2,0
0,0,-0.4393045444,-2.409432277,2,0
0,0,-0.8228027951,-3.834982507,0,0
0,0,-1.259610236,-4.368074408,1,-1
1,1,-1.832596814,-5.72986578
0,0,0,0,0,0
0,0,0.08036100607,0.8036100607,1,0
0,0,0.1745636583,0.9420265227,2,0
0,0,0.1979438829,0.2338022459,2,0
0,0,0.1854504288,-0.1249345414,0,0
0,0,0.2987734915,1.133230627,2,0
0,0,0.3949619901,0.9618849865,1,0
0,0,0.5471996023,1.522376122,2,0
0,0,0.7210271335,1.738275312,0,0
0,0,1.048750774,3.27723641,1,0
0,0,1.507328297,4.585775221,0,-1
1,1,2.114749101,6.07420804
0,0,0,0,2,0
0,0,-0.0718121531,-0.718121531,0,0
0,0,-0.07685682756,-0.0504467446,2,0
0,0,-0.1997812489,-1.229244213,0,0
0,0,-0.2548772342,-0.5509598533,2,0
0,0,-0.4237083767,-1.688311425,2,0
0,0,-0.738630474,-3.149220973,1,0
0,0,-1.161104684,-4.224742104,2,-1
1,1,-1.745369958,-5.842652735
0,0,0,0,0,0
0,0,0.07554230727,0.7554230727,2,0
0,0,0.08996006914,0.1441776187,2,0
0,0,0.03467545812,-0.5528461102,2,0
0,0,-0.1000154758,-1.346909339,2,0
0,0,-0.3218265161,-2.218110403,0,0
0,0,-0.527392527,-2.055660109,2,0
0,0,-0.8881610341,-3.607685071,2,0
0,0,-1.418611493,-5.304504586,0,-1
1,1,-2.074862956,-6.562514634
0,0,0,0,1,0
0,0,0.009472888651,0.09472888651,0,0
0,0,0.1167057873,1.072328986,0,0
0,0,0.3349444351,2.182386479,1,0
0,0,0.619679735,2.847352999,0,0
0,0,1.052071065,4.323913302,1,-1
1,1,1.611285838,5.592147729
0,0,0,0,2,0
0,0,-0.09494536937,-0.9494536937,1,0
0,0,-0.2037338344,-1.08788465,2,0
0,0,-0.4333715604,-2.29637726,0,0
0,0,-0.6577671203,-2.243955599,2,0
0,0,-1.038833686,-3.810665653,1,0
0,0,-1.542958296,-5.041246106,0,-1
1,1,-2.191188143,-6.482298464
0,0,0,0,0,0
0,0,0.09191270891,0.9191270891,2,0
0,0,0.1115423998,0.1962969088,0,0
0,0,0.2357563378,1.24213938,1,0
0,0,0.3938964735,1.581401357,1,0
0,0,0.6177227307,2.238262573,2,0
0,0,0.8522659052,2.345431744,0,0
0,0,1.244572716,3.92306811,1,-1
1,1,1.773126629,5.285539131
0,0,0,0,0,0
0,0,0.07835059182,0.7835059182,1,0
0,0,0.1759002864,0.9754969458,1,0
0,0,0.300545009,1.246447226,0,0
0,0,0.5481663452,2.476213361,2,0
0,0,0.815540341,2.673739958,2,0
0,0,1.144351394,3.288110525,1,-1
1,1,1.601535705,4.571843114
0,0,0,0,1,0
0,0,0.0001423027879,0.001423027879,1,0
0,0,-0.01062953158,-0.1077183437,2,0
0,0,-0.1023846705,-0.9175513889,2,0
0,0,-0.2978441123,-1.954594418,1,0
0,0,-0.5250597268,-2.272156145,1,0
0,0,-0.8335350839,-3.084753572,1,0
0,0,-1.261124986,-4.275899021,1,-1
1,1,-1.818228054,-5.571030677
0,0,0,0,1,0
0,0,0.003154100682,0.03154100682,0,0
0,0,0.1044184061,1.012643055,0,0
0,0,0.30369879,1.992803838,0,0
0,0,0.6301633241,3.264645341,0,0
0,0,1.11477632,4.846129954,2,-1
1,1,1.69034196,5.755656403
0,0,0,0,2,0
0,0,-0.07464396377,-0.7464396377,0,0
0,0,-0.05919927288,0.1544469089,2,0
0,0,-0.1264151537,-0.6721588083,0,0
0,0,-0.1352156399,-0.08800486215,1,0
0,0,-0.1571404521,-0.219248122,1,0
0,0,-0.2210980544,-0.639576023,0,0
0,0,-0.2328602888,-0.1176223438,1,0
0,0,-0.2972705655,-0.6441027666,1,0
0,0,-0.412044774,-1.147742085,1,0
0,0,-0.5960639425,-1.840191686,1,0
0,0,-0.8808523697,-2.847884272,2,0
0,0,-1.339925967,-4.590735973,1,-1
1,1,-1.939521128,-5.995951608
0,0,0,0,1,0
0,0,0.00119620319,0.0119620319,0,0
0,0,0.09253921342,0.9134301023,1,0
0,0,0.1940669133,1.015276999,1,0
0,0,0.329920297,1.358533837,1,0
0,0,0.5254192136,1.954989166,0,0
0,0,0.8601555178,3.347363042,1,0
0,0,1.295771354,4.35615836,1,-1
1,1,1.870418942,5.746475884
0,0,0,0,1,0
0,0,-0.009126936685,-0.09126936685,2,0
0,0,-0.1123035689,-1.031766322,0,0
0,0,-0.1440913594,-0.3178779053,0,0
0,0,-0.1209091985,0.2318216095,0,0
0,0,-0.03642537328,0.8448382521,0,0
0,0,0.1180522386,1.544776119,0,0
0,0,0.3907809286,2.7272869,2,0
0,0,0.6438542624,2.530733338,1,0
0,0,1.000036057,3.561817943,2,0
0,0,1.432196579,4.321605227,2,-1
1,1,1.995164599,5.629680194
0,0,0,0,0,0
0,0,0.08841327679,0.8841327679,2,0
0,0,0.08874308861,0.003298118211,0,0
0,0,0.208345626,1.196025374,2,0
0,0,0.2823282447,0.7398261871,2,0
0,0,0.3246308606,0.4230261594,1,0
0,0,0.4207305606,0.9609969994,0,0
0,0,0.6501030124,2.293724518,1,0
0,0,0.979821065,3.297180526,0,0
0,0,1.474923319,4.951022536,1,-1
1,1,2.114401795,6.394784761
0,0,0,0,0,0
0,0,0.09855855344,0.9855855344,1,0
0,0,0.2298432266,1.312846732,1,0
0,0,0.4113556638,1.815124372,2,0
0,0,0.5758719307,1.645162669,0,0
0,0,0.9024204334,3.265485026,0,0
0,0,1.386191906,4.837714729,0,-1
1,1,2.025323081,6.391311751
0,0,0,0,1,0
0,0,-0.00612994113,-0.0612994113,1,0
0,0,-0.01181166878,-0.05681727646,2,0
0,0,-0.1194181682,-1.076064994,1,0
0,0,-0.2634149555,-1.439967873,0,0
0,0,-0.3791942433,-1.157792877,1,0
0,0,-0.5533129063,-1.74118663,2,0
0,0,-0.8750467738,-3.217338675,2,0
0,0,-1.363685545,-4.886387716,2,-1
1,1,-2.008469587,-6.447840411
0,0,0,0,2,0
0,0,-0.08162143174,-0.8162143174,1,0
0,0,-0.1657850855,-0.8416365373,1,0
0,0,-0.2683056443,-1.025205588,1,0
0,0,-0.4022442068,-1.339385625,2,0
0,0,-0.6674694423,-2.652252355,0,0
0,0,-0.9536278081,-2.861583658,0,0
0,0,-1.314340715,-3.607129066,0,-1
1,1,-1.796319154,-4.819784394
0,0,0,0,1,0
0,0,-0.007558892379,-0.07558892379,2,0
0,0,-0.08872895782,-0.8117006544,1,0
0,0,-0.1833021904,-0.945732326,0,0
0,0,-0.2138240022,-0.3052181174,2,0
0,0,-0.3554121967,-1.415881945,2,0
0,0,-0.6510489719,-2.956367752,2,0
0,0,-1.100197679,-4.491487072,2,-1
1,1,-1.709829013,-6.096313342
0,0,0,0,2,0
0,0,-0.07592388786,-0.7592388786,0,0
0,0,-0.08738434005,-0.1146045219,2,0
0,0,-0.1885896541,-1.012053141,1,0
0,0,-0.3236878257,-1.350981716,0,0
0,0,-0.4142518069,-0.9056398119,1,0
0,0,-0.5667011513,-1.524493444,1,0
0,0,-0.8147671669,-2.480660156,2,0
0,0,-1.22139652,-4.066293529,1,-1
1,1,-1.760666911,-5.392703913
0,0,0,0,2,0
0,0,-0.08057165574,-0.8057165574,2,0
0,0,-0.2647775016,-1.842058458,0,0
0,0,-0.4184946609,-1.537171594,1,0
0,0,-0.6234471273,-2.049524663,0,0
0,0,-0.8658395993,-2.42392472,0,0
0,0,-1.1768188,-3.109792006,1,-1
1,1,-1.623510399,-4.466915992
0,0,0,0,0,0
0,0,0.08554783234,0.8554783234,1,0
0,0,0.1751372491,0.8958941675,1,0
0,0,0.2942700529,1.191328038,1,0
0,0,0.4760989848,1.818289319,1,0
0,0,0.7340723965,2.579734116,0,0
0,0,1.164673061,4.306006643,0,-1
1,1,1.756801569,5.921285083
0,0,0,0,2,0
0,0,-0.1055506975,-1.055506975,0,0
0,0,-0.1318525643,-0.2630186679,0,0
0,0,-0.1074932434,0.243593209,1,0
0,0,-0.09273464993,0.1475859349,2,0
0,0,-0.1740729724,-0.8133832247,1,0
0,0,-0.2783840785,-1.043111061,1,0
0,0,-0.4157702545,-1.37386176,0,0
0,0,-0.5295767903,-1.138065358,0,0
0,0,-0.6401607085,-1.105839182,0,0
0,0,-0.7864303021,-1.462695936,1,0
0,0,-1.037177471,-2.507471688,0,0
0,0,-1.369215103,-3.320376323,1,-1
1,1,-1.845132287,-4.759171843
0,0,0,0,0,0
0,0,0.08594859443,0.8594859443,2,0
0,0,0.1047437766,0.1879518217,1,0
0,0,0.1357764318,0.3103265516,0,0
0,0,0.2798424564,1.440660246,1,0
0,0,0.458985805,1.791433487,0,0
0,0,0.7926073196,3.336215145,1,0
0,0,1.21965132,4.270440001,1,-1
1,1,1.776927852,5.572765323
0,0,0,0,1,0
0,0,0.005811869342,0.05811869342,1,0
0,0,0.02500929618,0.1919742684,0,0
0,0,0.1521294022,1.27120106,1,0
0,0,0.2947295652,1.426001631,1,0
0,0,0.4937578128,1.990282476,2,0
0,0,0.6987282996,2.049704868,0,0
0,0,1.072965848,3.742375488,0,-1
1,1,1.608082731,5.351168824
0,0,0,0,2,0
0,0,-0.08316461023,-0.8316461023,2,0
0,0,-0.2603406776,-1.771760674,0,0
0,0,-0.4113547497,-1.510140721,1,0
0,0,-0.6131344917,-2.01779742,1,0
0,0,-0.9026160596,-2.894815678,1,0
0,0,-1.317629471,-4.150134112,0,-1
1,1,-1.853303532,-5.356740613
0,0,0,0,2,0
0,0,-0.07579563953,-0.7579563953,2,0
0,0,-0.2410518624,-1.652562229,2,0
0,0,-0.5444671127,-3.034152502,1,0
0,0,-0.9223746855,-3.779075729,0,0
0,0,-1.36509414,-4.427194541,2,-1
1,1,-1.96023356,-5.9513942
0,0,0,0,1,0
0,0,-0.002718577739,-0.02718577739,1,0
0,0,0.00395243445,0.06671012189,0,0
0,0,0.09247458183,0.8852214738,0,0
0,0,0.2716110189,1.79136437,2,0
0,0,0.4204530586,1.488420397,1,0
0,0,0.6225320871,2.020790285,2,0
0,0,0.8371740107,2.146419236,0,0
0,0,1.213951062,3.767770518,2,-1
1,1,1.693445389,4.79494327
0,0,0,0,1,0
0,0,0.0004536333474,0.004536333474,1,0
0,0,-0.01583710678,-0.1629074013,0,0
0,0,0.06509897469,0.8093608148,2,0
0,0,0.05594401038,-0.09154964315,1,0
0,0,0.04981041527,-0.06133595112,2,0
0,0,-0.03628536585,-0.8609578111,1,0
0,0,-0.1246410064,-0.8835564055,2,0
0,0,-0.3247792458,-2.001382394,2,0
0,0,-0.6658018686,-3.410226228,0,0
0,0,-1.040216466,-3.744145978,1,0
0,0,-1.532138358,-4.919218918,0,-1
1,1,-2.166796718,-6.346583598
0,0,0,0,1,0
0,0,-0.01576061475,-0.1576061475,1,0
0,0,-0.01899525255,-0.03234637799,0,0
0,0,0.04584144805,0.6483670059,2,0
0,0,0.04760848392,0.01767035874,0,0
0,0,0.15205509,1.04446606,1,0
0,0,0.2797674626,1.277123726,0,0
0,0,0.5471921729,2.674247103,1,0
0,0,0.8969999539,3.49807781,1,0
0,0,1.359578793,4.62578839,1,-1
1,1,1.957253528,5.976747355
0,0,0,0,1,0
0,0,-0.0110864154,-0.110864154,1,0
0,0,-0.03639474613,-0.2530833073,0,0
0,0,0.006132314272,0.4252706041,0,0
0,0,0.1292606243,1.231283101,2,0
0,0,0.2006930467,0.7143242232,0,0
0,0,0.4018811807,2.01188134,1,0
0,0,0.6531426892,2.512615085,1,0
0,0,1.010992901,3.57850212,0,0
0,0,1.529990492,5.189975907,0,-1
1,1,2.197443268,6.674527766
0,0,0,0,2,0
0,0,-0.09571578766,-0.9571578766,0,0
0,0,-0.1071782918,-0.1146250414,1,0
0,0,-0.1542588317,-0.4708053994,0,0
0,0,-0.1333419662,0.2091686551,2,0
0,0,-0.2280271486,-0.9468518233,0,0
0,0,-0.2884467264,-0.6041957787,0,0
0,0,-0.3189798256,-0.3053309914,1,0
0,0,-0.3896753037,-0.7069547809,1,0
0,0,-0.5256341618,-1.359588581,1,0
0,0,-0.7523849483,-2.267507866,0,0
0,0,-1.019785221,-2.674002726,2,0
0,0,-1.457537217,-4.37751996,2,-1
1,1,-2.047081794,-5.895445771
0,0,0,0,1,0
0,0,0.01113854318,0.1113854318,0,0
0,0,0.1176355045,1.064969613,0,0
0,0,0.3422613736,2.246258691,1,0
0,0,0.6164231184,2.741617448,2,0
0,0,0.9186518231,3.022287047,1,0
0,0,1.345505588,4.268537653,2,-1
1,1,1.896456095,5.509505067
0,0,0,0,1,0
0,0,0.01336367321,0.1336367321,2,0
0,0,-0.07487774763,-0.8824142084,1,0
0,0,-0.1916930458,-1.168152982,1,0
0,0,-0.3436729021,-1.519798563,1,0
0,0,-0.5423402443,-1.986673423,0,0
0,0,-0.7630177243,-2.2067748,2,0
0,0,-1.148771001,-3.857532762,0,-1
1,1,-1.632938669,-4.841676682
0,0,0,0,0,0
0,0,0.07462399246,0.7462399246,0,0
0,0,0.2404835009,1.658595085,1,0
0,0,0.4466228483,2.061393474,1,0
0,0,0.7320102526,2.853874043,2,0
0,0,1.048390397,3.163801441,0,0
0,0,1.534558412,4.861680153,1,-1
1,1,2.166493807,6.319353952
0,0,0,0,0,0
0,0,0.07419992164,0.7419992164,1,0
0,0,0.1585983619,0.8439844027,1,0
0,0,0.2540336887,0.9543532678,1,0
0,0,0.3787554614,1.247217727,0,0
0,0,0.6419701718,2.632147104,0,0
0,0,1.075985984,4.340158124,2,-1
1,1,1.595621229,5.196352445
0,0,0,0,2,0
0,0,-0.08550978141,-0.8550978141,0,0
0,0,-0.09161709511,-0.06107313699,2,0
0,0,-0.215380202,-1.237631069,0,0
0,0,-0.3064027285,-0.9102252651,2,0
0,0,-0.5182207892,-2.118180607,1,0
0,0,-0.7998715239,-2.816507347,1,0
0,0,-1.184170468,-3.842989437,2,-1
1,1,-1.73113903,-5.46968562
0,0,0,0,1,0
0,0,0.001759119837,0.01759119837,0,0
0,0,0.107623531,1.058644112,1,0
0,0,0.2460917544,1.384682234,1,0
0,0,0.4257606965,1.79668942,1,0
0,0,0.6859961974,2.60235501,2,0
0,0,0.9763856234,2.90389426,2,0
0,0,1.344482151,3.680965274,1,-1
1,1,1.84988698,5.05404829
0,0,0,0,2,0
0,0,-0.08932740724,-0.8932740724,1,0
0,0,-0.2047552196,-1.154278124,2,0
0,0,-0.4505858507,-2.458306311,1,0
0,0,-0.7593625831,-3.087767324,1,0
0,0,-1.178259788,-4.188972049,1,-1
1,1,-1.732074998,-5.538152096
0,0,0,0,1,0
0,0,-0.003984313821,-0.03984313821,0,0
0,0,0.06805110563,0.7203541945,2,0
0,0,0.07496035686,0.06909251227,1,0
0,0,0.09817881401,0.2321845715,0,0
0,0,0.2231014616,1.249226475,2,0
0,0,0.3050730726,0.8197161107,0,0
0,0,0.5278939681,2.228208955,2,0
0,0,0.7587445118,2.308505437,2,0
0,0,1.044934926,2.861904142,2,0
0,0,1.411181808,3.662468822,2,-1
1,1,1.905672128,4.944903202
0,0,0,0,0,0
0,0,0.09074661967,0.9074661967,1,0
0,0,0.1905378012,0.9979118153,1,0
0,0,0.3150558904,1.245180892,0,0
0,0,0.562278525,2.472226346,1,0
0,0,0.8947082503,3.324297253,2,0
0,0,1.28856572,3.938574698,2,-1
1,1,1.795925399,5.073596787
0,0,0,0,2,0
0,0,-0.09282616119,-0.9282616119,2,0
0,0,-0.2767292923,-1.839031311,1,0
0,0,-0.5070394566,-2.303101643,0,0
0,0,-0.7329819948,-2.259425381,2,0
0,0,-1.113686192,-3.807041975,0,-1
1,1,-1.58812142,-4.744352273
0,0,0,0,0,0
0,0,0.09020558026,0.9020558026,1,0
0,0,0.1889705449,0.9876496461,2,0
0,0,0.2454498521,0.5647930721,0,0
0,0,0.4123286601,1.66878808,1,0
0,0,0.6520862011,2.397575409,0,0
0,0,1.056030022,4.039438213,0,-1
1,1,1.615119983,5.590899605
0,0,0,0,1,0
0,0,0.01071198049,0.1071198049,1,0
0,0,0.02181513185,0.1110315137,0,0
0,0,0.115042803,0.9322767117,0,0
0,0,0.3124757978,1.974329947,0,0
0,0,0.6351320941,3.226562963,1,0
0,0,1.046427898,4.112958036,2,0
0,0,1.535617206,4.891893079,2,-1
1,1,2.167361423,6.317442173
0,0,0,0,1,0
0,0,-0.006259558062,-0.06259558062,0,0
0,0,0.05890336497,0.6516292303,1,0
0,0,0.1291230609,0.7021969595,2,0
0,0,0.146090701,0.1696764005,2,0
0,0,0.1021573566,-0.4393334434,2,0
0,0,-0.01874810738,-1.20905464,0,0
0,0,-0.06772095546,-0.4897284808,1,0
0,0,-0.1165087016,-0.4878774619,1,0
0,0,-0.1984212105,-0.8191250886,1,0
0,0,-0.3298007232,-1.313795127,1,0
0,0,-0.5152895503,-1.854888272,0,0
0,0,-0.7084660621,-1.931765117,2,0
0,0,-1.073921566,-3.654555041,2,-1
1,1,-1.59990615,-5.259845833
0,0,0,0,2,0
0,0,-0.0904839258,-0.904839258,1,0
0,0,-0.2021383895,-1.116544637,0,0
0,0,-0.2543345155,-0.5219612601,2,0
0,0,-0.4273408395,-1.730063239,2,0
0,0,-0.7392060832,-3.118652438,2,0
0,0,-1.205331165,-4.661250821,0,-1
1,1,-1.777246317,-5.719151519
0,0,0,0,0,0
0,0,0.07070479314,0.7070479314,1,0
0,0,0.164204012,0.9349921891,0,0
0,0,0.365899013,2.01695001,1,0
0,0,0.6357840636,2.698850506,1,0
0,0,0.9957510936,3.5996703,0,0
0,0,1.517176605,5.214255111,1,-1
1,1,2.183825009,6.666484046
0,0,0,0,2,0
0,0,-0.08440497405,-0.8440497405,1,0
0,0,-0.172401405,-0.8799643093,1,0
0,0,-0.288730803,-1.16329398,1,0
0,0,-0.4625317104,-1.738009074,2,0
0,0,-0.773470694,-3.109389836,2,0
0,0,-1.239225451,-4.657547569,0,-1
1,1,-1.815187997,-5.759625464
0,0,0,0,0,0
0,0,0.1032431151,1.032431151,0,0
0,0,0.298654439,1.954113239,1,0
0,0,0.539312102,2.406576629,1,0
0,0,0.8505589719,3.1124687,2,0
0,0,1.214614263,3.640552915,1,-1
1,1,1.713318869,4.987046052
0,0,0,0,2,0
0,0,-0.09193825069,-0.9193825069,0,0
0,0,-0.09505764689,-0.031193962,0,0
0,0,-0.01894850305,0.7610914383,1,0
0,0,0.04401909808,0.6296760113,2,0
0,0,0.03079378252,-0.1322531556,1,0
0,0,0.0176357672,-0.1315801532,2,0
0,0,-0.07834017569,-0.959759429,2,0
0,0,-0.2712655588,-1.929253831,2,0
0,0,-0.5957061268,-3.24440568,1,0
0,0,-0.9946272185,-3.989210917,1,0
0,0,-1.515165213,-5.205379945,0,-1
1,1,-2.176122143,-6.609569305
0,0,0,0,0,0
0,0,0.09901243357,0.9901243357,2,0
0,0,0.1162054692,0.1719303559,2,0
0,0,0.06115932034,-0.5504614882,0,0
0,0,0.119983623,0.5882430266,0,0
0,0,0.2707582945,1.507746715,2,0
0,0,0.3884415835,1.176832889,0,0
0,0,0.6512154776,2.627738942,1,0
0,0,0.9994305277,3.482150501,1,0
0,0,1.469380343,4.69949815,1,-1
1,1,2.081185569,6.118052258
0,0,0,0,2,0
0,0,-0.1047419434,-1.047419434,2,0
0,0,-0.3019513032,-1.972093599,0,0
0,0,-0.4630605639,-1.611092607,0,0
0,0,-0.6137286999,-1.506681359,2,0
0,0,-0.9239272445,-3.101985446,0,0
0,0,-1.309817007,-3.858897623,2,-1
1,1,-1.853340104,-5.43523097
0,0,0,0,1,0
0,0,0.006799760086,0.06799760086,2,0
0,0,-0.06321230528,-0.7001206536,0,0
0,0,-0.06247522707,0.007370782062,0,0
0,0,0.03063852507,0.9311375214,2,0
0,0,0.0298590291,-0.007794959773,0,0
0,0,0.1113503799,0.8149135084,0,0
0,0,0.2962430996,1.848927196,0,0
0,0,0.5996106118,3.033675122,2,0
0,0,0.9111096179,3.114990061,2,0
0,0,1.281316636,3.70207018,2,-1
1,1,1.764040343,4.827237071
0,0,0,0,2,0
0,0,-0.0721171956,-0.721171956,0,0
0,0,-0.05458137814,0.1753581745,2,0
0,0,-0.1353523206,-0.8077094251,0,0
0,0,-0.1443020214,-0.08949700756,0,0
0,0,-0.08054749085,0.6375453056,2,0
0,0,-0.1239954249,-0.4344793407,2,0
0,0,-0.2882808769,-1.64285452,1,0
0,0,-0.489494404,-2.012135271,0,0
0,0,-0.6834156327,-1.939212287,1,0
0,0,-0.978279226,-2.948635933,2,0
0,0,-1.446850274,-4.685710482,0,-1
1,1,-2.048972482,-6.021222078
0,0,0,0,2,0
0,0,-0.07871220085,-0.7871220085,2,0
0,0,-0.2534099961,-1.746977953,1,0
0,0,-0.4620295794,-2.086195833,1,0
0,0,-0.7508149781,-2.887853987,0,0
0,0,-1.071891153,-3.210761748,0,0
0,0,-1.479864637,-4.079734836,1,-1
1,1,-2.03270291,-5.528382738
0,0,0,0,0,0
0,0,0.08912640331,0.8912640331,0,0
0,0,0.291195195,2.020687917,2,0
0,0,0.4698057807,1.786105857,0,0
0,0,0.7867710254,3.169652447,2,0
0,0,1.145689996,3.589189704,2,-1
1,1,1.607091557,4.614015614
0,0,0,0,1,0
0,0,0.009675228785,0.09675228785,2,0
0,0,-0.06766855434,-0.7734378313,2,0
0,0,-0.2449283692,-1.772598149,0,0
0,0,-0.3907842739,-1.458559046,2,0
0,0,-0.6759565854,-2.851723115,0,0
0,0,-0.9894241159,-3.134675305,1,0
0,0,-1.42432288,-4.348987643,2,-1
1,1,-2.010963158,-5.866402781
0,0,0,0,0,0
0,0,0.07544860404,0.7544860404,2,0
0,0,0.07549660726,0.0004800321614,2,0
0,0,-0.01433850981,-0.8983511707,2,0
0,0,-0.1876577465,-1.733192367,2,0
0,0,-0.4922155786,-3.045578321,0,0
0,0,-0.7925860752,-3.003704966,0,0
0,0,-1.136328067,-3.437419917,2,-1
1,1,-1.639042907,-5.027148403
0,0,0,0,0,0
0,0,0.07652976892,0.7652976892,0,0
0,0,0.2664317762,1.899020073,2,0
0,0,0.4280726465,1.616408703,2,0
0,0,0.5761160308,1.480433843,0,0
0,0,0.8884417399,3.123257092,0,0
0,0,1.363951447,4.755097073,0,-1
1,1,1.991284392,6.273329446
0,0,0,0,0,0
0,0,0.07093148852,0.7093148852,2,0
0,0,0.05244703903,-0.1848444949,2,0
0,0,-0.04858743142,-1.010344704,0,0
0,0,-0.06060513535,-0.1201770393,2,0
0,0,-0.1781532689,-1.175481336,0,0
0,0,-0.2427075006,-0.6455423172,1,0
0,0,-0.3534156044,-1.107081038,2,0
0,0,-0.6169252932,-2.635096887,0,0
0,0,-0.8993202407,-2.823949476,1,0
0,0,-1.292881398,-3.935611568,0,-1
1,1,-1.80638103,-5.134996325
0,0,0,0,2,0
0,0,-0.0896017663,-0.896017663,0,0
0,0,-0.1175212831,-0.2791951679,2,0
0,0,-0.2416404738,-1.241191907,1,0
0,0,-0.3985500089,-1.56909535,2,0
0,0,-0.7057588496,-3.072088407,2,0
0,0,-1.178465962,-4.727071121,0,-1
1,1,-1.746686446,-5.682204841
0,0,0,0,1,0
0,0,-0.01246582717,-0.1246582717,2,0
0,0,-0.1090404422,-0.9657461498,2,0
0,0,-0.3144026595,-2.053622174,2,0
0,0,-0.6488282556,-3.34425596,1,0
0,0,-1.059623169,-4.10794913,1,-1
1,1,-1.59531813,-5.356949616
0,0,0,0,1,0
0,0,-0.009579120115,-0.09579120115,2,0
0,0,-0.09466718336,-0.8508806324,2,0
0,0,-0.2980085372,-2.033413538,1,0
0,0,-0.5425877301,-2.445791929,2,0
0,0,-0.9518977297,-4.093099996,2,0
0,0,-1.521940626,-5.700428966,2,-1
1,1,-2.239975481,-7.180348552
0,0,0,0,2,0
0,0,-0.1005823657,-1.005823657,1,0
0,0,-0.2084626151,-1.078802494,1,0
0,0,-0.3384670301,-1.30004415,1,0
0,0,-0.5323238061,-1.93856776,2,0
0,0,-0.8891274808,-3.568036747,2,0
0,0,-1.405448958,-5.163214769,0,-1
1,1,-2.047154221,-6.417052636
0,0,0,0,1,0
0,0,0.002614435322,0.02614435322,0,0
0,0,0.08758214563,0.8496771031,1,0
0,0,0.187119225,0.9953707942,0,0
0,0,0.3893369375,2.022177125,0,0
0,0,0.7442583955,3.54921458,2,0
0,0,1.131069407,3.868110114,2,-1
1,1,1.611104775,4.800353684
0,0,0,0,2,0
0,0,-0.1035452947,-1.035452947,1,0
0,0,-0.2175234132,-1.139781185,0,0
0,0,-0.2748300683,-0.5730665514,2,0
0,0,-0.4686736092,-1.938435409,2,0
0,0,-0.815677439,-3.470038298,1,0
0,0,-1.27917718,-4.634997413,0,-1
1,1,-1.856888004,-5.777108241
0,0,0,0,0,0
0,0,0.09446642127,0.9446642127,0,0
0,0,0.3020644852,2.07598064,0,0
0,0,0.636719347,3.346548618,0,0
0,0,1.132195494,4.954761468,1,-1
1,1,1.751876167,6.196806735
0,0,0,0,1,0
0,0,-0.008176617072,-0.08176617072,1,0
0,0,-0.03380036327,-0.256237462,1,0
0,0,-0.05087817968,-0.1707781642,2,0
0,0,-0.1698660865,-1.189879068,1,0
0,0,-0.3138818337,-1.440157472,1,0
0,0,-0.5185472386,-2.046654049,1,0
0,0,-0.7966747851,-2.781275464,0,0
0,0,-1.124121369,-3.274465837,0,0
0,0,-1.55360937,-4.294880014,0,-1
1,1,-2.128303859,-5.746944887
0,0,0,0,0,0
0,0,0.1023577831,1.023577831,2,0
0,0,0.1223931669,0.2003538383,2,0
0,0,0.08815919085,-0.3423397604,2,0
0,0,-0.008373608782,-0.9653279963,2,0
0,0,-0.201261879,-1.928882703,0,0
0,0,-0.3519000132,-1.506381342,0,0
0,0,-0.4761207,-1.242206868,0,0
0,0,-0.6064202519,-1.302995519,2,0
0,0,-0.8914097467,-2.849894948,0,0
0,0,-1.235457363,-3.440476164,0,-1
1,1,-1.692732086,-4.572747227
0,0,0,0,0,0
0,0,0.08074019944,0.8074019944,2,0
0,0,0.08470181546,0.03961616021,0,0
0,0,0.1741313093,0.894294938,2,0
0,0,0.222739653,0.4860834372,2,0
0,0,0.2373066953,0.1456704231,1,0
0,0,0.2954906242,0.5818392892,0,0
0,0,0.5020144856,2.065238614,0,0
0,0,0.8741112684,3.720967828,0,0
0,0,1.415033526,5.409222578,2,-1
1,1,2.082979845,6.679463188
0,0,0,0,1,0
0,0,-0.001274059609,-0.01274059609,0,0
0,0,0.09201508683,0.9328914644,0,0
0,0,0.2784487135,1.864336266,2,0
0,0,0.4186314292,1.401827158,2,0
0,0,0.5413017895,1.226703603,1,0
0,0,0.739048652,1.977468625,1,0
0,0,1.043533097,3.044844447,0,0
0,0,1.514038707,4.705056103,1,-1
1,1,2.129729925,6.156912178
0,0,0,0,1,0
0,0,-0.01752023681,-0.1752023681,0,0
0,0,0.05211955206,0.6963978887,1,0
0,0,0.1447047252,0.9258517311,1,0
0,0,0.2682038299,1.234991048,2,0
0,0,0.3458093542,0.7760552427,1,0
0,0,0.4857040066,1.398946524,0,0
0,0,0.7760966338,2.903926272,2,0
0,0,1.120123121,3.440264867,1,-1
1,1,1.598739531,4.786164103
0,0,0,0,1,0
0,0,-0.01145093227,-0.1145093227,2,0
0,0,-0.09866389525,-0.8721296298,1,0
0,0,-0.1962736608,-0.9760976556,0,0
0,0,-0.2315958668,-0.3532220601,1,0
0,0,-0.3049233094,-0.7332744258,1,0
0,0,-0.4314092542,-1.264859448,2,0
0,0,-0.7060656312,-2.74656377,2,0
0,0,-1.14559864,-4.395330088,2,-1
1,1,-1.740852169,-5.952535295
0,0,0,0,0,0
0,0,0.08729441355,0.8729441355,2,0
0,0,0.085691414,-0.01602999543,0,0
0,0,0.1901130893,1.044216752,2,0
0,0,0.2469647196,0.5685163036,1,0
0,0,0.3607782454,1.138135258,2,0
0,0,0.4559660163,0.9518777094,2,0
0,0,0.5436552216,0.8768920532,1,0
0,0,0.7218021576,1.781469359,0,0
0,0,1.066941666,3.451395089,2,0
0,0,1.497340407,4.303987403,0,-1
1,1,2.078039413,5.806990062
0,0,0,0,1,0
0,0,0.01294599455,0.1294599455,0,0
0,0,0.1100858252,0.9713983063,2,0
0,0,0.1471524437,0.3706661849,0,0
0,0,0.2887708476,1.416184039,1,0
0,0,0.4841795006,1.95408653,1,0
0,0,0.7615119724,2.773324718,0,0
0,0,1.200817965,4.393059925,0,-1
1,1,1.802888993,6.020710281
0,0,0,0,1,0
0,0,-0.01644584708,-0.1644584708,1,0
0,0,-0.03041490103,-0.1396905395,1,0
0,0,-0.03998978192,-0.09574880893,0,0
0,0,0.0281800508,0.6816983272,0,0
0,0,0.1830959991,1.549159483,1,0
0,0,0.3727947794,1.896987803,2,0
0,0,0.5444244556,1.716296762,1,0
0,0,0.7981876764,2.537632208,1,0
0,0,1.16864507,3.704573939,1,-1
1,1,1.669891469,5.012463988
0,0,0,0,2,0
0,0,-0.07190802715,-0.7190802715,0,0
0,0,-0.08067966843,-0.08771641286,2,0
0,0,-0.1804785133,-0.9979884483,2,0
0,0,-0.4030677961,-2.225892829,0,0
0,0,-0.6039298693,-2.008620731,2,0
0,0,-0.9539730496,-3.500431804,2,0
0,0,-1.46445423,-5.104811807,2,-1
1,1,-2.126365295,-6.619110643
0,0,0,0,2,0
0,0,-0.07989421505,-0.7989421505,0,0
0,0,-0.07197182792,0.07922387129,2,0
0,0,-0.1725135756,-1.005417477,0,0
0,0,-0.2024382426,-0.2992466702,2,0
0,0,-0.3441191076,-1.41680865,1,0
0,0,-0.5524960395,-2.083769319,2,0
0,0,-0.9051144847,-3.526184452,2,0
0,0,-1.415487487,-5.103730022,2,-1
1,1,-2.076058375,-6.605708883
0,0,0,0,2,0
0,0,-0.07211665374,-0.7211665374,0,0
0,0,-0.06627287145,0.05843782293,0,0
0,0,0.03186135464,0.9813422609,0,0
0,0,0.2401765569,2.083152023,0,0
0,0,0.5590540419,3.18877485,2,0
0,0,0.8733501972,3.142961554,2,0
0,0,1.239043574,3.65693377,1,-1
1,1,1.735395663,4.963520891
0,0,0,0,2,0
0,0,-0.08367975944,-0.8367975944,1,0
0,0,-0.1836165721,-0.9993681269,1,0
0,0,-0.3070848093,-1.234682372,0,0
0,0,-0.3896761577,-0.8259134834,2,0
0,0,-0.6000696919,-2.103935343,2,0
0,0,-0.9763718443,-3.763021523,0,0
0,0,-1.434447532,-4.580756874,1,-1
1,1,-2.03535067,-6.009031385
0,0,0,0,2,0
0,0,-0.09817177819,-0.9817177819,0,0
0,0,-0.1406244017,-0.4245262347,0,0
0,0,-0.1105346695,0.300897322,2,0
0,0,-0.2024254779,-0.9189080847,2,0
0,0,-0.4233536582,-2.209281803,0,0
0,0,-0.6373192534,-2.139655952,0,0
0,0,-0.8857551932,-2.484359398,0,0
0,0,-1.202734502,-3.169793084,0,-1
1,1,-1.629673446,-4.269389443
0,0,0,0,0,0
0,0,0.1030541177,1.030541177,0,0
0,0,0.3251790938,2.221249761,1,0
0,0,0.6058615193,2.806824255,1,0
0,0,0.9847633983,3.78901879,2,0
0,0,1.446438002,4.616746041,0,-1
1,1,2.058955723,6.12517721
0,0,0,0,1,0
0,0,-0.006415103501,-0.06415103501,1,0
0,0,-0.02382400682,-0.1740890332,2,0
0,0,-0.1419348415,-1.181108347,2,0
0,0,-0.3723698043,-2.304349628,1,0
0,0,-0.6715799197,-2.992101154,1,0
0,0,-1.075583719,-4.040037995,0,0
0,0,-1.563395524,-4.878118046,0,-1
1,1,-2.197433964,-6.340384398
0,0,0,0,2,0
0,0,-0.1043284254,-1.043284254,1,0
0,0,-0.2379640776,-1.336356522,0,0
0,0,-0.311900424,-0.7393634643,0,0
0,0,-0.366090521,-0.5419009697,2,0
0,0,-0.559441224,-1.93350703,2,0
0,0,-0.9180288882,-3.585876642,1,0
0,0,-1.382108632,-4.640797437,0,-1
1,1,-1.968603798,-5.864951662
0,0,0,0,0,0
0,0,0.07476386165,0.7476386165,2,0
0,0,0.08672546166,0.1196160001,0,0
0,0,0.2165427015,1.298172399,0,0
0,0,0.457222008,2.406793064,0,0
0,0,0.8349168003,3.776947923,2,0
0,0,1.26880225,4.338854498,0,-1
1,1,1.859425349,5.906230984
0,0,0,0,2,0
0,0,-0.08218449575,-0.8218449575,0,0
0,0,-0.09649730864,-0.1431281289,0,0
0,0,-0.05617131223,0.4032599641,1,0
0,0,-0.02467312476,0.3149818746,2,0
0,0,-0.07979209795,-0.5511897318,1,0
0,0,-0.1558321539,-0.76040056,2,0
0,0,-0.3312761897,-1.754440358,0,0
0,0,-0.4689956169,-1.377194272,2,0
0,0,-0.7444982192,-2.755026023,1,0
0,0,-1.112094708,-3.675964892,1,-1
1,1,-1.606767937,-4.946732284
0,0,0,0,2,0
0,0,-0.09528944025,-0.9528944025,2,0
0,0,-0.3110337823,-2.157443421,0,0
0,0,-0.5012281789,-1.901943965,2,0
0,0,-0.8289695796,-3.277414008,2,0
0,0,-1.323512604,-4.945430241,2,-1
1,1,-1.971005917,-6.474933138
0,0,0,0,1,0
0,0,0.01623877584,0.1623877584,1,0
0,0,0.01843251463,0.02193738797,1,0
0,0,0.0321971781,0.1376466347,2,0
0,0,-0.03640047403,-0.6859765213,0,0
0,0,-0.01716209528,0.1923837874,2,0
0,0,-0.07554099608,-0.5837890079,1,0
0,0,-0.1339158629,-0.5837486684,1,0
0,0,-0.2297848922,-0.9586902927,1,0
0,0,-0.3582912556,-1.285063634,0,0
0,0,-0.4557657797,-0.9747452409,0,0
0,0,-0.5422794365,-0.8651365687,0,0
0,0,-0.6338357371,-0.9155630055,2,0
0,0,-0.8948919406,-2.610562035,2,0
0,0,-1.315645051,-4.207531106,1,-1
1,1,-1.870624315,-5.549792643
0,0,0,0,1,0
0,0,-0.009479450037,-0.09479450037,0,0
0,0,0.05007815035,0.5955760039,0,0
0,0,0.1997982842,1.497201339,0,0
0,0,0.4563388869,2.565406027,1,0
0,0,0.7826970523,3.263581653,1,0
0,0,1.218774908,4.360778554,0,-1
1,1,1.817489658,5.9871475
0,0,0,0,0,0
0,0,0.100199184,1.00199184,0,0
0,0,0.3166763408,2.164771567,2,0
0,0,0.5174821762,2.008058354,1,0
0,0,0.8091297591,2.916475829,0,0
0,0,1.259664152,4.505343932,0,-1
1,1,1.87013301,6.10468858
0,0,0,0,1,0
0,0,-0.01444597046,-0.1444597046,2,0
0,0,-0.1076804172,-0.9323444677,0,0
0,0,-0.1213469131,-0.1366649587,0,0
0,0,-0.06613335152,0.5521356159,0,0
0,0,0.05844411998,1.245774715,0,0
0,0,0.2848646283,2.264205083,2,0
0,0,0.466382185,1.815175567,2,0
0,0,0.6597558969,1.933737119,2,0
0,0,0.8766975926,2.169416957,1,0
0,0,1.209445183,3.327475901,1,-1
1,1,1.680828117,4.713829345
0,0,0,0,2,0
0,0,-0.1012782156,-1.012782156,2,0
0,0,-0.3035471846,-2.02268969,0,0
0,0,-0.4713057894,-1.677586048,2,0
0,0,-0.7817636859,-3.104578965,2,0
0,0,-1.259332766,-4.775690803,1,-1
1,1,-1.867084477,-6.077517108
0,0,0,0,2,0
0,0,-0.07697878009,-0.7697878009,1,0
0,0,-0.1498993475,-0.7292056741,1,0
0,0,-0.2574562165,-1.07556869,1,0
0,0,-0.3980662768,-1.406100603,1,0
0,0,-0.5911647857,-1.930985089,1,0
0,0,-0.8726757809,-2.815109951,1,0
0,0,-1.271900132,-3.992243516,2,-1
1,1,-1.827284919,-5.553847865
0,0,0,0,2,0
0,0,-0.08246361806,-0.8246361806,2,0
0,0,-0.2504807787,-1.680171606,1,0
0,0,-0.4740427867,-2.235620081,0,0
0,0,-0.68300313,-2.089603433,0,0
0,0,-0.9348739485,-2.518708185,0,0
0,0,-1.257019047,-3.221450983,0,-1
1,1,-1.692166927,-4.351478805
0,0,0,0,0,0
0,0,0.09289195252,0.9289195252,1,0
0,0,0.2009585523,1.080665998,0,0
0,0,0.4381812758,2.372227235,2,0
0,0,0.6673963972,2.292151214,2,0
0,0,0.9294060677,2.620096705,2,0
0,0,1.272142073,3.427360053,2,-1
1,1,1.726962856,4.548207832
0,0,0,0,0,0
0,0,0.0944270129,0.944270129,2,0
0,0,0.129802,0.3537498713,0,0
0,0,0.2581069473,1.283049472,0,0
0,0,0.5160127468,2.579057996,2,0
0,0,0.7713290283,2.553162815,1,0
0,0,1.135520534,3.641915056,0,-1
1,1,1.658986455,5.234659207
0,0,0,0,1,0
0,0,-0.01762638367,-0.1762638367,0,0
0,0,0.05254060846,0.7016699213,1,0
0,0,0.1187257757,0.6618516727,0,0
0,0,0.2949522605,1.762264847,0,0
0,0,0.5982235588,3.032712983,2,0
0,0,0.9198960935,3.216725347,0,0
0,0,1.410406184,4.905100907,0,-1
1,1,2.053230758,6.428245739
0,0,0,0,1,0
0,0,0.003930234989,0.03930234989,0,0
0,0,0.08646089729,0.825306623,0,0
0,0,0.2657691432,1.793082459,2,0
0,0,0.4043764842,1.38607341,1,0
0,0,0.6231612435,2.187847593,0,0
0,0,0.9990528793,3.758916358,1,0
0,0,1.490716092,4.916632126,2,-1
1,1,2.120375196,6.296591041
0,0,0,0,2,0
0,0,-0.1012553571,-1.012553571,0,0
0,0,-0.1385517742,-0.3729641716,1,0
0,0,-0.208243208,-0.6969143378,1,0
0,0,-0.3179434407,-1.097002327,1,0
0,0,-0.494831405,-1.768879643,2,0
0,0,-0.8082642281,-3.13432823,0,0
0,0,-1.178309031,-3.700448032,0,-1
1,1,-1.653999438,-4.756904067
0,0,0,0,1,0
0,0,0.008846917897,0.08846917897,1,0
0,0,0.01675721797,0.07910300078,2,0
0,0,-0.04332971302,-0.60086931,2,0
0,0,-0.1857024491,-1.423727361,1,0
0,0,-0.3556678771,-1.699654279,2,0
0,0,-0.6566155861,-3.00947709,0,0
0,0,-0.9926255639,-3.360099778,0,0
0,0,-1.406118696,-4.134931319,2,-1
1,1,-1.971121754,-5.650030585
0,0,0,0,0,0
0,0,0.1007273125,1.007273125,2,0
0,0,0.1151991662,0.1447185373,2,0
0,0,0.06623057883,-0.4896858741,2,0
0,0,-0.06413281868,-1.303633975,0,0
0,0,-0.1056934777,-0.4156065905,2,0
0,0,-0.2566462463,-1.509527686,2,0
0,0,-0.5227717576,-2.661255112,0,0
0,0,-0.7979194354,-2.751476778,0,0
0,0,-1.122250923,-3.243314877,2,-1
1,1,-1.608835564,-4.865846412
0,0,0,0,0,0
0,0,0.1005187359,1.005187359,1,0
0,0,0.2291679813,1.286492454,1,0
0,0,0.3943699863,1.65202005,2,0
0,0,0.5317727674,1.374027811,2,0
0,0,0.6843050457,1.525322783,1,0
0,0,0.9245331141,2.402280684,2,0
0,0,1.237420213,3.128870991,1,-1
1,1,1.682836949,4.454167358
0,0,0,0,2,0
0,0,-0.07589365447,-0.7589365447,0,0
0,0,-0.082594987,-0.06701332529,2,0
0,0,-0.1983217725,-1.157267855,2,0
0,0,-0.4303349782,-2.320132056,2,0
0,0,-0.8104908297,-3.801558515,1,0
0,0,-1.287222883,-4.767320538,2,-1
1,1,-1.9175066,-6.302837163
0,0,0,0,2,0
0,0,-0.07390472041,-0.7390472041,0,0
0,0,-0.08023778608,-0.06333065674,0,0
0,0,-0.02265657578,0.5758121031,0,0
0,0,0.1166842018,1.393407776,2,0
0,0,0.2027864219,0.8610222011,2,0
0,0,0.2372944674,0.3450804547,2,0
0,0,0.2364842967,-0.008101707132,0,0
0,0,0.3462025897,1.097182931,2,0
0,0,0.4364276779,0.9022508815,2,0
0,0,0.5070643956,0.7063671771,2,0
0,0,0.5913649691,0.8430057352,2,0
0,0,0.6930562831,1.01691314,2,0
0,0,0.8436065601,1.50550277,0,0
0,0,1.165508943,3.219023829,1,-1
1,1,1.619646894,4.541379513
0,0,0,0,2,0
0,0,-0.08729414136,-0.8729414136,2,0
0,0,-0.286682334,-1.993881927,0,0
0,0,-0.4357114983,-1.490291643,2,0
0,0,-0.7249666294,-2.892551311,1,0
0,0,-1.104459145,-3.794925155,2,-1
1,1,-1.650901304,-5.464421587
0,0,0,0,0,0
0,0,0.09547558202,0.9547558202,2,0
0,0,0.1047273933,0.09251811288,1,0
0,0,0.1364575801,0.3173018675,1,0
0,0,0.177734357,0.4127677695,0,0
0,0,0.3219092296,1.441748726,2,0
0,0,0.4442046784,1.222954488,2,0
0,0,0.55965626,1.154515816,1,0
0,0,0.7737909198,2.141346598,0,0
0,0,1.162190708,3.883997884,1,-1
1,1,1.679458712,5.172680042
0,0,0,0,2,0
0,0,-0.09078804973,-0.9078804973,2,0
0,0,-0.2922436235,-2.014555737,2,0
0,0,-0.6161532118,-3.239095883,0,0
0,0,-0.9590973325,-3.429441207,1,0
0,0,-1.412948249,-4.538509162,2,-1
1,1,-2.01965491,-6.067066617
0,0,0,0,0,0
0,0,0.1005067232,1.005067232,2,0
0,0,0.1370940264,0.365873032,0,0
0,0,0.2732610676,1.361670412,2,0
0,0,0.3550171737,0.8175610609,2,0
0,0,0.4027273637,0.4771019001,2,0
0,0,0.4399278627,0.3720049892,0,0
0,0,0.6187278706,1.788000079,1,0
0,0,0.8971922306,2.7846436,1,0
0,0,1.291465275,3.942730441,0,-1
1,1,1.845297069,5.538317941
0,0,0,0,2,0
0,0,-0.0747028802,-0.747028802,0,0
0,0,-0.07973259683,-0.0502971663,1,0
0,0,-0.08843180973,-0.08699212895,2,0
0,0,-0.1917989102,-1.033671004,0,0
0,0,-0.2448071243,-0.530082141,0,0
0,0,-0.2513438137,-0.06536689403,1,0
0,0,-0.2853230315,-0.3397921779,2,0
0,0,-0.4358061426,-1.504831112,2,0
0,0,-0.7368827332,-3.010765906,1,0
0,0,-1.130983308,-3.941005748,0,-1
1,1,-1.617964825,-4.869815171
0,0,0,0,2,0
0,0,-0.08260561543,-0.8260561543,0,0
0,0,-0.08666361826,-0.04058002837,0,0
0,0,-0.00740732013,0.7925629813,2,0
0,0,-0.02530707855,-0.1789975842,2,0
0,0,-0.1392707716,-1.139636931,2,0
0,0,-0.3569136148,-2.176428431,0,0
0,0,-0.5450555905,-1.881419757,1,0
0,0,-0.8293942998,-2.843387094,0,0
0,0,-1.168290513,-3.388962133,0,-1
1,1,-1.608621776,-4.403312629
0,0,0,0,2,0
0,0,-0.09343274264,-0.9343274264,1,0
0,0,-0.1979968202,-1.045640775,2,0
0,0,-0.4298135399,-2.318167197,2,0
0,0,-0.8120171077,-3.822035678,0,0
0,0,-1.247896962,-4.358798543,1,-1
1,1,-1.81897369,-5.71076728
0,0,0,0,1,0
0,0,0.002988679322,0.02988679322,1,0
0,0,0.0172640381,0.1427535877,0,0
0,0,0.1364170279,1.191529898,0,0
0,0,0.3705073567,2.340903288,1,0
0,0,0.6708964583,3.003891016,1,0
0,0,1.056787914,3.858914561,0,-1
1,1,1.599695208,5.42907294
0,0,0,0,1,0
0,0,0.009655213792,0.09655213792,0,0
0,0,0.1164898989,1.068346851,2,0
0,0,0.1439023537,0.2741245484,2,0
0,0,0.1153497745,-0.2855257926,0,0
0,0,0.1774111506,0.6206137612,2,0
0,0,0.1665487613,-0.1086238929,2,0
0,0,0.09832938491,-0.682193764,2,0
0,0,-0.05604559126,-1.543749762,0,0
0,0,-0.1480481129,-0.920025216,1,0
0,0,-0.2786760042,-1.306278914,0,0
0,0,-0.3617493094,-0.8307330515,1,0
0,0,-0.4883154011,-1.265660918,2,0
0,0,-0.7741636979,-2.858482967,0,0
0,0,-1.10795208,-3.337883817,0,0
0,0,-1.534061316,-4.261092361,2,-1
1,1,-2.109023408,-5.749620923
0,0,0,0,2,0
0,0,-0.08616240261,-0.8616240261,2,0
0,0,-0.2675863938,-1.814239912,2,0
0,0,-0.5905783112,-3.229919173,2,0
0,0,-1.054298775,-4.637204642,1,-1
1,1,-1.638770337,-5.844715615
0,0,0,0,0,0
0,0,0.1043466119,1.043466119,1,0
0,0,0.2309651286,1.266185167,0,0
0,0,0.4673229026,2.36357774,0,0
0,0,0.8575901356,3.902672329,2,0
0,0,1.309477078,4.518869422,2,-1
1,1,1.881306874,5.718297957
0,0,0,0,1,0
0,0,0.0004678710828,0.004678710828,0,0
0,0,0.07647774937,0.7600987829,0,0
0,0,0.2592973956,1.828196463,2,0
0,0,0.408883295,1.495858994,1,0
0,0,0.6372295457,2.283462507,2,0
0,0,0.8991515905,2.619220448,2,0
0,0,1.23824474,3.390931491,1,-1
1,1,1.710436499,4.72191759
0,0,0,0,1,0
0,0,-0.0104383272,-0.104383272,0,0
0,0,0.06619257693,0.7663090414,2,0
0,0,0.08042489208,0.1423231515,1,0
0,0,0.09166069892,0.1123580684,0,0
0,0,0.2168353369,1.25174638,2,0
0,0,0.2819446372,0.6510930025,1,0
0,0,0.3974129874,1.154683503,0,0
0,0,0.6540783092,2.566653218,2,0
0,0,0.9513616591,2.972833499,1,0
0,0,1.367271807,4.159101479,1,-1
1,1,1.925164605,5.578927984
0,0,0,0,0,0
0,0,0.07131775462,0.7131775462,0,0
0,0,0.2478479056,1.76530151,1,0
0,0,0.4580424662,2.101945605,2,0
0,0,0.6537379228,1.956954567,1,0
0,0,0.9413585002,2.876205774,2,0
0,0,1.301543621,3.601851206,2,-1
1,1,1.78087971,4.793360889
0,0,0,0,0,0
0,0,0.1048691333,1.048691333,2,0
0,0,0.130289866,0.2542073262,2,0
0,0,0.08608186815,-0.4420799781,1,0
0,0,0.05913816523,-0.2694370292,2,0
0,0,-0.03507072145,-0.9420888668,1,0
0,0,-0.1428312164,-1.07760495,0,0
0,0,-0.1911098129,-0.4827859643,0,0
0,0,-0.1771485642,0.1396124869,1,0
0,0,-0.2100227323,-0.3287416811,1,0
0,0,-0.287109284,-0.7708655173,2,0
0,0,-0.5022886471,-2.151793631,2,0
0,0,-0.8684391384,-3.661504913,2,0
0,0,-1.389909935,-5.214707963,1,-1
1,1,-2.047415819,-6.575058843
0,0,0,0,1,0
0,0,0.007752969622,0.07752969622,2,0
0,0,-0.07956084485,-0.8731381447,1,0
0,0,-0.1766058394,-0.9704499459,1,0
0,0,-0.3168603312,-1.402544918,0,0
0,0,-0.4217394969,-1.048791656,1,0
0,0,-0.5942622036,-1.725227067,1,0
0,0,-0.8580400824,-2.637778788,2,0
0,0,-1.285679925,-4.27639843,0,-1
1,1,-1.828991601,-5.433116757
0,0,0,0,2,0
0,0,-0.09807233928,-0.9807233928,0,0
0,0,-0.1181398789,-0.2006753966,1,0
0,0,-0.1759087135,-0.5776883458,0,0
0,0,-0.1714562319,0.0445248159,2,0
0,0,-0.2683212623,-0.9686503037,2,0
0,0,-0.5054048507,-2.370835884,2,0
0,0,-0.8926832298,-3.872783791,0,0
0,0,-1.331573496,-4.388902658,2,-1
1,1,-1.922495807,-5.909223118
0,0,0,0,0,0
0,0,0.09745163661,0.9745163661,0,0
0,0,0.2961990997,1.987474631,0,0
0,0,0.6362971471,3.400980475,2,0
0,0,1.003815022,3.675178752,1,0
0,0,1.484291083,4.804760606,0,-1
1,1,2.11464787,6.303567871
0,0,0,0,1,0
0,0,-0.001259861484,-0.01259861484,1,0
0,0,-0.006936525281,-0.05676663797,1,0
0,0,-0.03141733648,-0.2448081119,0,0
0,0,0.01151596852,0.42933305,1,0
0,0,0.05137761687,0.3986164835,2,0
0,0,0.001194607043,-0.5018300983,2,0
0,0,-0.1505854617,-1.517800688,0,0
0,0,-0.2492201564,-0.9863469464,1,0
0,0,-0.3862659318,-1.370457754,0,0
0,0,-0.490266092,-1.040001602,2,0
0,0,-0.7515421404,-2.612760483,1,0
0,0,-1.113294002,-3.617518613,0,0
0,0,-1.568518437,-4.552244355,0,-1
1,1,-2.170500953,-6.019825161
0,0,0,0,1,0
0,0,0.004745671972,0.04745671972,1,0
0,0,0.02606812536,0.2132245339,1,0
0,0,0.05451861562,0.2845049026,0,0
0,0,0.192863411,1.383447954,0,0
0,0,0.45926431,2.66400899,0,0
0,0,0.875955752,4.16691442,2,0
0,0,1.349218815,4.732630633,0,-1
1,1,1.974277694,6.250588782
