2,1,1
0,0,0,0,2,0
0,0,-0.09041333935,-0.9041333935,0,0
0,0,-0.1090293364,-0.1861599709,2,0
0,0,-0.2264271695,-1.173978331,0,0
0,0,-0.2970631888,-0.7063601927,1,0
0,0,-0.4268183002,-1.297551114,2,0
0,0,-0.694712058,-2.678937577,0,0
0,0,-1.004194061,-3.094820029,0,0
0,0,-1.391828939,-3.876348778,2,-1
1,1,-1.93378499,-5.419560513
0,0,0,0,2,0
0,0,-0.1056249885,-1.056249885,1,0
0,0,-0.2461783305,-1.405533419,2,0
0,0,-0.5150529335,-2.68874603,2,0
0,0,-0.9339372503,-4.188843168,2,0
0,0,-1.515068422,-5.811311721,0,-1
1,1,-2.236828873,-7.217604509
0,0,0,0,0,0
0,0,0.09031740004,0.9031740004,0,0
0,0,0.2751312695,1.848138694,2,0
0,0,0.4189280566,1.437967871,1,0
0,0,0.6156531423,1.967250857,2,0
0,0,0.8319047365,2.162515942,1,0
0,0,1.168080152,3.36175415,2,-1
1,1,1.609389046,4.413088949
0,0,0,0,0,0
0,0,0.07917204707,0.7917204707,1,0
0,0,0.1891384777,1.099664306,2,0
0,0,0.2612589142,0.7212043653,1,0
0,0,0.3645262779,1.032673637,2,0
0,0,0.4394032397,0.7487696185,2,0
0,0,0.4964188357,0.5701559595,2,0
0,0,0.5673813762,0.7096254052,2,0
0,0,0.6543079911,0.8692661486,1,0
0,0,0.8467372119,1.924292208,0,0
0,0,1.210659267,3.639220551,1,-1
1,1,1.710612968,4.999537008
0,0,0,0,2,0
0,0,-0.07461373406,-0.7461373406,2,0
0,0,-0.2392923654,-1.646786313,0,0
0,0,-0.35749646,-1.182040946,1,0
0,0,-0.518734436,-1.61237976,0,0
0,0,-0.6794158062,-1.606813702,1,0
0,0,-0.9338793451,-2.544635388,1,0
0,0,-1.300007513,-3.661281678,0,-1
1,1,-1.78544098,-4.854334671
0,0,0,0,1,0
0,0,0.01531426716,0.1531426716,2,0
0,0,-0.05248639793,-0.6780066509,0,0
0,0,-0.0361878871,0.1629851084,0,0
0,0,0.05595241265,0.9214029974,0,0
0,0,0.2576941258,2.017417132,2,0
0,0,0.414432223,1.567380972,0,0
0,0,0.7196626355,3.052304125,1,0
0,0,1.122376716,4.027140805,0,-1
1,1,1.679438775,5.570620592
0,0,0,0,1,0
0,0,0.015477995,0.15477995,1,0
0,0,0.0321612935,0.166832985,1,0
0,0,0.0672058089,0.350445154,2,0
0,0,0.01355177603,-0.5365403287,1,0
0,0,-0.02183300368,-0.3538477971,1,0
0,0,-0.05165052156,-0.2981751788,2,0
0,0,-0.1819574383,-1.303069167,0,0
0,0,-0.2495233633,-0.6756592497,2,0
0,0,-0.4294186259,-1.798952627,1,0
0,0,-0.6794467341,-2.500281081,0,0
0,0,-0.9529399662,-2.734932322,1,0
0,0,-1.348207944,-3.952679776,0,-1
1,1,-1.863842757,-5.156348135
0,0,0,0,1,0
0,0,0.01462722078,0.1462722078,2,0
0,0,-0.04016159804,-0.5478881883,0,0
0,0,-0.01038507453,0.2977652352,0,0
0,0,0.09146040808,1.018454826,0,0
0,0,0.3104936638,2.190332558,1,0
0,0,0.5866155069,2.761218431,0,0
0,0,1.013644066,4.270285588,1,0
0,0,1.550308259,5.366641934,2,-1
1,1,2.231779976,6.814717168
0,0,0,0,2,0
0,0,-0.07542390039,-0.7542390039,1,0
0,0,-0.1726674241,-0.9724352374,1,0
0,0,-0.283532541,-1.108651169,1,0
0,0,-0.4306460256,-1.471134845,1,0
0,0,-0.6483875513,-2.177415258,1,0
0,0,-0.9588221428,-3.104345915,0,0
0,0,-1.342812983,-3.839908402,2,-1
1,1,-1.885575141,-5.427621578
0,0,0,0,0,0
0,0,0.08405440884,0.8405440884,2,0
0,0,0.08400101732,-0.0005339151895,0,0
0,0,0.1771309841,0.9312996683,2,0
0,0,0.2189637568,0.4183277263,2,0
0,0,0.1963316289,-0.2263212792,0,0
0,0,0.2864306266,0.9009899776,2,0
0,0,0.339221456,0.5279082934,1,0
0,0,0.4614037673,1.221823114,1,0
0,0,0.6559215129,1.945177456,0,0
0,0,1.022534938,3.66613425,0,0
0,0,1.549399447,5.26864509,0,-1
1,1,2.2238528,6.744533536
0,0,0,0,2,0
0,0,-0.105276418,-1.05276418,2,0
0,0,-0.3183047248,-2.130283068,0,0
0,0,-0.5030444086,-1.847396838,2,0
0,0,-0.8379257486,-3.3488134,2,0
0,0,-1.338973192,-5.010474433,2,-1
1,1,-1.99038526,-6.514120677
0,0,0,0,0,0
0,0,0.07428368894,0.7428368894,0,0
0,0,0.2510665312,1.767828423,1,0
0,0,0.4621052904,2.110387591,2,0
0,0,0.6825585832,2.204532929,2,0
0,0,0.9348851905,2.523266072,2,0
0,0,1.254011886,3.191266951,1,-1
1,1,1.710949554,4.569376688
0,0,0,0,1,0
0,0,-0.007533891457,-0.07533891457,0,0
0,0,0.08940136693,0.9693525839,0,0
0,0,0.284309003,1.949076361,1,0
0,0,0.5298266894,2.455176864,0,0
0,0,0.9140490624,3.84222373,2,0
0,0,1.358121328,4.440722657,2,-1
1,1,1.922918727,5.64797399
0,0,0,0,1,0
0,0,0.01754703073,0.1754703073,0,0
0,0,0.1089751967,0.91428166,2,0
0,0,0.1164337886,0.07458591915,2,0
0,0,0.05102126632,-0.6541252233,1,0
0,0,0.003776748316,-0.4724451801,2,0
0,0,-0.1420598483,-1.458365966,0,0
0,0,-0.2155161493,-0.7345630104,1,0
0,0,-0.3290705155,-1.135543662,2,0
0,0,-0.5765793371,-2.475088216,2,0
0,0,-0.9787066466,-4.021273095,2,0
0,0,-1.546279687,-5.675730404,0,-1
1,1,-2.258063261,-7.117835735
0,0,0,0,0,0
0,0,0.07613270702,0.7613270702,0,0
0,0,0.254786645,1.78653938,2,0
0,0,0.4028709927,1.480843477,0,0
0,0,0.6821781149,2.793071222,1,0
0,0,1.057422042,3.752439273,1,0
0,0,1.560210631,5.027885886,2,-1
1,1,2.208820283,6.486096523
0,0,0,0,0,0
0,0,0.09957882533,0.9957882533,2,0
0,0,0.1257910812,0.2621225583,0,0
0,0,0.2529940544,1.272029732,2,0
0,0,0.3211291953,0.6813514087,2,0
0,0,0.3654242264,0.4429503113,2,0
0,0,0.3999178243,0.3449359789,0,0
0,0,0.5811817072,1.812638829,1,0
0,0,0.8443010594,2.631193522,1,0
0,0,1.224110902,3.79809843,2,-1
1,1,1.716522772,4.924118694
0,0,0,0,1,0
0,0,0.001329496419,0.01329496419,2,0
0,0,-0.1020237367,-1.033532332,2,0
0,0,-0.305256636,-2.032328993,1,0
0,0,-0.5718787008,-2.666220648,2,0
0,0,-0.9877163532,-4.158376524,0,0
0,0,-1.47653086,-4.888145066,1,-1
1,1,-2.10932502,-6.327941603
0,0,0,0,1,0
0,0,-0.01607463105,-0.1607463105,1,0
0,0,-0.03320621981,-0.1713158877,2,0
0,0,-0.1294305613,-0.9622434152,0,0
0,0,-0.1588675777,-0.294370164,1,0
0,0,-0.2070714806,-0.4820390287,2,0
0,0,-0.3739931506,-1.6692167,2,0
0,0,-0.6924389293,-3.184457787,0,0
0,0,-1.034810415,-3.423714857,1,0
0,0,-1.506541522,-4.71731107,1,-1
1,1,-2.123659676,-6.171181539
0,0,0,0,2,0
0,0,-0.09995717418,-0.9995717418,1,0
0,0,-0.222394282,-1.224371078,0,0
0,0,-0.2923481363,-0.6995385431,0,0
0,0,-0.3122357938,-0.1988765749,0,0
0,0,-0.2936773708,0.18558423,0,0
0,0,-0.2398182866,0.538590842,1,0
0,0,-0.2193782436,0.2044004299,0,0
0,0,-0.1608032066,0.5857503706,2,0
0,0,-0.1994723535,-0.3866914689,1,0
0,0,-0.2664245231,-0.669521696,2,0
0,0,-0.4718234543,-2.053989313,0,0
0,0,-0.6795945163,-2.077710619,0,0
0,0,-0.9141339413,-2.34539425,2,0
0,0,-1.320021688,-4.058877463,2,-1
1,1,-1.882293194,-5.622715065
0,0,0,0,2,0
0,0,-0.08374984805,-0.8374984805,0,0
0,0,-0.09292049935,-0.09170651294,2,0
0,0,-0.1890127465,-0.9609224712,2,0
0,0,-0.3901896971,-2.011769506,2,0
0,0,-0.7172475843,-3.270578872,0,0
0,0,-1.075680724,-3.584331399,0,0
0,0,-1.525493021,-4.498122971,2,-1
1,1,-2.124078359,-5.985853381
0,0,0,0,2,0
0,0,-0.08577313174,-0.8577313174,2,0
0,0,-0.2606773501,-1.749042184,1,0
0,0,-0.4631296392,-2.024522891,2,0
0,0,-0.8051333968,-3.420037576,1,0
0,0,-1.244846955,-4.397135585,2,-1
1,1,-1.845545174,-6.006982186
0,0,0,0,0,0
0,0,0.09943977763,0.9943977763,1,0
0,0,0.2040083472,1.045685696,2,0
0,0,0.2649862324,0.6097788515,0,0
0,0,0.4640583941,1.990721618,0,0
0,0,0.8264596107,3.624012165,1,0
0,0,1.292951766,4.664921553,0,-1
1,1,1.916875799,6.239240331
0,0,0,0,1,0
0,0,0.003684162362,0.03684162362,1,0
0,0,0.0004872159085,-0.03196946454,2,0
0,0,-0.07699336077,-0.7748057668,0,0
0,0,-0.07167666249,0.0531669828,1,0
0,0,-0.08883942931,-0.1716276682,2,0
0,0,-0.2114936967,-1.226542674,1,0
0,0,-0.3751813978,-1.636877011,2,0
0,0,-0.6923561304,-3.171747326,2,0
0,0,-1.165969624,-4.736134933,1,-1
1,1,-1.765491176,-5.995215522
0,0,0,0,2,0
0,0,-0.09946125826,-0.9946125826,2,0
0,0,-0.2911759691,-1.917147109,2,0
0,0,-0.6168897535,-3.257137843,0,0
0,0,-0.9692373681,-3.523476146,1,0
0,0,-1.432598582,-4.633612139,1,-1
1,1,-2.037237249,-6.046386667
0,0,0,0,2,0
0,0,-0.08984559825,-0.8984559825,1,0
0,0,-0.2073941009,-1.175485026,2,0
0,0,-0.4475678597,-2.401737588,0,0
0,0,-0.6678180614,-2.202502017,2,0
0,0,-1.054855391,-3.870373293,1,0
0,0,-1.569150493,-5.14295102,1,-1
1,1,-2.230365628,-6.612151351
0,0,0,0,0,0
0,0,0.07233757322,0.7233757322,0,0
0,0,0.2458006765,1.734631033,0,0
0,0,0.5283013369,2.825006604,0,0
0,0,0.9527002803,4.243989433,1,0
0,0,1.485531856,5.328315759,2,-1
1,1,2.155438686,6.699068302
0,0,0,0,1,0
0,0,0.00949857532,0.0949857532,0,0
0,0,0.1262823519,1.167837766,0,0
0,0,0.366802992,2.405206401,2,0
0,0,0.5886863458,2.218833538,1,0
0,0,0.8928776565,3.041913107,0,0
0,0,1.365327067,4.724494108,1,-1
1,1,1.975581805,6.102547381
0,0,0,0,2,0
0,0,-0.09066908701,-0.9066908701,2,0
0,0,-0.2807198849,-1.900507979,2,0
0,0,-0.5967228749,-3.1600299,1,0
0,0,-0.9973019947,-4.005791198,0,0
0,0,-1.47721344,-4.799114452,0,-1
1,1,-2.094681168,-6.174677285
0,0,0,0,1,0
0,0,-0.009893469745,-0.09893469745,0,0
0,0,0.06934221562,0.7923568536,0,0
0,0,0.2333576342,1.640154186,2,0
0,0,0.3497150148,1.163573806,2,0
0,0,0.428572903,0.7885788816,1,0
0,0,0.5839033993,1.553304963,1,0
0,0,0.8310618449,2.471584457,2,0
0,0,1.14262937,3.115675252,2,0
0,0,1.551806446,4.09177076,1,-1
1,1,2.107614761,5.558083145
0,0,0,0,1,0
0,0,-0.01624394919,-0.1624394919,0,0
0,0,0.05827642233,0.7452037152,1,0
0,0,0.1477177537,0.8944133139,1,0
0,0,0.2744568494,1.267390957,2,0
0,0,0.3485806301,0.7412378068,0,0
0,0,0.5770032894,2.284226593,2,0
0,0,0.8097344399,2.327311505,0,0
0,0,1.212368832,4.026343922,2,-1
1,1,1.72369614,5.113273084
0,0,0,0,1,0
0,0,0.003571680352,0.03571680352,0,0
0,0,0.0858188771,0.8224719675,2,0
0,0,0.07970818386,-0.06110693249,0,0
0,0,0.1715068397,0.9179865587,1,0
0,0,0.3021738203,1.306669806,0,0
0,0,0.5801022345,2.779284142,2,0
0,0,0.8849619623,3.048597278,0,0
0,0,1.363321789,4.783598268,0,-1
1,1,1.997630347,6.343085582
0,0,0,0,0,0
0,0,0.08661880136,0.8661880136,0,0
0,0,0.2600149111,1.733961098,0,0
0,0,0.5729183671,3.12903456,0,0
0,0,1.030992442,4.580740752,2,-1
1,1,1.571017234,5.400247914
0,0,0,0,2,0
0,0,-0.07316907214,-0.7316907214,2,0
0,0,-0.2588267373,-1.856576652,1,0
0,0,-0.4838515535,-2.250248162,2,0
0,0,-0.8490575844,-3.652060309,2,0
0,0,-1.379893309,-5.308357248,1,-1
1,1,-2.050249626,-6.703563169
0,0,0,0,2,0
0,0,-0.103135382,-1.03135382,0,0
0,0,-0.1445753608,-0.4143997884,2,0
0,0,-0.2886354155,-1.440600546,2,0
0,0,-0.5745321429,-2.858967274,2,0
0,0,-1.026940479,-4.524083365,1,-1
1,1,-1.590619572,-5.63679093
0,0,0,0,1,0
0,0,0.01340167248,0.1340167248,2,0
0,0,-0.06477501203,-0.7817668452,1,0
0,0,-0.1616363471,-0.9686133503,2,0
0,0,-0.3651792591,-2.03542912,1,0
0,0,-0.6182922827,-2.531130236,1,0
0,0,-0.9567652197,-3.384729371,0,0
0,0,-1.362711941,-4.059467212,0,-1
1,1,-1.894867984,-5.321560431
0,0,0,0,2,0
0,0,-0.1033493397,-1.033493397,0,0
0,0,-0.1347399618,-0.3139062214,0,0
0,0,-0.08873771529,0.4600224656,2,0
0,0,-0.1438464184,-0.5510870308,1,0
0,0,-0.2189400611,-0.7509364275,2,0
0,0,-0.4204937935,-2.015537324,0,0
0,0,-0.6101721526,-1.896783591,0,0
0,0,-0.8323728578,-2.222007052,1,0
0,0,-1.160234136,-3.278612785,2,-1
1,1,-1.644740016,-4.845058799
0,0,0,0,0,0
0,0,0.07594423187,0.7594423187,2,0
0,0,0.08693989856,0.109956667,2,0
0,0,0.02661601379,-0.6032388477,1,0
0,0,-0.02940371966,-0.5601973345,1,0
0,0,-0.1058058508,-0.7640213112,0,0
0,0,-0.1216198747,-0.1581402396,1,0
0,0,-0.1700130355,-0.4839316078,2,0
0,0,-0.3421687498,-1.721557142,0,0
0,0,-0.4864486929,-1.442799432,2,0
0,0,-0.7758066357,-2.893579428,2,0
0,0,-1.23672209,-4.60915454,0,-1
1,1,-1.806810379,-5.700882895
0,0,0,0,0,0
0,0,0.0894320241,0.894320241,2,0
0,0,0.09332491074,0.03892886639,1,0
0,0,0.1306490484,0.3732413771,2,0
0,0,0.1059054098,-0.2474363867,0,0
0,0,0.1962245335,0.9031912377,2,0
0,0,0.2335186428,0.3729410926,0,0
0,0,0.4073721949,1.738535521,0,0
0,0,0.7294147913,3.220425964,1,0
0,0,1.14939313,4.199783387,1,-1
1,1,1.692147953,5.427548234
0,0,0,0,1,0
0,0,0.01540205102,0.1540205102,0,0
0,0,0.1352207396,1.198186886,1,0
0,0,0.2918069129,1.565861733,2,0
0,0,0.4108098548,1.190029419,2,0
0,0,0.5316113835,1.208015287,1,0
0,0,0.7446062593,2.129948758,1,0
0,0,1.055742259,3.111359993,0,0
0,0,1.52828932,4.725470611,1,-1
1,1,2.146771248,6.184819283
0,0,0,0,1,0
0,0,-0.01145370397,-0.1145370397,2,0
0,0,-0.124852913,-1.13399209,1,0
0,0,-0.2655290655,-1.406761525,2,0
0,0,-0.5199218139,-2.543927484,2,0
0,0,-0.9338422372,-4.139204233,0,0
0,0,-1.4090803,-4.752380628,2,-1
1,1,-2.037523009,-6.284427094
0,0,0,0,1,0
0,0,0.01528479525,0.1528479525,1,0
0,0,0.04605580593,0.3077101068,0,0
0,0,0.1863696799,1.40313874,2,0
0,0,0.2665035622,0.8013388232,1,0
0,0,0.3933060596,1.268024974,0,0
0,0,0.6613226278,2.680165681,2,0
0,0,0.9502032619,2.888806341,1,0
0,0,1.365115683,4.149124209,1,-1
1,1,1.919603991,5.544883078
0,0,0,0,2,0
0,0,-0.1041052673,-1.041052673,0,0
0,0,-0.1235500401,-0.1944477274,0,0
0,0,-0.07545245577,0.4809758431,0,0
0,0,0.0454586274,1.209110832,2,0
0,0,0.070876728,0.254181006,2,0
0,0,0.02450128278,-0.4637544522,0,0
0,0,0.07683993161,0.5233864883,2,0
0,0,0.07026160271,-0.065783289,2,0
0,0,-0.01731784078,-0.8757944349,0,0
0,0,-0.0305748968,-0.1325705602,2,0
0,0,-0.1538668903,-1.232919935,1,0
0,0,-0.2999770188,-1.461101285,1,0
0,0,-0.4986358184,-1.986587996,0,0
0,0,-0.6877148604,-1.89079042,2,0
0,0,-1.052189433,-3.644745729,2,-1
1,1,-1.579884608,-5.276951744
0,0,0,0,2,0
0,0,-0.08247100187,-0.8247100187,1,0
0,0,-0.1814751682,-0.9900416637,2,0
0,0,-0.4069665143,-2.25491346,1,0
0,0,-0.6967820153,-2.89815501,1,0
0,0,-1.093565574,-3.967835584,1,-1
1,1,-1.622046117,-5.284805436
0,0,0,0,0,0
0,0,0.08587327552,0.8587327552,1,0
0,0,0.1836952255,0.9782194998,0,0
0,0,0.3918549951,2.081597696,1,0
0,0,0.6568701105,2.650151154,2,0
0,0,0.9565108231,2.996407126,0,0
0,0,1.414327143,4.578163203,0,-1
1,1,2.025079288,6.107521447
0,0,0,0,1,0
0,0,0.01112832528,0.1112832528,0,0
0,0,0.1094510307,0.9832270541,1,0
0,0,0.2275641715,1.181131408,2,0
0,0,0.3080095319,0.8044536045,1,0
0,0,0.4468277903,1.388182583,2,0
0,0,0.5879639801,1.411361898,0,0
0,0,0.8824364052,2.944724251,1,0
0,0,1.285480511,4.030441055,1,-1
1,1,1.825424755,5.399442441
0,0,0,0,1,0
0,0,0.01232482879,0.1232482879,0,0
0,0,0.1319885943,1.196637655,1,0
0,0,0.2883226225,1.563340282,1,0
0,0,0.5002882394,2.11965617,1,0
0,0,0.7789796041,2.786913647,2,0
0,0,1.09393897,3.149593658,2,0
0,0,1.501172346,4.072333762,1,-1
1,1,2.053429178,5.522568318
0,0,0,0,0,0
0,0,0.09048867201,0.9048867201,2,0
0,0,0.1235730099,0.330843379,1,0
0,0,0.1732060554,0.4963304553,2,0
0,0,0.1811015401,0.07895484627,2,0
0,0,0.1387923172,-0.4230922285,1,0
0,0,0.1085871015,-0.3020521568,0,0
0,0,0.1786915819,0.7010448035,2,0
0,0,0.2048387091,0.2614712724,2,0
0,0,0.1863379043,-0.1850080481,0,0
0,0,0.2748245566,0.8848665233,0,0
0,0,0.5000947235,2.252701669,1,0
0,0,0.7904083301,2.903136066,2,0
0,0,1.133835595,3.434272653,0,-1
1,1,1.642001659,5.08166064
0,0,0,0,2,0
0,0,-0.07757767993,-0.7757767993,2,0
0,0,-0.2473988969,-1.69821217,1,0
0,0,-0.4666526668,-2.192537699,1,0
0,0,-0.7684752883,-3.018226215,2,0
0,0,-1.237053851,-4.685785625,2,-1
1,1,-1.860188739,-6.231348886
0,0,0,0,0,0
0,0,0.09644120187,0.9644120187,1,0
0,0,0.192076321,0.9563511917,2,0
0,0,0.2450942351,0.530179141,2,0
0,0,0.2639562939,0.188620588,0,0
0,0,0.426337862,1.623815681,1,0
0,0,0.6486372969,2.222994349,1,0
0,0,0.9668601847,3.182228878,1,0
0,0,1.402010132,4.351499474,1,-1
1,1,1.980322506,5.783123741
0,0,0,0,0,0
0,0,0.08920895672,0.8920895672,1,0
0,0,0.2039736007,1.14764644,0,0
0,0,0.4450298999,2.410562992,1,0
0,0,0.7477426781,3.027127781,1,0
0,0,1.155466617,4.077239386,2,-1
1,1,1.655188399,4.997217825
0,0,0,0,0,0
0,0,0.08604706158,0.8604706158,1,0
0,0,0.1747938756,0.8874681403,2,0
0,0,0.2034587625,0.2866488686,0,0
0,0,0.3613254877,1.578667252,2,0
0,0,0.487205075,1.258795873,0,0
0,0,0.7739711851,2.867661101,0,0
0,0,1.219600152,4.456289665,2,-1
1,1,1.767249933,5.476497815
0,0,0,0,2,0
0,0,-0.09054790957,-0.9054790957,1,0
0,0,-0.1793040929,-0.8875618336,1,0
0,0,-0.2884068901,-1.091027971,0,0
0,0,-0.3669707049,-0.7856381484,1,0
0,0,-0.5161940497,-1.492233448,0,0
0,0,-0.6674033885,-1.512093388,0,0
0,0,-0.8404881596,-1.730847711,2,0
0,0,-1.176126971,-3.356388116,1,-1
1,1,-1.64512697,-4.689999988
0,0,0,0,0,0
0,0,0.08635623502,0.8635623502,1,0
0,0,0.1881500225,1.017937875,1,0
0,0,0.3096561914,1.215061689,2,0
0,0,0.4060033734,0.96347182,1,0
0,0,0.5683514096,1.623480362,0,0
0,0,0.8970142157,3.286628062,0,0
0,0,1.396764885,4.997506694,2,-1
1,1,2.022535572,6.257706864
0,0,0,0,1,0
0,0,-0.01733757276,-0.1733757276,2,0
0,0,-0.1262034134,-1.088658406,1,0
0,0,-0.2674306001,-1.412271867,0,0
0,0,-0.3549538698,-0.8752326969,2,0
0,0,-0.5736431518,-2.18689282,0,0
0,0,-0.8100661761,-2.364230244,2,0
0,0,-1.222672491,-4.126063149,2,-1
1,1,-1.791417331,-5.687448401
0,0,0,0,1,0
0,0,0.01041461766,0.1041461766,1,0
0,0,0.01272540484,0.02310787185,2,0
0,0,-0.06114278925,-0.738681941,2,0
0,0,-0.2177984876,-1.566556984,0,0
0,0,-0.3198988012,-1.021003136,1,0
0,0,-0.4735367904,-1.536379892,1,0
0,0,-0.7051542486,-2.316174582,1,0
0,0,-1.040938049,-3.357837999,1,0
0,0,-1.493570416,-4.526323678,2,-1
1,1,-2.095279644,-6.017092281
0,0,0,0,0,0
0,0,0.08545303696,0.8545303696,1,0
0,0,0.1872243642,1.017713273,1,0
0,0,0.306102548,1.188781837,1,0
0,0,0.4906272262,1.845246782,1,0
0,0,0.752088968,2.614617418,0,0
0,0,1.169071467,4.169824993,0,-1
1,1,1.742349041,5.732775737
0,0,0,0,2,0
0,0,-0.09775012602,-0.9775012602,0,0
0,0,-0.1410839421,-0.433338161,1,0
0,0,-0.1914925173,-0.5040857523,2,0
0,0,-0.3652940778,-1.738015604,2,0
0,0,-0.6859791934,-3.206851156,2,0
0,0,-1.164022723,-4.780435299,1,-1
1,1,-1.765160106,-6.01137383
0,0,0,0,1,0
0,0,0.003471756598,0.03471756598,2,0
0,0,-0.07873347883,-0.8220523543,0,0
0,0,-0.08913687083,-0.10403392,1,0
0,0,-0.1211646148,-0.3202774396,0,0
0,0,-0.08972839784,0.3143621695,1,0
0,0,-0.08315395568,0.0657444216,2,0
0,0,-0.1871191885,-1.039652328,0,0
0,0,-0.2196209635,-0.32501775,1,0
0,0,-0.303498533,-0.8387756957,2,0
0,0,-0.5234846366,-2.199861036,0,0
0,0,-0.7585298774,-2.350452409,2,0
0,0,-1.146437909,-3.87908032,0,-1
1,1,-1.63188663,-4.854487204
0,0,0,0,1,0
0,0,-0.01095238868,-0.1095238868,2,0
0,0,-0.1014575329,-0.9050514419,0,0
0,0,-0.1173422766,-0.1588474368,2,0
0,0,-0.2544933813,-1.371511047,2,0
0,0,-0.5316205859,-2.771272046,1,0
0,0,-0.8803979069,-3.48777321,2,0
0,0,-1.387446191,-5.070482842,2,-1
1,1,-2.046370851,-6.589246595
0,0,0,0,2,0
0,0,-0.09050756831,-0.9050756831,1,0
0,0,-0.1826151449,-0.9210757655,2,0
0,0,-0.396196494,-2.135813491,0,0
0,0,-0.5771422871,-1.809457932,0,0
0,0,-0.7744437795,-1.973014924,2,0
0,0,-1.141030858,-3.665870781,2,-1
1,1,-1.663277556,-5.222466983
0,0,0,0,0,0
0,0,0.1017666413,1.017666413,1,0
0,0,0.236842908,1.350762667,1,0
0,0,0.4053789136,1.685360055,1,0
0,0,0.6417862905,2.36407377,2,0
0,0,0.9071089807,2.653226902,0,0
0,0,1.338251909,4.311429282,1,-1
1,1,1.907655115,5.694032064
0,0,0,0,1,0
0,0,-0.001100249646,-0.01100249646,1,0
0,0,-0.002975333464,-0.01875083818,1,0
0,0,-0.0005700315567,0.02405301907,1,0
0,0,-0.006850107513,-0.06280075957,2,0
0,0,-0.1017654094,-0.949153019,1,0
0,0,-0.2289345839,-1.271691745,0,0
0,0,-0.3088317143,-0.7989713035,1,0
0,0,-0.449988189,-1.411564747,1,0
0,0,-0.674879035,-2.248908461,1,0
0,0,-0.9984649374,-3.235859023,1,0
0,0,-1.448654703,-4.50189766,2,-1
1,1,-2.048752798,-6.000980947
0,0,0,0,1,0
0,0,-0.00698086253,-0.0698086253,0,0
0,0,0.08956096468,0.9654182721,0,0
0,0,0.2856553741,1.960944095,1,0
0,0,0.5385519528,2.528965786,2,0
0,0,0.7950912583,2.565393055,0,0
0,0,1.224048115,4.289568569,1,-1
1,1,1.789421996,5.653738808
0,0,0,0,1,0
0,0,0.0003848226896,0.003848226896,1,0
0,0,0.001745757306,0.01360934616,2,0
0,0,-0.07053043172,-0.7227618902,0,0
0,0,-0.05365453443,0.1687589729,2,0
0,0,-0.1397259859,-0.8607145149,2,0
0,0,-0.3430179303,-2.032919443,2,0
0,0,-0.6804068748,-3.373889445,1,0
0,0,-1.09765777,-4.172508951,1,-1
1,1,-1.636239193,-5.385814236
0,0,0,0,0,0
0,0,0.09996576829,0.9996576829,1,0
0,0,0.2170914018,1.171256335,2,0
0,0,0.297787648,0.8069624621,1,0
0,0,0.4373520115,1.395643635,1,0
0,0,0.6550516676,2.176996561,2,0
0,0,0.8942177665,2.391660988,0,0
0,0,1.306444987,4.122272206,2,-1
1,1,1.833856639,5.27411652
0,0,0,0,1,0
0,0,0.0156554287,0.156554287,2,0
0,0,-0.04196921831,-0.5762464701,0,0
0,0,-0.0283320646,0.1363715371,1,0
0,0,-0.03568990504,-0.07357840433,0,0
0,0,0.04982754732,0.8551745235,1,0
0,0,0.1391045741,0.8927702678,1,0
0,0,0.2693607691,1.30256195,2,0
0,0,0.3623992172,0.930384481,1,0
0,0,0.5247850726,1.623858554,1,0
0,0,0.7579212003,2.331361276,2,0
0,0,1.028094821,2.701736206,2,0
0,0,1.387619908,3.595250872,2,-1
1,1,1.874951622,4.87331714
0,0,0,0,0,0
0,0,0.1042704044,1.042704044,2,0
0,0,0.1439203505,0.3964994607,0,0
0,0,0.2856553709,1.417350204,2,0
0,0,0.405222563,1.195671921,2,0
0,0,0.5187512276,1.135286647,1,0
0,0,0.7107634836,1.92012256,0,0
0,0,1.060371259,3.496077758,2,0
0,0,1.496737628,4.363663689,0,-1
1,1,2.082156191,5.854185629
0,0,0,0,0,0
0,0,0.09784000729,0.9784000729,1,0
0,0,0.2225131019,1.246730946,2,0
0,0,0.2848924858,0.6237938393,2,0
0,0,0.3157937974,0.3090131159,0,0
0,0,0.4670286408,1.512348434,0,0
0,0,0.7616457453,2.946171045,1,0
0,0,1.159988833,3.983430872,1,-1
1,1,1.687345317,5.273564841
0,0,0,0,2,0
0,0,-0.08292236718,-0.8292236718,1,0
0,0,-0.1896387534,-1.067163862,0,0
0,0,-0.2286300886,-0.3899133525,1,0
0,0,-0.3058136543,-0.7718356571,2,0
0,0,-0.5313351488,-2.255214945,1,0
0,0,-0.8246973112,-2.933621623,0,0
0,0,-1.179721328,-3.550240172,2,-1
1,1,-1.70020032,-5.20478992
0,0,0,0,2,0
0,0,-0.07646303186,-0.7646303186,1,0
0,0,-0.1544925805,-0.7802954861,0,0
0,0,-0.1600783169,-0.05585736395,0,0
0,0,-0.0950860997,0.6499221717,0,0
0,0,0.05456861377,1.496547135,0,0
0,0,0.2918506882,2.372820744,1,0
0,0,0.5618873533,2.700366652,2,0
0,0,0.8530936187,2.912062654,2,0
0,0,1.193145884,3.400522655,1,-1
1,1,1.670299011,4.771531267
0,0,0,0,1,0
0,0,-0.0009183052869,-0.009183052869,1,0
0,0,0.0001539290054,0.01072234292,0,0
0,0,0.1070862567,1.069323277,2,0
0,0,0.1492445742,0.4215831751,2,0
0,0,0.127727483,-0.2151709114,1,0
0,0,0.1370938319,0.09366348812,0,0
0,0,0.2697878142,1.326939824,0,0
0,0,0.5304917587,2.607039445,2,0
0,0,0.8048068428,2.743150841,1,0
0,0,1.184340236,3.795333928,2,-1
1,1,1.671659191,4.873189553
0,0,0,0,0,0
0,0,0.09672149733,0.9672149733,2,0
0,0,0.1256232559,0.289017586,1,0
0,0,0.1608200033,0.3519674737,0,0
0,0,0.3259614203,1.65141417,2,0
0,0,0.4677434559,1.417820357,2,0
0,0,0.605281913,1.375384571,0,0
0,0,0.8965303936,2.912484805,2,0
0,0,1.260119636,3.63589242,1,-1
1,1,1.757384595,4.972649592
0,0,0,0,1,0
0,0,0.009700204556,0.09700204556,2,0
0,0,-0.0750203748,-0.8472057935,0,0
0,0,-0.0959902854,-0.209699106,1,0
0,0,-0.1434391383,-0.4744885287,2,0
0,0,-0.2874225318,-1.439833935,1,0
0,0,-0.4844614145,-1.970388828,1,0
0,0,-0.7467607798,-2.622993652,2,0
0,0,-1.18142355,-4.346627707,2,-1
1,1,-1.768763271,-5.873397204
0,0,0,0,2,0
0,0,-0.08458281642,-0.8458281642,0,0
0,0,-0.09306235717,-0.08479540753,0,0
0,0,-0.01597073555,0.7709162162,1,0
0,0,0.0583240326,0.7429476816,1,0
0,0,0.130394371,0.720703384,1,0
0,0,0.2077164634,0.7732209239,0,0
0,0,0.4188187385,2.111022751,1,0
0,0,0.6984353261,2.796165876,0,0
0,0,1.139991065,4.415557385,1,-1
1,1,1.706257806,5.662667417
0,0,0,0,1,0
0,0,-0.002834015076,-0.02834015076,2,0
0,0,-0.1033515597,-1.005175447,0,0
0,0,-0.1212197013,-0.1786814159,1,0
0,0,-0.1676617992,-0.4644209792,0,0
0,0,-0.1423146942,0.2534710503,1,0
0,0,-0.1262497145,0.1606497972,1,0
0,0,-0.1250807745,0.01168940003,1,0
0,0,-0.1316014582,-0.0652068375,1,0
0,0,-0.1617785782,-0.3017711994,0,0
0,0,-0.1231989131,0.3857966503,2,0
0,0,-0.2033571723,-0.8015825918,2,0
0,0,-0.3955990874,-1.922419151,2,0
0,0,-0.7440447616,-3.484456742,0,0
0,0,-1.137951245,-3.939064834,0,-1
1,1,-1.625033982,-4.870827368
0,0,0,0,0,0
0,0,0.08157471281,0.8157471281,2,0
0,0,0.08079709147,-0.007776213452,1,0
0,0,0.09791343067,0.171163392,1,0
0,0,0.1189732181,0.2105978742,2,0
0,0,0.07164025103,-0.4733296706,2,0
0,0,-0.06238521177,-1.340254628,0,0
0,0,-0.1058489736,-0.4346376183,2,0
0,0,-0.2437297462,-1.378807726,0,0
0,0,-0.340632477,-0.9690273079,1,0
0,0,-0.4987233434,-1.580908665,2,0
0,0,-0.7959517625,-2.97228419,0,0
0,0,-1.13804635,-3.42094587,0,-1
1,1,-1.572142634,-4.340962841
0,0,0,0,1,0
0,0,-0.007080549533,-0.07080549533,2,0
0,0,-0.1182855483,-1.112049988,1,0
0,0,-0.2545316581,-1.362461098,1,0
0,0,-0.4170456019,-1.625139438,0,0
0,0,-0.5676511191,-1.506055173,0,0
0,0,-0.7457253416,-1.780742225,2,0
0,0,-1.101187957,-3.554626149,0,0
0,0,-1.547530414,-4.463424571,2,-1
1,1,-2.14203755,-5.945071362
0,0,0,0,2,0
0,0,-0.0857031438,-0.857031438,0,0
0,0,-0.1135231421,-0.2781999829,1,0
0,0,-0.1435075289,-0.2998438679,2,0
0,0,-0.2717587306,-1.282512017,0,0
0,0,-0.3495612626,-0.7780253205,1,0
0,0,-0.4756799641,-1.261187014,2,0
0,0,-0.7657727989,-2.900928348,0,0
0,0,-1.105575266,-3.398024672,1,-1
1,1,-1.570816695,-4.652414287
0,0,0,0,2,0
0,0,-0.09011523789,-0.9011523789,0,0
0,0,-0.1177748178,-0.2765957996,1,0
0,0,-0.1787990487,-0.6102423082,0,0
0,0,-0.1783645085,0.004345402116,1,0
0,0,-0.2162467043,-0.3788219583,0,0
0,0,-0.2209810609,-0.04734356609,2,0
0,0,-0.3383660892,-1.173850283,0,0
0,0,-0.4354345092,-0.9706841996,2,0
0,0,-0.6796066958,-2.441721867,1,0
0,0,-1.033179593,-3.535728968,0,0
0,0,-1.466183223,-4.330036304,2,-1
1,1,-2.050728907,-5.845456844
0,0,0,0,2,0
0,0,-0.1023015404,-1.023015404,2,0
0,0,-0.296180032,-1.938784917,1,0
0,0,-0.5461377817,-2.499577496,2,0
0,0,-0.9419938345,-3.958560529,2,0
0,0,-1.500991365,-5.589975306,1,-1
1,1,-2.203541837,-7.025504721
0,0,0,0,0,0
0,0,0.08503276888,0.8503276888,2,0
0,0,0.1017305298,0.1669776093,2,0
0,0,0.04172286307,-0.6000766673,0,0
0,0,0.07785429945,0.3613143638,0,0
0,0,0.2314699176,1.536156181,1,0
0,0,0.415201589,1.837316714,1,0
0,0,0.6759720151,2.607704261,1,0
0,0,1.027096128,3.511241125,2,0
0,0,1.454664185,4.275680572,0,-1
1,1,2.033176058,5.785118734
0,0,0,0,1,0
0,0,-0.014457471,-0.14457471,2,0
0,0,-0.1212236421,-1.067661711,0,0
0,0,-0.1594170997,-0.3819345765,2,0
0,0,-0.3088924092,-1.494753094,0,0
0,0,-0.4211078763,-1.122154672,1,0
0,0,-0.5990987697,-1.779908934,2,0
0,0,-0.9414699323,-3.423711625,2,0
0,0,-1.443258295,-5.017883631,2,-1
1,1,-2.096105078,-6.528467824
0,0,0,0,1,0
0,0,0.01083852196,0.1083852196,2,0
0,0,-0.06149611399,-0.7233463595,2,0
0,0,-0.2369894298,-1.754933158,1,0
0,0,-0.4546907184,-2.177012886,2,0
0,0,-0.8134994561,-3.588087377,0,0
0,0,-1.224194474,-4.106950182,2,-1
1,1,-1.790998495,-5.668040203
0,0,0,0,2,0
0,0,-0.07986796565,-0.7986796565,2,0
0,0,-0.2571104123,-1.772424467,2,0
0,0,-0.5691371361,-3.120267237,0,0
0,0,-0.8907918177,-3.216546816,0,0
0,0,-1.276883832,-3.860920139,0,-1
1,1,-1.779514061,-5.026302289
0,0,0,0,0,0
0,0,0.07272514568,0.7272514568,1,0
0,0,0.1699872838,0.9726213812,2,0
0,0,0.2109530341,0.4096575032,1,0
0,0,0.2897959314,0.7884289723,2,0
0,0,0.3187022719,0.2890634055,1,0
0,0,0.3886930084,0.6999073647,0,0
0,0,0.59723031,2.085373016,1,0
0,0,0.8881530747,2.909227647,1,0
0,0,1.292585552,4.044324771,2,-1
1,1,1.809871472,5.172859203
0,0,0,0,2,0
0,0,-0.08018935847,-0.8018935847,1,0
0,0,-0.1839461261,-1.037567676,2,0
0,0,-0.4199826154,-2.360364893,2,0
0,0,-0.7883177047,-3.683350894,1,0
0,0,-1.259600751,-4.712830464,0,-1
1,1,-1.841537516,-5.819367646
0,0,0,0,2,0
0,0,-0.07315193466,-0.7315193466,1,0
0,0,-0.1689283116,-0.9577637698,2,0
0,0,-0.3704947635,-2.015664519,0,0
0,0,-0.5486491925,-1.78154429,2,0
0,0,-0.8893127077,-3.406635152,1,0
0,0,-1.342464528,-4.531518205,1,-1
1,1,-1.933371112,-5.909065842
0,0,0,0,0,0
0,0,0.07823696623,0.7823696623,0,0
0,0,0.2605281203,1.822911541,1,0
0,0,0.4884028255,2.278747052,1,0
0,0,0.7861891043,2.977862788,2,0
0,0,1.125262316,3.390732112,2,0
0,0,1.559560467,4.342981517,1,-1
1,1,2.140395282,5.808348147
0,0,0,0,0,0
0,0,0.09222504458,0.9222504458,2,0
0,0,0.09672330272,0.04498258143,1,0
0,0,0.1119278922,0.1520458945,2,0
0,0,0.05021909021,-0.6170880196,1,0
0,0,0.001760428793,-0.4845866142,0,0
0,0,0.0358467534,0.3408632461,2,0
0,0,0.001952415945,-0.3389433746,2,0
0,0,-0.1037181835,-1.056705994,1,0
0,0,-0.2230486231,-1.193304397,0,0
0,0,-0.2988560853,-0.7580746214,1,0
0,0,-0.4342508234,-1.353947381,0,0
0,0,-0.5641249866,-1.298741631,2,0
0,0,-0.8594108521,-2.952858656,0,0
0,0,-1.205352166,-3.459413139,0,-1
1,1,-1.653590639,-4.482384732
0,0,0,0,0,0
0,0,0.08285014651,0.8285014651,0,0
0,0,0.2674183677,1.845682212,2,0
0,0,0.3968037869,1.293854192,2,0
0,0,0.4967658642,0.9996207727,2,0
0,0,0.6074426519,1.106767876,2,0
0,0,0.7455666063,1.381239544,1,0
0,0,0.9890270977,2.434604915,2,0
0,0,1.320496409,3.314693114,1,-1
1,1,1.793516471,4.730200621
0,0,0,0,1,0
0,0,0.00430052996,0.0430052996,2,0
0,0,-0.06595691877,-0.7025744873,1,0
0,0,-0.1470645425,-0.811076237,0,0
0,0,-0.1768088312,-0.2974428868,1,0
0,0,-0.2385325074,-0.6172367625,0,0
0,0,-0.2414845886,-0.02952081248,2,0
0,0,-0.3830413898,-1.415568011,2,0
0,0,-0.6726794264,-2.896380367,2,0
0,0,-1.125980697,-4.533012709,0,-1
1,1,-1.673108507,-5.471278097
0,0,0,0,1,0
0,0,-0.008723185924,-0.08723185924,2,0
0,0,-0.1019053511,-0.9318216522,2,0
0,0,-0.2842178002,-1.823124491,1,0
0,0,-0.5214920288,-2.372742286,0,0
0,0,-0.7688690242,-2.473769954,0,0
0,0,-1.063683461,-2.948144363,2,0
0,0,-1.53108856,-4.674050991,0,-1
1,1,-2.140793194,-6.097046341
0,0,0,0,2,0
0,0,-0.08538756129,-0.8538756129,1,0
0,0,-0.1859113858,-1.005238245,0,0
0,0,-0.230283962,-0.4437257624,0,0
0,0,-0.2266326152,0.03651346891,2,0
0,0,-0.3535417351,-1.2690912,0,0
0,0,-0.4417461197,-0.8820438455,1,0
0,0,-0.6150570227,-1.73310903,1,0
0,0,-0.8782148057,-2.63157783,1,0
0,0,-1.262116278,-3.83901472,1,-1
1,1,-1.77727945,-5.151631727
0,0,0,0,2,0
0,0,-0.07295002786,-0.7295002786,0,0
0,0,-0.08057301951,-0.07622991646,2,0
0,0,-0.1810523907,-1.004793712,0,0
0,0,-0.2415696375,-0.6051724675,2,0
0,0,-0.416180406,-1.746107685,2,0
0,0,-0.7451605658,-3.289801598,2,0
0,0,-1.22725741,-4.820968445,1,-1
1,1,-1.842455677,-6.151982665
0,0,0,0,1,0
0,0,0.01177982946,0.1177982946,2,0
0,0,-0.04889695951,-0.6067678897,0,0
0,0,-0.02907686571,0.198200938,0,0
0,0,0.05789169986,0.8696856556,2,0
0,0,0.06226392452,0.04372224663,2,0
0,0,0.0004704186496,-0.6179350587,2,0
0,0,-0.1530045351,-1.534749538,1,0
0,0,-0.3226803369,-1.696758018,2,0
0,0,-0.6301325954,-3.074522584,1,0
0,0,-1.021427195,-3.912946,0,0
0,0,-1.495144461,-4.737172655,1,-1
1,1,-2.112497399,-6.173529385
0,0,0,0,2,0
0,0,-0.07640475536,-0.7640475536,2,0
0,0,-0.25444895,-1.780441946,2,0
0,0,-0.5497356125,-2.952866625,0,0
0,0,-0.8616133192,-3.118777067,2,0
0,0,-1.336157441,-4.745441222,2,-1
1,1,-1.964408039,-6.282505974
0,0,0,0,0,0
0,0,0.0929062661,0.929062661,1,0
0,0,0.200231274,1.073250079,1,0
0,0,0.3419459006,1.417146266,2,0
0,0,0.4513228548,1.093769542,2,0
0,0,0.5442202926,0.9289743785,1,0
0,0,0.7259079382,1.816876456,2,0
0,0,0.9581262331,2.322182949,2,0
0,0,1.274051391,3.15925158,1,-1
1,1,1.732201468,4.581500771
0,0,0,0,1,0
0,0,0.005853811731,0.05853811731,0,0
0,0,0.1090449571,1.031911453,1,0
0,0,0.2234822483,1.144372913,0,0
0,0,0.4636545055,2.401722572,1,0
0,0,0.7867610293,3.231065238,2,0
0,0,1.159259812,3.724987829,0,-1
1,1,1.696703284,5.374434719
0,0,0,0,2,0
0,0,-0.09319601218,-0.9319601218,0,0
0,0,-0.129726667,-0.3653065487,2,0
0,0,-0.2603759003,-1.306492333,0,0
0,0,-0.3421841344,-0.8180823412,1,0
0,0,-0.482294411,-1.401102765,1,0
0,0,-0.6847002265,-2.024058155,1,0
0,0,-0.9921162584,-3.074160319,2,0
0,0,-1.471545273,-4.794290146,0,-1
1,1,-2.085234478,-6.136892049
0,0,0,0,2,0
0,0,-0.07254624846,-0.7254624846,1,0
0,0,-0.1614566497,-0.8891040127,2,0
0,0,-0.3635493099,-2.020926601,1,0
0,0,-0.6111492781,-2.475999682,1,0
0,0,-0.9344980707,-3.233487926,2,0
0,0,-1.417011512,-4.825134411,0,-1
1,1,-2.02806874,-6.110572285
0,0,0,0,2,0
0,0,-0.08530270306,-0.8530270306,1,0
0,0,-0.1960561056,-1.107534026,0,0
0,0,-0.2370197667,-0.4096366107,1,0
0,0,-0.3243723095,-0.8735254279,2,0
0,0,-0.561631074,-2.372587645,1,0
0,0,-0.8947516598,-3.331205858,1,0
0,0,-1.335092473,-4.403408127,2,-1
1,1,-1.928815399,-5.937229269
0,0,0,0,0,0
0,0,0.08441962787,0.8441962787,0,0
0,0,0.2628123912,1.783927633,2,0
0,0,0.4036513245,1.408389333,1,0
0,0,0.61955307,2.159017455,2,0
0,0,0.845705189,2.26152119,0,0
0,0,1.235417179,3.897119899,2,-1
1,1,1.735182049,4.997648701
0,0,0,0,2,0
0,0,-0.08077075904,-0.8077075904,2,0
0,0,-0.2729820947,-1.922113356,2,0
0,0,-0.6010493837,-3.28067289,0,0
0,0,-0.939927109,-3.388777253,0,0
0,0,-1.341296537,-4.013694278,1,-1
1,1,-1.879091676,-5.377951396
0,0,0,0,0,0
0,0,0.1005979781,1.005979781,2,0
0,0,0.138652603,0.3805462499,1,0
0,0,0.2070276715,0.6837506844,1,0
0,0,0.3252796082,1.182519367,0,0
0,0,0.5832638264,2.579842183,1,0
0,0,0.9175568215,3.342929951,2,0
0,0,1.327583177,4.100263553,0,-1
1,1,1.89563906,5.680558827
0,0,0,0,0,0
0,0,0.08233038552,0.8233038552,1,0
0,0,0.1897588089,1.074284234,0,0
0,0,0.4279282763,2.381694674,2,0
0,0,0.6628826135,2.349543372,0,0
0,0,1.063711448,4.00828835,1,-1
1,1,1.58147603,5.177645813
0,0,0,0,0,0
0,0,0.1056715911,1.056715911,1,0
0,0,0.2375685238,1.318969327,2,0
0,0,0.3112720152,0.7370349138,0,0
0,0,0.519283829,2.080118138,1,0
0,0,0.8142610627,2.949772337,0,0
0,0,1.270833325,4.565722621,1,-1
1,1,1.863244304,5.924109789
0,0,0,0,1,0
0,0,-0.01509589695,-0.1509589695,2,0
0,0,-0.1161889582,-1.010930613,0,0
0,0,-0.156977208,-0.4078824981,1,0
0,0,-0.2275934435,-0.706162355,2,0
0,0,-0.4388275502,-2.112341067,1,0
0,0,-0.729616056,-2.907885058,0,0
0,0,-1.04765485,-3.180387937,0,0
0,0,-1.448387152,-4.007323018,2,-1
1,1,-2.002133786,-5.537466346
0,0,0,0,0,0
0,0,0.09447403999,0.9447403999,1,0
0,0,0.1935927192,0.991186792,1,0
0,0,0.3263874805,1.327947613,2,0
0,0,0.4250826862,0.9869520569,0,0
0,0,0.6601143123,2.350316261,1,0
0,0,0.9885266728,3.284123605,2,0
0,0,1.39334631,4.048196372,2,-1
1,1,1.925677102,5.323307919
0,0,0,0,2,0
0,0,-0.1008492128,-1.008492128,2,0
0,0,-0.321433074,-2.205838612,2,0
0,0,-0.6609445117,-3.395114377,0,0
0,0,-1.035317273,-3.743727611,2,-1
1,1,-1.576811566,-5.414942936
0,0,0,0,2,0
0,0,-0.08341715286,-0.8341715286,0,0
0,0,-0.08421730784,-0.00800154978,2,0
0,0,-0.1926725962,-1.084552884,0,0
0,0,-0.232177352,-0.3950475582,0,0
0,0,-0.2141765272,0.1800082484,2,0
0,0,-0.3085755335,-0.943990063,2,0
0,0,-0.5529879176,-2.444123841,1,0
0,0,-0.8710938978,-3.181059802,2,0
0,0,-1.354271925,-4.831780271,0,-1
1,1,-1.958861637,-6.045897122
0,0,0,0,2,0
0,0,-0.08298856221,-0.8298856221,2,0
0,0,-0.2781631717,-1.951746095,2,0
0,0,-0.6056659658,-3.275027941,2,0
0,0,-1.084295604,-4.786296384,0,-1
1,1,-1.649760943,-5.654653387
0,0,0,0,1,0
0,0,-0.0001228770026,-0.001228770026,0,0
0,0,0.07848690898,0.7860978598,0,0
0,0,0.2561668617,1.776799527,2,0
0,0,0.3753166399,1.191497782,1,0
0,0,0.5440047252,1.686880853,2,0
0,0,0.733720109,1.897153838,0,0
0,0,1.087750015,3.540299063,0,-1
1,1,1.604707061,5.169570462
0,0,0,0,1,0
0,0,-0.01052447621,-0.1052447621,1,0
0,0,-0.0145684401,-0.04043963894,2,0
0,0,-0.1224521656,-1.078837255,1,0
0,0,-0.2599481953,-1.374960296,1,0
0,0,-0.4379524336,-1.780042383,2,0
0,0,-0.7505139849,-3.125615513,2,0
0,0,-1.231575896,-4.810619108,1,-1
1,1,-1.842363013,-6.107871175
0,0,0,0,2,0
0,0,-0.07432469619,-0.7432469619,0,0
0,0,-0.08718171442,-0.1285701823,0,0
0,0,-0.04008241862,0.470992958,1,0
0,0,0.01744408739,0.5752650601,0,0
0,0,0.1830952409,1.656511535,0,0
0,0,0.4561485824,2.730533415,1,0
0,0,0.8036843694,3.47535787,1,0
0,0,1.266720959,4.6303659,2,-1
1,1,1.841104907,5.743839478
0,0,0,0,2,0
0,0,-0.09689255173,-0.9689255173,2,0
0,0,-0.3003696954,-2.034771436,1,0
0,0,-0.5542295811,-2.538598858,0,0
0,0,-0.8309338282,-2.76704247,2,0
0,0,-1.267087649,-4.361538206,0,-1
1,1,-1.817557887,-5.504702378
0,0,0,0,2,0
0,0,-0.09487217295,-0.9487217295,0,0
0,0,-0.1061738314,-0.1130165846,0,0
0,0,-0.06374781613,0.4242601528,2,0
0,0,-0.1290776216,-0.6532980549,2,0
0,0,-0.2878573976,-1.58779776,2,0
0,0,-0.5631684582,-2.753110606,0,0
0,0,-0.8587552478,-2.955867896,0,0
0,0,-1.217381252,-3.586260039,2,-1
1,1,-1.73503778,-5.176565279
0,0,0,0,0,0
0,0,0.08155411573,0.8155411573,2,0
0,0,0.101099531,0.1954541526,0,0
0,0,0.2201925548,1.190930239,0,0
0,0,0.4513997109,2.312071561,2,0
0,0,0.661930793,2.10531082,1,0
0,0,0.962785309,3.00854516,2,0
0,0,1.334124721,3.713394124,2,-1
1,1,1.829852346,4.957276246
0,0,0,0,2,0
0,0,-0.08092297499,-0.8092297499,1,0
0,0,-0.18837392,-1.07450945,0,0
0,0,-0.2586229986,-0.7024907858,2,0
0,0,-0.466965713,-2.083427145,1,0
0,0,-0.7330346024,-2.660688893,0,0
0,0,-1.05122521,-3.181906081,1,0
0,0,-1.502530374,-4.513051636,1,-1
1,1,-2.099176125,-5.966457512
0,0,0,0,0,0
0,0,0.1041252791,1.041252791,1,0
0,0,0.2116329652,1.07507686,1,0
0,0,0.3473836866,1.357507214,1,0
0,0,0.5495901952,2.022065086,1,0
0,0,0.8354201618,2.858299666,0,0
0,0,1.28283488,4.474147184,1,-1
1,1,1.860599031,5.777641509
0,0,0,0,0,0
0,0,0.0720857266,0.720857266,2,0
0,0,0.06652693318,-0.05558793416,1,0
0,0,0.05492140923,-0.1160552395,1,0
0,0,0.05831205221,0.03390642978,2,0
0,0,-0.01618340387,-0.7449545607,1,0
0,0,-0.1097093143,-0.9352591047,0,0
0,0,-0.1461050302,-0.3639571591,2,0
0,0,-0.2809890155,-1.348839852,0,0
0,0,-0.3784170102,-0.9742799476,2,0
0,0,-0.6206251824,-2.422081722,1,0
0,0,-0.9616330797,-3.410078972,2,0
0,0,-1.457152155,-4.955190758,2,-1
1,1,-2.10311543,-6.459632742
0,0,0,0,0,0
0,0,0.08009472048,0.8009472048,1,0
0,0,0.1883676418,1.082729214,0,0
0,0,0.3984359241,2.100682822,1,0
0,0,0.6593552699,2.609193459,1,0
0,0,1.008553263,3.491979935,0,0
0,0,1.52434761,5.157943464,0,-1
1,1,2.188119557,6.637719468
0,0,0,0,1,0
0,0,-0.01446342401,-0.1446342401,1,0
0,0,-0.04729046438,-0.3282704037,2,0
0,0,-0.1726486597,-1.253581953,2,0
0,0,-0.4244840577,-2.51835398,2,0
0,0,-0.8294296624,-4.049456047,0,0
0,0,-1.277602444,-4.481727815,0,-1
1,1,-1.839347956,-5.61745512
0,0,0,0,1,0
0,0,0.01602521957,0.1602521957,2,0
0,0,-0.04357030411,-0.5959552368,0,0
0,0,-0.009220242327,0.3435006179,1,0
0,0,0.02888693111,0.3810717344,2,0
0,0,-0.002478374897,-0.3136530601,1,0
0,0,-0.03555700806,-0.3307863317,2,0
0,0,-0.1512998068,-1.157427988,2,0
0,0,-0.3956096955,-2.443098887,2,0
0,0,-0.7675070624,-3.718973669,1,0
0,0,-1.244317866,-4.76810804,2,-1
1,1,-1.879135239,-6.348173723
0,0,0,0,0,0
0,0,0.09633310267,0.9633310267,0,0
0,0,0.2862315431,1.898984405,0,0
0,0,0.6102060406,3.239744975,0,0
0,0,1.084756254,4.745502133,0,-1
1,1,1.717967048,6.33210794
0,0,0,0,0,0
0,0,0.07230804478,0.7230804478,0,0
0,0,0.2281975629,1.558895181,2,0
0,0,0.3206603923,0.9246282943,2,0
0,0,0.3754352041,0.5477481183,2,0
0,0,0.4166420482,0.4120684403,2,0
0,0,0.4476066964,0.3096464818,1,0
0,0,0.5366906476,0.8908395125,1,0
0,0,0.7105265628,1.738359152,2,0
0,0,0.92500887,2.144823072,2,0
0,0,1.219597849,2.945889794,1,-1
1,1,1.64819337,4.285955209
0,0,0,0,1,0
0,0,0.0139873358,0.139873358,2,0
0,0,-0.0427039058,-0.5669124159,2,0
0,0,-0.201008096,-1.583041902,2,0
0,0,-0.4919892546,-2.909811586,1,0
0,0,-0.8413115799,-3.493223253,1,0
0,0,-1.299438784,-4.581272041,1,-1
1,1,-1.890465504,-5.910267197
0,0,0,0,0,0
0,0,0.07306831189,0.7306831189,2,0
0,0,0.07206165577,-0.01006656113,1,0
0,0,0.06994716836,-0.02114487414,1,0
0,0,0.08053126841,0.1058410005,1,0
0,0,0.1152637849,0.3473251646,2,0
0,0,0.06647687757,-0.487869073,0,0
0,0,0.1126666932,0.4618981567,0,0
0,0,0.2828770585,1.702103652,2,0
0,0,0.431893126,1.490160675,0,0
0,0,0.7403585971,3.084654711,0,0
0,0,1.204721248,4.643626506,2,-1
1,1,1.77447637,5.697551221
0,0,0,0,1,0
0,0,-0.01270124162,-0.1270124162,2,0
0,0,-0.111543038,-0.9884179641,2,0
0,0,-0.3342547169,-2.227116789,1,0
0,0,-0.6237268839,-2.89472167,1,0
0,0,-0.9913707613,-3.676438773,1,0
0,0,-1.478835086,-4.874643242,0,-1
1,1,-2.10397776,-6.251426747
0,0,0,0,2,0
0,0,-0.0716677235,-0.716677235,0,0
0,0,-0.08505800011,-0.1339027662,2,0
0,0,-0.190117911,-1.050599109,2,0
0,0,-0.4209924113,-2.308745003,0,0
0,0,-0.6326903018,-2.116978905,1,0
0,0,-0.9341857289,-3.01495427,2,0
0,0,-1.406461123,-4.722753943,2,-1
1,1,-2.032090836,-6.256297125
0,0,0,0,2,0
0,0,-0.07095098568,-0.7095098568,2,0
0,0,-0.2273783147,-1.56427329,1,0
0,0,-0.4161592403,-1.887809256,0,0
0,0,-0.5996543723,-1.83495132,0,0
0,0,-0.793489899,-1.938355267,1,0
0,0,-1.096600931,-3.031110316,2,0
0,0,-1.57062227,-4.740213393,2,-1
1,1,-2.191648831,-6.210265614
0,0,0,0,0,0
0,0,0.07155714122,0.7155714122,0,0
0,0,0.2572114036,1.856542624,0,0
0,0,0.5730870471,3.158756435,2,0
0,0,0.8968671474,3.237801003,1,0
0,0,1.336659681,4.397925335,1,-1
1,1,1.910642559,5.73982878
0,0,0,0,0,0
0,0,0.08245363057,0.8245363057,2,0
0,0,0.09833109569,0.1587746512,0,0
0,0,0.225195432,1.268643363,1,0
0,0,0.3864392687,1.612438367,2,0
0,0,0.5443589503,1.579196816,1,0
0,0,0.7927168868,2.483579365,0,0
0,0,1.203679849,4.109629624,0,-1
1,1,1.772451563,5.687717142
0,0,0,0,1,0
0,0,0.008969018967,0.08969018967,0,0
0,0,0.1048476123,0.9587859335,1,0
0,0,0.2139188533,1.09071241,1,0
0,0,0.354574292,1.406554388,0,0
0,0,0.6212800088,2.667057167,1,0
0,0,0.973991253,3.527112442,0,0
0,0,1.48935674,5.153654871,2,-1
1,1,2.142741481,6.533847411
0,0,0,0,1,0
0,0,-0.005594230373,-0.05594230373,2,0
0,0,-0.1170054954,-1.11411265,0,0
0,0,-0.1441154241,-0.2710992869,2,0
0,0,-0.2885260577,-1.444106336,0,0
0,0,-0.4008307622,-1.123047045,2,0
0,0,-0.6528697009,-2.520389386,1,0
0,0,-0.9955310886,-3.426613877,2,0
0,0,-1.506757458,-5.112263695,1,-1
1,1,-2.162813211,-6.560557524
0,0,0,0,1,0
0,0,0.000316153525,0.00316153525,1,0
0,0,0.01124425208,0.1092809855,0,0
0,0,0.1262992676,1.150550155,2,0
0,0,0.1851205758,0.5882130823,2,0
0,0,0.1901363013,0.05015725487,1,0
0,0,0.2270787801,0.369424788,2,0
0,0,0.2049016491,-0.2217713093,2,0
0,0,0.12219448,-0.8270716913,2,0
0,0,-0.01111956832,-1.333140483,0,0
0,0,-0.04680131571,-0.3568174739,0,0
0,0,-0.01107789859,0.3572341712,0,0
0,0,0.1179779562,1.290558548,0,0
0,0,0.350874258,2.328963018,1,0
0,0,0.6363043796,2.854301216,1,0
0,0,1.023573333,3.872689533,2,0
0,0,1.492686946,4.691136132,2,-1
1,1,2.100623147,6.079362005
0,0,0,0,0,0
0,0,0.07663694558,0.7663694558,0,0
0,0,0.2535064649,1.768695194,2,0
0,0,0.4017059912,1.481995263,0,0
0,0,0.6876098908,2.859038995,1,0
0,0,1.081255612,3.936457215,1,-1
1,1,1.605430738,5.24175126
0,0,0,0,0,0
0,0,0.09289884277,0.9289884277,0,0
0,0,0.3016672318,2.087683891,2,0
0,0,0.4918758366,1.902086048,1,0
0,0,0.7508533261,2.589774894,2,0
0,0,1.057434796,3.065814701,2,0
0,0,1.458350617,4.009158209,0,-1
1,1,2.012347237,5.539966205
0,0,0,0,2,0
0,0,-0.08730638073,-0.8730638073,2,0
0,0,-0.277597697,-1.902913163,0,0
0,0,-0.4204198107,-1.428221137,0,0
0,0,-0.5535575424,-1.331377317,1,0
0,0,-0.7577967123,-2.042391699,1,0
0,0,-1.061306116,-3.035094041,0,0
0,0,-1.453221841,-3.919157241,1,-1
1,1,-1.987405042,-5.341832018
0,0,0,0,2,0
0,0,-0.1045290199,-1.045290199,0,0
0,0,-0.1471884079,-0.4265938802,2,0
0,0,-0.3041653195,-1.569769116,2,0
0,0,-0.5850157717,-2.808504522,1,0
0,0,-0.9590949929,-3.740792212,1,0
0,0,-1.444096802,-4.850018095,0,-1
1,1,-2.060306232,-6.162094294
0,0,0,0,0,0
0,0,0.08177122816,0.8177122816,1,0
0,0,0.1639408217,0.8216959355,2,0
0,0,0.1913582665,0.2741744477,1,0
0,0,0.2358911385,0.4453287202,2,0
0,0,0.2234018027,-0.1248933583,2,0
0,0,0.1517308295,-0.716709732,0,0
0,0,0.1984441724,0.4671334296,2,0
0,0,0.2047083335,0.06264161025,0,0
0,0,0.3183553976,1.136470641,0,0
0,0,0.558308533,2.399531354,0,0
0,0,0.9643868212,4.060782882,2,0
0,0,1.432330222,4.679434005,1,-1
1,1,2.039857417,6.075271956
0,0,0,0,2,0
0,0,-0.09050577941,-0.9050577941,2,0
0,0,-0.2840886149,-1.935828355,1,0
0,0,-0.5125489824,-2.284603675,0,0
0,0,-0.7501128541,-2.375638717,0,0
0,0,-1.0276877,-2.775748464,0,0
0,0,-1.383401922,-3.557142216,1,-1
1,1,-1.879081723,-4.956798013
0,0,0,0,0,0
0,0,0.07873926538,0.7873926538,0,0
0,0,0.2454713696,1.667321042,1,0
0,0,0.4670554784,2.215841088,1,0
0,0,0.7474706545,2.804151761,2,0
0,0,1.062820532,3.15349877,2,0
0,0,1.464506973,4.016864416,0,-1
1,1,2.018254338,5.53747365
0,0,0,0,2,0
0,0,-0.1027994446,-1.027994446,0,0
0,0,-0.1230944425,-0.2029499788,2,0
0,0,-0.2545583661,-1.314639237,2,0
0,0,-0.51623062,-2.616722539,0,0
0,0,-0.7958278823,-2.795972623,1,0
0,0,-1.172059112,-3.762312301,1,-1
1,1,-1.680151617,-5.080925049
0,0,0,0,1,0
0,0,-0.01373454099,-0.1373454099,0,0
0,0,0.05343126671,0.671658077,0,0
0,0,0.203588375,1.501571083,2,0
0,0,0.2926378616,0.890494866,1,0
0,0,0.4162101405,1.235722788,1,0
0,0,0.6175016941,2.012915536,1,0
0,0,0.8983326985,2.808310044,2,0
0,0,1.247793245,3.494605464,2,-1
1,1,1.707167903,4.593746578
0,0,0,0,2,0
0,0,-0.0783233326,-0.783233326,0,0
0,0,-0.09537748558,-0.1705415298,1,0
0,0,-0.1352728696,-0.3989538405,1,0
0,0,-0.1845249736,-0.4925210394,1,0
0,0,-0.257345767,-0.7282079348,2,0
0,0,-0.4733714806,-2.160257136,0,0
0,0,-0.701329825,-2.279583444,2,0
0,0,-1.097367662,-3.960378369,0,-1
1,1,-1.577855252,-4.804875903
0,0,0,0,1,0
0,0,-0.0005064393976,-0.005064393976,0,0
0,0,0.07036467487,0.7087111427,0,0
0,0,0.2304426036,1.600779287,0,0
0,0,0.5007028134,2.702602098,0,0
0,0,0.934061203,4.333583896,0,0
0,0,1.530323409,5.962622057,0,-1
1,1,2.274493658,7.441702498
0,0,0,0,2,0
0,0,-0.08385017422,-0.8385017422,0,0
0,0,-0.1091631642,-0.2531298994,0,0
0,0,-0.07008159281,0.3908157135,1,0
0,0,-0.04831344476,0.2176814805,1,0
0,0,-0.03200505289,0.1630839187,1,0
0,0,-0.03313538387,-0.01130330983,2,0
0,0,-0.114178038,-0.8104265408,1,0
0,0,-0.2202422373,-1.060641993,0,0
0,0,-0.2645717519,-0.4432951457,0,0
0,0,-0.268229991,-0.0365823917,1,0
0,0,-0.3323492281,-0.6411923707,0,0
0,0,-0.3625279469,-0.3017871876,1,0
0,0,-0.4596611181,-0.9713317118,0,0
0,0,-0.5479490387,-0.8828792068,0,0
0,0,-0.6487435413,-1.007945025,0,0
0,0,-0.7812771869,-1.325336457,2,0
0,0,-1.087015256,-3.057380695,1,0
0,0,-1.522817769,-4.358025122,0,-1
1,1,-2.10035463,-5.775368614
0,0,0,0,0,0
0,0,0.09224603353,0.9224603353,0,0
0,0,0.3041373479,2.118913144,2,0
0,0,0.4816679014,1.775305535,1,0
0,0,0.7456614371,2.639935356,0,0
0,0,1.162374489,4.167130523,1,-1
1,1,1.702978713,5.40604224
0,0,0,0,0,0
0,0,0.1001615762,1.001615762,2,0
0,0,0.1431156397,0.4295406359,0,0
0,0,0.3111187056,1.680030659,0,0
0,0,0.618350675,3.072319694,2,0
0,0,0.9405603807,3.222097056,1,0
0,0,1.387969174,4.474087937,1,-1
1,1,1.97687423,5.889050558
0,0,0,0,0,0
0,0,0.09925529352,0.9925529352,1,0
0,0,0.2201598275,1.20904534,2,0
0,0,0.282553525,0.6239369752,0,0
0,0,0.4759971625,1.934436375,1,0
0,0,0.7284417727,2.524446101,2,0
0,0,1.011055725,2.826139525,1,0
0,0,1.411839761,4.007840362,1,-1
1,1,1.956411134,5.445713729
