2,1,1
0,0,0,0,0,0
0,0,0.08896663599,0.8896663599,2,0
0,0,0.08887966135,-0.0008697464584,0,0
0,0,0.1765553584,0.8767569705,2,0
0,0,0.2069285956,0.3037323721,0,0
0,0,0.3420687871,1.351401915,1,0
0,0,0.5189796805,1.769108934,1,0
0,0,0.7614714905,2.4249181,1,0
0,0,1.109230776,3.477592856,2,0
0,0,1.551787203,4.425564265,0,-1
1,1,2.141993533,5.902063308
0,0,0,0,0,0
0,0,0.07405279493,0.7405279493,0,0
0,0,0.2414736889,1.67420894,1,0
0,0,0.4597825201,2.183088312,2,0
0,0,0.6630412522,2.032587321,2,0
0,0,0.9065353759,2.434941237,2,0
0,0,1.215471895,3.089365191,2,-1
1,1,1.631400139,4.159282445
0,0,0,0,2,0
0,0,-0.07143058045,-0.7143058045,1,0
0,0,-0.1480874455,-0.7665686505,0,0
0,0,-0.1637422541,-0.1565480865,1,0
0,0,-0.1960782927,-0.3233603856,0,0
0,0,-0.1692273013,0.2685099142,1,0
0,0,-0.1870185888,-0.1779128749,1,0
0,0,-0.2225342402,-0.3551565147,1,0
0,0,-0.3015271301,-0.7899288983,1,0
0,0,-0.4421288098,-1.406016798,0,0
0,0,-0.5774824658,-1.35353656,1,0
0,0,-0.7895156461,-2.120331803,0,0
0,0,-1.053164979,-2.636493334,0,0
0,0,-1.40622412,-3.530591403,2,-1
1,1,-1.912881022,-5.066569027
0,0,0,0,2,0
0,0,-0.09469585936,-0.9469585936,0,0
0,0,-0.1228649422,-0.2816908288,1,0
0,0,-0.1649361594,-0.4207121716,1,0
0,0,-0.2452223851,-0.8028622569,2,0
0,0,-0.462789189,-2.175668039,2,0
0,0,-0.8129612225,-3.501720335,0,0
0,0,-1.210942693,-3.97981471,2,-1
1,1,-1.762815994,-5.518733005
0,0,0,0,1,0
0,0,-0.004179780066,-0.04179780066,1,0
0,0,-0.01408257327,-0.09902793206,1,0
0,0,-0.02338237865,-0.0929980538,0,0
0,0,0.0451787037,0.6856108235,1,0
0,0,0.1099744575,0.6479575377,1,0
0,0,0.1808421996,0.7086774211,1,0
0,0,0.2913295363,1.104873367,0,0
0,0,0.5346789767,2.433494404,0,0
0,0,0.9300533928,3.953744161,2,0
0,0,1.389215977,4.591625844,0,-1
1,1,2.002290116,6.130741393
0,0,0,0,0,0
0,0,0.08674561563,0.8674561563,1,0
0,0,0.1998434082,1.130977925,0,0
0,0,0.441019207,2.411757989,0,0
0,0,0.8177758138,3.767566067,0,0
0,0,1.351663536,5.338877227,1,-1
1,1,2.022901204,6.712376673
0,0,0,0,2,0
0,0,-0.09288474754,-0.9288474754,0,0
0,0,-0.1199817884,-0.2709704088,2,0
0,0,-0.2624742813,-1.424924929,0,0
0,0,-0.3593636637,-0.9688938236,2,0
0,0,-0.5856153268,-2.262516631,1,0
0,0,-0.8926904414,-3.070751146,1,0
0,0,-1.305339861,-4.126494198,0,-1
1,1,-1.831865682,-5.265258209
0,0,0,0,0,0
0,0,0.07842203555,0.7842203555,2,0
0,0,0.06853507124,-0.09886964311,2,0
0,0,-0.01439457189,-0.8292964312,2,0
0,0,-0.185657599,-1.712630271,0,0
0,0,-0.3006142804,-1.149566814,1,0
0,0,-0.478844815,-1.782305346,1,0
0,0,-0.7357965445,-2.569517295,1,0
0,0,-1.085466802,-3.496702572,2,-1
1,1,-1.603373827,-5.179070251
0,0,0,0,1,0
0,0,-0.001946498562,-0.01946498562,0,0
0,0,0.07628813402,0.7823463258,2,0
0,0,0.08822543439,0.1193730037,2,0
0,0,0.01063877024,-0.7758666415,1,0
0,0,-0.05965131795,-0.7029008819,1,0
0,0,-0.1244959305,-0.6484461259,1,0
0,0,-0.2124677756,-0.8797184509,0,0
0,0,-0.2427461292,-0.3027835352,2,0
0,0,-0.4116766679,-1.689305388,0,0
0,0,-0.5531312469,-1.414545789,1,0
0,0,-0.7850295149,-2.31898268,1,0
0,0,-1.13352613,-3.484966149,2,-1
1,1,-1.638727825,-5.052016948
0,0,0,0,1,0
0,0,-0.01196671361,-0.1196671361,0,0
0,0,0.07361664538,0.8558335899,2,0
0,0,0.09237639552,0.1875975014,1,0
0,0,0.1366501227,0.4427372721,2,0
0,0,0.1100007203,-0.2664940241,1,0
0,0,0.1003011242,-0.09699596106,0,0
0,0,0.1832130055,0.8291188133,2,0
0,0,0.2072849422,0.2407193664,2,0
0,0,0.1829355964,-0.243493458,2,0
0,0,0.1031441603,-0.7979143605,0,0
0,0,0.129356557,0.2621239668,2,0
0,0,0.08352872649,-0.4582783053,0,0
0,0,0.1285900278,0.4506130128,2,0
0,0,0.1081029956,-0.2048703215,0,0
0,0,0.1966713028,0.8856830721,1,0
0,0,0.3131779889,1.165066861,2,0
0,0,0.4080918312,0.9491384223,1,0
0,0,0.5712716008,1.631797697,0,0
0,0,0.8778229844,3.065513836,0,0
0,0,1.348950777,4.711277926,2,-1
1,1,1.93762414,5.88673363
0,0,0,0,1,0
0,0,-0.01369554909,-0.1369554909,0,0
0,0,0.0683922539,0.8208780298,2,0
0,0,0.06247173078,-0.05920523119,0,0
0,0,0.1455849956,0.8311326486,1,0
0,0,0.2475548697,1.019698741,2,0
0,0,0.2933095421,0.4575467235,0,0
0,0,0.4775471734,1.842376313,2,0
0,0,0.6744153933,1.968682199,1,0
0,0,0.9714390405,2.970236472,2,0
0,0,1.341097124,3.696580839,2,-1
1,1,1.833786562,4.926894379
0,0,0,0,0,0
0,0,0.07903647046,0.7903647046,1,0
0,0,0.1852423182,1.062058477,1,0
0,0,0.3244146971,1.39172379,1,0
0,0,0.5301317252,2.057170281,2,0
0,0,0.731601031,2.014693058,0,0
0,0,1.097755577,3.66154546,2,0
0,0,1.557788652,4.60033075,0,-1
1,1,2.165208304,6.074196517
0,0,0,0,2,0
0,0,-0.08150976031,-0.8150976031,0,0
0,0,-0.09672709558,-0.1521733528,2,0
0,0,-0.2209672939,-1.242401983,1,0
0,0,-0.3782350566,-1.572677627,0,0
0,0,-0.5201051619,-1.418701053,1,0
0,0,-0.7379685038,-2.178633419,1,0
0,0,-1.048607932,-3.106394277,2,0
0,0,-1.521895507,-4.732875752,2,-1
1,1,-2.144050342,-6.221548352
0,0,0,0,0,0
0,0,0.07323580167,0.7323580167,1,0
0,0,0.1576759072,0.8444010554,2,0
0,0,0.1681975051,0.1052159791,0,0
0,0,0.2950413748,1.268438697,1,0
0,0,0.4767965539,1.817551791,2,0
0,0,0.6436571557,1.668606018,0,0
0,0,0.9768595833,3.332024276,1,0
0,0,1.43173166,4.548720765,2,-1
1,1,2.019111886,5.873802261
0,0,0,0,0,0
0,0,0.07528790433,0.7528790433,0,0
0,0,0.2684745087,1.931866044,1,0
0,0,0.5035390375,2.350645288,2,0
0,0,0.7468470398,2.433080023,0,0
0,0,1.153835603,4.06988563,1,-1
1,1,1.69268251,5.388469068
0,0,0,0,0,0
0,0,0.07125708429,0.7125708429,2,0
0,0,0.07415175037,0.02894666085,2,0
0,0,-0.0003279164146,-0.7447966679,0,0
0,0,-0.002844008856,-0.02516092441,2,0
0,0,-0.08473185459,-0.8188784573,1,0
0,0,-0.185700869,-1.009690144,0,0
0,0,-0.2442993959,-0.5859852687,1,0
0,0,-0.3367974373,-0.9249804149,1,0
0,0,-0.4933980481,-1.566006108,1,0
0,0,-0.7188073998,-2.254093516,2,0
0,0,-1.112006238,-3.931988385,1,-1
1,1,-1.631821977,-5.198157387
0,0,0,0,2,0
0,0,-0.1049174633,-1.049174633,1,0
0,0,-0.2118563728,-1.069389095,2,0
0,0,-0.4411620173,-2.293056445,0,0
0,0,-0.6602672728,-2.191052555,1,0
0,0,-0.9840560705,-3.237887976,1,0
0,0,-1.426439587,-4.42383517,1,-1
1,1,-2.01109431,-5.846547221
0,0,0,0,1,0
0,0,-0.0003192849026,-0.003192849026,1,0
0,0,0.0005330700541,0.008523549567,0,0
0,0,0.106967696,1.06434626,2,0
0,0,0.1566976656,0.4972996957,0,0
0,0,0.3280924652,1.713947996,1,0
0,0,0.5403189579,2.122264928,2,0
0,0,0.7528062337,2.124872758,2,0
0,0,0.9995229877,2.46716754,0,0
0,0,1.405985204,4.064622161,2,-1
1,1,1.939614436,5.336292319
0,0,0,0,0,0
0,0,0.07633570275,0.7633570275,2,0
0,0,0.0739708484,-0.02364854347,2,0
0,0,-0.01194992741,-0.8592077581,1,0
0,0,-0.09333847056,-0.8138854315,2,0
0,0,-0.2797857077,-1.864472371,2,0
0,0,-0.6053472548,-3.255615471,1,0
0,0,-1.004914645,-3.995673898,1,0
0,0,-1.53110251,-5.261878654,1,-1
1,1,-2.203088476,-6.719859664
0,0,0,0,0,0
0,0,0.09835219858,0.9835219858,0,0
0,0,0.2891282226,1.90776024,0,0
0,0,0.6033640703,3.142358477,2,0
0,0,0.9436339721,3.402699019,1,0
0,0,1.395816812,4.521828402,0,-1
1,1,2.001813803,6.059969906
0,0,0,0,0,0
0,0,0.08251364009,0.8251364009,1,0
0,0,0.1913801789,1.088665388,2,0
0,0,0.2597251464,0.6834496755,2,0
0,0,0.2935104503,0.3378530392,0,0
0,0,0.4650176595,1.715072092,0,0
0,0,0.7785078909,3.134902313,2,0
0,0,1.138632171,3.601242804,0,-1
1,1,1.655536759,5.169045876
0,0,0,0,0,0
0,0,0.08033125497,0.8033125497,0,0
0,0,0.2717236238,1.913923689,0,0
0,0,0.5882480524,3.165244286,1,0
0,0,0.9865560733,3.983080209,2,0
0,0,1.457431702,4.708756283,2,-1
1,1,2.063823796,6.063920943
0,0,0,0,1,0
0,0,0.01694173936,0.1694173936,1,0
0,0,0.02174876065,0.04807021296,2,0
0,0,-0.06398238164,-0.8573114229,2,0
0,0,-0.2453694087,-1.813870271,2,0
0,0,-0.5497671235,-3.043977148,2,0
0,0,-1.00027857,-4.505114463,2,-1
1,1,-1.60201782,-6.017392499
0,0,0,0,1,0
0,0,0.00793802553,0.0793802553,0,0
0,0,0.1005177527,0.9257972713,2,0
0,0,0.1374297527,0.36912,2,0
0,0,0.1010354816,-0.3639427106,0,0
0,0,0.1751529639,0.7411748225,1,0
0,0,0.2940219591,1.188689952,0,0
0,0,0.5437050574,2.496830983,2,0
0,0,0.8142615598,2.705565024,1,0
0,0,1.204148998,3.898874379,1,-1
1,1,1.727817954,5.236689558
0,0,0,0,2,0
0,0,-0.08393062812,-0.8393062812,0,0
0,0,-0.09981994417,-0.1588931605,1,0
0,0,-0.1344942144,-0.3467427019,2,0
0,0,-0.2679291662,-1.334349518,1,0
0,0,-0.4593216411,-1.913924749,0,0
0,0,-0.6611380317,-2.018163906,2,0
0,0,-1.015866259,-3.547282269,1,0
0,0,-1.487553212,-4.716869532,0,-1
1,1,-2.097833239,-6.102800269
0,0,0,0,2,0
0,0,-0.09066876304,-0.9066876304,2,0
0,0,-0.2975443371,-2.06875574,2,0
0,0,-0.6487958228,-3.512514857,0,0
0,0,-1.023128042,-3.743322189,2,0
0,0,-1.555897193,-5.327691511,1,-1
1,1,-2.235215513,-6.7931832
0,0,0,0,2,0
0,0,-0.1003965204,-1.003965204,0,0
0,0,-0.113275945,-0.1287942464,1,0
0,0,-0.1433959246,-0.3011997955,0,0
0,0,-0.1142712259,0.2912469873,2,0
0,0,-0.194255716,-0.7998449017,0,0
0,0,-0.2320014024,-0.3774568635,1,0
0,0,-0.2975787152,-0.6557731279,1,0
0,0,-0.4182260963,-1.206473812,1,0
0,0,-0.5986004126,-1.803743163,0,0
0,0,-0.8034556398,-2.048552271,2,0
0,0,-1.17005258,-3.6659694,1,-1
1,1,-1.666143707,-4.960911275
0,0,0,0,1,0
0,0,-0.01031462089,-0.1031462089,0,0
0,0,0.06805269473,0.7836731562,0,0
0,0,0.244436371,1.763836762,0,0
0,0,0.5465501825,3.021138115,1,0
0,0,0.9318094085,3.852592261,2,0
0,0,1.391589301,4.597798926,1,-1
1,1,1.988987342,5.973980412
0,0,0,0,2,0
0,0,-0.100094497,-1.00094497,2,0
0,0,-0.3216815125,-2.215870155,0,0
0,0,-0.4978757606,-1.761942481,0,0
0,0,-0.6773394076,-1.79463647,0,0
0,0,-0.8985538855,-2.21214478,2,0
0,0,-1.293661864,-3.951079784,1,-1
1,1,-1.827601198,-5.339393338
0,0,0,0,2,0
0,0,-0.07216922318,-0.7216922318,0,0
0,0,-0.05986276724,0.1230645594,0,0
0,0,0.01663745415,0.7650022139,1,0
0,0,0.09055071328,0.7391325913,1,0
0,0,0.1643221593,0.7377144607,0,0
0,0,0.3387216896,1.743995303,0,0
0,0,0.6586661107,3.199444211,1,0
0,0,1.079892224,4.212261132,1,-1
1,1,1.630579215,5.506869909
0,0,0,0,1,0
0,0,-0.01730211362,-0.1730211362,0,0
0,0,0.04730108305,0.6460319667,2,0
0,0,0.01572572219,-0.3157536086,0,0
0,0,0.0692315343,0.5350581211,0,0
0,0,0.2371980697,1.679665354,1,0
0,0,0.4315490075,1.943509378,2,0
0,0,0.6056061339,1.740571264,1,0
0,0,0.8772581246,2.716519907,2,0
0,0,1.220464648,3.432065231,2,-1
1,1,1.673506419,4.530417714
0,0,0,0,1,0
0,0,0.01760295037,0.1760295037,1,0
0,0,0.02696856891,0.09365618533,0,0
0,0,0.1200383368,0.9306976791,0,0
0,0,0.320350536,2.003121992,0,0
0,0,0.6550184656,3.346679296,1,0
0,0,1.080135146,4.251166809,1,-1
1,1,1.625858727,5.457235807
0,0,0,0,2,0
0,0,-0.1007153959,-1.007153959,0,0
0,0,-0.1163246648,-0.1560926891,2,0
0,0,-0.2440959595,-1.277712947,0,0
0,0,-0.3222586513,-0.7816269172,0,0
0,0,-0.375619585,-0.5336093379,0,0
0,0,-0.4088842756,-0.3326469059,2,0
0,0,-0.593119004,-1.842347284,2,0
0,0,-0.9430220726,-3.499030686,1,0
0,0,-1.409874073,-4.668520009,1,-1
1,1,-2.017830398,-6.079563244
0,0,0,0,0,0
0,0,0.07582920879,0.7582920879,0,0
0,0,0.2375552351,1.617260264,0,0
0,0,0.5094398035,2.718845684,0,0
0,0,0.922302205,4.128624015,2,0
0,0,1.392641497,4.703392918,0,-1
1,1,2.017039511,6.243980142
0,0,0,0,1,0
0,0,-0.01200032734,-0.1200032734,1,0
0,0,-0.02905266899,-0.1705234166,0,0
0,0,0.05423474981,0.8328741881,0,0
0,0,0.2434825671,1.892478173,1,0
0,0,0.4675002909,2.240177238,2,0
0,0,0.6972824487,2.297821577,2,0
0,0,0.951304866,2.540224174,1,0
0,0,1.331144352,3.798394856,1,-1
1,1,1.852613127,5.214687758
0,0,0,0,0,0
0,0,0.08676140594,0.8676140594,1,0
0,0,0.1914202336,1.046588277,1,0
0,0,0.3371665814,1.457463478,0,0
0,0,0.6228790524,2.85712471,2,0
0,0,0.9396780503,3.167989979,0,0
0,0,1.414869612,4.751915615,2,-1
1,1,2.016759498,6.018898862
0,0,0,0,2,0
0,0,-0.07779877951,-0.7779877951,0,0
0,0,-0.06851487831,0.09283901201,2,0
0,0,-0.1454349819,-0.7692010355,2,0
0,0,-0.3328064527,-1.873714709,0,0
0,0,-0.5043437803,-1.715373276,1,0
0,0,-0.7540842137,-2.497404334,0,0
0,0,-1.057832291,-3.037480775,2,0
0,0,-1.527602999,-4.69770708,0,-1
1,1,-2.139052178,-6.114491788
0,0,0,0,1,0
0,0,-0.01459295917,-0.1459295917,1,0
0,0,-0.0480156187,-0.3342265953,2,0
0,0,-0.1737324656,-1.257168469,2,0
0,0,-0.4229415524,-2.492090868,1,0
0,0,-0.7502930682,-3.273515158,1,0
0,0,-1.186513301,-4.362202329,2,-1
1,1,-1.779762488,-5.932491871
0,0,0,0,2,0
0,0,-0.1052223358,-1.052223358,2,0
0,0,-0.3064655729,-2.012432371,2,0
0,0,-0.6474671443,-3.410015714,1,0
0,0,-1.083074157,-4.356070125,0,-1
1,1,-1.600008067,-5.169339103
0,0,0,0,0,0
0,0,0.08759634368,0.8759634368,1,0
0,0,0.1756189599,0.8802261625,0,0
0,0,0.3856641352,2.100451753,0,0
0,0,0.7368886255,3.512244903,1,0
0,0,1.192903038,4.560144126,2,-1
1,1,1.748114144,5.552111063
0,0,0,0,1,0
0,0,0.01733684613,0.1733684613,2,0
0,0,-0.04689544833,-0.6423229445,1,0
0,0,-0.1283998102,-0.8150436183,1,0
0,0,-0.2371688613,-1.087690511,2,0
0,0,-0.4568743949,-2.197055336,0,0
0,0,-0.6648154771,-2.079410823,1,0
0,0,-0.972520015,-3.077045379,1,0
0,0,-1.405516338,-4.329963234,1,-1
1,1,-1.979160028,-5.736436896
0,0,0,0,0,0
0,0,0.07549906269,0.7549906269,2,0
0,0,0.06681019003,-0.08688872666,0,0
0,0,0.1747557803,1.079455903,0,0
0,0,0.3902496048,2.154938244,0,0
0,0,0.7427186082,3.524690034,0,0
0,0,1.260000735,5.172821269,0,-1
1,1,1.927233336,6.672326008
0,0,0,0,2,0
0,0,-0.08391799681,-0.8391799681,1,0
0,0,-0.1703074993,-0.8638950252,1,0
0,0,-0.2693520432,-0.9904454384,0,0
0,0,-0.3252554175,-0.5590337432,2,0
0,0,-0.5140321927,-1.887767752,2,0
0,0,-0.8461884227,-3.321562301,0,0
0,0,-1.243170842,-3.969824191,1,-1
1,1,-1.771012128,-5.278412862
0,0,0,0,2,0
0,0,-0.09135923801,-0.9135923801,1,0
0,0,-0.1876017016,-0.9624246362,0,0
0,0,-0.2390620851,-0.5146038348,0,0
0,0,-0.2626044385,-0.2354235342,0,0
0,0,-0.2522686773,0.1033576125,0,0
0,0,-0.2102100687,0.4205860862,2,0
0,0,-0.2891003538,-0.7889028516,0,0
0,0,-0.3373449125,-0.4824455864,2,0
0,0,-0.5106898949,-1.733449825,1,0
0,0,-0.7611353818,-2.504454869,2,0
0,0,-1.167023808,-4.058884259,2,-1
1,1,-1.731972507,-5.649486991
0,0,0,0,0,0
0,0,0.0742967468,0.742967468,1,0
0,0,0.1775429071,1.032461603,1,0
0,0,0.2990915226,1.215486155,2,0
0,0,0.3720463855,0.7295486289,1,0
0,0,0.5146449575,1.42598572,2,0
0,0,0.6512895452,1.366445877,0,0
0,0,0.9447931859,2.935036407,1,0
0,0,1.358843769,4.140505836,0,-1
1,1,1.9267277,5.678839304
0,0,0,0,2,0
0,0,-0.09579037069,-0.9579037069,1,0
0,0,-0.2224915121,-1.267011414,1,0
0,0,-0.3712059548,-1.487144428,2,0
0,0,-0.6714329376,-3.002269828,2,0
0,0,-1.141897607,-4.704646698,1,-1
1,1,-1.7393956,-5.974979926
0,0,0,0,0,0
0,0,0.1051744406,1.051744406,0,0
0,0,0.2984677632,1.932933226,0,0
0,0,0.6353397649,3.368720017,1,0
0,0,1.055069864,4.19730099,0,-1
1,1,1.627698413,5.72628549
0,0,0,0,0,0
0,0,0.08414915147,0.8414915147,1,0
0,0,0.1703210415,0.8617189001,1,0
0,0,0.2951887636,1.248677221,2,0
0,0,0.3806705381,0.854817745,1,0
0,0,0.5227748382,1.421043001,2,0
0,0,0.6817648324,1.589899942,2,0
0,0,0.8816834361,1.999186037,2,0
0,0,1.15842929,2.767458538,1,-1
1,1,1.574898815,4.164695254
0,0,0,0,1,0
0,0,-0.007082536857,-0.07082536857,0,0
0,0,0.05561946504,0.6270200189,2,0
0,0,0.04142831778,-0.1419114725,1,0
0,0,0.03808805935,-0.03340258428,0,0
0,0,0.1324796758,0.9439161643,2,0
0,0,0.1459824672,0.1350279142,1,0
0,0,0.196664696,0.5068222878,2,0
0,0,0.1809732536,-0.1569144238,0,0
0,0,0.2849501239,1.039768703,1,0
0,0,0.42823598,1.432858561,2,0
0,0,0.5616585537,1.334225737,0,0
0,0,0.846859208,2.852006543,2,0
0,0,1.183398571,3.365393625,0,-1
1,1,1.676427693,4.930291228
0,0,0,0,0,0
0,0,0.08772800889,0.8772800889,2,0
0,0,0.117904284,0.3017627513,2,0
0,0,0.06652816123,-0.5137612279,2,0
0,0,-0.05037559162,-1.169037528,2,0
0,0,-0.2813852737,-2.31009682,2,0
0,0,-0.6347586182,-3.533733446,1,0
0,0,-1.067208444,-4.324498257,1,-1
1,1,-1.625818067,-5.586096226
0,0,0,0,1,0
0,0,-0.006166224941,-0.06166224941,0,0
0,0,0.08481862645,0.9098485139,0,0
0,0,0.2737503758,1.889317494,2,0
0,0,0.4306854503,1.569350745,0,0
0,0,0.7466737916,3.159883413,0,0
0,0,1.226004812,4.793310199,0,-1
1,1,1.862896927,6.36892115
0,0,0,0,2,0
0,0,-0.0801128587,-0.801128587,1,0
0,0,-0.1631305286,-0.8301766994,0,0
0,0,-0.1919781974,-0.2884766877,1,0
0,0,-0.2374770848,-0.4549888736,1,0
0,0,-0.3130853543,-0.7560826952,0,0
0,0,-0.359209889,-0.461245347,2,0
0,0,-0.5396784428,-1.804685538,2,0
0,0,-0.8682808001,-3.286023573,1,0
0,0,-1.307216378,-4.38935578,1,-1
1,1,-1.883526273,-5.76309895
0,0,0,0,1,0
0,0,0.001848243787,0.01848243787,2,0
0,0,-0.07558781086,-0.7743605465,1,0
0,0,-0.164866082,-0.892782711,2,0
0,0,-0.3590965124,-1.942304304,1,0
0,0,-0.5954145615,-2.363180491,1,0
0,0,-0.9250055351,-3.295909736,2,0
0,0,-1.424097532,-4.990919967,1,-1
1,1,-2.062640873,-6.385433412
0,0,0,0,1,0
0,0,0.007046362051,0.07046362051,2,0
0,0,-0.07802246183,-0.8506882388,0,0
0,0,-0.07985383194,-0.01831370119,1,0
0,0,-0.09161509747,-0.1176126552,0,0
0,0,-0.02472066683,0.6689443064,1,0
0,0,0.03137833658,0.5609900341,1,0
0,0,0.08603369841,0.5465536183,0,0
0,0,0.2513384595,1.653047611,1,0
0,0,0.4454915744,1.94153115,1,0
0,0,0.6940774359,2.485858615,0,0
0,0,1.11165942,4.175819836,0,-1
1,1,1.686218339,5.745589192
0,0,0,0,0,0
0,0,0.07513246363,0.7513246363,2,0
0,0,0.06023398624,-0.1489847738,1,0
0,0,0.06569311029,0.05459124048,2,0
0,0,-0.01901175699,-0.8470486728,2,0
0,0,-0.1776301083,-1.586183513,1,0
0,0,-0.3720953712,-1.944652629,1,0
0,0,-0.6347119817,-2.626166105,2,0
0,0,-1.061069316,-4.263573338,2,-1
1,1,-1.653405969,-5.923366534
0,0,0,0,2,0
0,0,-0.08515426765,-0.8515426765,0,0
0,0,-0.1082441913,-0.2308992367,1,0
0,0,-0.1567820986,-0.4853790723,0,0
0,0,-0.1285310812,0.2825101736,2,0
0,0,-0.2066252982,-0.7809421703,0,0
0,0,-0.2451253735,-0.3850007524,0,0
0,0,-0.2338218971,0.1130347633,2,0
0,0,-0.3424985484,-1.086766513,0,0
0,0,-0.4291411433,-0.8664259492,1,0
0,0,-0.5901684671,-1.610273238,0,0
0,0,-0.7681423072,-1.7797384,1,0
0,0,-1.060910369,-2.927680621,0,0
0,0,-1.444173779,-3.8326341,0,-1
1,1,-1.961663955,-5.174901757
0,0,0,0,1,0
0,0,0.00927317891,0.0927317891,2,0
0,0,-0.07891889172,-0.8819207063,0,0
0,0,-0.07832638992,0.005925018032,1,0
0,0,-0.08084592671,-0.02519536794,1,0
0,0,-0.1047429277,-0.2389700097,0,0
0,0,-0.0600663122,0.4467661548,0,0
0,0,0.05602442904,1.160907412,1,0
0,0,0.1668646291,1.108402001,0,0
0,0,0.4048478902,2.379832611,0,0
0,0,0.7943979577,3.895500674,1,0
0,0,1.280916137,4.865181797,1,-1
1,1,1.901562376,6.206462387
0,0,0,0,1,0
0,0,-0.004136390253,-0.04136390253,2,0
0,0,-0.08645937699,-0.8232298674,2,0
0,0,-0.2727422055,-1.862828285,0,0
0,0,-0.4155550128,-1.428128073,0,0
0,0,-0.5451460007,-1.295909879,1,0
0,0,-0.767240602,-2.220946013,0,0
0,0,-1.033811793,-2.665711907,0,0
0,0,-1.389500453,-3.556886606,0,-1
1,1,-1.875878585,-4.863781314
0,0,0,0,1,0
0,0,0.01336210708,0.1336210708,1,0
0,0,0.02847784129,0.1511573421,0,0
0,0,0.1517735987,1.232957575,1,0
0,0,0.3028543172,1.510807184,1,0
0,0,0.5084260219,2.055717048,2,0
0,0,0.719142241,2.107162191,1,0
0,0,1.035064854,3.159226131,2,0
0,0,1.440309559,4.05244705,0,-1
1,1,1.998271393,5.579618339
0,0,0,0,0,0
0,0,0.09899875459,0.9899875459,0,0
0,0,0.2891798146,1.901810601,2,0
0,0,0.4523304388,1.631506242,1,0
0,0,0.6740598323,2.217293935,1,0
0,0,0.9901292676,3.160694352,0,0
0,0,1.467294355,4.771650874,2,-1
1,1,2.080194865,6.129005097
0,0,0,0,1,0
0,0,-0.01061134637,-0.1061134637,0,0
0,0,0.08247328465,0.9308463102,1,0
0,0,0.1828560157,1.003827311,0,0
0,0,0.4086810872,2.258250714,2,0
0,0,0.6324313751,2.237502879,2,0
0,0,0.8689361734,2.365047983,0,0
0,0,1.27280058,4.038644069,0,-1
1,1,1.838284235,5.65483655
0,0,0,0,0,0
0,0,0.08975313385,0.8975313385,1,0
0,0,0.1795970747,0.8984394084,0,0
0,0,0.3981304433,2.185333686,0,0
0,0,0.7669170386,3.687865953,0,0
0,0,1.284729563,5.178125243,1,-1
1,1,1.932745003,6.480154404
0,0,0,0,1,0
0,0,0.006359693298,0.06359693298,2,0
0,0,-0.07214627582,-0.7850596911,1,0
0,0,-0.1548221667,-0.8267589092,1,0
0,0,-0.2646622084,-1.098400417,0,0
0,0,-0.3339800155,-0.6931780703,1,0
0,0,-0.4490633701,-1.150833547,2,0
0,0,-0.7198129229,-2.707495527,0,0
0,0,-1.025434836,-3.05621913,2,0
0,0,-1.503653943,-4.782191075,1,-1
1,1,-2.126310201,-6.22656258
0,0,0,0,0,0
0,0,0.07668533793,0.7668533793,0,0
0,0,0.2613084938,1.846231559,2,0
0,0,0.4192019819,1.578934881,2,0
0,0,0.5600782184,1.408762365,2,0
0,0,0.7155596412,1.554814228,1,0
0,0,0.971193133,2.556334918,1,0
0,0,1.348697941,3.775048084,0,-1
1,1,1.884091265,5.353933233
0,0,0,0,2,0
0,0,-0.07473936785,-0.7473936785,2,0
0,0,-0.2461117578,-1.713723899,0,0
0,0,-0.3678991432,-1.217873854,2,0
0,0,-0.6354791294,-2.675799862,0,0
0,0,-0.9211280648,-2.856489354,1,0
0,0,-1.317253416,-3.961253516,2,-1
1,1,-1.871491435,-5.54238019
0,0,0,0,2,0
0,0,-0.09257425765,-0.9257425765,1,0
0,0,-0.2011146875,-1.085404298,1,0
0,0,-0.3543381404,-1.532234529,1,0
0,0,-0.5601684221,-2.058302818,1,0
0,0,-0.8538577166,-2.936892945,2,0
0,0,-1.314062173,-4.602044566,2,-1
1,1,-1.932081133,-6.180189597
0,0,0,0,1,0
0,0,-0.0033341372,-0.033341372,0,0
0,0,0.07578101896,0.7911515616,0,0
0,0,0.246632444,1.70851425,2,0
0,0,0.3809467259,1.34314282,2,0
0,0,0.4844394015,1.034926755,1,0
0,0,0.672143974,1.877045725,1,0
0,0,0.9693353782,2.971914043,1,0
0,0,1.388589638,4.192542602,0,-1
1,1,1.962418248,5.738286099
0,0,0,0,1,0
0,0,-0.0158783952,-0.158783952,1,0
0,0,-0.05136753407,-0.3548913888,2,0
0,0,-0.1668678213,-1.155002873,2,0
0,0,-0.411900853,-2.450330316,0,0
0,0,-0.6575542819,-2.45653429,0,0
0,0,-0.9448866746,-2.873323927,2,0
0,0,-1.406114772,-4.612280976,1,-1
1,1,-2.007115672,-6.010009
0,0,0,0,1,0
0,0,-0.0170663661,-0.170663661,2,0
0,0,-0.1188475081,-1.01781142,0,0
0,0,-0.14975413,-0.3090662192,1,0
0,0,-0.207000782,-0.5724665194,2,0
0,0,-0.3770665014,-1.700657194,0,0
0,0,-0.5247824955,-1.477159941,1,0
0,0,-0.7558828973,-2.311004018,2,0
0,0,-1.159111267,-4.032283701,1,-1
1,1,-1.693997806,-5.348865389
0,0,0,0,2,0
0,0,-0.09248809624,-0.9248809624,0,0
0,0,-0.1234846694,-0.3099657319,2,0
0,0,-0.2515244891,-1.280398197,1,0
0,0,-0.4351968409,-1.836723518,0,0
0,0,-0.6078223334,-1.726254925,2,0
0,0,-0.9448723884,-3.37050055,0,0
0,0,-1.347029543,-4.021571549,0,-1
1,1,-1.873036288,-5.260067444
0,0,0,0,1,0
0,0,0.01695382618,0.1695382618,1,0
0,0,0.04464348748,0.276896613,1,0
0,0,0.07310015185,0.2845666437,2,0
0,0,0.02806359311,-0.4503655874,2,0
0,0,-0.1174836306,-1.455472237,1,0
0,0,-0.2957245315,-1.782409009,1,0
0,0,-0.5181885327,-2.224640012,0,0
0,0,-0.7407613429,-2.225728102,1,0
0,0,-1.059547776,-3.187864327,0,0
0,0,-1.465648004,-4.061002288,0,-1
1,1,-2.008647448,-5.42999444
0,0,0,0,2,0
0,0,-0.08351982704,-0.8351982704,1,0
0,0,-0.1863046534,-1.027848264,0,0
0,0,-0.2336214721,-0.4731681872,1,0
0,0,-0.3321720837,-0.9855061153,2,0
0,0,-0.5628202723,-2.306481886,0,0
0,0,-0.7951380831,-2.323178108,0,0
0,0,-1.085069847,-2.899317637,1,0
0,0,-1.500847418,-4.157775712,0,-1
1,1,-2.056058514,-5.552110964
0,0,0,0,0,0
0,0,0.100739684,1.00739684,0,0
0,0,0.318760252,2.18020568,2,0
0,0,0.5198325924,2.010723404,2,0
0,0,0.7394686144,2.19636022,1,0
0,0,1.06301276,3.235441456,0,0
0,0,1.555095049,4.920822894,2,-1
1,1,2.192411304,6.373162547
0,0,0,0,0,0
0,0,0.09528596254,0.9528596254,1,0
0,0,0.2165744985,1.212885359,2,0
0,0,0.2882625119,0.7168801348,2,0
0,0,0.3276851113,0.3942259934,2,0
0,0,0.3554956835,0.2781057227,2,0
0,0,0.3591309075,0.03635223947,0,0
0,0,0.5135318548,1.544009473,1,0
0,0,0.7599764084,2.464445536,0,0
0,0,1.171801205,4.118247966,2,-1
1,1,1.681557252,5.097560471
0,0,0,0,0,0
0,0,0.07797466827,0.7797466827,2,0
0,0,0.08579079132,0.07816123046,0,0
0,0,0.1884077073,1.02616916,0,0
0,0,0.3942979006,2.058901933,1,0
0,0,0.6629930579,2.686951573,0,0
0,0,1.079749092,4.16756034,2,-1
1,1,1.581074683,5.013255907
0,0,0,0,2,0
0,0,-0.09168076713,-0.9168076713,2,0
0,0,-0.2715282698,-1.798475026,0,0
0,0,-0.4048901613,-1.333618915,0,0
0,0,-0.5143975427,-1.095073814,1,0
0,0,-0.6982008435,-1.838033009,0,0
0,0,-0.9157571478,-2.175563043,0,0
0,0,-1.213145397,-2.97388249,2,-1
1,1,-1.668520291,-4.55374894
0,0,0,0,2,0
0,0,-0.09290079102,-0.9290079102,1,0
0,0,-0.2145853982,-1.216846072,1,0
0,0,-0.3767005255,-1.621151273,0,0
0,0,-0.5277354807,-1.510349552,0,0
0,0,-0.686641752,-1.589062713,1,0
0,0,-0.9574048406,-2.707630886,0,0
0,0,-1.307648772,-3.502439311,2,-1
1,1,-1.82002167,-5.123728982
0,0,0,0,2,0
0,0,-0.09257814637,-0.9257814637,0,0
0,0,-0.1271191238,-0.3454097747,0,0
0,0,-0.1023499214,0.2476920241,1,0
0,0,-0.09789789377,0.04452027657,0,0
0,0,-0.007139687342,0.9075820643,2,0
0,0,-0.01315319005,-0.06013502712,2,0
0,0,-0.1154555576,-1.023023676,1,0
0,0,-0.2291386879,-1.136831303,1,0
0,0,-0.3762572464,-1.471185585,1,0
0,0,-0.5836695271,-2.074122807,0,0
0,0,-0.8068896123,-2.232200852,1,0
0,0,-1.135679209,-3.287895969,2,-1
1,1,-1.63226208,-4.965828712
0,0,0,0,2,0
0,0,-0.086255711,-0.86255711,1,0
0,0,-0.1749988977,-0.8874318671,0,0
0,0,-0.1963312817,-0.2133238395,0,0
0,0,-0.1754235524,0.2090772924,0,0
0,0,-0.09793176756,0.7749178485,0,0
0,0,0.0505513537,1.484831213,1,0
0,0,0.1925093673,1.419580136,2,0
0,0,0.2695223821,0.7701301484,1,0
0,0,0.4001214088,1.305990267,2,0
0,0,0.5219367462,1.218153374,2,0
0,0,0.6505580131,1.286212669,2,0
0,0,0.8006755956,1.501175825,0,0
0,0,1.118801137,3.181255412,0,-1
1,1,1.59944566,4.806445232
0,0,0,0,0,0
0,0,0.1007488264,1.007488264,1,0
0,0,0.2106241665,1.098753401,0,0
0,0,0.4388262065,2.2820204,1,0
0,0,0.7205771129,2.817509064,1,0
0,0,1.100596208,3.800190951,0,-1
1,1,1.645698792,5.451025841
0,0,0,0,2,0
0,0,-0.08880342734,-0.8880342734,1,0
0,0,-0.1917016246,-1.028981973,0,0
0,0,-0.2391901704,-0.4748854577,1,0
0,0,-0.3314128918,-0.9222272137,2,0
0,0,-0.5700343318,-2.3862144,0,0
0,0,-0.8326625785,-2.626282467,2,0
0,0,-1.267440821,-4.347782428,0,-1
1,1,-1.814079098,-5.466382765
0,0,0,0,2,0
0,0,-0.1008991371,-1.008991371,2,0
0,0,-0.3061541544,-2.052550172,2,0
0,0,-0.6470742022,-3.409200478,0,0
0,0,-1.002666133,-3.555919307,2,0
0,0,-1.51671333,-5.140471973,1,-1
1,1,-2.175312689,-6.585993589
0,0,0,0,2,0
0,0,-0.07705727774,-0.7705727774,1,0
0,0,-0.1805990524,-1.035417747,0,0
0,0,-0.2211113757,-0.405123233,2,0
0,0,-0.3740195698,-1.529081941,2,0
0,0,-0.6590335097,-2.850139399,2,0
0,0,-1.100100706,-4.410671964,0,-1
1,1,-1.632831872,-5.327311664
0,0,0,0,1,0
0,0,0.01198367896,0.1198367896,1,0
0,0,0.03545601495,0.2347233599,1,0
0,0,0.04988789799,0.1443188304,1,0
0,0,0.05874054346,0.08852645465,2,0
0,0,-0.01432381253,-0.7306435598,0,0
0,0,-0.01368436202,0.006394505104,0,0
0,0,0.0574921097,0.7117647171,2,0
0,0,0.06315749235,0.05665382656,2,0
0,0,-0.003479092837,-0.6663658519,1,0
0,0,-0.08046329212,-0.7698419929,2,0
0,0,-0.2651092848,-1.846459926,1,0
0,0,-0.5052929875,-2.401837027,0,0
0,0,-0.7588198177,-2.535268302,1,0
0,0,-1.105987266,-3.471674482,2,-1
1,1,-1.613021249,-5.070339828
0,0,0,0,0,0
0,0,0.08987381709,0.8987381709,2,0
0,0,0.09941643112,0.09542614027,1,0
0,0,0.1174759109,0.1805947974,2,0
0,0,0.07464746971,-0.4282844115,0,0
0,0,0.125315889,0.5066841925,0,0
0,0,0.2748009456,1.494850567,2,0
0,0,0.3825351409,1.077341952,0,0
0,0,0.6226672661,2.401321253,1,0
0,0,0.9447747268,3.221074607,2,0
0,0,1.33668977,3.919150435,2,-1
1,1,1.848166833,5.114770624
0,0,0,0,1,0
0,0,0.004264694833,0.04264694833,2,0
0,0,-0.06500384901,-0.6926854384,0,0
0,0,-0.0444123594,0.205914896,1,0
0,0,-0.0414208581,0.02991501303,2,0
0,0,-0.1418849586,-1.004641005,2,0
0,0,-0.3671669901,-2.252820315,0,0
0,0,-0.5726842829,-2.055172928,1,0
0,0,-0.8649172645,-2.922329816,2,0
0,0,-1.312221845,-4.473045809,1,-1
1,1,-1.894735824,-5.825139791
0,0,0,0,2,0
0,0,-0.1048964303,-1.048964303,1,0
0,0,-0.2405566988,-1.356602685,0,0
0,0,-0.3276113527,-0.870546539,2,0
0,0,-0.5567918772,-2.291805244,1,0
0,0,-0.8806351677,-3.238432906,2,0
0,0,-1.375156287,-4.945211191,0,-1
1,1,-1.991751796,-6.165955093
0,0,0,0,1,0
0,0,-0.01317841484,-0.1317841484,2,0
0,0,-0.1123170557,-0.9913864084,0,0
0,0,-0.1605415898,-0.4822453408,2,0
0,0,-0.3286950841,-1.681534943,0,0
0,0,-0.4634328342,-1.347377501,1,0
0,0,-0.6594970773,-1.960642431,2,0
0,0,-1.0281947,-3.686976226,2,0
0,0,-1.55979429,-5.315995902,1,-1
1,1,-2.238011933,-6.782176432
0,0,0,0,0,0
0,0,0.08445741507,0.8445741507,1,0
0,0,0.1976905903,1.132331752,1,0
0,0,0.3314778516,1.337872614,1,0
0,0,0.5300381872,1.985603356,1,0
0,0,0.7949947468,2.649565595,0,0
0,0,1.223514716,4.285199692,0,-1
1,1,1.805705938,5.821912223
0,0,0,0,1,0
0,0,0.01335472611,0.1335472611,0,0
0,0,0.1277068549,1.143521288,2,0
0,0,0.1764132209,0.4870636597,2,0
0,0,0.1852497977,0.08836576842,0,0
0,0,0.321958594,1.367087963,1,0
0,0,0.5019647542,1.800061601,0,0
0,0,0.8208894014,3.189246472,1,0
0,0,1.243094978,4.222055762,1,-1
1,1,1.802926935,5.598319579
0,0,0,0,2,0
0,0,-0.1047009551,-1.047009551,2,0
0,0,-0.3134443432,-2.087433881,0,0
0,0,-0.4919800733,-1.785357301,2,0
0,0,-0.8102595016,-3.182794283,1,0
0,0,-1.23723618,-4.26976678,2,-1
1,1,-1.817228615,-5.799924354
0,0,0,0,2,0
0,0,-0.09705295066,-0.9705295066,1,0
0,0,-0.201314631,-1.042616804,0,0
0,0,-0.2444783538,-0.4316372276,0,0
0,0,-0.2578230583,-0.1334470456,0,0
0,0,-0.2188573244,0.3896573395,0,0
0,0,-0.1201207846,0.9873653975,0,0
0,0,0.06270697395,1.828277586,2,0
0,0,0.1582720592,0.9556508522,0,0
0,0,0.3755891628,2.173171036,0,0
0,0,0.722665345,3.470761823,2,0
0,0,1.100865026,3.781996806,1,-1
1,1,1.606849048,5.059840226
0,0,0,0,1,0
0,0,0.0009198427892,0.009198427892,2,0
0,0,-0.1012772233,-1.021970661,2,0
0,0,-0.3207972146,-2.195199913,2,0
0,0,-0.6734558767,-3.526586621,0,0
0,0,-1.05473383,-3.812779533,1,0
0,0,-1.551503563,-4.967697326,2,-1
1,1,-2.195924499,-6.444209361
0,0,0,0,2,0
0,0,-0.08681898142,-0.8681898142,1,0
0,0,-0.1865832118,-0.9976423034,0,0
0,0,-0.2217748042,-0.3519159242,2,0
0,0,-0.3904367574,-1.686619532,1,0
0,0,-0.6262405256,-2.358037683,0,0
0,0,-0.8784156036,-2.521750779,1,0
0,0,-1.252171516,-3.737559119,1,-1
1,1,-1.757110261,-5.04938745
0,0,0,0,0,0
0,0,0.07283375869,0.7283375869,2,0
0,0,0.07483188462,0.01998125936,2,0
0,0,0.01833544384,-0.5649644078,0,0
0,0,0.06861910856,0.5028366472,0,0
0,0,0.219465294,1.508461855,2,0
0,0,0.3162162163,0.967509223,2,0
0,0,0.383683814,0.6746759764,0,0
0,0,0.5976398693,2.139560553,1,0
0,0,0.9021568801,3.045170108,2,0
0,0,1.27585127,3.736943899,0,-1
1,1,1.811178039,5.353267691
0,0,0,0,0,0
0,0,0.09633541518,0.9633541518,2,0
0,0,0.1372093983,0.4087398312,1,0
0,0,0.1966176339,0.5940823556,0,0
0,0,0.3751733318,1.78555698,1,0
0,0,0.6237069269,2.485335951,0,0
0,0,1.020017373,3.963104462,2,0
0,0,1.499413821,4.793964478,2,-1
1,1,2.117466635,6.18052814
0,0,0,0,0,0
0,0,0.07765341579,0.7765341579,1,0
0,0,0.1773541168,0.9970070102,2,0
0,0,0.220738097,0.4338398023,1,0
0,0,0.2954187936,0.7468069652,0,0
0,0,0.501631429,2.062126354,2,0
0,0,0.7150687683,2.134373393,1,0
0,0,1.039939458,3.248706901,2,0
0,0,1.452091868,4.121524094,2,-1
1,1,1.997309664,5.452177965
0,0,0,0,1,0
0,0,0.01215428617,0.1215428617,1,0
0,0,0.02096577233,0.08811486158,0,0
0,0,0.1178286785,0.9686290621,1,0
0,0,0.2201512262,1.023225476,2,0
0,0,0.2833153001,0.631640739,0,0
0,0,0.4755849768,1.922696767,2,0
0,0,0.6735022012,1.979172244,0,0
0,0,1.042028184,3.685259823,2,0
0,0,1.48620725,4.441790669,0,-1
1,1,2.081323647,5.951163967
0,0,0,0,2,0
0,0,-0.08736979703,-0.8736979703,1,0
0,0,-0.2037410161,-1.163712191,0,0
0,0,-0.2827568527,-0.7901583657,1,0
0,0,-0.4008155222,-1.180586695,1,0
0,0,-0.5716863257,-1.708708035,0,0
0,0,-0.7592612649,-1.875749392,1,0
0,0,-1.051642616,-2.923813507,0,0
0,0,-1.438595304,-3.869526888,1,-1
1,1,-1.970460623,-5.318653183
0,0,0,0,1,0
0,0,0.01391387743,0.1391387743,1,0
0,0,0.02943547645,0.1552159903,2,0
0,0,-0.02252962934,-0.5196510579,2,0
0,0,-0.166304958,-1.437753287,0,0
0,0,-0.2382583432,-0.7195338526,2,0
0,0,-0.4484184938,-2.101601506,2,0
0,0,-0.8152083664,-3.667898726,1,0
0,0,-1.283067433,-4.678590663,0,-1
1,1,-1.861801221,-5.787337886
0,0,0,0,0,0
0,0,0.08580648306,0.8580648306,1,0
0,0,0.2020619647,1.162554816,2,0
0,0,0.2736130123,0.7155104763,0,0
0,0,0.4886709181,2.150579057,0,0
0,0,0.8566440914,3.679731734,2,0
0,0,1.278317581,4.216734892,2,-1
1,1,1.810552375,5.322347947
0,0,0,0,1,0
0,0,-8.64623837e-06,-8.64623837e-05,1,0
0,0,-0.009239806503,-0.09231160265,2,0
0,0,-0.09783284612,-0.8859303962,0,0
0,0,-0.1285882922,-0.3075544608,0,0
0,0,-0.08163479633,0.4695349588,0,0
0,0,0.02191217563,1.03546972,1,0
0,0,0.1152622835,0.9335010787,1,0
0,0,0.2176573954,1.023951119,2,0
0,0,0.2699637759,0.5230638053,1,0
0,0,0.3733771953,1.034134194,0,0
0,0,0.6170038195,2.436266242,2,0
0,0,0.8771417575,2.60137938,1,0
0,0,1.252033805,3.748920478,2,-1
1,1,1.741321722,4.892879169
0,0,0,0,2,0
0,0,-0.08835414716,-0.8835414716,0,0
0,0,-0.09101541626,-0.02661269093,0,0
0,0,-0.007300072878,0.8371534338,2,0
0,0,0.0004683029074,0.07768375785,1,0
0,0,0.01010327956,0.09634976649,2,0
0,0,-0.06272176744,-0.72825047,0,0
0,0,-0.07238957497,-0.09667807523,0,0
0,0,-0.009713238762,0.626763362,1,0
0,0,0.06078108619,0.7049432495,2,0
0,0,0.0567154303,-0.04065655883,1,0
0,0,0.06103836544,0.04322935142,0,0
0,0,0.1772374299,1.161990645,0,0
0,0,0.3929297037,2.156922738,1,0
0,0,0.671287109,2.783574053,2,0
0,0,0.9846004307,3.133133217,0,0
0,0,1.455835365,4.712349342,2,-1
1,1,2.061193577,6.053582124
0,0,0,0,2,0
0,0,-0.09596197886,-0.9596197886,0,0
0,0,-0.1354823883,-0.3952040939,0,0
0,0,-0.09772255942,0.3775982883,2,0
0,0,-0.1809299753,-0.832074159,1,0
0,0,-0.2876563922,-1.067264169,2,0
0,0,-0.5357679783,-2.481115861,1,0
0,0,-0.8772440769,-3.414760986,2,0
0,0,-1.390141906,-5.128978292,2,-1
1,1,-2.057139232,-6.669973261
0,0,0,0,1,0
0,0,-0.01418045981,-0.1418045981,1,0
0,0,-0.04015469644,-0.2597423663,2,0
0,0,-0.1604683083,-1.203136118,2,0
0,0,-0.3777947613,-2.17326453,1,0
0,0,-0.6602758515,-2.824810902,1,0
0,0,-1.040374908,-3.800990561,0,0
0,0,-1.509630799,-4.692558911,2,-1
1,1,-2.127905222,-6.182744235
0,0,0,0,1,0
0,0,0.002449213657,0.02449213657,2,0
0,0,-0.08693780697,-0.8938702063,1,0
0,0,-0.207879029,-1.209412221,0,0
0,0,-0.2866189946,-0.7873996561,1,0
0,0,-0.429311933,-1.426929384,2,0
0,0,-0.7120963957,-2.827844627,1,0
0,0,-1.09217712,-3.800807244,1,-1
1,1,-1.599109054,-5.069319341
0,0,0,0,2,0
0,0,-0.08673112863,-0.8673112863,1,0
0,0,-0.1755629849,-0.8883185625,0,0
0,0,-0.2169328255,-0.4136984065,0,0
0,0,-0.1930614142,0.2387141134,1,0
0,0,-0.2058721686,-0.1281075438,1,0
0,0,-0.2485359421,-0.4266377355,1,0
0,0,-0.335422351,-0.8688640884,1,0
0,0,-0.4842929033,-1.488705523,1,0
0,0,-0.7070411092,-2.227482059,2,0
0,0,-1.099850588,-3.928094785,1,-1
1,1,-1.616075288,-5.162247006
0,0,0,0,0,0
0,0,0.09234337019,0.9234337019,2,0
0,0,0.1300927287,0.3774935856,1,0
0,0,0.2051453796,0.7505265089,2,0
0,0,0.2359818633,0.3083648364,0,0
0,0,0.3785789856,1.425971224,0,0
0,0,0.654766699,2.761877134,2,0
0,0,0.9621486313,3.073819323,1,0
0,0,1.384605216,4.224565846,1,-1
1,1,1.94858985,5.639846344
0,0,0,0,2,0
0,0,-0.1042313032,-1.042313032,2,0
0,0,-0.3086939563,-2.044626532,1,0
0,0,-0.5778942381,-2.692002818,2,0
0,0,-1.001438125,-4.235438867,2,-1
1,1,-1.578700324,-5.772621996
0,0,0,0,0,0
0,0,0.1054487481,1.054487481,2,0
0,0,0.1571342446,0.5168549657,2,0
0,0,0.1385532077,-0.1858103692,2,0
0,0,0.04739919384,-0.9115401388,0,0
0,0,0.05513536419,0.07736170351,1,0
0,0,0.06336832524,0.08232961048,1,0
0,0,0.09159089745,0.2822257221,0,0
0,0,0.2367880645,1.45197167,2,0
0,0,0.3237833312,0.8699526674,2,0
0,0,0.3891571314,0.6537380017,2,0
0,0,0.4352128953,0.4605576394,2,0
0,0,0.4680769502,0.3286405489,1,0
0,0,0.5826847248,1.146077746,0,0
0,0,0.8583080597,2.756233349,2,0
0,0,1.188852132,3.305440719,2,-1
1,1,1.622078746,4.332266148
0,0,0,0,1,0
0,0,-0.0005135827416,-0.005135827416,2,0
0,0,-0.08875948935,-0.8824590661,0,0
0,0,-0.1176459107,-0.2888642137,2,0
0,0,-0.2653028267,-1.47656916,2,0
0,0,-0.5319314569,-2.666286302,0,0
0,0,-0.7915496148,-2.596181579,1,0
0,0,-1.161966669,-3.704170546,0,-1
1,1,-1.626960894,-4.64994225
0,0,0,0,2,0
0,0,-0.1058641999,-1.058641999,1,0
0,0,-0.2385327953,-1.326685953,1,0
0,0,-0.4187866539,-1.802538586,2,0
0,0,-0.7462455226,-3.274588687,1,0
0,0,-1.173626935,-4.273814121,0,-1
1,1,-1.700089188,-5.264622531
0,0,0,0,1,0
0,0,-0.0009781293238,-0.009781293238,2,0
0,0,-0.1073323299,-1.063542006,0,0
0,0,-0.1323824037,-0.2505007383,0,0
0,0,-0.08785668176,0.4452572195,1,0
0,0,-0.04588142459,0.4197525717,1,0
0,0,-0.005221727129,0.4065969746,1,0
0,0,0.02288925799,0.2811098512,2,0
0,0,-0.02001318983,-0.4290244782,0,0
0,0,0.006773344424,0.2678653425,2,0
0,0,-0.05516654269,-0.6193988711,0,0
0,0,-0.04652711483,0.08639427861,2,0
0,0,-0.1257319084,-0.7920479361,1,0
0,0,-0.2310760839,-1.053441755,1,0
0,0,-0.3612072966,-1.301312127,1,0
0,0,-0.5539090144,-1.927017179,2,0
0,0,-0.8975706261,-3.436616117,1,0
0,0,-1.345983696,-4.484130699,0,-1
1,1,-1.912115948,-5.661322522
0,0,0,0,2,0
0,0,-0.0754841504,-0.754841504,2,0
0,0,-0.24072833,-1.652441796,2,0
0,0,-0.5388072008,-2.980788708,1,0
0,0,-0.912606608,-3.737994072,0,0
0,0,-1.353970178,-4.413635704,2,-1
1,1,-1.949488811,-5.955186321
0,0,0,0,2,0
0,0,-0.08796032545,-0.8796032545,0,0
0,0,-0.1042712453,-0.1631091982,0,0
0,0,-0.03618504836,0.680861969,2,0
0,0,-0.06015051246,-0.2396546409,0,0
0,0,0.01072130057,0.7087181303,0,0
0,0,0.1616017737,1.508804731,1,0
0,0,0.3514628177,1.898610439,2,0
0,0,0.5148307246,1.63367907,2,0
0,0,0.672259174,1.574284493,1,0
0,0,0.9412638653,2.690046913,0,0
0,0,1.383330208,4.420663426,1,-1
1,1,1.967572048,5.842418397
0,0,0,0,0,0
0,0,0.09754007163,0.9754007163,1,0
0,0,0.2254446151,1.279045434,2,0
0,0,0.3041909244,0.7874630929,2,0
0,0,0.3386180545,0.3442713011,1,0
0,0,0.4213306988,0.827126443,0,0
0,0,0.6522697938,2.30939095,2,0
0,0,0.8992633988,2.469936049,2,0
0,0,1.222078483,3.22815084,2,-1
1,1,1.649852341,4.277738577
0,0,0,0,1,0
0,0,-0.004617518649,-0.04617518649,0,0
0,0,0.08943646862,0.9405398727,1,0
0,0,0.1832062679,0.9376979928,1,0
0,0,0.298649314,1.154430461,2,0
0,0,0.3866192071,0.8796989313,1,0
0,0,0.5444093266,1.577901195,2,0
0,0,0.727714998,1.833056714,2,0
0,0,0.9429424178,2.152274198,1,0
0,0,1.285126877,3.421844595,1,-1
1,1,1.768730159,4.836032816
0,0,0,0,1,0
0,0,0.01434398973,0.1434398973,0,0
0,0,0.1161473999,1.018034102,2,0
0,0,0.1354983875,0.1935098755,0,0
0,0,0.2746143665,1.391159791,1,0
0,0,0.4555382907,1.809239242,2,0
0,0,0.6356568211,1.801185305,0,0
0,0,0.9638264467,3.281696255,0,0
0,0,1.4515979,4.877714538,0,-1
1,1,2.088729628,6.371317271
0,0,0,0,0,0
0,0,0.09971301214,0.9971301214,1,0
0,0,0.2255993803,1.258863682,0,0
0,0,0.4891649242,2.635655438,0,0
0,0,0.8963710626,4.072061384,0,0
0,0,1.463902485,5.675314228,1,-1
1,1,2.17173393,7.078314448
0,0,0,0,0,0
0,0,0.07140472952,0.7140472952,2,0
0,0,0.07003863477,-0.0136609475,2,0
0,0,0.009122338973,-0.609162958,0,0
0,0,0.03504389393,0.2592155496,1,0
0,0,0.06819758665,0.3315369272,0,0
0,0,0.1893497402,1.211521535,1,0
0,0,0.3282028953,1.388531551,0,0
0,0,0.6167986803,2.88595785,1,0
0,0,0.9886609802,3.718623,2,0
0,0,1.435081766,4.464207862,1,-1
1,1,2.023462435,5.883806689
0,0,0,0,0,0
0,0,0.08227775253,0.8227775253,0,0
0,0,0.2747587819,1.924810294,1,0
0,0,0.5020802288,2.273214469,1,0
0,0,0.800563255,2.984830262,1,0
0,0,1.215527859,4.149646041,1,-1
1,1,1.757423067,5.418952077
0,0,0,0,1,0
0,0,0.01399618911,0.1399618911,1,0
0,0,0.02011989743,0.06123708322,0,0
0,0,0.1131569633,0.930370659,2,0
0,0,0.1362703964,0.2311343307,1,0
0,0,0.1985365055,0.6226610913,0,0
0,0,0.3669524488,1.684159433,0,0
0,0,0.6695800375,3.026275887,0,0
0,0,1.125329573,4.557495356,1,-1
1,1,1.710021987,5.846924134
0,0,0,0,2,0
0,0,-0.0960573594,-0.960573594,1,0
0,0,-0.2139817862,-1.179244268,2,0
0,0,-0.4397960873,-2.258143011,2,0
0,0,-0.8017489197,-3.619528324,1,0
0,0,-1.273297383,-4.715484632,1,-1
1,1,-1.877096524,-6.037991409
0,0,0,0,0,0
0,0,0.07192497292,0.7192497292,0,0
0,0,0.2604228857,1.884979127,0,0
0,0,0.5702281949,3.098053093,0,0
0,0,1.03255001,4.623218152,2,0
0,0,1.564263886,5.317138758,1,-1
1,1,2.242628053,6.783641674
0,0,0,0,1,0
0,0,-0.01139278707,-0.1139278707,0,0
0,0,0.05005001091,0.6144279798,1,0
0,0,0.1028157361,0.5276572524,1,0
0,0,0.1745314339,0.7171569778,2,0
0,0,0.1908634853,0.163320514,1,0
0,0,0.2371670889,0.4630360356,0,0
0,0,0.3966666553,1.594995664,2,0
0,0,0.5423029917,1.456363364,1,0
0,0,0.7604848349,2.181818432,2,0
0,0,1.026822413,2.663375777,1,0
0,0,1.418968719,3.921463061,1,-1
1,1,1.953390047,5.344213278
0,0,0,0,1,0
0,0,0.005237141391,0.05237141391,1,0
0,0,0.02232463673,0.1708749533,2,0
0,0,-0.04596436357,-0.6828900029,0,0
0,0,-0.03786709403,0.08097269531,0,0
0,0,0.0371954144,0.7506250844,0,0
0,0,0.2063851954,1.69189781,2,0
0,0,0.3336436178,1.272584224,0,0
0,0,0.6062720178,2.726284001,2,0
0,0,0.9027557686,2.964837507,1,0
0,0,1.308435327,4.056795586,1,-1
1,1,1.85420356,5.457682326
0,0,0,0,1,0
0,0,-0.01332805696,-0.1332805696,0,0
0,0,0.0667345867,0.8006264365,0,0
0,0,0.2531259127,1.86391326,2,0
0,0,0.3962263489,1.431004361,1,0
0,0,0.6176176057,2.213912569,0,0
0,0,0.9866176172,3.690000115,2,0
0,0,1.437831342,4.512137249,1,-1
1,1,2.03182907,5.939977277
0,0,0,0,2,0
0,0,-0.08835859036,-0.8835859036,2,0
0,0,-0.2638832893,-1.755246989,1,0
0,0,-0.4832236777,-2.193403884,0,0
0,0,-0.6932486051,-2.100249274,0,0
0,0,-0.9375229977,-2.442743926,0,0
0,0,-1.264604045,-3.270810477,2,-1
1,1,-1.751337474,-4.867334285
0,0,0,0,2,0
0,0,-0.09871767239,-0.9871767239,0,0
0,0,-0.1318055853,-0.3308791289,1,0
0,0,-0.1823941893,-0.5058860399,2,0
0,0,-0.3486920494,-1.662978602,2,0
0,0,-0.6423460789,-2.936540294,1,0
0,0,-1.034766129,-3.924200504,0,0
0,0,-1.50984439,-4.750782611,2,-1
1,1,-2.133696701,-6.238523105
0,0,0,0,2,0
0,0,-0.07363632758,-0.7363632758,1,0
0,0,-0.1661133317,-0.9247700416,0,0
0,0,-0.1923270108,-0.2621367907,1,0
0,0,-0.2384752138,-0.4614820299,1,0
0,0,-0.330379899,-0.919046852,1,0
0,0,-0.4886976008,-1.583177018,1,0
0,0,-0.7382944085,-2.495968076,1,0
0,0,-1.096477792,-3.581833837,0,0
0,0,-1.550545542,-4.540677496,1,-1
1,1,-2.150825963,-6.002804217
0,0,0,0,0,0
0,0,0.09181009757,0.9181009757,0,0
0,0,0.2940971824,2.022870849,2,0
0,0,0.450247071,1.561498886,1,0
0,0,0.6887494289,2.385023579,1,0
0,0,1.033170411,3.444209822,0,0
0,0,1.536024347,5.028539359,0,-1
1,1,2.187404569,6.513802219
0,0,0,0,0,0
0,0,0.08312988369,0.8312988369,0,0
0,0,0.2777457023,1.946158186,1,0
0,0,0.515532582,2.377868797,1,0
0,0,0.8394190754,3.238864935,1,0
0,0,1.279034853,4.396157779,0,-1
1,1,1.872969292,5.939344386
0,0,0,0,1,0
0,0,0.01097016865,0.1097016865,0,0
0,0,0.09926452838,0.8829435973,1,0
0,0,0.2166774727,1.174129443,2,0
0,0,0.2731523816,0.564749089,1,0
0,0,0.3856823243,1.125299427,1,0
0,0,0.5573646618,1.716823376,1,0
0,0,0.8209710763,2.636064145,0,0
0,0,1.256499748,4.355286714,2,-1
1,1,1.803046238,5.465464906
0,0,0,0,0,0
0,0,0.1009071992,1.009071992,2,0
0,0,0.1188930268,0.1798582756,2,0
0,0,0.06717138195,-0.5172164483,2,0
0,0,-0.05930446103,-1.26475843,0,0
0,0,-0.1062823238,-0.4697786281,0,0
0,0,-0.09901186091,0.07270462927,1,0
0,0,-0.09399919986,0.05012661052,0,0
0,0,-0.02505987628,0.6893932358,1,0
0,0,0.02506455113,0.5012442741,2,0
0,0,0.0007163721366,-0.2434817899,0,0
0,0,0.06889267067,0.6817629853,0,0
0,0,0.2420143328,1.731216622,1,0
0,0,0.4506381328,2.086238,0,0
0,0,0.8013833403,3.507452075,0,0
0,0,1.312226769,5.108434291,1,-1
1,1,1.957521351,6.452945815
0,0,0,0,2,0
0,0,-0.08120011987,-0.8120011987,2,0
0,0,-0.2780060356,-1.968059158,2,0
0,0,-0.6003756299,-3.223695942,0,0
0,0,-0.9386972379,-3.38321608,2,0
0,0,-1.447119425,-5.084221872,1,-1
1,1,-2.096470314,-6.493508891
0,0,0,0,2,0
0,0,-0.09020816043,-0.9020816043,2,0
0,0,-0.277883199,-1.876750385,2,0
0,0,-0.5985941152,-3.207109162,1,0
0,0,-0.9984682077,-3.998740926,1,0
0,0,-1.513335691,-5.148674834,2,-1
1,1,-2.177672976,-6.643372852
0,0,0,0,2,0
0,0,-0.07328129268,-0.7328129268,2,0
0,0,-0.2346705766,-1.613892839,0,0
0,0,-0.3635866761,-1.289160995,0,0
0,0,-0.4726249831,-1.090383071,2,0
0,0,-0.7404345044,-2.678095213,2,0
0,0,-1.176499886,-4.360653814,0,-1
1,1,-1.708006363,-5.31506477
0,0,0,0,2,0
0,0,-0.08439402173,-0.8439402173,0,0
0,0,-0.1073861698,-0.2299214809,0,0
0,0,-0.07674716671,0.306390031,2,0
0,0,-0.1571877396,-0.8044057285,2,0
0,0,-0.3474782266,-1.902904871,0,0
0,0,-0.5063874637,-1.589092371,2,0
0,0,-0.8100753816,-3.036879179,1,0
0,0,-1.231817318,-4.217419366,2,-1
1,1,-1.814548996,-5.82731678
0,0,0,0,0,0
0,0,0.08000704319,0.8000704319,1,0
0,0,0.1895333182,1.09526275,0,0
0,0,0.4250658901,2.355325719,1,0
0,0,0.7204975959,2.954317057,2,0
0,0,1.064465555,3.43967959,2,0
0,0,1.501776633,4.373110782,1,-1
1,1,2.084750426,5.829737932
0,0,0,0,0,0
0,0,0.104494709,1.04494709,2,0
0,0,0.1536858513,0.4919114229,0,0
0,0,0.3070532089,1.533673576,0,0
0,0,0.6049858047,2.979325958,2,0
0,0,0.9312680248,3.262822201,0,0
0,0,1.419520213,4.882521887,0,-1
1,1,2.061428069,6.419078557
0,0,0,0,1,0
0,0,0.00465092183,0.0465092183,1,0
0,0,0.007254155475,0.02603233645,0,0
0,0,0.1062810822,0.9902692668,1,0
0,0,0.2215016054,1.152205232,0,0
0,0,0.4716488215,2.501472161,1,0
0,0,0.786071327,3.144225055,1,0
0,0,1.197010487,4.109391596,2,-1
1,1,1.716444087,5.194336002
0,0,0,0,1,0
0,0,-0.01515225187,-0.1515225187,0,0
0,0,0.04836775169,0.6352000356,1,0
0,0,0.1257233131,0.773555614,2,0
0,0,0.119906555,-0.05816758101,0,0
0,0,0.2148269203,0.9492036531,2,0
0,0,0.2642796467,0.4945272638,0,0
0,0,0.4338525856,1.695729389,0,0
0,0,0.7587971877,3.249446021,0,0
0,0,1.244211767,4.854145795,2,-1
1,1,1.838724003,5.945122363
0,0,0,0,0,0
0,0,0.09392849647,0.9392849647,0,0
0,0,0.2868070976,1.928786011,0,0
0,0,0.6018988266,3.15091729,1,0
0,0,0.9980493182,3.961504916,2,0
0,0,1.477254609,4.792052908,0,-1
1,1,2.107955644,6.307010347
0,0,0,0,0,0
0,0,0.09824713897,0.9824713897,1,0
0,0,0.2186966107,1.204494717,1,0
0,0,0.386162402,1.674657912,0,0
0,0,0.6998064372,3.136440353,2,0
0,0,1.049824961,3.500185233,1,0
0,0,1.531087508,4.812625476,0,-1
1,1,2.161391312,6.303038037
0,0,0,0,0,0
0,0,0.07258895367,0.7258895367,1,0
0,0,0.1598038227,0.8721486902,2,0
0,0,0.1967791756,0.3697535288,1,0
0,0,0.2538398549,0.5706067929,0,0
0,0,0.4511189748,1.9727912,2,0
0,0,0.6387577767,1.876388019,2,0
0,0,0.8584375535,2.196797768,0,0
0,0,1.249758031,3.913204773,0,-1
1,1,1.798841858,5.490838276
0,0,0,0,2,0
0,0,-0.1049637846,-1.049637846,0,0
0,0,-0.129413427,-0.2444964239,0,0
0,0,-0.08242462474,0.4698880226,1,0
0,0,-0.05102933548,0.3139528926,0,0
0,0,0.04909650078,1.001258363,1,0
0,0,0.1691096694,1.200131686,0,0
0,0,0.4032699411,2.341602718,0,0
0,0,0.7848457408,3.815757997,2,0
0,0,1.202635025,4.177892845,0,-1
1,1,1.780353439,5.777184137
0,0,0,0,2,0
0,0,-0.0708573594,-0.708573594,2,0
0,0,-0.2511605907,-1.803032313,0,0
0,0,-0.4038912802,-1.527306895,0,0
0,0,-0.5557843809,-1.518931007,0,0
0,0,-0.7149078631,-1.591234822,0,0
0,0,-0.9248438488,-2.099359857,0,0
0,0,-1.210398085,-2.855542364,1,-1
1,1,-1.630306808,-4.199087224
0,0,0,0,1,0
0,0,-0.001897779403,-0.01897779403,2,0
0,0,-0.1098584698,-1.079606904,1,0
0,0,-0.2285469098,-1.1868844,1,0
0,0,-0.3928570202,-1.643101103,1,0
0,0,-0.6247431128,-2.318860926,0,0
0,0,-0.8903432505,-2.656001377,0,0
0,0,-1.227608753,-3.372655025,0,-1
1,1,-1.675535447,-4.479266942
0,0,0,0,2,0
0,0,-0.07468151952,-0.7468151952,0,0
0,0,-0.07195401069,0.02727508828,2,0
0,0,-0.1816355691,-1.096815584,0,0
0,0,-0.2185236473,-0.3688807826,2,0
0,0,-0.3745731008,-1.560494534,2,0
0,0,-0.6834357977,-3.088626969,0,0
0,0,-1.032937265,-3.495014673,2,0
0,0,-1.552599781,-5.196625159,2,-1
1,1,-2.220018059,-6.674182782
0,0,0,0,1,0
0,0,0.01136177326,0.1136177326,0,0
0,0,0.1178713452,1.06509572,2,0
0,0,0.1575350073,0.3966366203,2,0
0,0,0.1504628228,-0.07072184516,0,0
0,0,0.2674064749,1.169436522,2,0
0,0,0.3326147077,0.652082328,0,0
0,0,0.5194359405,1.868212327,0,0
0,0,0.8566496606,3.372137202,0,0
0,0,1.365264548,5.086148869,2,-1
1,1,1.997691406,6.324268586
