2,1,1
0,0,0,0,0,0
0,0,0.09089496528,0.9089496528,0,0
0,0,0.295132097,2.042371317,0,0
0,0,0.6395283524,3.443962554,1,0
0,0,1.068705054,4.291767019,1,-1
1,1,1.61232038,5.436153258
0,0,0,0,2,0
0,0,-0.105672519,-1.05672519,0,0
0,0,-0.1395679502,-0.3389543121,0,0
0,0,-0.1149748478,0.245931024,1,0
0,0,-0.1126890287,0.02285819127,0,0
0,0,-0.04720472782,0.6548430084,2,0
0,0,-0.07057603458,-0.2337130676,0,0
0,0,-0.0113755478,0.5920048678,0,0
0,0,0.1196199634,1.309955112,1,0
0,0,0.2731889081,1.535689448,2,0
0,0,0.3805830537,1.073941456,1,0
0,0,0.5585298136,1.779467598,2,0
0,0,0.7474852243,1.889554108,2,0
0,0,0.9903575839,2.428723596,0,0
0,0,1.402206561,4.118489772,2,-1
1,1,1.944850652,5.426440907
0,0,0,0,2,0
0,0,-0.09447456819,-0.9447456819,1,0
0,0,-0.2160597411,-1.215851729,1,0
0,0,-0.388528066,-1.724683249,0,0
0,0,-0.558723581,-1.70195515,1,0
0,0,-0.8042106876,-2.454871066,1,0
0,0,-1.168435358,-3.642246704,2,-1
1,1,-1.697879602,-5.294442437
0,0,0,0,0,0
0,0,0.08352599504,0.8352599504,0,0
0,0,0.2581596491,1.746336541,1,0
0,0,0.4755268503,2.173672012,1,0
0,0,0.7546371242,2.791102739,2,0
0,0,1.082733774,3.280966499,0,0
0,0,1.570247586,4.875138124,1,-1
1,1,2.204735271,6.344876841
0,0,0,0,2,0
0,0,-0.09818738141,-0.9818738141,2,0
0,0,-0.3052261902,-2.070388088,2,0
0,0,-0.644827731,-3.396015407,0,0
0,0,-1.006571451,-3.617437198,1,0
0,0,-1.487780157,-4.81208706,1,-1
1,1,-2.112725081,-6.249449243
0,0,0,0,1,0
0,0,0.01647360263,0.1647360263,2,0
0,0,-0.03542619795,-0.5189980058,2,0
0,0,-0.1873407251,-1.519145272,0,0
0,0,-0.2877824379,-1.004417127,2,0
0,0,-0.5190745192,-2.312920813,2,0
0,0,-0.9108414733,-3.917669541,2,0
0,0,-1.454663703,-5.4382223,0,-1
1,1,-2.131904082,-6.772403784
0,0,0,0,0,0
0,0,0.09462897561,0.9462897561,0,0
0,0,0.2791754381,1.845464625,2,0
0,0,0.4356045689,1.564291307,1,0
0,0,0.6661801904,2.305756215,1,0
0,0,0.9856447915,3.194646011,2,0
0,0,1.383216037,3.975712456,1,-1
1,1,1.919785941,5.365699038
0,0,0,0,1,0
0,0,0.006339075507,0.06339075507,2,0
0,0,-0.05979906348,-0.6613813899,0,0
0,0,-0.04168347015,0.1811559333,2,0
0,0,-0.1242064987,-0.8252302856,2,0
0,0,-0.3221853912,-1.979788925,0,0
0,0,-0.48772751,-1.655421188,2,0
0,0,-0.8055849488,-3.178574388,0,0
0,0,-1.168570189,-3.629852406,0,-1
1,1,-1.636513322,-4.679431328
0,0,0,0,2,0
0,0,-0.1028566524,-1.028566524,2,0
0,0,-0.307553341,-2.046966886,0,0
0,0,-0.4670533641,-1.59500023,1,0
0,0,-0.6905912434,-2.235378793,0,0
0,0,-0.9420624406,-2.514711973,0,0
0,0,-1.275982704,-3.339202631,2,-1
1,1,-1.771591928,-4.956092242
0,0,0,0,1,0
0,0,-0.00433167941,-0.0433167941,2,0
0,0,-0.08964481058,-0.8531313118,1,0
0,0,-0.1926098956,-1.02965085,0,0
0,0,-0.2356132106,-0.4300331504,1,0
0,0,-0.3227652275,-0.8715201689,2,0
0,0,-0.5351036532,-2.123384257,0,0
0,0,-0.7693412503,-2.342375971,2,0
0,0,-1.159579298,-3.90238048,2,-1
1,1,-1.712273052,-5.526937538
0,0,0,0,2,0
0,0,-0.07669557152,-0.7669557152,0,0
0,0,-0.07295541165,0.03740159864,2,0
0,0,-0.1695089003,-0.9655348863,0,0
0,0,-0.2152902582,-0.4578135796,0,0
0,0,-0.1994471481,0.1584311019,2,0
0,0,-0.2935696203,-0.9412247226,1,0
0,0,-0.4236413247,-1.300717043,0,0
0,0,-0.5321020449,-1.084607202,0,0
0,0,-0.6600049527,-1.279029079,1,0
0,0,-0.8783603294,-2.183553767,2,0
0,0,-1.263547456,-3.851871263,0,-1
1,1,-1.758016867,-4.944694109
0,0,0,0,0,0
0,0,0.1045272897,1.045272897,1,0
0,0,0.2100669803,1.055396906,0,0
0,0,0.4283905821,2.183236018,0,0
0,0,0.7817475136,3.533569315,2,0
0,0,1.174045033,3.922975191,1,-1
1,1,1.698849992,5.248049596
0,0,0,0,1,0
0,0,-0.01071089282,-0.1071089282,2,0
0,0,-0.1253998928,-1.14689,1,0
0,0,-0.250991066,-1.255911732,1,0
0,0,-0.4117493264,-1.607582604,2,0
0,0,-0.7036634842,-2.919141579,1,0
0,0,-1.100029145,-3.96365661,1,-1
1,1,-1.621971419,-5.219422737
0,0,0,0,1,0
0,0,0.01748242698,0.1748242698,0,0
0,0,0.1210847524,1.036023254,0,0
0,0,0.3368534055,2.157686531,1,0
0,0,0.5962735426,2.594201371,1,0
0,0,0.9436442695,3.473707269,1,0
0,0,1.408141368,4.644970988,1,-1
1,1,2.012258508,6.041171396
0,0,0,0,0,0
0,0,0.08680646633,0.8680646633,2,0
0,0,0.1101521869,0.2334572061,0,0
0,0,0.2411955031,1.310433161,1,0
0,0,0.4149711526,1.737756496,0,0
0,0,0.7356967883,3.207256356,0,0
0,0,1.220571717,4.848749284,2,-1
1,1,1.804494717,5.839230004
0,0,0,0,0,0
0,0,0.1027981942,1.027981942,0,0
0,0,0.2970397511,1.942415569,0,0
0,0,0.6136934783,3.166537271,2,0
0,0,0.9378896195,3.241961412,1,0
0,0,1.381267145,4.433775251,1,-1
1,1,1.965662094,5.843949499
0,0,0,0,1,0
0,0,-0.01392741223,-0.1392741223,0,0
0,0,0.04474006086,0.5866747309,2,0
0,0,0.01579814852,-0.2894191234,2,0
0,0,-0.09993079145,-1.1572894,0,0
0,0,-0.1358266584,-0.3589586696,1,0
0,0,-0.1935401578,-0.5771349942,1,0
0,0,-0.2719929151,-0.7845275727,1,0
0,0,-0.4008179111,-1.28824996,2,0
0,0,-0.6736513323,-2.728334212,2,0
0,0,-1.109634754,-4.359834219,2,-1
1,1,-1.707231569,-5.975968149
0,0,0,0,2,0
0,0,-0.103391093,-1.03391093,0,0
0,0,-0.1463640161,-0.4297292308,2,0
0,0,-0.3098029246,-1.634389085,0,0
0,0,-0.4426243941,-1.328214695,0,0
0,0,-0.5784009524,-1.357765584,0,0
0,0,-0.730574212,-1.521732595,2,0
0,0,-1.039906425,-3.093322127,1,0
0,0,-1.472887622,-4.329811977,1,-1
1,1,-2.049253043,-5.763654203
0,0,0,0,2,0
0,0,-0.07178503555,-0.7178503555,2,0
0,0,-0.2602615784,-1.884765428,0,0
0,0,-0.4154266301,-1.551650517,0,0
0,0,-0.5564678855,-1.410412554,0,0
0,0,-0.7174800629,-1.610121774,0,0
0,0,-0.9301839834,-2.127039205,0,0
0,0,-1.220125706,-2.899417221,1,-1
1,1,-1.648605976,-4.2848027
0,0,0,0,0,0
0,0,0.09094462038,0.9094462038,2,0
0,0,0.121053488,0.301088676,1,0
0,0,0.1653364584,0.4428297037,0,0
0,0,0.3327900741,1.674536157,1,0
0,0,0.541298731,2.085086569,1,0
0,0,0.8192242687,2.779255377,0,0
0,0,1.256205264,4.36980995,0,-1
1,1,1.8514013,5.951960358
0,0,0,0,0,0
0,0,0.08292219015,0.8292219015,1,0
0,0,0.1884494256,1.055272354,0,0
0,0,0.398409964,2.099605384,0,0
0,0,0.7409457228,3.425357588,2,0
0,0,1.126685316,3.857395929,2,-1
1,1,1.612822605,4.861372897
0,0,0,0,2,0
0,0,-0.07985292998,-0.7985292998,2,0
0,0,-0.2768397065,-1.969867765,2,0
0,0,-0.614974704,-3.381349975,2,0
0,0,-1.098421523,-4.834468187,2,-1
1,1,-1.735430268,-6.37008745
0,0,0,0,2,0
0,0,-0.09303596987,-0.9303596987,1,0
0,0,-0.2083167153,-1.152807454,0,0
0,0,-0.2890583141,-0.8074159878,2,0
0,0,-0.4856760959,-1.966177818,0,0
0,0,-0.6878477294,-2.021716335,0,0
0,0,-0.9294185781,-2.415708487,0,0
0,0,-1.2523351,-3.229165216,1,-1
1,1,-1.710789018,-4.584539186
0,0,0,0,2,0
0,0,-0.09981473908,-0.9981473908,2,0
0,0,-0.2931883656,-1.933736265,0,0
0,0,-0.4622629789,-1.690746133,1,0
0,0,-0.7138977856,-2.516348066,2,0
0,0,-1.121515139,-4.076173529,2,-1
1,1,-1.691380323,-5.698651842
0,0,0,0,0,0
0,0,0.08657054019,0.8657054019,1,0
0,0,0.1785706792,0.9200013897,1,0
0,0,0.2984710622,1.199003831,0,0
0,0,0.5556684501,2.571973879,2,0
0,0,0.8250500042,2.69381554,0,0
0,0,1.254458639,4.294086348,0,-1
1,1,1.842097806,5.876391668
0,0,0,0,1,0
0,0,-0.01494362212,-0.1494362212,0,0
0,0,0.07037561875,0.8531924088,2,0
0,0,0.07656295502,0.06187336265,2,0
0,0,0.01790282039,-0.5866013463,2,0
0,0,-0.1129862491,-1.308890695,1,0
0,0,-0.2590347094,-1.460484603,0,0
0,0,-0.3519825201,-0.9294781066,2,0
0,0,-0.5702506252,-2.182681051,0,0
0,0,-0.8008422463,-2.305916211,0,0
0,0,-1.083739068,-2.828968217,1,0
0,0,-1.495733417,-4.119943486,0,-1
1,1,-2.047537042,-5.51803625
0,0,0,0,0,0
0,0,0.1050287857,1.050287857,1,0
0,0,0.2445036366,1.394748509,0,0
0,0,0.5095252,2.650215634,2,0
0,0,0.7802561,2.707309,0,0
0,0,1.220074104,4.39818004,1,-1
1,1,1.794449066,5.743749623
0,0,0,0,2,0
0,0,-0.0826197565,-0.826197565,0,0
0,0,-0.07553050194,0.07089254558,2,0
0,0,-0.1755254416,-0.9999493967,2,0
0,0,-0.397487807,-2.219623654,1,0
0,0,-0.6673367814,-2.698489744,1,0
0,0,-1.044276415,-3.769396332,2,-1
1,1,-1.583447037,-5.391706219
0,0,0,0,1,0
0,0,-0.01450048819,-0.1450048819,1,0
0,0,-0.03400044495,-0.1949995675,1,0
0,0,-0.06606856261,-0.3206811766,2,0
0,0,-0.1836828614,-1.176142988,2,0
0,0,-0.4332977448,-2.496148833,1,0
0,0,-0.7364570232,-3.031592784,2,0
0,0,-1.202326834,-4.658698106,1,-1
1,1,-1.792226471,-5.898996374
0,0,0,0,0,0
0,0,0.07776298823,0.7776298823,2,0
0,0,0.06367937651,-0.1408361172,2,0
0,0,-0.01813250376,-0.8181188028,0,0
0,0,-0.005468636106,0.1266386766,2,0
0,0,-0.08536180919,-0.7989317308,1,0
0,0,-0.1922346827,-1.068728735,0,0
0,0,-0.2497927299,-0.5755804719,2,0
0,0,-0.4311027494,-1.813100195,0,0
0,0,-0.5884217499,-1.573190005,2,0
0,0,-0.9119884223,-3.235666723,2,0
0,0,-1.389759791,-4.777713683,0,-1
1,1,-1.993924503,-6.041647125
0,0,0,0,0,0
0,0,0.1020290652,1.020290652,1,0
0,0,0.210662532,1.086334668,0,0
0,0,0.4431221573,2.324596253,1,0
0,0,0.755695832,3.125736747,1,0
0,0,1.179323944,4.236281125,0,-1
1,1,1.759797052,5.804731078
0,0,0,0,1,0
0,0,-0.01270461318,-0.1270461318,0,0
0,0,0.07026567173,0.829702849,0,0
0,0,0.2494260332,1.791603615,2,0
0,0,0.3766422217,1.272161885,1,0
0,0,0.5660795034,1.894372816,0,0
0,0,0.9035509234,3.3747142,1,0
0,0,1.349080209,4.455292854,0,-1
1,1,1.950645076,6.015648668
0,0,0,0,0,0
0,0,0.074866865,0.74866865,2,0
0,0,0.05727442938,-0.1759243562,0,0
0,0,0.1378721776,0.8059774819,1,0
0,0,0.2584364924,1.205643149,2,0
0,0,0.3277480244,0.6931153193,2,0
0,0,0.3593859097,0.316378853,2,0
0,0,0.3751759996,0.157900899,0,0
0,0,0.5376310701,1.624550706,1,0
0,0,0.7726724913,2.350414212,0,0
0,0,1.177145277,4.044727856,1,-1
1,1,1.709825694,5.326804175
0,0,0,0,0,0
0,0,0.09914938645,0.9914938645,1,0
0,0,0.2311369996,1.319876131,1,0
0,0,0.413655429,1.825184294,0,0
0,0,0.7425534254,3.288979965,0,0
0,0,1.232162244,4.896088186,1,-1
1,1,1.848950781,6.167885371
0,0,0,0,2,0
0,0,-0.1012747002,-1.012747002,2,0
0,0,-0.308590668,-2.073159678,1,0
0,0,-0.5562612194,-2.476705513,2,0
0,0,-0.9593032483,-4.030420289,1,0
0,0,-1.483164618,-5.238613696,2,-1
1,1,-2.157245974,-6.740813561
0,0,0,0,1,0
0,0,0.01600942665,0.1600942665,1,0
0,0,0.02109551521,0.05086088559,1,0
0,0,0.01465300528,-0.06442509928,2,0
0,0,-0.06281346488,-0.7746647017,0,0
0,0,-0.05895507198,0.03858392904,0,0
0,0,0.01113248438,0.7008755636,1,0
0,0,0.07998380997,0.6885132559,1,0
0,0,0.1492768615,0.6929305152,2,0
0,0,0.1521770376,0.02900176138,0,0
0,0,0.2766431386,1.24466101,1,0
0,0,0.442560654,1.659175154,0,0
0,0,0.7530849856,3.105243315,1,0
0,0,1.153153555,4.000685695,0,-1
1,1,1.711067823,5.579142678
0,0,0,0,2,0
0,0,-0.08307239933,-0.8307239933,2,0
0,0,-0.2570003945,-1.739279952,0,0
0,0,-0.3863154839,-1.293150894,0,0
0,0,-0.5082605473,-1.219450634,0,0
0,0,-0.6465504309,-1.382898836,0,0
0,0,-0.823711879,-1.771614481,0,0
0,0,-1.05784478,-2.341329013,2,0
0,0,-1.454081069,-3.962362884,1,-1
1,1,-1.992674683,-5.385936147
0,0,0,0,0,0
0,0,0.09710135204,0.9710135204,2,0
0,0,0.1100047222,0.1290337013,1,0
0,0,0.1306446426,0.2063992044,1,0
0,0,0.1600898459,0.294452033,0,0
0,0,0.3069826402,1.468927943,0,0
0,0,0.5738427954,2.668601552,0,0
0,0,0.9815330597,4.076902643,0,0
0,0,1.551878826,5.703457658,1,-1
1,1,2.268544204,7.166653785
0,0,0,0,0,0
0,0,0.1033720618,1.033720618,0,0
0,0,0.3029251092,1.995530474,0,0
0,0,0.6192355001,3.163103909,0,0
0,0,1.08247501,4.632395099,0,-1
1,1,1.695638795,6.131637846
0,0,0,0,0,0
0,0,0.07116762593,0.7116762593,1,0
0,0,0.1548354308,0.8366780492,2,0
0,0,0.1787523598,0.2391692894,2,0
0,0,0.1549174979,-0.2383486186,0,0
0,0,0.2372120214,0.8229452344,0,0
0,0,0.4513528255,2.141408041,1,0
0,0,0.7402869856,2.889341601,1,0
0,0,1.131294568,3.91007582,1,-1
1,1,1.649399395,5.181048272
0,0,0,0,0,0
0,0,0.07085960905,0.7085960905,0,0
0,0,0.2463632234,1.755036144,1,0
0,0,0.4672278087,2.208645853,0,0
0,0,0.8346604025,3.674325937,2,0
0,0,1.251873502,4.172130996,0,-1
1,1,1.822963295,5.710897931
0,0,0,0,1,0
0,0,0.01401054022,0.1401054022,0,0
0,0,0.110825888,0.9681534779,0,0
0,0,0.3104311912,1.996053032,1,0
0,0,0.5508849876,2.404537964,0,0
0,0,0.9387318264,3.878468388,0,0
0,0,1.486660043,5.479282168,2,-1
1,1,2.172035418,6.853753744
0,0,0,0,1,0
0,0,0.015179457,0.15179457,2,0
0,0,-0.07080315019,-0.8598260719,1,0
0,0,-0.1715471323,-1.007439821,2,0
0,0,-0.3866680879,-2.151209556,2,0
0,0,-0.7403400765,-3.536719886,0,0
0,0,-1.135130828,-3.947907516,1,-1
1,1,-1.658369735,-5.232389074
0,0,0,0,2,0
0,0,-0.08722248167,-0.8722248167,0,0
0,0,-0.113101891,-0.2587940934,2,0
0,0,-0.2569741366,-1.438722456,0,0
0,0,-0.3456677557,-0.886936191,0,0
0,0,-0.4113265028,-0.6565874709,0,0
0,0,-0.479415044,-0.6808854123,0,0
0,0,-0.5507432279,-0.713281839,0,0
0,0,-0.6311677442,-0.804245163,0,0
0,0,-0.7276116165,-0.9644387232,1,0
0,0,-0.918628046,-1.910164295,2,0
0,0,-1.276526575,-3.578985295,0,-1
1,1,-1.750965149,-4.744385734
0,0,0,0,2,0
0,0,-0.07673869399,-0.7673869399,2,0
0,0,-0.2539932153,-1.772545213,2,0
0,0,-0.5602703026,-3.062770873,0,0
0,0,-0.8802079416,-3.19937639,0,0
0,0,-1.258723949,-3.785160074,0,-1
1,1,-1.751255571,-4.925316218
0,0,0,0,2,0
0,0,-0.08969270997,-0.8969270997,1,0
0,0,-0.2118743187,-1.221816087,1,0
0,0,-0.3605948452,-1.487205266,0,0
0,0,-0.4977162461,-1.371214009,2,0
0,0,-0.7731370263,-2.754207802,0,0
0,0,-1.096451335,-3.233143084,0,0
0,0,-1.515142339,-4.186910043,2,-1
1,1,-2.083481507,-5.683391682
0,0,0,0,1,0
0,0,-0.0006911394415,-0.006911394415,2,0
0,0,-0.09668755949,-0.9599642005,2,0
0,0,-0.2923352279,-1.956476684,2,0
0,0,-0.629935042,-3.375998141,1,0
0,0,-1.047217561,-4.172825194,0,0
0,0,-1.546629566,-4.994120043,0,-1
1,1,-2.190510864,-6.438812985
0,0,0,0,2,0
0,0,-0.09577125631,-0.9577125631,2,0
0,0,-0.3003782587,-2.046070024,2,0
0,0,-0.6237821062,-3.234038474,1,0
0,0,-1.026809808,-4.030277016,1,0
0,0,-1.552633983,-5.258241755,0,-1
1,1,-2.223110263,-6.704762796
0,0,0,0,0,0
0,0,0.1013871294,1.013871294,0,0
0,0,0.2946546978,1.932675684,0,0
0,0,0.6156002335,3.209455357,1,0
0,0,1.016800029,4.011997959,2,0
0,0,1.489440848,4.726408181,2,-1
1,1,2.100390329,6.109494819
0,0,0,0,1,0
0,0,0.005311452983,0.05311452983,1,0
0,0,0.007759970907,0.02448517924,2,0
0,0,-0.09293014123,-1.006901121,1,0
0,0,-0.2155377987,-1.226076575,2,0
0,0,-0.4438477405,-2.283099418,1,0
0,0,-0.7428992137,-2.990514732,1,0
0,0,-1.135553491,-3.92654277,0,-1
1,1,-1.62060635,-4.850528595
0,0,0,0,2,0
0,0,-0.07184567215,-0.7184567215,0,0
0,0,-0.06385651343,0.07989158722,0,0
0,0,0.00367584613,0.6753235956,0,0
0,0,0.1596392456,1.559633995,1,0
0,0,0.3359754816,1.76336236,2,0
0,0,0.4763273541,1.403518725,0,0
0,0,0.7667541194,2.904267653,1,0
0,0,1.152127419,3.853732993,1,-1
1,1,1.663345308,5.112178893
0,0,0,0,2,0
0,0,-0.1004322037,-1.004322037,0,0
0,0,-0.1174300501,-0.1699784644,1,0
0,0,-0.1540284013,-0.3659835123,1,0
0,0,-0.2179571622,-0.639287609,2,0
0,0,-0.4164203617,-1.984631995,1,0
0,0,-0.6866215194,-2.702011577,2,0
0,0,-1.111596034,-4.249745148,0,-1
1,1,-1.626846617,-5.152505829
0,0,0,0,2,0
0,0,-0.08077050334,-0.8077050334,0,0
0,0,-0.1014105253,-0.20640022,0,0
0,0,-0.06409750073,0.3731302462,0,0
0,0,0.06339029086,1.274877916,0,0
0,0,0.2743627908,2.109725,0,0
0,0,0.6164581826,3.420953917,2,0
0,0,0.9804685641,3.640103815,2,0
0,0,1.412459707,4.319911426,0,-1
1,1,1.997675222,5.852155149
0,0,0,0,0,0
0,0,0.0950240904,0.950240904,0,0
0,0,0.2845810462,1.895569558,2,0
0,0,0.4283742182,1.43793172,0,0
0,0,0.7119613276,2.835871094,1,0
0,0,1.100513797,3.885524693,2,-1
1,1,1.585861207,4.853474105
0,0,0,0,1,0
0,0,-0.0003830062426,-0.003830062426,0,0
0,0,0.08024458165,0.8062758789,1,0
0,0,0.1773050191,0.9706043741,1,0
0,0,0.2935215103,1.162164912,0,0
0,0,0.5290269974,2.355054872,0,0
0,0,0.9023357198,3.733087223,1,0
0,0,1.389560849,4.872251287,0,-1
1,1,2.031565637,6.42004788
0,0,0,0,0,0
0,0,0.0818719656,0.818719656,0,0
0,0,0.2640406731,1.821687075,1,0
0,0,0.4981831608,2.341424877,1,0
0,0,0.8184365056,3.202533448,1,0
0,0,1.254081615,4.356451098,2,-1
1,1,1.795966593,5.418849778
0,0,0,0,1,0
0,0,0.009842627534,0.09842627534,0,0
0,0,0.1025752008,0.9273257322,2,0
0,0,0.122226209,0.1965100828,1,0
0,0,0.1638595501,0.4163334103,2,0
0,0,0.1319045111,-0.3195503893,0,0
0,0,0.2006594169,0.687549058,1,0
0,0,0.2957775431,0.9511812616,2,0
0,0,0.3519928477,0.5621530461,0,0
0,0,0.5462067139,1.942138662,0,0
0,0,0.9029687455,3.567620317,0,0
0,0,1.41498708,5.120183341,1,-1
1,1,2.068490317,6.535032375
0,0,0,0,2,0
0,0,-0.09737563499,-0.9737563499,1,0
0,0,-0.1967153365,-0.9933970153,0,0
0,0,-0.2497945868,-0.5307925024,2,0
0,0,-0.4152601757,-1.654655889,1,0
0,0,-0.6542995381,-2.390393624,0,0
0,0,-0.9138087036,-2.595091655,2,0
0,0,-1.338469599,-4.246608951,1,-1
1,1,-1.904672568,-5.662029698
0,0,0,0,1,0
0,0,-0.01484486453,-0.1484486453,1,0
0,0,-0.02031179777,-0.0546693324,1,0
0,0,-0.04368341728,-0.2337161952,2,0
0,0,-0.1649881513,-1.21304734,1,0
0,0,-0.3305975047,-1.656093534,0,0
0,0,-0.4752905496,-1.446930449,0,0
0,0,-0.620107556,-1.448170064,2,0
0,0,-0.9209810812,-3.008735252,1,0
0,0,-1.336147298,-4.151662172,1,-1
1,1,-1.892016811,-5.558695128
0,0,0,0,1,0
0,0,0.01216534967,0.1216534967,1,0
0,0,0.0280939408,0.1592859113,0,0
0,0,0.1217554109,0.9366147011,1,0
0,0,0.2503520302,1.285966193,1,0
0,0,0.426392419,1.760403887,1,0
0,0,0.662938664,2.36546245,2,0
0,0,0.941924052,2.78985388,2,0
0,0,1.28533137,3.434073175,0,-1
1,1,1.792049285,5.067179154
0,0,0,0,1,0
0,0,-0.01038118222,-0.1038118222,1,0
0,0,-0.01151898654,-0.01137804317,0,0
0,0,0.07048722339,0.8200620994,2,0
0,0,0.07257224957,0.02085026174,2,0
0,0,-0.005605785568,-0.7817803514,1,0
0,0,-0.06979476252,-0.6418897695,0,0
0,0,-0.05118525022,0.186095123,1,0
0,0,-0.03033863897,0.2084661124,2,0
0,0,-0.1035326037,-0.7319396474,1,0
0,0,-0.192826524,-0.8929392024,0,0
0,0,-0.2130706189,-0.2024409498,2,0
0,0,-0.3713843969,-1.583137779,1,0
0,0,-0.5784238706,-2.070394737,0,0
0,0,-0.7933413434,-2.149174728,1,0
0,0,-1.108475661,-3.151343176,1,0
0,0,-1.551644879,-4.431692182,2,-1
1,1,-2.142903519,-5.912586398
0,0,0,0,0,0
0,0,0.09198052323,0.9198052323,0,0
0,0,0.2796875505,1.877070273,0,0
0,0,0.5801087984,3.004212479,1,0
0,0,0.9731496804,3.93040882,1,0
0,0,1.483900129,5.107504489,2,-1
1,1,2.130291962,6.463918331
0,0,0,0,2,0
0,0,-0.07233573851,-0.7233573851,2,0
0,0,-0.231527764,-1.591920255,2,0
0,0,-0.4989243053,-2.673965414,1,0
0,0,-0.8539729945,-3.550486892,0,0
0,0,-1.255635558,-4.016625639,0,-1
1,1,-1.772405587,-5.167700284
0,0,0,0,1,0
0,0,-0.001075290411,-0.01075290411,1,0
0,0,-0.01281705983,-0.1174176942,0,0
0,0,0.06441025077,0.7722731061,0,0
0,0,0.2268817187,1.624714679,1,0
0,0,0.4193141483,1.924324296,2,0
0,0,0.5992322337,1.799180854,2,0
0,0,0.7891103705,1.898781368,2,0
0,0,1.021257445,2.32147074,1,0
0,0,1.380431888,3.591744438,0,-1
1,1,1.897387025,5.169551371
0,0,0,0,2,0
0,0,-0.07844997867,-0.7844997867,1,0
0,0,-0.1737180702,-0.952680915,1,0
0,0,-0.3106124084,-1.368943383,1,0
0,0,-0.4912695796,-1.806571712,1,0
0,0,-0.7427196929,-2.514501132,0,0
0,0,-1.036496094,-2.937764014,2,0
0,0,-1.497394337,-4.60898243,0,-1
1,1,-2.096658955,-5.992646178
0,0,0,0,1,0
0,0,0.0006324582645,0.006324582645,0,0
0,0,0.08177034034,0.8113788207,2,0
0,0,0.09907568295,0.1730534261,0,0
0,0,0.2369069433,1.378312603,2,0
0,0,0.3303239498,0.9341700654,2,0
0,0,0.402715479,0.7239152918,1,0
0,0,0.5531262812,1.504108022,2,0
0,0,0.7279924396,1.748661585,1,0
0,0,1.014375488,2.863830487,0,0
0,0,1.460724877,4.46349389,1,-1
1,1,2.051059915,5.90335038
0,0,0,0,2,0
0,0,-0.08391149789,-0.8391149789,2,0
0,0,-0.2620331657,-1.781216679,2,0
0,0,-0.5649548444,-3.029216787,2,0
0,0,-1.027650583,-4.626957389,0,0
0,0,-1.561312597,-5.336620133,0,-1
1,1,-2.240927365,-6.79614768
0,0,0,0,2,0
0,0,-0.08521419749,-0.8521419749,2,0
0,0,-0.2769803025,-1.91766105,2,0
0,0,-0.6000926025,-3.231123,2,0
0,0,-1.064821937,-4.647293346,0,-1
1,1,-1.611932007,-5.471100698
0,0,0,0,2,0
0,0,-0.09937044608,-0.9937044608,1,0
0,0,-0.1998367283,-1.004662822,0,0
0,0,-0.2464856894,-0.4664896109,2,0
0,0,-0.4230122055,-1.765265161,2,0
0,0,-0.7487633527,-3.257511472,1,0
0,0,-1.178401403,-4.296380503,1,-1
1,1,-1.742755568,-5.643541647
0,0,0,0,2,0
0,0,-0.07616571266,-0.7616571266,1,0
0,0,-0.1740831376,-0.979174249,0,0
0,0,-0.23056257,-0.5647943244,0,0
0,0,-0.2402683837,-0.09705813712,1,0
0,0,-0.2986798873,-0.5841150363,1,0
0,0,-0.4170468083,-1.183669209,1,0
0,0,-0.5926150489,-1.755682406,0,0
0,0,-0.7955862949,-2.02971246,2,0
0,0,-1.16619979,-3.706134956,1,-1
1,1,-1.668058169,-5.018583784
0,0,0,0,1,0
0,0,0.01630337214,0.1630337214,1,0
0,0,0.03955504655,0.2325167442,0,0
0,0,0.1542226387,1.146675922,0,0
0,0,0.3823839571,2.281613184,1,0
0,0,0.663044103,2.806601459,0,0
0,0,1.10956976,4.465256566,0,-1
1,1,1.716474198,6.069044387
0,0,0,0,2,0
0,0,-0.07117161361,-0.7117161361,0,0
0,0,-0.08050606732,-0.09334453709,2,0
0,0,-0.1820682344,-1.015621671,1,0
0,0,-0.2978731933,-1.158049589,1,0
0,0,-0.4671621289,-1.692889356,0,0
0,0,-0.6440313753,-1.768692464,1,0
0,0,-0.9223546192,-2.783232439,0,0
0,0,-1.27509207,-3.527374512,0,-1
1,1,-1.743913512,-4.688214413
0,0,0,0,0,0
0,0,0.0928376807,0.928376807,1,0
0,0,0.2006806791,1.078429984,0,0
0,0,0.4319487367,2.312680576,2,0
0,0,0.6569061122,2.249573755,1,0
0,0,0.9889308797,3.320247674,0,0
0,0,1.485156839,4.962259589,2,-1
1,1,2.119052511,6.338956728
0,0,0,0,2,0
0,0,-0.09696694484,-0.9696694484,0,0
0,0,-0.140094654,-0.4312770919,1,0
0,0,-0.2078494458,-0.6775479177,0,0
0,0,-0.2196447941,-0.1179534831,1,0
0,0,-0.2541359372,-0.3449114304,0,0
0,0,-0.248818829,0.05317108171,0,0
0,0,-0.1958850569,0.5293377211,0,0
0,0,-0.09054746517,1.053375917,2,0
0,0,-0.08605873275,0.04488732423,1,0
0,0,-0.1082492601,-0.2219052735,1,0
0,0,-0.1601843268,-0.5193506672,2,0
0,0,-0.3212281421,-1.610438153,0,0
0,0,-0.4427183348,-1.214901926,1,0
0,0,-0.644607337,-2.018890022,1,0
0,0,-0.9378178979,-2.932105609,2,0
0,0,-1.391018839,-4.53200941,1,-1
1,1,-1.985155072,-5.94136233
0,0,0,0,2,0
0,0,-0.08303190008,-0.8303190008,0,0
0,0,-0.08639677649,-0.03364876415,1,0
0,0,-0.09586170224,-0.0946492575,0,0
0,0,-0.02752860106,0.6833310119,1,0
0,0,0.04161315272,0.6914175378,1,0
0,0,0.1023899965,0.6077684379,0,0
0,0,0.2822353844,1.798453878,0,0
0,0,0.5809201046,2.986847203,0,0
0,0,1.035192477,4.542723728,1,-1
1,1,1.608880311,5.736878333
0,0,0,0,0,0
0,0,0.09581615559,0.9581615559,0,0
0,0,0.2996608561,2.038447006,2,0
0,0,0.4831234609,1.834626048,0,0
0,0,0.817551315,3.344278541,2,0
0,0,1.201605525,3.840542101,1,-1
1,1,1.714054172,5.124486474
0,0,0,0,0,0
0,0,0.09112013917,0.9112013917,2,0
0,0,0.1094021352,0.1828199606,1,0
0,0,0.1372982632,0.2789612793,0,0
0,0,0.2769231017,1.396248385,0,0
0,0,0.5474136557,2.704905541,1,0
0,0,0.8858589879,3.384453322,2,0
0,0,1.292731214,4.068722265,1,-1
1,1,1.834651187,5.419199731
0,0,0,0,2,0
0,0,-0.07868540809,-0.7868540809,1,0
0,0,-0.1602266913,-0.8154128323,1,0
0,0,-0.2522236577,-0.9199696635,1,0
0,0,-0.3765759961,-1.243523385,0,0
0,0,-0.4891728014,-1.125968053,1,0
0,0,-0.6882208876,-1.990480862,2,0
0,0,-1.058745557,-3.705246689,0,0
0,0,-1.512757633,-4.540120767,2,-1
1,1,-2.116316698,-6.035590645
0,0,0,0,2,0
0,0,-0.09605359527,-0.9605359527,0,0
0,0,-0.1329562118,-0.3690261657,2,0
0,0,-0.284769614,-1.518134021,2,0
0,0,-0.5536984498,-2.689288358,2,0
0,0,-0.9829460197,-4.2924757,2,-1
1,1,-1.571699112,-5.887530919
0,0,0,0,2,0
0,0,-0.09057347359,-0.9057347359,2,0
0,0,-0.2912182275,-2.006447539,0,0
0,0,-0.4698954702,-1.786772427,0,0
0,0,-0.6542631853,-1.843677151,0,0
0,0,-0.8782183907,-2.239552054,0,0
0,0,-1.173727005,-2.95508614,2,-1
1,1,-1.633774181,-4.600471767
0,0,0,0,0,0
0,0,0.0874169762,0.874169762,1,0
0,0,0.1999653006,1.125483244,2,0
0,0,0.2486872565,0.4872195589,0,0
0,0,0.4244709405,1.75783684,2,0
0,0,0.5890789339,1.646079934,1,0
0,0,0.8555429773,2.664640435,0,0
0,0,1.280727066,4.251840887,2,-1
1,1,1.817528519,5.368014531
0,0,0,0,0,0
0,0,0.09899955112,0.9899955112,2,0
0,0,0.1382195735,0.3922002242,0,0
0,0,0.2771010928,1.388815192,1,0
0,0,0.4500629993,1.729619065,2,0
0,0,0.6016130084,1.515500091,1,0
0,0,0.857668516,2.560555076,2,0
0,0,1.167876616,3.102081005,0,-1
1,1,1.644334532,4.764579156
0,0,0,0,1,0
0,0,-0.01249245843,-0.1249245843,2,0
0,0,-0.1093662722,-0.9687381376,1,0
0,0,-0.2104609545,-1.010946823,0,0
0,0,-0.2752211666,-0.647602121,0,0
0,0,-0.2942390625,-0.1901789591,1,0
0,0,-0.3779556503,-0.8371658782,1,0
0,0,-0.521331187,-1.433755367,1,0
0,0,-0.7339347418,-2.126035548,1,0
0,0,-1.05381994,-3.198851978,2,0
0,0,-1.540921128,-4.871011883,2,-1
1,1,-2.175914834,-6.34993706
0,0,0,0,2,0
0,0,-0.09546888838,-0.9546888838,1,0
0,0,-0.2045142169,-1.090453285,1,0
0,0,-0.3518654413,-1.473512244,0,0
0,0,-0.4880368434,-1.361714022,0,0
0,0,-0.6282868195,-1.402499761,1,0
0,0,-0.8589106908,-2.306238713,1,0
0,0,-1.195257972,-3.363472809,1,-1
1,1,-1.666683072,-4.714251007
0,0,0,0,1,0
0,0,0.01387443682,0.1387443682,1,0
0,0,0.0181050738,0.04230636977,1,0
0,0,0.009698628366,-0.08406445431,0,0
0,0,0.100045476,0.9034684762,1,0
0,0,0.2204547112,1.204092352,0,0
0,0,0.4554391996,2.349844885,1,0
0,0,0.7751548906,3.19715691,1,0
0,0,1.189427122,4.142722315,0,-1
1,1,1.760268549,5.70841427
0,0,0,0,2,0
0,0,-0.07950461269,-0.7950461269,1,0
0,0,-0.1770649512,-0.9756033849,2,0
0,0,-0.4001294492,-2.23064498,1,0
0,0,-0.6972549184,-2.971254692,0,0
0,0,-1.034615917,-3.373609991,0,0
0,0,-1.454654629,-4.200387114,1,-1
1,1,-2.018497866,-5.638432369
0,0,0,0,0,0
0,0,0.09686320206,0.9686320206,1,0
0,0,0.2131410769,1.162778748,2,0
0,0,0.264915514,0.517744371,1,0
0,0,0.3760105522,1.110950383,1,0
0,0,0.5331463241,1.571357719,1,0
0,0,0.7619917555,2.288454314,2,0
0,0,1.047479444,2.854876881,1,0
0,0,1.456202717,4.087232736,0,-1
1,1,2.016291033,5.600883154
0,0,0,0,2,0
0,0,-0.09265464027,-0.9265464027,0,0
0,0,-0.09770738493,-0.05052744665,0,0
0,0,-0.04818741097,0.4951997396,1,0
0,0,-0.0168038373,0.3138357367,1,0
0,0,-0.0002284722939,0.1657536501,1,0
0,0,0.03109461035,0.3132308264,2,0
0,0,-0.008809764811,-0.3990437516,1,0
0,0,-0.06332988941,-0.545201246,0,0
0,0,-0.0537276613,0.09602228114,0,0
0,0,0.02002471443,0.7375237573,2,0
0,0,0.002820182852,-0.1720453158,2,0
0,0,-0.1028258569,-1.056460398,1,0
0,0,-0.229897324,-1.270714671,0,0
0,0,-0.3003742912,-0.7047696715,2,0
0,0,-0.4943136421,-1.939393509,1,0
0,0,-0.7603963456,-2.660827035,1,0
0,0,-1.132551073,-3.721547278,1,-1
1,1,-1.632807721,-5.002566472
0,0,0,0,2,0
0,0,-0.09805295115,-0.9805295115,1,0
0,0,-0.1961053369,-0.9805238577,2,0
0,0,-0.407992636,-2.11887299,2,0
0,0,-0.7675036322,-3.595109963,0,0
0,0,-1.174413787,-4.069101549,1,-1
1,1,-1.714557353,-5.401435662
0,0,0,0,1,0
0,0,0.006432344843,0.06432344843,2,0
0,0,-0.08741675314,-0.9384909798,1,0
0,0,-0.1825569928,-0.951402397,2,0
0,0,-0.3797791303,-1.972221374,1,0
0,0,-0.6466403428,-2.668612126,0,0
0,0,-0.9430076388,-2.963672959,0,0
0,0,-1.318100668,-3.750930291,0,-1
1,1,-1.814768526,-4.966678581
0,0,0,0,0,0
0,0,0.08161480029,0.8161480029,2,0
0,0,0.09329316545,0.1167836516,0,0
0,0,0.2224218704,1.29128705,2,0
0,0,0.2974463231,0.7502445265,2,0
0,0,0.3236797973,0.262334742,1,0
0,0,0.3939351574,0.7025536014,2,0
0,0,0.4429502278,0.4901507036,2,0
0,0,0.4951266169,0.521763891,2,0
0,0,0.5415768363,0.4645021946,0,0
0,0,0.7513849471,2.098081108,2,0
0,0,1.005198539,2.538135916,2,0
0,0,1.339933716,3.347351777,2,-1
1,1,1.800075262,4.601415457
0,0,0,0,1,0
0,0,0.005063927666,0.05063927666,0,0
0,0,0.10624085,1.011769223,2,0
0,0,0.1508600429,0.4461919293,2,0
0,0,0.1203247184,-0.3053532451,1,0
0,0,0.1152336103,-0.0509110809,0,0
0,0,0.2032641468,0.880305365,0,0
0,0,0.4180507772,2.147866304,2,0
0,0,0.6165558651,1.985050879,1,0
0,0,0.915354185,2.987983199,0,0
0,0,1.388165244,4.72811059,1,-1
1,1,1.999721051,6.115558072
0,0,0,0,0,0
0,0,0.08284847942,0.8284847942,0,0
0,0,0.2851996664,2.02351187,1,0
0,0,0.5301899446,2.449902781,1,0
0,0,0.8460810914,3.158911468,0,0
0,0,1.333842066,4.877609742,2,-1
1,1,1.941807835,6.079657695
0,0,0,0,0,0
0,0,0.0971533266,0.971533266,1,0
0,0,0.2106692571,1.135159305,0,0
0,0,0.4345903066,2.239210495,2,0
0,0,0.6388924484,2.043021418,0,0
0,0,1.015107599,3.762151507,1,0
0,0,1.513261498,4.981538987,2,-1
1,1,2.150989082,6.37727584
0,0,0,0,0,0
0,0,0.07143515601,0.7143515601,1,0
0,0,0.145962735,0.7452757895,0,0
0,0,0.3243697024,1.784069674,2,0
0,0,0.4843727182,1.600030159,1,0
0,0,0.7094056158,2.250328976,2,0
0,0,0.9805304666,2.711248508,0,0
0,0,1.423960592,4.434301258,0,-1
1,1,2.020269485,5.963088928
0,0,0,0,0,0
0,0,0.08453691248,0.8453691248,2,0
0,0,0.1103282129,0.2579130045,1,0
0,0,0.1411808962,0.3085268325,2,0
0,0,0.1030535601,-0.3812733612,1,0
0,0,0.07934461841,-0.2370894165,1,0
0,0,0.08417576094,0.0483114253,0,0
0,0,0.1906193615,1.064436006,2,0
0,0,0.2363770956,0.4575773407,2,0
0,0,0.2370218888,0.006447932186,1,0
0,0,0.2741759926,0.3715410384,0,0
0,0,0.4532197726,1.7904378,0,0
0,0,0.7652235667,3.120037941,0,0
0,0,1.248399992,4.831764253,1,-1
1,1,1.863887501,6.154875087
0,0,0,0,2,0
0,0,-0.07847594736,-0.7847594736,2,0
0,0,-0.248560458,-1.700845107,1,0
0,0,-0.4507039599,-2.021435019,0,0
0,0,-0.6455907882,-1.948868283,2,0
0,0,-1.004730387,-3.591395987,1,0
0,0,-1.479231383,-4.745009956,0,-1
1,1,-2.091339942,-6.121085597
0,0,0,0,1,0
0,0,0.00629198025,0.0629198025,1,0
0,0,0.01464447399,0.08352493742,2,0
0,0,-0.07965889132,-0.9430336531,2,0
0,0,-0.2686036639,-1.889447726,2,0
0,0,-0.5713615367,-3.027578728,1,0
0,0,-0.9422485468,-3.708870101,1,0
0,0,-1.433805622,-4.915570749,1,-1
1,1,-2.067677873,-6.338722515
0,0,0,0,0,0
0,0,0.1035841855,1.035841855,0,0
0,0,0.319844538,2.162603525,1,0
0,0,0.6023805734,2.825360354,2,0
0,0,0.9105100327,3.081294593,0,0
0,0,1.374775491,4.642654586,0,-1
1,1,1.99063412,6.158586286
0,0,0,0,1,0
0,0,0.01421894218,0.1421894218,0,0
0,0,0.1340811813,1.198622391,0,0
0,0,0.3800013055,2.459201242,2,0
0,0,0.6100233215,2.30022016,1,0
0,0,0.9300827106,3.20059389,2,0
0,0,1.311460235,3.813775241,2,-1
1,1,1.812638635,5.011784007
0,0,0,0,1,0
0,0,0.004732447665,0.04732447665,2,0
0,0,-0.08076563591,-0.8549808358,2,0
0,0,-0.2831896164,-2.024239804,1,0
0,0,-0.5396615282,-2.564719119,0,0
0,0,-0.7945958454,-2.549343172,2,0
0,0,-1.220895228,-4.262993821,2,-1
1,1,-1.804685553,-5.837903256
0,0,0,0,2,0
0,0,-0.07776379536,-0.7776379536,0,0
0,0,-0.06798440051,0.09779394846,1,0
0,0,-0.07739922291,-0.09414822398,2,0
0,0,-0.2035559262,-1.261567033,0,0
0,0,-0.2692913629,-0.6573543665,1,0
0,0,-0.3837408697,-1.144495068,2,0
0,0,-0.6364225201,-2.526816505,0,0
0,0,-0.9034379407,-2.670154205,2,0
0,0,-1.342395247,-4.389573068,0,-1
1,1,-1.899836652,-5.574414043
0,0,0,0,1,0
0,0,0.01442565235,0.1442565235,0,0
0,0,0.1322026956,1.177770432,0,0
0,0,0.3724283037,2.402256082,2,0
0,0,0.5883268799,2.158985762,2,0
0,0,0.8238705892,2.355437092,0,0
0,0,1.218560797,3.946902083,2,-1
1,1,1.718913373,5.003525755
0,0,0,0,2,0
0,0,-0.07510249101,-0.7510249101,0,0
0,0,-0.09100018535,-0.1589769434,2,0
0,0,-0.2008953029,-1.098951176,0,0
0,0,-0.2483705821,-0.4747527915,0,0
0,0,-0.2427014775,0.05669104517,1,0
0,0,-0.2758806859,-0.331792084,1,0
0,0,-0.360209543,-0.8432885705,1,0
0,0,-0.5076159503,-1.474064073,0,0
0,0,-0.6573395722,-1.497236219,2,0
0,0,-0.9582388224,-3.008992501,2,0
0,0,-1.432454009,-4.742151866,1,-1
1,1,-2.046540107,-6.140860976
0,0,0,0,1,0
0,0,-0.01397151016,-0.1397151016,0,0
0,0,0.04913549211,0.6310700226,1,0
0,0,0.1128379149,0.6370242284,1,0
0,0,0.2067362225,0.938983076,1,0
0,0,0.3432017698,1.364655473,0,0
0,0,0.6331693093,2.899675395,0,0
0,0,1.084778795,4.516094858,0,-1
1,1,1.687269685,6.024908902
0,0,0,0,1,0
0,0,-0.0008033553351,-0.008033553351,1,0
0,0,0.0003238584892,0.01127213824,0,0
0,0,0.07258261075,0.7225875226,1,0
0,0,0.1526530943,0.8007048355,0,0
0,0,0.3357754744,1.831223801,1,0
0,0,0.5732302735,2.374547991,1,0
0,0,0.8976878266,3.244575531,1,0
0,0,1.33969392,4.420060935,2,-1
1,1,1.90193527,5.622413498
0,0,0,0,1,0
0,0,-0.01079360897,-0.1079360897,2,0
0,0,-0.1095920606,-0.9879845161,0,0
0,0,-0.1501708099,-0.4057874933,2,0
0,0,-0.3053695656,-1.551987557,2,0
0,0,-0.6019800924,-2.966105268,2,0
0,0,-1.053593266,-4.516131738,1,-1
1,1,-1.631448206,-5.778549399
0,0,0,0,2,0
0,0,-0.08759088669,-0.8759088669,0,0
0,0,-0.1051980355,-0.1760714884,1,0
0,0,-0.1337624768,-0.2856444129,1,0
0,0,-0.1989992157,-0.6523673886,2,0
0,0,-0.3816666494,-1.826674337,2,0
0,0,-0.7192689691,-3.376023197,2,0
0,0,-1.215367948,-4.960989788,2,-1
1,1,-1.86085584,-6.454878916
0,0,0,0,1,0
0,0,-0.01405119945,-0.1405119945,1,0
0,0,-0.01333384964,0.007173498017,2,0
0,0,-0.09681326962,-0.8347941998,0,0
0,0,-0.1254593725,-0.2864610287,2,0
0,0,-0.277134431,-1.516750585,1,0
0,0,-0.4902594142,-2.131249832,0,0
0,0,-0.6996673534,-2.094079392,2,0
0,0,-1.069029401,-3.693620471,1,0
0,0,-1.560476086,-4.914466853,2,-1
1,1,-2.199361795,-6.388857095
0,0,0,0,2,0
0,0,-0.09219972505,-0.9219972505,2,0
0,0,-0.2774497359,-1.852500108,0,0
0,0,-0.4185795679,-1.41129832,0,0
0,0,-0.5610113875,-1.424318196,0,0
0,0,-0.7057298819,-1.447184944,0,0
0,0,-0.8810766114,-1.753467295,2,0
0,0,-1.228150823,-3.470742113,0,-1
1,1,-1.681108103,-4.529572808
0,0,0,0,2,0
0,0,-0.07857179498,-0.7857179498,1,0
0,0,-0.1875528016,-1.089810066,2,0
0,0,-0.4173726792,-2.298198775,2,0
0,0,-0.7751142613,-3.577415821,0,0
0,0,-1.174138471,-3.990242094,0,-1
1,1,-1.67694258,-5.028041092
0,0,0,0,0,0
0,0,0.07280984699,0.7280984699,1,0
0,0,0.1627896843,0.8997983733,0,0
0,0,0.3689921818,2.062024974,2,0
0,0,0.5395967986,1.706046169,1,0
0,0,0.8058349583,2.662381596,0,0
0,0,1.227448612,4.216136535,2,-1
1,1,1.757562204,5.301135925
0,0,0,0,1,0
0,0,-0.0173086416,-0.173086416,1,0
0,0,-0.04990048128,-0.3259183968,1,0
0,0,-0.09828900251,-0.4838852123,1,0
0,0,-0.1747644251,-0.7647542257,2,0
0,0,-0.3825464229,-2.077819978,1,0
0,0,-0.6445877648,-2.620413419,2,0
0,0,-1.065131888,-4.205441232,0,0
0,0,-1.565656924,-5.005250357,1,-1
1,1,-2.213036931,-6.473800069
0,0,0,0,2,0
0,0,-0.09149935935,-0.9149935935,0,0
0,0,-0.1229334146,-0.3143405524,1,0
0,0,-0.1784591399,-0.5552572529,0,0
0,0,-0.1938386955,-0.1537955564,0,0
0,0,-0.1448533237,0.4898537185,0,0
0,0,-0.03920323533,1.056500883,1,0
0,0,0.07430465168,1.13507887,1,0
0,0,0.2061856211,1.318809694,1,0
0,0,0.3895472333,1.833616123,2,0
0,0,0.5620693452,1.725221119,0,0
0,0,0.8999529422,3.37883597,1,0
0,0,1.343806873,4.438539307,0,-1
1,1,1.939884695,5.960778224
0,0,0,0,0,0
0,0,0.0945036896,0.945036896,0,0
0,0,0.2876142095,1.931105199,2,0
0,0,0.4548122459,1.671980365,1,0
0,0,0.6975326186,2.427203727,0,0
0,0,1.106144637,4.086120188,2,-1
1,1,1.602409491,4.962648535
0,0,0,0,1,0
0,0,0.0129362342,0.129362342,0,0
0,0,0.1001986619,0.8726242773,1,0
0,0,0.2086033451,1.084046832,2,0
0,0,0.2523236051,0.4372026002,2,0
0,0,0.2464192288,-0.05904376328,2,0
0,0,0.210786723,-0.3563250582,0,0
0,0,0.2926431692,0.818564462,2,0
0,0,0.3555466075,0.6290343829,1,0
0,0,0.4675681368,1.120215293,0,0
0,0,0.7322810043,2.647128675,2,0
0,0,1.027779109,2.954981044,0,0
0,0,1.494338397,4.665592881,0,-1
1,1,2.111088413,6.167500166
0,0,0,0,0,0
0,0,0.1051353103,1.051353103,1,0
0,0,0.2355637521,1.304284419,0,0
0,0,0.5005001724,2.649364203,0,0
0,0,0.9216675331,4.211673607,2,0
0,0,1.409753734,4.880862007,2,-1
1,1,2.025990461,6.162367267
0,0,0,0,1,0
0,0,-0.01056408444,-0.1056408444,1,0
0,0,-0.03726362242,-0.2669953798,1,0
0,0,-0.05819583412,-0.2093221171,0,0
0,0,-0.009828359191,0.4836747493,2,0
0,0,-0.03518785141,-0.2535949222,1,0
0,0,-0.07457969013,-0.3939183872,1,0
0,0,-0.114682236,-0.4010254591,2,0
0,0,-0.2730854849,-1.584032488,0,0
0,0,-0.4037832906,-1.306978058,0,0
0,0,-0.5063322905,-1.025489999,0,0
0,0,-0.6140949468,-1.077626563,0,0
0,0,-0.7531406352,-1.390456884,1,0
0,0,-1.00791741,-2.547767748,2,0
0,0,-1.437566492,-4.296490821,0,-1
1,1,-1.998200283,-5.606337909
0,0,0,0,2,0
0,0,-0.1024882877,-1.024882877,1,0
0,0,-0.2397187973,-1.372305096,0,0
0,0,-0.3370301422,-0.9731134495,0,0
0,0,-0.422141259,-0.851111168,0,0
0,0,-0.4957649862,-0.7362372716,2,0
0,0,-0.7136869327,-2.179219465,1,0
0,0,-1.032247524,-3.18560591,0,0
0,0,-1.432225429,-3.999779052,2,-1
1,1,-1.983878688,-5.516532591
0,0,0,0,2,0
0,0,-0.0967923482,-0.967923482,1,0
0,0,-0.2021772993,-1.053849511,2,0
0,0,-0.437821118,-2.356438187,0,0
0,0,-0.6630530148,-2.252318968,1,0
0,0,-0.9884904427,-3.254374279,0,0
0,0,-1.389107592,-4.006171496,2,-1
1,1,-1.941884097,-5.527765051
0,0,0,0,0,0
0,0,0.1004391341,1.004391341,1,0
0,0,0.2081477061,1.07708572,2,0
0,0,0.2747242903,0.6657658423,2,0
0,0,0.3021366134,0.2741232307,0,0
0,0,0.4472315494,1.45094936,0,0
0,0,0.7369172585,2.896857091,0,0
0,0,1.183943618,4.470263593,1,-1
1,1,1.763245161,5.793015434
0,0,0,0,2,0
0,0,-0.08571400969,-0.8571400969,0,0
0,0,-0.095564292,-0.09850282311,1,0
0,0,-0.1081055986,-0.1254130655,1,0
0,0,-0.1375130586,-0.2940746007,2,0
0,0,-0.2724324743,-1.349194156,0,0
0,0,-0.3697687277,-0.973362534,1,0
0,0,-0.5401085058,-1.703397782,1,0
0,0,-0.7943170602,-2.542085544,1,0
0,0,-1.156092682,-3.61775622,1,-1
1,1,-1.644184303,-4.880916205
0,0,0,0,2,0
0,0,-0.08112262737,-0.8112262737,1,0
0,0,-0.1685844901,-0.8746186276,1,0
0,0,-0.3019524444,-1.333679543,0,0
0,0,-0.4086131831,-1.066607386,1,0
0,0,-0.5714263138,-1.628131307,2,0
0,0,-0.8975622583,-3.261359446,2,0
0,0,-1.380322715,-4.827604568,0,-1
1,1,-1.988781876,-6.084591614
0,0,0,0,2,0
0,0,-0.09513794848,-0.9513794848,2,0
0,0,-0.2768735501,-1.817356016,2,0
0,0,-0.5719153144,-2.950417643,1,0
0,0,-0.945812475,-3.738971606,1,0
0,0,-1.425822946,-4.800104707,0,-1
1,1,-2.038041362,-6.122184162
0,0,0,0,2,0
0,0,-0.09655833221,-0.9655833221,1,0
0,0,-0.1980020493,-1.014437171,0,0
0,0,-0.2618617386,-0.6385968938,1,0
0,0,-0.3615833156,-0.9972157693,2,0
0,0,-0.603460828,-2.418775124,2,0
0,0,-1.010596943,-4.071361151,0,0
0,0,-1.496771471,-4.861745282,1,-1
1,1,-2.127974151,-6.312026796
0,0,0,0,2,0
0,0,-0.08966642367,-0.8966642367,2,0
0,0,-0.27721054,-1.875441163,1,0
0,0,-0.5014282078,-2.242176678,0,0
0,0,-0.7219382416,-2.205100338,1,0
0,0,-1.051467822,-3.295295809,1,0
0,0,-1.511696129,-4.602283066,0,-1
1,1,-2.11266486,-6.009687309
0,0,0,0,2,0
0,0,-0.07104557006,-0.7104557006,1,0
0,0,-0.167530737,-0.9648516697,0,0
0,0,-0.1974750425,-0.2994430549,1,0
0,0,-0.2533025163,-0.5582747378,0,0
0,0,-0.2782462622,-0.2494374589,1,0
0,0,-0.3587424257,-0.8049616347,0,0
0,0,-0.4183928354,-0.5965040971,0,0
0,0,-0.4777214026,-0.5932856722,0,0
0,0,-0.5508882365,-0.7316683395,0,0
0,0,-0.6336853081,-0.827970716,1,0
0,0,-0.8142280091,-1.80542701,1,0
0,0,-1.108760534,-2.945325247,0,0
0,0,-1.497800208,-3.890396739,2,-1
1,1,-2.036454772,-5.386545645
0,0,0,0,1,0
0,0,-0.01085369595,-0.1085369595,1,0
0,0,-0.01061449055,0.002392053989,2,0
0,0,-0.09887709762,-0.8826260707,1,0
0,0,-0.2114760946,-1.12598997,2,0
0,0,-0.4321932245,-2.207171298,0,0
0,0,-0.649893455,-2.177002305,2,0
0,0,-1.022101127,-3.722076724,2,0
0,0,-1.556140343,-5.340392158,1,-1
1,1,-2.236604512,-6.804641688
0,0,0,0,0,0
0,0,0.08179579815,0.8179579815,0,0
0,0,0.2812416907,1.994458926,0,0
0,0,0.6008206756,3.195789848,1,0
0,0,0.9996057314,3.987850558,1,0
0,0,1.524587927,5.249821952,2,-1
1,1,2.191390618,6.668026912
0,0,0,0,0,0
0,0,0.08300401245,0.8300401245,1,0
0,0,0.1650181122,0.8201409977,1,0
0,0,0.2681178929,1.030997807,2,0
0,0,0.3474483307,0.7933043774,2,0
0,0,0.4187810211,0.7133269045,0,0
0,0,0.6397031246,2.209221035,0,0
0,0,1.008606657,3.689035323,2,0
0,0,1.449194857,4.405882005,0,-1
1,1,2.041943432,5.927485749
0,0,0,0,0,0
0,0,0.07473485659,0.7473485659,0,0
0,0,0.2585659804,1.838311238,0,0
0,0,0.5696745068,3.111085264,1,0
0,0,0.9683582987,3.986837919,2,0
0,0,1.429679577,4.613212787,1,-1
1,1,2.034359673,6.046800958
0,0,0,0,0,0
0,0,0.07579126478,0.7579126478,1,0
0,0,0.1738624347,0.9807116993,1,0
0,0,0.2846415958,1.107791611,0,0
0,0,0.5118472847,2.272056889,1,0
0,0,0.8031787657,2.91331481,1,0
0,0,1.208539962,4.053611961,1,-1
1,1,1.748952846,5.404128843
0,0,0,0,0,0
0,0,0.09460993424,0.9460993424,1,0
0,0,0.1922868762,0.9767694195,1,0
0,0,0.3351550764,1.428682002,1,0
0,0,0.5240909173,1.889358409,2,0
0,0,0.7238163067,1.997253894,1,0
0,0,1.024926188,3.011098808,1,0
0,0,1.449285777,4.243595892,0,-1
1,1,2.025867389,5.76581612
0,0,0,0,2,0
0,0,-0.0927696704,-0.927696704,2,0
0,0,-0.303034095,-2.102644246,1,0
0,0,-0.5630557509,-2.600216558,0,0
0,0,-0.8363121894,-2.732564385,0,0
0,0,-1.174807053,-3.384948632,0,-1
1,1,-1.613022972,-4.382159192
0,0,0,0,2,0
0,0,-0.09818316596,-0.9818316596,1,0
0,0,-0.224142794,-1.25959628,2,0
0,0,-0.4802175563,-2.560747623,0,0
0,0,-0.7316553368,-2.514377805,1,0
0,0,-1.094246426,-3.625910897,0,0
0,0,-1.553154994,-4.589085679,2,-1
1,1,-2.159737474,-6.065824796
0,0,0,0,0,0
0,0,0.09682413663,0.9682413663,2,0
0,0,0.1288162093,0.3199207267,2,0
0,0,0.1079677756,-0.2084843369,1,0
0,0,0.09788073392,-0.1008704168,1,0
0,0,0.1002479369,0.02367203026,2,0
0,0,0.01714784131,-0.8310009564,0,0
0,0,0.04007943426,0.2293159294,1,0
0,0,0.05823836861,0.1815893435,1,0
0,0,0.06936008702,0.1112171842,2,0
0,0,0.008795258316,-0.6056482871,2,0
0,0,-0.1273692806,-1.361645389,1,0
0,0,-0.2731089948,-1.457397142,1,0
0,0,-0.4577436184,-1.846346236,1,0
0,0,-0.7214510493,-2.63707431,1,0
0,0,-1.092481516,-3.710304665,1,-1
1,1,-1.595835119,-5.03353603
0,0,0,0,2,0
0,0,-0.0780133226,-0.780133226,1,0
0,0,-0.1768926845,-0.9887936185,1,0
0,0,-0.3117801011,-1.348874167,1,0
0,0,-0.5004543918,-1.886742907,1,0
0,0,-0.7542718496,-2.538174578,0,0
0,0,-1.054434925,-3.001630757,1,0
0,0,-1.482902081,-4.284671556,1,-1
1,1,-2.056517827,-5.73615746
0,0,0,0,0,0
0,0,0.09136511577,0.9136511577,1,0
0,0,0.1848244872,0.9345937142,1,0
0,0,0.3071159813,1.222914941,1,0
0,0,0.4653794148,1.582634335,2,0
0,0,0.6147922505,1.494128356,1,0
0,0,0.849674759,2.348825086,0,0
0,0,1.254890164,4.052154045,1,-1
1,1,1.79625222,5.413620561
0,0,0,0,1,0
0,0,0.005866320655,0.05866320655,2,0
0,0,-0.06930238001,-0.7516870066,0,0
0,0,-0.08213289592,-0.1283051591,0,0
0,0,-0.008852489811,0.7328040611,1,0
0,0,0.05464369186,0.6349618167,1,0
0,0,0.1303827418,0.7573904992,2,0
0,0,0.127287884,-0.03094857751,1,0
0,0,0.1574819284,0.3019404435,0,0
0,0,0.2954744618,1.379925334,0,0
0,0,0.5737345352,2.782600734,0,0
0,0,0.9937016053,4.199670701,1,0
0,0,1.53075142,5.370498151,1,-1
1,1,2.213151351,6.823999305
0,0,0,0,0,0
0,0,0.07677361494,0.7677361494,0,0
0,0,0.2545160589,1.77742444,0,0
0,0,0.5722518716,3.177358127,2,0
0,0,0.9122230609,3.399711894,1,0
0,0,1.371327172,4.591041109,1,-1
1,1,1.971233565,5.999063929
0,0,0,0,0,0
0,0,0.08947248539,0.8947248539,1,0
0,0,0.1782360612,0.8876357582,0,0
0,0,0.3774912218,1.992551606,2,0
0,0,0.5638329098,1.86341688,2,0
0,0,0.7629461006,1.991131908,1,0
0,0,1.079375607,3.164295066,1,0
0,0,1.523946088,4.44570481,2,-1
1,1,2.110689968,5.8674388
0,0,0,0,0,0
0,0,0.08872425228,0.8872425228,2,0
0,0,0.09175286589,0.0302861361,0,0
0,0,0.2067901625,1.150372966,0,0
0,0,0.4416395114,2.348493489,0,0
0,0,0.8162528807,3.746133693,1,0
0,0,1.296466614,4.802137334,0,-1
1,1,1.928188249,6.317216348
0,0,0,0,1,0
0,0,-0.01381404021,-0.1381404021,2,0
0,0,-0.1007719854,-0.8695794522,0,0
0,0,-0.1276450051,-0.2687301966,2,0
0,0,-0.2752386078,-1.475936027,0,0
0,0,-0.3920929914,-1.168543836,2,0
0,0,-0.6421742209,-2.500812296,0,0
0,0,-0.922228597,-2.800543761,0,0
0,0,-1.269423462,-3.471948654,2,-1
1,1,-1.77588109,-5.064576275
0,0,0,0,1,0
0,0,0.0171216139,0.171216139,0,0
0,0,0.1302380717,1.131164578,0,0
0,0,0.3566210422,2.263829705,1,0
0,0,0.6431827832,2.86561741,1,0
0,0,1.025505911,3.823231273,1,0
0,0,1.535795817,5.102899065,2,-1
1,1,2.189034133,6.532383163
0,0,0,0,2,0
0,0,-0.09096042647,-0.9096042647,2,0
0,0,-0.2887958105,-1.97835384,2,0
0,0,-0.6252370827,-3.364412722,2,0
0,0,-1.105269244,-4.800321616,1,-1
1,1,-1.705149528,-5.998802832
0,0,0,0,0,0
0,0,0.07896134509,0.7896134509,1,0
0,0,0.1778429152,0.9888157008,2,0
0,0,0.2366047984,0.5876188324,0,0
0,0,0.4183887518,1.817839534,1,0
0,0,0.674189609,2.558008573,0,0
0,0,1.08847547,4.142858613,1,-1
1,1,1.623572947,5.350974765
0,0,0,0,0,0
0,0,0.07268513859,0.7268513859,1,0
0,0,0.1547975286,0.8211238997,2,0
0,0,0.1833235895,0.2852606091,0,0
0,0,0.3439138734,1.605902839,1,0
0,0,0.5506457316,2.067318582,2,0
0,0,0.7776414926,2.26995761,2,0
0,0,1.059513929,2.818724364,1,0
0,0,1.46371906,4.042051313,2,-1
1,1,2.004132963,5.404139025
0,0,0,0,1,0
0,0,-0.01554611705,-0.1554611705,1,0
0,0,-0.0195543113,-0.0400819425,1,0
0,0,-0.01792684013,0.01627471163,0,0
0,0,0.07539647374,0.9332331388,0,0
0,0,0.267593468,1.921969942,0,0
0,0,0.587663293,3.20069825,1,0
0,0,0.9841386317,3.964753387,0,0
0,0,1.534011945,5.49873313,0,-1
1,1,2.231464396,6.974524511
0,0,0,0,1,0
0,0,0.01293439762,0.1293439762,1,0
0,0,0.02957605171,0.1664165409,0,0
0,0,0.1527878404,1.232117887,1,0
0,0,0.2892494388,1.364615984,2,0
0,0,0.4021435497,1.128941109,0,0
0,0,0.6717127332,2.695691836,0,0
0,0,1.113268869,4.415561362,0,-1
1,1,1.710334317,5.970654479
0,0,0,0,0,0
0,0,0.0795061004,0.795061004,1,0
0,0,0.1564569762,0.7695087581,0,0
0,0,0.350421039,1.939640628,2,0
0,0,0.5116072448,1.611862058,2,0
0,0,0.6924329805,1.808257356,0,0
0,0,1.044495195,3.520622144,1,0
0,0,1.514285853,4.697906576,1,-1
1,1,2.128482932,6.141970797
