2,1,1
0,0,0,0,1,0
0,0,-0.0009300295625,-0.009300295625,0,0
0,0,0.08579324111,0.8672327067,1,0
0,0,0.1727171375,0.8692389642,0,0
0,0,0.3600513489,1.873342113,2,0
0,0,0.5208174696,1.607661207,1,0
0,0,0.7673542969,2.465368273,1,0
0,0,1.128977312,3.616230155,2,-1
1,1,1.583183945,4.542066329
0,0,0,0,1,0
0,0,-0.01041304066,-0.1041304066,1,0
0,0,-0.007116064308,0.0329697635,2,0
0,0,-0.09918186998,-0.9206580567,1,0
0,0,-0.2250986447,-1.259167748,1,0
0,0,-0.3996496164,-1.745509717,1,0
0,0,-0.6344173599,-2.347677435,0,0
0,0,-0.9057754116,-2.713580518,2,0
0,0,-1.349668018,-4.438926067,1,-1
1,1,-1.933746713,-5.840786948
0,0,0,0,2,0
0,0,-0.08499295331,-0.8499295331,2,0
0,0,-0.2659114314,-1.809184781,2,0
0,0,-0.557951239,-2.920398076,2,0
0,0,-1.016047164,-4.580959254,0,0
0,0,-1.543589234,-5.275420696,1,-1
1,1,-2.217357043,-6.737678085
0,0,0,0,0,0
0,0,0.0907672855,0.907672855,0,0
0,0,0.2916495271,2.008822416,1,0
0,0,0.5292101385,2.375606113,0,0
0,0,0.9078595871,3.786494486,1,0
0,0,1.392246857,4.843872696,1,-1
1,1,2.015077829,6.228309725
0,0,0,0,1,0
0,0,-7.687710999e-06,-7.687710999e-05,2,0
0,0,-0.07427624347,-0.7426855576,1,0
0,0,-0.1593077184,-0.8503147493,1,0
0,0,-0.2803633142,-1.210555958,0,0
0,0,-0.3750394254,-0.946761113,1,0
0,0,-0.5442307043,-1.691912789,1,0
0,0,-0.7836870924,-2.394563881,2,0
0,0,-1.19776708,-4.140799872,2,-1
1,1,-1.771611327,-5.738442471
0,0,0,0,0,0
0,0,0.08992280053,0.8992280053,1,0
0,0,0.1823922551,0.9246945453,0,0
0,0,0.406153939,2.237616839,0,0
0,0,0.7793182422,3.731643032,0,0
0,0,1.321872759,5.425545164,1,-1
1,1,2.000103162,6.782304031
0,0,0,0,2,0
0,0,-0.08834562483,-0.8834562483,0,0
0,0,-0.1148891629,-0.2654353804,0,0
0,0,-0.07273468241,0.4215448046,2,0
0,0,-0.1390635184,-0.6632883598,2,0
0,0,-0.3304699017,-1.914063833,1,0
0,0,-0.5644682597,-2.33998358,0,0
0,0,-0.8179582164,-2.534899567,0,0
0,0,-1.135433744,-3.174755273,1,-1
1,1,-1.579337229,-4.439034854
0,0,0,0,1,0
0,0,-0.009196043196,-0.09196043196,0,0
0,0,0.05151802915,0.6071407235,0,0
0,0,0.2192634376,1.677454085,2,0
0,0,0.3372562872,1.179928495,0,0
0,0,0.5910357383,2.537794512,0,0
0,0,1.006361504,4.153257657,1,0
0,0,1.531713065,5.253515614,0,-1
1,1,2.205510005,6.737969398
0,0,0,0,1,0
0,0,-0.00513781084,-0.0513781084,0,0
0,0,0.07906833207,0.8420614291,2,0
0,0,0.09200696497,0.129386329,2,0
0,0,0.02816871781,-0.6383824716,0,0
0,0,0.05564378273,0.2747506492,1,0
0,0,0.09186368518,0.3621990245,2,0
0,0,0.04791623906,-0.4394744611,2,0
0,0,-0.0853557297,-1.332719688,0,0
0,0,-0.1307107547,-0.4535502504,1,0
0,0,-0.1810547289,-0.5034397418,2,0
0,0,-0.3617087286,-1.806539997,1,0
0,0,-0.6141364063,-2.524276777,0,0
0,0,-0.8911373691,-2.770009628,1,0
0,0,-1.286574296,-3.95436927,2,-1
1,1,-1.836058245,-5.494839488
0,0,0,0,0,0
0,0,0.09051687275,0.9051687275,0,0
0,0,0.2802030534,1.896861806,1,0
0,0,0.5026988644,2.22495811,0,0
0,0,0.864180133,3.614812687,0,0
0,0,1.393292688,5.291125549,1,-1
1,1,2.058558374,6.652656859
0,0,0,0,2,0
0,0,-0.08173747505,-0.8173747505,0,0
0,0,-0.08972965005,-0.07992174999,0,0
0,0,-0.03566635445,0.5406329559,0,0
0,0,0.1158025698,1.514689243,0,0
0,0,0.3620615273,2.462589575,0,0
0,0,0.7323707937,3.703092664,0,0
0,0,1.268682868,5.363120742,2,-1
1,1,1.914205383,6.455225146
0,0,0,0,0,0
0,0,0.1002800382,1.002800382,2,0
0,0,0.1127542512,0.12474213,2,0
0,0,0.05638175573,-0.5637249549,2,0
0,0,-0.09499574074,-1.513774965,1,0
0,0,-0.2692144452,-1.742187044,0,0
0,0,-0.3968807474,-1.276663022,0,0
0,0,-0.5012627318,-1.043819844,0,0
0,0,-0.6248935573,-1.236308256,2,0
0,0,-0.9231180918,-2.982245345,2,0
0,0,-1.38717758,-4.640594877,1,-1
1,1,-1.991872713,-6.046951329
0,0,0,0,0,0
0,0,0.09204497188,0.9204497188,2,0
0,0,0.1295972639,0.37552292,0,0
0,0,0.2861671899,1.56569926,2,0
0,0,0.4202126466,1.340454567,2,0
0,0,0.5459711996,1.25758553,0,0
0,0,0.8378978296,2.9192663,1,0
0,0,1.246409562,4.085117327,0,-1
1,1,1.808820304,5.624107418
0,0,0,0,0,0
0,0,0.08428946384,0.8428946384,2,0
0,0,0.08520425856,0.00914794719,2,0
0,0,0.02662998044,-0.5857427813,1,0
0,0,-0.02467505299,-0.5130503343,1,0
0,0,-0.09410391505,-0.6942886206,0,0
0,0,-0.08357213972,0.1053177533,2,0
0,0,-0.1601715594,-0.7659941965,0,0
0,0,-0.1635001418,-0.03328582434,0,0
0,0,-0.1206880154,0.4281212637,2,0
0,0,-0.1887979406,-0.681099252,2,0
0,0,-0.3846019845,-1.958040439,1,0
0,0,-0.6328356998,-2.482337153,0,0
0,0,-0.9035565467,-2.707208469,1,0
0,0,-1.284189423,-3.806328766,1,-1
1,1,-1.799052208,-5.148627846
0,0,0,0,1,0
0,0,-0.01099341512,-0.1099341512,0,0
0,0,0.05433713072,0.6533054584,2,0
0,0,0.03183654966,-0.2250058106,1,0
0,0,0.02997968351,-0.01856866147,1,0
0,0,0.03366519554,0.03685512027,0,0
0,0,0.1368878071,1.032226116,1,0
0,0,0.262452345,1.255645379,1,0
0,0,0.4396902905,1.772379455,2,0
0,0,0.5987337137,1.590434232,1,0
0,0,0.8541896888,2.554559751,0,0
0,0,1.268133107,4.139434181,2,-1
1,1,1.792544589,5.244114818
0,0,0,0,2,0
0,0,-0.09548545291,-0.9548545291,0,0
0,0,-0.1315079483,-0.3602249535,0,0
0,0,-0.0949464489,0.3656149936,2,0
0,0,-0.1795791554,-0.8463270645,2,0
0,0,-0.3917252024,-2.121460471,2,0
0,0,-0.7293909955,-3.376657931,0,0
0,0,-1.09623661,-3.668456149,2,-1
1,1,-1.62478687,-5.285502595
0,0,0,0,0,0
0,0,0.07594625358,0.7594625358,0,0
0,0,0.2679064582,1.919602046,1,0
0,0,0.496490551,2.285840928,0,0
0,0,0.87811196,3.81621409,2,0
0,0,1.320798889,4.426869288,2,-1
1,1,1.880172859,5.5937397
0,0,0,0,2,0
0,0,-0.08941414649,-0.8941414649,2,0
0,0,-0.2867289991,-1.973148526,0,0
0,0,-0.4527181648,-1.659891657,2,0
0,0,-0.7645230248,-3.1180486,0,0
0,0,-1.116778762,-3.522557377,0,0
0,0,-1.562083683,-4.453049205,0,-1
1,1,-2.153519239,-5.914355562
0,0,0,0,0,0
0,0,0.07565595838,0.7565595838,0,0
0,0,0.2436251155,1.679691571,1,0
0,0,0.4522282498,2.086031343,0,0
0,0,0.8223530154,3.701247656,1,0
0,0,1.3019344,4.795813845,1,-1
1,1,1.912608593,6.106741936
0,0,0,0,2,0
0,0,-0.07277421569,-0.7277421569,1,0
0,0,-0.1629020071,-0.901277914,2,0
0,0,-0.3764901454,-2.135881383,2,0
0,0,-0.7325875829,-3.560974374,1,0
0,0,-1.180371856,-4.477842736,0,-1
1,1,-1.729311099,-5.489392428
0,0,0,0,0,0
0,0,0.08635089468,0.8635089468,0,0
0,0,0.2580186607,1.71667766,2,0
0,0,0.3936265669,1.356079062,2,0
0,0,0.5229751792,1.293486123,1,0
0,0,0.7332045876,2.102294084,1,0
0,0,1.039855063,3.066504752,0,0
0,0,1.512576491,4.727214281,0,-1
1,1,2.133689784,6.211132928
0,0,0,0,0,0
0,0,0.09447980938,0.9447980938,2,0
0,0,0.1082334599,0.1375365051,2,0
0,0,0.06148293058,-0.4675052931,0,0
0,0,0.1031829003,0.416999697,0,0
0,0,0.2445746604,1.413917601,2,0
0,0,0.3328423842,0.8826772385,1,0
0,0,0.4868212287,1.539788444,1,0
0,0,0.7144630437,2.27641815,0,0
0,0,1.114941149,4.004781058,0,-1
1,1,1.680980481,5.66039332
0,0,0,0,2,0
0,0,-0.103668664,-1.03668664,2,0
0,0,-0.3111158977,-2.074472337,1,0
0,0,-0.5579567803,-2.468408826,1,0
0,0,-0.8948172545,-3.368604742,1,0
0,0,-1.344404433,-4.495871788,1,-1
1,1,-1.933553902,-5.891494687
0,0,0,0,1,0
0,0,-0.008900933158,-0.08900933158,1,0
0,0,-0.0255939431,-0.1669300994,1,0
0,0,-0.03281009697,-0.07216153868,2,0
0,0,-0.1185465369,-0.8573643997,1,0
0,0,-0.2158134916,-0.9726695464,1,0
0,0,-0.3662826387,-1.504691471,0,0
0,0,-0.5041514426,-1.378688039,0,0
0,0,-0.644569355,-1.404179125,2,0
0,0,-0.9387128205,-2.941434655,0,0
0,0,-1.307950493,-3.692376726,1,-1
1,1,-1.819221458,-5.112709647
0,0,0,0,2,0
0,0,-0.08907686652,-0.8907686652,0,0
0,0,-0.1183979453,-0.2932107874,1,0
0,0,-0.1626887675,-0.4429082225,0,0
0,0,-0.1630293803,-0.003406128253,2,0
0,0,-0.2879517945,-1.249224142,0,0
0,0,-0.3892384242,-1.012866296,2,0
0,0,-0.6281038286,-2.388654044,0,0
0,0,-0.886154371,-2.580505424,1,0
0,0,-1.253181848,-3.670274765,1,-1
1,1,-1.759949373,-5.067675255
0,0,0,0,0,0
0,0,0.09899252043,0.9899252043,1,0
0,0,0.2317841291,1.327916086,1,0
0,0,0.3938377257,1.620535967,2,0
0,0,0.5499818755,1.561441497,2,0
0,0,0.7259860951,1.760042196,0,0
0,0,1.06634405,3.403579548,0,-1
1,1,1.576995474,5.106514237
0,0,0,0,2,0
0,0,-0.09247106254,-0.9247106254,0,0
0,0,-0.1132534751,-0.2078241259,0,0
0,0,-0.08046079189,0.3279268323,1,0
0,0,-0.06791480898,0.1254598292,2,0
0,0,-0.13875161,-0.7083680099,0,0
0,0,-0.1437560258,-0.05004415828,2,0
0,0,-0.2625403173,-1.187842915,2,0
0,0,-0.5088963072,-2.4635599,2,0
0,0,-0.9112927925,-4.023964853,1,0
0,0,-1.431712151,-5.204193586,1,-1
1,1,-2.090881651,-6.591695002
0,0,0,0,1,0
0,0,0.005568012434,0.05568012434,1,0
0,0,0.0278949277,0.2232691527,0,0
0,0,0.1390964806,1.112015529,2,0
0,0,0.1733374908,0.3424101016,2,0
0,0,0.1610337356,-0.1230375517,1,0
0,0,0.1745851457,0.1355141009,1,0
0,0,0.2112344069,0.3664926123,2,0
0,0,0.1958796454,-0.1535476152,2,0
0,0,0.1352184907,-0.606611547,2,0
0,0,-0.0004401673416,-1.356586581,0,0
0,0,-0.04264816895,-0.4220800161,2,0
0,0,-0.1812460132,-1.385978443,1,0
0,0,-0.3330917879,-1.518457746,2,0
0,0,-0.6297693848,-2.966775969,2,0
0,0,-1.086525471,-4.567560864,1,-1
1,1,-1.664273976,-5.77748505
0,0,0,0,0,0
0,0,0.09679496733,0.9679496733,0,0
0,0,0.3114970537,2.147020864,2,0
0,0,0.5022455855,1.907485318,1,0
0,0,0.7764552428,2.742096573,0,0
0,0,1.21373857,4.372833273,0,-1
1,1,1.805574165,5.918355954
0,0,0,0,2,0
0,0,-0.08868699001,-0.8868699001,2,0
0,0,-0.2679244648,-1.792374748,2,0
0,0,-0.565928178,-2.980037132,1,0
0,0,-0.9375899253,-3.716617473,0,0
0,0,-1.367955531,-4.30365606,1,-1
1,1,-1.938258631,-5.703031002
0,0,0,0,2,0
0,0,-0.07656830431,-0.7656830431,2,0
0,0,-0.2664639057,-1.898956014,1,0
0,0,-0.4861825141,-2.197186084,0,0
0,0,-0.7185615045,-2.323789904,0,0
0,0,-0.9881536935,-2.69592189,1,0
0,0,-1.378279605,-3.901259112,0,-1
1,1,-1.892329557,-5.140499521
0,0,0,0,1,0
0,0,-0.007647247421,-0.07647247421,1,0
0,0,-0.02364167573,-0.159944283,0,0
0,0,0.05191531526,0.7555699098,2,0
0,0,0.03357290838,-0.1834240687,1,0
0,0,0.0294679931,-0.04104915287,1,0
0,0,0.04063406448,0.1116607139,0,0
0,0,0.1482517098,1.076176453,2,0
0,0,0.2114328831,0.631811733,0,0
0,0,0.4115329663,2.001000833,1,0
0,0,0.6607266517,2.491936854,0,0
0,0,1.082499613,4.217729612,2,-1
1,1,1.597253572,5.14753959
0,0,0,0,0,0
0,0,0.1017405338,1.017405338,1,0
0,0,0.2334253144,1.316847807,1,0
0,0,0.3913784328,1.579531184,0,0
0,0,0.7003105631,3.089321303,2,0
0,0,1.054018473,3.537079104,2,0
0,0,1.488826576,4.348081029,2,-1
1,1,2.06191155,5.730849734
0,0,0,0,2,0
0,0,-0.08070223372,-0.8070223372,2,0
0,0,-0.2761383307,-1.95436097,0,0
0,0,-0.4261871381,-1.500488074,1,0
0,0,-0.644632476,-2.184453379,2,0
0,0,-1.025564291,-3.809318153,0,0
0,0,-1.488119793,-4.625555017,1,-1
1,1,-2.093788215,-6.056684223
0,0,0,0,1,0
0,0,-0.003351405368,-0.03351405368,2,0
0,0,-0.08426008504,-0.8090867967,2,0
0,0,-0.2560157188,-1.717556338,0,0
0,0,-0.3835458041,-1.275300853,0,0
0,0,-0.4814412502,-0.9789544613,0,0
0,0,-0.5824582511,-1.010170009,2,0
0,0,-0.8358343307,-2.533760797,0,0
0,0,-1.153043512,-3.172091812,0,-1
1,1,-1.571556804,-4.185132918
0,0,0,0,2,0
0,0,-0.08946090612,-0.8946090612,1,0
0,0,-0.1805905052,-0.911295991,2,0
0,0,-0.4026165144,-2.220260092,2,0
0,0,-0.7570767639,-3.544602495,0,0
0,0,-1.158814451,-4.017376874,2,-1
1,1,-1.719966064,-5.611516125
0,0,0,0,0,0
0,0,0.0799254288,0.799254288,2,0
0,0,0.09519137517,0.1526594638,2,0
0,0,0.04913520772,-0.4605616745,1,0
0,0,0.02467432826,-0.2446087946,2,0
0,0,-0.09908476815,-1.237590964,0,0
0,0,-0.1558475419,-0.5676277371,2,0
0,0,-0.3376729769,-1.818254351,2,0
0,0,-0.6643383729,-3.26665396,2,0
0,0,-1.149670272,-4.85331899,2,-1
1,1,-1.791517814,-6.418475418
0,0,0,0,0,0
0,0,0.08638962872,0.8638962872,2,0
0,0,0.0873676967,0.009780679829,0,0
0,0,0.1756884333,0.8832073662,0,0
0,0,0.3815065048,2.058180714,0,0
0,0,0.7421601515,3.606536467,0,0
0,0,1.255469301,5.133091492,0,-1
1,1,1.919529213,6.640599121
0,0,0,0,2,0
0,0,-0.09560995135,-0.9560995135,2,0
0,0,-0.285548761,-1.899388096,1,0
0,0,-0.5381596105,-2.526108495,1,0
0,0,-0.8638684829,-3.257088724,0,0
0,0,-1.256256305,-3.923878219,2,-1
1,1,-1.807354406,-5.510981008
0,0,0,0,0,0
0,0,0.09628715263,0.9628715263,1,0
0,0,0.1955961127,0.9930896003,0,0
0,0,0.4087572105,2.131610978,1,0
0,0,0.6923581724,2.836009619,1,0
0,0,1.069601512,3.772433394,0,-1
1,1,1.602621145,5.330196332
0,0,0,0,2,0
0,0,-0.09833148936,-0.9833148936,1,0
0,0,-0.2085942604,-1.102627711,2,0
0,0,-0.4307562933,-2.221620328,1,0
0,0,-0.7203958479,-2.896395546,0,0
0,0,-1.042643754,-3.222479063,2,0
0,0,-1.529212977,-4.86569223,1,-1
1,1,-2.16149102,-6.322780426
0,0,0,0,2,0
0,0,-0.1021071057,-1.021071057,1,0
0,0,-0.2313231667,-1.29216061,2,0
0,0,-0.479897385,-2.485742183,1,0
0,0,-0.7990509669,-3.19153582,0,0
0,0,-1.169985623,-3.709346562,0,-1
1,1,-1.641948602,-4.719629787
0,0,0,0,0,0
0,0,0.08693725756,0.8693725756,2,0
0,0,0.1141911543,0.2725389672,1,0
0,0,0.1684916804,0.5430052614,2,0
0,0,0.1533200593,-0.1517162115,2,0
0,0,0.07361590234,-0.7970415694,2,0
0,0,-0.09498869553,-1.686045979,0,0
0,0,-0.1953555439,-1.003668484,0,0
0,0,-0.2572688238,-0.6191327986,1,0
0,0,-0.3771284777,-1.198596539,2,0
0,0,-0.6274962476,-2.5036777,2,0
0,0,-1.036240314,-4.087440664,1,-1
1,1,-1.571390343,-5.351500291
0,0,0,0,1,0
0,0,0.01166432857,0.1166432857,0,0
0,0,0.1046435619,0.9297923335,2,0
0,0,0.1369893055,0.3234574353,2,0
0,0,0.108587273,-0.2840203242,0,0
0,0,0.1797831263,0.7119585327,0,0
0,0,0.3700606371,1.902775108,1,0
0,0,0.6321187,2.62058063,0,0
0,0,1.062841269,4.307225689,0,-1
1,1,1.645121362,5.822800931
0,0,0,0,2,0
0,0,-0.1023747327,-1.023747327,2,0
0,0,-0.3036058612,-2.012311285,1,0
0,0,-0.5454876773,-2.418818161,0,0
0,0,-0.7888042026,-2.433165253,2,0
0,0,-1.196767325,-4.079631229,0,-1
1,1,-1.703468694,-5.067013685
0,0,0,0,0,0
0,0,0.07275986449,0.7275986449,0,0
0,0,0.2483728724,1.75613008,2,0
0,0,0.3945080005,1.46135128,2,0
0,0,0.5268044174,1.322964169,2,0
0,0,0.6553408097,1.285363923,1,0
0,0,0.8926108597,2.3727005,1,0
0,0,1.252512975,3.599021152,1,-1
1,1,1.751606107,4.990931318
0,0,0,0,1,0
0,0,-0.00211268861,-0.0211268861,2,0
0,0,-0.1059949223,-1.038822337,2,0
0,0,-0.3015724547,-1.955775324,2,0
0,0,-0.6213327578,-3.197603031,0,0
0,0,-0.9580341459,-3.367013881,2,0
0,0,-1.450051336,-4.920171903,2,-1
1,1,-2.094429592,-6.443782556
0,0,0,0,1,0
0,0,0.01109796911,0.1109796911,1,0
0,0,0.03874215327,0.2764418416,1,0
0,0,0.07428972117,0.355475679,0,0
0,0,0.2082841845,1.339944634,2,0
0,0,0.2906308476,0.8234666308,2,0
0,0,0.3372833727,0.4665252512,0,0
0,0,0.5309844158,1.937010431,1,0
0,0,0.7949456136,2.639611978,1,0
0,0,1.177605767,3.826601533,0,-1
1,1,1.715302261,5.376964941
0,0,0,0,1,0
0,0,0.01288684681,0.1288684681,1,0
0,0,0.01830490398,0.05418057167,2,0
0,0,-0.06367274755,-0.8197765153,2,0
0,0,-0.2554642519,-1.917915043,1,0
0,0,-0.4850955695,-2.296313176,1,0
0,0,-0.7763324111,-2.912368416,0,0
0,0,-1.106703057,-3.303706463,2,-1
1,1,-1.607363266,-5.006602087
0,0,0,0,1,0
0,0,9.556123308e-05,0.0009556123308,2,0
0,0,-0.08648738365,-0.8658294488,2,0
0,0,-0.2690471126,-1.82559729,2,0
0,0,-0.5711667968,-3.021196841,0,0
0,0,-0.8861890089,-3.150222121,2,0
0,0,-1.366711432,-4.805224233,1,-1
1,1,-1.986469923,-6.197584906
0,0,0,0,1,0
0,0,-0.002507151728,-0.02507151728,2,0
0,0,-0.08725046541,-0.8474331368,0,0
0,0,-0.09506515923,-0.07814693822,1,0
0,0,-0.1262928999,-0.3122774062,0,0
0,0,-0.1065099797,0.1978292015,0,0
0,0,-0.0008482899562,1.056616897,1,0
0,0,0.1004321174,1.012804073,2,0
0,0,0.1360726242,0.3564050682,1,0
0,0,0.2009728445,0.6490022028,2,0
0,0,0.2102914932,0.09318648704,0,0
0,0,0.3518128951,1.415214019,2,0
0,0,0.4593654754,1.075525803,1,0
0,0,0.6328078676,1.734423922,2,0
0,0,0.8462756876,2.1346782,0,0
0,0,1.236999288,3.907236005,2,-1
1,1,1.733001262,4.960019742
0,0,0,0,2,0
0,0,-0.07902192846,-0.7902192846,1,0
0,0,-0.1783419533,-0.9932002484,2,0
0,0,-0.3951175076,-2.167755543,0,0
0,0,-0.5915684605,-1.964509529,0,0
0,0,-0.7945847954,-2.030163349,0,0
0,0,-1.051748955,-2.571641596,0,0
0,0,-1.395872652,-3.441236972,0,-1
1,1,-1.866787674,-4.709150218
0,0,0,0,1,0
0,0,-0.002218263538,-0.02218263538,0,0
0,0,0.07483966094,0.7705792448,1,0
0,0,0.165462555,0.9062289405,2,0
0,0,0.1993962332,0.3393367818,0,0
0,0,0.3453776009,1.459813677,0,0
0,0,0.61642706,2.710494591,2,0
0,0,0.9099445014,2.935174414,2,0
0,0,1.269408228,3.594637271,1,-1
1,1,1.76632571,4.969174815
0,0,0,0,1,0
0,0,0.01354388855,0.1354388855,2,0
0,0,-0.06593503615,-0.794789247,2,0
0,0,-0.2331712642,-1.67236228,2,0
0,0,-0.5193514969,-2.861802328,0,0
0,0,-0.8145185765,-2.951670796,2,0
0,0,-1.281446872,-4.669282958,1,-1
1,1,-1.880821112,-5.993742399
0,0,0,0,1,0
0,0,0.01705674696,0.1705674696,2,0
0,0,-0.05844796303,-0.7550470999,0,0
0,0,-0.0390573463,0.1939061673,2,0
0,0,-0.1134903424,-0.7443299611,1,0
0,0,-0.2032305231,-0.8974018069,2,0
0,0,-0.3965842869,-1.933537638,0,0
0,0,-0.5837804988,-1.871962119,2,0
0,0,-0.9331847797,-3.494042809,0,0
0,0,-1.350143639,-4.169588589,2,-1
1,1,-1.921981205,-5.718375662
0,0,0,0,2,0
0,0,-0.0747075911,-0.747075911,2,0
0,0,-0.266260108,-1.915525169,2,0
0,0,-0.57588936,-3.09629252,2,0
0,0,-1.039402719,-4.635133587,0,-1
1,1,-1.574530162,-5.351274433
0,0,0,0,1,0
0,0,-0.01423630695,-0.1423630695,1,0
0,0,-0.01574011416,-0.01503807205,2,0
0,0,-0.1085924681,-0.9285235395,1,0
0,0,-0.2369012169,-1.283087488,2,0
0,0,-0.4758330944,-2.389318775,2,0
0,0,-0.8735844588,-3.977513644,1,0
0,0,-1.380010125,-5.064256662,2,-1
1,1,-2.038805145,-6.5879502
0,0,0,0,0,0
0,0,0.08817488926,0.8817488926,0,0
0,0,0.2738149385,1.856400492,0,0
0,0,0.6030757155,3.292607771,2,0
0,0,0.9435901146,3.405143991,2,0
0,0,1.357519415,4.139293004,1,-1
1,1,1.908480262,5.509608474
0,0,0,0,1,0
0,0,0.001770506593,0.01770506593,2,0
0,0,-0.07100632963,-0.7277683622,2,0
0,0,-0.2263416904,-1.553353607,0,0
0,0,-0.3503087561,-1.239670657,2,0
0,0,-0.612067654,-2.617588979,2,0
0,0,-1.028712416,-4.166447618,1,0
0,0,-1.564008387,-5.352959707,1,-1
1,1,-2.24599719,-6.819888038
0,0,0,0,1,0
0,0,-0.004457943716,-0.04457943716,1,0
0,0,-0.01848691433,-0.1402897061,2,0
0,0,-0.1107448788,-0.9225796443,1,0
0,0,-0.2351177067,-1.243728279,0,0
0,0,-0.3288991677,-0.9378146108,1,0
0,0,-0.471294687,-1.423955193,2,0
0,0,-0.7678325068,-2.965378197,1,0
0,0,-1.178795477,-4.109629698,0,-1
1,1,-1.688749696,-5.099542196
0,0,0,0,2,0
0,0,-0.0941397135,-0.941397135,0,0
0,0,-0.1140914531,-0.1995173964,2,0
0,0,-0.2548075296,-1.407160765,2,0
0,0,-0.5165179262,-2.617103965,1,0
0,0,-0.8424673604,-3.259494342,1,0
0,0,-1.285517352,-4.430499916,2,-1
1,1,-1.888616247,-6.030988955
0,0,0,0,0,0
0,0,0.08912255692,0.8912255692,0,0
0,0,0.2943164093,2.051938524,1,0
0,0,0.5392970757,2.449806664,1,0
0,0,0.8529510478,3.136539721,2,0
0,0,1.221234289,3.682832416,2,-1
1,1,1.700423917,4.791896275
0,0,0,0,2,0
0,0,-0.07198963183,-0.7198963183,0,0
0,0,-0.05303145709,0.1895817475,2,0
0,0,-0.1308759805,-0.7784452346,1,0
0,0,-0.2353207448,-1.044447642,0,0
0,0,-0.2820232744,-0.4670252959,1,0
0,0,-0.3799499976,-0.9792672322,0,0
0,0,-0.4514234342,-0.7147343659,0,0
0,0,-0.5190161289,-0.6759269465,2,0
0,0,-0.7507823896,-2.317662608,1,0
0,0,-1.092819403,-3.420370131,2,-1
1,1,-1.591134594,-4.983151916
0,0,0,0,2,0
0,0,-0.1025880585,-1.025880585,1,0
0,0,-0.23277541,-1.301873515,2,0
0,0,-0.4783917759,-2.456163659,2,0
0,0,-0.8704254221,-3.920336462,2,0
0,0,-1.428650735,-5.582253132,1,-1
1,1,-2.12650046,-6.978497251
0,0,0,0,0,0
0,0,0.08343714555,0.8343714555,0,0
0,0,0.2839028069,2.004656613,2,0
0,0,0.461829263,1.779264562,0,0
0,0,0.785704503,3.2387524,0,0
0,0,1.259673492,4.739689893,0,-1
1,1,1.890165202,6.304917094
0,0,0,0,0,0
0,0,0.07623876266,0.7623876266,2,0
0,0,0.07691187007,0.006731074097,2,0
0,0,0.01751740409,-0.5939446598,2,0
0,0,-0.1432577446,-1.607751487,1,0
0,0,-0.3420776813,-1.988199367,0,0
0,0,-0.5242829929,-1.822053116,0,0
0,0,-0.7051206399,-1.80837647,0,0
0,0,-0.9152983762,-2.101777363,2,0
0,0,-1.294505532,-3.792071556,1,-1
1,1,-1.814176292,-5.196707606
0,0,0,0,1,0
0,0,0.005903788394,0.05903788394,0,0
0,0,0.08357486568,0.7767107728,2,0
0,0,0.09265783507,0.09082969389,1,0
0,0,0.1077492945,0.1509145941,2,0
0,0,0.05702949438,-0.507198001,1,0
0,0,0.02233204217,-0.3469745221,0,0
0,0,0.09587159883,0.7353955666,1,0
0,0,0.1926666496,0.9679505082,0,0
0,0,0.3967442228,2.040775732,0,0
0,0,0.7437087164,3.469644936,0,0
0,0,1.256320644,5.126119276,2,-1
1,1,1.877892349,6.215717054
0,0,0,0,1,0
0,0,-0.01129385055,-0.1129385055,1,0
0,0,-0.02931829846,-0.1802444792,1,0
0,0,-0.04170170508,-0.1238340661,1,0
0,0,-0.07871792101,-0.3701621593,2,0
0,0,-0.2031729688,-1.244550478,0,0
0,0,-0.2667388724,-0.6356590357,1,0
0,0,-0.3818557254,-1.151168531,0,0
0,0,-0.4883682193,-1.065124939,2,0
0,0,-0.7431135574,-2.547453381,0,0
0,0,-1.037552337,-2.944387794,1,0
0,0,-1.465119182,-4.275668449,2,-1
1,1,-2.044467676,-5.793484943
0,0,0,0,0,0
0,0,0.07385019239,0.7385019239,0,0
0,0,0.2368091909,1.629589985,1,0
0,0,0.4278467167,1.910375258,0,0
0,0,0.7528916454,3.250449287,1,0
0,0,1.185126297,4.322346521,0,-1
1,1,1.773100184,5.879738864
0,0,0,0,2,0
0,0,-0.08271541901,-0.8271541901,1,0
0,0,-0.1735841946,-0.9086877555,0,0
0,0,-0.2229761529,-0.4939195838,2,0
0,0,-0.4038230875,-1.808469346,0,0
0,0,-0.5846919424,-1.808688549,1,0
0,0,-0.8506568522,-2.659649099,2,0
0,0,-1.272171767,-4.215149146,2,-1
1,1,-1.850624929,-5.78453162
0,0,0,0,0,0
0,0,0.09149646468,0.9149646468,2,0
0,0,0.1023410321,0.1084456741,1,0
0,0,0.1236905247,0.2134949256,0,0
0,0,0.2364807712,1.127902465,2,0
0,0,0.3147256439,0.7824487274,1,0
0,0,0.4537745988,1.390489549,2,0
0,0,0.5956367531,1.418621543,0,0
0,0,0.9005263031,3.0488955,1,0
0,0,1.317610087,4.170837841,2,-1
1,1,1.853865934,5.36255847
0,0,0,0,1,0
0,0,0.01486076405,0.1486076405,2,0
0,0,-0.03877433527,-0.5363509932,1,0
0,0,-0.1162920461,-0.7751771086,2,0
0,0,-0.3170922122,-2.008001661,0,0
0,0,-0.4910241918,-1.739319796,0,0
0,0,-0.664466742,-1.734425502,1,0
0,0,-0.9277730179,-2.633062759,1,0
0,0,-1.300799637,-3.730266195,1,-1
1,1,-1.814068272,-5.132686342
0,0,0,0,1,0
0,0,-0.007250653982,-0.07250653982,1,0
0,0,-0.01986547339,-0.1261481941,0,0
0,0,0.04019245918,0.6005793257,1,0
0,0,0.09503534033,0.5484288115,1,0
0,0,0.1742979352,0.7926259484,0,0
0,0,0.3714550878,1.971571526,1,0
0,0,0.6259770362,2.545219484,2,0
0,0,0.9113468952,2.85369859,1,0
0,0,1.316886038,4.055391432,0,-1
1,1,1.881536422,5.646503839
0,0,0,0,2,0
0,0,-0.09483115805,-0.9483115805,0,0
0,0,-0.1076050305,-0.127738725,2,0
0,0,-0.2210649705,-1.1345994,2,0
0,0,-0.4505874122,-2.295224416,0,0
0,0,-0.6818628619,-2.312754498,0,0
0,0,-0.9514934693,-2.696306074,0,0
0,0,-1.303138091,-3.51644622,0,-1
1,1,-1.773802431,-4.706643393
0,0,0,0,1,0
0,0,-0.008953262798,-0.08953262798,2,0
0,0,-0.1228161186,-1.138628558,0,0
0,0,-0.1666448508,-0.438287322,1,0
0,0,-0.2407678191,-0.7412296826,1,0
0,0,-0.3717999311,-1.31032112,0,0
0,0,-0.4679370362,-0.9613710517,0,0
0,0,-0.5607420842,-0.9280504793,2,0
0,0,-0.8133596233,-2.526175392,2,0
0,0,-1.23979757,-4.264379469,1,-1
1,1,-1.798495819,-5.586982488
0,0,0,0,0,0
0,0,0.1058768502,1.058768502,2,0
0,0,0.1485755541,0.4269870392,1,0
0,0,0.2239882771,0.7541272303,2,0
0,0,0.2416266148,0.1763833765,0,0
0,0,0.3750987963,1.334721815,0,0
0,0,0.6388349235,2.637361272,1,0
0,0,1.007287396,3.684524722,0,0
0,0,1.540978584,5.336911884,0,-1
1,1,2.222663584,6.816850001
0,0,0,0,0,0
0,0,0.07942907982,0.7942907982,2,0
0,0,0.07290549966,-0.06523580157,2,0
0,0,0.006945784852,-0.6595971481,0,0
0,0,0.03558748574,0.2864170089,1,0
0,0,0.05489994693,0.1931246119,2,0
0,0,-0.002924081452,-0.5782402838,2,0
0,0,-0.138990288,-1.360662066,0,0
0,0,-0.200120423,-0.6113013498,1,0
0,0,-0.2914226928,-0.9130226976,0,0
0,0,-0.3360551925,-0.4463249974,2,0
0,0,-0.5265645837,-1.905093912,0,0
0,0,-0.7360364424,-2.094718587,2,0
0,0,-1.117519271,-3.81482829,0,-1
1,1,-1.595939746,-4.784204742
0,0,0,0,0,0
0,0,0.1016325047,1.016325047,2,0
0,0,0.1335085676,0.3187606284,0,0
0,0,0.2650861947,1.315776271,1,0
0,0,0.4288477165,1.637615218,0,0
0,0,0.7243633422,2.955156257,2,0
0,0,1.051616207,3.272528651,1,0
0,0,1.501744634,4.501284262,0,-1
1,1,2.100707993,5.989633591
0,0,0,0,1,0
0,0,0.006477059499,0.06477059499,2,0
0,0,-0.08094247035,-0.8741952985,1,0
0,0,-0.1981748488,-1.172323785,1,0
0,0,-0.3391631264,-1.409882776,0,0
0,0,-0.4461164704,-1.06953344,2,0
0,0,-0.6974686754,-2.51352205,2,0
0,0,-1.115635956,-4.181672806,1,-1
1,1,-1.661929375,-5.462934189
0,0,0,0,2,0
0,0,-0.07736227048,-0.7736227048,0,0
0,0,-0.08588482405,-0.08522553563,1,0
0,0,-0.09893081575,-0.130459917,1,0
0,0,-0.1181295187,-0.1919870299,0,0
0,0,-0.07198828492,0.4614123382,2,0
0,0,-0.1152962235,-0.4330793858,1,0
0,0,-0.1787206999,-0.634244764,0,0
0,0,-0.1820031981,-0.03282498179,0,0
0,0,-0.1467014353,0.353017628,2,0
0,0,-0.2084998256,-0.6179839031,2,0
0,0,-0.379320673,-1.708208474,2,0
0,0,-0.6908111633,-3.114904903,1,0
0,0,-1.098920426,-4.08109263,2,-1
1,1,-1.666752279,-5.678318523
0,0,0,0,2,0
0,0,-0.07425602361,-0.7425602361,2,0
0,0,-0.2436626147,-1.694065911,0,0
0,0,-0.3582823578,-1.146197431,1,0
0,0,-0.5190065539,-1.607241961,2,0
0,0,-0.8454107054,-3.264041514,1,0
0,0,-1.291338669,-4.459279632,2,-1
1,1,-1.892927101,-6.015884326
0,0,0,0,1,0
0,0,-0.003589954664,-0.03589954664,2,0
0,0,-0.08892423072,-0.8533427605,0,0
0,0,-0.09266054265,-0.03736311934,2,0
0,0,-0.1906150746,-0.9795453191,2,0
0,0,-0.3925534166,-2.01938342,1,0
0,0,-0.6513862498,-2.588328333,1,0
0,0,-1.013408767,-3.620225172,0,0
0,0,-1.460394313,-4.469855457,1,-1
1,1,-2.050858704,-5.904643909
0,0,0,0,2,0
0,0,-0.09810195464,-0.9810195464,1,0
0,0,-0.2045133586,-1.064114039,0,0
0,0,-0.263708367,-0.5919500838,2,0
0,0,-0.4549897521,-1.912813851,2,0
0,0,-0.7989365087,-3.439467566,1,0
0,0,-1.242530014,-4.435935052,0,-1
1,1,-1.789627999,-5.470979853
0,0,0,0,2,0
0,0,-0.0845964681,-0.845964681,1,0
0,0,-0.1852438301,-1.00647362,2,0
0,0,-0.3955420191,-2.10298189,2,0
0,0,-0.7552486031,-3.59706584,0,0
0,0,-1.149761722,-3.94513119,0,-1
1,1,-1.640471692,-4.907099696
0,0,0,0,1,0
0,0,0.009649340353,0.09649340353,2,0
0,0,-0.06126210406,-0.7091144441,2,0
0,0,-0.2283673003,-1.671051963,1,0
0,0,-0.4310117726,-2.026444722,0,0
0,0,-0.6096389751,-1.786272026,1,0
0,0,-0.8767697989,-2.671308238,1,0
0,0,-1.250894679,-3.741248803,2,-1
1,1,-1.787091045,-5.361963661
0,0,0,0,2,0
0,0,-0.08235882026,-0.8235882026,0,0
0,0,-0.1035285046,-0.2116968433,1,0
0,0,-0.1588957468,-0.553672422,0,0
0,0,-0.1510066468,0.07889099983,1,0
0,0,-0.1606111414,-0.09604494556,2,0
0,0,-0.2921484726,-1.315373312,2,0
0,0,-0.5600336439,-2.678851713,1,0
0,0,-0.9171670182,-3.571333743,2,0
0,0,-1.443803189,-5.266361713,2,-1
1,1,-2.120728934,-6.769257447
0,0,0,0,1,0
0,0,0.004365258236,0.04365258236,2,0
0,0,-0.0766714552,-0.8103671344,2,0
0,0,-0.2413865567,-1.647151015,2,0
0,0,-0.5226862719,-2.812997151,0,0
0,0,-0.821950513,-2.992642411,0,0
0,0,-1.176428499,-3.544779859,0,-1
1,1,-1.63378834,-4.573598412
0,0,0,0,1,0
0,0,0.0153627307,0.153627307,2,0
0,0,-0.06271431507,-0.7807704576,1,0
0,0,-0.16201153,-0.9929721491,0,0
0,0,-0.2102237876,-0.4821225759,0,0
0,0,-0.216881767,-0.06657979454,0,0
0,0,-0.1650626456,0.5181912145,0,0
0,0,-0.05514463215,1.099180134,2,0
0,0,-0.04587076809,0.09273864056,2,0
0,0,-0.1197889719,-0.7391820378,1,0
0,0,-0.2059548716,-0.8616589976,1,0
0,0,-0.3190607184,-1.131058468,2,0
0,0,-0.5586323813,-2.395716629,2,0
0,0,-0.9647322184,-4.06099837,1,0
0,0,-1.485421997,-5.206897788,0,-1
1,1,-2.143947506,-6.585255092
0,0,0,0,0,0
0,0,0.07618969858,0.7618969858,0,0
0,0,0.2631704819,1.869807833,0,0
0,0,0.5898731146,3.267026327,2,0
0,0,0.9285007118,3.386275972,0,0
0,0,1.424994798,4.964940862,0,-1
1,1,2.070989864,6.459950659
0,0,0,0,1,0
0,0,-0.01727783946,-0.1727783946,2,0
0,0,-0.1276031667,-1.103253273,1,0
0,0,-0.2592352374,-1.316320706,0,0
0,0,-0.3507631925,-0.9152795516,1,0
0,0,-0.4986533755,-1.478901829,1,0
0,0,-0.7309688114,-2.32315436,0,0
0,0,-1.002507292,-2.715384809,0,0
0,0,-1.355665082,-3.5315779,1,-1
1,1,-1.849619885,-4.939548023
0,0,0,0,0,0
0,0,0.07305779378,0.7305779378,1,0
0,0,0.1537704726,0.8071267878,2,0
0,0,0.1676255257,0.1385505314,1,0
0,0,0.2232037876,0.5557826186,2,0
0,0,0.2195375513,-0.03666236265,0,0
0,0,0.3422052215,1.226676702,0,0
0,0,0.587982157,2.457769354,2,0
0,0,0.838856624,2.50874467,1,0
0,0,1.210076819,3.712201951,0,-1
1,1,1.740071338,5.29994519
0,0,0,0,0,0
0,0,0.07519297605,0.7519297605,0,0
0,0,0.2405980461,1.6540507,2,0
0,0,0.3701062799,1.295082339,1,0
0,0,0.5660666487,1.959603688,1,0
0,0,0.841669143,2.756024943,0,0
0,0,1.288653638,4.469844949,1,-1
1,1,1.871119116,5.824654778
0,0,0,0,2,0
0,0,-0.07411233842,-0.7411233842,2,0
0,0,-0.241202231,-1.670898926,2,0
0,0,-0.5329023483,-2.917001172,1,0
0,0,-0.889320735,-3.564183867,2,0
0,0,-1.414023461,-5.247027259,1,-1
1,1,-2.075933738,-6.619102773
0,0,0,0,1,0
0,0,0.009042442057,0.09042442057,2,0
0,0,-0.06645416729,-0.7549660935,2,0
0,0,-0.2485331511,-1.820789838,0,0
0,0,-0.3815408603,-1.330077092,2,0
0,0,-0.665008624,-2.834677636,1,0
0,0,-1.044579957,-3.79571333,2,-1
1,1,-1.59114634,-5.465663834
0,0,0,0,0,0
0,0,0.07560259723,0.7560259723,1,0
0,0,0.1728931467,0.9729054949,1,0
0,0,0.3023052983,1.294121516,1,0
0,0,0.4711872938,1.688819955,0,0
0,0,0.7923345704,3.211472766,0,0
0,0,1.269173463,4.768388924,2,-1
1,1,1.859609424,5.904359614
0,0,0,0,0,0
0,0,0.09806635888,0.9806635888,2,0
0,0,0.132980395,0.349140361,0,0
0,0,0.2644417746,1.314613796,2,0
0,0,0.3471167614,0.8267498675,2,0
0,0,0.419045388,0.7192862659,1,0
0,0,0.5698076166,1.507622287,0,0
0,0,0.8861657299,3.163581132,2,0
0,0,1.25888346,3.727177301,0,-1
1,1,1.794230291,5.353468309
0,0,0,0,2,0
0,0,-0.07229473799,-0.7229473799,2,0
0,0,-0.2604623456,-1.881676076,2,0
0,0,-0.5916167882,-3.311544426,0,0
0,0,-0.9227544994,-3.311377113,0,0
0,0,-1.31854022,-3.957857208,2,-1
1,1,-1.868446472,-5.499062514
0,0,0,0,2,0
0,0,-0.0762754751,-0.762754751,1,0
0,0,-0.1642211747,-0.8794569959,1,0
0,0,-0.2935407394,-1.293195647,2,0
0,0,-0.571067929,-2.775271895,0,0
0,0,-0.8649398566,-2.938719276,2,0
0,0,-1.326234306,-4.612944499,0,-1
1,1,-1.907168171,-5.809338648
0,0,0,0,1,0
0,0,0.01252141463,0.1252141463,1,0
0,0,0.02402521071,0.1150379608,2,0
0,0,-0.0490463794,-0.7307159011,0,0
0,0,-0.0387197289,0.103266505,0,0
0,0,0.03779293939,0.7651266829,0,0
0,0,0.22001209,1.822191506,1,0
0,0,0.4438819023,2.238698123,2,0
0,0,0.646183992,2.023020897,0,0
0,0,1.00253763,3.563536385,1,0
0,0,1.4832821,4.807444698,0,-1
1,1,2.115233497,6.319513967
0,0,0,0,1,0
0,0,-0.01504106986,-0.1504106986,1,0
0,0,-0.03410299924,-0.1906192938,0,0
0,0,0.01685883635,0.5096183559,1,0
0,0,0.05709387392,0.4023503756,1,0
0,0,0.112200329,0.5510645509,2,0
0,0,0.1051431647,-0.07057164279,0,0
0,0,0.1879966475,0.8285348276,1,0
0,0,0.2898425981,1.018459506,1,0
0,0,0.4524771379,1.626345398,1,0
0,0,0.6964162373,2.439390994,2,0
0,0,0.9716431956,2.752269583,2,0
0,0,1.32055404,3.489108441,1,-1
1,1,1.806477994,4.859239544
0,0,0,0,0,0
0,0,0.09547246338,0.9547246338,0,0
0,0,0.2869995769,1.915271135,0,0
0,0,0.6101012874,3.231017105,0,0
0,0,1.090010495,4.799092078,0,-1
1,1,1.725583782,6.355732865
0,0,0,0,2,0
0,0,-0.1030161264,-1.030161264,1,0
0,0,-0.235009559,-1.319934326,2,0
0,0,-0.4764264292,-2.414168702,1,0
0,0,-0.7819415799,-3.055151507,1,0
0,0,-1.183293015,-4.013514347,2,-1
1,1,-1.744599638,-5.61306623
0,0,0,0,0,0
0,0,0.08236898843,0.8236898843,1,0
0,0,0.165568298,0.8319930956,2,0
0,0,0.1830471661,0.1747886809,2,0
0,0,0.1502754878,-0.3277167829,2,0
0,0,0.05081566872,-0.9945981908,1,0
0,0,-0.04139158517,-0.9220725389,0,0
0,0,-0.05159825957,-0.1020667439,0,0
0,0,0.0169387547,0.6853701427,0,0
0,0,0.1884566853,1.715179307,0,0
0,0,0.466558735,2.781020497,1,0
0,0,0.8285142996,3.619555646,1,0
0,0,1.304850583,4.763362835,0,-1
1,1,1.933402623,6.285520404
0,0,0,0,2,0
0,0,-0.07888494686,-0.7888494686,2,0
0,0,-0.2611529903,-1.822680435,0,0
0,0,-0.4041844664,-1.43031476,0,0
0,0,-0.5231193118,-1.189348454,2,0
0,0,-0.7928324626,-2.697131508,0,0
0,0,-1.119221271,-3.263888082,0,0
0,0,-1.536069638,-4.168483673,2,-1
1,1,-2.10152485,-5.654552121
0,0,0,0,0,0
0,0,0.08100531683,0.8100531683,0,0
0,0,0.2493518809,1.68346564,2,0
0,0,0.3702524475,1.209005666,2,0
0,0,0.4816685139,1.114160664,0,0
0,0,0.7567965845,2.751280706,0,0
0,0,1.185025343,4.282287589,0,-1
1,1,1.768368575,5.833432313
0,0,0,0,2,0
0,0,-0.08630491961,-0.8630491961,2,0
0,0,-0.2766967448,-1.903918252,2,0
0,0,-0.580561295,-3.038645502,0,0
0,0,-0.9054853408,-3.249240458,1,0
0,0,-1.341384295,-4.358989546,0,-1
1,1,-1.898734262,-5.57349967
0,0,0,0,2,0
0,0,-0.09043601201,-0.9043601201,2,0
0,0,-0.2963297428,-2.058937308,0,0
0,0,-0.4543015944,-1.579718516,2,0
0,0,-0.7733645119,-3.190629175,0,0
0,0,-1.13726407,-3.638995585,0,-1
1,1,-1.60275088,-4.654868093
0,0,0,0,1,0
0,0,0.01708585069,0.1708585069,2,0
0,0,-0.05208299685,-0.6916884754,1,0
0,0,-0.1369205875,-0.8483759063,1,0
0,0,-0.2429693966,-1.060488091,2,0
0,0,-0.4703212674,-2.273518708,2,0
0,0,-0.8475218566,-3.772005893,1,0
0,0,-1.335677104,-4.881552473,2,-1
1,1,-1.97488664,-6.392095357
0,0,0,0,2,0
0,0,-0.07888266727,-0.7888266727,2,0
0,0,-0.2758536358,-1.969709685,0,0
0,0,-0.4394948465,-1.636412108,1,0
0,0,-0.6874697931,-2.479749465,1,0
0,0,-1.025509035,-3.380392415,1,0
0,0,-1.483117477,-4.576084425,0,-1
1,1,-2.079195608,-5.960781305
0,0,0,0,2,0
0,0,-0.0835962387,-0.835962387,1,0
0,0,-0.1746737465,-0.9107750778,1,0
0,0,-0.2843366345,-1.09662888,0,0
0,0,-0.3418038265,-0.5746719197,0,0
0,0,-0.3894146378,-0.4761081128,2,0
0,0,-0.5947393519,-2.053247142,2,0
0,0,-0.9495719412,-3.548325893,1,0
0,0,-1.416755006,-4.671830652,0,-1
1,1,-2.015161533,-5.984065269
0,0,0,0,0,0
0,0,0.0895168182,0.895168182,2,0
0,0,0.09925458002,0.09737761824,1,0
0,0,0.1167260825,0.1747150246,0,0
0,0,0.2487792744,1.32053192,0,0
0,0,0.5056696128,2.568903384,1,0
0,0,0.8482879132,3.426183003,1,0
0,0,1.296723667,4.484357534,1,-1
1,1,1.882404102,5.856804359
0,0,0,0,2,0
0,0,-0.07535783852,-0.7535783852,0,0
0,0,-0.08776363355,-0.1240579504,0,0
0,0,-0.02130697453,0.6645665902,1,0
0,0,0.0401791415,0.6148611604,0,0
0,0,0.2019217412,1.617425997,0,0
0,0,0.4837640121,2.818422708,0,0
0,0,0.9220777101,4.38313698,2,0
0,0,1.429343207,5.072654967,2,-1
1,1,2.065452347,6.361091404
0,0,0,0,1,0
0,0,0.01456364911,0.1456364911,2,0
0,0,-0.06093376528,-0.7549741438,1,0
0,0,-0.1371900459,-0.7625628067,0,0
0,0,-0.1585519627,-0.2136191671,1,0
0,0,-0.1983483787,-0.3979641605,2,0
0,0,-0.3422829521,-1.439345734,1,0
0,0,-0.5413632056,-1.990802535,0,0
0,0,-0.7633185125,-2.219553069,0,0
0,0,-1.022747652,-2.594291395,1,0
0,0,-1.408445751,-3.856980989,0,-1
1,1,-1.925624838,-5.171790874
0,0,0,0,2,0
0,0,-0.09032670012,-0.9032670012,0,0
0,0,-0.1173391976,-0.2701249748,0,0
0,0,-0.08888264686,0.2845655074,2,0
0,0,-0.1514404796,-0.6255783273,1,0
0,0,-0.2456883167,-0.9424783715,0,0
0,0,-0.305011311,-0.593229943,0,0
0,0,-0.3187160172,-0.1370470619,1,0
0,0,-0.4008030914,-0.8208707421,0,0
0,0,-0.466929685,-0.6612659354,0,0
0,0,-0.5188108276,-0.518811426,1,0
0,0,-0.6397008862,-1.208900586,0,0
0,0,-0.7877637878,-1.480629016,1,0
0,0,-1.055928867,-2.68165079,2,0
0,0,-1.483469825,-4.275409581,2,-1
1,1,-2.06094276,-5.774729353
0,0,0,0,1,0
0,0,0.01652257587,0.1652257587,0,0
0,0,0.1274983768,1.109758009,1,0
0,0,0.2523915888,1.24893212,2,0
0,0,0.3516221363,0.9923054756,1,0
0,0,0.5186713822,1.670492459,1,0
0,0,0.7684829971,2.498116149,2,0
0,0,1.070270393,3.017873958,0,0
0,0,1.539563934,4.692935407,1,-1
1,1,2.155192421,6.156284873
0,0,0,0,0,0
0,0,0.1054618072,1.054618072,1,0
0,0,0.2340911428,1.286293356,1,0
0,0,0.4120692755,1.779781327,1,0
0,0,0.6486305206,2.365612451,2,0
0,0,0.9015095697,2.528790491,0,0
0,0,1.315371977,4.138624072,0,-1
1,1,1.884578941,5.692069641
0,0,0,0,2,0
0,0,-0.08645245352,-0.8645245352,1,0
0,0,-0.1912501824,-1.047977289,2,0
0,0,-0.4090969007,-2.178467183,0,0
0,0,-0.6251885595,-2.160916588,0,0
0,0,-0.8741630042,-2.489744448,2,0
0,0,-1.289403064,-4.152400597,0,-1
1,1,-1.821142063,-5.317389986
0,0,0,0,1,0
0,0,-0.01751160389,-0.1751160389,2,0
0,0,-0.141411009,-1.238994051,2,0
0,0,-0.370859613,-2.29448604,2,0
0,0,-0.7437806515,-3.729210386,1,0
0,0,-1.212770241,-4.689895899,0,-1
1,1,-1.78450466,-5.717344181
0,0,0,0,0,0
0,0,0.1055617122,1.055617122,2,0
0,0,0.1564228148,0.5086110259,2,0
0,0,0.1440497205,-0.123730943,0,0
0,0,0.2287572404,0.8470751996,0,0
0,0,0.424621728,1.958644876,2,0
0,0,0.5995191426,1.748974147,0,0
0,0,0.9207106459,3.211915033,0,0
0,0,1.406384424,4.856737781,1,-1
1,1,2.032464175,6.260797512
0,0,0,0,1,0
0,0,-0.005693121855,-0.05693121855,1,0
0,0,-0.002353284613,0.03339837242,2,0
0,0,-0.1051899538,-1.028366692,1,0
0,0,-0.2150007829,-1.098108291,2,0
0,0,-0.4468222489,-2.31821466,0,0
0,0,-0.6595290571,-2.127068082,0,0
0,0,-0.9142487969,-2.547197398,0,0
0,0,-1.233920046,-3.196712493,0,-1
1,1,-1.663118496,-4.291984499
0,0,0,0,2,0
0,0,-0.07839163254,-0.7839163254,1,0
0,0,-0.182839224,-1.044475915,0,0
0,0,-0.2180327059,-0.351934819,2,0
0,0,-0.3608976475,-1.428649416,0,0
0,0,-0.4773351326,-1.164374851,1,0
0,0,-0.6685188187,-1.911836861,0,0
0,0,-0.9038388368,-2.353200181,2,0
0,0,-1.304377605,-4.005387682,0,-1
1,1,-1.820444932,-5.160673275
0,0,0,0,2,0
0,0,-0.1003120886,-1.003120886,1,0
0,0,-0.2139258244,-1.136137358,0,0
0,0,-0.2668516807,-0.5292585631,2,0
0,0,-0.4430648039,-1.762131232,2,0
0,0,-0.7546102755,-3.115454716,1,0
0,0,-1.156405656,-4.01795381,0,-1
1,1,-1.652079327,-4.956736702
0,0,0,0,0,0
0,0,0.08445741845,0.8445741845,1,0
0,0,0.1754349404,0.9097752191,0,0
0,0,0.3959578922,2.205229519,2,0
0,0,0.5880294735,1.920715813,1,0
0,0,0.8552786588,2.672491853,1,0
0,0,1.242174851,3.868961927,2,-1
1,1,1.74179305,4.996181982
0,0,0,0,1,0
0,0,0.008225410174,0.08225410174,1,0
0,0,0.03312667127,0.249012611,0,0
0,0,0.1573437828,1.242171115,2,0
0,0,0.2109791035,0.5363532071,2,0
0,0,0.1992094269,-0.117696766,0,0
0,0,0.2911446075,0.9193518066,0,0
0,0,0.5271406356,2.35996028,0,0
0,0,0.9046748164,3.775341808,0,0
0,0,1.445093068,5.404182512,1,-1
1,1,2.124837234,6.79744166
0,0,0,0,0,0
0,0,0.1052167955,1.052167955,2,0
0,0,0.1451979992,0.3998120371,0,0
0,0,0.3080386468,1.628406476,0,0
0,0,0.6135806018,3.05541955,2,0
0,0,0.9331462535,3.195656518,2,0
0,0,1.319070368,3.859241142,1,-1
1,1,1.845441008,5.263706401
0,0,0,0,1,0
0,0,0.004653638898,0.04653638898,0,0
0,0,0.09099931643,0.8634567754,0,0
0,0,0.2895626695,1.98563353,1,0
0,0,0.542442104,2.528794346,0,0
0,0,0.9345022533,3.920601492,2,0
0,0,1.391421586,4.569193325,2,-1
1,1,1.974213488,5.827919028
0,0,0,0,0,0
0,0,0.1017309155,1.017309155,0,0
0,0,0.3054173963,2.036864808,2,0
0,0,0.487094741,1.816773447,1,0
0,0,0.7528864939,2.657917528,1,0
0,0,1.129423743,3.765372496,1,-1
1,1,1.639462038,5.100382947
0,0,0,0,0,0
0,0,0.08503243236,0.8503243236,2,0
0,0,0.1128413608,0.2780892842,0,0
0,0,0.2370955533,1.242541925,0,0
0,0,0.500157369,2.630618157,0,0
0,0,0.9265280599,4.26370691,2,0
0,0,1.423817797,4.972897375,2,-1
1,1,2.05089268,6.270748831
0,0,0,0,0,0
0,0,0.07986006278,0.7986006278,0,0
0,0,0.252142888,1.722828252,1,0
0,0,0.474095425,2.21952537,0,0
0,0,0.8390627729,3.64967348,0,0
0,0,1.365158403,5.260956301,2,-1
1,1,2.014892176,6.497337731
0,0,0,0,0,0
0,0,0.1034251018,1.034251018,0,0
0,0,0.3040685519,2.0064345,2,0
0,0,0.4680575933,1.639890414,2,0
0,0,0.6211841555,1.531265622,2,0
0,0,0.8074391825,1.86255027,2,0
0,0,1.052471327,2.450321445,2,0
0,0,1.382226811,3.29755484,1,-1
1,1,1.854176894,4.719500826
0,0,0,0,0,0
0,0,0.09899620156,0.9899620156,1,0
0,0,0.2152529552,1.162567536,1,0
0,0,0.3682507615,1.529978063,0,0
0,0,0.6662183886,2.979676272,0,0
0,0,1.109765249,4.435468604,2,-1
1,1,1.647481948,5.377166986
0,0,0,0,1,0
0,0,0.01714404619,0.1714404619,1,0
0,0,0.05135752436,0.3421347818,2,0
0,0,0.01912629021,-0.3223123415,2,0
0,0,-0.105652188,-1.247784782,1,0
0,0,-0.2318208699,-1.261686819,1,0
0,0,-0.409369648,-1.77548778,0,0
0,0,-0.5649197947,-1.555501467,2,0
0,0,-0.8639411817,-2.990213871,1,0
0,0,-1.280163367,-4.162221852,0,-1
1,1,-1.811236632,-5.31073265
0,0,0,0,0,0
0,0,0.0836229065,0.836229065,0,0
0,0,0.2660328692,1.824099627,1,0
0,0,0.4811724815,2.151396123,0,0
0,0,0.8466037833,3.654313018,1,0
0,0,1.320706863,4.741030797,0,-1
1,1,1.948106721,6.273998576
0,0,0,0,1,0
0,0,0.005895759392,0.05895759392,1,0
0,0,0.001149898694,-0.04745860698,0,0
0,0,0.06951721139,0.683673127,2,0
0,0,0.06518811483,-0.04329096569,2,0
0,0,-0.01845553952,-0.8364365434,1,0
0,0,-0.1201953088,-1.017397693,1,0
0,0,-0.2506601832,-1.304648744,0,0
0,0,-0.335984673,-0.8532448976,1,0
0,0,-0.463855642,-1.278709691,0,0
0,0,-0.5745248671,-1.10669225,1,0
0,0,-0.7803536104,-2.058287433,1,0
0,0,-1.090778911,-3.104253011,2,0
0,0,-1.566260862,-4.754819504,0,-1
1,1,-2.18825238,-6.219915179
0,0,0,0,2,0
0,0,-0.09235187015,-0.9235187015,0,0
0,0,-0.1207195915,-0.2836772132,2,0
0,0,-0.2516773915,-1.309578,2,0
0,0,-0.5158801449,-2.642027534,1,0
0,0,-0.8470510064,-3.311708615,2,0
0,0,-1.333706978,-4.866559719,0,-1
1,1,-1.940533607,-6.068266287
0,0,0,0,0,0
0,0,0.1018284216,1.018284216,2,0
0,0,0.1371300069,0.3530158532,1,0
0,0,0.1993041695,0.6217416259,0,0
0,0,0.3737482248,1.744440553,0,0
0,0,0.6740712844,3.003230596,0,0
0,0,1.128157197,4.540859124,2,-1
1,1,1.67286795,5.447107535
0,0,0,0,0,0
0,0,0.1048923453,1.048923453,1,0
0,0,0.2196140426,1.147216972,0,0
0,0,0.4428674674,2.232534248,2,0
0,0,0.6449174411,2.020499738,1,0
0,0,0.9529339108,3.080164697,2,0
0,0,1.335606607,3.826726961,2,-1
1,1,1.840804799,5.051981925
0,0,0,0,0,0
0,0,0.08455518635,0.8455518635,2,0
0,0,0.08906818118,0.04512994839,0,0
0,0,0.1876233421,0.9855516091,0,0
0,0,0.3897747478,2.021514057,0,0
0,0,0.719495409,3.297206612,2,0
0,0,1.085820262,3.663248527,2,0
0,0,1.549019807,4.631995451,2,-1
1,1,2.156689832,6.076700257
0,0,0,0,1,0
0,0,-0.0173899511,-0.173899511,0,0
0,0,0.03294072392,0.5033067502,1,0
0,0,0.09771174255,0.6477101863,0,0
0,0,0.2705369501,1.728252076,0,0
0,0,0.5609923541,2.90455404,2,0
0,0,0.8539488125,2.929564584,0,0
0,0,1.318234556,4.642857433,0,-1
1,1,1.93622026,6.179857046
0,0,0,0,1,0
0,0,-0.01624542446,-0.1624542446,2,0
0,0,-0.1372877822,-1.210423577,2,0
0,0,-0.364567674,-2.272798919,2,0
0,0,-0.732216516,-3.67648842,0,0
0,0,-1.139770412,-4.075538959,1,-1
1,1,-1.680957644,-5.411872322
0,0,0,0,1,0
0,0,-0.0131265767,-0.131265767,0,0
0,0,0.07198382059,0.851103973,0,0
0,0,0.2415971262,1.696133056,0,0
0,0,0.5458297024,3.042325762,0,0
0,0,0.9997711884,4.53941486,2,0
0,0,1.520083335,5.203121465,1,-1
1,1,2.185243057,6.651597225
0,0,0,0,1,0
0,0,-0.002398204695,-0.02398204695,1,0
0,0,-0.01465728453,-0.1225907984,2,0
0,0,-0.1057245083,-0.9106722379,1,0
0,0,-0.2149688948,-1.092443865,0,0
0,0,-0.2768234716,-0.6185457683,1,0
0,0,-0.3872001526,-1.10376681,1,0
0,0,-0.5472726549,-1.600725023,2,0
0,0,-0.8545337554,-3.072611005,2,0
0,0,-1.331635807,-4.771020513,0,-1
1,1,-1.927847675,-5.96211868
0,0,0,0,1,0
0,0,0.01245159492,0.1245159492,2,0
0,0,-0.07830767852,-0.9075927344,2,0
0,0,-0.2632713638,-1.849636853,0,0
0,0,-0.4197849564,-1.565135925,2,0
0,0,-0.7145392744,-2.947543181,2,0
0,0,-1.161942214,-4.474029394,1,-1
1,1,-1.735018151,-5.730759369
0,0,0,0,2,0
0,0,-0.09855516926,-0.9855516926,1,0
0,0,-0.2056840871,-1.071289179,2,0
0,0,-0.4221821,-2.164980128,1,0
0,0,-0.7052451517,-2.830630517,2,0
0,0,-1.159021369,-4.537762172,0,-1
1,1,-1.706910035,-5.47888666
0,0,0,0,1,0
0,0,0.01676501009,0.1676501009,0,0
0,0,0.1075392815,0.9077427145,0,0
0,0,0.3013630523,1.938237707,2,0
0,0,0.447557785,1.461947327,2,0
0,0,0.6028505901,1.552928052,1,0
0,0,0.859633073,2.567824829,2,0
0,0,1.167407079,3.077740061,1,-1
1,1,1.604773144,4.373660648
0,0,0,0,1,0
0,0,0.008764637597,0.08764637597,2,0
0,0,-0.06705949831,-0.7582413591,1,0
0,0,-0.1400331577,-0.7297365937,1,0
0,0,-0.2371588035,-0.971256458,2,0
0,0,-0.4595011661,-2.223423626,1,0
0,0,-0.7624815926,-3.029804265,2,0
0,0,-1.232006672,-4.695250799,1,-1
1,1,-1.833850261,-6.01843589
0,0,0,0,0,0
0,0,0.0830899586,0.830899586,0,0
0,0,0.2754044867,1.923145281,1,0
0,0,0.4992257273,2.238212406,0,0
0,0,0.8675042521,3.682785248,0,0
0,0,1.392593348,5.250890963,0,-1
1,1,2.066532743,6.739393943
0,0,0,0,2,0
0,0,-0.07964084453,-0.7964084453,2,0
0,0,-0.2466040087,-1.669631641,1,0
0,0,-0.4675886354,-2.209846267,0,0
0,0,-0.6914972399,-2.239086045,1,0
0,0,-1.009496785,-3.17999545,1,0
0,0,-1.458101544,-4.486047588,2,-1
1,1,-2.057396185,-5.992946416
0,0,0,0,1,0
0,0,0.003706979179,0.03706979179,1,0
0,0,0.008259311743,0.04552332565,1,0
0,0,0.0182000713,0.09940759556,0,0
0,0,0.1028873334,0.846872621,0,0
0,0,0.2845328432,1.816455098,1,0
0,0,0.5049207631,2.203879199,2,0
0,0,0.742253471,2.373327078,2,0
0,0,1.01928114,2.770276693,0,0
0,0,1.469646235,4.503650949,2,-1
1,1,2.056317054,5.866708189
0,0,0,0,0,0
0,0,0.1001110271,1.001110271,2,0
0,0,0.1373417004,0.3723067329,0,0
0,0,0.2882992809,1.509575806,0,0
0,0,0.5854077233,2.971084424,1,0
0,0,0.9559581931,3.705504698,0,0
0,0,1.494427157,5.38468964,2,-1
1,1,2.171404092,6.769769353
