2,1,1
0,0,0,0,2,0
0,0,-0.07841703315,-0.7841703315,1,0
0,0,-0.1537598108,-0.7534277761,2,0
0,0,-0.3446993127,-1.90939502,2,0
0,0,-0.6716572604,-3.269579476,0,0
0,0,-1.026314275,-3.546570151,2,0
0,0,-1.541271756,-5.149574805,1,-1
1,1,-2.202300076,-6.610283205
0,0,0,0,2,0
0,0,-0.1052457407,-1.052457407,2,0
0,0,-0.3321384832,-2.268927425,0,0
0,0,-0.5432719932,-2.1113351,1,0
0,0,-0.8349358028,-2.916638096,0,0
0,0,-1.17829058,-3.433547769,0,-1
1,1,-1.620447264,-4.421566845
0,0,0,0,2,0
0,0,-0.1048181257,-1.048181257,0,0
0,0,-0.1402241202,-0.3540599451,0,0
0,0,-0.1066401423,0.3358397785,2,0
0,0,-0.1733773247,-0.6673718239,0,0
0,0,-0.1669506081,0.06426716636,0,0
0,0,-0.1128067102,0.5414389787,0,0
0,0,0.0143983305,1.272050407,0,0
0,0,0.2209377819,2.065394514,0,0
0,0,0.5425112584,3.215734766,0,0
0,0,1.02582461,4.833133515,1,-1
1,1,1.623797582,5.979729724
0,0,0,0,0,0
0,0,0.1055649723,1.055649723,1,0
0,0,0.2410732842,1.35508312,0,0
0,0,0.5140717825,2.729984983,0,0
0,0,0.9262243127,4.121525302,1,0
0,0,1.450081765,5.238574527,1,-1
1,1,2.11419396,6.641121947
0,0,0,0,0,0
0,0,0.1007073691,1.007073691,2,0
0,0,0.1144870263,0.137796572,2,0
0,0,0.04947773339,-0.6500929294,2,0
0,0,-0.101394904,-1.508726374,1,0
0,0,-0.2672545327,-1.658596286,2,0
0,0,-0.5777793762,-3.105248435,1,0
0,0,-0.9593321871,-3.815528109,2,0
0,0,-1.509456904,-5.501247165,0,-1
1,1,-2.199316024,-6.898591205
0,0,0,0,0,0
0,0,0.07505516318,0.7505516318,2,0
0,0,0.07009472891,-0.04960434274,1,0
0,0,0.09275853089,0.2266380198,1,0
0,0,0.1403531022,0.4759457131,2,0
0,0,0.1130038975,-0.2734920472,2,0
0,0,0.0108848216,-1.021190759,1,0
0,0,-0.09960680086,-1.104916225,0,0
0,0,-0.1358957771,-0.3628897623,1,0
0,0,-0.2017079795,-0.6581220242,0,0
0,0,-0.2264081518,-0.2470017223,1,0
0,0,-0.2789590491,-0.5255089732,1,0
0,0,-0.3896276172,-1.106685682,0,0
0,0,-0.4802102269,-0.9058260967,2,0
0,0,-0.7253973438,-2.451871169,2,0
0,0,-1.134411333,-4.090139892,2,-1
1,1,-1.704499593,-5.700882601
0,0,0,0,1,0
0,0,0.01284231071,0.1284231071,0,0
0,0,0.1265121051,1.136697944,0,0
0,0,0.3579131635,2.314010584,0,0
0,0,0.7175475254,3.596343618,1,0
0,0,1.180485135,4.629376099,0,-1
1,1,1.797121232,6.166360965
0,0,0,0,2,0
0,0,-0.08489212264,-0.8489212264,1,0
0,0,-0.1978545171,-1.129623945,1,0
0,0,-0.338415889,-1.405613719,2,0
0,0,-0.6091026018,-2.706867128,1,0
0,0,-0.9670406803,-3.579380785,2,0
0,0,-1.480618465,-5.135777848,0,-1
1,1,-2.131293553,-6.506750878
0,0,0,0,1,0
0,0,0.0003646741236,0.003646741236,2,0
0,0,-0.09703297593,-0.9739765005,0,0
0,0,-0.1062461657,-0.09213189734,0,0
0,0,-0.04331408692,0.6293207874,0,0
0,0,0.101278282,1.445923689,1,0
0,0,0.2650335466,1.637552647,0,0
0,0,0.5461532276,2.811196809,2,0
0,0,0.8375331995,2.91379972,1,0
0,0,1.24657928,4.090460801,2,-1
1,1,1.76223432,5.156550406
0,0,0,0,2,0
0,0,-0.09868250833,-0.9868250833,1,0
0,0,-0.2301071095,-1.314246012,2,0
0,0,-0.48525477,-2.551476604,0,0
0,0,-0.7341478737,-2.488931037,2,0
0,0,-1.141606634,-4.074587602,0,-1
1,1,-1.64973097,-5.081243363
0,0,0,0,2,0
0,0,-0.07088257572,-0.7088257572,1,0
0,0,-0.1577218509,-0.8683927519,1,0
0,0,-0.2652591388,-1.075372879,1,0
0,0,-0.4109842541,-1.457251153,0,0
0,0,-0.5345924646,-1.236082105,2,0
0,0,-0.8193330588,-2.847405942,0,0
0,0,-1.151607426,-3.32274367,2,-1
1,1,-1.645126857,-4.935194313
0,0,0,0,0,0
0,0,0.07852139585,0.7852139585,2,0
0,0,0.08593095153,0.07409555686,2,0
0,0,0.02785964901,-0.5807130253,2,0
0,0,-0.09679445124,-1.246541002,2,0
0,0,-0.3174901948,-2.206957436,2,0
0,0,-0.6836313812,-3.661411864,2,0
0,0,-1.206105803,-5.224744219,0,-1
1,1,-1.828686313,-6.2258051
0,0,0,0,1,0
0,0,0.002777715061,0.02777715061,0,0
0,0,0.09938776284,0.9661004778,0,0
0,0,0.2864567832,1.870690204,2,0
0,0,0.4343216837,1.478649005,1,0
0,0,0.6486784099,2.143567262,2,0
0,0,0.8853470916,2.366686817,1,0
0,0,1.233615151,3.482680596,2,-1
1,1,1.69263398,4.590188292
0,0,0,0,0,0
0,0,0.08126879831,0.8126879831,1,0
0,0,0.1730510836,0.9178228533,2,0
0,0,0.2136693073,0.4061822364,2,0
0,0,0.1974008285,-0.1626847877,0,0
0,0,0.3024075877,1.050067591,2,0
0,0,0.3799140291,0.7750644147,2,0
0,0,0.4393665254,0.5945249629,1,0
0,0,0.5566782491,1.173117237,1,0
0,0,0.7629055969,2.062273478,0,0
0,0,1.132270236,3.69364639,0,-1
1,1,1.658310916,5.260406805
0,0,0,0,1,0
0,0,-0.005350543611,-0.05350543611,1,0
0,0,-0.0150266743,-0.09676130689,2,0
0,0,-0.1280429875,-1.130163132,1,0
0,0,-0.2676447388,-1.396017514,2,0
0,0,-0.5482298888,-2.8058515,1,0
0,0,-0.9079420013,-3.597121125,0,0
0,0,-1.324918833,-4.169768319,0,-1
1,1,-1.863214219,-5.382953856
0,0,0,0,0,0
0,0,0.08146001851,0.8146001851,1,0
0,0,0.1684888706,0.870288521,2,0
0,0,0.1970572516,0.2856838102,2,0
0,0,0.1640174704,-0.3303978126,0,0
0,0,0.2565314756,0.925140052,2,0
0,0,0.3093343577,0.5280288211,1,0
0,0,0.4176003445,1.082659868,1,0
0,0,0.6007496658,1.831493213,2,0
0,0,0.7923513568,1.916016909,1,0
0,0,1.095082471,3.027311144,0,0
0,0,1.563420778,4.683383068,2,-1
1,1,2.178058288,6.146375099
0,0,0,0,2,0
0,0,-0.07191822393,-0.7191822393,2,0
0,0,-0.2396653881,-1.677471641,1,0
0,0,-0.4340077613,-1.943423732,0,0
0,0,-0.6252418775,-1.912341162,0,0
0,0,-0.8382945375,-2.1305266,1,0
0,0,-1.159070403,-3.20775865,1,-1
1,1,-1.612058433,-4.529880309
0,0,0,0,1,0
0,0,-0.01405012627,-0.1405012627,1,0
0,0,-0.04291009635,-0.2885997008,0,0
0,0,0.005249651715,0.4815974806,1,0
0,0,0.06331892533,0.5806927362,1,0
0,0,0.1341178734,0.7079894811,2,0
0,0,0.1496287,0.155108266,2,0
0,0,0.09706875035,-0.5255994969,2,0
0,0,-0.02233661375,-1.194053641,1,0
0,0,-0.1483065273,-1.259699135,1,0
0,0,-0.2819875823,-1.33681055,1,0
0,0,-0.4631194846,-1.811319024,2,0
0,0,-0.8005859187,-3.374664341,1,0
0,0,-1.245824938,-4.452390193,1,-1
1,1,-1.82654267,-5.807177321
0,0,0,0,0,0
0,0,0.09557433045,0.9557433045,1,0
0,0,0.2212578497,1.256835192,2,0
0,0,0.296995015,0.7573716531,2,0
0,0,0.35179638,0.5480136499,2,0
0,0,0.3982938794,0.4649749939,1,0
0,0,0.5142138416,1.159199622,0,0
0,0,0.7744047174,2.601908759,0,0
0,0,1.194787047,4.203823293,1,-1
1,1,1.744055111,5.492680647
0,0,0,0,0,0
0,0,0.07190128366,0.7190128366,1,0
0,0,0.163866298,0.9196501435,1,0
0,0,0.2789925106,1.151262126,1,0
0,0,0.4505064502,1.715139397,1,0
0,0,0.698597227,2.480907768,1,0
0,0,1.046143577,3.475463501,2,0
0,0,1.479309598,4.331660211,0,-1
1,1,2.06273826,5.834286621
0,0,0,0,1,0
0,0,0.0092176649,0.092176649,2,0
0,0,-0.06321826794,-0.7243593284,1,0
0,0,-0.1551508987,-0.9193263078,1,0
0,0,-0.2785313852,-1.233804865,1,0
0,0,-0.460189472,-1.816580868,1,0
0,0,-0.7031702378,-2.429807658,0,0
0,0,-0.9724606716,-2.692904338,2,0
0,0,-1.413778309,-4.413176378,2,-1
1,1,-2.006654757,-5.928764473
0,0,0,0,1,0
0,0,-0.01612519095,-0.1612519095,2,0
0,0,-0.1158059412,-0.9968075026,2,0
0,0,-0.3224464488,-2.066405076,2,0
0,0,-0.6515088422,-3.290623934,0,0
0,0,-0.9964088324,-3.448999902,2,0
0,0,-1.511926567,-5.155177349,1,-1
1,1,-2.17241558,-6.604890126
0,0,0,0,0,0
0,0,0.09268444213,0.9268444213,0,0
0,0,0.2744865512,1.818021091,1,0
0,0,0.4895754885,2.150889373,2,0
0,0,0.6935413524,2.039658639,2,0
0,0,0.9297423825,2.362010301,1,0
0,0,1.291000201,3.612578189,0,-1
1,1,1.807641866,5.16641665
0,0,0,0,2,0
0,0,-0.1041842583,-1.041842583,1,0
0,0,-0.2291425201,-1.249582618,1,0
0,0,-0.3911079938,-1.619654736,1,0
0,0,-0.6046842778,-2.135762841,0,0
0,0,-0.8369843729,-2.32300095,1,0
0,0,-1.174040297,-3.370559237,0,-1
1,1,-1.612541609,-4.385013119
0,0,0,0,0,0
0,0,0.08843554667,0.8843554667,0,0
0,0,0.2663195192,1.778839725,0,0
0,0,0.5690212759,3.027017568,1,0
0,0,0.9537375547,3.847162787,0,0
0,0,1.492688415,5.389508606,2,-1
1,1,2.169901295,6.772128796
0,0,0,0,0,0
0,0,0.09290780352,0.9290780352,2,0
0,0,0.1195028114,0.2659500787,1,0
0,0,0.1669039033,0.4740109193,0,0
0,0,0.3251498404,1.582459371,0,0
0,0,0.6303354469,3.051856064,1,0
0,0,1.014336535,3.840010876,0,0
0,0,1.561668512,5.473319778,1,-1
1,1,2.255639462,6.939709494
0,0,0,0,1,0
0,0,0.001203695645,0.01203695645,0,0
0,0,0.0781648269,0.7696113126,0,0
0,0,0.2431869024,1.650220755,1,0
0,0,0.4576255032,2.144386008,2,0
0,0,0.6792980742,2.216725709,2,0
0,0,0.926208151,2.469100768,1,0
0,0,1.295392693,3.691845425,2,-1
1,1,1.778688202,4.832955086
0,0,0,0,2,0
0,0,-0.09897742766,-0.9897742766,2,0
0,0,-0.3125664131,-2.135889855,0,0
0,0,-0.5040126882,-1.91446275,0,0
0,0,-0.6963744905,-1.923618024,2,0
0,0,-1.048146112,-3.517716218,1,0
0,0,-1.520594904,-4.72448792,2,-1
1,1,-2.141888815,-6.212939104
0,0,0,0,2,0
0,0,-0.07690437236,-0.7690437236,1,0
0,0,-0.1697162786,-0.9281190629,2,0
0,0,-0.374735452,-2.050191733,1,0
0,0,-0.6451206416,-2.703851896,1,0
0,0,-0.9986496728,-3.535290311,0,0
0,0,-1.425026508,-4.263768356,1,-1
1,1,-1.992926611,-5.679001028
0,0,0,0,1,0
0,0,0.009645361439,0.09645361439,1,0
0,0,0.008164673996,-0.01480687443,2,0
0,0,-0.07103009726,-0.7919477126,2,0
0,0,-0.2549467256,-1.839166283,1,0
0,0,-0.4758274947,-2.208807691,1,0
0,0,-0.7611364027,-2.85308908,2,0
0,0,-1.219908724,-4.58772321,0,-1
1,1,-1.787074726,-5.671660021
0,0,0,0,2,0
0,0,-0.09213087755,-0.9213087755,2,0
0,0,-0.2817393899,-1.896085123,0,0
0,0,-0.4357878873,-1.540484974,1,0
0,0,-0.6439942241,-2.082063368,0,0
0,0,-0.8701417222,-2.261474981,0,0
0,0,-1.161979001,-2.918372788,2,-1
1,1,-1.618012525,-4.560335242
0,0,0,0,2,0
0,0,-0.07525593575,-0.7525593575,2,0
0,0,-0.2485589187,-1.733029829,1,0
0,0,-0.465047855,-2.164889363,0,0
0,0,-0.6724236784,-2.073758234,0,0
0,0,-0.9127362261,-2.403125477,1,0
0,0,-1.275417654,-3.626814278,2,-1
1,1,-1.799896733,-5.244790787
0,0,0,0,0,0
0,0,0.0854925749,0.854925749,2,0
0,0,0.09541066074,0.09918085838,1,0
0,0,0.1126363385,0.1722567777,1,0
0,0,0.1384034543,0.2576711583,1,0
0,0,0.2008723472,0.6246889281,0,0
0,0,0.3721271782,1.712548311,2,0
0,0,0.5269871641,1.548599858,2,0
0,0,0.6901174834,1.631303193,1,0
0,0,0.9429351616,2.528176782,2,0
0,0,1.273627986,3.306928248,0,-1
1,1,1.763312996,4.896850092
0,0,0,0,1,0
0,0,0.007495861388,0.07495861388,2,0
0,0,-0.05676561027,-0.6426147166,0,0
0,0,-0.02724700182,0.2951860845,2,0
0,0,-0.1017338857,-0.7448688385,2,0
0,0,-0.2680238333,-1.662899477,1,0
0,0,-0.4630292995,-1.950054661,2,0
0,0,-0.8004605085,-3.37431209,2,0
0,0,-1.309397647,-5.08937139,0,-1
1,1,-1.935522872,-6.261252248
0,0,0,0,1,0
0,0,0.01612835823,0.1612835823,1,0
0,0,0.04687634764,0.3074798941,2,0
0,0,-0.01278513557,-0.5966148321,2,0
0,0,-0.1666181283,-1.538329927,2,0
0,0,-0.4313303852,-2.647122569,0,0
0,0,-0.6835752191,-2.522448339,2,0
0,0,-1.088749328,-4.051741086,0,-1
1,1,-1.579364724,-4.906153965
0,0,0,0,1,0
0,0,-0.002733334846,-0.02733334846,2,0
0,0,-0.09407451778,-0.9134118294,0,0
0,0,-0.1058709953,-0.1179647747,2,0
0,0,-0.2175344916,-1.116634963,2,0
0,0,-0.4650032501,-2.474687585,1,0
0,0,-0.7878244898,-3.228212397,2,0
0,0,-1.281384234,-4.935597447,1,-1
1,1,-1.905461527,-6.240772924
0,0,0,0,2,0
0,0,-0.1012022552,-1.012022552,2,0
0,0,-0.2901916019,-1.889893466,2,0
0,0,-0.6014824244,-3.112908226,2,0
0,0,-1.060528371,-4.590459468,0,-1
1,1,-1.598251978,-5.377236073
0,0,0,0,0,0
0,0,0.07647445369,0.7647445369,0,0
0,0,0.2462034032,1.697289495,0,0
0,0,0.547949827,3.017464238,0,0
0,0,0.9929973544,4.450475273,1,0
0,0,1.546140169,5.531428151,0,-1
1,1,2.246974381,7.00834212
0,0,0,0,2,0
0,0,-0.09936023191,-0.9936023191,2,0
0,0,-0.3079995511,-2.086393192,1,0
0,0,-0.5633350702,-2.55335519,0,0
0,0,-0.8346774008,-2.713423306,2,0
0,0,-1.268101718,-4.334243175,0,-1
1,1,-1.812078714,-5.439769954
0,0,0,0,0,0
0,0,0.09867416762,0.9867416762,2,0
0,0,0.1331281026,0.3445393495,1,0
0,0,0.1776708212,0.445427186,2,0
0,0,0.1586828555,-0.1898796571,1,0
0,0,0.1743301386,0.1564728313,1,0
0,0,0.2326672614,0.5833712283,1,0
0,0,0.326093412,0.9342615063,0,0
0,0,0.5592412145,2.331478024,1,0
0,0,0.8816918081,3.224505936,0,0
0,0,1.367567832,4.858760241,2,-1
1,1,1.976273949,6.087061171
0,0,0,0,0,0
0,0,0.08583884466,0.8583884466,0,0
0,0,0.2776927743,1.918539296,0,0
0,0,0.6141039098,3.364111355,1,0
0,0,1.025358195,4.112542848,1,0
0,0,1.558876192,5.335179974,2,-1
1,1,2.237904984,6.790287922
0,0,0,0,0,0
0,0,0.105453448,1.05453448,1,0
0,0,0.2364945864,1.310411384,1,0
0,0,0.4080174308,1.715228443,0,0
0,0,0.7106037713,3.025863406,1,0
0,0,1.107248835,3.966450637,1,-1
1,1,1.628112256,5.20863421
0,0,0,0,2,0
0,0,-0.0749506089,-0.749506089,1,0
0,0,-0.1747266876,-0.997760787,0,0
0,0,-0.2291911429,-0.5446445531,2,0
0,0,-0.4108728543,-1.816817114,2,0
0,0,-0.7396491854,-3.28776331,1,0
0,0,-1.16630391,-4.26654725,1,-1
1,1,-1.715163278,-5.488593672
0,0,0,0,0,0
0,0,0.08558837466,0.8558837466,1,0
0,0,0.1758597999,0.9027142528,1,0
0,0,0.2918754737,1.160156738,2,0
0,0,0.3684842811,0.7660880736,2,0
0,0,0.4280462035,0.5956192247,1,0
0,0,0.5461848527,1.181386492,1,0
0,0,0.7377034182,1.915185655,0,0
0,0,1.082620208,3.449167897,2,0
0,0,1.523343813,4.407236047,2,-1
1,1,2.106307308,5.829634952
0,0,0,0,1,0
0,0,0.01501950696,0.1501950696,1,0
0,0,0.04984072266,0.348212157,0,0
0,0,0.1934663014,1.436255787,0,0
0,0,0.457483345,2.640170436,2,0
0,0,0.7044772528,2.469939078,2,0
0,0,0.9995575491,2.950802963,1,0
0,0,1.422211173,4.226536235,1,-1
1,1,1.98901556,5.668043875
0,0,0,0,0,0
0,0,0.1018043798,1.018043798,2,0
0,0,0.1278007957,0.2599641594,2,0
0,0,0.07734135345,-0.5045944227,0,0
0,0,0.1317299636,0.5438861014,1,0
0,0,0.1960720602,0.6434209663,2,0
0,0,0.2130484741,0.169764139,2,0
0,0,0.1904764219,-0.2257205217,1,0
0,0,0.1901022967,-0.003741252446,2,0
0,0,0.1516970129,-0.3840528378,0,0
0,0,0.2418733378,0.9017632493,2,0
0,0,0.2803353298,0.3846199199,2,0
0,0,0.2783237874,-0.02011542418,1,0
0,0,0.3132105052,0.3488671782,1,0
0,0,0.3935346681,0.8032416288,2,0
0,0,0.4506656752,0.5713100705,0,0
0,0,0.6436618568,1.929961816,0,0
0,0,1.002572383,3.589105266,1,0
0,0,1.478252638,4.756802546,1,-1
1,1,2.098206066,6.199534277
0,0,0,0,1,0
0,0,0.0009519858859,0.009519858859,0,0
0,0,0.08670587096,0.8575388507,2,0
0,0,0.09341499582,0.06709124861,1,0
0,0,0.1001764195,0.06761423728,1,0
0,0,0.1313537268,0.3117730722,2,0
0,0,0.1102430227,-0.211107041,1,0
0,0,0.1203001256,0.1005710294,1,0
0,0,0.1444537932,0.2415366756,2,0
0,0,0.09093370767,-0.5352008549,2,0
0,0,-0.03972524169,-1.306589494,2,0
0,0,-0.2611368412,-2.214115995,0,0
0,0,-0.4252990343,-1.641621931,0,0
0,0,-0.5639323617,-1.386333274,1,0
0,0,-0.7995883137,-2.35655952,2,0
0,0,-1.200109784,-4.005214706,1,-1
1,1,-1.733815886,-5.337061019
0,0,0,0,2,0
0,0,-0.0944563822,-0.944563822,2,0
0,0,-0.2782254088,-1.837690266,2,0
0,0,-0.5887452289,-3.1051982,0,0
0,0,-0.9219652891,-3.332200602,1,0
0,0,-1.36665443,-4.44689141,1,-1
1,1,-1.94866369,-5.820092601
0,0,0,0,2,0
0,0,-0.0788021147,-0.788021147,0,0
0,0,-0.06900445131,0.09797663389,1,0
0,0,-0.06285053078,0.06153920523,2,0
0,0,-0.1552648623,-0.9241433149,1,0
0,0,-0.2625635277,-1.072986654,2,0
0,0,-0.5143667228,-2.518031952,0,0
0,0,-0.7725291966,-2.581624737,2,0
0,0,-1.198044139,-4.25514942,0,-1
1,1,-1.726830565,-5.287864267
0,0,0,0,0,0
0,0,0.0911681732,0.911681732,2,0
0,0,0.1106454965,0.1947732327,1,0
0,0,0.1446626526,0.3401715609,0,0
0,0,0.2753751987,1.307125461,2,0
0,0,0.3553131489,0.7993795026,2,0
0,0,0.3989160783,0.4360292933,2,0
0,0,0.4356516202,0.3673554196,1,0
0,0,0.5478013836,1.121497634,1,0
0,0,0.740350063,1.925486793,0,0
0,0,1.095846424,3.554963612,2,0
0,0,1.540570105,4.447236808,2,-1
1,1,2.129094971,5.885248656
0,0,0,0,1,0
0,0,-0.01071078861,-0.1071078861,1,0
0,0,-0.01762132365,-0.06910535042,0,0
0,0,0.06561787359,0.8323919724,0,0
0,0,0.2306831506,1.65065277,1,0
0,0,0.4493180753,2.186349247,0,0
0,0,0.8216767395,3.723586642,0,0
0,0,1.345179867,5.235031271,1,-1
1,1,2.002163227,6.569833609
0,0,0,0,2,0
0,0,-0.07929132295,-0.7929132295,2,0
0,0,-0.259128169,-1.79836846,2,0
0,0,-0.5793465229,-3.202183539,0,0
0,0,-0.904021138,-3.246746151,2,0
0,0,-1.390375071,-4.863539334,0,-1
1,1,-2.002766086,-6.123910151
0,0,0,0,1,0
0,0,0.01048771932,0.1048771932,0,0
0,0,0.1272105798,1.167228605,2,0
0,0,0.1735697637,0.4635918384,0,0
0,0,0.3427434276,1.691736639,1,0
0,0,0.5801803441,2.374369165,2,0
0,0,0.8377157789,2.575354349,0,0
0,0,1.258388189,4.206724097,2,-1
1,1,1.786314055,5.279258664
0,0,0,0,0,0
0,0,0.07063589289,0.7063589289,1,0
0,0,0.1416965355,0.7106064256,2,0
0,0,0.1341623013,-0.07534234111,2,0
0,0,0.05915600256,-0.7500629878,0,0
0,0,0.06757789975,0.08421897191,2,0
0,0,0.01549859851,-0.5207930125,2,0
0,0,-0.1120609451,-1.275595436,1,0
0,0,-0.2498407227,-1.377797776,0,0
0,0,-0.3593705382,-1.095298155,2,0
0,0,-0.613424458,-2.540539198,0,0
0,0,-0.8891354043,-2.757109464,0,0
0,0,-1.220624382,-3.31488978,2,-1
1,1,-1.712112258,-4.914878753
0,0,0,0,0,0
0,0,0.09421455315,0.9421455315,1,0
0,0,0.208170359,1.139558059,2,0
0,0,0.274189414,0.6601905502,0,0
0,0,0.4585553155,1.843659015,2,0
0,0,0.6313364337,1.727811182,2,0
0,0,0.8232138833,1.918774496,1,0
0,0,1.118176933,2.949630493,1,0
0,0,1.548051448,4.298745154,2,-1
1,1,2.122805027,5.747535791
0,0,0,0,0,0
0,0,0.07879324655,0.7879324655,1,0
0,0,0.1617534482,0.8296020166,0,0
0,0,0.3658833975,2.041299493,2,0
0,0,0.5365290736,1.706456761,2,0
0,0,0.7101070922,1.735780186,2,0
0,0,0.9191111026,2.090040104,2,0
0,0,1.191551664,2.724405613,2,-1
1,1,1.573769963,3.822182993
0,0,0,0,2,0
0,0,-0.08070356741,-0.8070356741,0,0
0,0,-0.07445768324,0.06245884171,2,0
0,0,-0.1726260615,-0.9816837828,1,0
0,0,-0.3092628351,-1.366367736,2,0
0,0,-0.5875529972,-2.782901622,0,0
0,0,-0.8913301302,-3.03777133,1,0
0,0,-1.310300586,-4.18970456,0,-1
1,1,-1.846855454,-5.365548673
0,0,0,0,1,0
0,0,-0.006143571088,-0.06143571088,1,0
0,0,-0.01716376697,-0.1102019588,0,0
0,0,0.0409506364,0.5811440336,2,0
0,0,0.01541303208,-0.2553760432,1,0
0,0,-0.01352049936,-0.2893353144,2,0
0,0,-0.1452740279,-1.317535286,1,0
0,0,-0.3012558557,-1.559818277,1,0
0,0,-0.5095241362,-2.082682805,2,0
0,0,-0.861730442,-3.522063058,1,0
0,0,-1.32452999,-4.627995485,0,-1
1,1,-1.907196327,-5.826663366
0,0,0,0,0,0
0,0,0.105241218,1.05241218,1,0
0,0,0.2259618371,1.207206191,2,0
0,0,0.3157114574,0.8974962023,0,0
0,0,0.5453268156,2.296153582,0,0
0,0,0.9350839515,3.897571359,2,0
0,0,1.397281392,4.621974407,0,-1
1,1,2.014874867,6.175934743
0,0,0,0,2,0
0,0,-0.0843594223,-0.843594223,2,0
0,0,-0.2883968199,-2.040373976,2,0
0,0,-0.6373228827,-3.489260628,1,0
0,0,-1.082352784,-4.450299015,1,-1
1,1,-1.642251578,-5.598987942
0,0,0,0,0,0
0,0,0.0872487485,0.872487485,0,0
0,0,0.2630809654,1.758322169,0,0
0,0,0.5613721229,2.982911576,0,0
0,0,0.998937683,4.375655601,1,0
0,0,1.556175041,5.572373577,1,-1
1,1,2.259735009,7.035599687
0,0,0,0,0,0
0,0,0.1033232668,1.033232668,0,0
0,0,0.3144235612,2.111002944,1,0
0,0,0.5843231648,2.698996036,0,0
0,0,0.9976400373,4.133168725,1,0
0,0,1.531212699,5.335726619,1,-1
1,1,2.209911771,6.78699072
0,0,0,0,2,0
0,0,-0.1022293597,-1.022293597,1,0
0,0,-0.2281430123,-1.259136526,1,0
0,0,-0.4090905606,-1.809475482,1,0
0,0,-0.6674072275,-2.583166669,0,0
0,0,-0.9648636462,-2.974564188,1,0
0,0,-1.385238577,-4.203749304,0,-1
1,1,-1.930618187,-5.453796103
0,0,0,0,1,0
0,0,-0.001648567866,-0.01648567866,1,0
0,0,0.005976456741,0.07625024608,2,0
0,0,-0.06123898024,-0.6721543698,1,0
0,0,-0.1445735232,-0.83334543,2,0
0,0,-0.3246054465,-1.800319232,1,0
0,0,-0.5582160073,-2.336105608,0,0
0,0,-0.7922435998,-2.340275924,2,0
0,0,-1.192387184,-4.001435838,2,-1
1,1,-1.751456534,-5.590693504
0,0,0,0,2,0
0,0,-0.09225027259,-0.9225027259,1,0
0,0,-0.1951702769,-1.029200043,1,0
0,0,-0.3379433595,-1.427730826,2,0
0,0,-0.6311712421,-2.932278826,2,0
0,0,-1.086579849,-4.554086065,0,-1
1,1,-1.621806621,-5.35226772
0,0,0,0,1,0
0,0,-0.01477558343,-0.1477558343,0,0
0,0,0.04252877635,0.5730435978,2,0
0,0,0.02450792006,-0.1802085629,0,0
0,0,0.1085676779,0.8405975781,2,0
0,0,0.1374847589,0.2891708102,1,0
0,0,0.2057998891,0.6831513023,1,0
0,0,0.3222589916,1.164591025,0,0
0,0,0.581511318,2.592523263,1,0
0,0,0.9149764523,3.334651344,0,0
0,0,1.417057974,5.020815219,0,-1
1,1,2.068438718,6.513807436
0,0,0,0,1,0
0,0,0.007084246701,0.07084246701,1,0
0,0,0.00365842762,-0.03425819081,1,0
0,0,-0.01291814673,-0.1657657435,1,0
0,0,-0.03599430847,-0.2307616174,2,0
0,0,-0.157475379,-1.214810705,1,0
0,0,-0.3058792151,-1.484038361,0,0
0,0,-0.4053560276,-0.9947681242,2,0
0,0,-0.6513098298,-2.459538023,2,0
0,0,-1.049033305,-3.977234747,0,0
0,0,-1.528629232,-4.795959274,2,-1
1,1,-2.156846317,-6.282170855
0,0,0,0,2,0
0,0,-0.09571018768,-0.9571018768,0,0
0,0,-0.1199551407,-0.2424495301,0,0
0,0,-0.09363879066,0.2631635004,0,0
0,0,-0.004075109437,0.8956368122,2,0
0,0,-0.0174699951,-0.1339488566,0,0
0,0,0.05800600116,0.7547599626,1,0
0,0,0.1374143839,0.7940838271,2,0
0,0,0.1404768825,0.03062498623,1,0
0,0,0.1843080369,0.4383115438,0,0
0,0,0.353160438,1.688524012,1,0
0,0,0.5884600156,2.352995776,2,0
0,0,0.8540904652,2.656304496,2,0
0,0,1.172770616,3.18680151,1,-1
1,1,1.624493311,4.517226949
0,0,0,0,2,0
0,0,-0.08826403236,-0.8826403236,1,0
0,0,-0.2042933031,-1.160292708,1,0
0,0,-0.3435282986,-1.392349955,0,0
0,0,-0.4533696895,-1.098413909,0,0
0,0,-0.552334318,-0.9896462856,0,0
0,0,-0.6528981892,-1.005638711,1,0
0,0,-0.856508928,-2.036107388,2,0
0,0,-1.237626166,-3.811172378,0,-1
1,1,-1.731072796,-4.934466302
0,0,0,0,1,0
0,0,0.006492196086,0.06492196086,1,0
0,0,0.01499929567,0.08507099586,0,0
0,0,0.1093346761,0.9433538044,2,0
0,0,0.1369117241,0.2757704799,0,0
0,0,0.2693036413,1.323919172,0,0
0,0,0.5219777555,2.526741143,1,0
0,0,0.8625195662,3.405418107,1,0
0,0,1.308656087,4.461365211,2,-1
1,1,1.872340549,5.636844616
0,0,0,0,0,0
0,0,0.08716863059,0.8716863059,1,0
0,0,0.1890894313,1.019208007,0,0
0,0,0.3987639391,2.096745078,2,0
0,0,0.5777426076,1.789786685,2,0
0,0,0.7697134475,1.9197084,1,0
0,0,1.07413244,3.044189929,2,0
0,0,1.463723458,3.895910176,0,-1
1,1,2.003898108,5.401746498
0,0,0,0,0,0
0,0,0.08777118179,0.8777118179,0,0
0,0,0.2725805625,1.848093807,2,0
0,0,0.4162429422,1.436623797,2,0
0,0,0.5385598914,1.223169492,2,0
0,0,0.6713502802,1.327903888,0,0
0,0,0.9699861642,2.98635884,0,0
0,0,1.425516867,4.555307025,1,-1
1,1,2.022138761,5.966218948
0,0,0,0,2,0
0,0,-0.08331180415,-0.8331180415,0,0
0,0,-0.1087201564,-0.2540835229,2,0
0,0,-0.2540687468,-1.453485904,1,0
0,0,-0.4450538973,-1.909851505,2,0
0,0,-0.7707429259,-3.256890286,0,0
0,0,-1.135680142,-3.649372158,2,-1
1,1,-1.661050356,-5.253702143
0,0,0,0,0,0
0,0,0.08879766698,0.8879766698,1,0
0,0,0.1880399614,0.9924229441,0,0
0,0,0.4055282701,2.174883087,2,0
0,0,0.6075324443,2.020041742,2,0
0,0,0.8419027997,2.343703555,0,0
0,0,1.248729922,4.068271227,0,-1
1,1,1.815627931,5.668980088
0,0,0,0,1,0
0,0,-0.00620996343,-0.0620996343,2,0
0,0,-0.09830154261,-0.9209157918,0,0
0,0,-0.1209201611,-0.2261861849,0,0
0,0,-0.08715528267,0.3376487844,0,0
0,0,0.03492064457,1.220759272,2,0
0,0,0.05882599183,0.2390534726,0,0
0,0,0.1837421326,1.249161408,2,0
0,0,0.2398098509,0.560677183,0,0
0,0,0.4129251342,1.731152833,1,0
0,0,0.6421959286,2.292707944,0,0
0,0,1.028239942,3.860440133,1,0
0,0,1.533781484,5.055415419,1,-1
1,1,2.185084202,6.513027185
0,0,0,0,1,0
0,0,0.01724818413,0.1724818413,1,0
0,0,0.05400301113,0.36754827,0,0
0,0,0.1880803423,1.340773312,1,0
0,0,0.3407534486,1.526731063,1,0
0,0,0.5471224811,2.063690325,0,0
0,0,0.8977484298,3.506259487,0,0
0,0,1.414214637,5.164662071,1,-1
1,1,2.069875386,6.55660749
0,0,0,0,0,0
0,0,0.08034200214,0.8034200214,2,0
0,0,0.07333200066,-0.07010001484,2,0
0,0,-0.01694376853,-0.9027576918,2,0
0,0,-0.2065677136,-1.896239451,2,0
0,0,-0.5265458157,-3.199781021,0,0
0,0,-0.8362897731,-3.097439574,1,0
0,0,-1.260555811,-4.242660375,1,-1
1,1,-1.815237494,-5.546816832
0,0,0,0,1,0
0,0,0.009887706417,0.09887706417,1,0
0,0,0.00738041828,-0.02507288138,1,0
0,0,0.005394457345,-0.01985960935,1,0
0,0,0.01367012933,0.08275671985,2,0
0,0,-0.06589068912,-0.7956081845,0,0
0,0,-0.08248223914,-0.1659155001,2,0
0,0,-0.1878250886,-1.053428494,1,0
0,0,-0.3314256192,-1.436005306,0,0
0,0,-0.4502534979,-1.188278787,1,0
0,0,-0.6403907525,-1.901372546,0,0
0,0,-0.8500638907,-2.096731383,2,0
0,0,-1.220308505,-3.702446146,0,-1
1,1,-1.693478587,-4.731700818
0,0,0,0,0,0
0,0,0.08451106105,0.8451106105,2,0
0,0,0.0801746939,-0.04336367144,0,0
0,0,0.1796552657,0.9948057184,1,0
0,0,0.2943762436,1.147209779,1,0
0,0,0.4693868297,1.750105861,1,0
0,0,0.7288914327,2.595046029,1,0
0,0,1.094112821,3.652213882,0,-1
1,1,1.623955945,5.298431238
0,0,0,0,1,0
0,0,0.0134455364,0.134455364,2,0
0,0,-0.0421473127,-0.555928491,2,0
0,0,-0.1842928033,-1.421454906,1,0
0,0,-0.3520395572,-1.677467539,2,0
0,0,-0.6447805781,-2.927410209,0,0
0,0,-0.9643919998,-3.196114217,0,0
0,0,-1.366902603,-4.025106034,2,-1
1,1,-1.924793939,-5.578913362
0,0,0,0,0,0
0,0,0.07184818168,0.7184818168,0,0
0,0,0.2360080171,1.641598354,1,0
0,0,0.4256043775,1.895963605,0,0
0,0,0.76644342,3.408390425,2,0
0,0,1.138540806,3.720973855,0,-1
1,1,1.670917374,5.323765681
0,0,0,0,0,0
0,0,0.08767083853,0.8767083853,2,0
0,0,0.1088075193,0.2113668074,2,0
0,0,0.0585400265,-0.5026749278,0,0
0,0,0.1118612765,0.5332124998,1,0
0,0,0.183917926,0.7205664949,0,0
0,0,0.3648867394,1.809688134,2,0
0,0,0.5153789854,1.504922461,2,0
0,0,0.6640156107,1.486366252,1,0
0,0,0.8991665721,2.351509614,1,0
0,0,1.252278812,3.531122399,2,-1
1,1,1.718132457,4.658536445
0,0,0,0,0,0
0,0,0.1024622152,1.024622152,1,0
0,0,0.2242315705,1.217693553,0,0
0,0,0.4519953791,2.277638086,0,0
0,0,0.8396984667,3.877030876,0,0
0,0,1.380487088,5.407886211,1,-1
1,1,2.057826321,6.773392333
0,0,0,0,0,0
0,0,0.07973839327,0.7973839327,0,0
0,0,0.2770595831,1.973211899,2,0
0,0,0.4370108052,1.599512221,1,0
0,0,0.6694555306,2.324447254,2,0
0,0,0.9338979807,2.6444245,0,0
0,0,1.362290985,4.283930044,1,-1
1,1,1.928904941,5.666139564
0,0,0,0,2,0
0,0,-0.1051357704,-1.051357704,2,0
0,0,-0.3259645057,-2.208287353,1,0
0,0,-0.5881822334,-2.622177277,1,0
0,0,-0.947470401,-3.592881676,0,0
0,0,-1.371786955,-4.243165543,1,-1
1,1,-1.935238145,-5.634511896
0,0,0,0,0,0
0,0,0.08431884343,0.8431884343,0,0
0,0,0.2782848487,1.939660053,1,0
0,0,0.5185362377,2.40251389,0,0
0,0,0.9012140074,3.826777697,0,0
0,0,1.447750622,5.465366143,1,-1
1,1,2.136393038,6.886424166
0,0,0,0,2,0
0,0,-0.0900442008,-0.900442008,2,0
0,0,-0.2692937974,-1.792495966,1,0
0,0,-0.4981852943,-2.288914969,1,0
0,0,-0.8160938058,-3.179085115,1,0
0,0,-1.247447498,-4.313536921,0,-1
1,1,-1.784857604,-5.374101059
0,0,0,0,0,0
0,0,0.1047118716,1.047118716,2,0
0,0,0.1402378591,0.3552598744,1,0
0,0,0.2166521222,0.7641426318,2,0
0,0,0.2427051155,0.2605299322,0,0
0,0,0.4112556954,1.6855058,1,0
0,0,0.6561121632,2.448564678,1,0
0,0,1.006331748,3.502195844,2,0
0,0,1.434101906,4.277701588,2,-1
1,1,1.995799702,5.616977958
0,0,0,0,1,0
0,0,0.01736759817,0.1736759817,2,0
0,0,-0.03915190193,-0.5651950009,0,0
0,0,-0.01103750561,0.2811439632,0,0
0,0,0.1083434691,1.193809747,2,0
0,0,0.1668144682,0.5847099915,2,0
0,0,0.1506985387,-0.1611592952,2,0
0,0,0.08406612959,-0.6663240909,1,0
0,0,0.04321252784,-0.4085360175,1,0
0,0,-0.00667167387,-0.4988420171,2,0
0,0,-0.1610248267,-1.543531529,1,0
0,0,-0.340440407,-1.794155803,1,0
0,0,-0.5743275278,-2.338871208,0,0
0,0,-0.8317772781,-2.574497503,2,0
0,0,-1.259627866,-4.278505877,1,-1
1,1,-1.821762697,-5.621348311
0,0,0,0,1,0
0,0,-0.01467809967,-0.1467809967,0,0
0,0,0.05233923654,0.6701733622,2,0
0,0,0.04789200687,-0.0444722967,0,0
0,0,0.1317094454,0.838174385,0,0
0,0,0.3165058571,1.847964117,1,0
0,0,0.5648122273,2.483063702,1,0
0,0,0.9060642966,3.412520693,2,0
0,0,1.305862463,3.99798166,2,-1
1,1,1.82502075,5.191582872
0,0,0,0,2,0
0,0,-0.08791875812,-0.8791875812,0,0
0,0,-0.1076031841,-0.1968442601,0,0
0,0,-0.0518470742,0.5575610993,2,0
0,0,-0.09796382462,-0.4611675043,1,0
0,0,-0.1659541308,-0.6799030613,2,0
0,0,-0.3570306379,-1.910765072,2,0
0,0,-0.6945475098,-3.375168719,2,0
0,0,-1.181784408,-4.872368978,0,-1
1,1,-1.766304553,-5.845201452
0,0,0,0,2,0
0,0,-0.08099434315,-0.8099434315,2,0
0,0,-0.2759497207,-1.949553776,0,0
0,0,-0.4480907183,-1.721409976,1,0
0,0,-0.6760226744,-2.279319561,2,0
0,0,-1.057580236,-3.815575611,0,0
0,0,-1.524182238,-4.666020026,1,-1
1,1,-2.136158102,-6.11975864
0,0,0,0,1,0
0,0,-0.01625703897,-0.1625703897,2,0
0,0,-0.1197141944,-1.034571555,2,0
0,0,-0.3313538245,-2.116396301,1,0
0,0,-0.6090057335,-2.77651909,1,0
0,0,-0.9736135621,-3.646078285,2,0
0,0,-1.504187351,-5.30573789,2,-1
1,1,-2.183029008,-6.788416565
0,0,0,0,1,0
0,0,-0.007464313506,-0.07464313506,1,0
0,0,-0.01871425275,-0.1124993924,0,0
0,0,0.06145608436,0.801703371,2,0
0,0,0.06131694953,-0.001391348245,1,0
0,0,0.08721841934,0.2590146981,2,0
0,0,0.04863853163,-0.3857988771,0,0
0,0,0.1018073517,0.5316882011,1,0
0,0,0.1819559792,0.8014862741,2,0
0,0,0.2089304131,0.2697443397,2,0
0,0,0.1842038877,-0.2472652543,2,0
0,0,0.1019789782,-0.8222490948,0,0
0,0,0.1212771116,0.1929813338,0,0
0,0,0.2658277535,1.44550642,2,0
0,0,0.3625867481,0.9675899457,1,0
0,0,0.5226890298,1.601022817,1,0
0,0,0.7748350732,2.521460434,0,0
0,0,1.186433986,4.11598913,2,-1
1,1,1.703081324,5.166473378
0,0,0,0,0,0
0,0,0.09517806775,0.9517806775,2,0
0,0,0.1263604521,0.3118238436,0,0
0,0,0.2762898671,1.49929415,2,0
0,0,0.3976614596,1.213715925,2,0
0,0,0.4889865611,0.9132510146,2,0
0,0,0.577649302,0.8866274087,0,0
0,0,0.8282278073,2.505785053,1,0
0,0,1.200790099,3.725622922,0,-1
1,1,1.737758968,5.369688681
0,0,0,0,2,0
0,0,-0.1044401268,-1.044401268,0,0
0,0,-0.1359839996,-0.3154387284,2,0
0,0,-0.2704157845,-1.344317849,0,0
0,0,-0.3809625587,-1.105467742,2,0
0,0,-0.6328272049,-2.518646462,2,0
0,0,-1.050536136,-4.177089311,0,0
0,0,-1.557245159,-5.067090231,2,-1
1,1,-2.211239389,-6.539942301
0,0,0,0,2,0
0,0,-0.09773688619,-0.9773688619,0,0
0,0,-0.1295600143,-0.3182312811,1,0
0,0,-0.1750412963,-0.4548128201,0,0
0,0,-0.1478937228,0.2714757346,1,0
0,0,-0.1555295036,-0.07635780724,2,0
0,0,-0.2837513214,-1.282218178,1,0
0,0,-0.4677179633,-1.839666419,2,0
0,0,-0.7952627846,-3.275448214,2,0
0,0,-1.29071848,-4.954556952,0,-1
1,1,-1.894691891,-6.039734109
0,0,0,0,2,0
0,0,-0.09139725543,-0.9139725543,1,0
0,0,-0.1918063836,-1.004091282,0,0
0,0,-0.2532311887,-0.6142480504,0,0
0,0,-0.2802190335,-0.2698784485,2,0
0,0,-0.4324180144,-1.521989809,2,0
0,0,-0.722510452,-2.900924376,2,0
0,0,-1.169814603,-4.473041509,2,-1
1,1,-1.777353814,-6.075392111
0,0,0,0,2,0
0,0,-0.0825233878,-0.825233878,2,0
0,0,-0.2605720606,-1.780486728,0,0
0,0,-0.3814084407,-1.2083638,1,0
0,0,-0.549436776,-1.680283353,1,0
0,0,-0.8032595981,-2.538228221,1,0
0,0,-1.167779073,-3.645194749,1,-1
1,1,-1.659073047,-4.912939743
0,0,0,0,1,0
0,0,-0.009842772248,-0.09842772248,1,0
0,0,-0.003837214892,0.06005557355,1,0
0,0,0.004772342566,0.08609557458,2,0
0,0,-0.06896411381,-0.7373645638,1,0
0,0,-0.1436274915,-0.746633777,0,0
0,0,-0.1687783976,-0.2515090609,2,0
0,0,-0.3030765544,-1.342981568,2,0
0,0,-0.562767646,-2.596910916,0,0
0,0,-0.824865635,-2.620979889,0,0
0,0,-1.146409307,-3.215436722,0,-1
1,1,-1.572661978,-4.262526704
0,0,0,0,1,0
0,0,0.004461761345,0.04461761345,0,0
0,0,0.08526310123,0.8080133988,1,0
0,0,0.1820033264,0.9674022514,0,0
0,0,0.4011950117,2.191916853,2,0
0,0,0.589962476,1.887674643,2,0
0,0,0.7971147572,2.071522812,2,0
0,0,1.066922337,2.698075796,0,0
0,0,1.506156521,4.392341845,1,-1
1,1,2.090703653,5.845471315
0,0,0,0,1,0
0,0,0.001963392395,0.01963392395,0,0
0,0,0.08655248838,0.8458909599,2,0
0,0,0.1005244667,0.1397197834,0,0
0,0,0.2360252537,1.355007869,0,0
0,0,0.4852539437,2.4922869,0,0
0,0,0.8976042941,4.123503504,2,0
0,0,1.372928725,4.753244306,2,-1
1,1,1.971328944,5.984002198
0,0,0,0,2,0
0,0,-0.07080096298,-0.7080096298,1,0
0,0,-0.16480147,-0.9400050703,2,0
0,0,-0.3756066856,-2.108052156,2,0
0,0,-0.7235434606,-3.479367751,1,0
0,0,-1.158109046,-4.345655856,0,-1
1,1,-1.686811905,-5.28702859
0,0,0,0,0,0
0,0,0.08816793157,0.8816793157,0,0
0,0,0.2942066954,2.060387638,2,0
0,0,0.4492261891,1.550194937,1,0
0,0,0.6666649328,2.174387437,1,0
0,0,0.9895390602,3.228741274,2,0
0,0,1.395818014,4.062789543,1,-1
1,1,1.94313418,5.473161651
0,0,0,0,2,0
0,0,-0.07098056159,-0.7098056159,0,0
0,0,-0.06941431543,0.01566246156,0,0
0,0,0.007288014369,0.767023298,2,0
0,0,-0.01093152047,-0.1821953484,0,0
0,0,0.05608432839,0.6701584887,2,0
0,0,0.05490652905,-0.01177799342,0,0
0,0,0.1688172786,1.139107496,1,0
0,0,0.3209621423,1.521448636,2,0
0,0,0.4480869847,1.271248425,0,0
0,0,0.7234015595,2.753145748,0,0
0,0,1.161459395,4.380578356,0,-1
1,1,1.754638415,5.931790204
0,0,0,0,1,0
0,0,-0.009112552411,-0.09112552411,1,0
0,0,-0.03497209487,-0.2585954246,2,0
0,0,-0.1605816467,-1.256095518,2,0
0,0,-0.4137597459,-2.531780992,0,0
0,0,-0.6506102508,-2.368505049,2,0
0,0,-1.055822895,-4.05212644,1,-1
1,1,-1.578470681,-5.226477867
0,0,0,0,2,0
0,0,-0.0794765775,-0.794765775,0,0
0,0,-0.09908567292,-0.1960909542,0,0
0,0,-0.06089179032,0.3819388259,0,0
0,0,0.07024054123,1.311323316,2,0
0,0,0.1192173752,0.4897683394,0,0
0,0,0.2663904074,1.471730323,1,0
0,0,0.4605490099,1.941586025,2,0
0,0,0.6582312795,1.976822696,2,0
0,0,0.8960862662,2.378549867,1,0
0,0,1.250204291,3.54118025,1,-1
1,1,1.738846068,4.886417764
0,0,0,0,0,0
0,0,0.1041445813,1.041445813,0,0
0,0,0.3220736114,2.179290301,2,0
0,0,0.5093743335,1.873007221,1,0
0,0,0.762477306,2.531029725,1,0
0,0,1.109272129,3.467948233,1,-1
1,1,1.582300345,4.730282157
0,0,0,0,1,0
0,0,0.01174115013,0.1174115013,2,0
0,0,-0.05846391439,-0.7020506452,2,0
0,0,-0.2369792801,-1.785153657,2,0
0,0,-0.5389351082,-3.019558281,0,0
0,0,-0.848515885,-3.095807768,2,0
0,0,-1.325860696,-4.773448112,0,-1
1,1,-1.924260161,-5.983994653
0,0,0,0,2,0
0,0,-0.08545966837,-0.8545966837,0,0
0,0,-0.1021400125,-0.1668034411,1,0
0,0,-0.1231479724,-0.2100795991,0,0
0,0,-0.07660175635,0.4654621603,1,0
0,0,-0.05247430553,0.2412745082,2,0
0,0,-0.1253666221,-0.7289231652,0,0
0,0,-0.1330306842,-0.07664062113,2,0
0,0,-0.2419346948,-1.089040106,0,0
0,0,-0.3215164568,-0.7958176202,1,0
0,0,-0.4452699553,-1.237534986,2,0
0,0,-0.7243339114,-2.79063956,1,0
0,0,-1.107200874,-3.828669621,2,-1
1,1,-1.65029116,-5.430902866
0,0,0,0,2,0
0,0,-0.1047024337,-1.047024337,0,0
0,0,-0.1501063548,-0.4540392112,2,0
0,0,-0.3009694454,-1.508630906,0,0
0,0,-0.4044781266,-1.035086812,0,0
0,0,-0.495800045,-0.9132191838,2,0
0,0,-0.7253830155,-2.295829706,2,0
0,0,-1.106705336,-3.813223202,1,-1
1,1,-1.611328435,-5.046230997
0,0,0,0,2,0
0,0,-0.09281578086,-0.9281578086,1,0
0,0,-0.1886436369,-0.9582785607,0,0
0,0,-0.2275130164,-0.3886937952,2,0
0,0,-0.4002666958,-1.727536794,1,0
0,0,-0.6226899938,-2.22423298,2,0
0,0,-0.9921342441,-3.694442503,1,0
0,0,-1.480184367,-4.880501231,0,-1
1,1,-2.103440253,-6.232558858
0,0,0,0,1,0
0,0,-0.004984763953,-0.04984763953,1,0
0,0,-0.02191359752,-0.1692883357,1,0
0,0,-0.03276629998,-0.1085270246,2,0
0,0,-0.1541451696,-1.213788697,1,0
0,0,-0.3066428273,-1.524976577,0,0
0,0,-0.4426045602,-1.359617328,2,0
0,0,-0.7325283645,-2.899238043,1,0
0,0,-1.1305507,-3.980223355,1,-1
1,1,-1.657837409,-5.272867091
0,0,0,0,2,0
0,0,-0.1029204177,-1.029204177,1,0
0,0,-0.2075419919,-1.046215742,2,0
0,0,-0.4234115559,-2.158695641,0,0
0,0,-0.629759275,-2.063477191,1,0
0,0,-0.9204817592,-2.907224842,2,0
0,0,-1.375456459,-4.549746996,1,-1
1,1,-1.971417988,-5.959615288
0,0,0,0,1,0
0,0,-0.008263050861,-0.08263050861,1,0
0,0,-0.01092430294,-0.02661252078,2,0
0,0,-0.08728832113,-0.7636401819,0,0
0,0,-0.09807337256,-0.1078505143,2,0
0,0,-0.207157033,-1.090836604,1,0
0,0,-0.3523581173,-1.452010843,2,0
0,0,-0.6504226704,-2.980645531,2,0
0,0,-1.099784187,-4.493615166,1,-1
1,1,-1.677464666,-5.776804788
0,0,0,0,2,0
0,0,-0.09832218022,-0.9832218022,1,0
0,0,-0.2197311476,-1.214089674,2,0
0,0,-0.4793745467,-2.596433991,2,0
0,0,-0.8904270062,-4.110524595,1,0
0,0,-1.418234111,-5.278071046,2,-1
1,1,-2.094995872,-6.767617609
0,0,0,0,0,0
0,0,0.0954911637,0.954911637,0,0
0,0,0.2996044936,2.041133299,1,0
0,0,0.5490961176,2.49491624,1,0
0,0,0.8748427699,3.257466523,2,0
0,0,1.271239493,3.963967235,2,-1
1,1,1.778969803,5.077303099
0,0,0,0,0,0
0,0,0.09367694542,0.9367694542,2,0
0,0,0.1199159749,0.2623902947,0,0
0,0,0.247901861,1.279858861,0,0
0,0,0.5032097325,2.553078715,2,0
0,0,0.7694418483,2.662321159,0,0
0,0,1.192080654,4.22638806,0,-1
1,1,1.776170359,5.840897046
0,0,0,0,1,0
0,0,-0.001670991792,-0.01670991792,2,0
0,0,-0.1011604718,-0.9948948005,1,0
0,0,-0.2272256084,-1.260651366,2,0
0,0,-0.4766597762,-2.494341678,0,0
0,0,-0.7271167914,-2.504570151,2,0
0,0,-1.138891461,-4.117746696,2,-1
1,1,-1.706762985,-5.678715236
0,0,0,0,1,0
0,0,0.01634481318,0.1634481318,0,0
0,0,0.1389157233,1.225709101,2,0
0,0,0.2047963678,0.6588064453,2,0
0,0,0.2143440301,0.09547662266,0,0
0,0,0.3361511051,1.21807075,2,0
0,0,0.4197742023,0.8362309724,2,0
0,0,0.4777978507,0.5802364844,0,0
0,0,0.6791551357,2.01357285,1,0
0,0,0.971382929,2.922277933,1,0
0,0,1.384431288,4.130483589,2,-1
1,1,1.926226087,5.417947996
0,0,0,0,1,0
0,0,-0.01178286886,-0.1178286886,2,0
0,0,-0.1027416926,-0.9095882369,2,0
0,0,-0.3026388943,-1.998972017,0,0
0,0,-0.4803232098,-1.776843156,2,0
0,0,-0.8138762803,-3.335530704,1,0
0,0,-1.264541523,-4.506652425,2,-1
1,1,-1.867846927,-6.033054043
0,0,0,0,2,0
0,0,-0.09290105661,-0.9290105661,2,0
0,0,-0.2929968613,-2.000958047,2,0
0,0,-0.6306958528,-3.376989914,2,0
0,0,-1.119768129,-4.890722763,1,-1
1,1,-1.736062209,-6.162940802
0,0,0,0,1,0
0,0,-0.01162144095,-0.1162144095,2,0
0,0,-0.1273104199,-1.156889789,1,0
0,0,-0.2736187027,-1.463082829,2,0
0,0,-0.556753704,-2.831350012,0,0
0,0,-0.8488560136,-2.921023097,1,0
0,0,-1.247639434,-3.987834207,0,-1
1,1,-1.753792135,-5.061527009
0,0,0,0,2,0
0,0,-0.100598948,-1.00598948,0,0
0,0,-0.116189245,-0.1559029692,2,0
0,0,-0.2251525346,-1.089632897,2,0
0,0,-0.4621823574,-2.370298228,1,0
0,0,-0.7745781036,-3.123957462,1,0
0,0,-1.182293066,-4.077149625,1,-1
1,1,-1.720226358,-5.379332917
0,0,0,0,1,0
0,0,-0.007146844075,-0.07146844075,1,0
0,0,-0.0211868284,-0.1403998433,2,0
0,0,-0.1276042741,-1.064174456,0,0
0,0,-0.1551221365,-0.2751786243,0,0
0,0,-0.1263390152,0.2878312126,2,0
0,0,-0.2187038943,-0.923648791,1,0
0,0,-0.3619884746,-1.432845803,1,0
0,0,-0.5658451278,-2.038566532,2,0
0,0,-0.9158697504,-3.500246226,2,0
0,0,-1.421850128,-5.059803779,1,-1
1,1,-2.066999123,-6.451489945
0,0,0,0,2,0
0,0,-0.0842847859,-0.842847859,0,0
0,0,-0.09580717352,-0.1152238762,1,0
0,0,-0.1395582266,-0.4375105307,1,0
0,0,-0.2204697533,-0.8091152672,2,0
0,0,-0.4315977747,-2.111280214,1,0
0,0,-0.7074873393,-2.758895646,1,0
0,0,-1.070502656,-3.630153164,1,0
0,0,-1.556612089,-4.861094329,1,-1
1,1,-2.189384634,-6.327725456
0,0,0,0,0,0
0,0,0.1017331105,1.017331105,1,0
0,0,0.2240421361,1.223090256,1,0
0,0,0.3686169095,1.445747734,0,0
0,0,0.6389940507,2.703771412,0,0
0,0,1.0796929,4.406988489,2,-1
1,1,1.600671244,5.209783439
0,0,0,0,0,0
0,0,0.08161033892,0.8161033892,0,0
0,0,0.2554879073,1.738775684,0,0
0,0,0.5684453576,3.129574503,2,0
0,0,0.8813334533,3.128880957,1,0
0,0,1.309938936,4.286054831,2,-1
1,1,1.859148315,5.492093789
0,0,0,0,1,0
0,0,0.001262948838,0.01262948838,2,0
0,0,-0.0853268667,-0.8658981554,2,0
0,0,-0.2832507435,-1.979238768,0,0
0,0,-0.4320064757,-1.487557322,2,0
0,0,-0.7184395248,-2.864330491,0,0
0,0,-1.0416332,-3.23193675,2,0
0,0,-1.52778596,-4.861527604,2,-1
1,1,-2.162927522,-6.351415617
0,0,0,0,1,0
0,0,-0.006792873286,-0.06792873286,0,0
0,0,0.08107911287,0.8787198616,2,0
0,0,0.1060346722,0.2495555936,0,0
0,0,0.2517218791,1.456872068,0,0
0,0,0.526658826,2.749369469,0,0
0,0,0.9593961977,4.327373717,0,0
0,0,1.55555973,5.961635325,1,-1
1,1,2.297937984,7.423782536
0,0,0,0,2,0
0,0,-0.07275587941,-0.7275587941,1,0
0,0,-0.173404651,-1.006487716,2,0
0,0,-0.3850893756,-2.116847246,1,0
0,0,-0.6600417468,-2.749523713,1,0
0,0,-1.024636469,-3.645947217,0,0
0,0,-1.466463748,-4.418272794,1,-1
1,1,-2.052853345,-5.863895975
0,0,0,0,2,0
0,0,-0.09907216348,-0.9907216348,2,0
0,0,-0.3047284371,-2.056562736,1,0
0,0,-0.5642018561,-2.59473419,2,0
0,0,-0.9734200354,-4.092181793,1,0
0,0,-1.4987007,-5.252806643,1,-1
1,1,-2.168046806,-6.693461064
0,0,0,0,1,0
0,0,0.007893461588,0.07893461588,1,0
0,0,0.0007956019256,-0.07097859662,0,0
0,0,0.08539998491,0.8460438299,1,0
0,0,0.183749956,0.9834997112,1,0
0,0,0.2982866443,1.145366883,1,0
0,0,0.4699863159,1.716996716,0,0
0,0,0.7958859088,3.258995928,2,0
0,0,1.169921124,3.740352157,2,-1
1,1,1.647131654,4.772105291
0,0,0,0,0,0
0,0,0.0851599689,0.851599689,2,0
0,0,0.1074133141,0.2225334521,0,0
0,0,0.2201067597,1.126934456,2,0
0,0,0.2780696873,0.5796292757,0,0
0,0,0.461929659,1.838599717,0,0
0,0,0.8081320943,3.462024354,1,0
0,0,1.263264429,4.551323349,2,-1
1,1,1.826339685,5.630752556
0,0,0,0,0,0
0,0,0.08283313413,0.8283313413,2,0
0,0,0.07489745008,-0.07935684045,0,0
0,0,0.1796822708,1.047848207,2,0
0,0,0.2381056546,0.5842338376,2,0
0,0,0.2361459995,-0.01959655012,0,0
0,0,0.3746339377,1.384879381,0,0
0,0,0.6424091372,2.677751995,0,0
0,0,1.063974769,4.215656319,2,0
0,0,1.562874578,4.988998093,1,-1
1,1,2.208545499,6.456709205
0,0,0,0,1,0
0,0,0.01375931259,0.1375931259,0,0
0,0,0.1159122879,1.021529753,1,0
0,0,0.2507825843,1.348702964,0,0
0,0,0.5285546852,2.777721009,2,0
0,0,0.817003352,2.884486668,1,0
0,0,1.218635654,4.016323021,1,-1
1,1,1.748250457,5.296148029
0,0,0,0,1,0
0,0,0.0009057110803,0.009057110803,2,0
0,0,-0.09451758802,-0.954232991,2,0
0,0,-0.2950349141,-2.00517326,1,0
0,0,-0.5540285816,-2.589936676,0,0
0,0,-0.8360973801,-2.820687984,1,0
0,0,-1.223395581,-3.872982012,0,-1
1,1,-1.722250619,-4.988550381
0,0,0,0,1,0
0,0,0.01614552452,0.1614552452,1,0
0,0,0.02203294057,0.05887416057,0,0
0,0,0.1081645104,0.8613156985,0,0
0,0,0.2951289357,1.869644252,0,0
0,0,0.5986870566,3.03558121,0,0
0,0,1.060827739,4.621406827,2,-1
1,1,1.597321119,5.364933793
0,0,0,0,1,0
0,0,0.002924853709,0.02924853709,0,0
0,0,0.09670294795,0.9377809424,1,0
0,0,0.2098707189,1.131677709,1,0
0,0,0.3439608376,1.340901187,1,0
0,0,0.524752674,1.807918364,2,0
0,0,0.7219886122,1.972359382,2,0
0,0,0.9589688238,2.369802116,2,0
0,0,1.281094552,3.221257277,2,-1
1,1,1.718164227,4.370696758
0,0,0,0,0,0
0,0,0.09610331588,0.9610331588,0,0
0,0,0.2843749646,1.882716488,1,0
0,0,0.5271632648,2.427883001,0,0
0,0,0.9131169175,3.859536527,1,0
0,0,1.409569516,4.964525987,1,-1
1,1,2.045876769,6.363072526
0,0,0,0,1,0
0,0,-0.008616906256,-0.08616906256,0,0
0,0,0.05792928864,0.6654619489,1,0
0,0,0.1383869371,0.8045764842,2,0
0,0,0.1573075723,0.1892063521,2,0
0,0,0.1084063154,-0.4890125687,0,0
0,0,0.1571802831,0.4877396766,2,0
0,0,0.1529013593,-0.04278923791,0,0
0,0,0.2666512532,1.13749894,2,0
0,0,0.3247022254,0.5805097217,1,0
0,0,0.4295861304,1.04883905,2,0
0,0,0.5393673727,1.097812423,1,0
0,0,0.7379590629,1.985916902,1,0
0,0,1.0477089,3.097498366,0,0
0,0,1.525081421,4.77372522,2,-1
1,1,2.144633716,6.195522945
0,0,0,0,2,0
0,0,-0.08247801012,-0.8247801012,0,0
0,0,-0.07800010802,0.04477902101,0,0
0,0,-0.01480153915,0.6319856887,1,0
0,0,0.0546915032,0.6949304235,2,0
0,0,0.04225618523,-0.1243531797,2,0
0,0,-0.04123652074,-0.8349270597,1,0
0,0,-0.1456560495,-1.044195288,1,0
0,0,-0.2642892639,-1.186332144,1,0
0,0,-0.4428674353,-1.785781714,1,0
0,0,-0.6791183872,-2.362509518,0,0
0,0,-0.9525835368,-2.734651496,1,0
0,0,-1.348755369,-3.961718324,2,-1
1,1,-1.900043782,-5.512884131
0,0,0,0,0,0
0,0,0.09382462394,0.9382462394,0,0
0,0,0.3067636224,2.129389985,2,0
0,0,0.4812213902,1.744577678,0,0
0,0,0.8165648478,3.353434576,1,0
0,0,1.252126569,4.355617216,1,-1
1,1,1.819019758,5.668931884
0,0,0,0,2,0
0,0,-0.075440132,-0.75440132,2,0
0,0,-0.2445144905,-1.690743585,1,0
0,0,-0.4534541087,-2.089396183,1,0
0,0,-0.7371545927,-2.83700484,2,0
0,0,-1.192402657,-4.552480642,1,-1
1,1,-1.771391702,-5.789890454
0,0,0,0,0,0
0,0,0.07064069753,0.7064069753,2,0
0,0,0.0806182267,0.09977529168,2,0
0,0,0.03206234064,-0.4855588606,0,0
0,0,0.08317562163,0.5111328099,2,0
0,0,0.0635717232,-0.1960389842,1,0
0,0,0.05217537768,-0.1139634553,1,0
0,0,0.04252615958,-0.09649218102,2,0
0,0,-0.04693606628,-0.8946222586,1,0
0,0,-0.1376401366,-0.9070407036,2,0
0,0,-0.3312680394,-1.936279027,0,0
0,0,-0.4927473273,-1.614792879,1,0
0,0,-0.7352530005,-2.425056732,1,0
0,0,-1.07506153,-3.398085298,2,-1
1,1,-1.583507718,-5.084461873
0,0,0,0,2,0
0,0,-0.08017988561,-0.8017988561,0,0
0,0,-0.09673258615,-0.1655270054,0,0
0,0,-0.04714031761,0.4959226854,1,0
0,0,-0.01327266941,0.338676482,1,0
0,0,0.02372466511,0.3699733452,2,0
0,0,-0.02535428772,-0.4907895283,0,0
0,0,0.01377933081,0.3913361852,2,0
0,0,-0.02640694697,-0.4018627778,0,0
0,0,0.02698223243,0.533891794,2,0
0,0,0.01259981069,-0.1438242174,2,0
0,0,-0.08723123234,-0.9983104303,0,0
0,0,-0.1258040952,-0.3857286288,2,0
0,0,-0.2729183154,-1.471142202,1,0
0,0,-0.468745759,-1.958274436,2,0
0,0,-0.8225142156,-3.537684567,2,0
0,0,-1.333816218,-5.113020028,1,-1
1,1,-1.979150352,-6.45334134
0,0,0,0,1,0
0,0,-0.0158966228,-0.158966228,0,0
0,0,0.07050848811,0.864051109,2,0
0,0,0.06607171728,-0.04436770827,1,0
0,0,0.08712263862,0.2105092134,1,0
0,0,0.1058255312,0.1870289254,2,0
0,0,0.04266617962,-0.6315935153,0,0
0,0,0.06311269537,0.2044651575,1,0
0,0,0.1015077245,0.3839502914,2,0
0,0,0.08378230062,-0.1772542389,0,0
0,0,0.1787147655,0.9493246485,1,0
0,0,0.3063435714,1.27628806,1,0
0,0,0.4702609269,1.639173555,1,0
0,0,0.7072019207,2.369409938,2,0
0,0,0.9924063713,2.852044505,2,0
0,0,1.35172854,3.593221687,0,-1
1,1,1.865516838,5.137882976
0,0,0,0,1,0
0,0,9.363080355e-05,0.0009363080355,1,0
0,0,-0.01182755674,-0.1192118754,0,0
0,0,0.05835146507,0.701790218,1,0
0,0,0.135414547,0.7706308194,2,0
0,0,0.1613043916,0.2588984459,0,0
0,0,0.3077757292,1.464713376,2,0
0,0,0.4058697433,0.9809401412,2,0
0,0,0.4812402284,0.7537048507,2,0
0,0,0.566134613,0.848943846,0,0
0,0,0.805354808,2.39220195,0,0
0,0,1.220345768,4.149909601,1,-1
1,1,1.772536378,5.521906104
0,0,0,0,2,0
0,0,-0.08381632036,-0.8381632036,2,0
0,0,-0.2672040077,-1.833876874,1,0
0,0,-0.4857233186,-2.185193108,2,0
0,0,-0.8661242811,-3.804009625,0,0
0,0,-1.310720313,-4.445960322,0,-1
1,1,-1.869740746,-5.590204327
0,0,0,0,2,0
0,0,-0.08643719296,-0.8643719296,1,0
0,0,-0.1917091808,-1.052719878,1,0
0,0,-0.3296058251,-1.378966444,0,0
0,0,-0.4405284397,-1.109226145,2,0
0,0,-0.7144756864,-2.739472467,1,0
0,0,-1.089395596,-3.749199094,0,0
0,0,-1.551157325,-4.617617292,1,-1
1,1,-2.159481929,-6.083246041
