2,1,1
0,0,0,0,0,0
0,0,0.08340860396,0.8340860396,2,0
0,0,0.08296380998,-0.004447939828,2,0
0,0,0.002631982777,-0.803318272,0,0
0,0,0.002296179594,-0.003358031831,1,0
0,0,0.01689779105,0.1460161145,0,0
0,0,0.1348323735,1.179345824,2,0
0,0,0.2020091503,0.6717677687,1,0
0,0,0.2907565621,0.8874741181,1,0
0,0,0.41296824,1.222116778,2,0
0,0,0.5258338058,1.128655658,1,0
0,0,0.7203573094,1.945235036,2,0
0,0,0.9615569627,2.411996533,2,0
0,0,1.281002798,3.194458357,1,-1
1,1,1.736949009,4.559462109
0,0,0,0,1,0
0,0,-0.01550913816,-0.1550913816,0,0
0,0,0.06683504236,0.8234418052,1,0
0,0,0.1730782211,1.062431788,2,0
0,0,0.2349811596,0.6190293845,1,0
0,0,0.324324694,0.8934353438,1,0
0,0,0.47780527,1.534805761,1,0
0,0,0.6983467221,2.205414521,0,0
0,0,1.085311402,3.8696468,1,-1
1,1,1.602599856,5.17288454
0,0,0,0,2,0
0,0,-0.07802186264,-0.7802186264,1,0
0,0,-0.1750972503,-0.9707538762,2,0
0,0,-0.3890127165,-2.139154662,1,0
0,0,-0.6634711159,-2.744583994,0,0
0,0,-0.9596718645,-2.962007486,0,0
0,0,-1.323951895,-3.6428003,1,-1
1,1,-1.828418368,-5.044664735
0,0,0,0,2,0
0,0,-0.08986036483,-0.8986036483,1,0
0,0,-0.2047858304,-1.149254656,2,0
0,0,-0.4411677783,-2.363819479,0,0
0,0,-0.6682577407,-2.270899624,0,0
0,0,-0.9318864067,-2.63628666,0,0
0,0,-1.268412772,-3.365263649,0,-1
1,1,-1.720108208,-4.516954366
0,0,0,0,1,0
0,0,0.004848646261,0.04848646261,2,0
0,0,-0.07793506479,-0.8278371105,2,0
0,0,-0.2447598421,-1.668247773,0,0
0,0,-0.3537227745,-1.089629324,2,0
0,0,-0.5861786794,-2.32455905,2,0
0,0,-0.9750878931,-3.889092137,2,0
0,0,-1.516843576,-5.417556825,2,-1
1,1,-2.207140807,-6.902972318
0,0,0,0,1,0
0,0,0.008436711995,0.08436711995,0,0
0,0,0.09888853867,0.9045182668,1,0
0,0,0.2122882532,1.133997145,2,0
0,0,0.2787808441,0.6649259094,2,0
0,0,0.3130314707,0.3425062664,1,0
0,0,0.409707647,0.9667617622,2,0
0,0,0.4932005785,0.8349293154,1,0
0,0,0.6665487606,1.733481821,2,0
0,0,0.8718512787,2.053025182,2,0
0,0,1.149780882,2.779296028,2,0
0,0,1.526107849,3.763269675,2,-1
1,1,2.045368723,5.192608743
0,0,0,0,0,0
0,0,0.08375089796,0.8375089796,1,0
0,0,0.1698213392,0.8607044121,2,0
0,0,0.204582623,0.3476128386,0,0
0,0,0.3652786508,1.606960277,0,0
0,0,0.667968518,3.026898672,0,0
0,0,1.135631711,4.676631934,1,-1
1,1,1.722173701,5.865419895
0,0,0,0,2,0
0,0,-0.08684981509,-0.8684981509,2,0
0,0,-0.2911505848,-2.043007697,0,0
0,0,-0.4474541887,-1.563036039,0,0
0,0,-0.6085059502,-1.610517615,2,0
0,0,-0.9386192659,-3.301133157,1,0
0,0,-1.384010449,-4.453911827,2,-1
1,1,-1.984157558,-6.001471097
0,0,0,0,1,0
0,0,0.001645251192,0.01645251192,2,0
0,0,-0.07262607246,-0.7427132365,1,0
0,0,-0.1747147187,-1.020886462,1,0
0,0,-0.2958473533,-1.211326346,1,0
0,0,-0.4819710022,-1.86123649,1,0
0,0,-0.7424886891,-2.605176868,0,0
0,0,-1.049648361,-3.071596724,0,0
0,0,-1.444903672,-3.952553101,2,-1
1,1,-1.993722824,-5.488191521
0,0,0,0,2,0
0,0,-0.08046825794,-0.8046825794,2,0
0,0,-0.2495993903,-1.691311323,1,0
0,0,-0.4535608212,-2.039614309,1,0
0,0,-0.7336272418,-2.800664206,1,0
0,0,-1.122210586,-3.88583344,0,-1
1,1,-1.605462178,-4.832515922
0,0,0,0,1,0
0,0,-0.00578147816,-0.0578147816,2,0
0,0,-0.09417693415,-0.8839545599,1,0
0,0,-0.2001542183,-1.059772842,1,0
0,0,-0.3464966901,-1.463424717,2,0
0,0,-0.6290448212,-2.825481311,1,0
0,0,-1.001553826,-3.72509005,0,0
0,0,-1.444154625,-4.426007989,0,-1
1,1,-2.021461488,-5.773068634
0,0,0,0,2,0
0,0,-0.07225379558,-0.7225379558,0,0
0,0,-0.0760870986,-0.03833303018,1,0
0,0,-0.1046500663,-0.285629677,1,0
0,0,-0.1528283502,-0.4817828392,1,0
0,0,-0.2320828719,-0.7925452168,2,0
0,0,-0.4423719363,-2.102890644,0,0
0,0,-0.6436856989,-2.013137626,0,0
0,0,-0.8662895523,-2.226038534,2,0
0,0,-1.263540517,-3.972509648,1,-1
1,1,-1.798797384,-5.352568669
0,0,0,0,1,0
0,0,0.0002746021815,0.002746021815,1,0
0,0,0.01535734378,0.150827416,1,0
0,0,0.01585791942,0.005005756443,2,0
0,0,-0.07662115912,-0.9247907854,0,0
0,0,-0.1097933849,-0.3317222578,0,0
0,0,-0.06680046757,0.4299291733,1,0
0,0,-0.05016584445,0.1663462312,1,0
0,0,-0.03290926924,0.1725657521,0,0
0,0,0.06105993931,0.9396920855,0,0
0,0,0.2570206901,1.959607508,0,0
0,0,0.5735300798,3.165093897,2,0
0,0,0.9047538451,3.312237653,1,0
0,0,1.351026391,4.46272546,0,-1
1,1,1.95425423,6.03227839
0,0,0,0,2,0
0,0,-0.08034890193,-0.8034890193,1,0
0,0,-0.1781787085,-0.9782980657,2,0
0,0,-0.3839316649,-2.057529564,0,0
0,0,-0.5649651507,-1.810334857,1,0
0,0,-0.8214205332,-2.564553825,2,0
0,0,-1.251180008,-4.297594744,1,-1
1,1,-1.81105597,-5.598759623
0,0,0,0,0,0
0,0,0.07213109081,0.7213109081,0,0
0,0,0.2621339474,1.900028566,0,0
0,0,0.5895351817,3.274012342,0,0
0,0,1.081937861,4.92402679,2,-1
1,1,1.658000328,5.760624676
0,0,0,0,1,0
0,0,-0.008724243669,-0.08724243669,2,0
0,0,-0.1117028508,-1.029786071,1,0
0,0,-0.2351872487,-1.23484398,1,0
0,0,-0.3823481493,-1.471609005,2,0
0,0,-0.6757471401,-2.933989908,1,0
0,0,-1.073107311,-3.973601706,0,0
0,0,-1.549650273,-4.765429625,0,-1
1,1,-2.171157746,-6.215074729
0,0,0,0,0,0
0,0,0.09877705599,0.9877705599,1,0
0,0,0.1979865538,0.9920949783,0,0
0,0,0.4245657878,2.26579234,1,0
0,0,0.7064945506,2.819287628,2,0
0,0,1.021121958,3.146274072,2,0
0,0,1.413910712,3.927887539,1,-1
1,1,1.948115759,5.342050474
0,0,0,0,0,0
0,0,0.08381005739,0.8381005739,0,0
0,0,0.2866260571,2.028159997,2,0
0,0,0.4655280385,1.789019814,0,0
0,0,0.7889285866,3.234005481,1,0
0,0,1.221244044,4.32315457,2,-1
1,1,1.755896885,5.346528416
0,0,0,0,0,0
0,0,0.07495986504,0.7495986504,1,0
0,0,0.1507973368,0.7583747179,2,0
0,0,0.1820936873,0.3129635046,2,0
0,0,0.157253143,-0.2484054429,1,0
0,0,0.1576468506,0.003937076261,0,0
0,0,0.2860614291,1.284145785,1,0
0,0,0.4761777025,1.901162734,0,0
0,0,0.8240396655,3.47861963,0,0
0,0,1.32891413,5.048744649,2,-1
1,1,1.950496633,6.215825029
0,0,0,0,1,0
0,0,0.01120523351,0.1120523351,2,0
0,0,-0.07474276087,-0.8594799438,2,0
0,0,-0.2536980277,-1.789552668,2,0
0,0,-0.5727628889,-3.190648612,2,0
0,0,-1.044593871,-4.718309824,0,-1
1,1,-1.587984715,-5.433908438
0,0,0,0,0,0
0,0,0.09256399063,0.9256399063,0,0
0,0,0.2881762087,1.95612218,1,0
0,0,0.5388198698,2.506436611,1,0
0,0,0.862813404,3.239935342,2,0
0,0,1.254466548,3.916531437,2,-1
1,1,1.760944222,5.064776745
0,0,0,0,1,0
0,0,0.0128382678,0.128382678,0,0
0,0,0.1205784172,1.077401494,1,0
0,0,0.2350050892,1.144266721,1,0
0,0,0.3741625686,1.391574794,0,0
0,0,0.6445490209,2.703864523,2,0
0,0,0.9388289795,2.942799586,1,0
0,0,1.345690893,4.068619132,1,-1
1,1,1.891502615,5.458117218
0,0,0,0,2,0
0,0,-0.08241960316,-0.8241960316,1,0
0,0,-0.1664357527,-0.8401614959,0,0
0,0,-0.1778865492,-0.114507965,2,0
0,0,-0.3141240686,-1.362375194,1,0
0,0,-0.4874228226,-1.73298754,0,0
0,0,-0.6580399431,-1.706171205,2,0
0,0,-0.9918788794,-3.338389363,1,0
0,0,-1.442216188,-4.503373081,0,-1
1,1,-2.023648568,-5.814323804
0,0,0,0,0,0
0,0,0.0963480458,0.963480458,2,0
0,0,0.1314432061,0.3509516028,0,0
0,0,0.2681683459,1.367251398,1,0
0,0,0.4493996717,1.812313258,1,0
0,0,0.6954879253,2.460882536,2,0
0,0,0.9858089322,2.90321007,1,0
0,0,1.394644322,4.088353899,1,-1
1,1,1.945611255,5.509669327
0,0,0,0,0,0
0,0,0.0936142533,0.936142533,1,0
0,0,0.2185004504,1.248861971,2,0
0,0,0.2832962579,0.6479580752,1,0
0,0,0.4027016987,1.194054408,1,0
0,0,0.5914227432,1.887210445,0,0
0,0,0.9513367566,3.599140134,0,0
0,0,1.466193115,5.148563589,0,-1
1,1,2.129801383,6.636082678
0,0,0,0,0,0
0,0,0.09919085577,0.9919085577,1,0
0,0,0.2107018596,1.115110038,0,0
0,0,0.43964309,2.289412304,0,0
0,0,0.82477042,3.8512733,2,0
0,0,1.266650183,4.418797634,1,-1
1,1,1.842786211,5.761360274
0,0,0,0,1,0
0,0,-0.01308836848,-0.1308836848,2,0
0,0,-0.1307592266,-1.176708582,0,0
0,0,-0.1888153801,-0.5805615346,1,0
0,0,-0.2786813986,-0.8986601853,2,0
0,0,-0.5083553034,-2.296739048,1,0
0,0,-0.8263603673,-3.180050639,2,0
0,0,-1.301481743,-4.75121376,0,-1
1,1,-1.887606675,-5.86124932
0,0,0,0,1,0
0,0,0.003457547916,0.03457547916,0,0
0,0,0.08126438575,0.7780683783,1,0
0,0,0.1751809829,0.939165972,2,0
0,0,0.2238846902,0.4870370728,2,0
0,0,0.2370773523,0.1319266207,2,0
0,0,0.1975523774,-0.3952497488,0,0
0,0,0.2662895091,0.6873713169,0,0
0,0,0.4640857347,1.977962256,2,0
0,0,0.6484827876,1.843970528,1,0
0,0,0.9255854389,2.771026513,2,0
0,0,1.267504003,3.419185637,0,-1
1,1,1.770562755,5.030587527
0,0,0,0,1,0
0,0,0.003112072295,0.03112072295,1,0
0,0,0.009482583216,0.06370510921,2,0
0,0,-0.0865011724,-0.9598375561,2,0
0,0,-0.2942251796,-2.077240072,0,0
0,0,-0.4780522121,-1.838270324,2,0
0,0,-0.8063007233,-3.282485113,1,0
0,0,-1.244521523,-4.382207996,2,-1
1,1,-1.844022943,-5.995014199
0,0,0,0,2,0
0,0,-0.09644720795,-0.9644720795,0,0
0,0,-0.1161002117,-0.1965300372,1,0
0,0,-0.1453623027,-0.2926209108,0,0
0,0,-0.1097344656,0.3562783714,2,0
0,0,-0.1748305516,-0.6509608602,1,0
0,0,-0.2568910204,-0.8206046877,0,0
0,0,-0.2885247353,-0.3163371493,0,0
0,0,-0.2716659192,0.1685881614,1,0
0,0,-0.290022611,-0.1835669182,1,0
0,0,-0.3561122864,-0.6608967543,2,0
0,0,-0.5622117009,-2.060994145,1,0
0,0,-0.8649863934,-3.027746925,2,0
0,0,-1.332765575,-4.677791816,0,-1
1,1,-1.915756798,-5.829912233
0,0,0,0,0,0
0,0,0.09132624391,0.9132624391,1,0
0,0,0.191396162,1.000699181,2,0
0,0,0.224115733,0.3271957098,0,0
0,0,0.3721124319,1.479966989,0,0
0,0,0.6486711245,2.765586926,0,0
0,0,1.072929868,4.242587433,1,-1
1,1,1.616467917,5.43538049
0,0,0,0,0,0
0,0,0.1013352631,1.013352631,2,0
0,0,0.1296121596,0.2827689651,0,0
0,0,0.2812452658,1.516331062,0,0
0,0,0.5667439596,2.854986938,1,0
0,0,0.9445733402,3.778293806,2,0
0,0,1.398646358,4.540730179,0,-1
1,1,2.003715452,6.050690943
0,0,0,0,1,0
0,0,-0.003232355255,-0.03232355255,2,0
0,0,-0.09962726374,-0.9639490849,1,0
0,0,-0.2290378646,-1.294106009,0,0
0,0,-0.3177666148,-0.8872875017,1,0
0,0,-0.4489469054,-1.311802906,2,0
0,0,-0.7417991146,-2.928522092,2,0
0,0,-1.20369645,-4.61897335,0,-1
1,1,-1.763457132,-5.59760682
0,0,0,0,0,0
0,0,0.08803097905,0.8803097905,2,0
0,0,0.1027776853,0.1474670623,2,0
0,0,0.03321782783,-0.6955985745,2,0
0,0,-0.1124411064,-1.456589342,0,0
0,0,-0.2068746932,-0.9443358678,1,0
0,0,-0.3492637457,-1.423890525,0,0
0,0,-0.4608977435,-1.116339978,0,0
0,0,-0.5619213714,-1.010236278,2,0
0,0,-0.8303884945,-2.684671232,2,0
0,0,-1.253551116,-4.231626217,2,-1
1,1,-1.832557878,-5.790067612
0,0,0,0,2,0
0,0,-0.1038980393,-1.038980393,1,0
0,0,-0.2267897333,-1.22891694,0,0
0,0,-0.3147120272,-0.8792229393,0,0
0,0,-0.3574442483,-0.4273222116,0,0
0,0,-0.3727024549,-0.1525820651,2,0
0,0,-0.5282062238,-1.555037689,2,0
0,0,-0.8399089655,-3.117027417,0,0
0,0,-1.207576714,-3.676677487,2,-1
1,1,-1.737344322,-5.297676081
0,0,0,0,0,0
0,0,0.07564817871,0.7564817871,2,0
0,0,0.08333545586,0.07687277149,0,0
0,0,0.205107787,1.217723311,2,0
0,0,0.2755620077,0.704542207,0,0
0,0,0.4787539833,2.031919756,2,0
0,0,0.6756351277,1.968811444,0,0
0,0,1.032060731,3.564256034,2,0
0,0,1.469207527,4.371467964,1,-1
1,1,2.05071372,5.815061924
0,0,0,0,0,0
0,0,0.09111554769,0.9111554769,2,0
0,0,0.1237854269,0.3266987919,2,0
0,0,0.0979743752,-0.2581105168,2,0
0,0,0.003691790818,-0.9428258438,0,0
0,0,-0.005252030598,-0.08943821415,0,0
0,0,0.05844970101,0.6370173161,2,0
0,0,0.04078007507,-0.1766962594,2,0
0,0,-0.07323637566,-1.140164507,2,0
0,0,-0.2743298936,-2.010935179,2,0
0,0,-0.5997031214,-3.253732278,2,0
0,0,-1.088247784,-4.885446628,0,-1
1,1,-1.658676559,-5.704287754
0,0,0,0,0,0
0,0,0.09447672334,0.9447672334,2,0
0,0,0.1181872546,0.2371053127,2,0
0,0,0.06960162942,-0.4858562519,0,0
0,0,0.1147992409,0.4519761148,1,0
0,0,0.1661769812,0.5137774028,0,0
0,0,0.3398962579,1.737192767,0,0
0,0,0.6349419172,2.950456593,1,0
0,0,1.016247847,3.813059294,0,0
0,0,1.558424157,5.4217631,0,-1
1,1,2.248007616,6.895834597
0,0,0,0,2,0
0,0,-0.08933780103,-0.8933780103,1,0
0,0,-0.2095935151,-1.202557141,0,0
0,0,-0.2672313884,-0.5763787323,1,0
0,0,-0.3809448745,-1.137134861,2,0
0,0,-0.6344748177,-2.535299432,2,0
0,0,-1.049813111,-4.153382934,2,-1
1,1,-1.626066487,-5.762533755
0,0,0,0,2,0
0,0,-0.08896633998,-0.8896633998,0,0
0,0,-0.1177789588,-0.2881261884,0,0
0,0,-0.07900475326,0.3877420556,2,0
0,0,-0.1546270792,-0.7562232595,2,0
0,0,-0.3348971599,-1.802700807,2,0
0,0,-0.6500278674,-3.151307075,0,0
0,0,-0.9857227653,-3.356948978,1,0
0,0,-1.438743389,-4.530206241,1,-1
1,1,-2.033268631,-5.945252416
0,0,0,0,1,0
0,0,0.01473326215,0.1473326215,0,0
0,0,0.1367186542,1.219853921,1,0
0,0,0.2767544352,1.40035781,2,0
0,0,0.3774704852,1.0071605,1,0
0,0,0.539629285,1.621587998,2,0
0,0,0.709725913,1.700966279,0,0
0,0,1.034027801,3.243018882,1,0
0,0,1.481581723,4.475539214,2,-1
1,1,2.066692708,5.851109858
0,0,0,0,2,0
0,0,-0.07513695781,-0.7513695781,0,0
0,0,-0.08103646325,-0.05899505445,2,0
0,0,-0.1741484931,-0.9311202982,1,0
0,0,-0.3126452301,-1.38496737,1,0
0,0,-0.5036437924,-1.909985624,0,0
0,0,-0.6838056107,-1.801618182,2,0
0,0,-1.01813486,-3.343292497,0,0
0,0,-1.433598736,-4.154638752,2,-1
1,1,-2.003841862,-5.702431264
0,0,0,0,0,0
0,0,0.09705883274,0.9705883274,2,0
0,0,0.1222080085,0.2514917575,2,0
0,0,0.06638405433,-0.5582395417,0,0
0,0,0.1001782422,0.3379418792,2,0
0,0,0.07462331642,-0.2555492583,2,0
0,0,-0.0093580828,-0.8398139922,0,0
0,0,-0.01202362043,-0.02665537628,0,0
0,0,0.08555211257,0.97575733,1,0
0,0,0.1804696095,0.9491749695,2,0
0,0,0.2290190374,0.4854942789,2,0
0,0,0.2207161204,-0.08302917012,0,0
0,0,0.3212471527,1.005310324,1,0
0,0,0.4848934793,1.636463265,0,0
0,0,0.7976074058,3.127139265,2,0
0,0,1.161679682,3.640722763,2,-1
1,1,1.625669056,4.639893739
0,0,0,0,1,0
0,0,0.005951298279,0.05951298279,0,0
0,0,0.1143434584,1.083921601,0,0
0,0,0.3237754314,2.094319731,1,0
0,0,0.5834009451,2.596255137,2,0
0,0,0.8709107836,2.875098385,2,0
0,0,1.229699354,3.5878857,0,-1
1,1,1.745696291,5.159969378
0,0,0,0,2,0
0,0,-0.07084037415,-0.7084037415,1,0
0,0,-0.1687575698,-0.9791719563,0,0
0,0,-0.2170047278,-0.4824715798,2,0
0,0,-0.3871230228,-1.70118295,0,0
0,0,-0.5298605336,-1.427375108,2,0
0,0,-0.8204234077,-2.905628741,0,0
0,0,-1.169272971,-3.488495636,0,-1
1,1,-1.62533021,-4.560572388
0,0,0,0,2,0
0,0,-0.0830003943,-0.830003943,0,0
0,0,-0.07797192668,0.05028467613,2,0
0,0,-0.1716638767,-0.9369194999,1,0
0,0,-0.2996939358,-1.280300591,0,0
0,0,-0.3998123446,-1.001184088,0,0
0,0,-0.4744148926,-0.7460254806,2,0
0,0,-0.7018406401,-2.274257475,1,0
0,0,-1.037602472,-3.357618318,0,0
0,0,-1.454616627,-4.170141549,2,-1
1,1,-2.023242905,-5.686262783
0,0,0,0,2,0
0,0,-0.08414030186,-0.8414030186,0,0
0,0,-0.09301169439,-0.08871392535,0,0
0,0,-0.04151144425,0.5150025014,0,0
0,0,0.09082511072,1.32336555,1,0
0,0,0.2375001563,1.466750456,0,0
0,0,0.5253390702,2.878389138,1,0
0,0,0.9003731087,3.750340385,2,0
0,0,1.334920486,4.345473772,2,-1
1,1,1.888478709,5.535582232
0,0,0,0,2,0
0,0,-0.1027497667,-1.027497667,1,0
0,0,-0.2117400404,-1.089902737,1,0
0,0,-0.3648953966,-1.531553562,2,0
0,0,-0.6504195255,-2.855241289,2,0
0,0,-1.091109307,-4.406897812,2,-1
1,1,-1.687662202,-5.965528952
0,0,0,0,0,0
0,0,0.08965258022,0.8965258022,1,0
0,0,0.1874343702,0.9778179001,0,0
0,0,0.4092480599,2.218136897,1,0
0,0,0.6999929938,2.907449339,2,0
0,0,1.025210148,3.252171544,0,0
0,0,1.511874494,4.866643462,2,-1
1,1,2.138152477,6.262779826
0,0,0,0,2,0
0,0,-0.08804917367,-0.8804917367,0,0
0,0,-0.09543754469,-0.07388371028,1,0
0,0,-0.1086639504,-0.1322640567,0,0
0,0,-0.04311043226,0.6555351811,1,0
0,0,0.006422899135,0.495333314,1,0
0,0,0.04831584984,0.418929507,0,0
0,0,0.1815054074,1.331895576,0,0
0,0,0.4227794647,2.412740573,0,0
0,0,0.8020952354,3.793157707,1,0
0,0,1.279779917,4.776846814,1,-1
1,1,1.888493896,6.087139788
0,0,0,0,2,0
0,0,-0.08068981656,-0.8068981656,2,0
0,0,-0.2765750389,-1.958852223,1,0
0,0,-0.5045045825,-2.279295436,0,0
0,0,-0.7340781838,-2.295736013,1,0
0,0,-1.054726637,-3.206484531,0,0
0,0,-1.455363018,-4.006363812,0,-1
1,1,-1.991948032,-5.365850138
0,0,0,0,1,0
0,0,-0.008485262826,-0.08485262826,2,0
0,0,-0.09654360796,-0.8805834513,1,0
0,0,-0.1947414663,-0.9819785839,1,0
0,0,-0.3233612424,-1.286197761,1,0
0,0,-0.495629739,-1.722684965,1,0
0,0,-0.7515429172,-2.559131782,0,0
0,0,-1.052295272,-3.007523553,0,0
0,0,-1.439669273,-3.873740003,2,-1
1,1,-1.981119135,-5.414498626
0,0,0,0,2,0
0,0,-0.09391238742,-0.9391238742,1,0
0,0,-0.1906359691,-0.9672358172,1,0
0,0,-0.3041954971,-1.135595279,1,0
0,0,-0.4562923504,-1.520968533,1,0
0,0,-0.6940218617,-2.377295113,1,0
0,0,-1.024214767,-3.301929051,1,0
0,0,-1.474087574,-4.498728075,0,-1
1,1,-2.059969836,-5.858822616
0,0,0,0,0,0
0,0,0.1043259143,1.043259143,0,0
0,0,0.3193208762,2.149949619,2,0
0,0,0.5059778178,1.866569415,2,0
0,0,0.7111199827,2.05142165,0,0
0,0,1.07108143,3.599614476,2,0
0,0,1.513411815,4.423303849,1,-1
1,1,2.101456565,5.880447494
0,0,0,0,0,0
0,0,0.1032746712,1.032746712,2,0
0,0,0.1527459793,0.4947130805,2,0
0,0,0.1526903438,-0.0005563542569,0,0
0,0,0.2786131505,1.259228067,2,0
0,0,0.3580514407,0.7943829015,0,0
0,0,0.5671037384,2.090522978,2,0
0,0,0.7947551965,2.276514581,2,0
0,0,1.082617146,2.878619499,2,0
0,0,1.460116155,3.774990084,1,-1
1,1,1.98303773,5.229215754
0,0,0,0,0,0
0,0,0.09221678133,0.9221678133,2,0
0,0,0.1211996056,0.2898282432,1,0
0,0,0.1796572398,0.584576342,0,0
0,0,0.3620790996,1.824218597,0,0
0,0,0.6738954854,3.118163859,1,0
0,0,1.078174785,4.042792996,0,-1
1,1,1.636051249,5.578764639
0,0,0,0,1,0
0,0,0.002215840806,0.02215840806,2,0
0,0,-0.09578275838,-0.9799859919,1,0
0,0,-0.2228152987,-1.270325404,1,0
0,0,-0.3972299345,-1.744146358,0,0
0,0,-0.5660793828,-1.688494483,2,0
0,0,-0.9052315151,-3.391521322,0,0
0,0,-1.305199425,-3.9996791,2,-1
1,1,-1.86032134,-5.551219145
0,0,0,0,1,0
0,0,0.013243075,0.13243075,2,0
0,0,-0.07605654036,-0.8929961536,2,0
0,0,-0.2588756932,-1.828191528,0,0
0,0,-0.4102225075,-1.513468143,2,0
0,0,-0.6934779632,-2.832554558,1,0
0,0,-1.082071962,-3.885939985,0,0
0,0,-1.555425359,-4.733533969,2,-1
1,1,-2.176383258,-6.209578989
0,0,0,0,1,0
0,0,0.01194011852,0.1194011852,0,0
0,0,0.100650651,0.8871053243,2,0
0,0,0.124974232,0.2432358106,2,0
0,0,0.06796450731,-0.570097247,0,0
0,0,0.1172389582,0.4927445093,2,0
0,0,0.1115830732,-0.05655885051,1,0
0,0,0.1372359192,0.2565284599,2,0
0,0,0.1080627008,-0.2917321837,0,0
0,0,0.1946835302,0.8662082938,1,0
0,0,0.3189759732,1.24292443,0,0
0,0,0.5827013359,2.637253627,2,0
0,0,0.8702042159,2.8750288,1,0
0,0,1.278888046,4.086838298,0,-1
1,1,1.842319863,5.634318176
0,0,0,0,0,0
0,0,0.07278595936,0.7278595936,2,0
0,0,0.05438934157,-0.1839661778,1,0
0,0,0.03644962548,-0.1793971609,2,0
0,0,-0.05480169029,-0.9125131577,0,0
0,0,-0.07445938901,-0.1965769873,1,0
0,0,-0.09790401381,-0.234446248,1,0
0,0,-0.1478483515,-0.4994433765,1,0
0,0,-0.2331977467,-0.8534939521,1,0
0,0,-0.3502657748,-1.170680282,2,0
0,0,-0.6108650423,-2.605992674,1,0
0,0,-0.9588397865,-3.479747442,1,0
0,0,-1.430603932,-4.71764146,1,-1
1,1,-2.04481868,-6.142147477
0,0,0,0,2,0
0,0,-0.08708238453,-0.8708238453,0,0
0,0,-0.1169994751,-0.2991709057,0,0
0,0,-0.07922986731,0.3776960779,2,0
0,0,-0.133921183,-0.5469131565,1,0
0,0,-0.2018913252,-0.679701422,2,0
0,0,-0.3983699925,-1.964786674,2,0
0,0,-0.7506115156,-3.52241523,0,0
0,0,-1.132002108,-3.813905927,0,-1
1,1,-1.609777987,-4.77775879
0,0,0,0,2,0
0,0,-0.0916513015,-0.916513015,2,0
0,0,-0.2890709676,-1.974196661,2,0
0,0,-0.6124785266,-3.23407559,0,0
0,0,-0.9530786591,-3.406001325,1,0
0,0,-1.411320984,-4.582423247,0,-1
1,1,-2.000014319,-5.886933351
0,0,0,0,1,0
0,0,-0.002945387634,-0.02945387634,0,0
0,0,0.07283808834,0.7578347597,2,0
0,0,0.09035448965,0.1751640132,1,0
0,0,0.1107285292,0.2037403951,2,0
0,0,0.07184764661,-0.3888088255,1,0
0,0,0.05535214327,-0.1649550334,2,0
0,0,-0.02214788421,-0.7750002748,1,0
0,0,-0.08831682327,-0.6616893906,2,0
0,0,-0.2407015706,-1.523847474,1,0
0,0,-0.4409833122,-2.002817416,1,0
0,0,-0.7253888956,-2.844055834,1,0
0,0,-1.099042413,-3.736535174,0,0
0,0,-1.557958919,-4.589165056,2,-1
1,1,-2.164561515,-6.066025967
0,0,0,0,1,0
0,0,0.008367917509,0.08367917509,2,0
0,0,-0.06212228447,-0.7049020198,0,0
0,0,-0.07059370897,-0.08471424493,2,0
0,0,-0.1901576072,-1.195638982,0,0
0,0,-0.2598630135,-0.6970540631,0,0
0,0,-0.2955090143,-0.3564600084,1,0
0,0,-0.3868319359,-0.9132292159,0,0
0,0,-0.4583462197,-0.7151428379,2,0
0,0,-0.6739893013,-2.156430816,0,0
0,0,-0.9145656603,-2.40576359,2,0
0,0,-1.3248803,-4.103146393,1,-1
1,1,-1.876399133,-5.515188332
0,0,0,0,1,0
0,0,0.008351717717,0.08351717717,0,0
0,0,0.1207665317,1.12414814,0,0
0,0,0.3393659289,2.185993972,1,0
0,0,0.612775073,2.73409144,2,0
0,0,0.9009375437,2.881624708,1,0
0,0,1.303875866,4.029383226,1,-1
1,1,1.841754907,5.378790406
0,0,0,0,2,0
0,0,-0.07745629427,-0.7745629427,1,0
0,0,-0.1520402146,-0.7458392037,0,0
0,0,-0.1807036886,-0.2866347391,2,0
0,0,-0.3347235528,-1.540198642,0,0
0,0,-0.4638802142,-1.291566614,2,0
0,0,-0.7402569673,-2.763767531,1,0
0,0,-1.112742966,-3.72485999,0,-1
1,1,-1.580008921,-4.672659553
0,0,0,0,2,0
0,0,-0.09663698507,-0.9663698507,0,0
0,0,-0.1229228702,-0.2628588514,2,0
0,0,-0.2487470359,-1.258241657,2,0
0,0,-0.5167472464,-2.680002105,1,0
0,0,-0.8666253719,-3.498781255,0,0
0,0,-1.281856313,-4.152309415,2,-1
1,1,-1.858124034,-5.762677208
0,0,0,0,1,0
0,0,0.01618922871,0.1618922871,0,0
0,0,0.1332629515,1.170737228,1,0
0,0,0.2651940564,1.319311049,0,0
0,0,0.5313649988,2.661709424,0,0
0,0,0.9544744489,4.231094501,0,0
0,0,1.543993871,5.895194216,2,-1
1,1,2.277035694,7.330418235
0,0,0,0,0,0
0,0,0.09700376155,0.9700376155,1,0
0,0,0.2172622351,1.202584735,1,0
0,0,0.363054609,1.457923739,1,0
0,0,0.5608841478,1.978295388,0,0
0,0,0.9195365662,3.586524184,0,0
0,0,1.433170124,5.136335582,0,-1
1,1,2.099277627,6.661075022
0,0,0,0,1,0
0,0,-0.004222388824,-0.04222388824,2,0
0,0,-0.1043486195,-1.001262307,1,0
0,0,-0.21996518,-1.156165605,0,0
0,0,-0.2804888732,-0.6052369324,2,0
0,0,-0.4559796009,-1.754907277,1,0
0,0,-0.6925701985,-2.365905976,1,0
0,0,-1.028658406,-3.360882075,1,0
0,0,-1.49000474,-4.613463338,2,-1
1,1,-2.101426716,-6.114219758
0,0,0,0,1,0
0,0,6.145779646e-05,0.0006145779646,0,0
0,0,0.0899597041,0.898982463,2,0
0,0,0.1207074977,0.3074779358,0,0
0,0,0.2609314689,1.402239712,1,0
0,0,0.4275895743,1.666581055,2,0
0,0,0.5837728579,1.561832835,1,0
0,0,0.8290171481,2.452442903,1,0
0,0,1.190157152,3.611400038,1,-1
1,1,1.67878914,4.886319881
0,0,0,0,0,0
0,0,0.07075895043,0.7075895043,2,0
0,0,0.05765934973,-0.130996007,1,0
0,0,0.06058320543,0.02923855696,1,0
0,0,0.05905977103,-0.015234344,2,0
0,0,-0.03455134899,-0.9361112002,1,0
0,0,-0.1189640881,-0.8441273916,1,0
0,0,-0.2273926648,-1.084285766,0,0
0,0,-0.3027193762,-0.753267114,0,0
0,0,-0.3305330521,-0.2781367594,0,0
0,0,-0.3274351649,0.03097887236,2,0
0,0,-0.4478144564,-1.203792915,1,0
0,0,-0.6370709175,-1.892564612,2,0
0,0,-0.9914785974,-3.544076799,2,0
0,0,-1.515663912,-5.241853144,2,-1
1,1,-2.187829292,-6.721653803
0,0,0,0,0,0
0,0,0.09022423422,0.9022423422,2,0
0,0,0.1053833465,0.1515911225,1,0
0,0,0.1315099114,0.2612656496,2,0
0,0,0.09913202692,-0.3237788451,0,0
0,0,0.1857356232,0.8660359629,0,0
0,0,0.3880283364,2.022927132,0,0
0,0,0.7272043761,3.391760397,1,0
0,0,1.153656158,4.264517818,2,-1
1,1,1.676316395,5.226602369
0,0,0,0,2,0
0,0,-0.09975805618,-0.9975805618,1,0
0,0,-0.2184243311,-1.186662749,0,0
0,0,-0.2734344964,-0.5501016533,1,0
0,0,-0.3640435967,-0.9060910031,0,0
0,0,-0.4341135195,-0.700699228,2,0
0,0,-0.6626929078,-2.285793882,0,0
0,0,-0.9344879877,-2.717950799,0,0
0,0,-1.279033468,-3.445454807,2,-1
1,1,-1.784947655,-5.059141862
0,0,0,0,0,0
0,0,0.09303731802,0.9303731802,1,0
0,0,0.2169663304,1.239290123,1,0
0,0,0.3788709922,1.619046619,0,0
0,0,0.6918205902,3.129495979,1,0
0,0,1.096386434,4.045658436,1,-1
1,1,1.628658354,5.322719199
0,0,0,0,1,0
0,0,-1.237893875e-05,-0.0001237893875,1,0
0,0,0.01231269821,0.1232507714,2,0
0,0,-0.04825622943,-0.6056892763,2,0
0,0,-0.2172519583,-1.689957289,2,0
0,0,-0.5132098879,-2.959579296,0,0
0,0,-0.8252724476,-3.120625597,2,0
0,0,-1.297354424,-4.720819766,0,-1
1,1,-1.880301524,-5.829470999
0,0,0,0,2,0
0,0,-0.0737513737,-0.737513737,0,0
0,0,-0.06601608316,0.07735290538,1,0
0,0,-0.06862512321,-0.02609040047,1,0
0,0,-0.07632172491,-0.076966017,1,0
0,0,-0.08819802943,-0.1187630452,2,0
0,0,-0.2055372031,-1.173391737,0,0
0,0,-0.2802443353,-0.7470713219,0,0
0,0,-0.3090079197,-0.2876358434,1,0
0,0,-0.4055125782,-0.9650465852,1,0
0,0,-0.5824056773,-1.768930991,1,0
0,0,-0.8533549175,-2.709492402,1,0
0,0,-1.227954263,-3.745993459,0,-1
1,1,-1.713684869,-4.857306052
0,0,0,0,0,0
0,0,0.08874007271,0.8874007271,1,0
0,0,0.1808621255,0.9212205283,1,0
0,0,0.2912296882,1.103675627,1,0
0,0,0.4613889055,1.701592173,2,0
0,0,0.6366463363,1.752574308,1,0
0,0,0.9165371122,2.79890776,1,0
0,0,1.312916636,3.96379524,0,-1
1,1,1.865608699,5.526920631
0,0,0,0,2,0
0,0,-0.0818165193,-0.818165193,2,0
0,0,-0.252728987,-1.709124677,2,0
0,0,-0.5642949916,-3.115660046,2,0
0,0,-1.036523011,-4.722280194,0,-1
1,1,-1.581588793,-5.450657822
0,0,0,0,1,0
0,0,0.01420906106,0.1420906106,0,0
0,0,0.1271506317,1.129415706,0,0
0,0,0.3624654037,2.353147721,2,0
0,0,0.5725832385,2.101178347,0,0
0,0,0.9465848487,3.740016102,2,0
0,0,1.382900863,4.363160143,0,-1
1,1,1.971134787,5.882339236
0,0,0,0,2,0
0,0,-0.08874230207,-0.8874230207,0,0
0,0,-0.1164161943,-0.2767389228,0,0
0,0,-0.08155535913,0.3486083522,2,0
0,0,-0.1341563045,-0.5260094541,2,0
0,0,-0.3129242351,-1.787679305,0,0
0,0,-0.4545975761,-1.416733411,0,0
0,0,-0.6065654995,-1.519679234,0,0
0,0,-0.7735163008,-1.669508013,0,0
0,0,-0.9813016458,-2.07785345,2,0
0,0,-1.359337933,-3.780362874,2,-1
1,1,-1.893094599,-5.337566661
0,0,0,0,2,0
0,0,-0.09351052287,-0.9351052287,0,0
0,0,-0.09825329339,-0.04742770519,0,0
0,0,-0.04706595976,0.5118733363,2,0
0,0,-0.0863615167,-0.3929555693,1,0
0,0,-0.1356969709,-0.4933545417,0,0
0,0,-0.1057386549,0.2995831597,2,0
0,0,-0.1668949421,-0.6115628725,0,0
0,0,-0.1555277548,0.113671873,1,0
0,0,-0.1689986579,-0.1347090306,0,0
0,0,-0.1420474185,0.2695123943,2,0
0,0,-0.2340332841,-0.9198586564,0,0
0,0,-0.2660075145,-0.319742304,1,0
0,0,-0.3539562954,-0.8794878088,1,0
0,0,-0.5101021338,-1.561458384,1,0
0,0,-0.7315484871,-2.214463533,1,0
0,0,-1.055659257,-3.241107702,2,0
0,0,-1.537310591,-4.816513342,0,-1
1,1,-2.161936651,-6.246260596
0,0,0,0,2,0
0,0,-0.09719867196,-0.9719867196,1,0
0,0,-0.1997270877,-1.025284157,0,0
0,0,-0.2613780852,-0.6165099749,1,0
0,0,-0.3538210828,-0.9244299762,1,0
0,0,-0.5019048524,-1.480837696,2,0
0,0,-0.7912085785,-2.893037261,2,0
0,0,-1.249054387,-4.578458082,0,-1
1,1,-1.817192514,-5.681381269
0,0,0,0,0,0
0,0,0.1005039481,1.005039481,1,0
0,0,0.2241843602,1.236804121,0,0
0,0,0.4846998565,2.605154963,1,0
0,0,0.824807958,3.401081015,0,0
0,0,1.333626886,5.088189281,2,-1
1,1,1.962193302,6.285664156
0,0,0,0,2,0
0,0,-0.07669905081,-0.7669905081,2,0
0,0,-0.2603948165,-1.836957657,1,0
0,0,-0.4824157816,-2.220209651,0,0
0,0,-0.6930452514,-2.106294698,1,0
0,0,-0.9992149551,-3.061697037,0,0
0,0,-1.385942828,-3.867278726,1,-1
1,1,-1.915910649,-5.299678209
0,0,0,0,2,0
0,0,-0.07902418989,-0.7902418989,1,0
0,0,-0.1766584089,-0.9763421901,0,0
0,0,-0.205386137,-0.2872772808,0,0
0,0,-0.1941768672,0.1120926979,1,0
0,0,-0.2101283268,-0.1595145956,2,0
0,0,-0.3393884922,-1.292601655,0,0
0,0,-0.4415690174,-1.021805252,1,0
0,0,-0.6260185862,-1.844495688,0,0
0,0,-0.827050825,-2.010322388,1,0
0,0,-1.142429663,-3.153788383,2,-1
1,1,-1.625654384,-4.832247205
0,0,0,0,0,0
0,0,0.09708122813,0.9708122813,2,0
0,0,0.1389109804,0.4182975226,0,0
0,0,0.286682361,1.477713806,0,0
0,0,0.5697920098,2.831096488,2,0
0,0,0.8745885983,3.047965885,0,0
0,0,1.347919081,4.733304831,0,-1
1,1,1.976312415,6.283933336
0,0,0,0,0,0
0,0,0.09495298051,0.9495298051,1,0
0,0,0.197028678,1.020756975,2,0
0,0,0.2635644257,0.6653574767,2,0
0,0,0.2872223152,0.2365788954,2,0
0,0,0.2779626109,-0.0925970431,0,0
0,0,0.3913937329,1.13431122,2,0
0,0,0.4860700848,0.9467635191,1,0
0,0,0.6604444862,1.743744013,2,0
0,0,0.8701638828,2.097193967,0,0
0,0,1.255368487,3.852046045,0,-1
1,1,1.801151934,5.457834463
0,0,0,0,0,0
0,0,0.09848495923,0.9848495923,0,0
0,0,0.2863448337,1.878598745,2,0
0,0,0.4447163541,1.583715204,0,0
0,0,0.7441239947,2.994076406,1,0
0,0,1.147715592,4.035915975,2,-1
1,1,1.651325436,5.036098439
0,0,0,0,2,0
0,0,-0.0902345268,-0.902345268,1,0
0,0,-0.1885832935,-0.9834876669,0,0
0,0,-0.231472962,-0.4288966849,0,0
0,0,-0.2407960826,-0.09323120658,1,0
0,0,-0.30229739,-0.6150130733,1,0
0,0,-0.4158180373,-1.135206473,2,0
0,0,-0.6847402024,-2.689221652,0,0
0,0,-0.9806081863,-2.958679839,1,0
0,0,-1.395986007,-4.153778204,0,-1
1,1,-1.941479441,-5.454934344
0,0,0,0,1,0
0,0,-0.01384295201,-0.1384295201,1,0
0,0,-0.02456586044,-0.1072290844,0,0
0,0,0.06525430312,0.8982016356,1,0
0,0,0.1642876639,0.9903336078,1,0
0,0,0.2866384026,1.223507387,2,0
0,0,0.3597948576,0.7315645496,0,0
0,0,0.5833543752,2.235595176,2,0
0,0,0.8169333913,2.335790162,2,0
0,0,1.097836092,2.80902701,1,0
0,0,1.512590845,4.147547526,0,-1
1,1,2.077490619,5.648997738
0,0,0,0,2,0
0,0,-0.0784488382,-0.784488382,0,0
0,0,-0.07946606536,-0.01017227162,2,0
0,0,-0.1909222766,-1.114562112,2,0
0,0,-0.4259696496,-2.35047373,2,0
0,0,-0.8056693695,-3.796997199,2,0
0,0,-1.347944856,-5.422754864,1,-1
1,1,-2.025117913,-6.771730568
0,0,0,0,1,0
0,0,0.003793191504,0.03793191504,1,0
0,0,-0.002525474847,-0.06318666351,0,0
0,0,0.08791223977,0.9043771462,0,0
0,0,0.2843222086,1.964099689,0,0
0,0,0.6108670356,3.26544827,2,0
0,0,0.9500450757,3.391780401,1,0
0,0,1.410512261,4.604671857,2,-1
1,1,1.999973258,5.894609971
0,0,0,0,0,0
0,0,0.07060653174,0.7060653174,0,0
0,0,0.2483163475,1.777098157,2,0
0,0,0.3743886662,1.260723188,0,0
0,0,0.641153508,2.667648418,2,0
0,0,0.9234169456,2.822634375,1,0
0,0,1.316897338,3.934803929,1,-1
1,1,1.851452423,5.34555085
0,0,0,0,1,0
0,0,0.01564885564,0.1564885564,0,0
0,0,0.1321834819,1.165346262,0,0
0,0,0.3425058306,2.103223487,0,0
0,0,0.7035719976,3.61066167,1,0
0,0,1.154703259,4.511312617,2,-1
1,1,1.695418297,5.407150372
0,0,0,0,2,0
0,0,-0.07231016929,-0.7231016929,0,0
0,0,-0.07050745738,0.01802711906,2,0
0,0,-0.1761025595,-1.055951021,1,0
0,0,-0.3003371412,-1.242345818,1,0
0,0,-0.4856299325,-1.852927912,1,0
0,0,-0.7563867066,-2.707567742,2,0
0,0,-1.199539049,-4.431523425,2,-1
1,1,-1.798248908,-5.98709859
0,0,0,0,1,0
0,0,0.006991677027,0.06991677027,0,0
0,0,0.09264468246,0.8565300543,1,0
0,0,0.210794551,1.181498685,0,0
0,0,0.4602584056,2.494638546,0,0
0,0,0.8553390554,3.950806499,2,0
0,0,1.3011633,4.458242448,2,-1
1,1,1.864258421,5.630951212
0,0,0,0,0,0
0,0,0.08696326525,0.8696326525,0,0
0,0,0.27032615,1.833628847,0,0
0,0,0.5663786827,2.960525327,1,0
0,0,0.9327202056,3.663415229,0,0
0,0,1.454633339,5.219131339,1,-1
1,1,2.117380619,6.627472794
0,0,0,0,2,0
0,0,-0.07923282414,-0.7923282414,0,0
0,0,-0.07923218431,6.398383735e-06,1,0
0,0,-0.07709662046,0.0213556385,2,0
0,0,-0.1767218291,-0.9962520865,2,0
0,0,-0.3951382563,-2.184164272,1,0
0,0,-0.6642163822,-2.690781259,0,0
0,0,-0.9574078866,-2.931915043,0,0
0,0,-1.319032075,-3.616241883,0,-1
1,1,-1.801020166,-4.819880908
0,0,0,0,0,0
0,0,0.09592968216,0.9592968216,2,0
0,0,0.113015437,0.1708575486,0,0
0,0,0.2351149027,1.220994657,2,0
0,0,0.3135063788,0.7839147604,0,0
0,0,0.5331076182,2.196012394,1,0
0,0,0.8349033574,3.017957392,1,0
0,0,1.249144747,4.142413894,2,-1
1,1,1.772146873,5.230021263
0,0,0,0,0,0
0,0,0.07951154088,0.7951154088,2,0
0,0,0.0964419663,0.1693042542,0,0
0,0,0.218317139,1.218751727,2,0
0,0,0.2744915674,0.5617442839,0,0
0,0,0.4605647752,1.860732077,1,0
0,0,0.7118108605,2.512460853,2,0
0,0,1.001245721,2.89434861,2,0
0,0,1.36507342,3.638276985,2,-1
1,1,1.855191682,4.901182622
0,0,0,0,0,0
0,0,0.1031290831,1.031290831,0,0
0,0,0.3027829346,1.996538515,2,0
0,0,0.4681246644,1.653417298,2,0
0,0,0.6407141188,1.725894544,2,0
0,0,0.8435269817,2.028128629,0,0
0,0,1.211715215,3.681882336,2,-1
1,1,1.687769782,4.760545666
0,0,0,0,0,0
0,0,0.07543593963,0.7543593963,1,0
0,0,0.1576984724,0.8226253273,0,0
0,0,0.3572760127,1.995775403,1,0
0,0,0.6100769168,2.528009041,2,0
0,0,0.8724142783,2.623373615,2,0
0,0,1.193563798,3.211495199,1,-1
1,1,1.651541015,4.579772165
0,0,0,0,2,0
0,0,-0.08767996164,-0.8767996164,2,0
0,0,-0.2764708119,-1.887908503,0,0
0,0,-0.4386424369,-1.62171625,0,0
0,0,-0.6073048723,-1.686624353,2,0
0,0,-0.9469326155,-3.396277433,1,0
0,0,-1.399648669,-4.527160533,2,-1
1,1,-2.006631253,-6.069825844
0,0,0,0,0,0
0,0,0.1036182775,1.036182775,2,0
0,0,0.1351857234,0.3156744595,1,0
0,0,0.1843739749,0.4918825145,2,0
0,0,0.1883159154,0.03941940462,0,0
0,0,0.301657583,1.133416677,1,0
0,0,0.4515453975,1.498878145,0,0
0,0,0.7564485014,3.049031039,0,0
0,0,1.221108721,4.646602196,1,-1
1,1,1.816778886,5.956701646
0,0,0,0,1,0
0,0,0.01057422227,0.1057422227,2,0
0,0,-0.07173200205,-0.8230622432,0,0
0,0,-0.06623679106,0.05495210982,2,0
0,0,-0.1724689881,-1.06232197,2,0
0,0,-0.399571925,-2.271029369,0,0
0,0,-0.5952941711,-1.957222461,2,0
0,0,-0.9412616239,-3.459674529,0,0
0,0,-1.350156719,-4.088950951,0,-1
1,1,-1.879420971,-5.29264252
0,0,0,0,1,0
0,0,0.00465985977,0.0465985977,0,0
0,0,0.1039555483,0.992956885,2,0
0,0,0.1444969273,0.4054137905,0,0
0,0,0.3093284108,1.648314835,1,0
0,0,0.5093269376,1.999985269,1,0
0,0,0.7913738064,2.820468688,2,0
0,0,1.121675468,3.303016616,0,-1
1,1,1.618375689,4.967002209
0,0,0,0,1,0
0,0,-0.009388218507,-0.09388218507,1,0
0,0,-0.01966852814,-0.1028030963,1,0
0,0,-0.05045080753,-0.3078227939,1,0
0,0,-0.07433501635,-0.2388420881,0,0
0,0,-0.03473441983,0.3960059651,1,0
0,0,-0.0117267761,0.2300764373,0,0
0,0,0.1145884261,1.263152022,1,0
0,0,0.2456936517,1.311052256,1,0
0,0,0.4238628045,1.781691528,0,0
0,0,0.7398912626,3.160284581,0,0
0,0,1.227443343,4.875520808,1,-1
1,1,1.848828562,6.213852181
0,0,0,0,0,0
0,0,0.07599067077,0.7599067077,1,0
0,0,0.1619709136,0.8598024284,1,0
0,0,0.2855386816,1.23567768,2,0
0,0,0.3669180332,0.8137935157,1,0
0,0,0.5200924399,1.531744067,1,0
0,0,0.7403746268,2.202821869,0,0
0,0,1.115977535,3.756029086,0,-1
1,1,1.649746341,5.337688053
0,0,0,0,1,0
0,0,-0.007616468056,-0.07616468056,0,0
0,0,0.06472393457,0.7234040263,0,0
0,0,0.2221096786,1.57385744,2,0
0,0,0.3242943654,1.021846869,2,0
0,0,0.4139806561,0.8968629072,0,0
0,0,0.6477736479,2.337929918,0,0
0,0,1.043111888,3.953382402,0,-1
1,1,1.605338292,5.622264036
0,0,0,0,2,0
0,0,-0.09689221497,-0.9689221497,0,0
0,0,-0.1122647352,-0.1537252023,0,0
0,0,-0.05071169485,0.6155304035,0,0
0,0,0.09252874612,1.43240441,1,0
0,0,0.2684426068,1.759138607,0,0
0,0,0.5573709616,2.889283548,1,0
0,0,0.9204364943,3.630655327,1,0
0,0,1.399879657,4.794431631,2,-1
1,1,2.005113995,6.052343372
0,0,0,0,0,0
0,0,0.07758408338,0.7758408338,2,0
0,0,0.0866984298,0.0911434642,1,0
0,0,0.09868717525,0.1198874545,2,0
0,0,0.02727361221,-0.7141356304,2,0
0,0,-0.1244501098,-1.51723722,2,0
0,0,-0.3802844543,-2.558343446,0,0
0,0,-0.6196081379,-2.393236836,1,0
0,0,-0.9388992755,-3.192911376,2,0
0,0,-1.429891972,-4.909926966,1,-1
1,1,-2.062192561,-6.323005889
0,0,0,0,1,0
0,0,-0.0008444568858,-0.008444568858,1,0
0,0,-0.01180131544,-0.1095685855,1,0
0,0,-0.02716407872,-0.1536276328,0,0
0,0,0.03610993289,0.6327401161,2,0
0,0,0.01593234021,-0.2017759268,1,0
0,0,-0.01598896483,-0.3192130504,0,0
0,0,0.02696584046,0.429548053,1,0
0,0,0.08482279129,0.5785695082,0,0
0,0,0.2311113053,1.46288514,1,0
0,0,0.428529759,1.974184537,2,0
0,0,0.6122843849,1.837546259,2,0
0,0,0.8257774381,2.134930532,0,0
0,0,1.215923381,3.901459428,1,-1
1,1,1.735786216,5.198628347
0,0,0,0,0,0
0,0,0.07969022636,0.7969022636,1,0
0,0,0.1898188015,1.101285752,0,0
0,0,0.4196991698,2.298803683,0,0
0,0,0.7842081158,3.64508946,0,0
0,0,1.297391448,5.131833323,1,-1
1,1,1.945423474,6.480320264
0,0,0,0,2,0
0,0,-0.1011153954,-1.011153954,1,0
0,0,-0.203485298,-1.023699026,0,0
0,0,-0.2542815656,-0.5079626752,1,0
0,0,-0.3610520424,-1.067704768,2,0
0,0,-0.6180537735,-2.570017312,2,0
0,0,-1.03377142,-4.157176467,1,-1
1,1,-1.575874638,-5.421032183
0,0,0,0,1,0
0,0,0.01299548431,0.1299548431,0,0
0,0,0.1175383828,1.045428985,0,0
0,0,0.3269758617,2.094374789,0,0
0,0,0.6594291386,3.324532769,2,0
0,0,1.005220517,3.457913787,0,0
0,0,1.51792272,5.127022031,0,-1
1,1,2.179779166,6.618564453
0,0,0,0,1,0
0,0,-0.0007771982805,-0.007771982805,0,0
0,0,0.0883767137,0.8915391198,2,0
0,0,0.09973058499,0.1135387129,0,0
0,0,0.2085153124,1.087847274,0,0
0,0,0.4513676481,2.428523357,1,0
0,0,0.7687124407,3.173447926,1,0
0,0,1.196611433,4.278989919,2,-1
1,1,1.728760891,5.321494589
0,0,0,0,0,0
0,0,0.07698870066,0.7698870066,0,0
0,0,0.2713514976,1.943627969,2,0
0,0,0.4226635029,1.513120053,0,0
0,0,0.7278553299,3.05191827,2,0
0,0,1.070589864,3.427345342,2,0
0,0,1.499007732,4.284178681,0,-1
1,1,2.078480919,5.794731867
0,0,0,0,0,0
0,0,0.07077855501,0.7077855501,2,0
0,0,0.06116522943,-0.09613325581,2,0
0,0,-0.04185527432,-1.030205038,2,0
0,0,-0.23213039,-1.902751157,2,0
0,0,-0.5566724403,-3.245420503,0,0
0,0,-0.8845123615,-3.278399211,0,0
0,0,-1.279439199,-3.949268375,0,-1
1,1,-1.791848182,-5.124089834
0,0,0,0,2,0
0,0,-0.08223253996,-0.8223253996,2,0
0,0,-0.268673918,-1.86441378,1,0
0,0,-0.5090267202,-2.403528022,0,0
0,0,-0.7552087881,-2.461820679,1,0
0,0,-1.110098333,-3.548895447,2,-1
1,1,-1.621171887,-5.110735545
0,0,0,0,0,0
0,0,0.09921760807,0.9921760807,0,0
0,0,0.3145095936,2.152919855,0,0
0,0,0.6529524013,3.384428076,1,0
0,0,1.084923424,4.319710231,2,-1
1,1,1.605639203,5.207157792
0,0,0,0,2,0
0,0,-0.07287714629,-0.7287714629,0,0
0,0,-0.08697053798,-0.1409339169,0,0
0,0,-0.03066903486,0.5630150312,0,0
0,0,0.108042552,1.387115869,0,0
0,0,0.3443282409,2.362856889,1,0
0,0,0.635423576,2.910953351,0,0
0,0,1.09187095,4.564473735,0,-1
1,1,1.704050883,6.121799332
0,0,0,0,2,0
0,0,-0.1030860212,-1.030860212,1,0
0,0,-0.2325928582,-1.29506837,1,0
0,0,-0.403493007,-1.709001488,2,0
0,0,-0.7174303253,-3.139373184,1,0
0,0,-1.139918213,-4.224878873,2,-1
1,1,-1.718700267,-5.787820546
0,0,0,0,2,0
0,0,-0.07163551208,-0.7163551208,1,0
0,0,-0.1659753027,-0.9433979065,2,0
0,0,-0.3849031129,-2.189278102,1,0
0,0,-0.6746422719,-2.89739159,0,0
0,0,-0.9825237227,-3.078814508,2,0
0,0,-1.461470025,-4.789463023,0,-1
1,1,-2.073359806,-6.118897809
0,0,0,0,0,0
0,0,0.09809264301,0.9809264301,1,0
0,0,0.2021302355,1.040375925,0,0
0,0,0.4372907645,2.351605291,1,0
0,0,0.7533398707,3.160491062,1,0
0,0,1.179311232,4.259713617,2,-1
1,1,1.709355925,5.30044693
0,0,0,0,2,0
0,0,-0.0737617846,-0.737617846,1,0
0,0,-0.1562029101,-0.8244112554,1,0
0,0,-0.2717086361,-1.155057259,2,0
0,0,-0.5117619029,-2.400532668,0,0
0,0,-0.7487479087,-2.369860058,2,0
0,0,-1.160020633,-4.112727246,2,-1
1,1,-1.730097525,-5.700768914
0,0,0,0,2,0
0,0,-0.07117394641,-0.7117394641,1,0
0,0,-0.1567371624,-0.85563216,0,0
0,0,-0.1885307587,-0.3179359631,0,0
0,0,-0.1503077623,0.3822299641,0,0
0,0,-0.04008702367,1.102207386,1,0
0,0,0.04961919905,0.8970622272,0,0
0,0,0.2300775091,1.8045831,2,0
0,0,0.3743406918,1.442631827,1,0
0,0,0.586269247,2.119285553,1,0
0,0,0.8951714778,3.089022308,1,0
0,0,1.312671004,4.174995258,1,-1
1,1,1.864250669,5.515796653
0,0,0,0,1,0
0,0,-0.009771086986,-0.09771086986,1,0
0,0,-0.02702568562,-0.1725459863,2,0
0,0,-0.1339607251,-1.069350395,0,0
0,0,-0.1767962103,-0.4283548518,0,0
0,0,-0.1491651209,0.2763108936,1,0
0,0,-0.1506716797,-0.01506558749,1,0
0,0,-0.1718534337,-0.2118175399,2,0
0,0,-0.3071056705,-1.352522369,0,0
0,0,-0.4032492814,-0.9614361086,1,0
0,0,-0.5519749367,-1.487256553,1,0
0,0,-0.7807163091,-2.287413725,0,0
0,0,-1.070187992,-2.894716829,2,0
0,0,-1.526039515,-4.558515234,2,-1
1,1,-2.131033763,-6.049942477
0,0,0,0,2,0
0,0,-0.07107692364,-0.7107692364,2,0
0,0,-0.2559279342,-1.848510105,1,0
0,0,-0.4740382567,-2.181103226,2,0
0,0,-0.8408520002,-3.668137435,2,0
0,0,-1.361495561,-5.206435607,2,-1
1,1,-2.034621669,-6.731261077
0,0,0,0,0,0
0,0,0.09306125938,0.9306125938,0,0
0,0,0.3011777708,2.081165114,0,0
0,0,0.655249021,3.540712503,2,0
0,0,1.037654681,3.824056603,0,-1
1,1,1.58477331,5.47118629
0,0,0,0,2,0
0,0,-0.08842370177,-0.8842370177,0,0
0,0,-0.0873850875,0.01038614268,1,0
0,0,-0.1066089535,-0.1922386599,0,0
0,0,-0.04332083786,0.6328811564,1,0
0,0,-0.004942470926,0.3837836693,2,0
0,0,-0.05156148376,-0.4661901283,2,0
0,0,-0.2044919145,-1.529304307,2,0
0,0,-0.4808535609,-2.763616465,2,0
0,0,-0.9066814691,-4.258279082,0,0
0,0,-1.389505353,-4.828238843,1,-1
1,1,-2.013177456,-6.23672103
0,0,0,0,2,0
0,0,-0.09230339463,-0.9230339463,2,0
0,0,-0.2814405127,-1.891371181,1,0
0,0,-0.5147307338,-2.332902211,1,0
0,0,-0.8219603537,-3.072296199,0,0
0,0,-1.18565419,-3.636938363,2,-1
1,1,-1.706770988,-5.211167978
0,0,0,0,1,0
0,0,-0.00602631653,-0.0602631653,0,0
0,0,0.06067664285,0.6670295938,1,0
0,0,0.1404511943,0.7977455143,0,0
0,0,0.3257582743,1.853070801,1,0
0,0,0.5541086113,2.283503369,2,0
0,0,0.7979846129,2.438760016,0,0
0,0,1.200594537,4.02609924,0,-1
1,1,1.763548725,5.629541884
0,0,0,0,0,0
0,0,0.08392597473,0.8392597473,1,0
0,0,0.1897389181,1.058129433,1,0
0,0,0.3144143408,1.246754227,0,0
0,0,0.5797202249,2.653058841,0,0
0,0,0.9985457566,4.188255316,0,-1
1,1,1.580005481,5.814597244
0,0,0,0,2,0
0,0,-0.08772518362,-0.8772518362,2,0
0,0,-0.2778180206,-1.90092837,1,0
0,0,-0.5270540551,-2.492360345,0,0
0,0,-0.777275342,-2.502212869,0,0
0,0,-1.06564642,-2.883710781,1,0
0,0,-1.48292187,-4.172754504,0,-1
1,1,-2.038948077,-5.560262065
0,0,0,0,1,0
0,0,-0.01702021898,-0.1702021898,0,0
0,0,0.05080128726,0.6782150624,2,0
0,0,0.04204657238,-0.08754714877,1,0
0,0,0.04108594802,-0.009606243646,0,0
0,0,0.1319248723,0.9083892433,2,0
0,0,0.1689336777,0.3700880538,1,0
0,0,0.2372614637,0.6832778598,2,0
0,0,0.2523665065,0.151050428,0,0
0,0,0.3778235836,1.25457077,0,0
0,0,0.6328510951,2.550275116,0,0
0,0,1.055735113,4.228840176,2,0
0,0,1.567601372,5.118662593,1,-1
1,1,2.226334984,6.587336116
0,0,0,0,1,0
0,0,-0.01674390985,-0.1674390985,2,0
0,0,-0.1314962885,-1.147523787,0,0
0,0,-0.1867646976,-0.5526840908,1,0
0,0,-0.2758538979,-0.890892003,0,0
0,0,-0.3287962577,-0.5294235976,1,0
0,0,-0.4258847853,-0.9708852761,0,0
0,0,-0.512046918,-0.8616213275,1,0
0,0,-0.6874494003,-1.754024823,2,0
0,0,-1.023196129,-3.357467285,1,0
0,0,-1.483368947,-4.601728177,0,-1
1,1,-2.081070719,-5.977017729
0,0,0,0,0,0
0,0,0.09043920284,0.9043920284,0,0
0,0,0.2989107586,2.084715558,1,0
0,0,0.5539704373,2.550596786,2,0
0,0,0.8250999903,2.711295531,2,0
0,0,1.14679649,3.216964999,0,-1
1,1,1.635335266,4.885387757
0,0,0,0,0,0
0,0,0.07630489712,0.7630489712,1,0
0,0,0.170998974,0.9469407688,1,0
0,0,0.3062162432,1.352172692,1,0
0,0,0.5083861425,2.021698993,0,0
0,0,0.8568442198,3.484580772,1,0
0,0,1.316357707,4.595134868,0,-1
1,1,1.927989676,6.116319692
0,0,0,0,0,0
0,0,0.1023957597,1.023957597,2,0
0,0,0.1442329966,0.4183723683,2,0
0,0,0.1354325818,-0.08800414779,2,0
0,0,0.05136605345,-0.8406652833,0,0
0,0,0.05368817838,0.02322124929,0,0
0,0,0.1443757573,0.9068757891,2,0
0,0,0.178667419,0.3429166171,1,0
0,0,0.2507164302,0.7204901118,1,0
0,0,0.3686895463,1.179731161,1,0
0,0,0.5361970135,1.675074672,0,0
0,0,0.8487100382,3.125130247,2,0
0,0,1.221327314,3.726172757,1,-1
1,1,1.726826406,5.054990925
0,0,0,0,1,0
0,0,0.01721364,0.1721364,2,0
0,0,-0.05170162752,-0.6891526752,2,0
0,0,-0.2211984301,-1.694968026,0,0
0,0,-0.3273765543,-1.061781242,2,0
0,0,-0.566759119,-2.393825647,0,0
0,0,-0.8213565766,-2.545974576,2,0
0,0,-1.252154606,-4.307980295,1,-1
1,1,-1.819972009,-5.678174029
0,0,0,0,0,0
0,0,0.07408789942,0.7408789942,2,0
0,0,0.07709053777,0.03002638346,2,0
0,0,-0.007096853752,-0.8418739152,2,0
0,0,-0.1951571526,-1.880602988,0,0
0,0,-0.3173941491,-1.222369965,0,0
0,0,-0.402577819,-0.8518366991,1,0
0,0,-0.5669459954,-1.643681765,0,0
0,0,-0.7458784958,-1.789325004,1,0
0,0,-1.035752924,-2.898744287,0,0
0,0,-1.409156887,-3.734039627,1,-1
1,1,-1.923074913,-5.139180261
0,0,0,0,1,0
0,0,-0.00984803633,-0.0984803633,1,0
0,0,-0.03590396183,-0.260559255,2,0
0,0,-0.1619143321,-1.260103703,1,0
0,0,-0.3307151997,-1.688008676,1,0
0,0,-0.5401859353,-2.094707356,0,0
0,0,-0.7578005567,-2.176146215,2,0
0,0,-1.138727973,-3.809274163,2,-1
1,1,-1.682150568,-5.434225951
0,0,0,0,2,0
0,0,-0.1005383796,-1.005383796,1,0
0,0,-0.2007212659,-1.001828862,1,0
0,0,-0.347502905,-1.467816392,1,0
0,0,-0.5644182601,-2.169153551,2,0
0,0,-0.9261044198,-3.616861597,1,0
0,0,-1.398356421,-4.722520008,1,-1
1,1,-2.012053726,-6.136973059
0,0,0,0,0,0
0,0,0.1005244953,1.005244953,1,0
0,0,0.2098344776,1.093099823,2,0
0,0,0.2589133273,0.4907884975,1,0
0,0,0.3613076241,1.023942968,1,0
0,0,0.5225350098,1.612273857,1,0
0,0,0.75717767,2.346426602,1,0
0,0,1.108662295,3.514846249,2,0
0,0,1.55578114,4.47118845,0,-1
1,1,2.150542212,5.947610723
0,0,0,0,2,0
0,0,-0.08003450059,-0.8003450059,2,0
0,0,-0.2655948003,-1.855602998,0,0
0,0,-0.4116703828,-1.460755825,0,0
0,0,-0.5570888526,-1.454184697,0,0
0,0,-0.7143418837,-1.572530312,1,0
0,0,-0.9671906324,-2.528487487,0,0
0,0,-1.306405216,-3.392145835,1,-1
1,1,-1.782440398,-4.760351817
0,0,0,0,2,0
0,0,-0.1002685766,-1.002685766,1,0
0,0,-0.2191657935,-1.188972169,2,0
0,0,-0.4651743093,-2.460085158,2,0
0,0,-0.8612534239,-3.960791146,1,0
0,0,-1.355982145,-4.947287212,0,-1
1,1,-1.971280317,-6.152981723
0,0,0,0,1,0
0,0,-0.003451270944,-0.03451270944,2,0
0,0,-0.09825638169,-0.9480511074,2,0
0,0,-0.3089415218,-2.106851401,0,0
0,0,-0.4813759711,-1.724344493,1,0
0,0,-0.7319125347,-2.505365636,0,0
0,0,-1.018867351,-2.869548163,2,0
0,0,-1.46987944,-4.510120892,0,-1
1,1,-2.058088717,-5.882092769
0,0,0,0,1,0
0,0,0.006208507587,0.06208507587,1,0
0,0,0.005918588405,-0.002899191815,2,0
0,0,-0.08929135088,-0.9520993929,2,0
0,0,-0.2823991824,-1.931078315,2,0
0,0,-0.5984571332,-3.160579508,2,0
0,0,-1.05825737,-4.598002366,0,-1
1,1,-1.59389311,-5.356357401
0,0,0,0,1,0
0,0,0.01716854881,0.1716854881,0,0
0,0,0.1387900258,1.21621477,1,0
0,0,0.2750999035,1.363098777,2,0
0,0,0.3567976532,0.8169774962,0,0
0,0,0.5878470455,2.310493924,1,0
0,0,0.9075003353,3.196532898,0,0
0,0,1.382130212,4.74629877,0,-1
1,1,2.011816941,6.296867288
