2,1,1
0,0,0,0,0,0
0,0,0.1020767307,1.020767307,0,0
0,0,0.3072993633,2.052226327,0,0
0,0,0.6418262064,3.345268431,2,0
0,0,1.004623136,3.627969298,1,0
0,0,1.496010724,4.913875877,0,-1
1,1,2.137246457,6.412357326
0,0,0,0,1,0
0,0,0.002498163221,0.02498163221,1,0
0,0,0.02284649854,0.2034833532,1,0
0,0,0.06282391973,0.3997742119,0,0
0,0,0.2129744967,1.50150577,2,0
0,0,0.3216244903,1.086499935,2,0
0,0,0.4161618323,0.9453734199,1,0
0,0,0.5813568387,1.651950064,1,0
0,0,0.8478489952,2.664921565,2,0
0,0,1.170815541,3.229665461,0,-1
1,1,1.655896654,4.850811129
0,0,0,0,0,0
0,0,0.08902857697,0.8902857697,0,0
0,0,0.2760944161,1.870658392,1,0
0,0,0.5027627311,2.26668315,1,0
0,0,0.799549197,2.967864659,2,0
0,0,1.157275036,3.577258388,2,-1
1,1,1.616337844,4.590628081
0,0,0,0,2,0
0,0,-0.07413896785,-0.7413896785,1,0
0,0,-0.1579671279,-0.8382816005,0,0
0,0,-0.1980428421,-0.4007571422,1,0
0,0,-0.2564884381,-0.5844559597,1,0
0,0,-0.3679733028,-1.114848648,2,0
0,0,-0.6130522101,-2.450789073,2,0
0,0,-1.011905752,-3.988535424,1,0
0,0,-1.523862626,-5.119568739,0,-1
1,1,-2.177390898,-6.53528272
0,0,0,0,2,0
0,0,-0.07238116009,-0.7238116009,0,0
0,0,-0.08081964159,-0.08438481493,0,0
0,0,-0.02683344069,0.539862009,0,0
0,0,0.1101305262,1.369639668,0,0
0,0,0.3700355002,2.599049741,2,0
0,0,0.6001086191,2.300731188,2,0
0,0,0.8482502749,2.481416558,1,0
0,0,1.204572848,3.563225728,1,-1
1,1,1.691343351,4.867705037
0,0,0,0,0,0
0,0,0.07602671172,0.7602671172,2,0
0,0,0.06173225356,-0.1429445817,1,0
0,0,0.05136360175,-0.1036865181,2,0
0,0,-0.03823031351,-0.8959391526,2,0
0,0,-0.233727629,-1.954973155,2,0
0,0,-0.5579739872,-3.242463582,0,0
0,0,-0.8920259315,-3.340519443,0,0
0,0,-1.282098656,-3.900727246,1,-1
1,1,-1.80900368,-5.269050243
0,0,0,0,0,0
0,0,0.1026260636,1.026260636,0,0
0,0,0.2983960329,1.957699693,0,0
0,0,0.6182312904,3.198352576,1,0
0,0,1.026441833,4.082105429,0,-1
1,1,1.592007464,5.655656311
0,0,0,0,2,0
0,0,-0.07987118741,-0.7987118741,1,0
0,0,-0.1685541454,-0.8868295798,1,0
0,0,-0.2969257092,-1.283715638,0,0
0,0,-0.3888042369,-0.9187852767,2,0
0,0,-0.6131190314,-2.243147945,0,0
0,0,-0.8498723018,-2.367532703,2,0
0,0,-1.255589765,-4.057174637,2,-1
1,1,-1.818364071,-5.627743056
0,0,0,0,1,0
0,0,-0.01690372196,-0.1690372196,2,0
0,0,-0.1364784932,-1.195747713,0,0
0,0,-0.1962938572,-0.5981536403,1,0
0,0,-0.2846416474,-0.8834779019,1,0
0,0,-0.4140602247,-1.294185773,0,0
0,0,-0.5360334238,-1.21973199,1,0
0,0,-0.7428051484,-2.067717247,0,0
0,0,-0.9846124346,-2.418072861,1,0
0,0,-1.347592517,-3.629800824,2,-1
1,1,-1.869386151,-5.217936341
0,0,0,0,1,0
0,0,-0.008987550676,-0.08987550676,2,0
0,0,-0.1146766158,-1.056890652,2,0
0,0,-0.3413088639,-2.26632248,1,0
0,0,-0.627530928,-2.862220641,0,0
0,0,-0.9411177701,-3.135868421,0,0
0,0,-1.329375808,-3.882580382,2,-1
1,1,-1.875094314,-5.457185061
0,0,0,0,2,0
0,0,-0.1021274504,-1.021274504,1,0
0,0,-0.2319391496,-1.298116991,2,0
0,0,-0.4923640922,-2.604249427,1,0
0,0,-0.8394091072,-3.47045015,2,0
0,0,-1.343942394,-5.045332869,1,-1
1,1,-1.981991567,-6.380491734
0,0,0,0,2,0
0,0,-0.10170786,-1.0170786,1,0
0,0,-0.2060245611,-1.043167011,0,0
0,0,-0.2505081256,-0.4448356452,2,0
0,0,-0.4080227427,-1.575146171,1,0
0,0,-0.6412778832,-2.332551405,0,0
0,0,-0.9066653122,-2.65387429,2,0
0,0,-1.345607342,-4.389420303,0,-1
1,1,-1.908707708,-5.631003654
0,0,0,0,0,0
0,0,0.07918011933,0.7918011933,1,0
0,0,0.1869590378,1.077789185,2,0
0,0,0.2398224681,0.5286343027,0,0
0,0,0.4273122765,1.874898085,0,0
0,0,0.745093615,3.177813385,0,0
0,0,1.232678058,4.875844426,1,-1
1,1,1.853615722,6.209376645
0,0,0,0,0,0
0,0,0.08725878821,0.8725878821,1,0
0,0,0.199340688,1.120818997,2,0
0,0,0.2625336475,0.6319295953,0,0
0,0,0.452830807,1.902971595,2,0
0,0,0.6277542109,1.749234039,1,0
0,0,0.8914569467,2.637027358,1,0
0,0,1.278131485,3.866745378,0,-1
1,1,1.826754144,5.486226596
0,0,0,0,1,0
0,0,0.01098164216,0.1098164216,0,0
0,0,0.1005288645,0.8954722229,1,0
0,0,0.1945793162,0.9405045179,2,0
0,0,0.2324153148,0.3783599858,2,0
0,0,0.2331536261,0.007383112569,1,0
0,0,0.2765446396,0.433910135,2,0
0,0,0.2666472085,-0.0989743105,0,0
0,0,0.369102141,1.024549324,2,0
0,0,0.4572185123,0.8811637128,2,0
0,0,0.528624478,0.7140596576,1,0
0,0,0.6939733019,1.653488238,1,0
0,0,0.9535762176,2.596029157,1,0
0,0,1.335234704,3.816584863,2,-1
1,1,1.83718087,5.019461665
0,0,0,0,0,0
0,0,0.07773848378,0.7773848378,1,0
0,0,0.1721908207,0.9445233696,0,0
0,0,0.3698578604,1.976670396,2,0
0,0,0.5485901258,1.787322654,0,0
0,0,0.8872721021,3.386819764,0,0
0,0,1.388014319,5.007422173,0,-1
1,1,2.043409123,6.553948034
0,0,0,0,1,0
0,0,-0.01302418337,-0.1302418337,2,0
0,0,-0.1205942126,-1.075700292,2,0
0,0,-0.3449491961,-2.243549835,2,0
0,0,-0.7072539275,-3.623047313,0,0
0,0,-1.105543959,-3.98290032,2,-1
1,1,-1.658288684,-5.527447244
0,0,0,0,0,0
0,0,0.1021550712,1.021550712,2,0
0,0,0.1170880009,0.1493292969,2,0
0,0,0.06263055799,-0.5445744292,1,0
0,0,0.002889195657,-0.5974136233,0,0
0,0,0.04329035976,0.404011641,1,0
0,0,0.1022845975,0.5899423772,1,0
0,0,0.1914765183,0.8919192086,0,0
0,0,0.4102741602,2.187976419,1,0
0,0,0.6853162371,2.750420769,0,0
0,0,1.126527235,4.412109983,2,-1
1,1,1.664956828,5.384295922
0,0,0,0,0,0
0,0,0.08875091217,0.8875091217,2,0
0,0,0.08853407458,-0.002168375954,0,0
0,0,0.1894205218,1.008864472,2,0
0,0,0.2496613571,0.6024083539,0,0
0,0,0.4215596472,1.718982901,1,0
0,0,0.6535605764,2.320009292,0,0
0,0,1.048586279,3.950257029,1,0
0,0,1.563432886,5.148466071,0,-1
1,1,2.225538343,6.621054569
0,0,0,0,1,0
0,0,-0.007290127089,-0.07290127089,1,0
0,0,-0.008695611836,-0.01405484746,0,0
0,0,0.08736360255,0.9605921439,1,0
0,0,0.1962266132,1.088630107,2,0
0,0,0.2650564523,0.6882983905,0,0
0,0,0.4771006468,2.120441946,2,0
0,0,0.6793535985,2.022529516,1,0
0,0,0.9693472979,2.899936995,0,0
0,0,1.42482857,4.554812725,1,-1
1,1,2.021634352,5.968057813
0,0,0,0,0,0
0,0,0.09258912655,0.9258912655,2,0
0,0,0.1029288122,0.1033968568,1,0
0,0,0.1392641448,0.3633533259,0,0
0,0,0.2827048194,1.434406746,1,0
0,0,0.4877511602,2.050463409,0,0
0,0,0.8372961612,3.495450009,2,0
0,0,1.244363061,4.070668995,1,-1
1,1,1.7851376,5.407745389
0,0,0,0,0,0
0,0,0.08838688587,0.8838688587,1,0
0,0,0.1988052758,1.104183899,0,0
0,0,0.4319664737,2.33161198,1,0
0,0,0.7367034946,3.047370208,0,0
0,0,1.205159656,4.684561619,0,-1
1,1,1.831533738,6.263740814
0,0,0,0,0,0
0,0,0.07985929739,0.7985929739,2,0
0,0,0.08125974689,0.01400449494,0,0
0,0,0.1975151245,1.162553776,1,0
0,0,0.3302083253,1.326932007,1,0
0,0,0.523042097,1.928337718,1,0
0,0,0.8044372876,2.813951906,0,0
0,0,1.249977347,4.455400593,0,-1
1,1,1.85272779,6.027504429
0,0,0,0,0,0
0,0,0.09821909186,0.9821909186,2,0
0,0,0.120633454,0.2241436218,1,0
0,0,0.1507051395,0.3007168545,0,0
0,0,0.2803205991,1.296154596,1,0
0,0,0.4617429298,1.814223307,1,0
0,0,0.7194968043,2.577538745,1,0
0,0,1.088519665,3.690228604,0,-1
1,1,1.626135238,5.376155729
0,0,0,0,1,0
0,0,0.01712631435,0.1712631435,1,0
0,0,0.02588195028,0.08755635928,1,0
0,0,0.04502202098,0.191400707,2,0
0,0,-0.005604888392,-0.5062690937,2,0
0,0,-0.1624996632,-1.568947748,2,0
0,0,-0.4443586161,-2.818589528,0,0
0,0,-0.7253008203,-2.809422043,1,0
0,0,-1.113833621,-3.885328009,2,-1
1,1,-1.662112438,-5.482788171
0,0,0,0,1,0
0,0,0.001967196315,0.01967196315,1,0
0,0,0.005497481101,0.03530284785,2,0
0,0,-0.06132022147,-0.6681770257,2,0
0,0,-0.2348710214,-1.735507999,1,0
0,0,-0.434994464,-2.001234427,0,0
0,0,-0.6229327721,-1.879383081,1,0
0,0,-0.9030319257,-2.800991536,1,0
0,0,-1.290069056,-3.8703713,2,-1
1,1,-1.837683733,-5.476146777
0,0,0,0,1,0
0,0,0.003758480069,0.03758480069,2,0
0,0,-0.06323020655,-0.6698868662,0,0
0,0,-0.03651002773,0.2672017882,0,0
0,0,0.08636945307,1.228794808,0,0
0,0,0.2972791719,2.109097188,2,0
0,0,0.4565931038,1.593139319,0,0
0,0,0.7558511827,2.992580789,1,0
0,0,1.166352668,4.105014851,2,-1
1,1,1.674059359,5.077066916
0,0,0,0,0,0
0,0,0.07981351942,0.7981351942,0,0
0,0,0.2537094672,1.738959478,0,0
0,0,0.5368622133,2.831527461,2,0
0,0,0.8368348748,2.999726615,2,0
0,0,1.189208,3.52373125,1,-1
1,1,1.670134031,4.809260317
0,0,0,0,2,0
0,0,-0.07936942537,-0.7936942537,1,0
0,0,-0.1639797198,-0.8461029442,2,0
0,0,-0.3459419423,-1.819622225,2,0
0,0,-0.6811616163,-3.35219674,0,0
0,0,-1.035333584,-3.541719679,1,0
0,0,-1.505594843,-4.702612591,1,-1
1,1,-2.12049928,-6.14904437
0,0,0,0,2,0
0,0,-0.08130923298,-0.8130923298,2,0
0,0,-0.2479752426,-1.666660096,2,0
0,0,-0.5378444083,-2.898691657,1,0
0,0,-0.9041988821,-3.663544737,1,0
0,0,-1.381198041,-4.769991591,0,-1
1,1,-1.981255087,-6.000570462
0,0,0,0,1,0
0,0,-0.01277638625,-0.1277638625,1,0
0,0,-0.02461926932,-0.1184288306,2,0
0,0,-0.1315590029,-1.069397335,1,0
0,0,-0.277989289,-1.464302862,2,0
0,0,-0.558393242,-2.80403953,0,0
0,0,-0.8364916945,-2.780984525,1,0
0,0,-1.229025095,-3.925334003,1,-1
1,1,-1.756069994,-5.270448995
0,0,0,0,1,0
0,0,0.01455159125,0.1455159125,0,0
0,0,0.1290819527,1.145303615,0,0
0,0,0.3526232023,2.235412496,2,0
0,0,0.5556443567,2.030211544,1,0
0,0,0.8298285792,2.741842225,1,0
0,0,1.205616309,3.757877302,2,-1
1,1,1.681890084,4.762737744
0,0,0,0,2,0
0,0,-0.07980307495,-0.7980307495,2,0
0,0,-0.252655048,-1.728519731,0,0
0,0,-0.3736389858,-1.209839378,2,0
0,0,-0.6330460622,-2.594070764,2,0
0,0,-1.037670861,-4.04624799,2,-1
1,1,-1.609963917,-5.722930561
0,0,0,0,0,0
0,0,0.08266731381,0.8266731381,1,0
0,0,0.1869229071,1.042555933,0,0
0,0,0.3979175349,2.109946278,1,0
0,0,0.6793228106,2.814052756,1,0
0,0,1.061674927,3.823521163,1,-1
1,1,1.573137888,5.114629614
0,0,0,0,1,0
0,0,0.002307802889,0.02307802889,2,0
0,0,-0.07336249394,-0.7567029683,0,0
0,0,-0.0858047356,-0.1244224166,2,0
0,0,-0.211242276,-1.254375404,2,0
0,0,-0.4516797074,-2.404374314,0,0
0,0,-0.6911509578,-2.394712503,0,0
0,0,-0.9774051977,-2.862542399,1,0
0,0,-1.385134374,-4.077291764,1,-1
1,1,-1.931955205,-5.468208312
0,0,0,0,1,0
0,0,0.01409813037,0.1409813037,0,0
0,0,0.1356274725,1.215293421,1,0
0,0,0.2959509676,1.603234951,1,0
0,0,0.4973067605,2.013557929,2,0
0,0,0.7115134709,2.142067104,0,0
0,0,1.084529149,3.73015678,0,-1
1,1,1.617097012,5.325678635
0,0,0,0,1,0
0,0,-0.00915511656,-0.0915511656,2,0
0,0,-0.09722479742,-0.8806968086,2,0
0,0,-0.3002518956,-2.030270982,0,0
0,0,-0.4751506457,-1.748987501,1,0
0,0,-0.7293133415,-2.541626957,2,0
0,0,-1.157970736,-4.286573946,1,-1
1,1,-1.708737458,-5.507667223
0,0,0,0,0,0
0,0,0.10260166,1.0260166,2,0
0,0,0.1178311226,0.1522946257,2,0
0,0,0.07574254754,-0.4208857504,2,0
0,0,-0.04838462305,-1.241271706,2,0
0,0,-0.2839634009,-2.355787778,0,0
0,0,-0.4736245357,-1.896611348,0,0
0,0,-0.6468758391,-1.732513033,1,0
0,0,-0.9288582672,-2.819824281,2,0
0,0,-1.381652829,-4.527945619,0,-1
1,1,-1.957675674,-5.76022845
0,0,0,0,1,0
0,0,-0.01452263919,-0.1452263919,2,0
0,0,-0.1299376169,-1.154149777,0,0
0,0,-0.174642692,-0.4470507514,0,0
0,0,-0.1469150354,0.2772765662,1,0
0,0,-0.1278111353,0.1910390013,2,0
0,0,-0.2124559832,-0.8464484797,0,0
0,0,-0.24778012,-0.3532413672,0,0
0,0,-0.2374441393,0.103359807,1,0
0,0,-0.2750320209,-0.3758788165,1,0
0,0,-0.3547674575,-0.7973543663,2,0
0,0,-0.5868220838,-2.320546263,2,0
0,0,-0.9705313401,-3.837092563,2,0
0,0,-1.515233838,-5.447024976,1,-1
1,1,-2.204241041,-6.890072028
0,0,0,0,2,0
0,0,-0.08794705518,-0.8794705518,1,0
0,0,-0.1891484229,-1.012013677,1,0
0,0,-0.3236865657,-1.345381428,2,0
0,0,-0.5772545919,-2.535680262,0,0
0,0,-0.8578347221,-2.805801302,0,0
0,0,-1.207154815,-3.493200929,0,-1
1,1,-1.668550256,-4.613954406
0,0,0,0,1,0
0,0,0.008776387633,0.08776387633,2,0
0,0,-0.07216440142,-0.8094078905,1,0
0,0,-0.1740668335,-1.01902432,0,0
0,0,-0.2135319653,-0.3946513182,1,0
0,0,-0.2849966949,-0.7146472962,2,0
0,0,-0.4946271159,-2.09630421,0,0
0,0,-0.7038793501,-2.092522342,0,0
0,0,-0.9513359893,-2.474566392,1,0
0,0,-1.319813827,-3.684778377,0,-1
1,1,-1.811353064,-4.915392364
0,0,0,0,1,0
0,0,0.01171659876,0.1171659876,1,0
0,0,0.01273387163,0.01017272867,2,0
0,0,-0.07158790165,-0.8432177328,2,0
0,0,-0.2491307453,-1.775428437,0,0
0,0,-0.3723505099,-1.232197646,1,0
0,0,-0.5583120503,-1.859615404,2,0
0,0,-0.9044702143,-3.46158164,2,0
0,0,-1.40641804,-5.019478255,0,-1
1,1,-2.036514494,-6.300964546
0,0,0,0,2,0
0,0,-0.09203545805,-0.9203545805,1,0
0,0,-0.2035866195,-1.115511614,2,0
0,0,-0.4303800849,-2.267934654,0,0
0,0,-0.648444186,-2.180641011,2,0
0,0,-1.031313836,-3.828696501,1,0
0,0,-1.5274383,-4.961244636,2,-1
1,1,-2.172435591,-6.449972912
0,0,0,0,0,0
0,0,0.07845984323,0.7845984323,0,0
0,0,0.2450860909,1.666262477,0,0
0,0,0.5250651605,2.799790695,1,0
0,0,0.8691013035,3.440361431,0,0
0,0,1.37635174,5.072504367,0,-1
1,1,2.034369204,6.580174642
0,0,0,0,1,0
0,0,0.01583926642,0.1583926642,2,0
0,0,-0.04896233518,-0.648016016,1,0
0,0,-0.1260705647,-0.7710822951,0,0
0,0,-0.1205061202,0.05564444502,0,0
0,0,-0.05463422719,0.65871893,0,0
0,0,0.08934364465,1.439778718,0,0
0,0,0.3476997396,2.58356095,0,0
0,0,0.7291275812,3.814278416,2,0
0,0,1.145191581,4.160640003,1,-1
1,1,1.684369372,5.391777902
0,0,0,0,2,0
0,0,-0.09911910133,-0.9911910133,0,0
0,0,-0.1310355563,-0.31916455,2,0
0,0,-0.27860354,-1.475679837,2,0
0,0,-0.5516204623,-2.730169223,1,0
0,0,-0.8984810551,-3.468605928,1,0
0,0,-1.357531246,-4.590501913,2,-1
1,1,-1.971249941,-6.137186945
0,0,0,0,2,0
0,0,-0.09988612966,-0.9988612966,1,0
0,0,-0.2035308797,-1.036447501,0,0
0,0,-0.267235703,-0.6370482322,2,0
0,0,-0.4431423705,-1.759066675,2,0
0,0,-0.7715047424,-3.283623719,2,0
0,0,-1.26247179,-4.909670472,1,-1
1,1,-1.883284565,-6.208127752
0,0,0,0,1,0
0,0,0.006791291925,0.06791291925,0,0
0,0,0.1002381674,0.9344687547,2,0
0,0,0.1369171648,0.366789974,0,0
0,0,0.2838094122,1.468922474,1,0
0,0,0.4735460136,1.897366014,0,0
0,0,0.8024653372,3.289193236,1,0
0,0,1.246957254,4.444919166,1,-1
1,1,1.819102631,5.721453773
0,0,0,0,0,0
0,0,0.09371037955,0.9371037955,2,0
0,0,0.1089227088,0.1521232928,1,0
0,0,0.1440152436,0.350925348,2,0
0,0,0.09970320795,-0.4431203568,0,0
0,0,0.1475592968,0.4785608883,0,0
0,0,0.2932575019,1.456982052,0,0
0,0,0.5725259327,2.792684308,0,0
0,0,0.9957340131,4.232080804,0,-1
1,1,1.571545926,5.758119133
0,0,0,0,2,0
0,0,-0.09722603318,-0.9722603318,2,0
0,0,-0.2816630086,-1.844369755,1,0
0,0,-0.5038025312,-2.221395225,2,0
0,0,-0.8699543267,-3.661517955,1,0
0,0,-1.351424445,-4.814701181,1,-1
1,1,-1.967576721,-6.161522758
0,0,0,0,2,0
0,0,-0.07473775223,-0.7473775223,0,0
0,0,-0.05707713026,0.1766062197,2,0
0,0,-0.1334538794,-0.7637674915,2,0
0,0,-0.3156842581,-1.822303787,2,0
0,0,-0.6261220281,-3.1043777,0,0
0,0,-0.9642277331,-3.381057049,2,0
0,0,-1.462812577,-4.985848443,1,-1
1,1,-2.102638428,-6.398258511
0,0,0,0,2,0
0,0,-0.08659992512,-0.8659992512,1,0
0,0,-0.1789119957,-0.9231207057,1,0
0,0,-0.3037441545,-1.248321588,2,0
0,0,-0.5470383414,-2.432941869,0,0
0,0,-0.798717336,-2.516789946,1,0
0,0,-1.150614602,-3.518972658,0,-1
1,1,-1.598181042,-4.475664406
0,0,0,0,1,0
0,0,-0.003495815735,-0.03495815735,0,0
0,0,0.06858757152,0.7208338725,2,0
0,0,0.05998738094,-0.08600190576,1,0
0,0,0.07241925509,0.1243187415,2,0
0,0,0.009895434989,-0.625238201,0,0
0,0,0.0256457836,0.1575034861,2,0
0,0,-0.03110280659,-0.567485902,0,0
0,0,0.007567677281,0.3867048387,0,0
0,0,0.1515480673,1.4398039,0,0
0,0,0.4147849777,2.632369104,1,0
0,0,0.7359779645,3.211929867,2,0
0,0,1.084329379,3.483514146,0,-1
1,1,1.600269119,5.159397399
0,0,0,0,0,0
0,0,0.07124746556,0.7124746556,1,0
0,0,0.1393015217,0.6805405614,0,0
0,0,0.3206423527,1.81340831,2,0
0,0,0.4562458418,1.356034891,1,0
0,0,0.6697672606,2.135214188,2,0
0,0,0.9168896846,2.47122424,2,0
0,0,1.239220738,3.22331053,2,-1
1,1,1.671079517,4.318587792
0,0,0,0,2,0
0,0,-0.07494379127,-0.7494379127,0,0
0,0,-0.06536081433,0.09582976942,2,0
0,0,-0.1708974872,-1.055366728,1,0
0,0,-0.2907343777,-1.198368905,2,0
0,0,-0.5458646935,-2.551303158,2,0
0,0,-0.9420911446,-3.96226451,0,0
0,0,-1.413785755,-4.716946104,1,-1
1,1,-2.025212812,-6.114270565
0,0,0,0,1,0
0,0,0.01263604555,0.1263604555,1,0
0,0,0.01586203489,0.03225989346,1,0
0,0,0.007093023339,-0.08769011553,2,0
0,0,-0.1015836518,-1.086766751,0,0
0,0,-0.1264225487,-0.2483889693,1,0
0,0,-0.1747629197,-0.4834037099,0,0
0,0,-0.1575371551,0.1722576459,2,0
0,0,-0.2487508284,-0.9121367334,1,0
0,0,-0.3964141292,-1.476633008,0,0
0,0,-0.5201375815,-1.237234522,0,0
0,0,-0.6489573023,-1.288197209,2,0
0,0,-0.9403483297,-2.913910274,2,0
0,0,-1.401530307,-4.611819773,2,-1
1,1,-2.013262754,-6.117324473
0,0,0,0,2,0
0,0,-0.09218635486,-0.9218635486,0,0
0,0,-0.1253943536,-0.3320799871,1,0
0,0,-0.1768189232,-0.5142456962,2,0
0,0,-0.3431794826,-1.663605594,0,0
0,0,-0.4913502107,-1.481707281,1,0
0,0,-0.7091520745,-2.178018638,0,0
0,0,-0.9577459212,-2.485938467,0,0
0,0,-1.282687705,-3.249417836,2,-1
1,1,-1.768528571,-4.858408662
0,0,0,0,2,0
0,0,-0.09021463977,-0.9021463977,0,0
0,0,-0.110528095,-0.203134552,2,0
0,0,-0.221204903,-1.10676808,1,0
0,0,-0.3799406379,-1.587357349,2,0
0,0,-0.6932056038,-3.132649659,0,0
0,0,-1.047519414,-3.543138103,1,0
0,0,-1.533271056,-4.857516424,1,-1
1,1,-2.16481883,-6.315477739
0,0,0,0,1,0
0,0,-0.009332619641,-0.09332619641,2,0
0,0,-0.1228115775,-1.134789578,1,0
0,0,-0.2727594046,-1.499478271,0,0
0,0,-0.377358007,-1.045986024,2,0
0,0,-0.6345657041,-2.572076972,1,0
0,0,-0.974689568,-3.401238638,2,0
0,0,-1.480743395,-5.060538268,0,-1
1,1,-2.122215272,-6.414718772
0,0,0,0,1,0
0,0,-0.01567485131,-0.1567485131,1,0
0,0,-0.03766437326,-0.2198952195,0,0
0,0,0.03926783316,0.7693220643,2,0
0,0,0.03718551371,-0.02082319456,2,0
0,0,-0.02982143089,-0.670069446,1,0
0,0,-0.09147452762,-0.6165309673,2,0
0,0,-0.2679213587,-1.76446831,0,0
0,0,-0.3878890712,-1.199677126,0,0
0,0,-0.4839080796,-0.9601900836,2,0
0,0,-0.7201252505,-2.362171709,0,0
0,0,-0.9950176709,-2.748924204,0,0
0,0,-1.355046558,-3.600288868,0,-1
1,1,-1.836242214,-4.81195656
0,0,0,0,2,0
0,0,-0.103377572,-1.03377572,1,0
0,0,-0.2271368475,-1.237592755,1,0
0,0,-0.3787220387,-1.515851912,0,0
0,0,-0.5245809429,-1.458589042,0,0
0,0,-0.6833401694,-1.587592265,0,0
0,0,-0.8857583704,-2.02418201,1,0
0,0,-1.212093779,-3.263354088,2,-1
1,1,-1.703428176,-4.913343971
0,0,0,0,0,0
0,0,0.07651850594,0.7651850594,1,0
0,0,0.1604670113,0.8394850532,0,0
0,0,0.3714666814,2.109996701,1,0
0,0,0.6425493502,2.710826689,1,0
0,0,1.017576014,3.750266636,2,0
0,0,1.476684845,4.591088314,2,-1
1,1,2.072041997,5.953571516
0,0,0,0,0,0
0,0,0.09039848993,0.9039848993,1,0
0,0,0.1897041725,0.9930568254,2,0
0,0,0.2216175555,0.3191338304,0,0
0,0,0.3597251962,1.381076407,1,0
0,0,0.5582359116,1.985107153,1,0
0,0,0.8397399243,2.815040127,2,0
0,0,1.18707858,3.473386562,2,-1
1,1,1.643943388,4.568648077
0,0,0,0,2,0
0,0,-0.09910667232,-0.9910667232,0,0
0,0,-0.1148232992,-0.1571662686,1,0
0,0,-0.1639773199,-0.4915402068,1,0
0,0,-0.258341018,-0.9436369817,1,0
0,0,-0.3910744905,-1.327334724,2,0
0,0,-0.6574736767,-2.663991863,0,0
0,0,-0.9436294399,-2.861557631,2,0
0,0,-1.387110358,-4.434809183,1,-1
1,1,-1.970847065,-5.837367066
0,0,0,0,0,0
0,0,0.07752407965,0.7752407965,0,0
0,0,0.2577858177,1.80261738,1,0
0,0,0.4807121022,2.229262845,1,0
0,0,0.7668033959,2.860912937,0,0
0,0,1.211834165,4.450307694,2,-1
1,1,1.759224858,5.473906928
0,0,0,0,0,0
0,0,0.08720012974,0.8720012974,2,0
0,0,0.1067151444,0.195150147,1,0
0,0,0.1404621522,0.3374700772,0,0
0,0,0.2843823217,1.439201695,2,0
0,0,0.402346185,1.179638634,2,0
0,0,0.5061286056,1.037824206,1,0
0,0,0.6853834943,1.792548888,2,0
0,0,0.8996812314,2.14297737,0,0
0,0,1.285337248,3.856560169,2,-1
1,1,1.78669771,5.013604613
0,0,0,0,1,0
0,0,-0.007809267258,-0.07809267258,1,0
0,0,-0.02728239872,-0.1947313146,1,0
0,0,-0.04216032434,-0.1487792562,1,0
0,0,-0.06758910796,-0.2542878362,2,0
0,0,-0.2035886866,-1.359995786,1,0
0,0,-0.3566841451,-1.530954585,2,0
0,0,-0.637550201,-2.808660559,2,0
0,0,-1.075901299,-4.383510983,0,-1
1,1,-1.596142604,-5.202413048
0,0,0,0,2,0
0,0,-0.1030306903,-1.030306903,0,0
0,0,-0.145473147,-0.4244245666,0,0
0,0,-0.1315170654,0.1395608158,2,0
0,0,-0.2134225009,-0.8190543544,1,0
0,0,-0.3385341081,-1.251116073,0,0
0,0,-0.4399755063,-1.014413982,2,0
0,0,-0.7014577977,-2.614822914,2,0
0,0,-1.136647806,-4.351900079,2,-1
1,1,-1.729974476,-5.933266706
0,0,0,0,2,0
0,0,-0.09441628523,-0.9441628523,1,0
0,0,-0.1923085162,-0.9789223096,2,0
0,0,-0.4255783269,-2.332698107,2,0
0,0,-0.7897307671,-3.641524402,2,0
0,0,-1.322992367,-5.332616001,1,-1
1,1,-1.99125236,-6.682599931
0,0,0,0,0,0
0,0,0.07349655456,0.7349655456,0,0
0,0,0.2421966634,1.687001089,2,0
0,0,0.3608236581,1.186269947,0,0
0,0,0.6273397082,2.665160501,2,0
0,0,0.907253677,2.799139688,2,0
0,0,1.248698588,3.414449112,1,-1
1,1,1.730150677,4.814520888
0,0,0,0,1,0
0,0,-0.007669748316,-0.07669748316,1,0
0,0,-0.01771581421,-0.100460659,2,0
0,0,-0.1250949231,-1.073791089,2,0
0,0,-0.3488654674,-2.237705443,2,0
0,0,-0.7201740805,-3.713086131,0,0
0,0,-1.126282356,-4.061082758,0,-1
1,1,-1.628218399,-5.019360429
0,0,0,0,0,0
0,0,0.0845774927,0.845774927,1,0
0,0,0.1778520195,0.9327452684,0,0
0,0,0.4045630625,2.267110429,2,0
0,0,0.6102944929,2.057314304,0,0
0,0,0.9786527289,3.683582361,1,0
0,0,1.465528835,4.86876106,1,-1
1,1,2.096000602,6.304717668
0,0,0,0,0,0
0,0,0.09812260808,0.9812260808,1,0
0,0,0.2156199496,1.174973415,0,0
0,0,0.4388431086,2.232231589,0,0
0,0,0.8121162198,3.732731112,1,0
0,0,1.299550258,4.874340385,1,-1
1,1,1.918226297,6.18676039
0,0,0,0,2,0
0,0,-0.08776815596,-0.8776815596,2,0
0,0,-0.2870951142,-1.993269583,1,0
0,0,-0.5191170182,-2.320219039,2,0
0,0,-0.9053955872,-3.86278569,2,0
0,0,-1.444200246,-5.388046591,0,-1
1,1,-2.114747859,-6.705476131
0,0,0,0,0,0
0,0,0.09769798592,0.9769798592,2,0
0,0,0.111236575,0.1353858906,2,0
0,0,0.04484441498,-0.6639216001,1,0
0,0,-0.003072673421,-0.479170884,0,0
0,0,0.03055732971,0.3363000313,2,0
0,0,-0.02044654557,-0.5100387528,2,0
0,0,-0.1745899628,-1.541434172,0,0
0,0,-0.2774458786,-1.028559158,0,0
0,0,-0.3482023231,-0.7075644448,0,0
0,0,-0.3966608295,-0.4845850637,1,0
0,0,-0.5072928881,-1.106320586,1,0
0,0,-0.6924835331,-1.85190645,1,0
0,0,-0.9854423493,-2.929588162,2,0
0,0,-1.436106151,-4.506638014,0,-1
1,1,-2.020617304,-5.845111535
0,0,0,0,1,0
0,0,0.003478741698,0.03478741698,0,0
0,0,0.0892326289,0.857538872,2,0
0,0,0.1012165743,0.119839454,1,0
0,0,0.1268662396,0.2564966529,0,0
0,0,0.2759427288,1.490764892,0,0
0,0,0.5660437643,2.901010355,0,0
0,0,1.019173278,4.531295133,1,-1
1,1,1.584450034,5.652767567
0,0,0,0,0,0
0,0,0.09162325363,0.9162325363,0,0
0,0,0.2894620529,1.978387993,2,0
0,0,0.4494566134,1.599945605,0,0
0,0,0.7611487621,3.116921487,0,0
0,0,1.242446207,4.81297445,1,-1
1,1,1.851314861,6.088686539
0,0,0,0,0,0
0,0,0.08628911037,0.8628911037,1,0
0,0,0.1845203683,0.9823125794,1,0
0,0,0.3264780852,1.419577169,2,0
0,0,0.4432109888,1.167329036,0,0
0,0,0.6986285496,2.554175608,0,0
0,0,1.110907503,4.122789529,1,-1
1,1,1.648998201,5.380906983
0,0,0,0,2,0
0,0,-0.1025339876,-1.025339876,0,0
0,0,-0.1486299572,-0.4609596959,0,0
0,0,-0.1285701806,0.2005977665,2,0
0,0,-0.2237998029,-0.9522962236,1,0
0,0,-0.3435426732,-1.197428703,0,0
0,0,-0.4349109529,-0.9136827967,0,0
0,0,-0.5222584737,-0.8734752085,0,0
0,0,-0.6044144399,-0.8215596619,0,0
0,0,-0.7100544473,-1.056400074,0,0
0,0,-0.8677392738,-1.576848265,0,0
0,0,-1.084521,-2.16781726,1,0
0,0,-1.425864565,-3.413435652,0,-1
1,1,-1.900492822,-4.74628257
0,0,0,0,2,0
0,0,-0.09267856372,-0.9267856372,0,0
0,0,-0.1014183117,-0.08739747949,2,0
0,0,-0.2087116463,-1.072933346,2,0
0,0,-0.4201777109,-2.114660646,0,0
0,0,-0.6252559515,-2.050782406,0,0
0,0,-0.8548313232,-2.295753717,2,0
0,0,-1.261163559,-4.06332236,1,-1
1,1,-1.79840761,-5.372440511
0,0,0,0,2,0
0,0,-0.09743139433,-0.9743139433,1,0
0,0,-0.2235753436,-1.261439493,2,0
0,0,-0.4682701082,-2.446947646,0,0
0,0,-0.7134389866,-2.451688784,2,0
0,0,-1.120085642,-4.066466554,0,-1
1,1,-1.62466167,-5.045760282
0,0,0,0,2,0
0,0,-0.100433175,-1.00433175,2,0
0,0,-0.3084495159,-2.08016341,2,0
0,0,-0.6429697635,-3.345202476,2,0
0,0,-1.143348613,-5.003788491,0,-1
1,1,-1.729883998,-5.865353855
0,0,0,0,2,0
0,0,-0.07831575677,-0.7831575677,1,0
0,0,-0.1706924865,-0.9237672969,1,0
0,0,-0.2754127282,-1.047202418,0,0
0,0,-0.3588620416,-0.8344931334,2,0
0,0,-0.5919551876,-2.33093146,0,0
0,0,-0.8405126814,-2.485574938,0,0
0,0,-1.154158288,-3.136456067,1,-1
1,1,-1.603836717,-4.496784291
0,0,0,0,0,0
0,0,0.08572150872,0.8572150872,1,0
0,0,0.1947356144,1.090141057,2,0
0,0,0.2457095886,0.5097397424,2,0
0,0,0.2696727431,0.2396315442,0,0
0,0,0.4068162964,1.371435533,0,0
0,0,0.7022437906,2.954274942,1,0
0,0,1.083765095,3.81521304,2,0
0,0,1.547677991,4.639128961,0,-1
1,1,2.159602831,6.119248407
0,0,0,0,2,0
0,0,-0.1017259607,-1.017259607,0,0
0,0,-0.1225892329,-0.2086327222,1,0
0,0,-0.1521927102,-0.2960347732,1,0
0,0,-0.2225995637,-0.7040685345,1,0
0,0,-0.3390008229,-1.164012592,1,0
0,0,-0.4981490832,-1.591482603,1,0
0,0,-0.7304300684,-2.322809852,2,0
0,0,-1.114816734,-3.843866657,0,-1
1,1,-1.597111722,-4.822949879
0,0,0,0,1,0
0,0,0.00573344763,0.0573344763,2,0
0,0,-0.08610505919,-0.9183850682,1,0
0,0,-0.2077177685,-1.216127094,0,0
0,0,-0.2939790892,-0.8626132066,0,0
0,0,-0.3494199583,-0.5544086905,0,0
0,0,-0.378295018,-0.2887505977,0,0
0,0,-0.3781446832,0.001503348556,1,0
0,0,-0.4396656397,-0.6152095648,1,0
0,0,-0.5605280178,-1.208623781,2,0
0,0,-0.8375842535,-2.770562357,0,0
0,0,-1.178884467,-3.413002139,1,-1
1,1,-1.654691532,-4.758070641
0,0,0,0,1,0
0,0,0.005019059796,0.05019059796,1,0
0,0,0.02304704379,0.1802798399,0,0
0,0,0.1408387024,1.177916586,1,0
0,0,0.2941713981,1.533326957,2,0
0,0,0.4148610349,1.206896368,2,0
0,0,0.5266586846,1.117976498,1,0
0,0,0.7242736952,1.976150105,2,0
0,0,0.9744332162,2.50159521,0,0
0,0,1.399509291,4.250760751,1,-1
1,1,1.967175311,5.6766602
0,0,0,0,2,0
0,0,-0.07597708988,-0.7597708988,1,0
0,0,-0.1519759362,-0.7599884627,0,0
0,0,-0.1774923336,-0.2551639745,1,0
0,0,-0.2357323996,-0.5824006598,2,0
0,0,-0.4315065331,-1.957741335,0,0
0,0,-0.6264316097,-1.949250766,2,0
0,0,-0.9744414373,-3.480098276,2,0
0,0,-1.487105371,-5.12663934,2,-1
1,1,-2.14938358,-6.62278209
0,0,0,0,2,0
0,0,-0.1032082015,-1.032082015,0,0
0,0,-0.1328575308,-0.296493293,1,0
0,0,-0.17350337,-0.4064583921,0,0
0,0,-0.160637398,0.1286597201,2,0
0,0,-0.2647906334,-1.041532354,1,0
0,0,-0.4127758631,-1.479852296,1,0
0,0,-0.6123119338,-1.995360707,0,0
0,0,-0.8459700111,-2.336580773,1,0
0,0,-1.19650123,-3.505312194,0,-1
1,1,-1.653598923,-4.570976922
0,0,0,0,1,0
0,0,0.01572515074,0.1572515074,2,0
0,0,-0.07034964009,-0.8607479084,1,0
0,0,-0.180746092,-1.103964519,2,0
0,0,-0.4065474536,-2.258013616,2,0
0,0,-0.7875742091,-3.810267554,1,0
0,0,-1.264769195,-4.771949864,2,-1
1,1,-1.896697402,-6.319282064
0,0,0,0,1,0
0,0,-0.006595445691,-0.06595445691,0,0
0,0,0.07646049077,0.8305593646,0,0
0,0,0.2763050629,1.998445721,0,0
0,0,0.616280207,3.399751441,1,0
0,0,1.041307147,4.2502694,2,0
0,0,1.546710383,5.054032359,2,-1
1,1,2.196650477,6.499400937
0,0,0,0,1,0
0,0,-0.009056499362,-0.09056499362,0,0
0,0,0.05680363249,0.6586013186,2,0
0,0,0.05096136047,-0.05842272022,2,0
0,0,-0.03347271214,-0.8443407261,2,0
0,0,-0.206170427,-1.726977148,0,0
0,0,-0.3192475245,-1.130770976,2,0
0,0,-0.5509469133,-2.316993887,2,0
0,0,-0.9332176351,-3.822707218,0,0
0,0,-1.390162243,-4.56944608,2,-1
1,1,-1.997753109,-6.075908658
0,0,0,0,2,0
0,0,-0.07481260615,-0.7481260615,0,0
0,0,-0.07856219985,-0.03749593698,2,0
0,0,-0.1747099387,-0.9614773888,2,0
0,0,-0.3750531381,-2.003431994,0,0
0,0,-0.5604584954,-1.854053573,2,0
0,0,-0.8965568576,-3.360983622,2,0
0,0,-1.392084941,-4.95528083,1,-1
1,1,-2.026220798,-6.341358575
0,0,0,0,1,0
0,0,-0.002193568087,-0.02193568087,0,0
0,0,0.07566643279,0.7786000088,0,0
0,0,0.2554554136,1.797889808,0,0
0,0,0.5602296537,3.047742401,2,0
0,0,0.879243381,3.190137273,1,0
0,0,1.308486379,4.292429975,1,-1
1,1,1.874870415,5.663840362
0,0,0,0,2,0
0,0,-0.08755182718,-0.8755182718,1,0
0,0,-0.2023260528,-1.147742256,0,0
0,0,-0.2658239472,-0.6349789435,2,0
0,0,-0.4636622161,-1.97838269,2,0
0,0,-0.7957302975,-3.320680813,0,0
0,0,-1.183962674,-3.882323765,1,-1
1,1,-1.707161058,-5.231983841
0,0,0,0,1,0
0,0,0.01386487341,0.1386487341,1,0
0,0,0.04577197463,0.3190710122,1,0
0,0,0.07535318084,0.2958120621,2,0
0,0,0.03137398549,-0.4397919535,1,0
0,0,-0.004698397881,-0.3607238337,2,0
0,0,-0.1268467019,-1.22148304,2,0
0,0,-0.344914779,-2.180680771,1,0
0,0,-0.6255144589,-2.805996799,0,0
0,0,-0.940068497,-3.145540381,2,0
0,0,-1.410305005,-4.702365081,0,-1
1,1,-2.010927165,-6.0062216
0,0,0,0,0,0
0,0,0.08286929894,0.8286929894,1,0
0,0,0.1838426146,1.009733156,1,0
0,0,0.3218499762,1.380073617,1,0
0,0,0.5188982261,1.970482499,2,0
0,0,0.7171654705,1.982672443,1,0
0,0,1.021884596,3.047191255,0,0
0,0,1.492970969,4.710863728,0,-1
1,1,2.113797075,6.208261066
0,0,0,0,0,0
0,0,0.09178668196,0.9178668196,1,0
0,0,0.2119158082,1.201291263,0,0
0,0,0.4612918494,2.493760412,0,0
0,0,0.8507460732,3.894542237,0,0
0,0,1.402689128,5.519430549,0,-1
1,1,2.106103986,7.034148578
0,0,0,0,2,0
0,0,-0.1053753674,-1.053753674,0,0
0,0,-0.1349392153,-0.2956384787,2,0
0,0,-0.264384037,-1.294448217,1,0
0,0,-0.440633229,-1.76249192,2,0
0,0,-0.7557908767,-3.151576476,1,0
0,0,-1.164731336,-4.089404593,0,-1
1,1,-1.677455797,-5.127244615
0,0,0,0,2,0
0,0,-0.08644528172,-0.8644528172,0,0
0,0,-0.08588133324,0.005639484803,2,0
0,0,-0.1868689353,-1.009876021,2,0
0,0,-0.3956132837,-2.087443484,1,0
0,0,-0.6562144112,-2.606011274,1,0
0,0,-0.9979478259,-3.417334147,1,0
0,0,-1.46829661,-4.703487842,1,-1
1,1,-2.082170831,-6.138742205
0,0,0,0,1,0
0,0,-0.007134021105,-0.07134021105,0,0
0,0,0.07052994585,0.7766396695,1,0
0,0,0.1578014862,0.872715404,1,0
0,0,0.2870402437,1.292387574,2,0
0,0,0.3659544721,0.789142284,0,0
0,0,0.5903552069,2.244007348,0,0
0,0,0.9750096102,3.846544033,0,0
0,0,1.521349191,5.463395807,2,-1
1,1,2.208635071,6.872858804
0,0,0,0,1,0
0,0,-0.01404130165,-0.1404130165,1,0
0,0,-0.03255538225,-0.1851408061,0,0
0,0,0.047678304,0.8023368625,1,0
0,0,0.1433612713,0.9568296727,2,0
0,0,0.1682920998,0.249308285,1,0
0,0,0.2110795748,0.42787475,1,0
0,0,0.2964046549,0.8532508011,0,0
0,0,0.5272673638,2.30862709,1,0
0,0,0.8501461004,3.228787366,0,0
0,0,1.328139499,4.779933983,1,-1
1,1,1.939655887,6.115163886
0,0,0,0,1,0
0,0,0.01569886822,0.1569886822,1,0
0,0,0.03453550137,0.1883663315,0,0
0,0,0.1361851758,1.016496745,1,0
0,0,0.2451748351,1.089896593,2,0
0,0,0.3137840026,0.6860916748,1,0
0,0,0.4304520492,1.166680466,1,0
0,0,0.6026176639,1.721656147,0,0
0,0,0.9367510962,3.341334323,0,0
0,0,1.426970208,4.90219112,0,-1
1,1,2.067837314,6.408671055
0,0,0,0,1,0
0,0,-0.007015245069,-0.07015245069,2,0
0,0,-0.09945312723,-0.9243788216,0,0
0,0,-0.1038063722,-0.04353244993,1,0
0,0,-0.1154408407,-0.1163446846,2,0
0,0,-0.2325393402,-1.170984996,1,0
0,0,-0.3821412189,-1.496018787,2,0
0,0,-0.6644429681,-2.823017492,0,0
0,0,-0.9797723427,-3.153293746,0,0
0,0,-1.36970677,-3.899344274,2,-1
1,1,-1.916122415,-5.464156452
0,0,0,0,0,0
0,0,0.1023457639,1.023457639,0,0
0,0,0.293046031,1.907002671,2,0
0,0,0.4493146959,1.562686649,2,0
0,0,0.6117248903,1.624101944,0,0
0,0,0.9294462316,3.177213413,1,0
0,0,1.355797848,4.263516168,0,-1
1,1,1.938658275,5.828604264
0,0,0,0,0,0
0,0,0.07070171893,0.7070171893,0,0
0,0,0.2515575811,1.808558622,1,0
0,0,0.481575707,2.300181258,1,0
0,0,0.7714168167,2.898411097,2,0
0,0,1.117587117,3.461703002,1,-1
1,1,1.58760117,4.700140531
0,0,0,0,2,0
0,0,-0.08219166127,-0.8219166127,2,0
0,0,-0.2824581405,-2.002664793,2,0
0,0,-0.5966014762,-3.141433357,2,0
0,0,-1.067607746,-4.7100627,1,-1
1,1,-1.66134551,-5.937377637
0,0,0,0,1,0
0,0,-0.004977776898,-0.04977776898,2,0
0,0,-0.08470051278,-0.7972273588,0,0
0,0,-0.08785770574,-0.03157192968,1,0
0,0,-0.09240685489,-0.04549149149,1,0
0,0,-0.1005334544,-0.08126599545,1,0
0,0,-0.1254837372,-0.2495028272,2,0
0,0,-0.2623343391,-1.368506019,1,0
0,0,-0.4566453155,-1.943109764,2,0
0,0,-0.8017595791,-3.451142637,2,0
0,0,-1.299919337,-4.981597575,1,-1
1,1,-1.931120852,-6.312015154
0,0,0,0,1,0
0,0,0.01749834324,0.1749834324,2,0
0,0,-0.05248783273,-0.6998617597,0,0
0,0,-0.0585985715,-0.06110738775,2,0
0,0,-0.1529109046,-0.9431233307,0,0
0,0,-0.170258353,-0.1734744842,0,0
0,0,-0.1454353406,0.2482301239,1,0
0,0,-0.1546117026,-0.0917636201,2,0
0,0,-0.2797633656,-1.25151663,1,0
0,0,-0.4635133506,-1.83749985,1,0
0,0,-0.7193763731,-2.558630226,0,0
0,0,-1.025985515,-3.066091416,2,0
0,0,-1.496319993,-4.703344787,2,-1
1,1,-2.115983709,-6.196637152
0,0,0,0,0,0
0,0,0.07780272508,0.7780272508,0,0
0,0,0.2657601274,1.879574023,2,0
0,0,0.4230222251,1.572620977,2,0
0,0,0.5713151468,1.482929217,1,0
0,0,0.8199819915,2.486668447,2,0
0,0,1.123800852,3.038188601,2,0
0,0,1.528083267,4.04282415,2,-1
1,1,2.074992947,5.469096806
0,0,0,0,0,0
0,0,0.07825348562,0.7825348562,1,0
0,0,0.157019512,0.787660264,0,0
0,0,0.3532053507,1.961858387,0,0
0,0,0.6977641034,3.445587527,0,0
0,0,1.199504647,5.01740544,1,-1
1,1,1.827317132,6.278124851
0,0,0,0,0,0
0,0,0.07153319383,0.7153319383,0,0
0,0,0.2432031418,1.71669948,0,0
0,0,0.5291369692,2.859338274,0,0
0,0,0.9702646344,4.411276652,1,0
0,0,1.525131069,5.548664342,0,-1
1,1,2.22767388,7.025428113
0,0,0,0,0,0
0,0,0.08252812183,0.8252812183,0,0
0,0,0.2682555171,1.857273952,2,0
0,0,0.4112976983,1.430421813,1,0
0,0,0.6214475358,2.101498375,1,0
0,0,0.919857485,2.984099492,2,0
0,0,1.295030381,3.751728962,1,-1
1,1,1.80577497,5.10744589
0,0,0,0,2,0
0,0,-0.07330244255,-0.7330244255,2,0
0,0,-0.2533254704,-1.800230278,1,0
0,0,-0.4774675797,-2.241421093,1,0
0,0,-0.7616328281,-2.841652484,0,0
0,0,-1.089436097,-3.278032685,0,0
0,0,-1.512321672,-4.228855757,0,-1
1,1,-2.076209149,-5.638874764
0,0,0,0,0,0
0,0,0.0801703553,0.801703553,2,0
0,0,0.08348123255,0.03310877256,0,0
0,0,0.1832282357,0.9974700315,1,0
0,0,0.3033827665,1.201545308,2,0
0,0,0.3932721573,0.8988939085,1,0
0,0,0.5586989921,1.654268347,2,0
0,0,0.7242861356,1.655871435,1,0
0,0,0.9830902637,2.588041282,1,0
0,0,1.367949019,3.848587556,1,-1
1,1,1.891520481,5.235714617
0,0,0,0,1,0
0,0,0.01192485379,0.1192485379,0,0
0,0,0.1067961623,0.9487130849,2,0
0,0,0.1231675172,0.1637135496,1,0
0,0,0.1446197428,0.2145222554,0,0
0,0,0.2705608746,1.259411318,2,0
0,0,0.3545467563,0.8398588167,2,0
0,0,0.3997337927,0.4518703638,0,0
0,0,0.591181399,1.914476063,2,0
0,0,0.7933193586,2.021379596,0,0
0,0,1.164472498,3.711531392,1,-1
1,1,1.669404329,5.049318314
0,0,0,0,0,0
0,0,0.1041249058,1.041249058,2,0
0,0,0.1333776623,0.2925275643,2,0
0,0,0.08699941552,-0.4637824676,0,0
0,0,0.1329296601,0.4593024454,0,0
0,0,0.2790314024,1.461017423,0,0
0,0,0.555478588,2.764471856,1,0
0,0,0.9187418726,3.632632846,0,0
0,0,1.443007574,5.242657016,0,-1
1,1,2.117341892,6.74334318
0,0,0,0,2,0
0,0,-0.09823447751,-0.9823447751,1,0
0,0,-0.2304847978,-1.322503203,2,0
0,0,-0.4885328744,-2.580480766,2,0
0,0,-0.8940193899,-4.054865154,0,0
0,0,-1.3571455,-4.631261098,0,-1
1,1,-1.940993002,-5.838475024
0,0,0,0,0,0
0,0,0.07434735021,0.7434735021,1,0
0,0,0.1537512232,0.7940387297,0,0
0,0,0.3494646496,1.957134264,2,0
0,0,0.5145041544,1.650395048,2,0
0,0,0.6836613973,1.691572429,0,0
0,0,1.0175721,3.339107024,0,0
0,0,1.512893792,4.95321692,2,-1
1,1,2.147756793,6.34863001
0,0,0,0,2,0
0,0,-0.07227016244,-0.7227016244,0,0
0,0,-0.07128781065,0.009823517933,0,0
0,0,0.01047271616,0.8176052681,2,0
0,0,0.01281637743,0.02343661269,0,0
0,0,0.09891658719,0.8610020976,1,0
0,0,0.1911315454,0.9221495824,1,0
0,0,0.3085601971,1.174286517,1,0
0,0,0.4920832647,1.835230675,0,0
0,0,0.8286575762,3.365743115,1,0
0,0,1.282365732,4.537081556,2,-1
1,1,1.847161508,5.647957764
0,0,0,0,2,0
0,0,-0.08019356902,-0.8019356902,0,0
0,0,-0.08314784198,-0.02954272962,0,0
0,0,-0.02563788794,0.5750995405,1,0
0,0,0.01426440099,0.3990228892,1,0
0,0,0.04002645645,0.2576205546,0,0
0,0,0.1702505844,1.30224128,2,0
0,0,0.2397521518,0.6950156741,2,0
0,0,0.2799511408,0.4019898898,1,0
0,0,0.3789857907,0.9903464993,2,0
0,0,0.4491331808,0.7014739009,0,0
0,0,0.6686807092,2.195475284,1,0
0,0,0.9818703176,3.131896084,1,0
0,0,1.410859334,4.289890164,0,-1
1,1,1.99147824,5.806189061
0,0,0,0,1,0
0,0,-0.01399271577,-0.1399271577,1,0
0,0,-0.04001127231,-0.2601855654,0,0
0,0,0.01886967127,0.5888094358,1,0
0,0,0.0794191061,0.6054943483,0,0
0,0,0.2324051249,1.529860188,2,0
0,0,0.3503178452,1.179127203,2,0
0,0,0.4504235706,1.001057254,1,0
0,0,0.6280791677,1.776555971,0,0
0,0,0.958795052,3.307158843,2,0
0,0,1.368114914,4.093198622,0,-1
1,1,1.934372886,5.662579716
0,0,0,0,2,0
0,0,-0.09290045273,-0.9290045273,2,0
0,0,-0.2760954013,-1.831949486,0,0
0,0,-0.4144226622,-1.383272608,1,0
0,0,-0.6258163825,-2.113937203,2,0
0,0,-0.9948355668,-3.690191843,0,0
0,0,-1.442531288,-4.476957214,2,-1
1,1,-2.042998249,-6.00466961
0,0,0,0,1,0
0,0,0.01232594191,0.1232594191,2,0
0,0,-0.06996614543,-0.8229208734,1,0
0,0,-0.1507405112,-0.8077436578,2,0
0,0,-0.343964033,-1.932235218,1,0
0,0,-0.5916017094,-2.476376764,0,0
0,0,-0.8592794886,-2.676777792,0,0
0,0,-1.187018397,-3.27738908,2,-1
1,1,-1.675501179,-4.884827826
0,0,0,0,1,0
0,0,0.001228869866,0.01228869866,1,0
0,0,-0.01365558291,-0.1488445277,0,0
0,0,0.04376568826,0.5742127117,0,0
0,0,0.1857080419,1.419423537,0,0
0,0,0.4332769886,2.475689467,2,0
0,0,0.674319872,2.410428834,2,0
0,0,0.9498924455,2.755725735,0,0
0,0,1.383065571,4.331731255,1,-1
1,1,1.957942434,5.748768629
0,0,0,0,1,0
0,0,0.008222665444,0.08222665444,0,0
0,0,0.09763331909,0.8941065365,2,0
0,0,0.1236807069,0.2604738785,2,0
0,0,0.08928078215,-0.3439992479,1,0
0,0,0.06513329441,-0.2414748773,2,0
0,0,-0.05237882398,-1.175121184,0,0
0,0,-0.1081458115,-0.5576698753,0,0
0,0,-0.1076561303,0.004896812087,0,0
0,0,-0.05182593685,0.5583019345,0,0
0,0,0.06656016864,1.183861055,1,0
0,0,0.2044456413,1.378854726,1,0
0,0,0.3877296186,1.832839774,2,0
0,0,0.5531998983,1.654702797,2,0
0,0,0.7295928654,1.763929671,0,0
0,0,1.078304351,3.48711486,1,0
0,0,1.559707752,4.814034009,0,-1
1,1,2.188627804,6.289200512
0,0,0,0,1,0
0,0,-0.01156463971,-0.1156463971,2,0
0,0,-0.1266795834,-1.151149437,2,0
0,0,-0.3389488767,-2.122692933,0,0
0,0,-0.5210884791,-1.821396024,1,0
0,0,-0.7766967103,-2.556082312,2,0
0,0,-1.198298547,-4.216018366,2,-1
1,1,-1.773231109,-5.749325621
0,0,0,0,0,0
0,0,0.09208748994,0.9208748994,2,0
0,0,0.09773941964,0.05651929704,2,0
0,0,0.04762450725,-0.5011491239,2,0
0,0,-0.09070659205,-1.383310993,2,0
0,0,-0.3386168174,-2.479102254,0,0
0,0,-0.5598320833,-2.212152658,1,0
0,0,-0.8578700588,-2.980379756,2,0
0,0,-1.327506017,-4.696359585,1,-1
1,1,-1.933690468,-6.061844506
0,0,0,0,1,0
0,0,0.008281542164,0.08281542164,0,0
0,0,0.1109098801,1.026283379,2,0
0,0,0.1512607763,0.4035089629,2,0
0,0,0.1307206022,-0.2054017416,0,0
0,0,0.2260977216,0.9537711943,1,0
0,0,0.3629998638,1.369021422,1,0
0,0,0.5437835669,1.80783703,0,0
0,0,0.8883070569,3.445234901,0,0
0,0,1.39585949,5.075524329,0,-1
1,1,2.054228257,6.583687675
0,0,0,0,2,0
0,0,-0.1014323982,-1.014323982,2,0
0,0,-0.3052949345,-2.038625363,1,0
0,0,-0.5644838735,-2.59188939,1,0
0,0,-0.9036162108,-3.391323373,1,0
0,0,-1.356216988,-4.526007771,0,-1
1,1,-1.932017667,-5.758006796
0,0,0,0,2,0
0,0,-0.07480380178,-0.7480380178,0,0
0,0,-0.07151715875,0.03286643029,1,0
0,0,-0.07257600232,-0.01058843569,2,0
0,0,-0.1871526286,-1.145766263,0,0
0,0,-0.2626267175,-0.7547408885,2,0
0,0,-0.4693124274,-2.066857099,2,0
0,0,-0.8276068628,-3.582944354,0,0
0,0,-1.2381184,-4.105115374,0,-1
1,1,-1.752940099,-5.14821699
0,0,0,0,0,0
0,0,0.1017624253,1.017624253,2,0
0,0,0.1413783702,0.3961594484,1,0
0,0,0.2212071075,0.7982873732,1,0
0,0,0.3460644927,1.248573852,2,0
0,0,0.4533847952,1.073203025,0,0
0,0,0.6959664746,2.425816794,0,0
0,0,1.107801149,4.118346747,1,-1
1,1,1.64100773,5.332065809
0,0,0,0,0,0
0,0,0.0843331047,0.843331047,1,0
0,0,0.1963911977,1.12058093,2,0
0,0,0.2523855726,0.5599437489,0,0
0,0,0.419061709,1.666761364,2,0
0,0,0.5695981617,1.505364527,2,0
0,0,0.7346125818,1.6501442,1,0
0,0,1.008074095,2.734615131,2,0
0,0,1.359794884,3.517207892,2,-1
1,1,1.835339165,4.755442808
0,0,0,0,0,0
0,0,0.07767481984,0.7767481984,0,0
0,0,0.2599376784,1.822628585,2,0
0,0,0.4135144596,1.535767812,1,0
0,0,0.6228074451,2.092929856,1,0
0,0,0.9233588761,3.00551431,1,0
0,0,1.340584427,4.172255506,0,-1
1,1,1.912561751,5.71977324
0,0,0,0,1,0
0,0,0.01654645798,0.1654645798,1,0
0,0,0.02607016277,0.09523704787,0,0
0,0,0.1249841779,0.9891401509,1,0
0,0,0.2397955335,1.148113556,1,0
0,0,0.3874771187,1.476815852,2,0
0,0,0.5057893366,1.183122179,1,0
0,0,0.6896308985,1.838415619,0,0
0,0,1.030668278,3.410373796,1,0
0,0,1.497206597,4.665383193,2,-1
1,1,2.102703876,6.054972786
0,0,0,0,0,0
0,0,0.08238973344,0.8238973344,2,0
0,0,0.1028734492,0.2048371575,0,0
0,0,0.2205943182,1.17720869,0,0
0,0,0.4440560832,2.23461765,1,0
0,0,0.7233215026,2.792654194,1,0
0,0,1.099302966,3.759814636,0,-1
1,1,1.633101082,5.337981155
0,0,0,0,0,0
0,0,0.09636468863,0.9636468863,2,0
0,0,0.1250012482,0.2863655954,0,0
0,0,0.2760992149,1.510979667,2,0
0,0,0.3787937635,1.026945486,2,0
0,0,0.4559081442,0.7711438063,1,0
0,0,0.5970531359,1.411449917,1,0
0,0,0.8387871053,2.417339695,1,0
0,0,1.191221078,3.524339727,1,-1
1,1,1.673318461,4.820973828
0,0,0,0,1,0
0,0,-0.005951938852,-0.05951938852,2,0
0,0,-0.1073964856,-1.014445468,0,0
0,0,-0.1466106546,-0.3921416895,2,0
0,0,-0.3143262602,-1.677156057,1,0
0,0,-0.5233239037,-2.089976434,0,0
0,0,-0.7386765034,-2.153525997,0,0
0,0,-0.9990504745,-2.603739711,0,0
0,0,-1.342868709,-3.438182343,2,-1
1,1,-1.846624703,-5.037559942
0,0,0,0,0,0
0,0,0.08401028669,0.8401028669,1,0
0,0,0.1736024208,0.8959213414,1,0
0,0,0.2766603073,1.030578865,1,0
0,0,0.4126058975,1.359455902,0,0
0,0,0.7025450855,2.899391881,2,0
0,0,1.03347163,3.309265441,1,0
0,0,1.481959003,4.484873735,2,-1
1,1,2.068562568,5.866035644
0,0,0,0,0,0
0,0,0.1019685903,1.019685903,2,0
0,0,0.1445734388,0.4260484852,0,0
0,0,0.295904061,1.513306222,1,0
0,0,0.4841597626,1.882557016,0,0
0,0,0.8210898288,3.369300662,0,0
0,0,1.326187721,5.050978919,0,-1
1,1,1.983880584,6.57692863
0,0,0,0,2,0
0,0,-0.08218146065,-0.8218146065,0,0
0,0,-0.08346593741,-0.01284476764,0,0
0,0,-0.01320722972,0.7025870769,2,0
0,0,-0.03137183952,-0.181646098,1,0
0,0,-0.06330203011,-0.3193019059,2,0
0,0,-0.2058448157,-1.425427856,0,0
0,0,-0.3031184797,-0.97273664,1,0
0,0,-0.4644620483,-1.613435686,2,0
0,0,-0.7798535798,-3.153915314,0,0
0,0,-1.145965238,-3.661116581,0,-1
1,1,-1.613343653,-4.673784146
0,0,0,0,2,0
0,0,-0.1044312115,-1.044312115,1,0
0,0,-0.2129431066,-1.08511895,2,0
0,0,-0.4364766035,-2.23533497,0,0
0,0,-0.6423921325,-2.059155289,1,0
0,0,-0.9297862488,-2.873941163,1,0
0,0,-1.332994367,-4.032081184,1,-1
1,1,-1.871174255,-5.381798882
0,0,0,0,2,0
0,0,-0.07341505007,-0.7341505007,0,0
0,0,-0.08418680813,-0.1077175806,2,0
0,0,-0.2040332229,-1.198464147,1,0
0,0,-0.3628999852,-1.588667623,1,0
0,0,-0.5875140904,-2.246141052,1,0
0,0,-0.9036084631,-3.160943727,0,0
0,0,-1.278826045,-3.752175821,0,-1
1,1,-1.77153636,-4.927103149
0,0,0,0,2,0
0,0,-0.08692305109,-0.8692305109,2,0
0,0,-0.2896149951,-2.02691944,1,0
0,0,-0.5270308857,-2.374158907,1,0
0,0,-0.8389670613,-3.119361756,1,0
0,0,-1.270060551,-4.310934898,1,-1
1,1,-1.839350298,-5.692897465
0,0,0,0,0,0
0,0,0.07845248311,0.7845248311,0,0
0,0,0.2521330774,1.736805943,2,0
0,0,0.3968039605,1.446708831,1,0
0,0,0.603855174,2.070512135,0,0
0,0,0.9567362883,3.528811143,1,0
0,0,1.430951091,4.742148026,2,-1
1,1,2.037359319,6.064082282
0,0,0,0,2,0
0,0,-0.09710625236,-0.9710625236,1,0
0,0,-0.2049353198,-1.078290675,2,0
0,0,-0.425936402,-2.210010822,2,0
0,0,-0.8059052455,-3.799688435,2,0
0,0,-1.342923183,-5.37017937,0,-1
1,1,-1.998273758,-6.553505756
0,0,0,0,1,0
0,0,0.01108318949,0.1108318949,1,0
0,0,0.03156797028,0.2048478079,2,0
0,0,-0.01361095437,-0.4517892466,2,0
0,0,-0.1537112831,-1.401003288,0,0
0,0,-0.2372646612,-0.8355337808,0,0
0,0,-0.2747043622,-0.3743970102,1,0
0,0,-0.3614274307,-0.8672306847,2,0
0,0,-0.6020279745,-2.406005438,1,0
0,0,-0.9271568609,-3.251288864,1,0
0,0,-1.359081851,-4.319249902,1,-1
1,1,-1.92865245,-5.69570599
0,0,0,0,2,0
0,0,-0.09862207561,-0.9862207561,2,0
0,0,-0.3079269473,-2.093048717,1,0
0,0,-0.5707728694,-2.628459221,1,0
0,0,-0.9141157922,-3.433429228,1,0
0,0,-1.369702551,-4.555867589,1,-1
1,1,-1.966960743,-5.972581921
0,0,0,0,1,0
0,0,0.00197432241,0.0197432241,0,0
0,0,0.09144955699,0.8947523458,2,0
0,0,0.1211565939,0.2970703687,0,0
0,0,0.2502316622,1.290750684,1,0
0,0,0.4372585767,1.870269145,0,0
0,0,0.7731855368,3.359269601,2,0
0,0,1.156553406,3.833678694,1,-1
1,1,1.674901065,5.183476584
0,0,0,0,2,0
0,0,-0.1048151237,-1.048151237,0,0
0,0,-0.1313298793,-0.2651475564,0,0
0,0,-0.09537952102,0.359503583,1,0
0,0,-0.06350622606,0.3187329496,2,0
0,0,-0.1465256016,-0.8301937554,0,0
0,0,-0.1600492702,-0.1352366863,2,0
0,0,-0.2750616702,-1.150124,2,0
0,0,-0.5232080134,-2.481463432,2,0
0,0,-0.9273019848,-4.040939714,1,0
0,0,-1.443813441,-5.165114558,1,-1
1,1,-2.100238699,-6.564252581
