2,1,1
0,0,0,0,0,0
0,0,0.09133921711,0.9133921711,2,0
0,0,0.09488480575,0.03545588641,1,0
0,0,0.1179236364,0.230388307,2,0
0,0,0.08637030107,-0.3155333537,0,0
0,0,0.1746966135,0.8832631242,2,0
0,0,0.1968548565,0.2215824305,2,0
0,0,0.1690452773,-0.278095792,1,0
0,0,0.171880894,0.02835616668,1,0
0,0,0.1879907489,0.1610985492,2,0
0,0,0.1458354187,-0.4215533022,1,0
0,0,0.1354380756,-0.1039734308,0,0
0,0,0.2369414586,1.015033829,0,0
0,0,0.448112047,2.111705885,0,0
0,0,0.7905781073,3.424660603,0,0
0,0,1.295483862,5.049057543,0,-1
1,1,1.954965806,6.594819449
0,0,0,0,0,0
0,0,0.09644663026,0.9644663026,1,0
0,0,0.2043564235,1.079097933,2,0
0,0,0.2716444671,0.672880436,0,0
0,0,0.470370376,1.987259088,0,0
0,0,0.8313806981,3.610103221,2,0
0,0,1.253574641,4.22193943,0,-1
1,1,1.830357193,5.767825514
0,0,0,0,0,0
0,0,0.09749521932,0.9749521932,0,0
0,0,0.3095065904,2.120113711,2,0
0,0,0.4800483617,1.705417713,1,0
0,0,0.7143039647,2.34255603,0,0
0,0,1.115085806,4.007818411,0,-1
1,1,1.669474968,5.543891619
0,0,0,0,1,0
0,0,0.008554016939,0.08554016939,0,0
0,0,0.1120254244,1.034714074,2,0
0,0,0.1521176495,0.400922251,2,0
0,0,0.1379633003,-0.1415434918,0,0
0,0,0.2262044559,0.8824115558,0,0
0,0,0.4486998373,2.224953814,2,0
0,0,0.6680539418,2.193541046,1,0
0,0,0.9828732161,3.148192742,1,0
0,0,1.420466582,4.37593366,0,-1
1,1,2.010947291,5.904807088
0,0,0,0,0,0
0,0,0.07411884964,0.7411884964,1,0
0,0,0.1587703464,0.8465149673,1,0
0,0,0.2689026905,1.101323441,1,0
0,0,0.4390605892,1.701578987,1,0
0,0,0.6903469056,2.512863164,0,0
0,0,1.094354156,4.040072499,0,-1
1,1,1.656699415,5.623452598
0,0,0,0,2,0
0,0,-0.08185058814,-0.8185058814,2,0
0,0,-0.2778604016,-1.960098135,1,0
0,0,-0.5125741172,-2.347137156,2,0
0,0,-0.894621236,-3.820471188,1,0
0,0,-1.392899632,-4.982783961,1,-1
1,1,-2.028245347,-6.353457149
0,0,0,0,1,0
0,0,-0.0006289389532,-0.006289389532,0,0
0,0,0.1019588736,1.025878126,0,0
0,0,0.3090948574,2.071359838,0,0
0,0,0.6381189132,3.290240559,0,0
0,0,1.1237542,4.856352867,2,-1
1,1,1.704525482,5.807712821
0,0,0,0,2,0
0,0,-0.07582465859,-0.7582465859,2,0
0,0,-0.2360450782,-1.602204196,2,0
0,0,-0.5066508637,-2.706057856,1,0
0,0,-0.8538762233,-3.472253595,1,0
0,0,-1.304585881,-4.507096576,0,-1
1,1,-1.873851307,-5.692654264
0,0,0,0,0,0
0,0,0.07763223226,0.7763223226,1,0
0,0,0.1731267817,0.954945494,1,0
0,0,0.2859603763,1.128335946,2,0
0,0,0.3505340539,0.6457367757,0,0
0,0,0.5622810857,2.117470318,1,0
0,0,0.8684352871,3.061542014,1,0
0,0,1.282917404,4.144821171,0,-1
1,1,1.857248952,5.743315481
0,0,0,0,0,0
0,0,0.09756056376,0.9756056376,1,0
0,0,0.2212644532,1.237038895,1,0
0,0,0.3963584905,1.750940373,0,0
0,0,0.7032776143,3.069191238,0,0
0,0,1.178740773,4.75463159,0,-1
1,1,1.813560869,6.348200962
0,0,0,0,1,0
0,0,-0.002729955766,-0.02729955766,1,0
0,0,-0.002010442779,0.007195129867,2,0
0,0,-0.1021538183,-1.001433755,0,0
0,0,-0.1426964048,-0.4054258651,1,0
0,0,-0.2180748982,-0.7537849339,1,0
0,0,-0.3171490633,-0.990741651,1,0
0,0,-0.4678085902,-1.506595269,0,0
0,0,-0.6194678323,-1.516592421,0,0
0,0,-0.7860021693,-1.66534337,2,0
0,0,-1.123525328,-3.375231583,1,-1
1,1,-1.594709622,-4.711842943
0,0,0,0,2,0
0,0,-0.08776182699,-0.8776182699,2,0
0,0,-0.2771973032,-1.894354762,2,0
0,0,-0.6029509858,-3.257536826,2,0
0,0,-1.070675364,-4.677243786,1,-1
1,1,-1.662540685,-5.918653203
0,0,0,0,2,0
0,0,-0.07980328993,-0.7980328993,0,0
0,0,-0.1003356821,-0.2053239219,1,0
0,0,-0.1230941099,-0.2275842773,1,0
0,0,-0.1770594607,-0.5396535083,0,0
0,0,-0.17885354,-0.01794079301,0,0
0,0,-0.1308557338,0.4799780623,2,0
0,0,-0.2034610427,-0.7260530895,0,0
0,0,-0.2187169983,-0.1525595561,0,0
0,0,-0.1766798309,0.4203716745,1,0
0,0,-0.1501098475,0.2656998341,2,0
0,0,-0.231498732,-0.8138888459,1,0
0,0,-0.3447025503,-1.132038182,2,0
0,0,-0.5884362446,-2.437336943,0,0
0,0,-0.8350995997,-2.466633551,1,0
0,0,-1.194262691,-3.591630913,0,-1
1,1,-1.659097909,-4.64835218
0,0,0,0,1,0
0,0,0.007359268828,0.07359268828,1,0
0,0,0.004220280025,-0.03138988803,2,0
0,0,-0.1002733264,-1.044936065,2,0
0,0,-0.2932835611,-1.930102346,2,0
0,0,-0.6084279984,-3.151444373,0,0
0,0,-0.9333913084,-3.2496331,2,0
0,0,-1.426537147,-4.931458383,1,-1
1,1,-2.059125012,-6.325878654
0,0,0,0,1,0
0,0,-0.01158578601,-0.1158578601,2,0
0,0,-0.1073634388,-0.9577765282,2,0
0,0,-0.3054135752,-1.980501363,2,0
0,0,-0.6367197463,-3.313061711,0,0
0,0,-0.9803502376,-3.436304913,2,0
0,0,-1.4867394,-5.063891626,0,-1
1,1,-2.130257526,-6.435181259
0,0,0,0,2,0
0,0,-0.07133965705,-0.7133965705,2,0
0,0,-0.235243105,-1.639034479,2,0
0,0,-0.5086368583,-2.733937533,1,0
0,0,-0.8477265227,-3.390896644,1,0
0,0,-1.289066401,-4.413398787,1,-1
1,1,-1.862784052,-5.737176501
0,0,0,0,0,0
0,0,0.09647315954,0.9647315954,1,0
0,0,0.2157379408,1.192647812,2,0
0,0,0.2874199655,0.7168202479,2,0
0,0,0.3228347143,0.3541474877,1,0
0,0,0.4049976437,0.8216292937,1,0
0,0,0.5453860331,1.403883894,2,0
0,0,0.6986462792,1.532602461,1,0
0,0,0.9601013581,2.614550789,1,0
0,0,1.345575678,3.854743201,2,-1
1,1,1.855329016,5.09753338
0,0,0,0,2,0
0,0,-0.08980593294,-0.8980593294,2,0
0,0,-0.2750005104,-1.851945774,1,0
0,0,-0.5170091123,-2.420086019,1,0
0,0,-0.8301830586,-3.131739463,1,0
0,0,-1.253141404,-4.229583459,1,-1
1,1,-1.805404104,-5.522626991
0,0,0,0,1,0
0,0,0.0124636918,0.124636918,0,0
0,0,0.1261108768,1.13647185,2,0
0,0,0.1590040144,0.3289313759,1,0
0,0,0.225132427,0.6612841256,1,0
0,0,0.3411708671,1.160384402,2,0
0,0,0.4266997058,0.855288387,1,0
0,0,0.5926296243,1.659299184,2,0
0,0,0.768212377,1.755827527,1,0
0,0,1.042852331,2.746399544,1,0
0,0,1.451094251,4.082419201,2,-1
1,1,1.995420399,5.443261476
0,0,0,0,2,0
0,0,-0.09400001888,-0.9400001888,1,0
0,0,-0.212604308,-1.186042891,2,0
0,0,-0.4520205283,-2.394162202,1,0
0,0,-0.7735535537,-3.215330255,2,0
0,0,-1.248733953,-4.75180399,1,-1
1,1,-1.858238795,-6.09504842
0,0,0,0,1,0
0,0,0.003454680913,0.03454680913,2,0
0,0,-0.07872360385,-0.8217828476,0,0
0,0,-0.09639375762,-0.1767015376,1,0
0,0,-0.126406467,-0.3001270933,1,0
0,0,-0.1828738402,-0.564673732,0,0
0,0,-0.1734804264,0.09393413727,1,0
0,0,-0.1877477083,-0.1426728191,2,0
0,0,-0.3045840578,-1.168363494,1,0
0,0,-0.4857070543,-1.811229965,2,0
0,0,-0.8239131133,-3.38206059,2,0
0,0,-1.319474528,-4.955614151,2,-1
1,1,-1.969389179,-6.499146509
0,0,0,0,2,0
0,0,-0.09571899341,-0.9571899341,0,0
0,0,-0.1145293413,-0.1881034787,2,0
0,0,-0.2385900612,-1.240607199,0,0
0,0,-0.3234182728,-0.8482821166,2,0
0,0,-0.5440675957,-2.206493229,2,0
0,0,-0.9264190296,-3.823514339,1,0
0,0,-1.425224456,-4.988054261,1,-1
1,1,-2.063212472,-6.379880159
0,0,0,0,2,0
0,0,-0.09442593058,-0.9442593058,0,0
0,0,-0.1149448554,-0.2051892484,0,0
0,0,-0.06395162454,0.5099323088,0,0
0,0,0.07808702918,1.420386537,1,0
0,0,0.225349637,1.472626078,0,0
0,0,0.512046003,2.86696366,1,0
0,0,0.8790175425,3.669715395,1,0
0,0,1.362193576,4.831760335,1,-1
1,1,1.984712153,6.225185774
0,0,0,0,2,0
0,0,-0.08507226219,-0.8507226219,0,0
0,0,-0.08595488165,-0.008826194586,1,0
0,0,-0.1121790102,-0.2622412855,2,0
0,0,-0.2404582543,-1.282792441,0,0
0,0,-0.3182966786,-0.7783842426,0,0
0,0,-0.3822521364,-0.639554578,2,0
0,0,-0.5802171473,-1.979650108,0,0
0,0,-0.7812785235,-2.010613762,2,0
0,0,-1.159448851,-3.781703275,2,-1
1,1,-1.704143208,-5.44694357
0,0,0,0,1,0
0,0,0.01694536108,0.1694536108,1,0
0,0,0.04267109861,0.2572573754,0,0
0,0,0.1730614068,1.303903082,0,0
0,0,0.4338881755,2.608267687,2,0
0,0,0.6720003515,2.38112176,0,0
0,0,1.077469233,4.054688818,1,-1
1,1,1.611443951,5.339747173
0,0,0,0,1,0
0,0,-0.008374971603,-0.08374971603,2,0
0,0,-0.1184762838,-1.101013122,2,0
0,0,-0.3329355967,-2.144593129,0,0
0,0,-0.5213437553,-1.884081586,1,0
0,0,-0.7760101483,-2.54666393,0,0
0,0,-1.088544656,-3.12534508,2,0
0,0,-1.567877434,-4.793327777,0,-1
1,1,-2.193866027,-6.259885933
0,0,0,0,1,0
0,0,-0.004846169424,-0.04846169424,0,0
0,0,0.07239784168,0.7724401111,1,0
0,0,0.1482364841,0.7583864237,0,0
0,0,0.3326680268,1.844315427,1,0
0,0,0.5763129461,2.436449193,0,0
0,0,0.9636583711,3.87345425,2,0
0,0,1.41443846,4.50780089,0,-1
1,1,2.015945532,6.015070719
0,0,0,0,0,0
0,0,0.1058597704,1.058597704,2,0
0,0,0.1254887736,0.1962900326,0,0
0,0,0.2650098216,1.39521048,0,0
0,0,0.5449122156,2.79902394,0,0
0,0,0.9883252682,4.434130527,0,-1
1,1,1.592947536,6.046222679
0,0,0,0,0,0
0,0,0.07543164151,0.7543164151,1,0
0,0,0.177014525,1.015828835,2,0
0,0,0.218443919,0.4142939402,2,0
0,0,0.2116516126,-0.06792306426,2,0
0,0,0.1495314804,-0.6212013219,2,0
0,0,0.02769196566,-1.218395148,0,0
0,0,0.009650302201,-0.1804166346,0,0
0,0,0.07074353718,0.6109323498,0,0
0,0,0.2165364198,1.457928826,2,0
0,0,0.3126891062,0.9615268645,0,0
0,0,0.531286618,2.185975117,1,0
0,0,0.82974758,2.98460962,1,0
0,0,1.239776601,4.100290208,1,-1
1,1,1.785786449,5.460098481
0,0,0,0,1,0
0,0,-0.01636375617,-0.1636375617,1,0
0,0,-0.03765135987,-0.212876037,1,0
0,0,-0.06251336141,-0.2486200154,1,0
0,0,-0.1081213204,-0.4560795904,2,0
0,0,-0.2479621941,-1.398408736,0,0
0,0,-0.357973314,-1.100111199,0,0
0,0,-0.4438437995,-0.8587048549,1,0
0,0,-0.5944423162,-1.505985168,1,0
0,0,-0.8480361915,-2.535938753,1,0
0,0,-1.217861885,-3.69825694,2,-1
1,1,-1.75013203,-5.32270145
0,0,0,0,0,0
0,0,0.07168509253,0.7168509253,0,0
0,0,0.252824176,1.811390835,2,0
0,0,0.3758267755,1.230025994,2,0
0,0,0.4827994517,1.069726762,1,0
0,0,0.6778776442,1.950781925,2,0
0,0,0.9005552123,2.226775681,1,0
0,0,1.233852373,3.332971604,1,-1
1,1,1.707914363,4.740619901
0,0,0,0,1,0
0,0,0.001590413881,0.01590413881,0,0
0,0,0.07889862307,0.7730820919,1,0
0,0,0.1764854383,0.9758681526,1,0
0,0,0.2911203801,1.146349417,2,0
0,0,0.3825312798,0.9141089978,1,0
0,0,0.5279205321,1.453892523,1,0
0,0,0.7538208058,2.259002737,0,0
0,0,1.154476596,4.0065579,1,-1
1,1,1.688567119,5.340905236
0,0,0,0,2,0
0,0,-0.1056948584,-1.056948584,2,0
0,0,-0.3227490129,-2.170541545,0,0
0,0,-0.5129594448,-1.902104319,1,0
0,0,-0.7951467541,-2.821873093,0,0
0,0,-1.138711455,-3.435647014,2,-1
1,1,-1.638282544,-4.99571089
0,0,0,0,2,0
0,0,-0.07299511617,-0.7299511617,2,0
0,0,-0.2317233676,-1.587282515,1,0
0,0,-0.4359718347,-2.04248467,1,0
0,0,-0.6946170684,-2.586452337,2,0
0,0,-1.102738508,-4.081214393,1,-1
1,1,-1.630367068,-5.276285608
0,0,0,0,1,0
0,0,0.01354898646,0.1354898646,1,0
0,0,0.04190846674,0.2835948027,2,0
0,0,-0.006787983358,-0.4869645009,1,0
0,0,-0.06627845011,-0.5949046675,0,0
0,0,-0.05763890043,0.08639549678,0,0
0,0,0.02014353736,0.7778243779,0,0
0,0,0.1886282306,1.684846933,0,0
0,0,0.4824988816,2.93870651,1,0
0,0,0.8481751858,3.656763041,0,0
0,0,1.37540604,5.272308543,0,-1
1,1,2.055660941,6.802549013
0,0,0,0,2,0
0,0,-0.08463330379,-0.8463330379,2,0
0,0,-0.2622372888,-1.77603985,2,0
0,0,-0.5745755533,-3.123382645,1,0
0,0,-0.9708122629,-3.962367096,0,0
0,0,-1.432868853,-4.620565897,2,-1
1,1,-2.048970049,-6.161011967
0,0,0,0,1,0
0,0,-0.01542957941,-0.1542957941,1,0
0,0,-0.04884962809,-0.3342004868,2,0
0,0,-0.1880963014,-1.392466733,2,0
0,0,-0.4372813147,-2.491850133,0,0
0,0,-0.6611904763,-2.239091616,2,0
0,0,-1.041601677,-3.80411201,1,0
0,0,-1.551475724,-5.098740466,2,-1
1,1,-2.208875888,-6.574001639
0,0,0,0,0,0
0,0,0.07247138496,0.7247138496,2,0
0,0,0.07971188128,0.07240496321,2,0
0,0,0.02265917835,-0.5705270292,0,0
0,0,0.05632110735,0.33661929,1,0
0,0,0.08546649368,0.2914538633,1,0
0,0,0.1187986822,0.3333218848,1,0
0,0,0.1637709271,0.4497224491,2,0
0,0,0.1517019874,-0.1206893971,0,0
0,0,0.2618137931,1.101118057,2,0
0,0,0.3441902187,0.823764256,0,0
0,0,0.5523153624,2.081251438,0,0
0,0,0.9261275185,3.738121561,2,0
0,0,1.361437992,4.353104739,2,-1
1,1,1.923022445,5.615844525
0,0,0,0,1,0
0,0,-0.008404267374,-0.08404267374,1,0
0,0,-0.03436028863,-0.2595602126,2,0
0,0,-0.1608680492,-1.265077606,2,0
0,0,-0.3866110131,-2.257429639,1,0
0,0,-0.6818410082,-2.952299951,0,0
0,0,-0.9960931429,-3.142521346,0,0
0,0,-1.386879822,-3.907866795,1,-1
1,1,-1.921135207,-5.342553849
0,0,0,0,0,0
0,0,0.1002085103,1.002085103,0,0
0,0,0.2927273641,1.925188538,2,0
0,0,0.4414505776,1.487232135,0,0
0,0,0.7290277038,2.875771262,0,0
0,0,1.174728141,4.457004371,0,-1
1,1,1.781962168,6.072340273
0,0,0,0,1,0
0,0,-0.01370265564,-0.1370265564,1,0
0,0,-0.0420290626,-0.2832640696,2,0
0,0,-0.1803412636,-1.38312201,0,0
0,0,-0.2758241201,-0.9548285648,0,0
0,0,-0.3316264371,-0.5580231694,2,0
0,0,-0.5160658839,-1.844394468,1,0
0,0,-0.7833869304,-2.673210465,2,0
0,0,-1.218499506,-4.351125758,2,-1
1,1,-1.809859669,-5.913601623
0,0,0,0,1,0
0,0,-0.01181396244,-0.1181396244,1,0
0,0,-0.03840898168,-0.2659501924,2,0
0,0,-0.1666201558,-1.282111741,0,0
0,0,-0.219485737,-0.5286558129,1,0
0,0,-0.3097460424,-0.9026030541,0,0
0,0,-0.368320158,-0.5857411552,2,0
0,0,-0.563129895,-1.948097371,2,0
0,0,-0.9264375186,-3.633076236,2,0
0,0,-1.455403519,-5.289660007,2,-1
1,1,-2.133507567,-6.781040481
0,0,0,0,2,0
0,0,-0.08630821758,-0.8630821758,2,0
0,0,-0.264189038,-1.778808205,2,0
0,0,-0.5817881629,-3.175991249,0,0
0,0,-0.899417874,-3.176297111,2,0
0,0,-1.376720264,-4.773023897,2,-1
1,1,-2.004591571,-6.278713077
0,0,0,0,2,0
0,0,-0.07499365166,-0.7499365166,2,0
0,0,-0.2461678607,-1.711742091,2,0
0,0,-0.5416042289,-2.954363682,2,0
0,0,-0.974716816,-4.331125871,0,0
0,0,-1.47410833,-4.993915136,2,-1
1,1,-2.124725299,-6.506169689
0,0,0,0,2,0
0,0,-0.1015024255,-1.015024255,1,0
0,0,-0.2068432847,-1.053408592,2,0
0,0,-0.4244534717,-2.17610187,2,0
0,0,-0.7776990866,-3.532456149,1,0
0,0,-1.234932139,-4.572330526,2,-1
1,1,-1.848342642,-6.13410503
0,0,0,0,0,0
0,0,0.08356575174,0.8356575174,2,0
0,0,0.09836512266,0.1479937092,1,0
0,0,0.147031438,0.4866631534,2,0
0,0,0.1211173198,-0.2591411819,2,0
0,0,0.0436285191,-0.7748880071,1,0
0,0,-0.01827325506,-0.6190177416,1,0
0,0,-0.1000477011,-0.8177444605,1,0
0,0,-0.2148920347,-1.148443336,1,0
0,0,-0.3782484316,-1.633563969,2,0
0,0,-0.6682577144,-2.900092828,1,0
0,0,-1.043329923,-3.750722089,1,0
0,0,-1.544164394,-5.008344705,2,-1
1,1,-2.193036343,-6.488719492
0,0,0,0,2,0
0,0,-0.07454869172,-0.7454869172,1,0
0,0,-0.1772361459,-1.026874542,2,0
0,0,-0.4045838703,-2.273477244,1,0
0,0,-0.694230462,-2.896465917,2,0
0,0,-1.136656533,-4.424260705,1,-1
1,1,-1.699528739,-5.628722066
0,0,0,0,2,0
0,0,-0.08304779583,-0.8304779583,1,0
0,0,-0.1974538407,-1.144060449,1,0
0,0,-0.3515612224,-1.541073817,2,0
0,0,-0.639641764,-2.880805416,0,0
0,0,-0.9526330508,-3.129912868,2,0
0,0,-1.426363087,-4.73730036,2,-1
1,1,-2.050875521,-6.245124341
0,0,0,0,2,0
0,0,-0.09817669553,-0.9817669553,2,0
0,0,-0.2961182279,-1.979415324,0,0
0,0,-0.4427503174,-1.466320895,1,0
0,0,-0.6616683062,-2.189179888,0,0
0,0,-0.9206342894,-2.589659831,2,0
0,0,-1.342524849,-4.218905594,2,-1
1,1,-1.917146226,-5.746213774
0,0,0,0,2,0
0,0,-0.08825952588,-0.8825952588,1,0
0,0,-0.2089590638,-1.206995379,0,0
0,0,-0.262428596,-0.5346953222,2,0
0,0,-0.460120846,-1.9769225,0,0
0,0,-0.6612607977,-2.011399517,2,0
0,0,-1.033784912,-3.72524114,2,0
0,0,-1.567713121,-5.339282094,2,-1
1,1,-2.248741535,-6.810284141
0,0,0,0,0,0
0,0,0.07487174868,0.7487174868,1,0
0,0,0.154884987,0.8001323831,2,0
0,0,0.168337287,0.1345230006,2,0
0,0,0.1159322893,-0.5240499777,2,0
0,0,-0.01363513888,-1.295674281,1,0
0,0,-0.1433678088,-1.297326699,0,0
0,0,-0.2179052058,-0.7453739699,0,0
0,0,-0.2359373873,-0.1803218153,1,0
0,0,-0.2849323547,-0.4899496737,0,0
0,0,-0.3071417393,-0.2220938464,2,0
0,0,-0.4763034252,-1.691616859,0,0
0,0,-0.6402737687,-1.639703435,2,0
0,0,-0.9753822326,-3.351084639,0,0
0,0,-1.384951817,-4.095695844,2,-1
1,1,-1.948638401,-5.63686584
0,0,0,0,1,0
0,0,0.01379457009,0.1379457009,0,0
0,0,0.1227952229,1.090006528,1,0
0,0,0.2619996723,1.392044494,2,0
0,0,0.3673452667,1.053455944,2,0
0,0,0.4477097776,0.8036451085,1,0
0,0,0.5908019297,1.430921522,2,0
0,0,0.7447391799,1.539372502,1,0
0,0,0.9988466894,2.541075095,1,0
0,0,1.373030409,3.741837199,0,-1
1,1,1.901680893,5.286504838
0,0,0,0,0,0
0,0,0.1024628977,1.024628977,2,0
0,0,0.1303393263,0.2787642854,2,0
0,0,0.07956979204,-0.5076953423,1,0
0,0,0.05985820693,-0.1971158511,1,0
0,0,0.04911739875,-0.1074080819,2,0
0,0,-0.04301761985,-0.921350186,0,0
0,0,-0.05016161697,-0.07143997113,1,0
0,0,-0.06887934935,-0.1871773239,1,0
0,0,-0.08382342327,-0.1494407392,0,0
0,0,-0.02775177196,0.5607165131,2,0
0,0,-0.05478659178,-0.2703481981,1,0
0,0,-0.0763704277,-0.2158383592,0,0
0,0,-0.03911843837,0.3725198933,2,0
0,0,-0.1101480945,-0.7102965615,1,0
0,0,-0.1859234011,-0.7577530657,2,0
0,0,-0.3782484146,-1.923250135,0,0
0,0,-0.5541450984,-1.758966839,2,0
0,0,-0.8864026765,-3.322575781,1,0
0,0,-1.321898356,-4.354956795,2,-1
1,1,-1.909855348,-5.879569921
0,0,0,0,0,0
0,0,0.08496273025,0.8496273025,1,0
0,0,0.1984451554,1.134824251,2,0
0,0,0.2565327285,0.5808757316,1,0
0,0,0.3441551043,0.8762237581,2,0
0,0,0.4079529507,0.6379784637,0,0
0,0,0.6072480213,1.992950706,0,0
0,0,0.9696151248,3.623671036,1,0
0,0,1.441800704,4.721855789,2,-1
1,1,2.046301582,6.045008786
0,0,0,0,2,0
0,0,-0.09468963417,-0.9468963417,1,0
0,0,-0.1881634521,-0.9347381795,2,0
0,0,-0.3940552687,-2.058918166,2,0
0,0,-0.7471486325,-3.530933638,1,0
0,0,-1.2044737,-4.573250677,0,-1
1,1,-1.764493747,-5.600200473
0,0,0,0,1,0
0,0,-0.004312088301,-0.04312088301,0,0
0,0,0.07034673496,0.7465882326,2,0
0,0,0.05485122965,-0.1549550531,2,0
0,0,-0.03416621118,-0.8901744083,2,0
0,0,-0.2263567491,-1.921905379,2,0
0,0,-0.529444238,-3.03087489,1,0
0,0,-0.9238469106,-3.944026726,0,0
0,0,-1.373959036,-4.501121257,0,-1
1,1,-1.946319602,-5.723605653
0,0,0,0,0,0
0,0,0.08139536275,0.8139536275,1,0
0,0,0.1649542817,0.8355891897,0,0
0,0,0.3607838626,1.958295809,2,0
0,0,0.5400227156,1.792388529,1,0
0,0,0.8139565806,2.73933865,1,0
0,0,1.207107408,3.931508278,1,-1
1,1,1.735003036,5.278956271
0,0,0,0,1,0
0,0,0.007595665203,0.07595665203,1,0
0,0,0.008180691308,0.00585026105,1,0
0,0,0.01647822308,0.08297531768,1,0
0,0,0.02498550009,0.08507277009,0,0
0,0,0.1418732287,1.168877286,0,0
0,0,0.3765453799,2.346721513,0,0
0,0,0.7581962986,3.816509187,2,0
0,0,1.182055218,4.238589196,2,-1
1,1,1.710745134,5.286899156
0,0,0,0,1,0
0,0,-0.006739507406,-0.06739507406,1,0
0,0,-0.03163523473,-0.2489572732,1,0
0,0,-0.06772427397,-0.3608903925,0,0
0,0,-0.03104517385,0.3667910012,2,0
0,0,-0.07587987795,-0.448347041,1,0
0,0,-0.1265284303,-0.5064855231,2,0
0,0,-0.2860612769,-1.595328466,1,0
0,0,-0.4981263834,-2.120651065,0,0
0,0,-0.7016134618,-2.034870784,1,0
0,0,-1.004387536,-3.027740737,2,0
0,0,-1.465977223,-4.615896879,0,-1
1,1,-2.063450406,-5.97473183
0,0,0,0,1,0
0,0,0.008991556842,0.08991556842,2,0
0,0,-0.07892514661,-0.8791670345,0,0
0,0,-0.07773804279,0.01187103819,1,0
0,0,-0.07362604778,0.04111995004,1,0
0,0,-0.0673220688,0.06303978988,1,0
0,0,-0.06154333468,0.05778734112,2,0
0,0,-0.1418542908,-0.8031095608,1,0
0,0,-0.2510353792,-1.091810884,0,0
0,0,-0.3080175474,-0.5698216824,2,0
0,0,-0.5097316381,-2.017140907,1,0
0,0,-0.8005414896,-2.908098514,2,0
0,0,-1.247283616,-4.467421265,1,-1
1,1,-1.825368602,-5.780849863
0,0,0,0,0,0
0,0,0.08358826814,0.8358826814,2,0
0,0,0.103498497,0.1991022891,1,0
0,0,0.1304581751,0.2695967803,2,0
0,0,0.09065581415,-0.3980236093,0,0
0,0,0.1521092183,0.614534041,2,0
0,0,0.1682714873,0.1616226904,1,0
0,0,0.2103406972,0.4206920988,1,0
0,0,0.2761324488,0.6579175166,2,0
0,0,0.319716664,0.4358421517,2,0
0,0,0.3414984343,0.2178177033,2,0
0,0,0.3385616798,-0.02936754569,0,0
0,0,0.4851101713,1.465484915,1,0
0,0,0.7135245748,2.284144036,1,0
0,0,1.039582724,3.260581494,2,0
0,0,1.449828325,4.10245601,1,-1
1,1,2.003757398,5.539290725
0,0,0,0,0,0
0,0,0.0885128138,0.885128138,1,0
0,0,0.1776381133,0.891252995,0,0
0,0,0.3677723357,1.901342224,0,0
0,0,0.6811899109,3.134175752,0,0
0,0,1.14949109,4.683011792,0,-1
1,1,1.780508051,6.310169608
0,0,0,0,0,0
0,0,0.09830804663,0.9830804663,1,0
0,0,0.2153867326,1.17078686,2,0
0,0,0.2860869071,0.7070017452,2,0
0,0,0.3070441713,0.2095726416,2,0
0,0,0.2948468232,-0.1219734811,0,0
0,0,0.4275301116,1.326832884,2,0
0,0,0.5373338427,1.098037311,1,0
0,0,0.718834519,1.815006764,0,0
0,0,1.075459603,3.566250837,2,0
0,0,1.528061925,4.526023221,0,-1
1,1,2.12966819,6.016062651
0,0,0,0,0,0
0,0,0.102205393,1.02205393,2,0
0,0,0.1169423921,0.1473699912,0,0
0,0,0.2276095792,1.106671871,1,0
0,0,0.3608857139,1.332761348,1,0
0,0,0.5491171493,1.882314354,2,0
0,0,0.7548716108,2.057544614,1,0
0,0,1.05482886,2.999572497,0,0
0,0,1.525797366,4.709685054,1,-1
1,1,2.142590732,6.167933666
0,0,0,0,2,0
0,0,-0.09604692444,-0.9604692444,0,0
0,0,-0.1104096716,-0.1436274712,2,0
0,0,-0.2295830345,-1.191733629,0,0
0,0,-0.2877649595,-0.5818192502,1,0
0,0,-0.4088922109,-1.211272514,1,0
0,0,-0.5919987017,-1.831064908,0,0
0,0,-0.8002644919,-2.082657902,1,0
0,0,-1.117996625,-3.177321327,1,0
0,0,-1.561381098,-4.433844729,2,-1
1,1,-2.152072519,-5.906914217
0,0,0,0,0,0
0,0,0.08013528771,0.8013528771,2,0
0,0,0.09692950833,0.1679422062,1,0
0,0,0.1448894752,0.4795996691,1,0
0,0,0.2115220537,0.6663257844,0,0
0,0,0.4081180439,1.965959902,2,0
0,0,0.5904628548,1.823448109,1,0
0,0,0.8624066622,2.719438074,1,0
0,0,1.248648107,3.862414445,0,-1
1,1,1.792897459,5.442493523
0,0,0,0,1,0
0,0,-0.01737110297,-0.1737110297,1,0
0,0,-0.03938967797,-0.22018575,0,0
0,0,0.01227682419,0.5166650216,1,0
0,0,0.05033927867,0.3806245448,1,0
0,0,0.09456062569,0.4422134702,2,0
0,0,0.06966263624,-0.2489798945,0,0
0,0,0.1461016926,0.7643905641,2,0
0,0,0.1457885152,-0.003131774955,0,0
0,0,0.2662561807,1.204676655,2,0
0,0,0.3321794419,0.6592326118,1,0
0,0,0.4526670624,1.204876205,1,0
0,0,0.6332505518,1.805834894,0,0
0,0,0.9792804202,3.460298684,1,0
0,0,1.452341645,4.730612244,2,-1
1,1,2.059715763,6.073741188
0,0,0,0,0,0
0,0,0.09936831313,0.9936831313,2,0
0,0,0.1285164155,0.2914810232,1,0
0,0,0.1687470552,0.4023063979,2,0
0,0,0.1515581937,-0.1718886157,2,0
0,0,0.07662127557,-0.749369181,2,0
0,0,-0.06978655656,-1.464078321,0,0
0,0,-0.1458459771,-0.7605942056,2,0
0,0,-0.3184615328,-1.726155556,2,0
0,0,-0.6245591123,-3.060975795,2,0
0,0,-1.085807422,-4.612483093,2,-1
1,1,-1.71065345,-6.248460288
0,0,0,0,0,0
0,0,0.07506805074,0.7506805074,2,0
0,0,0.0869053436,0.1183729286,1,0
0,0,0.09922898787,0.1232364427,1,0
0,0,0.1223317019,0.2310271404,1,0
0,0,0.1670177722,0.4468607028,2,0
0,0,0.1621785039,-0.04839268276,0,0
0,0,0.2598091176,0.976306137,2,0
0,0,0.3095239481,0.4971483054,0,0
0,0,0.5052028707,1.956789225,2,0
0,0,0.6984063862,1.932035155,2,0
0,0,0.9384037382,2.39997352,0,0
0,0,1.34015709,4.017533514,2,-1
1,1,1.863390947,5.232338571
0,0,0,0,2,0
0,0,-0.08178215444,-0.8178215444,2,0
0,0,-0.2778627929,-1.960806385,2,0
0,0,-0.6106755002,-3.328127073,2,0
0,0,-1.110305469,-4.996299692,2,-1
1,1,-1.769102774,-6.587973041
0,0,0,0,2,0
0,0,-0.09827057751,-0.9827057751,2,0
0,0,-0.2925186757,-1.942480982,2,0
0,0,-0.6096349483,-3.171162726,1,0
0,0,-1.021229773,-4.115948245,0,0
0,0,-1.504173752,-4.829439795,0,-1
1,1,-2.125929891,-6.217561384
0,0,0,0,0,0
0,0,0.1023028242,1.023028242,0,0
0,0,0.3103461458,2.080433216,0,0
0,0,0.6666510241,3.563048783,0,0
0,0,1.175851135,5.092001105,2,-1
1,1,1.781671277,6.05820142
0,0,0,0,0,0
0,0,0.09809194638,0.9809194638,0,0
0,0,0.300920417,2.028284706,1,0
0,0,0.5540295456,2.531091286,0,0
0,0,0.9472310023,3.932014567,2,0
0,0,1.416372186,4.691411835,1,-1
1,1,2.025559302,6.091871165
0,0,0,0,0,0
0,0,0.07362328034,0.7362328034,0,0
0,0,0.2631694833,1.89546203,1,0
0,0,0.5111199025,2.479504192,1,0
0,0,0.8304196761,3.192997736,2,0
0,0,1.193738092,3.633184158,1,-1
1,1,1.68933889,4.956007981
0,0,0,0,1,0
0,0,-0.01217705708,-0.1217705708,2,0
0,0,-0.1089957543,-0.9681869722,0,0
0,0,-0.1408196663,-0.3182391199,0,0
0,0,-0.1001106165,0.4070904977,0,0
0,0,0.01923809408,1.193487106,0,0
0,0,0.2155902494,1.963521553,1,0
0,0,0.4431028192,2.275125698,0,0
0,0,0.8120688139,3.689659947,1,0
0,0,1.288406164,4.763373506,2,-1
1,1,1.875509077,5.871029127
0,0,0,0,0,0
0,0,0.08978881383,0.8978881383,2,0
0,0,0.1097309554,0.1994214161,0,0
0,0,0.2518441696,1.421132141,0,0
0,0,0.527702869,2.758586995,2,0
0,0,0.8024428473,2.747399783,0,0
0,0,1.24121853,4.387756826,1,-1
1,1,1.808850156,5.676316257
0,0,0,0,2,0
0,0,-0.100939985,-1.00939985,0,0
0,0,-0.1337728751,-0.3283289013,2,0
0,0,-0.2874130659,-1.536401907,2,0
0,0,-0.5843123026,-2.968992368,2,0
0,0,-1.027670102,-4.433577998,1,-1
1,1,-1.595717583,-5.680474804
0,0,0,0,0,0
0,0,0.1014163072,1.014163072,0,0
0,0,0.3073004251,2.058841179,0,0
0,0,0.6462256625,3.389252374,0,0
0,0,1.143191765,4.969661027,0,-1
1,1,1.791883151,6.486913854
0,0,0,0,1,0
0,0,-0.01474615674,-0.1474615674,1,0
0,0,-0.02193195668,-0.07185799939,2,0
0,0,-0.1041701208,-0.8223816408,0,0
0,0,-0.1231036698,-0.1893354905,0,0
0,0,-0.08709153348,0.3601213633,0,0
0,0,0.03225586423,1.193473977,0,0
0,0,0.2279969599,1.957410957,0,0
0,0,0.5408526721,3.128557123,1,0
0,0,0.9334846515,3.926319794,1,0
0,0,1.448407604,5.149229527,1,-1
1,1,2.102931191,6.545235867
0,0,0,0,1,0
0,0,-0.007155907148,-0.07155907148,2,0
0,0,-0.09993273358,-0.9277682643,1,0
0,0,-0.2225445904,-1.226118569,0,0
0,0,-0.3104621683,-0.8791757781,2,0
0,0,-0.5241846803,-2.13722512,0,0
0,0,-0.7410107687,-2.168260884,0,0
0,0,-1.00093878,-2.599280116,2,0
0,0,-1.425504189,-4.245654087,0,-1
1,1,-1.982431893,-5.569277042
0,0,0,0,0,0
0,0,0.1037490716,1.037490716,2,0
0,0,0.1422570447,0.3850797307,2,0
0,0,0.1137854175,-0.2847162718,1,0
0,0,0.119831613,0.06046195424,1,0
0,0,0.139313856,0.1948224299,0,0
0,0,0.2797123964,1.403985404,1,0
0,0,0.4704675334,1.90755137,2,0
0,0,0.6523166381,1.818491047,1,0
0,0,0.9235793839,2.712627458,1,0
0,0,1.304807247,3.812278636,0,-1
1,1,1.845301063,5.404938157
0,0,0,0,1,0
0,0,-0.008491766397,-0.08491766397,2,0
0,0,-0.09448787051,-0.8599610411,0,0
0,0,-0.0978219251,-0.03334054595,0,0
0,0,-0.02935661662,0.6846530848,0,0
0,0,0.1174056036,1.467622202,2,0
0,0,0.1981688891,0.8076328553,2,0
0,0,0.2228242142,0.2465532513,0,0
0,0,0.3869105351,1.640863208,0,0
0,0,0.6895021023,3.025915672,0,0
0,0,1.162602573,4.731004704,2,-1
1,1,1.725928062,5.633254898
0,0,0,0,0,0
0,0,0.1028295424,1.028295424,1,0
0,0,0.2289653069,1.261357644,1,0
0,0,0.3768375169,1.4787221,0,0
0,0,0.6584583379,2.81620821,0,0
0,0,1.100353526,4.418951881,2,-1
1,1,1.625737085,5.253835592
0,0,0,0,0,0
0,0,0.1028890503,1.028890503,0,0
0,0,0.3076973427,2.048082924,0,0
0,0,0.6446182253,3.369208826,0,0
0,0,1.139713413,4.950951878,2,-1
1,1,1.723669449,5.839560356
0,0,0,0,0,0
0,0,0.09998227042,0.9998227042,0,0
0,0,0.2937393673,1.937570969,1,0
0,0,0.5200352083,2.262958409,2,0
0,0,0.7435749368,2.235397285,2,0
0,0,1.004539621,2.609646844,0,0
0,0,1.431768208,4.272285865,0,-1
1,1,2.011941235,5.801730277
0,0,0,0,2,0
0,0,-0.08726397137,-0.8726397137,0,0
0,0,-0.1073809443,-0.2011697289,1,0
0,0,-0.1421983975,-0.3481745322,0,0
0,0,-0.104944236,0.3725416152,0,0
0,0,-0.005330781412,0.9961345455,2,0
0,0,0.004113563693,0.09444345106,2,0
0,0,-0.06184464383,-0.6595820752,0,0
0,0,-0.03385829522,0.2798634862,1,0
0,0,-0.015195575,0.1866272022,0,0
0,0,0.08737930672,1.025748817,2,0
0,0,0.1180604047,0.3068109801,1,0
0,0,0.1551723808,0.3711197605,1,0
0,0,0.2308738001,0.7570141928,2,0
0,0,0.2752810221,0.44407222,1,0
0,0,0.351193663,0.759126409,0,0
0,0,0.5675946403,2.164009773,0,0
0,0,0.9524215457,3.848269054,0,0
0,0,1.501805032,5.493834859,0,-1
1,1,2.199141929,6.973368977
0,0,0,0,2,0
0,0,-0.1007091829,-1.007091829,0,0
0,0,-0.1400604517,-0.3935126881,2,0
0,0,-0.2858827247,-1.45822273,2,0
0,0,-0.5656222783,-2.797395536,0,0
0,0,-0.8599223645,-2.943000862,0,0
0,0,-1.207138654,-3.472162896,1,-1
1,1,-1.691774474,-4.846358199
0,0,0,0,1,0
0,0,-0.003402639063,-0.03402639063,2,0
0,0,-0.09620818926,-0.928055502,0,0
0,0,-0.1216292803,-0.2542109106,0,0
0,0,-0.0870271825,0.3460209782,1,0
0,0,-0.05430914051,0.3271804199,2,0
0,0,-0.1144793765,-0.6017023601,2,0
0,0,-0.2682991621,-1.538197855,0,0
0,0,-0.3760392135,-1.077400514,0,0
0,0,-0.4808279552,-1.047887417,0,0
0,0,-0.5979418665,-1.171139113,2,0
0,0,-0.8802256936,-2.822838271,2,0
0,0,-1.325952385,-4.457266911,1,-1
1,1,-1.909883271,-5.83930886
0,0,0,0,1,0
0,0,-0.01640886679,-0.1640886679,2,0
0,0,-0.1114062191,-0.9499735232,0,0
0,0,-0.1513405953,-0.3993437616,0,0
0,0,-0.1403268194,0.1101377584,0,0
0,0,-0.05035514383,0.899716756,1,0
0,0,0.04662201408,0.9697715792,1,0
0,0,0.1349115242,0.8828951016,1,0
0,0,0.2423537052,1.07442181,1,0
0,0,0.3994150355,1.570613302,2,0
0,0,0.5282375889,1.288225534,1,0
0,0,0.7478110507,2.195734618,2,0
0,0,1.007400135,2.59589084,1,0
0,0,1.399719961,3.923198258,2,-1
1,1,1.919850076,5.201301157
0,0,0,0,2,0
0,0,-0.09071493837,-0.9071493837,0,0
0,0,-0.109728604,-0.1901366564,1,0
0,0,-0.1642045744,-0.5447597042,0,0
0,0,-0.1641677573,0.0003681712211,0,0
0,0,-0.1168484688,0.4731928849,2,0
0,0,-0.1611548267,-0.4430635783,0,0
0,0,-0.1434313464,0.1772348027,1,0
0,0,-0.1488305046,-0.05399158171,0,0
0,0,-0.082032083,0.6679842156,1,0
0,0,-0.01862032528,0.6341175772,2,0
0,0,-0.03223206053,-0.1361173525,1,0
0,0,-0.03976804739,-0.07535986857,0,0
0,0,0.05104468342,0.9081273081,0,0
0,0,0.2289149211,1.778702377,0,0
0,0,0.5357239238,3.068090027,0,0
0,0,0.9783832764,4.426593526,0,-1
1,1,1.586612436,6.0822916
0,0,0,0,1,0
0,0,-0.001221406191,-0.01221406191,0,0
0,0,0.0783402002,0.7956160639,1,0
0,0,0.1888127163,1.104725161,0,0
0,0,0.4267696258,2.379569095,0,0
0,0,0.7988514553,3.720818295,1,0
0,0,1.281994883,4.831434278,1,-1
1,1,1.89404623,6.120513473
0,0,0,0,2,0
0,0,-0.07716908973,-0.7716908973,0,0
0,0,-0.06656918167,0.1059990806,1,0
0,0,-0.05096298141,0.1560620026,0,0
0,0,0.04316998829,0.941329697,0,0
0,0,0.2329452599,1.897752716,0,0
0,0,0.5449569973,3.120117374,0,0
0,0,1.007234524,4.622775271,2,0
0,0,1.541660509,5.34425985,1,-1
1,1,2.221585923,6.799254138
0,0,0,0,2,0
0,0,-0.0933306244,-0.933306244,2,0
0,0,-0.2747528066,-1.814221822,2,0
0,0,-0.5709472632,-2.961944566,2,0
0,0,-1.018156641,-4.472093781,0,0
0,0,-1.538148966,-5.19992325,1,-1
1,1,-2.204039931,-6.658909645
0,0,0,0,2,0
0,0,-0.09643217388,-0.9643217388,1,0
0,0,-0.1994864859,-1.03054312,2,0
0,0,-0.4212726098,-2.217861239,2,0
0,0,-0.7930727491,-3.718001393,2,0
0,0,-1.326175349,-5.331025998,2,-1
1,1,-2.009526364,-6.833510149
0,0,0,0,0,0
0,0,0.08242275749,0.8242275749,0,0
0,0,0.2658785035,1.83455746,1,0
0,0,0.4964389922,2.305604887,2,0
0,0,0.7346074899,2.381684977,2,0
0,0,1.005299031,2.706915409,1,0
0,0,1.402083595,3.967845647,2,-1
1,1,1.929960281,5.278766859
0,0,0,0,1,0
0,0,0.005637775495,0.05637775495,0,0
0,0,0.0992208611,0.935830856,2,0
0,0,0.1341686813,0.349478202,1,0
0,0,0.1841526595,0.4998397818,2,0
0,0,0.1709950345,-0.1315762496,2,0
0,0,0.1038820982,-0.6711293636,2,0
0,0,-0.03548362264,-1.393657208,2,0
0,0,-0.2611072518,-2.256236292,1,0
0,0,-0.5120816345,-2.509743827,0,0
0,0,-0.7711474693,-2.590658348,0,0
0,0,-1.08679979,-3.156523203,2,-1
1,1,-1.571094118,-4.842943286
0,0,0,0,0,0
0,0,0.08051667568,0.8051667568,1,0
0,0,0.1671535048,0.866368291,2,0
0,0,0.1830402147,0.1588670996,0,0
0,0,0.3074522362,1.244120214,1,0
0,0,0.494788744,1.873365078,0,0
0,0,0.8303697288,3.355809848,1,0
0,0,1.276632828,4.462630994,1,-1
1,1,1.85594008,5.793072514
0,0,0,0,1,0
0,0,0.009939193241,0.09939193241,2,0
0,0,-0.0831861214,-0.9312531464,0,0
0,0,-0.09654157823,-0.1335545683,2,0
0,0,-0.2141754294,-1.176338512,2,0
0,0,-0.4495412224,-2.35365793,0,0
0,0,-0.684103416,-2.345621937,1,0
0,0,-1.016988359,-3.328849431,2,0
0,0,-1.510118815,-4.931304554,1,-1
1,1,-2.147633878,-6.375150636
0,0,0,0,1,0
0,0,0.001807717217,0.01807717217,1,0
0,0,-0.003760858698,-0.05568575915,2,0
0,0,-0.08528266662,-0.8152180792,0,0
0,0,-0.0962375784,-0.1095491179,0,0
0,0,-0.03741476234,0.5882281607,1,0
0,0,0.01008239874,0.4749716108,1,0
0,0,0.06825692471,0.5817452597,2,0
0,0,0.05101729269,-0.1723963202,1,0
0,0,0.04747080395,-0.03546488742,0,0
0,0,0.1251389552,0.7766815125,0,0
0,0,0.3174308509,1.922918957,1,0
0,0,0.5596680233,2.422371724,0,0
0,0,0.9553818344,3.957138112,0,0
0,0,1.50739255,5.520107158,2,-1
1,1,2.198433906,6.910413555
0,0,0,0,0,0
0,0,0.08349452109,0.8349452109,0,0
0,0,0.2702461478,1.867516267,2,0
0,0,0.4255330722,1.552869244,1,0
0,0,0.6503040702,2.247709979,0,0
0,0,1.041495328,3.911912578,1,0
0,0,1.559199778,5.177044504,1,-1
1,1,2.22349394,6.642941618
0,0,0,0,0,0
0,0,0.09252790798,0.9252790798,2,0
0,0,0.09687619274,0.04348284763,0,0
0,0,0.196044709,0.9916851626,1,0
0,0,0.3156423804,1.195976714,1,0
0,0,0.4767793706,1.611369902,1,0
0,0,0.7028644433,2.260850727,0,0
0,0,1.081409244,3.785448002,0,-1
1,1,1.614697399,5.332881559
0,0,0,0,1,0
0,0,0.006514316267,0.06514316267,2,0
0,0,-0.06229296077,-0.6880727704,1,0
0,0,-0.152454862,-0.9016190121,0,0
0,0,-0.1821921162,-0.2973725423,1,0
0,0,-0.2342281698,-0.5203605363,2,0
0,0,-0.4014877157,-1.672595459,1,0
0,0,-0.6406092259,-2.391215101,1,0
0,0,-0.9619369862,-3.213277603,2,0
0,0,-1.441383228,-4.794462418,0,-1
1,1,-2.051368581,-6.099853526
0,0,0,0,0,0
0,0,0.0972943067,0.972943067,2,0
0,0,0.1318888545,0.345945478,1,0
0,0,0.1834168002,0.515279457,0,0
0,0,0.3626614591,1.792446589,0,0
0,0,0.691954925,3.29293466,1,0
0,0,1.122766172,4.308112469,2,-1
1,1,1.643248686,5.204825144
0,0,0,0,1,0
0,0,-0.01385008702,-0.1385008702,0,0
0,0,0.06287772935,0.7672781637,2,0
0,0,0.05046280687,-0.1241492248,2,0
0,0,-0.02913949504,-0.7960230191,0,0
0,0,-0.02519828188,0.03941213165,2,0
0,0,-0.1091583048,-0.8396002293,2,0
0,0,-0.2932310509,-1.840727461,2,0
0,0,-0.6226228724,-3.293918215,2,0
0,0,-1.107769954,-4.851470812,0,-1
1,1,-1.675868158,-5.680982043
0,0,0,0,1,0
0,0,-0.01223448249,-0.1223448249,0,0
0,0,0.07255975538,0.8479423787,1,0
0,0,0.1552760605,0.8271630516,1,0
0,0,0.2510802613,0.9580420074,2,0
0,0,0.2997800043,0.4869974307,0,0
0,0,0.467363302,1.675832976,0,0
0,0,0.7758220529,3.084587509,2,0
0,0,1.140281056,3.64459003,0,-1
1,1,1.670757646,5.304765904
0,0,0,0,2,0
0,0,-0.07512116261,-0.7512116261,0,0
0,0,-0.07578157679,-0.006604141807,2,0
0,0,-0.1601152434,-0.8433366661,0,0
0,0,-0.1736596404,-0.1354439703,1,0
0,0,-0.218381221,-0.4472158053,0,0
0,0,-0.2251654536,-0.06784232686,0,0
0,0,-0.1852950036,0.3987045009,2,0
0,0,-0.271207059,-0.8591205544,0,0
0,0,-0.3143388725,-0.431318135,1,0
0,0,-0.4176438138,-1.033049413,2,0
0,0,-0.6654513755,-2.478075618,2,0
0,0,-1.069400452,-4.039490764,0,0
0,0,-1.5623434,-4.929429484,2,-1
1,1,-2.202703447,-6.403600461
0,0,0,0,2,0
0,0,-0.08437014352,-0.8437014352,0,0
0,0,-0.108343673,-0.2397352947,2,0
0,0,-0.2473184148,-1.389747418,0,0
0,0,-0.3529147578,-1.055963431,0,0
0,0,-0.4421448825,-0.8923012469,0,0
0,0,-0.5151140237,-0.7296914116,2,0
0,0,-0.7295607792,-2.144467555,2,0
0,0,-1.107227564,-3.776667852,0,-1
1,1,-1.575099,-4.678714354
0,0,0,0,1,0
0,0,-0.01618190645,-0.1618190645,2,0
0,0,-0.1072902701,-0.9110836369,2,0
0,0,-0.3155875797,-2.082973095,2,0
0,0,-0.6441694051,-3.285818254,1,0
0,0,-1.052825575,-4.086561702,1,-1
1,1,-1.584231524,-5.314059483
0,0,0,0,1,0
0,0,-0.003129861951,-0.03129861951,0,0
0,0,0.07371267573,0.7684253768,1,0
0,0,0.1541004019,0.8038772622,2,0
0,0,0.1760800465,0.219796446,0,0
0,0,0.3063742631,1.302942165,2,0
0,0,0.41772798,1.113537169,0,0
0,0,0.685935023,2.68207043,2,0
0,0,0.9910747687,3.051397458,2,0
0,0,1.369586461,3.78511692,0,-1
1,1,1.904038008,5.344515476
0,0,0,0,2,0
0,0,-0.07422753838,-0.7422753838,0,0
0,0,-0.06627129952,0.07956238857,0,0
0,0,0.02272399819,0.8899529772,0,0
0,0,0.2100307912,1.87306793,0,0
0,0,0.5085913724,2.985605812,1,0
0,0,0.8754711868,3.668798144,2,0
0,0,1.305266044,4.297948576,0,-1
1,1,1.888418566,5.831525216
0,0,0,0,0,0
0,0,0.1044664452,1.044664452,0,0
0,0,0.3253890667,2.209226214,0,0
0,0,0.6662278071,3.408387405,2,0
0,0,1.038635021,3.724072136,1,0
0,0,1.533990951,4.953559299,2,-1
1,1,2.171887318,6.378963677
0,0,0,0,2,0
0,0,-0.1018890828,-1.018890828,1,0
0,0,-0.236557206,-1.346681232,1,0
0,0,-0.4036036959,-1.670464899,2,0
0,0,-0.702573506,-2.989698101,0,0
0,0,-1.040998478,-3.384249723,1,0
0,0,-1.511336931,-4.703384527,2,-1
1,1,-2.130169445,-6.188325137
0,0,0,0,1,0
0,0,-0.01136567611,-0.1136567611,2,0
0,0,-0.1254051434,-1.140394673,2,0
0,0,-0.3386067037,-2.132015603,1,0
0,0,-0.6141305126,-2.75523809,2,0
0,0,-1.059171194,-4.450406812,1,-1
1,1,-1.628979633,-5.69808439
0,0,0,0,1,0
0,0,-0.01571335572,-0.1571335572,2,0
0,0,-0.1235912823,-1.078779266,2,0
0,0,-0.3268993702,-2.033080879,0,0
0,0,-0.5153026377,-1.884032675,0,0
0,0,-0.6952721151,-1.799694774,0,0
0,0,-0.9227232127,-2.274510976,0,0
0,0,-1.21334764,-2.906244272,1,-1
1,1,-1.641787469,-4.284398293
0,0,0,0,0,0
0,0,0.07942538184,0.7942538184,0,0
0,0,0.2502151011,1.707897192,2,0
0,0,0.381500579,1.312854779,1,0
0,0,0.579926437,1.98425858,0,0
0,0,0.9217468221,3.418203851,2,0
0,0,1.330503847,4.087570245,2,-1
1,1,1.860762991,5.302591445
0,0,0,0,1,0
0,0,-0.001921290094,-0.01921290094,0,0
0,0,0.08770503101,0.896263211,1,0
0,0,0.2070228668,1.193178358,1,0
0,0,0.3489699784,1.419471116,2,0
0,0,0.4588339009,1.098639224,1,0
0,0,0.6526342464,1.938003455,2,0
0,0,0.8745831305,2.219488842,0,0
0,0,1.26131774,3.867346098,1,-1
1,1,1.783096735,5.217789949
0,0,0,0,0,0
0,0,0.08869280631,0.8869280631,2,0
0,0,0.1140834029,0.253905966,0,0
0,0,0.2299259392,1.158425363,2,0
0,0,0.29683958,0.6691364085,0,0
0,0,0.5090413653,2.122017852,2,0
0,0,0.7152199498,2.061785846,2,0
0,0,0.9603329321,2.451129823,0,0
0,0,1.366797043,4.064641113,2,-1
1,1,1.894819996,5.280229528
0,0,0,0,0,0
0,0,0.0976257801,0.976257801,2,0
0,0,0.120240229,0.2261444894,1,0
0,0,0.1718280744,0.5158784537,1,0
0,0,0.2549347798,0.8310670543,1,0
0,0,0.3772450558,1.223102759,0,0
0,0,0.6547236057,2.774785499,0,0
0,0,1.097075201,4.423515956,0,-1
1,1,1.691240312,5.941651109
0,0,0,0,0,0
0,0,0.07676328324,0.7676328324,0,0
0,0,0.2469984186,1.702351353,1,0
0,0,0.4641491842,2.171507656,1,0
0,0,0.738729636,2.745804518,2,0
0,0,1.053987344,3.152577083,1,0
0,0,1.49266944,4.386820954,1,-1
1,1,2.076752784,5.840833442
0,0,0,0,2,0
0,0,-0.1021768962,-1.021768962,1,0
0,0,-0.2047658988,-1.025890026,1,0
0,0,-0.3582624798,-1.53496581,1,0
0,0,-0.5705376635,-2.122751837,1,0
0,0,-0.8802081073,-3.096704439,2,0
0,0,-1.351771538,-4.715634306,0,-1
1,1,-1.941732107,-5.899605692
0,0,0,0,2,0
0,0,-0.07576199637,-0.7576199637,1,0
0,0,-0.1677560267,-0.9199403033,0,0
0,0,-0.2049017659,-0.3714573924,1,0
0,0,-0.2634734371,-0.5857167117,0,0
0,0,-0.289100038,-0.2562660086,1,0
0,0,-0.3587268023,-0.6962676437,1,0
0,0,-0.482325115,-1.235983126,2,0
0,0,-0.7687911587,-2.864660437,1,0
0,0,-1.15362448,-3.848333218,2,-1
1,1,-1.69638769,-5.427632093
0,0,0,0,0,0
0,0,0.09871799576,0.9871799576,0,0
0,0,0.3061856347,2.07467639,0,0
0,0,0.6442854933,3.380998585,0,0
0,0,1.128570885,4.842853922,2,-1
1,1,1.704038921,5.754680352
0,0,0,0,1,0
0,0,-0.0006926931721,-0.006926931721,0,0
0,0,0.09663208405,0.9732477722,2,0
0,0,0.1392051738,0.4257308972,0,0
0,0,0.2909460685,1.517408947,2,0
0,0,0.4164903506,1.255442822,0,0
0,0,0.6758071971,2.593168464,0,0
0,0,1.088203434,4.123962368,0,-1
1,1,1.659264199,5.710607655
0,0,0,0,1,0
0,0,-0.007606804503,-0.07606804503,1,0
0,0,-0.02990027747,-0.2229347296,0,0
0,0,0.02795604755,0.5785632501,1,0
0,0,0.09563614106,0.6768009352,1,0
0,0,0.1846053403,0.8896919921,2,0
0,0,0.2304778587,0.4587251844,1,0
0,0,0.3046421251,0.7416426635,2,0
0,0,0.3513035581,0.4666143301,2,0
0,0,0.3876676453,0.3636408718,1,0
0,0,0.4742294443,0.86561799,0,0
0,0,0.7264273138,2.521978696,1,0
0,0,1.076171758,3.497444438,2,0
0,0,1.512768703,4.36596945,1,-1
1,1,2.095274319,5.825056161
0,0,0,0,1,0
0,0,0.0001679728262,0.001679728262,2,0
0,0,-0.07429388583,-0.7446185865,0,0
0,0,-0.06427093299,0.1002295284,0,0
0,0,0.03587428778,1.001452208,0,0
0,0,0.2367861416,2.009118538,2,0
0,0,0.4010909644,1.643048228,1,0
0,0,0.6263428764,2.25251912,1,0
0,0,0.9547609439,3.284180674,2,0
0,0,1.352622099,3.978611552,2,-1
1,1,1.876546402,5.239243031
0,0,0,0,0,0
0,0,0.07785662265,0.7785662265,2,0
0,0,0.0911502155,0.1329359285,1,0
0,0,0.1289741327,0.3782391724,0,0
0,0,0.2667970729,1.378229401,2,0
0,0,0.3520321173,0.852350444,0,0
0,0,0.591396408,2.393642907,1,0
0,0,0.90705798,3.15661572,1,0
0,0,1.331658028,4.246000481,1,-1
1,1,1.891591383,5.599333554
0,0,0,0,1,0
0,0,0.01490608847,0.1490608847,1,0
0,0,0.03225568573,0.1734959725,0,0
0,0,0.1584823474,1.262266617,2,0
0,0,0.2275503676,0.6906802017,1,0
0,0,0.3271407459,0.9959037827,1,0
0,0,0.4853265319,1.581857861,0,0
0,0,0.7839222751,2.985957432,1,0
0,0,1.176512722,3.925904468,1,-1
1,1,1.697098598,5.205858761
0,0,0,0,1,0
0,0,0.01338474629,0.1338474629,0,0
0,0,0.1071477288,0.9376298252,1,0
0,0,0.2203417405,1.131940116,2,0
0,0,0.2767022136,0.5636047315,1,0
0,0,0.3683186678,0.9161645424,2,0
0,0,0.4486804278,0.8036175994,1,0
0,0,0.5883196709,1.396392431,1,0
0,0,0.8210226966,2.327030257,2,0
0,0,1.112747746,2.917250498,0,-1
1,1,1.574897468,4.621497212
0,0,0,0,1,0
0,0,0.00585157435,0.0585157435,1,0
0,0,0.02963302678,0.2378145243,2,0
0,0,-0.02651731569,-0.5615034247,1,0
0,0,-0.1022818814,-0.7576456569,1,0
0,0,-0.1857491814,-0.8346730004,1,0
0,0,-0.3045811008,-1.188319194,2,0
0,0,-0.5489102729,-2.443291721,0,0
0,0,-0.8023700212,-2.534597483,1,0
0,0,-1.167923416,-3.655533953,0,-1
1,1,-1.632841,-4.64917584
0,0,0,0,2,0
0,0,-0.09143244632,-0.9143244632,2,0
0,0,-0.3021499169,-2.107174705,2,0
0,0,-0.6369832495,-3.348333327,2,0
0,0,-1.123141711,-4.861584611,2,-1
1,1,-1.759719168,-6.365774571
0,0,0,0,0,0
0,0,0.07077992498,0.7077992498,2,0
0,0,0.05736250081,-0.1341742416,0,0
0,0,0.1415472999,0.8418479907,0,0
0,0,0.3523259032,2.107786033,2,0
0,0,0.5279303983,1.756044951,0,0
0,0,0.8482465318,3.203161336,0,0
0,0,1.327698652,4.794521203,0,-1
1,1,1.957705298,6.300066462
0,0,0,0,1,0
0,0,0.002869598823,0.02869598823,2,0
0,0,-0.09043595481,-0.9330555363,1,0
0,0,-0.2128093076,-1.223733528,2,0
0,0,-0.457737552,-2.449282445,0,0
0,0,-0.6826382463,-2.249006943,1,0
0,0,-0.9951801853,-3.12541939,2,0
0,0,-1.478582026,-4.834018408,0,-1
1,1,-2.099746736,-6.211647101
0,0,0,0,2,0
0,0,-0.09984125702,-0.9984125702,1,0
0,0,-0.2166111976,-1.167699406,0,0
0,0,-0.2959989739,-0.7938777629,0,0
0,0,-0.3339740595,-0.3797508562,2,0
0,0,-0.5041894472,-1.702153877,1,0
0,0,-0.7449899028,-2.408004556,1,0
0,0,-1.098888013,-3.538981098,1,-1
1,1,-1.578532375,-4.796443625
0,0,0,0,0,0
0,0,0.07399687758,0.7399687758,1,0
0,0,0.1453756576,0.7137878001,2,0
0,0,0.1605309981,0.1515534053,1,0
0,0,0.2047086393,0.4417764115,2,0
0,0,0.1912672365,-0.134414028,2,0
0,0,0.119472417,-0.7179481951,1,0
0,0,0.08262387166,-0.368485453,0,0
0,0,0.1424299912,0.5980611959,1,0
0,0,0.2294263571,0.8699636581,2,0
0,0,0.2664684703,0.3704211328,1,0
0,0,0.3548734939,0.8840502357,1,0
0,0,0.4859430435,1.310695496,0,0
0,0,0.753973451,2.680304075,1,0
0,0,1.132044177,3.780707263,2,-1
1,1,1.600124451,4.680802732
0,0,0,0,0,0
0,0,0.0856654885,0.856654885,1,0
0,0,0.1783726984,0.9270720992,2,0
0,0,0.2267728103,0.4840011189,0,0
0,0,0.4092899498,1.825171395,2,0
0,0,0.5934744709,1.841845211,2,0
0,0,0.8049000901,2.114256192,0,0
0,0,1.180769868,3.758697783,2,-1
1,1,1.656162419,4.753925502
0,0,0,0,2,0
0,0,-0.07252392212,-0.7252392212,2,0
0,0,-0.2609014052,-1.883774831,1,0
0,0,-0.4848342185,-2.239328133,1,0
0,0,-0.7910472003,-3.062129818,2,0
0,0,-1.26408661,-4.730394096,0,-1
1,1,-1.844632855,-5.805462451
0,0,0,0,0,0
0,0,0.07410645083,0.7410645083,1,0
0,0,0.1568631325,0.8275668165,1,0
0,0,0.2835212473,1.266581148,2,0
0,0,0.379684774,0.9616352677,2,0
0,0,0.4626912848,0.8300651074,0,0
0,0,0.700549509,2.378582242,1,0
0,0,1.030057331,3.29507822,1,0
0,0,1.489590587,4.595332558,0,-1
1,1,2.098830541,6.092399544
0,0,0,0,0,0
0,0,0.08866440013,0.8866440013,0,0
0,0,0.2832309877,1.945665876,0,0
0,0,0.6117887591,3.285577714,2,0
0,0,0.9705200009,3.587312418,1,0
0,0,1.451315526,4.80795525,0,-1
1,1,2.083294896,6.319793704
0,0,0,0,0,0
0,0,0.09062197496,0.9062197496,0,0
0,0,0.2944327167,2.038107418,0,0
0,0,0.6227411087,3.283083919,0,0
0,0,1.11882564,4.960845314,1,-1
1,1,1.739830657,6.210050166
0,0,0,0,1,0
0,0,0.01608171361,0.1608171361,1,0
0,0,0.04276593616,0.2668422254,1,0
0,0,0.09393221302,0.5116627686,2,0
0,0,0.05812816504,-0.3580404798,1,0
0,0,0.04004807929,-0.1808008575,1,0
0,0,0.01306856642,-0.2697951287,2,0
0,0,-0.1112272989,-1.242958653,1,0
0,0,-0.2387197343,-1.274924354,0,0
0,0,-0.3356960087,-0.9697627438,1,0
0,0,-0.5016172225,-1.659212139,2,0
0,0,-0.8201939668,-3.185767443,0,0
0,0,-1.20086024,-3.806662731,0,-1
1,1,-1.688947615,-4.880873753
0,0,0,0,1,0
0,0,-0.01284884958,-0.1284884958,0,0
0,0,0.07360644791,0.8645529748,2,0
0,0,0.07530485298,0.01698405072,1,0
0,0,0.08039048006,0.0508562708,0,0
0,0,0.195853326,1.154628459,1,0
0,0,0.3275980211,1.317446951,1,0
0,0,0.5235163477,1.959183266,2,0
0,0,0.731578229,2.080618814,0,0
0,0,1.101268422,3.696901934,1,-1
1,1,1.597613863,4.963454404
0,0,0,0,2,0
0,0,-0.07173311335,-0.7173311335,0,0
0,0,-0.06790941028,0.03823703076,0,0
0,0,0.01831990074,0.8622931102,1,0
0,0,0.1124179329,0.940980322,0,0
0,0,0.3074864803,1.950685474,1,0
0,0,0.5592180967,2.517316163,2,0
0,0,0.8277448684,2.685267717,2,0
0,0,1.141528648,3.137837798,2,0
0,0,1.551085998,4.0955735,0,-1
1,1,2.108362268,5.572762694
0,0,0,0,0,0
0,0,0.1002237426,1.002237426,1,0
0,0,0.2020850041,1.018612615,1,0
0,0,0.3535216391,1.514366349,2,0
0,0,0.4898837174,1.363620783,2,0
0,0,0.6233935936,1.335098763,1,0
0,0,0.8569324365,2.335388429,0,0
0,0,1.267575928,4.106434915,1,-1
1,1,1.814557827,5.469818991
0,0,0,0,2,0
0,0,-0.09088984079,-0.9088984079,0,0
0,0,-0.1169717996,-0.260819588,2,0
0,0,-0.2388246591,-1.218528596,1,0
0,0,-0.3975123007,-1.586876416,0,0
0,0,-0.5385443673,-1.410320666,2,0
0,0,-0.827856582,-2.893122146,1,0
0,0,-1.231479001,-4.036224195,2,-1
1,1,-1.794969388,-5.634903861
0,0,0,0,1,0
0,0,0.007818337895,0.07818337895,1,0
0,0,0.02713246964,0.1931413174,0,0
0,0,0.1476802571,1.205477875,1,0
0,0,0.2849287401,1.37248483,2,0
0,0,0.3887454175,1.038166774,1,0
0,0,0.5406630076,1.519175901,1,0
0,0,0.7664438477,2.257808401,2,0
0,0,1.038839241,2.723953929,2,0
0,0,1.397504771,3.586655306,0,-1
1,1,1.909652017,5.12147246
0,0,0,0,2,0
0,0,-0.1044321242,-1.044321242,0,0
0,0,-0.1423273551,-0.3789523088,2,0
0,0,-0.3038795188,-1.615521637,0,0
0,0,-0.4353548615,-1.314753427,2,0
0,0,-0.7227133901,-2.873585286,0,0
0,0,-1.059125311,-3.364119207,2,0
0,0,-1.55194362,-4.92818309,0,-1
1,1,-2.189865288,-6.379216686
0,0,0,0,0,0
0,0,0.1024351086,1.024351086,0,0
0,0,0.2937982087,1.913631002,0,0
0,0,0.6176936357,3.23895427,2,0
0,0,0.9679979847,3.50304349,1,0
0,0,1.439948157,4.719501725,2,-1
1,1,2.045600349,6.056521923
0,0,0,0,2,0
0,0,-0.09135999944,-0.9135999944,0,0
0,0,-0.09738800033,-0.06028000887,0,0
0,0,-0.02274678002,0.7464122031,0,0
0,0,0.1249335525,1.476803325,2,0
0,0,0.2181390015,0.9320544905,2,0
0,0,0.2658280872,0.4768908562,1,0
0,0,0.367777077,1.019489899,0,0
0,0,0.6255101823,2.577331052,0,0
0,0,1.02897836,4.03468178,0,-1
1,1,1.588081538,5.591031773
0,0,0,0,0,0
0,0,0.08370607091,0.8370607091,1,0
0,0,0.1818287244,0.981226535,0,0
0,0,0.4098260844,2.2799736,0,0
0,0,0.7939823491,3.841562647,1,0
0,0,1.280894679,4.869123303,1,-1
1,1,1.898084553,6.171898737
0,0,0,0,0,0
0,0,0.1036770098,1.036770098,1,0
0,0,0.2139293244,1.102523146,2,0
0,0,0.2832523327,0.6932300827,1,0
0,0,0.4083356245,1.250832918,0,0
0,0,0.6763086193,2.679729948,2,0
0,0,0.9704240789,2.941154596,2,0
0,0,1.339900226,3.694761474,0,-1
1,1,1.86648628,5.265860535
