2,1,1
0,0,0,0,2,0
0,0,-0.104487689,-1.04487689,1,0
0,0,-0.2428518252,-1.383641362,1,0
0,0,-0.4063354803,-1.634836551,1,0
0,0,-0.6358560085,-2.295205281,1,0
0,0,-0.9568953945,-3.210393861,0,0
0,0,-1.344872593,-3.879771986,2,-1
1,1,-1.889816954,-5.449443614
0,0,0,0,2,0
0,0,-0.08557597702,-0.8557597702,1,0
0,0,-0.1970890597,-1.115130827,0,0
0,0,-0.2670660495,-0.6997698979,2,0
0,0,-0.4558401886,-1.88774139,0,0
0,0,-0.6358677502,-1.800275616,0,0
0,0,-0.8319960438,-1.961282937,0,0
0,0,-1.089825862,-2.578298186,0,0
0,0,-1.443807827,-3.539819647,1,-1
1,1,-1.943319072,-4.995112451
0,0,0,0,2,0
0,0,-0.077761084,-0.77761084,1,0
0,0,-0.17830065,-1.00539566,2,0
0,0,-0.3946742644,-2.163736144,0,0
0,0,-0.5866869844,-1.920127199,2,0
0,0,-0.9339055911,-3.472186067,1,0
0,0,-1.398389045,-4.644834535,2,-1
1,1,-2.018113043,-6.197239984
0,0,0,0,2,0
0,0,-0.07619928005,-0.7619928005,0,0
0,0,-0.07350662869,0.02692651359,1,0
0,0,-0.07300865045,0.004979782396,1,0
0,0,-0.07554392748,-0.02535277025,1,0
0,0,-0.07531645244,0.002274750378,2,0
0,0,-0.1618452538,-0.8652880131,1,0
0,0,-0.2879255525,-1.260802987,1,0
0,0,-0.461957346,-1.740317935,1,0
0,0,-0.6937585163,-2.318011703,2,0
0,0,-1.088321907,-3.945633909,0,-1
1,1,-1.573133122,-4.848112149
0,0,0,0,1,0
0,0,0.002735381441,0.02735381441,0,0
0,0,0.08952359155,0.8678821011,1,0
0,0,0.1909685767,1.014449852,0,0
0,0,0.4247823424,2.338137656,1,0
0,0,0.7332964166,3.085140742,1,0
0,0,1.147856772,4.14560355,1,-1
1,1,1.691437195,5.435804233
0,0,0,0,0,0
0,0,0.08153368264,0.8153368264,0,0
0,0,0.2653100893,1.837764066,0,0
0,0,0.5763036157,3.109935265,1,0
0,0,0.9581040757,3.8180046,2,0
0,0,1.411566149,4.534620729,1,-1
1,1,2.004283811,5.92717662
0,0,0,0,1,0
0,0,-0.002609022805,-0.02609022805,1,0
0,0,-0.007303994448,-0.04694971643,0,0
0,0,0.06518145059,0.7248544504,0,0
0,0,0.2517636336,1.86582183,2,0
0,0,0.3926000739,1.408364403,1,0
0,0,0.5946568271,2.020567532,1,0
0,0,0.8780104075,2.833535804,1,0
0,0,1.265395145,3.873847371,0,-1
1,1,1.812013854,5.466187099
0,0,0,0,0,0
0,0,0.08955552392,0.8955552392,0,0
0,0,0.2687347705,1.791792466,2,0
0,0,0.4108966294,1.421618589,0,0
0,0,0.7040249356,2.931283062,0,0
0,0,1.147386222,4.433612862,2,-1
1,1,1.679986314,5.326000921
0,0,0,0,0,0
0,0,0.09810339035,0.9810339035,2,0
0,0,0.1180666446,0.199632542,2,0
0,0,0.07404141415,-0.440252304,1,0
0,0,0.04699035135,-0.270510628,1,0
0,0,0.03513047986,-0.1185987149,2,0
0,0,-0.05179524172,-0.8692572158,0,0
0,0,-0.06917181966,-0.1737657794,2,0
0,0,-0.1974644281,-1.282926084,1,0
0,0,-0.3447420575,-1.472776294,2,0
0,0,-0.6263601623,-2.816181048,1,0
0,0,-0.9873313893,-3.609712271,1,0
0,0,-1.466441471,-4.791100812,2,-1
1,1,-2.094820722,-6.283792511
0,0,0,0,1,0
0,0,0.008101810903,0.08101810903,1,0
0,0,0.02356413049,0.1546231959,1,0
0,0,0.03500922771,0.1144509722,2,0
0,0,-0.03873412943,-0.7374335713,1,0
0,0,-0.1171009953,-0.7836686585,0,0
0,0,-0.1126202165,0.04480778728,2,0
0,0,-0.213950462,-1.013302454,0,0
0,0,-0.2822369385,-0.6828647654,1,0
0,0,-0.4050976287,-1.228606902,2,0
0,0,-0.6799904541,-2.748928254,0,0
0,0,-0.9906539288,-3.106634747,0,0
0,0,-1.372996947,-3.823430184,2,-1
1,1,-1.911798538,-5.388015906
0,0,0,0,2,0
0,0,-0.09782026221,-0.9782026221,2,0
0,0,-0.2860614537,-1.882411915,2,0
0,0,-0.5949926894,-3.089312357,2,0
0,0,-1.071100862,-4.761081722,0,-1
1,1,-1.632237767,-5.611369055
0,0,0,0,2,0
0,0,-0.08765083867,-0.8765083867,1,0
0,0,-0.1921206984,-1.044698597,0,0
0,0,-0.2335684387,-0.4144774034,0,0
0,0,-0.219918148,0.1365029074,1,0
0,0,-0.2569537654,-0.3703561744,2,0
0,0,-0.4383872904,-1.81433525,2,0
0,0,-0.7568661198,-3.184788294,2,0
0,0,-1.232116061,-4.752499415,2,-1
1,1,-1.863630857,-6.315147959
0,0,0,0,2,0
0,0,-0.08752058848,-0.8752058848,1,0
0,0,-0.200912318,-1.133917295,2,0
0,0,-0.4286493213,-2.277370033,2,0
0,0,-0.8077840577,-3.791347364,0,0
0,0,-1.241513022,-4.337289645,1,-1
1,1,-1.810466298,-5.689532756
0,0,0,0,1,0
0,0,-0.009009249367,-0.09009249367,0,0
0,0,0.0802391711,0.8924842047,2,0
0,0,0.09645134896,0.1621217786,0,0
0,0,0.2073965563,1.109452073,0,0
0,0,0.4453745023,2.37977946,1,0
0,0,0.7618670305,3.164925282,1,0
0,0,1.17451499,4.126479593,1,-1
1,1,1.713162421,5.386474307
0,0,0,0,1,0
0,0,0.009478453794,0.09478453794,2,0
0,0,-0.05554543286,-0.6502388666,0,0
0,0,-0.03652362043,0.1902181243,2,0
0,0,-0.1089488519,-0.7242523144,0,0
0,0,-0.1276092843,-0.186604324,2,0
0,0,-0.2493709859,-1.217617017,0,0
0,0,-0.3323208582,-0.8294987223,0,0
0,0,-0.3749177848,-0.4259692667,1,0
0,0,-0.4797624701,-1.048446853,2,0
0,0,-0.7312324298,-2.514699597,1,0
0,0,-1.096080071,-3.648476408,1,-1
1,1,-1.594312255,-4.98232184
0,0,0,0,1,0
0,0,0.005216358496,0.05216358496,1,0
0,0,0.006842828755,0.01626470259,0,0
0,0,0.08621952741,0.7937669866,1,0
0,0,0.1815758906,0.9535636324,1,0
0,0,0.3074858357,1.259099451,0,0
0,0,0.5707835305,2.632976948,2,0
0,0,0.8481354034,2.773518728,0,0
0,0,1.297913754,4.497783502,0,-1
1,1,1.901892548,6.039787941
0,0,0,0,1,0
0,0,-0.003424278514,-0.03424278514,1,0
0,0,-0.008062213586,-0.04637935072,0,0
0,0,0.07492612105,0.8298833464,1,0
0,0,0.1828204182,1.078942972,0,0
0,0,0.3967642323,2.13943814,1,0
0,0,0.6858378694,2.890736371,2,0
0,0,1.011467109,3.256292401,0,0
0,0,1.507003067,4.955359579,1,-1
1,1,2.1472638,6.402607331
0,0,0,0,1,0
0,0,-0.01662026456,-0.1662026456,0,0
0,0,0.04211086392,0.5873112848,0,0
0,0,0.2114482807,1.693374168,1,0
0,0,0.4284340434,2.169857627,2,0
0,0,0.637070145,2.086361016,2,0
0,0,0.8768744531,2.398043082,1,0
0,0,1.222332802,3.454583493,1,-1
1,1,1.699681957,4.773491541
0,0,0,0,2,0
0,0,-0.08615627103,-0.8615627103,1,0
0,0,-0.1734699953,-0.8731372424,2,0
0,0,-0.379795679,-2.063256837,1,0
0,0,-0.6608476415,-2.810519625,1,0
0,0,-1.033552972,-3.727053301,1,0
0,0,-1.53293559,-4.993826181,1,-1
1,1,-2.178103987,-6.451683975
0,0,0,0,2,0
0,0,-0.1025621002,-1.025621002,2,0
0,0,-0.319395922,-2.168338218,0,0
0,0,-0.5210664503,-2.016705283,0,0
0,0,-0.7206039612,-1.995375109,2,0
0,0,-1.079405557,-3.588015962,0,0
0,0,-1.533949745,-4.545441877,0,-1
1,1,-2.131861999,-5.979122539
0,0,0,0,1,0
0,0,-0.00561456218,-0.0561456218,1,0
0,0,-0.02393603066,-0.1832146848,1,0
0,0,-0.05259636274,-0.2866033208,2,0
0,0,-0.1910450299,-1.384486672,0,0
0,0,-0.2902894216,-0.9924439174,1,0
0,0,-0.4503870441,-1.600976225,2,0
0,0,-0.7664065591,-3.16019515,1,0
0,0,-1.195567951,-4.291613923,1,-1
1,1,-1.749426168,-5.53858217
0,0,0,0,0,0
0,0,0.08235690564,0.8235690564,2,0
0,0,0.1031694793,0.2081257364,1,0
0,0,0.1562997918,0.5313031254,1,0
0,0,0.2439194727,0.876196809,1,0
0,0,0.3559600971,1.120406244,0,0
0,0,0.6031965979,2.472365008,0,0
0,0,1.015924474,4.127278763,2,0
0,0,1.507027757,4.911032831,0,-1
1,1,2.147267577,6.402398194
0,0,0,0,0,0
0,0,0.07702712985,0.7702712985,1,0
0,0,0.1716774867,0.9465035689,2,0
0,0,0.1954789824,0.2380149568,2,0
0,0,0.162313728,-0.3316525439,1,0
0,0,0.1448333352,-0.1748039286,1,0
0,0,0.1458179816,0.00984646397,0,0
0,0,0.2513391499,1.055211683,1,0
0,0,0.4005037959,1.49164646,2,0
0,0,0.5322462493,1.317424534,0,0
0,0,0.8265796942,2.943334449,2,0
0,0,1.172629192,3.460494982,2,-1
1,1,1.618417467,4.45788275
0,0,0,0,1,0
0,0,0.01680413122,0.1680413122,1,0
0,0,0.04914807626,0.3234394504,2,0
0,0,-0.01386538139,-0.6301345765,0,0
0,0,0.005180391539,0.1904577293,2,0
0,0,-0.07859488989,-0.8377528143,2,0
0,0,-0.259200498,-1.806056081,0,0
0,0,-0.4140945587,-1.548940607,2,0
0,0,-0.7118651746,-2.977706159,1,0
0,0,-1.116152674,-4.042874992,2,-1
1,1,-1.68417928,-5.680266067
0,0,0,0,2,0
0,0,-0.09257395222,-0.9257395222,0,0
0,0,-0.1097836196,-0.1720966737,1,0
0,0,-0.1481442018,-0.3836058225,2,0
0,0,-0.310228877,-1.620846752,2,0
0,0,-0.6197200242,-3.094911472,1,0
0,0,-1.010571831,-3.908518064,0,0
0,0,-1.485796504,-4.752246739,1,-1
1,1,-2.103966006,-6.181695013
0,0,0,0,2,0
0,0,-0.101894705,-1.01894705,0,0
0,0,-0.1234612874,-0.2156658242,1,0
0,0,-0.1489648779,-0.2550359056,0,0
0,0,-0.1300668048,0.1889807316,1,0
0,0,-0.1414428775,-0.1137607268,2,0
0,0,-0.2636222401,-1.221793626,0,0
0,0,-0.3542901893,-0.9066794918,1,0
0,0,-0.4993490976,-1.450589083,2,0
0,0,-0.7865367576,-2.8718766,0,0
0,0,-1.123738041,-3.372012836,1,-1
1,1,-1.591481427,-4.677433857
0,0,0,0,1,0
0,0,0.004016633132,0.04016633132,0,0
0,0,0.0884063526,0.8438971947,1,0
0,0,0.1705199322,0.821135796,1,0
0,0,0.2760758845,1.055559523,0,0
0,0,0.5141557728,2.380798883,1,0
0,0,0.8157317656,3.015759927,0,0
0,0,1.288431829,4.727000637,1,-1
1,1,1.891166495,6.027346656
0,0,0,0,0,0
0,0,0.07624269208,0.7624269208,2,0
0,0,0.08104069039,0.04797998313,2,0
0,0,0.0220730202,-0.5896767019,2,0
0,0,-0.1239913482,-1.460643684,2,0
0,0,-0.3711091421,-2.471177939,0,0
0,0,-0.6093276179,-2.382184758,1,0
0,0,-0.9374247142,-3.280970963,0,0
0,0,-1.342888191,-4.054634765,2,-1
1,1,-1.905415746,-5.625275557
0,0,0,0,0,0
0,0,0.08708069663,0.8708069663,0,0
0,0,0.2895285419,2.024478453,1,0
0,0,0.5481096844,2.585811425,0,0
0,0,0.950788888,4.026792036,1,0
0,0,1.473064803,5.222759155,2,-1
1,1,2.130564265,6.574994611
0,0,0,0,2,0
0,0,-0.07114193493,-0.7114193493,0,0
0,0,-0.04948429588,0.2165763904,0,0
0,0,0.04369229743,0.9317659331,0,0
0,0,0.2210667242,1.773744268,2,0
0,0,0.3391111724,1.180444481,2,0
0,0,0.4333131267,0.9420195437,0,0
0,0,0.6618169981,2.285038714,2,0
0,0,0.9197989726,2.579819745,0,0
0,0,1.351091185,4.312922126,2,-1
1,1,1.903173674,5.520824884
0,0,0,0,1,0
0,0,-0.006261907785,-0.06261907785,0,0
0,0,0.06741524772,0.736771555,2,0
0,0,0.07179879794,0.04383550222,0,0
0,0,0.1826942693,1.108954713,1,0
0,0,0.3265568306,1.438625613,0,0
0,0,0.5998479827,2.732911521,0,0
0,0,1.029102843,4.292548607,2,0
0,0,1.53336063,5.042577868,0,-1
1,1,2.18610779,6.527471599
0,0,0,0,2,0
0,0,-0.09665749098,-0.9665749098,0,0
0,0,-0.1098395958,-0.1318210481,0,0
0,0,-0.05641784381,0.5342175197,2,0
0,0,-0.1145690077,-0.5815116385,1,0
0,0,-0.1828425828,-0.6827357513,1,0
0,0,-0.2721020082,-0.8925942539,1,0
0,0,-0.4185446347,-1.464426266,1,0
0,0,-0.6424679224,-2.239232876,1,0
0,0,-0.9574370407,-3.149691183,1,0
0,0,-1.388440076,-4.310030352,0,-1
1,1,-1.946328182,-5.578881064
0,0,0,0,1,0
0,0,0.01152243445,0.1152243445,1,0
0,0,0.01461950183,0.03097067379,0,0
0,0,0.118570265,1.039507632,2,0
0,0,0.1511069841,0.3253671908,1,0
0,0,0.1939492971,0.4284231299,2,0
0,0,0.1776209459,-0.1632835116,2,0
0,0,0.1198199696,-0.5780097627,1,0
0,0,0.08230888624,-0.3751108341,2,0
0,0,-0.01924153214,-1.015504184,1,0
0,0,-0.1217250061,-1.02483474,0,0
0,0,-0.1411971648,-0.1947215867,2,0
0,0,-0.2677722732,-1.265751084,2,0
0,0,-0.5154905676,-2.477182945,1,0
0,0,-0.8291424831,-3.136519155,2,0
0,0,-1.297805922,-4.686634391,0,-1
1,1,-1.877092189,-5.792862665
0,0,0,0,2,0
0,0,-0.1045869676,-1.045869676,0,0
0,0,-0.134408935,-0.2982196739,1,0
0,0,-0.1812922256,-0.4688329053,2,0
0,0,-0.3445198627,-1.632276372,0,0
0,0,-0.4916068588,-1.470869961,2,0
0,0,-0.7805865202,-2.889796614,1,0
0,0,-1.173555598,-3.929690776,1,-1
1,1,-1.691275467,-5.177198688
0,0,0,0,0,0
0,0,0.1037367105,1.037367105,2,0
0,0,0.1422917572,0.3855504669,1,0
0,0,0.2146385323,0.723467751,1,0
0,0,0.3345990573,1.19960525,1,0
0,0,0.5138874877,1.792884304,2,0
0,0,0.69493473,1.810472423,0,0
0,0,1.050863276,3.559285461,2,0
0,0,1.489547719,4.386844431,0,-1
1,1,2.079767018,5.902192987
0,0,0,0,0,0
0,0,0.1037793616,1.037793616,1,0
0,0,0.2099144481,1.061350864,0,0
0,0,0.4334128956,2.234984476,1,0
0,0,0.7353156799,3.019027842,1,0
0,0,1.145102443,4.097867632,2,-1
1,1,1.650624419,5.05521976
0,0,0,0,1,0
0,0,0.01185196565,0.1185196565,1,0
0,0,0.0334588529,0.2160688726,0,0
0,0,0.1578462225,1.243873696,0,0
0,0,0.3850601932,2.272139707,0,0
0,0,0.7505543841,3.654941908,0,0
0,0,1.280994012,5.304396275,0,-1
1,1,1.965095358,6.84101346
0,0,0,0,2,0
0,0,-0.1057672489,-1.057672489,2,0
0,0,-0.3159966798,-2.10229431,2,0
0,0,-0.6490315025,-3.330348226,0,0
0,0,-1.007215189,-3.58183687,1,0
0,0,-1.490627968,-4.834127782,2,-1
1,1,-2.124562424,-6.33934456
0,0,0,0,1,0
0,0,0.001432145758,0.01432145758,0,0
0,0,0.08814168143,0.8670953567,0,0
0,0,0.2648548757,1.767131943,2,0
0,0,0.414279046,1.494241703,1,0
0,0,0.6189437119,2.046646659,0,0
0,0,0.969445392,3.505016801,2,0
0,0,1.398174029,4.28728637,0,-1
1,1,1.979405378,5.812313489
0,0,0,0,1,0
0,0,0.01124933247,0.1124933247,1,0
0,0,0.04068146587,0.294321334,2,0
0,0,-0.009584979466,-0.5026644534,1,0
0,0,-0.06100386647,-0.5141888701,2,0
0,0,-0.1980199413,-1.370160748,0,0
0,0,-0.2881995947,-0.901796534,1,0
0,0,-0.4302839024,-1.420843077,0,0
0,0,-0.5664585523,-1.361746498,1,0
0,0,-0.7828847288,-2.164261765,0,0
0,0,-1.05569491,-2.72810181,0,0
0,0,-1.413236704,-3.575417945,1,-1
1,1,-1.912695493,-4.994587884
0,0,0,0,1,0
0,0,-0.004934324313,-0.04934324313,0,0
0,0,0.06103966101,0.6597398532,1,0
0,0,0.1258773375,0.6483767645,2,0
0,0,0.1254301327,-0.004472047242,0,0
0,0,0.2439917428,1.1856161,1,0
0,0,0.3932434866,1.492517439,2,0
0,0,0.5339525955,1.407091089,0,0
0,0,0.8277678824,2.938152869,2,0
0,0,1.174982536,3.472146534,0,-1
1,1,1.679844963,5.048624276
0,0,0,0,2,0
0,0,-0.07609806561,-0.7609806561,1,0
0,0,-0.1659595844,-0.8986151881,1,0
0,0,-0.270504572,-1.045449876,1,0
0,0,-0.4337523019,-1.632477298,2,0
0,0,-0.7465420539,-3.12789752,2,0
0,0,-1.23034044,-4.837983865,2,-1
1,1,-1.870928209,-6.405877683
0,0,0,0,2,0
0,0,-0.0806287587,-0.806287587,0,0
0,0,-0.08097580015,-0.003470414567,2,0
0,0,-0.1917251284,-1.107493282,2,0
0,0,-0.4370458467,-2.453207183,2,0
0,0,-0.828817853,-3.917720063,0,0
0,0,-1.268089665,-4.392718115,1,-1
1,1,-1.843063488,-5.749738238
0,0,0,0,2,0
0,0,-0.08435258708,-0.8435258708,2,0
0,0,-0.2794181984,-1.950656113,0,0
0,0,-0.4435585036,-1.641403052,2,0
0,0,-0.76984151,-3.262830064,2,0
0,0,-1.257193155,-4.873516455,1,-1
1,1,-1.877891943,-6.206987871
0,0,0,0,1,0
0,0,0.006036297185,0.06036297185,2,0
0,0,-0.08570315482,-0.91739452,1,0
0,0,-0.1835521099,-0.9784895513,2,0
0,0,-0.413791522,-2.302394121,2,0
0,0,-0.7902741097,-3.764825877,1,0
0,0,-1.271779384,-4.815052745,1,-1
1,1,-1.889089342,-6.173099576
0,0,0,0,1,0
0,0,0.01148739515,0.1148739515,1,0
0,0,0.03729580018,0.2580840503,0,0
0,0,0.1458217059,1.085259057,0,0
0,0,0.3647002618,2.188785559,1,0
0,0,0.6449549531,2.802546913,1,0
0,0,1.014606542,3.696515893,1,0
0,0,1.510656525,4.960499828,0,-1
1,1,2.155942269,6.452857442
0,0,0,0,0,0
0,0,0.09012824349,0.9012824349,0,0
0,0,0.2824521624,1.92323919,2,0
0,0,0.4492887165,1.66836554,0,0
0,0,0.7770063499,3.277176334,1,0
0,0,1.203694198,4.266878479,1,-1
1,1,1.763024861,5.593306628
0,0,0,0,1,0
0,0,0.006468245687,0.06468245687,1,0
0,0,-0.002034146463,-0.0850239215,0,0
0,0,0.06641880754,0.6845295401,1,0
0,0,0.1377897512,0.7137094361,0,0
0,0,0.3099351777,1.721454266,1,0
0,0,0.5360013757,2.26066198,1,0
0,0,0.8567386207,3.207372449,0,0
0,0,1.335678085,4.789394645,2,-1
1,1,1.935460884,5.997827994
0,0,0,0,0,0
0,0,0.1026537754,1.026537754,1,0
0,0,0.220637246,1.179834705,1,0
0,0,0.3800726039,1.594353579,2,0
0,0,0.5256257141,1.455531102,1,0
0,0,0.751799195,2.261734809,2,0
0,0,1.029199082,2.773998874,0,0
0,0,1.466852096,4.376530136,0,-1
1,1,2.055966827,5.891147311
0,0,0,0,0,0
0,0,0.08728046078,0.8728046078,2,0
0,0,0.1009565221,0.136760613,0,0
0,0,0.2245052716,1.235487495,1,0
0,0,0.3708319141,1.463266425,1,0
0,0,0.5611584736,1.903265595,1,0
0,0,0.8298644028,2.687059292,0,0
0,0,1.266833165,4.369687618,0,-1
1,1,1.858586732,5.917535674
0,0,0,0,2,0
0,0,-0.0898634074,-0.898634074,0,0
0,0,-0.1200424397,-0.3017903234,0,0
0,0,-0.07378231129,0.4626012845,2,0
0,0,-0.1228485017,-0.4906619036,2,0
0,0,-0.2737822012,-1.509336996,0,0
0,0,-0.3822111661,-1.084289649,2,0
0,0,-0.6305634316,-2.483522655,1,0
0,0,-0.9610654956,-3.30502064,1,0
0,0,-1.401656945,-4.405914494,0,-1
1,1,-1.971373539,-5.697165945
0,0,0,0,2,0
0,0,-0.09841810566,-0.9841810566,0,0
0,0,-0.1186010923,-0.2018298667,0,0
0,0,-0.06336682453,0.552342678,2,0
0,0,-0.116075172,-0.5270834747,2,0
0,0,-0.2704713759,-1.543962039,0,0
0,0,-0.4009370347,-1.304656588,2,0
0,0,-0.6624421623,-2.615051276,1,0
0,0,-1.016141269,-3.536991065,2,0
0,0,-1.524878634,-5.087373654,1,-1
1,1,-2.178101987,-6.532233529
0,0,0,0,2,0
0,0,-0.0762776759,-0.762776759,2,0
0,0,-0.2662913766,-1.900137007,1,0
0,0,-0.4842742081,-2.179828316,1,0
0,0,-0.7731742164,-2.889000082,2,0
0,0,-1.217164374,-4.439901577,2,-1
1,1,-1.820186045,-6.030216714
0,0,0,0,0,0
0,0,0.0927748069,0.927748069,1,0
0,0,0.1844096631,0.9163485624,0,0
0,0,0.3912355801,2.068259169,2,0
0,0,0.5701572461,1.78921666,2,0
0,0,0.761013662,1.908564159,2,0
0,0,0.9947037661,2.336901041,2,0
0,0,1.317438362,3.227345958,0,-1
1,1,1.797649045,4.802106833
0,0,0,0,0,0
0,0,0.07840442565,0.7840442565,1,0
0,0,0.1866814949,1.082770692,2,0
0,0,0.2417077334,0.5502623857,0,0
0,0,0.4328154622,1.911077287,0,0
0,0,0.7786822725,3.458668103,0,0
0,0,1.273585325,4.949030527,2,-1
1,1,1.879680614,6.060952886
0,0,0,0,1,0
0,0,0.005463351395,0.05463351395,2,0
0,0,-0.08550686713,-0.9097021853,0,0
0,0,-0.1013627299,-0.1585586279,0,0
0,0,-0.04796728012,0.5339544981,1,0
0,0,0.008995581296,0.5696286142,1,0
0,0,0.07210369071,0.6310810941,1,0
0,0,0.1414496732,0.6934598254,1,0
0,0,0.2511800177,1.097303444,1,0
0,0,0.3929160309,1.417360132,0,0
0,0,0.6799176392,2.870016083,1,0
0,0,1.060003906,3.800862673,2,0
0,0,1.530519834,4.70515928,2,-1
1,1,2.143116995,6.125971606
0,0,0,0,2,0
0,0,-0.09194119192,-0.9194119192,1,0
0,0,-0.1921902716,-1.002490797,1,0
0,0,-0.3408334654,-1.486431938,1,0
0,0,-0.5456367378,-2.048032724,1,0
0,0,-0.8232119641,-2.775752263,1,0
0,0,-1.204557214,-3.813452503,0,-1
1,1,-1.688179276,-4.836220618
0,0,0,0,1,0
0,0,0.008241303028,0.08241303028,1,0
0,0,0.006875811116,-0.01365491912,2,0
0,0,-0.09515957814,-1.020353893,0,0
0,0,-0.1278746518,-0.3271507361,0,0
0,0,-0.0907804137,0.3709423805,2,0
0,0,-0.1638736943,-0.7309328063,0,0
0,0,-0.1649892897,-0.01115595387,1,0
0,0,-0.1844195675,-0.194302778,0,0
0,0,-0.1477147169,0.3670485066,1,0
0,0,-0.1441978697,0.03516847113,2,0
0,0,-0.245640467,-1.014425972,0,0
0,0,-0.3142433132,-0.6860284626,1,0
0,0,-0.4315343079,-1.172909947,2,0
0,0,-0.6836231563,-2.520888484,1,0
0,0,-1.030618012,-3.469948555,0,0
0,0,-1.453469494,-4.228514825,2,-1
1,1,-2.026711544,-5.732420497
0,0,0,0,2,0
0,0,-0.07530844275,-0.7530844275,0,0
0,0,-0.09053502538,-0.1522658263,0,0
0,0,-0.03603659194,0.5449843344,1,0
0,0,0.01275344247,0.487900344,2,0
0,0,-0.035494251,-0.4824769346,0,0
0,0,0.01137265587,0.4686690686,0,0
0,0,0.1472568145,1.358841587,0,0
0,0,0.4107838937,2.635270792,0,0
0,0,0.8069133005,3.961294068,2,0
0,0,1.245969327,4.390560261,0,-1
1,1,1.840067943,5.940986167
0,0,0,0,0,0
0,0,0.102856449,1.02856449,2,0
0,0,0.1333546826,0.3049823358,1,0
0,0,0.1703432399,0.3698855725,0,0
0,0,0.3117305391,1.413872992,2,0
0,0,0.4237511663,1.120206272,0,0
0,0,0.6743116894,2.505605231,0,0
0,0,1.095161303,4.208496133,2,-1
1,1,1.600235778,5.050744753
0,0,0,0,1,0
0,0,0.01327226384,0.1327226384,0,0
0,0,0.1239724861,1.107002223,2,0
0,0,0.1684130917,0.4444060553,0,0
0,0,0.3284738399,1.600607482,0,0
0,0,0.6279464991,2.994726592,0,0
0,0,1.092994898,4.650483992,0,-1
1,1,1.719475245,6.264803462
0,0,0,0,1,0
0,0,0.01386199435,0.1386199435,1,0
0,0,0.03522446857,0.2136247422,0,0
0,0,0.1450619705,1.09837502,0,0
0,0,0.3535970148,2.085350442,0,0
0,0,0.6859740094,3.323769946,1,0
0,0,1.121723665,4.357496559,0,-1
1,1,1.720520242,5.987965768
0,0,0,0,2,0
0,0,-0.07711093807,-0.7711093807,0,0
0,0,-0.08256086094,-0.05449922875,1,0
0,0,-0.09051430399,-0.07953443045,0,0
0,0,-0.02330680732,0.6720749666,0,0
0,0,0.1134380492,1.367448565,1,0
0,0,0.2809512643,1.675132152,0,0
0,0,0.594797701,3.138464366,0,0
0,0,1.064947754,4.701500531,2,-1
1,1,1.623608135,5.586603808
0,0,0,0,1,0
0,0,-0.01078636427,-0.1078636427,0,0
0,0,0.07653100091,0.8731736518,2,0
0,0,0.1035485346,0.2701753367,0,0
0,0,0.22088621,1.173376754,1,0
0,0,0.3887916317,1.679054218,1,0
0,0,0.6151356571,2.263440253,1,0
0,0,0.9190506519,3.039149948,2,0
0,0,1.300604748,3.815540962,0,-1
1,1,1.837477435,5.368726871
0,0,0,0,2,0
0,0,-0.1053154267,-1.053154267,2,0
0,0,-0.3023716212,-1.970561945,0,0
0,0,-0.4572785535,-1.549069323,2,0
0,0,-0.7760137918,-3.187352382,0,0
0,0,-1.147702308,-3.716885164,2,-1
1,1,-1.679259963,-5.315576547
0,0,0,0,1,0
0,0,-0.001486838644,-0.01486838644,1,0
0,0,0.002478547824,0.03965386468,0,0
0,0,0.08951774983,0.87039202,0,0
0,0,0.2655619695,1.760442197,1,0
0,0,0.4823469696,2.16785,1,0
0,0,0.7830308263,3.006838567,0,0
0,0,1.251485672,4.684548462,0,-1
1,1,1.875272304,6.237866317
0,0,0,0,1,0
0,0,0.005469920579,0.05469920579,1,0
0,0,0.01223475305,0.06764832469,1,0
0,0,0.01690996168,0.04675208636,1,0
0,0,0.04047247536,0.2356251367,1,0
0,0,0.05455196567,0.1407949032,0,0
0,0,0.1695705594,1.150185937,1,0
0,0,0.3110659248,1.414953654,2,0
0,0,0.4298769877,1.188110629,2,0
0,0,0.525638502,0.9576151421,2,0
0,0,0.6349373836,1.092988817,1,0
0,0,0.8365582637,2.016208801,1,0
0,0,1.154598181,3.180399178,0,-1
1,1,1.639080646,4.844824642
0,0,0,0,1,0
0,0,0.01141350639,0.1141350639,1,0
0,0,0.03619986073,0.2478635433,0,0
0,0,0.1403120773,1.041122166,0,0
0,0,0.3603413909,2.200293136,1,0
0,0,0.6531182182,2.927768272,1,0
0,0,1.03248127,3.793630519,1,0
0,0,1.534127431,5.016461607,2,-1
1,1,2.178589543,6.444621125
0,0,0,0,2,0
0,0,-0.1039123751,-1.039123751,2,0
0,0,-0.2973906516,-1.934782765,2,0
0,0,-0.6359465328,-3.385558813,0,0
0,0,-1.000349909,-3.64403376,0,0
0,0,-1.438944721,-4.385948121,0,-1
1,1,-2.011246331,-5.723016104
0,0,0,0,2,0
0,0,-0.08679877113,-0.8679877113,0,0
0,0,-0.1079018637,-0.2110309256,0,0
0,0,-0.05589368723,0.5200817646,2,0
0,0,-0.08407314117,-0.2817945395,2,0
0,0,-0.2205691877,-1.364960465,2,0
0,0,-0.4761292381,-2.555600504,0,0
0,0,-0.7387831566,-2.626539185,2,0
0,0,-1.17105738,-4.322742235,1,-1
1,1,-1.726525835,-5.554684545
0,0,0,0,0,0
0,0,0.08471391085,0.8471391085,2,0
0,0,0.1039182075,0.1920429667,0,0
0,0,0.2292973086,1.253791011,1,0
0,0,0.4007269411,1.714296326,1,0
0,0,0.6340046166,2.332776754,2,0
0,0,0.8977615117,2.637568951,0,0
0,0,1.334024763,4.362632515,0,-1
1,1,1.924960026,5.909352632
0,0,0,0,1,0
0,0,-0.006605864889,-0.06605864889,0,0
0,0,0.08905401649,0.9565988138,1,0
0,0,0.1985204759,1.094664594,1,0
0,0,0.3540693193,1.555488434,2,0
0,0,0.4719627272,1.17893408,2,0
0,0,0.6036103465,1.316476193,0,0
0,0,0.9069430673,3.033327208,0,0
0,0,1.36779513,4.608520624,1,-1
1,1,1.964664599,5.968694689
0,0,0,0,1,0
0,0,-0.004382308879,-0.04382308879,2,0
0,0,-0.08679118162,-0.8240887274,2,0
0,0,-0.2558988063,-1.691076246,0,0
0,0,-0.3971080891,-1.412092828,1,0
0,0,-0.6115106905,-2.144026014,2,0
0,0,-0.9809113101,-3.694006196,2,0
0,0,-1.508866598,-5.279552879,2,-1
1,1,-2.185275644,-6.764090458
0,0,0,0,0,0
0,0,0.07557942263,0.7557942263,1,0
0,0,0.162364956,0.867855334,2,0
0,0,0.2009452089,0.3858025289,1,0
0,0,0.2836065894,0.826613805,0,0
0,0,0.5131309308,2.295243414,1,0
0,0,0.8140921174,3.009611866,0,0
0,0,1.287465506,4.733733882,2,-1
1,1,1.875687323,5.882218171
0,0,0,0,0,0
0,0,0.1038535215,1.038535215,0,0
0,0,0.3265474305,2.22693909,2,0
0,0,0.53532962,2.087821895,2,0
0,0,0.7528260393,2.174964193,0,0
0,0,1.131391232,3.785651924,2,-1
1,1,1.608807257,4.774160251
0,0,0,0,2,0
0,0,-0.08474700788,-0.8474700788,1,0
0,0,-0.1787673757,-0.9402036779,2,0
0,0,-0.4004417958,-2.216744202,1,0
0,0,-0.6893924692,-2.889506734,2,0
0,0,-1.127835985,-4.384435159,2,-1
1,1,-1.723456728,-5.956207429
0,0,0,0,1,0
0,0,-0.01457185517,-0.1457185517,1,0
0,0,-0.03556076944,-0.2098891426,2,0
0,0,-0.1452612447,-1.097004753,0,0
0,0,-0.1946937461,-0.4943250137,1,0
0,0,-0.2883142993,-0.9362055313,0,0
0,0,-0.3325332575,-0.4421895825,0,0
0,0,-0.3340266759,-0.01493418392,0,0
0,0,-0.3065137191,0.275129568,0,0
0,0,-0.2575451347,0.4896858443,0,0
0,0,-0.1523229495,1.052221852,1,0
0,0,-0.0647937057,0.8752924381,0,0
0,0,0.08449934251,1.492930482,0,0
0,0,0.346598909,2.620995665,2,0
0,0,0.5862930671,2.396941581,2,0
0,0,0.8308915042,2.445984371,1,0
0,0,1.194131784,3.632402802,1,-1
1,1,1.685817478,4.916856939
0,0,0,0,1,0
0,0,-0.001988989757,-0.01988989757,0,0
0,0,0.09393075913,0.9591974889,1,0
0,0,0.207084856,1.131540969,1,0
0,0,0.3621005199,1.550156639,1,0
0,0,0.5911527512,2.290522313,1,0
0,0,0.9160949606,3.249422094,2,0
0,0,1.298594097,3.824991365,1,-1
1,1,1.815425674,5.168315771
0,0,0,0,2,0
0,0,-0.0729187717,-0.729187717,0,0
0,0,-0.06015065087,0.1276812083,1,0
0,0,-0.06003385975,0.001167911119,0,0
0,0,0.01751188657,0.7754574632,2,0
0,0,0.01684516218,-0.006667243907,0,0
0,0,0.1027418175,0.8589665535,2,0
0,0,0.1180387435,0.1529692602,1,0
0,0,0.1431101128,0.2507136925,2,0
0,0,0.1007877878,-0.4232232504,1,0
0,0,0.05880505096,-0.419827368,0,0
0,0,0.101740309,0.4293525804,2,0
0,0,0.08491479947,-0.1682550953,0,0
0,0,0.1845960991,0.9968129964,2,0
0,0,0.2303496236,0.4575352446,2,0
0,0,0.2166758593,-0.1367376426,0,0
0,0,0.3279367143,1.112608549,1,0
0,0,0.4887282844,1.607915702,0,0
0,0,0.7984979561,3.097696717,1,0
0,0,1.215789915,4.172919586,0,-1
1,1,1.793489925,5.777000105
0,0,0,0,0,0
0,0,0.08362657027,0.8362657027,1,0
0,0,0.1755822971,0.9195572683,0,0
0,0,0.3981585808,2.225762837,1,0
0,0,0.6843552758,2.86196695,2,0
0,0,0.9991462024,3.147909266,2,0
0,0,1.393537472,3.943912693,1,-1
1,1,1.929489442,5.359519702
0,0,0,0,0,0
0,0,0.07133319844,0.7133319844,0,0
0,0,0.2293455372,1.580123387,2,0
0,0,0.347323351,1.179778139,2,0
0,0,0.424692536,0.7736918494,0,0
0,0,0.6500287683,2.253362323,1,0
0,0,0.9771487429,3.271199746,0,0
0,0,1.47393456,4.967858171,0,-1
1,1,2.121086907,6.471523472
0,0,0,0,2,0
0,0,-0.09646822163,-0.9646822163,1,0
0,0,-0.2078888465,-1.114206249,1,0
0,0,-0.3527377315,-1.44848885,1,0
0,0,-0.5704467104,-2.17708979,1,0
0,0,-0.8650202246,-2.945735141,2,0
0,0,-1.320187407,-4.55167182,0,-1
1,1,-1.894722074,-5.745346678
0,0,0,0,2,0
0,0,-0.07644026377,-0.7644026377,0,0
0,0,-0.0942792289,-0.1783896514,2,0
0,0,-0.2320320278,-1.377527989,2,0
0,0,-0.5089409008,-2.769088731,1,0
0,0,-0.8748612868,-3.65920386,1,0
0,0,-1.34268805,-4.678267631,0,-1
1,1,-1.928207346,-5.855192959
0,0,0,0,1,0
0,0,0.009277308245,0.09277308245,2,0
0,0,-0.07754074606,-0.868180543,0,0
0,0,-0.09957282126,-0.220320752,1,0
0,0,-0.1358086934,-0.3623587215,1,0
0,0,-0.1966539837,-0.6084529028,2,0
0,0,-0.3619938174,-1.653398337,0,0
0,0,-0.5210751684,-1.59081351,1,0
0,0,-0.7727433234,-2.51668155,1,0
0,0,-1.137376613,-3.646332895,2,-1
1,1,-1.659843296,-5.224666831
0,0,0,0,0,0
0,0,0.07671623632,0.7671623632,2,0
0,0,0.09564189083,0.1892565451,1,0
0,0,0.1245613874,0.289194966,2,0
0,0,0.07350357685,-0.5105781058,1,0
0,0,0.05160904767,-0.2189452918,2,0
0,0,-0.06141287122,-1.130219189,1,0
0,0,-0.1934241777,-1.320113065,0,0
0,0,-0.2883554168,-0.9493123916,0,0
0,0,-0.3632138733,-0.7485845641,0,0
0,0,-0.4203458434,-0.5713197013,1,0
0,0,-0.5406789689,-1.203331255,0,0
0,0,-0.6686681485,-1.279891796,0,0
0,0,-0.8207703855,-1.52102237,1,0
0,0,-1.088134807,-2.67364421,0,0
0,0,-1.442360058,-3.542252511,2,-1
1,1,-1.948484034,-5.06123976
0,0,0,0,0,0
0,0,0.07120545649,0.7120545649,2,0
0,0,0.06431386498,-0.06891591509,1,0
0,0,0.06859628322,0.0428241824,1,0
0,0,0.08795473348,0.1935845026,0,0
0,0,0.2031773136,1.152225802,0,0
0,0,0.4521637991,2.489864854,2,0
0,0,0.6891782273,2.370144282,1,0
0,0,1.032572876,3.433946485,2,0
0,0,1.462616584,4.300437085,1,-1
1,1,2.03767971,5.750631253
0,0,0,0,2,0
0,0,-0.09474741688,-0.9474741688,1,0
0,0,-0.2110569195,-1.163095027,0,0
0,0,-0.2875254662,-0.7646854663,1,0
0,0,-0.4240732898,-1.365478237,2,0
0,0,-0.7029433226,-2.788700328,1,0
0,0,-1.084915571,-3.819722483,0,0
0,0,-1.548779084,-4.638635131,1,-1
1,1,-2.158580566,-6.098014819
0,0,0,0,2,0
0,0,-0.07571288576,-0.7571288576,2,0
0,0,-0.2590074187,-1.83294533,1,0
0,0,-0.487546807,-2.285393883,1,0
0,0,-0.7870957248,-2.995489178,0,0
0,0,-1.144977542,-3.578818174,2,-1
1,1,-1.667626238,-5.226486953
0,0,0,0,1,0
0,0,-0.004332117501,-0.04332117501,0,0
0,0,0.07109408688,0.7542620438,2,0
0,0,0.05673299766,-0.1436108922,1,0
0,0,0.03750194339,-0.1923105427,1,0
0,0,0.04229523364,0.0479329025,0,0
0,0,0.1483537396,1.06058506,1,0
0,0,0.2715119526,1.23158213,1,0
0,0,0.4514735408,1.799615882,2,0
0,0,0.6108283732,1.593548324,0,0
0,0,0.9246502812,3.13821908,1,0
0,0,1.363047112,4.383968305,0,-1
1,1,1.953686916,5.906398043
0,0,0,0,1,0
0,0,-0.008328243873,-0.08328243873,2,0
0,0,-0.1187636208,-1.10435377,1,0
0,0,-0.2581241012,-1.393604803,1,0
0,0,-0.4432071957,-1.850830945,1,0
0,0,-0.7100003982,-2.667932025,1,0
0,0,-1.079323914,-3.693235162,1,-1
1,1,-1.578147921,-4.988240065
0,0,0,0,1,0
0,0,-0.007982020623,-0.07982020623,2,0
0,0,-0.09265054069,-0.8466852006,0,0
0,0,-0.107384655,-0.1473411436,0,0
0,0,-0.0699956607,0.3738899435,2,0
0,0,-0.1202263265,-0.502306658,2,0
0,0,-0.2718459922,-1.516196657,0,0
0,0,-0.394861744,-1.230157518,1,0
0,0,-0.5946921635,-1.998304195,1,0
0,0,-0.8721152873,-2.774231238,2,0
0,0,-1.320672931,-4.485576436,2,-1
1,1,-1.922646063,-6.019731321
0,0,0,0,0,0
0,0,0.104275672,1.04275672,0,0
0,0,0.304983497,2.007078249,0,0
0,0,0.6284550437,3.234715468,2,0
0,0,0.9774981645,3.490431207,2,0
0,0,1.396953294,4.194551297,1,-1
1,1,1.955195609,5.582423148
0,0,0,0,2,0
0,0,-0.09905872268,-0.9905872268,0,0
0,0,-0.1187726409,-0.197139182,2,0
0,0,-0.2518888157,-1.331161749,1,0
0,0,-0.42894087,-1.770520542,0,0
0,0,-0.598260001,-1.69319131,0,0
0,0,-0.7858298693,-1.875698683,0,0
0,0,-1.023031176,-2.372013071,1,0
0,0,-1.392616434,-3.69585258,0,-1
1,1,-1.892751427,-5.001349927
0,0,0,0,0,0
0,0,0.1052687847,1.052687847,2,0
0,0,0.1498968623,0.4462807761,2,0
0,0,0.1427106414,-0.07186220897,2,0
0,0,0.06140259153,-0.8130804988,2,0
0,0,-0.09277472138,-1.541773129,0,0
0,0,-0.1802153584,-0.8744063699,2,0
0,0,-0.3762509472,-1.960355889,2,0
0,0,-0.7156499338,-3.393989865,0,0
0,0,-1.091053112,-3.754031786,1,-1
1,1,-1.592957219,-5.019041067
0,0,0,0,0,0
0,0,0.09254021801,0.9254021801,0,0
0,0,0.2728539519,1.803137338,2,0
0,0,0.4281396051,1.552856533,2,0
0,0,0.5873011911,1.591615859,1,0
0,0,0.8226385791,2.35337388,2,0
0,0,1.114458473,2.918198934,0,0
0,0,1.56915774,4.546992672,0,-1
1,1,2.170927951,6.017702114
0,0,0,0,2,0
0,0,-0.07549925284,-0.7549925284,2,0
0,0,-0.2451782954,-1.696790425,2,0
0,0,-0.5435357937,-2.983574983,0,0
0,0,-0.8516292642,-3.080934705,1,0
0,0,-1.268348635,-4.167193709,0,-1
1,1,-1.798642797,-5.302941622
0,0,0,0,1,0
0,0,-0.006365143373,-0.06365143373,1,0
0,0,-0.01209325268,-0.05728109307,0,0
0,0,0.07189663083,0.8398988351,1,0
0,0,0.1515581076,0.7966147674,1,0
0,0,0.2730376774,1.214795698,0,0
0,0,0.5294575531,2.564198757,1,0
0,0,0.8697029419,3.402453888,1,0
0,0,1.312520322,4.428173802,1,-1
1,1,1.891402141,5.788818192
0,0,0,0,1,0
0,0,-0.01723326435,-0.1723326435,0,0
0,0,0.04575595571,0.6298922007,0,0
0,0,0.1987722666,1.530163109,0,0
0,0,0.4812851316,2.825128651,0,0
0,0,0.9250423068,4.437571751,1,0
0,0,1.481187787,5.561454805,0,-1
1,1,2.186302211,7.051144239
0,0,0,0,2,0
0,0,-0.09649859349,-0.9649859349,0,0
0,0,-0.1332036332,-0.3670503971,0,0
0,0,-0.09654369168,0.3665994153,1,0
0,0,-0.0637781209,0.3276557078,0,0
0,0,0.05709775842,1.208758793,1,0
0,0,0.1916364403,1.345386819,2,0
0,0,0.2765109224,0.8487448204,0,0
0,0,0.4826799233,2.061690009,1,0
0,0,0.7496943679,2.670144446,0,0
0,0,1.178047481,4.283531127,0,-1
1,1,1.763805907,5.85758426
0,0,0,0,0,0
0,0,0.100461208,1.00461208,2,0
0,0,0.1396783816,0.392171736,1,0
0,0,0.2016799225,0.6200154087,2,0
0,0,0.2174788118,0.157988893,2,0
0,0,0.2001155972,-0.1736321456,1,0
0,0,0.2270038477,0.2688825047,2,0
0,0,0.2175211974,-0.09482650309,1,0
0,0,0.2374039836,0.198827862,0,0
0,0,0.3921381418,1.547341583,2,0
0,0,0.5346777946,1.425396527,2,0
0,0,0.6889711511,1.542933565,1,0
0,0,0.9341650885,2.451939374,2,0
0,0,1.259785742,3.256206534,1,-1
1,1,1.721401881,4.616161395
0,0,0,0,2,0
0,0,-0.09446770956,-0.9446770956,1,0
0,0,-0.2045349262,-1.100672167,0,0
0,0,-0.2721184483,-0.6758352211,2,0
0,0,-0.4840851407,-2.119666923,1,0
0,0,-0.7775969007,-2.9351176,1,0
0,0,-1.171728316,-3.941314151,2,-1
1,1,-1.720315098,-5.485867824
0,0,0,0,2,0
0,0,-0.1052871889,-1.052871889,2,0
0,0,-0.3072378192,-2.019506303,2,0
0,0,-0.6294280736,-3.221902544,2,0
0,0,-1.093440917,-4.640128429,1,-1
1,1,-1.676458163,-5.830172469
0,0,0,0,1,0
0,0,-0.01701127506,-0.1701127506,1,0
0,0,-0.04726445831,-0.3025318324,1,0
0,0,-0.07148190661,-0.242174483,1,0
0,0,-0.1189361029,-0.4745419632,2,0
0,0,-0.2760422339,-1.571061309,1,0
0,0,-0.4672880584,-1.912458246,1,0
0,0,-0.7248642316,-2.575761732,2,0
0,0,-1.13337292,-4.085086879,1,-1
1,1,-1.669282451,-5.359095312
0,0,0,0,2,0
0,0,-0.08974683352,-0.8974683352,0,0
0,0,-0.1114820221,-0.2173518857,0,0
0,0,-0.08163201486,0.2985000723,0,0
0,0,0.02909229145,1.107243063,0,0
0,0,0.2213352812,1.922429898,0,0
0,0,0.5298492137,3.085139325,1,0
0,0,0.9154733586,3.856241449,1,0
0,0,1.407993601,4.925202425,1,-1
1,1,2.038472375,6.304787738
0,0,0,0,0,0
0,0,0.0936978569,0.936978569,1,0
0,0,0.1862627465,0.9256488961,0,0
0,0,0.4077913165,2.2152857,1,0
0,0,0.6982968486,2.905055321,1,0
0,0,1.086741994,3.884451451,0,-1
1,1,1.638606162,5.518641686
0,0,0,0,1,0
0,0,0.004663105657,0.04663105657,2,0
0,0,-0.07928589433,-0.8394899998,2,0
0,0,-0.2763216082,-1.970357139,1,0
0,0,-0.5036242362,-2.27302628,1,0
0,0,-0.795547092,-2.919228558,2,0
0,0,-1.258357674,-4.628105824,0,-1
1,1,-1.832657735,-5.743000605
0,0,0,0,1,0
0,0,0.0119301232,0.119301232,1,0
0,0,0.01291095508,0.009808318787,0,0
0,0,0.1172250088,1.043140537,0,0
0,0,0.3411364387,2.239114299,2,0
0,0,0.5254964821,1.843600434,1,0
0,0,0.7952969642,2.698004821,2,0
0,0,1.125395619,3.300986546,0,-1
1,1,1.616907913,4.915122946
0,0,0,0,0,0
0,0,0.07212932192,0.7212932192,1,0
0,0,0.1710202457,0.9889092381,0,0
0,0,0.3867613677,2.15741122,2,0
0,0,0.5710351349,1.842737672,1,0
0,0,0.8319133082,2.608781733,2,0
0,0,1.156166465,3.242531566,2,-1
1,1,1.585918045,4.297515805
0,0,0,0,2,0
0,0,-0.08821682054,-0.8821682054,0,0
0,0,-0.1027045267,-0.1448770614,2,0
0,0,-0.2258821662,-1.231776395,0,0
0,0,-0.3108459978,-0.8496383167,0,0
0,0,-0.3523857079,-0.4153971009,1,0
0,0,-0.4630859157,-1.107002078,0,0
0,0,-0.5799512156,-1.168652998,1,0
0,0,-0.7808542517,-2.009030362,1,0
0,0,-1.10137156,-3.205173078,0,0
0,0,-1.515082723,-4.137111634,1,-1
1,1,-2.074873315,-5.597905916
0,0,0,0,2,0
0,0,-0.07950585415,-0.7950585415,2,0
0,0,-0.2732421194,-1.937362652,2,0
0,0,-0.5932348342,-3.199927148,0,0
0,0,-0.9168863136,-3.236514793,2,0
0,0,-1.394936837,-4.780505235,1,-1
1,1,-2.010398843,-6.15462006
0,0,0,0,2,0
0,0,-0.1026749363,-1.026749363,2,0
0,0,-0.2949502418,-1.922753055,2,0
0,0,-0.6065305777,-3.115803359,0,0
0,0,-0.931292775,-3.247621973,2,0
0,0,-1.422509944,-4.91217169,0,-1
1,1,-2.043542185,-6.210322409
0,0,0,0,1,0
0,0,-0.01714871661,-0.1714871661,0,0
0,0,0.06426520356,0.8141392017,0,0
0,0,0.2600772806,1.95812077,1,0
0,0,0.5138125657,2.537352851,1,0
0,0,0.844179516,3.303669503,2,0
0,0,1.231965,3.877854843,2,-1
1,1,1.725899044,4.939340432
0,0,0,0,2,0
0,0,-0.1021573162,-1.021573162,0,0
0,0,-0.1326064806,-0.3044916433,0,0
0,0,-0.08935308587,0.432533947,2,0
0,0,-0.151356719,-0.6200363312,2,0
0,0,-0.3431775934,-1.918208744,0,0
0,0,-0.4924126413,-1.492350479,1,0
0,0,-0.7166345874,-2.242219461,0,0
0,0,-0.9755506937,-2.589161063,1,0
0,0,-1.363366683,-3.878159893,1,-1
1,1,-1.88980085,-5.264341667
0,0,0,0,2,0
0,0,-0.1004266879,-1.004266879,0,0
0,0,-0.1253025542,-0.2487586627,1,0
0,0,-0.168753383,-0.434508288,2,0
0,0,-0.3329226375,-1.641692545,0,0
0,0,-0.476031891,-1.431092535,2,0
0,0,-0.7773811597,-3.013492686,0,0
0,0,-1.116048492,-3.386673325,1,-1
1,1,-1.585341388,-4.692928955
0,0,0,0,0,0
0,0,0.1014807458,1.014807458,0,0
0,0,0.3136669226,2.121861768,0,0
0,0,0.6552723387,3.416054161,2,0
0,0,1.025668133,3.703957939,0,0
0,0,1.551770075,5.261019427,2,-1
1,1,2.222893767,6.711236916
0,0,0,0,0,0
0,0,0.08673514599,0.8673514599,2,0
0,0,0.08480586432,-0.01929281671,2,0
0,0,0.01183911739,-0.7296674693,1,0
0,0,-0.0574879599,-0.6932707729,0,0
0,0,-0.04307884951,0.1440911039,0,0
0,0,0.05685269486,0.9993154437,1,0
0,0,0.1569059838,1.000532889,2,0
0,0,0.1839446684,0.2703868469,0,0
0,0,0.3270147485,1.4307008,1,0
0,0,0.5282805629,2.012658144,2,0
0,0,0.7312335416,2.029529786,1,0
0,0,1.047758965,3.165254239,1,0
0,0,1.49013751,4.423785446,1,-1
1,1,2.077286188,5.871486776
0,0,0,0,0,0
0,0,0.1023967724,1.023967724,2,0
0,0,0.1199115323,0.1751475985,0,0
0,0,0.255830951,1.359194188,0,0
0,0,0.5105515308,2.547205798,2,0
0,0,0.7814070799,2.70855549,2,0
0,0,1.107710655,3.263035751,2,0
0,0,1.535225627,4.275149725,2,-1
1,1,2.106433208,5.712075808
0,0,0,0,1,0
0,0,0.01408624125,0.1408624125,2,0
0,0,-0.05653222581,-0.7061846707,1,0
0,0,-0.1491309361,-0.9259871032,0,0
0,0,-0.1835804187,-0.3444948252,2,0
0,0,-0.331083324,-1.475029054,0,0
0,0,-0.4473429314,-1.162596074,2,0
0,0,-0.705980847,-2.586379156,2,0
0,0,-1.124871462,-4.188906148,1,-1
1,1,-1.668982286,-5.441108237
0,0,0,0,1,0
0,0,0.01209198301,0.1209198301,0,0
0,0,0.1135394083,1.014474252,2,0
0,0,0.1556407619,0.4210135369,0,0
0,0,0.3123236566,1.566828946,2,0
0,0,0.4280009245,1.156772679,0,0
0,0,0.7004534354,2.724525109,2,0
0,0,1.018777412,3.183239763,1,0
0,0,1.456181374,4.374039621,2,-1
1,1,2.026746295,5.705649213
0,0,0,0,0,0
0,0,0.09073813836,0.9073813836,2,0
0,0,0.09462025152,0.03882113162,2,0
0,0,0.04289706311,-0.5172318841,0,0
0,0,0.08200239603,0.3910533292,0,0
0,0,0.2151690135,1.331666174,1,0
0,0,0.3890326441,1.738636306,0,0
0,0,0.6934705464,3.044379023,0,0
0,0,1.147089279,4.536187325,2,-1
1,1,1.69414908,5.470598016
0,0,0,0,2,0
0,0,-0.07900119808,-0.7900119808,1,0
0,0,-0.1730844383,-0.9408324026,1,0
0,0,-0.2934119303,-1.20327492,1,0
0,0,-0.4695671089,-1.761551785,0,0
0,0,-0.6371893086,-1.676221997,0,0
0,0,-0.8361890949,-1.989997863,1,0
0,0,-1.149854002,-3.136649067,1,-1
1,1,-1.595172355,-4.453183534
0,0,0,0,0,0
0,0,0.08510042124,0.8510042124,2,0
0,0,0.08730352928,0.02203108036,1,0
0,0,0.1170175792,0.2971404996,1,0
0,0,0.1808446806,0.6382710132,1,0
0,0,0.2607454018,0.7990072127,2,0
0,0,0.3145760353,0.5383063342,2,0
0,0,0.3415636769,0.269876416,1,0
0,0,0.4379395563,0.9637587945,0,0
0,0,0.6670353649,2.290958086,1,0
0,0,0.9861966491,3.191612842,2,0
0,0,1.391129796,4.049331473,2,-1
1,1,1.924117488,5.329876917
0,0,0,0,0,0
0,0,0.102482986,1.02482986,1,0
0,0,0.2092608111,1.067778251,2,0
0,0,0.2600417886,0.5078097751,1,0
0,0,0.3642924747,1.042506861,2,0
0,0,0.4544578409,0.9016536617,2,0
0,0,0.5547967033,1.003388624,0,0
0,0,0.8139105458,2.591138425,1,0
0,0,1.182662938,3.687523924,2,-1
1,1,1.65503262,4.723696821
0,0,0,0,2,0
0,0,-0.1055284041,-1.055284041,1,0
0,0,-0.2340167437,-1.284883396,1,0
0,0,-0.3954754028,-1.614586591,1,0
0,0,-0.6331780236,-2.377026208,0,0
0,0,-0.8854529033,-2.522748796,0,0
0,0,-1.201532778,-3.160798743,0,-1
1,1,-1.62376467,-4.222318925
0,0,0,0,2,0
0,0,-0.0880824548,-0.880824548,2,0
0,0,-0.2724503757,-1.843679209,0,0
0,0,-0.4173550131,-1.449046375,2,0
0,0,-0.6990289713,-2.816739581,2,0
0,0,-1.130171069,-4.311420973,1,-1
1,1,-1.690817783,-5.606467148
0,0,0,0,1,0
0,0,-0.01117242388,-0.1117242388,2,0
0,0,-0.1070825941,-0.9591017023,2,0
0,0,-0.3183459134,-2.112633193,1,0
0,0,-0.5674174819,-2.490715685,2,0
0,0,-0.9712966783,-4.038791964,1,0
0,0,-1.497036912,-5.257402334,1,-1
1,1,-2.167022905,-6.699859934
0,0,0,0,2,0
0,0,-0.08328078725,-0.8328078725,0,0
0,0,-0.07721360898,0.06067178271,0,0
0,0,0.005431048539,0.8264465752,1,0
0,0,0.1036679176,0.9823686904,1,0
0,0,0.2278738953,1.242059777,0,0
0,0,0.4867377134,2.588638182,0,0
0,0,0.8912139791,4.044762656,0,0
0,0,1.461363875,5.70149896,0,-1
1,1,2.18121021,7.198463353
0,0,0,0,2,0
0,0,-0.08911284754,-0.8911284754,0,0
0,0,-0.1164585846,-0.2734573709,2,0
0,0,-0.2488960333,-1.324374486,1,0
0,0,-0.4379224185,-1.890263852,2,0
0,0,-0.7807424449,-3.428200265,1,0
0,0,-1.215974118,-4.352316732,2,-1
1,1,-1.805976601,-5.900024826
0,0,0,0,0,0
0,0,0.1012845317,1.012845317,0,0
0,0,0.2970052086,1.957206769,1,0
0,0,0.5446475246,2.47642316,0,0
0,0,0.9492550476,4.04607523,2,0
0,0,1.418628255,4.693732074,0,-1
1,1,2.041756882,6.231286275
0,0,0,0,2,0
0,0,-0.08414035924,-0.8414035924,1,0
0,0,-0.1722884478,-0.8814808861,1,0
0,0,-0.2736954039,-1.01406956,1,0
0,0,-0.4080123,-1.343168962,2,0
0,0,-0.6867967127,-2.787844127,2,0
0,0,-1.120298489,-4.335017759,1,-1
1,1,-1.682544644,-5.622461552
0,0,0,0,1,0
0,0,-0.00137090312,-0.0137090312,2,0
0,0,-0.08475699528,-0.8338609216,0,0
0,0,-0.09582405552,-0.1106706024,2,0
0,0,-0.2252653113,-1.294412557,1,0
0,0,-0.3966896818,-1.714243705,1,0
0,0,-0.6229518627,-2.262621809,2,0
0,0,-1.006577285,-3.836254218,2,0
0,0,-1.555489535,-5.489122502,1,-1
1,1,-2.250723327,-6.952337919
0,0,0,0,0,0
0,0,0.1014625738,1.014625738,0,0
0,0,0.304170281,2.027077072,1,0
0,0,0.5580948398,2.539245588,2,0
0,0,0.8185964506,2.605016109,2,0
0,0,1.125854877,3.07258426,2,0
0,0,1.533488874,4.076339968,1,-1
1,1,2.087204964,5.537160905
0,0,0,0,2,0
0,0,-0.07494246645,-0.7494246645,0,0
0,0,-0.06277626187,0.1216620458,1,0
0,0,-0.06153083692,0.01245424951,1,0
0,0,-0.07130992801,-0.09779091094,0,0
0,0,0.008307747513,0.7961767552,0,0
0,0,0.1601128162,1.518050687,2,0
0,0,0.2485726942,0.8845987803,0,0
0,0,0.4495629952,2.00990301,0,0
0,0,0.8032142028,3.536512076,1,0
0,0,1.269484422,4.662702196,0,-1
1,1,1.890751258,6.212668356
0,0,0,0,0,0
0,0,0.07195903467,0.7195903467,1,0
0,0,0.1598495885,0.8789055384,1,0
0,0,0.2876580854,1.278084969,2,0
0,0,0.3817047286,0.9404664315,1,0
0,0,0.535067966,1.533632374,2,0
0,0,0.6850034071,1.499354411,2,0
0,0,0.8625720832,1.775686761,1,0
0,0,1.147773263,2.852011799,2,0
0,0,1.536036971,3.882637076,2,-1
1,1,2.068071356,5.320343856
0,0,0,0,1,0
0,0,-0.01229005816,-0.1229005816,2,0
0,0,-0.1178624185,-1.055723603,2,0
0,0,-0.3369672834,-2.19104865,2,0
0,0,-0.6805114304,-3.43544147,2,0
0,0,-1.185975077,-5.05463647,1,-1
1,1,-1.811258276,-6.252831984
0,0,0,0,2,0
0,0,-0.0796120976,-0.796120976,0,0
0,0,-0.08353731335,-0.03925215745,2,0
0,0,-0.185224102,-1.016867887,1,0
0,0,-0.3188198183,-1.335957163,2,0
0,0,-0.5834081328,-2.645883145,2,0
0,0,-1.011166527,-4.277583946,2,-1
1,1,-1.602165546,-5.909990182
0,0,0,0,1,0
0,0,-0.008226729565,-0.08226729565,1,0
0,0,-0.03434206221,-0.2611533265,0,0
0,0,0.0254845922,0.5982665441,2,0
0,0,0.004471778176,-0.2101281402,2,0
0,0,-0.1027981029,-1.07269881,0,0
0,0,-0.1332017278,-0.3040362497,2,0
0,0,-0.2618348805,-1.286331526,1,0
0,0,-0.4394136205,-1.7757874,0,0
0,0,-0.6051834277,-1.657698072,2,0
0,0,-0.9208203747,-3.156369469,2,0
0,0,-1.398529974,-4.777095993,0,-1
1,1,-2.001455604,-6.029256302
0,0,0,0,0,0
0,0,0.09483765393,0.9483765393,1,0
0,0,0.2076722926,1.128346387,2,0
0,0,0.2584747809,0.5080248836,0,0
0,0,0.4312653617,1.727905808,2,0
0,0,0.6018553919,1.705900302,0,0
0,0,0.9314040662,3.295486744,0,0
0,0,1.42901324,4.976091743,0,-1
1,1,2.077827701,6.488144602
0,0,0,0,2,0
0,0,-0.08536316525,-0.8536316525,0,0
0,0,-0.1034063891,-0.1804322382,0,0
0,0,-0.05550381379,0.4790257528,1,0
0,0,-0.01076849473,0.4473531906,1,0
0,0,0.04269754922,0.5346604396,2,0
0,0,0.01134925321,-0.3134829601,1,0
0,0,-0.008020315001,-0.1936956821,2,0
0,0,-0.1040076716,-0.959873566,0,0
0,0,-0.1407567242,-0.3674905258,1,0
0,0,-0.2037426002,-0.6298587603,1,0
0,0,-0.3086002852,-1.04857685,2,0
0,0,-0.549558235,-2.409579498,0,0
0,0,-0.8146516279,-2.650933929,0,0
0,0,-1.144206606,-3.295549779,0,0
0,0,-1.570153401,-4.259467948,0,-1
1,1,-2.143027074,-5.728736736
0,0,0,0,2,0
0,0,-0.09467420019,-0.9467420019,2,0
0,0,-0.301117048,-2.064428478,1,0
0,0,-0.5626465598,-2.615295118,1,0
0,0,-0.9184359167,-3.55789357,2,0
0,0,-1.436211717,-5.177758005,0,-1
1,1,-2.084997401,-6.487856834
0,0,0,0,2,0
0,0,-0.07924975002,-0.7924975002,0,0
0,0,-0.08794712753,-0.08697377514,2,0
0,0,-0.1987982588,-1.108511313,1,0
0,0,-0.3304537167,-1.316554579,0,0
0,0,-0.4368635517,-1.064098349,0,0
0,0,-0.5285389764,-0.9167542477,1,0
0,0,-0.7079890997,-1.794501233,2,0
0,0,-1.048293313,-3.403042134,0,0
0,0,-1.476721428,-4.284281153,2,-1
1,1,-2.055463885,-5.787424563
0,0,0,0,2,0
0,0,-0.07992847869,-0.7992847869,0,0
0,0,-0.0886457817,-0.08717303002,0,0
0,0,-0.02705106055,0.6159472115,0,0
0,0,0.1296935059,1.567445664,0,0
0,0,0.3914041358,2.617106299,1,0
0,0,0.7009840281,3.095798924,1,0
0,0,1.105027522,4.040434942,2,-1
1,1,1.605254123,5.002266008
0,0,0,0,2,0
0,0,-0.08583238532,-0.8583238532,1,0
0,0,-0.1886644111,-1.028320258,1,0
0,0,-0.3378521291,-1.49187718,1,0
0,0,-0.5302716237,-1.924194945,0,0
0,0,-0.7305609349,-2.002893112,2,0
0,0,-1.099275049,-3.687141141,2,-1
1,1,-1.625629849,-5.263547995
0,0,0,0,1,0
0,0,-0.006427620467,-0.06427620467,2,0
0,0,-0.09308429932,-0.8665667885,2,0
0,0,-0.2870571573,-1.93972858,1,0
0,0,-0.5365029663,-2.49445809,1,0
0,0,-0.8596040845,-3.231011182,2,0
0,0,-1.34595268,-4.863485956,1,-1
1,1,-1.970105908,-6.241532277
0,0,0,0,2,0
0,0,-0.1057539063,-1.057539063,0,0
0,0,-0.1550947338,-0.4934082757,2,0
0,0,-0.324826452,-1.697317181,2,0
0,0,-0.640343277,-3.15516825,1,0
0,0,-1.051100379,-4.10757102,2,-1
1,1,-1.626191532,-5.750911528
0,0,0,0,0,0
0,0,0.1047681976,1.047681976,0,0
0,0,0.3190446921,2.142764944,2,0
0,0,0.5110772876,1.920325956,2,0
0,0,0.6998439295,1.887666419,1,0
0,0,1.000686947,3.008430178,2,0
0,0,1.379345967,3.786590192,1,-1
1,1,1.899566132,5.202201653
0,0,0,0,2,0
0,0,-0.08429354955,-0.8429354955,1,0
0,0,-0.1682766814,-0.839831318,0,0
0,0,-0.1835185324,-0.15241851,2,0
0,0,-0.3055715229,-1.220529905,2,0
0,0,-0.5633278551,-2.577563322,2,0
0,0,-0.9825439141,-4.19216059,0,0
0,0,-1.474588894,-4.920449803,1,-1
1,1,-2.108451154,-6.338622591
0,0,0,0,1,0
0,0,-0.01665241113,-0.1665241113,2,0
0,0,-0.1094175033,-0.9276509222,2,0
0,0,-0.307904718,-1.984872146,1,0
0,0,-0.569789764,-2.61885046,0,0
0,0,-0.846697126,-2.769073621,2,0
0,0,-1.284698151,-4.380010245,0,-1
1,1,-1.835507249,-5.508090982
0,0,0,0,2,0
0,0,-0.09393055792,-0.9393055792,1,0
0,0,-0.207703952,-1.137733941,0,0
0,0,-0.2818906155,-0.7418666344,0,0
0,0,-0.3295872552,-0.4769663974,1,0
0,0,-0.4169065628,-0.8731930763,2,0
0,0,-0.6587425907,-2.418360279,2,0
0,0,-1.055596214,-3.968536229,2,-1
1,1,-1.608891922,-5.532957088
0,0,0,0,2,0
0,0,-0.09074180571,-0.9074180571,1,0
0,0,-0.1845484596,-0.938066539,1,0
0,0,-0.3058751279,-1.213266682,2,0
0,0,-0.5472876664,-2.414125385,1,0
0,0,-0.8580920204,-3.108043541,2,0
0,0,-1.326220924,-4.681289031,2,-1
1,1,-1.950155976,-6.239350526
