2,1,1
0,0,0,0,1,0
0,0,0.009739316338,0.09739316338,2,0
0,0,-0.07251286955,-0.8225218589,2,0
0,0,-0.2545040344,-1.819911648,1,0
0,0,-0.4920384674,-2.37534433,2,0
0,0,-0.8732235165,-3.811850491,0,0
0,0,-1.305256591,-4.320330743,0,-1
1,1,-1.855461255,-5.502046636
0,0,0,0,0,0
0,0,0.08757188566,0.8757188566,0,0
0,0,0.2914114716,2.038395859,0,0
0,0,0.6235621907,3.321507191,2,0
0,0,0.9634540012,3.398918105,2,0
0,0,1.376299035,4.128450334,1,-1
1,1,1.928522702,5.522236669
0,0,0,0,2,0
0,0,-0.1050244421,-1.050244421,1,0
0,0,-0.2241191967,-1.190947546,2,0
0,0,-0.4658963949,-2.417771981,1,0
0,0,-0.7703405282,-3.044441334,0,0
0,0,-1.11381671,-3.434761815,1,-1
1,1,-1.5903406,-4.765238901
0,0,0,0,0,0
0,0,0.09262430355,0.9262430355,1,0
0,0,0.2125415611,1.199172575,1,0
0,0,0.3594310017,1.468894406,0,0
0,0,0.6494247211,2.899937194,1,0
0,0,1.036335638,3.869109164,2,0
0,0,1.497069439,4.607338014,1,-1
1,1,2.101307704,6.042382651
0,0,0,0,1,0
0,0,0.007076815103,0.07076815103,1,0
0,0,0.01925762355,0.1218080845,2,0
0,0,-0.03942131019,-0.5867893374,2,0
0,0,-0.1833121739,-1.438908637,1,0
0,0,-0.3631525919,-1.79840418,0,0
0,0,-0.5087567488,-1.45604157,2,0
0,0,-0.8195849665,-3.108282177,2,0
0,0,-1.289835697,-4.702507303,2,-1
1,1,-1.911585286,-6.217495897
0,0,0,0,1,0
0,0,-0.0002460058599,-0.002460058599,2,0
0,0,-0.0972722822,-0.9702627634,2,0
0,0,-0.3142774377,-2.170051555,1,0
0,0,-0.5916068907,-2.773294531,1,0
0,0,-0.9561718261,-3.645649354,0,0
0,0,-1.382873034,-4.26701208,1,-1
1,1,-1.948329043,-5.654560087
0,0,0,0,1,0
0,0,0.01588957784,0.1588957784,2,0
0,0,-0.05058847175,-0.6647804959,2,0
0,0,-0.201483591,-1.508951193,2,0
0,0,-0.4566254735,-2.551418825,0,0
0,0,-0.6997177956,-2.43092322,1,0
0,0,-1.053503431,-3.537856353,1,0
0,0,-1.536293203,-4.827897721,1,-1
1,1,-2.164577202,-6.282839989
0,0,0,0,2,0
0,0,-0.1052415241,-1.052415241,2,0
0,0,-0.3062119377,-2.009704137,2,0
0,0,-0.6337228599,-3.275109221,1,0
0,0,-1.054212511,-4.204896513,2,-1
1,1,-1.640531422,-5.863189112
0,0,0,0,0,0
0,0,0.08507043955,0.8507043955,1,0
0,0,0.1719922377,0.8692179815,0,0
0,0,0.3681305088,1.961382711,2,0
0,0,0.5540228406,1.858923318,0,0
0,0,0.882614146,3.285913054,1,0
0,0,1.320440491,4.378263452,2,-1
1,1,1.874439549,5.539990576
0,0,0,0,1,0
0,0,0.009751800488,0.09751800488,1,0
0,0,0.0236639903,0.1391218981,1,0
0,0,0.03861066829,0.1494667799,0,0
0,0,0.1492635899,1.106529216,1,0
0,0,0.2764875646,1.272239746,0,0
0,0,0.5399325067,2.634449422,1,0
0,0,0.877898096,3.379655893,0,0
0,0,1.386764493,5.088663967,2,-1
1,1,2.017715934,6.309514408
0,0,0,0,1,0
0,0,0.01179131817,0.1179131817,2,0
0,0,-0.05800479138,-0.6979610954,1,0
0,0,-0.146680585,-0.8867579364,2,0
0,0,-0.3357012405,-1.890206555,0,0
0,0,-0.504631911,-1.689306705,2,0
0,0,-0.8124241065,-3.077921955,1,0
0,0,-1.227462113,-4.150380063,0,-1
1,1,-1.748418167,-5.209560538
0,0,0,0,0,0
0,0,0.07940076002,0.7940076002,1,0
0,0,0.1882434249,1.088426649,0,0
0,0,0.4246815327,2.364381078,0,0
0,0,0.8159577916,3.912762589,1,0
0,0,1.318682459,5.027246671,1,-1
1,1,1.954697344,6.360148852
0,0,0,0,1,0
0,0,-0.009123667203,-0.09123667203,0,0
0,0,0.05448276508,0.6360643229,0,0
0,0,0.2138099346,1.593271696,2,0
0,0,0.3258133296,1.12003395,0,0
0,0,0.558355947,2.325426173,2,0
0,0,0.7996268806,2.412709336,2,0
0,0,1.091444666,2.918177859,2,0
0,0,1.478458471,3.870138048,0,-1
1,1,2.017467862,5.390093909
0,0,0,0,1,0
0,0,0.01465589482,0.1465589482,1,0
0,0,0.04423082847,0.2957493365,0,0
0,0,0.1728069155,1.285760871,2,0
0,0,0.2461014343,0.7329451873,0,0
0,0,0.4571472102,2.110457759,2,0
0,0,0.6508257792,1.936785691,0,0
0,0,0.9985070266,3.476812474,1,0
0,0,1.471712587,4.732055607,0,-1
1,1,2.096828383,6.251157953
0,0,0,0,0,0
0,0,0.07519219153,0.7519219153,2,0
0,0,0.06986387151,-0.05328320027,1,0
0,0,0.07633072011,0.06466848603,2,0
0,0,0.006015013404,-0.7031570671,0,0
0,0,0.03918221911,0.3316720571,1,0
0,0,0.06992821355,0.3074599444,1,0
0,0,0.1125930347,0.426648211,1,0
0,0,0.158383999,0.4579096434,2,0
0,0,0.1420917926,-0.1629220635,2,0
0,0,0.05341560622,-0.8867618643,0,0
0,0,0.07817256898,0.2475696276,2,0
0,0,0.04555341855,-0.3261915043,2,0
0,0,-0.06336975428,-1.089231728,0,0
0,0,-0.1093898989,-0.4602014462,0,0
0,0,-0.09659578011,0.127941188,1,0
0,0,-0.09805368634,-0.01457906229,0,0
0,0,-0.02368633234,0.74367354,0,0
0,0,0.1263234573,1.500097896,1,0
0,0,0.3015427551,1.752192978,1,0
0,0,0.5317903178,2.302475627,1,0
0,0,0.8344901494,3.026998316,1,0
0,0,1.238104515,4.036143653,1,-1
1,1,1.770521886,5.324173715
0,0,0,0,2,0
0,0,-0.09260431146,-0.9260431146,0,0
0,0,-0.1220743336,-0.2947002211,1,0
0,0,-0.1742354688,-0.521611352,2,0
0,0,-0.3334877659,-1.592522971,0,0
0,0,-0.4758646691,-1.423769033,2,0
0,0,-0.7675118596,-2.916471905,0,0
0,0,-1.098022019,-3.305101597,0,0
0,0,-1.517578524,-4.195565048,2,-1
1,1,-2.086710322,-5.691317977
0,0,0,0,1,0
0,0,0.00294984759,0.0294984759,0,0
0,0,0.1062461372,1.032962896,1,0
0,0,0.2299533466,1.237072094,0,0
0,0,0.4606769422,2.307235956,2,0
0,0,0.6916548458,2.309779035,0,0
0,0,1.096294001,4.046391557,1,-1
1,1,1.62628248,5.299884788
0,0,0,0,1,0
0,0,0.002526466941,0.02526466941,2,0
0,0,-0.09182124875,-0.9434771569,1,0
0,0,-0.2132000347,-1.21378786,0,0
0,0,-0.2928893738,-0.7968933909,1,0
0,0,-0.427622455,-1.347330812,2,0
0,0,-0.7022352815,-2.746128265,0,0
0,0,-1.016035822,-3.138005401,2,0
0,0,-1.493005987,-4.769701649,0,-1
1,1,-2.109181795,-6.161758086
0,0,0,0,2,0
0,0,-0.07070108772,-0.7070108772,1,0
0,0,-0.1455012873,-0.748001996,0,0
0,0,-0.1564261138,-0.1092482652,2,0
0,0,-0.2790370329,-1.226109191,1,0
0,0,-0.4336888076,-1.546517747,2,0
0,0,-0.7409071237,-3.072183161,0,0
0,0,-1.090091556,-3.491844321,2,-1
1,1,-1.598523463,-5.084319068
0,0,0,0,0,0
0,0,0.1057926883,1.057926883,2,0
0,0,0.1475507403,0.4175805206,2,0
0,0,0.1318149774,-0.1573576294,1,0
0,0,0.1435616135,0.117466361,0,0
0,0,0.255395861,1.118342475,1,0
0,0,0.4068343431,1.514384821,2,0
0,0,0.5593978779,1.525635348,2,0
0,0,0.7378576779,1.784597999,1,0
0,0,1.019775449,2.819177715,1,0
0,0,1.426781332,4.070058826,1,-1
1,1,1.975192916,5.484115838
0,0,0,0,1,0
0,0,0.01460255731,0.1460255731,2,0
0,0,-0.06908184016,-0.8368439746,1,0
0,0,-0.1735370875,-1.044552473,2,0
0,0,-0.4076196517,-2.340825642,0,0
0,0,-0.6107821298,-2.031624782,2,0
0,0,-0.9622681331,-3.514860033,1,0
0,0,-1.42782139,-4.655532566,1,-1
1,1,-2.032958869,-6.051374795
0,0,0,0,1,0
0,0,-0.01408221719,-0.1408221719,0,0
0,0,0.06912953688,0.8321175407,2,0
0,0,0.06047426375,-0.08655273124,0,0
0,0,0.1375312386,0.7705697486,2,0
0,0,0.1619584245,0.2442718587,0,0
0,0,0.3136610536,1.517026291,1,0
0,0,0.5268965758,2.132355222,2,0
0,0,0.7450547244,2.181581486,1,0
0,0,1.070120775,3.250660502,2,0
0,0,1.479026594,4.089058193,0,-1
1,1,2.038066535,5.590399408
0,0,0,0,1,0
0,0,-0.0009776202287,-0.009776202287,2,0
0,0,-0.08797517318,-0.8699755295,1,0
0,0,-0.2013475069,-1.133723338,0,0
0,0,-0.2599169879,-0.5856948095,1,0
0,0,-0.3729196951,-1.130027072,2,0
0,0,-0.6387626531,-2.65842958,0,0
0,0,-0.9248924895,-2.861298364,1,0
0,0,-1.335896712,-4.110042221,0,-1
1,1,-1.869697052,-5.338003407
0,0,0,0,2,0
0,0,-0.09159700349,-0.9159700349,1,0
0,0,-0.1955475479,-1.039505444,2,0
0,0,-0.4256506614,-2.301031136,1,0
0,0,-0.7076088876,-2.819582262,2,0
0,0,-1.143562008,-4.359531203,0,-1
1,1,-1.675948135,-5.323861267
0,0,0,0,2,0
0,0,-0.08101682557,-0.8101682557,2,0
0,0,-0.2575748115,-1.765579859,1,0
0,0,-0.4765280641,-2.189532526,2,0
0,0,-0.8435751493,-3.670470852,0,0
0,0,-1.260091274,-4.165161242,1,-1
1,1,-1.813845215,-5.537539413
0,0,0,0,1,0
0,0,-0.01027405038,-0.1027405038,0,0
0,0,0.04984768728,0.6012173766,1,0
0,0,0.1096363955,0.5978870824,0,0
0,0,0.2678598654,1.582234698,1,0
0,0,0.4784143944,2.105545291,1,0
0,0,0.7675159585,2.89101564,0,0
0,0,1.222182192,4.546662339,2,-1
1,1,1.782325503,5.601433107
0,0,0,0,0,0
0,0,0.07568501268,0.7568501268,0,0
0,0,0.2425759655,1.668909528,2,0
0,0,0.3484485212,1.058725557,2,0
0,0,0.4276401339,0.7919161266,1,0
0,0,0.5898322609,1.62192127,0,0
0,0,0.9083769369,3.18544676,1,0
0,0,1.342119672,4.337427352,1,-1
1,1,1.913237497,5.711178248
0,0,0,0,2,0
0,0,-0.08434638891,-0.8434638891,0,0
0,0,-0.09591626277,-0.1156987386,2,0
0,0,-0.2205345249,-1.246182622,1,0
0,0,-0.3956557367,-1.751212117,2,0
0,0,-0.6987832922,-3.031275555,2,0
0,0,-1.166328929,-4.675456363,1,-1
1,1,-1.75622053,-5.898916018
0,0,0,0,1,0
0,0,-0.01054007786,-0.1054007786,0,0
0,0,0.07386109436,0.8440117222,0,0
0,0,0.2415815435,1.677204492,0,0
0,0,0.5288709706,2.872894271,1,0
0,0,0.898618202,3.697472315,2,0
0,0,1.336133415,4.375152134,0,-1
1,1,1.931098471,5.949650555
0,0,0,0,1,0
0,0,-0.004575003364,-0.04575003364,2,0
0,0,-0.1154467048,-1.108717015,2,0
0,0,-0.3396922364,-2.242455316,2,0
0,0,-0.6909982364,-3.513060001,0,0
0,0,-1.075188571,-3.841903344,0,0
0,0,-1.551798701,-4.766101299,2,-1
1,1,-2.176452758,-6.246540568
0,0,0,0,2,0
0,0,-0.100221728,-1.00221728,0,0
0,0,-0.1438448065,-0.4362307848,1,0
0,0,-0.2085416569,-0.6469685035,1,0
0,0,-0.3239962727,-1.154546158,1,0
0,0,-0.4943127094,-1.703164367,0,0
0,0,-0.6733618032,-1.790490938,0,0
0,0,-0.87964522,-2.062834168,1,0
0,0,-1.211758764,-3.321135436,2,-1
1,1,-1.702468704,-4.907099402
0,0,0,0,2,0
0,0,-0.07210461523,-0.7210461523,1,0
0,0,-0.1600231748,-0.8791855955,0,0
0,0,-0.2036511907,-0.4362801593,2,0
0,0,-0.3610797472,-1.574285565,0,0
0,0,-0.5070808944,-1.460011472,2,0
0,0,-0.8203762336,-3.132953391,0,0
0,0,-1.17793048,-3.57554246,0,-1
1,1,-1.639265336,-4.613348567
0,0,0,0,1,0
0,0,0.009913104084,0.09913104084,2,0
0,0,-0.07964722808,-0.8956033217,0,0
0,0,-0.08973973252,-0.1009250444,0,0
0,0,-0.02443429631,0.6530543621,2,0
0,0,-0.04331994497,-0.1888564866,2,0
0,0,-0.170806521,-1.27486576,1,0
0,0,-0.3238797371,-1.530732162,0,0
0,0,-0.4563455404,-1.324658033,0,0
0,0,-0.5848650264,-1.28519486,2,0
0,0,-0.8612835059,-2.764184795,1,0
0,0,-1.248506652,-3.872231459,2,-1
1,1,-1.790296376,-5.417897241
0,0,0,0,0,0
0,0,0.08359536515,0.8359536515,1,0
0,0,0.1952908467,1.116954815,0,0
0,0,0.4319064751,2.366156284,0,0
0,0,0.8034899883,3.715835132,0,0
0,0,1.324679378,5.211893894,1,-1
1,1,1.980944845,6.562654674
0,0,0,0,1,0
0,0,-0.01650418704,-0.1650418704,0,0
0,0,0.04141471924,0.5791890628,2,0
0,0,0.01763211458,-0.2378260466,2,0
0,0,-0.08693609091,-1.045682055,0,0
0,0,-0.1088312476,-0.2189515664,1,0
0,0,-0.1531600465,-0.4432879894,1,0
0,0,-0.2095781181,-0.564180716,1,0
0,0,-0.3127265755,-1.031484574,2,0
0,0,-0.5530867886,-2.403602131,0,0
0,0,-0.7899683922,-2.368816036,2,0
0,0,-1.200644627,-4.106762345,2,-1
1,1,-1.766088528,-5.654439009
0,0,0,0,1,0
0,0,-0.009618992523,-0.09618992523,2,0
0,0,-0.09420537387,-0.8458638135,0,0
0,0,-0.09655403448,-0.02348660601,1,0
0,0,-0.1087671834,-0.1221314889,0,0
0,0,-0.05255007895,0.5621710442,2,0
0,0,-0.090863962,-0.3831388304,0,0
0,0,-0.05912902659,0.3173493541,1,0
0,0,-0.03277800866,0.2635101793,2,0
0,0,-0.0912431203,-0.5846511164,2,0
0,0,-0.2365377018,-1.452945815,1,0
0,0,-0.4362933243,-1.997556225,0,0
0,0,-0.6251045922,-1.888112679,1,0
0,0,-0.9107620735,-2.856574813,2,0
0,0,-1.361535768,-4.50773695,0,-1
1,1,-1.936084818,-5.745490495
0,0,0,0,2,0
0,0,-0.0863267985,-0.863267985,0,0
0,0,-0.09030473734,-0.0397793884,0,0
0,0,-0.01403591956,0.7626881777,2,0
0,0,-0.02272991446,-0.08693994893,0,0
0,0,0.0533315503,0.7606146476,1,0
0,0,0.1329752381,0.7964368781,2,0
0,0,0.1583428986,0.2536766051,1,0
0,0,0.2210834869,0.6274058832,2,0
0,0,0.2404855343,0.194020474,1,0
0,0,0.2976439405,0.5715840619,0,0
0,0,0.4721108741,1.744669336,1,0
0,0,0.7105746472,2.384637731,0,0
0,0,1.12179057,4.112159227,1,-1
1,1,1.658892673,5.371021029
0,0,0,0,2,0
0,0,-0.08819767108,-0.8819767108,2,0
0,0,-0.2793548665,-1.911571954,0,0
0,0,-0.4384827792,-1.591279127,0,0
0,0,-0.588657055,-1.501742758,0,0
0,0,-0.7566735362,-1.680164812,1,0
0,0,-1.040740875,-2.840673392,0,0
0,0,-1.417833879,-3.77093004,1,-1
1,1,-1.939717603,-5.218837231
0,0,0,0,0,0
0,0,0.09638649407,0.9638649407,0,0
0,0,0.2977950478,2.014085537,2,0
0,0,0.4592774608,1.61482413,0,0
0,0,0.7693283834,3.100509227,1,0
0,0,1.188560852,4.192324683,2,-1
1,1,1.712128972,5.235681203
0,0,0,0,1,0
0,0,0.01690377772,0.1690377772,0,0
0,0,0.1264274089,1.095236312,2,0
0,0,0.169962072,0.4353466312,2,0
0,0,0.1579473069,-0.1201476509,1,0
0,0,0.184965284,0.2701797708,0,0
0,0,0.3201435779,1.351782939,1,0
0,0,0.52166893,2.015253521,2,0
0,0,0.7397194755,2.180505456,2,0
0,0,1.004530895,2.648114196,1,0
0,0,1.397689236,3.931583409,1,-1
1,1,1.932694668,5.350054321
0,0,0,0,2,0
0,0,-0.1032646914,-1.032646914,1,0
0,0,-0.2127860447,-1.095213533,0,0
0,0,-0.2857999844,-0.7301393973,2,0
0,0,-0.4939585397,-2.081585553,0,0
0,0,-0.7118370378,-2.17878498,1,0
0,0,-1.038332194,-3.264951562,1,0
0,0,-1.486096369,-4.477641745,2,-1
1,1,-2.08403949,-5.979431211
0,0,0,0,1,0
0,0,-0.01248124534,-0.1248124534,2,0
0,0,-0.1307138348,-1.182325895,0,0
0,0,-0.1998878147,-0.6917397993,0,0
0,0,-0.2014861969,-0.01598382109,1,0
0,0,-0.2315442566,-0.3005805978,0,0
0,0,-0.2204019406,0.1114231602,1,0
0,0,-0.2363304315,-0.1592849085,2,0
0,0,-0.3618956713,-1.255652398,1,0
0,0,-0.5508852405,-1.889895692,1,0
0,0,-0.8180083935,-2.671231529,0,0
0,0,-1.13156723,-3.135588369,1,-1
1,1,-1.571753446,-4.401862154
0,0,0,0,2,0
0,0,-0.08222487476,-0.8222487476,1,0
0,0,-0.1878523696,-1.056274948,0,0
0,0,-0.2353578116,-0.4750544208,1,0
0,0,-0.3236199867,-0.8826217504,1,0
0,0,-0.4816207842,-1.580007975,2,0
0,0,-0.8041085059,-3.224877217,0,0
0,0,-1.182216559,-3.781080528,1,-1
1,1,-1.696422275,-5.142057161
0,0,0,0,0,0
0,0,0.09751113239,0.9751113239,1,0
0,0,0.2082979575,1.107868251,1,0
0,0,0.3381684711,1.298705136,1,0
0,0,0.5285826217,1.904141506,0,0
0,0,0.8742021149,3.456194932,0,0
0,0,1.386073466,5.118713508,1,-1
1,1,2.037177039,6.51103573
0,0,0,0,2,0
0,0,-0.08752302709,-0.8752302709,2,0
0,0,-0.2649036376,-1.773806105,1,0
0,0,-0.4984649364,-2.335612988,0,0
0,0,-0.7367774183,-2.383124819,2,0
0,0,-1.135605369,-3.988279506,1,-1
1,1,-1.655823935,-5.202185665
0,0,0,0,0,0
0,0,0.07540901713,0.7540901713,1,0
0,0,0.150854022,0.7544500488,1,0
0,0,0.2464055496,0.9555152756,1,0
0,0,0.3960496352,1.496440856,0,0
0,0,0.6983251058,3.022754707,0,0
0,0,1.164195562,4.658704565,2,-1
1,1,1.728596565,5.64401003
0,0,0,0,1,0
0,0,-0.001124557372,-0.01124557372,2,0
0,0,-0.08972809809,-0.8860354072,2,0
0,0,-0.2644094478,-1.746813498,1,0
0,0,-0.478601136,-2.141916881,0,0
0,0,-0.6774466972,-1.988455612,1,0
0,0,-0.9693589977,-2.919123005,2,0
0,0,-1.430139846,-4.607808488,1,-1
1,1,-2.031255784,-6.01115938
0,0,0,0,2,0
0,0,-0.07718329269,-0.7718329269,0,0
0,0,-0.09521092201,-0.1802762932,2,0
0,0,-0.2037032501,-1.084923281,2,0
0,0,-0.4347192878,-2.310160377,0,0
0,0,-0.6400386875,-2.053193997,0,0
0,0,-0.8633246392,-2.232859517,0,0
0,0,-1.144983256,-2.816586166,2,-1
1,1,-1.589297999,-4.443147428
0,0,0,0,0,0
0,0,0.08081045914,0.8081045914,2,0
0,0,0.08211323249,0.01302773354,2,0
0,0,0.01696128488,-0.6515194761,0,0
0,0,0.02706929981,0.1010801493,0,0
0,0,0.1447530201,1.176837202,0,0
0,0,0.365487114,2.20734094,0,0
0,0,0.7273851454,3.618980313,0,0
0,0,1.235883372,5.08498227,1,-1
1,1,1.872635306,6.367519341
0,0,0,0,2,0
0,0,-0.08447155998,-0.8447155998,2,0
0,0,-0.268654678,-1.841831181,0,0
0,0,-0.4238758306,-1.552211526,2,0
0,0,-0.7109009389,-2.870251082,2,0
0,0,-1.16511149,-4.542105509,2,-1
1,1,-1.773921036,-6.088095459
0,0,0,0,0,0
0,0,0.07515056589,0.7515056589,0,0
0,0,0.2514868159,1.7633625,0,0
0,0,0.5530286182,3.015418023,1,0
0,0,0.9468567582,3.9382814,0,0
0,0,1.50095328,5.540965222,1,-1
1,1,2.197776542,6.968232619
0,0,0,0,1,0
0,0,0.01584368782,0.1584368782,2,0
0,0,-0.06213210564,-0.7797579346,1,0
0,0,-0.1415687332,-0.7943662758,2,0
0,0,-0.3272641265,-1.856953933,0,0
0,0,-0.4963097897,-1.690456632,0,0
0,0,-0.6630111071,-1.667013174,2,0
0,0,-0.9853356124,-3.223245053,2,0
0,0,-1.479814314,-4.944787018,2,-1
1,1,-2.123427155,-6.436128411
0,0,0,0,2,0
0,0,-0.08579723273,-0.8579723273,2,0
0,0,-0.2614113666,-1.756141339,1,0
0,0,-0.4792943692,-2.178830026,1,0
0,0,-0.7565877061,-2.772933369,0,0
0,0,-1.088033513,-3.314458066,1,0
0,0,-1.542315761,-4.54282248,0,-1
1,1,-2.140376956,-5.980611952
0,0,0,0,1,0
0,0,0.01406095914,0.1406095914,1,0
0,0,0.03731382836,0.2325286921,0,0
0,0,0.1387458657,1.014320373,2,0
0,0,0.1749634906,0.3621762499,2,0
0,0,0.1621430482,-0.1282044243,2,0
0,0,0.09530917715,-0.6683387107,2,0
0,0,-0.05544443056,-1.507536077,2,0
0,0,-0.3172556401,-2.618112096,2,0
0,0,-0.7194949833,-4.022393432,2,0
0,0,-1.278397849,-5.589028657,1,-1
1,1,-1.968402088,-6.900042385
0,0,0,0,0,0
0,0,0.1035554342,1.035554342,1,0
0,0,0.223271566,1.197161318,1,0
0,0,0.3921306226,1.688590566,0,0
0,0,0.6884795043,2.963488817,2,0
0,0,1.02757945,3.390999461,1,0
0,0,1.495950583,4.683711325,0,-1
1,1,2.11328845,6.173378671
0,0,0,0,1,0
0,0,-0.008320354967,-0.08320354967,2,0
0,0,-0.09772089231,-0.8940053735,0,0
0,0,-0.1186553201,-0.209344278,1,0
0,0,-0.1635782577,-0.4492293759,1,0
0,0,-0.2440887302,-0.8051047245,1,0
0,0,-0.3510093457,-1.069206155,2,0
0,0,-0.5847205828,-2.337112371,0,0
0,0,-0.841545465,-2.568248822,1,0
0,0,-1.218636551,-3.770910863,2,-1
1,1,-1.75111533,-5.324787786
0,0,0,0,2,0
0,0,-0.07872033232,-0.7872033232,0,0
0,0,-0.07098033108,0.07740001248,1,0
0,0,-0.06824115702,0.02739174057,1,0
0,0,-0.07438774346,-0.06146586444,0,0
0,0,0.001290724208,0.7567846767,1,0
0,0,0.08066661757,0.7937589336,2,0
0,0,0.07457015527,-0.060964623,1,0
0,0,0.08197494357,0.07404788294,0,0
0,0,0.205591487,1.236165434,0,0
0,0,0.4623676362,2.567761492,0,0
0,0,0.8559461036,3.935784674,2,0
0,0,1.299884759,4.439386556,1,-1
1,1,1.878413908,5.78529149
0,0,0,0,2,0
0,0,-0.1033958577,-1.033958577,2,0
0,0,-0.3138925222,-2.104966646,0,0
0,0,-0.5038526408,-1.899601186,2,0
0,0,-0.8503607154,-3.465080746,0,0
0,0,-1.258417476,-4.080567603,0,-1
1,1,-1.775988901,-5.175714252
0,0,0,0,2,0
0,0,-0.0708057363,-0.708057363,2,0
0,0,-0.2296381145,-1.588323782,1,0
0,0,-0.4269478388,-1.973097243,1,0
0,0,-0.6980987221,-2.711508833,0,0
0,0,-0.997871761,-2.997730389,2,0
0,0,-1.462919827,-4.650480663,2,-1
1,1,-2.079921794,-6.170019663
0,0,0,0,0,0
0,0,0.07777796446,0.7777796446,1,0
0,0,0.1663596189,0.8858165446,0,0
0,0,0.3724906852,2.061310663,0,0
0,0,0.7125866805,3.400959953,1,0
0,0,1.145464654,4.328779734,0,-1
1,1,1.742167754,5.967030999
0,0,0,0,1,0
0,0,0.0001440170814,0.001440170814,2,0
0,0,-0.08540233573,-0.8554635281,1,0
0,0,-0.1894223629,-1.040200272,2,0
0,0,-0.4094805225,-2.200581596,0,0
0,0,-0.6004445167,-1.909639942,1,0
0,0,-0.8722533302,-2.718088135,0,0
0,0,-1.211393469,-3.391401393,0,-1
1,1,-1.655487038,-4.44093568
0,0,0,0,2,0
0,0,-0.08824393501,-0.8824393501,1,0
0,0,-0.204638008,-1.16394073,0,0
0,0,-0.2637068066,-0.5906879864,0,0
0,0,-0.2877393492,-0.240325426,2,0
0,0,-0.4342163892,-1.464770399,1,0
0,0,-0.651244356,-2.170279668,0,0
0,0,-0.8890527363,-2.378083803,2,0
0,0,-1.295454723,-4.064019872,1,-1
1,1,-1.83569843,-5.402437064
0,0,0,0,0,0
0,0,0.07187574555,0.7187574555,0,0
0,0,0.2586452535,1.867695079,0,0
0,0,0.5877834863,3.291382328,2,0
0,0,0.9423779988,3.545945125,0,0
0,0,1.459068124,5.166901253,0,-1
1,1,2.12540415,6.663360263
0,0,0,0,2,0
0,0,-0.08918288081,-0.8918288081,1,0
0,0,-0.2036594214,-1.144765406,1,0
0,0,-0.3646807296,-1.610213082,0,0
0,0,-0.4980568546,-1.333761251,1,0
0,0,-0.7227756713,-2.247188166,0,0
0,0,-0.9795771705,-2.568014992,1,0
0,0,-1.353058555,-3.734813845,0,-1
1,1,-1.848048619,-4.94990064
0,0,0,0,2,0
0,0,-0.08010129755,-0.8010129755,1,0
0,0,-0.173658926,-0.9355762842,0,0
0,0,-0.2209338432,-0.4727491727,2,0
0,0,-0.3768012285,-1.558673853,0,0
0,0,-0.4988724407,-1.220712122,2,0
0,0,-0.7740515194,-2.751790786,1,0
0,0,-1.14356348,-3.695119608,1,-1
1,1,-1.636130467,-4.925669872
0,0,0,0,1,0
0,0,0.01037881144,0.1037881144,0,0
0,0,0.09857037093,0.8819155949,1,0
0,0,0.1863418474,0.8777147649,1,0
0,0,0.3173663566,1.310245091,0,0
0,0,0.5876310966,2.702647401,0,0
0,0,1.011215229,4.235841328,0,-1
1,1,1.588954294,5.777390645
0,0,0,0,2,0
0,0,-0.07088511859,-0.7088511859,1,0
0,0,-0.149958153,-0.790730344,2,0
0,0,-0.3304625465,-1.805043935,0,0
0,0,-0.4724895584,-1.420270119,2,0
0,0,-0.7546414503,-2.821518918,0,0
0,0,-1.073802041,-3.191605902,0,0
0,0,-1.489408988,-4.156069478,0,-1
1,1,-2.042938715,-5.535297262
0,0,0,0,1,0
0,0,-0.01595232596,-0.1595232596,0,0
0,0,0.04475942035,0.6071174631,2,0
0,0,0.02187263946,-0.2288678088,0,0
0,0,0.104594624,0.8272198454,1,0
0,0,0.1904464808,0.8585185681,0,0
0,0,0.3812210767,1.907745958,1,0
0,0,0.6430555925,2.618345158,2,0
0,0,0.9371443673,2.940887748,1,0
0,0,1.350231221,4.13086854,2,-1
1,1,1.888247578,5.380163564
0,0,0,0,0,0
0,0,0.09298903523,0.9298903523,1,0
0,0,0.186524756,0.9353572078,1,0
0,0,0.2949398645,1.084151085,2,0
0,0,0.3623769337,0.6743706917,2,0
0,0,0.4088744094,0.4649747578,0,0
0,0,0.6023508686,1.934764591,2,0
0,0,0.8116031802,2.092523116,0,0
0,0,1.185813735,3.742105546,2,-1
1,1,1.659274909,4.734611745
0,0,0,0,0,0
0,0,0.08524187285,0.8524187285,0,0
0,0,0.2677356648,1.824937919,1,0
0,0,0.4911035154,2.233678507,0,0
0,0,0.8788743692,3.877708537,2,0
0,0,1.316025772,4.371514023,0,-1
1,1,1.911113525,5.950877537
0,0,0,0,1,0
0,0,0.005911093905,0.05911093905,0,0
0,0,0.1108578715,1.049467776,2,0
0,0,0.1538193103,0.4296143876,0,0
0,0,0.3205227988,1.667034885,0,0
0,0,0.6261166987,3.055938999,1,0
0,0,1.031298698,4.051819988,2,0
0,0,1.510986481,4.796877839,0,-1
1,1,2.140273373,6.292868913
0,0,0,0,1,0
0,0,-0.00214407285,-0.0214407285,2,0
0,0,-0.1070129193,-1.048688464,2,0
0,0,-0.3182013559,-2.111884366,1,0
0,0,-0.594623468,-2.764221121,1,0
0,0,-0.950127836,-3.55504368,2,0
0,0,-1.476885989,-5.267581528,0,-1
1,1,-2.13946104,-6.625750516
0,0,0,0,2,0
0,0,-0.1005221531,-1.005221531,2,0
0,0,-0.2947956312,-1.942734781,0,0
0,0,-0.4499998672,-1.55204236,2,0
0,0,-0.7468528638,-2.968529965,2,0
0,0,-1.210602107,-4.637492436,1,-1
1,1,-1.803014353,-5.924122457
0,0,0,0,1,0
0,0,-0.003909044691,-0.03909044691,1,0
0,0,0.006899829201,0.1080887389,2,0
0,0,-0.07955796367,-0.8645779287,1,0
0,0,-0.1839021745,-1.043442108,0,0
0,0,-0.2402457307,-0.5634355628,2,0
0,0,-0.4263841722,-1.861384415,0,0
0,0,-0.614210968,-1.878267957,0,0
0,0,-0.8235724087,-2.093614407,1,0
0,0,-1.152492902,-3.289204932,2,-1
1,1,-1.638923597,-4.864306951
0,0,0,0,0,0
0,0,0.07321881142,0.7321881142,2,0
0,0,0.08012442092,0.06905609497,1,0
0,0,0.09327298272,0.131485618,1,0
0,0,0.1287613746,0.354883919,2,0
0,0,0.102144824,-0.2661655062,1,0
0,0,0.08721766346,-0.1492716054,2,0
0,0,0.0164164331,-0.7080123036,0,0
0,0,0.0283337052,0.1191727211,0,0
0,0,0.1291730914,1.008393862,2,0
0,0,0.1543950458,0.2522195446,2,0
0,0,0.1028050047,-0.5159004112,1,0
0,0,0.073641876,-0.2916312872,0,0
0,0,0.1340179744,0.6037609841,2,0
0,0,0.1316195586,-0.02398415825,1,0
0,0,0.1598201476,0.2820058904,2,0
0,0,0.1306689178,-0.2915122984,1,0
0,0,0.134981526,0.04312608183,2,0
0,0,0.08186162755,-0.5311989842,0,0
0,0,0.132933369,0.510717414,0,0
0,0,0.2900516772,1.571183083,0,0
0,0,0.5841666202,2.941149429,0,0
0,0,1.042583259,4.584166389,2,-1
1,1,1.580806904,5.382236449
0,0,0,0,0,0
0,0,0.0978075418,0.978075418,1,0
0,0,0.2175595598,1.19752018,0,0
0,0,0.4508143802,2.332548204,2,0
0,0,0.6629128224,2.120984422,0,0
0,0,1.031345995,3.684331727,2,0
0,0,1.484396223,4.530502276,0,-1
1,1,2.086695141,6.022989186
0,0,0,0,1,0
0,0,-0.01716648193,-0.1716648193,0,0
0,0,0.05402228797,0.7118876991,0,0
0,0,0.2147198596,1.606975717,2,0
0,0,0.315173027,1.004531674,2,0
0,0,0.3704455163,0.5527248931,2,0
0,0,0.4197932329,0.4934771655,0,0
0,0,0.6273009964,2.075077635,0,0
0,0,0.9872795367,3.599785404,0,0
0,0,1.502524767,5.152452299,2,-1
1,1,2.156282715,6.537579485
0,0,0,0,1,0
0,0,0.01056973337,0.1056973337,2,0
0,0,-0.08004698905,-0.9061672242,1,0
0,0,-0.175313739,-0.9526674992,0,0
0,0,-0.1990043821,-0.2369064316,0,0
0,0,-0.184546787,0.1445759513,1,0
0,0,-0.1904989513,-0.05952164275,1,0
0,0,-0.2398765541,-0.4937760278,2,0
0,0,-0.426960937,-1.870843829,0,0
0,0,-0.6067808604,-1.798199235,0,0
0,0,-0.8189152566,-2.121343961,0,0
0,0,-1.089625205,-2.707099484,1,0
0,0,-1.489172854,-3.995476489,2,-1
1,1,-2.040446931,-5.512740767
0,0,0,0,0,0
0,0,0.1049203685,1.049203685,2,0
0,0,0.1261876402,0.2126727168,0,0
0,0,0.2517702587,1.255826186,2,0
0,0,0.3326960479,0.8092578914,2,0
0,0,0.372401873,0.3970582512,1,0
0,0,0.4640119416,0.9161006855,0,0
0,0,0.7071131022,2.431011607,0,0
0,0,1.111815441,4.047023384,2,-1
1,1,1.607393023,4.955775821
0,0,0,0,2,0
0,0,-0.0892732016,-0.892732016,1,0
0,0,-0.2087922988,-1.195190972,1,0
0,0,-0.3802015205,-1.714092216,2,0
0,0,-0.7021051745,-3.21903654,1,0
0,0,-1.12617675,-4.240715757,1,-1
1,1,-1.675710655,-5.495339049
0,0,0,0,0,0
0,0,0.07577631906,0.7577631906,0,0
0,0,0.2605253122,1.847489931,0,0
0,0,0.5704110071,3.098856949,2,0
0,0,0.8883961639,3.179851568,1,0
0,0,1.312243348,4.238471843,1,-1
1,1,1.876714438,5.644710902
0,0,0,0,0,0
0,0,0.09837505871,0.9837505871,2,0
0,0,0.1205720544,0.2219699566,2,0
0,0,0.08483253034,-0.3573952404,1,0
0,0,0.0798593972,-0.04973133143,1,0
0,0,0.09445347117,0.1459407397,1,0
0,0,0.1386011222,0.4414765102,0,0
0,0,0.2966767625,1.580756403,1,0
0,0,0.4897585259,1.930817634,1,0
0,0,0.7680321263,2.782736004,1,0
0,0,1.152764279,3.84732153,2,-1
1,1,1.63265454,4.798902603
0,0,0,0,0,0
0,0,0.07802245549,0.7802245549,2,0
0,0,0.08650675801,0.08484302517,2,0
0,0,0.03374870243,-0.5275805558,1,0
0,0,-0.02213827497,-0.558869774,2,0
0,0,-0.1745991889,-1.524609139,1,0
0,0,-0.3675993771,-1.930001883,1,0
0,0,-0.6111024778,-2.435031007,0,0
0,0,-0.8667521852,-2.556497074,0,0
0,0,-1.187725076,-3.209728905,0,-1
1,1,-1.612591231,-4.248661553
0,0,0,0,1,0
0,0,-0.0136556138,-0.136556138,2,0
0,0,-0.1332658563,-1.196102425,0,0
0,0,-0.1869067767,-0.5364092037,0,0
0,0,-0.1990795406,-0.1217276391,1,0
0,0,-0.2361517129,-0.3707217229,2,0
0,0,-0.3935839759,-1.57432263,2,0
0,0,-0.6826852506,-2.891012748,0,0
0,0,-0.9903461191,-3.076608685,2,0
0,0,-1.468795197,-4.78449078,2,-1
1,1,-2.097176436,-6.283812392
0,0,0,0,0,0
0,0,0.0940382744,0.940382744,1,0
0,0,0.1915601372,0.9752186276,2,0
0,0,0.2187751061,0.2721496893,1,0
0,0,0.2970651582,0.7829005205,0,0
0,0,0.5006516511,2.035864929,1,0
0,0,0.7903001576,2.896485065,1,0
0,0,1.182407351,3.921071937,2,-1
1,1,1.674535903,4.921285514
0,0,0,0,2,0
0,0,-0.09909326524,-0.9909326524,1,0
0,0,-0.2261850705,-1.270918053,1,0
0,0,-0.3796545951,-1.534695246,2,0
0,0,-0.682620103,-3.029655079,2,0
0,0,-1.143070971,-4.60450868,2,-1
1,1,-1.756919552,-6.138485815
0,0,0,0,0,0
0,0,0.09490476226,0.9490476226,1,0
0,0,0.2060577653,1.11153003,0,0
0,0,0.4328610049,2.268032396,0,0
0,0,0.8007297143,3.678687094,1,0
0,0,1.281499703,4.807699892,1,-1
1,1,1.896552786,6.150530829
0,0,0,0,0,0
0,0,0.09440153186,0.9440153186,2,0
0,0,0.1230213222,0.286197903,2,0
0,0,0.1014272987,-0.2159402343,1,0
0,0,0.09464543467,-0.06781864063,2,0
0,0,0.02587386183,-0.6877157284,2,0
0,0,-0.1184011118,-1.442749736,1,0
0,0,-0.284967562,-1.665664502,2,0
0,0,-0.5752136648,-2.902461028,2,0
0,0,-1.024609621,-4.493959559,2,-1
1,1,-1.63465331,-6.100436896
0,0,0,0,0,0
0,0,0.07650016619,0.7650016619,2,0
0,0,0.07697425812,0.004740919367,2,0
0,0,0.01721282951,-0.5976142861,1,0
0,0,-0.02382531238,-0.4103814189,2,0
0,0,-0.1717711733,-1.479458609,2,0
0,0,-0.4453206042,-2.735494309,0,0
0,0,-0.7159015508,-2.705809466,1,0
0,0,-1.087872818,-3.719712676,0,0
0,0,-1.544145624,-4.562728057,2,-1
1,1,-2.148191579,-6.040459552
0,0,0,0,2,0
0,0,-0.08663201069,-0.8663201069,2,0
0,0,-0.2611321097,-1.74500099,1,0
0,0,-0.4704885266,-2.093564169,2,0
0,0,-0.8331726731,-3.626841465,1,0
0,0,-1.297622787,-4.644501139,0,-1
1,1,-1.873945575,-5.763227879
0,0,0,0,1,0
0,0,0.006972827983,0.06972827983,0,0
0,0,0.09519676953,0.8822394155,0,0
0,0,0.286798286,1.916015164,2,0
0,0,0.4311784881,1.443802021,1,0
0,0,0.6461103012,2.14931813,0,0
0,0,1.029928228,3.838179269,1,0
0,0,1.537830002,5.079017737,0,-1
1,1,2.194126094,6.562960926
0,0,0,0,2,0
0,0,-0.09225413193,-0.9225413193,1,0
0,0,-0.1954177334,-1.031636014,2,0
0,0,-0.4163026099,-2.208848765,2,0
0,0,-0.7710564153,-3.547538054,2,0
0,0,-1.285437825,-5.143814095,1,-1
1,1,-1.934038501,-6.486006766
0,0,0,0,2,0
0,0,-0.1014580245,-1.014580245,0,0
0,0,-0.1257954522,-0.2433742766,1,0
0,0,-0.181059281,-0.5526382883,2,0
0,0,-0.3610147116,-1.799554306,1,0
0,0,-0.5959477368,-2.349330252,0,0
0,0,-0.8387540682,-2.428063314,2,0
0,0,-1.253414527,-4.146604591,1,-1
1,1,-1.804494228,-5.510797002
0,0,0,0,2,0
0,0,-0.08538312791,-0.8538312791,0,0
0,0,-0.09148078337,-0.06097655459,0,0
0,0,-0.0206108915,0.7086989186,0,0
0,0,0.1358856305,1.56496522,0,0
0,0,0.415384346,2.794987155,0,0
0,0,0.8309468268,4.155624808,2,0
0,0,1.293841997,4.628951699,1,-1
1,1,1.894586251,6.007442548
0,0,0,0,1,0
0,0,0.007370166528,0.07370166528,2,0
0,0,-0.08873868126,-0.9610884779,2,0
0,0,-0.3044249561,-2.156862749,1,0
0,0,-0.5591360188,-2.547110627,1,0
0,0,-0.9009394397,-3.418034208,1,0
0,0,-1.356025747,-4.550863078,2,-1
1,1,-1.965240681,-6.092149336
0,0,0,0,2,0
0,0,-0.0829146225,-0.829146225,2,0
0,0,-0.2707725295,-1.87857907,2,0
0,0,-0.5877723845,-3.169998551,0,0
0,0,-0.9204885703,-3.327161858,2,0
0,0,-1.422556838,-5.020682681,0,-1
1,1,-2.05318919,-6.306323518
0,0,0,0,1,0
0,0,0.01500839521,0.1500839521,0,0
0,0,0.115265156,1.002567607,0,0
0,0,0.3373351659,2.220700099,0,0
0,0,0.690696087,3.533609212,0,0
0,0,1.212470722,5.217746353,1,-1
1,1,1.8601236,6.476528772
0,0,0,0,2,0
0,0,-0.07183477982,-0.7183477982,0,0
0,0,-0.05504736869,0.1678741113,0,0
0,0,0.04545795155,1.005053202,0,0
0,0,0.2542774643,2.088195128,2,0
0,0,0.4248389022,1.705614378,0,0
0,0,0.7377259562,3.12887054,1,0
0,0,1.152348658,4.146227015,1,-1
1,1,1.698472458,5.461238005
0,0,0,0,0,0
0,0,0.1005013298,1.005013298,0,0
0,0,0.2932098416,1.927085118,0,0
0,0,0.6332267941,3.400169525,1,0
0,0,1.07147798,4.382511859,0,-1
1,1,1.674290284,6.028123038
0,0,0,0,0,0
0,0,0.1028466477,1.028466477,2,0
0,0,0.1481882251,0.4534157741,0,0
0,0,0.304345711,1.561574859,2,0
0,0,0.4305363607,1.261906497,0,0
0,0,0.6931066084,2.625702477,2,0
0,0,0.988258239,2.951516305,2,0
0,0,1.354214029,3.659557897,2,-1
1,1,1.846142867,4.919288385
0,0,0,0,2,0
0,0,-0.08845966354,-0.8845966354,2,0
0,0,-0.29417277,-2.057131064,2,0
0,0,-0.6251838627,-3.310110927,2,0
0,0,-1.122228633,-4.970447708,2,-1
1,1,-1.768519252,-6.462906189
0,0,0,0,0,0
0,0,0.08614554229,0.8614554229,2,0
0,0,0.09398181418,0.07836271885,1,0
0,0,0.1207365775,0.2675476334,1,0
0,0,0.1704366334,0.4970005591,2,0
0,0,0.1787032888,0.08266655395,1,0
0,0,0.2221966709,0.4349338206,0,0
0,0,0.3871103136,1.649136427,1,0
0,0,0.6126390792,2.255287656,2,0
0,0,0.8650900974,2.524510182,0,0
0,0,1.283670139,4.185800419,1,-1
1,1,1.83947358,5.558034404
0,0,0,0,0,0
0,0,0.1003690994,1.003690994,1,0
0,0,0.2020676214,1.01698522,1,0
0,0,0.3243393535,1.222717321,2,0
0,0,0.4281828933,1.038435398,2,0
0,0,0.5377427305,1.095598372,1,0
0,0,0.7391186287,2.013758982,1,0
0,0,1.05025527,3.111366414,1,0
0,0,1.48019516,4.2993989,0,-1
1,1,2.06095952,5.807643595
0,0,0,0,1,0
0,0,0.007923583871,0.07923583871,0,0
0,0,0.1175145905,1.095910067,2,0
0,0,0.1500024041,0.3248781353,2,0
0,0,0.1336552662,-0.1634713783,0,0
0,0,0.221254125,0.8759885872,2,0
0,0,0.2502935086,0.290393836,2,0
0,0,0.235781503,-0.1451200558,0,0
0,0,0.3448756605,1.090941575,0,0
0,0,0.5977134685,2.528378081,2,0
0,0,0.8689236118,2.712101433,0,0
0,0,1.304205295,4.352816828,1,-1
1,1,1.878177275,5.739719808
0,0,0,0,1,0
0,0,0.0002591885613,0.002591885613,0,0
0,0,0.07943279184,0.7917360328,0,0
0,0,0.2760419538,1.966091619,1,0
0,0,0.5173856098,2.41343656,2,0
0,0,0.7493740992,2.319884894,1,0
0,0,1.077826215,3.284521161,2,0
0,0,1.496783557,4.189573422,1,-1
1,1,2.060245793,5.634622351
0,0,0,0,0,0
0,0,0.09005141239,0.9005141239,2,0
0,0,0.1119185831,0.218671707,1,0
0,0,0.1635775453,0.516589622,2,0
0,0,0.1588149885,-0.04762556783,0,0
0,0,0.2665940914,1.077791029,2,0
0,0,0.3365354318,0.6994134042,0,0
0,0,0.5462164945,2.096810627,1,0
0,0,0.8504355161,3.042190216,0,0
0,0,1.324889345,4.744538293,1,-1
1,1,1.935232281,6.103429355
0,0,0,0,2,0
0,0,-0.1053646173,-1.053646173,2,0
0,0,-0.3100971057,-2.047324884,1,0
0,0,-0.5681441735,-2.580470678,1,0
0,0,-0.9001607683,-3.320165947,0,0
0,0,-1.295346694,-3.951859257,0,-1
1,1,-1.803327631,-5.079809367
0,0,0,0,1,0
0,0,-0.0004229938405,-0.004229938405,1,0
0,0,0.01602876675,0.1645176059,1,0
0,0,0.04655211388,0.3052334712,0,0
0,0,0.170188072,1.236359581,2,0
0,0,0.2430330157,0.7284494368,2,0
0,0,0.2806849692,0.3765195347,1,0
0,0,0.3542386249,0.7355365575,1,0
0,0,0.4897042615,1.354656365,2,0
0,0,0.6291207447,1.394164833,2,0
0,0,0.7844720275,1.553512828,0,0
0,0,1.111200455,3.26728427,2,0
0,0,1.531241824,4.200413699,1,-1
1,1,2.097298989,5.660571641
0,0,0,0,1,0
0,0,0.01320093015,0.1320093015,2,0
0,0,-0.0561702566,-0.6937118675,2,0
0,0,-0.2392936755,-1.831234189,2,0
0,0,-0.5618478367,-3.225541612,2,0
0,0,-1.02477321,-4.629253735,1,-1
1,1,-1.604638965,-5.798657547
0,0,0,0,2,0
0,0,-0.08372333512,-0.8372333512,1,0
0,0,-0.193281967,-1.095586319,1,0
0,0,-0.3432162886,-1.499343216,1,0
0,0,-0.5343532288,-1.911369402,2,0
0,0,-0.8727897225,-3.384364937,0,0
0,0,-1.273969005,-4.011792823,1,-1
1,1,-1.809877224,-5.35908219
0,0,0,0,2,0
0,0,-0.09878587435,-0.9878587435,0,0
0,0,-0.1351046462,-0.3631877184,1,0
0,0,-0.184052959,-0.4894831281,2,0
0,0,-0.3413354923,-1.572825333,1,0
0,0,-0.5629775457,-2.216420534,1,0
0,0,-0.8608096308,-2.978320851,2,0
0,0,-1.317694323,-4.568846917,2,-1
1,1,-1.926843334,-6.091490115
0,0,0,0,0,0
0,0,0.09074034983,0.9074034983,0,0
0,0,0.2903473782,1.996070283,0,0
0,0,0.6141221022,3.237747241,2,0
0,0,0.954793662,3.406715598,1,0
0,0,1.417717732,4.6292407,1,-1
1,1,2.019431341,6.017136092
0,0,0,0,0,0
0,0,0.08905674254,0.8905674254,1,0
0,0,0.1775975683,0.8854082575,1,0
0,0,0.3112926711,1.336951028,2,0
0,0,0.4153478093,1.040551383,0,0
0,0,0.6679523263,2.526045169,1,0
0,0,1.014681011,3.467286846,1,0
0,0,1.487424805,4.727437938,2,-1
1,1,2.098339587,6.109147823
0,0,0,0,1,0
0,0,0.00571538288,0.0571538288,0,0
0,0,0.09619531265,0.9047992977,1,0
0,0,0.2088532162,1.126579035,2,0
0,0,0.2863705111,0.7751729495,1,0
0,0,0.4104487058,1.240781947,0,0
0,0,0.6715278505,2.610791447,0,0
0,0,1.100418388,4.288905371,1,-1
1,1,1.650948949,5.50530561
0,0,0,0,0,0
0,0,0.08317590386,0.8317590386,2,0
0,0,0.07835696996,-0.04818933898,2,0
0,0,0.009232053239,-0.6912491673,2,0
0,0,-0.1631060529,-1.723381062,1,0
0,0,-0.3567796488,-1.936735959,0,0
0,0,-0.5211613892,-1.643817404,0,0
0,0,-0.7070992849,-1.859378958,2,0
0,0,-1.051606713,-3.445074283,2,0
0,0,-1.554472565,-5.028658517,1,-1
1,1,-2.203638061,-6.491654955
0,0,0,0,1,0
0,0,-0.01611766165,-0.1611766165,2,0
0,0,-0.1319662731,-1.158486114,2,0
0,0,-0.3479701171,-2.16003844,1,0
0,0,-0.6231017145,-2.751315974,1,0
0,0,-0.9931852763,-3.700835618,1,0
0,0,-1.476799762,-4.836144861,0,-1
1,1,-2.09661639,-6.198166278
0,0,0,0,0,0
0,0,0.09804888302,0.9804888302,1,0
0,0,0.2249385785,1.268896955,2,0
0,0,0.3037103006,0.7877172208,2,0
0,0,0.3610154751,0.5730517457,1,0
0,0,0.4893458895,1.283304143,1,0
0,0,0.6898764466,2.005305572,1,0
0,0,0.9782132146,2.883367679,0,0
0,0,1.431206763,4.529935487,1,-1
1,1,2.025337184,5.941304206
0,0,0,0,1,0
0,0,-0.004534055112,-0.04534055112,1,0
0,0,-0.0215684729,-0.1703441779,1,0
0,0,-0.05276218819,-0.3119371529,0,0
0,0,-0.01176258272,0.4099960546,0,0
0,0,0.1162310205,1.279936032,2,0
0,0,0.1705615559,0.5433053541,1,0
0,0,0.2622143747,0.9165281881,1,0
0,0,0.3950317461,1.328173714,1,0
0,0,0.6046369331,2.09605187,2,0
0,0,0.8451347119,2.404977788,0,0
0,0,1.261406083,4.162713707,1,-1
1,1,1.814914395,5.535083121
0,0,0,0,1,0
0,0,0.002844607305,0.02844607305,0,0
0,0,0.09998393618,0.9713932887,2,0
0,0,0.1144492199,0.1446528376,2,0
0,0,0.06195150447,-0.5249771547,0,0
0,0,0.09886666988,0.3691516542,2,0
0,0,0.05832779967,-0.4053887021,1,0
0,0,0.04441737083,-0.1391042884,1,0
0,0,0.05262265309,0.08205282255,2,0
0,0,-0.004448315062,-0.5707096815,0,0
0,0,0.02567273318,0.3012104824,0,0
0,0,0.1393276763,1.136549432,1,0
0,0,0.2622736338,1.229459575,2,0
0,0,0.3356222219,0.7334858815,2,0
0,0,0.3904732395,0.5485101756,0,0
0,0,0.5988665199,2.083932804,0,0
0,0,0.9629554463,3.640889264,1,0
0,0,1.444473324,4.815178773,0,-1
1,1,2.078380055,6.339067319
0,0,0,0,0,0
0,0,0.0861617835,0.861617835,2,0
0,0,0.1108508208,0.2468903728,1,0
0,0,0.1399916885,0.2914086771,2,0
0,0,0.1076438687,-0.3234781981,0,0
0,0,0.1764726968,0.6882882814,1,0
0,0,0.2752430127,0.9877031592,2,0
0,0,0.3325018089,0.5725879617,1,0
0,0,0.4530086445,1.205068356,0,0
0,0,0.7109615012,2.579528567,0,0
0,0,1.131809244,4.20847743,0,-1
1,1,1.716588443,5.847791992
0,0,0,0,2,0
0,0,-0.08383214693,-0.8383214693,2,0
0,0,-0.2596755616,-1.758434147,2,0
0,0,-0.5468837969,-2.872082353,2,0
0,0,-0.9855313274,-4.386475305,0,0
0,0,-1.493111844,-5.075805164,2,-1
1,1,-2.15038157,-6.572697267
0,0,0,0,0,0
0,0,0.08314186698,0.8314186698,2,0
0,0,0.1016671572,0.1852529026,2,0
0,0,0.05525690553,-0.4641025171,2,0
0,0,-0.06042053072,-1.156774362,1,0
0,0,-0.1862414611,-1.258209304,0,0
0,0,-0.2543018001,-0.68060339,0,0
0,0,-0.2888950635,-0.3459326338,2,0
0,0,-0.469729937,-1.808348735,0,0
0,0,-0.641934349,-1.722044119,2,0
0,0,-0.9752851114,-3.333507625,1,0
0,0,-1.429230374,-4.539452629,1,-1
1,1,-2.025108993,-5.958786188
0,0,0,0,0,0
0,0,0.07662967949,0.7662967949,2,0
0,0,0.08109387914,0.04464199651,2,0
0,0,0.01687899319,-0.6421488596,0,0
0,0,0.04477598526,0.2789699208,2,0
0,0,-0.01506347958,-0.5983946484,1,0
0,0,-0.07513520696,-0.6007172738,2,0
0,0,-0.2338397807,-1.587045737,2,0
0,0,-0.514039251,-2.801994703,1,0
0,0,-0.8723903454,-3.583510945,0,0
0,0,-1.292292234,-4.199018889,1,-1
1,1,-1.852110064,-5.598178299
0,0,0,0,1,0
0,0,-0.001131369408,-0.01131369408,1,0
0,0,-0.00941825466,-0.08286885252,2,0
0,0,-0.09796959194,-0.8855133728,1,0
0,0,-0.2089019924,-1.109324005,2,0
0,0,-0.4275254287,-2.186234363,2,0
0,0,-0.7787548813,-3.512294526,1,0
0,0,-1.240543201,-4.617883202,0,-1
1,1,-1.80942771,-5.688845089
0,0,0,0,0,0
0,0,0.1031145928,1.031145928,1,0
0,0,0.2328903079,1.297757151,2,0
0,0,0.3309238228,0.9803351494,1,0
0,0,0.4736902205,1.427663977,2,0
0,0,0.6234007863,1.497105658,1,0
0,0,0.8769362373,2.53535451,2,0
0,0,1.187093871,3.101576336,1,-1
1,1,1.628302201,4.412083302
0,0,0,0,1,0
0,0,-0.006795699229,-0.06795699229,0,0
0,0,0.08496310893,0.9175880816,1,0
0,0,0.1787180903,0.9375498138,1,0
0,0,0.293900456,1.151823657,1,0
0,0,0.4688556894,1.749552334,1,0
0,0,0.7249970844,2.56141395,2,0
0,0,1.031345216,3.063481316,0,0
0,0,1.508222132,4.768769163,0,-1
1,1,2.134412472,6.261903393
0,0,0,0,2,0
0,0,-0.09849306025,-0.9849306025,1,0
0,0,-0.2116032643,-1.13110204,2,0
0,0,-0.4445494016,-2.329461373,2,0
0,0,-0.8076969251,-3.631475235,1,0
0,0,-1.266333735,-4.586368095,2,-1
1,1,-1.883435276,-6.171015412
0,0,0,0,0,0
0,0,0.07067903328,0.7067903328,1,0
0,0,0.1507224151,0.8004338186,0,0
0,0,0.3588540213,2.081316062,2,0
0,0,0.54491753,1.860635086,0,0
0,0,0.8896792433,3.447617133,2,0
0,0,1.294575041,4.048957975,2,-1
1,1,1.81714131,5.225662689
0,0,0,0,2,0
0,0,-0.1003017331,-1.003017331,0,0
0,0,-0.1162331616,-0.1593142853,0,0
0,0,-0.0571860743,0.5904708729,2,0
0,0,-0.1131896379,-0.560035636,0,0
0,0,-0.1006909928,0.1249864506,1,0
0,0,-0.1150834252,-0.1439243239,1,0
0,0,-0.1535589438,-0.384755186,1,0
0,0,-0.2100640218,-0.5650507796,1,0
0,0,-0.3020073461,-0.9194332426,0,0
0,0,-0.374418404,-0.7241105792,2,0
0,0,-0.5746144768,-2.001960728,0,0
0,0,-0.8026930829,-2.280786061,0,0
0,0,-1.093282182,-2.905890995,0,0
0,0,-1.48415362,-3.908714379,1,-1
1,1,-2.019981874,-5.358282539
0,0,0,0,2,0
0,0,-0.1036686659,-1.036686659,0,0
0,0,-0.1391994125,-0.3553074658,2,0
0,0,-0.2909074936,-1.517080811,1,0
0,0,-0.4982604772,-2.073529837,2,0
0,0,-0.8466094606,-3.483489834,2,0
0,0,-1.356187835,-5.095783739,1,-1
1,1,-2.005309803,-6.491219683
0,0,0,0,0,0
0,0,0.07355185913,0.7355185913,1,0
0,0,0.1547790904,0.8122723124,2,0
0,0,0.1735001934,0.1872110298,0,0
0,0,0.3255122564,1.520120631,2,0
0,0,0.4434364939,1.179242375,0,0
0,0,0.6974291368,2.539926429,1,0
0,0,1.037351018,3.399218811,0,0
0,0,1.536697187,4.993461692,1,-1
1,1,2.182080818,6.453836304
0,0,0,0,1,0
0,0,0.01391622939,0.1391622939,0,0
0,0,0.1160061832,1.020899538,1,0
0,0,0.2352476805,1.192414973,1,0
0,0,0.3881872604,1.529395799,1,0
0,0,0.588845968,2.006587076,0,0
0,0,0.9537374918,3.648915238,2,0
0,0,1.386091452,4.323539603,0,-1
1,1,1.970937539,5.848460866
0,0,0,0,1,0
0,0,0.006411221807,0.06411221807,0,0
0,0,0.08623854548,0.7982732367,0,0
0,0,0.2733327507,1.870942052,2,0
0,0,0.4367106306,1.633778799,1,0
0,0,0.659215987,2.225053563,0,0
0,0,1.03985711,3.806411235,2,0
0,0,1.497241897,4.573847863,2,-1
1,1,2.092765012,5.95523115
0,0,0,0,1,0
0,0,-0.009495887848,-0.09495887848,0,0
0,0,0.07320858194,0.8270446979,0,0
0,0,0.2461829863,1.729744043,1,0
0,0,0.4561218396,2.099388533,1,0
0,0,0.7512614325,2.951395929,1,0
0,0,1.140826267,3.895648348,0,-1
1,1,1.69453093,5.537046631
0,0,0,0,2,0
0,0,-0.07526118307,-0.7526118307,0,0
0,0,-0.06446565852,0.1079552455,2,0
0,0,-0.153357702,-0.8889204353,2,0
0,0,-0.3389689092,-1.856112072,0,0
0,0,-0.4999056159,-1.609367067,1,0
0,0,-0.7479506926,-2.480450767,1,0
0,0,-1.102829173,-3.548784808,0,0
0,0,-1.557063847,-4.542346734,2,-1
1,1,-2.158942237,-6.018783898
0,0,0,0,2,0
0,0,-0.09437131848,-0.9437131848,2,0
0,0,-0.2944133974,-2.000420789,1,0
0,0,-0.5466320186,-2.522186212,0,0
0,0,-0.8070520832,-2.604200646,1,0
0,0,-1.186409895,-3.793578113,2,-1
1,1,-1.729193111,-5.427832166
0,0,0,0,0,0
0,0,0.08568899948,0.8568899948,1,0
0,0,0.1809660989,0.9527709944,0,0
0,0,0.4081592183,2.271931193,2,0
0,0,0.6112601321,2.031009139,2,0
0,0,0.827707031,2.164468988,2,0
0,0,1.093128029,2.654209978,2,0
0,0,1.446539642,3.534116133,0,-1
1,1,1.953838886,5.072992441
0,0,0,0,1,0
0,0,0.008262650402,0.08262650402,1,0
0,0,0.03497047728,0.2670782688,0,0
0,0,0.1599105585,1.249400812,0,0
0,0,0.406285308,2.463747495,1,0
0,0,0.710697128,3.0441182,2,0
0,0,1.060241396,3.495442677,0,0
0,0,1.567951517,5.077101209,1,-1
1,1,2.222534143,6.545826259
0,0,0,0,1,0
0,0,0.006461013344,0.06461013344,2,0
0,0,-0.08656697604,-0.9302798938,0,0
0,0,-0.09948043798,-0.1291346194,1,0
0,0,-0.1137718346,-0.1429139664,1,0
0,0,-0.1367799033,-0.2300806869,2,0
0,0,-0.2822635797,-1.454836764,0,0
0,0,-0.3925135044,-1.102499247,1,0
0,0,-0.5787233232,-1.862098189,0,0
0,0,-0.7858449647,-2.071216415,1,0
0,0,-1.108715015,-3.228700501,0,0
0,0,-1.532158852,-4.234438377,0,-1
1,1,-2.09878527,-5.666264174
0,0,0,0,1,0
0,0,0.006927873535,0.06927873535,1,0
0,0,0.01117281305,0.04244939514,1,0
0,0,0.01294963349,0.01776820446,0,0
0,0,0.09262244697,0.7967281348,1,0
0,0,0.1889548076,0.9633236065,0,0
0,0,0.4194597306,2.30504923,0,0
0,0,0.8016651889,3.822054583,0,0
0,0,1.352226204,5.505610154,1,-1
1,1,2.03969226,6.874660555
0,0,0,0,0,0
0,0,0.09452553828,0.9452553828,1,0
0,0,0.192573305,0.9804776671,1,0
0,0,0.3270133391,1.344400341,1,0
0,0,0.5276463686,2.006330295,2,0
0,0,0.7220381981,1.943918295,0,0
0,0,1.087688397,3.656501992,0,-1
1,1,1.619972541,5.322841439
0,0,0,0,2,0
0,0,-0.08659400204,-0.8659400204,0,0
0,0,-0.1089420754,-0.2234807336,0,0
0,0,-0.0677772856,0.411647898,1,0
0,0,-0.05400407321,0.1377321239,0,0
0,0,0.03385659005,0.8786066326,1,0
0,0,0.13120572,0.9734912992,0,0
0,0,0.3276054693,1.963997493,1,0
0,0,0.5792322515,2.516267821,0,0
0,0,0.9959264219,4.166941704,1,0
0,0,1.524421977,5.284955552,0,-1
1,1,2.201828013,6.774060358
0,0,0,0,1,0
0,0,0.0003819881252,0.003819881252,2,0
0,0,-0.07050957461,-0.7089156273,0,0
0,0,-0.05839493466,0.1211463995,0,0
0,0,0.03488390744,0.932788421,2,0
0,0,0.04226238332,0.07378475881,1,0
0,0,0.06446743957,0.2220505625,2,0
0,0,0.001617055011,-0.6285038456,0,0
0,0,0.01483249262,0.1321543761,0,0
0,0,0.1133758991,0.985434065,0,0
0,0,0.3141740591,2.007981599,1,0
0,0,0.5674348262,2.532607672,2,0
0,0,0.8331293777,2.656945515,2,0
0,0,1.147541911,3.14412533,1,-1
1,1,1.597780264,4.50238353
0,0,0,0,2,0
0,0,-0.09594163307,-0.9594163307,0,0
0,0,-0.1310895176,-0.3514788453,1,0
0,0,-0.1899331346,-0.5884361699,2,0
0,0,-0.3700793986,-1.80146264,1,0
0,0,-0.6245490121,-2.544696135,0,0
0,0,-0.8924896707,-2.679406586,2,0
0,0,-1.329844776,-4.373551057,0,-1
1,1,-1.885404298,-5.555595216
0,0,0,0,2,0
0,0,-0.09129276418,-0.9129276418,1,0
0,0,-0.2106607011,-1.193679369,0,0
0,0,-0.2772158112,-0.6655511004,0,0
0,0,-0.2942088143,-0.1699300319,2,0
0,0,-0.432353807,-1.381449927,1,0
0,0,-0.6528975612,-2.205437541,0,0
0,0,-0.9016755243,-2.487779631,2,0
0,0,-1.32700251,-4.253269859,0,-1
1,1,-1.874815944,-5.478134339
0,0,0,0,1,0
0,0,0.01158062281,0.1158062281,1,0
0,0,0.0183373939,0.06756771088,0,0
0,0,0.1088316036,0.9049420972,1,0
0,0,0.2294540138,1.206224102,1,0
0,0,0.39027531,1.608212962,1,0
0,0,0.6066591222,2.163838122,1,0
0,0,0.9164546999,3.097955777,1,0
0,0,1.343988996,4.275342964,0,-1
1,1,1.929431419,5.854424227
0,0,0,0,2,0
0,0,-0.0929669629,-0.929669629,2,0
0,0,-0.3026484487,-2.096814858,1,0
0,0,-0.5477766743,-2.451282255,2,0
0,0,-0.9440367458,-3.962600716,2,0
0,0,-1.50905848,-5.650217341,0,-1
1,1,-2.213804113,-7.047456335
0,0,0,0,2,0
0,0,-0.09616206892,-0.9616206892,0,0
0,0,-0.1152525901,-0.1909052121,2,0
0,0,-0.2358048696,-1.205522794,0,0
0,0,-0.3214360419,-0.8563117238,0,0
0,0,-0.3788117572,-0.5737571523,1,0
0,0,-0.4826177103,-1.038059531,2,0
0,0,-0.73743545,-2.548177398,2,0
0,0,-1.148028499,-4.105930491,0,-1
1,1,-1.650316976,-5.022884765
0,0,0,0,2,0
0,0,-0.1036414533,-1.036414533,0,0
0,0,-0.1220020833,-0.1836062998,0,0
0,0,-0.06873404745,0.5326803581,0,0
0,0,0.07759932783,1.463333753,2,0
0,0,0.1449153028,0.67315975,2,0
0,0,0.1465598819,0.01644579044,1,0
0,0,0.1698416907,0.2328180886,1,0
0,0,0.2244663839,0.5462469314,0,0
0,0,0.3982092377,1.737428538,0,0
0,0,0.7064158863,3.082066487,0,0
0,0,1.184364887,4.779490006,1,-1
1,1,1.787928377,6.035634898
0,0,0,0,2,0
0,0,-0.08423456873,-0.8423456873,0,0
0,0,-0.08426216354,-0.0002759481667,2,0
0,0,-0.1963769615,-1.121147979,0,0
0,0,-0.2643365869,-0.6795962539,2,0
0,0,-0.4476933131,-1.833567263,2,0
0,0,-0.7899736039,-3.422802907,0,0
0,0,-1.188431152,-3.984575484,0,-1
1,1,-1.684846602,-4.964154497
