2,1,1
0,0,0,0,0,0
0,0,0.09721334774,0.9721334774,2,0
0,0,0.1353331332,0.3811978545,1,0
0,0,0.1819190659,0.4658593266,0,0
0,0,0.34884877,1.669297042,2,0
0,0,0.4976757354,1.488269654,2,0
0,0,0.6454887229,1.478129875,1,0
0,0,0.8894389906,2.439502676,2,0
0,0,1.195312598,3.058736079,1,-1
1,1,1.630351392,4.350387933
0,0,0,0,2,0
0,0,-0.08170134175,-0.8170134175,0,0
0,0,-0.1008104917,-0.1910914993,2,0
0,0,-0.2227092871,-1.218987954,2,0
0,0,-0.4612912519,-2.385819648,1,0
0,0,-0.7576593627,-2.963681107,0,0
0,0,-1.096381945,-3.387225819,0,0
0,0,-1.532984381,-4.366024369,0,-1
1,1,-2.113158046,-5.801736645
0,0,0,0,1,0
0,0,0.008656193469,0.08656193469,0,0
0,0,0.115673112,1.070169186,2,0
0,0,0.1656050735,0.4993196144,1,0
0,0,0.2607978893,0.9519281583,2,0
0,0,0.3139094136,0.5311152425,2,0
0,0,0.3362730322,0.2236361863,2,0
0,0,0.3300301212,-0.06242910958,1,0
0,0,0.3704845779,0.4045445662,2,0
0,0,0.3778016921,0.07317114221,0,0
0,0,0.5248663443,1.470646522,1,0
0,0,0.759220473,2.343541287,1,0
0,0,1.098394809,3.391743361,1,0
0,0,1.568360123,4.699653144,2,-1
1,1,2.185087288,6.167271643
0,0,0,0,0,0
0,0,0.1028592843,1.028592843,1,0
0,0,0.2096752158,1.068159316,1,0
0,0,0.3561548812,1.464796654,0,0
0,0,0.6256999632,2.69545082,0,0
0,0,1.055810724,4.301107605,2,-1
1,1,1.572529134,5.1671841
0,0,0,0,0,0
0,0,0.08563678635,0.8563678635,0,0
0,0,0.2633193645,1.776825781,2,0
0,0,0.4035148877,1.401955232,0,0
0,0,0.6863116041,2.827967165,0,0
0,0,1.119668508,4.333569042,0,-1
1,1,1.714330517,5.946620082
0,0,0,0,1,0
0,0,-0.007964610076,-0.07964610076,1,0
0,0,-0.03412701083,-0.2616240075,0,0
0,0,0.01859156776,0.5271857859,1,0
0,0,0.06692639119,0.4833482343,2,0
0,0,0.03774278508,-0.2918360611,2,0
0,0,-0.08931299673,-1.270557818,0,0
0,0,-0.1273654034,-0.3805240668,0,0
0,0,-0.1159602778,0.1140512564,1,0
0,0,-0.1179347656,-0.01974487852,1,0
0,0,-0.1535793358,-0.3564457023,1,0
0,0,-0.2227819103,-0.6920257446,1,0
0,0,-0.3351989081,-1.124169978,2,0
0,0,-0.5895602452,-2.543613371,0,0
0,0,-0.8510946654,-2.615344202,1,0
0,0,-1.234448517,-3.833538519,2,-1
1,1,-1.775026438,-5.40577921
0,0,0,0,0,0
0,0,0.09609172361,0.9609172361,0,0
0,0,0.2979268284,2.018351047,1,0
0,0,0.5455033787,2.475765504,2,0
0,0,0.803153061,2.576496822,0,0
0,0,1.235857109,4.327040476,2,-1
1,1,1.772101689,5.362445807
0,0,0,0,2,0
0,0,-0.08798982207,-0.8798982207,1,0
0,0,-0.1979607718,-1.099709497,0,0
0,0,-0.2386701101,-0.4070933835,2,0
0,0,-0.3985316276,-1.598615175,1,0
0,0,-0.6298132502,-2.312816226,2,0
0,0,-1.030555381,-4.007421306,0,0
0,0,-1.516844217,-4.862888366,2,-1
1,1,-2.152343568,-6.354993504
0,0,0,0,0,0
0,0,0.08165366836,0.8165366836,0,0
0,0,0.282389702,2.007360337,0,0
0,0,0.6140799103,3.316902083,1,0
0,0,1.025384149,4.113042382,2,0
0,0,1.513584456,4.882003072,2,-1
1,1,2.142284639,6.287001831
0,0,0,0,1,0
0,0,-0.01727946723,-0.1727946723,0,0
0,0,0.03870751403,0.5598698126,2,0
0,0,0.001399116832,-0.373083972,2,0
0,0,-0.1179875474,-1.193866642,1,0
0,0,-0.2530043091,-1.350167617,0,0
0,0,-0.3482879617,-0.9528365262,2,0
0,0,-0.5829543652,-2.346664035,2,0
0,0,-0.9617618399,-3.788074747,0,0
0,0,-1.419615983,-4.578541427,0,-1
1,1,-2.008136314,-5.885203314
0,0,0,0,2,0
0,0,-0.0792407437,-0.792407437,0,0
0,0,-0.09184002733,-0.1259928362,1,0
0,0,-0.1057658172,-0.1392578992,2,0
0,0,-0.2089620973,-1.0319628,1,0
0,0,-0.351580166,-1.426180687,1,0
0,0,-0.5490703286,-1.974901627,1,0
0,0,-0.8217515319,-2.726812033,1,0
0,0,-1.201991554,-3.802400221,1,-1
1,1,-1.713915616,-5.119240625
0,0,0,0,0,0
0,0,0.1012736377,1.012736377,2,0
0,0,0.1369884011,0.3571476339,2,0
0,0,0.1223738179,-0.1461458319,1,0
0,0,0.1347284263,0.1235460842,0,0
0,0,0.2730645611,1.383361348,1,0
0,0,0.4400269128,1.669623517,0,0
0,0,0.7654641103,3.254371975,2,0
0,0,1.124782156,3.593180455,0,-1
1,1,1.64790512,5.231229643
0,0,0,0,0,0
0,0,0.1045891696,1.045891696,2,0
0,0,0.1450838508,0.4049468113,0,0
0,0,0.3057434155,1.606595648,0,0
0,0,0.605565977,2.998225615,1,0
0,0,0.9783891079,3.728231309,0,0
0,0,1.521546611,5.431575036,2,-1
1,1,2.206404978,6.848583665
0,0,0,0,0,0
0,0,0.08318392234,0.8318392234,0,0
0,0,0.2844834747,2.012995524,1,0
0,0,0.524172741,2.396892662,1,0
0,0,0.8557318554,3.315591145,0,0
0,0,1.354992378,4.992605227,1,-1
1,1,1.993522446,6.385300681
0,0,0,0,2,0
0,0,-0.07975128112,-0.7975128112,0,0
0,0,-0.1024348046,-0.2268352349,2,0
0,0,-0.23204496,-1.296101554,2,0
0,0,-0.4903260439,-2.582810839,1,0
0,0,-0.8260270617,-3.357010178,0,0
0,0,-1.203905378,-3.778783162,0,-1
1,1,-1.684877497,-4.809721192
0,0,0,0,1,0
0,0,0.00657800639,0.0657800639,2,0
0,0,-0.08594739381,-0.925254002,0,0
0,0,-0.1042589149,-0.183115211,1,0
0,0,-0.1336503823,-0.2939146738,1,0
0,0,-0.1767744429,-0.4312406058,1,0
0,0,-0.2662191393,-0.8944469647,1,0
0,0,-0.3898568415,-1.236377022,0,0
0,0,-0.4944386805,-1.04581839,0,0
0,0,-0.6080933951,-1.136547146,0,0
0,0,-0.7401708544,-1.320774593,1,0
0,0,-0.9793064441,-2.391355897,0,0
0,0,-1.299768772,-3.204623276,1,-1
1,1,-1.755620503,-4.558517314
0,0,0,0,1,0
0,0,-0.00270000311,-0.0270000311,1,0
0,0,-0.007700739598,-0.05000736487,0,0
0,0,0.06977649218,0.7747723178,2,0
0,0,0.05921576027,-0.1056073191,1,0
0,0,0.05396823817,-0.05247522099,2,0
0,0,-0.02701597744,-0.8098421562,1,0
0,0,-0.1207687316,-0.9375275414,1,0
0,0,-0.2383563219,-1.175875903,1,0
0,0,-0.3939425057,-1.555861839,2,0
0,0,-0.7011097528,-3.07167247,1,0
0,0,-1.115025989,-4.139162366,2,-1
1,1,-1.683858272,-5.688322821
0,0,0,0,1,0
0,0,-0.001160553365,-0.01160553365,0,0
0,0,0.08375215348,0.8491270685,0,0
0,0,0.2545958354,1.708436819,2,0
0,0,0.3942634772,1.396676418,1,0
0,0,0.5993571272,2.0509365,2,0
0,0,0.8332386113,2.338814841,0,0
0,0,1.241342746,4.08104135,2,-1
1,1,1.757234996,5.158922493
0,0,0,0,1,0
0,0,-0.008322838569,-0.08322838569,1,0
0,0,-0.00258823905,0.05734599519,1,0
0,0,-0.007477818318,-0.04889579268,1,0
0,0,-0.008461268903,-0.009834505849,1,0
0,0,0.006592181299,0.150534502,1,0
0,0,0.02186542482,0.1527324352,2,0
0,0,-0.05558515488,-0.774505797,1,0
0,0,-0.1405153565,-0.8493020166,0,0
0,0,-0.154224153,-0.137087965,2,0
0,0,-0.2838986087,-1.296744557,2,0
0,0,-0.5546533847,-2.70754776,0,0
0,0,-0.8416333925,-2.869800077,1,0
0,0,-1.235563693,-3.939303003,2,-1
1,1,-1.787896884,-5.523331913
0,0,0,0,1,0
0,0,0.01213078463,0.1213078463,0,0
0,0,0.1264120116,1.14281227,0,0
0,0,0.3430622258,2.166502142,1,0
0,0,0.6213125452,2.782503194,2,0
0,0,0.9270545013,3.057419561,1,0
0,0,1.358011495,4.309569939,2,-1
1,1,1.913262654,5.552511587
0,0,0,0,1,0
0,0,0.01605505256,0.1605505256,1,0
0,0,0.01742624198,0.01371189424,2,0
0,0,-0.06629465193,-0.8372089391,2,0
0,0,-0.24257715,-1.762824981,2,0
0,0,-0.5559260004,-3.133488503,0,0
0,0,-0.8880704755,-3.321444751,0,0
0,0,-1.286976235,-3.989057591,1,-1
1,1,-1.818683973,-5.317077381
0,0,0,0,1,0
0,0,0.009087438094,0.09087438094,2,0
0,0,-0.0791299351,-0.882173732,1,0
0,0,-0.1757793152,-0.9664938005,1,0
0,0,-0.313630972,-1.378516568,2,0
0,0,-0.5844111295,-2.707801575,0,0
0,0,-0.8565918517,-2.721807222,2,0
0,0,-1.302937444,-4.463455919,1,-1
1,1,-1.88187789,-5.789404463
0,0,0,0,1,0
0,0,0.01754349531,0.1754349531,1,0
0,0,0.03571319959,0.1816970428,1,0
0,0,0.06214020325,0.2642700366,1,0
0,0,0.1094737819,0.4733357862,2,0
0,0,0.1043978268,-0.05075955087,2,0
0,0,0.01734890229,-0.8704892449,2,0
0,0,-0.160524959,-1.778738612,0,0
0,0,-0.2651726902,-1.046477312,0,0
0,0,-0.32642735,-0.6125465982,2,0
0,0,-0.5218796926,-1.954523426,0,0
0,0,-0.7104280777,-1.885483851,2,0
0,0,-1.058698786,-3.482707084,0,0
0,0,-1.495289171,-4.365903844,1,-1
1,1,-2.075887536,-5.805983652
0,0,0,0,1,0
0,0,0.002769708542,0.02769708542,2,0
0,0,-0.07299390311,-0.7576361165,1,0
0,0,-0.1767302561,-1.03736353,1,0
0,0,-0.3087310629,-1.320008068,0,0
0,0,-0.4132933787,-1.045623158,2,0
0,0,-0.6496644415,-2.363710628,0,0
0,0,-0.9075182911,-2.578538497,2,0
0,0,-1.331797764,-4.242794731,1,-1
1,1,-1.892135711,-5.603379465
0,0,0,0,0,0
0,0,0.07077745816,0.7077745816,2,0
0,0,0.05188051674,-0.1889694142,1,0
0,0,0.0556875417,0.0380702496,1,0
0,0,0.07248569811,0.1679815641,1,0
0,0,0.1086470876,0.3616138952,0,0
0,0,0.2471344156,1.38487328,0,0
0,0,0.50268542,2.555510044,1,0
0,0,0.8387823809,3.36096961,1,0
0,0,1.292839513,4.54057132,0,-1
1,1,1.904454329,6.116148162
0,0,0,0,0,0
0,0,0.07980754079,0.7980754079,1,0
0,0,0.1662402994,0.8643275859,2,0
0,0,0.1805801858,0.1433988647,0,0
0,0,0.3259348687,1.453546828,0,0
0,0,0.6027627865,2.768279178,2,0
0,0,0.9013247422,2.985619557,1,0
0,0,1.320340896,4.190161541,1,-1
1,1,1.87779902,5.574581234
0,0,0,0,1,0
0,0,0.01527204208,0.1527204208,0,0
0,0,0.1206649431,1.05392901,1,0
0,0,0.2611905087,1.405255656,2,0
0,0,0.3629178978,1.017273891,1,0
0,0,0.5192407839,1.563228862,1,0
0,0,0.7591098122,2.398690282,1,0
0,0,1.109629379,3.505195666,2,0
0,0,1.558987926,4.493585473,0,-1
1,1,2.155781536,5.967936103
0,0,0,0,0,0
0,0,0.1012112614,1.012112614,0,0
0,0,0.313551712,2.123404507,2,0
0,0,0.506069213,1.92517501,0,0
0,0,0.8516669083,3.455976953,0,0
0,0,1.356686787,5.050198788,2,-1
1,1,1.982903916,6.262171285
0,0,0,0,2,0
0,0,-0.07804343212,-0.7804343212,2,0
0,0,-0.2401167866,-1.620733545,1,0
0,0,-0.4514508189,-2.113340323,2,0
0,0,-0.8063447984,-3.548939795,0,0
0,0,-1.199183265,-3.928384666,2,-1
1,1,-1.750809043,-5.516257783
0,0,0,0,2,0
0,0,-0.07940264579,-0.7940264579,0,0
0,0,-0.09667071598,-0.1726807019,2,0
0,0,-0.2039803266,-1.073096107,1,0
0,0,-0.3506156807,-1.466353541,0,0
0,0,-0.4770900344,-1.264743537,0,0
0,0,-0.6088634553,-1.317734209,0,0
0,0,-0.751776933,-1.429134777,0,0
0,0,-0.947686559,-1.959096259,0,0
0,0,-1.217435352,-2.697487934,2,-1
1,1,-1.646907472,-4.294721198
0,0,0,0,2,0
0,0,-0.08208491892,-0.8208491892,0,0
0,0,-0.09235737835,-0.1027245942,2,0
0,0,-0.2137420947,-1.213847163,0,0
0,0,-0.2876135051,-0.7387141046,1,0
0,0,-0.4207001956,-1.330866905,0,0
0,0,-0.5457201038,-1.250199082,2,0
0,0,-0.8150706474,-2.693505436,2,0
0,0,-1.247654253,-4.325836058,0,-1
1,1,-1.791772157,-5.441179039
0,0,0,0,1,0
0,0,0.01496977726,0.1496977726,0,0
0,0,0.1280904928,1.131207156,0,0
0,0,0.3401196446,2.120291518,1,0
0,0,0.5920826488,2.519630041,1,0
0,0,0.9325061996,3.404235509,1,0
0,0,1.390886283,4.58380083,2,-1
1,1,1.97366122,5.827749377
0,0,0,0,0,0
0,0,0.08593699366,0.8593699366,2,0
0,0,0.1026089268,0.166719331,2,0
0,0,0.03858116628,-0.6402776048,2,0
0,0,-0.1193382439,-1.579194102,0,0
0,0,-0.2190142226,-0.9967597871,1,0
0,0,-0.3725204269,-1.535062043,1,0
0,0,-0.5904573,-2.179368731,1,0
0,0,-0.906871021,-3.16413721,1,0
0,0,-1.346316725,-4.39445704,0,-1
1,1,-1.906914866,-5.605981409
0,0,0,0,0,0
0,0,0.07272841758,0.7272841758,2,0
0,0,0.07356915122,0.008407336382,1,0
0,0,0.1000302641,0.2646111283,2,0
0,0,0.0679504699,-0.3207979415,1,0
0,0,0.04313636924,-0.2481410066,0,0
0,0,0.1062772417,0.6314087243,2,0
0,0,0.09947880986,-0.0679843181,0,0
0,0,0.1938818524,0.9440304253,1,0
0,0,0.3252296549,1.313478025,0,0
0,0,0.5991798918,2.739502369,2,0
0,0,0.8956603924,2.964805006,2,0
0,0,1.254957521,3.59297129,0,-1
1,1,1.776056763,5.210992417
0,0,0,0,0,0
0,0,0.08803867637,0.8803867637,1,0
0,0,0.193173083,1.051344066,1,0
0,0,0.3304740769,1.373009939,2,0
0,0,0.4374314608,1.06957384,2,0
0,0,0.5496700073,1.122385465,1,0
0,0,0.7355396936,1.858696863,2,0
0,0,0.9749113974,2.393717039,1,0
0,0,1.33263953,3.577281324,1,-1
1,1,1.828021506,4.953819766
0,0,0,0,2,0
0,0,-0.1057004663,-1.057004663,2,0
0,0,-0.3083648286,-2.026643623,0,0
0,0,-0.4748282566,-1.664634281,1,0
0,0,-0.7053474752,-2.305192185,1,0
0,0,-1.027969662,-3.226221871,0,0
0,0,-1.426502219,-3.985325565,0,-1
1,1,-1.956505519,-5.300033002
0,0,0,0,2,0
0,0,-0.08740333448,-0.8740333448,1,0
0,0,-0.1989062943,-1.115029598,2,0
0,0,-0.4190241726,-2.201178783,2,0
0,0,-0.7705352021,-3.515110295,1,0
0,0,-1.215807496,-4.452722941,1,-1
1,1,-1.794794018,-5.789865217
0,0,0,0,1,0
0,0,-0.01116053332,-0.1116053332,2,0
0,0,-0.1136302096,-1.024696763,2,0
0,0,-0.3206212447,-2.069910351,2,0
0,0,-0.6641581494,-3.435369047,2,0
0,0,-1.169240418,-5.05082269,2,-1
1,1,-1.832049749,-6.628093305
0,0,0,0,1,0
0,0,-0.01140704503,-0.1140704503,2,0
0,0,-0.103923159,-0.9251611392,2,0
0,0,-0.3171560038,-2.132328449,1,0
0,0,-0.5938014641,-2.766454603,1,0
0,0,-0.9582790413,-3.644775771,0,0
0,0,-1.399299807,-4.410207653,2,-1
1,1,-1.992868158,-5.935683511
0,0,0,0,0,0
0,0,0.08367776389,0.8367776389,1,0
0,0,0.1751537687,0.9147600484,0,0
0,0,0.3751717575,2.000179888,2,0
0,0,0.5407681237,1.655963662,0,0
0,0,0.8519604195,3.111922957,0,0
0,0,1.325524641,4.735642217,0,-1
1,1,1.953439448,6.279148064
0,0,0,0,0,0
0,0,0.1054637548,1.054637548,2,0
0,0,0.1496893542,0.4422559944,0,0
0,0,0.310940985,1.612516308,1,0
0,0,0.5217146978,2.107737128,2,0
0,0,0.7249599905,2.032452927,0,0
0,0,1.100741622,3.757816313,1,-1
1,1,1.605999071,5.052574489
0,0,0,0,0,0
0,0,0.08623294024,0.8623294024,2,0
0,0,0.1037718817,0.175389415,0,0
0,0,0.2203053373,1.165334555,2,0
0,0,0.2745577482,0.5425241092,2,0
0,0,0.2845432334,0.09985485148,2,0
0,0,0.2556337306,-0.2890950278,1,0
0,0,0.2743242807,0.1869055016,1,0
0,0,0.3288248211,0.545005404,2,0
0,0,0.3409883521,0.1216353094,0,0
0,0,0.4800856986,1.390973466,0,0
0,0,0.7743631184,2.942774198,1,0
0,0,1.172202066,3.978389474,2,-1
1,1,1.674782178,5.025801122
0,0,0,0,1,0
0,0,-0.003330094003,-0.03330094003,0,0
0,0,0.07379516977,0.7712526377,1,0
0,0,0.1584812905,0.8468612073,1,0
0,0,0.2534578789,0.9497658835,1,0
0,0,0.3859000775,1.324421986,1,0
0,0,0.5716351653,1.857350878,2,0
0,0,0.782545417,2.109102517,0,0
0,0,1.150785071,3.682396544,0,-1
1,1,1.676457548,5.256724762
0,0,0,0,2,0
0,0,-0.07743339725,-0.7743339725,0,0
0,0,-0.06292929427,0.1450410298,0,0
0,0,0.01346714779,0.7639644206,0,0
0,0,0.1740360741,1.605689263,1,0
0,0,0.3769195845,2.028835104,2,0
0,0,0.5752539982,1.983344137,1,0
0,0,0.8502361388,2.749821406,1,0
0,0,1.247665215,3.974290759,1,-1
1,1,1.784057164,5.36391949
0,0,0,0,0,0
0,0,0.08456112371,0.8456112371,1,0
0,0,0.1794375713,0.9487644755,2,0
0,0,0.202896811,0.2345923976,1,0
0,0,0.2483660602,0.4546924913,1,0
0,0,0.3197327908,0.7136673061,2,0
0,0,0.3504341432,0.3070135247,2,0
0,0,0.3696311988,0.1919705557,2,0
0,0,0.3725936843,0.02962485507,1,0
0,0,0.4231386625,0.5054497822,0,0
0,0,0.6195958883,1.964572258,2,0
0,0,0.852811267,2.332153786,0,0
0,0,1.254880536,4.020692687,2,-1
1,1,1.7663893,5.11508764
0,0,0,0,2,0
0,0,-0.09818769124,-0.9818769124,0,0
0,0,-0.1175209659,-0.1933327462,0,0
0,0,-0.08362727112,0.3389369474,0,0
0,0,0.01798520302,1.016124741,0,0
0,0,0.2060859831,1.881007801,1,0
0,0,0.4253230542,2.192370711,0,0
0,0,0.7894629944,3.641399402,1,0
0,0,1.266127216,4.766642221,1,-1
1,1,1.870686431,6.045592148
0,0,0,0,2,0
0,0,-0.103037679,-1.03037679,1,0
0,0,-0.2074269431,-1.043892641,0,0
0,0,-0.276775016,-0.6934807289,0,0
0,0,-0.3161483877,-0.3937337172,1,0
0,0,-0.3996678017,-0.8351941397,1,0
0,0,-0.5446979005,-1.450300988,0,0
0,0,-0.7118552991,-1.671573986,2,0
0,0,-1.04300932,-3.311540209,1,0
0,0,-1.494195242,-4.51185922,1,-1
1,1,-2.090406934,-5.962116918
0,0,0,0,0,0
0,0,0.07627910183,0.7627910183,1,0
0,0,0.1529301308,0.7665102901,0,0
0,0,0.3578941295,2.049639986,2,0
0,0,0.5291726507,1.712785212,0,0
0,0,0.8519621696,3.227895189,2,0
0,0,1.226719871,3.74757701,2,-1
1,1,1.708621175,4.819013044
0,0,0,0,1,0
0,0,-0.01684717579,-0.1684717579,0,0
0,0,0.06916210517,0.8600928096,2,0
0,0,0.0627075266,-0.06454578569,1,0
0,0,0.07715414384,0.1444661723,0,0
0,0,0.2001914487,1.230373049,2,0
0,0,0.2638765265,0.6368507782,1,0
0,0,0.3617056198,0.9782909325,1,0
0,0,0.5057418622,1.440362424,2,0
0,0,0.650202598,1.444607359,2,0
0,0,0.8178221607,1.676195627,0,0
0,0,1.162925916,3.45103755,2,-1
1,1,1.603560706,4.406347905
0,0,0,0,1,0
0,0,0.01674007,0.1674007,0,0
0,0,0.1170361696,1.002960996,1,0
0,0,0.2276800215,1.10643852,0,0
0,0,0.4479168569,2.202368354,2,0
0,0,0.6676722944,2.197554375,1,0
0,0,0.9796836978,3.120114034,2,0
0,0,1.373027753,3.933440556,2,-1
1,1,1.892200843,5.191730899
0,0,0,0,2,0
0,0,-0.07509338545,-0.7509338545,2,0
0,0,-0.2589499036,-1.838565182,0,0
0,0,-0.4169766552,-1.580267516,1,0
0,0,-0.6302687708,-2.132921156,1,0
0,0,-0.947829504,-3.175607332,1,0
0,0,-1.376078931,-4.282494273,1,-1
1,1,-1.946159798,-5.700808665
0,0,0,0,0,0
0,0,0.1011514978,1.011514978,0,0
0,0,0.308287928,2.071364302,1,0
0,0,0.5609376819,2.526497539,2,0
0,0,0.8276629435,2.667252616,0,0
0,0,1.261374668,4.337117243,0,-1
1,1,1.855422112,5.94047444
0,0,0,0,1,0
0,0,0.00754173469,0.0754173469,2,0
0,0,-0.06614597311,-0.736877078,2,0
0,0,-0.2239563676,-1.578103945,2,0
0,0,-0.5118863319,-2.879299643,1,0
0,0,-0.8868637345,-3.749774026,0,0
0,0,-1.318345137,-4.314814028,1,-1
1,1,-1.886070136,-5.677249983
0,0,0,0,2,0
0,0,-0.08676581784,-0.8676581784,1,0
0,0,-0.1891912575,-1.024254396,0,0
0,0,-0.2285802429,-0.3938898543,1,0
0,0,-0.3125692229,-0.8398897997,1,0
0,0,-0.43645863,-1.238894071,2,0
0,0,-0.7066575847,-2.701989547,0,0
0,0,-1.017484749,-3.108271641,2,0
0,0,-1.488755067,-4.712703184,2,-1
1,1,-2.110345605,-6.215905378
0,0,0,0,2,0
0,0,-0.08661061409,-0.8661061409,2,0
0,0,-0.2868971723,-2.002865582,2,0
0,0,-0.6283054869,-3.414083146,1,0
0,0,-1.050440478,-4.221349914,1,-1
1,1,-1.585651965,-5.352114867
0,0,0,0,2,0
0,0,-0.09054410348,-0.9054410348,1,0
0,0,-0.2053377599,-1.147936565,2,0
0,0,-0.4377447617,-2.324070018,1,0
0,0,-0.7438082421,-3.060634804,1,0
0,0,-1.139081844,-3.952736019,0,-1
1,1,-1.632497241,-4.934153968
0,0,0,0,2,0
0,0,-0.08754218503,-0.8754218503,0,0
0,0,-0.09582740522,-0.08285220194,2,0
0,0,-0.2012548957,-1.054274905,2,0
0,0,-0.4367141169,-2.354592212,1,0
0,0,-0.7270195158,-2.903053989,0,0
0,0,-1.056619276,-3.2959976,0,0
0,0,-1.475781787,-4.191625116,2,-1
1,1,-2.047104194,-5.713224063
0,0,0,0,0,0
0,0,0.08339412206,0.8339412206,1,0
0,0,0.1717917735,0.8839765143,1,0
0,0,0.2896679121,1.178761386,0,0
0,0,0.5512058469,2.615379348,2,0
0,0,0.81479511,2.635892631,0,0
0,0,1.234475644,4.196805343,2,-1
1,1,1.760267824,5.257921794
0,0,0,0,2,0
0,0,-0.08699136709,-0.8699136709,0,0
0,0,-0.08435351766,0.02637849424,1,0
0,0,-0.1061298768,-0.2177635909,2,0
0,0,-0.2280912148,-1.21961338,1,0
0,0,-0.4020621551,-1.739709404,2,0
0,0,-0.7297076647,-3.276455095,0,0
0,0,-1.094079678,-3.643720129,2,-1
1,1,-1.621591462,-5.275117844
0,0,0,0,0,0
0,0,0.0784932322,0.784932322,0,0
0,0,0.2547792539,1.762860217,2,0
0,0,0.3964264007,1.416471468,1,0
0,0,0.6065401671,2.101137664,1,0
0,0,0.8996960762,2.931559091,2,0
0,0,1.265389623,3.656935471,2,-1
1,1,1.746069385,4.806797614
0,0,0,0,1,0
0,0,-0.01184713808,-0.1184713808,1,0
0,0,-0.03626570942,-0.2441857134,2,0
0,0,-0.1642588822,-1.279931728,0,0
0,0,-0.2252968222,-0.6103793998,2,0
0,0,-0.4088324767,-1.835356545,2,0
0,0,-0.721071092,-3.122386153,1,0
0,0,-1.141724975,-4.206538829,0,-1
1,1,-1.655786456,-5.140614813
0,0,0,0,1,0
0,0,0.01195179075,0.1195179075,1,0
0,0,0.03271925125,0.2076746051,2,0
0,0,-0.01833842566,-0.5105767691,0,0
0,0,0.02757627273,0.4591469839,2,0
0,0,0.002350620307,-0.2522565243,2,0
0,0,-0.1044644561,-1.068150764,1,0
0,0,-0.219252621,-1.147881649,0,0
0,0,-0.2934233604,-0.7417073948,2,0
0,0,-0.5031377661,-2.097144057,0,0
0,0,-0.7282576757,-2.251199096,1,0
0,0,-1.048094383,-3.198367072,0,0
0,0,-1.450635386,-4.025410031,1,-1
1,1,-1.99826718,-5.476317937
0,0,0,0,2,0
0,0,-0.07526836759,-0.7526836759,1,0
0,0,-0.177020231,-1.017518634,2,0
0,0,-0.3946396564,-2.176194254,1,0
0,0,-0.6656209354,-2.70981279,2,0
0,0,-1.099310976,-4.336900405,2,-1
1,1,-1.696417281,-5.971063055
0,0,0,0,2,0
0,0,-0.0873550337,-0.873550337,0,0
0,0,-0.09916294775,-0.1180791405,0,0
0,0,-0.05316275097,0.4600019678,1,0
0,0,-0.002988001411,0.5017474956,2,0
0,0,-0.04161606426,-0.3862806285,2,0
0,0,-0.1839324688,-1.423164045,2,0
0,0,-0.4394729752,-2.555405064,0,0
0,0,-0.6834646345,-2.439916593,0,0
0,0,-0.9626246384,-2.791600039,1,0
0,0,-1.356195367,-3.935707288,0,-1
1,1,-1.875475321,-5.192799539
0,0,0,0,1,0
0,0,-0.007007129233,-0.07007129233,1,0
0,0,-0.01260017481,-0.05593045575,1,0
0,0,-0.02999488711,-0.1739471231,2,0
0,0,-0.1340071896,-1.040123025,2,0
0,0,-0.3401001961,-2.060930064,1,0
0,0,-0.6095689742,-2.694687782,1,0
0,0,-0.9805771053,-3.710081311,2,0
0,0,-1.511231976,-5.30654871,2,-1
1,1,-2.190267181,-6.790352044
0,0,0,0,0,0
0,0,0.09461741823,0.9461741823,2,0
0,0,0.1315155412,0.3689812299,2,0
0,0,0.1042328456,-0.2728269558,1,0
0,0,0.08029397152,-0.2393887412,2,0
0,0,-0.007104411461,-0.8739838299,0,0
0,0,-0.02217527471,-0.1507086325,2,0
0,0,-0.1387068092,-1.165315345,0,0
0,0,-0.1832922215,-0.4458541229,0,0
0,0,-0.1625821031,0.2071011831,2,0
0,0,-0.2502475365,-0.8766543331,2,0
0,0,-0.4561739425,-2.059264061,0,0
0,0,-0.6625799038,-2.064059612,2,0
0,0,-1.034074559,-3.714946549,0,0
0,0,-1.482080414,-4.480058554,0,-1
1,1,-2.068380149,-5.862997351
0,0,0,0,2,0
0,0,-0.1055517791,-1.055517791,0,0
0,0,-0.1564149149,-0.5086313575,2,0
0,0,-0.3241589303,-1.677440155,1,0
0,0,-0.5383342097,-2.141752794,0,0
0,0,-0.77549524,-2.371610303,2,0
0,0,-1.179686642,-4.041914017,2,-1
1,1,-1.738676988,-5.589903461
0,0,0,0,1,0
0,0,-0.0007223261659,-0.007223261659,2,0
0,0,-0.08041988055,-0.7969755439,2,0
0,0,-0.2456508961,-1.652310156,1,0
0,0,-0.46350984,-2.178589439,0,0
0,0,-0.6709256167,-2.074157767,0,0
0,0,-0.8983645808,-2.274389641,1,0
0,0,-1.242128311,-3.437637302,2,-1
1,1,-1.749780022,-5.076517109
0,0,0,0,2,0
0,0,-0.07083638049,-0.7083638049,0,0
0,0,-0.0575519574,0.1328442309,0,0
0,0,0.02088200481,0.7843396221,0,0
0,0,0.1767399554,1.558579506,0,0
0,0,0.4419353708,2.651954154,2,0
0,0,0.6866384129,2.447030421,0,0
0,0,1.101830362,4.151919495,1,-1
1,1,1.642464004,5.406336411
0,0,0,0,0,0
0,0,0.09255194056,0.9255194056,1,0
0,0,0.2167696443,1.242177038,1,0
0,0,0.3856912663,1.68921622,0,0
0,0,0.6909783855,3.052871192,0,0
0,0,1.15744436,4.664659744,1,-1
1,1,1.752601703,5.951573436
0,0,0,0,0,0
0,0,0.07262192387,0.7262192387,1,0
0,0,0.1414728358,0.6885091192,0,0
0,0,0.3315806407,1.90107805,1,0
0,0,0.5861061363,2.545254956,2,0
0,0,0.8477985229,2.616923866,2,0
0,0,1.160644826,3.12846303,0,-1
1,1,1.632273328,4.716285021
0,0,0,0,2,0
0,0,-0.08729489248,-0.8729489248,1,0
0,0,-0.1870887018,-0.997938093,2,0
0,0,-0.4008425205,-2.137538187,0,0
0,0,-0.5882945287,-1.874520082,2,0
0,0,-0.9250760605,-3.367815318,2,0
0,0,-1.418314553,-4.932384922,2,-1
1,1,-2.062571908,-6.442573555
0,0,0,0,2,0
0,0,-0.09271039807,-0.9271039807,0,0
0,0,-0.111256818,-0.185464199,2,0
0,0,-0.2277939741,-1.165371562,0,0
0,0,-0.2871925837,-0.5939860953,0,0
0,0,-0.305835271,-0.186426873,2,0
0,0,-0.4515336428,-1.456983719,1,0
0,0,-0.6624777469,-2.109441041,0,0
0,0,-0.9086340409,-2.461562939,2,0
0,0,-1.322827918,-4.141938772,1,-1
1,1,-1.871651497,-5.488235789
0,0,0,0,2,0
0,0,-0.07263475485,-0.7263475485,0,0
0,0,-0.08280188817,-0.1016713332,0,0
0,0,-0.006748356255,0.7605353192,1,0
0,0,0.06272709781,0.6947545406,1,0
0,0,0.1537100097,0.9098291186,1,0
0,0,0.2569896225,1.032796129,2,0
0,0,0.3309031635,0.7391354102,2,0
0,0,0.3892690897,0.5836592619,2,0
0,0,0.4345202533,0.452511636,2,0
0,0,0.4694384709,0.3491821759,2,0
0,0,0.5136170679,0.4417859695,0,0
0,0,0.7060157954,1.923987276,0,0
0,0,1.065105255,3.590894594,1,0
0,0,1.546594209,4.814889541,1,-1
1,1,2.17402787,6.274336616
0,0,0,0,2,0
0,0,-0.0726692305,-0.726692305,1,0
0,0,-0.1466265241,-0.7395729358,2,0
0,0,-0.3333326614,-1.867061373,2,0
0,0,-0.6475512325,-3.142185711,0,0
0,0,-0.9911952305,-3.436439981,2,0
0,0,-1.499397731,-5.08202501,0,-1
1,1,-2.145366254,-6.459685224
0,0,0,0,2,0
0,0,-0.09273307844,-0.9273307844,1,0
0,0,-0.2155113572,-1.227782788,1,0
0,0,-0.3873298256,-1.718184684,1,0
0,0,-0.6196726611,-2.323428355,2,0
0,0,-1.00008957,-3.804169091,1,0
0,0,-1.507991503,-5.079019333,2,-1
1,1,-2.164671375,-6.566798711
0,0,0,0,1,0
0,0,0.002482992754,0.02482992754,0,0
0,0,0.1035118811,1.010288883,2,0
0,0,0.1471175499,0.4360566886,1,0
0,0,0.2166731999,0.6955564994,2,0
0,0,0.2515779446,0.349047447,0,0
0,0,0.4208560455,1.692781009,0,0
0,0,0.7260872798,3.052312343,2,0
0,0,1.059622639,3.335353594,2,0
0,0,1.483982295,4.243596559,0,-1
1,1,2.059666279,5.756839843
0,0,0,0,2,0
0,0,-0.09866342324,-0.9866342324,0,0
0,0,-0.1105268487,-0.1186342547,2,0
0,0,-0.2341743312,-1.236474825,2,0
0,0,-0.4685305388,-2.343562075,0,0
0,0,-0.6997568743,-2.312263355,0,0
0,0,-0.9688415314,-2.690846572,1,0
0,0,-1.358743702,-3.899021703,1,-1
1,1,-1.891349648,-5.326059461
0,0,0,0,2,0
0,0,-0.0729375506,-0.729375506,2,0
0,0,-0.2608336717,-1.878961211,2,0
0,0,-0.5641999472,-3.033662755,0,0
0,0,-0.8901690736,-3.259691265,0,0
0,0,-1.27393375,-3.837646765,1,-1
1,1,-1.79123794,-5.173041897
0,0,0,0,0,0
0,0,0.09379660607,0.9379660607,0,0
0,0,0.2765581646,1.827615585,0,0
0,0,0.5826856897,3.061275251,0,0
0,0,1.033743721,4.510580312,2,0
0,0,1.559575946,5.258322255,2,-1
1,1,2.231056904,6.714809578
0,0,0,0,1,0
0,0,-0.007893986579,-0.07893986579,2,0
0,0,-0.08902547409,-0.8113148751,1,0
0,0,-0.2000137248,-1.109882507,0,0
0,0,-0.2455212237,-0.4550749886,2,0
0,0,-0.4025203275,-1.569991038,0,0
0,0,-0.5298024217,-1.272820943,1,0
0,0,-0.7318438445,-2.020414227,1,0
0,0,-1.027712751,-2.95868906,0,0
0,0,-1.412044152,-3.843314017,0,-1
1,1,-1.927706551,-5.156623991
0,0,0,0,0,0
0,0,0.09977760733,0.9977760733,1,0
0,0,0.2112512517,1.114736443,1,0
0,0,0.3710362977,1.59785046,0,0
0,0,0.6825124264,3.114761288,2,0
0,0,1.025743731,3.432313049,2,0
0,0,1.449629047,4.238853158,2,-1
1,1,2.006027753,5.563987055
0,0,0,0,2,0
0,0,-0.08910216118,-0.8910216118,0,0
0,0,-0.1127984782,-0.23696317,1,0
0,0,-0.1524921925,-0.3969371429,0,0
0,0,-0.1247617971,0.2773039532,1,0
0,0,-0.1223255381,0.02436259069,0,0
0,0,-0.0472570521,0.7506848598,0,0
0,0,0.1079314782,1.551885303,0,0
0,0,0.3562246414,2.482931632,0,0
0,0,0.7333972737,3.771726323,2,0
0,0,1.140338099,4.069408248,2,-1
1,1,1.642318873,5.019807741
0,0,0,0,0,0
0,0,0.07680368727,0.7680368727,1,0
0,0,0.1616985109,0.8489482367,0,0
0,0,0.3760389833,2.143404724,2,0
0,0,0.5539414174,1.779024341,0,0
0,0,0.8880353175,3.340939001,1,0
0,0,1.344285325,4.56250007,2,-1
1,1,1.920981629,5.766963043
0,0,0,0,0,0
0,0,0.08628357381,0.8628357381,1,0
0,0,0.1957049648,1.09421391,2,0
0,0,0.2470904322,0.5138546739,2,0
0,0,0.259569762,0.1247932985,1,0
0,0,0.3189912805,0.5942151848,2,0
0,0,0.3369221623,0.1793088173,0,0
0,0,0.5076584039,1.707362416,1,0
0,0,0.7516243612,2.439659573,0,0
0,0,1.168551144,4.169267831,2,-1
1,1,1.689424076,5.208729321
0,0,0,0,1,0
0,0,0.01130022047,0.1130022047,0,0
0,0,0.1301931962,1.188929757,0,0
0,0,0.3472031508,2.170099546,0,0
0,0,0.706298167,3.590950162,0,0
0,0,1.214549274,5.082511066,2,-1
1,1,1.826321367,6.117720935
0,0,0,0,1,0
0,0,-0.004290725345,-0.04290725345,2,0
0,0,-0.1004816364,-0.9619091103,0,0
0,0,-0.1339528687,-0.3347123237,0,0
0,0,-0.09364534317,0.4030752558,1,0
0,0,-0.08664005556,0.07005287605,2,0
0,0,-0.1757593773,-0.8911932172,2,0
0,0,-0.3949691295,-2.192097522,0,0
0,0,-0.5922831218,-1.973139923,0,0
0,0,-0.8192876428,-2.27004521,0,0
0,0,-1.107836982,-2.885493387,2,0
0,0,-1.566344961,-4.58507979,1,-1
1,1,-2.171766333,-6.05421373
0,0,0,0,2,0
0,0,-0.08387644531,-0.8387644531,0,0
0,0,-0.1064648525,-0.2258840714,1,0
0,0,-0.1346292723,-0.2816441985,0,0
0,0,-0.09524570418,0.3938356813,2,0
0,0,-0.1469220263,-0.5167632207,0,0
0,0,-0.1333202661,0.1360176017,1,0
0,0,-0.1399450182,-0.06624752149,0,0
0,0,-0.08111927104,0.5882574719,2,0
0,0,-0.1298474971,-0.4872822605,0,0
0,0,-0.1011043019,0.2874319516,2,0
0,0,-0.1766616204,-0.755573185,2,0
0,0,-0.3596720111,-1.830103907,1,0
0,0,-0.6079363965,-2.482643854,2,0
0,0,-1.009714348,-4.017779512,0,0
0,0,-1.488606469,-4.788921212,2,-1
1,1,-2.117969579,-6.293631104
0,0,0,0,0,0
0,0,0.07725474467,0.7725474467,1,0
0,0,0.1553558782,0.7810113358,1,0
0,0,0.2586695576,1.033136793,0,0
0,0,0.4950006893,2.363311317,2,0
0,0,0.737353953,2.423532637,2,0
0,0,1.012451434,2.750974813,2,0
0,0,1.378583429,3.66131995,1,-1
1,1,1.884240598,5.056571683
0,0,0,0,1,0
0,0,0.01262050425,0.1262050425,2,0
0,0,-0.07590923505,-0.8852973931,2,0
0,0,-0.2489710835,-1.730618485,0,0
0,0,-0.3889297921,-1.399587086,0,0
0,0,-0.5213786509,-1.324488588,1,0
0,0,-0.7439061018,-2.225274509,1,0
0,0,-1.060398435,-3.16492333,1,0
0,0,-1.496316155,-4.359177202,1,-1
1,1,-2.077364777,-5.810486219
0,0,0,0,1,0
0,0,0.01559243135,0.1559243135,0,0
0,0,0.1235859151,1.079934838,1,0
0,0,0.2624952926,1.389093775,0,0
0,0,0.5164325472,2.539372546,2,0
0,0,0.7707232691,2.542907219,2,0
0,0,1.068817786,2.980945166,2,0
0,0,1.457113849,3.882960632,0,-1
1,1,1.997593116,5.404792669
0,0,0,0,0,0
0,0,0.07886067124,0.7886067124,1,0
0,0,0.1733573151,0.9449664386,1,0
0,0,0.306104859,1.327475439,0,0
0,0,0.5815333538,2.754284948,1,0
0,0,0.938026985,3.564936312,2,0
0,0,1.368926,4.308990148,0,-1
1,1,1.954489004,5.855630038
0,0,0,0,0,0
0,0,0.07182740103,0.7182740103,1,0
0,0,0.1461393382,0.7431193714,2,0
0,0,0.1507294506,0.04590112445,1,0
0,0,0.1709301018,0.2020065119,0,0
0,0,0.3207095132,1.497794114,1,0
0,0,0.5315005298,2.107910166,0,0
0,0,0.8923386536,3.608381238,2,0
0,0,1.311102262,4.187636083,0,-1
1,1,1.882377303,5.712750407
0,0,0,0,0,0
0,0,0.0730167929,0.730167929,0,0
0,0,0.2579527964,1.849360035,0,0
0,0,0.5662649882,3.083121918,2,0
0,0,0.8715935809,3.053285927,2,0
0,0,1.247791307,3.761977263,2,-1
1,1,1.731553659,4.837623514
0,0,0,0,0,0
0,0,0.07368373663,0.7368373663,2,0
0,0,0.08053520161,0.06851464974,0,0
0,0,0.171747172,0.9121197041,1,0
0,0,0.2993112651,1.275640931,2,0
0,0,0.3868275468,0.8751628175,2,0
0,0,0.4513571924,0.6452964559,2,0
0,0,0.5047624687,0.5340527628,1,0
0,0,0.647108256,1.423457873,1,0
0,0,0.8965279003,2.494196443,1,0
0,0,1.271735307,3.752074069,2,-1
1,1,1.759895678,4.881603713
0,0,0,0,0,0
0,0,0.09585053433,0.9585053433,2,0
0,0,0.1343270306,0.384764963,0,0
0,0,0.2799791375,1.456521068,0,0
0,0,0.5467425852,2.667634477,1,0
0,0,0.8884431491,3.41700564,2,0
0,0,1.289382866,4.009397167,0,-1
1,1,1.845897388,5.565145223
0,0,0,0,0,0
0,0,0.09878673003,0.9878673003,0,0
0,0,0.3005109357,2.017242057,2,0
0,0,0.4762832917,1.757723559,2,0
0,0,0.6642171479,1.879338562,0,0
0,0,1.026681925,3.624647766,0,0
0,0,1.545504904,5.1882298,2,-1
1,1,2.208485876,6.629809716
0,0,0,0,1,0
0,0,-0.003696750909,-0.03696750909,0,0
0,0,0.09708050752,1.007772584,2,0
0,0,0.1163746583,0.1929415074,0,0
0,0,0.2301254378,1.137507796,1,0
0,0,0.3780222332,1.478967954,0,0
0,0,0.6696558979,2.916336647,2,0
0,0,0.9822718325,3.126159346,0,0
0,0,1.455541092,4.732692591,1,-1
1,1,2.071787513,6.16246421
0,0,0,0,0,0
0,0,0.0783937666,0.783937666,1,0
0,0,0.1808019818,1.024082152,1,0
0,0,0.3131419634,1.323399815,1,0
0,0,0.4834650283,1.70323065,2,0
0,0,0.6508977995,1.674327711,1,0
0,0,0.9129041297,2.620063302,1,0
0,0,1.291888164,3.789840343,0,-1
1,1,1.829411561,5.375233967
0,0,0,0,1,0
0,0,-0.006419793526,-0.06419793526,0,0
0,0,0.08444750791,0.9086730143,1,0
0,0,0.2043548984,1.199073905,2,0
0,0,0.2757049236,0.7135002517,1,0
0,0,0.4058000561,1.300951325,2,0
0,0,0.521795235,1.15995179,1,0
0,0,0.7098025123,1.880072773,0,0
0,0,1.06126453,3.514620173,2,0
0,0,1.498062639,4.367981097,2,-1
1,1,2.074082292,5.760196523
0,0,0,0,1,0
0,0,0.0006552656434,0.006552656434,1,0
0,0,0.01778072161,0.1712545597,1,0
0,0,0.05456664413,0.3678592252,0,0
0,0,0.181214963,1.266483189,1,0
0,0,0.3309516237,1.497366606,1,0
0,0,0.5353483908,2.043967671,1,0
0,0,0.8293557211,2.940073303,2,0
0,0,1.177909567,3.485538463,0,-1
1,1,1.685817853,5.079082852
0,0,0,0,1,0
0,0,0.0162627421,0.162627421,0,0
0,0,0.1061266907,0.8986394857,1,0
0,0,0.2008711938,0.9474450315,0,0
0,0,0.4119390207,2.110678269,0,0
0,0,0.7676851004,3.557460797,1,0
0,0,1.226166652,4.584815515,0,-1
1,1,1.844896912,6.187302604
0,0,0,0,0,0
0,0,0.09966590421,0.9966590421,1,0
0,0,0.2236347104,1.239688062,0,0
0,0,0.4870054062,2.633706959,1,0
0,0,0.8349611356,3.479557293,1,0
0,0,1.284595196,4.496340608,0,-1
1,1,1.893349898,6.087547016
0,0,0,0,0,0
0,0,0.07611101766,0.7611101766,2,0
0,0,0.06885885357,-0.07252164095,1,0
0,0,0.07067696258,0.01818109009,1,0
0,0,0.08938364661,0.1870668404,1,0
0,0,0.134796291,0.4541264438,2,0
0,0,0.10275399,-0.3204230099,0,0
0,0,0.1683381094,0.6558411937,1,0
0,0,0.2472960506,0.7895794123,0,0
0,0,0.4641780875,2.168820369,1,0
0,0,0.7421250928,2.779470053,0,0
0,0,1.189398636,4.47273543,0,-1
1,1,1.795019287,6.056206514
0,0,0,0,2,0
0,0,-0.08542503379,-0.8542503379,2,0
0,0,-0.2814769085,-1.960518747,1,0
0,0,-0.5232277418,-2.417508332,1,0
0,0,-0.8348347191,-3.116069773,1,0
0,0,-1.26287073,-4.280360112,1,-1
1,1,-1.821127999,-5.582572688
0,0,0,0,1,0
0,0,0.01317537243,0.1317537243,2,0
0,0,-0.07456567189,-0.8774104432,2,0
0,0,-0.2763449914,-2.017793195,2,0
0,0,-0.6010486729,-3.247036815,2,0
0,0,-1.085848614,-4.847999412,0,-1
1,1,-1.655045944,-5.691973298
0,0,0,0,1,0
0,0,0.008857824003,0.08857824003,1,0
0,0,0.0286027419,0.1974491789,0,0
0,0,0.1295262666,1.009235247,2,0
0,0,0.1573654556,0.2783918894,0,0
0,0,0.3022844447,1.449189891,0,0
0,0,0.5726371341,2.703526894,2,0
0,0,0.8534406035,2.808034694,1,0
0,0,1.237850902,3.844102988,1,-1
1,1,1.754181692,5.163307902
0,0,0,0,1,0
0,0,-0.01614190815,-0.1614190815,0,0
0,0,0.06154464563,0.7768655378,2,0
0,0,0.04889205795,-0.1265258768,2,0
0,0,-0.05100098789,-0.9989304583,0,0
0,0,-0.08385614874,-0.3285516086,2,0
0,0,-0.2062595319,-1.224033831,0,0
0,0,-0.2709930918,-0.6473355997,1,0
0,0,-0.3693657988,-0.9837270698,1,0
0,0,-0.531840258,-1.624744592,1,0
0,0,-0.7743073498,-2.424670918,0,0
0,0,-1.067346227,-2.930388773,2,0
0,0,-1.524210724,-4.568644968,1,-1
1,1,-2.12662347,-6.024127461
0,0,0,0,1,0
0,0,-0.006256013105,-0.06256013105,1,0
0,0,-0.0285517954,-0.2229578229,0,0
0,0,0.02125810055,0.4980989595,1,0
0,0,0.07302064919,0.5176254864,2,0
0,0,0.06551785294,-0.07502796256,1,0
0,0,0.06455947009,-0.009583828434,2,0
0,0,-0.001767930163,-0.6632740026,0,0
0,0,0.03680174511,0.3856967527,1,0
0,0,0.07340936193,0.3660761682,1,0
0,0,0.1107636356,0.373542737,2,0
0,0,0.08037405948,-0.3038957616,2,0
0,0,-0.04015618305,-1.205302425,0,0
0,0,-0.06410241732,-0.2394623427,1,0
0,0,-0.1100954451,-0.4599302782,2,0
0,0,-0.2705001791,-1.60404734,2,0
0,0,-0.5597994636,-2.892992845,0,0
0,0,-0.8569688093,-2.971693457,2,0
0,0,-1.324845534,-4.67876725,0,-1
1,1,-1.911496621,-5.866510869
0,0,0,0,1,0
0,0,-0.01063505232,-0.1063505232,2,0
0,0,-0.1136840855,-1.030490332,0,0
0,0,-0.1590388866,-0.4535480106,1,0
0,0,-0.2151849551,-0.5614606856,0,0
0,0,-0.2126723749,0.02512580226,2,0
0,0,-0.3467650366,-1.340926616,0,0
0,0,-0.4548620005,-1.080969639,0,0
0,0,-0.5624543951,-1.075923946,2,0
0,0,-0.8160617123,-2.536073171,2,0
0,0,-1.228932176,-4.12870464,0,-1
1,1,-1.751167526,-5.222353502
0,0,0,0,0,0
0,0,0.1020524596,1.020524596,2,0
0,0,0.1414162629,0.3936380324,0,0
0,0,0.3060109864,1.645947235,0,0
0,0,0.5882497441,2.822387577,1,0
0,0,0.9613729792,3.731232351,2,0
0,0,1.41097911,4.496061306,2,-1
1,1,1.990007155,5.790280452
0,0,0,0,0,0
0,0,0.09374857693,0.9374857693,0,0
0,0,0.3048431595,2.110945825,1,0
0,0,0.5575279432,2.526847837,2,0
0,0,0.827477908,2.699499648,1,0
0,0,1.210368616,3.828907076,0,-1
1,1,1.750651464,5.402828486
0,0,0,0,0,0
0,0,0.08725730039,0.8725730039,0,0
0,0,0.2599884884,1.72731188,0,0
0,0,0.5690489328,3.090604444,0,0
0,0,1.042739139,4.73690206,0,-1
1,1,1.671541172,6.288020333
0,0,0,0,1,0
0,0,0.009089329888,0.09089329888,1,0
0,0,0.03355195954,0.2446262965,2,0
0,0,-0.01108771875,-0.4463967829,2,0
0,0,-0.1603511124,-1.492633936,1,0
0,0,-0.3347757372,-1.744246249,0,0
0,0,-0.4679134971,-1.331377598,0,0
0,0,-0.5918103007,-1.238968036,0,0
0,0,-0.7246640936,-1.328537929,1,0
0,0,-0.9698492916,-2.45185198,0,0
0,0,-1.294790438,-3.249411465,2,-1
1,1,-1.776383301,-4.815928633
0,0,0,0,1,0
0,0,-0.01718227967,-0.1718227967,1,0
0,0,-0.03457658904,-0.1739430937,0,0
0,0,0.0355932344,0.7016982344,2,0
0,0,0.008223631913,-0.2736960249,1,0
0,0,-0.01359723816,-0.2182087007,1,0
0,0,-0.03963978512,-0.2604254696,1,0
0,0,-0.07970982816,-0.4007004304,2,0
0,0,-0.2132567792,-1.33546951,2,0
0,0,-0.4543050913,-2.410483121,1,0
0,0,-0.7536925144,-2.993874231,0,0
0,0,-1.101998337,-3.483058222,0,0
0,0,-1.543502925,-4.415045881,2,-1
1,1,-2.133593469,-5.900905445
0,0,0,0,0,0
0,0,0.1011029615,1.011029615,0,0
0,0,0.3026144483,2.015114868,2,0
0,0,0.4776300537,1.750156054,0,0
0,0,0.7933715812,3.157415275,1,0
0,0,1.205300849,4.119292673,2,-1
1,1,1.718008699,5.127078503
0,0,0,0,2,0
0,0,-0.1011384296,-1.011384296,2,0
0,0,-0.2945899034,-1.934514738,1,0
0,0,-0.5318506635,-2.372607602,0,0
0,0,-0.7740786537,-2.422279902,2,0
0,0,-1.187594635,-4.135159809,0,-1
1,1,-1.701907902,-5.143132673
0,0,0,0,1,0
0,0,0.0133974946,0.133974946,2,0
0,0,-0.05823774815,-0.7163524275,1,0
0,0,-0.1273186342,-0.6908088602,0,0
0,0,-0.1274993887,-0.001807544863,1,0
0,0,-0.1538356374,-0.2633624877,1,0
0,0,-0.2104772436,-0.5664160621,2,0
0,0,-0.3962307074,-1.857534637,2,0
0,0,-0.7394105054,-3.43179798,0,0
0,0,-1.118487102,-3.790765965,1,-1
1,1,-1.631143895,-5.12656793
0,0,0,0,0,0
0,0,0.1021619135,1.021619135,0,0
0,0,0.3239330848,2.217711713,2,0
0,0,0.5085380488,1.84604964,1,0
0,0,0.7729980488,2.644600001,2,0
0,0,1.09153841,3.185403611,1,0
0,0,1.542466593,4.509281826,0,-1
1,1,2.141266074,5.987994816
0,0,0,0,0,0
0,0,0.09320555642,0.9320555642,2,0
0,0,0.1275585767,0.3435302032,1,0
0,0,0.1888858322,0.6132725548,2,0
0,0,0.2045078328,0.1562200057,0,0
0,0,0.3510141086,1.465062758,0,0
0,0,0.6457899788,2.947758702,0,0
0,0,1.093037357,4.472473786,1,-1
1,1,1.66282383,5.697864724
0,0,0,0,2,0
0,0,-0.1049811883,-1.049811883,0,0
0,0,-0.1522657969,-0.4728460855,1,0
0,0,-0.238470463,-0.8620466611,2,0
0,0,-0.4505639879,-2.120935249,2,0
0,0,-0.8154536824,-3.648896945,0,0
0,0,-1.232436912,-4.1698323,1,-1
1,1,-1.779619136,-5.471822233
0,0,0,0,2,0
0,0,-0.07859840438,-0.7859840438,1,0
0,0,-0.1737642721,-0.9516586773,0,0
0,0,-0.2057632486,-0.3199897653,1,0
0,0,-0.2805660555,-0.7480280689,1,0
0,0,-0.3978353259,-1.172692704,1,0
0,0,-0.5779794921,-1.801441662,0,0
0,0,-0.7618502895,-1.838707973,2,0
0,0,-1.121865186,-3.600148961,2,-1
1,1,-1.642140207,-5.202750215
0,0,0,0,0,0
0,0,0.103695334,1.03695334,0,0
0,0,0.3055579905,2.018626565,1,0
0,0,0.5417575662,2.361995757,1,0
0,0,0.8451111184,3.033535522,0,0
0,0,1.320571328,4.754602097,0,-1
1,1,1.953499096,6.329277675
0,0,0,0,1,0
0,0,0.01685093822,0.1685093822,2,0
0,0,-0.05839665875,-0.7524759697,0,0
0,0,-0.06388225761,-0.05485598865,1,0
0,0,-0.08884875391,-0.249664963,0,0
0,0,-0.02704549354,0.6180326037,2,0
0,0,-0.04474797858,-0.1770248503,1,0
0,0,-0.05982471663,-0.1507673805,2,0
0,0,-0.1769423653,-1.171176487,1,0
0,0,-0.3152495258,-1.383071604,0,0
0,0,-0.4247080612,-1.094585355,2,0
0,0,-0.6918497948,-2.671417335,0,0
0,0,-1.001057357,-3.092075621,0,0
0,0,-1.391398441,-3.903410837,0,-1
1,1,-1.907476369,-5.160779286
0,0,0,0,1,0
0,0,0.008484937222,0.08484937222,0,0
0,0,0.1201290853,1.116441481,1,0
0,0,0.2377545341,1.176254488,2,0
0,0,0.3207115495,0.829570154,2,0
0,0,0.3594320382,0.387204887,0,0
0,0,0.5230259944,1.635939562,1,0
0,0,0.7811922003,2.581662059,2,0
0,0,1.089406848,3.082146473,0,0
0,0,1.561102944,4.716960963,0,-1
1,1,2.180226385,6.19123441
0,0,0,0,1,0
0,0,-0.01735964644,-0.1735964644,1,0
0,0,-0.05482536678,-0.3746572034,0,0
0,0,0.00281365026,0.5763901704,2,0
0,0,-0.0201589424,-0.2297259266,0,0
0,0,0.03476031795,0.5491926035,0,0
0,0,0.1823213205,1.475610025,1,0
0,0,0.370015183,1.876938625,2,0
0,0,0.5236112742,1.535960913,2,0
0,0,0.6987215394,1.751102652,1,0
0,0,0.9825782061,2.838566667,2,0
0,0,1.346026077,3.63447871,2,-1
1,1,1.830161537,4.841354604
0,0,0,0,1,0
0,0,0.004848387987,0.04848387987,0,0
0,0,0.09434991752,0.8950152953,2,0
0,0,0.1000430053,0.05693087801,1,0
0,0,0.1341396079,0.3409660253,2,0
0,0,0.1164124612,-0.1772714663,2,0
0,0,0.03743357471,-0.7897888651,2,0
0,0,-0.1338607563,-1.71294331,0,0
0,0,-0.2409415107,-1.070807544,1,0
0,0,-0.3896577287,-1.48716218,0,0
0,0,-0.5232805238,-1.336227951,0,0
0,0,-0.6722522501,-1.489717263,0,0
0,0,-0.8583432538,-1.860910037,2,0
0,0,-1.203783918,-3.45440664,2,-1
1,1,-1.708604681,-5.048207636
0,0,0,0,1,0
0,0,-0.007272353714,-0.07272353714,0,0
0,0,0.06881976608,0.7609211979,0,0
0,0,0.2327927645,1.639729985,0,0
0,0,0.5233373442,2.905445796,1,0
0,0,0.881203043,3.578656989,1,0
0,0,1.347110905,4.659078617,1,-1
1,1,1.952783134,6.056722293
0,0,0,0,1,0
0,0,-0.007309089825,-0.07309089825,2,0
0,0,-0.1184451927,-1.111361028,1,0
0,0,-0.2614596502,-1.430144575,0,0
0,0,-0.3476642645,-0.8620461427,1,0
0,0,-0.5022589293,-1.545946648,2,0
0,0,-0.7994185803,-2.97159651,2,0
0,0,-1.261924018,-4.625054374,0,-1
1,1,-1.834392898,-5.724688802
0,0,0,0,1,0
0,0,-0.009308240706,-0.09308240706,1,0
0,0,-0.01015320354,-0.00844962837,1,0
0,0,-0.03011572769,-0.1996252414,0,0
0,0,0.04087849968,0.7099422737,0,0
0,0,0.2102858017,1.69407302,0,0
0,0,0.5098164119,2.995306102,0,0
0,0,0.9538889505,4.440725386,2,0
0,0,1.457622984,5.037340333,0,-1
1,1,2.112753458,6.551304739
0,0,0,0,0,0
0,0,0.09822552672,0.9822552672,0,0
0,0,0.2922856042,1.940600775,1,0
0,0,0.5189863941,2.267007899,1,0
0,0,0.832768206,3.13781812,2,0
0,0,1.192800716,3.600325097,1,-1
1,1,1.682301778,4.89501062
0,0,0,0,0,0
0,0,0.07390146787,0.7390146787,2,0
0,0,0.08042462361,0.0652315574,2,0
0,0,-0.0008076022032,-0.8123222582,2,0
0,0,-0.1614466921,-1.606390899,0,0
0,0,-0.2622413739,-1.007946818,0,0
0,0,-0.3074388898,-0.451975159,1,0
0,0,-0.3961958237,-0.8875693389,1,0
0,0,-0.5357696465,-1.395738228,1,0
0,0,-0.7456867211,-2.099170745,1,0
0,0,-1.055038801,-3.093520801,0,0
0,0,-1.459962087,-4.049232855,0,-1
1,1,-1.999608992,-5.396469053
0,0,0,0,0,0
0,0,0.08806933774,0.8806933774,2,0
0,0,0.1161291421,0.280598044,2,0
0,0,0.08686780211,-0.2926134003,0,0
0,0,0.1677997883,0.8093198619,2,0
0,0,0.2066443982,0.3884460989,1,0
0,0,0.2899577271,0.8331332894,0,0
0,0,0.5003123351,2.103546079,2,0
0,0,0.7188107435,2.184984084,0,0
0,0,1.098796224,3.799854804,1,-1
1,1,1.60192113,5.031249064
0,0,0,0,2,0
0,0,-0.07809998382,-0.7809998382,2,0
0,0,-0.2561029037,-1.780029198,1,0
0,0,-0.4803888128,-2.242859092,2,0
0,0,-0.8566528153,-3.762640025,1,0
0,0,-1.337836901,-4.811840854,2,-1
1,1,-1.970990121,-6.331532205
0,0,0,0,1,0
0,0,0.01580037033,0.1580037033,2,0
0,0,-0.05661360419,-0.7241397452,0,0
0,0,-0.061658612,-0.05045007814,2,0
0,0,-0.16182793,-1.00169318,1,0
0,0,-0.2943089843,-1.324810543,2,0
0,0,-0.5693959531,-2.750869688,2,0
0,0,-1.001752085,-4.323561323,0,0
0,0,-1.505136147,-5.033840617,0,-1
1,1,-2.147264975,-6.421288279
0,0,0,0,2,0
0,0,-0.0960530723,-0.960530723,1,0
0,0,-0.2096127633,-1.13559691,1,0
0,0,-0.3633991427,-1.537863794,0,0
0,0,-0.4839101898,-1.205110471,1,0
0,0,-0.6793621824,-1.954519926,1,0
0,0,-0.9775943151,-2.982321328,0,0
0,0,-1.354844089,-3.772497743,1,-1
1,1,-1.869860528,-5.150164385
0,0,0,0,0,0
0,0,0.09664941029,0.9664941029,1,0
0,0,0.2085471315,1.118977212,0,0
0,0,0.4390042397,2.304571082,2,0
0,0,0.6736817853,2.346775456,1,0
0,0,1.008811269,3.351294838,1,0
0,0,1.470589503,4.617782342,1,-1
1,1,2.074655253,6.040657502
0,0,0,0,2,0
0,0,-0.09491755652,-0.9491755652,0,0
0,0,-0.1086709391,-0.1375338259,2,0
0,0,-0.213278088,-1.046071489,1,0
0,0,-0.3437019445,-1.304238565,0,0
0,0,-0.4386743927,-0.9497244823,1,0
0,0,-0.5902574298,-1.515830371,2,0
0,0,-0.8968482206,-3.065907908,2,0
0,0,-1.366311719,-4.694634984,1,-1
1,1,-1.976855439,-6.105437197
0,0,0,0,0,0
0,0,0.09913531754,0.9913531754,2,0
0,0,0.114356921,0.1522160347,2,0
0,0,0.06135422762,-0.530026934,0,0
0,0,0.1088597014,0.4750547378,0,0
0,0,0.2675799099,1.587202085,1,0
0,0,0.463147348,1.955674381,0,0
0,0,0.8058491054,3.427017574,1,0
0,0,1.24466106,4.388119547,1,-1
1,1,1.817769681,5.731086211
0,0,0,0,2,0
0,0,-0.08804225638,-0.8804225638,0,0
0,0,-0.09289510266,-0.04852846284,1,0
0,0,-0.1137370597,-0.2084195701,0,0
0,0,-0.07864304292,0.3509401675,1,0
0,0,-0.0423825283,0.3626051462,2,0
0,0,-0.08973166365,-0.4734913534,2,0
0,0,-0.2293325283,-1.396008646,0,0
0,0,-0.3204123536,-0.9107982529,2,0
0,0,-0.5506106467,-2.301982932,0,0
0,0,-0.7928492542,-2.422386075,2,0
0,0,-1.189708975,-3.968597211,2,-1
1,1,-1.746236305,-5.565273294
0,0,0,0,2,0
0,0,-0.07129851014,-0.7129851014,0,0
0,0,-0.0643383636,0.06960146539,0,0
0,0,0.03422973795,0.9856810155,0,0
0,0,0.2343416305,2.001118926,1,0
0,0,0.4631627055,2.28821075,2,0
0,0,0.6878084895,2.24645784,1,0
0,0,1.021129892,3.33321403,1,0
0,0,1.480320761,4.591908688,1,-1
1,1,2.084222914,6.039021529
0,0,0,0,1,0
0,0,-0.005013345253,-0.05013345253,1,0
0,0,-0.0211585458,-0.1614520054,1,0
0,0,-0.02997132727,-0.0881278147,1,0
0,0,-0.0278994135,0.02071913764,0,0
0,0,0.04641783224,0.7431724574,2,0
0,0,0.0489858849,0.02568052658,0,0
0,0,0.1483761237,0.9939023882,0,0
0,0,0.3457445046,1.973683808,1,0
0,0,0.5840259113,2.382814068,2,0
0,0,0.8478206053,2.63794694,0,0
0,0,1.273026126,4.252055209,2,-1
1,1,1.80623473,5.332086033
0,0,0,0,0,0
0,0,0.07875990454,0.7875990454,0,0
0,0,0.2603545953,1.815946908,1,0
0,0,0.4954470444,2.350924491,0,0
0,0,0.8793556716,3.839086272,1,0
0,0,1.377103625,4.97747953,2,-1
1,1,1.996383467,6.192798425
0,0,0,0,2,0
0,0,-0.07780269648,-0.7780269648,0,0
0,0,-0.08256888433,-0.04766187847,1,0
0,0,-0.0868953145,-0.04326430176,2,0
0,0,-0.1874457548,-1.005504403,2,0
0,0,-0.3957953097,-2.083495549,0,0
0,0,-0.5975221657,-2.017268559,0,0
0,0,-0.8204042382,-2.228820726,0,0
0,0,-1.108394281,-2.879900424,0,0
0,0,-1.492006701,-3.836124204,2,-1
1,1,-2.025583877,-5.335771758
0,0,0,0,2,0
0,0,-0.0941960501,-0.941960501,1,0
0,0,-0.1978146028,-1.036185527,0,0
0,0,-0.2618931476,-0.6407854472,1,0
0,0,-0.3634806536,-1.01587506,0,0
0,0,-0.4450928691,-0.8161221549,0,0
0,0,-0.5085581648,-0.6346529577,2,0
0,0,-0.7223939283,-2.138357635,0,0
0,0,-0.9765165001,-2.541225718,0,0
0,0,-1.302790773,-3.262742727,2,-1
1,1,-1.785678668,-4.828878956
0,0,0,0,0,0
0,0,0.09854824372,0.9854824372,0,0
0,0,0.2864657402,1.879174965,0,0
0,0,0.6114847456,3.250190054,1,0
0,0,1.012829663,4.013449174,1,0
0,0,1.528367234,5.155375713,0,-1
1,1,2.192789406,6.644221717
0,0,0,0,1,0
0,0,0.005254315636,0.05254315636,2,0
0,0,-0.06466608668,-0.6992040231,1,0
0,0,-0.1319151977,-0.6724911106,2,0
0,0,-0.305041222,-1.731260243,2,0
0,0,-0.6020860445,-2.970448225,0,0
0,0,-0.9181330642,-3.160470197,0,0
0,0,-1.303918004,-3.857849403,0,-1
1,1,-1.807577115,-5.03659111
0,0,0,0,2,0
0,0,-0.1050218376,-1.050218376,1,0
0,0,-0.2125034984,-1.074816608,1,0
0,0,-0.3466389459,-1.341354476,0,0
0,0,-0.4645202647,-1.178813187,2,0
0,0,-0.7278241725,-2.633039078,1,0
0,0,-1.080373128,-3.525489559,2,-1
1,1,-1.601935261,-5.21562133
0,0,0,0,0,0
0,0,0.09349927049,0.9349927049,0,0
0,0,0.3035824029,2.100831324,2,0
0,0,0.4731358746,1.695534717,1,0
0,0,0.7305760465,2.574401719,2,0
0,0,1.033532726,3.0295668,1,0
0,0,1.466193798,4.326610719,0,-1
1,1,2.050632257,5.84438459
0,0,0,0,2,0
0,0,-0.09529124324,-0.9529124324,2,0
0,0,-0.2992042981,-2.039130549,1,0
0,0,-0.5678950076,-2.686907095,0,0
0,0,-0.8468102527,-2.789152451,1,0
0,0,-1.227380284,-3.805700318,1,-1
1,1,-1.741647993,-5.142677087
0,0,0,0,2,0
0,0,-0.07576327861,-0.7576327861,2,0
0,0,-0.2391165848,-1.633533061,2,0
0,0,-0.5323505242,-2.932339395,1,0
0,0,-0.9174062635,-3.850557393,0,0
0,0,-1.368470941,-4.510646771,2,-1
1,1,-1.974328946,-6.058580049
0,0,0,0,1,0
0,0,0.01761582093,0.1761582093,0,0
0,0,0.1094625212,0.9184670032,1,0
0,0,0.2049790543,0.9551653301,0,0
0,0,0.4103603856,2.053813313,0,0
0,0,0.7576449745,3.472845889,0,0
0,0,1.269964572,5.123195973,1,-1
1,1,1.912374691,6.424101195
0,0,0,0,0,0
0,0,0.08173115329,0.8173115329,1,0
0,0,0.1616473836,0.7991623031,1,0
0,0,0.2700095111,1.083621275,0,0
0,0,0.4911455497,2.211360386,1,0
0,0,0.7740431669,2.828976172,0,0
0,0,1.221601556,4.475583895,1,-1
1,1,1.797706698,5.76105142
0,0,0,0,2,0
0,0,-0.07598037474,-0.7598037474,0,0
0,0,-0.08496230344,-0.08981928707,2,0
0,0,-0.1991205688,-1.141582654,0,0
0,0,-0.268910763,-0.6979019412,0,0
0,0,-0.2953452192,-0.2643445627,1,0
0,0,-0.365435969,-0.7009074975,1,0
0,0,-0.5014637501,-1.360277811,0,0
0,0,-0.6301279501,-1.286642001,2,0
0,0,-0.9131719533,-2.830440032,2,0
0,0,-1.360183242,-4.470112889,0,-1
1,1,-1.931745438,-5.715621962
0,0,0,0,0,0
0,0,0.08776797588,0.8776797588,1,0
0,0,0.19663319,1.088652141,1,0
0,0,0.3230052006,1.263720106,2,0
0,0,0.4180098545,0.9500465395,1,0
0,0,0.5662542047,1.482443502,1,0
0,0,0.8135690922,2.473148875,0,0
0,0,1.236848556,4.232794642,2,-1
1,1,1.769356188,5.325076314
0,0,0,0,2,0
0,0,-0.08661354476,-0.8661354476,2,0
0,0,-0.2784252883,-1.918117436,2,0
0,0,-0.6120983247,-3.336730364,2,0
0,0,-1.090072847,-4.779745227,0,-1
1,1,-1.647277423,-5.572045757
0,0,0,0,0,0
0,0,0.09632077206,0.9632077206,2,0
0,0,0.1103733641,0.14052592,1,0
0,0,0.1565423842,0.4616902015,0,0
0,0,0.3335923151,1.770499308,0,0
0,0,0.6591087658,3.255164507,2,0
0,0,1.014823329,3.557145628,2,0
0,0,1.457986931,4.431636022,1,-1
1,1,2.04587925,5.878923194
0,0,0,0,2,0
0,0,-0.1004701525,-1.004701525,0,0
0,0,-0.1457701724,-0.453000199,0,0
0,0,-0.1225587744,0.2321139802,2,0
0,0,-0.2134315558,-0.9087278135,1,0
0,0,-0.3503340476,-1.369024918,1,0
0,0,-0.543420011,-1.930859634,1,0
0,0,-0.806755733,-2.63335722,2,0
0,0,-1.22565795,-4.189022165,1,-1
1,1,-1.778632643,-5.529746933
0,0,0,0,2,0
0,0,-0.09768183236,-0.9768183236,0,0
0,0,-0.1350037803,-0.3732194794,2,0
0,0,-0.2916608328,-1.566570525,1,0
0,0,-0.4958586397,-2.041978069,0,0
0,0,-0.6963681867,-2.00509547,1,0
0,0,-0.993395579,-2.970273923,1,0
0,0,-1.41092764,-4.175320611,1,-1
1,1,-1.972110037,-5.611823966
0,0,0,0,1,0
0,0,0.009727558881,0.09727558881,1,0
0,0,0.03217294901,0.2244539013,2,0
0,0,-0.03679683493,-0.6896978394,2,0
0,0,-0.2058143545,-1.690175195,1,0
0,0,-0.3940469544,-1.882325999,0,0
0,0,-0.5710291593,-1.769822049,2,0
0,0,-0.8935345048,-3.225053455,1,0
0,0,-1.327837384,-4.343028788,2,-1
1,1,-1.920783306,-5.929459219
0,0,0,0,2,0
0,0,-0.0799708713,-0.799708713,2,0
0,0,-0.2770841157,-1.971132444,1,0
0,0,-0.5198042758,-2.427201601,1,0
0,0,-0.8262047978,-3.06400522,1,0
0,0,-1.234269121,-4.080643236,0,-1
1,1,-1.745941087,-5.116719659
0,0,0,0,1,0
0,0,-0.0004202470664,-0.004202470664,1,0
0,0,-0.003247765381,-0.02827518315,2,0
0,0,-0.10916269,-1.059149246,2,0
0,0,-0.3287850578,-2.196223678,2,0
0,0,-0.6700345763,-3.412495185,0,0
0,0,-1.035239472,-3.652048961,2,0
0,0,-1.566118311,-5.308788389,2,-1
1,1,-2.244201094,-6.780827824
0,0,0,0,2,0
0,0,-0.07770546709,-0.7770546709,2,0
0,0,-0.2712282071,-1.9352274,0,0
0,0,-0.414286559,-1.430583519,0,0
0,0,-0.5398727376,-1.255861786,1,0
0,0,-0.7459372349,-2.060644973,1,0
0,0,-1.051822313,-3.058850785,2,0
0,0,-1.521737997,-4.699156833,1,-1
1,1,-2.137566079,-6.158280823
0,0,0,0,2,0
0,0,-0.09477628893,-0.9477628893,0,0
0,0,-0.1202948085,-0.2551851955,0,0
0,0,-0.08324495562,0.3704985287,1,0
0,0,-0.04352331373,0.3972164189,1,0
0,0,-0.02724600408,0.1627730965,1,0
0,0,-0.004129983814,0.2311602026,1,0
0,0,0.03172715251,0.3585713632,2,0
0,0,-0.02031557645,-0.5204272895,0,0
0,0,0.02016158218,0.4047715863,0,0
0,0,0.1697805196,1.496189375,2,0
0,0,0.2646546635,0.9487414386,1,0
0,0,0.4135120896,1.488574261,1,0
0,0,0.6350707213,2.215586317,0,0
0,0,1.027943312,3.928725903,0,-1
1,1,1.578206624,5.502633124
0,0,0,0,1,0
0,0,-0.0008601401048,-0.008601401048,2,0
0,0,-0.08280692896,-0.8194678885,1,0
0,0,-0.1806852346,-0.9787830563,2,0
0,0,-0.3823866906,-2.017014561,1,0
0,0,-0.6556810233,-2.732943326,2,0
0,0,-1.098922203,-4.432411793,1,-1
1,1,-1.666481024,-5.675588212
0,0,0,0,2,0
0,0,-0.09680079546,-0.9680079546,0,0
0,0,-0.1360530218,-0.3925222632,2,0
0,0,-0.292628894,-1.565758723,0,0
0,0,-0.4225657263,-1.299368322,1,0
0,0,-0.6127480367,-1.901823105,1,0
0,0,-0.9012719447,-2.88523908,2,0
0,0,-1.360079747,-4.588078023,1,-1
1,1,-1.954722364,-5.946426166
0,0,0,0,0,0
0,0,0.09768111202,0.9768111202,2,0
0,0,0.1186722991,0.2099118709,1,0
0,0,0.1446491783,0.2597687921,1,0
0,0,0.1833909172,0.3874173891,0,0
0,0,0.3354474866,1.520565694,1,0
0,0,0.5422660237,2.06818537,2,0
0,0,0.762961169,2.206951454,2,0
0,0,1.034935383,2.719742143,0,0
0,0,1.471661508,4.36726125,1,-1
1,1,2.051140988,5.794794796
0,0,0,0,2,0
0,0,-0.1007564706,-1.007564706,2,0
0,0,-0.3122311251,-2.114746545,1,0
0,0,-0.5599486487,-2.477175236,2,0
0,0,-0.96816755,-4.082189013,2,0
0,0,-1.530411359,-5.622438091,2,-1
1,1,-2.240267095,-7.098557362
0,0,0,0,0,0
0,0,0.09477320182,0.9477320182,0,0
0,0,0.3082257167,2.134525149,0,0
0,0,0.6595434805,3.513177637,1,0
0,0,1.095740093,4.361966126,2,-1
1,1,1.620685627,5.249455339
0,0,0,0,2,0
0,0,-0.09052294782,-0.9052294782,1,0
0,0,-0.1958153198,-1.05292372,1,0
0,0,-0.3350002805,-1.391849607,0,0
0,0,-0.4453340155,-1.10333735,2,0
0,0,-0.6958502193,-2.505162038,1,0
0,0,-1.034057771,-3.382075512,0,0
0,0,-1.454919221,-4.208614503,1,-1
1,1,-2.020606784,-5.656875636
0,0,0,0,0,0
0,0,0.08585390782,0.8585390782,2,0
0,0,0.1021997643,0.1634585644,1,0
0,0,0.149976728,0.4777696369,0,0
0,0,0.3104801168,1.605033888,2,0
0,0,0.4306805327,1.202004159,0,0
0,0,0.7124855188,2.818049861,2,0
0,0,1.036383171,3.238976523,2,0
0,0,1.446542307,4.101591364,2,-1
1,1,1.989073955,5.425316472
0,0,0,0,0,0
0,0,0.09421558185,0.9421558185,0,0
0,0,0.2937898494,1.995742676,1,0
0,0,0.5327347148,2.389448654,2,0
0,0,0.7729490572,2.402143423,0,0
0,0,1.188804463,4.158554058,2,-1
1,1,1.710297448,5.21492985
0,0,0,0,0,0
0,0,0.07433795521,0.7433795521,2,0
0,0,0.0829894786,0.0865152339,2,0
0,0,0.01963394823,-0.6335553037,2,0
0,0,-0.1232639333,-1.428978815,0,0
0,0,-0.1899767743,-0.6671284101,1,0
0,0,-0.2810427006,-0.9106592629,0,0
0,0,-0.3301224455,-0.4907974492,1,0
0,0,-0.4483611187,-1.182386732,0,0
0,0,-0.558998552,-1.106374333,0,0
0,0,-0.6872471631,-1.282486111,0,0
0,0,-0.8498819722,-1.626348091,1,0
0,0,-1.122358717,-2.724767451,1,0
0,0,-1.524359694,-4.020009768,1,-1
1,1,-2.071526803,-5.471671088
0,0,0,0,1,0
0,0,-0.002647470026,-0.02647470026,2,0
0,0,-0.08998634515,-0.8733887512,1,0
0,0,-0.2086385119,-1.186521667,1,0
0,0,-0.3767413738,-1.681028619,2,0
0,0,-0.6757735527,-2.990321789,2,0
0,0,-1.124909036,-4.491354828,1,-1
1,1,-1.692990865,-5.680818298
0,0,0,0,0,0
0,0,0.09469742975,0.9469742975,2,0
0,0,0.1176420955,0.2294466577,2,0
0,0,0.07923810849,-0.3840398702,1,0
0,0,0.05950592381,-0.1973218469,2,0
0,0,-0.02424442323,-0.8375034703,1,0
0,0,-0.09831898713,-0.740745639,2,0
0,0,-0.2878090057,-1.894900186,2,0
0,0,-0.6151041217,-3.27295116,1,0
0,0,-1.017286274,-4.021821524,2,-1
1,1,-1.580591013,-5.633047394
0,0,0,0,0,0
0,0,0.07211704033,0.7211704033,0,0
0,0,0.2606178156,1.885007753,2,0
0,0,0.4139764469,1.533586313,1,0
0,0,0.6468895978,2.329131509,2,0
0,0,0.918148863,2.712592651,2,0
0,0,1.24997054,3.318216768,2,-1
1,1,1.698074698,4.481041578
0,0,0,0,1,0
0,0,-0.01170909818,-0.1170909818,2,0
0,0,-0.1235597647,-1.118506665,0,0
0,0,-0.1607365564,-0.3717679175,0,0
0,0,-0.1452136917,0.1552286478,0,0
0,0,-0.07306583124,0.7214786043,2,0
0,0,-0.1080722694,-0.3500643821,2,0
0,0,-0.2515512505,-1.43478981,2,0
0,0,-0.5159438815,-2.64392631,0,0
0,0,-0.7914593677,-2.755154863,2,0
0,0,-1.229632102,-4.381727347,1,-1
1,1,-1.796591767,-5.669596647
0,0,0,0,0,0
0,0,0.07279750611,0.7279750611,0,0
0,0,0.2484500546,1.756525485,1,0
0,0,0.4667744198,2.183243653,0,0
0,0,0.8218924544,3.551180346,0,0
0,0,1.342332149,5.204396944,1,-1
1,1,2.000845608,6.585134597
0,0,0,0,2,0
0,0,-0.1020233378,-1.020233378,2,0
0,0,-0.303702732,-2.016793942,0,0
0,0,-0.4602564853,-1.565537533,2,0
0,0,-0.7736500846,-3.133935994,0,0
0,0,-1.139524099,-3.658740142,2,-1
1,1,-1.661375151,-5.218510521
0,0,0,0,0,0
0,0,0.07656575996,0.7656575996,2,0
0,0,0.06851082124,-0.08054938724,2,0
0,0,-0.0222153747,-0.9072619594,0,0
0,0,-0.04343283513,-0.2121746043,2,0
0,0,-0.1473957669,-1.039629318,2,0
0,0,-0.3560752527,-2.086794857,2,0
0,0,-0.6877724299,-3.316971773,1,0
0,0,-1.121141226,-4.333687958,1,-1
1,1,-1.674475317,-5.53334091
0,0,0,0,0,0
0,0,0.09403140383,0.9403140383,2,0
0,0,0.1326608598,0.3862945596,1,0
0,0,0.1921070262,0.5944616642,0,0
0,0,0.3571712249,1.650641987,1,0
0,0,0.5799430491,2.227718242,1,0
0,0,0.8986516211,3.18708572,2,0
0,0,1.291656591,3.930049695,1,-1
1,1,1.818661555,5.270049641
0,0,0,0,0,0
0,0,0.09246809655,0.9246809655,0,0
0,0,0.2941387392,2.016706427,2,0
0,0,0.4473603456,1.532216063,1,0
0,0,0.6756385819,2.282782364,2,0
0,0,0.9321862794,2.565476975,2,0
0,0,1.259403271,3.272169919,1,-1
1,1,1.722361902,4.629586311
0,0,0,0,2,0
0,0,-0.1039777518,-1.039777518,1,0
0,0,-0.2338892358,-1.299114841,1,0
0,0,-0.4053969563,-1.715077205,1,0
0,0,-0.6506368039,-2.452398475,2,0
0,0,-1.058125442,-4.07488638,1,-1
1,1,-1.589957087,-5.318316448
0,0,0,0,2,0
0,0,-0.09899100805,-0.9899100805,1,0
0,0,-0.2123881135,-1.133971054,2,0
0,0,-0.4600052753,-2.476171618,2,0
0,0,-0.8580609837,-3.980557084,1,0
0,0,-1.368369915,-5.103089317,1,-1
1,1,-2.017398623,-6.490287073
0,0,0,0,0,0
0,0,0.07254793929,0.7254793929,2,0
0,0,0.08572431626,0.1317637698,2,0
0,0,0.04107727903,-0.4464703724,2,0
0,0,-0.07828314336,-1.193604224,2,0
0,0,-0.2875727918,-2.092896484,1,0
0,0,-0.5379785062,-2.504057144,1,0
0,0,-0.8607630174,-3.227845112,2,0
0,0,-1.356238744,-4.954757269,1,-1
1,1,-1.986540694,-6.303019495
0,0,0,0,1,0
0,0,-0.01664743739,-0.1664743739,1,0
0,0,-0.0294396792,-0.1279224181,2,0
0,0,-0.1191237825,-0.8968410329,1,0
0,0,-0.2186142297,-0.9949044718,2,0
0,0,-0.4424782729,-2.238640432,1,0
0,0,-0.7393855189,-2.969072459,2,0
0,0,-1.205860305,-4.664747862,0,-1
1,1,-1.772716294,-5.668559888
0,0,0,0,0,0
0,0,0.09364292663,0.9364292663,2,0
0,0,0.1099418105,0.1629888383,2,0
0,0,0.06901307731,-0.4092873315,2,0
0,0,-0.06365581757,-1.326688949,2,0
0,0,-0.2907616326,-2.27105815,1,0
0,0,-0.5729428584,-2.821812258,2,0
0,0,-1.020916794,-4.479739351,0,0
0,0,-1.541048321,-5.201315272,1,-1
1,1,-2.207204899,-6.66156578
0,0,0,0,0,0
0,0,0.09230293944,0.9230293944,2,0
0,0,0.1202299938,0.2792705434,0,0
0,0,0.2465076185,1.262776247,2,0
0,0,0.3309847057,0.8447708727,0,0
0,0,0.5377871292,2.068024235,0,0
0,0,0.9007380054,3.629508762,2,0
0,0,1.320236721,4.194987156,0,-1
1,1,1.894199034,5.739623135
0,0,0,0,2,0
0,0,-0.07988782621,-0.7988782621,0,0
0,0,-0.06901656602,0.108712602,1,0
0,0,-0.06472222738,0.04294338635,0,0
0,0,0.008988697842,0.7371092522,2,0
0,0,-0.005674115575,-0.1466281342,1,0
0,0,-0.03639306658,-0.3071895101,2,0
0,0,-0.1582211383,-1.218280717,2,0
0,0,-0.3981605301,-2.399393918,1,0
0,0,-0.7104853452,-3.123248151,2,0
0,0,-1.179983747,-4.694984019,1,-1
1,1,-1.77901001,-5.990262629
0,0,0,0,1,0
0,0,0.008460177551,0.08460177551,0,0
0,0,0.1231946314,1.147344538,0,0
0,0,0.3568306826,2.336360512,1,0
0,0,0.6510220671,2.941913846,1,0
0,0,1.043239588,3.922175208,1,0
0,0,1.554886773,5.116471851,0,-1
1,1,2.214205508,6.59318735
0,0,0,0,2,0
0,0,-0.08334015865,-0.8334015865,2,0
0,0,-0.2512531322,-1.679129735,0,0
0,0,-0.3590728755,-1.078197433,0,0
0,0,-0.4574470965,-0.9837422097,0,0
0,0,-0.5531118899,-0.9566479345,1,0
0,0,-0.7224673323,-1.693554424,2,0
0,0,-1.061032054,-3.385647221,2,0
0,0,-1.566472595,-5.054405405,1,-1
1,1,-2.21871342,-6.522408251
0,0,0,0,2,0
0,0,-0.0921979282,-0.921979282,0,0
0,0,-0.116104345,-0.2390641683,2,0
0,0,-0.2600427971,-1.439384521,1,0
0,0,-0.4391948864,-1.791520892,1,0
0,0,-0.6860404894,-2.468456031,0,0
0,0,-0.9587055794,-2.726650899,2,0
0,0,-1.39092516,-4.322195803,0,-1
1,1,-1.948785482,-5.578603218
0,0,0,0,1,0
0,0,-0.002915627185,-0.02915627185,1,0
0,0,0.009968366194,0.1288399338,2,0
0,0,-0.07377463954,-0.8374300573,0,0
0,0,-0.08648092997,-0.1270629044,0,0
0,0,-0.02231396268,0.6416696729,1,0
0,0,0.03629937061,0.5861333329,2,0
0,0,0.02210566831,-0.1419370231,1,0
0,0,0.009157526378,-0.1294814193,1,0
0,0,-0.01725849521,-0.2641602159,0,0
0,0,0.02803110303,0.4528959824,2,0
0,0,0.001980860313,-0.2605024271,2,0
0,0,-0.1146099196,-1.165907799,0,0
0,0,-0.1757848674,-0.6117494775,1,0
0,0,-0.2669238866,-0.9113901921,2,0
0,0,-0.4893270386,-2.22403152,0,0
0,0,-0.7050364124,-2.157093738,1,0
0,0,-1.021444838,-3.16408426,2,0
0,0,-1.498495517,-4.770506784,1,-1
1,1,-2.11896426,-6.204687429
0,0,0,0,2,0
0,0,-0.07093455155,-0.7093455155,2,0
0,0,-0.2562187374,-1.852841858,2,0
0,0,-0.5564858541,-3.002671167,2,0
0,0,-1.000465255,-4.439794006,2,-1
1,1,-1.609021543,-6.085562878
0,0,0,0,2,0
0,0,-0.07305125332,-0.7305125332,2,0
0,0,-0.2610682926,-1.880170393,1,0
0,0,-0.481007155,-2.199388624,2,0
0,0,-0.8456918026,-3.646846477,1,0
0,0,-1.317472912,-4.717811093,1,-1
1,1,-1.923894353,-6.064214413
0,0,0,0,0,0
0,0,0.07211641502,0.7211641502,2,0
0,0,0.07553918067,0.03422765651,0,0
0,0,0.1843209255,1.087817448,1,0
0,0,0.3138491276,1.295282021,0,0
0,0,0.5676241084,2.537749808,1,0
0,0,0.895900075,3.282759666,2,0
0,0,1.288634452,3.927343771,2,-1
1,1,1.799737793,5.111033412
0,0,0,0,1,0
0,0,0.01029789447,0.1029789447,2,0
0,0,-0.0508811444,-0.6117903887,1,0
0,0,-0.1351417408,-0.842605964,2,0
0,0,-0.3410036497,-2.058619089,0,0
0,0,-0.5267270406,-1.857233909,1,0
0,0,-0.7978756563,-2.711486157,2,0
0,0,-1.234641532,-4.367658752,2,-1
1,1,-1.824435902,-5.897943703
0,0,0,0,0,0
0,0,0.08425167314,0.8425167314,2,0
0,0,0.07798395686,-0.06267716278,1,0
0,0,0.09353951043,0.1555555357,1,0
0,0,0.1223169809,0.2877747043,0,0
0,0,0.2595431644,1.372261836,0,0
0,0,0.5185514399,2.590082754,0,0
0,0,0.9207453641,4.021939242,2,0
0,0,1.39250581,4.717604464,2,-1
1,1,1.989130281,5.966244705
0,0,0,0,1,0
0,0,0.01390981622,0.1390981622,1,0
0,0,0.04439848394,0.3048866772,2,0
0,0,-0.01407863018,-0.5847711412,0,0
0,0,0.009273175799,0.2335180598,2,0
0,0,-0.05004046645,-0.5931364225,2,0
0,0,-0.1965479224,-1.46507456,0,0
0,0,-0.3062268029,-1.096788805,2,0
0,0,-0.5336840625,-2.274572596,2,0
0,0,-0.9107662409,-3.770821784,0,0
0,0,-1.354557744,-4.437915034,2,-1
1,1,-1.950500183,-5.959424384
0,0,0,0,1,0
0,0,-0.01468884838,-0.1468884838,1,0
0,0,-0.03395118426,-0.1926233588,0,0
0,0,0.03615520695,0.701063912,2,0
0,0,0.03226152377,-0.03893683179,0,0
0,0,0.1160683289,0.8380680513,1,0
0,0,0.2307359339,1.14667605,0,0
0,0,0.4608498238,2.301138899,0,0
0,0,0.8518474628,3.909976391,0,0
0,0,1.400339131,5.484916677,0,-1
1,1,2.101798118,7.014589876
0,0,0,0,2,0
0,0,-0.1058723126,-1.058723126,2,0
0,0,-0.3117319542,-2.058596417,2,0
0,0,-0.6375780748,-3.258461206,2,0
0,0,-1.109704338,-4.721262636,0,-1
1,1,-1.673089794,-5.633854553
0,0,0,0,1,0
0,0,0.01603032873,0.1603032873,2,0
0,0,-0.06664546585,-0.8267579458,0,0
0,0,-0.08926801181,-0.2262254596,0,0
0,0,-0.04850819917,0.4075981264,2,0
0,0,-0.09629053462,-0.4778233545,2,0
0,0,-0.2447780051,-1.484874704,0,0
0,0,-0.3622578145,-1.174798094,0,0
0,0,-0.4449175147,-0.8265970018,0,0
0,0,-0.5224182225,-0.7750070778,0,0
0,0,-0.6233532119,-1.009349894,2,0
0,0,-0.8872479135,-2.638947016,2,0
0,0,-1.308323643,-4.2107573,1,-1
1,1,-1.865585814,-5.57262171
0,0,0,0,1,0
0,0,0.008257033955,0.08257033955,2,0
0,0,-0.06409105392,-0.7234808788,2,0
0,0,-0.2448804314,-1.807893774,2,0
0,0,-0.5637855995,-3.189051681,1,0
0,0,-0.9691246084,-4.053390089,2,0
0,0,-1.534539523,-5.654149148,1,-1
1,1,-2.245359502,-7.108199785
0,0,0,0,2,0
0,0,-0.09903055028,-0.9903055028,0,0
0,0,-0.1414257657,-0.4239521546,1,0
0,0,-0.2244541282,-0.8302836245,2,0
0,0,-0.4252180237,-2.007638956,0,0
0,0,-0.6274134241,-2.021954004,1,0
0,0,-0.9218438807,-2.944304566,0,0
0,0,-1.282503932,-3.606600516,1,-1
1,1,-1.779972672,-4.974687398
0,0,0,0,2,0
0,0,-0.09535817074,-0.9535817074,2,0
0,0,-0.2948729769,-1.995148061,1,0
0,0,-0.5326769299,-2.37803953,1,0
0,0,-0.839902763,-3.07225833,0,0
0,0,-1.196017718,-3.561149551,1,-1
1,1,-1.690585308,-4.9456759
0,0,0,0,2,0
0,0,-0.08070923285,-0.8070923285,1,0
0,0,-0.1645885874,-0.8387935451,2,0
0,0,-0.3747003012,-2.101117139,1,0
0,0,-0.630468888,-2.557685868,2,0
0,0,-1.053182551,-4.227136633,1,-1
1,1,-1.599342577,-5.461600257
0,0,0,0,2,0
0,0,-0.1056207238,-1.056207238,2,0
0,0,-0.3303639038,-2.2474318,0,0
0,0,-0.5161252947,-1.857613909,1,0
0,0,-0.791061759,-2.749364643,0,0
0,0,-1.116442623,-3.253808645,0,0
0,0,-1.543153256,-4.267106322,2,-1
1,1,-2.118398485,-5.752452297
0,0,0,0,2,0
0,0,-0.08294585322,-0.8294585322,1,0
0,0,-0.1806748123,-0.9772895906,0,0
0,0,-0.2077440341,-0.2706922177,0,0
0,0,-0.1776379389,0.301060952,2,0
0,0,-0.2670953707,-0.8945743187,0,0
0,0,-0.3285045584,-0.6140918772,2,0
0,0,-0.5424225806,-2.139180222,1,0
0,0,-0.838362605,-2.959400244,1,0
0,0,-1.243952587,-4.055899815,2,-1
1,1,-1.80698843,-5.630358435
0,0,0,0,2,0
0,0,-0.08776853521,-0.8776853521,1,0
0,0,-0.2014586241,-1.136900889,2,0
0,0,-0.4229923135,-2.215336894,0,0
0,0,-0.6210193561,-1.980270426,2,0
0,0,-0.9689920235,-3.479726674,1,0
0,0,-1.441588033,-4.725960095,2,-1
1,1,-2.067537973,-6.259499396
0,0,0,0,1,0
0,0,0.005514555446,0.05514555446,1,0
0,0,0.02460398526,0.1908942981,2,0
0,0,-0.04612776988,-0.7073175514,0,0
0,0,-0.02508207021,0.2104569967,0,0
0,0,0.06695005861,0.9203212881,2,0
0,0,0.07045949327,0.03509434665,0,0
0,0,0.1668601799,0.9640068659,0,0
0,0,0.3693681457,2.025079659,1,0
0,0,0.6422226081,2.728544624,2,0
0,0,0.9329587926,2.907361844,0,0
0,0,1.382297392,4.493385992,2,-1
1,1,1.959444132,5.771467405
0,0,0,0,1,0
0,0,-0.003571002172,-0.03571002172,0,0
0,0,0.0962749238,0.9984592597,0,0
0,0,0.2908999133,1.946249895,0,0
0,0,0.6314407953,3.40540882,1,0
0,0,1.052442589,4.210017933,1,-1
1,1,1.590762294,5.383197056
0,0,0,0,1,0
0,0,0.00874913354,0.0874913354,2,0
0,0,-0.05986950533,-0.6861863887,1,0
0,0,-0.1262888232,-0.6641931786,0,0
0,0,-0.1427267112,-0.1643788799,2,0
0,0,-0.2824499752,-1.39723264,1,0
0,0,-0.4617251776,-1.792752024,1,0
0,0,-0.7135882161,-2.518630385,0,0
0,0,-1.007364734,-2.937765181,2,0
0,0,-1.471519659,-4.641549252,0,-1
1,1,-2.071148008,-5.996283483
0,0,0,0,1,0
0,0,0.005395874154,0.05395874154,0,0
0,0,0.09856422139,0.9316834724,1,0
0,0,0.1973866,0.9882237864,0,0
0,0,0.4309472242,2.335606241,0,0
0,0,0.8201325112,3.89185287,1,0
0,0,1.303696412,4.835639007,1,-1
1,1,1.918411349,6.147149371
0,0,0,0,1,0
0,0,0.01540031971,0.1540031971,2,0
0,0,-0.06562270532,-0.8102302503,1,0
0,0,-0.1576106901,-0.919879848,0,0
0,0,-0.1932953753,-0.3568468517,0,0
0,0,-0.1631947154,0.3010065986,0,0
0,0,-0.05970579315,1.034889223,2,0
0,0,-0.0509547993,0.08750993855,0,0
0,0,0.02045341157,0.7140821087,0,0
0,0,0.1691406544,1.486872429,1,0
0,0,0.3338911611,1.647505066,0,0
0,0,0.6202613085,2.863701474,2,0
0,0,0.9208886849,3.006273764,2,0
0,0,1.285874728,3.649860433,2,-1
1,1,1.762902382,4.770276539
0,0,0,0,0,0
0,0,0.09145683434,0.9145683434,2,0
0,0,0.1041352343,0.126784,0,0
0,0,0.2059617984,1.018265641,1,0
0,0,0.3421800208,1.362182224,0,0
0,0,0.625589465,2.834094441,1,0
0,0,1.005917873,3.803284082,1,0
0,0,1.507288991,5.01371118,1,-1
1,1,2.152659164,6.453701725
0,0,0,0,0,0
0,0,0.1045900777,1.045900777,0,0
0,0,0.2984003255,1.938102478,1,0
0,0,0.5242315864,2.258312609,1,0
0,0,0.8315873627,3.073557763,1,0
0,0,1.245909143,4.143217803,2,-1
1,1,1.765989191,5.200800484
0,0,0,0,2,0
0,0,-0.1016872154,-1.016872154,2,0
0,0,-0.309917288,-2.082300726,1,0
0,0,-0.5841452982,-2.742280102,2,0
0,0,-1.018356561,-4.342112631,0,0
0,0,-1.530011167,-5.116546053,2,-1
1,1,-2.189607136,-6.595959694
0,0,0,0,1,0
0,0,0.009125729898,0.09125729898,0,0
0,0,0.1084096917,0.9928396185,0,0
0,0,0.3210395034,2.126298117,0,0
0,0,0.6680499714,3.47010468,0,0
0,0,1.17123246,5.03182489,0,-1
1,1,1.830721731,6.594892704
0,0,0,0,0,0
0,0,0.103824856,1.03824856,0,0
0,0,0.316874788,2.13049932,1,0
0,0,0.564298538,2.4742375,2,0
0,0,0.8230627425,2.587642045,2,0
0,0,1.13677067,3.137079272,2,0
0,0,1.553771816,4.170011458,2,-1
1,1,2.115897327,5.621255114
0,0,0,0,1,0
0,0,-0.007173669925,-0.07173669925,1,0
0,0,-0.02609581166,-0.1892214174,2,0
0,0,-0.13787012,-1.117743084,0,0
0,0,-0.1977197992,-0.598496792,1,0
0,0,-0.2978466789,-1.001268797,1,0
0,0,-0.4405533836,-1.427067048,1,0
0,0,-0.6458652105,-2.053118268,1,0
0,0,-0.9357445626,-2.898793521,2,0
0,0,-1.38347779,-4.477332275,2,-1
1,1,-1.982889228,-5.994114378
0,0,0,0,2,0
0,0,-0.08556804658,-0.8556804658,0,0
0,0,-0.09070556867,-0.05137522086,1,0
0,0,-0.09553915102,-0.04833582354,1,0
0,0,-0.1214265753,-0.2588742428,2,0
0,0,-0.2494251774,-1.279986021,0,0
0,0,-0.3432997974,-0.9387461995,1,0
0,0,-0.5027065154,-1.59406718,2,0
0,0,-0.814892375,-3.121858596,0,0
0,0,-1.172286774,-3.573943993,2,-1
1,1,-1.692192403,-5.199056283
0,0,0,0,1,0
0,0,0.009996564477,0.09996564477,0,0
0,0,0.115295646,1.052990815,0,0
0,0,0.3193149744,2.040193284,1,0
0,0,0.5583686867,2.390537123,1,0
0,0,0.8918037482,3.334350614,1,0
0,0,1.346637703,4.548339544,0,-1
1,1,1.956803774,6.101660715
0,0,0,0,0,0
0,0,0.08147929257,0.8147929257,2,0
0,0,0.07670840692,-0.04770885648,2,0
0,0,0.008645286272,-0.6806312065,0,0
0,0,0.02159404853,0.1294876226,1,0
0,0,0.02160094385,6.895317143e-05,0,0
0,0,0.1123657393,0.9076479547,1,0
0,0,0.2055323433,0.9316660396,1,0
0,0,0.3235020759,1.179697326,0,0
0,0,0.5769081492,2.534060733,2,0
0,0,0.8485332856,2.716251364,1,0
0,0,1.226182847,3.776495613,0,-1
1,1,1.762532574,5.363497273
0,0,0,0,2,0
0,0,-0.07674782831,-0.7674782831,1,0
0,0,-0.1508373628,-0.7408953446,2,0
0,0,-0.3428614207,-1.920240579,1,0
0,0,-0.5856614816,-2.428000609,1,0
0,0,-0.916183159,-3.305216774,0,0
0,0,-1.315843506,-3.996603472,1,-1
1,1,-1.854938161,-5.390946543
0,0,0,0,2,0
0,0,-0.07566175513,-0.7566175513,0,0
0,0,-0.07210172755,0.03560027575,1,0
0,0,-0.07847556981,-0.06373842252,2,0
0,0,-0.1955308607,-1.170552909,1,0
0,0,-0.3417769208,-1.4624606,1,0
0,0,-0.5444840047,-2.02707084,1,0
0,0,-0.8420766371,-2.975926324,2,0
0,0,-1.303851072,-4.617744345,2,-1
1,1,-1.91922149,-6.153704184
0,0,0,0,0,0
0,0,0.1022395683,1.022395683,0,0
0,0,0.3194699228,2.172303545,0,0
0,0,0.6595283261,3.400584033,1,0
0,0,1.094490582,4.349622557,1,-1
1,1,1.65614984,5.616592583
0,0,0,0,1,0
0,0,0.01254611691,0.1254611691,1,0
0,0,0.01140334681,-0.01142770105,1,0
0,0,0.02588629389,0.1448294708,0,0
0,0,0.1409092077,1.150229138,1,0
0,0,0.284936257,1.440270494,0,0
0,0,0.5479815674,2.630453104,0,0
0,0,0.9751769501,4.271953827,0,0
0,0,1.567231499,5.920545485,1,-1
1,1,2.306146729,7.389152305
0,0,0,0,2,0
0,0,-0.07485147585,-0.7485147585,0,0
0,0,-0.08088297828,-0.06031502431,0,0
0,0,-0.01774756379,0.6313541448,2,0
0,0,-0.04743212149,-0.296845577,2,0
0,0,-0.1785664449,-1.311343234,0,0
0,0,-0.2493495005,-0.7078305555,2,0
0,0,-0.4396552146,-1.903057141,0,0
0,0,-0.6107608396,-1.71105625,2,0
0,0,-0.9445568303,-3.337959907,2,0
0,0,-1.444889299,-5.00332469,2,-1
1,1,-2.096953377,-6.520640777
0,0,0,0,1,0
0,0,-0.008724914924,-0.08724914924,0,0
0,0,0.06897828143,0.7770319635,2,0
0,0,0.07913418006,0.1015589864,2,0
0,0,0.02770740043,-0.5142677963,1,0
0,0,-0.01816938253,-0.4587678297,1,0
0,0,-0.08384535574,-0.656759732,1,0
0,0,-0.165308307,-0.8146295127,2,0
0,0,-0.3563128953,-1.910045883,2,0
0,0,-0.6785608425,-3.222479472,2,0
0,0,-1.151046567,-4.724857247,1,-1
1,1,-1.748223185,-5.97176618
0,0,0,0,1,0
0,0,-0.01612276088,-0.1612276088,1,0
0,0,-0.03042523885,-0.1430247797,1,0
0,0,-0.05999332953,-0.2956809068,2,0
0,0,-0.1741776704,-1.141843409,0,0
0,0,-0.2405813148,-0.6640364443,1,0
0,0,-0.3581881125,-1.176067976,0,0
0,0,-0.4540630372,-0.958749247,1,0
0,0,-0.6303715438,-1.763085067,0,0
0,0,-0.8246502089,-1.942786651,2,0
0,0,-1.177209679,-3.525594696,2,-1
1,1,-1.689524575,-5.123148964
0,0,0,0,2,0
0,0,-0.09032872413,-0.9032872413,1,0
0,0,-0.193025316,-1.026965919,1,0
0,0,-0.3430616611,-1.50036345,1,0
0,0,-0.5605093718,-2.174477107,0,0
0,0,-0.7895118743,-2.290025025,2,0
0,0,-1.193268929,-4.037570545,2,-1
1,1,-1.757522711,-5.642537822
0,0,0,0,2,0
0,0,-0.1047300037,-1.047300037,1,0
0,0,-0.2285300144,-1.238000107,1,0
0,0,-0.3937497694,-1.652197551,1,0
0,0,-0.6362960284,-2.42546259,1,0
0,0,-0.9661359948,-3.298399663,0,0
0,0,-1.369486975,-4.033509805,0,-1
1,1,-1.899492628,-5.300056523
0,0,0,0,1,0
0,0,-0.00273995934,-0.0273995934,1,0
0,0,-0.01623529102,-0.1349533168,2,0
0,0,-0.1293521321,-1.131168411,1,0
0,0,-0.2493493761,-1.19997244,0,0
0,0,-0.3266108115,-0.7726143533,2,0
0,0,-0.531586234,-2.049754225,1,0
0,0,-0.811232702,-2.79646468,0,0
0,0,-1.137727717,-3.264950148,1,-1
1,1,-1.589115642,-4.513879251
0,0,0,0,2,0
0,0,-0.08015481335,-0.8015481335,0,0
0,0,-0.08884758372,-0.08692770376,0,0
0,0,-0.02221259768,0.6663498604,1,0
0,0,0.05724235275,0.7945495043,2,0
0,0,0.06171223459,0.0446988184,0,0
0,0,0.1645227716,1.02810537,0,0
0,0,0.3805528801,2.160301085,1,0
0,0,0.6660003337,2.854474536,0,0
0,0,1.119781963,4.537816291,0,-1
1,1,1.73467513,6.148931674
0,0,0,0,0,0
0,0,0.07200577914,0.7200577914,2,0
0,0,0.07556578772,0.0356000858,0,0
0,0,0.1920232766,1.164574889,0,0
0,0,0.4289236541,2.369003775,1,0
0,0,0.740922865,3.119992109,1,0
0,0,1.162829874,4.219070092,0,-1
1,1,1.747852176,5.850223015
0,0,0,0,1,0
0,0,0.003189387961,0.03189387961,0,0
0,0,0.08181010222,0.7862071426,1,0
0,0,0.1808503293,0.9904022706,0,0
0,0,0.4081239103,2.27273581,0,0
0,0,0.7710022168,3.628783065,1,0
0,0,1.234291219,4.632890025,1,-1
1,1,1.824034371,5.897431515
0,0,0,0,0,0
0,0,0.09731051838,0.9731051838,2,0
0,0,0.1209218138,0.236112954,2,0
0,0,0.07585281122,-0.4506900255,2,0
0,0,-0.05969014961,-1.355429608,2,0
0,0,-0.2897267119,-2.300365623,0,0
0,0,-0.4823390072,-1.926122953,0,0
0,0,-0.6828128568,-2.004738496,2,0
0,0,-1.054618848,-3.718059913,0,0
0,0,-1.515272294,-4.606534454,1,-1
1,1,-2.121503673,-6.062313799
0,0,0,0,0,0
0,0,0.09896875534,0.9896875534,1,0
0,0,0.2314291849,1.324604295,1,0
0,0,0.4114998749,1.8007069,1,0
0,0,0.6547751576,2.432752828,2,0
0,0,0.9216286318,2.668534741,1,0
0,0,1.305555739,3.839271075,0,-1
1,1,1.849870823,5.443150832
0,0,0,0,1,0
0,0,-0.006456877305,-0.06456877305,0,0
0,0,0.08517060996,0.9162748727,0,0
0,0,0.2624947214,1.773241114,1,0
0,0,0.4735813056,2.110865842,0,0
0,0,0.8285282995,3.549469939,2,0
0,0,1.225239744,3.967114443,0,-1
1,1,1.77638693,5.511471861
0,0,0,0,0,0
0,0,0.08318783413,0.8318783413,2,0
0,0,0.1071438402,0.2395600607,1,0
0,0,0.1528106394,0.4566679917,2,0
0,0,0.1207752252,-0.3203541421,1,0
0,0,0.1158512672,-0.04923957929,2,0
0,0,0.04764128594,-0.6820998129,1,0
0,0,-0.01792754967,-0.6556883562,2,0
0,0,-0.1821670917,-1.64239542,1,0
0,0,-0.372872034,-1.907049422,0,0
0,0,-0.5513458043,-1.784737704,1,0
0,0,-0.819130932,-2.677851277,0,0
0,0,-1.142818129,-3.236871971,0,-1
1,1,-1.570900647,-4.280825181
0,0,0,0,0,0
0,0,0.07799282158,0.7799282158,0,0
0,0,0.2590766269,1.810838053,1,0
0,0,0.4739530376,2.148764107,0,0
0,0,0.8422285007,3.682754631,0,0
0,0,1.372899866,5.306713651,0,-1
1,1,2.053732122,6.808322565
0,0,0,0,2,0
0,0,-0.09340017686,-0.9340017686,1,0
0,0,-0.2143251328,-1.209249559,2,0
0,0,-0.4417837087,-2.274585759,0,0
0,0,-0.6595770036,-2.177932948,1,0
0,0,-0.9719202724,-3.123432688,1,0
0,0,-1.397523006,-4.256027338,2,-1
1,1,-1.978506969,-5.80983963
0,0,0,0,1,0
0,0,0.006550234239,0.06550234239,0,0
0,0,0.1162951047,1.097448705,0,0
0,0,0.3430651083,2.267700035,1,0
0,0,0.6243730011,2.813078928,1,0
0,0,0.9951265938,3.707535928,1,0
0,0,1.477615708,4.824891146,1,-1
1,1,2.103100829,6.254851201
0,0,0,0,0,0
0,0,0.08994531921,0.8994531921,2,0
0,0,0.09776756074,0.07822241538,1,0
0,0,0.1242808828,0.2651332203,2,0
0,0,0.07623928976,-0.4804159302,0,0
0,0,0.1373260596,0.6108676987,2,0
0,0,0.1514988561,0.1417279652,0,0
0,0,0.2915746153,1.400757591,0,0
0,0,0.5521753608,2.606007455,1,0
0,0,0.8897222934,3.375469327,2,0
0,0,1.283104013,3.933817193,0,-1
1,1,1.834827265,5.517232519
0,0,0,0,0,0
0,0,0.09993333277,0.9993333277,1,0
0,0,0.2020461442,1.021128114,0,0
0,0,0.413577206,2.115310618,0,0
0,0,0.7804809743,3.669037683,1,0
0,0,1.254935371,4.744543965,0,-1
1,1,1.881524415,6.265890443
0,0,0,0,0,0
0,0,0.1047993361,1.047993361,2,0
0,0,0.1361250069,0.3132567078,2,0
0,0,0.09032976459,-0.4579524231,2,0
0,0,-0.02067222627,-1.110019909,1,0
0,0,-0.1262403106,-1.055680844,1,0
0,0,-0.2419555644,-1.157152538,1,0
0,0,-0.4042436581,-1.622880937,2,0
0,0,-0.7040572719,-2.998136138,2,0
0,0,-1.16793766,-4.638803882,2,-1
1,1,-1.79218303,-6.242453694
0,0,0,0,0,0
0,0,0.07798843794,0.7798843794,0,0
0,0,0.2736680169,1.95679579,1,0
0,0,0.53033107,2.56663053,0,0
0,0,0.9310793066,4.007482366,1,0
0,0,1.437752463,5.066731559,2,-1
1,1,2.073889601,6.361371386
0,0,0,0,0,0
0,0,0.09919749867,0.9919749867,0,0
0,0,0.3153388565,2.161413578,2,0
0,0,0.5124014867,1.970626302,1,0
0,0,0.7768586372,2.644571506,1,0
0,0,1.156746654,3.798880164,1,-1
1,1,1.668287831,5.115411769
0,0,0,0,2,0
0,0,-0.0845803724,-0.845803724,0,0
0,0,-0.08419024033,0.003901320702,0,0
0,0,0.005579681952,0.8976992228,2,0
0,0,0.01101521787,0.05435535923,0,0
0,0,0.1013382404,0.9032302254,2,0
0,0,0.1292573505,0.2791911011,2,0
0,0,0.08828407628,-0.4097327425,0,0
0,0,0.160832218,0.7254814172,1,0
0,0,0.2469235188,0.8609130084,1,0
0,0,0.3733349353,1.264114165,0,0
0,0,0.6306994625,2.573645272,2,0
0,0,0.9180319744,2.873325119,0,0
0,0,1.379767792,4.617358173,1,-1
1,1,1.982185154,6.024173626
0,0,0,0,1,0
0,0,-0.01697521769,-0.1697521769,0,0
0,0,0.05381458722,0.7078980492,1,0
0,0,0.1214207164,0.6760612921,2,0
0,0,0.1308839365,0.09463220097,1,0
0,0,0.1475997086,0.1671577209,2,0
0,0,0.09493534038,-0.5266436824,0,0
0,0,0.15661352,0.616781796,1,0
0,0,0.2291750964,0.7256157644,1,0
0,0,0.3440741628,1.148990664,1,0
0,0,0.5302067522,1.861325894,0,0
0,0,0.8755544885,3.453477363,0,0
0,0,1.373212442,4.97657953,1,-1
1,1,2.010910856,6.376984149
0,0,0,0,1,0
0,0,0.002555609484,0.02555609484,0,0
0,0,0.09846910615,0.9591349666,1,0
0,0,0.198231234,0.9976212787,0,0
0,0,0.4079789523,2.097477183,2,0
0,0,0.5990834194,1.91104467,0,0
0,0,0.9587679833,3.596845639,0,0
0,0,1.488670093,5.299021099,1,-1
1,1,2.160632538,6.719624447
0,0,0,0,2,0
0,0,-0.08446730484,-0.8446730484,1,0
0,0,-0.1888431392,-1.043758343,0,0
0,0,-0.2475413785,-0.5869823933,2,0
0,0,-0.4342093383,-1.866679598,2,0
0,0,-0.776487011,-3.422776727,1,0
0,0,-1.209863642,-4.333766306,0,-1
1,1,-1.752210408,-5.423467667
0,0,0,0,0,0
0,0,0.08409747826,0.8409747826,1,0
0,0,0.1907334682,1.066359899,2,0
0,0,0.2422095099,0.5147604171,0,0
0,0,0.4334539901,1.912444802,2,0
0,0,0.6104081597,1.769541696,0,0
0,0,0.9512693236,3.408611639,1,0
0,0,1.406811069,4.555417459,0,-1
1,1,2.015094355,6.082832852
0,0,0,0,0,0
0,0,0.1016476092,1.016476092,2,0
0,0,0.1416030908,0.3995548156,2,0
0,0,0.1133273414,-0.2827574933,1,0
0,0,0.09724574323,-0.1608159821,1,0
0,0,0.0872537383,-0.09992004926,1,0
0,0,0.08708331575,-0.001704225534,0,0
0,0,0.1851070249,0.9802370916,1,0
0,0,0.3217350436,1.366280187,0,0
0,0,0.6063959119,2.846608683,2,0
0,0,0.9093159722,3.029200603,1,0
0,0,1.324632392,4.153164195,1,-1
1,1,1.874426637,5.497942451
0,0,0,0,2,0
0,0,-0.09009532525,-0.9009532525,0,0
0,0,-0.1001849114,-0.1008958618,2,0
0,0,-0.2254765158,-1.252916044,2,0
0,0,-0.4741576143,-2.486810985,2,0
0,0,-0.8586587471,-3.845011327,2,0
0,0,-1.404598022,-5.459392751,1,-1
1,1,-2.087388301,-6.827902785
0,0,0,0,1,0
0,0,-0.01281985969,-0.1281985969,0,0
0,0,0.0564310712,0.6925093089,2,0
0,0,0.0370393486,-0.193917226,2,0
0,0,-0.05212728844,-0.8916663704,2,0
0,0,-0.2510136029,-1.988863144,2,0
0,0,-0.5885953552,-3.375817523,1,0
0,0,-1.008824117,-4.202287615,1,0
0,0,-1.547660329,-5.38836212,1,-1
1,1,-2.232349478,-6.846891496
0,0,0,0,1,0
0,0,0.01746054437,0.1746054437,2,0
0,0,-0.04045072233,-0.579112667,1,0
0,0,-0.1018647676,-0.6141404527,1,0
0,0,-0.1925395814,-0.9067481382,0,0
0,0,-0.2353785615,-0.4283898008,1,0
0,0,-0.320354523,-0.8497596154,1,0
0,0,-0.4739354724,-1.535809494,0,0
0,0,-0.6180745505,-1.441390781,2,0
0,0,-0.93012411,-3.120495596,0,0
0,0,-1.304761014,-3.74636904,1,-1
1,1,-1.813385916,-5.086249022
0,0,0,0,1,0
0,0,0.0005857588499,0.005857588499,1,0
0,0,0.0140907152,0.1350495635,0,0
0,0,0.1141578555,1.000671403,2,0
0,0,0.1293405514,0.151826959,0,0
0,0,0.2646021039,1.352615524,1,0
0,0,0.4545572709,1.89955167,0,0
0,0,0.7931165045,3.385592337,1,0
0,0,1.227472106,4.343556011,0,-1
1,1,1.819104015,5.916319091
0,0,0,0,1,0
0,0,0.001870791265,0.01870791265,2,0
0,0,-0.06666745883,-0.6853825009,1,0
0,0,-0.1532979345,-0.8663047565,2,0
0,0,-0.3493917354,-1.960938009,2,0
0,0,-0.6734043393,-3.240126039,0,0
0,0,-1.026701785,-3.532974461,2,0
0,0,-1.540122119,-5.134203336,2,-1
1,1,-2.201519452,-6.613973327
0,0,0,0,0,0
0,0,0.08600122682,0.8600122682,2,0
0,0,0.09786621098,0.1186498416,2,0
0,0,0.03989468817,-0.5797152281,0,0
0,0,0.08756885089,0.4767416272,0,0
0,0,0.2315872812,1.440184303,1,0
0,0,0.4214835169,1.898962357,2,0
0,0,0.6094504167,1.879668998,0,0
0,0,0.9446371693,3.351867526,2,0
0,0,1.347616036,4.029788662,2,-1
1,1,1.873751115,5.261350798
0,0,0,0,2,0
0,0,-0.08749226264,-0.8749226264,2,0
0,0,-0.2928800105,-2.053877478,2,0
0,0,-0.6451188019,-3.522387914,1,0
0,0,-1.075575456,-4.304566537,1,-1
1,1,-1.62943211,-5.538566542
0,0,0,0,2,0
0,0,-0.07717896241,-0.7717896241,0,0
0,0,-0.0681167318,0.09062230603,0,0
0,0,0.01946300213,0.8757973393,0,0
0,0,0.2093762629,1.899132608,1,0
0,0,0.4413795351,2.320032722,2,0
0,0,0.661253189,2.198736538,1,0
0,0,0.9888314791,3.275782902,0,0
0,0,1.484460065,4.956285857,2,-1
1,1,2.117783816,6.33323751
0,0,0,0,0,0
0,0,0.09490057185,0.9490057185,0,0
0,0,0.3033572698,2.084566979,0,0
0,0,0.6295402317,3.26182962,1,0
0,0,1.041136739,4.115965076,2,0
0,0,1.530520178,4.893834386,1,-1
1,1,2.165314565,6.347943872
0,0,0,0,1,0
0,0,-0.01511765848,-0.1511765848,0,0
0,0,0.07236249076,0.8748014924,2,0
0,0,0.09366483588,0.2130234512,0,0
0,0,0.2020161307,1.083512948,1,0
0,0,0.3443465345,1.423304039,1,0
0,0,0.5513682691,2.070217345,0,0
0,0,0.9088754137,3.575071446,2,0
0,0,1.323878806,4.15003392,1,-1
1,1,1.873143165,5.492643597
0,0,0,0,0,0
0,0,0.09016200439,0.9016200439,1,0
0,0,0.2088632879,1.187012835,2,0
0,0,0.2718287105,0.629654226,1,0
0,0,0.3904703648,1.186416543,0,0
0,0,0.6433625967,2.52892232,2,0
0,0,0.9252497721,2.818871753,2,0
0,0,1.278120823,3.528710509,2,-1
1,1,1.744894521,4.667736979
0,0,0,0,0,0
0,0,0.08161308543,0.8161308543,0,0
0,0,0.2692194635,1.876063781,2,0
0,0,0.425543591,1.563241275,0,0
0,0,0.7200805329,2.945369418,0,0
0,0,1.168690823,4.486102899,0,-1
1,1,1.771888509,6.031976865
0,0,0,0,0,0
0,0,0.07182560095,0.7182560095,1,0
0,0,0.1539593006,0.8213369968,1,0
0,0,0.2787697279,1.248104273,2,0
0,0,0.3565691573,0.7779942937,2,0
0,0,0.397354837,0.407856797,1,0
0,0,0.4985736807,1.012188437,1,0
0,0,0.6737609482,1.751872675,1,0
0,0,0.9494053669,2.756444187,0,0
0,0,1.393228377,4.438230098,1,-1
1,1,1.97763021,5.844018338
0,0,0,0,2,0
0,0,-0.07137542776,-0.7137542776,0,0
0,0,-0.07023681488,0.01138612878,0,0
0,0,0.02098225579,0.9121907066,0,0
0,0,0.1968047746,1.758225188,1,0
0,0,0.3998517523,2.030469777,0,0
0,0,0.7329118775,3.330601252,1,0
0,0,1.166569581,4.336577034,2,-1
1,1,1.696241768,5.296721871
0,0,0,0,2,0
0,0,-0.08286031373,-0.8286031373,1,0
0,0,-0.1879449255,-1.050846117,2,0
0,0,-0.395949108,-2.080041825,2,0
0,0,-0.737796416,-3.41847308,0,0
0,0,-1.114560006,-3.767635901,0,-1
1,1,-1.590672091,-4.761120848
0,0,0,0,1,0
0,0,-0.008196880655,-0.08196880655,1,0
0,0,-0.01391302083,-0.05716140173,2,0
0,0,-0.0974681682,-0.8355514737,1,0
0,0,-0.1817159001,-0.8424773186,2,0
0,0,-0.3720111742,-1.902952741,1,0
0,0,-0.618006795,-2.459956209,1,0
0,0,-0.9599690405,-3.419622455,0,0
0,0,-1.373868922,-4.138998812,2,-1
1,1,-1.941854512,-5.6798559
0,0,0,0,1,0
0,0,0.002457977539,0.02457977539,1,0
0,0,0.0226569092,0.2019893166,0,0
0,0,0.1182142779,0.9555736872,1,0
0,0,0.2424601821,1.242459042,1,0
0,0,0.4210065586,1.785463765,1,0
0,0,0.6741579528,2.531513943,1,0
0,0,1.032059284,3.579013308,2,0
0,0,1.474173962,4.42114678,1,-1
1,1,2.060545856,5.863718942
0,0,0,0,1,0
0,0,-0.003684530142,-0.03684530142,2,0
0,0,-0.09712941492,-0.9344488478,1,0
0,0,-0.1920185619,-0.9488914702,2,0
0,0,-0.3915210472,-1.995024853,2,0
0,0,-0.7192018763,-3.276808291,0,0
0,0,-1.082401785,-3.631999082,0,0
0,0,-1.529692399,-4.47290614,2,-1
1,1,-2.126240785,-5.965483867
0,0,0,0,1,0
0,0,0.01176688669,0.1176688669,0,0
0,0,0.1029322403,0.9116535359,1,0
0,0,0.2233764712,1.204442309,2,0
0,0,0.2806089453,0.5723247405,1,0
0,0,0.3867257174,1.061167722,0,0
0,0,0.6396882162,2.529624987,2,0
0,0,0.9197244955,2.800362793,1,0
0,0,1.31974138,4.00016884,0,-1
1,1,1.878183429,5.584420498
0,0,0,0,0,0
0,0,0.07488466801,0.7488466801,1,0
0,0,0.1473871517,0.7250248372,1,0
0,0,0.2318043189,0.8441716721,2,0
0,0,0.253799534,0.2199521508,1,0
0,0,0.3201476919,0.6634815785,1,0
0,0,0.4517859397,1.316382478,0,0
0,0,0.7423252696,2.905393299,1,0
0,0,1.13051931,3.8819404,0,-1
1,1,1.685183286,5.546639766
0,0,0,0,0,0
0,0,0.07080629728,0.7080629728,2,0
0,0,0.05628447306,-0.1452182422,2,0
0,0,-0.04873505874,-1.050195318,0,0
0,0,-0.09028513494,-0.415500762,0,0
0,0,-0.04474684547,0.4553828946,1,0
0,0,0.005914057732,0.5066090321,2,0
0,0,-0.01853225799,-0.2444631572,0,0
0,0,0.04747167303,0.6600393102,1,0
0,0,0.1352059596,0.8773428653,0,0
0,0,0.3318794448,1.966734853,2,0
0,0,0.496902622,1.650231771,1,0
0,0,0.7396246043,2.427219823,1,0
0,0,1.076484806,3.368602016,2,0
0,0,1.496509382,4.200245763,2,-1
1,1,2.055913794,5.594044114
0,0,0,0,0,0
0,0,0.1041126708,1.041126708,1,0
0,0,0.2094560065,1.053433357,2,0
0,0,0.2591450103,0.4968900383,1,0
0,0,0.3591662422,1.000212319,0,0
0,0,0.6132283253,2.540620832,2,0
0,0,0.8781928645,2.649645392,0,0
0,0,1.312294448,4.341015832,1,-1
1,1,1.884887249,5.725928011
0,0,0,0,1,0
0,0,0.002830588903,0.02830588903,2,0
0,0,-0.071787925,-0.746185139,0,0
0,0,-0.05823078295,0.1355714205,0,0
0,0,0.05072869919,1.089594821,2,0
0,0,0.08394321522,0.3321451603,1,0
0,0,0.1431698453,0.5922663003,2,0
0,0,0.1326972781,-0.1047256716,2,0
0,0,0.05284919744,-0.7984808065,2,0
0,0,-0.09800940541,-1.508586029,2,0
0,0,-0.349598895,-2.515894896,2,0
0,0,-0.737574608,-3.87975713,1,0
0,0,-1.217647075,-4.800724674,0,-1
1,1,-1.800083337,-5.824362619
0,0,0,0,1,0
0,0,-0.007337449057,-0.07337449057,2,0
0,0,-0.1078144338,-1.004769847,2,0
0,0,-0.3063382738,-1.9852384,1,0
0,0,-0.5571336685,-2.507953947,1,0
0,0,-0.8877166657,-3.305829971,1,0
0,0,-1.32593519,-4.382185247,2,-1
1,1,-1.918996581,-5.930613909
0,0,0,0,0,0
0,0,0.09822145086,0.9822145086,0,0
0,0,0.3107810837,2.125596329,2,0
0,0,0.4988500428,1.880689591,2,0
0,0,0.6991310135,2.002809707,1,0
0,0,1.009408333,3.102773192,0,0
0,0,1.488335955,4.78927622,2,-1
1,1,2.105475684,6.171397294
0,0,0,0,0,0
0,0,0.09390074098,0.9390074098,2,0
0,0,0.1046162941,0.1071555309,1,0
0,0,0.11933445,0.147181559,1,0
0,0,0.1602864929,0.4095204293,0,0
0,0,0.299596884,1.393103911,0,0
0,0,0.5662974571,2.667005731,2,0
0,0,0.8397329887,2.734355316,0,0
0,0,1.275363658,4.356306697,0,-1
1,1,1.863450584,5.880869257
0,0,0,0,1,0
0,0,-0.01713066456,-0.1713066456,0,0
0,0,0.06027880638,0.7740947094,0,0
0,0,0.2254987341,1.652199277,0,0
0,0,0.5127625943,2.872638601,1,0
0,0,0.8683084494,3.555458552,1,0
0,0,1.341061943,4.727534936,2,-1
1,1,1.931678778,5.906168348
0,0,0,0,0,0
0,0,0.07912553018,0.7912553018,0,0
0,0,0.2544911329,1.753656027,1,0
0,0,0.4753558106,2.208646778,0,0
0,0,0.837486382,3.621305713,2,0
0,0,1.249641063,4.121546809,2,-1
1,1,1.7695055,5.19864437
0,0,0,0,0,0
0,0,0.09265565017,0.9265565017,1,0
0,0,0.2056532092,1.12997559,1,0
0,0,0.3632751961,1.576219869,1,0
0,0,0.5763276089,2.130524128,0,0
0,0,0.9420328203,3.657052113,1,0
0,0,1.423046036,4.81013216,0,-1
1,1,2.057668654,6.346226177
0,0,0,0,1,0
0,0,-0.009641340533,-0.09641340533,0,0
0,0,0.08281705664,0.9245839717,1,0
0,0,0.1739019523,0.9108489567,1,0
0,0,0.2789773895,1.050754372,1,0
0,0,0.4337837958,1.548064063,0,0
0,0,0.7197726675,2.859888717,0,0
0,0,1.17146501,4.516923429,0,-1
1,1,1.778294743,6.068297328
0,0,0,0,2,0
0,0,-0.0970320839,-0.970320839,1,0
0,0,-0.1953674369,-0.9833535297,0,0
0,0,-0.2434979082,-0.4813047129,2,0
0,0,-0.42920318,-1.857052718,0,0
0,0,-0.5991989508,-1.699957708,0,0
0,0,-0.8012915151,-2.020925642,2,0
0,0,-1.15945549,-3.581639752,1,-1
1,1,-1.643433166,-4.839776755
0,0,0,0,0,0
0,0,0.07578073197,0.7578073197,1,0
0,0,0.1653894803,0.8960874836,1,0
0,0,0.2710470253,1.05657545,2,0
0,0,0.3326633828,0.6161635748,1,0
0,0,0.4653469661,1.326835833,0,0
0,0,0.7461272111,2.80780245,0,0
0,0,1.199865439,4.53738228,0,-1
1,1,1.809709172,6.098437328
0,0,0,0,1,0
0,0,0.002458023894,0.02458023894,1,0
0,0,0.003188745544,0.007307216499,2,0
0,0,-0.0862953405,-0.8948408605,0,0
0,0,-0.1195136937,-0.3321835321,2,0
0,0,-0.246433241,-1.269195472,0,0
0,0,-0.3246877691,-0.7825452811,2,0
0,0,-0.5226349854,-1.979472163,2,0
0,0,-0.8864101702,-3.637751848,0,0
0,0,-1.311872655,-4.254624852,2,-1
1,1,-1.8939994,-5.821267448
0,0,0,0,2,0
0,0,-0.09285849724,-0.9285849724,1,0
0,0,-0.2172910399,-1.244325426,1,0
0,0,-0.3695148833,-1.522238434,1,0
0,0,-0.5746178836,-2.051030003,1,0
0,0,-0.8635218887,-2.889040051,2,0
0,0,-1.322497397,-4.589755086,0,-1
1,1,-1.901119606,-5.786222084
0,0,0,0,0,0
0,0,0.0745555334,0.745555334,2,0
0,0,0.05837030909,-0.1618522431,0,0
0,0,0.1323620395,0.7399173041,0,0
0,0,0.3261791242,1.938170847,0,0
0,0,0.6500915053,3.239123811,1,0
0,0,1.076431887,4.263403812,0,-1
1,1,1.654502941,5.780710549
0,0,0,0,2,0
0,0,-0.07084029392,-0.7084029392,0,0
0,0,-0.0601679279,0.1067236601,0,0
0,0,0.03378457294,0.9395250084,1,0
0,0,0.1236156868,0.8983111385,2,0
0,0,0.1484539047,0.2483821789,0,0
0,0,0.2718745468,1.234206421,0,0
0,0,0.5133892778,2.41514731,2,0
0,0,0.7505114951,2.371222173,0,0
0,0,1.142104256,3.915927604,0,-1
1,1,1.694523301,5.524190455
0,0,0,0,1,0
0,0,-0.01214255637,-0.1214255637,0,0
0,0,0.05698875768,0.6913131405,2,0
0,0,0.0575505265,0.00561768821,1,0
0,0,0.05957573857,0.02025212067,0,0
0,0,0.1725070067,1.129312681,0,0
0,0,0.397500441,2.249934343,1,0
0,0,0.6928064666,2.953060255,0,0
0,0,1.154068328,4.612618612,2,-1
1,1,1.703951515,5.49883187
0,0,0,0,0,0
0,0,0.08212305884,0.8212305884,1,0
0,0,0.1885219047,1.063988459,0,0
0,0,0.4181146677,2.29592763,0,0
0,0,0.8049386229,3.868239553,2,0
0,0,1.243482119,4.385434957,2,-1
1,1,1.793570585,5.500884666
0,0,0,0,1,0
0,0,-0.0173603932,-0.173603932,2,0
0,0,-0.1144859696,-0.9712557639,1,0
0,0,-0.2471145629,-1.326285933,2,0
0,0,-0.5216820079,-2.74567445,0,0
0,0,-0.7934750279,-2.717930199,2,0
0,0,-1.231844541,-4.383695136,1,-1
1,1,-1.805867981,-5.740234395
0,0,0,0,2,0
0,0,-0.08839116641,-0.8839116641,0,0
0,0,-0.1145041005,-0.2611293412,2,0
0,0,-0.2356584035,-1.21154303,2,0
0,0,-0.488867267,-2.532088635,0,0
0,0,-0.7522645789,-2.633973119,2,0
0,0,-1.171003894,-4.187393156,2,-1
1,1,-1.750028256,-5.790243616
0,0,0,0,2,0
0,0,-0.1048899757,-1.048899757,0,0
0,0,-0.1235208954,-0.1863091972,2,0
0,0,-0.2352619738,-1.117410783,0,0
0,0,-0.3165512534,-0.812892796,0,0
0,0,-0.3785986621,-0.6204740876,2,0
0,0,-0.5746121244,-1.960134623,0,0
0,0,-0.7927052488,-2.180931244,0,0
0,0,-1.065872636,-2.731673871,2,0
0,0,-1.511613725,-4.45741089,0,-1
1,1,-2.097897008,-5.862832826
0,0,0,0,0,0
0,0,0.1052228052,1.052228052,1,0
0,0,0.2407753201,1.355525148,0,0
0,0,0.4911338997,2.503585796,2,0
0,0,0.7407311771,2.495972775,2,0
0,0,1.044610108,3.038789304,2,0
0,0,1.439089019,3.944789117,0,-1
1,1,1.987167118,5.480780987
0,0,0,0,1,0
0,0,-0.007649618633,-0.07649618633,0,0
0,0,0.06522948546,0.728791041,1,0
0,0,0.1375033797,0.722738942,1,0
0,0,0.2298297369,0.9232635728,1,0
0,0,0.3681734594,1.383437224,2,0
0,0,0.4970144571,1.288409978,0,0
0,0,0.7833618433,2.863473861,2,0
0,0,1.114688015,3.313261716,0,-1
1,1,1.609520752,4.948327374
0,0,0,0,1,0
0,0,0.008811770442,0.08811770442,2,0
0,0,-0.06906219841,-0.7787396886,0,0
0,0,-0.06572733455,0.03334863865,2,0
0,0,-0.1652850316,-0.9955769703,2,0
0,0,-0.3730614519,-2.077764203,1,0
0,0,-0.6289650201,-2.559035682,2,0
0,0,-1.045078121,-4.161131005,0,0
0,0,-1.537993991,-4.929158707,2,-1
1,1,-2.178906894,-6.409129028
0,0,0,0,0,0
0,0,0.08853650928,0.8853650928,0,0
0,0,0.2842618744,1.957253652,1,0
0,0,0.534327468,2.500655935,0,0
0,0,0.9249410426,3.906135746,1,0
0,0,1.436877804,5.119367617,1,-1
1,1,2.088724876,6.518470722
0,0,0,0,1,0
0,0,0.005327270585,0.05327270585,1,0
0,0,0.01594378096,0.1061651037,1,0
0,0,0.042090866,0.2614708504,0,0
0,0,0.1658871319,1.237962659,0,0
0,0,0.4052860617,2.393989298,2,0
0,0,0.6295726254,2.242865637,0,0
0,0,1.01973978,3.901671547,0,0
0,0,1.567974952,5.482351723,0,-1
1,1,2.2632762,6.953012477
