2,1,1
0,0,0,0,2,0
0,0,-0.09646703017,-0.9646703017,0,0
0,0,-0.1350053972,-0.3853836704,2,0
0,0,-0.2919735064,-1.569681091,1,0
0,0,-0.5017692688,-2.097957624,2,0
0,0,-0.8575776873,-3.558084185,0,0
0,0,-1.268583811,-4.110061236,2,-1
1,1,-1.838380143,-5.697963319
0,0,0,0,1,0
0,0,0.002315254875,0.02315254875,0,0
0,0,0.08375614426,0.8144088938,1,0
0,0,0.1948368327,1.110806884,1,0
0,0,0.3399543217,1.451174891,2,0
0,0,0.4734803976,1.335260759,1,0
0,0,0.673438043,1.999576453,1,0
0,0,0.9743061775,3.008681345,0,0
0,0,1.434381004,4.600748263,0,-1
1,1,2.047251909,6.12870905
0,0,0,0,1,0
0,0,0.01212110423,0.1212110423,0,0
0,0,0.1114802163,0.9935911205,0,0
0,0,0.3321050624,2.206248462,1,0
0,0,0.5927086588,2.606035964,0,0
0,0,1.011981563,4.192729045,1,0
0,0,1.541885985,5.299044212,2,-1
1,1,2.215715546,6.738295612
0,0,0,0,0,0
0,0,0.08955831805,0.8955831805,2,0
0,0,0.1077555197,0.1819720165,0,0
0,0,0.2349601868,1.272046671,2,0
0,0,0.3312797643,0.9631957746,0,0
0,0,0.5757592379,2.444794736,1,0
0,0,0.8933462591,3.175870212,0,0
0,0,1.375273671,4.819274119,1,-1
1,1,1.99283522,6.175615494
0,0,0,0,0,0
0,0,0.08313023384,0.8313023384,0,0
0,0,0.2831313093,2.000010755,1,0
0,0,0.5332801329,2.501488236,1,0
0,0,0.859090928,3.258107951,2,0
0,0,1.24064286,3.815519325,0,-1
1,1,1.785660285,5.450174249
0,0,0,0,2,0
0,0,-0.07506151196,-0.7506151196,0,0
0,0,-0.08463716745,-0.09575655488,2,0
0,0,-0.2008034081,-1.161662407,1,0
0,0,-0.3395635422,-1.387601341,2,0
0,0,-0.6022077301,-2.626441879,2,0
0,0,-1.034189494,-4.31981764,1,-1
1,1,-1.583309063,-5.491195686
0,0,0,0,1,0
0,0,-0.008424373524,-0.08424373524,0,0
0,0,0.05344244674,0.6186682026,2,0
0,0,0.03417291382,-0.1926953291,1,0
0,0,0.03249493128,-0.01677982541,0,0
0,0,0.1130329085,0.8053797722,0,0
0,0,0.3148549825,2.01822074,0,0
0,0,0.6520110912,3.371561087,0,0
0,0,1.133804635,4.817935439,0,-1
1,1,1.771260406,6.37455771
0,0,0,0,1,0
0,0,0.01470762769,0.1470762769,1,0
0,0,0.02394669419,0.09239066503,2,0
0,0,-0.06028598673,-0.8423268092,2,0
0,0,-0.2355456375,-1.752596508,0,0
0,0,-0.374758523,-1.392128855,0,0
0,0,-0.4811569854,-1.063984624,1,0
0,0,-0.65255269,-1.713957045,2,0
0,0,-0.9766081615,-3.240554716,1,0
0,0,-1.414732441,-4.381242791,0,-1
1,1,-1.984503083,-5.697706424
0,0,0,0,0,0
0,0,0.09694327736,0.9694327736,1,0
0,0,0.2054374978,1.084942204,1,0
0,0,0.3399855927,1.345480949,1,0
0,0,0.5433724354,2.033868427,0,0
0,0,0.8931718563,3.497994209,0,0
0,0,1.395698393,5.025265366,2,-1
1,1,2.022235042,6.265366487
0,0,0,0,1,0
0,0,-0.01730021924,-0.1730021924,1,0
0,0,-0.03775662728,-0.2045640804,2,0
0,0,-0.1399727113,-1.02216084,0,0
0,0,-0.1833137908,-0.4334107951,0,0
0,0,-0.1797937623,0.03520028508,1,0
0,0,-0.208782853,-0.289890907,0,0
0,0,-0.1733899257,0.3539292735,0,0
0,0,-0.09654435491,0.7684557076,1,0
0,0,-0.04007163438,0.5647272053,0,0
0,0,0.1102263556,1.5029799,0,0
0,0,0.3521505531,2.419241974,0,0
0,0,0.7459281379,3.937775848,0,0
0,0,1.293137236,5.472090981,0,-1
1,1,1.991321475,6.981842393
0,0,0,0,1,0
0,0,-0.005072851522,-0.05072851522,0,0
0,0,0.08460319299,0.8967604452,2,0
0,0,0.1059618652,0.2135867223,0,0
0,0,0.221102537,1.151406718,1,0
0,0,0.3720815004,1.509789634,2,0
0,0,0.5100032041,1.379217037,1,0
0,0,0.7330667856,2.230635814,2,0
0,0,1.008199298,2.751325126,1,0
0,0,1.408523123,4.003238252,1,-1
1,1,1.952912207,5.443890836
0,0,0,0,2,0
0,0,-0.08549689833,-0.8549689833,2,0
0,0,-0.2789745164,-1.934776181,2,0
0,0,-0.5940182169,-3.150437005,0,0
0,0,-0.9225744038,-3.285561869,1,0
0,0,-1.357702201,-4.351277967,2,-1
1,1,-1.947779457,-5.90077256
0,0,0,0,1,0
0,0,0.01550112585,0.1550112585,0,0
0,0,0.1066448076,0.9114368179,2,0
0,0,0.1367505477,0.3010574008,1,0
0,0,0.1753589283,0.3860838062,0,0
0,0,0.3154213865,1.400624581,0,0
0,0,0.579225646,2.638042596,0,0
0,0,0.9885568766,4.093312306,1,0
0,0,1.521781213,5.332243362,2,-1
1,1,2.19591124,6.741300273
0,0,0,0,1,0
0,0,-0.003186178105,-0.03186178105,1,0
0,0,0.006284109191,0.09470287297,2,0
0,0,-0.06575245993,-0.7203656913,1,0
0,0,-0.1421344965,-0.7638203659,2,0
0,0,-0.3144985927,-1.723640962,2,0
0,0,-0.6193421463,-3.048435536,2,0
0,0,-1.083672553,-4.643304065,1,-1
1,1,-1.670641953,-5.869693997
0,0,0,0,0,0
0,0,0.1000717093,1.000717093,2,0
0,0,0.1160513233,0.1597961397,0,0
0,0,0.2354541083,1.19402785,2,0
0,0,0.2960867946,0.6063268635,0,0
0,0,0.4830129772,1.869261825,1,0
0,0,0.7480579693,2.650449922,2,0
0,0,1.057289258,3.092312882,1,0
0,0,1.48855543,4.312661721,1,-1
1,1,2.063384888,5.748294583
0,0,0,0,2,0
0,0,-0.07416951213,-0.7416951213,2,0
0,0,-0.2400233077,-1.658537956,1,0
0,0,-0.4617497815,-2.217264738,2,0
0,0,-0.8357799266,-3.740301451,1,0
0,0,-1.319451127,-4.836712001,1,-1
1,1,-1.935216357,-6.157652301
0,0,0,0,1,0
0,0,0.002440683386,0.02440683386,2,0
0,0,-0.09670551358,-0.9914619697,0,0
0,0,-0.1212422074,-0.2453669377,0,0
0,0,-0.08396178071,0.3728042665,1,0
0,0,-0.07226639682,0.1169538389,1,0
0,0,-0.07778118019,-0.05514783369,1,0
0,0,-0.1102528233,-0.324716431,0,0
0,0,-0.07055932239,0.396935009,2,0
0,0,-0.1290085062,-0.5844918377,1,0
0,0,-0.1934163377,-0.6440783156,0,0
0,0,-0.20896738,-0.1555104226,2,0
0,0,-0.3627489762,-1.537815962,2,0
0,0,-0.6661439576,-3.033949814,0,0
0,0,-1.010056421,-3.439124633,1,0
0,0,-1.482595259,-4.72538838,1,-1
1,1,-2.09993708,-6.173418206
0,0,0,0,0,0
0,0,0.09292661221,0.9292661221,2,0
0,0,0.1012938361,0.08367223847,0,0
0,0,0.2040866777,1.027928416,0,0
0,0,0.4252908021,2.212041244,2,0
0,0,0.6290933611,2.03802559,0,0
0,0,0.9931143044,3.640209433,1,0
0,0,1.478326965,4.852126602,1,-1
1,1,2.106355238,6.280282731
0,0,0,0,2,0
0,0,-0.1038451401,-1.038451401,1,0
0,0,-0.2138412667,-1.099961266,1,0
0,0,-0.372667005,-1.588257382,0,0
0,0,-0.5263848076,-1.537178026,2,0
0,0,-0.8249904102,-2.986056026,2,0
0,0,-1.27752153,-4.525311195,1,-1
1,1,-1.867821843,-5.903003136
0,0,0,0,0,0
0,0,0.09672354225,0.9672354225,0,0
0,0,0.307207755,2.104842127,1,0
0,0,0.5677318056,2.605240507,1,0
0,0,0.9184092127,3.506774071,0,0
0,0,1.425488942,5.070797294,2,-1
1,1,2.061492886,6.360039434
0,0,0,0,1,0
0,0,-0.0135144495,-0.135144495,2,0
0,0,-0.1138686818,-1.003542323,2,0
0,0,-0.3040312642,-1.901625825,2,0
0,0,-0.6345002303,-3.304689661,0,0
0,0,-0.9938047306,-3.593045003,2,0
0,0,-1.521077252,-5.272725217,1,-1
1,1,-2.192851913,-6.717746605
0,0,0,0,0,0
0,0,0.0864194063,0.864194063,1,0
0,0,0.2049160914,1.184966851,0,0
0,0,0.440490663,2.355745716,0,0
0,0,0.8365309184,3.960402553,2,0
0,0,1.277496945,4.409660264,0,-1
1,1,1.872970699,5.954737541
0,0,0,0,2,0
0,0,-0.07329066433,-0.7329066433,2,0
0,0,-0.2466165054,-1.733258411,0,0
0,0,-0.3614702607,-1.148537552,2,0
0,0,-0.6287385904,-2.672683298,2,0
0,0,-1.060979361,-4.322407703,2,-1
1,1,-1.644840645,-5.838612841
0,0,0,0,2,0
0,0,-0.08301883454,-0.8301883454,1,0
0,0,-0.1635193605,-0.8050052596,2,0
0,0,-0.3600443816,-1.965250211,1,0
0,0,-0.6135638726,-2.53519491,2,0
0,0,-1.034400174,-4.208363009,2,-1
1,1,-1.617196138,-5.827959648
0,0,0,0,0,0
0,0,0.1006180803,1.006180803,2,0
0,0,0.1277352845,0.2711720419,0,0
0,0,0.2541275543,1.263922698,1,0
0,0,0.4192261334,1.65098579,0,0
0,0,0.72414296,3.049168267,2,0
0,0,1.058421198,3.342782383,1,0
0,0,1.516392544,4.579713454,2,-1
1,1,2.114982679,5.985901352
0,0,0,0,1,0
0,0,-0.01740492347,-0.1740492347,2,0
0,0,-0.1413984295,-1.239935061,1,0
0,0,-0.2764495264,-1.350510969,1,0
0,0,-0.4517450651,-1.752955387,0,0
0,0,-0.6199027883,-1.681577231,1,0
0,0,-0.8922101733,-2.72307385,0,0
0,0,-1.226461173,-3.342509997,0,-1
1,1,-1.671255554,-4.447943814
0,0,0,0,0,0
0,0,0.1011775376,1.011775376,2,0
0,0,0.1444028498,0.4322531216,2,0
0,0,0.1347920664,-0.09610783416,1,0
0,0,0.1611746036,0.2638253727,0,0
0,0,0.3150957247,1.53921121,0,0
0,0,0.6162276071,3.011318825,1,0
0,0,1.011440962,3.952133548,0,0
0,0,1.563140674,5.516997116,1,-1
1,1,2.261448804,6.983081303
0,0,0,0,1,0
0,0,0.007296806712,0.07296806712,1,0
0,0,0.004448249986,-0.02848556726,2,0
0,0,-0.07142595171,-0.7587420169,0,0
0,0,-0.07458710015,-0.03161148442,0,0
0,0,-0.008928470948,0.656586292,1,0
0,0,0.04110784584,0.5003631679,0,0
0,0,0.1737633684,1.326555226,1,0
0,0,0.3191250222,1.453616538,1,0
0,0,0.525393612,2.062685897,2,0
0,0,0.7426888439,2.17295232,0,0
0,0,1.12837666,3.85687816,0,-1
1,1,1.680714343,5.523376829
0,0,0,0,2,0
0,0,-0.09779042343,-0.9779042343,1,0
0,0,-0.2165559695,-1.187655461,0,0
0,0,-0.2753034252,-0.5874745573,0,0
0,0,-0.3109935419,-0.3569011665,1,0
0,0,-0.4073644518,-0.9637090994,1,0
0,0,-0.5741982265,-1.668337747,2,0
0,0,-0.8934692921,-3.192710656,2,0
0,0,-1.376988797,-4.835195044,1,-1
1,1,-1.998464053,-6.214752568
0,0,0,0,2,0
0,0,-0.1019055114,-1.019055114,1,0
0,0,-0.2107050934,-1.08799582,1,0
0,0,-0.3384802124,-1.27775119,2,0
0,0,-0.5941113447,-2.556311323,1,0
0,0,-0.9343519584,-3.402406137,1,0
0,0,-1.396865276,-4.625133179,0,-1
1,1,-1.986817882,-5.899526055
0,0,0,0,1,0
0,0,0.01272693723,0.1272693723,2,0
0,0,-0.04404735828,-0.5677429551,0,0
0,0,-0.03290379866,0.1114355962,2,0
0,0,-0.124364959,-0.9146116034,0,0
0,0,-0.1555437369,-0.3117877786,1,0
0,0,-0.2040352398,-0.4849150295,1,0
0,0,-0.2872610276,-0.832257878,1,0
0,0,-0.4225349242,-1.352738965,1,0
0,0,-0.6188243534,-1.962894293,0,0
0,0,-0.843529218,-2.247048646,1,0
0,0,-1.188335922,-3.448067044,2,-1
1,1,-1.693793418,-5.054574957
0,0,0,0,1,0
0,0,-0.006162714302,-0.06162714302,1,0
0,0,-0.01113058443,-0.04967870127,2,0
0,0,-0.1139957549,-1.028651704,2,0
0,0,-0.3115957177,-1.975999628,2,0
0,0,-0.6429740867,-3.313783691,0,0
0,0,-0.9934461917,-3.504721049,1,0
0,0,-1.459270003,-4.658238114,0,-1
1,1,-2.059110799,-5.998407955
0,0,0,0,0,0
0,0,0.08953562091,0.8953562091,2,0
0,0,0.109970999,0.2043537806,1,0
0,0,0.1479855636,0.3801456463,1,0
0,0,0.2105611579,0.6257559433,2,0
0,0,0.2240507666,0.1348960864,2,0
0,0,0.1903053469,-0.3374541971,1,0
0,0,0.1761033367,-0.1420201017,2,0
0,0,0.1098243842,-0.6627895253,1,0
0,0,0.07582826436,-0.3399611979,1,0
0,0,0.05434073559,-0.2148752878,1,0
0,0,0.03321300244,-0.2112773315,0,0
0,0,0.1126369401,0.7942393768,2,0
0,0,0.1236730207,0.1103608061,1,0
0,0,0.1726023913,0.4892937053,2,0
0,0,0.1540099093,-0.1859248199,1,0
0,0,0.1749914185,0.209815092,2,0
0,0,0.1370298183,-0.3796160021,2,0
0,0,0.04604359351,-0.9098622474,2,0
0,0,-0.1200040623,-1.660476558,2,0
0,0,-0.4057945389,-2.857904766,1,0
0,0,-0.7654679065,-3.596733676,1,0
0,0,-1.227445616,-4.619777092,2,-1
1,1,-1.842955857,-6.155102415
0,0,0,0,1,0
0,0,0.006549625158,0.06549625158,0,0
0,0,0.09941352253,0.9286389737,0,0
0,0,0.3074944289,2.080809064,1,0
0,0,0.5692072189,2.6171279,2,0
0,0,0.8316846155,2.624773966,1,0
0,0,1.194414735,3.627301198,1,-1
1,1,1.68503218,4.906174451
0,0,0,0,1,0
0,0,0.007672574078,0.07672574078,0,0
0,0,0.1168227157,1.091501416,0,0
0,0,0.3476711695,2.308484538,0,0
0,0,0.7186304246,3.709592551,0,0
0,0,1.251584742,5.329543179,0,-1
1,1,1.941698379,6.901136362
0,0,0,0,2,0
0,0,-0.09896426387,-0.9896426387,0,0
0,0,-0.1382910211,-0.393267572,2,0
0,0,-0.2879060722,-1.496150512,1,0
0,0,-0.4801964192,-1.92290347,0,0
0,0,-0.666210215,-1.860137957,1,0
0,0,-0.9527529248,-2.865427099,1,0
0,0,-1.360034306,-4.072813809,1,-1
1,1,-1.909579622,-5.495453168
0,0,0,0,1,0
0,0,-0.01139021945,-0.1139021945,2,0
0,0,-0.1282695785,-1.16879359,2,0
0,0,-0.3705618872,-2.422923087,0,0
0,0,-0.5959138703,-2.253519831,0,0
0,0,-0.8354515064,-2.39537636,2,0
0,0,-1.231004149,-3.955526428,2,-1
1,1,-1.780764034,-5.497598849
0,0,0,0,2,0
0,0,-0.08928544457,-0.8928544457,2,0
0,0,-0.2894695788,-2.001841342,1,0
0,0,-0.5333627233,-2.438931446,0,0
0,0,-0.7718686341,-2.385059108,2,0
0,0,-1.165904116,-3.940354818,2,-1
1,1,-1.715269905,-5.493657888
0,0,0,0,2,0
0,0,-0.08154760291,-0.8154760291,2,0
0,0,-0.2774979522,-1.959503493,0,0
0,0,-0.4317294977,-1.542315455,0,0
0,0,-0.5631698905,-1.314403928,0,0
0,0,-0.7070049986,-1.438351081,1,0
0,0,-0.9512858363,-2.442808376,2,0
0,0,-1.368603335,-4.173174988,2,-1
1,1,-1.940792232,-5.721888971
0,0,0,0,1,0
0,0,-0.008239201677,-0.08239201677,0,0
0,0,0.08333011711,0.9156931879,0,0
0,0,0.2886415789,2.053114618,1,0
0,0,0.5556411322,2.669995534,2,0
0,0,0.8364548421,2.808137098,0,0
0,0,1.279888047,4.434332046,2,-1
1,1,1.834089542,5.542014952
0,0,0,0,0,0
0,0,0.07177923205,0.7177923205,2,0
0,0,0.05497837857,-0.1680085348,0,0
0,0,0.145329017,0.9035063843,1,0
0,0,0.2733433938,1.280143768,0,0
0,0,0.5292892438,2.5594585,1,0
0,0,0.8512076834,3.219184396,2,0
0,0,1.228756664,3.775489804,0,-1
1,1,1.76673244,5.379757758
0,0,0,0,2,0
0,0,-0.07852860661,-0.7852860661,0,0
0,0,-0.08052058852,-0.01991981911,2,0
0,0,-0.1940381105,-1.13517522,0,0
0,0,-0.2542978208,-0.6025971027,0,0
0,0,-0.2642989116,-0.1000109078,1,0
0,0,-0.3055552317,-0.4125632016,1,0
0,0,-0.4049871642,-0.9943193246,1,0
0,0,-0.5700765718,-1.650894076,0,0
0,0,-0.7382941086,-1.682175368,1,0
0,0,-1.000240877,-2.619467683,1,0
0,0,-1.381567269,-3.813263925,2,-1
1,1,-1.917850468,-5.362831989
0,0,0,0,1,0
0,0,0.01539257288,0.1539257288,2,0
0,0,-0.06303504988,-0.7842762276,0,0
0,0,-0.05591088615,0.0712416373,2,0
0,0,-0.13959125,-0.8368036384,1,0
0,0,-0.2604699589,-1.208787089,2,0
0,0,-0.5072439277,-2.467739688,2,0
0,0,-0.9039832965,-3.967393688,0,0
0,0,-1.365834304,-4.618510073,2,-1
1,1,-1.979258313,-6.134240094
0,0,0,0,0,0
0,0,0.07986325904,0.7986325904,1,0
0,0,0.1723918703,0.9252861122,1,0
0,0,0.2802045461,1.078126759,1,0
0,0,0.4381445685,1.579400223,0,0
0,0,0.7410860082,3.029414398,0,0
0,0,1.210985894,4.698998861,2,-1
1,1,1.78058047,5.695945759
0,0,0,0,2,0
0,0,-0.08427859238,-0.8427859238,0,0
0,0,-0.1118955384,-0.2761694602,0,0
0,0,-0.0664348407,0.454606977,2,0
0,0,-0.1098484408,-0.4341360007,2,0
0,0,-0.2649599428,-1.551115021,0,0
0,0,-0.3736581615,-1.086982187,0,0
0,0,-0.4552541585,-0.8159599696,0,0
0,0,-0.521295533,-0.6604137449,1,0
0,0,-0.6627097997,-1.414142667,0,0
0,0,-0.8468315134,-1.841217137,1,0
0,0,-1.137031295,-2.901997815,0,0
0,0,-1.522073826,-3.850425315,1,-1
1,1,-2.052829913,-5.307560867
0,0,0,0,1,0
0,0,-0.006603100401,-0.06603100401,1,0
0,0,-0.01628441029,-0.09681309884,1,0
0,0,-0.01370361266,0.02580797625,1,0
0,0,-0.01644651176,-0.02742899101,2,0
0,0,-0.09568502622,-0.7923851446,1,0
0,0,-0.1975913689,-1.019063427,2,0
0,0,-0.4314701279,-2.33878759,2,0
0,0,-0.7985058444,-3.670357165,2,0
0,0,-1.315115556,-5.166097117,1,-1
1,1,-1.969254341,-6.541387852
0,0,0,0,1,0
0,0,-0.01014796264,-0.1014796264,0,0
0,0,0.07284446813,0.8299243076,1,0
0,0,0.1827462321,1.09901764,1,0
0,0,0.3137340718,1.309878397,0,0
0,0,0.5709929414,2.572588696,1,0
0,0,0.9045778149,3.335848735,1,0
0,0,1.345194732,4.406169169,2,-1
1,1,1.906878877,5.616841453
0,0,0,0,1,0
0,0,0.01743686174,0.1743686174,1,0
0,0,0.02555918833,0.08122326597,2,0
0,0,-0.06565409068,-0.9121327901,0,0
0,0,-0.08182816931,-0.1617407863,0,0
0,0,-0.0166439551,0.651842142,1,0
0,0,0.03760212968,0.5424608478,0,0
0,0,0.1887326908,1.511305612,0,0
0,0,0.4473022195,2.585695287,2,0
0,0,0.7063012308,2.589990112,1,0
0,0,1.073723255,3.674220243,2,0
0,0,1.530077196,4.56353941,2,-1
1,1,2.128649289,5.985720928
0,0,0,0,1,0
0,0,-0.01062400382,-0.1062400382,2,0
0,0,-0.1066439192,-0.9601991539,0,0
0,0,-0.1468823184,-0.4023839919,0,0
0,0,-0.1415019671,0.05380351331,2,0
0,0,-0.2476557814,-1.061538143,1,0
0,0,-0.3910439991,-1.433882177,2,0
0,0,-0.6732306591,-2.8218666,1,0
0,0,-1.05297954,-3.797488806,0,0
0,0,-1.516954184,-4.639746447,2,-1
1,1,-2.129327401,-6.123732169
0,0,0,0,1,0
0,0,-0.01376478732,-0.1376478732,1,0
0,0,-0.04665158425,-0.3288679692,2,0
0,0,-0.1767886255,-1.301370413,0,0
0,0,-0.2400175122,-0.6322888669,2,0
0,0,-0.4309034621,-1.908859498,1,0
0,0,-0.7024743951,-2.71570933,2,0
0,0,-1.135262907,-4.327885121,0,-1
1,1,-1.659051986,-5.237890784
0,0,0,0,1,0
0,0,-0.001019506368,-0.01019506368,1,0
0,0,0.01279322568,0.1381273205,0,0
0,0,0.1007572342,0.8796400856,1,0
0,0,0.2029499521,1.021927178,0,0
0,0,0.4090477525,2.060978004,0,0
0,0,0.7537285137,3.446807612,2,0
0,0,1.138655123,3.849266094,1,-1
1,1,1.647126564,5.084714405
0,0,0,0,1,0
0,0,0.0003839230334,0.003839230334,1,0
0,0,0.003922672757,0.03538749724,0,0
0,0,0.08206019927,0.7813752651,0,0
0,0,0.262474345,1.804141457,1,0
0,0,0.4890327295,2.265583845,1,0
0,0,0.7966056473,3.075729178,2,0
0,0,1.150684927,3.5407928,0,-1
1,1,1.664674079,5.139891512
0,0,0,0,1,0
0,0,0.01542205219,0.1542205219,1,0
0,0,0.02612380784,0.1070175565,1,0
0,0,0.03361046294,0.07486655102,2,0
0,0,-0.05743670828,-0.9104717122,0,0
0,0,-0.07906213402,-0.2162542574,0,0
0,0,-0.01815714966,0.6090498436,2,0
0,0,-0.04117232648,-0.2301517682,2,0
0,0,-0.1640994832,-1.229271567,2,0
0,0,-0.4170565695,-2.529570863,1,0
0,0,-0.7384473143,-3.213907448,0,0
0,0,-1.095942302,-3.57494988,2,-1
1,1,-1.622285797,-5.263434944
0,0,0,0,0,0
0,0,0.07967389196,0.7967389196,2,0
0,0,0.08876932929,0.09095437329,1,0
0,0,0.1088187175,0.2004938825,1,0
0,0,0.1331205596,0.2430184206,1,0
0,0,0.1749909972,0.4187043764,2,0
0,0,0.1454695465,-0.2952145069,0,0
0,0,0.2233440851,0.7787453851,0,0
0,0,0.4094976321,1.861535471,0,0
0,0,0.7247697515,3.152721194,2,0
0,0,1.08584348,3.610737287,1,-1
1,1,1.573631337,4.877878571
0,0,0,0,2,0
0,0,-0.09845729799,-0.9845729799,1,0
0,0,-0.2024458842,-1.039885862,1,0
0,0,-0.3455850726,-1.431391884,0,0
0,0,-0.4705337645,-1.249486919,1,0
0,0,-0.6745488889,-2.040151244,0,0
0,0,-0.9164313237,-2.418824348,1,0
0,0,-1.286465043,-3.700337193,0,-1
1,1,-1.769089104,-4.826240608
0,0,0,0,1,0
0,0,-0.01583380619,-0.1583380619,2,0
0,0,-0.1339432404,-1.181094342,1,0
0,0,-0.2739357971,-1.399925567,2,0
0,0,-0.5400769878,-2.661411907,0,0
0,0,-0.8095234746,-2.694464868,2,0
0,0,-1.23837613,-4.288526554,1,-1
1,1,-1.797518297,-5.591421669
0,0,0,0,2,0
0,0,-0.08275040841,-0.8275040841,2,0
0,0,-0.2546716155,-1.719212071,0,0
0,0,-0.376646141,-1.219745255,2,0
0,0,-0.6519512205,-2.753050795,2,0
0,0,-1.089752471,-4.378012501,0,-1
1,1,-1.6212684,-5.315159292
0,0,0,0,1,0
0,0,0.005173985417,0.05173985417,1,0
0,0,0.01961964573,0.1444566031,0,0
0,0,0.1095703492,0.8995070346,0,0
0,0,0.311045043,2.014746938,2,0
0,0,0.4637353022,1.526902592,0,0
0,0,0.7756615268,3.119262246,1,0
0,0,1.194621157,4.189596305,1,-1
1,1,1.741215688,5.465945308
0,0,0,0,2,0
0,0,-0.104546198,-1.04546198,0,0
0,0,-0.1545918545,-0.5004565655,2,0
0,0,-0.3188206005,-1.64228746,1,0
0,0,-0.5211683333,-2.023477328,0,0
0,0,-0.7375995967,-2.164312634,2,0
0,0,-1.110918372,-3.733187752,2,-1
1,1,-1.649798419,-5.388800472
0,0,0,0,0,0
0,0,0.08939972133,0.8939972133,1,0
0,0,0.1811117155,0.9171199419,0,0
0,0,0.3968796648,2.157679493,0,0
0,0,0.7675813384,3.707016736,1,0
0,0,1.247593849,4.800125103,1,-1
1,1,1.853904421,6.063105726
0,0,0,0,2,0
0,0,-0.09077782054,-0.9077782054,0,0
0,0,-0.1131809921,-0.224031716,1,0
0,0,-0.1430865638,-0.2990557168,0,0
0,0,-0.1148048584,0.2828170542,1,0
0,0,-0.1002856209,0.1451923754,1,0
0,0,-0.09327105986,0.07014561008,0,0
0,0,-0.004312368684,0.8895869117,2,0
0,0,-0.0121679045,-0.07855535811,1,0
0,0,-0.01103994239,0.01127962108,1,0
0,0,-0.0193311816,-0.08291239214,1,0
0,0,-0.04233697135,-0.2300578975,0,0
0,0,0.001744825803,0.4408179715,2,0
0,0,-0.02866588077,-0.3041070657,1,0
0,0,-0.06306400678,-0.3439812601,0,0
0,0,-0.01870851158,0.443554952,1,0
0,0,0.0149341702,0.3364268178,0,0
0,0,0.1224759152,1.07541745,0,0
0,0,0.3247806591,2.023047439,2,0
0,0,0.4916088012,1.66828142,0,0
0,0,0.8013040368,3.096952357,1,0
0,0,1.221389585,4.200855481,0,-1
1,1,1.803121612,5.817320275
0,0,0,0,1,0
0,0,0.006288162951,0.06288162951,0,0
0,0,0.09596325158,0.8967508863,2,0
0,0,0.1129565302,0.1699327866,0,0
0,0,0.2477275301,1.347709998,0,0
0,0,0.4979902569,2.502627268,2,0
0,0,0.754847506,2.568572492,1,0
0,0,1.12126606,3.664185536,0,-1
1,1,1.653133592,5.318675319
0,0,0,0,1,0
0,0,0.01491681998,0.1491681998,1,0
0,0,0.02810986732,0.1319304734,2,0
0,0,-0.02485372654,-0.5296359386,2,0
0,0,-0.1527319959,-1.278782694,2,0
0,0,-0.3786603006,-2.259283047,2,0
0,0,-0.7482522311,-3.695919304,2,0
0,0,-1.270115256,-5.218630249,1,-1
1,1,-1.918252341,-6.48137085
0,0,0,0,2,0
0,0,-0.07855217474,-0.7855217474,0,0
0,0,-0.07566323313,0.02888941611,2,0
0,0,-0.1572976216,-0.8163438845,1,0
0,0,-0.2609592786,-1.03661657,0,0
0,0,-0.33595426,-0.7499498145,0,0
0,0,-0.3994503656,-0.6349610559,0,0
0,0,-0.440783658,-0.4133329241,0,0
0,0,-0.4678836728,-0.2710001479,1,0
0,0,-0.5848070795,-1.169234067,2,0
0,0,-0.8503926486,-2.655855691,2,0
0,0,-1.289001018,-4.386083694,2,-1
1,1,-1.887192209,-5.98191191
0,0,0,0,0,0
0,0,0.08199699198,0.8199699198,1,0
0,0,0.1694431302,0.8744613825,2,0
0,0,0.1954146401,0.2597150984,1,0
0,0,0.2552309033,0.5981626322,1,0
0,0,0.3652122222,1.099813189,2,0
0,0,0.4540530833,0.8884086109,2,0
0,0,0.540979304,0.8692622075,0,0
0,0,0.7728176106,2.318383066,2,0
0,0,1.044131274,2.71313663,2,0
0,0,1.399871085,3.55739811,2,-1
1,1,1.882957491,4.830864068
0,0,0,0,2,0
0,0,-0.07368706856,-0.7368706856,0,0
0,0,-0.06167613977,0.1201092878,1,0
0,0,-0.05209200285,0.09584136925,0,0
0,0,0.03992158591,0.9201358876,1,0
0,0,0.1490725538,1.091509679,2,0
0,0,0.191645019,0.4257246513,0,0
0,0,0.3376465067,1.460014878,0,0
0,0,0.6163918511,2.787453444,0,0
0,0,1.058928864,4.425370131,1,-1
1,1,1.627004931,5.680760665
0,0,0,0,0,0
0,0,0.07656453315,0.7656453315,1,0
0,0,0.1535574805,0.7699294731,0,0
0,0,0.3278338452,1.742763648,1,0
0,0,0.5412896693,2.134558241,0,0
0,0,0.9107369126,3.694472433,1,0
0,0,1.383799235,4.730623229,2,-1
1,1,1.982846523,5.990472874
0,0,0,0,1,0
0,0,-0.01327561163,-0.1327561163,2,0
0,0,-0.1296323561,-1.163567445,0,0
0,0,-0.1810959391,-0.51463583,2,0
0,0,-0.3570069274,-1.759109882,1,0
0,0,-0.5893291923,-2.323222649,1,0
0,0,-0.9085250228,-3.191958305,1,0
0,0,-1.338925057,-4.304000347,2,-1
1,1,-1.925717648,-5.867925903
0,0,0,0,2,0
0,0,-0.08645375248,-0.8645375248,2,0
0,0,-0.2819058272,-1.954520747,2,0
0,0,-0.6220533128,-3.401474857,2,0
0,0,-1.112670861,-4.906175479,0,-1
1,1,-1.689141612,-5.764707516
0,0,0,0,0,0
0,0,0.07742142972,0.7742142972,1,0
0,0,0.1837793045,1.063578748,2,0
0,0,0.2184598197,0.3468051521,0,0
0,0,0.3753864744,1.569266547,1,0
0,0,0.6019078244,2.2652135,1,0
0,0,0.9246845822,3.227767578,2,0
0,0,1.313322686,3.886381041,2,-1
1,1,1.821181285,5.07858599
0,0,0,0,0,0
0,0,0.08854349518,0.8854349518,0,0
0,0,0.2651913225,1.766478273,1,0
0,0,0.5000158504,2.348245279,1,0
0,0,0.8144962534,3.14480403,0,0
0,0,1.290678253,4.761819993,1,-1
1,1,1.899733552,6.090552992
0,0,0,0,1,0
0,0,-0.004057622048,-0.04057622048,1,0
0,0,0.004280365536,0.08337987584,2,0
0,0,-0.08622706026,-0.9050742579,2,0
0,0,-0.2701809653,-1.83953905,0,0
0,0,-0.4160558314,-1.458748662,2,0
0,0,-0.7157706067,-2.997147753,0,0
0,0,-1.049925083,-3.341544764,1,0
0,0,-1.501369312,-4.514442286,2,-1
1,1,-2.101815019,-6.004457074
0,0,0,0,1,0
0,0,-0.001843485628,-0.01843485628,0,0
0,0,0.1010124333,1.028559189,1,0
0,0,0.2172323878,1.162199544,0,0
0,0,0.4469210488,2.296886611,1,0
0,0,0.742416582,2.954955332,0,0
0,0,1.20271262,4.602960381,0,-1
1,1,1.817220095,6.14507475
0,0,0,0,2,0
0,0,-0.08410363094,-0.8410363094,2,0
0,0,-0.281081973,-1.969783421,2,0
0,0,-0.6237091369,-3.426271638,0,0
0,0,-0.9790840172,-3.553748803,1,0
0,0,-1.448271259,-4.691872419,2,-1
1,1,-2.070248515,-6.219772555
0,0,0,0,2,0
0,0,-0.1048662418,-1.048662418,0,0
0,0,-0.131931992,-0.2706575023,0,0
0,0,-0.09936317466,0.3256881736,1,0
0,0,-0.07674049319,0.2262268147,0,0
0,0,0.01873657143,0.9547706463,0,0
0,0,0.2083026301,1.895660587,1,0
0,0,0.4458947858,2.375921556,2,0
0,0,0.659896942,2.140021562,2,0
0,0,0.9135129833,2.536160413,1,0
0,0,1.281677285,3.681643013,2,-1
1,1,1.762629693,4.809524084
0,0,0,0,2,0
0,0,-0.08778639069,-0.8778639069,1,0
0,0,-0.1802096972,-0.9242330653,0,0
0,0,-0.2268456149,-0.4663591768,2,0
0,0,-0.3835230251,-1.566774102,1,0
0,0,-0.6010908705,-2.175678454,1,0
0,0,-0.9098167569,-3.087258865,1,0
0,0,-1.325768852,-4.159520946,2,-1
1,1,-1.898277181,-5.725083298
0,0,0,0,1,0
0,0,0.003386468018,0.03386468018,1,0
0,0,0.01790952199,0.1452305398,0,0
0,0,0.1110355659,0.9312604394,0,0
0,0,0.3086623461,1.976267802,2,0
0,0,0.4669706309,1.583082848,0,0
0,0,0.760744632,2.937740011,0,0
0,0,1.214938262,4.541936295,1,-1
1,1,1.798363389,5.834251274
0,0,0,0,1,0
0,0,0.00339475238,0.0339475238,0,0
0,0,0.08782910474,0.8443435236,1,0
0,0,0.1825950604,0.947659557,1,0
0,0,0.2982184797,1.156234192,0,0
0,0,0.538466377,2.402478973,0,0
0,0,0.927970006,3.89503629,2,0
0,0,1.387324068,4.59354062,1,-1
1,1,1.984484298,5.971602303
0,0,0,0,2,0
0,0,-0.09447134308,-0.9447134308,2,0
0,0,-0.2880519315,-1.935805884,1,0
0,0,-0.5377636896,-2.497117581,2,0
0,0,-0.9388466508,-4.010829612,1,0
0,0,-1.453503234,-5.146565828,0,-1
1,1,-2.099804292,-6.463010582
0,0,0,0,2,0
0,0,-0.07738905774,-0.7738905774,1,0
0,0,-0.1518624124,-0.7447335468,0,0
0,0,-0.1482395579,0.03622854551,0,0
0,0,-0.09718078512,0.5105877275,1,0
0,0,-0.07031355688,0.2686722824,1,0
0,0,-0.06463258171,0.05680975169,2,0
0,0,-0.1626692337,-0.98036652,2,0
0,0,-0.3817620339,-2.190928002,2,0
0,0,-0.7446619092,-3.628998752,1,0
0,0,-1.20968694,-4.650250305,1,-1
1,1,-1.799931394,-5.902444547
0,0,0,0,1,0
0,0,-0.003369341309,-0.03369341309,2,0
0,0,-0.09350841801,-0.901390767,2,0
0,0,-0.301803339,-2.082949209,2,0
0,0,-0.6323411019,-3.305377629,0,0
0,0,-0.9816091413,-3.492680394,2,0
0,0,-1.485252277,-5.036431355,0,-1
1,1,-2.125537691,-6.402854144
0,0,0,0,1,0
0,0,0.007014547743,0.07014547743,2,0
0,0,-0.0856007338,-0.9261528154,2,0
0,0,-0.2635726845,-1.779719507,1,0
0,0,-0.4771837435,-2.13611059,1,0
0,0,-0.7643474496,-2.871637061,1,0
0,0,-1.147260712,-3.829132628,1,-1
1,1,-1.65808565,-5.108249377
0,0,0,0,0,0
0,0,0.09947372216,0.9947372216,0,0
0,0,0.3112350796,2.117613575,2,0
0,0,0.4754757256,1.64240646,0,0
0,0,0.8031800059,3.277042803,2,0
0,0,1.170424069,3.672440633,0,-1
1,1,1.69968606,5.292619912
0,0,0,0,2,0
0,0,-0.07143357663,-0.7143357663,2,0
0,0,-0.2300910712,-1.586574945,2,0
0,0,-0.5189008451,-2.888097739,0,0
0,0,-0.8145364609,-2.956356158,2,0
0,0,-1.267645613,-4.531091518,2,-1
1,1,-1.874008946,-6.063633328
0,0,0,0,2,0
0,0,-0.1025221959,-1.025221959,0,0
0,0,-0.1470556045,-0.4453340856,0,0
0,0,-0.1261220374,0.2093356705,2,0
0,0,-0.2176481617,-0.9152612426,0,0
0,0,-0.2446415295,-0.2699336777,2,0
0,0,-0.3912686401,-1.466271107,1,0
0,0,-0.606248005,-2.149793649,1,0
0,0,-0.9223017628,-3.160537578,2,0
0,0,-1.410892931,-4.885911678,2,-1
1,1,-2.051826622,-6.409336919
0,0,0,0,1,0
0,0,4.984733542e-05,0.0004984733542,0,0
0,0,0.09473987715,0.9469002982,0,0
0,0,0.2938112928,1.990714156,2,0
0,0,0.464609111,1.707978182,0,0
0,0,0.7969936092,3.323844982,1,0
0,0,1.244014493,4.470208839,1,-1
1,1,1.818956015,5.749415217
0,0,0,0,1,0
0,0,0.01548593049,0.1548593049,2,0
0,0,-0.04270329117,-0.5818922166,2,0
0,0,-0.1798126875,-1.371093963,0,0
0,0,-0.2661555971,-0.8634290963,2,0
0,0,-0.4783923015,-2.122367044,2,0
0,0,-0.8373574695,-3.589651681,1,0
0,0,-1.294101774,-4.567443048,2,-1
1,1,-1.907734818,-6.136330433
0,0,0,0,1,0
0,0,0.008069167967,0.08069167967,2,0
0,0,-0.08010173806,-0.8817090603,2,0
0,0,-0.2713655434,-1.912638053,2,0
0,0,-0.5965540905,-3.251885471,0,0
0,0,-0.9408269087,-3.442728182,2,0
0,0,-1.441230456,-5.004035478,2,-1
1,1,-2.092619051,-6.51388595
0,0,0,0,0,0
0,0,0.07157304524,0.7157304524,1,0
0,0,0.1691602847,0.9758723942,0,0
0,0,0.3701012381,2.009409534,0,0
0,0,0.71914026,3.490390219,2,0
0,0,1.098701674,3.795614141,2,0
0,0,1.562204596,4.635029216,2,-1
1,1,2.171829415,6.096248198
0,0,0,0,0,0
0,0,0.09327451935,0.9327451935,2,0
0,0,0.1159087011,0.2263418174,0,0
0,0,0.2469341995,1.310254984,0,0
0,0,0.4884971227,2.415629232,0,0
0,0,0.890373502,4.018763793,0,0
0,0,1.444208854,5.538353518,2,-1
1,1,2.129002339,6.847934854
0,0,0,0,2,0
0,0,-0.08350149366,-0.8350149366,0,0
0,0,-0.07753618351,0.05965310152,2,0
0,0,-0.1827881747,-1.052519912,2,0
0,0,-0.3891235273,-2.063353525,2,0
0,0,-0.7432448557,-3.541213285,1,0
0,0,-1.190473019,-4.472281631,1,-1
1,1,-1.769985552,-5.795125333
0,0,0,0,1,0
0,0,0.006967858763,0.06967858763,1,0
0,0,0.01926385447,0.1229599571,0,0
0,0,0.1331691165,1.139052621,0,0
0,0,0.3533706706,2.202015541,0,0
0,0,0.7065595953,3.531889247,1,0
0,0,1.16330572,4.567461243,2,-1
1,1,1.717126879,5.53821159
0,0,0,0,2,0
0,0,-0.1014084991,-1.014084991,0,0
0,0,-0.1298431614,-0.2843466234,2,0
0,0,-0.25945828,-1.296151186,0,0
0,0,-0.3512750964,-0.918168164,0,0
0,0,-0.4222059925,-0.7093089609,2,0
0,0,-0.6263836496,-2.041776571,1,0
0,0,-0.9214731538,-2.950895042,2,0
0,0,-1.380889826,-4.594166717,0,-1
1,1,-1.964008504,-5.831186789
0,0,0,0,1,0
0,0,-0.006110469183,-0.06110469183,0,0
0,0,0.07653436142,0.8264483061,1,0
0,0,0.1687401033,0.9220574184,0,0
0,0,0.373985314,2.052452107,1,0
0,0,0.6369868764,2.630015624,1,0
0,0,0.9939227212,3.569358448,2,0
0,0,1.422764714,4.28841993,1,-1
1,1,1.992566865,5.698021513
0,0,0,0,0,0
0,0,0.09710979583,0.9710979583,1,0
0,0,0.2260711681,1.289613723,1,0
0,0,0.3854384601,1.59367292,1,0
0,0,0.5962557724,2.108173123,1,0
0,0,0.8861055737,2.898498013,0,0
0,0,1.339492062,4.533864878,1,-1
1,1,1.928723484,5.892314227
0,0,0,0,2,0
0,0,-0.08337802669,-0.8337802669,2,0
0,0,-0.2833877386,-2.000097119,0,0
0,0,-0.4320377253,-1.486499867,0,0
0,0,-0.5785308546,-1.464931293,0,0
0,0,-0.7370533561,-1.585225015,2,0
0,0,-1.064891614,-3.278382583,0,0
0,0,-1.48567731,-4.207856957,2,-1
1,1,-2.058175681,-5.724983706
0,0,0,0,0,0
0,0,0.1002802959,1.002802959,2,0
0,0,0.1359291415,0.3564884566,2,0
0,0,0.109540639,-0.2638850251,1,0
0,0,0.09365314227,-0.1588749676,1,0
0,0,0.1081920634,0.1453892108,1,0
0,0,0.147090618,0.3889855468,2,0
0,0,0.1353811751,-0.1170944297,2,0
0,0,0.05727761673,-0.7810355834,0,0
0,0,0.07583301355,0.1855539682,1,0
0,0,0.1056222198,0.2978920621,0,0
0,0,0.2364049089,1.307826892,1,0
0,0,0.4213556387,1.849507297,2,0
0,0,0.5964932552,1.751376166,0,0
0,0,0.9225290324,3.260357771,0,0
0,0,1.42186714,4.993381077,0,-1
1,1,2.071018302,6.491511624
0,0,0,0,1,0
0,0,-0.01202172407,-0.1202172407,1,0
0,0,-0.04248847758,-0.3046675351,1,0
0,0,-0.07573933979,-0.332508622,0,0
0,0,-0.03817918517,0.3756015462,0,0
0,0,0.0755965891,1.137757743,1,0
0,0,0.1901435464,1.145469574,1,0
0,0,0.3376936825,1.47550136,1,0
0,0,0.5551696384,2.174759559,1,0
0,0,0.8553556339,3.001859955,1,0
0,0,1.268341276,4.129856422,1,-1
1,1,1.819313549,5.509722729
0,0,0,0,0,0
0,0,0.07956228459,0.7956228459,1,0
0,0,0.1869151987,1.073529141,2,0
0,0,0.2379479406,0.5103274191,2,0
0,0,0.2579480542,0.2000011365,0,0
0,0,0.4179273156,1.599792614,2,0
0,0,0.5569572813,1.390299657,1,0
0,0,0.7828254285,2.258681472,0,0
0,0,1.176162938,3.933375094,2,-1
1,1,1.67404726,4.978843223
0,0,0,0,1,0
0,0,-0.008928184474,-0.08928184474,0,0
0,0,0.06357222098,0.7250040546,1,0
0,0,0.1624611839,0.9888896287,2,0
0,0,0.1886045601,0.2614337625,0,0
0,0,0.3198478671,1.312433069,0,0
0,0,0.5913395706,2.714917036,0,0
0,0,1.020599653,4.292600822,1,0
0,0,1.560866359,5.402667058,1,-1
1,1,2.24779837,6.869320109
0,0,0,0,2,0
0,0,-0.09413956103,-0.9413956103,0,0
0,0,-0.1248851397,-0.3074557864,2,0
0,0,-0.2538589336,-1.289737939,0,0
0,0,-0.3328988312,-0.790398976,0,0
0,0,-0.3731322589,-0.4023342768,0,0
0,0,-0.4064742988,-0.3334203994,0,0
0,0,-0.4180791283,-0.1160482944,2,0
0,0,-0.5890451988,-1.709660705,1,0
0,0,-0.8492736892,-2.602284904,2,0
0,0,-1.265809226,-4.165355373,2,-1
1,1,-1.844078118,-5.782688918
0,0,0,0,1,0
0,0,-0.009656421295,-0.09656421295,2,0
0,0,-0.09804641338,-0.8838999209,0,0
0,0,-0.1282273319,-0.3018091848,1,0
0,0,-0.1708522207,-0.426248888,2,0
0,0,-0.3256010189,-1.547487982,1,0
0,0,-0.5429377042,-2.173366853,2,0
0,0,-0.925072192,-3.821344878,2,0
0,0,-1.464133,-5.390608084,1,-1
1,1,-2.145877271,-6.817442701
0,0,0,0,2,0
0,0,-0.08368551357,-0.8368551357,0,0
0,0,-0.08288338776,0.00802125802,0,0
0,0,-0.01211281554,0.7077057223,1,0
0,0,0.0703265617,0.8243937724,1,0
0,0,0.1725804655,1.022539038,2,0
0,0,0.2011856827,0.2860521727,1,0
0,0,0.2544948589,0.5330917618,2,0
0,0,0.2744102613,0.1991540237,2,0
0,0,0.2627862766,-0.1162398471,1,0
0,0,0.3064249415,0.4363866495,0,0
0,0,0.4812992998,1.748743583,0,0
0,0,0.8178295398,3.3653024,2,0
0,0,1.195998553,3.781690135,0,-1
1,1,1.734417353,5.384187998
0,0,0,0,0,0
0,0,0.07190287636,0.7190287636,0,0
0,0,0.2492245601,1.773216838,0,0
0,0,0.5515658781,3.02341318,2,0
0,0,0.8559506134,3.043847353,1,0
0,0,1.265771695,4.098210813,1,-1
1,1,1.814687033,5.489153387
0,0,0,0,1,0
0,0,-0.01195536239,-0.1195536239,1,0
0,0,-0.03873380001,-0.2677843762,0,0
0,0,0.03310295346,0.7183675346,2,0
0,0,0.03848015529,0.05377201831,1,0
0,0,0.04193074677,0.03450591476,2,0
0,0,-0.02595188569,-0.6788263245,2,0
0,0,-0.1773231679,-1.513712822,1,0
0,0,-0.3620661511,-1.847429832,2,0
0,0,-0.6818809011,-3.1981475,2,0
0,0,-1.16506477,-4.83183869,2,-1
1,1,-1.801408238,-6.363434681
0,0,0,0,2,0
0,0,-0.09917146778,-0.9917146778,0,0
0,0,-0.1426600264,-0.4348855865,1,0
0,0,-0.2235818524,-0.8092182595,2,0
0,0,-0.4404297926,-2.168479402,2,0
0,0,-0.8039135483,-3.634837557,0,0
0,0,-1.224324868,-4.204113194,1,-1
1,1,-1.778520473,-5.541956055
0,0,0,0,2,0
0,0,-0.09247683094,-0.9247683094,1,0
0,0,-0.1966176595,-1.041408286,2,0
0,0,-0.4100106264,-2.133929669,2,0
0,0,-0.7646916472,-3.546810208,2,0
0,0,-1.269635625,-5.04943978,0,-1
1,1,-1.885551973,-6.159163481
0,0,0,0,1,0
0,0,-0.005258461688,-0.05258461688,2,0
0,0,-0.08485753551,-0.7959907382,2,0
0,0,-0.2821810139,-1.973234784,0,0
0,0,-0.4391483672,-1.569673533,2,0
0,0,-0.7574794216,-3.183310545,0,0
0,0,-1.121193576,-3.637141546,0,-1
1,1,-1.576842689,-4.556491129
0,0,0,0,1,0
0,0,-0.01501356553,-0.1501356553,1,0
0,0,-0.0330440403,-0.1803047477,1,0
0,0,-0.04490334705,-0.1185930675,0,0
0,0,0.01600621902,0.6090956607,2,0
0,0,-0.01876839887,-0.347746179,2,0
0,0,-0.136567993,-1.177995941,2,0
0,0,-0.3778274606,-2.412594676,1,0
0,0,-0.6773046275,-2.994771669,2,0
0,0,-1.129447104,-4.521424768,1,-1
1,1,-1.701427488,-5.719803833
0,0,0,0,1,0
0,0,-0.01429883663,-0.1429883663,2,0
0,0,-0.1356950245,-1.213961879,0,0
0,0,-0.2076147328,-0.7191970826,2,0
0,0,-0.3971206753,-1.895059425,0,0
0,0,-0.5668982332,-1.697775579,2,0
0,0,-0.8978311015,-3.309328683,1,0
0,0,-1.34737161,-4.495405087,2,-1
1,1,-1.952106756,-6.047351462
0,0,0,0,0,0
0,0,0.09423840881,0.9423840881,2,0
0,0,0.1258841405,0.3164573171,0,0
0,0,0.2615102429,1.356261024,1,0
0,0,0.4253810618,1.638708189,1,0
0,0,0.6658583307,2.404772689,1,0
0,0,0.9923390643,3.264807336,2,0
0,0,1.40427728,4.119382159,2,-1
1,1,1.946393469,5.42116189
0,0,0,0,0,0
0,0,0.08895763131,0.8895763131,1,0
0,0,0.1796700361,0.9071240478,2,0
0,0,0.19937406,0.1970402388,2,0
0,0,0.1570303294,-0.4234373061,2,0
0,0,0.05633803242,-1.006922969,0,0
0,0,0.0617392454,0.0540121298,0,0
0,0,0.1786888238,1.169495784,2,0
0,0,0.2431806629,0.6449183909,0,0
0,0,0.431010433,1.8782977,0,0
0,0,0.7675098685,3.364994356,0,0
0,0,1.269020635,5.015107668,0,-1
1,1,1.921029665,6.520090298
0,0,0,0,0,0
0,0,0.07331118062,0.7331118062,2,0
0,0,0.07216214487,-0.01149035757,1,0
0,0,0.09322994818,0.2106780332,2,0
0,0,0.03077179422,-0.6245815397,2,0
0,0,-0.09701530142,-1.277870956,0,0
0,0,-0.1516368283,-0.5462152686,1,0
0,0,-0.2176015246,-0.6596469631,2,0
0,0,-0.3892484445,-1.7164692,0,0
0,0,-0.5278398682,-1.385914236,2,0
0,0,-0.8329949577,-3.051550895,1,0
0,0,-1.251400414,-4.184054562,1,-1
1,1,-1.801234452,-5.498340386
0,0,0,0,0,0
0,0,0.09486922126,0.9486922126,1,0
0,0,0.193672035,0.9880281375,2,0
0,0,0.2347335778,0.4106154281,2,0
0,0,0.2255332037,-0.09200374137,2,0
0,0,0.1524133803,-0.7311982338,2,0
0,0,0.03263931369,-1.197740666,1,0
0,0,-0.09628222617,-1.289215399,2,0
0,0,-0.327557847,-2.312756208,0,0
0,0,-0.5223652763,-1.948074293,0,0
0,0,-0.7329009743,-2.10535698,1,0
0,0,-1.036345621,-3.034446467,1,0
0,0,-1.460777693,-4.244320722,0,-1
1,1,-2.020148212,-5.593705186
0,0,0,0,0,0
0,0,0.08971058825,0.8971058825,2,0
0,0,0.1229994482,0.3328885997,1,0
0,0,0.1680110732,0.4501162495,1,0
0,0,0.2259417212,0.5793064807,1,0
0,0,0.3378766924,1.119349711,1,0
0,0,0.5012214795,1.633447871,0,0
0,0,0.8263417622,3.251202828,0,0
0,0,1.305401778,4.79060016,0,-1
1,1,1.937604642,6.322028636
0,0,0,0,0,0
0,0,0.0879319429,0.879319429,2,0
0,0,0.09419993732,0.06267994417,1,0
0,0,0.1041770227,0.09977085408,1,0
0,0,0.1219565965,0.177795738,0,0
0,0,0.2506141759,1.286575794,1,0
0,0,0.40876922,1.58155044,0,0
0,0,0.6953644726,2.865952527,1,0
0,0,1.067196983,3.718325101,0,-1
1,1,1.604468552,5.372715692
0,0,0,0,0,0
0,0,0.07304020355,0.7304020355,2,0
0,0,0.06832310853,-0.0471709502,1,0
0,0,0.08153025592,0.1320714739,0,0
0,0,0.1974560573,1.159258014,1,0
0,0,0.3588083145,1.613522572,0,0
0,0,0.6564005514,2.975922369,1,0
0,0,1.050356043,3.939554914,2,0
0,0,1.525131902,4.747758592,1,-1
1,1,2.145497994,6.203660917
0,0,0,0,1,0
0,0,-0.01625776752,-0.1625776752,0,0
0,0,0.03873260009,0.5499036761,1,0
0,0,0.1002322553,0.6149965517,0,0
0,0,0.25621593,1.559836747,2,0
0,0,0.3574456668,1.012297368,1,0
0,0,0.5019718969,1.445262302,0,0
0,0,0.8098227509,3.07850854,0,0
0,0,1.278215224,4.683924734,1,-1
1,1,1.884258147,6.060429231
0,0,0,0,2,0
0,0,-0.09662518578,-0.9662518578,0,0
0,0,-0.1345785597,-0.3795337394,1,0
0,0,-0.1862686275,-0.5169006773,2,0
0,0,-0.3440609218,-1.577922943,1,0
0,0,-0.5595892175,-2.155282957,2,0
0,0,-0.9341602227,-3.745710053,0,0
0,0,-1.372328878,-4.381686555,2,-1
1,1,-1.962683949,-5.903550704
0,0,0,0,0,0
0,0,0.09367917697,0.9367917697,1,0
0,0,0.2202150557,1.265358788,1,0
0,0,0.3713685541,1.511534984,1,0
0,0,0.5732230556,2.018545015,2,0
0,0,0.7932743872,2.200513316,1,0
0,0,1.129819444,3.365450572,2,0
0,0,1.564995408,4.351759637,1,-1
1,1,2.14703702,5.820416114
0,0,0,0,0,0
0,0,0.08496305325,0.8496305325,1,0
0,0,0.1845407541,0.9957770086,1,0
0,0,0.3153080192,1.307672651,1,0
0,0,0.5065132943,1.91205275,2,0
0,0,0.7011225297,1.946092354,0,0
0,0,1.055347798,3.542252682,1,0
0,0,1.537336919,4.819891212,1,-1
1,1,2.164642125,6.273052063
0,0,0,0,2,0
0,0,-0.09894386949,-0.9894386949,0,0
0,0,-0.1334071408,-0.3446327135,0,0
0,0,-0.09699842371,0.3640871713,2,0
0,0,-0.1642034871,-0.6720506338,2,0
0,0,-0.3613649188,-1.971614317,1,0
0,0,-0.6165861133,-2.552211945,1,0
0,0,-0.9501312726,-3.335451593,1,0
0,0,-1.406065303,-4.559340303,2,-1
1,1,-2.016947753,-6.108824505
0,0,0,0,1,0
0,0,0.005100636416,0.05100636416,1,0
0,0,-0.004353577325,-0.0945421374,0,0
0,0,0.05799459697,0.623481743,0,0
0,0,0.2169917666,1.589971696,0,0
0,0,0.4837149238,2.667231572,0,0
0,0,0.8992336599,4.155187361,1,0
0,0,1.423034163,5.238005032,0,-1
1,1,2.098890983,6.758568196
0,0,0,0,1,0
0,0,-0.01296727224,-0.1296727224,1,0
0,0,-0.01986552117,-0.06898248932,0,0
0,0,0.06253038275,0.8239590392,2,0
0,0,0.06181083774,-0.007195450075,0,0
0,0,0.1476853043,0.858744666,2,0
0,0,0.173588718,0.2590341368,2,0
0,0,0.1515332135,-0.2205550453,2,0
0,0,0.08523846396,-0.6629474953,2,0
0,0,-0.07134631688,-1.565847808,1,0
0,0,-0.2511852505,-1.798389336,2,0
0,0,-0.5498818737,-2.986966232,0,0
0,0,-0.8588093552,-3.089274816,0,0
0,0,-1.220649149,-3.618397935,0,-1
1,1,-1.690332497,-4.696833481
0,0,0,0,2,0
0,0,-0.08152784838,-0.8152784838,0,0
0,0,-0.08716688765,-0.05639039266,1,0
0,0,-0.09641413579,-0.09247248136,1,0
0,0,-0.1312263899,-0.3481225413,1,0
0,0,-0.1989897834,-0.6776339346,1,0
0,0,-0.2934184471,-0.9442866376,2,0
0,0,-0.5046856026,-2.112671554,0,0
0,0,-0.7322262209,-2.275406183,0,0
0,0,-0.9995018045,-2.672755836,0,0
0,0,-1.349550562,-3.500487579,2,-1
1,1,-1.856254326,-5.067037641
0,0,0,0,2,0
0,0,-0.07962297702,-0.7962297702,0,0
0,0,-0.08232717035,-0.02704193324,2,0
0,0,-0.1915423321,-1.092151618,1,0
0,0,-0.3475839435,-1.560416114,1,0
0,0,-0.5634583955,-2.15874452,1,0
0,0,-0.8718836119,-3.084252164,2,0
0,0,-1.335299453,-4.634158414,2,-1
1,1,-1.953414675,-6.181152216
0,0,0,0,2,0
0,0,-0.08790975822,-0.8790975822,2,0
0,0,-0.2908203144,-2.029105561,0,0
0,0,-0.4509673486,-1.601470343,1,0
0,0,-0.6797457916,-2.28778443,1,0
0,0,-1.008369006,-3.286232148,2,0
0,0,-1.504382245,-4.960132381,1,-1
1,1,-2.14496519,-6.40582946
0,0,0,0,1,0
0,0,-0.004635390873,-0.04635390873,2,0
0,0,-0.09990277822,-0.9526738735,2,0
0,0,-0.3112876333,-2.113848551,1,0
0,0,-0.5586409722,-2.473533389,2,0
0,0,-0.9651828214,-4.065418492,2,0
0,0,-1.53306066,-5.678778391,0,-1
1,1,-2.243284112,-7.102234519
0,0,0,0,0,0
0,0,0.08961682847,0.8961682847,0,0
0,0,0.269908887,1.802920586,0,0
0,0,0.5866559189,3.167470319,1,0
0,0,0.9893163944,4.026604755,0,0
0,0,1.560295179,5.709787848,2,-1
1,1,2.277066402,7.167712232
0,0,0,0,2,0
0,0,-0.08000549548,-0.8000549548,2,0
0,0,-0.2471548565,-1.671493611,2,0
0,0,-0.5372140143,-2.900591578,0,0
0,0,-0.8456483901,-3.084343758,0,0
0,0,-1.20306757,-3.574191801,0,-1
1,1,-1.669341307,-4.662737368
0,0,0,0,1,0
0,0,-0.001564575311,-0.01564575311,1,0
0,0,0.00700666724,0.08571242551,0,0
0,0,0.111501334,1.044946668,0,0
0,0,0.3130074027,2.015060686,0,0
0,0,0.6509648511,3.379574484,1,0
0,0,1.091039831,4.400749799,0,-1
1,1,1.688769493,5.977296621
0,0,0,0,2,0
0,0,-0.1046250555,-1.046250555,2,0
0,0,-0.3161974408,-2.115723853,1,0
0,0,-0.5651042427,-2.489068019,1,0
0,0,-0.8838832373,-3.187789947,0,0
0,0,-1.270526714,-3.86643477,1,-1
1,1,-1.795957379,-5.254306651
0,0,0,0,0,0
0,0,0.09234079047,0.9234079047,2,0
0,0,0.1187262892,0.263854987,0,0
0,0,0.2670812227,1.483549335,1,0
0,0,0.4545731219,1.874918992,2,0
0,0,0.6224208617,1.678477397,0,0
0,0,0.9504507635,3.280299018,1,0
0,0,1.395029639,4.445788752,2,-1
1,1,1.965967736,5.709380971
0,0,0,0,2,0
0,0,-0.08348413507,-0.8348413507,2,0
0,0,-0.2551571924,-1.716730573,1,0
0,0,-0.4675089048,-2.123517123,0,0
0,0,-0.6673938469,-1.998849421,2,0
0,0,-1.040782213,-3.733883663,0,0
0,0,-1.501550801,-4.607685875,1,-1
1,1,-2.1074937,-6.059428994
0,0,0,0,1,0
0,0,0.007717412065,0.07717412065,2,0
0,0,-0.06916211568,-0.7687952774,0,0
0,0,-0.05833814385,0.1082397183,2,0
0,0,-0.152003129,-0.9366498514,0,0
0,0,-0.170385155,-0.1838202601,2,0
0,0,-0.3208979293,-1.505127743,2,0
0,0,-0.6027499066,-2.818519773,0,0
0,0,-0.8893437776,-2.86593871,2,0
0,0,-1.349440117,-4.600963391,2,-1
1,1,-1.961999847,-6.125597304
0,0,0,0,2,0
0,0,-0.09795855488,-0.9795855488,0,0
0,0,-0.1250020438,-0.270434889,0,0
0,0,-0.09104187289,0.3396017089,1,0
0,0,-0.08292456631,0.0811730658,0,0
0,0,-0.004231029246,0.7869353706,2,0
0,0,0.002127773114,0.0635880236,1,0
0,0,0.01208092948,0.09953156362,2,0
0,0,-0.06237659345,-0.7445752292,2,0
0,0,-0.2250051429,-1.626285494,1,0
0,0,-0.4242215147,-1.992163718,1,0
0,0,-0.6834172325,-2.591957178,2,0
0,0,-1.104899646,-4.214824134,1,-1
1,1,-1.653663836,-5.487641898
0,0,0,0,1,0
0,0,-0.01056347836,-0.1056347836,0,0
0,0,0.06586403341,0.7642751177,2,0
0,0,0.0591799347,-0.06684098708,1,0
0,0,0.04705764343,-0.1212229127,0,0
0,0,0.1293338836,0.8227624022,1,0
0,0,0.2261289933,0.9679510967,1,0
0,0,0.3616413723,1.35512379,1,0
0,0,0.5511791281,1.895377558,1,0
0,0,0.8108232786,2.596441505,1,0
0,0,1.174834938,3.640116598,1,-1
1,1,1.671491818,4.966568801
0,0,0,0,1,0
0,0,0.001582867541,0.01582867541,0,0
0,0,0.101941104,1.003582365,1,0
0,0,0.2331133435,1.311722395,2,0
0,0,0.3331494095,1.00036066,2,0
0,0,0.4091617909,0.7601238133,2,0
0,0,0.480127641,0.7096585011,1,0
0,0,0.632019779,1.51892138,2,0
0,0,0.8054849755,1.734651965,0,0
0,0,1.146940098,3.414551221,1,-1
1,1,1.614093757,4.67153659
0,0,0,0,1,0
0,0,-0.002349353812,-0.02349353812,1,0
0,0,-0.002645844462,-0.002964906497,0,0
0,0,0.08675088117,0.8939672563,1,0
0,0,0.1772046594,0.9045377819,2,0
0,0,0.2114056848,0.3420102543,1,0
0,0,0.287922991,0.7651730624,0,0
0,0,0.4823851037,1.944621127,0,0
0,0,0.8263942485,3.440091448,2,0
0,0,1.220179266,3.937850175,2,-1
1,1,1.719499009,4.993197432
0,0,0,0,2,0
0,0,-0.09351605976,-0.9351605976,1,0
0,0,-0.2172504352,-1.237343755,1,0
0,0,-0.3755631504,-1.583127152,0,0
0,0,-0.5254893968,-1.499262464,0,0
0,0,-0.6917856926,-1.662962958,0,0
0,0,-0.8861740235,-1.943883309,2,0
0,0,-1.244504528,-3.583305044,1,-1
1,1,-1.737228216,-4.927236886
0,0,0,0,1,0
0,0,0.0155270386,0.155270386,1,0
0,0,0.04911344917,0.3358641057,1,0
0,0,0.07364281519,0.2452936602,1,0
0,0,0.1093889049,0.3574608968,0,0
0,0,0.2531774751,1.437885703,1,0
0,0,0.4497581,1.965806248,0,0
0,0,0.800527083,3.507689831,2,0
0,0,1.191946811,3.914197283,1,-1
1,1,1.716458882,5.245120703
0,0,0,0,0,0
0,0,0.09946979071,0.9946979071,2,0
0,0,0.120090285,0.206204943,1,0
0,0,0.1787239188,0.5863363376,1,0
0,0,0.2754989191,0.9677500032,1,0
0,0,0.4257255434,1.502266243,0,0
0,0,0.7330123023,3.072867589,0,0
0,0,1.198717526,4.657052233,2,-1
1,1,1.764209956,5.654924307
0,0,0,0,1,0
0,0,-0.01619195798,-0.1619195798,1,0
0,0,-0.03092365653,-0.1473169856,1,0
0,0,-0.06665800377,-0.3573434723,1,0
0,0,-0.09735874009,-0.3070073632,0,0
0,0,-0.04813751464,0.4922122545,2,0
0,0,-0.09965859061,-0.5152107597,2,0
0,0,-0.2698546816,-1.70196091,0,0
0,0,-0.398157432,-1.283027504,1,0
0,0,-0.6014945135,-2.033370815,1,0
0,0,-0.8931302375,-2.91635724,0,0
0,0,-1.258728985,-3.655987473,2,-1
1,1,-1.781459558,-5.227305734
0,0,0,0,1,0
0,0,-0.005358549911,-0.05358549911,2,0
0,0,-0.09389730427,-0.8853875436,2,0
0,0,-0.2810169726,-1.871196684,0,0
0,0,-0.4398651893,-1.588482167,1,0
0,0,-0.6737154519,-2.338502626,2,0
0,0,-1.077460776,-4.037453245,0,0
0,0,-1.563592721,-4.861319448,0,-1
1,1,-2.195962134,-6.323694128
0,0,0,0,1,0
0,0,-0.003485206554,-0.03485206554,1,0
0,0,-0.003562725607,-0.0007751905361,2,0
0,0,-0.08639167778,-0.8282895217,1,0
0,0,-0.2009832883,-1.145916106,1,0
0,0,-0.3459284831,-1.449451948,1,0
0,0,-0.5613807437,-2.154522606,1,0
0,0,-0.8469548534,-2.855741097,2,0
0,0,-1.304352171,-4.57397318,2,-1
1,1,-1.917145849,-6.127936773
0,0,0,0,1,0
0,0,0.0171843368,0.171843368,0,0
0,0,0.114071487,0.9688715016,2,0
0,0,0.1445116669,0.3044017992,2,0
0,0,0.1274286992,-0.1708296768,2,0
0,0,0.0436318914,-0.8379680779,1,0
0,0,-0.02953478487,-0.7316667627,0,0
0,0,-0.02406920825,0.05465576615,2,0
0,0,-0.1190697868,-0.9500057853,1,0
0,0,-0.2267298582,-1.076600714,2,0
0,0,-0.4573104103,-2.305805521,2,0
0,0,-0.8280183976,-3.707079874,1,0
0,0,-1.297782079,-4.697636816,2,-1
1,1,-1.919311848,-6.215297691
0,0,0,0,2,0
0,0,-0.07644385839,-0.7644385839,2,0
0,0,-0.2416280171,-1.651841588,2,0
0,0,-0.5255234084,-2.838953913,1,0
0,0,-0.8986891293,-3.731657209,2,0
0,0,-1.426621083,-5.279319537,1,-1
1,1,-2.094753831,-6.681327479
0,0,0,0,2,0
0,0,-0.07378734715,-0.7378734715,1,0
0,0,-0.1688512162,-0.9506386904,2,0
0,0,-0.3793065914,-2.104553752,1,0
0,0,-0.6621050848,-2.827984934,1,0
0,0,-1.040372046,-3.782669613,2,-1
1,1,-1.574769559,-5.343975133
0,0,0,0,2,0
0,0,-0.0976012183,-0.976012183,2,0
0,0,-0.2854137433,-1.87812525,1,0
0,0,-0.5165541792,-2.31140436,1,0
0,0,-0.823703446,-3.071492668,1,0
0,0,-1.246457769,-4.227543225,1,-1
1,1,-1.805633359,-5.591755908
0,0,0,0,1,0
0,0,0.006172311031,0.06172311031,2,0
0,0,-0.07760818026,-0.8378049129,0,0
0,0,-0.07031908228,0.07289097985,2,0
0,0,-0.178325585,-1.080065027,2,0
0,0,-0.4111066588,-2.327810738,1,0
0,0,-0.7086184402,-2.975117813,2,0
0,0,-1.170797701,-4.621792606,1,-1
1,1,-1.7563584,-5.855606994
0,0,0,0,0,0
0,0,0.0903739347,0.903739347,2,0
0,0,0.09324890441,0.02874969702,0,0
0,0,0.1985511567,1.053022523,0,0
0,0,0.4118529085,2.133017518,2,0
0,0,0.6110892775,1.99236369,0,0
0,0,0.9660178123,3.549285348,0,0
0,0,1.48056484,5.145470277,1,-1
1,1,2.13794762,6.573827803
0,0,0,0,2,0
0,0,-0.09671453089,-0.9671453089,1,0
0,0,-0.2062674894,-1.095529585,0,0
0,0,-0.2539391575,-0.4767166818,1,0
0,0,-0.3438189344,-0.898797769,0,0
0,0,-0.418875551,-0.7505661653,0,0
0,0,-0.4715873577,-0.527118067,2,0
0,0,-0.6653501335,-1.937627758,1,0
0,0,-0.9641519582,-2.988018247,0,0
0,0,-1.346559779,-3.824078206,2,-1
1,1,-1.888205037,-5.41645258
0,0,0,0,0,0
0,0,0.08904002963,0.8904002963,1,0
0,0,0.1843150491,0.9527501952,1,0
0,0,0.3004133131,1.160982639,2,0
0,0,0.3787176667,0.7830435365,1,0
0,0,0.5175932997,1.388756329,1,0
0,0,0.7275447872,2.099514875,0,0
0,0,1.106869941,3.793251537,2,-1
1,1,1.583775284,4.769053431
0,0,0,0,0,0
0,0,0.09661447259,0.9661447259,1,0
0,0,0.199039584,1.024251114,0,0
0,0,0.4248448492,2.258052652,2,0
0,0,0.6259491701,2.011043209,2,0
0,0,0.860824028,2.34874858,2,0
0,0,1.167046318,3.062222897,1,-1
1,1,1.606096799,4.39050481
0,0,0,0,2,0
0,0,-0.07822121408,-0.7822121408,1,0
0,0,-0.1787765334,-1.005553193,2,0
0,0,-0.4099877096,-2.312111763,1,0
0,0,-0.7137206365,-3.037329268,0,0
0,0,-1.051023146,-3.373025095,1,0
0,0,-1.519299503,-4.682763575,0,-1
1,1,-2.128927688,-6.096281849
0,0,0,0,1,0
0,0,0.004400136394,0.04400136394,1,0
0,0,0.004947283421,0.005471470266,2,0
0,0,-0.07589524212,-0.8084252554,2,0
0,0,-0.2606845137,-1.847892716,0,0
0,0,-0.4029340008,-1.422494871,1,0
0,0,-0.5951947602,-1.922607593,1,0
0,0,-0.8826378675,-2.874431074,2,0
0,0,-1.32932659,-4.466887225,2,-1
1,1,-1.928953223,-5.996266332
0,0,0,0,2,0
0,0,-0.0872662347,-0.872662347,2,0
0,0,-0.2867619345,-1.994956998,1,0
0,0,-0.5259360846,-2.391741501,2,0
0,0,-0.9030404842,-3.771043996,2,0
0,0,-1.436184955,-5.331444707,0,-1
1,1,-2.098568841,-6.623838863
0,0,0,0,2,0
0,0,-0.09083800641,-0.9083800641,0,0
0,0,-0.09295680875,-0.02118802333,0,0
0,0,-0.02156746319,0.7138934556,0,0
0,0,0.1215900363,1.431574994,1,0
0,0,0.2794667312,1.57876695,2,0
0,0,0.4027871998,1.233204686,1,0
0,0,0.5916700572,1.888828574,0,0
0,0,0.9359542123,3.442841551,0,0
0,0,1.446228963,5.102747503,0,-1
1,1,2.106854066,6.606251033
0,0,0,0,2,0
0,0,-0.09491631755,-0.9491631755,0,0
0,0,-0.1342172812,-0.3930096367,2,0
0,0,-0.2696016732,-1.353843919,1,0
0,0,-0.4617851953,-1.921835221,1,0
0,0,-0.7233858775,-2.616006822,0,0
0,0,-1.01911979,-2.957339125,0,0
0,0,-1.396526154,-3.774063635,0,-1
1,1,-1.90161278,-5.050866266
0,0,0,0,1,0
0,0,0.007428100536,0.07428100536,2,0
0,0,-0.07806775448,-0.8549585502,2,0
0,0,-0.2542397851,-1.761720307,2,0
0,0,-0.5527182182,-2.98478433,1,0
0,0,-0.9239908536,-3.712726354,1,0
0,0,-1.414594212,-4.906033583,2,-1
1,1,-2.058502041,-6.439078292
0,0,0,0,0,0
0,0,0.07539067401,0.7539067401,2,0
0,0,0.06513126258,-0.1025941143,1,0
0,0,0.06450427752,-0.006269850619,1,0
0,0,0.07436230454,0.09858027025,2,0
0,0,0.01837487247,-0.5598743207,0,0
0,0,0.04977922101,0.3140434854,0,0
0,0,0.1770503932,1.272711722,0,0
0,0,0.4108621656,2.338117724,0,0
0,0,0.7887702808,3.779081152,0,0
0,0,1.333607088,5.448368071,0,-1
1,1,2.033355714,6.997486257
0,0,0,0,1,0
0,0,0.0002596294027,0.002596294027,1,0
0,0,0.01052860358,0.1026897417,0,0
0,0,0.09910414002,0.8857553645,0,0
0,0,0.3020324683,2.029283283,1,0
0,0,0.5674371844,2.654047161,2,0
0,0,0.8427563167,2.753191323,2,0
0,0,1.172405187,3.296488705,1,-1
1,1,1.633390549,4.609853616
0,0,0,0,2,0
0,0,-0.0818067209,-0.818067209,1,0
0,0,-0.1664030798,-0.8459635886,0,0
0,0,-0.2083129762,-0.4190989641,2,0
0,0,-0.3722942915,-1.639813154,0,0
0,0,-0.5063948817,-1.341005902,0,0
0,0,-0.6323735603,-1.259786786,0,0
0,0,-0.7915171905,-1.591436302,2,0
0,0,-1.117404235,-3.258870442,1,0
0,0,-1.56660612,-4.492018851,2,-1
1,1,-2.162934142,-5.96328022
0,0,0,0,0,0
0,0,0.08508299063,0.8508299063,2,0
0,0,0.09435306389,0.09270073258,2,0
0,0,0.02827533263,-0.6607773126,0,0
0,0,0.05934925507,0.3107392244,2,0
0,0,0.02360904786,-0.3574020721,1,0
0,0,-0.01431048533,-0.379195332,1,0
0,0,-0.04156287365,-0.2725238832,1,0
0,0,-0.09335413382,-0.5179126016,0,0
0,0,-0.06185286893,0.3150126489,1,0
0,0,-0.05299296521,0.08859903713,2,0
0,0,-0.1566491344,-1.036561692,2,0
0,0,-0.3832178479,-2.265687135,2,0
0,0,-0.7501129383,-3.668950904,2,0
0,0,-1.28080347,-5.306905316,2,-1
1,1,-1.967648354,-6.868448841
0,0,0,0,1,0
0,0,-0.004433983694,-0.04433983694,1,0
0,0,-0.01995124782,-0.1551726413,1,0
0,0,-0.03317951876,-0.1322827093,1,0
0,0,-0.06428015891,-0.3110064016,2,0
0,0,-0.188581424,-1.243012651,0,0
0,0,-0.2753240089,-0.8674258482,2,0
0,0,-0.4879082734,-2.125842646,0,0
0,0,-0.6994054408,-2.114971674,0,0
0,0,-0.9494125668,-2.50007126,0,0
0,0,-1.272430265,-3.230176981,2,-1
1,1,-1.754226665,-4.817964003
0,0,0,0,0,0
0,0,0.1055580858,1.055580858,1,0
0,0,0.2281243789,1.225662931,0,0
0,0,0.4844110169,2.56286638,2,0
0,0,0.7435175948,2.591065779,2,0
0,0,1.054606837,3.110892426,0,0
0,0,1.528848661,4.74241824,0,-1
1,1,2.151147481,6.2229882
0,0,0,0,2,0
0,0,-0.1018365702,-1.018365702,2,0
0,0,-0.3242870056,-2.224504354,1,0
0,0,-0.6017456576,-2.77458652,0,0
0,0,-0.8970098627,-2.952642051,2,0
0,0,-1.350864976,-4.53855113,1,-1
1,1,-1.942177633,-5.913126569
0,0,0,0,1,0
0,0,-0.007693408923,-0.07693408923,1,0
0,0,-0.009707521532,-0.02014112608,0,0
0,0,0.09013451757,0.998420391,2,0
0,0,0.1074357893,0.1730127175,2,0
0,0,0.04272619908,-0.6470959025,1,0
0,0,-0.000151355716,-0.4287755479,1,0
0,0,-0.04381334481,-0.4366198909,1,0
0,0,-0.07771978492,-0.3390644011,0,0
0,0,-0.04436975431,0.3335003061,1,0
0,0,-0.003259279162,0.4111047514,1,0
0,0,0.02753932081,0.3079859998,2,0
0,0,-0.04251258608,-0.700519069,2,0
0,0,-0.2001542778,-1.576416917,2,0
0,0,-0.4728741618,-2.72719884,1,0
0,0,-0.8022101847,-3.29336023,0,0
0,0,-1.180726268,-3.785160834,2,-1
1,1,-1.722374891,-5.416486226
0,0,0,0,2,0
0,0,-0.08727695514,-0.8727695514,0,0
0,0,-0.08539013702,0.01886818125,1,0
0,0,-0.09858958545,-0.1319944843,2,0
0,0,-0.2298437389,-1.312541535,1,0
0,0,-0.4053385787,-1.754948398,1,0
0,0,-0.6466381968,-2.412996181,2,0
0,0,-1.060444229,-4.138060322,2,-1
1,1,-1.638929722,-5.784854929
0,0,0,0,2,0
0,0,-0.08673070212,-0.8673070212,2,0
0,0,-0.2651000382,-1.78369336,1,0
0,0,-0.4880496511,-2.22949613,1,0
0,0,-0.772036934,-2.839872829,0,0
0,0,-1.094265255,-3.222283214,0,0
0,0,-1.509667293,-4.154020374,0,-1
1,1,-2.065483191,-5.558158986
0,0,0,0,2,0
0,0,-0.1043882831,-1.043882831,0,0
0,0,-0.1407340809,-0.3634579777,2,0
0,0,-0.28892758,-1.481934991,2,0
0,0,-0.5805428319,-2.916152519,1,0
0,0,-0.9656028664,-3.850600345,0,0
0,0,-1.418049474,-4.524466078,0,-1
1,1,-2.00012216,-5.820726855
0,0,0,0,1,0
0,0,-0.01754790937,-0.1754790937,1,0
0,0,-0.03574889704,-0.1820098767,2,0
0,0,-0.1549754919,-1.192265949,1,0
0,0,-0.3124085733,-1.574330814,2,0
0,0,-0.595738291,-2.833297177,0,0
0,0,-0.8865923018,-2.908540108,0,0
0,0,-1.237266233,-3.506739313,0,-1
1,1,-1.702166564,-4.649003305
0,0,0,0,2,0
0,0,-0.07995464063,-0.7995464063,0,0
0,0,-0.06951993081,0.1043470982,0,0
0,0,0.01345903386,0.8297896467,2,0
0,0,0.007366811596,-0.0609222226,2,0
0,0,-0.09447818983,-1.018450014,0,0
0,0,-0.1364614837,-0.419832939,0,0
0,0,-0.129087135,0.07374348748,2,0
0,0,-0.2385892063,-1.095020713,1,0
0,0,-0.391311075,-1.527218687,1,0
0,0,-0.6164517061,-2.251406311,0,0
0,0,-0.858611135,-2.421594289,1,0
0,0,-1.207538748,-3.489276129,0,-1
1,1,-1.666648579,-4.591098314
0,0,0,0,2,0
0,0,-0.07918851862,-0.7918851862,0,0
0,0,-0.07823175633,0.009567622928,2,0
0,0,-0.1636096968,-0.8537794043,0,0
0,0,-0.181962556,-0.1835285928,2,0
0,0,-0.3329500323,-1.509874763,0,0
0,0,-0.4492994835,-1.163494512,0,0
0,0,-0.5585963541,-1.092968706,2,0
0,0,-0.8363984964,-2.778021423,0,0
0,0,-1.174746865,-3.383483681,1,-1
1,1,-1.647752744,-4.730058793
0,0,0,0,1,0
0,0,0.008464571032,0.08464571032,1,0
0,0,0.0178029576,0.09338386565,2,0
0,0,-0.05364444025,-0.7144739784,2,0
0,0,-0.2197997886,-1.661553484,2,0
0,0,-0.5071943168,-2.873945282,0,0
0,0,-0.7841282257,-2.769339089,0,0
0,0,-1.113245364,-3.291171383,2,-1
1,1,-1.611434912,-4.98189548
0,0,0,0,2,0
0,0,-0.09371233712,-0.9371233712,1,0
0,0,-0.1896270023,-0.9591466514,1,0
0,0,-0.3180782703,-1.28451268,1,0
0,0,-0.4939224672,-1.75844197,1,0
0,0,-0.7318501199,-2.379276526,2,0
0,0,-1.124906886,-3.930567663,2,-1
1,1,-1.673894779,-5.489878931
0,0,0,0,1,0
0,0,-0.008842167763,-0.08842167763,2,0
0,0,-0.0951163727,-0.8627420494,0,0
0,0,-0.1224061957,-0.2728982296,1,0
0,0,-0.1764367679,-0.5403057229,2,0
0,0,-0.3635123406,-1.870755727,1,0
0,0,-0.5949698785,-2.314575379,1,0
0,0,-0.9086501934,-3.136803148,2,0
0,0,-1.38739791,-4.787477164,0,-1
1,1,-1.989878528,-6.024806181
0,0,0,0,2,0
0,0,-0.08770623871,-0.8770623871,0,0
0,0,-0.1017525202,-0.140462815,2,0
0,0,-0.2055583381,-1.038058179,1,0
0,0,-0.3283133414,-1.227550033,0,0
0,0,-0.422817297,-0.9450395559,2,0
0,0,-0.6594365178,-2.366192208,0,0
0,0,-0.9200996027,-2.606630849,0,0
0,0,-1.247245288,-3.271456854,2,-1
1,1,-1.733716329,-4.864710404
0,0,0,0,0,0
0,0,0.08520610816,0.8520610816,1,0
0,0,0.1826933171,0.9748720898,2,0
0,0,0.2217055364,0.390122193,1,0
0,0,0.2924801815,0.7077464504,1,0
0,0,0.4112363241,1.187561427,0,0
0,0,0.6861060277,2.748697036,2,0
0,0,0.9831718319,2.970658041,1,0
0,0,1.400977328,4.178054958,1,-1
1,1,1.959132392,5.581550646
0,0,0,0,0,0
0,0,0.09695756027,0.9695756027,1,0
0,0,0.2269481239,1.299905637,2,0
0,0,0.2933946874,0.6644656343,1,0
0,0,0.4119959641,1.186012767,0,0
0,0,0.66875196,2.567559959,2,0
0,0,0.9591747991,2.904228391,1,0
0,0,1.37367157,4.144967711,0,-1
1,1,1.940786724,5.671151539
0,0,0,0,2,0
0,0,-0.07220492928,-0.7220492928,0,0
0,0,-0.05314740612,0.1905752316,2,0
0,0,-0.1150911814,-0.6194377532,0,0
0,0,-0.09684650442,0.1824467702,0,0
0,0,0.003394345398,1.002408498,1,0
0,0,0.1087637504,1.05369405,1,0
0,0,0.2259838248,1.172200743,0,0
0,0,0.4522262676,2.262424428,0,0
0,0,0.8155602288,3.633339612,2,0
0,0,1.237367674,4.218074456,0,-1
1,1,1.817222712,5.798550373
0,0,0,0,0,0
0,0,0.1036038341,1.036038341,1,0
0,0,0.2102370548,1.066332206,0,0
0,0,0.4305400376,2.203029828,1,0
0,0,0.7245443461,2.940043085,1,0
0,0,1.116281009,3.917366633,1,-1
1,1,1.63247025,5.161892409
0,0,0,0,2,0
0,0,-0.09413602665,-0.9413602665,0,0
0,0,-0.1070414227,-0.1290539602,1,0
0,0,-0.1292002706,-0.221588479,1,0
0,0,-0.1608660796,-0.3166580905,2,0
0,0,-0.2898838976,-1.29017818,2,0
0,0,-0.5562726501,-2.663887525,0,0
0,0,-0.8464399456,-2.901672955,0,0
0,0,-1.186394746,-3.399548007,2,-1
1,1,-1.690182458,-5.037877117
0,0,0,0,1,0
0,0,-0.01510952957,-0.1510952957,1,0
0,0,-0.01601332274,-0.009037931739,2,0
0,0,-0.09591447558,-0.7990115284,2,0
0,0,-0.2759586364,-1.800441608,2,0
0,0,-0.5700394914,-2.94080855,2,0
0,0,-1.027650271,-4.576107799,2,-1
1,1,-1.647512159,-6.198618882
0,0,0,0,0,0
0,0,0.1017424288,1.017424288,1,0
0,0,0.2175880565,1.158456277,2,0
0,0,0.2852387777,0.6765072125,2,0
0,0,0.3158200356,0.3058125785,2,0
0,0,0.3136910596,-0.02128975966,2,0
0,0,0.2790839488,-0.3460711083,2,0
0,0,0.2162776701,-0.6280627868,0,0
0,0,0.2849394412,0.6866177113,0,0
0,0,0.4893978143,2.044583731,1,0
0,0,0.7676264263,2.78228612,2,0
0,0,1.094745302,3.271188753,1,0
0,0,1.550161325,4.554160232,1,-1
1,1,2.151881963,6.017206383
0,0,0,0,0,0
0,0,0.07783810981,0.7783810981,0,0
0,0,0.2732199366,1.953818267,1,0
0,0,0.511123547,2.379036104,1,0
0,0,0.8199247385,3.088011915,2,0
0,0,1.180121063,3.60196325,0,-1
1,1,1.698810932,5.186898681
0,0,0,0,0,0
0,0,0.07167467359,0.7167467359,1,0
0,0,0.1394989576,0.67824284,1,0
0,0,0.2194128842,0.7991392656,2,0
0,0,0.2528094505,0.3339656631,0,0
0,0,0.4129471055,1.60137655,0,0
0,0,0.7054527798,2.925056743,2,0
0,0,1.032736142,3.272833618,0,0
0,0,1.524926435,4.921902937,1,-1
1,1,2.163027776,6.38101341
0,0,0,0,0,0
0,0,0.08720778175,0.8720778175,0,0
0,0,0.2677393325,1.805315507,1,0
0,0,0.4843591306,2.166197981,0,0
0,0,0.8572799418,3.729208112,0,0
0,0,1.396407358,5.391274158,1,-1
1,1,2.073801481,6.773941234
0,0,0,0,0,0
0,0,0.1034530487,1.034530487,1,0
0,0,0.2257957895,1.223427407,1,0
0,0,0.401700288,1.759044986,2,0
0,0,0.5512440161,1.49543728,1,0
0,0,0.7849934188,2.337494028,2,0
0,0,1.071308465,2.863150462,2,0
0,0,1.453868871,3.825604056,0,-1
1,1,1.989379573,5.355107019
0,0,0,0,0,0
0,0,0.1024093439,1.024093439,0,0
0,0,0.3215237191,2.191143752,2,0
0,0,0.5064039367,1.848802176,2,0
0,0,0.7085427263,2.021387896,2,0
0,0,0.9477300233,2.39187297,2,0
0,0,1.260850127,3.131201036,1,-1
1,1,1.710448112,4.495979852
0,0,0,0,0,0
0,0,0.1012120435,1.012120435,2,0
0,0,0.1460748466,0.4486280307,1,0
0,0,0.2091074059,0.6303255931,0,0
0,0,0.3953793603,1.862719544,2,0
0,0,0.5631800176,1.678006573,2,0
0,0,0.7480255919,1.848455742,0,0
0,0,1.11012116,3.620955678,2,0
0,0,1.564216458,4.54095298,1,-1
1,1,2.165010622,6.007941643
0,0,0,0,0,0
0,0,0.09916174764,0.9916174764,2,0
0,0,0.1234915994,0.2432985179,1,0
0,0,0.1531083183,0.2961671887,2,0
0,0,0.1256238799,-0.2748443844,2,0
0,0,0.04032021907,-0.8530366079,0,0
0,0,0.04681664411,0.06496425035,2,0
0,0,-0.02271845885,-0.6953510296,0,0
0,0,-0.02426731085,-0.01548851995,0,0
0,0,0.04546038521,0.6972769606,2,0
0,0,0.02052904265,-0.2493134256,0,0
0,0,0.08946611507,0.6893707242,2,0
0,0,0.08323658131,-0.06229533766,1,0
0,0,0.09350235671,0.102657754,0,0
0,0,0.1947801347,1.01277778,1,0
0,0,0.3264384005,1.316582658,0,0
0,0,0.5795354055,2.53097005,1,0
0,0,0.9044356684,3.249002629,1,0
0,0,1.341989344,4.375536754,0,-1
1,1,1.935452695,5.934633512
0,0,0,0,1,0
0,0,0.002892323534,0.02892323534,0,0
0,0,0.1117174772,1.088251537,0,0
0,0,0.3178374896,2.061200124,0,0
0,0,0.6466787884,3.288412988,0,0
0,0,1.133872836,4.871940473,1,-1
1,1,1.748241757,6.14368921
0,0,0,0,0,0
0,0,0.1007172522,1.007172522,0,0
0,0,0.2966364439,1.959191917,0,0
0,0,0.6235867532,3.269503093,1,0
0,0,1.028791916,4.052051625,0,-1
1,1,1.60141934,5.726274243
0,0,0,0,2,0
0,0,-0.08871462495,-0.8871462495,2,0
0,0,-0.2840222445,-1.953076196,0,0
0,0,-0.4329407138,-1.489184693,1,0
0,0,-0.6596451996,-2.267044858,1,0
0,0,-0.9851649346,-3.25519735,2,0
0,0,-1.475499844,-4.903349095,0,-1
1,1,-2.10129187,-6.257920255
0,0,0,0,1,0
0,0,-0.01672263317,-0.1672263317,1,0
0,0,-0.03417632616,-0.1745369299,1,0
0,0,-0.04895270868,-0.1477638252,1,0
0,0,-0.05870301616,-0.09750307482,0,0
0,0,0.00453080714,0.632338233,1,0
0,0,0.08500571576,0.8047490862,1,0
0,0,0.1885941162,1.035884004,1,0
0,0,0.3334864721,1.44892356,0,0
0,0,0.6177508419,2.842643698,1,0
0,0,0.9916893576,3.739385157,2,0
0,0,1.43731938,4.456300226,0,-1
1,1,2.034694373,5.973749928
0,0,0,0,2,0
0,0,-0.07620941301,-0.7620941301,2,0
0,0,-0.2502411225,-1.740317094,0,0
0,0,-0.3687625068,-1.185213844,1,0
0,0,-0.5546357872,-1.858732804,2,0
0,0,-0.9100768419,-3.554410547,2,0
0,0,-1.422735019,-5.126581771,2,-1
1,1,-2.085099107,-6.623640881
0,0,0,0,0,0
0,0,0.1001644001,1.001644001,2,0
0,0,0.1315039783,0.3133957821,1,0
0,0,0.1953000404,0.6379606204,0,0
0,0,0.3878556638,1.925556234,2,0
0,0,0.5497360535,1.618803897,2,0
0,0,0.7115150952,1.617790417,0,0
0,0,1.049649582,3.381344864,1,0
0,0,1.512468852,4.6281927,0,-1
1,1,2.124080512,6.116116603
0,0,0,0,0,0
0,0,0.07483196299,0.7483196299,1,0
0,0,0.1603229627,0.8549099968,1,0
0,0,0.2673509279,1.070279652,2,0
0,0,0.3234169084,0.5606598054,2,0
0,0,0.3573462332,0.3392932475,0,0
0,0,0.5398665349,1.825203017,0,0
0,0,0.8845169631,3.446504282,2,0
0,0,1.29742824,4.129112764,1,-1
1,1,1.843579679,5.461514398
0,0,0,0,1,0
0,0,-0.001093857627,-0.01093857627,0,0
0,0,0.07329505252,0.7438891015,2,0
0,0,0.06400496781,-0.09290084711,1,0
0,0,0.05189691224,-0.1210805557,2,0
0,0,-0.04171617991,-0.9361309215,0,0
0,0,-0.06432054438,-0.2260436446,2,0
0,0,-0.1769714334,-1.12650889,2,0
0,0,-0.4147531368,-2.377817034,1,0
0,0,-0.7306029926,-3.158498558,0,0
0,0,-1.092211839,-3.616088469,0,0
0,0,-1.544488876,-4.522770365,2,-1
1,1,-2.145030358,-6.005414825
0,0,0,0,0,0
0,0,0.1041360343,1.041360343,1,0
0,0,0.2130602992,1.089242649,1,0
0,0,0.3706201613,1.575598622,2,0
0,0,0.5208732639,1.502531025,2,0
0,0,0.6723970697,1.515238058,2,0
0,0,0.8592468328,1.868497631,1,0
0,0,1.166964729,3.077178958,1,-1
1,1,1.610510501,4.43545772
0,0,0,0,2,0
0,0,-0.08078732842,-0.8078732842,0,0
0,0,-0.07832427591,0.02463052514,0,0
0,0,0.01179275494,0.9011703084,2,0
0,0,0.01762954013,0.05836785191,1,0
0,0,0.02647814003,0.08848599899,1,0
0,0,0.03497775557,0.08499615541,2,0
0,0,-0.02188949656,-0.5686725213,2,0
0,0,-0.1746317562,-1.527422597,2,0
0,0,-0.4362131825,-2.615814263,0,0
0,0,-0.6924431033,-2.562299208,0,0
0,0,-0.9860833929,-2.936402895,0,0
0,0,-1.354425017,-3.68341624,1,-1
1,1,-1.865056392,-5.106313755
0,0,0,0,0,0
0,0,0.08711420213,0.8711420213,0,0
0,0,0.2629172902,1.758030881,2,0
0,0,0.393197802,1.302805118,2,0
0,0,0.51909888,1.25901078,1,0
0,0,0.7380784094,2.189795293,1,0
0,0,1.066989542,3.289111328,1,0
0,0,1.524431446,4.574419035,0,-1
1,1,2.131285683,6.06854237
0,0,0,0,2,0
0,0,-0.1046199108,-1.046199108,2,0
0,0,-0.324703541,-2.200836302,0,0
0,0,-0.5040545882,-1.793510472,0,0
0,0,-0.6964261731,-1.923715849,1,0
0,0,-0.9942737918,-2.978476187,1,0
0,0,-1.415902469,-4.216286776,0,-1
1,1,-1.967063387,-5.511609178
0,0,0,0,0,0
0,0,0.07244706483,0.7244706483,1,0
0,0,0.1740923008,1.01645236,2,0
0,0,0.218282006,0.4418970516,1,0
0,0,0.2996389058,0.8135689986,1,0
0,0,0.445289099,1.456501932,1,0
0,0,0.6532215956,2.079324966,1,0
0,0,0.9642409257,3.110193301,2,0
0,0,1.349822128,3.855812025,1,-1
1,1,1.875663161,5.258410331
0,0,0,0,2,0
0,0,-0.08657702712,-0.8657702712,0,0
0,0,-0.09635158055,-0.09774553428,1,0
0,0,-0.1149585124,-0.1860693189,1,0
0,0,-0.1494643258,-0.3450581338,0,0
0,0,-0.1360638653,0.1340046055,1,0
0,0,-0.1525098365,-0.1644597127,1,0
0,0,-0.1827920133,-0.3028217678,1,0
0,0,-0.2375253466,-0.5473333327,1,0
0,0,-0.3369823097,-0.9945696306,1,0
0,0,-0.4778629375,-1.408806279,2,0
0,0,-0.7748414003,-2.969784628,1,0
0,0,-1.187069879,-4.122284785,1,-1
1,1,-1.725212827,-5.381429482
0,0,0,0,0,0
0,0,0.08903836006,0.8903836006,1,0
0,0,0.1825972917,0.9355893167,0,0
0,0,0.4047183061,2.221210144,1,0
0,0,0.7046280855,2.999097794,2,0
0,0,1.041806715,3.371786295,0,0
0,0,1.534953343,4.931466279,2,-1
1,1,2.170703997,6.357506536
0,0,0,0,1,0
0,0,-0.0134290628,-0.134290628,1,0
0,0,-0.01992660311,-0.06497540311,1,0
0,0,-0.03814496287,-0.1821835976,0,0
0,0,0.02224366427,0.6038862714,0,0
0,0,0.1913317446,1.690880804,1,0
0,0,0.3974618471,2.061301025,1,0
0,0,0.6650675924,2.676057453,2,0
0,0,0.9693792526,3.043116602,0,0
0,0,1.442509102,4.73129849,1,-1
1,1,2.056825725,6.143166233
0,0,0,0,0,0
0,0,0.07077204971,0.7077204971,0,0
0,0,0.2343294377,1.635573879,1,0
0,0,0.4366338606,2.023044229,0,0
0,0,0.7883914068,3.517575462,1,0
0,0,1.2437252,4.553337935,1,-1
1,1,1.832843237,5.89118037
0,0,0,0,1,0
0,0,-0.014922744,-0.14922744,1,0
0,0,-0.02495401424,-0.1003127024,1,0
0,0,-0.0260718463,-0.01117832056,1,0
0,0,-0.04664238956,-0.2057054326,1,0
0,0,-0.08314732166,-0.3650493211,1,0
0,0,-0.1196912017,-0.3654388008,1,0
0,0,-0.1617168619,-0.4202566017,0,0
0,0,-0.1287561453,0.3296071657,0,0
0,0,-0.01525850473,1.134976406,0,0
0,0,0.1712646849,1.865231897,2,0
0,0,0.3086331588,1.373684739,1,0
0,0,0.4909819369,1.82348778,0,0
0,0,0.8192808797,3.282989429,1,0
0,0,1.24891299,4.296321103,1,-1
1,1,1.807333723,5.584207335
0,0,0,0,0,0
0,0,0.09295758288,0.9295758288,1,0
0,0,0.2174626642,1.245050813,2,0
0,0,0.2958077498,0.7834508561,1,0
0,0,0.4289313741,1.331236243,2,0
0,0,0.5677237436,1.387923694,1,0
0,0,0.8021555761,2.344318325,1,0
0,0,1.145581727,3.434261508,1,-1
1,1,1.624276244,4.786945173
0,0,0,0,0,0
0,0,0.08132746843,0.8132746843,1,0
0,0,0.1859332605,1.046057921,2,0
0,0,0.2235488157,0.3761555518,0,0
0,0,0.3871273308,1.635785151,1,0
0,0,0.6234645835,2.363372527,0,0
0,0,1.008004516,3.845399323,1,0
0,0,1.51546748,5.074629643,0,-1
1,1,2.171382195,6.559147149
0,0,0,0,2,0
0,0,-0.08475263875,-0.8475263875,1,0
0,0,-0.1713857728,-0.8663313403,0,0
0,0,-0.2057572305,-0.3437145768,1,0
0,0,-0.2891900991,-0.8343286868,1,0
0,0,-0.4285541676,-1.393640685,2,0
0,0,-0.7243147551,-2.957605875,2,0
0,0,-1.173250946,-4.489361905,1,-1
1,1,-1.749956547,-5.767056013
0,0,0,0,1,0
0,0,0.01241102791,0.1241102791,2,0
0,0,-0.06815144821,-0.8056247612,0,0
0,0,-0.08980958107,-0.2165813286,2,0
0,0,-0.1996247928,-1.098152117,0,0
0,0,-0.2406702692,-0.4104547642,2,0
0,0,-0.3939763818,-1.533061127,2,0
0,0,-0.6991003975,-3.051240156,2,0
0,0,-1.157739435,-4.586390374,2,-1
1,1,-1.772291514,-6.14552079
0,0,0,0,0,0
0,0,0.08511760035,0.8511760035,2,0
0,0,0.09699465966,0.1187705931,1,0
0,0,0.1309535697,0.3395890999,2,0
0,0,0.1040206808,-0.2693288883,1,0
0,0,0.09878177656,-0.05238904255,1,0
0,0,0.09433066355,-0.04451113018,0,0
0,0,0.2045862347,1.102555712,2,0
0,0,0.2538910641,0.493048294,1,0
0,0,0.3424103285,0.8851926439,1,0
0,0,0.4910620002,1.486516717,2,0
0,0,0.6376188563,1.465568561,0,0
0,0,0.9530508324,3.154319761,2,0
0,0,1.344677714,3.916268819,1,-1
1,1,1.873745093,5.290673785
0,0,0,0,0,0
0,0,0.07533612995,0.7533612995,2,0
0,0,0.05914246192,-0.1619366802,1,0
0,0,0.0520079466,-0.07134515323,0,0
0,0,0.1418635819,0.8985563535,0,0
0,0,0.3531164343,2.112528524,0,0
0,0,0.691674492,3.385580576,1,0
0,0,1.125318059,4.336435667,2,-1
1,1,1.653360838,5.280427791
0,0,0,0,2,0
0,0,-0.09574463028,-0.9574463028,1,0
0,0,-0.2090211531,-1.132765228,0,0
0,0,-0.2662500987,-0.5722894559,1,0
0,0,-0.3708259246,-1.045758258,1,0
0,0,-0.5393925415,-1.685666169,0,0
0,0,-0.7234671407,-1.840745992,1,0
0,0,-1.021506734,-2.980395936,0,0
0,0,-1.4011831,-3.796763661,0,-1
1,1,-1.910380064,-5.091969633
0,0,0,0,2,0
0,0,-0.09299493989,-0.9299493989,1,0
0,0,-0.1894908439,-0.9649590397,0,0
0,0,-0.2483612512,-0.5887040736,0,0
0,0,-0.2746936116,-0.2633236043,0,0
0,0,-0.2549052582,0.1978835344,1,0
0,0,-0.289205216,-0.342999578,0,0
0,0,-0.2773557746,0.1184944144,1,0
0,0,-0.3208388111,-0.4348303655,0,0
0,0,-0.3505858409,-0.2974702978,0,0
0,0,-0.3429155816,0.07670259301,2,0
0,0,-0.4820997909,-1.391842093,2,0
0,0,-0.7858311216,-3.037313307,1,0
0,0,-1.199817584,-4.139864626,1,-1
1,1,-1.747644414,-5.4782683
0,0,0,0,0,0
0,0,0.09517297173,0.9517297173,2,0
0,0,0.1126181505,0.1744517873,2,0
0,0,0.04824391053,-0.6437423993,2,0
0,0,-0.08812449828,-1.363684088,0,0
0,0,-0.1343806695,-0.4625617117,2,0
0,0,-0.2815322224,-1.47151553,1,0
0,0,-0.4637391091,-1.822068866,2,0
0,0,-0.7976344446,-3.338953355,0,0
0,0,-1.186965354,-3.893309094,0,-1
1,1,-1.674880155,-4.879148014
0,0,0,0,2,0
0,0,-0.07781215767,-0.7781215767,0,0
0,0,-0.09757089529,-0.1975873761,0,0
0,0,-0.05726577004,0.4030512524,0,0
0,0,0.05127941185,1.085451819,1,0
0,0,0.1607923539,1.095129421,0,0
0,0,0.3791283742,2.183360202,0,0
0,0,0.7384279678,3.592995936,2,0
0,0,1.13414729,3.95719322,2,-1
1,1,1.627608374,4.934610843
0,0,0,0,1,0
0,0,0.01387852689,0.1387852689,0,0
0,0,0.1229377449,1.09059218,1,0
0,0,0.2466417568,1.237040119,0,0
0,0,0.4997280915,2.530863347,0,0
0,0,0.8934091602,3.936810687,1,0
0,0,1.400609096,5.071999363,1,-1
1,1,2.045511351,6.449022544
0,0,0,0,1,0
0,0,-0.01700584952,-0.1700584952,2,0
0,0,-0.1103310801,-0.9332523059,0,0
0,0,-0.1234238801,-0.1309280001,1,0
0,0,-0.167086649,-0.436627689,2,0
0,0,-0.3288108733,-1.617242242,2,0
0,0,-0.6275214818,-2.987106085,0,0
0,0,-0.948680241,-3.211587592,2,0
0,0,-1.435872332,-4.871920908,0,-1
1,1,-2.05325227,-6.173799378
0,0,0,0,0,0
0,0,0.08677822684,0.8677822684,1,0
0,0,0.1714051286,0.8462690172,0,0
0,0,0.3682014399,1.967963113,2,0
0,0,0.5515463491,1.833449091,2,0
0,0,0.7404258958,1.888795468,2,0
0,0,0.9810044997,2.405786039,1,0
0,0,1.34660579,3.6560129,1,-1
1,1,1.851139595,5.045338057
0,0,0,0,1,0
0,0,0.008305352294,0.08305352294,2,0
0,0,-0.08151599437,-0.8982134667,0,0
0,0,-0.1043740463,-0.2285805197,1,0
0,0,-0.1399305627,-0.3555651634,1,0
0,0,-0.2024397001,-0.6250913741,2,0
0,0,-0.3865854878,-1.841457877,1,0
0,0,-0.6379278576,-2.513423699,0,0
0,0,-0.9226419833,-2.847141257,1,0
0,0,-1.316365008,-3.937230246,2,-1
1,1,-1.868648111,-5.522831027
0,0,0,0,2,0
0,0,-0.07859063491,-0.7859063491,0,0
0,0,-0.07795940701,0.00631227908,2,0
0,0,-0.1698217141,-0.9186230706,2,0
0,0,-0.3663977375,-1.965760235,0,0
0,0,-0.5393128316,-1.729150941,1,0
0,0,-0.7851999088,-2.458870772,2,0
0,0,-1.187218478,-4.020185688,1,-1
1,1,-1.719781785,-5.325633071
0,0,0,0,1,0
0,0,-0.0134792165,-0.134792165,1,0
0,0,-0.04071232079,-0.2723310429,0,0
0,0,0.01820145422,0.5891377502,1,0
0,0,0.08415460048,0.6595314626,0,0
0,0,0.2476460301,1.634914296,2,0
0,0,0.3815004919,1.338544619,0,0
0,0,0.6524584603,2.709579683,1,0
0,0,1.024172374,3.717139135,1,0
0,0,1.521825774,4.976534002,2,-1
1,1,2.160680977,6.388552033
0,0,0,0,2,0
0,0,-0.08099914106,-0.8099914106,0,0
0,0,-0.09530753967,-0.1430839861,1,0
0,0,-0.1273547989,-0.3204725925,2,0
0,0,-0.2653481532,-1.379933543,1,0
0,0,-0.4433498438,-1.780016907,2,0
0,0,-0.7665550563,-3.232052124,2,0
0,0,-1.253303819,-4.867487623,0,-1
1,1,-1.849042446,-5.957386275
0,0,0,0,2,0
0,0,-0.07948246928,-0.7948246928,1,0
0,0,-0.1773629944,-0.9788052508,2,0
0,0,-0.4086928928,-2.313298985,2,0
0,0,-0.7868956877,-3.782027949,1,0
0,0,-1.260448316,-4.735526281,1,-1
1,1,-1.865747362,-6.052990458
0,0,0,0,1,0
0,0,-0.01170149845,-0.1170149845,2,0
0,0,-0.1044906867,-0.9278918823,1,0
0,0,-0.2091853493,-1.046946626,2,0
0,0,-0.4420337355,-2.328483862,0,0
0,0,-0.6512183776,-2.091846421,2,0
0,0,-1.015904877,-3.646864991,1,0
0,0,-1.509021352,-4.931164755,2,-1
1,1,-2.150803784,-6.417824321
0,0,0,0,2,0
0,0,-0.102188075,-1.02188075,0,0
0,0,-0.125873706,-0.2368563106,1,0
0,0,-0.1869758656,-0.6110215957,0,0
0,0,-0.1834543729,0.0352149268,0,0
0,0,-0.1240684484,0.5938592451,1,0
0,0,-0.08978732678,0.3428112161,1,0
0,0,-0.06197057371,0.2781675307,1,0
0,0,-0.05760107277,0.04369500937,1,0
0,0,-0.07097079421,-0.1336972143,0,0
0,0,-0.001619044382,0.6935174982,1,0
0,0,0.08234399279,0.8396303718,1,0
0,0,0.1790330172,0.9668902442,1,0
0,0,0.2980686768,1.190356596,0,0
0,0,0.5339835,2.359148232,1,0
0,0,0.8433771197,3.093936196,0,0
0,0,1.318547048,4.751699284,1,-1
1,1,1.930557032,6.120099843
0,0,0,0,1,0
0,0,0.013037984,0.13037984,1,0
0,0,0.04159198423,0.2855400023,0,0
0,0,0.1486705874,1.070786032,2,0
0,0,0.1831923823,0.3452179486,1,0
0,0,0.2414374609,0.5824507861,2,0
0,0,0.2617751485,0.2033768759,0,0
0,0,0.4200403013,1.582651528,0,0
0,0,0.7387105015,3.186702003,0,0
0,0,1.207309371,4.685988692,0,-1
1,1,1.83208963,6.247802595
0,0,0,0,1,0
0,0,0.004747579749,0.04747579749,1,0
0,0,0.02011901616,0.1537143641,2,0
0,0,-0.06524474003,-0.8536375619,1,0
0,0,-0.1709384954,-1.056937554,0,0
0,0,-0.2112067518,-0.4026825639,0,0
0,0,-0.1982296825,0.1297706931,2,0
0,0,-0.3169834161,-1.187537336,2,0
0,0,-0.5837548981,-2.66771482,1,0
0,0,-0.9386313515,-3.548764534,1,0
0,0,-1.401692493,-4.630611419,1,-1
1,1,-2.002487165,-6.007946714
0,0,0,0,1,0
0,0,-0.001572037593,-0.01572037593,1,0
0,0,-0.01224838721,-0.1067634962,0,0
0,0,0.04917135717,0.6141974438,0,0
0,0,0.2033379471,1.541665899,1,0
0,0,0.4060297447,2.026917976,1,0
0,0,0.673040963,2.670112183,2,0
0,0,0.9737244188,3.006834558,0,0
0,0,1.430887563,4.571631447,1,-1
1,1,2.03029722,5.994096569
0,0,0,0,2,0
0,0,-0.1058302243,-1.058302243,2,0
0,0,-0.3347479097,-2.289176853,0,0
0,0,-0.5433364062,-2.085884966,1,0
0,0,-0.8214184157,-2.780820094,1,0
0,0,-1.199245885,-3.778274697,0,-1
1,1,-1.683080979,-4.83835094
0,0,0,0,0,0
0,0,0.07388034343,0.7388034343,1,0
0,0,0.1468033204,0.7292297702,0,0
0,0,0.3177083947,1.709050743,2,0
0,0,0.4596488213,1.419404266,0,0
0,0,0.7410995976,2.814507762,1,0
0,0,1.1246697,3.83570102,2,-1
1,1,1.605666545,4.809968458
0,0,0,0,0,0
0,0,0.1002263688,1.002263688,2,0
0,0,0.1358173604,0.3559099166,0,0
0,0,0.2928469493,1.570295889,0,0
0,0,0.5732984649,2.804515156,0,0
0,0,1.008699781,4.354013161,1,0
0,0,1.567032356,5.583325754,1,-1
1,1,2.27216471,7.05132354
0,0,0,0,0,0
0,0,0.0774679912,0.774679912,2,0
0,0,0.07121322824,-0.06254762967,1,0
0,0,0.06220905848,-0.09004169755,0,0
0,0,0.1561042458,0.9389518736,0,0
0,0,0.3753090911,2.192048452,2,0
0,0,0.5596849041,1.843758131,0,0
0,0,0.8885229076,3.288380035,1,0
0,0,1.329158048,4.406351406,0,-1
1,1,1.921983836,5.928257879
0,0,0,0,0,0
0,0,0.07713976025,0.7713976025,2,0
0,0,0.07770521778,0.005654575318,0,0
0,0,0.1674433675,0.8973814973,2,0
0,0,0.2078292465,0.40385879,1,0
0,0,0.2710175398,0.6318829325,0,0
0,0,0.4645759061,1.935583663,2,0
0,0,0.6508554652,1.862795592,1,0
0,0,0.9205606384,2.697051731,2,0
0,0,1.258833607,3.382729686,0,-1
1,1,1.761894524,5.030609172
0,0,0,0,2,0
0,0,-0.08095121462,-0.8095121462,2,0
0,0,-0.2518094267,-1.708582121,0,0
0,0,-0.3941531796,-1.423437529,2,0
0,0,-0.6695316823,-2.753785027,0,0
0,0,-0.9700579923,-3.0052631,2,0
0,0,-1.44225956,-4.722015676,0,-1
1,1,-2.045207115,-6.029475551
0,0,0,0,1,0
0,0,-0.01359637817,-0.1359637817,1,0
0,0,-0.04077424283,-0.2717786466,1,0
0,0,-0.08796991478,-0.4719567195,0,0
0,0,-0.05696874922,0.3100116556,2,0
0,0,-0.1090522095,-0.5208346027,0,0
0,0,-0.08604068357,0.2301152592,1,0
0,0,-0.08511941664,0.009212669349,1,0
0,0,-0.1140268863,-0.2890746962,0,0
0,0,-0.07946045514,0.3456643111,1,0
0,0,-0.05583900991,0.2362144524,1,0
0,0,-0.03923646085,0.1660254906,2,0
0,0,-0.09998818853,-0.6075172768,0,0
0,0,-0.1073554852,-0.07367296673,0,0
0,0,-0.04526688444,0.6208860076,2,0
0,0,-0.08912689279,-0.4386000834,1,0
0,0,-0.1529471187,-0.6382022594,2,0
0,0,-0.323812536,-1.708654173,0,0
0,0,-0.4556161286,-1.318035926,1,0
0,0,-0.6523736912,-1.967575626,2,0
0,0,-1.015732333,-3.63358642,2,0
0,0,-1.53586318,-5.201308471,1,-1
1,1,-2.201829327,-6.659661467
0,0,0,0,1,0
0,0,0.0002877520135,0.002877520135,1,0
0,0,-0.001695924763,-0.01983676777,2,0
0,0,-0.1005456365,-0.9884971169,0,0
0,0,-0.1409528827,-0.4040724621,1,0
0,0,-0.1893714239,-0.4841854123,2,0
0,0,-0.3729187349,-1.83547311,1,0
0,0,-0.6156673837,-2.427486488,1,0
0,0,-0.9398678867,-3.24200503,0,0
0,0,-1.329833406,-3.899655197,1,-1
1,1,-1.856954472,-5.271210661
0,0,0,0,2,0
0,0,-0.07633178969,-0.7633178969,0,0
0,0,-0.09439513387,-0.1806334418,1,0
0,0,-0.1354251778,-0.4103004392,1,0
0,0,-0.2045149498,-0.6908977202,1,0
0,0,-0.3101856196,-1.056706698,2,0
0,0,-0.5420397873,-2.318541676,1,0
0,0,-0.8532948033,-3.112550161,0,0
0,0,-1.217019753,-3.637249495,2,-1
1,1,-1.745970696,-5.289509427
0,0,0,0,2,0
0,0,-0.09982499049,-0.9982499049,1,0
0,0,-0.2169738557,-1.171488652,0,0
0,0,-0.2773758849,-0.6040202919,0,0
0,0,-0.3157890592,-0.3841317433,1,0
0,0,-0.4188384029,-1.030493437,1,0
0,0,-0.5918394026,-1.730009997,2,0
0,0,-0.9195256671,-3.276862645,1,0
0,0,-1.368235184,-4.487095172,1,-1
1,1,-1.956386163,-5.881509789
0,0,0,0,1,0
0,0,0.01588166729,0.1588166729,0,0
0,0,0.1353147272,1.194330599,2,0
0,0,0.1908276862,0.5551295903,1,0
0,0,0.2631839508,0.7235626457,2,0
0,0,0.305888757,0.4270480616,2,0
0,0,0.3134186402,0.07529883193,1,0
0,0,0.3857240393,0.723053991,1,0
0,0,0.5185155284,1.327914891,1,0
0,0,0.728973283,2.104577546,0,0
0,0,1.114203569,3.852302861,2,-1
1,1,1.586771835,4.725682658
0,0,0,0,2,0
0,0,-0.07785471764,-0.7785471764,0,0
0,0,-0.09167137178,-0.1381665414,2,0
0,0,-0.1981415624,-1.064701906,1,0
0,0,-0.3372096201,-1.390680577,1,0
0,0,-0.5449504769,-2.077408568,0,0
0,0,-0.7735720219,-2.28621545,2,0
0,0,-1.164494663,-3.909226408,2,-1
1,1,-1.712096445,-5.47601782
0,0,0,0,0,0
0,0,0.07668020264,0.7668020264,2,0
0,0,0.0927767089,0.1609650626,2,0
0,0,0.04955852375,-0.4321818515,2,0
0,0,-0.07132309578,-1.208816195,0,0
0,0,-0.1179585373,-0.4663544156,1,0
0,0,-0.1921285208,-0.7416998345,2,0
0,0,-0.4000280397,-2.078995189,0,0
0,0,-0.5934790979,-1.934510582,1,0
0,0,-0.8839815082,-2.905024103,1,0
0,0,-1.290824413,-4.06842905,1,-1
1,1,-1.83290511,-5.420806965
0,0,0,0,1,0
0,0,0.01308060841,0.1308060841,1,0
0,0,0.01579263454,0.0271202613,2,0
0,0,-0.07705767648,-0.9285031102,1,0
0,0,-0.1677707367,-0.9071306019,0,0
0,0,-0.1968403,-0.2906956336,1,0
0,0,-0.2532720771,-0.5643177709,2,0
0,0,-0.4304919182,-1.772198411,2,0
0,0,-0.7433895476,-3.128976293,1,0
0,0,-1.164205805,-4.208162577,1,-1
1,1,-1.719066722,-5.548609168
0,0,0,0,0,0
0,0,0.0916910243,0.916910243,1,0
0,0,0.1858266102,0.9413558588,2,0
0,0,0.2398680273,0.5404141713,1,0
0,0,0.3195023808,0.7963435353,0,0
0,0,0.5278673567,2.083649758,2,0
0,0,0.7343389868,2.064716301,1,0
0,0,1.054598065,3.202590784,1,0
0,0,1.501127375,4.465293097,0,-1
1,1,2.097179481,5.960521061
0,0,0,0,1,0
0,0,0.01343686161,0.1343686161,1,0
0,0,0.03605931591,0.226224543,0,0
0,0,0.1583430722,1.222837563,0,0
0,0,0.3962404796,2.378974073,0,0
0,0,0.7614672554,3.652267758,1,0
0,0,1.237155134,4.756878789,2,-1
1,1,1.813629542,5.764744078
0,0,0,0,1,0
0,0,0.001617486528,0.01617486528,0,0
0,0,0.1048265371,1.032090505,0,0
0,0,0.3276305335,2.228039965,0,0
0,0,0.6702850811,3.426545476,2,0
0,0,1.048844403,3.785593219,0,-1
1,1,1.59275544,5.439110372
0,0,0,0,1,0
0,0,0.009384632151,0.09384632151,1,0
0,0,0.01934468817,0.09960056018,2,0
0,0,-0.06138214352,-0.8072683169,2,0
0,0,-0.2548981781,-1.935160346,1,0
0,0,-0.4976291163,-2.427309383,0,0
0,0,-0.7519795205,-2.543504042,1,0
0,0,-1.11215312,-3.601735994,0,0
0,0,-1.560753664,-4.486005445,0,-1
1,1,-2.155392252,-5.946385878
0,0,0,0,0,0
0,0,0.07253781345,0.7253781345,2,0
0,0,0.07717265862,0.04634845168,2,0
0,0,0.01957160942,-0.576010492,0,0
0,0,0.0674795078,0.4790789838,1,0
0,0,0.1420240252,0.7454451743,1,0
0,0,0.2543217161,1.122976909,2,0
0,0,0.3222712836,0.6794956748,2,0
0,0,0.3642737183,0.4200243475,0,0
0,0,0.5517914485,1.875177302,2,0
0,0,0.7503376604,1.985462119,1,0
0,0,1.064817645,3.144799845,0,0
0,0,1.537734103,4.729164584,2,-1
1,1,2.154001103,6.162669996
0,0,0,0,1,0
0,0,-0.005529510228,-0.05529510228,0,0
0,0,0.0705062953,0.7603580553,2,0
0,0,0.08234244116,0.1183614585,2,0
0,0,0.007002123387,-0.7534031777,1,0
0,0,-0.07565851283,-0.8266063622,1,0
0,0,-0.1737781557,-0.9811964289,0,0
0,0,-0.2216097074,-0.4783155172,2,0
0,0,-0.3919242289,-1.703145215,2,0
0,0,-0.7182898293,-3.263656004,0,0
0,0,-1.088025566,-3.697357367,1,-1
1,1,-1.58811479,-5.000892238
0,0,0,0,0,0
0,0,0.1013872134,1.013872134,2,0
0,0,0.1489942543,0.4760704087,1,0
0,0,0.2155557579,0.6656150367,1,0
0,0,0.3187814747,1.032257168,0,0
0,0,0.5525331638,2.337516891,1,0
0,0,0.8815339639,3.290008001,2,0
0,0,1.275318873,3.937849088,1,-1
1,1,1.807998845,5.326799724
0,0,0,0,0,0
0,0,0.09575317994,0.9575317994,1,0
0,0,0.2083683558,1.126151759,1,0
0,0,0.3586001234,1.502317676,1,0
0,0,0.5690197291,2.104196057,1,0
0,0,0.8650819348,2.960622056,0,0
0,0,1.326615884,4.615339496,2,-1
1,1,1.90873236,5.821164761
0,0,0,0,1,0
0,0,0.003580220866,0.03580220866,0,0
0,0,0.1127716128,1.091913919,1,0
0,0,0.2248990158,1.12127403,2,0
0,0,0.2954216208,0.7052260496,1,0
0,0,0.4072436919,1.118220711,0,0
0,0,0.6761291204,2.688854285,2,0
0,0,0.9677038229,2.915747026,0,0
0,0,1.430128713,4.624248904,2,-1
1,1,2.021773204,5.916444905
0,0,0,0,0,0
0,0,0.1055135962,1.055135962,1,0
0,0,0.2276721316,1.221585354,2,0
0,0,0.3057599068,0.7808777521,1,0
0,0,0.4217169222,1.159570154,2,0
0,0,0.5282827152,1.06565793,2,0
0,0,0.6564299152,1.281472,0,0
0,0,0.9462882157,2.898583006,2,0
0,0,1.310170439,3.638822233,0,-1
1,1,1.834562119,5.243916799
0,0,0,0,1,0
0,0,0.01674438784,0.1674438784,2,0
0,0,-0.04826227623,-0.6500666408,1,0
0,0,-0.1066253544,-0.5836307817,0,0
0,0,-0.09265684764,0.1396850676,1,0
0,0,-0.0995450672,-0.06888219559,1,0
0,0,-0.1081159668,-0.08570899584,1,0
0,0,-0.12092515,-0.1280918323,0,0
0,0,-0.05054231325,0.7038283677,1,0
0,0,0.009208468009,0.5975078125,2,0
0,0,-0.001437547006,-0.1064601501,1,0
0,0,0.004425354129,0.05862901134,2,0
0,0,-0.06739179181,-0.7181714594,1,0
0,0,-0.1603386212,-0.9294682941,1,0
0,0,-0.2962626589,-1.359240377,1,0
0,0,-0.4936104227,-1.973477638,2,0
0,0,-0.8491233085,-3.555128858,1,0
0,0,-1.316891747,-4.67768438,0,-1
1,1,-1.899480655,-5.825889082
0,0,0,0,0,0
0,0,0.0874896242,0.874896242,2,0
0,0,0.08631342252,-0.01176201685,1,0
0,0,0.0979951958,0.1168177329,2,0
0,0,0.04291254026,-0.5508265554,1,0
0,0,0.001525021387,-0.4138751888,1,0
0,0,-0.05600171577,-0.5752673716,2,0
0,0,-0.2080780051,-1.520762893,0,0
0,0,-0.3149086824,-1.068306773,1,0
0,0,-0.4587599621,-1.438512797,0,0
0,0,-0.59308823,-1.343282679,2,0
0,0,-0.8798526087,-2.867643788,1,0
0,0,-1.288711042,-4.088584333,1,-1
1,1,-1.835805917,-5.470948751
0,0,0,0,0,0
0,0,0.1015527103,1.015527103,0,0
0,0,0.2983203685,1.967676582,2,0
0,0,0.4766839419,1.783635734,2,0
0,0,0.6499077826,1.732238407,2,0
0,0,0.851870381,2.019625985,2,0
0,0,1.126170945,2.743005637,1,0
0,0,1.533247405,4.070764602,2,-1
1,1,2.083932089,5.506846845
0,0,0,0,0,0
0,0,0.08416082522,0.8416082522,0,0
0,0,0.2865638457,2.024030205,0,0
0,0,0.6059311646,3.193673188,0,0
0,0,1.075975891,4.700447268,2,-1
1,1,1.629112935,5.531370439
0,0,0,0,2,0
0,0,-0.08495731164,-0.8495731164,2,0
0,0,-0.2573882131,-1.724309015,1,0
0,0,-0.481581334,-2.241931209,2,0
0,0,-0.8526011848,-3.710198508,1,0
0,0,-1.330471303,-4.778701179,1,-1
1,1,-1.943351216,-6.128799131
0,0,0,0,1,0
0,0,-0.005992762872,-0.05992762872,2,0
0,0,-0.1105288926,-1.045361298,0,0
0,0,-0.1402129197,-0.2968402704,1,0
0,0,-0.1985225385,-0.5830961883,1,0
0,0,-0.2786220636,-0.800995251,2,0
0,0,-0.4909923242,-2.123702606,0,0
0,0,-0.7136363045,-2.226439803,2,0
0,0,-1.098373075,-3.8473677,1,-1
1,1,-1.610216842,-5.118437674
0,0,0,0,1,0
0,0,-0.002998060232,-0.02998060232,0,0
0,0,0.09248832609,0.9548638632,1,0
0,0,0.1915625523,0.9907422621,1,0
0,0,0.3237194547,1.321569024,0,0
0,0,0.6026170757,2.78897621,2,0
0,0,0.9091763026,3.065592269,0,0
0,0,1.372366207,4.63189904,0,-1
1,1,1.99159708,6.192308735
0,0,0,0,2,0
0,0,-0.07481498424,-0.7481498424,2,0
0,0,-0.2377018,-1.628868158,0,0
0,0,-0.3389168714,-1.012150714,0,0
0,0,-0.4003054311,-0.6138855965,0,0
0,0,-0.4464976744,-0.4619224333,2,0
0,0,-0.6394531598,-1.929554853,1,0
0,0,-0.9223477946,-2.828946349,1,0
0,0,-1.332254736,-4.099069412,1,-1
1,1,-1.881767545,-5.495128092
0,0,0,0,0,0
0,0,0.1028354989,1.028354989,0,0
0,0,0.3187767575,2.159412585,1,0
0,0,0.5996279948,2.808512373,0,0
0,0,1.039201563,4.395735682,1,-1
1,1,1.599482378,5.602808151
0,0,0,0,2,0
0,0,-0.09503685751,-0.9503685751,0,0
0,0,-0.1102027734,-0.1516591588,1,0
0,0,-0.1375719813,-0.2736920787,0,0
0,0,-0.08635614398,0.5121583729,0,0
0,0,0.02410283866,1.104589826,0,0
0,0,0.2110046734,1.869018347,2,0
0,0,0.3448958892,1.338912158,1,0
0,0,0.5280857244,1.831898352,1,0
0,0,0.7873452696,2.592595452,0,0
0,0,1.202062561,4.147172918,0,-1
1,1,1.776955801,5.748932398
0,0,0,0,1,0
0,0,0.01130487728,0.1130487728,2,0
0,0,-0.05997143483,-0.7127631212,1,0
0,0,-0.1473372428,-0.8736580795,1,0
0,0,-0.2734562868,-1.26119044,1,0
0,0,-0.4436078408,-1.70151554,0,0
0,0,-0.6108960407,-1.672881999,2,0
0,0,-0.9427991862,-3.319031455,1,0
0,0,-1.401102668,-4.583034815,2,-1
1,1,-2.014548053,-6.134453851
0,0,0,0,0,0
0,0,0.08681728025,0.8681728025,0,0
0,0,0.2833617282,1.96544448,2,0
0,0,0.4495776395,1.662159113,0,0
0,0,0.749437211,2.998595715,1,0
0,0,1.150730023,4.012928117,0,-1
1,1,1.715815131,5.650851085
0,0,0,0,2,0
0,0,-0.09110549514,-0.9110549514,2,0
0,0,-0.2705785969,-1.794731017,0,0
0,0,-0.4243248487,-1.537462518,0,0
0,0,-0.5727640674,-1.484392187,1,0
0,0,-0.8040369729,-2.312729055,1,0
0,0,-1.138784811,-3.347478381,2,-1
1,1,-1.632362308,-4.935774973
0,0,0,0,2,0
0,0,-0.08762849505,-0.8762849505,2,0
0,0,-0.2902584824,-2.026299874,1,0
0,0,-0.5253798195,-2.351213371,1,0
0,0,-0.8405095173,-3.151296979,0,0
0,0,-1.211060238,-3.705507203,0,-1
1,1,-1.692404628,-4.813443905
0,0,0,0,2,0
0,0,-0.07803160087,-0.7803160087,2,0
0,0,-0.2436903647,-1.656587638,0,0
0,0,-0.3776372703,-1.339469056,1,0
0,0,-0.5747417415,-1.971044711,0,0
0,0,-0.7815796097,-2.068378682,1,0
0,0,-1.091067785,-3.094881753,2,0
0,0,-1.560124016,-4.690562315,1,-1
1,1,-2.17597599,-6.158519736
0,0,0,0,1,0
0,0,-0.004890954744,-0.04890954744,2,0
0,0,-0.101597959,-0.967070043,0,0
0,0,-0.1223504011,-0.2075244206,0,0
0,0,-0.06298572209,0.5936467902,0,0
0,0,0.06829885914,1.312845812,2,0
0,0,0.1343700406,0.6607118147,2,0
0,0,0.1417491275,0.07379086846,2,0
0,0,0.0934456047,-0.4830352275,2,0
0,0,-0.01671567571,-1.101612804,2,0
0,0,-0.231177696,-2.144620203,2,0
0,0,-0.5575599811,-3.263822851,2,0
0,0,-1.043397961,-4.8583798,1,-1
1,1,-1.641984613,-5.98586652
0,0,0,0,0,0
0,0,0.0863409669,0.863409669,1,0
0,0,0.1783648407,0.9202387382,0,0
0,0,0.3883850614,2.100202207,1,0
0,0,0.6443035534,2.55918492,0,0
0,0,1.050206363,4.059028092,1,-1
1,1,1.58141006,5.312036978
0,0,0,0,0,0
0,0,0.09020040819,0.9020040819,2,0
0,0,0.1024835732,0.1228316504,1,0
0,0,0.1394867687,0.3700319547,1,0
0,0,0.1897164251,0.5022965635,1,0
0,0,0.2738024543,0.8408602922,0,0
0,0,0.4841282523,2.10325798,2,0
0,0,0.7002875494,2.161592972,1,0
0,0,1.028723084,3.28435535,0,0
0,0,1.52802878,4.993056955,0,-1
1,1,2.175230417,6.472016369
0,0,0,0,2,0
0,0,-0.0910621196,-0.910621196,1,0
0,0,-0.2130955041,-1.220333845,1,0
0,0,-0.3853685498,-1.722730457,2,0
0,0,-0.6871650702,-3.017965204,0,0
0,0,-1.016575344,-3.294102742,1,0
0,0,-1.468734072,-4.52158728,1,-1
1,1,-2.064996136,-5.962620635
0,0,0,0,2,0
0,0,-0.08017702709,-0.8017702709,2,0
0,0,-0.2680513404,-1.878743133,1,0
0,0,-0.4977476653,-2.296963249,2,0
0,0,-0.8857905206,-3.880428553,1,0
0,0,-1.386928155,-5.011376341,0,-1
1,1,-2.014123633,-6.271954781
0,0,0,0,1,0
0,0,-0.008085496548,-0.08085496548,1,0
0,0,-0.000415303531,0.07670193017,0,0
0,0,0.08549034744,0.8590565097,0,0
0,0,0.278711983,1.932216356,1,0
0,0,0.5286510321,2.499390491,2,0
0,0,0.798150869,2.694998369,1,0
0,0,1.182658906,3.845080374,0,-1
1,1,1.732841049,5.501821424
0,0,0,0,2,0
0,0,-0.08617970284,-0.8617970284,2,0
0,0,-0.2855164998,-1.99336797,0,0
0,0,-0.4612512007,-1.757347008,2,0
0,0,-0.7993382406,-3.3808704,0,0
0,0,-1.17897448,-3.796362395,2,-1
1,1,-1.721761268,-5.42786788
0,0,0,0,1,0
0,0,-0.005994798259,-0.05994798259,0,0
0,0,0.05844234402,0.6443714228,2,0
0,0,0.04617513773,-0.1226720628,2,0
0,0,-0.05187958923,-0.9805472697,2,0
0,0,-0.2342307914,-1.823512021,2,0
0,0,-0.5389921547,-3.047613634,0,0
0,0,-0.8464515993,-3.074594445,0,0
0,0,-1.204407466,-3.579558663,1,-1
1,1,-1.695429244,-4.910217787
0,0,0,0,1,0
0,0,0.009579519105,0.09579519105,0,0
0,0,0.1008023532,0.9122283405,0,0
0,0,0.2877861868,1.869838337,2,0
0,0,0.4372622088,1.494760219,1,0
0,0,0.6649786502,2.277164414,1,0
0,0,0.982747293,3.177686428,0,0
0,0,1.472124511,4.89377218,1,-1
1,1,2.105680246,6.335557353
0,0,0,0,1,0
0,0,0.01121329785,0.1121329785,1,0
0,0,0.03066499362,0.1945169577,2,0
0,0,-0.0151877925,-0.4585278612,0,0
0,0,0.01413623789,0.293240304,2,0
0,0,-0.03239034602,-0.4652658391,2,0
0,0,-0.1690205721,-1.366302261,2,0
0,0,-0.4208595413,-2.518389692,2,0
0,0,-0.80314171,-3.822821687,2,0
0,0,-1.338803836,-5.356621261,2,-1
1,1,-2.026654414,-6.878505777
0,0,0,0,1,0
0,0,0.002405846874,0.02405846874,1,0
0,0,0.01663657833,0.1423073145,2,0
0,0,-0.06088385056,-0.7752042889,2,0
0,0,-0.2501619274,-1.892780769,2,0
0,0,-0.580992615,-3.308306876,0,0
0,0,-0.9148427579,-3.338501429,0,0
0,0,-1.322115764,-4.072730061,0,-1
1,1,-1.849275138,-5.27159374
0,0,0,0,1,0
0,0,0.0147836355,0.147836355,0,0
0,0,0.1110939847,0.9631034923,2,0
0,0,0.123834813,0.1274082822,2,0
0,0,0.0836112456,-0.4022356736,2,0
0,0,-0.03455299587,-1.181642415,0,0
0,0,-0.05609214973,-0.2153915386,2,0
0,0,-0.1900068522,-1.339147024,2,0
0,0,-0.4291676451,-2.39160793,0,0
0,0,-0.6644674628,-2.352998177,0,0
0,0,-0.9323738681,-2.679064053,1,0
0,0,-1.324629702,-3.922558335,0,-1
1,1,-1.833103666,-5.084739645
0,0,0,0,1,0
0,0,0.002941498868,0.02941498868,2,0
0,0,-0.07469694176,-0.7763844063,0,0
0,0,-0.08190809729,-0.0721115553,0,0
0,0,-0.005732052306,0.7617604499,2,0
0,0,-0.006929787526,-0.0119773522,0,0
0,0,0.08288119575,0.8981098328,1,0
0,0,0.1949461577,1.12064962,2,0
0,0,0.2551714413,0.6022528359,2,0
0,0,0.2813735515,0.2620211015,0,0
0,0,0.4491889539,1.678154024,2,0
0,0,0.6190525925,1.698636386,0,0
0,0,0.9495845228,3.305319304,0,0
0,0,1.44770638,4.981218574,2,-1
1,1,2.080116561,6.324101811
0,0,0,0,1,0
0,0,-0.01542210598,-0.1542210598,2,0
0,0,-0.1213764761,-1.059543702,0,0
0,0,-0.153228967,-0.3185249087,0,0
0,0,-0.1120660463,0.4116292074,2,0
0,0,-0.1665615645,-0.5449551825,2,0
0,0,-0.3245780658,-1.580165013,1,0
0,0,-0.5296685368,-2.05090471,0,0
0,0,-0.7474697543,-2.178012175,1,0
0,0,-1.076439182,-3.289694279,0,0
0,0,-1.497786138,-4.213469562,0,-1
1,1,-2.058317376,-5.605312376
0,0,0,0,0,0
0,0,0.08442297725,0.8442297725,0,0
0,0,0.2658871004,1.814641232,0,0
0,0,0.5895612828,3.236741824,0,0
0,0,1.056754406,4.67193123,1,-1
1,1,1.64188971,5.851353046
0,0,0,0,1,0
0,0,0.005952746106,0.05952746106,0,0
0,0,0.1015793819,0.9562663582,0,0
0,0,0.3072608499,2.05681468,0,0
0,0,0.6541542526,3.468934027,1,0
0,0,1.085190902,4.310366493,0,-1
1,1,1.675338611,5.901477089
0,0,0,0,1,0
0,0,-0.01076071487,-0.1076071487,1,0
0,0,-0.03086297617,-0.201022613,2,0
0,0,-0.1605616045,-1.296986284,1,0
0,0,-0.3021851705,-1.416235659,1,0
0,0,-0.4806508614,-1.784656909,1,0
0,0,-0.7209277339,-2.402768725,2,0
0,0,-1.12723863,-4.063108961,0,-1
1,1,-1.625586668,-4.983480379
0,0,0,0,2,0
0,0,-0.08829939111,-0.8829939111,2,0
0,0,-0.2941870596,-2.058876685,0,0
0,0,-0.4480610138,-1.538739541,2,0
0,0,-0.7540273605,-3.059663468,2,0
0,0,-1.232178475,-4.781511145,2,-1
1,1,-1.862109764,-6.299312892
0,0,0,0,2,0
0,0,-0.08212588588,-0.8212588588,0,0
0,0,-0.09778562658,-0.156597407,0,0
0,0,-0.04979307027,0.479925563,0,0
0,0,0.09293291444,1.427259847,2,0
0,0,0.1718077697,0.7887485529,2,0
0,0,0.1913162882,0.1950851851,0,0
0,0,0.3220295036,1.307132154,2,0
0,0,0.4314288243,1.093993206,0,0
0,0,0.6878051169,2.563762927,0,0
0,0,1.112555594,4.247504769,2,-1
1,1,1.628484721,5.159291272
0,0,0,0,2,0
0,0,-0.1036130027,-1.036130027,1,0
0,0,-0.2219615629,-1.183485602,1,0
0,0,-0.3769916434,-1.550300805,0,0
0,0,-0.515920286,-1.389286426,1,0
0,0,-0.7436511907,-2.277309048,0,0
0,0,-1.019255077,-2.756038862,0,0
0,0,-1.374115949,-3.548608721,2,-1
1,1,-1.883787149,-5.096712002
0,0,0,0,2,0
0,0,-0.09994998189,-0.9994998189,1,0
0,0,-0.2084937162,-1.085437343,0,0
0,0,-0.2662137465,-0.5772003029,2,0
0,0,-0.4667597322,-2.005459857,0,0
0,0,-0.6725141437,-2.057544115,1,0
0,0,-0.98704342,-3.145292763,2,0
0,0,-1.461649311,-4.746058914,0,-1
1,1,-2.070648719,-6.08999408
0,0,0,0,1,0
0,0,-0.0004009152429,-0.004009152429,1,0
0,0,0.008333376257,0.087342915,1,0
0,0,0.02762696084,0.1929358458,0,0
0,0,0.1356316454,1.080046846,1,0
0,0,0.2653014635,1.296698181,1,0
0,0,0.4534630348,1.881615714,1,0
0,0,0.7256270037,2.721639689,2,0
0,0,1.028649506,3.03022502,2,0
0,0,1.42142117,3.927716644,1,-1
1,1,1.956925469,5.35504299
0,0,0,0,1,0
0,0,-0.003723507941,-0.03723507941,2,0
0,0,-0.08465918816,-0.8093568022,2,0
0,0,-0.251993388,-1.673341998,0,0
0,0,-0.3630945975,-1.111012095,2,0
0,0,-0.6227633994,-2.59668802,1,0
0,0,-0.9763845345,-3.53621135,0,0
0,0,-1.398960256,-4.225757212,2,-1
1,1,-1.977299909,-5.783396531
0,0,0,0,1,0
0,0,-0.009728737197,-0.09728737197,0,0
0,0,0.05547154999,0.6520028719,0,0
0,0,0.2200314351,1.645598851,1,0
0,0,0.4123738798,1.923424448,2,0
0,0,0.583588262,1.712143821,1,0
0,0,0.8403030335,2.567147716,2,0
0,0,1.145717801,3.054147676,1,-1
1,1,1.579604658,4.338868568
0,0,0,0,1,0
0,0,-0.007750064137,-0.07750064137,2,0
0,0,-0.1144269292,-1.066768651,0,0
0,0,-0.1634880358,-0.4906110656,1,0
0,0,-0.2256584545,-0.6217041873,2,0
0,0,-0.4117054193,-1.860469648,2,0
0,0,-0.7277187206,-3.160133013,0,0
0,0,-1.077844928,-3.501262074,1,0
0,0,-1.559838888,-4.8199396,2,-1
1,1,-2.189389673,-6.29550785
0,0,0,0,0,0
0,0,0.08909525823,0.8909525823,1,0
0,0,0.1861623793,0.9706712107,1,0
0,0,0.3168907649,1.307283856,1,0
0,0,0.5135759914,1.966852266,0,0
0,0,0.8569465608,3.433705694,2,0
0,0,1.252591895,3.95645334,2,-1
1,1,1.763800066,5.112081716
0,0,0,0,1,0
0,0,0.01652077343,0.1652077343,1,0
0,0,0.03348712924,0.1696635581,1,0
0,0,0.051733528,0.1824639877,0,0
0,0,0.1646756192,1.129420911,0,0
0,0,0.3776191236,2.129435045,0,0
0,0,0.744700649,3.670815254,0,0
0,0,1.260388138,5.156874892,1,-1
1,1,1.903389737,6.430015988
0,0,0,0,1,0
0,0,0.01413821633,0.1413821633,1,0
0,0,0.04686403017,0.3272581385,1,0
0,0,0.09040104277,0.435370126,2,0
0,0,0.04527806791,-0.4512297486,2,0
0,0,-0.08234236868,-1.276204366,0,0
0,0,-0.1457913495,-0.6344898082,0,0
0,0,-0.1411316389,0.04659710612,0,0
0,0,-0.07367323232,0.6745840657,1,0
0,0,-0.02708330594,0.4658992638,1,0
0,0,0.0209397732,0.4802307913,2,0
0,0,-0.03282562641,-0.5376539961,0,0
0,0,0.00979691127,0.4262253768,1,0
0,0,0.06351281269,0.5371590142,2,0
0,0,0.04956005585,-0.1395275685,0,0
0,0,0.1302738475,0.8071379167,2,0
0,0,0.1460943474,0.1582049992,0,0
0,0,0.271171628,1.250772806,1,0
0,0,0.4494111555,1.782395275,1,0
0,0,0.7121495749,2.627384194,2,0
0,0,1.014166431,3.020168558,2,0
0,0,1.39761431,3.834478795,0,-1
1,1,1.93752624,5.399119299
