2,1,1
0,0,0,0,1,0
0,0,0.00195972163,0.0195972163,0,0
0,0,0.09337855695,0.9141883532,1,0
0,0,0.2155645491,1.221859922,2,0
0,0,0.2887065168,0.7314196764,1,0
0,0,0.400896531,1.121900142,2,0
0,0,0.5117513549,1.108548239,0,0
0,0,0.7690032632,2.572519083,0,0
0,0,1.181698296,4.126950324,0,-1
1,1,1.757353209,5.75654913
0,0,0,0,0,0
0,0,0.07364628703,0.7364628703,0,0
0,0,0.2514705079,1.778242209,0,0
0,0,0.5595229956,3.080524877,2,0
0,0,0.872241934,3.127189384,0,0
0,0,1.339974255,4.677323206,1,-1
1,1,1.945191541,6.052172864
0,0,0,0,0,0
0,0,0.07762409202,0.7762409202,2,0
0,0,0.08817756905,0.1055347703,2,0
0,0,0.02088763934,-0.6728992971,2,0
0,0,-0.1371092669,-1.579969062,1,0
0,0,-0.3039931231,-1.668838563,0,0
0,0,-0.44411557,-1.401224468,0,0
0,0,-0.5717055906,-1.275900207,1,0
0,0,-0.7956890656,-2.23983475,2,0
0,0,-1.182603122,-3.869140566,1,-1
1,1,-1.698574138,-5.15971016
0,0,0,0,2,0
0,0,-0.0827820898,-0.827820898,0,0
0,0,-0.1062353324,-0.234532426,0,0
0,0,-0.05870162149,0.4753371091,1,0
0,0,-0.0134703362,0.4523128529,2,0
0,0,-0.05750303904,-0.4403270284,2,0
0,0,-0.1942103253,-1.367072863,1,0
0,0,-0.3763168281,-1.821065028,2,0
0,0,-0.6961651505,-3.198483224,1,0
0,0,-1.099587003,-4.034218523,1,-1
1,1,-1.6230516,-5.234645968
0,0,0,0,2,0
0,0,-0.08503747214,-0.8503747214,0,0
0,0,-0.09657423395,-0.1153676181,2,0
0,0,-0.21611187,-1.19537636,2,0
0,0,-0.4479511355,-2.318392656,1,0
0,0,-0.7513724024,-3.034212668,1,0
0,0,-1.157046137,-4.056737344,2,-1
1,1,-1.726387822,-5.693416848
0,0,0,0,0,0
0,0,0.0981720611,0.981720611,0,0
0,0,0.3024882789,2.043162178,1,0
0,0,0.5462280652,2.437397863,1,0
0,0,0.8777899761,3.315619109,2,0
0,0,1.265825189,3.880352125,0,-1
1,1,1.816332288,5.505070997
0,0,0,0,2,0
0,0,-0.09782114325,-0.9782114325,0,0
0,0,-0.1275490232,-0.2972787995,0,0
0,0,-0.08187745535,0.4567156784,0,0
0,0,0.04917872277,1.310561781,2,0
0,0,0.09282370805,0.4364498528,1,0
0,0,0.1447358996,0.519121916,0,0
0,0,0.3052035525,1.604676528,0,0
0,0,0.6127971961,3.075936437,2,0
0,0,0.9421481773,3.293509811,0,0
0,0,1.429620278,4.874721006,0,-1
1,1,2.069319921,6.396996429
0,0,0,0,0,0
0,0,0.102320039,1.02320039,0,0
0,0,0.3242055437,2.218855046,2,0
0,0,0.5269458695,2.027403258,1,0
0,0,0.8227874897,2.958416202,2,0
0,0,1.180011674,3.572241843,2,-1
1,1,1.637818243,4.578065691
0,0,0,0,2,0
0,0,-0.09697160971,-0.9697160971,0,0
0,0,-0.1164455917,-0.19473982,2,0
0,0,-0.2604853606,-1.440397689,1,0
0,0,-0.4494029448,-1.889175843,0,0
0,0,-0.6466851047,-1.972821598,0,0
0,0,-0.8601658757,-2.13480771,0,0
0,0,-1.136986754,-2.768208781,2,-1
1,1,-1.574504974,-4.375182204
0,0,0,0,2,0
0,0,-0.09524312028,-0.9524312028,2,0
0,0,-0.283831775,-1.885886548,0,0
0,0,-0.4392973944,-1.554656194,2,0
0,0,-0.7478610166,-3.085636222,2,0
0,0,-1.22331866,-4.75457643,2,-1
1,1,-1.850049879,-6.267312193
0,0,0,0,0,0
0,0,0.08409905838,0.8409905838,0,0
0,0,0.2550640232,1.709649648,1,0
0,0,0.4705346155,2.154705924,1,0
0,0,0.7592440608,2.887094453,1,0
0,0,1.145278626,3.860345652,0,-1
1,1,1.696954528,5.516759021
0,0,0,0,1,0
0,0,0.0138405774,0.138405774,0,0
0,0,0.1324051265,1.185645491,1,0
0,0,0.282502313,1.500971865,2,0
0,0,0.3921259636,1.096236506,0,0
0,0,0.6430673414,2.509413778,0,0
0,0,1.064752901,4.216855598,0,-1
1,1,1.652546161,5.877932596
0,0,0,0,0,0
0,0,0.07835600395,0.7835600395,0,0
0,0,0.2698883725,1.915323685,1,0
0,0,0.4977986916,2.279103191,2,0
0,0,0.7381026364,2.403039448,2,0
0,0,1.009173761,2.710711244,0,0
0,0,1.44913847,4.399647095,2,-1
1,1,2.022165136,5.730266655
0,0,0,0,2,0
0,0,-0.09486252763,-0.9486252763,1,0
0,0,-0.2011019348,-1.062394072,1,0
0,0,-0.3388722256,-1.377702908,1,0
0,0,-0.5417113901,-2.028391645,2,0
0,0,-0.9108900725,-3.691786824,0,0
0,0,-1.338672215,-4.277821429,0,-1
1,1,-1.889767111,-5.510948958
0,0,0,0,0,0
0,0,0.09830787912,0.9830787912,2,0
0,0,0.135005508,0.3669762893,1,0
0,0,0.1780901092,0.4308460115,2,0
0,0,0.1777498973,-0.003402118979,0,0
0,0,0.3079754307,1.302255334,1,0
0,0,0.4945857945,1.866103638,1,0
0,0,0.7657887528,2.712029583,2,0
0,0,1.080723974,3.149352216,1,0
0,0,1.527094498,4.463705239,0,-1
1,1,2.122629012,5.955345137
0,0,0,0,1,0
0,0,-0.002274436159,-0.02274436159,2,0
0,0,-0.1011088419,-0.9883440576,1,0
0,0,-0.2242844199,-1.23175578,1,0
0,0,-0.3846275381,-1.603431182,2,0
0,0,-0.6786875028,-2.940599647,2,0
0,0,-1.134951977,-4.562644744,1,-1
1,1,-1.721125302,-5.861733246
0,0,0,0,1,0
0,0,-0.006455028222,-0.06455028222,0,0
0,0,0.07430817901,0.8076320723,1,0
0,0,0.1674196507,0.931114717,2,0
0,0,0.1885011756,0.2108152484,1,0
0,0,0.228895719,0.4039454345,0,0
0,0,0.3799547917,1.510590727,1,0
0,0,0.5771132907,1.97158499,0,0
0,0,0.9196618219,3.425485311,0,0
0,0,1.425769049,5.061072268,2,-1
1,1,2.059376195,6.336071459
0,0,0,0,1,0
0,0,-0.01339449407,-0.1339449407,1,0
0,0,-0.03395646608,-0.20561972,2,0
0,0,-0.1337699069,-0.9981344083,1,0
0,0,-0.2479066763,-1.141367694,0,0
0,0,-0.3156140229,-0.6770734664,1,0
0,0,-0.4381020368,-1.224880139,0,0
0,0,-0.5501397436,-1.120377068,0,0
0,0,-0.667219039,-1.170792954,1,0
0,0,-0.8807121377,-2.134930987,0,0
0,0,-1.165329325,-2.846171878,2,-1
1,1,-1.618268989,-4.529396635
0,0,0,0,2,0
0,0,-0.07259536528,-0.7259536528,0,0
0,0,-0.05832508961,0.1427027567,2,0
0,0,-0.1326605527,-0.7433546312,1,0
0,0,-0.2403055084,-1.076449557,2,0
0,0,-0.483607154,-2.433016456,0,0
0,0,-0.7381218376,-2.545146836,1,0
0,0,-1.08516344,-3.470416021,0,0
0,0,-1.518926602,-4.33763162,0,-1
1,1,-2.094936532,-5.760099304
0,0,0,0,1,0
0,0,-0.01199544924,-0.1199544924,0,0
0,0,0.05290202926,0.648974785,1,0
0,0,0.1226264379,0.6972440863,0,0
0,0,0.2905361769,1.67909739,0,0
0,0,0.5817677147,2.912315377,0,0
0,0,1.015933614,4.341658996,0,-1
1,1,1.608864474,5.929308595
0,0,0,0,2,0
0,0,-0.09900813818,-0.9900813818,0,0
0,0,-0.1282431049,-0.2923496672,0,0
0,0,-0.102300714,0.2594239086,1,0
0,0,-0.0919208796,0.1037983444,1,0
0,0,-0.08604607281,0.05874806785,0,0
0,0,-0.02225331739,0.6379275542,1,0
0,0,0.04740421189,0.6965752928,0,0
0,0,0.1986228983,1.512186864,1,0
0,0,0.3949651935,1.963422952,0,0
0,0,0.7439206647,3.489554712,2,0
0,0,1.121978731,3.780580664,1,-1
1,1,1.630257387,5.082786556
0,0,0,0,2,0
0,0,-0.1049466618,-1.049466618,1,0
0,0,-0.211343314,-1.063966522,1,0
0,0,-0.3548893827,-1.435460687,2,0
0,0,-0.6461902352,-2.913008525,0,0
0,0,-0.9527168033,-3.065265681,1,0
0,0,-1.379773093,-4.270562899,1,-1
1,1,-1.947412612,-5.676395184
0,0,0,0,2,0
0,0,-0.07530065801,-0.7530065801,2,0
0,0,-0.266857192,-1.91556534,1,0
0,0,-0.5085871331,-2.417299411,1,0
0,0,-0.8400262841,-3.31439151,0,0
0,0,-1.221013219,-3.809869346,1,-1
1,1,-1.733641759,-5.126285399
0,0,0,0,2,0
0,0,-0.1013721622,-1.013721622,1,0
0,0,-0.230263347,-1.288911848,1,0
0,0,-0.4019809194,-1.717175724,2,0
0,0,-0.7297710169,-3.277900975,1,0
0,0,-1.152561067,-4.227900496,2,-1
1,1,-1.734740434,-5.821793677
0,0,0,0,1,0
0,0,0.003060181204,0.03060181204,0,0
0,0,0.08050921688,0.7744903568,2,0
0,0,0.08819307666,0.07683859778,0,0
0,0,0.2042990785,1.161060018,1,0
0,0,0.3522430551,1.479439767,2,0
0,0,0.4705357568,1.182927017,0,0
0,0,0.7391627594,2.686270026,1,0
0,0,1.110016011,3.708532511,0,-1
1,1,1.64854177,5.385257598
0,0,0,0,1,0
0,0,0.005211529692,0.05211529692,2,0
0,0,-0.08824378925,-0.9345531894,2,0
0,0,-0.3000207763,-2.117769871,1,0
0,0,-0.5747221361,-2.747013598,0,0
0,0,-0.8627000272,-2.879778911,0,0
0,0,-1.221078957,-3.583789296,1,-1
1,1,-1.710356901,-4.892779444
0,0,0,0,0,0
0,0,0.0817580018,0.817580018,1,0
0,0,0.1681462235,0.8638822168,1,0
0,0,0.2722483285,1.04102105,1,0
0,0,0.4230452164,1.507968879,1,0
0,0,0.6403358262,2.172906098,1,0
0,0,0.9618161724,3.214803462,0,0
0,0,1.450494161,4.88677989,2,-1
1,1,2.071521181,6.210270198
0,0,0,0,1,0
0,0,-0.01167008114,-0.1167008114,2,0
0,0,-0.0971344711,-0.8546438996,2,0
0,0,-0.2806516672,-1.835171961,0,0
0,0,-0.4365231162,-1.55871449,1,0
0,0,-0.6753073729,-2.387842567,2,0
0,0,-1.064171091,-3.888637178,2,-1
1,1,-1.620165481,-5.5599439
0,0,0,0,1,0
0,0,-0.005422682697,-0.05422682697,1,0
0,0,0.004274864674,0.09697547371,0,0
0,0,0.115878733,1.116038683,1,0
0,0,0.2519258379,1.360471049,0,0
0,0,0.5222398379,2.70314,0,0
0,0,0.9488251465,4.265853086,1,0
0,0,1.489784927,5.409597801,0,-1
1,1,2.179901969,6.901170426
0,0,0,0,1,0
0,0,0.00381777121,0.0381777121,0,0
0,0,0.09361004482,0.8979227361,1,0
0,0,0.1930753423,0.9946529751,1,0
0,0,0.3250797339,1.320043916,1,0
0,0,0.4966469079,1.71567174,2,0
0,0,0.6716285765,1.749816686,1,0
0,0,0.9320858124,2.60457236,0,0
0,0,1.356651877,4.24566065,2,-1
1,1,1.90182737,5.451754921
0,0,0,0,1,0
0,0,-0.01178960635,-0.1178960635,1,0
0,0,-0.02235857616,-0.1056896981,2,0
0,0,-0.1123305223,-0.8997194613,0,0
0,0,-0.1343870971,-0.2205657486,0,0
0,0,-0.1022236782,0.3216341892,0,0
0,0,0.007513822991,1.097375012,2,0
0,0,0.04564026666,0.3812644367,1,0
0,0,0.08692893883,0.4128867218,0,0
0,0,0.2309226632,1.439937243,1,0
0,0,0.4259977794,1.950751162,0,0
0,0,0.7687870654,3.427892861,2,0
0,0,1.159098789,3.903117236,2,-1
1,1,1.644077181,4.849783915
0,0,0,0,1,0
0,0,0.002815713232,0.02815713232,2,0
0,0,-0.06543001738,-0.6824573061,2,0
0,0,-0.2349737282,-1.695437109,0,0
0,0,-0.3451578974,-1.101841692,2,0
0,0,-0.6054493478,-2.602914504,1,0
0,0,-0.9443619309,-3.389125831,1,0
0,0,-1.404593463,-4.602315326,1,-1
1,1,-2.003660527,-5.990670637
0,0,0,0,1,0
0,0,0.007856220178,0.07856220178,0,0
0,0,0.1016478646,0.9379164447,1,0
0,0,0.1988934844,0.9724561971,2,0
0,0,0.231627157,0.3273367262,2,0
0,0,0.2088074327,-0.2281972426,2,0
0,0,0.1442624451,-0.6454498762,2,0
0,0,0.02076963618,-1.234928089,1,0
0,0,-0.1097132698,-1.304829059,1,0
0,0,-0.255577045,-1.458637753,1,0
0,0,-0.457627503,-2.02050458,0,0
0,0,-0.6693376527,-2.117101497,1,0
0,0,-0.974892417,-3.055547643,0,0
0,0,-1.36149557,-3.866031529,1,-1
1,1,-1.886922471,-5.254269009
0,0,0,0,1,0
0,0,0.01082014522,0.1082014522,2,0
0,0,-0.05909775701,-0.6991790223,1,0
0,0,-0.1378588688,-0.7876111181,2,0
0,0,-0.3318461143,-1.939872455,2,0
0,0,-0.6668953867,-3.350492724,0,0
0,0,-1.022505564,-3.556101769,0,0
0,0,-1.458368868,-4.358633042,1,-1
1,1,-2.038037365,-5.796684976
0,0,0,0,1,0
0,0,-0.003868606576,-0.03868606576,0,0
0,0,0.08340541845,0.8727402503,2,0
0,0,0.09876808254,0.1536266409,1,0
0,0,0.1357559452,0.3698786262,1,0
0,0,0.1838222681,0.4806632291,0,0
0,0,0.352491257,1.686689889,1,0
0,0,0.5785960713,2.261048143,1,0
0,0,0.8930725938,3.144765224,1,0
0,0,1.314866247,4.217936535,1,-1
1,1,1.871359006,5.564927589
0,0,0,0,0,0
0,0,0.1031715791,1.031715791,0,0
0,0,0.3176425068,2.144709276,1,0
0,0,0.5871014309,2.694589241,1,0
0,0,0.9487888849,3.61687454,1,0
0,0,1.418845425,4.700565401,2,-1
1,1,2.016282284,5.974368586
0,0,0,0,1,0
0,0,0.004505988901,0.04505988901,0,0
0,0,0.0883059977,0.838000088,2,0
0,0,0.1074402166,0.1913421889,2,0
0,0,0.04946083766,-0.5797937893,1,0
0,0,0.005342466059,-0.441183716,2,0
0,0,-0.1412595165,-1.466019826,2,0
0,0,-0.4018798513,-2.606203348,1,0
0,0,-0.7256495986,-3.237697473,1,0
0,0,-1.143850651,-4.182010527,0,-1
1,1,-1.652710289,-5.088596373
0,0,0,0,2,0
0,0,-0.1038923571,-1.038923571,2,0
0,0,-0.3155301565,-2.116377994,2,0
0,0,-0.6719217444,-3.563915879,2,0
0,0,-1.190052631,-5.181308867,0,-1
1,1,-1.80482614,-6.147735088
0,0,0,0,0,0
0,0,0.07522676152,0.7522676152,1,0
0,0,0.1529175783,0.7769081675,2,0
0,0,0.1727878491,0.1987027086,1,0
0,0,0.2183296529,0.4554180381,1,0
0,0,0.2968602855,0.7853063258,1,0
0,0,0.4244492499,1.275889644,0,0
0,0,0.7089163123,2.844670624,2,0
0,0,1.029980687,3.210643744,2,0
0,0,1.441006409,4.110257222,0,-1
1,1,2.004232391,5.632259823
0,0,0,0,1,0
0,0,0.0160993982,0.160993982,2,0
0,0,-0.05700776117,-0.7310715937,0,0
0,0,-0.05136095319,0.0564680798,2,0
0,0,-0.1454369069,-0.9407595372,1,0
0,0,-0.2767513337,-1.313144268,0,0
0,0,-0.3589506811,-0.8219934736,2,0
0,0,-0.5832136593,-2.242629782,0,0
0,0,-0.8130395065,-2.298258472,1,0
0,0,-1.160369798,-3.473302917,2,-1
1,1,-1.669394182,-5.09024384
0,0,0,0,0,0
0,0,0.1056762112,1.056762112,2,0
0,0,0.1517350943,0.4605888312,2,0
0,0,0.1314406392,-0.2029445503,1,0
0,0,0.1490520379,0.1761139862,0,0
0,0,0.2767708775,1.277188397,2,0
0,0,0.3686706157,0.9189973816,1,0
0,0,0.5236943864,1.550237707,2,0
0,0,0.6761807021,1.524863157,0,0
0,0,0.9949481865,3.187674844,2,0
0,0,1.388574956,3.936267691,2,-1
1,1,1.910496298,5.219213427
0,0,0,0,0,0
0,0,0.09714078841,0.9714078841,0,0
0,0,0.3015635113,2.044227229,2,0
0,0,0.4589872632,1.574237519,2,0
0,0,0.6048585112,1.45871248,0,0
0,0,0.9127953634,3.079368522,1,0
0,0,1.338579297,4.257839333,0,-1
1,1,1.91932179,5.807424929
0,0,0,0,0,0
0,0,0.09559022467,0.9559022467,1,0
0,0,0.2182970865,1.227068619,2,0
0,0,0.2927111964,0.7441410985,1,0
0,0,0.4245694383,1.318582419,1,0
0,0,0.6378857495,2.133163112,0,0
0,0,1.008262311,3.703765614,2,0
0,0,1.455534938,4.472726274,1,-1
1,1,2.044958914,5.894239757
0,0,0,0,1,0
0,0,0.01028285739,0.1028285739,2,0
0,0,-0.06328145031,-0.735643077,0,0
0,0,-0.05284684398,0.1043460633,0,0
0,0,0.04946934057,1.023161846,1,0
0,0,0.1436631526,0.9419381198,1,0
0,0,0.2690325611,1.253694086,1,0
0,0,0.4418752532,1.728426921,1,0
0,0,0.6933645345,2.514892813,1,0
0,0,1.030366515,3.370019809,0,0
0,0,1.531045857,5.006793419,0,-1
1,1,2.180434747,6.4938889
0,0,0,0,0,0
0,0,0.09806649265,0.9806649265,2,0
0,0,0.107986628,0.09920135363,2,0
0,0,0.03931838462,-0.6866824339,0,0
0,0,0.07900865,0.3969026537,2,0
0,0,0.06168002238,-0.1732862762,1,0
0,0,0.06842121584,0.06741193463,2,0
0,0,-0.01786124418,-0.8628246002,1,0
0,0,-0.1021247595,-0.8426351528,1,0
0,0,-0.2167808886,-1.146561291,1,0
0,0,-0.3787881393,-1.620072507,1,0
0,0,-0.6161164858,-2.373283466,1,0
0,0,-0.9384107917,-3.222943059,0,0
0,0,-1.323445981,-3.850351893,0,-1
1,1,-1.831507614,-5.080616333
0,0,0,0,1,0
0,0,0.008196182024,0.08196182024,1,0
0,0,0.03175779751,0.2356161548,1,0
0,0,0.05225153507,0.2049373756,2,0
0,0,0.004086327194,-0.4816520788,0,0
0,0,0.0434158104,0.3932948321,0,0
0,0,0.1708672162,1.274514058,2,0
0,0,0.2473752948,0.7650807855,2,0
0,0,0.2966884794,0.4931318461,1,0
0,0,0.4113680381,1.146795587,0,0
0,0,0.6713605614,2.599925233,2,0
0,0,0.9553059954,2.83945434,1,0
0,0,1.359291707,4.039857117,0,-1
1,1,1.920392352,5.611006444
0,0,0,0,2,0
0,0,-0.08368355058,-0.8368355058,2,0
0,0,-0.2571930161,-1.735094655,0,0
0,0,-0.3972395272,-1.400465112,1,0
0,0,-0.5921301399,-1.948906126,0,0
0,0,-0.803745012,-2.116148721,2,0
0,0,-1.176858076,-3.731130641,2,-1
1,1,-1.710776203,-5.339181266
0,0,0,0,1,0
0,0,0.003434216777,0.03434216777,1,0
0,0,-0.009400109126,-0.128343259,1,0
0,0,-0.02063700024,-0.1123689112,2,0
0,0,-0.130368986,-1.097319858,2,0
0,0,-0.3383087159,-2.079397299,1,0
0,0,-0.6121241518,-2.738154359,2,0
0,0,-1.051120101,-4.389959487,0,0
0,0,-1.567263017,-5.161429161,0,-1
1,1,-2.230019253,-6.627562364
0,0,0,0,1,0
0,0,-0.0004399105915,-0.004399105915,1,0
0,0,0.009033708108,0.09473618699,2,0
0,0,-0.05814570206,-0.6717941016,1,0
0,0,-0.1195383579,-0.6139265588,1,0
0,0,-0.1952037452,-0.7566538731,2,0
0,0,-0.3934353238,-1.982315785,2,0
0,0,-0.7175945826,-3.241592588,1,0
0,0,-1.144615611,-4.270210289,1,-1
1,1,-1.69678945,-5.521738381
0,0,0,0,2,0
0,0,-0.07806705396,-0.7806705396,1,0
0,0,-0.1541569743,-0.7608992037,0,0
0,0,-0.1532707599,0.008862144467,2,0
0,0,-0.2594999666,-1.062292067,1,0
0,0,-0.41867283,-1.591728634,2,0
0,0,-0.7188859868,-3.002131568,2,0
0,0,-1.180746176,-4.618601894,0,-1
1,1,-1.735377105,-5.546309286
0,0,0,0,2,0
0,0,-0.09393641998,-0.9393641998,2,0
0,0,-0.2813249192,-1.873884992,0,0
0,0,-0.4345804687,-1.532555495,2,0
0,0,-0.7315151006,-2.969346319,2,0
0,0,-1.196728858,-4.652137576,0,-1
1,1,-1.766942201,-5.702133433
0,0,0,0,1,0
0,0,-0.01653784823,-0.1653784823,2,0
0,0,-0.1239538532,-1.07416005,1,0
0,0,-0.2642668733,-1.403130201,1,0
0,0,-0.4380711182,-1.738042449,0,0
0,0,-0.5985083937,-1.604372755,2,0
0,0,-0.9052722382,-3.067638445,1,0
0,0,-1.325670479,-4.203982413,0,-1
1,1,-1.861679936,-5.360094563
0,0,0,0,2,0
0,0,-0.07815522299,-0.7815522299,2,0
0,0,-0.2529900973,-1.748348743,2,0
0,0,-0.5669976475,-3.140075502,0,0
0,0,-0.9017381844,-3.34740537,1,0
0,0,-1.357348731,-4.556105466,0,-1
1,1,-1.937230434,-5.798817032
0,0,0,0,2,0
0,0,-0.0840450316,-0.840450316,1,0
0,0,-0.1789844953,-0.9493946372,2,0
0,0,-0.3951620278,-2.161775325,0,0
0,0,-0.590996947,-1.958349192,1,0
0,0,-0.887075375,-2.960784279,0,0
0,0,-1.252942407,-3.658670319,1,-1
1,1,-1.749978492,-4.970360854
0,0,0,0,1,0
0,0,0.01305228174,0.1305228174,0,0
0,0,0.1030871821,0.9003490035,1,0
0,0,0.2050106998,1.019235177,0,0
0,0,0.4225896026,2.175789028,1,0
0,0,0.6945781616,2.71988559,1,0
0,0,1.051563294,3.569851325,2,0
0,0,1.491193083,4.396297893,1,-1
1,1,2.076078816,5.848857324
0,0,0,0,2,0
0,0,-0.09112938882,-0.9112938882,0,0
0,0,-0.115592636,-0.2446324719,0,0
0,0,-0.06756820846,0.4802442756,1,0
0,0,-0.02777492787,0.3979328059,1,0
0,0,0.02180711857,0.4958204644,0,0
0,0,0.1579765881,1.361694695,2,0
0,0,0.249741559,0.9176497095,1,0
0,0,0.3776773194,1.279357604,0,0
0,0,0.6536132602,2.759359408,2,0
0,0,0.9488471539,2.952338937,2,0
0,0,1.312551471,3.637043167,2,-1
1,1,1.794706397,4.821549268
0,0,0,0,1,0
0,0,0.009534296379,0.09534296379,0,0
0,0,0.1015228475,0.9198855111,0,0
0,0,0.3075050775,2.059822301,0,0
0,0,0.6458520077,3.383469302,1,0
0,0,1.083450656,4.375986479,0,-1
1,1,1.677914254,5.944635985
0,0,0,0,1,0
0,0,0.01478813738,0.1478813738,0,0
0,0,0.1325823466,1.177942092,0,0
0,0,0.3498433248,2.172609783,2,0
0,0,0.5484328064,1.985894815,1,0
0,0,0.8348389329,2.864061265,1,0
0,0,1.227912304,3.930733709,0,-1
1,1,1.777115701,5.492033969
0,0,0,0,1,0
0,0,-0.01221225703,-0.1221225703,0,0
0,0,0.0682416862,0.8045394323,0,0
0,0,0.2609492502,1.92707564,2,0
0,0,0.410430734,1.494814838,1,0
0,0,0.6218837159,2.114529818,0,0
0,0,0.999893525,3.780098091,0,0
0,0,1.537119564,5.372260386,0,-1
1,1,2.22255913,6.854395665
0,0,0,0,2,0
0,0,-0.09246832079,-0.9246832079,0,0
0,0,-0.1256128296,-0.331445088,1,0
0,0,-0.1725107964,-0.4689796685,2,0
0,0,-0.3371739453,-1.646631488,1,0
0,0,-0.5678031067,-2.306291614,0,0
0,0,-0.8092585201,-2.414554134,0,0
0,0,-1.115927165,-3.066686452,0,0
0,0,-1.523550871,-4.076237059,2,-1
1,1,-2.080261523,-5.567106522
0,0,0,0,2,0
0,0,-0.07831667112,-0.7831667112,1,0
0,0,-0.1707201367,-0.9240346559,0,0
0,0,-0.197511064,-0.2679092723,2,0
0,0,-0.3577539269,-1.60242863,1,0
0,0,-0.5752797359,-2.17525809,0,0
0,0,-0.8130870039,-2.37807268,2,0
0,0,-1.211432871,-3.983458669,2,-1
1,1,-1.76898332,-5.575504487
0,0,0,0,2,0
0,0,-0.100342064,-1.00342064,2,0
0,0,-0.3152782733,-2.149362093,0,0
0,0,-0.4945980779,-1.793198046,1,0
0,0,-0.7539545112,-2.593564333,0,0
0,0,-1.059087807,-3.051332955,1,0
0,0,-1.488377691,-4.292898843,1,-1
1,1,-2.062170987,-5.737932963
0,0,0,0,2,0
0,0,-0.07827468203,-0.7827468203,1,0
0,0,-0.1591530667,-0.8087838467,0,0
0,0,-0.1941539615,-0.3500089485,1,0
0,0,-0.25701654,-0.6286257844,1,0
0,0,-0.3701672305,-1.131506906,2,0
0,0,-0.6159900561,-2.458228255,0,0
0,0,-0.8879191873,-2.719291312,0,0
0,0,-1.219385183,-3.314659953,0,-1
1,1,-1.654569257,-4.351840744
0,0,0,0,0,0
0,0,0.0825746729,0.825746729,2,0
0,0,0.08687336396,0.04298691052,2,0
0,0,0.03546921189,-0.5140415206,0,0
0,0,0.09060204748,0.5513283558,2,0
0,0,0.08431002051,-0.06292026969,2,0
0,0,-0.008867873984,-0.9317789449,2,0
0,0,-0.2016466638,-1.927787898,2,0
0,0,-0.497375036,-2.957283722,1,0
0,0,-0.8603971698,-3.630221338,1,0
0,0,-1.340980668,-4.805834978,0,-1
1,1,-1.940614323,-5.996336557
0,0,0,0,0,0
0,0,0.08818450623,0.8818450623,2,0
0,0,0.08842565809,0.002411518584,2,0
0,0,0.005361907985,-0.830637501,2,0
0,0,-0.1679244794,-1.732863874,0,0
0,0,-0.2979768999,-1.300524205,2,0
0,0,-0.5563878927,-2.584109928,2,0
0,0,-0.9823750163,-4.259871236,2,0
0,0,-1.56360952,-5.812345035,0,-1
1,1,-2.290892375,-7.272828555
0,0,0,0,2,0
0,0,-0.1052792163,-1.052792163,1,0
0,0,-0.2204659321,-1.151867158,0,0
0,0,-0.2893338595,-0.6886792737,2,0
0,0,-0.5042225191,-2.148886596,2,0
0,0,-0.8626313746,-3.584088555,0,0
0,0,-1.282141545,-4.195101699,2,-1
1,1,-1.854772924,-5.726313798
0,0,0,0,0,0
0,0,0.07463056564,0.7463056564,2,0
0,0,0.08430519086,0.09674625218,0,0
0,0,0.1850914189,1.007862281,1,0
0,0,0.3217039189,1.366124999,1,0
0,0,0.5182141652,1.965102463,1,0
0,0,0.8026691603,2.844549951,0,0
0,0,1.244528129,4.418589687,1,-1
1,1,1.816028807,5.715006776
0,0,0,0,1,0
0,0,0.01247988155,0.1247988155,2,0
0,0,-0.0733799168,-0.8585979834,2,0
0,0,-0.2595617273,-1.861818105,1,0
0,0,-0.4803978241,-2.208360968,2,0
0,0,-0.8594557174,-3.790578933,0,0
0,0,-1.286773473,-4.273177552,0,-1
1,1,-1.832253319,-5.454798466
0,0,0,0,1,0
0,0,-0.005490515414,-0.05490515414,0,0
0,0,0.07931302822,0.8480354364,1,0
0,0,0.1921970312,1.12884003,0,0
0,0,0.4340953341,2.418983028,1,0
0,0,0.7461644092,3.120690751,0,0
0,0,1.208679483,4.625150735,2,-1
1,1,1.777883427,5.692039438
0,0,0,0,1,0
0,0,-0.01180978041,-0.1180978041,2,0
0,0,-0.1314024485,-1.195926681,0,0
0,0,-0.1911347566,-0.5973230815,2,0
0,0,-0.3535852565,-1.624504998,1,0
0,0,-0.5844481542,-2.308628978,0,0
0,0,-0.8454850949,-2.610369407,1,0
0,0,-1.217381132,-3.718960376,0,-1
1,1,-1.699645578,-4.822644452
0,0,0,0,1,0
0,0,0.002086064006,0.02086064006,2,0
0,0,-0.07376023049,-0.7584629449,0,0
0,0,-0.08335723289,-0.09597002404,2,0
0,0,-0.204563077,-1.212058441,0,0
0,0,-0.2860072949,-0.814442179,2,0
0,0,-0.5025549867,-2.165476918,2,0
0,0,-0.8587253684,-3.561703817,1,0
0,0,-1.31522029,-4.564949218,1,-1
1,1,-1.908772972,-5.935526813
0,0,0,0,0,0
0,0,0.07921816125,0.7921816125,0,0
0,0,0.2426591796,1.634410184,2,0
0,0,0.3479260403,1.052668607,0,0
0,0,0.5938138921,2.458878518,1,0
0,0,0.9215295186,3.277156264,0,0
0,0,1.409054711,4.875251925,2,-1
1,1,2.02368792,6.146332094
0,0,0,0,1,0
0,0,0.01602018039,0.1602018039,2,0
0,0,-0.05268479433,-0.6870497472,1,0
0,0,-0.1416281026,-0.8894330826,1,0
0,0,-0.2561438231,-1.145157205,1,0
0,0,-0.4072779307,-1.511341076,0,0
0,0,-0.5402577433,-1.329798127,1,0
0,0,-0.7592419904,-2.189842471,1,0
0,0,-1.084468213,-3.252262223,2,-1
1,1,-1.574656677,-4.901884638
0,0,0,0,0,0
0,0,0.09303717611,0.9303717611,2,0
0,0,0.1170183219,0.2398114583,1,0
0,0,0.1651594986,0.4814117664,0,0
0,0,0.3331692828,1.680097842,1,0
0,0,0.5580256349,2.248563521,1,0
0,0,0.8738544148,3.158287799,1,0
0,0,1.300104319,4.262499042,2,-1
1,1,1.842880447,5.427761276
0,0,0,0,1,0
0,0,0.006673748341,0.06673748341,0,0
0,0,0.08724019088,0.8056644254,2,0
0,0,0.10848714,0.2124694913,1,0
0,0,0.1368920253,0.2840488533,0,0
0,0,0.2684274143,1.31535389,2,0
0,0,0.3617403312,0.9331291691,1,0
0,0,0.5175933807,1.558530495,2,0
0,0,0.6869571517,1.69363771,2,0
0,0,0.8837208372,1.967636855,0,0
0,0,1.246021305,3.62300468,1,-1
1,1,1.745199236,4.991779307
0,0,0,0,2,0
0,0,-0.07318403261,-0.7318403261,2,0
0,0,-0.23031029,-1.571262574,2,0
0,0,-0.5120833224,-2.817730324,2,0
0,0,-0.932159066,-4.200757435,0,0
0,0,-1.425048276,-4.928892102,0,-1
1,1,-2.049774335,-6.247260586
0,0,0,0,2,0
0,0,-0.08775159823,-0.8775159823,2,0
0,0,-0.2776741399,-1.899225417,2,0
0,0,-0.5798462239,-3.02172084,0,0
0,0,-0.8974955719,-3.17649348,0,0
0,0,-1.270715759,-3.732201868,1,-1
1,1,-1.780706494,-5.099907356
0,0,0,0,1,0
0,0,0.01412960756,0.1412960756,1,0
0,0,0.01770713986,0.03577532299,0,0
0,0,0.1098840912,0.9217695139,1,0
0,0,0.2363274442,1.264433529,2,0
0,0,0.3128389853,0.7651154114,0,0
0,0,0.5351120592,2.222730739,0,0
0,0,0.9068519297,3.717398705,2,0
0,0,1.3487907,4.419387706,2,-1
1,1,1.915029005,5.662383045
0,0,0,0,1,0
0,0,0.01340341388,0.1340341388,0,0
0,0,0.1140109268,1.00607513,2,0
0,0,0.1337871305,0.197762037,1,0
0,0,0.167328968,0.3354183748,0,0
0,0,0.3232355088,1.559065408,0,0
0,0,0.6006696556,2.774341468,0,0
0,0,1.038770676,4.381010201,1,-1
1,1,1.598882022,5.601113464
0,0,0,0,2,0
0,0,-0.100610883,-1.00610883,0,0
0,0,-0.1216986249,-0.2108774194,2,0
0,0,-0.265052145,-1.433535201,2,0
0,0,-0.5398967356,-2.748445906,1,0
0,0,-0.8913698499,-3.514731143,2,0
0,0,-1.402814834,-5.114449842,0,-1
1,1,-2.040064701,-6.372498672
0,0,0,0,1,0
0,0,-0.01373918525,-0.1373918525,1,0
0,0,-0.02953953029,-0.1580034505,2,0
0,0,-0.1407764001,-1.112368698,2,0
0,0,-0.3801356508,-2.393592507,2,0
0,0,-0.7545163022,-3.743806514,1,0
0,0,-1.233365024,-4.788487217,0,-1
1,1,-1.819441781,-5.860767568
0,0,0,0,0,0
0,0,0.1023814622,1.023814622,0,0
0,0,0.2941198077,1.917383455,1,0
0,0,0.5190907013,2.249708936,2,0
0,0,0.7570260562,2.379353549,0,0
0,0,1.157886312,4.008602554,1,-1
1,1,1.693437536,5.355512238
0,0,0,0,0,0
0,0,0.09312766817,0.9312766817,2,0
0,0,0.1142792329,0.2115156473,2,0
0,0,0.06155163005,-0.5272760285,2,0
0,0,-0.07607032476,-1.376219548,0,0
0,0,-0.125663754,-0.4959342928,0,0
0,0,-0.1236993745,0.01964379494,2,0
0,0,-0.2432952948,-1.195959202,0,0
0,0,-0.3133688617,-0.700735669,0,0
0,0,-0.3384217007,-0.2505283905,2,0
0,0,-0.4853270881,-1.469053874,2,0
0,0,-0.7884885106,-3.031614224,1,0
0,0,-1.189221935,-4.007334242,2,-1
1,1,-1.751785721,-5.625637863
0,0,0,0,1,0
0,0,0.0004291152837,0.004291152837,2,0
0,0,-0.07043816391,-0.7086727919,0,0
0,0,-0.05399126378,0.1644690013,1,0
0,0,-0.03759013013,0.1640113365,1,0
0,0,-0.0144595844,0.2313054573,1,0
0,0,0.0170907985,0.315503829,2,0
0,0,-0.04339119966,-0.6048199816,1,0
0,0,-0.1066051611,-0.6321396143,0,0
0,0,-0.1018577756,0.04747385486,0,0
0,0,-0.02113859,0.807191856,1,0
0,0,0.0464933655,0.676319555,0,0
0,0,0.1931194445,1.46626079,0,0
0,0,0.4473411965,2.54221752,0,0
0,0,0.84487536,3.975341635,0,0
0,0,1.409789612,5.649142518,2,-1
1,1,2.101883362,6.920937506
0,0,0,0,2,0
0,0,-0.1054352495,-1.054352495,0,0
0,0,-0.1434245295,-0.3798928004,1,0
0,0,-0.1966203708,-0.5319584124,0,0
0,0,-0.1853909523,0.1122941841,0,0
0,0,-0.1134930764,0.718978759,2,0
0,0,-0.152264539,-0.3877146253,0,0
0,0,-0.1268712808,0.253932582,1,0
0,0,-0.1281889379,-0.01317657078,2,0
0,0,-0.2292399574,-1.010510195,0,0
0,0,-0.2888101524,-0.5957019504,0,0
0,0,-0.310562342,-0.2175218959,1,0
0,0,-0.3740308989,-0.6346855691,0,0
0,0,-0.4054221378,-0.3139123895,0,0
0,0,-0.4200744341,-0.1465229628,0,0
0,0,-0.4182433435,0.01831090658,0,0
0,0,-0.3960307213,0.2221262215,1,0
0,0,-0.4237518008,-0.277210795,0,0
0,0,-0.4471514774,-0.2339967656,0,0
0,0,-0.477407817,-0.3025633964,2,0
0,0,-0.6651670742,-1.877592572,0,0
0,0,-0.8920972029,-2.269301287,0,0
0,0,-1.181774199,-2.896769959,0,-1
1,1,-1.57514953,-3.933753308
0,0,0,0,1,0
0,0,0.001398833329,0.01398833329,2,0
0,0,-0.07523256207,-0.766313954,2,0
0,0,-0.2397663149,-1.645337529,0,0
0,0,-0.3669213627,-1.271550477,1,0
0,0,-0.5499901416,-1.830687789,2,0
0,0,-0.8933464711,-3.433563295,2,0
0,0,-1.397388934,-5.040424629,0,-1
1,1,-2.026443395,-6.290544612
0,0,0,0,0,0
0,0,0.1029743282,1.029743282,0,0
0,0,0.3042281757,2.012538475,0,0
0,0,0.6379958604,3.337676847,2,0
0,0,0.9882427839,3.502469235,0,0
0,0,1.496902989,5.086602048,2,-1
1,1,2.143792908,6.468899188
0,0,0,0,1,0
0,0,0.01264867485,0.1264867485,1,0
0,0,0.0188492434,0.06200568548,2,0
0,0,-0.0765874928,-0.954367362,2,0
0,0,-0.2876310003,-2.110435075,1,0
0,0,-0.558056852,-2.704258517,0,0
0,0,-0.8479853945,-2.899285425,2,0
0,0,-1.297697843,-4.49712449,1,-1
1,1,-1.879059581,-5.813617372
0,0,0,0,0,0
0,0,0.09841886619,0.9841886619,0,0
0,0,0.3065464397,2.081275735,0,0
0,0,0.6370269663,3.304805266,1,0
0,0,1.063201464,4.261744979,1,-1
1,1,1.613538596,5.503371317
0,0,0,0,1,0
0,0,0.01449545314,0.1449545314,2,0
0,0,-0.06179087661,-0.7628632975,0,0
0,0,-0.06567923884,-0.03888362226,0,0
0,0,-0.002691530897,0.6298770794,2,0
0,0,-0.01969763686,-0.1700610597,1,0
0,0,-0.03594821035,-0.1625057349,0,0
0,0,0.04619726761,0.8214547796,2,0
0,0,0.06332092883,0.1712366122,0,0
0,0,0.1626259135,0.9930498471,1,0
0,0,0.3066996507,1.440737372,0,0
0,0,0.5981986885,2.914990378,2,0
0,0,0.9144054763,3.162067878,1,0
0,0,1.337168297,4.227628211,0,-1
1,1,1.916210239,5.790419413
0,0,0,0,2,0
0,0,-0.1039580463,-1.039580463,2,0
0,0,-0.3015977288,-1.976396825,1,0
0,0,-0.5472396251,-2.456418963,0,0
0,0,-0.8031219962,-2.558823711,1,0
0,0,-1.176697962,-3.735759657,2,-1
1,1,-1.708146102,-5.314481402
0,0,0,0,1,0
0,0,-0.005410940455,-0.05410940455,2,0
0,0,-0.1171221999,-1.117112595,2,0
0,0,-0.3383470943,-2.212248943,2,0
0,0,-0.6990506912,-3.607035969,0,0
0,0,-1.089907917,-3.908572256,1,-1
1,1,-1.602438234,-5.125303174
0,0,0,0,1,0
0,0,0.002860411592,0.02860411592,0,0
0,0,0.1056089148,1.027485032,1,0
0,0,0.2113058205,1.056969057,1,0
0,0,0.3409187517,1.296129312,1,0
0,0,0.5375302085,1.966114568,2,0
0,0,0.7362412609,1.987110524,1,0
0,0,1.034078653,2.978373923,1,0
0,0,1.464586674,4.305080209,1,-1
1,1,2.039878104,5.752914294
0,0,0,0,2,0
0,0,-0.09242050678,-0.9242050678,2,0
0,0,-0.282405563,-1.899850562,1,0
0,0,-0.5189033949,-2.364978319,1,0
0,0,-0.8238131527,-3.049097578,2,0
0,0,-1.291747731,-4.679345785,0,-1
1,1,-1.871816668,-5.800689368
0,0,0,0,0,0
0,0,0.08311924566,0.8311924566,1,0
0,0,0.1802007488,0.9708150316,2,0
0,0,0.2208974556,0.4069670675,0,0
0,0,0.3951458092,1.742483537,2,0
0,0,0.5604639962,1.653181869,1,0
0,0,0.8018194629,2.413554667,2,0
0,0,1.09655919,2.94739727,0,0
0,0,1.562609821,4.660506307,2,-1
1,1,2.174718517,6.121086963
0,0,0,0,0,0
0,0,0.08993964196,0.8993964196,1,0
0,0,0.1974834252,1.075437832,0,0
0,0,0.429167886,2.316844608,2,0
0,0,0.638593227,2.09425341,1,0
0,0,0.9426598301,3.040666031,0,0
0,0,1.415964786,4.733049558,2,-1
1,1,2.020151204,6.041864184
0,0,0,0,0,0
0,0,0.0859223761,0.859223761,1,0
0,0,0.1818497386,0.9592736249,1,0
0,0,0.3073368761,1.254871375,1,0
0,0,0.4681130031,1.60776127,1,0
0,0,0.6887291267,2.206161236,1,0
0,0,1.006754391,3.180252646,0,0
0,0,1.481099946,4.74345555,1,-1
1,1,2.099083497,6.179835502
0,0,0,0,2,0
0,0,-0.07092307842,-0.7092307842,1,0
0,0,-0.1638551018,-0.9293202334,2,0
0,0,-0.3624605599,-1.986054581,1,0
0,0,-0.6284704123,-2.660098525,2,0
0,0,-1.062082393,-4.336119803,0,-1
1,1,-1.580880473,-5.187980806
0,0,0,0,0,0
0,0,0.1018819314,1.018819314,0,0
0,0,0.3236662213,2.217842899,2,0
0,0,0.5186206185,1.949543972,1,0
0,0,0.7848463582,2.662257398,0,0
0,0,1.212279012,4.274326538,0,-1
1,1,1.794662238,5.823832262
0,0,0,0,2,0
0,0,-0.07662804935,-0.7662804935,2,0
0,0,-0.2410946189,-1.644665696,2,0
0,0,-0.5195044963,-2.784098774,0,0
0,0,-0.8026264357,-2.831219394,0,0
0,0,-1.131702804,-3.29076368,0,0
0,0,-1.555978276,-4.242754722,1,-1
1,1,-2.126921984,-5.70943708
0,0,0,0,1,0
0,0,-0.009273797927,-0.09273797927,2,0
0,0,-0.1226541526,-1.133803547,2,0
0,0,-0.3283792786,-2.05725126,0,0
0,0,-0.4974819782,-1.691026996,2,0
0,0,-0.8063797154,-3.088977371,1,0
0,0,-1.221174062,-4.14794347,1,-1
1,1,-1.764455491,-5.432814288
0,0,0,0,1,0
0,0,0.006355333125,0.06355333125,2,0
0,0,-0.06487970827,-0.712350414,0,0
0,0,-0.0518143867,0.1306532158,2,0
0,0,-0.1518832624,-1.000688757,2,0
0,0,-0.368337338,-2.164540757,0,0
0,0,-0.5611973699,-1.928600319,2,0
0,0,-0.9099224846,-3.487251147,1,0
0,0,-1.377611412,-4.676889272,1,-1
1,1,-1.984977404,-6.073659919
0,0,0,0,1,0
0,0,0.003705138868,0.03705138868,2,0
0,0,-0.09681289463,-1.005180335,1,0
0,0,-0.2248745201,-1.280616255,0,0
0,0,-0.3157647383,-0.9089021815,0,0
0,0,-0.3877737195,-0.720089812,0,0
0,0,-0.4585458781,-0.7077215861,0,0
0,0,-0.532200339,-0.7365446093,1,0
0,0,-0.6894292744,-1.572289354,1,0
0,0,-0.9587590569,-2.693297825,0,0
0,0,-1.300541326,-3.417822694,1,-1
1,1,-1.78172596,-4.811846337
0,0,0,0,2,0
0,0,-0.0973992367,-0.973992367,1,0
0,0,-0.2165221208,-1.191228841,0,0
0,0,-0.2917108715,-0.7518875066,0,0
0,0,-0.3284577839,-0.3674691241,1,0
0,0,-0.427516461,-0.9905867711,1,0
0,0,-0.6069833787,-1.794669177,0,0
0,0,-0.818254693,-2.112713143,1,0
0,0,-1.144824359,-3.26569666,0,-1
1,1,-1.575284326,-4.304599671
0,0,0,0,2,0
0,0,-0.0829416922,-0.829416922,2,0
0,0,-0.2834435459,-2.005018537,1,0
0,0,-0.5392208423,-2.557772965,0,0
0,0,-0.8148044669,-2.755836245,1,0
0,0,-1.209511867,-3.947073997,0,-1
1,1,-1.709735369,-5.002235022
0,0,0,0,0,0
0,0,0.09290657445,0.9290657445,1,0
0,0,0.1898696302,0.9696305572,0,0
0,0,0.41866322,2.287935899,2,0
0,0,0.6276661411,2.090029211,2,0
0,0,0.8708380409,2.431718998,1,0
0,0,1.238883326,3.680452854,0,-1
1,1,1.763858053,5.249747272
0,0,0,0,2,0
0,0,-0.07894046988,-0.7894046988,2,0
0,0,-0.2563735273,-1.774330574,1,0
0,0,-0.4902714449,-2.338979176,1,0
0,0,-0.7976715291,-3.074000843,0,0
0,0,-1.154115919,-3.564443902,0,-1
1,1,-1.615262317,-4.611463976
0,0,0,0,1,0
0,0,-0.01106178882,-0.1106178882,0,0
0,0,0.06195570867,0.7301749749,0,0
0,0,0.243738138,1.817824293,2,0
0,0,0.3696749737,1.259368358,0,0
0,0,0.6270712159,2.573962422,0,0
0,0,1.041056244,4.139850281,0,-1
1,1,1.619470027,5.784137835
0,0,0,0,1,0
0,0,0.00325414702,0.0325414702,0,0
0,0,0.07969379962,0.764396526,2,0
0,0,0.06513259744,-0.1456120218,0,0
0,0,0.1346601786,0.6952758118,2,0
0,0,0.1246463019,-0.100138767,2,0
0,0,0.05314141003,-0.715048919,1,0
0,0,-0.01894899694,-0.7209040696,1,0
0,0,-0.1113177961,-0.9236879914,1,0
0,0,-0.2076253267,-0.963075306,2,0
0,0,-0.437735412,-2.301100853,1,0
0,0,-0.7241692387,-2.864338267,1,0
0,0,-1.106625788,-3.824565493,2,-1
1,1,-1.653741876,-5.471160876
0,0,0,0,2,0
0,0,-0.07561474529,-0.7561474529,2,0
0,0,-0.2452130661,-1.695983208,1,0
0,0,-0.4559427426,-2.107296766,0,0
0,0,-0.6613566036,-2.05413861,1,0
0,0,-0.9551816744,-2.938250708,0,0
0,0,-1.330947374,-3.757656998,1,-1
1,1,-1.846959095,-5.160117203
0,0,0,0,2,0
0,0,-0.08413588587,-0.8413588587,0,0
0,0,-0.08229094271,0.01844943157,0,0
0,0,-0.01936459723,0.6292634548,2,0
0,0,-0.04346916539,-0.2410456816,1,0
0,0,-0.07492288523,-0.3145371984,0,0
0,0,-0.02210659911,0.5281628612,2,0
0,0,-0.06516353411,-0.43056935,1,0
0,0,-0.1353182447,-0.7015471064,0,0
0,0,-0.1473294777,-0.1201123296,1,0
0,0,-0.1761017418,-0.2877226412,0,0
0,0,-0.1317017402,0.4440000165,0,0
0,0,-0.006273621466,1.254281187,1,0
0,0,0.103371485,1.096451065,2,0
0,0,0.1402494023,0.3687791732,2,0
0,0,0.09930435307,-0.4094504927,0,0
0,0,0.154917296,0.5561294296,2,0
0,0,0.1372515733,-0.176657227,2,0
0,0,0.04715849325,-0.9009308008,2,0
0,0,-0.1313553472,-1.785138404,2,0
0,0,-0.4230015205,-2.916461733,1,0
0,0,-0.7654521317,-3.424506112,1,0
0,0,-1.215385974,-4.499338424,1,-1
1,1,-1.796940982,-5.815550075
0,0,0,0,2,0
0,0,-0.09059776004,-0.9059776004,0,0
0,0,-0.1215377752,-0.3094001514,2,0
0,0,-0.2673301639,-1.457923887,2,0
0,0,-0.528117818,-2.607876541,0,0
0,0,-0.8057472198,-2.776294017,2,0
0,0,-1.2540796,-4.483323804,2,-1
1,1,-1.854789857,-6.007102573
0,0,0,0,1,0
0,0,-0.009000715505,-0.09000715505,0,0
0,0,0.07814664224,0.8714735774,0,0
0,0,0.2504808485,1.723342062,0,0
0,0,0.5649410128,3.144601643,1,0
0,0,0.9576191504,3.926781376,2,0
0,0,1.420480816,4.628616659,1,-1
1,1,2.022947405,6.024665883
0,0,0,0,1,0
0,0,0.01484561452,0.1484561452,1,0
0,0,0.02581612116,0.1097050664,2,0
0,0,-0.05953746293,-0.8535358409,2,0
0,0,-0.2507288508,-1.911913879,0,0
0,0,-0.4143858084,-1.636569575,0,0
0,0,-0.5654074767,-1.510216683,2,0
0,0,-0.8683723133,-3.029648366,0,0
0,0,-1.228000068,-3.596277547,0,-1
1,1,-1.692232585,-4.642325169
0,0,0,0,1,0
0,0,0.007330928075,0.07330928075,1,0
0,0,0.02165395625,0.1432302818,0,0
0,0,0.1402077246,1.185537683,1,0
0,0,0.2830277441,1.428200195,1,0
0,0,0.4867570494,2.037293053,0,0
0,0,0.8262075873,3.394505379,1,0
0,0,1.276051497,4.498439102,0,-1
1,1,1.880892445,6.048409476
0,0,0,0,2,0
0,0,-0.08967375238,-0.8967375238,2,0
0,0,-0.269280253,-1.796065006,1,0
0,0,-0.485105911,-2.15825658,0,0
0,0,-0.7125845589,-2.274786478,0,0
0,0,-0.9887563239,-2.761717651,1,0
0,0,-1.39426209,-4.055057663,0,-1
1,1,-1.925618509,-5.313564191
0,0,0,0,1,0
0,0,-0.004423950524,-0.04423950524,0,0
0,0,0.0913045333,0.9572848383,0,0
0,0,0.301373893,2.100693597,1,0
0,0,0.5691610857,2.677871927,2,0
0,0,0.8515131339,2.823520482,1,0
0,0,1.247942485,3.964293512,1,-1
1,1,1.781202932,5.332604473
0,0,0,0,0,0
0,0,0.07815950565,0.7815950565,0,0
0,0,0.2470637537,1.68904248,1,0
0,0,0.4730893716,2.26025618,1,0
0,0,0.7715720434,2.984826717,2,0
0,0,1.11708251,3.455104666,2,0
0,0,1.552073075,4.349905649,0,-1
1,1,2.135189865,5.831167897
0,0,0,0,0,0
0,0,0.072194164,0.72194164,0,0
0,0,0.2567940487,1.845998847,0,0
0,0,0.576339975,3.195459263,0,0
0,0,1.052455709,4.761157343,1,-1
1,1,1.65193926,5.99483551
0,0,0,0,0,0
0,0,0.1034511034,1.034511034,2,0
0,0,0.1226263281,0.1917522471,1,0
0,0,0.1486657159,0.2603938782,2,0
0,0,0.09880758115,-0.4985813477,1,0
0,0,0.07564124215,-0.23166339,1,0
0,0,0.0722929918,-0.03348250355,2,0
0,0,-0.01801438674,-0.9030737853,1,0
0,0,-0.1009393379,-0.8292495117,1,0
0,0,-0.1918297615,-0.9089042359,2,0
0,0,-0.4026315279,-2.108017664,1,0
0,0,-0.6851872181,-2.825556902,0,0
0,0,-0.9992528938,-3.140656757,1,0
0,0,-1.431581221,-4.323283272,2,-1
1,1,-2.018496062,-5.869148411
0,0,0,0,2,0
0,0,-0.1053254322,-1.053254322,2,0
0,0,-0.3148451117,-2.095196794,1,0
0,0,-0.5899196277,-2.75074516,2,0
0,0,-1.01122375,-4.21304122,2,-1
1,1,-1.59668273,-5.854589798
0,0,0,0,0,0
0,0,0.08136985201,0.8136985201,1,0
0,0,0.1857331742,1.043633222,0,0
0,0,0.3991902229,2.134570488,0,0
0,0,0.7423413884,3.431511655,1,0
0,0,1.187857825,4.45516437,2,-1
1,1,1.731421907,5.435640817
0,0,0,0,1,0
0,0,0.01282491522,0.1282491522,1,0
0,0,0.0225807749,0.09755859679,1,0
0,0,0.0216648513,-0.009159236015,2,0
0,0,-0.06189720607,-0.8356205737,0,0
0,0,-0.07789737251,-0.1600016644,2,0
0,0,-0.200541627,-1.226442545,2,0
0,0,-0.4590991034,-2.585574764,0,0
0,0,-0.6968784846,-2.377793812,2,0
0,0,-1.08706845,-3.901899653,0,0
0,0,-1.565695844,-4.786273939,1,-1
1,1,-2.191160602,-6.254647585
0,0,0,0,1,0
0,0,-0.004045956411,-0.04045956411,2,0
0,0,-0.1019019113,-0.9785595486,1,0
0,0,-0.2100603253,-1.081584141,0,0
0,0,-0.2723665233,-0.6230619795,2,0
0,0,-0.4591668677,-1.868003444,2,0
0,0,-0.8092213845,-3.500545168,2,0
0,0,-1.322251265,-5.130298804,2,-1
1,1,-1.98822885,-6.659775854
0,0,0,0,0,0
0,0,0.0859063904,0.859063904,2,0
0,0,0.1068491318,0.2094274137,1,0
0,0,0.1295362273,0.2268709554,2,0
0,0,0.09860317154,-0.3093305577,0,0
0,0,0.1894770594,0.9087388784,0,0
0,0,0.3932899013,2.03812842,0,0
0,0,0.7311286642,3.378387629,1,0
0,0,1.171417383,4.402887185,1,-1
1,1,1.738304813,5.668874297
0,0,0,0,0,0
0,0,0.08285341168,0.8285341168,2,0
0,0,0.08337996029,0.005265486131,0,0
0,0,0.18538294,1.020029798,0,0
0,0,0.4024462986,2.170633586,1,0
0,0,0.6803934981,2.779471994,2,0
0,0,0.9829207847,3.025272866,0,0
0,0,1.442982178,4.600613934,2,-1
1,1,2.035393226,5.924110478
0,0,0,0,1,0
0,0,-0.007850424436,-0.07850424436,0,0
0,0,0.05916627967,0.670167041,2,0
0,0,0.03446647173,-0.2469980794,2,0
0,0,-0.07980332028,-1.14269792,1,0
0,0,-0.2120494285,-1.322461082,1,0
0,0,-0.3641297573,-1.520803288,1,0
0,0,-0.5640647353,-1.99934978,0,0
0,0,-0.7657992752,-2.017345399,2,0
0,0,-1.138072297,-3.722730223,1,-1
1,1,-1.640425419,-5.02353122
0,0,0,0,0,0
0,0,0.105618475,1.05618475,1,0
0,0,0.2425082255,1.368897504,2,0
0,0,0.3308222883,0.8831406284,2,0
0,0,0.3807174028,0.4989511448,2,0
0,0,0.4161297511,0.354123483,0,0
0,0,0.5946855509,1.785557999,1,0
0,0,0.8724886227,2.778030717,1,0
0,0,1.268972409,3.964837859,1,-1
1,1,1.805267827,5.362954187
0,0,0,0,0,0
0,0,0.1004209637,1.004209637,1,0
0,0,0.2216664005,1.212454368,1,0
0,0,0.3680462066,1.46379806,0,0
0,0,0.6483593392,2.803131326,1,0
0,0,1.012524837,3.641654979,0,0
0,0,1.535799795,5.232749578,1,-1
1,1,2.204627731,6.688279364
0,0,0,0,2,0
0,0,-0.07205492806,-0.7205492806,2,0
0,0,-0.2583553739,-1.863004459,0,0
0,0,-0.4052101279,-1.468547539,2,0
0,0,-0.6829634591,-2.777533312,1,0
0,0,-1.06317133,-3.802078706,0,0
0,0,-1.535863959,-4.726926292,0,-1
1,1,-2.151771269,-6.159073101
0,0,0,0,2,0
0,0,-0.07594839612,-0.7594839612,1,0
0,0,-0.1593937444,-0.8344534823,2,0
0,0,-0.3476151226,-1.882213782,0,0
0,0,-0.4969956966,-1.49380574,1,0
0,0,-0.7176050288,-2.206093322,0,0
0,0,-0.9798751476,-2.622701187,0,0
0,0,-1.320020677,-3.40145529,2,-1
1,1,-1.816875737,-4.968550603
0,0,0,0,2,0
0,0,-0.07184809052,-0.7184809052,2,0
0,0,-0.2465588335,-1.74710743,2,0
0,0,-0.5560310245,-3.09472191,0,0
0,0,-0.8659594017,-3.099283772,1,0
0,0,-1.281680752,-4.157213503,0,-1
1,1,-1.814966776,-5.332860242
0,0,0,0,0,0
0,0,0.1056512053,1.056512053,1,0
0,0,0.2403582953,1.3470709,2,0
0,0,0.3270846239,0.8672632864,1,0
0,0,0.4563891267,1.293045028,0,0
0,0,0.7273527986,2.709636719,1,0
0,0,1.088095188,3.607423898,0,-1
1,1,1.61125077,5.231555818
0,0,0,0,1,0
0,0,0.01178779589,0.1178779589,1,0
0,0,0.02038270334,0.08594907453,2,0
0,0,-0.0699023635,-0.9028506685,0,0
0,0,-0.07602179022,-0.06119426716,1,0
0,0,-0.0914552154,-0.1543342518,1,0
0,0,-0.1334629311,-0.4200771575,0,0
0,0,-0.1174534595,0.1600947166,1,0
0,0,-0.1077277635,0.09725696041,1,0
0,0,-0.1178147433,-0.100869799,1,0
0,0,-0.1425022447,-0.2468750136,0,0
0,0,-0.118446677,0.2405556773,2,0
0,0,-0.2134616599,-0.9501498297,0,0
0,0,-0.261916063,-0.4845440305,1,0
0,0,-0.3414571279,-0.7954106487,1,0
0,0,-0.4716785128,-1.302213849,0,0
0,0,-0.61083738,-1.391588673,1,0
0,0,-0.8473189633,-2.364815833,2,0
0,0,-1.24147264,-3.941536767,2,-1
1,1,-1.798847142,-5.573745019
0,0,0,0,0,0
0,0,0.09507145389,0.9507145389,2,0
0,0,0.1103227811,0.1525132725,0,0
0,0,0.2375682095,1.272454284,0,0
0,0,0.4741941238,2.366259143,1,0
0,0,0.7956202717,3.214261479,1,0
0,0,1.221847078,4.262268061,2,-1
1,1,1.749926458,5.280793797
0,0,0,0,0,0
0,0,0.09070698041,0.9070698041,0,0
0,0,0.3008763575,2.101693771,2,0
0,0,0.4813337933,1.804574358,0,0
0,0,0.8091951447,3.278613514,2,0
0,0,1.180338518,3.711433734,0,-1
1,1,1.706650228,5.263117102
0,0,0,0,0,0
0,0,0.1013914064,1.013914064,2,0
0,0,0.1402049407,0.3881353433,0,0
0,0,0.2954254837,1.552205429,0,0
0,0,0.5844684539,2.890429702,2,0
0,0,0.8823393826,2.978709287,2,0
0,0,1.247438944,3.650995619,0,-1
1,1,1.774199,5.26760056
0,0,0,0,2,0
0,0,-0.0912999882,-0.912999882,2,0
0,0,-0.2852661951,-1.939662069,1,0
0,0,-0.5258592774,-2.405930823,0,0
0,0,-0.763234611,-2.373753336,0,0
0,0,-1.05025406,-2.870194486,0,0
0,0,-1.421742464,-3.714884045,1,-1
1,1,-1.934577551,-5.128350868
0,0,0,0,0,0
0,0,0.07329255085,0.7329255085,1,0
0,0,0.1485561773,0.7526362647,2,0
0,0,0.1592118165,0.1065563915,2,0
0,0,0.1111252923,-0.4808652416,0,0
0,0,0.1848244858,0.7369919349,0,0
0,0,0.3800755981,1.952511123,0,0
0,0,0.7243186877,3.442430896,1,0
0,0,1.161012961,4.366942737,1,-1
1,1,1.720086342,5.590733804
0,0,0,0,1,0
0,0,-0.008867706683,-0.08867706683,1,0
0,0,-0.02110511651,-0.1223740982,0,0
0,0,0.03524621084,0.5635132735,1,0
0,0,0.1044599965,0.6921378568,0,0
0,0,0.282346424,1.778864275,1,0
0,0,0.5147762628,2.324298388,1,0
0,0,0.8395958373,3.248195744,1,0
0,0,1.271932703,4.323368662,1,-1
1,1,1.837455636,5.655229322
0,0,0,0,1,0
0,0,-0.01439636593,-0.1439636593,0,0
0,0,0.05017507677,0.645714427,2,0
0,0,0.03735348626,-0.1282159052,2,0
0,0,-0.06257022594,-0.999237122,0,0
0,0,-0.0858451259,-0.2327489995,0,0
0,0,-0.04265632539,0.431888005,2,0
0,0,-0.08826981864,-0.4561349324,0,0
0,0,-0.06861447319,0.1965534545,0,0
0,0,0.02457485345,0.9318932664,1,0
0,0,0.1155974006,0.9102254715,1,0
0,0,0.2401744388,1.245770382,1,0
0,0,0.4190120619,1.788376231,1,0
0,0,0.6690380721,2.500260101,2,0
0,0,0.958950486,2.899124139,1,0
0,0,1.376827987,4.178775012,0,-1
1,1,1.947222835,5.703948473
0,0,0,0,0,0
0,0,0.0909448681,0.909448681,0,0
0,0,0.2939121344,2.029672663,2,0
0,0,0.4458011195,1.518889851,2,0
0,0,0.5903203924,1.445192729,2,0
0,0,0.7650838379,1.747634455,0,0
0,0,1.112563094,3.474792561,1,-1
1,1,1.582249373,4.696862792
0,0,0,0,0,0
0,0,0.09501973765,0.9501973765,2,0
0,0,0.1131311067,0.1811136904,0,0
0,0,0.2356968408,1.225657341,0,0
0,0,0.4994670735,2.637702327,1,0
0,0,0.8380468924,3.385798188,0,0
0,0,1.342808706,5.047618132,0,-1
1,1,1.997667916,6.548592102
0,0,0,0,0,0
0,0,0.08103987168,0.8103987168,0,0
0,0,0.2468743298,1.658344581,2,0
0,0,0.3720061433,1.251318135,0,0
0,0,0.6387379572,2.667318138,0,0
0,0,1.071716176,4.329782192,0,-1
1,1,1.669848023,5.981318468
0,0,0,0,1,0
0,0,0.007601070366,0.07601070366,0,0
0,0,0.09887571097,0.912746406,2,0
0,0,0.1056551702,0.0677945919,2,0
0,0,0.03535604772,-0.7029912244,1,0
0,0,-0.03511618607,-0.704722338,0,0
0,0,-0.01921218034,0.1590400574,1,0
0,0,-0.01865813655,0.00554043787,0,0
0,0,0.06117448596,0.7983262251,1,0
0,0,0.1429139019,0.8173941595,2,0
0,0,0.1465873055,0.03673403557,1,0
0,0,0.1695315703,0.2294426482,2,0
0,0,0.1192073874,-0.5032418289,2,0
0,0,0.01736867154,-1.018387159,1,0
0,0,-0.08244417284,-0.9981284438,2,0
0,0,-0.2719495723,-1.895053994,0,0
0,0,-0.4145331919,-1.425836196,0,0
0,0,-0.5380849065,-1.235517146,1,0
0,0,-0.7431889733,-2.051040668,2,0
0,0,-1.116312746,-3.73123773,0,-1
1,1,-1.584195149,-4.678824022
0,0,0,0,1,0
0,0,0.001154048385,0.01154048385,0,0
0,0,0.09277766224,0.9162361385,2,0
0,0,0.1214756748,0.286980126,2,0
0,0,0.08687750598,-0.3459816886,2,0
0,0,-0.02677729127,-1.136547972,1,0
0,0,-0.131101546,-1.043242548,2,0
0,0,-0.33582349,-2.047219439,1,0
0,0,-0.6024065404,-2.665830505,1,0
0,0,-0.9541648321,-3.517582917,2,0
0,0,-1.474236527,-5.200716949,1,-1
1,1,-2.136584093,-6.623475665
0,0,0,0,1,0
0,0,-0.005664798797,-0.05664798797,1,0
0,0,-0.02205674023,-0.1639194143,1,0
0,0,-0.02839265663,-0.06335916403,2,0
0,0,-0.1283217635,-0.9992910683,2,0
0,0,-0.332650921,-2.043291576,1,0
0,0,-0.592352503,-2.59701582,0,0
0,0,-0.8790646674,-2.867121644,0,0
0,0,-1.238080788,-3.590161205,1,-1
1,1,-1.729479139,-4.913983514
0,0,0,0,2,0
0,0,-0.1034861747,-1.034861747,1,0
0,0,-0.2102579146,-1.067717399,1,0
0,0,-0.3658047461,-1.555468315,0,0
0,0,-0.4980324161,-1.3222767,2,0
0,0,-0.7689044717,-2.708720556,2,0
0,0,-1.194654006,-4.257495342,1,-1
1,1,-1.752282325,-5.576283191
0,0,0,0,0,0
0,0,0.09385084315,0.9385084315,0,0
0,0,0.2772302107,1.833793675,0,0
0,0,0.583616981,3.063867704,1,0
0,0,0.9627062425,3.790892615,1,0
0,0,1.466994037,5.04287794,0,-1
1,1,2.12119409,6.54200053
0,0,0,0,0,0
0,0,0.1014784631,1.014784631,1,0
0,0,0.2219836383,1.205051751,0,0
0,0,0.4542007589,2.322171206,2,0
0,0,0.6788284797,2.246277208,1,0
0,0,0.9901211407,3.11292661,0,0
0,0,1.463448487,4.733273459,0,-1
1,1,2.087489704,6.240412169
0,0,0,0,1,0
0,0,0.007263700144,0.07263700144,1,0
0,0,0.004219566065,-0.03044134079,1,0
0,0,-0.01258980595,-0.1680937202,2,0
0,0,-0.1367777486,-1.241879427,0,0
0,0,-0.1823178868,-0.4554013813,0,0
0,0,-0.1836150325,-0.01297145767,2,0
0,0,-0.3044059072,-1.207908747,1,0
0,0,-0.4793750346,-1.749691274,2,0
0,0,-0.7986988429,-3.193238082,0,0
0,0,-1.162329918,-3.63631075,1,-1
1,1,-1.659498124,-4.97168206
0,0,0,0,0,0
0,0,0.07505049263,0.7505049263,1,0
0,0,0.1795312861,1.044807934,0,0
0,0,0.3958640763,2.163327902,0,0
0,0,0.7661258238,3.702617475,2,0
0,0,1.179906876,4.137810526,2,-1
1,1,1.696962093,5.170552169
0,0,0,0,2,0
0,0,-0.09294113111,-0.9294113111,2,0
0,0,-0.2895356036,-1.965944725,0,0
0,0,-0.4346023929,-1.450667894,0,0
0,0,-0.5848151718,-1.502127789,1,0
0,0,-0.8119798885,-2.271647167,1,0
0,0,-1.139298596,-3.273187075,1,-1
1,1,-1.591467714,-4.521691182
0,0,0,0,2,0
0,0,-0.1009062141,-1.009062141,1,0
0,0,-0.2328124357,-1.319062216,1,0
0,0,-0.3935812756,-1.607688399,0,0
0,0,-0.5412217165,-1.476404409,2,0
0,0,-0.836462923,-2.952412065,0,0
0,0,-1.194728971,-3.58266048,2,-1
1,1,-1.717765214,-5.230362435
0,0,0,0,0,0
0,0,0.07266842113,0.7266842113,2,0
0,0,0.08388514801,0.1121672688,2,0
0,0,0.02109888192,-0.6278626609,1,0
0,0,-0.05392702713,-0.7502590905,1,0
0,0,-0.1319069446,-0.779799175,0,0
0,0,-0.1302303284,0.01676616252,2,0
0,0,-0.2398019541,-1.095716257,0,0
0,0,-0.300257166,-0.6045521193,0,0
0,0,-0.3127869497,-0.1252978367,0,0
0,0,-0.2931151033,0.1967184641,2,0
0,0,-0.4027369526,-1.096218493,2,0
0,0,-0.6453388856,-2.42601933,0,0
0,0,-0.9200293715,-2.746904859,0,0
0,0,-1.258205003,-3.381756313,0,-1
1,1,-1.706532598,-4.483275953
0,0,0,0,1,0
0,0,-0.001379008376,-0.01379008376,2,0
0,0,-0.1028474848,-1.014684764,0,0
0,0,-0.1171133835,-0.1426589866,2,0
0,0,-0.2273675154,-1.102541319,2,0
0,0,-0.4742001899,-2.468326746,1,0
0,0,-0.7943131926,-3.201130027,2,0
0,0,-1.284259908,-4.899467158,2,-1
1,1,-1.931082784,-6.468228753
0,0,0,0,2,0
0,0,-0.07759657292,-0.7759657292,0,0
0,0,-0.08717398766,-0.09577414732,1,0
0,0,-0.09472269588,-0.0754870822,1,0
0,0,-0.1147905648,-0.200678689,1,0
0,0,-0.1672654043,-0.5247483953,1,0
0,0,-0.2381997845,-0.7093438016,0,0
0,0,-0.2756427471,-0.3744296261,1,0
0,0,-0.3477175618,-0.7207481472,0,0
0,0,-0.3937345383,-0.4601697647,1,0
0,0,-0.4961691594,-1.024346212,0,0
0,0,-0.599246579,-1.030774196,0,0
0,0,-0.7131825643,-1.139359853,1,0
0,0,-0.9436309553,-2.30448391,1,0
0,0,-1.287946379,-3.443154236,0,-1
1,1,-1.749130012,-4.611836329
0,0,0,0,2,0
0,0,-0.09451139487,-0.9451139487,2,0
0,0,-0.2956722597,-2.011608648,1,0
0,0,-0.5481568423,-2.524845826,0,0
0,0,-0.7989962415,-2.508393991,2,0
0,0,-1.224721721,-4.257254797,0,-1
1,1,-1.761215715,-5.364939937
0,0,0,0,0,0
0,0,0.0869546316,0.869546316,2,0
0,0,0.08865538186,0.01700750264,0,0
0,0,0.176796148,0.8814076612,1,0
0,0,0.3059574914,1.291613434,1,0
0,0,0.4693488303,1.633913389,0,0
0,0,0.7803741377,3.110253074,2,0
0,0,1.13494934,3.545752025,2,-1
1,1,1.589478067,4.545287271
0,0,0,0,1,0
0,0,0.002246244751,0.02246244751,0,0
0,0,0.08346436168,0.8121811693,2,0
0,0,0.1012061322,0.1774177051,0,0
0,0,0.2236243013,1.224181691,2,0
0,0,0.3073302426,0.8370594132,2,0
0,0,0.3578480806,0.5051783796,2,0
0,0,0.3777475193,0.1989943866,1,0
0,0,0.4737110672,0.9596354794,1,0
0,0,0.6420487883,1.683377211,1,0
0,0,0.9184128615,2.763640733,1,0
0,0,1.316078036,3.97665175,1,-1
1,1,1.851974988,5.358969515
0,0,0,0,2,0
0,0,-0.07430372926,-0.7430372926,0,0
0,0,-0.06088584178,0.1341788748,2,0
0,0,-0.1351917346,-0.7430589281,2,0
0,0,-0.3269071175,-1.917153829,2,0
0,0,-0.6567669732,-3.298598557,2,0
0,0,-1.149459499,-4.92692526,1,-1
1,1,-1.765109005,-6.156495056
0,0,0,0,2,0
0,0,-0.1029687191,-1.029687191,0,0
0,0,-0.1475191829,-0.4455046381,1,0
0,0,-0.2242116623,-0.766924794,0,0
0,0,-0.2447783085,-0.2056664624,2,0
0,0,-0.3885519291,-1.437736205,1,0
0,0,-0.5847686001,-1.96216671,1,0
0,0,-0.8693328837,-2.845642836,1,0
0,0,-1.26512035,-3.957874659,2,-1
1,1,-1.820347878,-5.552275285
0,0,0,0,2,0
0,0,-0.09767940316,-0.9767940316,2,0
0,0,-0.3147794842,-2.171000811,1,0
0,0,-0.5781860366,-2.634065524,2,0
0,0,-0.9951343457,-4.16948309,2,0
0,0,-1.569703651,-5.745693049,0,-1
1,1,-2.291141338,-7.21437687
0,0,0,0,1,0
0,0,0.0113924201,0.113924201,1,0
0,0,0.02092756131,0.09535141212,0,0
0,0,0.1340214595,1.130938982,0,0
0,0,0.3523135322,2.182920727,0,0
0,0,0.7149608094,3.626472772,2,0
0,0,1.117017017,4.020562072,1,-1
1,1,1.642234643,5.252176269
0,0,0,0,2,0
0,0,-0.09971836591,-0.9971836591,0,0
0,0,-0.1247202076,-0.2500184172,2,0
0,0,-0.2559227497,-1.312025421,1,0
0,0,-0.4429422686,-1.870195189,0,0
0,0,-0.6341519932,-1.912097246,2,0
0,0,-0.9891234499,-3.549714566,0,0
0,0,-1.428454738,-4.393312884,2,-1
1,1,-2.01910601,-5.90651272
0,0,0,0,1,0
0,0,0.01502535087,0.1502535087,1,0
0,0,0.03871271724,0.2368736636,1,0
0,0,0.08466268625,0.4594996901,0,0
0,0,0.2252116223,1.405489361,1,0
0,0,0.4172948116,1.920831893,0,0
0,0,0.740311653,3.230168414,2,0
0,0,1.092442051,3.521303983,1,-1
1,1,1.572638059,4.801960073
0,0,0,0,2,0
0,0,-0.07502747975,-0.7502747975,2,0
0,0,-0.2606622925,-1.856348127,0,0
0,0,-0.3962418009,-1.355795084,0,0
0,0,-0.5085143783,-1.122725774,1,0
0,0,-0.70734134,-1.988269617,0,0
0,0,-0.9391995602,-2.318582203,0,0
0,0,-1.253125347,-3.139257868,2,-1
1,1,-1.724295151,-4.711698041
0,0,0,0,2,0
0,0,-0.07216743752,-0.7216743752,0,0
0,0,-0.05574866855,0.1641876897,2,0
0,0,-0.1363703419,-0.8062167334,1,0
0,0,-0.22606402,-0.8969367808,0,0
0,0,-0.2752571802,-0.4919316022,1,0
0,0,-0.3678413489,-0.9258416875,2,0
0,0,-0.6121715709,-2.443302219,2,0
0,0,-1.024975781,-4.128042097,1,0
0,0,-1.552236186,-5.272604057,0,-1
1,1,-2.224589037,-6.723528509
0,0,0,0,1,0
0,0,0.008590361727,0.08590361727,1,0
0,0,0.004974047407,-0.0361631432,2,0
0,0,-0.07525430298,-0.8022835039,1,0
0,0,-0.17544153,-1.00187227,1,0
0,0,-0.2940562991,-1.186147691,0,0
0,0,-0.372816075,-0.7875977593,0,0
0,0,-0.4323312803,-0.595152053,1,0
0,0,-0.5583853223,-1.260540419,2,0
0,0,-0.8537045089,-2.953191867,0,0
0,0,-1.217063502,-3.633589927,0,-1
1,1,-1.688028761,-4.70965259
0,0,0,0,0,0
0,0,0.07950320715,0.7950320715,0,0
0,0,0.251355884,1.718526769,1,0
0,0,0.4785385331,2.27182649,1,0
0,0,0.7681822634,2.896437304,1,0
0,0,1.159331868,3.911496049,2,-1
1,1,1.649490006,4.901581373
0,0,0,0,1,0
0,0,-0.002376633959,-0.02376633959,0,0
0,0,0.07500085678,0.7737749074,1,0
0,0,0.1631110241,0.881101673,1,0
0,0,0.2808303839,1.177193598,2,0
0,0,0.3746487066,0.9381832265,1,0
0,0,0.5448349211,1.701862145,0,0
0,0,0.8830092497,3.381743286,0,0
0,0,1.373927386,4.909181361,0,-1
1,1,2.016684993,6.427576073
0,0,0,0,2,0
0,0,-0.09698341895,-0.9698341895,2,0
0,0,-0.3055646655,-2.085812466,1,0
0,0,-0.5639232327,-2.583585672,0,0
0,0,-0.8249764673,-2.610532346,2,0
0,0,-1.247141069,-4.221646013,0,-1
1,1,-1.781484896,-5.34343827
0,0,0,0,2,0
0,0,-0.09250677299,-0.9250677299,0,0
0,0,-0.129349055,-0.3684228205,0,0
0,0,-0.1067847197,0.2256433536,2,0
0,0,-0.2049229486,-0.9813822895,0,0
0,0,-0.2472461887,-0.4232324007,1,0
0,0,-0.3427299553,-0.9548376663,0,0
0,0,-0.4122646593,-0.6953470398,2,0
0,0,-0.6195389817,-2.072743224,1,0
0,0,-0.9292637534,-3.097247718,0,0
0,0,-1.313034546,-3.837707922,2,-1
1,1,-1.853230544,-5.40195998
0,0,0,0,1,0
0,0,0.00245963379,0.0245963379,2,0
0,0,-0.06556973405,-0.6802936784,1,0
0,0,-0.1495476676,-0.8397793357,2,0
0,0,-0.3307293607,-1.811816931,0,0
0,0,-0.4948085357,-1.64079175,2,0
0,0,-0.7975188609,-3.027103251,1,0
0,0,-1.202488377,-4.049695165,1,-1
1,1,-1.733419925,-5.309315479
0,0,0,0,1,0
0,0,-0.001639722146,-0.01639722146,0,0
0,0,0.08389622659,0.8553594874,0,0
0,0,0.2623978086,1.78501582,1,0
0,0,0.4938049583,2.314071498,2,0
0,0,0.7320089355,2.382039771,1,0
0,0,1.073667862,3.41658927,1,0
0,0,1.542346918,4.686790559,2,-1
1,1,2.155237055,6.12890137
0,0,0,0,0,0
0,0,0.1028554557,1.028554557,2,0
0,0,0.1512233691,0.4836791336,1,0
0,0,0.2427470323,0.9152366326,1,0
0,0,0.3790330696,1.362860373,0,0
0,0,0.6509230295,2.718899599,0,0
0,0,1.077887768,4.269647381,1,-1
1,1,1.621874924,5.439871561
0,0,0,0,0,0
0,0,0.105755081,1.05755081,2,0
0,0,0.1545436361,0.4878855514,1,0
0,0,0.233488203,0.7894456689,0,0
0,0,0.446138816,2.12650613,0,0
0,0,0.8141397572,3.680009412,0,0
0,0,1.333270884,5.191311267,0,-1
1,1,2.002439438,6.691685545
0,0,0,0,0,0
0,0,0.07545615029,0.7545615029,2,0
0,0,0.06753859525,-0.07917555034,1,0
0,0,0.08546770522,0.1792910997,2,0
0,0,0.03099668279,-0.5447102243,0,0
0,0,0.0719296007,0.4093291791,1,0
0,0,0.1103049036,0.3837530291,2,0
0,0,0.0628635098,-0.474413938,2,0
0,0,-0.07628871388,-1.391522237,2,0
0,0,-0.312939872,-2.366511582,0,0
0,0,-0.5272481528,-2.143082808,0,0
0,0,-0.7577531219,-2.30504969,1,0
0,0,-1.095111389,-3.373582668,2,-1
1,1,-1.594722748,-4.996113593
0,0,0,0,1,0
0,0,-0.01274911709,-0.1274911709,1,0
0,0,-0.04080086688,-0.2805174979,2,0
0,0,-0.1580974251,-1.172965582,2,0
0,0,-0.377076164,-2.189787389,2,0
0,0,-0.7398977847,-3.628216207,0,0
0,0,-1.133711507,-3.93813722,1,-1
1,1,-1.653211628,-5.195001214
0,0,0,0,1,0
0,0,0.002667770971,0.02667770971,2,0
0,0,-0.09784701229,-1.005147833,2,0
0,0,-0.3107205815,-2.128735692,0,0
0,0,-0.4951302084,-1.844096269,2,0
0,0,-0.8271033163,-3.319731078,0,0
0,0,-1.208913716,-3.818104002,0,-1
1,1,-1.695772521,-4.868588041
0,0,0,0,2,0
0,0,-0.07608036809,-0.7608036809,0,0
0,0,-0.07703914766,-0.009587795765,1,0
0,0,-0.09039133074,-0.1335218308,0,0
0,0,-0.01649343519,0.7389789556,2,0
0,0,-0.03795245627,-0.2145902109,0,0
0,0,0.03830573246,0.7625818874,0,0
0,0,0.1977759546,1.594702222,2,0
0,0,0.301064521,1.032885664,1,0
0,0,0.4528985339,1.51834013,2,0
0,0,0.6082748633,1.553763294,2,0
0,0,0.7864505786,1.781757153,0,0
0,0,1.13291063,3.464600512,2,-1
1,1,1.577817078,4.449064477
0,0,0,0,2,0
0,0,-0.08314050852,-0.8314050852,1,0
0,0,-0.1720639424,-0.8892343384,2,0
0,0,-0.3759217566,-2.038578142,2,0
0,0,-0.7355491539,-3.596273973,0,0
0,0,-1.134678049,-3.991288952,0,-1
1,1,-1.628377697,-4.936996475
0,0,0,0,2,0
0,0,-0.07557027674,-0.7557027674,2,0
0,0,-0.2417522408,-1.661819641,2,0
0,0,-0.5287037414,-2.869515006,2,0
0,0,-0.9741244661,-4.454207247,2,-1
1,1,-1.571624285,-5.974998189
0,0,0,0,1,0
0,0,-0.01518885365,-0.1518885365,0,0
0,0,0.05147945875,0.6666831241,2,0
0,0,0.05354071911,0.02061260359,1,0
0,0,0.07879218241,0.2525146329,2,0
0,0,0.0164723165,-0.6231986591,0,0
0,0,0.04757657404,0.3110425754,2,0
0,0,-0.009709742792,-0.5728631683,2,0
0,0,-0.1636400801,-1.539303373,2,0
0,0,-0.4143814916,-2.507414114,0,0
0,0,-0.6402196157,-2.258381241,0,0
0,0,-0.8996623323,-2.594427166,2,0
0,0,-1.320200064,-4.20537732,1,-1
1,1,-1.878985383,-5.58785319
0,0,0,0,1,0
0,0,0.006424800157,0.06424800157,0,0
0,0,0.08475478283,0.7832998267,1,0
0,0,0.1807528436,0.9599806081,0,0
0,0,0.4101519177,2.29399074,0,0
0,0,0.7909541855,3.808022678,1,0
0,0,1.27232422,4.813700344,1,-1
1,1,1.884264406,6.119401866
0,0,0,0,1,0
0,0,0.007299450092,0.07299450092,0,0
0,0,0.1003987026,0.9309925249,0,0
0,0,0.2864724518,1.860737492,0,0
0,0,0.5984974232,3.120249714,1,0
0,0,0.989474913,3.909774898,1,0
0,0,1.49328071,5.038057967,1,-1
1,1,2.13974526,6.464645505
0,0,0,0,2,0
0,0,-0.08763942614,-0.8763942614,0,0
0,0,-0.08660279105,0.01036635092,2,0
0,0,-0.1859260179,-0.9932322684,0,0
0,0,-0.2430453159,-0.5711929798,1,0
0,0,-0.3497648553,-1.067195394,2,0
0,0,-0.5856111689,-2.358463136,2,0
0,0,-0.9669812992,-3.813701303,1,0
0,0,-1.460336989,-4.933556901,2,-1
1,1,-2.103125649,-6.427886594
0,0,0,0,2,0
0,0,-0.07892772811,-0.7892772811,2,0
0,0,-0.2728117765,-1.938840484,1,0
0,0,-0.514953584,-2.421418075,1,0
0,0,-0.8283706546,-3.134170705,2,0
0,0,-1.307636708,-4.792660531,2,-1
1,1,-1.940142034,-6.32505326
0,0,0,0,1,0
0,0,-0.007981644301,-0.07981644301,0,0
0,0,0.07578426594,0.8376591025,2,0
0,0,0.08504562908,0.09261363131,0,0
0,0,0.1934934365,1.084478074,1,0
0,0,0.3362964045,1.42802968,0,0
0,0,0.6280725586,2.917761541,1,0
0,0,0.9994551961,3.713826375,1,0
0,0,1.483634956,4.841797597,1,-1
1,1,2.110442616,6.2680766
0,0,0,0,2,0
0,0,-0.08873309279,-0.8873309279,2,0
0,0,-0.2638329708,-1.75099878,0,0
0,0,-0.4007165622,-1.368835914,0,0
0,0,-0.5224156224,-1.216990603,0,0
0,0,-0.6452153262,-1.227997038,1,0
0,0,-0.8696108698,-2.243955435,0,0
0,0,-1.159520695,-2.899098253,2,-1
1,1,-1.608259516,-4.487388214
0,0,0,0,0,0
0,0,0.09785370141,0.9785370141,0,0
0,0,0.2998145416,2.019608402,0,0
0,0,0.6340283918,3.342138502,0,0
0,0,1.132290231,4.98261839,1,-1
1,1,1.747280595,6.149903642
0,0,0,0,1,0
0,0,0.01029708192,0.1029708192,1,0
0,0,0.03604815739,0.2575107547,0,0
0,0,0.170551063,1.345029056,1,0
0,0,0.3461790853,1.756280224,2,0
0,0,0.4917734317,1.455943464,0,0
0,0,0.7883296025,2.965561708,2,0
0,0,1.141061333,3.527317304,2,-1
1,1,1.592866382,4.518050492
0,0,0,0,2,0
0,0,-0.08290569492,-0.8290569492,0,0
0,0,-0.1083861189,-0.2548042395,1,0
0,0,-0.1396036462,-0.312175273,0,0
0,0,-0.1218753322,0.1772831401,1,0
0,0,-0.1232181562,-0.01342824021,0,0
0,0,-0.06154691158,0.6167124461,2,0
0,0,-0.1021322199,-0.4058530832,2,0
0,0,-0.2617532131,-1.596209932,1,0
0,0,-0.4531276606,-1.913744475,0,0
0,0,-0.6317284405,-1.786007799,2,0
0,0,-0.979057109,-3.473286684,2,0
0,0,-1.493260715,-5.142036061,0,-1
1,1,-2.145060065,-6.517993495
0,0,0,0,2,0
0,0,-0.09421432813,-0.9421432813,2,0
0,0,-0.2768860503,-1.826717222,2,0
0,0,-0.5766978055,-2.998117552,2,0
0,0,-1.039156471,-4.624586652,2,-1
1,1,-1.656636071,-6.174796
0,0,0,0,0,0
0,0,0.07347180821,0.7347180821,0,0
0,0,0.2642756241,1.908038159,1,0
0,0,0.508128544,2.438529199,0,0
0,0,0.9037823122,3.956537682,1,0
0,0,1.402085777,4.983034653,2,-1
1,1,2.024608134,6.22522357
0,0,0,0,2,0
0,0,-0.07182961716,-0.7182961716,2,0
0,0,-0.2272904171,-1.554608,0,0
0,0,-0.3207601729,-0.9346975581,1,0
0,0,-0.451191589,-1.304314161,1,0
0,0,-0.6663105102,-2.151189212,2,0
0,0,-1.040443943,-3.741334333,1,0
0,0,-1.537691474,-4.972475302,2,-1
1,1,-2.182716732,-6.450252583
0,0,0,0,1,0
0,0,0.01266519447,0.1266519447,1,0
0,0,0.02443384763,0.1176865316,2,0
0,0,-0.06416421552,-0.8859806315,0,0
0,0,-0.07580334505,-0.1163912954,1,0
0,0,-0.1010887113,-0.2528536622,2,0
0,0,-0.2259423489,-1.248536376,2,0
0,0,-0.4852537131,-2.593113642,2,0
0,0,-0.8802385316,-3.949848186,1,0
0,0,-1.381710873,-5.014723411,1,-1
1,1,-2.01970633,-6.379954573
0,0,0,0,1,0
0,0,-0.001911434376,-0.01911434376,0,0
0,0,0.07825656037,0.8016799474,0,0
0,0,0.2545474815,1.762909212,0,0
0,0,0.5425646045,2.88017123,1,0
0,0,0.9005148426,3.579502381,1,0
0,0,1.363625638,4.631107958,1,-1
1,1,1.962093106,5.984674679
0,0,0,0,2,0
0,0,-0.07720956637,-0.7720956637,2,0
0,0,-0.2521802023,-1.749706359,1,0
0,0,-0.4776370658,-2.254568636,2,0
0,0,-0.8642909464,-3.866538805,1,0
0,0,-1.362652316,-4.983613699,2,-1
1,1,-2.012050589,-6.49398273
0,0,0,0,2,0
0,0,-0.09120992302,-0.9120992302,2,0
0,0,-0.2769004021,-1.856904791,1,0
0,0,-0.5008790534,-2.239786513,2,0
0,0,-0.8676178143,-3.667387609,0,0
0,0,-1.293989611,-4.263717968,1,-1
1,1,-1.855970383,-5.619807721
0,0,0,0,1,0
0,0,-0.008093517285,-0.08093517285,1,0
0,0,-0.01424210397,-0.06148586682,1,0
0,0,-0.01435152868,-0.001094247167,2,0
0,0,-0.1019238706,-0.8757234189,2,0
0,0,-0.2890612443,-1.871373737,1,0
0,0,-0.5358799586,-2.468187143,2,0
0,0,-0.9464016438,-4.105216851,1,0
0,0,-1.477209851,-5.308082068,0,-1
1,1,-2.143428833,-6.662189826
0,0,0,0,0,0
0,0,0.07357056615,0.7357056615,2,0
0,0,0.06476903891,-0.08801527241,0,0
0,0,0.1723736481,1.076046091,0,0
0,0,0.3978908623,2.255172142,0,0
0,0,0.7659963278,3.681054655,2,0
0,0,1.181863065,4.158667369,2,-1
1,1,1.697820038,5.159569732
0,0,0,0,0,0
0,0,0.09906733951,0.9906733951,1,0
0,0,0.2267791219,1.277117824,1,0
0,0,0.3886520229,1.61872901,0,0
0,0,0.6957264557,3.070744327,2,0
0,0,1.043957198,3.482307422,1,0
0,0,1.516985264,4.730280658,0,-1
1,1,2.139096846,6.221115827
0,0,0,0,0,0
0,0,0.08617682276,0.8617682276,2,0
0,0,0.08526374059,-0.009130821729,1,0
0,0,0.08209132781,-0.03172412781,2,0
0,0,0.005334467491,-0.7675686031,1,0
0,0,-0.07388688687,-0.7922135436,0,0
0,0,-0.09130766073,-0.1742077386,0,0
0,0,-0.02883070898,0.6247695175,2,0
0,0,-0.06678112381,-0.3795041483,1,0
0,0,-0.1331608408,-0.6637971696,1,0
0,0,-0.2111433336,-0.7798249283,1,0
0,0,-0.3273810811,-1.162377475,1,0
0,0,-0.5072420189,-1.798609378,0,0
0,0,-0.6875655895,-1.803235706,2,0
0,0,-1.038138137,-3.505725475,0,0
0,0,-1.475047272,-4.369091354,0,-1
1,1,-2.049582297,-5.745350247
0,0,0,0,2,0
0,0,-0.07909593198,-0.7909593198,1,0
0,0,-0.1889033689,-1.09807437,1,0
0,0,-0.3423184961,-1.534151272,1,0
0,0,-0.5390562183,-1.967377222,0,0
0,0,-0.7509309049,-2.118746866,1,0
0,0,-1.074994246,-3.240633416,0,0
0,0,-1.487934211,-4.129399648,2,-1
1,1,-2.050681211,-5.627469996
0,0,0,0,2,0
0,0,-0.08025632873,-0.8025632873,1,0
0,0,-0.1795302525,-0.9927392378,0,0
0,0,-0.2101935799,-0.306633274,1,0
0,0,-0.2929269373,-0.8273335743,0,0
0,0,-0.3559319833,-0.6300504599,0,0
0,0,-0.3832047026,-0.2727271926,1,0
0,0,-0.4628560287,-0.796513261,0,0
0,0,-0.5485511973,-0.856951686,2,0
0,0,-0.791172525,-2.426213277,2,0
0,0,-1.209966278,-4.187937527,2,-1
1,1,-1.784939581,-5.749733036
0,0,0,0,1,0
0,0,-0.007836578714,-0.07836578714,0,0
0,0,0.07762830889,0.854648876,2,0
0,0,0.0936649918,0.1603668292,1,0
0,0,0.1117152435,0.1805025165,2,0
0,0,0.05754863693,-0.5416660652,2,0
0,0,-0.08986378441,-1.474124213,2,0
0,0,-0.3505179765,-2.606541921,1,0
0,0,-0.6796228743,-3.291048978,1,0
0,0,-1.110023911,-4.304010365,2,-1
1,1,-1.699255036,-5.892311247
0,0,0,0,1,0
0,0,0.01434952835,0.1434952835,2,0
0,0,-0.04978191849,-0.6413144684,0,0
0,0,-0.04216580771,0.07616110778,0,0
0,0,0.04859483531,0.9076064302,2,0
0,0,0.07603020367,0.2743536836,2,0
0,0,0.02714045276,-0.4888975091,2,0
0,0,-0.09247414039,-1.196145931,1,0
0,0,-0.2424485408,-1.499744004,1,0
0,0,-0.4262865857,-1.838380449,2,0
0,0,-0.7621096152,-3.358230295,1,0
0,0,-1.189265154,-4.271555387,0,-1
1,1,-1.713169656,-5.239045019
0,0,0,0,2,0
0,0,-0.1002517962,-1.002517962,2,0
0,0,-0.3220979565,-2.218461603,0,0
0,0,-0.4969950564,-1.748970999,2,0
0,0,-0.8341270785,-3.371320221,0,0
0,0,-1.232237931,-3.981108525,2,-1
1,1,-1.784526196,-5.522882654
0,0,0,0,0,0
0,0,0.08524417011,0.8524417011,2,0
0,0,0.08744205912,0.0219788901,2,0
0,0,0.02801472586,-0.5942733326,0,0
0,0,0.05051961406,0.225048882,2,0
0,0,0.008708956037,-0.4181065802,0,0
0,0,0.06786732992,0.5915837389,2,0
0,0,0.04687422519,-0.2099310474,1,0
0,0,0.04007543058,-0.06798794607,0,0
0,0,0.136652312,0.9657688146,2,0
0,0,0.171143858,0.34491546,0,0
0,0,0.3369079456,1.657640876,1,0
0,0,0.5474225377,2.105145921,2,0
0,0,0.7670970473,2.196745096,1,0
0,0,1.103420743,3.363236961,1,0
0,0,1.565841379,4.624206352,2,-1
1,1,2.174769101,6.089277229
0,0,0,0,2,0
0,0,-0.07259527677,-0.7259527677,1,0
0,0,-0.1654022988,-0.9280702203,1,0
0,0,-0.2880095568,-1.22607258,1,0
0,0,-0.4690551838,-1.810456269,0,0
0,0,-0.6362994762,-1.672442924,1,0
0,0,-0.8940651196,-2.577656434,0,0
0,0,-1.22422112,-3.301559999,2,-1
1,1,-1.7182092,-4.93988081
0,0,0,0,2,0
0,0,-0.09982793686,-0.9982793686,0,0
0,0,-0.1342023855,-0.3437444866,2,0
0,0,-0.2673555721,-1.331531866,0,0
0,0,-0.3760623684,-1.087067963,0,0
0,0,-0.4527051159,-0.7664274754,1,0
0,0,-0.5999025582,-1.471974423,2,0
0,0,-0.8949158072,-2.95013249,1,0
0,0,-1.30168009,-4.06764283,1,-1
1,1,-1.848913039,-5.472329484
0,0,0,0,2,0
0,0,-0.09072481975,-0.9072481975,2,0
0,0,-0.3003730724,-2.096482527,0,0
0,0,-0.4631544768,-1.627814044,2,0
0,0,-0.7901528106,-3.269983337,1,0
0,0,-1.219187025,-4.290342144,1,-1
1,1,-1.783105416,-5.639183915
0,0,0,0,0,0
0,0,0.07066169398,0.7066169398,0,0
0,0,0.2239811284,1.533194344,1,0
0,0,0.4024947141,1.785135856,1,0
0,0,0.6407777492,2.382830352,1,0
0,0,0.9615971415,3.208193922,1,0
0,0,1.406700085,4.451029434,1,-1
1,1,1.994906996,5.882069111
0,0,0,0,0,0
0,0,0.09178865195,0.9178865195,2,0
0,0,0.1143439683,0.2255531639,2,0
0,0,0.08199189934,-0.32352069,0,0
0,0,0.153150604,0.7115870467,2,0
0,0,0.1491626566,-0.03987947463,1,0
0,0,0.1756549712,0.2649231468,2,0
0,0,0.1490735147,-0.2658145658,1,0
0,0,0.1475064678,-0.01567046831,2,0
0,0,0.09921349473,-0.4829297309,2,0
0,0,-0.002770698594,-1.019841933,1,0
0,0,-0.09502171167,-0.9225101307,0,0
0,0,-0.1123313853,-0.1730967361,1,0
0,0,-0.142613812,-0.3028242673,2,0
0,0,-0.2754222431,-1.328084311,1,0
0,0,-0.4567658219,-1.813435788,0,0
0,0,-0.6277689991,-1.710031772,0,0
0,0,-0.8269011257,-1.991321266,2,0
0,0,-1.192509188,-3.656080623,1,-1
1,1,-1.687444524,-4.949353365
0,0,0,0,1,0
0,0,-0.009656559118,-0.09656559118,0,0
0,0,0.05769877499,0.6735533411,0,0
0,0,0.2069416314,1.492428564,2,0
0,0,0.3181626906,1.112210592,2,0
0,0,0.3929492911,0.7478660054,1,0
0,0,0.5181791008,1.252298096,0,0
0,0,0.7968012813,2.786221805,1,0
0,0,1.177950791,3.811495096,2,-1
1,1,1.658064454,4.80113663
0,0,0,0,2,0
0,0,-0.0772705368,-0.772705368,2,0
0,0,-0.2526255902,-1.753550534,2,0
0,0,-0.5561216768,-3.034960866,1,0
0,0,-0.9481231731,-3.920014962,1,0
0,0,-1.460700988,-5.125778146,0,-1
1,1,-2.106344181,-6.45643193
0,0,0,0,0,0
0,0,0.09386229269,0.9386229269,0,0
0,0,0.3032364967,2.09374204,1,0
0,0,0.5451270566,2.418905599,2,0
0,0,0.7826650051,2.375379486,2,0
0,0,1.062367433,2.797024275,2,0
0,0,1.435938447,3.735710146,0,-1
1,1,1.962727414,5.26788967
0,0,0,0,2,0
0,0,-0.0710223611,-0.710223611,1,0
0,0,-0.150363985,-0.7934162394,1,0
0,0,-0.2675186999,-1.171547148,1,0
0,0,-0.4411280658,-1.736093659,0,0
0,0,-0.6005824191,-1.594543533,1,0
0,0,-0.8462186342,-2.456362151,2,0
0,0,-1.249832307,-4.036136726,0,-1
1,1,-1.765682919,-5.158506118
0,0,0,0,1,0
0,0,-0.006789378868,-0.06789378868,1,0
0,0,-0.005048602915,0.01740775953,1,0
0,0,-0.01881213159,-0.1376352867,0,0
0,0,0.05154117554,0.7035330713,0,0
0,0,0.2234056498,1.718644743,0,0
0,0,0.5269503012,3.035446514,1,0
0,0,0.9020031063,3.75052805,0,0
0,0,1.428831656,5.268285495,0,-1
1,1,2.105980032,6.771483759
0,0,0,0,0,0
0,0,0.1016489554,1.016489554,0,0
0,0,0.3235930133,2.219440579,0,0
0,0,0.6645995241,3.410065108,2,0
0,0,1.03672636,3.721268364,1,0
0,0,1.536073809,4.993474482,1,-1
1,1,2.181032887,6.449590787
0,0,0,0,0,0
0,0,0.09931679174,0.9931679174,2,0
0,0,0.1310161843,0.3169939258,1,0
0,0,0.2007501064,0.6973392205,2,0
0,0,0.2108506831,0.1010057673,1,0
0,0,0.2717935484,0.6094286534,0,0
0,0,0.4605823171,1.887887687,0,0
0,0,0.8055833983,3.450010812,1,0
0,0,1.262128771,4.565453729,0,-1
1,1,1.871949797,6.098210254
0,0,0,0,1,0
0,0,0.009817676191,0.09817676191,0,0
0,0,0.1151917468,1.053740706,0,0
0,0,0.3324708097,2.172790629,1,0
0,0,0.6157118334,2.832410237,2,0
0,0,0.9296701544,3.13958321,0,0
0,0,1.409842908,4.80172754,2,-1
1,1,2.01754596,6.077030518
0,0,0,0,2,0
0,0,-0.08835128041,-0.8835128041,0,0
0,0,-0.09242190071,-0.040706203,0,0
0,0,-0.02366639095,0.6875550976,2,0
0,0,-0.04942443031,-0.2575803936,0,0
0,0,0.01146680711,0.6089123742,0,0
0,0,0.1645857943,1.531189872,1,0
0,0,0.3384571378,1.738713435,1,0
0,0,0.5702016171,2.317444794,0,0
0,0,0.9614190074,3.912173903,0,0
0,0,1.511906112,5.504871044,0,-1
1,1,2.210212464,6.983063518
0,0,0,0,1,0
0,0,0.009686858493,0.09686858493,2,0
0,0,-0.0557310317,-0.6541789019,2,0
0,0,-0.2278801376,-1.721491059,2,0
0,0,-0.5272374181,-2.993572805,2,0
0,0,-0.9715749639,-4.443375458,2,-1
1,1,-1.573483414,-6.019084502
0,0,0,0,2,0
0,0,-0.08317816924,-0.8317816924,2,0
0,0,-0.2790382531,-1.958600839,0,0
0,0,-0.4436263353,-1.645880822,2,0
0,0,-0.7563105485,-3.126842132,2,0
0,0,-1.226227232,-4.699166832,2,-1
1,1,-1.84821335,-6.219861187
0,0,0,0,2,0
0,0,-0.07926415319,-0.7926415319,0,0
0,0,-0.09451588384,-0.1525173065,1,0
0,0,-0.1236900381,-0.2917415423,2,0
0,0,-0.2713095896,-1.476195516,1,0
0,0,-0.4770860577,-2.057764681,2,0
0,0,-0.8263213971,-3.492353394,0,0
0,0,-1.229574119,-4.032527222,1,-1
1,1,-1.763471275,-5.338971556
0,0,0,0,1,0
0,0,0.008074580793,0.08074580793,0,0
0,0,0.1192230873,1.111485065,0,0
0,0,0.3475036999,2.282806125,2,0
0,0,0.5411321215,1.936284217,1,0
0,0,0.8133098697,2.721777482,0,0
0,0,1.248482003,4.351721332,2,-1
1,1,1.787782573,5.393005699
0,0,0,0,1,0
0,0,-0.002537560275,-0.02537560275,2,0
0,0,-0.07981865129,-0.7728109101,0,0
0,0,-0.08334201812,-0.03523366831,1,0
0,0,-0.09225977651,-0.08917758386,2,0
0,0,-0.1900900684,-0.9783029186,1,0
0,0,-0.3170003095,-1.269102411,1,0
0,0,-0.4831365144,-1.661362049,2,0
0,0,-0.7896746248,-3.065381104,2,0
0,0,-1.262413401,-4.727387767,0,-1
1,1,-1.84391356,-5.815001587
0,0,0,0,2,0
0,0,-0.07629438325,-0.7629438325,0,0
0,0,-0.09341752261,-0.1712313937,2,0
0,0,-0.2083255439,-1.149080213,0,0
0,0,-0.2641540198,-0.5582847588,2,0
0,0,-0.461537922,-1.973839022,2,0
0,0,-0.7919504337,-3.304125118,0,0
0,0,-1.164306275,-3.723558416,2,-1
1,1,-1.69592768,-5.316214042
0,0,0,0,2,0
0,0,-0.09443976392,-0.9443976392,0,0
0,0,-0.1299595149,-0.3551975096,0,0
0,0,-0.09122385824,0.3873565664,1,0
0,0,-0.07815707611,0.1306678213,1,0
0,0,-0.08904641365,-0.1088933754,0,0
0,0,-0.01109517342,0.7795124022,0,0
0,0,0.1556163214,1.667114948,0,0
0,0,0.4246324566,2.690161352,2,0
0,0,0.6729623381,2.483298815,1,0
0,0,1.019981698,3.470193601,2,0
0,0,1.455090592,4.351088936,0,-1
1,1,2.042388033,5.872974413
0,0,0,0,2,0
0,0,-0.08882374665,-0.8882374665,2,0
0,0,-0.2720537266,-1.8322998,2,0
0,0,-0.5960922849,-3.240385583,0,0
0,0,-0.9385232675,-3.424309826,1,0
0,0,-1.397356053,-4.588327856,2,-1
1,1,-2.008418768,-6.110627148
0,0,0,0,0,0
0,0,0.08921248025,0.8921248025,0,0
0,0,0.2647620814,1.755496012,1,0
0,0,0.4951701587,2.304080773,2,0
0,0,0.7182646912,2.230945325,0,0
0,0,1.103793274,3.855285833,1,-1
1,1,1.609242823,5.054495484
0,0,0,0,1,0
0,0,0.00360595353,0.0360595353,2,0
0,0,-0.0917034671,-0.9530942063,1,0
0,0,-0.2124204271,-1.207169601,1,0
0,0,-0.3853092515,-1.728888243,2,0
0,0,-0.698007643,-3.126983916,2,0
0,0,-1.162439353,-4.644317096,0,-1
1,1,-1.71834206,-5.55902707
0,0,0,0,0,0
0,0,0.08250637188,0.8250637188,1,0
0,0,0.1829908336,1.004844617,2,0
0,0,0.2166481453,0.3365731176,0,0
0,0,0.3839081055,1.672599602,1,0
0,0,0.5982582665,2.143501609,0,0
0,0,0.9816285999,3.833703335,1,0
0,0,1.490182911,5.085543112,0,-1
1,1,2.148084419,6.579015082
0,0,0,0,1,0
0,0,0.006079330676,0.06079330676,0,0
0,0,0.114001885,1.079225543,2,0
0,0,0.1699957329,0.559938479,2,0
0,0,0.1580666525,-0.1192908044,1,0
0,0,0.1728610686,0.1479441617,1,0
0,0,0.2175246708,0.4466360213,1,0
0,0,0.3079165353,0.9039186452,0,0
0,0,0.5274403783,2.19523843,0,0
0,0,0.8935507085,3.661103302,0,0
0,0,1.41317416,5.196234512,1,-1
1,1,2.070085887,6.569117277
0,0,0,0,0,0
0,0,0.1034785449,1.034785449,2,0
0,0,0.1207429946,0.172644497,0,0
0,0,0.2325209479,1.117779533,1,0
0,0,0.3856497016,1.531287537,0,0
0,0,0.6848943179,2.992446163,1,0
0,0,1.075537129,3.906428113,0,-1
1,1,1.627439361,5.519022319
0,0,0,0,1,0
0,0,0.01293209077,0.1293209077,2,0
0,0,-0.07462028676,-0.8755237753,0,0
0,0,-0.1005770797,-0.2595679292,1,0
0,0,-0.1358832863,-0.3530620666,0,0
0,0,-0.1051254705,0.3075781584,2,0
0,0,-0.1796501364,-0.7452466591,0,0
0,0,-0.1939495818,-0.1429944538,1,0
0,0,-0.2348628084,-0.4091322663,1,0
0,0,-0.3086223602,-0.7375955183,0,0
0,0,-0.3432965851,-0.3467422487,0,0
0,0,-0.3461051906,-0.02808605534,2,0
0,0,-0.4822445661,-1.361393755,0,0
0,0,-0.615278424,-1.330338579,2,0
0,0,-0.9213221277,-3.060437037,1,0
0,0,-1.345606199,-4.242840718,2,-1
1,1,-1.92658865,-5.809824502
0,0,0,0,2,0
0,0,-0.09546742575,-0.9546742575,2,0
0,0,-0.298794044,-2.033266183,1,0
0,0,-0.5630148344,-2.642207904,0,0
0,0,-0.8494898216,-2.864749873,2,0
0,0,-1.310155475,-4.606656536,2,-1
1,1,-1.92287884,-6.127233645
0,0,0,0,0,0
0,0,0.1044983903,1.044983903,2,0
0,0,0.1529100102,0.4841161983,1,0
0,0,0.2199383623,0.6702835208,1,0
0,0,0.3180417117,0.9810334946,0,0
0,0,0.5383247172,2.202830055,2,0
0,0,0.7751874927,2.368627756,1,0
0,0,1.11368171,3.38494217,1,-1
1,1,1.584741377,4.710596677
0,0,0,0,0,0
0,0,0.08289370186,0.8289370186,1,0
0,0,0.1680343321,0.8514063027,2,0
0,0,0.1923982568,0.2436392471,0,0
0,0,0.3510628703,1.586646135,0,0
0,0,0.6611372897,3.100744193,1,0
0,0,1.069358959,4.082216691,2,0
0,0,1.564411161,4.95052202,1,-1
1,1,2.206167018,6.41755857
0,0,0,0,1,0
0,0,-0.01153700752,-0.1153700752,2,0
0,0,-0.1001857424,-0.8864873483,1,0
0,0,-0.1897283142,-0.8954257187,2,0
0,0,-0.3963276763,-2.065993621,0,0
0,0,-0.591670095,-1.953424187,2,0
0,0,-0.9579361569,-3.662660619,0,0
0,0,-1.391615186,-4.336790294,2,-1
1,1,-1.978140644,-5.865254574
0,0,0,0,1,0
0,0,-0.01686647509,-0.1686647509,1,0
0,0,-0.05041946127,-0.3355298617,2,0
0,0,-0.1952103621,-1.447909009,1,0
0,0,-0.3673501679,-1.721398058,0,0
0,0,-0.5186823854,-1.513322175,2,0
0,0,-0.8380416353,-3.193592499,2,0
0,0,-1.328751701,-4.907100661,2,-1
1,1,-1.97450153,-6.45749829
0,0,0,0,1,0
0,0,-0.01120630489,-0.1120630489,2,0
0,0,-0.1137934043,-1.025870994,0,0
0,0,-0.1397808431,-0.2598743885,0,0
0,0,-0.1179146048,0.2186623831,0,0
0,0,-0.01561255903,1.023020458,2,0
0,0,-0.01986390216,-0.04251343123,0,0
0,0,0.04685006757,0.6671396972,2,0
0,0,0.02581006402,-0.2104000355,2,0
0,0,-0.08794113687,-1.137512009,0,0
0,0,-0.1312883587,-0.4334722186,0,0
0,0,-0.1051797558,0.2610860296,0,0
0,0,-0.005903493531,0.9927626224,1,0
0,0,0.09056409057,0.964675841,2,0
0,0,0.1012043748,0.106402842,1,0
0,0,0.1229987889,0.2179441409,1,0
0,0,0.1611065359,0.38107747,2,0
0,0,0.1343921604,-0.2671437542,2,0
0,0,0.05849465929,-0.7589750114,0,0
0,0,0.08313063389,0.246359746,2,0
0,0,0.04402864776,-0.3910198613,0,0
0,0,0.08767102058,0.4364237282,0,0
0,0,0.2205769553,1.329059348,0,0
0,0,0.4852958488,2.647188935,0,0
0,0,0.9077391176,4.224432688,2,0
0,0,1.385790736,4.780516183,0,-1
1,1,2.016552966,6.307622296
0,0,0,0,0,0
0,0,0.08191450019,0.8191450019,0,0
0,0,0.2558087653,1.738942651,0,0
0,0,0.5446470221,2.888382568,0,0
0,0,0.9953904891,4.50743467,0,-1
1,1,1.595682627,6.002921383
0,0,0,0,1,0
0,0,-0.01686807156,-0.1686807156,1,0
0,0,-0.03655994494,-0.1969187338,0,0
0,0,0.02669259307,0.63252538,2,0
0,0,0.02274083767,-0.03951755395,0,0
0,0,0.0952178455,0.7247700783,0,0
0,0,0.266513598,1.712957525,2,0
0,0,0.401200473,1.34686875,2,0
0,0,0.5279236231,1.267231501,2,0
0,0,0.6613793551,1.33455732,2,0
0,0,0.8345692945,1.731899394,1,0
0,0,1.130405999,2.958367041,2,0
0,0,1.530004599,3.995986,0,-1
1,1,2.079169331,5.491647321
0,0,0,0,2,0
0,0,-0.08941132702,-0.8941132702,1,0
0,0,-0.1793434822,-0.8993215515,0,0
0,0,-0.2279978415,-0.4865435934,2,0
0,0,-0.3936678642,-1.656700227,0,0
0,0,-0.5535999032,-1.59932039,2,0
0,0,-0.8607599008,-3.071599976,0,0
0,0,-1.219239282,-3.584793811,0,-1
1,1,-1.683719252,-4.644799701
0,0,0,0,2,0
0,0,-0.0866850713,-0.866850713,0,0
0,0,-0.09686858538,-0.1018351408,2,0
0,0,-0.2002678465,-1.033992611,1,0
0,0,-0.3491809705,-1.489131239,1,0
0,0,-0.56247664,-2.132956695,1,0
0,0,-0.8713795438,-3.089029038,2,0
0,0,-1.349845969,-4.784664255,0,-1
1,1,-1.950165341,-6.003193719
0,0,0,0,2,0
0,0,-0.1049890742,-1.049890742,0,0
0,0,-0.1411338729,-0.3614479874,2,0
0,0,-0.3023022012,-1.611683282,1,0
0,0,-0.509527111,-2.072249099,2,0
0,0,-0.8714577907,-3.619306797,2,0
0,0,-1.385171147,-5.137133565,1,-1
1,1,-2.037069355,-6.518982075
0,0,0,0,2,0
0,0,-0.07469473021,-0.7469473021,0,0
0,0,-0.06486322404,0.09831506165,2,0
0,0,-0.1412068557,-0.7634363163,1,0
0,0,-0.2510557204,-1.098488647,1,0
0,0,-0.3974277068,-1.463719863,1,0
0,0,-0.5950209541,-1.975932474,2,0
0,0,-0.9567722742,-3.617513201,1,0
0,0,-1.427005799,-4.702335245,1,-1
1,1,-2.040547127,-6.135413279
0,0,0,0,0,0
0,0,0.08542021446,0.8542021446,0,0
0,0,0.2614519748,1.760317604,1,0
0,0,0.4775773485,2.161253737,1,0
0,0,0.7521937686,2.746164201,0,0
0,0,1.179666555,4.274727865,0,-1
1,1,1.764172937,5.845063823
0,0,0,0,2,0
0,0,-0.08161287926,-0.8161287926,2,0
0,0,-0.2709682703,-1.89355391,0,0
0,0,-0.416118384,-1.451501138,2,0
0,0,-0.6977667417,-2.816483577,0,0
0,0,-1.004578895,-3.068121536,1,0
0,0,-1.43636609,-4.317871945,1,-1
1,1,-2.011743795,-5.753777055
0,0,0,0,1,0
0,0,0.01144611278,0.1144611278,1,0
0,0,0.03139124087,0.1994512808,1,0
0,0,0.0549169505,0.2352570963,0,0
0,0,0.158980945,1.040639945,2,0
0,0,0.1974019946,0.3842104958,2,0
0,0,0.1840357831,-0.1336621151,2,0
0,0,0.1224484294,-0.6158735364,2,0
0,0,-0.007287238034,-1.297356675,2,0
0,0,-0.2151161287,-2.078288907,0,0
0,0,-0.37051228,-1.553961513,0,0
0,0,-0.502921955,-1.32409675,0,0
0,0,-0.6251795989,-1.222576439,1,0
0,0,-0.8542988625,-2.291192636,2,0
0,0,-1.258696792,-4.043979295,1,-1
1,1,-1.79437158,-5.35674788
0,0,0,0,1,0
0,0,-0.0130994049,-0.130994049,1,0
0,0,-0.01201644337,0.01082961535,2,0
0,0,-0.1149974495,-1.029810062,2,0
0,0,-0.3140876554,-1.990902059,1,0
0,0,-0.5634280062,-2.493403508,0,0
0,0,-0.818790974,-2.553629678,2,0
0,0,-1.250086611,-4.312956374,0,-1
1,1,-1.785961795,-5.35875184
0,0,0,0,2,0
0,0,-0.09541296064,-0.9541296064,2,0
0,0,-0.3049022798,-2.094893192,2,0
0,0,-0.6359056559,-3.310033761,2,0
0,0,-1.12970768,-4.938020242,1,-1
1,1,-1.745552222,-6.158445418
0,0,0,0,0,0
0,0,0.07984716705,0.7984716705,1,0
0,0,0.1850223365,1.051751695,1,0
0,0,0.330712366,1.456900295,2,0
0,0,0.4423853275,1.116729614,0,0
0,0,0.715626759,2.732414315,0,0
0,0,1.140631991,4.250052324,2,-1
1,1,1.660225582,5.195935905
0,0,0,0,1,0
0,0,-0.01061109347,-0.1061109347,2,0
0,0,-0.1247364492,-1.141253557,2,0
0,0,-0.347812088,-2.230756388,0,0
0,0,-0.5455568994,-1.977448115,2,0
0,0,-0.9031769881,-3.576200886,2,0
0,0,-1.425037663,-5.218606744,2,-1
1,1,-2.095968414,-6.709307512
0,0,0,0,2,0
0,0,-0.08054176838,-0.8054176838,1,0
0,0,-0.1679699337,-0.8742816533,0,0
0,0,-0.203604183,-0.3563424933,0,0
0,0,-0.188501659,0.1510252404,2,0
0,0,-0.303805386,-1.15303727,1,0
0,0,-0.457089683,-1.53284297,0,0
0,0,-0.6134096722,-1.563199892,2,0
0,0,-0.9380088062,-3.24599134,2,0
0,0,-1.435086282,-4.97077476,2,-1
1,1,-2.083827341,-6.487410591
0,0,0,0,0,0
0,0,0.09412763162,0.9412763162,1,0
0,0,0.1885602892,0.9443265756,1,0
0,0,0.3105499201,1.219896309,1,0
0,0,0.4852822168,1.747322967,1,0
0,0,0.7323145625,2.470323457,1,0
0,0,1.073654936,3.413403733,1,0
0,0,1.538465359,4.648104231,1,-1
1,1,2.149420343,6.10954984
0,0,0,0,2,0
0,0,-0.09979927743,-0.9979927743,2,0
0,0,-0.2925695263,-1.927702489,0,0
0,0,-0.4398524947,-1.472829684,2,0
0,0,-0.7348225693,-2.949700746,2,0
0,0,-1.198340618,-4.635180486,0,-1
1,1,-1.767368104,-5.690274864
0,0,0,0,1,0
0,0,-0.007010207403,-0.07010207403,0,0
0,0,0.0758224564,0.828326638,0,0
0,0,0.2663494398,1.905269834,0,0
0,0,0.5882640468,3.21914607,0,0
0,0,1.053658149,4.653941024,1,-1
1,1,1.640169429,5.865112794
0,0,0,0,0,0
0,0,0.08519186919,0.8519186919,0,0
0,0,0.2850893058,1.998974366,2,0
0,0,0.4465641967,1.614748909,2,0
0,0,0.6087234577,1.62159261,0,0
0,0,0.9421957391,3.334722813,0,0
0,0,1.441112479,4.989167397,1,-1
1,1,2.081590507,6.404780281
0,0,0,0,2,0
0,0,-0.08161623583,-0.8161623583,0,0
0,0,-0.08617746775,-0.04561231919,2,0
0,0,-0.2005067433,-1.143292756,0,0
0,0,-0.2618976724,-0.6139092904,1,0
0,0,-0.3581010658,-0.9620339348,2,0
0,0,-0.6041307157,-2.460296499,0,0
0,0,-0.8752921209,-2.711614052,1,0
0,0,-1.255133405,-3.798412842,0,-1
1,1,-1.745065824,-4.89932419
0,0,0,0,1,0
0,0,0.005630592808,0.05630592808,2,0
0,0,-0.07913303105,-0.8476362385,2,0
0,0,-0.259636083,-1.80503052,2,0
0,0,-0.5763654104,-3.167293274,0,0
0,0,-0.9108523092,-3.344868988,2,0
0,0,-1.412686103,-5.018337941,2,-1
1,1,-2.066798551,-6.541124477
0,0,0,0,0,0
0,0,0.07202121513,0.7202121513,1,0
0,0,0.1499506508,0.7792943567,1,0
0,0,0.2681114532,1.181608024,1,0
0,0,0.4155541483,1.474426951,0,0
0,0,0.6924067984,2.768526501,2,0
0,0,0.9987641527,3.063573543,1,0
0,0,1.425510032,4.267458796,2,-1
1,1,1.983437232,5.579271995
0,0,0,0,0,0
0,0,0.07649806613,0.7649806613,0,0
0,0,0.2525246409,1.760265747,2,0
0,0,0.4021800186,1.496553777,0,0
0,0,0.7045498548,3.023698363,2,0
0,0,1.038688071,3.341382164,2,0
0,0,1.452568582,4.138805104,0,-1
1,1,2.017310475,5.647418938
0,0,0,0,1,0
0,0,0.01716771734,0.1716771734,1,0
0,0,0.04952449204,0.323567747,0,0
0,0,0.1770211801,1.274966881,1,0
0,0,0.3417798872,1.647587071,2,0
0,0,0.4918804336,1.501005464,2,0
0,0,0.6314266788,1.395462452,2,0
0,0,0.8017053353,1.702786565,2,0
0,0,1.032154052,2.304487165,2,0
0,0,1.349496845,3.173427933,1,-1
1,1,1.811144325,4.616474797
0,0,0,0,1,0
0,0,-0.01232388137,-0.1232388137,1,0
0,0,-0.01491086279,-0.02586981425,2,0
0,0,-0.09214888932,-0.7723802653,0,0
0,0,-0.09496958543,-0.02820696103,1,0
0,0,-0.1081531656,-0.1318358015,0,0
0,0,-0.04309110856,0.6506205701,0,0
0,0,0.09908919786,1.421803064,0,0
0,0,0.3524231643,2.533339664,2,0
0,0,0.5875332822,2.351101179,1,0
0,0,0.9114350094,3.239017272,0,0
0,0,1.394192375,4.827573656,2,-1
1,1,2.000852876,6.066605005
0,0,0,0,2,0
0,0,-0.09191181288,-0.9191181288,1,0
0,0,-0.1916276985,-0.9971588561,0,0
0,0,-0.2316407244,-0.4001302592,2,0
0,0,-0.4109010866,-1.792603622,1,0
0,0,-0.6551255498,-2.442244631,1,0
0,0,-0.9960804755,-3.409549257,1,0
0,0,-1.460668319,-4.645878433,1,-1
1,1,-2.06818908,-6.075207607
0,0,0,0,0,0
0,0,0.09382982384,0.9382982384,1,0
0,0,0.2066762705,1.128464467,2,0
0,0,0.2704418693,0.637655988,1,0
0,0,0.3662862657,0.9584439643,2,0
0,0,0.4485052654,0.8221899968,0,0
0,0,0.686175502,2.376702366,1,0
0,0,1.022297672,3.3612217,1,0
0,0,1.483715771,4.614180986,1,-1
1,1,2.089844781,6.061290108
0,0,0,0,0,0
0,0,0.07410037132,0.7410037132,1,0
0,0,0.1508422833,0.7674191198,1,0
0,0,0.2405677772,0.8972549387,1,0
0,0,0.3782647761,1.376969989,0,0
0,0,0.656700691,2.784359149,2,0
0,0,0.9512386939,2.945380029,0,0
0,0,1.402267007,4.510283134,1,-1
1,1,1.99178835,5.89521343
0,0,0,0,1,0
0,0,-0.01687401639,-0.1687401639,2,0
0,0,-0.1377315673,-1.208575509,1,0
0,0,-0.2812710336,-1.435394663,1,0
0,0,-0.4834121641,-2.021411305,2,0
0,0,-0.8288027971,-3.45390633,1,0
0,0,-1.282773349,-4.539705516,0,-1
1,1,-1.84587479,-5.631014417
0,0,0,0,0,0
0,0,0.08433850535,0.8433850535,1,0
0,0,0.1842169914,0.9987848607,1,0
0,0,0.310932236,1.267152446,1,0
0,0,0.4995244269,1.885921909,0,0
0,0,0.8361991664,3.366747395,0,0
0,0,1.336481238,5.002820718,2,-1
1,1,1.956472925,6.199916869
0,0,0,0,0,0
0,0,0.0714475336,0.714475336,1,0
0,0,0.1606883871,0.8924085346,2,0
0,0,0.2039361529,0.4324776589,2,0
0,0,0.1968701456,-0.07066007357,0,0
0,0,0.3233822468,1.265121013,0,0
0,0,0.5950796434,2.716973966,0,0
0,0,1.016512863,4.214332193,1,0
0,0,1.548611271,5.32098408,1,-1
1,1,2.226608536,6.779972655
0,0,0,0,1,0
0,0,-0.004890451494,-0.04890451494,2,0
0,0,-0.08851151006,-0.8362105857,2,0
0,0,-0.2825397335,-1.940282234,2,0
0,0,-0.6109973166,-3.284575831,2,0
0,0,-1.092148337,-4.811510208,0,-1
1,1,-1.65490291,-5.627545724
0,0,0,0,2,0
0,0,-0.08097692511,-0.8097692511,1,0
0,0,-0.1812494873,-1.002725622,1,0
0,0,-0.3143005906,-1.330511033,0,0
0,0,-0.4252662337,-1.109656431,1,0
0,0,-0.5989361989,-1.736699651,1,0
0,0,-0.8605516837,-2.616154849,0,0
0,0,-1.188522387,-3.279707029,1,-1
1,1,-1.655215894,-4.666935072
0,0,0,0,1,0
0,0,-0.004454194642,-0.04454194642,0,0
0,0,0.07109320766,0.755474023,2,0
0,0,0.06867017536,-0.02423032294,2,0
0,0,0.006607478751,-0.6206269661,0,0
0,0,0.02046218423,0.1385470548,0,0
0,0,0.1274242373,1.06962053,1,0
0,0,0.2556171126,1.281928753,0,0
0,0,0.5136256996,2.58008587,0,0
0,0,0.9229624291,4.093367295,1,0
0,0,1.441529171,5.18566742,0,-1
1,1,2.111785519,6.702563481
0,0,0,0,1,0
0,0,0.0165908859,0.165908859,0,0
0,0,0.1240928972,1.075020113,2,0
0,0,0.1806145454,0.5652164818,2,0
0,0,0.1988686068,0.1825406133,2,0
0,0,0.1704168639,-0.284517429,0,0
0,0,0.2576298617,0.872129978,1,0
0,0,0.3772801223,1.196502607,1,0
0,0,0.5531666205,1.758864982,2,0
0,0,0.7344181585,1.812515379,0,0
0,0,1.082955785,3.48537627,2,0
0,0,1.515393495,4.324377094,0,-1
1,1,2.09797901,5.825855147
0,0,0,0,2,0
0,0,-0.104604253,-1.04604253,1,0
0,0,-0.2276687889,-1.230645359,1,0
0,0,-0.3978643322,-1.701955433,0,0
0,0,-0.5366199448,-1.387556126,0,0
0,0,-0.6756155286,-1.389955838,1,0
0,0,-0.9196754382,-2.440599096,1,0
0,0,-1.277441507,-3.577660692,0,-1
1,1,-1.748251581,-4.708100739
0,0,0,0,2,0
0,0,-0.0839878238,-0.839878238,2,0
0,0,-0.2670006251,-1.830128013,2,0
0,0,-0.578485296,-3.11484671,0,0
0,0,-0.9083860179,-3.299007219,1,0
0,0,-1.351313313,-4.429272954,1,-1
1,1,-1.931032289,-5.797189752
0,0,0,0,0,0
0,0,0.09514936911,0.9514936911,1,0
0,0,0.1972183875,1.020690184,1,0
0,0,0.3225736736,1.253552861,2,0
0,0,0.4055138242,0.8294015066,0,0
0,0,0.6434116002,2.378977759,1,0
0,0,0.9820191577,3.386075575,0,0
0,0,1.486042742,5.040235846,1,-1
1,1,2.133323191,6.472804487
0,0,0,0,2,0
0,0,-0.07098936932,-0.7098936932,0,0
0,0,-0.06117380915,0.09815560171,2,0
0,0,-0.1658043977,-1.046305886,2,0
0,0,-0.383822272,-2.180178743,1,0
0,0,-0.6534503882,-2.696281162,2,0
0,0,-1.07638059,-4.229302022,2,-1
1,1,-1.656781297,-5.804007066
0,0,0,0,2,0
0,0,-0.08202397342,-0.8202397342,2,0
0,0,-0.2542370358,-1.722130624,0,0
0,0,-0.3930106619,-1.387736261,2,0
0,0,-0.6845790046,-2.915683427,2,0
0,0,-1.12600529,-4.414262856,2,-1
1,1,-1.719448009,-5.934427188
0,0,0,0,2,0
0,0,-0.07198545487,-0.7198545487,0,0
0,0,-0.08523726398,-0.1325180911,0,0
0,0,-0.03432487051,0.5091239347,0,0
0,0,0.1063968058,1.407216763,1,0
0,0,0.2719807222,1.655839164,1,0
0,0,0.4905949155,2.186141933,2,0
0,0,0.6992578489,2.086629334,2,0
0,0,0.93373743,2.344795811,0,0
0,0,1.338808263,4.050708326,2,-1
1,1,1.863069184,5.242609217
0,0,0,0,1,0
0,0,-0.003239647991,-0.03239647991,0,0
0,0,0.06722707175,0.7046671974,0,0
0,0,0.2509106332,1.836835614,2,0
0,0,0.3984338485,1.475232153,0,0
0,0,0.6913155789,2.928817304,1,0
0,0,1.070377667,3.790620886,1,-1
1,1,1.572732582,5.023549142
0,0,0,0,2,0
0,0,-0.07945666872,-0.7945666872,1,0
0,0,-0.1785505171,-0.990938484,1,0
0,0,-0.3162461327,-1.376956156,2,0
0,0,-0.5899036095,-2.736574767,0,0
0,0,-0.8888669326,-2.989633231,2,0
0,0,-1.357895564,-4.690286318,2,-1
1,1,-1.978387174,-6.204916092
0,0,0,0,2,0
0,0,-0.1023117753,-1.023117753,2,0
0,0,-0.2953696786,-1.930579033,2,0
0,0,-0.6244091278,-3.290394491,0,0
0,0,-0.9730296024,-3.486204746,0,0
0,0,-1.403317194,-4.302875914,1,-1
1,1,-1.976350153,-5.730329592
0,0,0,0,0,0
0,0,0.09492129139,0.9492129139,0,0
0,0,0.2805303224,1.856090311,0,0
0,0,0.5970964662,3.165661438,1,0
0,0,0.9931601735,3.960637073,2,0
0,0,1.467375813,4.742156398,2,-1
1,1,2.077818201,6.104423877
0,0,0,0,2,0
0,0,-0.1055298016,-1.055298016,2,0
0,0,-0.3077985647,-2.022687631,1,0
0,0,-0.5720244235,-2.642258589,0,0
0,0,-0.8473921809,-2.753677574,0,0
0,0,-1.172012056,-3.246198748,1,-1
1,1,-1.625820192,-4.538081361
0,0,0,0,2,0
0,0,-0.0786130485,-0.786130485,0,0
0,0,-0.08560204148,-0.06988992984,1,0
0,0,-0.1043815528,-0.1877951127,2,0
0,0,-0.2164598887,-1.12078336,2,0
0,0,-0.4506322018,-2.341723131,2,0
0,0,-0.824417523,-3.737853212,1,0
0,0,-1.303905765,-4.79488242,2,-1
1,1,-1.936832676,-6.329269111
0,0,0,0,0,0
0,0,0.08410593192,0.8410593192,1,0
0,0,0.2000258225,1.159198906,1,0
0,0,0.3596049202,1.595790977,0,0
0,0,0.6549527976,2.953478775,0,0
0,0,1.10389333,4.489405328,1,-1
1,1,1.678385787,5.744924563
0,0,0,0,0,0
0,0,0.07875359754,0.7875359754,1,0
0,0,0.1749449126,0.961913151,0,0
0,0,0.3914354434,2.164905308,0,0
0,0,0.7339463634,3.4251092,2,0
0,0,1.119232867,3.852865036,0,-1
1,1,1.664568973,5.453361058
0,0,0,0,2,0
0,0,-0.09325203154,-0.9325203154,1,0
0,0,-0.1906531919,-0.9740116037,2,0
0,0,-0.401377625,-2.107244331,0,0
0,0,-0.5885490766,-1.871714516,1,0
0,0,-0.8704059597,-2.818568831,2,0
0,0,-1.321788982,-4.513830225,2,-1
1,1,-1.929343858,-6.07554876
0,0,0,0,2,0
0,0,-0.09076222622,-0.9076222622,0,0
0,0,-0.09806604295,-0.07303816726,2,0
0,0,-0.2056781793,-1.076121364,1,0
0,0,-0.3393370491,-1.336588697,1,0
0,0,-0.5445698898,-2.052328407,2,0
0,0,-0.8930158822,-3.484459924,2,0
0,0,-1.406628926,-5.136130436,0,-1
1,1,-2.049134397,-6.425054714
0,0,0,0,2,0
0,0,-0.07558687946,-0.7558687946,2,0
0,0,-0.2351728043,-1.595859248,2,0
0,0,-0.5198860294,-2.847132252,2,0
0,0,-0.9557318537,-4.358458243,2,0
0,0,-1.548362994,-5.926311405,0,-1
1,1,-2.284901653,-7.365386588
0,0,0,0,2,0
0,0,-0.08266936942,-0.8266936942,2,0
0,0,-0.2743381675,-1.916687981,1,0
0,0,-0.5122029463,-2.378647788,1,0
0,0,-0.8307425299,-3.185395836,2,0
0,0,-1.321330433,-4.90587903,2,-1
1,1,-1.965353413,-6.440229803
0,0,0,0,0,0
0,0,0.0848775689,0.848775689,1,0
0,0,0.1820056317,0.9712806284,0,0
0,0,0.384205547,2.021999152,1,0
0,0,0.6479064419,2.637008949,2,0
0,0,0.9435595805,2.956531386,2,0
0,0,1.311101276,3.675416957,1,-1
1,1,1.81553676,5.044354838
0,0,0,0,0,0
0,0,0.1001859309,1.001859309,2,0
0,0,0.1386178986,0.384319677,2,0
0,0,0.104890887,-0.3372701153,2,0
0,0,0.012025942,-0.9286494504,0,0
0,0,0.02375997419,0.117340322,1,0
0,0,0.03283065864,0.09070684445,0,0
0,0,0.1512028113,1.183721527,0,0
0,0,0.3771918882,2.259890769,1,0
0,0,0.65880038,2.816084918,0,0
0,0,1.086976832,4.281764522,1,-1
1,1,1.637416499,5.504396668
0,0,0,0,2,0
0,0,-0.0882431191,-0.882431191,2,0
0,0,-0.2851361287,-1.968930096,0,0
0,0,-0.4386978724,-1.535617437,2,0
0,0,-0.7343399764,-2.95642104,0,0
0,0,-1.072189006,-3.378490297,0,0
0,0,-1.503294666,-4.3110566,2,-1
1,1,-2.083727229,-5.804325632
0,0,0,0,0,0
0,0,0.07117392621,0.7117392621,2,0
0,0,0.08141015859,0.1023623238,2,0
0,0,0.003871321187,-0.775388374,2,0
0,0,-0.1718490444,-1.757203655,1,0
0,0,-0.37418685,-2.023378056,1,0
0,0,-0.6241639447,-2.499770947,1,0
0,0,-0.9583832824,-3.342193377,0,0
0,0,-1.36498801,-4.06604728,0,-1
1,1,-1.895685799,-5.306977885
