2,1,1
0,0,0,0,2,0
0,0,-0.1055457548,-1.055457548,2,0
0,0,-0.3020537792,-1.965080244,1,0
0,0,-0.5387673434,-2.367135642,1,0
0,0,-0.8492551639,-3.104878206,1,0
0,0,-1.266842087,-4.175869232,1,-1
1,1,-1.823073764,-5.562316769
0,0,0,0,2,0
0,0,-0.09006117157,-0.9006117157,0,0
0,0,-0.09679834896,-0.06737177384,0,0
0,0,-0.04007752482,0.5672082413,2,0
0,0,-0.06542812402,-0.253505992,1,0
0,0,-0.09543771541,-0.3000959139,2,0
0,0,-0.2396865672,-1.442488518,2,0
0,0,-0.5125848484,-2.728982812,1,0
0,0,-0.8517899698,-3.392051213,0,0
0,0,-1.250426284,-3.986363147,2,-1
1,1,-1.804959657,-5.545333725
0,0,0,0,1,0
0,0,-0.01052291349,-0.1052291349,2,0
0,0,-0.1080436746,-0.9752076109,1,0
0,0,-0.2123267031,-1.042830285,0,0
0,0,-0.2521760562,-0.3984935313,1,0
0,0,-0.3459615703,-0.9378551414,2,0
0,0,-0.5772362874,-2.312747171,0,0
0,0,-0.8252947786,-2.480584912,2,0
0,0,-1.246718992,-4.214242134,0,-1
1,1,-1.774045358,-5.273263663
0,0,0,0,2,0
0,0,-0.104810946,-1.04810946,2,0
0,0,-0.299635895,-1.94824949,1,0
0,0,-0.5470317776,-2.473958826,1,0
0,0,-0.8853604738,-3.383286963,2,0
0,0,-1.383640884,-4.982804104,1,-1
1,1,-2.022766055,-6.391251703
0,0,0,0,2,0
0,0,-0.08034710432,-0.8034710432,0,0
0,0,-0.07744728855,0.02899815772,2,0
0,0,-0.1754472977,-0.9800000914,1,0
0,0,-0.3035163068,-1.280690091,2,0
0,0,-0.5510307931,-2.475144863,0,0
0,0,-0.8129828898,-2.619520967,1,0
0,0,-1.188120318,-3.751374279,2,-1
1,1,-1.725189466,-5.370691487
0,0,0,0,0,0
0,0,0.07610776048,0.7610776048,2,0
0,0,0.0735169447,-0.02590815782,2,0
0,0,-0.001141730072,-0.7465867477,1,0
0,0,-0.07171660317,-0.705748731,1,0
0,0,-0.1678166944,-0.9610009125,0,0
0,0,-0.1950018408,-0.2718514638,2,0
0,0,-0.355049285,-1.600474442,1,0
0,0,-0.5747978085,-2.197485234,0,0
0,0,-0.819144095,-2.443462865,0,0
0,0,-1.127872659,-3.087285641,1,0
0,0,-1.566351467,-4.384788078,0,-1
1,1,-2.151339025,-5.84987558
0,0,0,0,2,0
0,0,-0.08142981892,-0.8142981892,0,0
0,0,-0.09802497634,-0.1659515741,0,0
0,0,-0.0367533494,0.6127162693,1,0
0,0,0.03032143511,0.6707478451,0,0
0,0,0.2080762145,1.777547793,2,0
0,0,0.3471958667,1.391196522,0,0
0,0,0.6124222442,2.652263775,0,0
0,0,1.044865975,4.324437308,1,-1
1,1,1.598622927,5.537569518
0,0,0,0,2,0
0,0,-0.1029288334,-1.029288334,2,0
0,0,-0.3151396678,-2.122108345,0,0
0,0,-0.4818109567,-1.666712889,1,0
0,0,-0.73230627,-2.504953132,0,0
0,0,-1.031937283,-2.996310128,1,0
0,0,-1.454536768,-4.225994848,0,-1
1,1,-2.013323008,-5.587862404
0,0,0,0,1,0
0,0,-0.01195770591,-0.1195770591,0,0
0,0,0.07201573876,0.8397344467,1,0
0,0,0.1616685937,0.8965285497,2,0
0,0,0.2092808561,0.4761226235,1,0
0,0,0.2769921967,0.677113406,1,0
0,0,0.3786235433,1.016313466,2,0
0,0,0.4527548858,0.7413134248,0,0
0,0,0.6653251242,2.125702384,2,0
0,0,0.8964041462,2.31079022,2,0
0,0,1.198558942,3.021547962,0,-1
1,1,1.667762757,4.692038147
0,0,0,0,0,0
0,0,0.09050392089,0.9050392089,2,0
0,0,0.09600892497,0.05505004083,1,0
0,0,0.1136838064,0.1767488147,1,0
0,0,0.1500024466,0.3631864017,0,0
0,0,0.3098968738,1.598944272,2,0
0,0,0.4522951783,1.423983045,0,0
0,0,0.7384672255,2.861720472,0,0
0,0,1.186483882,4.480166569,0,-1
1,1,1.789406233,6.029223505
0,0,0,0,0,0
0,0,0.09913275791,0.9913275791,2,0
0,0,0.1203162262,0.2118346827,2,0
0,0,0.07506600883,-0.4525021735,1,0
0,0,0.05095680502,-0.2410920381,0,0
0,0,0.130848105,0.7989129998,1,0
0,0,0.2156708699,0.8482276494,1,0
0,0,0.3207404128,1.050695428,0,0
0,0,0.5679623263,2.472219135,1,0
0,0,0.9042318122,3.362694859,2,0
0,0,1.299071222,3.948394096,1,-1
1,1,1.828865328,5.297941062
0,0,0,0,0,0
0,0,0.07381075153,0.7381075153,2,0
0,0,0.05718949327,-0.1662125825,2,0
0,0,-0.02007710225,-0.7726659552,2,0
0,0,-0.2049583394,-1.848812372,2,0
0,0,-0.4947905155,-2.89832176,2,0
0,0,-0.9351815372,-4.403910217,2,0
0,0,-1.527340829,-5.921592915,1,-1
1,1,-2.263859869,-7.365190404
0,0,0,0,2,0
0,0,-0.09773075704,-0.9773075704,2,0
0,0,-0.2863495461,-1.886187891,2,0
0,0,-0.599225861,-3.128763149,2,0
0,0,-1.070504463,-4.71278602,0,-1
1,1,-1.621921701,-5.514172379
0,0,0,0,1,0
0,0,0.004835545345,0.04835545345,0,0
0,0,0.1120090517,1.071735064,1,0
0,0,0.2277003805,1.156913287,0,0
0,0,0.4505754081,2.228750277,2,0
0,0,0.6758925575,2.253171494,2,0
0,0,0.9248197995,2.48927242,1,0
0,0,1.297883647,3.730638472,1,-1
1,1,1.809978097,5.120944507
0,0,0,0,0,0
0,0,0.1027550593,1.027550593,1,0
0,0,0.2240921268,1.213370675,1,0
0,0,0.3924414455,1.683493187,1,0
0,0,0.6203405649,2.278991194,2,0
0,0,0.8706678567,2.503272918,0,0
0,0,1.279164797,4.084969403,0,-1
1,1,1.844343108,5.651783106
0,0,0,0,0,0
0,0,0.08812407607,0.8812407607,1,0
0,0,0.1963900007,1.082659246,1,0
0,0,0.3284428846,1.32052884,1,0
0,0,0.5293333679,2.008904832,2,0
0,0,0.7446124924,2.152791246,2,0
0,0,1.006199285,2.61586793,1,0
0,0,1.396581903,3.903826177,2,-1
1,1,1.916631473,5.2004957
0,0,0,0,2,0
0,0,-0.09413538683,-0.9413538683,2,0
0,0,-0.2955798038,-2.01444417,2,0
0,0,-0.6143891463,-3.188093425,1,0
0,0,-1.026900079,-4.125109328,0,0
0,0,-1.510566542,-4.836664633,2,-1
1,1,-2.144030611,-6.334640684
0,0,0,0,0,0
0,0,0.1011038479,1.011038479,0,0
0,0,0.3017033164,2.005994685,1,0
0,0,0.5359073675,2.342040511,1,0
0,0,0.8628191375,3.2691177,0,0
0,0,1.360350029,4.975308919,0,-1
1,1,2.010018705,6.496686759
0,0,0,0,0,0
0,0,0.08910560466,0.8910560466,2,0
0,0,0.09425019533,0.05144590669,2,0
0,0,0.0117837956,-0.8246639973,1,0
0,0,-0.0799885654,-0.91772361,0,0
0,0,-0.08537302071,-0.05384455308,1,0
0,0,-0.08935597293,-0.03982952226,0,0
0,0,-0.02729850405,0.6205746889,0,0
0,0,0.1268320739,1.541305779,1,0
0,0,0.3047872952,1.779552213,2,0
0,0,0.4497718754,1.449845803,0,0
0,0,0.7465877268,2.968158514,1,0
0,0,1.137518476,3.909307488,0,-1
1,1,1.688925437,5.514069615
0,0,0,0,1,0
0,0,0.007943913979,0.07943913979,1,0
0,0,0.0164122023,0.08468288325,2,0
0,0,-0.05618599301,-0.7259819531,2,0
0,0,-0.2232495546,-1.670635615,0,0
0,0,-0.3534519656,-1.302024111,0,0
0,0,-0.4540500768,-1.005981112,0,0
0,0,-0.5462671636,-0.9221708682,2,0
0,0,-0.7882275248,-2.419603613,2,0
0,0,-1.205409865,-4.1718234,0,-1
1,1,-1.728233221,-5.22823356
0,0,0,0,1,0
0,0,-0.008100815897,-0.08100815897,0,0
0,0,0.05846989217,0.6657070807,2,0
0,0,0.03595813718,-0.2251175499,2,0
0,0,-0.0647983675,-1.007565047,2,0
0,0,-0.2611320719,-1.963337044,2,0
0,0,-0.5794677087,-3.183356368,0,0
0,0,-0.9054937234,-3.260260148,0,0
0,0,-1.298218259,-3.927245355,0,-1
1,1,-1.806091382,-5.078731228
0,0,0,0,0,0
0,0,0.08760430975,0.8760430975,0,0
0,0,0.2675627387,1.799584289,1,0
0,0,0.4995769566,2.320142179,0,0
0,0,0.8908443291,3.912673726,1,0
0,0,1.392791066,5.019467364,1,-1
1,1,2.035535279,6.427442131
0,0,0,0,0,0
0,0,0.1028847781,1.028847781,2,0
0,0,0.1244626098,0.2157783178,2,0
0,0,0.0923336096,-0.3212900024,2,0
0,0,-0.0164341988,-1.087678084,1,0
0,0,-0.1315517498,-1.15117551,0,0
0,0,-0.1937625708,-0.6221082099,1,0
0,0,-0.2825909553,-0.8882838451,1,0
0,0,-0.4057727073,-1.23181752,2,0
0,0,-0.6759868978,-2.702141905,1,0
0,0,-1.033502946,-3.575160478,2,0
0,0,-1.551930265,-5.184273195,1,-1
1,1,-2.216632357,-6.647020921
0,0,0,0,2,0
0,0,-0.08474208174,-0.8474208174,1,0
0,0,-0.173631355,-0.8888927324,1,0
0,0,-0.2986400472,-1.250086922,1,0
0,0,-0.4847936313,-1.861535841,0,0
0,0,-0.6690806748,-1.842870435,0,0
0,0,-0.8754614154,-2.063807407,2,0
0,0,-1.254101714,-3.786402981,2,-1
1,1,-1.796404323,-5.423026093
0,0,0,0,0,0
0,0,0.08453394126,0.8453394126,1,0
0,0,0.1903516977,1.058177564,2,0
0,0,0.2296786136,0.3932691597,0,0
0,0,0.3838587746,1.54180161,2,0
0,0,0.5335294439,1.496706693,1,0
0,0,0.7747734733,2.412440293,1,0
0,0,1.133436065,3.586625916,2,-1
1,1,1.59299851,4.595624452
0,0,0,0,1,0
0,0,-0.0007393917836,-0.007393917836,2,0
0,0,-0.1040368752,-1.032974834,2,0
0,0,-0.302437884,-1.984010088,2,0
0,0,-0.6273995882,-3.249617042,0,0
0,0,-0.9607238987,-3.333243105,2,0
0,0,-1.452948197,-4.922242987,0,-1
1,1,-2.080134145,-6.271859477
0,0,0,0,2,0
0,0,-0.09886637338,-0.9886637338,1,0
0,0,-0.2178797818,-1.190134084,0,0
0,0,-0.2741639622,-0.5628418041,0,0
0,0,-0.2859434631,-0.1177950094,0,0
0,0,-0.2653961706,0.2054729251,1,0
0,0,-0.3042956571,-0.3889948653,2,0
0,0,-0.4626592793,-1.583636222,0,0
0,0,-0.6226953288,-1.600360494,1,0
0,0,-0.8841415139,-2.614461851,1,0
0,0,-1.251881764,-3.677402504,0,-1
1,1,-1.73265107,-4.807693054
0,0,0,0,1,0
0,0,0.01329334895,0.1329334895,0,0
0,0,0.1144207857,1.011274367,1,0
0,0,0.2343776352,1.199568495,1,0
0,0,0.4099900929,1.756124576,2,0
0,0,0.5668799639,1.568898711,1,0
0,0,0.8199888937,2.531089298,1,0
0,0,1.189061719,3.69072825,0,-1
1,1,1.717613375,5.285516559
0,0,0,0,2,0
0,0,-0.09798997071,-0.9798997071,2,0
0,0,-0.3031038549,-2.051138841,0,0
0,0,-0.476958132,-1.738542772,0,0
0,0,-0.6629860838,-1.860279518,0,0
0,0,-0.8786017213,-2.156156375,0,0
0,0,-1.159082298,-2.80480577,2,-1
1,1,-1.60926947,-4.501871715
0,0,0,0,0,0
0,0,0.09248651081,0.9248651081,1,0
0,0,0.2073465876,1.148600768,2,0
0,0,0.2618241476,0.5447756001,0,0
0,0,0.4408707715,1.790466239,0,0
0,0,0.775411742,3.345409705,2,0
0,0,1.154298193,3.78886451,1,-1
1,1,1.663904653,5.0960646
0,0,0,0,2,0
0,0,-0.08428118412,-0.8428118412,1,0
0,0,-0.1987423704,-1.144611863,2,0
0,0,-0.4387049121,-2.399625417,0,0
0,0,-0.6567933606,-2.180884485,2,0
0,0,-1.039939083,-3.831457226,1,0
0,0,-1.551149428,-5.112103453,2,-1
1,1,-2.209760377,-6.586109484
0,0,0,0,1,0
0,0,0.00898625434,0.0898625434,0,0
0,0,0.1163478544,1.073616001,0,0
0,0,0.3427592613,2.264114069,0,0
0,0,0.7104968979,3.677376367,0,0
0,0,1.233193045,5.226961475,0,-1
1,1,1.913491332,6.802982867
0,0,0,0,1,0
0,0,-0.01573095226,-0.1573095226,1,0
0,0,-0.03730213446,-0.2157118219,2,0
0,0,-0.1373985088,-1.000963743,1,0
0,0,-0.2584145852,-1.210160764,0,0
0,0,-0.340985955,-0.8257136982,0,0
0,0,-0.4120051261,-0.7101917104,1,0
0,0,-0.5535680332,-1.415629071,0,0
0,0,-0.7141119792,-1.60543946,1,0
0,0,-0.9879751278,-2.738631486,2,0
0,0,-1.424331622,-4.363564941,0,-1
1,1,-1.99037567,-5.660440479
0,0,0,0,2,0
0,0,-0.08888843482,-0.8888843482,1,0
0,0,-0.2057419873,-1.168535524,1,0
0,0,-0.3704051425,-1.646631553,1,0
0,0,-0.6002861937,-2.298810512,1,0
0,0,-0.9117473071,-3.114611134,0,0
0,0,-1.287391917,-3.756446095,0,-1
1,1,-1.774666202,-4.872742854
0,0,0,0,2,0
0,0,-0.09420712515,-0.9420712515,0,0
0,0,-0.1206478813,-0.2644075618,2,0
0,0,-0.2569371338,-1.362892525,2,0
0,0,-0.5206651565,-2.637280227,1,0
0,0,-0.8712668171,-3.506016606,0,0
0,0,-1.290106894,-4.188400768,0,-1
1,1,-1.824365048,-5.342581542
0,0,0,0,1,0
0,0,0.005226208093,0.05226208093,0,0
0,0,0.1155775051,1.10351297,1,0
0,0,0.2615056425,1.459281374,2,0
0,0,0.3567485783,0.9524293579,1,0
0,0,0.5122227603,1.55474182,1,0
0,0,0.7560258223,2.43803062,0,0
0,0,1.16420999,4.081841679,2,-1
1,1,1.676785723,5.125757325
0,0,0,0,0,0
0,0,0.09930963485,0.9930963485,1,0
0,0,0.2019040827,1.025944479,0,0
0,0,0.4158940152,2.139899325,0,0
0,0,0.7827393126,3.668452974,2,0
0,0,1.201194755,4.184554423,2,-1
1,1,1.726614452,5.254196972
0,0,0,0,2,0
0,0,-0.07940625246,-0.7940625246,0,0
0,0,-0.08696544668,-0.07559194221,2,0
0,0,-0.1985840545,-1.116186078,0,0
0,0,-0.2628914451,-0.6430739068,1,0
0,0,-0.3703854799,-1.074940347,1,0
0,0,-0.5474493981,-1.770639182,1,0
0,0,-0.794416678,-2.469672799,0,0
0,0,-1.091097213,-2.966805348,1,0
0,0,-1.521237896,-4.301406832,2,-1
1,1,-2.101110607,-5.798727111
0,0,0,0,1,0
0,0,-0.008067824874,-0.08067824874,0,0
0,0,0.06470510368,0.7277292856,2,0
0,0,0.05639003803,-0.08315065654,2,0
0,0,-0.03399353056,-0.9038356859,0,0
0,0,-0.05007687948,-0.1608334892,1,0
0,0,-0.06785022391,-0.1777334443,1,0
0,0,-0.08479069757,-0.1694047366,0,0
0,0,-0.01762816018,0.6716253739,2,0
0,0,-0.03818925293,-0.2056109275,1,0
0,0,-0.06324685699,-0.2505760406,1,0
0,0,-0.1159847759,-0.5273791891,0,0
0,0,-0.09347515272,0.2250962317,1,0
0,0,-0.07535842549,0.1811672723,2,0
0,0,-0.1538459148,-0.7848748933,1,0
0,0,-0.2557615891,-1.019156743,1,0
0,0,-0.387678907,-1.319173178,0,0
0,0,-0.5076204567,-1.199415497,2,0
0,0,-0.78514167,-2.775212134,0,0
0,0,-1.103323592,-3.181819223,1,0
0,0,-1.545640507,-4.423169144,2,-1
1,1,-2.136186241,-5.905457345
0,0,0,0,2,0
0,0,-0.08785330636,-0.8785330636,0,0
0,0,-0.09851495606,-0.106616497,2,0
0,0,-0.2177382349,-1.192232789,0,0
0,0,-0.3021705289,-0.8443229398,1,0
0,0,-0.428875068,-1.267045391,2,0
0,0,-0.6871181364,-2.582430683,1,0
0,0,-1.053747391,-3.666292548,2,-1
1,1,-1.581235719,-5.274883274
0,0,0,0,0,0
0,0,0.09336935452,0.9336935452,1,0
0,0,0.1869554898,0.9358613526,1,0
0,0,0.3072983888,1.20342899,1,0
0,0,0.4706713606,1.633729718,1,0
0,0,0.70469193,2.340205693,0,0
0,0,1.108987224,4.042952938,2,-1
1,1,1.610531899,5.015446752
0,0,0,0,2,0
0,0,-0.08375541823,-0.8375541823,2,0
0,0,-0.2714928941,-1.877374759,2,0
0,0,-0.5913738396,-3.198809454,2,0
0,0,-1.063214368,-4.718405285,2,-1
1,1,-1.689244012,-6.260296442
0,0,0,0,1,0
0,0,0.008965924664,0.08965924664,0,0
0,0,0.1031217698,0.9415584509,1,0
0,0,0.2114677554,1.083459856,0,0
0,0,0.4426261634,2.31158408,0,0
0,0,0.8281666297,3.855404664,1,0
0,0,1.3255186,4.973519702,0,-1
1,1,1.976780107,6.512615075
0,0,0,0,2,0
0,0,-0.09601428036,-0.9601428036,0,0
0,0,-0.1033182957,-0.07304015292,1,0
0,0,-0.1252310054,-0.219127097,2,0
0,0,-0.2697280859,-1.444970805,0,0
0,0,-0.377294234,-1.075661481,2,0
0,0,-0.6265740391,-2.492798051,0,0
0,0,-0.8967506269,-2.701765878,1,0
0,0,-1.282920097,-3.861694704,1,-1
1,1,-1.804439972,-5.215198749
0,0,0,0,1,0
0,0,-0.01092721022,-0.1092721022,0,0
0,0,0.0564229225,0.6735013272,2,0
0,0,0.04116676145,-0.1525616105,0,0
0,0,0.127223128,0.8605636652,2,0
0,0,0.137789816,0.10566688,0,0
0,0,0.2458696651,1.080798491,1,0
0,0,0.3959753226,1.501056575,2,0
0,0,0.5276829298,1.317076072,0,0
0,0,0.8229456406,2.952627108,2,0
0,0,1.172986871,3.500412303,2,-1
1,1,1.624249992,4.512631209
0,0,0,0,1,0
0,0,-0.006523322716,-0.06523322716,2,0
0,0,-0.09176961706,-0.8524629435,1,0
0,0,-0.2021798098,-1.104101928,1,0
0,0,-0.3301539223,-1.279741125,0,0
0,0,-0.4272990302,-0.9714510791,2,0
0,0,-0.6651553869,-2.378563567,1,0
0,0,-1.009653159,-3.444977719,1,0
0,0,-1.476881136,-4.672279772,1,-1
1,1,-2.086587715,-6.09706579
0,0,0,0,0,0
0,0,0.08270214831,0.8270214831,2,0
0,0,0.08167642899,-0.01025719321,2,0
0,0,0.007991722734,-0.7368470626,2,0
0,0,-0.1693610564,-1.773527791,0,0
0,0,-0.2743539897,-1.049929334,1,0
0,0,-0.428113336,-1.537593462,0,0
0,0,-0.5700334,-1.419200641,1,0
0,0,-0.8025668114,-2.325334113,2,0
0,0,-1.209002669,-4.064358579,1,-1
1,1,-1.750172209,-5.411695394
0,0,0,0,2,0
0,0,-0.09459239543,-0.9459239543,0,0
0,0,-0.106788265,-0.1219586961,0,0
0,0,-0.06279697739,0.4399128765,0,0
0,0,0.05598649709,1.187834745,2,0
0,0,0.1023376399,0.4635114278,1,0
0,0,0.1687549634,0.6641732348,0,0
0,0,0.3348678591,1.661128957,0,0
0,0,0.651294886,3.16427027,1,0
0,0,1.051160497,3.99865611,1,0
0,0,1.570533082,5.193725846,2,-1
1,1,2.236877418,6.663443359
0,0,0,0,1,0
0,0,-0.01213972515,-0.1213972515,1,0
0,0,-0.01460238195,-0.02462656798,0,0
0,0,0.06332621149,0.7792859344,2,0
0,0,0.06587069632,0.02544484827,0,0
0,0,0.1835411657,1.176704694,0,0
0,0,0.4053093198,2.21768154,0,0
0,0,0.7782389675,3.729296478,1,0
0,0,1.247772549,4.695335814,2,-1
1,1,1.822976911,5.752043618
0,0,0,0,0,0
0,0,0.09977496972,0.9977496972,0,0
0,0,0.2918393216,1.920643519,0,0
0,0,0.6298331846,3.37993863,1,0
0,0,1.066902234,4.370690491,0,-1
1,1,1.657535773,5.906335389
0,0,0,0,2,0
0,0,-0.09652921412,-0.9652921412,0,0
0,0,-0.1392467667,-0.4271755259,2,0
0,0,-0.296227626,-1.569808593,1,0
0,0,-0.4980064288,-2.017788028,1,0
0,0,-0.7656857851,-2.676793563,0,0
0,0,-1.070671181,-3.049853964,1,0
0,0,-1.498624683,-4.27953502,2,-1
1,1,-2.07600245,-5.773777661
0,0,0,0,0,0
0,0,0.08530193455,0.8530193455,0,0
0,0,0.2688035909,1.835016563,2,0
0,0,0.4086852002,1.398816094,0,0
0,0,0.6977848255,2.890996252,1,0
0,0,1.091670081,3.938852556,2,-1
1,1,1.573740165,4.820700836
0,0,0,0,0,0
0,0,0.07265617346,0.7265617346,2,0
0,0,0.07254086226,-0.001153112078,2,0
0,0,-0.004344665487,-0.7688552774,1,0
0,0,-0.06700439763,-0.6265973214,0,0
0,0,-0.05859652746,0.08407870173,2,0
0,0,-0.1472643275,-0.8866780001,1,0
0,0,-0.2449164438,-0.9765211637,1,0
0,0,-0.3834769147,-1.385604709,0,0
0,0,-0.5024733336,-1.189964189,0,0
0,0,-0.63897621,-1.365028764,0,0
0,0,-0.7996135434,-1.606373334,2,0
0,0,-1.128054853,-3.284413093,2,-1
1,1,-1.620042615,-4.919877621
0,0,0,0,0,0
0,0,0.100165278,1.00165278,1,0
0,0,0.20256192,1.02396642,0,0
0,0,0.4365470245,2.339851045,0,0
0,0,0.8145827591,3.780357347,1,0
0,0,1.292290077,4.777073176,1,-1
1,1,1.903854382,6.11564305
0,0,0,0,1,0
0,0,-0.005870000024,-0.05870000024,2,0
0,0,-0.1041312607,-0.9826126072,1,0
0,0,-0.2240989401,-1.199676794,2,0
0,0,-0.4817605902,-2.5766165,0,0
0,0,-0.7467371661,-2.64976576,1,0
0,0,-1.120283787,-3.735466209,1,-1
1,1,-1.617560526,-4.972767384
0,0,0,0,1,0
0,0,0.001411867303,0.01411867303,0,0
0,0,0.08502696845,0.8361510115,0,0
0,0,0.265062811,1.800358425,1,0
0,0,0.4845182454,2.194554344,2,0
0,0,0.6937645689,2.092463235,0,0
0,0,1.067800542,3.740359727,2,0
0,0,1.525430669,4.576301276,1,-1
1,1,2.128577487,6.031468183
0,0,0,0,2,0
0,0,-0.08248419551,-0.8248419551,1,0
0,0,-0.1842817514,-1.017975559,1,0
0,0,-0.3291549135,-1.448731621,0,0
0,0,-0.4544861932,-1.253312797,1,0
0,0,-0.6441657999,-1.896796067,1,0
0,0,-0.9161660235,-2.720002236,2,0
0,0,-1.358923064,-4.427570401,0,-1
1,1,-1.925424137,-5.665010733
0,0,0,0,2,0
0,0,-0.09717611122,-0.9717611122,0,0
0,0,-0.1201922557,-0.230161445,1,0
0,0,-0.1560883748,-0.3589611912,2,0
0,0,-0.2937023482,-1.376139733,1,0
0,0,-0.4778940822,-1.84191734,1,0
0,0,-0.7498885441,-2.71994462,1,0
0,0,-1.122281348,-3.723928036,0,-1
1,1,-1.590694612,-4.684132646
0,0,0,0,1,0
0,0,0.003234649996,0.03234649996,0,0
0,0,0.08081604223,0.7758139224,1,0
0,0,0.1599944157,0.7917837344,0,0
0,0,0.3613886591,2.013942434,1,0
0,0,0.6083176275,2.469289684,1,0
0,0,0.9347657849,3.264481574,1,0
0,0,1.385356252,4.505904667,2,-1
1,1,1.958982655,5.736264036
0,0,0,0,0,0
0,0,0.0782775763,0.782775763,1,0
0,0,0.1660148957,0.8773731936,0,0
0,0,0.3841397102,2.181248146,2,0
0,0,0.5802636672,1.96123957,2,0
0,0,0.7885176146,2.082539474,0,0
0,0,1.164795669,3.762780539,2,-1
1,1,1.638468107,4.73672438
0,0,0,0,1,0
0,0,-0.01063757124,-0.1063757124,0,0
0,0,0.05014617644,0.6078374768,2,0
0,0,0.02838782764,-0.217583488,2,0
0,0,-0.06389702662,-0.9228485426,0,0
0,0,-0.07573956909,-0.1184254248,2,0
0,0,-0.179755503,-1.04015934,1,0
0,0,-0.3056952653,-1.259397623,2,0
0,0,-0.554268452,-2.485731866,2,0
0,0,-0.9609553955,-4.066869435,0,0
0,0,-1.431769976,-4.70814581,0,-1
1,1,-2.034836944,-6.030669672
0,0,0,0,0,0
0,0,0.1051884109,1.051884109,1,0
0,0,0.2449301977,1.397417868,2,0
0,0,0.3355515106,0.9062131299,1,0
0,0,0.4792244198,1.436729091,1,0
0,0,0.6842526127,2.05028193,0,0
0,0,1.060444503,3.761918899,0,-1
1,1,1.593609526,5.331650229
0,0,0,0,2,0
0,0,-0.0805566038,-0.805566038,2,0
0,0,-0.260163047,-1.796064432,2,0
0,0,-0.5743186218,-3.141555748,0,0
0,0,-0.9039768242,-3.296582024,0,0
0,0,-1.306462269,-4.024854453,0,-1
1,1,-1.822606392,-5.161441222
0,0,0,0,2,0
0,0,-0.08792459922,-0.8792459922,0,0
0,0,-0.09030962525,-0.02385026029,1,0
0,0,-0.1202567175,-0.2994709225,0,0
0,0,-0.07305617263,0.4720054488,2,0
0,0,-0.1297943636,-0.5673819094,2,0
0,0,-0.300348445,-1.705540815,1,0
0,0,-0.527721549,-2.27373104,0,0
0,0,-0.7535413997,-2.258198507,1,0
0,0,-1.073387969,-3.198465691,0,0
0,0,-1.477957159,-4.0456919,2,-1
1,1,-2.033340088,-5.553829292
0,0,0,0,2,0
0,0,-0.07143975975,-0.7143975975,2,0
0,0,-0.2412173675,-1.697776078,1,0
0,0,-0.4361625278,-1.949451602,1,0
0,0,-0.6959203526,-2.597578248,0,0
0,0,-0.9921545038,-2.962341512,0,0
0,0,-1.365857067,-3.737025632,0,-1
1,1,-1.864842561,-4.989854939
0,0,0,0,0,0
0,0,0.09258436138,0.9258436138,2,0
0,0,0.1145514089,0.2196704754,2,0
0,0,0.05342375682,-0.611276521,1,0
0,0,0.01424932119,-0.3917443563,2,0
0,0,-0.1054840953,-1.197334165,0,0
0,0,-0.1387451903,-0.3326109498,0,0
0,0,-0.1191527885,0.1959240177,2,0
0,0,-0.2199609126,-1.008081241,0,0
0,0,-0.2853730028,-0.6541209025,2,0
0,0,-0.4746977689,-1.89324766,2,0
0,0,-0.8252824524,-3.505846835,2,0
0,0,-1.330952875,-5.056704223,0,-1
1,1,-1.950724758,-6.197718832
0,0,0,0,0,0
0,0,0.09960849724,0.9960849724,0,0
0,0,0.3043627025,2.047542052,1,0
0,0,0.5632746701,2.589119677,2,0
0,0,0.8458291783,2.825545082,0,0
0,0,1.283685001,4.378558229,1,-1
1,1,1.852843701,5.691587001
0,0,0,0,0,0
0,0,0.09165868282,0.9165868282,0,0
0,0,0.2782431727,1.865844899,0,0
0,0,0.5848216924,3.065785197,2,0
0,0,0.9118727144,3.27051022,2,0
0,0,1.313392284,4.015195698,2,-1
1,1,1.835882839,5.224905543
0,0,0,0,0,0
0,0,0.09801935085,0.9801935085,0,0
0,0,0.2865055172,1.884861664,2,0
0,0,0.4419968439,1.554913267,1,0
0,0,0.6757230785,2.337262346,0,0
0,0,1.081565156,4.058420771,1,-1
1,1,1.610351062,5.287859066
0,0,0,0,2,0
0,0,-0.07568786895,-0.7568786895,2,0
0,0,-0.2471549943,-1.714671254,1,0
0,0,-0.4459911503,-1.98836156,0,0
0,0,-0.6497961939,-2.038050436,1,0
0,0,-0.9523464352,-3.025502413,1,0
0,0,-1.380184929,-4.278384934,2,-1
1,1,-1.962806842,-5.826219131
0,0,0,0,1,0
0,0,-0.003986021102,-0.03986021102,0,0
0,0,0.08676454883,0.9075056993,0,0
0,0,0.2735224373,1.867578885,1,0
0,0,0.5029566771,2.294342398,2,0
0,0,0.7411380562,2.381813791,0,0
0,0,1.138844761,3.977067053,0,-1
1,1,1.697271995,5.58427234
0,0,0,0,1,0
0,0,0.005402020336,0.05402020336,0,0
0,0,0.09202123533,0.86619215,1,0
0,0,0.1994016038,1.073803685,0,0
0,0,0.439469282,2.400676782,2,0
0,0,0.6671584517,2.276891697,0,0
0,0,1.057072452,3.899140007,0,-1
1,1,1.603390124,5.46317672
0,0,0,0,1,0
0,0,0.006809086502,0.06809086502,0,0
0,0,0.119168697,1.123596105,1,0
0,0,0.2459594738,1.267907768,2,0
0,0,0.3231679646,0.7720849086,0,0
0,0,0.5208208276,1.97652863,0,0
0,0,0.8715766825,3.507558549,0,0
0,0,1.380913026,5.093363434,2,-1
1,1,2.014045709,6.331326827
0,0,0,0,0,0
0,0,0.1017773762,1.017773762,1,0
0,0,0.2126712601,1.108938838,0,0
0,0,0.4288017452,2.161304852,2,0
0,0,0.6481011668,2.192994216,2,0
0,0,0.906842577,2.587414101,2,0
0,0,1.241955283,3.351127058,0,-1
1,1,1.734826536,4.928712537
0,0,0,0,0,0
0,0,0.09559402984,0.9559402984,0,0
0,0,0.2788042353,1.832102055,0,0
0,0,0.5865757143,3.07771479,0,0
0,0,1.060812422,4.742367075,1,-1
1,1,1.646434848,5.856224259
0,0,0,0,0,0
0,0,0.09764881818,0.9764881818,2,0
0,0,0.1269574269,0.2930860873,0,0
0,0,0.2690808565,1.421234296,0,0
0,0,0.5279229349,2.588420783,1,0
0,0,0.8708680853,3.429451504,2,0
0,0,1.269224809,3.983567233,0,-1
1,1,1.826499029,5.572742207
0,0,0,0,2,0
0,0,-0.1040685732,-1.040685732,1,0
0,0,-0.2427636445,-1.386950713,0,0
0,0,-0.3267686381,-0.8400499358,1,0
0,0,-0.4774702168,-1.507015787,1,0
0,0,-0.7018798881,-2.244096714,2,0
0,0,-1.090529731,-3.886498425,0,0
0,0,-1.561658869,-4.711291382,2,-1
1,1,-2.180215922,-6.185570532
0,0,0,0,2,0
0,0,-0.1000498627,-1.000498627,1,0
0,0,-0.2306389891,-1.305891265,2,0
0,0,-0.4954642339,-2.648252448,1,0
0,0,-0.8407024895,-3.452382556,2,0
0,0,-1.340544884,-4.998423942,2,-1
1,1,-1.994485206,-6.539403218
0,0,0,0,1,0
0,0,0.01294138481,0.1294138481,2,0
0,0,-0.05197480164,-0.6491618646,0,0
0,0,-0.04093552176,0.1103927989,1,0
0,0,-0.03451140403,0.06424117725,2,0
0,0,-0.1188807643,-0.8436936029,0,0
0,0,-0.147326752,-0.2844598772,2,0
0,0,-0.2981619171,-1.508351651,2,0
0,0,-0.5856766131,-2.875146961,1,0
0,0,-0.9708322124,-3.851555993,0,0
0,0,-1.436780642,-4.659484294,0,-1
1,1,-2.033044459,-5.96263817
0,0,0,0,0,0
0,0,0.07761162944,0.7761162944,0,0
0,0,0.2462563532,1.686447237,0,0
0,0,0.548050176,3.017938228,2,0
0,0,0.8585301332,3.104799573,0,0
0,0,1.328930854,4.704007207,0,-1
1,1,1.954300184,6.253693301
0,0,0,0,2,0
0,0,-0.08440241532,-0.8440241532,0,0
0,0,-0.1051865825,-0.2078416718,0,0
0,0,-0.06145892702,0.4372765547,2,0
0,0,-0.1167268082,-0.5526788122,0,0
0,0,-0.1121909946,0.04535813687,2,0
0,0,-0.2102179458,-0.9802695129,1,0
0,0,-0.3339613099,-1.237433641,2,0
0,0,-0.5821060669,-2.48144757,1,0
0,0,-0.9061017046,-3.239956377,1,0
0,0,-1.352306803,-4.462050989,0,-1
1,1,-1.917295827,-5.649890233
0,0,0,0,2,0
0,0,-0.07191216861,-0.7191216861,1,0
0,0,-0.1678124221,-0.9590025351,1,0
0,0,-0.2754183932,-1.07605971,0,0
0,0,-0.3404589195,-0.6504052629,0,0
0,0,-0.3718930726,-0.3143415314,0,0
0,0,-0.3831507235,-0.1125765086,0,0
0,0,-0.3933093284,-0.1015860497,1,0
0,0,-0.4641375005,-0.7082817211,2,0
0,0,-0.70013387,-2.359963694,0,0
0,0,-0.9791937779,-2.790599079,1,0
0,0,-1.375231413,-3.960376355,2,-1
1,1,-1.924478173,-5.492467593
0,0,0,0,1,0
0,0,-0.003665904006,-0.03665904006,1,0
0,0,-0.02208440865,-0.1841850464,1,0
0,0,-0.03461886304,-0.125344544,2,0
0,0,-0.140666241,-1.060473779,0,0
0,0,-0.1999340239,-0.5926778293,0,0
0,0,-0.2165703514,-0.1663632746,2,0
0,0,-0.3614693084,-1.448989571,0,0
0,0,-0.4923856275,-1.309163191,1,0
0,0,-0.6949386574,-2.025530299,0,0
0,0,-0.9403196548,-2.453809973,0,0
0,0,-1.26555432,-3.25234665,0,-1
1,1,-1.701800502,-4.362461821
0,0,0,0,1,0
0,0,0.01287355141,0.1287355141,2,0
0,0,-0.070811753,-0.8368530441,0,0
0,0,-0.06793855199,0.02873201009,2,0
0,0,-0.1514988932,-0.8356034123,1,0
0,0,-0.274785999,-1.232871058,1,0
0,0,-0.4450521992,-1.702662002,2,0
0,0,-0.7777422915,-3.326900923,1,0
0,0,-1.205773863,-4.280315719,0,-1
1,1,-1.736891995,-5.311181312
0,0,0,0,1,0
0,0,0.0002672349259,0.002672349259,1,0
0,0,0.01058968062,0.1032244569,0,0
0,0,0.1113428132,1.007531325,1,0
0,0,0.2405245648,1.291817516,0,0
0,0,0.4824204903,2.418959255,1,0
0,0,0.7831129347,3.006924444,1,0
0,0,1.177813243,3.94700308,1,-1
1,1,1.701664287,5.238510441
0,0,0,0,2,0
0,0,-0.08612931981,-0.8612931981,2,0
0,0,-0.2767699923,-1.906406725,2,0
0,0,-0.6058860629,-3.291160706,1,0
0,0,-1.019825683,-4.139396201,2,-1
1,1,-1.594968085,-5.751424024
0,0,0,0,1,0
0,0,-0.0009998406709,-0.009998406709,0,0
0,0,0.06955410339,0.7055394406,1,0
0,0,0.1419722581,0.724181547,2,0
0,0,0.1527257391,0.1075348103,0,0
0,0,0.281004436,1.282786969,0,0
0,0,0.5297194999,2.487150639,2,0
0,0,0.7967033474,2.669838474,0,0
0,0,1.238109495,4.41406148,2,-1
1,1,1.78619608,5.48086585
0,0,0,0,2,0
0,0,-0.09687204851,-0.9687204851,1,0
0,0,-0.198699826,-1.018277775,0,0
0,0,-0.2567257108,-0.5802588478,1,0
0,0,-0.3599995782,-1.032738674,2,0
0,0,-0.6001260819,-2.401265037,2,0
0,0,-0.9855527869,-3.85426705,0,0
0,0,-1.452833116,-4.672803288,2,-1
1,1,-2.07001172,-6.171786041
0,0,0,0,0,0
0,0,0.07442852621,0.7442852621,0,0
0,0,0.2565197149,1.820911887,2,0
0,0,0.3942008092,1.376810942,1,0
0,0,0.6064560295,2.122552203,1,0
0,0,0.9000601917,2.936041623,2,0
0,0,1.260161224,3.601010324,1,-1
1,1,1.752859548,4.926983236
0,0,0,0,1,0
0,0,0.01100251224,0.1100251224,2,0
0,0,-0.08021926289,-0.9122177514,1,0
0,0,-0.1682815426,-0.8806227969,1,0
0,0,-0.2924226617,-1.241411192,0,0
0,0,-0.3668193883,-0.7439672659,2,0
0,0,-0.5687265284,-2.019071401,0,0
0,0,-0.779686088,-2.109595596,1,0
0,0,-1.109166637,-3.294805493,2,-1
1,1,-1.60420059,-4.950339528
0,0,0,0,0,0
0,0,0.09483789145,0.9483789145,1,0
0,0,0.2106853067,1.158474152,0,0
0,0,0.436419052,2.257337453,2,0
0,0,0.662479238,2.26060186,0,0
0,0,1.053138674,3.906594359,0,-1
1,1,1.602897959,5.497592854
0,0,0,0,2,0
0,0,-0.07416655954,-0.7416655954,2,0
0,0,-0.2349595432,-1.607929837,1,0
0,0,-0.422381313,-1.874217698,1,0
0,0,-0.6763580842,-2.539767712,2,0
0,0,-1.098214482,-4.218563981,2,-1
1,1,-1.673997209,-5.757827266
0,0,0,0,1,0
0,0,-0.008438121675,-0.08438121675,1,0
0,0,-0.002914133947,0.05523987728,0,0
0,0,0.1013100712,1.042242051,0,0
0,0,0.3096061426,2.082960714,1,0
0,0,0.5534283137,2.438221711,0,0
0,0,0.9433202568,3.898919431,0,0
0,0,1.497139367,5.538191098,0,-1
1,1,2.199737655,7.02598288
0,0,0,0,0,0
0,0,0.07907612473,0.7907612473,0,0
0,0,0.2525957409,1.735196162,2,0
0,0,0.3738634748,1.21267734,1,0
0,0,0.5712711386,1.974076638,2,0
0,0,0.7703396014,1.990684628,1,0
0,0,1.067395718,2.970561171,0,0
0,0,1.522334141,4.549384225,2,-1
1,1,2.11864243,5.963082886
0,0,0,0,2,0
0,0,-0.1047940943,-1.047940943,0,0
0,0,-0.1504786069,-0.4568451267,1,0
0,0,-0.2239100144,-0.7343140747,2,0
0,0,-0.4068462652,-1.829362508,1,0
0,0,-0.667279276,-2.604330109,0,0
0,0,-0.9646391321,-2.97359856,1,0
0,0,-1.380143096,-4.155039642,0,-1
1,1,-1.919019303,-5.388762068
0,0,0,0,0,0
0,0,0.08900234097,0.8900234097,2,0
0,0,0.1081096515,0.1910731055,2,0
0,0,0.06282411886,-0.4528553266,1,0
0,0,0.0240182136,-0.3880590526,2,0
0,0,-0.09338186308,-1.174000767,1,0
0,0,-0.219153473,-1.257716099,0,0
0,0,-0.296578673,-0.7742519999,1,0
0,0,-0.4271568332,-1.305781602,2,0
0,0,-0.7049110297,-2.777541965,2,0
0,0,-1.132380719,-4.274696893,0,-1
1,1,-1.651869564,-5.194888446
0,0,0,0,1,0
0,0,-0.008498466475,-0.08498466475,1,0
0,0,-0.007853156636,0.006453098386,1,0
0,0,0.002482110001,0.1033526664,0,0
0,0,0.1110094309,1.085273209,1,0
0,0,0.2545270239,1.43517593,0,0
0,0,0.5256470054,2.711199815,1,0
0,0,0.8683764119,3.427294065,2,0
0,0,1.266161978,3.97785566,0,-1
1,1,1.823522642,5.573606644
0,0,0,0,1,0
0,0,0.01482029374,0.1482029374,0,0
0,0,0.1032269304,0.8840663661,0,0
0,0,0.2870689573,1.838420269,0,0
0,0,0.6018987951,3.148298378,2,0
0,0,0.9202114661,3.18312671,1,0
0,0,1.358414191,4.382027249,2,-1
1,1,1.921063954,5.626497635
0,0,0,0,1,0
0,0,-0.01265391389,-0.1265391389,0,0
0,0,0.07768262549,0.9033653938,0,0
0,0,0.2628020223,1.851193968,1,0
0,0,0.4920964813,2.292944591,0,0
0,0,0.8756645111,3.835680297,1,0
0,0,1.377022549,5.013580382,0,-1
1,1,2.030938759,6.539162098
0,0,0,0,2,0
0,0,-0.08909317336,-0.8909317336,2,0
0,0,-0.2742530212,-1.851598479,0,0
0,0,-0.4067505782,-1.324975569,2,0
0,0,-0.6770858017,-2.703352235,2,0
0,0,-1.1173006,-4.402147986,0,-1
1,1,-1.653682421,-5.363818209
0,0,0,0,0,0
0,0,0.07319121999,0.7319121999,0,0
0,0,0.2356871654,1.624959454,0,0
0,0,0.5207464166,2.850592512,2,0
0,0,0.8227420355,3.019956189,1,0
0,0,1.231311158,4.085691224,0,-1
1,1,1.794388085,5.630769272
0,0,0,0,1,0
0,0,-0.01609202741,-0.1609202741,0,0
0,0,0.0500002159,0.6609224331,0,0
0,0,0.2193792693,1.693790534,1,0
0,0,0.4253317825,2.059525132,2,0
0,0,0.6305429665,2.05211184,0,0
0,0,1.007425506,3.768825394,1,0
0,0,1.500141274,4.927157684,1,-1
1,1,2.137104021,6.369627467
0,0,0,0,0,0
0,0,0.09161846112,0.9161846112,2,0
0,0,0.1171430292,0.255245681,2,0
0,0,0.09026004066,-0.2688298856,2,0
0,0,-0.0131173318,-1.033773725,0,0
0,0,-0.01520580411,-0.02088472311,1,0
0,0,-0.009383651947,0.05822152165,0,0
0,0,0.08158819998,0.9097185193,1,0
0,0,0.2013828603,1.197946603,1,0
0,0,0.344332889,1.429500287,2,0
0,0,0.4514139303,1.070810413,0,0
0,0,0.6999188261,2.485048958,2,0
0,0,0.9868633384,2.869445123,2,0
0,0,1.348566295,3.617029567,0,-1
1,1,1.866834978,5.18268683
0,0,0,0,1,0
0,0,0.007261273879,0.07261273879,1,0
0,0,0.00539591309,-0.01865360789,0,0
0,0,0.1065912984,1.011953853,2,0
0,0,0.1320820198,0.2549072136,0,0
0,0,0.2517429027,1.196608829,0,0
0,0,0.4888775296,2.371346269,2,0
0,0,0.7140247847,2.25147255,1,0
0,0,1.05171658,3.376917951,2,0
0,0,1.472940827,4.212242475,2,-1
1,1,2.030606046,5.576652187
0,0,0,0,0,0
0,0,0.08730021052,0.8730021052,0,0
0,0,0.285043936,1.977437255,0,0
0,0,0.6004949726,3.154510365,2,0
0,0,0.9381269247,3.376319521,0,0
0,0,1.430920459,4.92793534,2,-1
1,1,2.054814175,6.238937165
0,0,0,0,0,0
0,0,0.09641888953,0.9641888953,2,0
0,0,0.1136311034,0.1721221386,1,0
0,0,0.1617324367,0.4810133333,2,0
0,0,0.1366887176,-0.2504371911,0,0
0,0,0.2257880709,0.8909935326,2,0
0,0,0.255800975,0.3001290412,0,0
0,0,0.4089538976,1.531529226,2,0
0,0,0.5514379203,1.424840227,0,0
0,0,0.8602890051,3.088510848,2,0
0,0,1.225594946,3.653059404,0,-1
1,1,1.746238654,5.206437084
0,0,0,0,0,0
0,0,0.08208007715,0.8208007715,1,0
0,0,0.1948044567,1.127243795,2,0
0,0,0.2626542238,0.6784976717,1,0
0,0,0.3746406698,1.11986446,2,0
0,0,0.4604213139,0.8578064401,2,0
0,0,0.5468972586,0.8647594475,1,0
0,0,0.7321812312,1.852839726,2,0
0,0,0.9551953523,2.23014121,0,0
0,0,1.341611116,3.864157634,0,-1
1,1,1.884480359,5.428692431
0,0,0,0,0,0
0,0,0.08348934987,0.8348934987,1,0
0,0,0.1977302599,1.1424091,2,0
0,0,0.2435748068,0.4584454691,0,0
0,0,0.4204425045,1.768676977,0,0
0,0,0.7365016272,3.160591227,0,0
0,0,1.213781477,4.772798499,1,-1
1,1,1.814832323,6.010508455
0,0,0,0,0,0
0,0,0.07823326142,0.7823326142,1,0
0,0,0.156809445,0.7857618363,1,0
0,0,0.271085737,1.14276292,2,0
0,0,0.3530084573,0.819227203,0,0
0,0,0.5732970958,2.202886384,2,0
0,0,0.8064903466,2.331932509,1,0
0,0,1.155819186,3.493288396,2,-1
1,1,1.610413049,4.545938627
0,0,0,0,2,0
0,0,-0.1007782471,-1.007782471,2,0
0,0,-0.306524442,-2.057461948,2,0
0,0,-0.6427882213,-3.362637794,0,0
0,0,-0.9990955869,-3.563073656,1,0
0,0,-1.473241874,-4.74146287,1,-1
1,1,-2.090369593,-6.171277191
0,0,0,0,0,0
0,0,0.08028025919,0.8028025919,1,0
0,0,0.1890623437,1.087820845,0,0
0,0,0.430955768,2.418934244,1,0
0,0,0.7419998442,3.110440762,0,0
0,0,1.203515816,4.615159717,0,-1
1,1,1.826523672,6.230078559
0,0,0,0,2,0
0,0,-0.08123919996,-0.8123919996,1,0
0,0,-0.1789086225,-0.9766942253,2,0
0,0,-0.3948021576,-2.158935351,0,0
0,0,-0.589284856,-1.944826984,0,0
0,0,-0.7961679571,-2.068831011,1,0
0,0,-1.108402333,-3.122343763,0,0
0,0,-1.52178292,-4.133805869,1,-1
1,1,-2.081333645,-5.595507247
0,0,0,0,0,0
0,0,0.07603419729,0.7603419729,1,0
0,0,0.1720227334,0.9598853614,1,0
0,0,0.297898895,1.258761616,1,0
0,0,0.4768866664,1.789877714,0,0
0,0,0.8080516683,3.311650019,1,0
0,0,1.24149827,4.334466014,1,-1
1,1,1.81127819,5.697799202
0,0,0,0,0,0
0,0,0.08151369172,0.8151369172,2,0
0,0,0.07952909185,-0.01984599871,0,0
0,0,0.1627711482,0.8324205638,1,0
0,0,0.288164653,1.253935048,1,0
0,0,0.4500293112,1.618646582,2,0
0,0,0.5985965018,1.485671906,1,0
0,0,0.8440916367,2.45495135,0,0
0,0,1.26479548,4.207038429,1,-1
1,1,1.81932795,5.545324704
0,0,0,0,2,0
0,0,-0.09378009078,-0.9378009078,0,0
0,0,-0.1305428573,-0.3676276655,1,0
0,0,-0.198285086,-0.677422287,2,0
0,0,-0.3773714557,-1.790863697,0,0
0,0,-0.5450935684,-1.677221127,2,0
0,0,-0.8544589528,-3.093653843,1,0
0,0,-1.282640801,-4.281818485,2,-1
1,1,-1.866173612,-5.835328112
0,0,0,0,0,0
0,0,0.07103255192,0.7103255192,0,0
0,0,0.2335891682,1.625566163,1,0
0,0,0.4222818754,1.886927072,2,0
0,0,0.5925481645,1.702662891,1,0
0,0,0.8430531205,2.50504956,2,0
0,0,1.161940206,3.188870851,1,-1
1,1,1.611549241,4.496090354
0,0,0,0,0,0
0,0,0.09293752161,0.9293752161,0,0
0,0,0.3033752239,2.104377023,0,0
0,0,0.6447587677,3.413835438,2,0
0,0,0.9981531201,3.533943524,0,0
0,0,1.516537245,5.183841252,0,-1
1,1,2.183996825,6.674595795
0,0,0,0,2,0
0,0,-0.07603454179,-0.7603454179,2,0
0,0,-0.2422304015,-1.661958597,2,0
0,0,-0.5420786351,-2.998482336,2,0
0,0,-0.9900664188,-4.479877836,1,0
0,0,-1.553834592,-5.637681729,0,-1
1,1,-2.26265172,-7.088171288
0,0,0,0,1,0
0,0,-0.007776630308,-0.07776630308,2,0
0,0,-0.1018321776,-0.9405554724,2,0
0,0,-0.305186381,-2.033542035,0,0
0,0,-0.4892532657,-1.840668847,1,0
0,0,-0.7363951851,-2.471419193,0,0
0,0,-1.015495846,-2.791006607,2,0
0,0,-1.458322079,-4.428262332,1,-1
1,1,-2.04533134,-5.87009261
0,0,0,0,2,0
0,0,-0.08795970479,-0.8795970479,1,0
0,0,-0.1755446425,-0.8758493773,1,0
0,0,-0.2756899585,-1.00145316,0,0
0,0,-0.3253584563,-0.4966849777,0,0
0,0,-0.3499440235,-0.2458556718,1,0
0,0,-0.431603431,-0.8165940752,2,0
0,0,-0.6705226018,-2.389191708,2,0
0,0,-1.062779659,-3.922570569,0,0
0,0,-1.533961302,-4.711816433,0,-1
1,1,-2.148265574,-6.143042718
0,0,0,0,2,0
0,0,-0.09746658099,-0.9746658099,2,0
0,0,-0.2904916975,-1.930251165,0,0
0,0,-0.44518358,-1.546918825,0,0
0,0,-0.5835776214,-1.383940414,0,0
0,0,-0.7531710188,-1.695933974,1,0
0,0,-1.026036246,-2.728652272,1,0
0,0,-1.422924111,-3.968878649,1,-1
1,1,-1.960233464,-5.373093528
0,0,0,0,1,0
0,0,-0.01217883334,-0.1217883334,0,0
0,0,0.06999676668,0.8217560002,1,0
0,0,0.1552064015,0.8520963481,0,0
0,0,0.3614322278,2.062258263,2,0
0,0,0.5598473884,1.984151606,2,0
0,0,0.7785911847,2.187437964,2,0
0,0,1.047438583,2.688473987,0,0
0,0,1.479214564,4.317759806,1,-1
1,1,2.053880189,5.746656249
0,0,0,0,2,0
0,0,-0.09897402948,-0.9897402948,1,0
0,0,-0.2142768981,-1.153028686,0,0
0,0,-0.2711367673,-0.568598692,0,0
0,0,-0.2999284187,-0.2879165137,2,0
0,0,-0.4622429082,-1.623144895,2,0
0,0,-0.783933524,-3.216906157,1,0
0,0,-1.206580848,-4.226473243,1,-1
1,1,-1.75815867,-5.515778219
0,0,0,0,2,0
0,0,-0.08102537598,-0.8102537598,0,0
0,0,-0.07744089761,0.03584478366,2,0
0,0,-0.1841256264,-1.066847288,0,0
0,0,-0.2297805584,-0.45654932,1,0
0,0,-0.3253665807,-0.9558602229,1,0
0,0,-0.4595347462,-1.341681655,0,0
0,0,-0.592044471,-1.325097248,1,0
0,0,-0.8097979546,-2.177534836,0,0
0,0,-1.071743917,-2.619459628,1,0
0,0,-1.462168415,-3.904244975,2,-1
1,1,-2.004922194,-5.427537791
0,0,0,0,2,0
0,0,-0.1042330064,-1.042330064,2,0
0,0,-0.3289842439,-2.247512375,2,0
0,0,-0.699607424,-3.706231801,2,0
0,0,-1.214860443,-5.152530185,1,-1
1,1,-1.853392018,-6.385315753
0,0,0,0,0,0
0,0,0.07351784123,0.7351784123,1,0
0,0,0.1752085564,1.016907151,0,0
0,0,0.3860363199,2.108277636,0,0
0,0,0.7250095093,3.389731894,0,0
0,0,1.223608851,4.985993414,0,-1
1,1,1.877873987,6.542651364
0,0,0,0,2,0
0,0,-0.1021787474,-1.021787474,1,0
0,0,-0.2383731654,-1.361944179,0,0
0,0,-0.3274072476,-0.8903408224,2,0
0,0,-0.567960856,-2.405536084,1,0
0,0,-0.8946856506,-3.267247946,0,0
0,0,-1.279986445,-3.853007941,1,-1
1,1,-1.801713035,-5.217265901
0,0,0,0,0,0
0,0,0.09979560821,0.9979560821,1,0
0,0,0.2163135163,1.165179081,0,0
0,0,0.4569155677,2.406020514,2,0
0,0,0.6822005765,2.252850088,1,0
0,0,0.9978360929,3.156355164,1,0
0,0,1.438301866,4.404657727,0,-1
1,1,2.030077022,5.91775156
0,0,0,0,2,0
0,0,-0.09467225028,-0.9467225028,2,0
0,0,-0.2880032685,-1.933310182,2,0
0,0,-0.6097275744,-3.21724306,0,0
0,0,-0.9616367672,-3.519091928,0,0
0,0,-1.389433543,-4.27796776,0,-1
1,1,-1.946349144,-5.569156008
0,0,0,0,0,0
0,0,0.094206001,0.94206001,1,0
0,0,0.2170563167,1.228503157,0,0
0,0,0.4646007471,2.475444304,0,0
0,0,0.8653324353,4.007316882,2,0
0,0,1.322055351,4.567229156,1,-1
1,1,1.912331575,5.902762243
0,0,0,0,1,0
0,0,-0.01751461881,-0.1751461881,0,0
0,0,0.04246766682,0.5998228564,1,0
0,0,0.1253527824,0.828851156,2,0
0,0,0.1389605088,0.1360772642,1,0
0,0,0.1762161459,0.3725563702,0,0
0,0,0.3401298481,1.639137023,1,0
0,0,0.5499310094,2.098011612,1,0
0,0,0.8288923121,2.789613027,0,0
0,0,1.26281755,4.339252381,2,-1
1,1,1.803639475,5.408219246
0,0,0,0,0,0
0,0,0.09805186355,0.9805186355,2,0
0,0,0.1307641469,0.3271228331,2,0
0,0,0.1005558995,-0.3020824731,2,0
0,0,-0.002478964673,-1.030348642,2,0
0,0,-0.207197334,-2.047183693,2,0
0,0,-0.5194083522,-3.122110183,2,0
0,0,-0.9865286185,-4.671202662,2,-1
1,1,-1.61298549,-6.264568719
0,0,0,0,2,0
0,0,-0.08703687955,-0.8703687955,0,0
0,0,-0.1065708449,-0.1953396532,1,0
0,0,-0.1516359305,-0.4506508567,1,0
0,0,-0.2119537841,-0.6031785354,2,0
0,0,-0.400465364,-1.8851158,1,0
0,0,-0.6478213887,-2.473560246,1,0
0,0,-0.9795359631,-3.317145744,1,0
0,0,-1.428209938,-4.486739747,1,-1
1,1,-2.018409646,-5.901997077
0,0,0,0,1,0
0,0,0.009582977045,0.09582977045,0,0
0,0,0.09676546141,0.8718248436,0,0
0,0,0.2770121686,1.802467072,1,0
0,0,0.5131254004,2.361132318,1,0
0,0,0.81547327,3.023478696,0,0
0,0,1.286733175,4.712599045,2,-1
1,1,1.872173689,5.854405143
0,0,0,0,1,0
0,0,-0.01105676731,-0.1105676731,1,0
0,0,-0.03641866136,-0.2536189405,0,0
0,0,0.03262964003,0.6904830139,2,0
0,0,0.03095479485,-0.01674845182,1,0
0,0,0.04637815669,0.1542336184,2,0
0,0,-0.0007325000529,-0.4711065674,1,0
0,0,-0.04940148277,-0.4866898272,0,0
0,0,-0.006484785147,0.4291669763,0,0
0,0,0.1288203295,1.353051146,2,0
0,0,0.2096087159,0.8078838643,0,0
0,0,0.4032220405,1.936133246,0,0
0,0,0.7461262784,3.429042378,0,0
0,0,1.250620617,5.044943391,2,-1
1,1,1.861675155,6.110545376
0,0,0,0,1,0
0,0,-0.01669710163,-0.1669710163,2,0
0,0,-0.1102124789,-0.9351537728,1,0
0,0,-0.2233269301,-1.131144512,1,0
0,0,-0.3864114052,-1.630844751,2,0
0,0,-0.6801107347,-2.936993295,1,0
0,0,-1.075849152,-3.957384171,1,-1
1,1,-1.598691561,-5.228424094
0,0,0,0,2,0
0,0,-0.07595657528,-0.7595657528,1,0
0,0,-0.1819750546,-1.060184794,1,0
0,0,-0.3172849215,-1.353098668,2,0
0,0,-0.5983099193,-2.810249978,2,0
0,0,-1.047861728,-4.495518082,2,-1
1,1,-1.648340636,-6.00478908
0,0,0,0,1,0
0,0,0.01558238662,0.1558238662,1,0
0,0,0.03084733077,0.1526494415,0,0
0,0,0.138891187,1.080438562,0,0
0,0,0.3695786511,2.306874641,0,0
0,0,0.7261865883,3.566079372,1,0
0,0,1.18757964,4.613930518,0,-1
1,1,1.801270611,6.136909708
0,0,0,0,2,0
0,0,-0.08611963619,-0.8611963619,0,0
0,0,-0.1089754908,-0.2285585462,1,0
0,0,-0.1553682745,-0.4639278364,2,0
0,0,-0.3189600134,-1.635917389,1,0
0,0,-0.5455016373,-2.26541624,1,0
0,0,-0.8454641567,-2.999625193,2,0
0,0,-1.311801747,-4.663375904,0,-1
1,1,-1.896738168,-5.849364206
0,0,0,0,2,0
0,0,-0.1037452211,-1.037452211,1,0
0,0,-0.2379300074,-1.341847863,0,0
0,0,-0.343456196,-1.055261886,0,0
0,0,-0.4090810615,-0.6562486553,0,0
0,0,-0.4678426511,-0.5876158961,0,0
0,0,-0.5309131715,-0.6307052036,1,0
0,0,-0.6707609821,-1.398478106,2,0
0,0,-0.9658834292,-2.951224471,1,0
0,0,-1.373802047,-4.07918618,1,-1
1,1,-1.923603175,-5.49801128
0,0,0,0,1,0
0,0,0.006972551411,0.06972551411,0,0
0,0,0.1193241986,1.123516471,2,0
0,0,0.1726037855,0.5327958691,2,0
0,0,0.1572185216,-0.153852639,1,0
0,0,0.1847515133,0.2753299174,1,0
0,0,0.2297622485,0.4501073523,1,0
0,0,0.3123443923,0.8258214373,0,0
0,0,0.5321467943,2.198024021,2,0
0,0,0.7732679469,2.411211525,1,0
0,0,1.114947899,3.416799518,1,-1
1,1,1.582208986,4.672610878
0,0,0,0,1,0
0,0,0.01363085902,0.1363085902,1,0
0,0,0.032019836,0.1838897698,1,0
0,0,0.05400292831,0.2198309232,0,0
0,0,0.1829922883,1.2898936,0,0
0,0,0.4425091387,2.595168503,2,0
0,0,0.7041090669,2.615999282,1,0
0,0,1.071718932,3.67609865,1,0
0,0,1.562507033,4.90788101,0,-1
1,1,2.200704516,6.381974836
0,0,0,0,1,0
0,0,-0.01586357377,-0.1586357377,0,0
0,0,0.04039437524,0.5625794901,1,0
0,0,0.09054902782,0.5015465258,1,0
0,0,0.1487007058,0.5815167795,1,0
0,0,0.2276298951,0.7892918934,0,0
0,0,0.4265593222,1.989294271,0,0
0,0,0.7808823934,3.543230712,0,0
0,0,1.285575521,5.04693128,1,-1
1,1,1.918351957,6.327764357
0,0,0,0,1,0
0,0,0.0009865068655,0.009865068655,1,0
0,0,-0.00890804255,-0.09894549415,2,0
0,0,-0.1259798883,-1.170718457,2,0
0,0,-0.3514647879,-2.254848996,0,0
0,0,-0.5528731593,-2.014083714,1,0
0,0,-0.8463368261,-2.934636668,0,0
0,0,-1.194700477,-3.48363651,1,-1
1,1,-1.671144328,-4.76443851
0,0,0,0,1,0
0,0,-0.01404468095,-0.1404468095,0,0
0,0,0.06787756282,0.8192224376,1,0
0,0,0.144060035,0.7618247215,2,0
0,0,0.1731633546,0.2910331965,2,0
0,0,0.1576743548,-0.1548899978,2,0
0,0,0.08765153129,-0.7002282355,2,0
0,0,-0.04058176494,-1.282332962,0,0
0,0,-0.08687949288,-0.4629772794,1,0
0,0,-0.1652859413,-0.7840644841,1,0
0,0,-0.2706350418,-1.053491005,1,0
0,0,-0.4058049686,-1.351699268,1,0
0,0,-0.5988617214,-1.930567529,1,0
0,0,-0.891415143,-2.925534216,1,0
0,0,-1.297100522,-4.056853785,1,-1
1,1,-1.84107239,-5.439718685
0,0,0,0,0,0
0,0,0.07811613381,0.7811613381,0,0
0,0,0.2582679921,1.801518583,2,0
0,0,0.3913397487,1.330717566,1,0
0,0,0.5855759194,1.942361708,2,0
0,0,0.8068661745,2.212902551,0,0
0,0,1.194951703,3.880855287,0,-1
1,1,1.738460369,5.435086661
0,0,0,0,2,0
0,0,-0.09885095239,-0.9885095239,2,0
0,0,-0.3159148315,-2.170638791,2,0
0,0,-0.6497463211,-3.338314896,2,0
0,0,-1.128114839,-4.783685175,1,-1
1,1,-1.730937603,-6.028227645
0,0,0,0,2,0
0,0,-0.07635098195,-0.7635098195,2,0
0,0,-0.2446747135,-1.683237315,2,0
0,0,-0.5331952392,-2.885205257,0,0
0,0,-0.8345626187,-3.013673795,0,0
0,0,-1.201134864,-3.665722452,2,-1
1,1,-1.732857619,-5.317227547
0,0,0,0,0,0
0,0,0.09221402994,0.9221402994,0,0
0,0,0.2845518863,1.923378563,0,0
0,0,0.6204694454,3.359175592,0,0
0,0,1.096968671,4.764992259,2,-1
1,1,1.663948797,5.669801256
0,0,0,0,1,0
0,0,-0.01551676715,-0.1551676715,1,0
0,0,-0.04490577627,-0.2938900913,2,0
0,0,-0.163704683,-1.187989068,1,0
0,0,-0.3210054709,-1.573007878,1,0
0,0,-0.521690437,-2.006849662,0,0
0,0,-0.7368020592,-2.151116222,2,0
0,0,-1.10641344,-3.696113808,0,-1
1,1,-1.574666535,-4.682530953
0,0,0,0,2,0
0,0,-0.1040753928,-1.040753928,1,0
0,0,-0.2272949064,-1.232195137,2,0
0,0,-0.4727497479,-2.454548414,1,0
0,0,-0.7798803803,-3.071306324,0,0
0,0,-1.131284797,-3.514044168,1,-1
1,1,-1.612969506,-4.816847093
0,0,0,0,0,0
0,0,0.08782607124,0.8782607124,1,0
0,0,0.1773824989,0.8955642761,0,0
0,0,0.397332938,2.199504391,2,0
0,0,0.5858204286,1.884874907,1,0
0,0,0.8580887356,2.72268307,1,0
0,0,1.242209519,3.841207832,0,-1
1,1,1.785104288,5.42894769
0,0,0,0,0,0
0,0,0.07465653194,0.7465653194,1,0
0,0,0.1473426422,0.7268611028,0,0
0,0,0.3228036564,1.754610142,2,0
0,0,0.4811147904,1.58311134,1,0
0,0,0.7143014587,2.331866683,0,0
0,0,1.120502091,4.062006326,1,-1
1,1,1.658993002,5.384909106
0,0,0,0,2,0
0,0,-0.07564665253,-0.7564665253,0,0
0,0,-0.0813813063,-0.05734653766,0,0
0,0,-0.02805496656,0.5332633973,1,0
0,0,0.009953856594,0.3800882316,1,0
0,0,0.04843708239,0.3848322579,1,0
0,0,0.1115999769,0.6316289449,0,0
0,0,0.2970754323,1.854754555,2,0
0,0,0.4617000906,1.646246583,2,0
0,0,0.6365703177,1.748702271,2,0
0,0,0.8259471329,1.893768152,2,0
0,0,1.081157087,2.552099536,2,0
0,0,1.43114638,3.499892936,2,-1
1,1,1.915071912,4.839255317
0,0,0,0,1,0
0,0,0.01672164991,0.1672164991,1,0
0,0,0.04017548488,0.2345383498,0,0
0,0,0.1441176768,1.039421919,1,0
0,0,0.2551787512,1.110610744,0,0
0,0,0.5024927803,2.47314029,0,0
0,0,0.899944017,3.974512367,2,0
0,0,1.353490481,4.535464642,2,-1
1,1,1.927262958,5.737724771
0,0,0,0,0,0
0,0,0.07196641925,0.7196641925,1,0
0,0,0.139771219,0.6780479978,0,0
0,0,0.3329804495,1.932092305,2,0
0,0,0.4997326869,1.667522374,0,0
0,0,0.8235969088,3.238642219,2,0
0,0,1.204715411,3.811185018,0,-1
1,1,1.741851445,5.371360345
0,0,0,0,2,0
0,0,-0.08428862408,-0.8428862408,2,0
0,0,-0.2777358175,-1.934471934,2,0
0,0,-0.6006050804,-3.22869263,0,0
0,0,-0.9501090402,-3.495039598,0,0
0,0,-1.370596349,-4.20487309,2,-1
1,1,-1.94378476,-5.73188411
0,0,0,0,1,0
0,0,-0.01459728958,-0.1459728958,2,0
0,0,-0.1086372984,-0.9404000885,1,0
0,0,-0.2222868623,-1.136495639,0,0
0,0,-0.2949528286,-0.7266596627,1,0
0,0,-0.4110372317,-1.160844031,0,0
0,0,-0.5036545632,-0.9261733154,0,0
0,0,-0.5909535547,-0.8729899147,2,0
0,0,-0.8466359246,-2.556823699,0,0
0,0,-1.153241749,-3.066058245,0,0
0,0,-1.555777157,-4.025354077,2,-1
1,1,-2.106270524,-5.504933675
0,0,0,0,0,0
0,0,0.08071742735,0.8071742735,2,0
0,0,0.07681971919,-0.03897708152,1,0
0,0,0.0991074541,0.222877349,1,0
0,0,0.1282992229,0.2919176881,0,0
0,0,0.2825854824,1.542862595,0,0
0,0,0.577273449,2.946879666,2,0
0,0,0.8802679466,3.029944977,1,0
0,0,1.287020382,4.067524357,1,-1
1,1,1.830326793,5.433064107
0,0,0,0,1,0
0,0,-0.009046413886,-0.09046413886,1,0
0,0,-0.03549670095,-0.2645028706,2,0
0,0,-0.1434158825,-1.079191815,1,0
0,0,-0.2603319093,-1.169160269,1,0
0,0,-0.4182210324,-1.578891231,0,0
0,0,-0.5613848693,-1.431638369,2,0
0,0,-0.858147402,-2.967625327,2,0
0,0,-1.319663014,-4.615156118,2,-1
1,1,-1.93836699,-6.18703976
0,0,0,0,1,0
0,0,0.001301656551,0.01301656551,2,0
0,0,-0.07470228412,-0.7600394067,2,0
0,0,-0.2473599781,-1.72657694,0,0
0,0,-0.3775021185,-1.301421404,2,0
0,0,-0.6392840265,-2.61781908,0,0
0,0,-0.9359358994,-2.96651873,2,0
0,0,-1.391560365,-4.556244659,2,-1
1,1,-1.999945194,-6.083848287
0,0,0,0,1,0
0,0,0.01469609539,0.1469609539,0,0
0,0,0.1163143388,1.016182434,1,0
0,0,0.2550354153,1.387210766,2,0
0,0,0.365487976,1.104525607,0,0
0,0,0.6206873209,2.551993449,1,0
0,0,0.9693120337,3.486247128,0,0
0,0,1.488927648,5.196156141,0,-1
1,1,2.158225074,6.692974262
0,0,0,0,0,0
0,0,0.07108004607,0.7108004607,1,0
0,0,0.1603822972,0.8930225116,1,0
0,0,0.2631098992,1.02727602,2,0
0,0,0.329476758,0.663668588,1,0
0,0,0.4643465932,1.348698351,1,0
0,0,0.6811705939,2.168240008,1,0
0,0,0.9859574173,3.047868233,2,0
0,0,1.367728844,3.817714263,0,-1
1,1,1.907127162,5.393983184
0,0,0,0,0,0
0,0,0.08476973569,0.8476973569,2,0
0,0,0.08958365881,0.04813923122,2,0
0,0,0.009693942943,-0.7988971587,0,0
0,0,0.004657775124,-0.05036167819,0,0
0,0,0.08242841204,0.7777063692,0,0
0,0,0.2523269878,1.698985758,1,0
0,0,0.4634475069,2.111205191,2,0
0,0,0.669087866,2.056403591,0,0
0,0,1.030885684,3.617978177,0,0
0,0,1.557011347,5.261256636,1,-1
1,1,2.229683611,6.726722639
0,0,0,0,1,0
0,0,0.001505685137,0.01505685137,1,0
0,0,0.009109224462,0.07603539325,2,0
0,0,-0.05575359878,-0.6486282324,1,0
0,0,-0.1129316864,-0.5717808764,2,0
0,0,-0.272787494,-1.598558076,2,0
0,0,-0.5758867962,-3.030993021,2,0
0,0,-1.021154438,-4.452676417,0,0
0,0,-1.548493454,-5.273390164,0,-1
1,1,-2.220245387,-6.717519326
0,0,0,0,2,0
0,0,-0.07111799503,-0.7111799503,1,0
0,0,-0.1571774595,-0.860594645,1,0
0,0,-0.2861767487,-1.289992892,2,0
0,0,-0.5571670818,-2.709903331,1,0
0,0,-0.9100522387,-3.528851569,1,0
0,0,-1.37915454,-4.691023011,1,-1
1,1,-1.987297769,-6.081432291
0,0,0,0,1,0
0,0,-0.002048570961,-0.02048570961,0,0
0,0,0.06760046548,0.6964903644,0,0
0,0,0.245954484,1.783540185,1,0
0,0,0.4646206158,2.186661318,2,0
0,0,0.6895189507,2.248983349,2,0
0,0,0.9621697802,2.726508295,0,0
0,0,1.404984572,4.428147916,1,-1
1,1,1.988175645,5.831910728
0,0,0,0,0,0
0,0,0.08415448252,0.8415448252,1,0
0,0,0.1841854337,1.000309512,2,0
0,0,0.2328566502,0.486712165,2,0
0,0,0.2209729806,-0.1188366963,0,0
0,0,0.3470804934,1.261075128,0,0
0,0,0.6065419173,2.594614239,0,0
0,0,1.011903314,4.053613967,0,-1
1,1,1.573417956,5.615146423
0,0,0,0,2,0
0,0,-0.08718391427,-0.8718391427,0,0
0,0,-0.0899991419,-0.02815227632,0,0
0,0,-0.02086185384,0.6913728806,2,0
0,0,-0.05906761815,-0.3820576431,1,0
0,0,-0.09357066434,-0.3450304619,0,0
0,0,-0.03969699054,0.538736738,0,0
0,0,0.09739005431,1.370870448,0,0
0,0,0.3424696155,2.450795612,0,0
0,0,0.7294877356,3.870181201,1,0
0,0,1.218242341,4.887546056,1,-1
1,1,1.835270411,6.170280702
0,0,0,0,1,0
0,0,-0.004626688918,-0.04626688918,1,0
0,0,-0.007710198774,-0.03083509855,1,0
0,0,0.001057207574,0.08767406347,0,0
0,0,0.08478327006,0.8372606249,0,0
0,0,0.2860200893,2.012368192,2,0
0,0,0.4531864607,1.671663715,0,0
0,0,0.7618784504,3.086919896,2,0
0,0,1.117959838,3.56081388,2,0
0,0,1.568239587,4.502797484,1,-1
1,1,2.165434539,5.97194952
0,0,0,0,0,0
0,0,0.08088837437,0.8088837437,1,0
0,0,0.1859245459,1.050361716,2,0
0,0,0.2338773313,0.4795278536,0,0
0,0,0.4041529117,1.702755804,2,0
0,0,0.5535968278,1.494439161,0,0
0,0,0.8507008,2.971039723,0,0
0,0,1.303456935,4.52756135,1,-1
1,1,1.88889851,5.854415748
0,0,0,0,2,0
0,0,-0.09419169534,-0.9419169534,0,0
0,0,-0.1057622189,-0.1157052357,0,0
0,0,-0.03592679534,0.6983542358,1,0
0,0,0.01502887007,0.5095566541,1,0
0,0,0.05592584077,0.4089697069,1,0
0,0,0.09156432303,0.3563848226,2,0
0,0,0.05764616481,-0.3391815821,1,0
0,0,0.01627528929,-0.4137087553,0,0
0,0,0.08106023587,0.6478494658,0,0
0,0,0.2644982639,1.83438028,2,0
0,0,0.3919103681,1.274121042,0,0
0,0,0.6555661091,2.63655741,2,0
0,0,0.941735997,2.861698879,1,0
0,0,1.352848723,4.111127258,1,-1
1,1,1.901833447,5.489847243
0,0,0,0,0,0
0,0,0.0857682352,0.857682352,2,0
0,0,0.112338302,0.2657006676,1,0
0,0,0.1714042559,0.5906595395,2,0
0,0,0.1715886463,0.001843903445,0,0
0,0,0.2720850369,1.004963907,0,0
0,0,0.4911810268,2.190959898,1,0
0,0,0.7805798178,2.89398791,2,0
0,0,1.111366311,3.307864934,2,0
0,0,1.533535267,4.22168956,2,-1
1,1,2.098647052,5.651117844
0,0,0,0,0,0
0,0,0.09934752807,0.9934752807,0,0
0,0,0.2922992611,1.929517331,1,0
0,0,0.5232343919,2.309351307,1,0
0,0,0.8258949781,3.026605862,0,0
0,0,1.292844494,4.669495156,2,-1
1,1,1.871655665,5.788111712
0,0,0,0,1,0
0,0,-0.0151460064,-0.151460064,1,0
0,0,-0.03605446437,-0.2090845797,0,0
0,0,0.01744365796,0.5349812233,0,0
0,0,0.1463369723,1.288933144,1,0
0,0,0.2956001023,1.4926313,2,0
0,0,0.4012349119,1.056348095,1,0
0,0,0.5723105613,1.710756494,1,0
0,0,0.8327202328,2.604096716,0,0
0,0,1.255857592,4.231373587,0,-1
1,1,1.840338669,5.84481077
0,0,0,0,0,0
0,0,0.0937027834,0.937027834,0,0
0,0,0.3024122096,2.087094262,2,0
0,0,0.4606580613,1.582458516,0,0
0,0,0.7727589544,3.121008932,0,0
0,0,1.239253604,4.664946491,2,-1
1,1,1.807941314,5.686877102
0,0,0,0,2,0
0,0,-0.07779383613,-0.7779383613,0,0
0,0,-0.09546254959,-0.1766871347,0,0
0,0,-0.03266584129,0.6279670831,2,0
0,0,-0.05153468791,-0.1886884662,1,0
0,0,-0.07587248501,-0.243377971,2,0
0,0,-0.1955569111,-1.196844261,0,0
0,0,-0.2458829856,-0.5032607446,2,0
0,0,-0.4283274204,-1.824444348,2,0
0,0,-0.7623222383,-3.339948179,1,0
0,0,-1.20703945,-4.447172114,2,-1
1,1,-1.808172147,-6.011326977
0,0,0,0,1,0
0,0,-0.00745741321,-0.0745741321,2,0
0,0,-0.1044329621,-0.9697554884,0,0
0,0,-0.1196389608,-0.1520599879,2,0
0,0,-0.252385288,-1.327463271,0,0
0,0,-0.3378674053,-0.8548211734,2,0
0,0,-0.5610248523,-2.23157447,1,0
0,0,-0.8558635496,-2.948386973,1,0
0,0,-1.259110924,-4.03247374,0,-1
1,1,-1.773344695,-5.142337713
0,0,0,0,0,0
0,0,0.08915624552,0.8915624552,2,0
0,0,0.1067836958,0.1762745023,0,0
0,0,0.224264777,1.174810813,0,0
0,0,0.4598993049,2.356345279,0,0
0,0,0.856866626,3.969673211,0,0
0,0,1.414752038,5.57885412,1,-1
1,1,2.110246848,6.9549481
0,0,0,0,0,0
0,0,0.08544538484,0.8544538484,1,0
0,0,0.1773660889,0.9192070402,1,0
0,0,0.2976530169,1.202869281,2,0
0,0,0.395593091,0.9794007408,2,0
0,0,0.4870822471,0.9148915612,1,0
0,0,0.6659968689,1.789146218,0,0
0,0,1.014398603,3.484017342,2,0
0,0,1.437422309,4.230237063,1,-1
1,1,2.004415577,5.669932681
0,0,0,0,1,0
0,0,0.01478354152,0.1478354152,2,0
0,0,-0.05091418063,-0.6569772215,2,0
0,0,-0.2062605329,-1.553463523,2,0
0,0,-0.4949636412,-2.887031083,0,0
0,0,-0.7858924686,-2.909288274,2,0
0,0,-1.245788003,-4.598955344,0,-1
1,1,-1.81045771,-5.646697073
0,0,0,0,1,0
0,0,0.00619623773,0.0619623773,0,0
0,0,0.1083869339,1.021906962,0,0
0,0,0.3312097643,2.228228303,1,0
0,0,0.6124022933,2.81192529,0,0
0,0,1.045005037,4.326027442,0,-1
1,1,1.629061587,5.840565494
0,0,0,0,0,0
0,0,0.0783591115,0.783591115,2,0
0,0,0.08091418505,0.02555073553,0,0
0,0,0.1911087562,1.101945712,0,0
0,0,0.4320573356,2.409485794,1,0
0,0,0.7307041643,2.986468287,2,0
0,0,1.080206413,3.495022485,0,-1
1,1,1.594035406,5.138289927
0,0,0,0,1,0
0,0,0.004303037642,0.04303037642,2,0
0,0,-0.09312827163,-0.9743130927,2,0
0,0,-0.3042580522,-2.111297806,2,0
0,0,-0.6609354905,-3.566774383,1,0
0,0,-1.109677204,-4.487417139,0,-1
1,1,-1.64742129,-5.37744086
0,0,0,0,1,0
0,0,0.0009977927991,0.009977927991,0,0
0,0,0.07591077854,0.7491298574,2,0
0,0,0.08459697777,0.08686199223,1,0
0,0,0.108958827,0.2436184922,2,0
0,0,0.08199554858,-0.2696327841,1,0
0,0,0.08458937746,0.02593828885,1,0
0,0,0.1150491756,0.3045979815,2,0
0,0,0.06302315021,-0.5202602541,1,0
0,0,0.03252480441,-0.304983458,2,0
0,0,-0.08007252078,-1.125973252,1,0
0,0,-0.2102366084,-1.301640877,0,0
0,0,-0.3001905507,-0.8995394225,1,0
0,0,-0.4446204091,-1.444298584,2,0
0,0,-0.7348364641,-2.902160551,2,0
0,0,-1.19300733,-4.581708654,2,-1
1,1,-1.803167126,-6.101597967
0,0,0,0,2,0
0,0,-0.0877119704,-0.877119704,1,0
0,0,-0.1850163935,-0.9730442315,1,0
0,0,-0.3281869452,-1.431705516,2,0
0,0,-0.6223658917,-2.941789465,0,0
0,0,-0.9351662382,-3.128003466,0,0
0,0,-1.320497362,-3.853311236,1,-1
1,1,-1.84322216,-5.22724798
0,0,0,0,0,0
0,0,0.07891331614,0.7891331614,1,0
0,0,0.1832829987,1.043696826,0,0
0,0,0.4163758842,2.330928855,2,0
0,0,0.6269667717,2.105908875,2,0
0,0,0.8668135537,2.39846782,1,0
0,0,1.215649202,3.488356487,0,-1
1,1,1.72868739,5.13038188
0,0,0,0,2,0
0,0,-0.08303962692,-0.8303962692,1,0
0,0,-0.1807041801,-0.9766455321,0,0
0,0,-0.2230005107,-0.4229633054,2,0
0,0,-0.3724687414,-1.494682307,1,0
0,0,-0.5960727645,-2.23604023,1,0
0,0,-0.8983916884,-3.023189239,0,0
0,0,-1.270286936,-3.718952476,1,-1
1,1,-1.781242915,-5.109559786
0,0,0,0,0,0
0,0,0.08763677229,0.8763677229,2,0
0,0,0.1180431997,0.3040642741,2,0
0,0,0.06972070306,-0.4832249664,2,0
0,0,-0.05189883616,-1.216195392,0,0
0,0,-0.1026155978,-0.5071676164,1,0
0,0,-0.1563391102,-0.5372351243,2,0
0,0,-0.3164755434,-1.601364332,2,0
0,0,-0.6169777421,-3.005021986,2,0
0,0,-1.078118921,-4.61141179,0,-1
1,1,-1.629843305,-5.517243843
0,0,0,0,0,0
0,0,0.08746049652,0.8746049652,1,0
0,0,0.2058564992,1.183960027,0,0
0,0,0.4400449817,2.341884826,2,0
0,0,0.6573250269,2.172800451,2,0
0,0,0.9081778333,2.508528065,0,0
0,0,1.31911302,4.109351862,2,-1
1,1,1.848357709,5.292446893
0,0,0,0,2,0
0,0,-0.08983971556,-0.8983971556,1,0
0,0,-0.1864658528,-0.9662613723,1,0
0,0,-0.3130453054,-1.265794526,1,0
0,0,-0.4907670556,-1.777217503,0,0
0,0,-0.6633421958,-1.725751402,2,0
0,0,-0.9900036763,-3.266614805,1,0
0,0,-1.44277013,-4.527664536,1,-1
1,1,-2.038578368,-5.958082379
0,0,0,0,2,0
0,0,-0.07891977663,-0.7891977663,0,0
0,0,-0.08242411586,-0.03504339226,0,0
0,0,-0.02660048953,0.5582362633,1,0
0,0,0.01194581193,0.3854630147,2,0
0,0,-0.05165543661,-0.6360124854,1,0
0,0,-0.138568918,-0.8691348142,2,0
0,0,-0.3408458275,-2.022769094,0,0
0,0,-0.5217370949,-1.808912675,1,0
0,0,-0.7906828266,-2.689457316,2,0
0,0,-1.234178861,-4.434960341,2,-1
1,1,-1.834066928,-5.998880675
0,0,0,0,0,0
0,0,0.0825504551,0.825504551,0,0
0,0,0.269023963,1.864735079,2,0
0,0,0.4293997112,1.603757482,2,0
0,0,0.5803948113,1.509951001,1,0
0,0,0.8091527293,2.28757918,0,0
0,0,1.211610588,4.02457859,0,-1
1,1,1.770502827,5.588922383
0,0,0,0,0,0
0,0,0.08630647836,0.8630647836,0,0
0,0,0.27914961,1.928431316,1,0
0,0,0.5077090479,2.285594379,0,0
0,0,0.8849192257,3.772101779,1,0
0,0,1.379083464,4.941642382,2,-1
1,1,1.996502924,6.174194599
0,0,0,0,0,0
0,0,0.07917337873,0.7917337873,0,0
0,0,0.2538473058,1.746739271,0,0
0,0,0.5583645159,3.045172101,2,0
0,0,0.8700854395,3.117209236,2,0
0,0,1.243375402,3.73289962,1,-1
1,1,1.752144089,5.08768687
0,0,0,0,0,0
0,0,0.0938983105,0.938983105,0,0
0,0,0.308574397,2.146760865,1,0
0,0,0.5579243313,2.493499343,1,0
0,0,0.892647114,3.347227827,0,0
0,0,1.3977015,5.050543857,0,-1
1,1,2.055666219,6.579647191
0,0,0,0,0,0
0,0,0.07908971631,0.7908971631,1,0
0,0,0.1624436304,0.8335391407,0,0
0,0,0.3733473313,2.109037009,0,0
0,0,0.7166526357,3.433053044,2,0
0,0,1.088087859,3.71435223,0,-1
1,1,1.619368226,5.312803673
0,0,0,0,2,0
0,0,-0.09460332104,-0.9460332104,2,0
0,0,-0.2928536566,-1.982503356,1,0
0,0,-0.5301312656,-2.37277609,1,0
0,0,-0.8451916628,-3.150603972,2,0
0,0,-1.332026663,-4.868350006,0,-1
1,1,-1.938016739,-6.059900761
0,0,0,0,1,0
0,0,-0.01518641549,-0.1518641549,1,0
0,0,-0.02272330246,-0.07536886967,2,0
0,0,-0.137172159,-1.144488566,1,0
0,0,-0.2797971625,-1.426250035,0,0
0,0,-0.3779904942,-0.9819333163,1,0
0,0,-0.5418578407,-1.638673466,0,0
0,0,-0.7166508492,-1.747930085,1,0
0,0,-1.004451859,-2.878010099,2,0
0,0,-1.456809679,-4.523578197,0,-1
1,1,-2.043916725,-5.87107046
0,0,0,0,0,0
0,0,0.09988810735,0.9988810735,1,0
0,0,0.2017595467,1.018714393,1,0
0,0,0.3393748226,1.37615276,0,0
0,0,0.6234938689,2.841190463,2,0
0,0,0.9411837543,3.176898854,0,0
0,0,1.429425724,4.882419698,2,-1
1,1,2.048131174,6.1870545
0,0,0,0,0,0
0,0,0.09368116845,0.9368116845,2,0
0,0,0.1122165372,0.185353687,1,0
0,0,0.1539615622,0.4174502501,1,0
0,0,0.22076814,0.6680657784,1,0
0,0,0.321264229,1.00496089,0,0
0,0,0.5578956918,2.366314628,2,0
0,0,0.8009419064,2.430462146,0,0
0,0,1.207443218,4.065013116,0,-1
1,1,1.77776743,5.703242124
0,0,0,0,2,0
0,0,-0.0850023621,-0.850023621,0,0
0,0,-0.08072386716,0.04278494943,2,0
0,0,-0.1858247725,-1.051009054,2,0
0,0,-0.4184460461,-2.326212736,2,0
0,0,-0.7915073666,-3.730613205,1,0
0,0,-1.260074697,-4.685673308,0,-1
1,1,-1.838534173,-5.784594752
0,0,0,0,0,0
0,0,0.1050764146,1.050764146,2,0
0,0,0.136939834,0.3186341939,1,0
0,0,0.1893246688,0.5238483479,0,0
0,0,0.3751250889,1.858004201,0,0
0,0,0.6869966737,3.118715848,0,0
0,0,1.158144268,4.711475946,1,-1
1,1,1.758256531,6.001122632
0,0,0,0,2,0
0,0,-0.08618197084,-0.8618197084,0,0
0,0,-0.1058256743,-0.1964370348,2,0
0,0,-0.2211152821,-1.152896078,2,0
0,0,-0.4632803792,-2.421650971,1,0
0,0,-0.7609260628,-2.976456836,1,0
0,0,-1.165626494,-4.047004309,1,-1
1,1,-1.695184758,-5.29558264
0,0,0,0,0,0
0,0,0.08489658412,0.8489658412,2,0
0,0,0.1120755238,0.2717893969,0,0
0,0,0.254140888,1.420653642,0,0
0,0,0.5229312368,2.687903488,0,0
0,0,0.9298501053,4.069188686,0,0
0,0,1.491297097,5.61446992,1,-1
1,1,2.194745883,7.034487858
0,0,0,0,1,0
0,0,0.0112774156,0.112774156,1,0
0,0,0.02723809235,0.1596067675,0,0
0,0,0.148283965,1.210458727,1,0
0,0,0.2937404225,1.454564575,2,0
0,0,0.3993239441,1.055835216,1,0
0,0,0.5634818565,1.641579124,0,0
0,0,0.8957834892,3.323016327,0,0
0,0,1.388838056,4.930545669,1,-1
1,1,2.02212856,6.332905044
0,0,0,0,0,0
0,0,0.08415416966,0.8415416966,1,0
0,0,0.168536131,0.8438196137,0,0
0,0,0.380139863,2.116037319,2,0
0,0,0.579891975,1.99752112,2,0
0,0,0.8057506668,2.258586918,0,0
0,0,1.194389519,3.886388523,2,-1
1,1,1.684870464,4.904809452
0,0,0,0,2,0
0,0,-0.08113903313,-0.8113903313,1,0
0,0,-0.1627344662,-0.8159543311,0,0
0,0,-0.1943368926,-0.3160242634,0,0
0,0,-0.1728151458,0.215217468,2,0
0,0,-0.2756260171,-1.028108713,1,0
0,0,-0.4145377986,-1.389117815,2,0
0,0,-0.6997086118,-2.851708132,2,0
0,0,-1.153757581,-4.54048969,2,-1
1,1,-1.765337041,-6.1157946
0,0,0,0,2,0
0,0,-0.1039275882,-1.039275882,0,0
0,0,-0.1387320024,-0.348044142,2,0
0,0,-0.2725128151,-1.337808126,0,0
0,0,-0.3834904182,-1.109776031,0,0
0,0,-0.4623882743,-0.788978561,2,0
0,0,-0.6991876072,-2.367993329,0,0
0,0,-0.9796387651,-2.804511579,0,0
0,0,-1.335803412,-3.561646467,0,-1
1,1,-1.81613868,-4.803352687
0,0,0,0,0,0
0,0,0.08123006688,0.8123006688,1,0
0,0,0.1926449114,1.114148445,0,0
0,0,0.4251931754,2.325482639,1,0
0,0,0.7103875779,2.851944026,1,0
0,0,1.089077602,3.786900244,1,-1
1,1,1.593600486,5.045228841
0,0,0,0,1,0
0,0,-0.001626879389,-0.01626879389,1,0
0,0,-0.01014080528,-0.0851392589,1,0
0,0,-0.02619798107,-0.1605717579,1,0
0,0,-0.05142601605,-0.2522803498,2,0
0,0,-0.177874012,-1.26447996,2,0
0,0,-0.4188816881,-2.410076761,2,0
0,0,-0.7970371867,-3.781554985,0,0
0,0,-1.222152967,-4.251157805,2,-1
1,1,-1.801879063,-5.797260959
0,0,0,0,0,0
0,0,0.07413169515,0.7413169515,1,0
0,0,0.1436799035,0.6954820831,0,0
0,0,0.3158045086,1.721246052,1,0
0,0,0.5503243346,2.34519826,2,0
0,0,0.7917942327,2.41469898,0,0
0,0,1.187947484,3.961532512,1,-1
1,1,1.710693058,5.227455745
0,0,0,0,0,0
0,0,0.1025277369,1.025277369,2,0
0,0,0.1194812669,0.1695352994,1,0
0,0,0.1533094372,0.3382817037,1,0
0,0,0.2133757515,0.600663143,2,0
0,0,0.2104475068,-0.02928244691,1,0
0,0,0.2304007792,0.1995327239,1,0
0,0,0.2741090085,0.4370822927,2,0
0,0,0.2960258629,0.219168544,1,0
0,0,0.3612754019,0.6524953905,1,0
0,0,0.4797190152,1.184436133,0,0
0,0,0.7430940127,2.633749975,1,0
0,0,1.103840843,3.607468304,1,-1
1,1,1.588196039,4.843551955
0,0,0,0,0,0
0,0,0.07975992344,0.7975992344,2,0
0,0,0.09109339775,0.113334743,2,0
0,0,0.02316892544,-0.6792447231,0,0
0,0,0.03239006889,0.0922114345,2,0
0,0,-0.02448122952,-0.5687129841,2,0
0,0,-0.188437739,-1.639565094,0,0
0,0,-0.2942290385,-1.057912996,0,0
0,0,-0.3759264272,-0.8169738864,1,0
0,0,-0.529331489,-1.534050618,2,0
0,0,-0.8496271778,-3.202956888,1,0
0,0,-1.283796943,-4.341697656,2,-1
1,1,-1.872326721,-5.885297781
0,0,0,0,0,0
0,0,0.08937336709,0.8937336709,2,0
0,0,0.1042511719,0.1487780479,0,0
0,0,0.223475294,1.192241221,0,0
0,0,0.4713977021,2.479224082,2,0
0,0,0.7004000076,2.290023054,1,0
0,0,1.018085493,3.176854857,1,0
0,0,1.462402538,4.443170452,1,-1
1,1,2.048737584,5.863350457
0,0,0,0,1,0
0,0,-0.003353439595,-0.03353439595,1,0
0,0,-0.01194403346,-0.08590593865,2,0
0,0,-0.1006117959,-0.8866776246,0,0
0,0,-0.114164013,-0.1355221705,1,0
0,0,-0.1587838471,-0.4461983408,1,0
0,0,-0.2403828161,-0.8159896907,0,0
0,0,-0.2916506069,-0.5126779079,2,0
0,0,-0.4886643884,-1.970137815,1,0
0,0,-0.773683656,-2.850192676,0,0
0,0,-1.103568889,-3.298852329,2,-1
1,1,-1.602321933,-4.987530438
0,0,0,0,0,0
0,0,0.08257788525,0.8257788525,0,0
0,0,0.282210406,1.996325207,1,0
0,0,0.5439458894,2.617354834,1,0
0,0,0.8859899452,3.420440559,1,0
0,0,1.333336886,4.473469406,2,-1
1,1,1.898443629,5.651067428
0,0,0,0,0,0
0,0,0.07452506947,0.7452506947,0,0
0,0,0.2576516802,1.831266107,2,0
0,0,0.4146850495,1.570333693,0,0
0,0,0.7058405254,2.911554759,0,0
0,0,1.168280533,4.624400073,0,-1
1,1,1.792389344,6.241088115
0,0,0,0,1,0
0,0,0.01545759316,0.1545759316,1,0
0,0,0.05120758857,0.3574999541,2,0
0,0,0.009133265967,-0.420743226,0,0
0,0,0.07137211281,0.6223884685,0,0
0,0,0.2267660329,1.553939201,0,0
0,0,0.5049425848,2.781765519,2,0
0,0,0.7725643441,2.676217594,0,0
0,0,1.193401564,4.208372202,1,-1
1,1,1.74811619,5.547146261
0,0,0,0,0,0
0,0,0.09273075185,0.9273075185,1,0
0,0,0.208349256,1.156185041,0,0
0,0,0.4420493534,2.337000975,1,0
0,0,0.7307958837,2.887465303,2,0
0,0,1.062200705,3.314048213,2,0
0,0,1.485563113,4.233624079,1,-1
1,1,2.052617179,5.670540663
0,0,0,0,1,0
0,0,0.007207150802,0.07207150802,1,0
0,0,0.01891473351,0.1170758271,0,0
0,0,0.1159257739,0.9701104034,1,0
0,0,0.2249310496,1.090052757,2,0
0,0,0.2999550309,0.7502398125,2,0
0,0,0.3527262274,0.5277119655,2,0
0,0,0.3903050364,0.3757880902,2,0
0,0,0.422045759,0.317407226,2,0
0,0,0.4499221385,0.278763795,2,0
0,0,0.4825677638,0.3264562524,2,0
0,0,0.5147160587,0.3214829489,0,0
0,0,0.6909673215,1.762512629,0,0
0,0,1.04150408,3.505367589,2,0
0,0,1.481586011,4.400819303,0,-1
1,1,2.07295939,5.91373379
0,0,0,0,1,0
0,0,0.01528934446,0.1528934446,0,0
0,0,0.1253069491,1.100176046,2,0
0,0,0.1687440652,0.4343711613,0,0
0,0,0.3325554233,1.638113581,0,0
0,0,0.6239198175,2.913643943,1,0
0,0,0.9911618343,3.672420168,0,0
0,0,1.523762835,5.326010008,0,-1
1,1,2.205389379,6.816265443
0,0,0,0,2,0
0,0,-0.08059877678,-0.8059877678,2,0
0,0,-0.2510606026,-1.704618258,0,0
0,0,-0.3731407297,-1.220801271,2,0
0,0,-0.6318429622,-2.587022324,2,0
0,0,-1.036646939,-4.048039768,2,-1
1,1,-1.597718081,-5.610711422
0,0,0,0,0,0
0,0,0.1041969686,1.041969686,0,0
0,0,0.3286557351,2.244587665,2,0
0,0,0.533110985,2.044552499,2,0
0,0,0.7505996352,2.174886502,1,0
0,0,1.065838352,3.152387171,2,0
0,0,1.469314655,4.034763028,0,-1
1,1,2.025530989,5.562163335
0,0,0,0,1,0
0,0,0.002133924575,0.02133924575,2,0
0,0,-0.07194875858,-0.7408268315,0,0
0,0,-0.07172141,0.002273485724,0,0
0,0,0.005800145941,0.7752155595,0,0
0,0,0.1858042665,1.800041206,0,0
0,0,0.4941224984,3.083182319,2,0
0,0,0.797480354,3.033578556,2,0
0,0,1.160689752,3.632093976,1,-1
1,1,1.651581151,4.908913998
0,0,0,0,1,0
0,0,0.01099541115,0.1099541115,0,0
0,0,0.1021294502,0.9113403903,1,0
0,0,0.2250912494,1.229617992,2,0
0,0,0.2915075557,0.664163063,2,0
0,0,0.3129424029,0.2143484725,1,0
0,0,0.3996401085,0.8669770563,1,0
0,0,0.5372556345,1.376155259,2,0
0,0,0.6878182014,1.505625669,1,0
0,0,0.943932733,2.561145316,2,0
0,0,1.278463647,3.345309141,1,-1
1,1,1.749314063,4.708504155
0,0,0,0,1,0
0,0,-0.0102184831,-0.102184831,0,0
0,0,0.05024831673,0.6046679983,1,0
0,0,0.1048992179,0.5465090115,0,0
0,0,0.2753770138,1.70477796,0,0
0,0,0.5847997445,3.094227306,1,0
0,0,0.9795807082,3.947809637,1,0
0,0,1.482808065,5.032273566,0,-1
1,1,2.135666813,6.528587487
0,0,0,0,1,0
0,0,-0.0007445992594,-0.007445992594,0,0
0,0,0.09459293546,0.9533753472,0,0
0,0,0.2810353334,1.86442398,0,0
0,0,0.6050024808,3.239671474,1,0
0,0,1.025225118,4.202226371,1,0
0,0,1.561122768,5.358976505,0,-1
1,1,2.244376406,6.832536375
0,0,0,0,0,0
0,0,0.07800369124,0.7800369124,1,0
0,0,0.1681213176,0.9011762634,0,0
0,0,0.3886182004,2.204968828,2,0
0,0,0.5777663863,1.891481859,1,0
0,0,0.8547667629,2.770003766,2,0
0,0,1.18252542,3.277586574,2,-1
1,1,1.61196579,4.294403696
0,0,0,0,1,0
0,0,0.003315478534,0.03315478534,2,0
0,0,-0.06957399478,-0.7288947332,1,0
0,0,-0.1687966296,-0.9922263483,0,0
0,0,-0.2059177137,-0.3712108409,2,0
0,0,-0.3784141868,-1.724964731,1,0
0,0,-0.6135905119,-2.351763251,2,0
0,0,-1.013653903,-4.000633911,1,0
0,0,-1.534885245,-5.212313418,0,-1
1,1,-2.199172602,-6.642873573
0,0,0,0,0,0
0,0,0.07961474159,0.7961474159,1,0
0,0,0.1596480425,0.8003330088,2,0
0,0,0.1793894979,0.1974145543,2,0
0,0,0.1552305442,-0.2415895375,1,0
0,0,0.1519144698,-0.03316074369,0,0
0,0,0.2731844528,1.21269983,0,0
0,0,0.5339421278,2.60757675,1,0
0,0,0.8780019328,3.44059805,2,0
0,0,1.286116098,4.081141647,0,-1
1,1,1.849713912,5.635978143
0,0,0,0,1,0
0,0,0.01003461058,0.1003461058,1,0
0,0,0.01622296784,0.06188357259,2,0
0,0,-0.06152743108,-0.7775039892,2,0
0,0,-0.2464012347,-1.848738036,0,0
0,0,-0.3889646969,-1.425634623,0,0
0,0,-0.5265514145,-1.375867176,0,0
0,0,-0.6751921287,-1.486407142,1,0
0,0,-0.9122525187,-2.3706039,2,0
0,0,-1.322112833,-4.098603139,1,-1
1,1,-1.86817403,-5.460611978
0,0,0,0,0,0
0,0,0.09414430749,0.9414430749,1,0
0,0,0.1999724166,1.058281091,0,0
0,0,0.4337644968,2.337920802,0,0
0,0,0.8127325026,3.789680058,0,0
0,0,1.347263836,5.34531333,2,-1
1,1,2.003116078,6.558522428
0,0,0,0,0,0
0,0,0.09517452839,0.9517452839,0,0
0,0,0.3041719499,2.089974215,0,0
0,0,0.6547697563,3.505978065,1,0
0,0,1.082191884,4.274221281,1,-1
1,1,1.630841208,5.48649324
0,0,0,0,2,0
0,0,-0.1058642014,-1.058642014,0,0
0,0,-0.1475435426,-0.4167934111,1,0
0,0,-0.2144699287,-0.6692638614,1,0
0,0,-0.3018006344,-0.8733070571,2,0
0,0,-0.5350313236,-2.332306892,2,0
0,0,-0.9101464073,-3.751150837,1,0
0,0,-1.402499635,-4.923532279,0,-1
1,1,-2.02044917,-6.179495349
0,0,0,0,0,0
0,0,0.1049287673,1.049287673,1,0
0,0,0.2391034861,1.341747188,2,0
0,0,0.3369470808,0.9784359465,2,0
0,0,0.419890728,0.8294364724,1,0
0,0,0.5790802983,1.591895703,0,0
0,0,0.9018397603,3.22759462,2,0
0,0,1.281956903,3.80117143,2,-1
1,1,1.775399794,4.934428911
0,0,0,0,2,0
0,0,-0.07511619115,-0.7511619115,2,0
0,0,-0.2606084184,-1.854922272,2,0
0,0,-0.5659597076,-3.053512892,0,0
0,0,-0.8776311907,-3.116714831,2,0
0,0,-1.352645871,-4.7501468,1,-1
1,1,-1.964416338,-6.117704678
0,0,0,0,1,0
0,0,-0.009495584947,-0.09495584947,1,0
0,0,-0.03306555058,-0.2356996563,1,0
0,0,-0.07493362589,-0.4186807532,2,0
0,0,-0.2024538393,-1.275202134,2,0
0,0,-0.4591577994,-2.567039602,1,0
0,0,-0.7846809879,-3.255231884,1,0
0,0,-1.215343965,-4.306629774,2,-1
1,1,-1.803838783,-5.884948175
0,0,0,0,2,0
0,0,-0.1001304589,-1.001304589,1,0
0,0,-0.2008394857,-1.007090268,1,0
0,0,-0.3395746734,-1.387351877,1,0
0,0,-0.5474546458,-2.078799725,2,0
0,0,-0.8988306428,-3.513759969,0,0
0,0,-1.307194946,-4.083643029,0,-1
1,1,-1.834631283,-5.274363373
0,0,0,0,2,0
0,0,-0.07653885865,-0.7653885865,2,0
0,0,-0.2463276398,-1.697887811,0,0
0,0,-0.3603028987,-1.139752589,1,0
0,0,-0.5344613183,-1.741584196,2,0
0,0,-0.8759232379,-3.414619196,2,0
0,0,-1.385071399,-5.091481611,2,-1
1,1,-2.045610002,-6.605386031
0,0,0,0,1,0
0,0,0.00470469084,0.0470469084,2,0
0,0,-0.09264250493,-0.9734719577,2,0
0,0,-0.2937239819,-2.010814769,0,0
0,0,-0.4650870254,-1.713630435,2,0
0,0,-0.7757812775,-3.106942521,0,0
0,0,-1.129202773,-3.534214955,1,-1
1,1,-1.612896005,-4.83693232
0,0,0,0,0,0
0,0,0.08802017885,0.8802017885,1,0
0,0,0.1835658827,0.9554570384,0,0
0,0,0.3999498926,2.163840099,1,0
0,0,0.6810021875,2.810522949,2,0
0,0,0.9827658563,3.017636688,2,0
0,0,1.360019432,3.772535761,0,-1
1,1,1.893889965,5.338705322
0,0,0,0,1,0
0,0,0.01521327439,0.1521327439,0,0
0,0,0.1272389017,1.120256274,2,0
0,0,0.1670389033,0.398000016,1,0
0,0,0.2211795074,0.5414060408,2,0
0,0,0.2173696562,-0.03809851237,1,0
0,0,0.255750862,0.3838120585,2,0
0,0,0.2695517471,0.1380088502,2,0
0,0,0.2461905655,-0.2336118157,2,0
0,0,0.1762099417,-0.6998062383,2,0
0,0,0.04912412159,-1.270858201,2,0
0,0,-0.1699681353,-2.190922569,1,0
0,0,-0.4336417384,-2.636736031,0,0
0,0,-0.6831889788,-2.495472404,2,0
0,0,-1.105944036,-4.227550572,0,-1
1,1,-1.621285021,-5.153409853
0,0,0,0,0,0
0,0,0.08201722978,0.8201722978,0,0
0,0,0.2561179119,1.741006821,2,0
0,0,0.3915208082,1.354028963,2,0
0,0,0.50914986,1.176290519,0,0
0,0,0.7686757405,2.595258805,1,0
0,0,1.135499458,3.668237174,1,-1
1,1,1.635504404,5.00004946
0,0,0,0,2,0
0,0,-0.0845601193,-0.845601193,1,0
0,0,-0.1897314781,-1.051713588,2,0
0,0,-0.4149639547,-2.252324766,0,0
0,0,-0.6189638617,-2.039999071,0,0
0,0,-0.8352480059,-2.162841441,2,0
0,0,-1.223683716,-3.884357099,0,-1
1,1,-1.716193446,-4.925097302
0,0,0,0,2,0
0,0,-0.100115403,-1.00115403,0,0
0,0,-0.1140854169,-0.1397001387,1,0
0,0,-0.1350840118,-0.2099859494,0,0
0,0,-0.09637060049,0.3871341135,1,0
0,0,-0.06404633893,0.3232426156,1,0
0,0,-0.04153555135,0.2251078758,0,0
0,0,0.07941218943,1.209477408,2,0
0,0,0.113905695,0.3449350557,2,0
0,0,0.09552166233,-0.1838403267,2,0
0,0,-0.002766926897,-0.9828858922,1,0
0,0,-0.1031935264,-1.004265995,2,0
0,0,-0.3221728128,-2.189792864,1,0
0,0,-0.5984566459,-2.762838331,1,0
0,0,-0.9516215819,-3.531649359,0,0
0,0,-1.380345846,-4.287242637,2,-1
1,1,-1.961641678,-5.812958327
0,0,0,0,0,0
0,0,0.09544264683,0.9544264683,1,0
0,0,0.2080182456,1.125755988,2,0
0,0,0.2619931457,0.5397490011,1,0
0,0,0.3509587136,0.8896556782,0,0
0,0,0.5634929185,2.12534205,2,0
0,0,0.8008728481,2.373799295,1,0
0,0,1.142912099,3.420392506,0,-1
1,1,1.642402002,4.994899036
0,0,0,0,0,0
0,0,0.09901007446,0.9901007446,2,0
0,0,0.1155851635,0.1657508903,1,0
0,0,0.1639643311,0.4837916763,1,0
0,0,0.2436731077,0.7970877655,2,0
0,0,0.2787159692,0.3504286153,1,0
0,0,0.3743419978,0.9562602862,1,0
0,0,0.5267914334,1.524494356,2,0
0,0,0.6804897703,1.536983369,2,0
0,0,0.8605800904,1.800903201,0,0
0,0,1.207688329,3.471082388,1,-1
1,1,1.692754491,4.850661615
0,0,0,0,1,0
0,0,-0.009099197509,-0.09099197509,0,0
0,0,0.0665440909,0.7564328841,1,0
0,0,0.1403460883,0.7380199736,0,0
0,0,0.3113570602,1.71010972,2,0
0,0,0.4386495805,1.272925202,0,0
0,0,0.7154303153,2.767807348,2,0
0,0,1.033798432,3.183681166,2,0
0,0,1.437982605,4.041841736,2,-1
1,1,1.975113137,5.371305317
0,0,0,0,0,0
0,0,0.09011221585,0.9011221585,2,0
0,0,0.09720112474,0.07088908897,2,0
0,0,0.04485217493,-0.5234894981,1,0
0,0,0.00558674398,-0.3926543095,0,0
0,0,0.05471155151,0.4912480753,0,0
0,0,0.1914024572,1.366909057,0,0
0,0,0.4434274719,2.520250147,0,0
0,0,0.8495223918,4.060949199,0,0
0,0,1.420725738,5.712033461,1,-1
1,1,2.128839436,7.081136981
0,0,0,0,0,0
0,0,0.1049430067,1.049430067,2,0
0,0,0.1255963053,0.2065329855,0,0
0,0,0.2644514718,1.388551665,0,0
0,0,0.5210205438,2.565690721,1,0
0,0,0.8648683426,3.438477988,1,0
0,0,1.325768646,4.60900303,2,-1
1,1,1.901769429,5.760007833
0,0,0,0,0,0
0,0,0.09973908868,0.9973908868,2,0
0,0,0.1324831245,0.3274403585,0,0
0,0,0.2925494906,1.600663661,2,0
0,0,0.4037004897,1.111509991,0,0
0,0,0.664153544,2.604530542,2,0
0,0,0.9443959662,2.802424222,2,0
0,0,1.307138376,3.627424094,0,-1
1,1,1.831923207,5.247848316
0,0,0,0,0,0
0,0,0.09127278931,0.9127278931,0,0
0,0,0.2844477811,1.931749918,1,0
0,0,0.5223967306,2.379489495,0,0
0,0,0.9138047653,3.914080347,2,0
0,0,1.366965996,4.531612304,2,-1
1,1,1.944053888,5.770878925
0,0,0,0,0,0
0,0,0.07877014363,0.7877014363,1,0
0,0,0.1779589325,0.991887889,2,0
0,0,0.2287398809,0.5078094836,2,0
0,0,0.2499517072,0.2121182627,1,0
0,0,0.3021740645,0.5222235739,2,0
0,0,0.3360361607,0.338620962,0,0
0,0,0.522160072,1.861239112,0,0
0,0,0.8731261104,3.509660385,1,0
0,0,1.337046743,4.639206322,1,-1
1,1,1.937686836,6.006400937
0,0,0,0,0,0
0,0,0.09823555907,0.9823555907,1,0
0,0,0.1962584793,0.9802292018,1,0
0,0,0.3427588094,1.465003302,0,0
0,0,0.6180444841,2.752856747,2,0
0,0,0.9032250141,2.8518053,1,0
0,0,1.295640487,3.924154725,2,-1
1,1,1.805621724,5.099812379
0,0,0,0,0,0
0,0,0.0723201125,0.723201125,2,0
0,0,0.07165155181,-0.006685606974,1,0
0,0,0.1003902139,0.2873866214,0,0
0,0,0.2222714239,1.218812099,0,0
0,0,0.4679338029,2.45662379,1,0
0,0,0.7938740232,3.259402202,2,0
0,0,1.163418633,3.695446096,0,-1
1,1,1.696813901,5.333952686
0,0,0,0,0,0
0,0,0.1012973432,1.012973432,0,0
0,0,0.3010280758,1.997307325,0,0
0,0,0.623148428,3.221203522,0,0
0,0,1.108589336,4.854409084,0,-1
1,1,1.755901929,6.473125922
0,0,0,0,0,0
0,0,0.0836963271,0.836963271,2,0
0,0,0.1100202977,0.2632397064,2,0
0,0,0.08247816751,-0.2754213024,0,0
0,0,0.1621599555,0.7968178798,0,0
0,0,0.3521077268,1.899477713,0,0
0,0,0.6801907628,3.28083036,0,0
0,0,1.173895873,4.937051102,1,-1
1,1,1.787371817,6.134759442
0,0,0,0,0,0
0,0,0.09952474547,0.9952474547,2,0
0,0,0.1410001797,0.414754342,0,0
0,0,0.2774319535,1.364317738,1,0
0,0,0.4639915131,1.865595596,0,0
0,0,0.7933868493,3.293953362,0,0
0,0,1.292735272,4.993484225,0,-1
1,1,1.945987153,6.532518816
0,0,0,0,2,0
0,0,-0.08603532984,-0.8603532984,1,0
0,0,-0.1774137009,-0.9137837107,1,0
0,0,-0.2835733158,-1.061596149,1,0
0,0,-0.4270584626,-1.434851468,1,0
0,0,-0.6375830281,-2.105245654,0,0
0,0,-0.8702643616,-2.326813336,2,0
0,0,-1.265012574,-3.947482121,2,-1
1,1,-1.820828513,-5.558159398
0,0,0,0,2,0
0,0,-0.09920578274,-0.9920578274,2,0
0,0,-0.309481056,-2.102752732,0,0
0,0,-0.4948893559,-1.854082999,0,0
0,0,-0.6931454011,-1.982560452,2,0
0,0,-1.066925243,-3.737798415,1,0
0,0,-1.563884475,-4.969592322,0,-1
1,1,-2.20705321,-6.431687351
0,0,0,0,1,0
0,0,-0.009765056259,-0.09765056259,2,0
0,0,-0.1238248186,-1.140597624,1,0
0,0,-0.245415931,-1.215911123,2,0
0,0,-0.495380122,-2.49964191,0,0
0,0,-0.7354974264,-2.401173044,1,0
0,0,-1.08004707,-3.445496435,2,-1
1,1,-1.583188868,-5.031417985
0,0,0,0,0,0
0,0,0.07530949296,0.7530949296,1,0
0,0,0.1641611159,0.8885162296,2,0
0,0,0.2055030878,0.4134197186,2,0
0,0,0.1870267943,-0.184762935,2,0
0,0,0.09923968991,-0.8778710436,1,0
0,0,0.04553777335,-0.5370191657,1,0
0,0,-0.0002473162072,-0.4578508956,0,0
0,0,0.0471138014,0.4736111761,1,0
0,0,0.115114124,0.6800032263,2,0
0,0,0.1294993631,0.1438523904,0,0
0,0,0.2396640301,1.101646671,0,0
0,0,0.4598776657,2.202136356,0,0
0,0,0.8160506327,3.56172967,1,0
0,0,1.287168636,4.711180035,2,-1
1,1,1.870942868,5.83774232
0,0,0,0,0,0
0,0,0.09670347668,0.9670347668,1,0
0,0,0.1962252366,0.9952175994,2,0
0,0,0.2574993811,0.6127414451,0,0
0,0,0.431938974,1.744395929,1,0
0,0,0.6894518277,2.575128537,0,0
0,0,1.099659087,4.102072589,2,-1
1,1,1.59903216,4.99373073
0,0,0,0,2,0
0,0,-0.08465797286,-0.8465797286,0,0
0,0,-0.1066020448,-0.219440719,2,0
0,0,-0.2230441131,-1.164420684,0,0
0,0,-0.2951934022,-0.7214928907,1,0
0,0,-0.4234323764,-1.282389742,2,0
0,0,-0.7126081716,-2.891757952,0,0
0,0,-1.03233325,-3.197250789,1,0
0,0,-1.473437314,-4.411040635,2,-1
1,1,-2.065747155,-5.92309841
0,0,0,0,2,0
0,0,-0.08551431302,-0.8551431302,1,0
0,0,-0.1860790429,-1.005647298,1,0
0,0,-0.3098035789,-1.23724536,1,0
0,0,-0.48155377,-1.717501912,2,0
0,0,-0.808395917,-3.26842147,0,0
0,0,-1.178090735,-3.696948181,0,-1
1,1,-1.646147419,-4.680566844
0,0,0,0,1,0
0,0,-0.004459727349,-0.04459727349,2,0
0,0,-0.09268128119,-0.8822155384,0,0
0,0,-0.1098213308,-0.1714004961,0,0
0,0,-0.07208844081,0.3773288999,1,0
0,0,-0.05740612267,0.1468231814,2,0
0,0,-0.129488765,-0.7208264236,1,0
0,0,-0.2286083426,-0.9911957755,1,0
0,0,-0.3519500976,-1.23341755,2,0
0,0,-0.6061179558,-2.541678582,0,0
0,0,-0.8680665239,-2.619485681,2,0
0,0,-1.2871058,-4.190392756,0,-1
1,1,-1.819777667,-5.326718672
0,0,0,0,2,0
0,0,-0.08169890308,-0.8169890308,2,0
0,0,-0.2827396059,-2.010407028,2,0
0,0,-0.6192885078,-3.36548902,0,0
0,0,-0.9868757046,-3.675871968,2,0
0,0,-1.512255501,-5.253797963,1,-1
1,1,-2.182678242,-6.704227411
0,0,0,0,0,0
0,0,0.09500700818,0.9500700818,2,0
0,0,0.1068647945,0.1185778632,2,0
0,0,0.04727416725,-0.5959062725,1,0
0,0,0.005042884197,-0.4223128306,0,0
0,0,0.04050933911,0.3546645491,1,0
0,0,0.09714084428,0.5663150517,1,0
0,0,0.1747725826,0.7763173835,1,0
0,0,0.2653019073,0.905293247,2,0
0,0,0.3127737559,0.4747184857,1,0
0,0,0.4181425712,1.053688153,2,0
0,0,0.5097871788,0.9164460751,0,0
0,0,0.750057788,2.402706092,0,0
0,0,1.143753085,3.936952968,0,-1
1,1,1.693542071,5.497889866
0,0,0,0,1,0
0,0,0.0003414264783,0.003414264783,1,0
0,0,-0.00145377386,-0.01795200338,0,0
0,0,0.09978822312,1.01241997,0,0
0,0,0.3166901412,2.169019181,1,0
0,0,0.569290079,2.525999378,0,0
0,0,0.9727667121,4.03476633,0,0
0,0,1.540982201,5.682154887,1,-1
1,1,2.255155175,7.141729743
0,0,0,0,2,0
0,0,-0.08048009601,-0.8048009601,2,0
0,0,-0.2788561582,-1.983760622,1,0
0,0,-0.5136069211,-2.347507628,2,0
0,0,-0.8927708154,-3.791638943,2,0
0,0,-1.434629786,-5.41858971,0,-1
1,1,-2.105204845,-6.705750589
0,0,0,0,0,0
0,0,0.09060158735,0.9060158735,0,0
0,0,0.2894250101,1.988234228,1,0
0,0,0.5186459225,2.292209124,2,0
0,0,0.7505700742,2.319241518,1,0
0,0,1.082792322,3.322222478,0,-1
1,1,1.585121837,5.023295148
0,0,0,0,0,0
0,0,0.1008960923,1.008960923,2,0
0,0,0.1405460543,0.3964996208,1,0
0,0,0.1988255746,0.5827952026,2,0
0,0,0.2014923844,0.02666809759,0,0
0,0,0.3412054367,1.397130524,0,0
0,0,0.6333563209,2.921508842,2,0
0,0,0.937788522,3.04432201,1,0
0,0,1.360799635,4.230111134,2,-1
1,1,1.905211273,5.444116375
0,0,0,0,2,0
0,0,-0.1025954358,-1.025954358,2,0
0,0,-0.2945348344,-1.919393985,1,0
0,0,-0.5310055982,-2.364707639,2,0
0,0,-0.9112215339,-3.802159357,1,0
0,0,-1.412004166,-5.00782632,0,-1
1,1,-2.038528937,-6.265247713
0,0,0,0,0,0
0,0,0.08501614478,0.8501614478,0,0
0,0,0.2661485081,1.811323633,1,0
0,0,0.5040818138,2.379333057,2,0
0,0,0.7514059296,2.473241158,0,0
0,0,1.174315604,4.229096749,2,-1
1,1,1.694002322,5.196867171
0,0,0,0,0,0
0,0,0.096548577,0.96548577,0,0
0,0,0.3058744886,2.093259116,2,0
0,0,0.4973205911,1.914461024,2,0
0,0,0.6990820624,2.017614713,2,0
0,0,0.937936058,2.388539957,2,0
0,0,1.248661155,3.107250973,2,-1
1,1,1.671016847,4.223556915
0,0,0,0,1,0
0,0,0.002327286175,0.02327286175,0,0
0,0,0.1011712011,0.9884391488,0,0
0,0,0.2988148955,1.976436945,1,0
0,0,0.5490648085,2.50249913,1,0
0,0,0.8888646795,3.397998709,2,0
0,0,1.280784376,3.919196965,0,-1
1,1,1.833324717,5.525403414
0,0,0,0,1,0
0,0,0.009886916675,0.09886916675,2,0
0,0,-0.05519234565,-0.6507926233,2,0
0,0,-0.2009802933,-1.457879476,0,0
0,0,-0.2799302567,-0.7894996347,2,0
0,0,-0.5030052021,-2.230749454,2,0
0,0,-0.8836692415,-3.806640394,0,0
0,0,-1.316933562,-4.33264321,0,-1
1,1,-1.865819659,-5.488860968
0,0,0,0,1,0
0,0,0.003625086718,0.03625086718,0,0
0,0,0.1105591632,1.069340765,1,0
0,0,0.2511599837,1.406008204,1,0
0,0,0.4418604544,1.907004707,1,0
0,0,0.7165731131,2.747126588,2,0
0,0,1.039728441,3.231553274,1,0
0,0,1.479979924,4.402514838,2,-1
1,1,2.056635769,5.766558445
0,0,0,0,0,0
0,0,0.07293243938,0.7293243938,2,0
0,0,0.05382565177,-0.1910678761,0,0
0,0,0.1173686071,0.6354295538,2,0
0,0,0.1088919373,-0.08476669807,2,0
0,0,0.02358389815,-0.8530803919,0,0
0,0,0.02035258377,-0.03231314379,2,0
0,0,-0.07864622813,-0.989988119,1,0
0,0,-0.2039534817,-1.253072536,1,0
0,0,-0.3464757394,-1.425222578,1,0
0,0,-0.5583146097,-2.118388702,1,0
0,0,-0.8507480725,-2.924334628,2,0
0,0,-1.307135467,-4.563873944,0,-1
1,1,-1.880987079,-5.738516122
0,0,0,0,2,0
0,0,-0.1022407165,-1.022407165,2,0
0,0,-0.3256634764,-2.234227599,0,0
0,0,-0.5276523197,-2.019888433,2,0
0,0,-0.8858215867,-3.58169267,0,0
0,0,-1.306488105,-4.206665185,0,-1
1,1,-1.846494973,-5.400068679
0,0,0,0,2,0
0,0,-0.09981865763,-0.9981865763,1,0
0,0,-0.2334062498,-1.335875921,2,0
0,0,-0.4959102694,-2.625040197,1,0
0,0,-0.8426160563,-3.467057868,2,0
0,0,-1.351125513,-5.085094569,0,-1
1,1,-1.980574588,-6.294490746
0,0,0,0,1,0
0,0,-0.01451377828,-0.1451377828,2,0
0,0,-0.1278739741,-1.133601958,0,0
0,0,-0.1884515315,-0.6057755742,0,0
0,0,-0.1855145322,0.02936999272,0,0
0,0,-0.1189964814,0.6651805083,2,0
0,0,-0.1458591598,-0.2686267839,1,0
0,0,-0.2097576287,-0.6389846895,0,0
0,0,-0.2148106491,-0.05053020324,1,0
0,0,-0.2408893241,-0.26078675,2,0
0,0,-0.3804596541,-1.3957033,0,0
0,0,-0.5111082975,-1.306486434,2,0
0,0,-0.7894439048,-2.783356073,2,0
0,0,-1.236968852,-4.475249468,1,-1
1,1,-1.813155334,-5.761864824
0,0,0,0,0,0
0,0,0.07578909681,0.7578909681,1,0
0,0,0.1531487472,0.7735965038,0,0
0,0,0.3605150752,2.07366328,2,0
0,0,0.541526822,1.810117468,0,0
0,0,0.8810543047,3.395274827,2,0
0,0,1.272077082,3.910227775,0,-1
1,1,1.82441258,5.523354978
0,0,0,0,1,0
0,0,0.01418835486,0.1418835486,0,0
0,0,0.1246408603,1.104525054,2,0
0,0,0.1696032373,0.4496237707,2,0
0,0,0.1575480957,-0.1205514169,1,0
0,0,0.1664279483,0.08879852679,1,0
0,0,0.2093963711,0.4296842273,1,0
0,0,0.2823932004,0.729968293,2,0
0,0,0.3151549059,0.3276170557,0,0
0,0,0.4703885978,1.552336919,0,0
0,0,0.762671593,2.922829952,2,0
0,0,1.098538923,3.358673298,1,0
0,0,1.561939948,4.634010257,0,-1
1,1,2.172634591,6.106946423
0,0,0,0,2,0
0,0,-0.08160701621,-0.8160701621,0,0
0,0,-0.09738253249,-0.1577551628,2,0
0,0,-0.2179473948,-1.205648623,0,0
0,0,-0.273242975,-0.5529558016,1,0
0,0,-0.3631889669,-0.8994599193,2,0
0,0,-0.5782227746,-2.150338077,1,0
0,0,-0.8797527671,-3.015299925,2,0
0,0,-1.342447537,-4.626947699,2,-1
1,1,-1.961412136,-6.189645994
0,0,0,0,0,0
0,0,0.08073898745,0.8073898745,1,0
0,0,0.1794420876,0.9870310019,0,0
0,0,0.379578554,2.001364664,2,0
0,0,0.5739606229,1.943820689,1,0
0,0,0.8626794495,2.887188266,0,0
0,0,1.319324061,4.566446118,2,-1
1,1,1.892100431,5.727763697
0,0,0,0,1,0
0,0,0.01311126527,0.1311126527,1,0
0,0,0.03833080559,0.2521954032,2,0
0,0,-0.0234502104,-0.6178101598,0,0
0,0,0.01219478616,0.3564499655,1,0
0,0,0.04514081405,0.3294602789,2,0
0,0,0.0006114667334,-0.4452934732,1,0
0,0,-0.05077627915,-0.5138774588,2,0
0,0,-0.183309933,-1.325336538,2,0
0,0,-0.4162120168,-2.329020839,2,0
0,0,-0.7774168764,-3.612048596,2,0
0,0,-1.290427409,-5.130105322,1,-1
1,1,-1.93917513,-6.487477211
0,0,0,0,0,0
0,0,0.09352964176,0.9352964176,2,0
0,0,0.1013401196,0.07810477871,1,0
0,0,0.1291720991,0.2783197943,0,0
0,0,0.2744349129,1.452628139,0,0
0,0,0.547603792,2.731688791,2,0
0,0,0.8403445275,2.927407355,1,0
0,0,1.24817513,4.078306028,1,-1
1,1,1.792609585,5.444344548
0,0,0,0,1,0
0,0,0.01497695061,0.1497695061,1,0
0,0,0.01547747924,0.005005286271,1,0
0,0,0.03366056529,0.1818308606,0,0
0,0,0.1505573393,1.16896774,1,0
0,0,0.2848861409,1.343288015,0,0
0,0,0.5346898827,2.498037418,0,0
0,0,0.9458265988,4.111367161,0,0
0,0,1.511995324,5.661687253,2,-1
1,1,2.217040291,7.050449668
0,0,0,0,1,0
0,0,0.0001160666118,0.001160666118,2,0
0,0,-0.07583576058,-0.7595182719,1,0
0,0,-0.1738218444,-0.9798608379,1,0
0,0,-0.289375941,-1.155540967,1,0
0,0,-0.4561697244,-1.667937834,2,0
0,0,-0.7746016632,-3.184319388,2,0
0,0,-1.254703603,-4.801019402,1,-1
1,1,-1.865192397,-6.10488794
0,0,0,0,1,0
0,0,-0.01109204234,-0.1109204234,2,0
0,0,-0.1151440703,-1.04052028,1,0
0,0,-0.2240295572,-1.088854869,1,0
0,0,-0.3737254704,-1.496959131,0,0
0,0,-0.5100664301,-1.363409598,1,0
0,0,-0.7164129695,-2.063465394,2,0
0,0,-1.091301705,-3.748887351,0,0
0,0,-1.559532294,-4.68230589,1,-1
1,1,-2.174534989,-6.150026955
0,0,0,0,1,0
0,0,0.01128842011,0.1128842011,0,0
0,0,0.1199927676,1.087043475,1,0
0,0,0.2612347338,1.412419662,2,0
0,0,0.3691474791,1.079127453,1,0
0,0,0.544341172,1.751936929,1,0
0,0,0.8085588284,2.642176563,1,0
0,0,1.192233388,3.836745592,1,-1
1,1,1.709198239,5.169648518
0,0,0,0,2,0
0,0,-0.1036842022,-1.036842022,2,0
0,0,-0.3254902979,-2.218060958,2,0
0,0,-0.6667675614,-3.412772635,1,0
0,0,-1.086843794,-4.20076233,1,-1
1,1,-1.631936957,-5.45093163
0,0,0,0,1,0
0,0,-0.01702605482,-0.1702605482,0,0
0,0,0.03441274476,0.5143879958,0,0
0,0,0.1630962431,1.286834984,2,0
0,0,0.2421409351,0.7904469194,2,0
0,0,0.2936851482,0.5154421306,0,0
0,0,0.4612227777,1.675376296,2,0
0,0,0.625095247,1.638724693,0,0
0,0,0.9451850364,3.200897894,0,0
0,0,1.420489656,4.753046195,1,-1
1,1,2.03853515,6.180454942
0,0,0,0,1,0
0,0,0.001277540863,0.01277540863,2,0
0,0,-0.09334772553,-0.946252664,1,0
0,0,-0.2002272887,-1.068795632,0,0
0,0,-0.2606434169,-0.6041612819,0,0
0,0,-0.2941470405,-0.3350362355,0,0
0,0,-0.2804411184,0.137059221,1,0
0,0,-0.3223652666,-0.419241482,0,0
0,0,-0.3285087529,-0.06143486302,1,0
0,0,-0.384560589,-0.5605183607,2,0
0,0,-0.5816640279,-1.97103439,2,0
0,0,-0.9393259239,-3.57661896,2,0
0,0,-1.453330662,-5.140047381,2,-1
1,1,-2.11917078,-6.658401179
0,0,0,0,0,0
0,0,0.07093781933,0.7093781933,1,0
0,0,0.1526358612,0.8169804187,1,0
0,0,0.2522731348,0.9963727357,2,0
0,0,0.2993054967,0.4703236191,2,0
0,0,0.3061799018,0.06874405084,0,0
0,0,0.4591219981,1.529420964,1,0
0,0,0.6872047848,2.280827867,0,0
0,0,1.071379698,3.841749127,2,0
0,0,1.548408117,4.770284197,1,-1
1,1,2.171575929,6.231678113
0,0,0,0,0,0
0,0,0.08110171124,0.8110171124,0,0
0,0,0.2754841735,1.943824623,2,0
0,0,0.4421216662,1.666374926,2,0
0,0,0.588016875,1.458952088,2,0
0,0,0.7616279424,1.736110674,2,0
0,0,0.9922811694,2.30653227,2,0
0,0,1.31237196,3.200907905,2,-1
1,1,1.753509252,4.411372918
0,0,0,0,0,0
0,0,0.07407017464,0.7407017464,1,0
0,0,0.1496461207,0.7557594606,0,0
0,0,0.3322535077,1.82607387,1,0
0,0,0.5652734888,2.330199811,1,0
0,0,0.8757054885,3.104319997,2,0
0,0,1.245169414,3.694639254,1,-1
1,1,1.747129591,5.019601774
0,0,0,0,2,0
0,0,-0.1046793368,-1.046793368,1,0
0,0,-0.2372709131,-1.325915763,0,0
0,0,-0.3366634746,-0.9939256153,1,0
0,0,-0.4786452278,-1.419817532,0,0
0,0,-0.6258278277,-1.471825999,2,0
0,0,-0.9309965802,-3.051687525,2,0
0,0,-1.393579036,-4.625824557,0,-1
1,1,-1.982874037,-5.892950009
