2,1,1
0,0,0,0,2,0
0,0,-0.0767601688,-0.767601688,2,0
0,0,-0.2514226945,-1.746625257,0,0
0,0,-0.3936871193,-1.422644248,0,0
0,0,-0.5159016622,-1.222145429,0,0
0,0,-0.6482794645,-1.323778024,0,0
0,0,-0.8053833057,-1.571038412,0,0
0,0,-1.02733883,-2.219555242,0,0
0,0,-1.329106702,-3.017678725,1,-1
1,1,-1.769099715,-4.399930129
0,0,0,0,0,0
0,0,0.08842898519,0.8842898519,0,0
0,0,0.2680486937,1.796197085,1,0
0,0,0.4887611195,2.207124258,1,0
0,0,0.7892703262,3.005092067,1,0
0,0,1.199466019,4.101956923,0,-1
1,1,1.763783494,5.643174757
0,0,0,0,1,0
0,0,-0.01108860763,-0.1108860763,0,0
0,0,0.05884227472,0.6993088235,2,0
0,0,0.0656774585,0.06835183782,2,0
0,0,0.00486431997,-0.6081313853,1,0
0,0,-0.05782348056,-0.6268780053,0,0
0,0,-0.04713118643,0.1069229413,2,0
0,0,-0.1304290406,-0.8329785418,1,0
0,0,-0.2337131038,-1.032840632,0,0
0,0,-0.2803776904,-0.4666458665,0,0
0,0,-0.2860582026,-0.0568051218,2,0
0,0,-0.419238641,-1.331804384,2,0
0,0,-0.7047175544,-2.854789134,1,0
0,0,-1.087041548,-3.823239939,0,0
0,0,-1.552690978,-4.656494292,0,-1
1,1,-2.163333391,-6.10642413
0,0,0,0,2,0
0,0,-0.08879747853,-0.8879747853,1,0
0,0,-0.1767861965,-0.8798871797,2,0
0,0,-0.3698396042,-1.930534077,0,0
0,0,-0.5380157032,-1.68176099,2,0
0,0,-0.8717157607,-3.337000574,1,0
0,0,-1.318476533,-4.467607725,1,-1
1,1,-1.902210516,-5.837339828
0,0,0,0,1,0
0,0,0.007209929524,0.07209929524,0,0
0,0,0.09915740102,0.919474715,2,0
0,0,0.1090914335,0.09934032507,2,0
0,0,0.06059324143,-0.4849819209,1,0
0,0,0.03730849076,-0.2328475067,1,0
0,0,0.02836298429,-0.08945506469,2,0
0,0,-0.07368676006,-1.020497443,1,0
0,0,-0.1813086707,-1.076219107,2,0
0,0,-0.4214542952,-2.401456244,0,0
0,0,-0.648666986,-2.272126908,1,0
0,0,-0.9666405551,-3.179735691,1,0
0,0,-1.401696178,-4.350556234,0,-1
1,1,-1.965247027,-5.635508486
0,0,0,0,0,0
0,0,0.08869654586,0.8869654586,0,0
0,0,0.263620455,1.749239092,0,0
0,0,0.5738229141,3.102024591,0,0
0,0,1.033368293,4.595453791,2,0
0,0,1.568657324,5.352890309,0,-1
1,1,2.250993711,6.823363873
0,0,0,0,2,0
0,0,-0.1040223611,-1.040223611,1,0
0,0,-0.224004078,-1.19981717,1,0
0,0,-0.367589838,-1.4358576,2,0
0,0,-0.6541110054,-2.865211674,0,0
0,0,-0.9648892887,-3.107782833,0,0
0,0,-1.354049827,-3.891605384,2,-1
1,1,-1.902230404,-5.481805771
0,0,0,0,1,0
0,0,0.01004224406,0.1004224406,1,0
0,0,0.03335617081,0.2331392674,1,0
0,0,0.06574192762,0.3238575681,2,0
0,0,0.0375823604,-0.2815956721,1,0
0,0,0.0202442987,-0.173380617,1,0
0,0,-0.0009029589572,-0.2114725766,1,0
0,0,-0.03229139094,-0.3138843198,1,0
0,0,-0.0757149892,-0.4342359825,2,0
0,0,-0.2323218107,-1.566068215,2,0
0,0,-0.5156956067,-2.83373796,2,0
0,0,-0.9562502634,-4.405546566,1,0
0,0,-1.510184204,-5.539339404,2,-1
1,1,-2.212235475,-7.020512713
0,0,0,0,0,0
0,0,0.08825628569,0.8825628569,0,0
0,0,0.2852793718,1.970230861,2,0
0,0,0.4478271751,1.625478033,0,0
0,0,0.7716980104,3.238708353,0,0
0,0,1.256618761,4.849207509,1,-1
1,1,1.872224493,6.15605732
0,0,0,0,2,0
0,0,-0.0926068374,-0.926068374,1,0
0,0,-0.2070042613,-1.143974239,0,0
0,0,-0.2600666363,-0.5306237499,2,0
0,0,-0.4441806054,-1.841139692,2,0
0,0,-0.7671783511,-3.229977457,1,0
0,0,-1.181912306,-4.147339553,0,-1
1,1,-1.702818447,-5.209061403
0,0,0,0,0,0
0,0,0.08515421117,0.8515421117,1,0
0,0,0.173195448,0.8804123686,0,0
0,0,0.3901480961,2.169526481,1,0
0,0,0.6564281967,2.662801006,2,0
0,0,0.9426210904,2.861928937,2,0
0,0,1.303412481,3.607913905,0,-1
1,1,1.819427346,5.160148651
0,0,0,0,0,0
0,0,0.07614710905,0.7614710905,1,0
0,0,0.1670828106,0.9093570154,0,0
0,0,0.3902229616,2.23140151,0,0
0,0,0.7652343799,3.750114183,0,0
0,0,1.296505987,5.312716073,0,-1
1,1,1.984219689,6.877137022
0,0,0,0,2,0
0,0,-0.08237423686,-0.8237423686,1,0
0,0,-0.177154975,-0.9478073815,2,0
0,0,-0.3721620157,-1.950070407,2,0
0,0,-0.6984783055,-3.263162898,1,0
0,0,-1.110204075,-4.117257695,2,-1
1,1,-1.675559704,-5.653556292
0,0,0,0,0,0
0,0,0.0727554632,0.727554632,0,0
0,0,0.2400565893,1.673011261,0,0
0,0,0.5181527029,2.780961135,2,0
0,0,0.7941855262,2.760328233,0,0
0,0,1.232675869,4.384903426,1,-1
1,1,1.806664104,5.739882353
0,0,0,0,0,0
0,0,0.09430141437,0.9430141437,2,0
0,0,0.1093235136,0.150220992,0,0
0,0,0.2411967838,1.318732702,2,0
0,0,0.3204145783,0.7921779451,0,0
0,0,0.5244973235,2.040827452,2,0
0,0,0.7483523595,2.23855036,1,0
0,0,1.066193765,3.178414057,0,0
0,0,1.54856047,4.823667046,1,-1
1,1,2.177317119,6.287566489
0,0,0,0,2,0
0,0,-0.08595901758,-0.8595901758,0,0
0,0,-0.08172858656,0.04230431021,2,0
0,0,-0.1648624401,-0.8313385354,2,0
0,0,-0.3625331412,-1.976707011,1,0
0,0,-0.6225067398,-2.599735986,2,0
0,0,-1.053368896,-4.30862156,0,0
0,0,-1.566889186,-5.135202907,1,-1
1,1,-2.227210865,-6.603216785
0,0,0,0,1,0
0,0,0.001354365022,0.01354365022,0,0
0,0,0.09802596495,0.9667159993,0,0
0,0,0.3146982547,2.166722897,2,0
0,0,0.4883031532,1.736048986,2,0
0,0,0.6737130204,1.854098671,2,0
0,0,0.8852510316,2.115380112,0,0
0,0,1.259949508,3.746984767,2,-1
1,1,1.745492724,4.855432151
0,0,0,0,0,0
0,0,0.1054855804,1.054855804,0,0
0,0,0.3258475189,2.203619385,0,0
0,0,0.6904828263,3.646353074,0,0
0,0,1.219390764,5.289079375,0,-1
1,1,1.898168755,6.787779913
0,0,0,0,0,0
0,0,0.07464282357,0.7464282357,1,0
0,0,0.165988692,0.9134586848,2,0
0,0,0.1818083606,0.1581966852,2,0
0,0,0.1528216544,-0.2898670621,1,0
0,0,0.1539649673,0.01143312939,0,0
0,0,0.2670143049,1.130493376,1,0
0,0,0.4166587408,1.496444359,1,0
0,0,0.6485198601,2.318611193,2,0
0,0,0.9122747196,2.637548595,1,0
0,0,1.285840152,3.735654322,1,-1
1,1,1.796723083,5.108829313
0,0,0,0,1,0
0,0,0.01030138238,0.1030138238,2,0
0,0,-0.0578801578,-0.6818154018,0,0
0,0,-0.05228996786,0.05590189939,1,0
0,0,-0.07239152385,-0.2010155599,1,0
0,0,-0.1009616047,-0.2857008088,1,0
0,0,-0.1609935323,-0.6003192762,2,0
0,0,-0.3480002841,-1.870067518,2,0
0,0,-0.6831905748,-3.351902907,2,0
0,0,-1.184245405,-5.0105483,0,-1
1,1,-1.776618376,-5.923729708
0,0,0,0,1,0
0,0,-0.01218034716,-0.1218034716,0,0
0,0,0.04608415663,0.582645038,2,0
0,0,0.007772287092,-0.3831186954,0,0
0,0,0.06738943815,0.5961715106,1,0
0,0,0.1225872053,0.5519776717,0,0
0,0,0.2902916019,1.677043966,1,0
0,0,0.5093850222,2.190934203,2,0
0,0,0.7243191355,2.149341133,1,0
0,0,1.041989637,3.17670502,2,0
0,0,1.449671008,4.076813708,2,-1
1,1,1.992554379,5.428833702
0,0,0,0,0,0
0,0,0.0986520784,0.986520784,0,0
0,0,0.3076530062,2.090009278,1,0
0,0,0.5654167075,2.577637013,2,0
0,0,0.8404660842,2.750493767,0,0
0,0,1.289582849,4.491167651,0,-1
1,1,1.891954753,6.023719039
0,0,0,0,1,0
0,0,0.01604576043,0.1604576043,1,0
0,0,0.04179679346,0.2575103303,0,0
0,0,0.1498928365,1.080960431,0,0
0,0,0.3721649152,2.222720787,1,0
0,0,0.6425484294,2.703835142,2,0
0,0,0.9392952899,2.967468604,2,0
0,0,1.317211511,3.779162213,2,-1
1,1,1.813286112,4.960746012
0,0,0,0,0,0
0,0,0.08350186706,0.8350186706,1,0
0,0,0.1768957402,0.9339387318,0,0
0,0,0.4016182518,2.247225116,0,0
0,0,0.7640534191,3.624351673,0,0
0,0,1.280845503,5.167920836,0,-1
1,1,1.953871167,6.730256648
0,0,0,0,2,0
0,0,-0.1028069912,-1.028069912,2,0
0,0,-0.3005424645,-1.977354733,2,0
0,0,-0.6366942782,-3.361518138,0,0
0,0,-0.9965159955,-3.598217173,2,0
0,0,-1.519029606,-5.225136103,1,-1
1,1,-2.186060262,-6.67030656
0,0,0,0,1,0
0,0,0.003347004921,0.03347004921,2,0
0,0,-0.07142529616,-0.7477230108,1,0
0,0,-0.1620706258,-0.9064532964,0,0
0,0,-0.184409323,-0.2233869725,0,0
0,0,-0.1519043598,0.3250496329,2,0
0,0,-0.2320774275,-0.8017306776,2,0
0,0,-0.424603024,-1.925255965,2,0
0,0,-0.7589951427,-3.343921186,0,0
0,0,-1.126051331,-3.670561883,2,-1
1,1,-1.655267731,-5.292164
0,0,0,0,2,0
0,0,-0.09511001843,-0.9511001843,1,0
0,0,-0.1939195928,-0.9880957438,0,0
0,0,-0.2297477277,-0.3582813485,1,0
0,0,-0.3080791661,-0.7833143843,0,0
0,0,-0.3654327155,-0.5735354937,2,0
0,0,-0.5794392104,-2.14006495,0,0
0,0,-0.8127409248,-2.333017144,1,0
0,0,-1.151992443,-3.392515186,0,-1
1,1,-1.596166713,-4.441742693
0,0,0,0,1,0
0,0,0.003574322583,0.03574322583,2,0
0,0,-0.0820934418,-0.8566776439,1,0
0,0,-0.1813124184,-0.9921897661,0,0
0,0,-0.2164074934,-0.3509507498,0,0
0,0,-0.203314577,0.1309291638,0,0
0,0,-0.1419230589,0.6139151815,2,0
0,0,-0.1990409546,-0.5711789575,0,0
0,0,-0.1990786633,-0.0003770864356,2,0
0,0,-0.3145561788,-1.154775155,1,0
0,0,-0.4810244758,-1.66468297,2,0
0,0,-0.7832050836,-3.021806078,2,0
0,0,-1.255373828,-4.721687447,2,-1
1,1,-1.886034661,-6.306608325
0,0,0,0,2,0
0,0,-0.08217525955,-0.8217525955,2,0
0,0,-0.2675876162,-1.854123566,2,0
0,0,-0.5947232912,-3.27135675,1,0
0,0,-1.011535027,-4.168117358,1,0
0,0,-1.541655303,-5.301202765,1,-1
1,1,-2.217767571,-6.761122673
0,0,0,0,1,0
0,0,0.01252311185,0.1252311185,0,0
0,0,0.1115736374,0.9905052556,2,0
0,0,0.1355637376,0.2399010023,2,0
0,0,0.1118571813,-0.2370655634,1,0
0,0,0.1056006107,-0.06256570549,0,0
0,0,0.1955695448,0.8996893408,0,0
0,0,0.3927587481,1.971892033,2,0
0,0,0.5734732995,1.807145514,2,0
0,0,0.7617362072,1.882629077,2,0
0,0,1.001113243,2.393770363,1,0
0,0,1.362907797,3.61794554,0,-1
1,1,1.881822661,5.189148631
0,0,0,0,2,0
0,0,-0.07527393901,-0.7527393901,0,0
0,0,-0.092013407,-0.1673946799,0,0
0,0,-0.05143296908,0.4058043792,2,0
0,0,-0.09957670487,-0.4814373579,1,0
0,0,-0.1547751857,-0.5519848082,0,0
0,0,-0.1644851685,-0.09709982769,2,0
0,0,-0.3044308591,-1.399456907,0,0
0,0,-0.4115521387,-1.071212796,2,0
0,0,-0.6504304244,-2.388782857,1,0
0,0,-0.9962814406,-3.458510162,0,0
0,0,-1.411559137,-4.152776962,0,-1
1,1,-1.957826996,-5.462678592
0,0,0,0,0,0
0,0,0.08821608356,0.8821608356,1,0
0,0,0.1765769634,0.8836087979,2,0
0,0,0.2206760253,0.4409906192,2,0
0,0,0.2295506496,0.08874624302,1,0
0,0,0.2829436486,0.5339299903,1,0
0,0,0.3851700542,1.022264056,2,0
0,0,0.4604749182,0.7530486397,1,0
0,0,0.6098766831,1.494017649,2,0
0,0,0.7957666888,1.858900057,1,0
0,0,1.098654797,3.028881085,0,0
0,0,1.56664138,4.679865831,1,-1
1,1,2.181450779,6.148093988
0,0,0,0,0,0
0,0,0.09590832505,0.9590832505,2,0
0,0,0.1353509214,0.3944259638,1,0
0,0,0.1913957216,0.5604480019,0,0
0,0,0.3578007046,1.66404983,0,0
0,0,0.6587783516,3.00977647,2,0
0,0,0.9853064598,3.265281082,2,0
0,0,1.38464686,3.993404006,1,-1
1,1,1.923298404,5.386515441
0,0,0,0,0,0
0,0,0.07746707857,0.7746707857,0,0
0,0,0.2552252849,1.777582064,0,0
0,0,0.5461511774,2.909258924,0,0
0,0,1.00193689,4.557857128,1,-1
1,1,1.575549441,5.736125509
0,0,0,0,2,0
0,0,-0.08121859505,-0.8121859505,2,0
0,0,-0.2787751268,-1.975565317,0,0
0,0,-0.4523364158,-1.73561289,2,0
0,0,-0.7664576909,-3.141212751,0,0
0,0,-1.121278397,-3.548207064,1,-1
1,1,-1.60213585,-4.808574526
0,0,0,0,1,0
0,0,0.01065526419,0.1065526419,2,0
0,0,-0.04771144715,-0.5836671133,2,0
0,0,-0.1995211305,-1.518096834,1,0
0,0,-0.4013159526,-2.017948221,1,0
0,0,-0.6622661319,-2.609501793,0,0
0,0,-0.9419379665,-2.796718345,2,0
0,0,-1.391125536,-4.49187569,0,-1
1,1,-1.967230432,-5.76104896
0,0,0,0,0,0
0,0,0.09284697121,0.9284697121,1,0
0,0,0.2032142261,1.103672549,0,0
0,0,0.4428660016,2.396517755,1,0
0,0,0.7456951036,3.028291019,2,0
0,0,1.094191737,3.484966338,0,-1
1,1,1.605818899,5.116271614
0,0,0,0,1,0
0,0,-0.00820378692,-0.0820378692,0,0
0,0,0.06349388107,0.7169766799,2,0
0,0,0.06759582283,0.0410194176,0,0
0,0,0.1691832059,1.015873831,1,0
0,0,0.3000731298,1.308899238,0,0
0,0,0.554986273,2.549131433,1,0
0,0,0.9020339803,3.470477073,2,0
0,0,1.303882967,4.018489866,1,-1
1,1,1.839244067,5.353610998
0,0,0,0,1,0
0,0,0.01539809441,0.1539809441,2,0
0,0,-0.07143010677,-0.8682820118,2,0
0,0,-0.2651186058,-1.936884991,2,0
0,0,-0.5732678242,-3.081492184,1,0
0,0,-0.9630616446,-3.897938204,0,0
0,0,-1.41689724,-4.538355952,1,-1
1,1,-2.011832953,-5.94935713
0,0,0,0,0,0
0,0,0.07680632581,0.7680632581,1,0
0,0,0.1679638418,0.91157516,0,0
0,0,0.3771487899,2.091849481,1,0
0,0,0.6591782991,2.820295092,0,0
0,0,1.110440484,4.512621853,2,-1
1,1,1.652108509,5.416680248
0,0,0,0,1,0
0,0,-0.01140013132,-0.1140013132,1,0
0,0,-0.03515279254,-0.2375266123,0,0
0,0,0.02201712618,0.5716991872,0,0
0,0,0.1740551051,1.520379789,0,0
0,0,0.4573795081,2.833244031,1,0
0,0,0.7968161029,3.394365947,2,0
0,0,1.17980743,3.829913275,0,-1
1,1,1.719785088,5.399776574
0,0,0,0,0,0
0,0,0.103762205,1.03762205,2,0
0,0,0.1301378605,0.2637565549,2,0
0,0,0.08858623728,-0.4155162321,0,0
0,0,0.1341419206,0.4555568335,2,0
0,0,0.1058958593,-0.2824606128,1,0
0,0,0.08922398456,-0.1667187479,1,0
0,0,0.1012152747,0.1199129016,1,0
0,0,0.1376745212,0.3645924645,0,0
0,0,0.268031004,1.303564828,2,0
0,0,0.3582272944,0.9019629043,1,0
0,0,0.4932430449,1.350157505,0,0
0,0,0.7793718336,2.861287886,0,0
0,0,1.217107805,4.37735971,2,-1
1,1,1.761331325,5.442235208
0,0,0,0,1,0
0,0,0.005316666076,0.05316666076,0,0
0,0,0.09584773491,0.9053106884,2,0
0,0,0.1176140821,0.2176634721,2,0
0,0,0.0658154697,-0.5179861243,0,0
0,0,0.0993464724,0.3353100271,0,0
0,0,0.2203036376,1.209571652,1,0
0,0,0.3839711309,1.636674933,1,0
0,0,0.6171726371,2.332015063,0,0
0,0,1.004082028,3.869093904,0,0
0,0,1.543776465,5.396944377,0,-1
1,1,2.230944326,6.871678605
0,0,0,0,0,0
0,0,0.08315312112,0.8315312112,1,0
0,0,0.1824706666,0.9931754545,0,0
0,0,0.4034078151,2.209371486,1,0
0,0,0.700082705,2.966748899,2,0
0,0,1.023157299,3.230745936,2,0
0,0,1.435863108,4.127058098,1,-1
1,1,1.989281227,5.534181184
0,0,0,0,2,0
0,0,-0.08312287818,-0.8312287818,0,0
0,0,-0.08777287062,-0.04649992438,2,0
0,0,-0.2001703493,-1.123974787,0,0
0,0,-0.2662704022,-0.661000529,2,0
0,0,-0.4527008004,-1.864303982,1,0
0,0,-0.7136662577,-2.609654573,1,0
0,0,-1.073154494,-3.594882361,2,-1
1,1,-1.599239326,-5.260848326
0,0,0,0,1,0
0,0,-0.007310532623,-0.07310532623,1,0
0,0,-0.03148244208,-0.2417190945,0,0
0,0,0.04403148876,0.7551393083,2,0
0,0,0.02333371735,-0.2069777141,0,0
0,0,0.08867287582,0.6533915847,0,0
0,0,0.2668428463,1.781699705,2,0
0,0,0.3936079002,1.267650538,0,0
0,0,0.6639568633,2.703489631,0,0
0,0,1.100548488,4.365916251,2,-1
1,1,1.630716263,5.301677748
0,0,0,0,0,0
0,0,0.09267273187,0.9267273187,1,0
0,0,0.1842876088,0.9161487691,1,0
0,0,0.3048824185,1.205948098,2,0
0,0,0.3856722902,0.8078987164,2,0
0,0,0.4647323864,0.7906009627,0,0
0,0,0.7052804926,2.405481062,2,0
0,0,0.9737588898,2.684783971,0,0
0,0,1.417244617,4.434857274,2,-1
1,1,1.988975644,5.717310265
0,0,0,0,1,0
0,0,-0.01455834684,-0.1455834684,0,0
0,0,0.07280532237,0.8736366921,1,0
0,0,0.1582981786,0.8549285625,0,0
0,0,0.3653365186,2.0703834,1,0
0,0,0.6335708691,2.682343505,0,0
0,0,1.058565415,4.249945461,1,-1
1,1,1.608602301,5.500368856
0,0,0,0,2,0
0,0,-0.09706419122,-0.9706419122,1,0
0,0,-0.2025577791,-1.054935879,2,0
0,0,-0.4115427386,-2.089849595,2,0
0,0,-0.7490981245,-3.375553859,1,0
0,0,-1.189757284,-4.406591595,2,-1
1,1,-1.792726227,-6.029689426
0,0,0,0,0,0
0,0,0.09301192904,0.9301192904,1,0
0,0,0.1871480305,0.9413610145,2,0
0,0,0.2377388099,0.5059077942,1,0
0,0,0.3346444739,0.9690566404,1,0
0,0,0.4794610421,1.448165682,2,0
0,0,0.6371647039,1.577036618,2,0
0,0,0.8147477755,1.775830716,1,0
0,0,1.100752158,2.860043821,1,0
0,0,1.522636915,4.218847575,0,-1
1,1,2.093455656,5.708187412
0,0,0,0,0,0
0,0,0.09875114273,0.9875114273,2,0
0,0,0.1427994574,0.4404831465,1,0
0,0,0.2111342068,0.6833474942,2,0
0,0,0.2424196118,0.3128540504,2,0
0,0,0.2451103119,0.02690700098,0,0
0,0,0.3736285202,1.285182083,0,0
0,0,0.6386633631,2.650348429,2,0
0,0,0.9375723611,2.98908998,2,0
0,0,1.309488319,3.719159582,0,-1
1,1,1.841120262,5.316319424
0,0,0,0,0,0
0,0,0.07165708006,0.7165708006,0,0
0,0,0.2522417969,1.805847169,0,0
0,0,0.5746288515,3.223870545,2,0
0,0,0.9165890335,3.41960182,1,0
0,0,1.37373241,4.57143376,1,-1
1,1,1.96840333,5.946709201
0,0,0,0,2,0
0,0,-0.08284601847,-0.8284601847,0,0
0,0,-0.1044497915,-0.2160377305,1,0
0,0,-0.1301400149,-0.2569022338,2,0
0,0,-0.2765799747,-1.464399598,1,0
0,0,-0.4661467961,-1.895668214,1,0
0,0,-0.7137851534,-2.476383573,1,0
0,0,-1.063043042,-3.492578883,1,0
0,0,-1.539037767,-4.759947252,2,-1
1,1,-2.163725474,-6.246877074
0,0,0,0,1,0
0,0,-0.01687203994,-0.1687203994,0,0
0,0,0.06766579466,0.845378346,0,0
0,0,0.2588447997,1.91179005,0,0
0,0,0.5783388843,3.194940846,2,0
0,0,0.8973787529,3.190398686,2,0
0,0,1.285646793,3.882680403,2,-1
1,1,1.785226122,4.995793286
0,0,0,0,2,0
0,0,-0.1005940473,-1.005940473,2,0
0,0,-0.3174115453,-2.168174981,1,0
0,0,-0.5707318011,-2.533202557,0,0
0,0,-0.8241950155,-2.534632145,2,0
0,0,-1.236874013,-4.126789974,0,-1
1,1,-1.753060531,-5.161865183
0,0,0,0,0,0
0,0,0.09598565497,0.9598565497,0,0
0,0,0.2998457389,2.03860084,0,0
0,0,0.6225936701,3.227479311,0,0
0,0,1.098862797,4.762691269,1,-1
1,1,1.702260074,6.033972774
0,0,0,0,0,0
0,0,0.07299735755,0.7299735755,2,0
0,0,0.07877313289,0.0577577534,0,0
0,0,0.1882765747,1.095034418,2,0
0,0,0.2304332957,0.4215672103,2,0
0,0,0.2346908969,0.04257601233,2,0
0,0,0.2074333097,-0.2725758727,2,0
0,0,0.1420945533,-0.6533875635,1,0
0,0,0.08588885485,-0.5620569848,2,0
0,0,-0.04510491912,-1.30993774,2,0
0,0,-0.264747933,-2.196430138,1,0
0,0,-0.5241951855,-2.594472525,2,0
0,0,-0.9492265097,-4.250313242,2,0
0,0,-1.540363781,-5.911372716,0,-1
1,1,-2.274438747,-7.340749653
0,0,0,0,1,0
0,0,-0.009158282821,-0.09158282821,2,0
0,0,-0.09214923462,-0.829909518,1,0
0,0,-0.193047792,-1.008985573,2,0
0,0,-0.4223429687,-2.292951767,0,0
0,0,-0.6298969757,-2.07554007,0,0
0,0,-0.864956057,-2.350590813,0,0
0,0,-1.164931854,-2.999757974,2,-1
1,1,-1.62894665,-4.640147956
0,0,0,0,0,0
0,0,0.09236180528,0.9236180528,2,0
0,0,0.1191557675,0.2679396224,2,0
0,0,0.08188037038,-0.3727539714,2,0
0,0,-0.02056562388,-1.024459943,1,0
0,0,-0.1333418505,-1.127762266,1,0
0,0,-0.2642148502,-1.308729997,1,0
0,0,-0.4324576138,-1.682427636,2,0
0,0,-0.7321502378,-2.99692624,2,0
0,0,-1.203578787,-4.714285496,0,-1
1,1,-1.773349536,-5.69770749
0,0,0,0,1,0
0,0,0.009730225487,0.09730225487,2,0
0,0,-0.06205567373,-0.7178589922,2,0
0,0,-0.2270630879,-1.650074142,2,0
0,0,-0.530032878,-3.029697901,0,0
0,0,-0.8483427274,-3.183098494,2,0
0,0,-1.322747998,-4.744052706,0,-1
1,1,-1.916681861,-5.939338634
0,0,0,0,1,0
0,0,-0.009403668586,-0.09403668586,2,0
0,0,-0.09523474031,-0.8583107172,2,0
0,0,-0.2741308543,-1.78896114,2,0
0,0,-0.5910865796,-3.169557253,0,0
0,0,-0.9228255261,-3.317389464,0,0
0,0,-1.321096902,-3.982713764,1,-1
1,1,-1.854157481,-5.330605781
0,0,0,0,0,0
0,0,0.07860074694,0.7860074694,1,0
0,0,0.1762376447,0.9763689771,0,0
0,0,0.398488817,2.222511724,1,0
0,0,0.681217208,2.827283909,2,0
0,0,1.003392255,3.22175047,0,0
0,0,1.493885765,4.904935098,1,-1
1,1,2.128671191,6.347854258
0,0,0,0,0,0
0,0,0.08093708562,0.8093708562,0,0
0,0,0.2535637264,1.726266407,0,0
0,0,0.5548030523,3.01239326,1,0
0,0,0.9451208532,3.903178009,1,0
0,0,1.440843587,4.957227341,2,-1
1,1,2.068084084,6.272404972
0,0,0,0,0,0
0,0,0.07184059519,0.7184059519,0,0
0,0,0.2603861729,1.885455777,1,0
0,0,0.4937299425,2.333437696,2,0
0,0,0.7388102447,2.450803022,0,0
0,0,1.146989327,4.081790818,0,-1
1,1,1.712358376,5.653690493
0,0,0,0,0,0
0,0,0.09056479802,0.9056479802,0,0
0,0,0.3008899125,2.103251144,0,0
0,0,0.644551017,3.436611046,0,0
0,0,1.129701902,4.851508853,2,-1
1,1,1.711125542,5.814236396
0,0,0,0,0,0
0,0,0.07494007628,0.7494007628,1,0
0,0,0.1676963587,0.9275628241,0,0
0,0,0.3595229211,1.918265624,0,0
0,0,0.6982322074,3.387092863,0,0
0,0,1.191584047,4.933518393,2,-1
1,1,1.787030045,5.954459985
0,0,0,0,1,0
0,0,-0.01372556081,-0.1372556081,2,0
0,0,-0.1313585173,-1.176329565,2,0
0,0,-0.3484545829,-2.170960655,2,0
0,0,-0.7182538605,-3.697992776,0,0
0,0,-1.127735289,-4.094814284,0,-1
1,1,-1.63476772,-5.070324309
0,0,0,0,0,0
0,0,0.09420337331,0.9420337331,1,0
0,0,0.2145669294,1.20363556,1,0
0,0,0.373452279,1.588853496,2,0
0,0,0.5062968609,1.328445819,2,0
0,0,0.6426321399,1.363352791,0,0
0,0,0.9303942265,2.877620865,0,0
0,0,1.39288311,4.624888832,1,-1
1,1,1.996198357,6.03315247
0,0,0,0,0,0
0,0,0.07265883421,0.7265883421,0,0
0,0,0.2359378194,1.632789852,0,0
0,0,0.5191491703,2.832113509,0,0
0,0,0.9598008755,4.406517053,1,0
0,0,1.515972458,5.561715829,2,-1
1,1,2.212029471,6.960570129
0,0,0,0,0,0
0,0,0.08364708515,0.8364708515,1,0
0,0,0.1678432576,0.8419617248,0,0
0,0,0.3525250176,1.846817599,2,0
0,0,0.5167968255,1.642718079,0,0
0,0,0.8460440359,3.292472104,1,0
0,0,1.287780217,4.417361813,1,-1
1,1,1.868495868,5.807156505
0,0,0,0,0,0
0,0,0.08135343757,0.8135343757,0,0
0,0,0.260102813,1.787493754,1,0
0,0,0.4898824637,2.297796507,0,0
0,0,0.8693442396,3.794617759,0,0
0,0,1.409896404,5.405521648,1,-1
1,1,2.091168315,6.812719106
0,0,0,0,1,0
0,0,0.01630414017,0.1630414017,2,0
0,0,-0.05090125851,-0.6720539868,2,0
0,0,-0.2236719995,-1.72770741,2,0
0,0,-0.5102046869,-2.865326875,2,0
0,0,-0.9436383805,-4.334336936,0,0
0,0,-1.441828162,-4.981897817,2,-1
1,1,-2.09071165,-6.488834878
0,0,0,0,1,0
0,0,-0.007704193192,-0.07704193192,0,0
0,0,0.08582296671,0.935271599,1,0
0,0,0.1891133365,1.032903698,0,0
0,0,0.4004114208,2.112980842,1,0
0,0,0.6697794954,2.693680747,1,0
0,0,1.039017158,3.692376627,1,0
0,0,1.538474674,4.994575161,2,-1
1,1,2.18113966,6.426649857
0,0,0,0,2,0
0,0,-0.08008412584,-0.8008412584,0,0
0,0,-0.09378332733,-0.1369920149,0,0
0,0,-0.03927206608,0.5451126125,1,0
0,0,0.01704158434,0.5631365042,0,0
0,0,0.1809964509,1.639548666,1,0
0,0,0.379034396,1.980379451,1,0
0,0,0.6379004341,2.588660381,1,0
0,0,1.00068976,3.627893264,0,0
0,0,1.525753308,5.250635474,1,-1
1,1,2.195356106,6.696027977
0,0,0,0,2,0
0,0,-0.09291531032,-0.9291531032,0,0
0,0,-0.1160087042,-0.2309339383,2,0
0,0,-0.2461659497,-1.301572455,1,0
0,0,-0.4112033205,-1.650373709,1,0
0,0,-0.6524127074,-2.412093869,2,0
0,0,-1.04406335,-3.916506427,2,-1
1,1,-1.603160312,-5.590969616
0,0,0,0,2,0
0,0,-0.07566776673,-0.7566776673,2,0
0,0,-0.2389153121,-1.632475454,1,0
0,0,-0.4574102465,-2.184949344,0,0
0,0,-0.665000003,-2.075897566,1,0
0,0,-0.9610111454,-2.960111424,1,0
0,0,-1.380543623,-4.19532478,0,-1
1,1,-1.927904074,-5.473604509
0,0,0,0,2,0
0,0,-0.09343364929,-0.9343364929,2,0
0,0,-0.2789719676,-1.855383183,0,0
0,0,-0.4385704357,-1.595984681,0,0
0,0,-0.603543738,-1.649733023,0,0
0,0,-0.7918201518,-1.882764138,1,0
0,0,-1.086398356,-2.945782038,1,0
0,0,-1.504478562,-4.180802063,0,-1
1,1,-2.061808619,-5.573300569
0,0,0,0,2,0
0,0,-0.07990910602,-0.7990910602,1,0
0,0,-0.160070845,-0.8016173899,2,0
0,0,-0.3388682731,-1.787974281,2,0
0,0,-0.6677517955,-3.288835224,2,0
0,0,-1.144524162,-4.76772366,2,-1
1,1,-1.773435225,-6.289110631
0,0,0,0,2,0
0,0,-0.07422994583,-0.7422994583,0,0
0,0,-0.06000498722,0.1422495861,1,0
0,0,-0.05519651618,0.04808471037,2,0
0,0,-0.141358599,-0.861620828,0,0
0,0,-0.1545851354,-0.1322653641,2,0
0,0,-0.2765542575,-1.219691221,0,0
0,0,-0.358633444,-0.8207918655,1,0
0,0,-0.4990584301,-1.40424986,2,0
0,0,-0.8054196755,-3.063612454,1,0
0,0,-1.228862696,-4.234430208,2,-1
1,1,-1.811839597,-5.829769011
0,0,0,0,2,0
0,0,-0.09825841146,-0.9825841146,0,0
0,0,-0.1126968455,-0.1443843404,1,0
0,0,-0.1618378902,-0.4914104472,2,0
0,0,-0.3320448711,-1.702069808,0,0
0,0,-0.4820364196,-1.499915485,1,0
0,0,-0.7175950755,-2.355586559,2,0
0,0,-1.10712547,-3.895303943,2,-1
1,1,-1.659010676,-5.518852059
0,0,0,0,2,0
0,0,-0.08198218071,-0.8198218071,0,0
0,0,-0.1025738583,-0.2059167754,0,0
0,0,-0.05167665462,0.5089720363,2,0
0,0,-0.08951060977,-0.3783395515,2,0
0,0,-0.2291465003,-1.396358906,1,0
0,0,-0.4035277938,-1.743812935,2,0
0,0,-0.721085019,-3.175572252,2,0
0,0,-1.201425162,-4.803401434,2,-1
1,1,-1.835150138,-6.337249761
0,0,0,0,2,0
0,0,-0.0968728014,-0.968728014,1,0
0,0,-0.2216174097,-1.247446083,2,0
0,0,-0.4717054036,-2.500879939,2,0
0,0,-0.8558613387,-3.841559351,1,0
0,0,-1.351012043,-4.951507039,1,-1
1,1,-1.980290263,-6.292782205
0,0,0,0,0,0
0,0,0.07604404557,0.7604404557,1,0
0,0,0.1618958485,0.8585180295,0,0
0,0,0.3788623609,2.169665124,1,0
0,0,0.6620268098,2.83164449,2,0
0,0,0.9688348468,3.068080369,1,0
0,0,1.403752918,4.349180709,1,-1
1,1,1.979313228,5.755603098
0,0,0,0,0,0
0,0,0.09156790318,0.9156790318,1,0
0,0,0.2023876491,1.10819746,2,0
0,0,0.2726985295,0.703108804,2,0
0,0,0.3084334015,0.3573487198,1,0
0,0,0.3887972653,0.8036386376,1,0
0,0,0.528550069,1.397528037,1,0
0,0,0.7524164576,2.238663886,2,0
0,0,1.030072392,2.776559347,0,0
0,0,1.478205432,4.481330394,1,-1
1,1,2.070069122,5.918636904
0,0,0,0,2,0
0,0,-0.09787730691,-0.9787730691,0,0
0,0,-0.1288192001,-0.3094189318,2,0
0,0,-0.2718641107,-1.430449106,2,0
0,0,-0.5467195717,-2.748554611,0,0
0,0,-0.8213749556,-2.746553839,2,0
0,0,-1.258376064,-4.370011085,1,-1
1,1,-1.827625058,-5.692489942
0,0,0,0,2,0
0,0,-0.09583341361,-0.9583341361,2,0
0,0,-0.2932266369,-1.973932233,1,0
0,0,-0.5449762932,-2.517496562,0,0
0,0,-0.8139374567,-2.689611635,1,0
0,0,-1.18307034,-3.691328835,2,-1
1,1,-1.709714451,-5.266441113
0,0,0,0,0,0
0,0,0.1036233366,1.036233366,0,0
0,0,0.2950505532,1.914272166,2,0
0,0,0.4387076315,1.436570783,2,0
0,0,0.5714197716,1.327121401,2,0
0,0,0.7151966433,1.437768716,2,0
0,0,0.9019079409,1.867112977,1,0
0,0,1.210336635,3.084286937,2,-1
1,1,1.627567874,4.172312393
0,0,0,0,2,0
0,0,-0.08081947564,-0.8081947564,0,0
0,0,-0.08947971682,-0.08660241175,1,0
0,0,-0.1045949175,-0.1511520072,0,0
0,0,-0.06281589537,0.4177902218,0,0
0,0,0.04425378928,1.070696846,1,0
0,0,0.1580079233,1.13754134,0,0
0,0,0.3925388235,2.345309002,2,0
0,0,0.6150242928,2.224854693,0,0
0,0,0.9950754707,3.800511779,2,0
0,0,1.443034945,4.479594746,2,-1
1,1,2.024010165,5.809752194
0,0,0,0,0,0
0,0,0.1028465925,1.028465925,2,0
0,0,0.119506962,0.1666036944,2,0
0,0,0.08467379162,-0.3483317036,2,0
0,0,-0.03503792912,-1.197117207,0,0
0,0,-0.06527257251,-0.3023464339,1,0
0,0,-0.1022921792,-0.3701960674,2,0
0,0,-0.2313800777,-1.290878984,0,0
0,0,-0.3308396897,-0.9945961201,1,0
0,0,-0.4790429434,-1.482032537,1,0
0,0,-0.6883643888,-2.093214454,0,0
0,0,-0.9242831815,-2.359187927,2,0
0,0,-1.32795287,-4.036696886,0,-1
1,1,-1.851744202,-5.237913318
0,0,0,0,2,0
0,0,-0.09942403935,-0.9942403935,1,0
0,0,-0.2239390081,-1.245149688,0,0
0,0,-0.2861412022,-0.6220219414,2,0
0,0,-0.4632300743,-1.77088872,2,0
0,0,-0.7742731088,-3.110430345,2,0
0,0,-1.247437298,-4.73164189,2,-1
1,1,-1.874591343,-6.271540455
0,0,0,0,0,0
0,0,0.09721180572,0.9721180572,0,0
0,0,0.2904055567,1.93193751,0,0
0,0,0.5982679312,3.078623744,0,0
0,0,1.05863894,4.603710084,1,-1
1,1,1.633995083,5.75356143
0,0,0,0,0,0
0,0,0.07965904849,0.7965904849,1,0
0,0,0.164266085,0.8460703649,1,0
0,0,0.2930638037,1.287977188,1,0
0,0,0.4583561018,1.65292298,0,0
0,0,0.7717867731,3.134306713,2,0
0,0,1.140576794,3.687900207,0,-1
1,1,1.670600065,5.300232715
0,0,0,0,1,0
0,0,0.01614647096,0.1614647096,1,0
0,0,0.04183593291,0.2568946195,2,0
0,0,-0.00275054877,-0.4458648168,1,0
0,0,-0.0403554268,-0.3760487803,2,0
0,0,-0.1778459183,-1.374904915,2,0
0,0,-0.4278586344,-2.500127161,0,0
0,0,-0.656359884,-2.285012496,0,0
0,0,-0.9255268622,-2.691669782,2,0
0,0,-1.369678519,-4.441516565,2,-1
1,1,-1.970631532,-6.009530132
0,0,0,0,1,0
0,0,-0.007655596695,-0.07655596695,0,0
0,0,0.0834103458,0.9106594249,0,0
0,0,0.2909817516,2.075714058,1,0
0,0,0.5329193314,2.419375798,0,0
0,0,0.9400881997,4.071688684,1,0
0,0,1.459843807,5.197556076,1,-1
1,1,2.120973614,6.611298067
0,0,0,0,2,0
0,0,-0.0991747642,-0.991747642,1,0
0,0,-0.2267872299,-1.276124657,2,0
0,0,-0.4837227961,-2.569355661,2,0
0,0,-0.8997199242,-4.159971281,0,0
0,0,-1.374087712,-4.743677875,0,-1
1,1,-1.971597176,-5.975094638
0,0,0,0,2,0
0,0,-0.09184029833,-0.9184029833,2,0
0,0,-0.3041851366,-2.123448383,0,0
0,0,-0.4887799165,-1.845947798,1,0
0,0,-0.7599077506,-2.711278341,0,0
0,0,-1.075313611,-3.154058605,2,0
0,0,-1.551857892,-4.765442806,2,-1
1,1,-2.176131277,-6.242733857
0,0,0,0,1,0
0,0,-0.001462280151,-0.01462280151,2,0
0,0,-0.07498574525,-0.7352346509,0,0
0,0,-0.07583656439,-0.008508191475,2,0
0,0,-0.1752637187,-0.9942715433,2,0
0,0,-0.3823153725,-2.070516538,0,0
0,0,-0.5829024068,-2.005870343,0,0
0,0,-0.8140715468,-2.3116914,2,0
0,0,-1.21216738,-3.980958333,0,-1
1,1,-1.719605837,-5.074384567
0,0,0,0,1,0
0,0,0.01743004869,0.1743004869,2,0
0,0,-0.03412643284,-0.5155648153,2,0
0,0,-0.1938919817,-1.597655488,0,0
0,0,-0.306798287,-1.129063053,2,0
0,0,-0.5662294721,-2.594311851,2,0
0,0,-0.9738088486,-4.075793764,2,0
0,0,-1.54956614,-5.757572918,2,-1
1,1,-2.273042829,-7.234766887
0,0,0,0,0,0
0,0,0.1012745625,1.012745625,0,0
0,0,0.2934950328,1.922204703,1,0
0,0,0.5411297012,2.476346685,2,0
0,0,0.8024636769,2.613339757,2,0
0,0,1.127080777,3.246171002,0,-1
1,1,1.615823761,4.88742984
0,0,0,0,2,0
0,0,-0.08360123571,-0.8360123571,1,0
0,0,-0.1816591285,-0.9805789284,2,0
0,0,-0.3905304448,-2.088713162,1,0
0,0,-0.6655720116,-2.750415669,1,0
0,0,-1.030731828,-3.65159816,0,0
0,0,-1.472369981,-4.416381536,0,-1
1,1,-2.049733156,-5.773631744
0,0,0,0,0,0
0,0,0.07721171899,0.7721171899,1,0
0,0,0.1769948867,0.9978316769,1,0
0,0,0.3122431304,1.352482437,1,0
0,0,0.5106522978,1.984091674,2,0
0,0,0.7008829718,1.90230674,2,0
0,0,0.9245509271,2.236679553,0,0
0,0,1.311585196,3.870342691,0,-1
1,1,1.85506976,5.434845642
0,0,0,0,1,0
0,0,-0.0131471775,-0.131471775,0,0
0,0,0.05650472243,0.6965189993,1,0
0,0,0.1370833725,0.8057865003,2,0
0,0,0.1587463815,0.2166300903,1,0
0,0,0.1980906324,0.3934425092,1,0
0,0,0.2666963375,0.6860570507,0,0
0,0,0.4696407416,2.029444041,0,0
0,0,0.830830601,3.611898595,1,0
0,0,1.288380557,4.575499562,1,-1
1,1,1.87659806,5.882175025
0,0,0,0,2,0
0,0,-0.08607993046,-0.8607993046,0,0
0,0,-0.1116343318,-0.2555440136,0,0
0,0,-0.07677851672,0.348558151,2,0
0,0,-0.1465368326,-0.6975831592,1,0
0,0,-0.2429779384,-0.9644110576,1,0
0,0,-0.3943062025,-1.513282641,2,0
0,0,-0.6793004151,-2.849942126,0,0
0,0,-0.9895894371,-3.10289022,0,0
0,0,-1.375015019,-3.85425582,1,-1
1,1,-1.89989644,-5.248814208
0,0,0,0,1,0
0,0,-0.01472044577,-0.1472044577,0,0
0,0,0.04923267153,0.6395311731,2,0
0,0,0.02520403398,-0.2402863755,2,0
0,0,-0.07181138634,-0.9701542032,2,0
0,0,-0.260256085,-1.884446987,2,0
0,0,-0.5787797983,-3.185237133,2,0
0,0,-1.041080281,-4.623004829,2,-1
1,1,-1.663727096,-6.226468149
0,0,0,0,2,0
0,0,-0.07247543336,-0.7247543336,1,0
0,0,-0.155613225,-0.8313779162,0,0
0,0,-0.1911029958,-0.3548977078,0,0
0,0,-0.174836504,0.1626649172,1,0
0,0,-0.2037580369,-0.2892153281,2,0
0,0,-0.3501325746,-1.463745378,0,0
0,0,-0.4765202181,-1.263876435,2,0
0,0,-0.7456027997,-2.690825816,2,0
0,0,-1.175364859,-4.297620592,2,-1
1,1,-1.758436379,-5.830715205
0,0,0,0,0,0
0,0,0.07133091882,0.7133091882,1,0
0,0,0.1721447432,1.008138244,0,0
0,0,0.3755284579,2.033837146,0,0
0,0,0.7193492194,3.438207615,0,0
0,0,1.217546405,4.981971853,1,-1
1,1,1.844654369,6.271079646
0,0,0,0,0,0
0,0,0.08739933445,0.8739933445,2,0
0,0,0.1045989933,0.1719965885,2,0
0,0,0.03869990474,-0.6589908856,1,0
0,0,-0.03397625822,-0.7267616297,2,0
0,0,-0.2166406329,-1.826643746,0,0
0,0,-0.3483989968,-1.31758364,0,0
0,0,-0.4622965863,-1.138975894,0,0
0,0,-0.578897873,-1.166012867,2,0
0,0,-0.8453178138,-2.664199408,2,0
0,0,-1.268891422,-4.23573608,1,-1
1,1,-1.82908222,-5.601907978
0,0,0,0,0,0
0,0,0.08506805451,0.8506805451,2,0
0,0,0.1113257008,0.2625764626,2,0
0,0,0.07110848191,-0.4021721887,0,0
0,0,0.1411757461,0.7006726424,1,0
0,0,0.2505539812,1.093782351,0,0
0,0,0.4816658495,2.311118683,2,0
0,0,0.7077122484,2.260463989,2,0
0,0,0.9795643425,2.718520941,2,0
0,0,1.331829,3.522646576,2,-1
1,1,1.804882968,4.730539677
0,0,0,0,1,0
0,0,0.01604963882,0.1604963882,1,0
0,0,0.05207934105,0.3602970223,2,0
0,0,0.01439062933,-0.3768871172,0,0
0,0,0.05723241389,0.4284178456,2,0
0,0,0.01189767855,-0.4533473535,0,0
0,0,0.05402216957,0.4212449103,2,0
0,0,0.00814193568,-0.4588023389,1,0
0,0,-0.04822214808,-0.5636408376,1,0
0,0,-0.09671249008,-0.48490342,2,0
0,0,-0.2567048941,-1.599924041,0,0
0,0,-0.3805518579,-1.238469638,2,0
0,0,-0.6444358038,-2.638839458,0,0
0,0,-0.9412609277,-2.96825124,1,0
0,0,-1.362166764,-4.209058361,0,-1
1,1,-1.904847241,-5.426804772
0,0,0,0,2,0
0,0,-0.09502495073,-0.9502495073,1,0
0,0,-0.1895616023,-0.9453665159,2,0
0,0,-0.3930796205,-2.035180181,2,0
0,0,-0.7373410566,-3.442614361,0,0
0,0,-1.128706258,-3.913652015,2,-1
1,1,-1.685209701,-5.565034431
0,0,0,0,0,0
0,0,0.09326362956,0.9326362956,0,0
0,0,0.2830961256,1.89832496,2,0
0,0,0.4397100705,1.566139449,1,0
0,0,0.6701087291,2.303986587,2,0
0,0,0.9343111735,2.642024444,0,0
0,0,1.359329258,4.250180849,2,-1
1,1,1.904508034,5.451787757
0,0,0,0,2,0
0,0,-0.09191884718,-0.9191884718,0,0
0,0,-0.09783518931,-0.05916342125,0,0
0,0,-0.02436896753,0.7346622178,2,0
0,0,-0.04246186755,-0.1809290002,0,0
0,0,0.02367375533,0.6613562288,0,0
0,0,0.1680898597,1.444161044,0,0
0,0,0.4325122796,2.644224198,2,0
0,0,0.6891440449,2.566317653,1,0
0,0,1.034295328,3.451512832,2,0
0,0,1.462512583,4.282172549,0,-1
1,1,2.041933827,5.794212442
0,0,0,0,2,0
0,0,-0.07982666343,-0.7982666343,0,0
0,0,-0.08709021115,-0.07263547722,1,0
0,0,-0.1055798582,-0.1848964701,2,0
0,0,-0.2471358743,-1.415560162,2,0
0,0,-0.5218769739,-2.747410996,0,0
0,0,-0.7864953975,-2.646184236,2,0
0,0,-1.220427818,-4.339324208,2,-1
1,1,-1.813668356,-5.932405379
0,0,0,0,0,0
0,0,0.08884133942,0.8884133942,1,0
0,0,0.1987328692,1.098915298,0,0
0,0,0.442866024,2.441331548,2,0
0,0,0.6639639228,2.210978988,0,0
0,0,1.043750418,3.797864955,2,0
0,0,1.504502103,4.607516843,0,-1
1,1,2.115061724,6.105596211
0,0,0,0,2,0
0,0,-0.0975911759,-0.975911759,0,0
0,0,-0.1363479441,-0.3875676818,2,0
0,0,-0.2768261542,-1.404782102,0,0
0,0,-0.36490111,-0.8807495574,1,0
0,0,-0.5178499256,-1.529488156,2,0
0,0,-0.8349098765,-3.170599509,0,0
0,0,-1.215287973,-3.803780968,1,-1
1,1,-1.725239191,-5.099512182
0,0,0,0,1,0
0,0,-0.01276766009,-0.1276766009,1,0
0,0,-0.03645852887,-0.2369086878,1,0
0,0,-0.07567841537,-0.3921988649,1,0
0,0,-0.128001134,-0.5232271864,2,0
0,0,-0.3060148658,-1.780137318,2,0
0,0,-0.6329569505,-3.269420847,1,0
0,0,-1.039940128,-4.069831772,2,-1
1,1,-1.60962618,-5.696860527
0,0,0,0,1,0
0,0,0.00454683458,0.0454683458,0,0
0,0,0.1064506163,1.019037817,1,0
0,0,0.2384725172,1.320219009,2,0
0,0,0.3310061452,0.92533628,2,0
0,0,0.3990558356,0.6804969039,2,0
0,0,0.4446346641,0.4557882848,0,0
0,0,0.6381236646,1.934890006,2,0
0,0,0.8564567308,2.183330662,0,0
0,0,1.244870725,3.884139939,1,-1
1,1,1.76780996,5.229392355
0,0,0,0,1,0
0,0,-0.007855604733,-0.07855604733,0,0
0,0,0.08318000632,0.9103561105,1,0
0,0,0.2007355518,1.175555455,0,0
0,0,0.4470512876,2.463157358,2,0
0,0,0.6721519017,2.251006141,2,0
0,0,0.9404840215,2.683321198,2,0
0,0,1.285334879,3.448508572,0,-1
1,1,1.785665536,5.003306574
0,0,0,0,2,0
0,0,-0.0862753226,-0.862753226,2,0
0,0,-0.2771191806,-1.90843858,2,0
0,0,-0.6132950064,-3.361758259,1,0
0,0,-1.028076553,-4.147815464,1,0
0,0,-1.564117192,-5.360406394,0,-1
1,1,-2.246353761,-6.822365686
0,0,0,0,2,0
0,0,-0.09710853999,-0.9710853999,0,0
0,0,-0.13857227,-0.4146373,1,0
0,0,-0.2042219571,-0.656496871,0,0
0,0,-0.2178722345,-0.1365027739,2,0
0,0,-0.3704159639,-1.525437294,1,0
0,0,-0.5856051168,-2.151891529,0,0
0,0,-0.8050987362,-2.194936194,1,0
0,0,-1.12581976,-3.207210237,1,-1
1,1,-1.580214712,-4.543949521
0,0,0,0,2,0
0,0,-0.1033375478,-1.033375478,0,0
0,0,-0.1336671929,-0.3032964508,0,0
0,0,-0.08790066407,0.4576652881,1,0
0,0,-0.06695458776,0.2094607631,1,0
0,0,-0.05608375735,0.1087083041,1,0
0,0,-0.04225122499,0.1383253237,0,0
0,0,0.06328252423,1.055337492,1,0
0,0,0.1633662659,1.000837416,1,0
0,0,0.2761136732,1.127474073,2,0
0,0,0.3646188248,0.8850515156,1,0
0,0,0.5139813447,1.493625199,1,0
0,0,0.7448874649,2.309061203,1,0
0,0,1.072924291,3.280368266,0,0
0,0,1.570024516,4.971002243,0,-1
1,1,2.214156809,6.441322933
0,0,0,0,2,0
0,0,-0.0932630097,-0.932630097,2,0
0,0,-0.2948212168,-2.015582071,2,0
0,0,-0.6277597735,-3.329385567,1,0
0,0,-1.046890903,-4.19131129,1,-1
1,1,-1.590865425,-5.439745224
0,0,0,0,1,0
0,0,0.0002866846804,0.002866846804,2,0
0,0,-0.08506354232,-0.85350227,1,0
0,0,-0.1900672902,-1.050037479,1,0
0,0,-0.3377627448,-1.476954545,2,0
0,0,-0.6275506089,-2.897878641,1,0
0,0,-1.006120239,-3.7856963,1,0
0,0,-1.512025128,-5.059048891,1,-1
1,1,-2.161741746,-6.497166184
0,0,0,0,2,0
0,0,-0.08657023377,-0.8657023377,2,0
0,0,-0.2810739213,-1.945036876,2,0
0,0,-0.6144470779,-3.333731566,0,0
0,0,-0.9732190972,-3.587720192,1,0
0,0,-1.442674831,-4.694557335,1,-1
1,1,-2.052507198,-6.098323673
0,0,0,0,0,0
0,0,0.09472850396,0.9472850396,2,0
0,0,0.1253911997,0.3066269572,0,0
0,0,0.2491005818,1.237093822,0,0
0,0,0.5047779177,2.556773359,2,0
0,0,0.7476012552,2.428233375,1,0
0,0,1.097593879,3.499926239,0,-1
1,1,1.60903141,5.114375313
0,0,0,0,0,0
0,0,0.09860966075,0.9860966075,0,0
0,0,0.3080213677,2.09411707,0,0
0,0,0.6597289467,3.517075789,0,0
0,0,1.173260603,5.135316567,1,-1
1,1,1.805631317,6.323707141
0,0,0,0,2,0
0,0,-0.07686046134,-0.7686046134,1,0
0,0,-0.1707044367,-0.9384397536,2,0
0,0,-0.3805907549,-2.098863182,0,0
0,0,-0.5850407967,-2.044500418,0,0
0,0,-0.7981084566,-2.130676599,0,0
0,0,-1.054497562,-2.563891057,0,0
0,0,-1.398465573,-3.439680112,0,-1
1,1,-1.870113977,-4.716484034
0,0,0,0,0,0
0,0,0.07798382565,0.7798382565,2,0
0,0,0.06528464002,-0.1269918562,0,0
0,0,0.1383382159,0.7305357583,0,0
0,0,0.3071433291,1.688051132,2,0
0,0,0.4359488306,1.288055015,2,0
0,0,0.544678816,1.087299854,1,0
0,0,0.7422596292,1.975808132,2,0
0,0,0.9930178604,2.507582312,0,0
0,0,1.417782419,4.247645582,0,-1
1,1,1.995994755,5.782123359
0,0,0,0,2,0
0,0,-0.08066550532,-0.8066550532,2,0
0,0,-0.2645784952,-1.839129899,0,0
0,0,-0.4181956653,-1.536171701,1,0
0,0,-0.6468595731,-2.286639078,1,0
0,0,-0.9610239483,-3.141643752,0,0
0,0,-1.346852726,-3.858287775,0,-1
1,1,-1.85456104,-5.077083138
0,0,0,0,2,0
0,0,-0.07623710653,-0.7623710653,0,0
0,0,-0.06171453246,0.1452257407,2,0
0,0,-0.1470022015,-0.8528766906,2,0
0,0,-0.3385324047,-1.915302031,0,0
0,0,-0.4875535309,-1.490211263,0,0
0,0,-0.6244439734,-1.368904425,1,0
0,0,-0.8438685788,-2.194246053,2,0
0,0,-1.220231603,-3.763630238,1,-1
1,1,-1.725659368,-5.054277657
0,0,0,0,2,0
0,0,-0.1058154829,-1.058154829,0,0
0,0,-0.1526070584,-0.4679157549,1,0
0,0,-0.233100745,-0.8049368664,0,0
0,0,-0.2819400665,-0.4883932147,1,0
0,0,-0.3793144464,-0.9737437985,1,0
0,0,-0.5406346117,-1.613201653,1,0
0,0,-0.7929184509,-2.522838392,1,0
0,0,-1.154113835,-3.611953846,1,-1
1,1,-1.649996792,-4.958829564
0,0,0,0,0,0
0,0,0.07518040605,0.7518040605,0,0
0,0,0.252276058,1.77095652,1,0
0,0,0.4645418487,2.122657907,1,0
0,0,0.7423107997,2.777689509,0,0
0,0,1.185475463,4.431646638,2,-1
1,1,1.727063276,5.415878124
0,0,0,0,0,0
0,0,0.07395600652,0.7395600652,1,0
0,0,0.1479405829,0.7398457639,0,0
0,0,0.3322760542,1.843354713,2,0
0,0,0.4986283526,1.663522984,0,0
0,0,0.8311106825,3.324823299,2,0
0,0,1.222260421,3.911497383,1,-1
1,1,1.75008029,5.278198689
0,0,0,0,1,0
0,0,-0.007114974916,-0.07114974916,1,0
0,0,-0.008002951298,-0.008879763822,0,0
0,0,0.08487658364,0.9287953494,0,0
0,0,0.2803022667,1.954256831,2,0
0,0,0.4494710975,1.691688308,1,0
0,0,0.6770410409,2.275699434,1,0
0,0,0.9957010732,3.186600323,2,0
0,0,1.392914969,3.972138959,1,-1
1,1,1.933579035,5.406640659
0,0,0,0,2,0
0,0,-0.09006330686,-0.9006330686,1,0
0,0,-0.1900132158,-0.9994990898,2,0
0,0,-0.4168487058,-2.268354899,0,0
0,0,-0.638797785,-2.219490792,1,0
0,0,-0.96249655,-3.23698765,1,0
0,0,-1.403951633,-4.414550834,1,-1
1,1,-1.984264201,-5.803125673
0,0,0,0,1,0
0,0,0.008711673198,0.08711673198,0,0
0,0,0.09608356193,0.8737188873,1,0
0,0,0.2117231477,1.156395858,1,0
0,0,0.3539502174,1.422270697,0,0
0,0,0.6439083362,2.899581188,0,0
0,0,1.100275133,4.563667964,1,-1
1,1,1.676817097,5.765419641
0,0,0,0,2,0
0,0,-0.09114717793,-0.9114717793,1,0
0,0,-0.207385786,-1.162386081,2,0
0,0,-0.4322442538,-2.248584678,0,0
0,0,-0.6376766719,-2.054324181,2,0
0,0,-0.9914488909,-3.53772219,0,0
0,0,-1.422966256,-4.315173646,1,-1
1,1,-1.996172798,-5.732065422
0,0,0,0,2,0
0,0,-0.09621867695,-0.9621867695,1,0
0,0,-0.2165080673,-1.202893903,0,0
0,0,-0.2769121568,-0.6040408952,0,0
0,0,-0.3135331898,-0.3662103299,2,0
0,0,-0.4923018039,-1.787686141,2,0
0,0,-0.8151309433,-3.228291394,2,0
0,0,-1.295651502,-4.805205587,0,-1
1,1,-1.887180852,-5.9152935
0,0,0,0,1,0
0,0,-0.004094371858,-0.04094371858,0,0
0,0,0.08045880958,0.8455318144,0,0
0,0,0.26730597,1.868471604,1,0
0,0,0.5050955693,2.377895993,0,0
0,0,0.8878703094,3.827747401,0,0
0,0,1.429954006,5.420836968,0,-1
1,1,2.122304692,6.923506859
0,0,0,0,0,0
0,0,0.07107522536,0.7107522536,1,0
0,0,0.1444451195,0.7336989415,0,0
0,0,0.3347631898,1.903180702,2,0
0,0,0.5002741978,1.655110081,1,0
0,0,0.7442729521,2.439987542,1,0
0,0,1.085497598,3.412246461,2,0
0,0,1.510575586,4.250779877,1,-1
1,1,2.080681474,5.701058882
0,0,0,0,1,0
0,0,-0.0119630791,-0.119630791,1,0
0,0,-0.03365644285,-0.2169336375,2,0
0,0,-0.1656387453,-1.319823025,1,0
0,0,-0.3144402351,-1.488014898,0,0
0,0,-0.430856839,-1.164166039,2,0
0,0,-0.6838185777,-2.529617387,0,0
0,0,-0.9582055579,-2.743869802,2,0
0,0,-1.390916404,-4.327108457,2,-1
1,1,-1.977329444,-5.864130401
0,0,0,0,0,0
0,0,0.1028902511,1.028902511,0,0
0,0,0.3120331565,2.091429054,2,0
0,0,0.4816351754,1.696020189,1,0
0,0,0.7346715494,2.53036374,2,0
0,0,1.033604405,2.989328561,0,0
0,0,1.498806295,4.652018897,2,-1
1,1,2.102613443,6.038071475
0,0,0,0,1,0
0,0,-0.01643384958,-0.1643384958,1,0
0,0,-0.0339560627,-0.1752221312,1,0
0,0,-0.05991422711,-0.2595816441,0,0
0,0,0.008675784901,0.6859001201,0,0
0,0,0.1639602624,1.552844775,0,0
0,0,0.4186284183,2.546681559,1,0
0,0,0.7445521706,3.259237523,0,0
0,0,1.225332322,4.807801517,0,-1
1,1,1.863924723,6.385924003
0,0,0,0,1,0
0,0,-0.004235941402,-0.04235941402,2,0
0,0,-0.08756530758,-0.8332936618,2,0
0,0,-0.2717349082,-1.841696006,0,0
0,0,-0.401574465,-1.298395568,1,0
0,0,-0.5935300082,-1.919555432,1,0
0,0,-0.8733022339,-2.797722257,2,0
0,0,-1.311487054,-4.381848201,2,-1
1,1,-1.907721456,-5.962344016
0,0,0,0,2,0
0,0,-0.07186711107,-0.7186711107,2,0
0,0,-0.2387010544,-1.668339434,1,0
0,0,-0.4561966455,-2.17495591,0,0
0,0,-0.6600756291,-2.038789836,1,0
0,0,-0.9632494112,-3.031737821,0,0
0,0,-1.347507337,-3.842579262,2,-1
1,1,-1.887142821,-5.396354838
0,0,0,0,1,0
0,0,-0.006242782744,-0.06242782744,1,0
0,0,-0.01822751284,-0.119847301,0,0
0,0,0.06104365786,0.792711707,2,0
0,0,0.06200584422,0.009621863626,0,0
0,0,0.1571431107,0.9513726647,0,0
0,0,0.3793839336,2.222408229,0,0
0,0,0.7415779659,3.621940322,1,0
0,0,1.202310189,4.607322228,1,-1
1,1,1.790420821,5.881106327
0,0,0,0,1,0
0,0,0.002489936261,0.02489936261,0,0
0,0,0.09215938247,0.8966944621,1,0
0,0,0.2012145974,1.090552149,2,0
0,0,0.2575545733,0.563399759,1,0
0,0,0.3434395068,0.8588493356,2,0
0,0,0.4137687841,0.703292773,0,0
0,0,0.6214528134,2.076840293,1,0
0,0,0.9283225031,3.068696896,1,0
0,0,1.35836913,4.300466273,0,-1
1,1,1.942650249,5.842811184
0,0,0,0,2,0
0,0,-0.08475870206,-0.8475870206,0,0
0,0,-0.08595917577,-0.01200473715,0,0
0,0,-0.02141994474,0.6453923103,1,0
0,0,0.02678737714,0.4820732188,2,0
0,0,-0.02307290181,-0.4986027895,0,0
0,0,0.002656206269,0.2572910808,0,0
0,0,0.1001648761,0.9750866985,2,0
0,0,0.1381130425,0.3794816642,1,0
0,0,0.2171626975,0.7904965497,2,0
0,0,0.2484886959,0.3132599844,1,0
0,0,0.3172176191,0.6872892311,0,0
0,0,0.530404772,2.131871529,2,0
0,0,0.7367361353,2.063313633,1,0
0,0,1.054898505,3.181623693,0,0
0,0,1.544295776,4.893972713,0,-1
1,1,2.181687407,6.373916313
0,0,0,0,2,0
0,0,-0.1017536916,-1.017536916,2,0
0,0,-0.2910470271,-1.892933354,0,0
0,0,-0.4519078424,-1.608608154,1,0
0,0,-0.693695637,-2.417877946,0,0
0,0,-0.9822958127,-2.886001757,0,0
0,0,-1.357343875,-3.750480622,1,-1
1,1,-1.873643817,-5.162999422
0,0,0,0,2,0
0,0,-0.08315981487,-0.8315981487,2,0
0,0,-0.2669423706,-1.837825557,0,0
0,0,-0.4126291298,-1.456867592,2,0
0,0,-0.690499173,-2.778700432,1,0
0,0,-1.066590301,-3.760911278,1,-1
1,1,-1.571759281,-5.051689799
0,0,0,0,2,0
0,0,-0.07679656537,-0.7679656537,2,0
0,0,-0.2485136097,-1.717170443,0,0
0,0,-0.3711646189,-1.226510092,1,0
0,0,-0.5618261526,-1.906615337,2,0
0,0,-0.9114073068,-3.495811542,1,0
0,0,-1.365939747,-4.545324403,0,-1
1,1,-1.946763983,-5.808242363
0,0,0,0,1,0
0,0,0.006894979127,0.06894979127,1,0
0,0,0.001242149023,-0.05652830105,0,0
0,0,0.07678921686,0.7554706784,1,0
0,0,0.1545556131,0.7776639626,2,0
0,0,0.1674242727,0.1286865957,2,0
0,0,0.1112537079,-0.5617056483,0,0
0,0,0.1545746116,0.4332090373,2,0
0,0,0.1498398189,-0.04734792727,0,0
0,0,0.2621945101,1.123546913,2,0
0,0,0.3177793527,0.5558484259,0,0
0,0,0.5194921585,2.017128058,1,0
0,0,0.8081301006,2.886379421,2,0
0,0,1.149173153,3.410430521,1,-1
1,1,1.627033626,4.778604728
0,0,0,0,2,0
0,0,-0.1050295031,-1.050295031,2,0
0,0,-0.3191178178,-2.140883147,0,0
0,0,-0.4954244483,-1.763066305,2,0
0,0,-0.817500582,-3.220761337,2,0
0,0,-1.311428894,-4.939283121,1,-1
1,1,-1.943489316,-6.320604218
0,0,0,0,2,0
0,0,-0.1029502355,-1.029502355,0,0
0,0,-0.1251240068,-0.2217377131,1,0
0,0,-0.1656258419,-0.4050183505,0,0
0,0,-0.1359816822,0.296441597,0,0
0,0,-0.033156349,1.028253332,1,0
0,0,0.04899991223,0.8215626123,0,0
0,0,0.2171942894,1.681943771,1,0
0,0,0.4088791153,1.916848259,2,0
0,0,0.5887820727,1.799029574,2,0
0,0,0.7814605691,1.926784964,2,0
0,0,1.030770627,2.493100577,2,0
0,0,1.372354331,3.41583704,1,-1
1,1,1.856255994,4.839016636
0,0,0,0,1,0
0,0,-0.006183543914,-0.06183543914,2,0
0,0,-0.08797051707,-0.8178697315,0,0
0,0,-0.1047342453,-0.1676372828,2,0
0,0,-0.24089963,-1.361653847,2,0
0,0,-0.5074411018,-2.665414718,0,0
0,0,-0.7822858073,-2.748447055,2,0
0,0,-1.215980108,-4.336943003,0,-1
1,1,-1.757840829,-5.418607216
0,0,0,0,1,0
0,0,-0.01260951112,-0.1260951112,0,0
0,0,0.07627015318,0.8887966431,1,0
0,0,0.1844621246,1.081919714,0,0
0,0,0.411208665,2.267465404,2,0
0,0,0.6372201985,2.260115335,0,0
0,0,1.032836683,3.956164845,0,-1
1,1,1.591816877,5.589801936
0,0,0,0,1,0
0,0,-0.008854274961,-0.08854274961,1,0
0,0,-0.02582395591,-0.1696968095,2,0
0,0,-0.128633223,-1.028092671,2,0
0,0,-0.3534455911,-2.248123681,1,0
0,0,-0.6237391963,-2.702936052,2,0
0,0,-1.055390387,-4.316511905,1,-1
1,1,-1.603736361,-5.48345974
0,0,0,0,1,0
0,0,-0.007916429787,-0.07916429787,1,0
0,0,-0.01014431578,-0.0222788599,0,0
0,0,0.08299329908,0.9313761486,2,0
0,0,0.1180637212,0.3507042215,0,0
0,0,0.2461485022,1.280847809,1,0
0,0,0.4240976931,1.77949191,1,0
0,0,0.6799217428,2.558240497,1,0
0,0,1.034594373,3.546726304,0,0
0,0,1.550224075,5.156297017,1,-1
1,1,2.211795223,6.615711476
0,0,0,0,2,0
0,0,-0.08766887091,-0.8766887091,2,0
0,0,-0.2611570162,-1.734881453,1,0
0,0,-0.4839726147,-2.228155985,2,0
0,0,-0.8424045503,-3.584319356,2,0
0,0,-1.366883422,-5.244788717,2,-1
1,1,-2.041134225,-6.742508029
0,0,0,0,1,0
0,0,0.01242883026,0.1242883026,2,0
0,0,-0.05855253432,-0.7098136458,1,0
0,0,-0.1537382191,-0.9518568479,0,0
0,0,-0.1794162949,-0.2567807576,2,0
0,0,-0.321859539,-1.424432441,0,0
0,0,-0.4310640678,-1.092045288,2,0
0,0,-0.6842465186,-2.531824508,1,0
0,0,-1.03515337,-3.509068512,2,0
0,0,-1.555566503,-5.204131338,2,-1
1,1,-2.223463171,-6.678966672
0,0,0,0,1,0
0,0,0.01156855454,0.1156855454,1,0
0,0,0.03290318548,0.2133463094,0,0
0,0,0.1516106355,1.1870745,0,0
0,0,0.3875866265,2.35975991,0,0
0,0,0.7510025609,3.634159345,0,0
0,0,1.26683045,5.158278886,0,-1
1,1,1.938701266,6.718708163
0,0,0,0,1,0
0,0,0.008498094422,0.08498094422,0,0
0,0,0.1068777282,0.9837963376,2,0
0,0,0.1506979045,0.4382017636,0,0
0,0,0.3230885702,1.723906656,0,0
0,0,0.6146254111,2.91536841,1,0
0,0,1.004099254,3.894738429,2,0
0,0,1.469646382,4.655471277,0,-1
1,1,2.086694818,6.170484364
0,0,0,0,0,0
0,0,0.08850176687,0.8850176687,0,0
0,0,0.2628845623,1.743827954,0,0
0,0,0.5786681617,3.157835994,2,0
0,0,0.9056535262,3.269853645,0,0
0,0,1.405490303,4.998367772,1,-1
1,1,2.043010134,6.375198304
0,0,0,0,1,0
0,0,0.01754297322,0.1754297322,0,0
0,0,0.1241879697,1.066449965,2,0
0,0,0.1755688169,0.5138084713,1,0
0,0,0.2503642369,0.7479542001,2,0
0,0,0.268090827,0.1772659017,0,0
0,0,0.4291732213,1.610823942,2,0
0,0,0.5700155563,1.40842335,0,0
0,0,0.8623772207,2.923616644,2,0
0,0,1.217814074,3.554368533,2,-1
1,1,1.683829748,4.660156735
0,0,0,0,1,0
0,0,-0.01314810566,-0.1314810566,0,0
0,0,0.04571315385,0.5886125952,2,0
0,0,0.0296979274,-0.1601522646,1,0
0,0,0.02536135572,-0.04336571679,2,0
0,0,-0.05509635122,-0.8045770694,1,0
0,0,-0.1489840604,-0.9388770915,1,0
0,0,-0.2634892819,-1.145052216,2,0
0,0,-0.4968350325,-2.333457505,1,0
0,0,-0.8125616357,-3.157266032,2,0
0,0,-1.283488426,-4.709267902,1,-1
1,1,-1.884545903,-6.010574767
0,0,0,0,2,0
0,0,-0.07922047789,-0.7922047789,1,0
0,0,-0.1882230137,-1.090025358,1,0
0,0,-0.329352711,-1.411296974,1,0
0,0,-0.5157145244,-1.863618134,1,0
0,0,-0.7844486505,-2.68734126,0,0
0,0,-1.095136781,-3.106881305,0,0
0,0,-1.494069291,-3.989325101,1,-1
1,1,-2.03798166,-5.439123687
0,0,0,0,2,0
0,0,-0.07766458065,-0.7766458065,2,0
0,0,-0.2573126832,-1.796481026,0,0
0,0,-0.3876818361,-1.303691528,2,0
0,0,-0.6595575069,-2.718756708,2,0
0,0,-1.102517511,-4.429600041,2,-1
1,1,-1.698487481,-5.959699704
0,0,0,0,1,0
0,0,-0.01733199346,-0.1733199346,2,0
0,0,-0.1277409428,-1.104089493,2,0
0,0,-0.3429393734,-2.151984306,2,0
0,0,-0.6899627257,-3.470233523,0,0
0,0,-1.063355572,-3.733928466,1,0
0,0,-1.567129125,-5.037735522,0,-1
1,1,-2.217525545,-6.503964203
0,0,0,0,1,0
0,0,-0.01299706462,-0.1299706462,0,0
0,0,0.06273325105,0.7573031567,1,0
0,0,0.1459075963,0.8317434527,2,0
0,0,0.1692564121,0.2334881575,0,0
0,0,0.3155096294,1.462532174,0,0
0,0,0.6046353783,2.891257489,1,0
0,0,0.9841974016,3.795620233,1,0
0,0,1.475955547,4.917581454,1,-1
1,1,2.110130983,6.341754364
0,0,0,0,0,0
0,0,0.08337683172,0.8337683172,0,0
0,0,0.267691511,1.843146793,2,0
0,0,0.4172904222,1.495989112,1,0
0,0,0.6431318466,2.258414244,1,0
0,0,0.9754361524,3.323043058,0,0
0,0,1.467872929,4.924367763,1,-1
1,1,2.101817836,6.339449068
0,0,0,0,2,0
0,0,-0.07943984978,-0.7943984978,0,0
0,0,-0.074055246,0.0538460378,1,0
0,0,-0.07441186107,-0.003566150698,2,0
0,0,-0.1737129789,-0.9930111787,0,0
0,0,-0.2037675092,-0.3005453029,1,0
0,0,-0.2558466911,-0.5207918182,1,0
0,0,-0.3370838704,-0.812371793,0,0
0,0,-0.3785460951,-0.4146222478,1,0
0,0,-0.4920209877,-1.134748926,2,0
0,0,-0.767901246,-2.758802583,2,0
0,0,-1.211730471,-4.438292248,0,-1
1,1,-1.756138884,-5.444084133
0,0,0,0,2,0
0,0,-0.09340213028,-0.9340213028,1,0
0,0,-0.1930263539,-0.996242236,1,0
0,0,-0.3235622851,-1.305359312,1,0
0,0,-0.4946932574,-1.711309722,2,0
0,0,-0.8064675349,-3.117742776,1,0
0,0,-1.215790651,-4.093231163,1,-1
1,1,-1.758681726,-5.428910745
0,0,0,0,0,0
0,0,0.07963290064,0.7963290064,2,0
0,0,0.08259625903,0.02963358385,2,0
0,0,0.02307114338,-0.5952511565,0,0
0,0,0.06444845907,0.4137731569,2,0
0,0,0.01281774645,-0.5163071262,0,0
0,0,0.06796421361,0.5514646716,1,0
0,0,0.1387309125,0.707666989,1,0
0,0,0.2180828662,0.7935195371,0,0
0,0,0.4322937095,2.142108433,2,0
0,0,0.6321476071,1.998538976,2,0
0,0,0.8657893189,2.336417118,0,0
0,0,1.269988374,4.04199055,0,-1
1,1,1.836338151,5.663497771
0,0,0,0,2,0
0,0,-0.09868617399,-0.9868617399,2,0
0,0,-0.3169910082,-2.183048342,1,0
0,0,-0.5832522236,-2.662612154,1,0
0,0,-0.9225012751,-3.392490515,2,0
0,0,-1.417152457,-4.946511815,0,-1
1,1,-2.038395463,-6.212430061
0,0,0,0,0,0
0,0,0.07657412965,0.7657412965,2,0
0,0,0.08480722219,0.08233092537,0,0
0,0,0.2048929552,1.20085733,2,0
0,0,0.2779652834,0.7307232827,2,0
0,0,0.3065622425,0.2859695905,1,0
0,0,0.3932065044,0.8664426188,1,0
0,0,0.5299999141,1.367934097,1,0
0,0,0.7432862388,2.132863248,1,0
0,0,1.05641718,3.131309413,1,0
0,0,1.48862051,4.322033303,0,-1
1,1,2.070843254,5.82222744
0,0,0,0,0,0
0,0,0.08180155341,0.8180155341,1,0
0,0,0.1845831614,1.02781608,1,0
0,0,0.3160685773,1.314854159,0,0
0,0,0.5925132251,2.764446477,1,0
0,0,0.9587429537,3.662297287,0,0
0,0,1.493426147,5.346831935,1,-1
1,1,2.171988653,6.78562506
0,0,0,0,0,0
0,0,0.09089237462,0.9089237462,0,0
0,0,0.2931019122,2.022095376,0,0
0,0,0.6353371787,3.422352664,0,0
0,0,1.122820889,4.874837101,2,-1
1,1,1.698146409,5.753255198
0,0,0,0,0,0
0,0,0.09576986804,0.9576986804,2,0
0,0,0.1217303462,0.2596047814,2,0
0,0,0.07991111831,-0.4181922787,2,0
0,0,-0.03060143925,-1.105125576,1,0
0,0,-0.1433996027,-1.127981634,2,0
0,0,-0.3830852732,-2.396856705,2,0
0,0,-0.7491511694,-3.660658962,1,0
0,0,-1.212557095,-4.634059253,2,-1
1,1,-1.831573419,-6.190163247
0,0,0,0,0,0
0,0,0.07252432726,0.7252432726,2,0
0,0,0.07665516004,0.04130832781,1,0
0,0,0.08611777453,0.09462614493,0,0
0,0,0.2093190824,1.232013079,2,0
0,0,0.27932185,0.7000276761,0,0
0,0,0.4738535215,1.945316715,0,0
0,0,0.8069890996,3.331355781,1,0
0,0,1.237946513,4.309574132,0,-1
1,1,1.827349766,5.894032536
0,0,0,0,0,0
0,0,0.1042137106,1.042137106,2,0
0,0,0.1519993941,0.4778568348,2,0
0,0,0.127847434,-0.2415196006,2,0
0,0,0.03809760417,-0.8974982985,0,0
0,0,0.04487946701,0.0678186284,0,0
0,0,0.1475943479,1.027148809,0,0
0,0,0.3504616652,2.028673173,2,0
0,0,0.519039897,1.685782317,1,0
0,0,0.7555939652,2.365540683,0,0
0,0,1.160761268,4.051673028,2,-1
1,1,1.668192294,5.074310262
0,0,0,0,2,0
0,0,-0.07132025908,-0.7132025908,0,0
0,0,-0.05029696547,0.2102329361,0,0
0,0,0.04735710335,0.9765406882,0,0
0,0,0.2472901041,1.999330007,1,0
0,0,0.5038192645,2.565291605,1,0
0,0,0.8344318902,3.306126256,0,0
0,0,1.337523205,5.030913153,2,-1
1,1,1.96068841,6.231652045
0,0,0,0,1,0
0,0,-0.01142831286,-0.1142831286,0,0
0,0,0.0561799498,0.6760826265,2,0
0,0,0.04569400417,-0.1048594563,2,0
0,0,-0.03444137363,-0.801353778,1,0
0,0,-0.1209612014,-0.8651982774,2,0
0,0,-0.317684666,-1.967234646,1,0
0,0,-0.5715676535,-2.538829875,0,0
0,0,-0.8384809029,-2.669132494,1,0
0,0,-1.215191735,-3.76710832,0,-1
1,1,-1.69784938,-4.826576448
0,0,0,0,1,0
0,0,-0.01382409397,-0.1382409397,2,0
0,0,-0.1018291459,-0.8800505196,0,0
0,0,-0.1342998947,-0.3247074874,0,0
0,0,-0.1173139394,0.1698595524,0,0
0,0,-0.02037729912,0.9693664031,0,0
0,0,0.1488675127,1.692448118,2,0
0,0,0.2469959454,0.9812843263,0,0
0,0,0.4704926302,2.234966849,1,0
0,0,0.7656243296,2.951316994,0,0
0,0,1.220536841,4.549125115,2,-1
1,1,1.775234932,5.546980914
0,0,0,0,2,0
0,0,-0.07719218905,-0.7719218905,0,0
0,0,-0.08891598422,-0.1172379516,2,0
0,0,-0.1992399524,-1.103239682,1,0
0,0,-0.3437113246,-1.444713721,2,0
0,0,-0.6100566574,-2.663453328,1,0
0,0,-0.9518214617,-3.417648043,0,0
0,0,-1.361405585,-4.095841236,0,-1
1,1,-1.897244142,-5.358385563
0,0,0,0,1,0
0,0,0.004485190476,0.04485190476,1,0
0,0,0.006922675342,0.02437484866,2,0
0,0,-0.08991464574,-0.9683732108,0,0
0,0,-0.1042295313,-0.1431488557,1,0
0,0,-0.1352865091,-0.3105697781,0,0
0,0,-0.09715959838,0.3812691074,1,0
0,0,-0.08879917106,0.08360427315,2,0
0,0,-0.1922286923,-1.034295212,2,0
0,0,-0.4131704131,-2.209417208,1,0
0,0,-0.696080312,-2.829098989,0,0
0,0,-1.004602965,-3.085226528,2,0
0,0,-1.471959805,-4.673568406,2,-1
1,1,-2.089006257,-6.170464517
0,0,0,0,1,0
0,0,8.850681346e-06,8.850681346e-05,1,0
0,0,-0.01454275059,-0.1455160127,0,0
0,0,0.07391981303,0.8846256362,2,0
0,0,0.08583443177,0.1191461875,2,0
0,0,0.02549181596,-0.6034261581,2,0
0,0,-0.1178056781,-1.432974941,2,0
0,0,-0.3616352329,-2.438295547,0,0
0,0,-0.5696751503,-2.080399175,1,0
0,0,-0.8680120104,-2.9833686,2,0
0,0,-1.325483353,-4.574713427,0,-1
1,1,-1.9011824,-5.75699047
0,0,0,0,1,0
0,0,0.007697443072,0.07697443072,2,0
0,0,-0.0617317507,-0.6942919377,0,0
0,0,-0.06033438711,0.01397363591,2,0
0,0,-0.1550810816,-0.9474669452,0,0
0,0,-0.1979816024,-0.4290052075,0,0
0,0,-0.1945587163,0.03422886119,0,0
0,0,-0.1306174064,0.6394130982,0,0
0,0,0.009622966636,1.402403731,1,0
0,0,0.1465087909,1.368858243,2,0
0,0,0.2096912035,0.6318241258,2,0
0,0,0.2300607016,0.2036949816,2,0
0,0,0.218392292,-0.1166840964,2,0
0,0,0.1455355609,-0.7285673115,1,0
0,0,0.1123476212,-0.3318793969,1,0
0,0,0.101860166,-0.1048745514,0,0
0,0,0.2093075202,1.074473542,1,0
0,0,0.3684876828,1.591801625,1,0
0,0,0.5758512566,2.073635739,1,0
0,0,0.8725983078,2.967470511,0,0
0,0,1.335465932,4.628676238,2,-1
1,1,1.918537583,5.830716518
0,0,0,0,0,0
0,0,0.09244650494,0.9244650494,0,0
0,0,0.2786810647,1.862345598,0,0
0,0,0.6098500469,3.311689822,1,0
0,0,1.033962973,4.241129258,2,0
0,0,1.537080898,5.031179254,2,-1
1,1,2.182852765,6.457718672
0,0,0,0,0,0
0,0,0.08486103603,0.8486103603,0,0
0,0,0.282208065,1.973470289,0,0
0,0,0.616978967,3.34770902,0,0
0,0,1.110418705,4.934397384,2,-1
1,1,1.688864257,5.784455519
0,0,0,0,2,0
0,0,-0.07703016611,-0.7703016611,0,0
0,0,-0.07939499495,-0.02364828839,0,0
0,0,-0.005677577966,0.7371741698,0,0
0,0,0.1661631817,1.718407596,1,0
0,0,0.354922165,1.887589834,1,0
0,0,0.6042131976,2.492910326,2,0
0,0,0.8763110756,2.720978779,0,0
0,0,1.313213066,4.369019906,0,-1
1,1,1.902708741,5.894956753
0,0,0,0,2,0
0,0,-0.08063863375,-0.8063863375,1,0
0,0,-0.1649201926,-0.8428155884,0,0
0,0,-0.1766746069,-0.1175441428,1,0
0,0,-0.2259210809,-0.4924647405,1,0
0,0,-0.2967889218,-0.7086784087,1,0
0,0,-0.4024658516,-1.056769298,1,0
0,0,-0.5712066306,-1.687407789,2,0
0,0,-0.8916531641,-3.204465336,0,0
0,0,-1.272542832,-3.808896681,0,-1
1,1,-1.771174897,-4.986320644
0,0,0,0,0,0
0,0,0.07596308523,0.7596308523,2,0
0,0,0.09156223274,0.1559914751,1,0
0,0,0.1368560936,0.452938609,1,0
0,0,0.2149590662,0.7810297253,0,0
0,0,0.4109010533,1.959419871,1,0
0,0,0.6736268302,2.627257769,0,0
0,0,1.084932469,4.11305639,2,-1
1,1,1.58002381,4.950913403
0,0,0,0,0,0
0,0,0.08521823716,0.8521823716,2,0
0,0,0.08912654182,0.03908304668,0,0
0,0,0.1918517278,1.027251859,1,0
0,0,0.3124705716,1.206188438,1,0
0,0,0.4691284969,1.566579253,2,0
0,0,0.6174667156,1.483382187,2,0
0,0,0.7973050329,1.798383173,2,0
0,0,1.031446379,2.341413461,0,0
0,0,1.433690167,4.022437884,1,-1
1,1,1.979201334,5.455111668
0,0,0,0,0,0
0,0,0.1029759327,1.029759327,0,0
0,0,0.3127092726,2.0973334,2,0
0,0,0.5052125714,1.925032987,2,0
0,0,0.6954523569,1.902397855,0,0
0,0,1.039479091,3.440267344,2,0
0,0,1.467749845,4.282707541,2,-1
1,1,2.032222201,5.644723558
0,0,0,0,1,0
0,0,-0.01360765259,-0.1360765259,1,0
0,0,-0.01380015968,-0.001925070848,2,0
0,0,-0.1006009963,-0.8680083662,1,0
0,0,-0.1951230067,-0.9452201038,2,0
0,0,-0.3915650992,-1.964420925,1,0
0,0,-0.6477032569,-2.561381578,2,0
0,0,-1.055676224,-4.079729674,0,0
0,0,-1.551845817,-4.961695925,2,-1
1,1,-2.195841276,-6.439954589
0,0,0,0,0,0
0,0,0.09163645553,0.9163645553,1,0
0,0,0.2152534781,1.236170226,2,0
0,0,0.2776193024,0.6236582428,1,0
0,0,0.401191252,1.235719496,2,0
0,0,0.5162248138,1.150335618,1,0
0,0,0.7090500502,1.928252364,1,0
0,0,1.014845974,3.057959238,2,0
0,0,1.395923295,3.810773211,0,-1
1,1,1.931785767,5.358624719
0,0,0,0,2,0
0,0,-0.09389900759,-0.9389900759,2,0
0,0,-0.2968081062,-2.029090986,2,0
0,0,-0.6367781115,-3.399700053,2,0
0,0,-1.122639924,-4.858618127,0,-1
1,1,-1.696472198,-5.738322737
0,0,0,0,2,0
0,0,-0.09695158662,-0.9695158662,1,0
0,0,-0.2100455327,-1.130939461,1,0
0,0,-0.3709317043,-1.608861716,2,0
0,0,-0.660226822,-2.892951177,2,0
0,0,-1.115075131,-4.548483093,1,-1
1,1,-1.689127519,-5.740523875
0,0,0,0,1,0
0,0,0.01196272315,0.1196272315,1,0
0,0,0.02713525018,0.1517252704,1,0
0,0,0.04843011475,0.2129486457,0,0
0,0,0.162884185,1.144540703,0,0
0,0,0.3860560859,2.231719009,2,0
0,0,0.6029870717,2.169309858,1,0
0,0,0.9074600121,3.044729404,0,0
0,0,1.373537225,4.66077213,2,-1
1,1,1.962467928,5.889307032
0,0,0,0,2,0
0,0,-0.09572942524,-0.9572942524,1,0
0,0,-0.2012384446,-1.055090193,1,0
0,0,-0.3252016512,-1.239632066,1,0
0,0,-0.4912365095,-1.660348583,0,0
0,0,-0.6627248579,-1.714883485,2,0
0,0,-0.9907690392,-3.280441813,2,0
0,0,-1.476871353,-4.861023135,2,-1
1,1,-2.113571494,-6.36700141
0,0,0,0,0,0
0,0,0.1048434502,1.048434502,2,0
0,0,0.1561925493,0.5134909907,2,0
0,0,0.1425597101,-0.1363283921,1,0
0,0,0.1377152508,-0.04844459245,2,0
0,0,0.07217593106,-0.6553931979,1,0
0,0,0.01837663223,-0.5379929883,2,0
0,0,-0.1104316708,-1.28808303,2,0
0,0,-0.3590106497,-2.485789789,0,0
0,0,-0.5839206826,-2.249100329,2,0
0,0,-0.9582858044,-3.743651219,1,0
0,0,-1.449987389,-4.917015849,1,-1
1,1,-2.083570265,-6.335828756
0,0,0,0,2,0
0,0,-0.07843261958,-0.7843261958,0,0
0,0,-0.07356099965,0.04871619933,2,0
0,0,-0.166043425,-0.9248242536,2,0
0,0,-0.3628522034,-1.968087784,2,0
0,0,-0.6834968311,-3.206446277,2,0
0,0,-1.165774359,-4.822775283,1,-1
1,1,-1.778753049,-6.129786899
0,0,0,0,1,0
0,0,-0.01291096915,-0.1291096915,2,0
0,0,-0.1182623952,-1.05351426,1,0
0,0,-0.2557736141,-1.375112189,0,0
0,0,-0.3466308152,-0.9085720112,0,0
0,0,-0.4169895973,-0.7035878202,2,0
0,0,-0.6329323972,-2.159427999,1,0
0,0,-0.9493296963,-3.163972991,0,0
0,0,-1.337386864,-3.880571672,2,-1
1,1,-1.882344082,-5.449572185
0,0,0,0,0,0
0,0,0.1027344018,1.027344018,0,0
0,0,0.3046474641,2.019130623,2,0
0,0,0.484385378,1.797379139,2,0
0,0,0.6567627796,1.723774016,1,0
0,0,0.9353401276,2.78577348,1,0
0,0,1.332216726,3.968765988,0,-1
1,1,1.886178036,5.539613093
0,0,0,0,1,0
0,0,0.004015187435,0.04015187435,2,0
0,0,-0.07013133095,-0.7414651839,1,0
0,0,-0.1566532628,-0.8652193184,1,0
0,0,-0.2768055604,-1.201522976,2,0
0,0,-0.5367899289,-2.599843686,0,0
0,0,-0.7909237457,-2.541338168,1,0
0,0,-1.161308722,-3.703849764,0,-1
1,1,-1.63325655,-4.719478274
0,0,0,0,1,0
0,0,0.001768438294,0.01768438294,2,0
0,0,-0.09925414667,-1.01022585,2,0
0,0,-0.3050393389,-2.057851922,2,0
0,0,-0.6323741606,-3.273348217,0,0
0,0,-0.9912803289,-3.589061683,1,0
0,0,-1.477913717,-4.866333878,1,-1
1,1,-2.107312297,-6.293985805
0,0,0,0,1,0
0,0,-0.001180241651,-0.01180241651,2,0
0,0,-0.08567049208,-0.8449025043,2,0
0,0,-0.2644843482,-1.788138561,1,0
0,0,-0.4895465279,-2.250621797,1,0
0,0,-0.8036972771,-3.141507492,2,0
0,0,-1.274088575,-4.703912979,1,-1
1,1,-1.881645863,-6.075572877
0,0,0,0,1,0
0,0,-0.009134109112,-0.09134109112,1,0
0,0,-0.02759823268,-0.1846412357,2,0
0,0,-0.1523727432,-1.247745105,0,0
0,0,-0.1993868472,-0.4701410395,2,0
0,0,-0.373685277,-1.742984298,0,0
0,0,-0.5168672013,-1.431819243,2,0
0,0,-0.8189934806,-3.021262793,0,0
0,0,-1.183426135,-3.644326544,1,-1
1,1,-1.675976508,-4.925503727
0,0,0,0,1,0
0,0,-0.01173999101,-0.1173999101,2,0
0,0,-0.1242916258,-1.125516348,2,0
0,0,-0.3509516861,-2.266600603,1,0
0,0,-0.6304392215,-2.794875354,2,0
0,0,-1.054673019,-4.242337973,0,0
0,0,-1.554494209,-4.998211899,2,-1
1,1,-2.202101106,-6.476068978
0,0,0,0,0,0
0,0,0.07875797347,0.7875797347,0,0
0,0,0.2659797727,1.872217992,0,0
0,0,0.5792310425,3.132512698,0,0
0,0,1.053152058,4.739210157,1,-1
1,1,1.641994784,5.888427262
0,0,0,0,1,0
0,0,0.0015118476,0.015118476,2,0
0,0,-0.07012287214,-0.7163471974,0,0
0,0,-0.05212911466,0.1799375748,1,0
0,0,-0.04355909322,0.0857002144,2,0
0,0,-0.116459985,-0.7290089174,0,0
0,0,-0.1105114494,0.05948535598,0,0
0,0,-0.04981357442,0.6069787494,1,0
0,0,0.0009927168383,0.5080629126,2,0
0,0,-0.03242500137,-0.3341771821,1,0
0,0,-0.08706565294,-0.5464065157,1,0
0,0,-0.1606114139,-0.73545761,1,0
0,0,-0.2737047724,-1.130933585,2,0
0,0,-0.5190159862,-2.453112137,0,0
0,0,-0.7832037303,-2.641877442,0,0
0,0,-1.100797713,-3.17593983,1,0
0,0,-1.544332467,-4.435347538,2,-1
1,1,-2.135949584,-5.916171166
0,0,0,0,2,0
0,0,-0.09232089132,-0.9232089132,1,0
0,0,-0.1933107911,-1.009898998,1,0
0,0,-0.3326127427,-1.393019515,1,0
0,0,-0.5100804179,-1.774676752,0,0
0,0,-0.6827516624,-1.726712445,1,0
0,0,-0.956478886,-2.737272236,0,0
0,0,-1.304572521,-3.48093635,1,-1
1,1,-1.79268583,-4.881133086
0,0,0,0,1,0
0,0,-0.01587201574,-0.1587201574,0,0
0,0,0.06413199162,0.8000400736,1,0
0,0,0.1672338655,1.031018738,0,0
0,0,0.3726806597,2.054467942,2,0
0,0,0.5479320788,1.752514191,2,0
0,0,0.7313872468,1.83455168,0,0
0,0,1.086745869,3.553586224,0,-1
1,1,1.600475154,5.137292848
0,0,0,0,0,0
0,0,0.1024452981,1.024452981,1,0
0,0,0.2391568568,1.367115587,2,0
0,0,0.314306955,0.7515009821,0,0
0,0,0.5265594966,2.122525416,1,0
0,0,0.8251522641,2.985927676,0,0
0,0,1.281704034,4.565517704,0,-1
1,1,1.891148004,6.094439695
0,0,0,0,2,0
0,0,-0.09237586772,-0.9237586772,2,0
0,0,-0.3016439465,-2.092680788,0,0
0,0,-0.473093576,-1.714496295,1,0
0,0,-0.7327099256,-2.596163495,2,0
0,0,-1.162107247,-4.293973215,2,-1
1,1,-1.746570669,-5.844634215
0,0,0,0,1,0
0,0,-0.01074668703,-0.1074668703,2,0
0,0,-0.1207565851,-1.10009898,2,0
0,0,-0.3545175991,-2.33761014,2,0
0,0,-0.7249031099,-3.703855107,2,0
0,0,-1.256166251,-5.312631411,2,-1
1,1,-1.93892281,-6.827565593
0,0,0,0,1,0
0,0,0.009753972319,0.09753972319,2,0
0,0,-0.05485281786,-0.6460679017,2,0
0,0,-0.223381633,-1.685288151,1,0
0,0,-0.4320408918,-2.086592588,0,0
0,0,-0.6374347475,-2.053938558,0,0
0,0,-0.8757243242,-2.382895767,2,0
0,0,-1.290554302,-4.148299782,2,-1
1,1,-1.86430793,-5.737536276
0,0,0,0,1,0
0,0,0.007882284721,0.07882284721,0,0
0,0,0.1077609166,0.9987863192,2,0
0,0,0.1438601493,0.3609923262,0,0
0,0,0.2811911886,1.373310394,2,0
0,0,0.3880170548,1.068258662,1,0
0,0,0.5637276774,1.757106225,1,0
0,0,0.8144329413,2.507052639,2,0
0,0,1.129190767,3.147578261,1,-1
1,1,1.577593461,4.484026941
0,0,0,0,1,0
0,0,0.003516476867,0.03516476867,0,0
0,0,0.09063662606,0.871201492,2,0
0,0,0.09005188931,-0.005847367559,0,0
0,0,0.1785899783,0.8853808898,0,0
0,0,0.3992251941,2.206352158,2,0
0,0,0.5883125115,1.890873174,2,0
0,0,0.8001275099,2.118149984,2,0
0,0,1.069111366,2.689838566,1,0
0,0,1.473076131,4.039647644,2,-1
1,1,2.012538456,5.39462325
0,0,0,0,2,0
0,0,-0.07864722363,-0.7864722363,0,0
0,0,-0.0918871417,-0.1323991807,2,0
0,0,-0.2250285883,-1.331414466,1,0
0,0,-0.4085524618,-1.835238735,0,0
0,0,-0.5756906404,-1.671381786,0,0
0,0,-0.7556096709,-1.799190304,0,0
0,0,-0.9863263416,-2.307166707,1,0
0,0,-1.347091522,-3.607651807,1,-1
1,1,-1.849569798,-5.024782759
0,0,0,0,0,0
0,0,0.07764241546,0.7764241546,1,0
0,0,0.1759528705,0.9831045508,1,0
0,0,0.3121430178,1.361901473,1,0
0,0,0.5086514445,1.965084266,0,0
0,0,0.8448205051,3.361690606,2,0
0,0,1.235542461,3.907219558,2,-1
1,1,1.739598495,5.04056034
0,0,0,0,0,0
0,0,0.09024227725,0.9024227725,2,0
0,0,0.1040075455,0.1376526827,0,0
0,0,0.2167146325,1.12707087,0,0
0,0,0.44949719,2.327825575,0,0
0,0,0.8233286717,3.738314817,2,0
0,0,1.241661096,4.18332424,2,-1
1,1,1.766740053,5.250789568
0,0,0,0,0,0
0,0,0.09103768374,0.9103768374,1,0
0,0,0.1962472134,1.052095296,1,0
0,0,0.3494172531,1.531700397,2,0
0,0,0.4942422332,1.448249801,0,0
0,0,0.801330052,3.070878188,1,0
0,0,1.210177248,4.088471957,1,-1
1,1,1.751264869,5.410876212
0,0,0,0,1,0
0,0,0.005377688738,0.05377688738,2,0
0,0,-0.09233532806,-0.977130168,0,0
0,0,-0.1074845763,-0.1514924827,1,0
0,0,-0.1332799581,-0.2579538181,1,0
0,0,-0.177306709,-0.4402675087,2,0
0,0,-0.3395967715,-1.622900625,2,0
0,0,-0.6248419944,-2.852452229,0,0
0,0,-0.9337479667,-3.089059723,2,0
0,0,-1.409303159,-4.755551925,1,-1
1,1,-2.027045052,-6.177418925
0,0,0,0,2,0
0,0,-0.08794116908,-0.8794116908,0,0
0,0,-0.09501715636,-0.07075987279,0,0
0,0,-0.03497208935,0.6004506701,2,0
0,0,-0.06927783433,-0.3430574498,1,0
0,0,-0.09896196057,-0.2968412625,2,0
0,0,-0.2179900836,-1.19028123,2,0
0,0,-0.4610829984,-2.430929149,0,0
0,0,-0.7087790839,-2.476960854,1,0
0,0,-1.054385425,-3.456063409,0,0
0,0,-1.479410553,-4.250251287,1,-1
1,1,-2.048379463,-5.689689097
0,0,0,0,1,0
0,0,-0.005055289572,-0.05055289572,2,0
0,0,-0.1085402608,-1.034849712,0,0
0,0,-0.1308686963,-0.2232843555,1,0
0,0,-0.1689252395,-0.3805654315,2,0
0,0,-0.3392317389,-1.703064994,1,0
0,0,-0.5618388886,-2.226071497,1,0
0,0,-0.8825235998,-3.206847113,0,0
0,0,-1.267194327,-3.846707273,2,-1
1,1,-1.805848287,-5.386539595
0,0,0,0,0,0
0,0,0.09781666322,0.9781666322,0,0
0,0,0.2930884384,1.952717751,2,0
0,0,0.4485167636,1.554283253,1,0
0,0,0.6650481836,2.1653142,2,0
0,0,0.9040305555,2.389823719,0,0
0,0,1.307146165,4.031156095,0,-1
1,1,1.863721394,5.565752287
0,0,0,0,2,0
0,0,-0.101701094,-1.01701094,0,0
0,0,-0.1193156113,-0.1761451724,1,0
0,0,-0.1673702021,-0.4805459088,0,0
0,0,-0.162477191,0.04893011101,2,0
0,0,-0.2635723219,-1.010951309,0,0
0,0,-0.3309595292,-0.6738720728,0,0
0,0,-0.3706614131,-0.3970188392,1,0
0,0,-0.4814871175,-1.108257044,1,0
0,0,-0.6662852762,-1.847981587,1,0
0,0,-0.948286536,-2.820012598,2,0
0,0,-1.387643562,-4.393570265,0,-1
1,1,-1.9557182,-5.680746375
0,0,0,0,2,0
0,0,-0.09306208408,-0.9306208408,2,0
0,0,-0.2945122473,-2.014501632,1,0
0,0,-0.5361708599,-2.416586126,0,0
0,0,-0.7771856196,-2.410147597,1,0
0,0,-1.115567312,-3.383816925,2,-1
1,1,-1.612898556,-4.973312438
0,0,0,0,2,0
0,0,-0.09636652423,-0.9636652423,2,0
0,0,-0.3055348028,-2.091682786,1,0
0,0,-0.5766196764,-2.710848735,2,0
0,0,-1.001394017,-4.247743407,2,-1
1,1,-1.589900822,-5.885068044
0,0,0,0,1,0
0,0,-0.01677671564,-0.1677671564,0,0
0,0,0.04607346968,0.6285018531,0,0
0,0,0.2043065554,1.582330858,0,0
0,0,0.4727019238,2.683953683,0,0
0,0,0.8807211152,4.080191914,2,0
0,0,1.350226389,4.69505274,2,-1
1,1,1.940945455,5.90719066
0,0,0,0,0,0
0,0,0.08724129905,0.8724129905,0,0
0,0,0.2877588846,2.005175855,2,0
0,0,0.4495885201,1.618296355,0,0
0,0,0.7555876638,3.059991437,1,0
0,0,1.170262012,4.146743479,2,-1
1,1,1.688357659,5.180956473
0,0,0,0,1,0
0,0,-0.002176110273,-0.02176110273,2,0
0,0,-0.1100950402,-1.079189299,0,0
0,0,-0.1617608307,-0.5166579046,2,0
0,0,-0.335092905,-1.733320743,0,0
0,0,-0.4904909554,-1.553980504,0,0
0,0,-0.6536520035,-1.63161048,1,0
0,0,-0.9029097588,-2.492577553,0,0
0,0,-1.229167955,-3.262581964,2,-1
1,1,-1.7146019,-4.854339453
0,0,0,0,0,0
0,0,0.08526440487,0.8526440487,2,0
0,0,0.08334834887,-0.01916056006,2,0
0,0,0.01780624552,-0.6554210335,2,0
0,0,-0.1174044315,-1.35210677,2,0
0,0,-0.3539610261,-2.365565946,2,0
0,0,-0.7322418227,-3.782807967,2,0
0,0,-1.256072519,-5.23830696,2,-1
1,1,-1.93586633,-6.79793811
0,0,0,0,1,0
0,0,-0.01635703499,-0.1635703499,1,0
0,0,-0.02062377596,-0.04266740968,2,0
0,0,-0.1310004473,-1.103766713,1,0
0,0,-0.2800760781,-1.490756308,0,0
0,0,-0.4038560908,-1.237800127,0,0
0,0,-0.5001496874,-0.9629359653,2,0
0,0,-0.7464191538,-2.462694664,0,0
0,0,-1.036317394,-2.898982402,0,0
0,0,-1.418340718,-3.82023324,1,-1
1,1,-1.944697185,-5.263564668
0,0,0,0,0,0
0,0,0.0962195751,0.962195751,0,0
0,0,0.2960749593,1.998553842,0,0
0,0,0.6412074695,3.451325102,0,0
0,0,1.146667621,5.054601516,2,-1
1,1,1.74921323,6.025456088
0,0,0,0,0,0
0,0,0.07115921206,0.7115921206,0,0
0,0,0.2458069672,1.746477551,2,0
0,0,0.3782142684,1.324073012,0,0
0,0,0.6604457903,2.822315219,0,0
0,0,1.108140377,4.476945869,1,-1
1,1,1.673098544,5.649581666
0,0,0,0,2,0
0,0,-0.08271215546,-0.8271215546,2,0
0,0,-0.2633860378,-1.806738824,1,0
0,0,-0.4940575291,-2.306714913,2,0
0,0,-0.8819847363,-3.879272072,1,0
0,0,-1.375276243,-4.932915068,2,-1
1,1,-2.023437637,-6.48161394
0,0,0,0,2,0
0,0,-0.08668044142,-0.8668044142,0,0
0,0,-0.112701312,-0.2602087059,2,0
0,0,-0.229246363,-1.16545051,0,0
0,0,-0.3127837688,-0.8353740573,0,0
0,0,-0.3777221143,-0.6493834551,1,0
0,0,-0.5119003806,-1.341782663,1,0
0,0,-0.738797391,-2.268970104,1,0
0,0,-1.063946866,-3.251494752,0,0
0,0,-1.479633332,-4.156864655,2,-1
1,1,-2.046651314,-5.67017982
0,0,0,0,1,0
0,0,0.01726868352,0.1726868352,0,0
0,0,0.1143561658,0.9708748233,0,0
0,0,0.3107331849,1.963770191,2,0
0,0,0.4585466786,1.478134937,2,0
0,0,0.5876707014,1.291240228,2,0
0,0,0.7278069495,1.401362482,0,0
0,0,1.042197259,3.143903092,0,0
0,0,1.519793223,4.775959647,1,-1
1,1,2.142865542,6.230723187
0,0,0,0,0,0
0,0,0.0890638549,0.890638549,2,0
0,0,0.1145895747,0.2552571981,1,0
0,0,0.16833557,0.5374599533,0,0
0,0,0.3377012517,1.693656816,0,0
0,0,0.631521814,2.938205624,0,0
0,0,1.074840019,4.433182055,2,-1
1,1,1.594921345,5.200813255
0,0,0,0,0,0
0,0,0.07486991125,0.7486991125,0,0
0,0,0.2382022423,1.633323311,0,0
0,0,0.5136250935,2.754228511,0,0
0,0,0.9273171122,4.136920188,2,0
0,0,1.399835509,4.725183967,0,-1
1,1,2.025749237,6.259137279
0,0,0,0,0,0
0,0,0.09842129436,0.9842129436,1,0
0,0,0.2141151225,1.156938281,1,0
0,0,0.3654078108,1.512926883,1,0
0,0,0.5687147907,2.033069799,2,0
0,0,0.7805696851,2.118548944,1,0
0,0,1.104650745,3.240810598,2,0
0,0,1.523420802,4.187700572,2,-1
1,1,2.08363758,5.602167775
0,0,0,0,1,0
0,0,-0.01697544399,-0.1697544399,1,0
0,0,-0.02590418939,-0.08928745401,0,0
0,0,0.05372678494,0.7963097433,1,0
0,0,0.1424639422,0.8873715726,2,0
0,0,0.1573282558,0.1486431362,1,0
0,0,0.1899104047,0.3258214884,2,0
0,0,0.1761392488,-0.1377115586,2,0
0,0,0.1137435924,-0.6239565638,1,0
0,0,0.08370060465,-0.3004298778,0,0
0,0,0.1702689274,0.8656832273,1,0
0,0,0.2812343707,1.109654433,1,0
0,0,0.4357361907,1.5450182,1,0
0,0,0.6664428851,2.307066944,1,0
0,0,0.9810204098,3.145775247,1,0
0,0,1.408683277,4.276628671,1,-1
1,1,1.979205631,5.705223539
0,0,0,0,2,0
0,0,-0.08231985445,-0.8231985445,2,0
0,0,-0.2682514177,-1.859315633,0,0
0,0,-0.425132556,-1.568811383,1,0
0,0,-0.6357579187,-2.106253627,2,0
0,0,-0.9984985768,-3.627406581,1,0
0,0,-1.488129385,-4.89630808,0,-1
1,1,-2.115935522,-6.278061374
0,0,0,0,2,0
0,0,-0.07103594631,-0.7103594631,2,0
0,0,-0.249908211,-1.788722646,1,0
0,0,-0.483162166,-2.33253955,0,0
0,0,-0.7208493909,-2.37687225,2,0
0,0,-1.115565419,-3.947160278,2,-1
1,1,-1.676915824,-5.613504055
0,0,0,0,0,0
0,0,0.09059147894,0.9059147894,0,0
0,0,0.2916837741,2.010922951,0,0
0,0,0.6084465924,3.167628184,1,0
0,0,1.01245584,4.040092477,1,0
0,0,1.530565779,5.181099394,2,-1
1,1,2.191336632,6.607708521
0,0,0,0,0,0
0,0,0.100742671,1.00742671,2,0
0,0,0.146988142,0.4624547096,0,0
0,0,0.2935648235,1.465766815,0,0
0,0,0.5644165825,2.70851759,2,0
0,0,0.8533761385,2.889595561,0,0
0,0,1.310094407,4.567182681,0,-1
1,1,1.922815409,6.127210025
0,0,0,0,0,0
0,0,0.07336105338,0.7336105338,1,0
0,0,0.1603430726,0.8698201917,2,0
0,0,0.1778086899,0.1746561735,0,0
0,0,0.300891839,1.230831491,0,0
0,0,0.5703848436,2.694930046,1,0
0,0,0.9093041468,3.389193031,1,0
0,0,1.360576649,4.512725027,0,-1
1,1,1.965545733,6.049690832
0,0,0,0,0,0
0,0,0.07240410314,0.7240410314,2,0
0,0,0.0843226423,0.1191853916,2,0
0,0,0.01453139651,-0.6979124579,1,0
0,0,-0.05244420557,-0.6697560209,0,0
0,0,-0.0274815935,0.2496261207,0,0
0,0,0.06646086561,0.9394245911,2,0
0,0,0.09565452072,0.2919365511,0,0
0,0,0.222558457,1.269039363,1,0
0,0,0.3819031941,1.593447371,1,0
0,0,0.5950205598,2.131173657,1,0
0,0,0.9061856227,3.111650629,0,0
0,0,1.385853256,4.796676332,2,-1
1,1,1.989626671,6.037734155
0,0,0,0,1,0
0,0,-0.01436995979,-0.1436995979,0,0
0,0,0.06343549294,0.7780545273,2,0
0,0,0.06660129218,0.03165799242,0,0
0,0,0.1693034925,1.027022003,1,0
0,0,0.296113344,1.268098515,0,0
0,0,0.5539802657,2.578669217,1,0
0,0,0.8846580387,3.30677773,2,0
0,0,1.274656089,3.899980507,2,-1
1,1,1.775292401,5.006363116
0,0,0,0,2,0
0,0,-0.07676937201,-0.7676937201,1,0
0,0,-0.1532336852,-0.7646431318,0,0
0,0,-0.1520341911,0.01199494062,0,0
0,0,-0.07820250658,0.7383168454,1,0
0,0,-0.03010762567,0.4809488091,1,0
0,0,0.01239708512,0.4250471079,0,0
0,0,0.1350134871,1.22616402,1,0
0,0,0.2697840097,1.347705226,2,0
0,0,0.3782808291,1.084968193,2,0
0,0,0.4654828621,0.8720203296,1,0
0,0,0.6281407467,1.626578847,2,0
0,0,0.8237746981,1.956339514,0,0
0,0,1.177313106,3.53538408,1,-1
1,1,1.66212358,4.848104743
0,0,0,0,2,0
0,0,-0.09041705817,-0.9041705817,2,0
0,0,-0.2996662364,-2.092491782,2,0
0,0,-0.6305020612,-3.308358248,2,0
0,0,-1.108102366,-4.776003048,1,-1
1,1,-1.701774259,-5.936718931
0,0,0,0,1,0
0,0,-0.01372057422,-0.1372057422,2,0
0,0,-0.1307758618,-1.170552876,2,0
0,0,-0.3735112896,-2.427354278,0,0
0,0,-0.5996917695,-2.261804799,2,0
0,0,-0.9832561513,-3.835643818,1,0
0,0,-1.477297928,-4.940417765,1,-1
1,1,-2.114432575,-6.371346468
0,0,0,0,2,0
0,0,-0.08937056103,-0.8937056103,2,0
0,0,-0.2860718514,-1.967012904,2,0
0,0,-0.6226621745,-3.365903231,1,0
0,0,-1.044630748,-4.219685737,0,0
0,0,-1.541314782,-4.966840339,1,-1
1,1,-2.183872009,-6.425572274
0,0,0,0,0,0
0,0,0.1012528045,1.012528045,0,0
0,0,0.3083495026,2.070966981,0,0
0,0,0.6571435434,3.487940408,0,0
0,0,1.149722148,4.925786049,0,-1
1,1,1.798436394,6.487142455
0,0,0,0,1,0
0,0,0.01287936908,0.1287936908,1,0
0,0,0.01985227553,0.06972906456,0,0
0,0,0.1172708268,0.974185513,1,0
0,0,0.2483896602,1.311188334,0,0
0,0,0.5182735754,2.698839152,2,0
0,0,0.7826499777,2.643764023,2,0
0,0,1.085183846,3.025338687,0,0
0,0,1.551554476,4.6637063,1,-1
1,1,2.164044601,6.124901245
0,0,0,0,2,0
0,0,-0.1050033467,-1.050033467,2,0
0,0,-0.3190489308,-2.140455841,1,0
0,0,-0.5745775545,-2.555286237,1,0
0,0,-0.9209155603,-3.463380058,2,0
0,0,-1.435688723,-5.147731625,0,-1
1,1,-2.082071547,-6.463828245
0,0,0,0,1,0
0,0,-0.00483762227,-0.0483762227,1,0
0,0,0.006297912553,0.1113553482,2,0
0,0,-0.06052217725,-0.6682008981,2,0
0,0,-0.2183125892,-1.57790412,2,0
0,0,-0.492086796,-2.737742068,0,0
0,0,-0.753262124,-2.61175328,0,0
0,0,-1.065581735,-3.12319611,0,0
0,0,-1.460039208,-3.944574725,1,-1
1,1,-1.998525872,-5.384866646
0,0,0,0,0,0
0,0,0.08193925617,0.8193925617,0,0
0,0,0.2795232537,1.975839975,1,0
0,0,0.5197825503,2.402592966,0,0
0,0,0.8999714231,3.801888728,0,0
0,0,1.439199938,5.392285145,0,-1
1,1,2.129120509,6.899205712
0,0,0,0,0,0
0,0,0.1022030465,1.022030465,0,0
0,0,0.293612461,1.914094146,2,0
0,0,0.4437315678,1.501191068,1,0
0,0,0.6765905224,2.328589546,2,0
0,0,0.9322303003,2.556397779,1,0
0,0,1.314077429,3.818471291,0,-1
1,1,1.852453753,5.383763233
0,0,0,0,0,0
0,0,0.09214935613,0.9214935613,1,0
0,0,0.1866297673,0.9448041116,0,0
0,0,0.3839228565,1.972930892,2,0
0,0,0.573848657,1.899258005,2,0
0,0,0.7797068143,2.058581573,2,0
0,0,1.02712672,2.474199058,1,0
0,0,1.394172756,3.670460361,0,-1
1,1,1.916453545,5.222807892
0,0,0,0,0,0
0,0,0.100934701,1.00934701,1,0
0,0,0.2042673428,1.033326418,1,0
0,0,0.3253007902,1.210334474,1,0
0,0,0.5130418993,1.877411091,2,0
0,0,0.7178598622,2.048179629,2,0
0,0,0.9680122165,2.501523543,1,0
0,0,1.349684463,3.816722461,1,-1
1,1,1.86892107,5.192366074
0,0,0,0,2,0
0,0,-0.09557684941,-0.9557684941,1,0
0,0,-0.2202373191,-1.246604697,1,0
0,0,-0.373210589,-1.529732699,2,0
0,0,-0.6769286861,-3.037180971,0,0
0,0,-1.016772468,-3.39843782,2,0
0,0,-1.521207426,-5.044349575,2,-1
1,1,-2.174003486,-6.527960607
0,0,0,0,1,0
0,0,-0.002923204983,-0.02923204983,0,0
0,0,0.0691029274,0.7202613238,0,0
0,0,0.2368503938,1.677474664,1,0
0,0,0.455647802,2.187974082,1,0
0,0,0.7572483303,3.016005283,2,0
0,0,1.096974478,3.397261482,0,-1
1,1,1.602985551,5.060110721
0,0,0,0,0,0
0,0,0.09607621403,0.9607621403,0,0
0,0,0.2901129029,1.940366889,1,0
0,0,0.5179405069,2.278276039,2,0
0,0,0.762771585,2.448310781,1,0
0,0,1.10569582,3.429242347,1,-1
1,1,1.576000604,4.703047847
0,0,0,0,1,0
0,0,-0.01738429763,-0.1738429763,1,0
0,0,-0.05370035645,-0.3631605882,2,0
0,0,-0.180471736,-1.267713796,1,0
0,0,-0.3441307175,-1.636589815,2,0
0,0,-0.6390206047,-2.948898872,0,0
0,0,-0.9592250662,-3.202044615,1,0
0,0,-1.395067622,-4.358425556,2,-1
1,1,-1.985626527,-5.905589054
0,0,0,0,0,0
0,0,0.09211334295,0.9211334295,2,0
0,0,0.1089794131,0.1686607013,2,0
0,0,0.04801538403,-0.6096402905,1,0
0,0,0.01264541954,-0.3536996449,2,0
0,0,-0.1204331545,-1.33078574,1,0
0,0,-0.2611997849,-1.407666304,2,0
0,0,-0.5448892754,-2.836894906,2,0
0,0,-0.9847467429,-4.398574675,2,-1
1,1,-1.575483686,-5.907369431
0,0,0,0,0,0
0,0,0.09902089876,0.9902089876,2,0
0,0,0.1192157919,0.2019489309,1,0
0,0,0.1436008559,0.2438506409,0,0
0,0,0.2962959278,1.526950719,1,0
0,0,0.4836325473,1.873366195,1,0
0,0,0.7589611414,2.753285941,0,0
0,0,1.201001957,4.42040816,1,-1
1,1,1.776105155,5.751031974
0,0,0,0,2,0
0,0,-0.08942225552,-0.8942225552,2,0
0,0,-0.273019026,-1.835967705,1,0
0,0,-0.4997455697,-2.267265437,2,0
0,0,-0.8631762613,-3.634306915,2,0
0,0,-1.377292022,-5.141157604,0,-1
1,1,-2.013089361,-6.357973396
0,0,0,0,2,0
0,0,-0.1032049632,-1.032049632,0,0
0,0,-0.1476438047,-0.4443884155,1,0
0,0,-0.212922603,-0.6527879829,2,0
0,0,-0.3988098454,-1.858872424,2,0
0,0,-0.7242460812,-3.254362358,1,0
0,0,-1.140592946,-4.163468646,1,-1
1,1,-1.683808053,-5.432151071
0,0,0,0,2,0
0,0,-0.0843587738,-0.843587738,2,0
0,0,-0.2650215191,-1.806627453,2,0
0,0,-0.562789924,-2.977684049,1,0
0,0,-0.9306605162,-3.678705921,1,0
0,0,-1.403370064,-4.727095483,2,-1
1,1,-2.029075588,-6.257055237
0,0,0,0,0,0
0,0,0.0863452861,0.863452861,1,0
0,0,0.1898414335,1.034961474,0,0
0,0,0.4265892859,2.367478524,1,0
0,0,0.7226852429,2.96095957,1,0
0,0,1.108392381,3.857071381,2,-1
1,1,1.584611967,4.762195861
0,0,0,0,0,0
0,0,0.09825388308,0.9825388308,2,0
0,0,0.113489785,0.1523590195,1,0
0,0,0.1451968334,0.3170704838,2,0
0,0,0.1091687993,-0.3602803413,1,0
0,0,0.1022125125,-0.06956286747,1,0
0,0,0.1080798851,0.05867372559,1,0
0,0,0.1385046878,0.3042480267,0,0
0,0,0.2905734571,1.520687693,2,0
0,0,0.40972872,1.19155263,1,0
0,0,0.5855284009,1.757996809,2,0
0,0,0.7761358116,1.906074107,1,0
0,0,1.067982254,2.918464421,2,0
0,0,1.44872855,3.807462966,2,-1
1,1,1.96513808,5.164095295
0,0,0,0,1,0
0,0,0.005982110294,0.05982110294,2,0
0,0,-0.08263583501,-0.886179453,1,0
0,0,-0.1710062644,-0.8837042936,1,0
0,0,-0.2804057377,-1.093994734,0,0
0,0,-0.3632316215,-0.8282588381,2,0
0,0,-0.5873620808,-2.241304593,1,0
0,0,-0.9085158864,-3.211538055,2,0
0,0,-1.386181187,-4.776653003,2,-1
1,1,-2.015288024,-6.291068374
0,0,0,0,2,0
0,0,-0.07617690129,-0.7617690129,0,0
0,0,-0.07183997959,0.04336921703,2,0
0,0,-0.1571877189,-0.8534773932,0,0
0,0,-0.1797946034,-0.2260688449,1,0
0,0,-0.2369817858,-0.5718718237,0,0
0,0,-0.2572946743,-0.2031288852,0,0
0,0,-0.2227089652,0.3458570908,0,0
0,0,-0.1304637633,0.9224520195,2,0
0,0,-0.145512777,-0.1504901374,1,0
0,0,-0.1720114763,-0.2649869932,1,0
0,0,-0.2126575943,-0.4064611801,1,0
0,0,-0.2928905118,-0.8023291751,1,0
0,0,-0.4148244626,-1.219339508,1,0
0,0,-0.6147762757,-1.999518131,1,0
0,0,-0.9019483649,-2.871720892,2,0
0,0,-1.346387147,-4.444387818,0,-1
1,1,-1.911568675,-5.651815281
0,0,0,0,1,0
0,0,-0.01622603693,-0.1622603693,2,0
0,0,-0.1065151672,-0.9028913025,1,0
0,0,-0.2204870459,-1.139718787,1,0
0,0,-0.3546402488,-1.341532029,1,0
0,0,-0.560970323,-2.063300742,0,0
0,0,-0.7864791536,-2.255088306,0,0
0,0,-1.061771691,-2.752925372,2,0
0,0,-1.501379469,-4.396077786,2,-1
1,1,-2.090212493,-5.888330235
0,0,0,0,2,0
0,0,-0.104318404,-1.04318404,0,0
0,0,-0.1415646773,-0.3724627333,1,0
0,0,-0.1971569528,-0.5559227552,1,0
0,0,-0.2952708804,-0.9811392755,0,0
0,0,-0.35685824,-0.6158735962,0,0
0,0,-0.3922137803,-0.3535554027,0,0
0,0,-0.4253638775,-0.3315009728,2,0
0,0,-0.6122791874,-1.869153099,1,0
0,0,-0.8817383594,-2.69459172,0,0
0,0,-1.221589178,-3.398508184,0,-1
1,1,-1.675043951,-4.534547729
0,0,0,0,1,0
0,0,0.002572668585,0.02572668585,1,0
0,0,-0.006265340341,-0.08838008926,1,0
0,0,-0.007084631832,-0.008192914912,2,0
0,0,-0.09808719215,-0.9100256032,2,0
0,0,-0.2801615117,-1.820743195,1,0
0,0,-0.5122057236,-2.320442119,0,0
0,0,-0.7514607846,-2.39255061,0,0
0,0,-1.04240656,-2.909457751,1,0
0,0,-1.45323305,-4.108264906,0,-1
1,1,-2.000116649,-5.468835991
0,0,0,0,0,0
0,0,0.1056351662,1.056351662,1,0
0,0,0.234689754,1.290545879,0,0
0,0,0.4876201961,2.52930442,2,0
0,0,0.7413861348,2.537659387,0,0
0,0,1.165718652,4.243325172,2,-1
1,1,1.689332906,5.236142542
0,0,0,0,2,0
0,0,-0.09811485628,-0.9811485628,2,0
0,0,-0.2896582972,-1.915434409,1,0
0,0,-0.5258701198,-2.362118226,1,0
0,0,-0.8550649677,-3.291948479,1,0
0,0,-1.298734325,-4.436693572,2,-1
1,1,-1.895592781,-5.968584561
0,0,0,0,2,0
0,0,-0.09717318305,-0.9717318305,2,0
0,0,-0.2926519468,-1.954787637,0,0
0,0,-0.4643684401,-1.717164933,2,0
0,0,-0.78468801,-3.203195699,0,0
0,0,-1.147858481,-3.631704714,2,-1
1,1,-1.67412131,-5.262628287
0,0,0,0,2,0
0,0,-0.09798094387,-0.9798094387,1,0
0,0,-0.2161633976,-1.181824537,1,0
0,0,-0.3843889887,-1.682255912,0,0
0,0,-0.5371073896,-1.527184009,2,0
0,0,-0.8500623132,-3.129549236,2,0
0,0,-1.315855005,-4.657926917,1,-1
1,1,-1.920431038,-6.045760332
0,0,0,0,0,0
0,0,0.09393448873,0.9393448873,0,0
0,0,0.2766794476,1.827449589,1,0
0,0,0.508331595,2.316521473,0,0
0,0,0.8901029817,3.817713867,2,0
0,0,1.335020939,4.449179572,2,-1
1,1,1.899938981,5.64918042
0,0,0,0,2,0
0,0,-0.0740950836,-0.740950836,1,0
0,0,-0.1782265517,-1.041314681,2,0
0,0,-0.4067520157,-2.28525464,2,0
0,0,-0.7705651708,-3.638131551,0,0
0,0,-1.183234206,-4.12669035,2,-1
1,1,-1.751867468,-5.686332618
0,0,0,0,1,0
0,0,-0.004032641094,-0.04032641094,0,0
0,0,0.09630597364,1.003386147,2,0
0,0,0.1331341234,0.3682814971,2,0
0,0,0.1094492654,-0.2368485797,2,0
0,0,0.03395324103,-0.7549602435,2,0
0,0,-0.1365210492,-1.704742902,1,0
0,0,-0.3352498716,-1.987288224,0,0
0,0,-0.5093820433,-1.741321717,1,0
0,0,-0.7578480661,-2.484660228,2,0
0,0,-1.175857877,-4.180098108,0,-1
1,1,-1.69747998,-5.216221035
0,0,0,0,0,0
0,0,0.08680225585,0.8680225585,1,0
0,0,0.1748069987,0.8800474289,1,0
0,0,0.2804568114,1.056498126,1,0
0,0,0.4212965102,1.408396988,2,0
0,0,0.5591395825,1.378430723,0,0
0,0,0.8540135821,2.948739996,0,0
0,0,1.319461825,4.654482429,2,-1
1,1,1.900824205,5.8136238
0,0,0,0,1,0
0,0,0.002066436046,0.02066436046,1,0
0,0,0.007900737499,0.05834301454,2,0
0,0,-0.06535341886,-0.7325415636,2,0
0,0,-0.2523980591,-1.870446403,2,0
0,0,-0.5645746969,-3.121766378,2,0
0,0,-1.030189261,-4.656145645,0,-1
1,1,-1.577773627,-5.475843656
0,0,0,0,1,0
0,0,8.914067664e-05,0.0008914067664,1,0
0,0,0.004365670107,0.04276529431,2,0
0,0,-0.08537042077,-0.8973609088,0,0
0,0,-0.1065382698,-0.2116784905,2,0
0,0,-0.2206792008,-1.14140931,0,0
0,0,-0.2799492983,-0.592700975,0,0
0,0,-0.2930382822,-0.130889839,1,0
0,0,-0.3632365907,-0.7019830848,0,0
0,0,-0.4101929658,-0.4695637509,2,0
0,0,-0.6032308459,-1.930378801,2,0
0,0,-0.9602170922,-3.569862463,2,0
0,0,-1.479619495,-5.194024031,2,-1
1,1,-2.149703707,-6.700842116
0,0,0,0,1,0
0,0,-0.009502382071,-0.09502382071,2,0
0,0,-0.1223612589,-1.128588769,2,0
0,0,-0.3463666014,-2.240053425,2,0
0,0,-0.692911,-3.465443986,0,0
0,0,-1.081096701,-3.881857007,0,0
0,0,-1.560738204,-4.796415034,1,-1
1,1,-2.186973548,-6.262353434
0,0,0,0,0,0
0,0,0.09318539562,0.9318539562,0,0
0,0,0.2859296238,1.927442282,2,0
0,0,0.4261563613,1.402267375,1,0
0,0,0.6362512416,2.100948803,0,0
0,0,1.005068969,3.688177274,0,0
0,0,1.528844277,5.23775308,1,-1
1,1,2.197293765,6.684494876
0,0,0,0,0,0
0,0,0.1013890528,1.013890528,2,0
0,0,0.1304270631,0.2903801035,0,0
0,0,0.2861146608,1.556875977,1,0
0,0,0.4867291806,2.006145198,1,0
0,0,0.7613708551,2.746416746,0,0
0,0,1.208560986,4.471901308,2,-1
1,1,1.761218241,5.526572554
0,0,0,0,1,0
0,0,0.01295454957,0.1295454957,1,0
0,0,0.04455805488,0.3160350531,2,0
0,0,-0.01953394686,-0.6409200174,0,0
0,0,0.01726887269,0.3680281955,2,0
0,0,-0.02573334725,-0.4300221994,1,0
0,0,-0.06425274909,-0.3851940184,1,0
0,0,-0.1064113566,-0.4215860749,1,0
0,0,-0.1833435695,-0.7693221296,0,0
0,0,-0.2217467567,-0.3840318712,0,0
0,0,-0.2209766996,0.007700570545,0,0
0,0,-0.1613971575,0.5957954215,0,0
0,0,-0.05768253241,1.03714625,2,0
0,0,-0.04810632176,0.09576210656,0,0
0,0,0.03468453356,0.8279085532,2,0
0,0,0.03633496366,0.01650430095,2,0
0,0,-0.04659745517,-0.8293241883,2,0
0,0,-0.2305460877,-1.839486325,0,0
0,0,-0.3829049456,-1.523588579,1,0
0,0,-0.6047655862,-2.218606406,0,0
0,0,-0.845254183,-2.404885968,0,0
0,0,-1.144908601,-2.996544178,2,-1
1,1,-1.606875985,-4.619673836
0,0,0,0,1,0
0,0,-0.006662269633,-0.06662269633,1,0
0,0,0.002220262673,0.08882532306,0,0
0,0,0.1100850348,1.078647721,2,0
0,0,0.1323718855,0.2228685065,2,0
0,0,0.09304471181,-0.3932717364,1,0
0,0,0.06197141669,-0.3107329512,1,0
0,0,0.0569150984,-0.05056318291,0,0
0,0,0.1363614778,0.7944637936,0,0
0,0,0.3091465912,1.727851134,2,0
0,0,0.4413088426,1.321622514,2,0
0,0,0.5521607308,1.108518882,2,0
0,0,0.6844466439,1.32285913,0,0
0,0,0.9727113038,2.882646599,1,0
0,0,1.376227018,4.035157138,2,-1
1,1,1.905945143,5.297181254
0,0,0,0,2,0
0,0,-0.09201494149,-0.9201494149,2,0
0,0,-0.2737348948,-1.817199533,0,0
0,0,-0.4250591626,-1.513242679,1,0
0,0,-0.6456447494,-2.205855868,2,0
0,0,-1.037033325,-3.91388576,1,0
0,0,-1.556884431,-5.198511056,1,-1
1,1,-2.223246204,-6.663617729
0,0,0,0,1,0
0,0,0.01130136812,0.1130136812,2,0
0,0,-0.05072618791,-0.6202755603,2,0
0,0,-0.1996308166,-1.489046287,1,0
0,0,-0.391275818,-1.916450014,1,0
0,0,-0.6316043969,-2.403285789,0,0
0,0,-0.8901332292,-2.585288323,2,0
0,0,-1.320288996,-4.301557666,0,-1
1,1,-1.86866549,-5.483764938
0,0,0,0,0,0
0,0,0.1012772267,1.012772267,0,0
0,0,0.3215552678,2.202780411,1,0
0,0,0.586180746,2.646254782,1,0
0,0,0.9478408021,3.616600561,1,0
0,0,1.427363815,4.795230128,0,-1
1,1,2.057187095,6.298232805
0,0,0,0,0,0
0,0,0.09756343529,0.9756343529,2,0
0,0,0.1109504802,0.133870449,0,0
0,0,0.2249800985,1.140296183,1,0
0,0,0.3651379733,1.401578748,0,0
0,0,0.6417588757,2.766209024,1,0
0,0,0.9976743056,3.559154299,1,0
0,0,1.474389641,4.767153353,2,-1
1,1,2.086074162,6.116845212
0,0,0,0,0,0
0,0,0.09707914608,0.9707914608,2,0
0,0,0.1148335421,0.1775439602,0,0
0,0,0.2331784086,1.183448665,2,0
0,0,0.3179408863,0.8476247771,2,0
0,0,0.3847960008,0.6685511448,1,0
0,0,0.5036048485,1.188088477,2,0
0,0,0.6394630734,1.358582248,0,0
0,0,0.947869295,3.084062217,0,0
0,0,1.423435048,4.755657533,0,-1
1,1,2.051744142,6.283090935
0,0,0,0,1,0
0,0,0.006496154854,0.06496154854,0,0
0,0,0.09004949606,0.8355334121,2,0
0,0,0.09073896196,0.006894659006,1,0
0,0,0.1006600995,0.0992113756,0,0
0,0,0.2169501936,1.162900941,1,0
0,0,0.3543328265,1.373826328,0,0
0,0,0.6325806652,2.782478387,0,0
0,0,1.073724858,4.411441928,0,-1
1,1,1.668530574,5.948057164
