2,1,1
0,0,0,0,2,0
0,0,-0.07687853131,-0.7687853131,1,0
0,0,-0.1511360913,-0.7425755996,1,0
0,0,-0.2618158836,-1.106797923,0,0
0,0,-0.3382586123,-0.7644272877,2,0
0,0,-0.5407915904,-2.02532978,2,0
0,0,-0.8839902507,-3.431986603,1,0
0,0,-1.343314582,-4.59324331,1,-1
1,1,-1.937287415,-5.939728331
0,0,0,0,1,0
0,0,0.0151123269,0.151123269,1,0
0,0,0.03149971505,0.1638738816,2,0
0,0,-0.02986018708,-0.6135990213,2,0
0,0,-0.1675297059,-1.376695188,1,0
0,0,-0.3342062695,-1.666765636,0,0
0,0,-0.4625960604,-1.283897909,1,0
0,0,-0.6770906501,-2.144945897,0,0
0,0,-0.9202566964,-2.431660463,0,0
0,0,-1.23950795,-3.192512535,1,-1
1,1,-1.694661285,-4.551533356
0,0,0,0,0,0
0,0,0.08012267453,0.8012267453,1,0
0,0,0.1696740972,0.895514227,1,0
0,0,0.2891095058,1.194354086,0,0
0,0,0.527039251,2.379297452,2,0
0,0,0.7614379147,2.343986637,2,0
0,0,1.036258934,2.748210195,0,0
0,0,1.471460173,4.352012391,2,-1
1,1,2.041885176,5.704250024
0,0,0,0,1,0
0,0,-0.0150081579,-0.150081579,1,0
0,0,-0.04233306678,-0.2732490888,1,0
0,0,-0.06066763723,-0.1833457045,1,0
0,0,-0.1052415567,-0.4457391951,2,0
0,0,-0.2412796291,-1.360380723,0,0
0,0,-0.3225354281,-0.81255799,0,0
0,0,-0.3589158233,-0.3638039518,0,0
0,0,-0.3584230803,0.004927429892,1,0
0,0,-0.4312610441,-0.7283796387,1,0
0,0,-0.5652282189,-1.339671747,2,0
0,0,-0.8612836111,-2.960553922,0,0
0,0,-1.223584339,-3.623007284,0,-1
1,1,-1.697585065,-4.740007258
0,0,0,0,1,0
0,0,-0.0005970535227,-0.005970535227,2,0
0,0,-0.104914856,-1.043178025,1,0
0,0,-0.2128480579,-1.079332019,2,0
0,0,-0.4485786203,-2.357305624,0,0
0,0,-0.6726727032,-2.240940829,0,0
0,0,-0.935476408,-2.628037048,2,0
0,0,-1.362615123,-4.271387147,2,-1
1,1,-1.943642433,-5.810273102
0,0,0,0,0,0
0,0,0.07357819733,0.7357819733,2,0
0,0,0.06192840337,-0.1164979396,0,0
0,0,0.1635574777,1.016290743,2,0
0,0,0.1991421196,0.3558464193,1,0
0,0,0.2848886853,0.8574656574,2,0
0,0,0.322407885,0.3751919962,1,0
0,0,0.4005165322,0.7810864726,0,0
0,0,0.637442031,2.369254988,0,0
0,0,1.043108022,4.056659915,1,-1
1,1,1.576370239,5.332622162
0,0,0,0,2,0
0,0,-0.08858325631,-0.8858325631,1,0
0,0,-0.200996671,-1.124134147,0,0
0,0,-0.2569339584,-0.559372874,0,0
0,0,-0.2818426707,-0.2490871226,0,0
0,0,-0.2559975525,0.258451182,2,0
0,0,-0.3642213536,-1.082238011,1,0
0,0,-0.5412445152,-1.770231616,0,0
0,0,-0.7151973652,-1.7395285,1,0
0,0,-0.981206471,-2.660091058,1,0
0,0,-1.365083748,-3.838772775,1,-1
1,1,-1.890816711,-5.257329627
0,0,0,0,2,0
0,0,-0.09435652571,-0.9435652571,0,0
0,0,-0.1009890231,-0.06632497371,2,0
0,0,-0.2149259636,-1.139369406,0,0
0,0,-0.2956356233,-0.8070965971,1,0
0,0,-0.4366152211,-1.409795977,2,0
0,0,-0.7096326957,-2.730174746,1,0
0,0,-1.079782727,-3.701500315,2,-1
1,1,-1.608400775,-5.286180483
0,0,0,0,1,0
0,0,0.01168135901,0.1168135901,2,0
0,0,-0.06834027891,-0.8002163792,1,0
0,0,-0.1589539144,-0.906136355,1,0
0,0,-0.2601543861,-1.012004717,2,0
0,0,-0.5026086206,-2.424542345,0,0
0,0,-0.7561792903,-2.535706696,2,0
0,0,-1.185134364,-4.289550737,0,-1
1,1,-1.716061657,-5.309272929
0,0,0,0,1,0
0,0,0.009455725988,0.09455725988,2,0
0,0,-0.07294205648,-0.8239778247,1,0
0,0,-0.1651463841,-0.922043276,1,0
0,0,-0.2755917719,-1.104453878,2,0
0,0,-0.5080066875,-2.324149156,0,0
0,0,-0.7433236348,-2.353169473,2,0
0,0,-1.152037936,-4.087143015,0,-1
1,1,-1.65151192,-4.994739838
0,0,0,0,1,0
0,0,0.001522465518,0.01522465518,1,0
0,0,-0.01052262417,-0.1204508969,0,0
0,0,0.06105449167,0.7157711584,1,0
0,0,0.1396900152,0.7863552349,2,0
0,0,0.1387608738,-0.009291413672,1,0
0,0,0.1493536244,0.1059275065,2,0
0,0,0.1013675021,-0.4798612232,2,0
0,0,-0.02361338808,-1.249808902,1,0
0,0,-0.140004575,-1.163911869,2,0
0,0,-0.3702851797,-2.302806047,1,0
0,0,-0.6662500816,-2.959649019,0,0
0,0,-0.992020728,-3.257706464,2,0
0,0,-1.476710749,-4.846900208,0,-1
1,1,-2.096723225,-6.200124761
0,0,0,0,1,0
0,0,-0.01649921942,-0.1649921942,0,0
0,0,0.04987975336,0.6637897278,1,0
0,0,0.1209022069,0.7102245358,1,0
0,0,0.2181270419,0.9722483496,2,0
0,0,0.2756337353,0.5750669339,1,0
0,0,0.3804011675,1.047674322,2,0
0,0,0.4646492841,0.8424811662,0,0
0,0,0.6943529675,2.297036834,0,0
0,0,1.076869046,3.825160787,2,0
0,0,1.542725599,4.658565532,1,-1
1,1,2.154586397,6.118607978
0,0,0,0,0,0
0,0,0.09364425439,0.9364425439,1,0
0,0,0.202919088,1.092748336,2,0
0,0,0.2769445074,0.7402541947,2,0
0,0,0.3145065805,0.3756207301,2,0
0,0,0.3272576097,0.1275102925,1,0
0,0,0.4005194265,0.7326181679,2,0
0,0,0.4538960604,0.5337663386,1,0
0,0,0.5908349877,1.369389273,1,0
0,0,0.8233512007,2.32516213,2,0
0,0,1.111834145,2.884829439,0,0
0,0,1.564555322,4.527211779,0,-1
1,1,2.164557042,6.000017193
0,0,0,0,0,0
0,0,0.1023368575,1.023368575,0,0
0,0,0.2988383801,1.965015226,2,0
0,0,0.4765201826,1.776818025,2,0
0,0,0.6621166396,1.85596457,1,0
0,0,0.9442654189,2.821487793,0,0
0,0,1.394951545,4.506861263,2,-1
1,1,1.973845707,5.788941619
0,0,0,0,0,0
0,0,0.09739989976,0.9739989976,1,0
0,0,0.1981156198,1.007157201,2,0
0,0,0.2406784849,0.4256286505,2,0
0,0,0.248934126,0.08255641119,1,0
0,0,0.3113448854,0.6241075944,0,0
0,0,0.5200376686,2.086927832,2,0
0,0,0.7463351573,2.262974888,1,0
0,0,1.065779009,3.194438519,1,0
0,0,1.51033708,4.445580707,0,-1
1,1,2.103928121,5.935910407
0,0,0,0,1,0
0,0,-0.01433538563,-0.1433538563,0,0
0,0,0.0713766615,0.8571204714,2,0
0,0,0.08227015041,0.108934889,2,0
0,0,0.01170554337,-0.7056460703,1,0
0,0,-0.05565146649,-0.6735700986,1,0
0,0,-0.146661281,-0.9100981449,2,0
0,0,-0.35477301,-2.08111729,0,0
0,0,-0.5540033512,-1.992303412,2,0
0,0,-0.8970366953,-3.430333441,0,0
0,0,-1.302308803,-4.052721075,1,-1
1,1,-1.844886274,-5.425774708
0,0,0,0,1,0
0,0,-0.003449134639,-0.03449134639,0,0
0,0,0.06320828066,0.666574153,1,0
0,0,0.1467408511,0.8353257045,1,0
0,0,0.2470161746,1.002753235,2,0
0,0,0.3003608679,0.5334469332,1,0
0,0,0.3962257979,0.9586493,2,0
0,0,0.4767973722,0.8057157427,1,0
0,0,0.6425193884,1.657220163,1,0
0,0,0.9085836117,2.660642233,0,0
0,0,1.334571577,4.259879657,2,-1
1,1,1.879604191,5.450326139
0,0,0,0,0,0
0,0,0.0745797536,0.745797536,1,0
0,0,0.1678555526,0.9327579897,1,0
0,0,0.2825215802,1.146660276,0,0
0,0,0.5242537402,2.4173216,1,0
0,0,0.8495135991,3.252598589,1,0
0,0,1.279290965,4.297773655,1,-1
1,1,1.839649204,5.603582399
0,0,0,0,0,0
0,0,0.09786821998,0.9786821998,1,0
0,0,0.2163184538,1.184502339,0,0
0,0,0.4480277927,2.317093389,2,0
0,0,0.6738098976,2.257821049,2,0
0,0,0.9309900603,2.571801627,2,0
0,0,1.26943667,3.384466092,0,-1
1,1,1.77176442,5.023277504
0,0,0,0,1,0
0,0,-0.01237197535,-0.1237197535,0,0
0,0,0.04600750021,0.5837947556,1,0
0,0,0.1015622755,0.5555477525,0,0
0,0,0.2538280265,1.522657511,2,0
0,0,0.3514669384,0.9763891184,1,0
0,0,0.5173449098,1.658779714,1,0
0,0,0.7505014817,2.331565719,0,0
0,0,1.147767519,3.972660371,2,-1
1,1,1.640476526,4.927090069
0,0,0,0,1,0
0,0,0.001577635161,0.01577635161,0,0
0,0,0.09730993798,0.9573230282,1,0
0,0,0.2059347199,1.086247819,0,0
0,0,0.4215346816,2.155999617,2,0
0,0,0.6093098281,1.877751465,1,0
0,0,0.8757579949,2.664481668,0,0
0,0,1.317136437,4.413784417,1,-1
1,1,1.897897569,5.807611325
0,0,0,0,0,0
0,0,0.1007144528,1.007144528,1,0
0,0,0.2019651081,1.012506552,0,0
0,0,0.4371744053,2.352092973,2,0
0,0,0.6676632588,2.304888535,1,0
0,0,0.9939088565,3.262455977,2,0
0,0,1.391389721,3.974808642,1,-1
1,1,1.929539812,5.381500918
0,0,0,0,1,0
0,0,-0.008601581943,-0.08601581943,2,0
0,0,-0.1066410747,-0.9803949271,1,0
0,0,-0.2234545949,-1.168135203,1,0
0,0,-0.3619591203,-1.385045254,2,0
0,0,-0.6460693992,-2.841102789,1,0
0,0,-1.024144538,-3.780751387,0,0
0,0,-1.475963946,-4.51819408,0,-1
1,1,-2.065356108,-5.893921623
0,0,0,0,0,0
0,0,0.08200395959,0.8200395959,0,0
0,0,0.2519661669,1.699622074,0,0
0,0,0.5575945796,3.056284127,0,0
0,0,1.018060956,4.604663759,0,-1
1,1,1.64305247,6.249915148
0,0,0,0,0,0
0,0,0.08464381245,0.8464381245,2,0
0,0,0.1104922982,0.2584848574,2,0
0,0,0.08482554499,-0.256667532,1,0
0,0,0.08103565526,-0.03789889729,1,0
0,0,0.09355204926,0.12516394,0,0
0,0,0.2173954234,1.238433741,0,0
0,0,0.477483404,2.600879807,1,0
0,0,0.8002008063,3.227174023,0,0
0,0,1.291618379,4.914175729,2,-1
1,1,1.891497176,5.998787969
0,0,0,0,2,0
0,0,-0.08749333849,-0.8749333849,1,0
0,0,-0.1929843904,-1.054910519,2,0
0,0,-0.4064990477,-2.135146573,1,0
0,0,-0.6713281085,-2.648290608,1,0
0,0,-1.032174356,-3.608462472,1,0
0,0,-1.518634963,-4.864606072,1,-1
1,1,-2.149506833,-6.308718705
0,0,0,0,1,0
0,0,-0.007064056674,-0.07064056674,2,0
0,0,-0.09014299208,-0.830789354,2,0
0,0,-0.2932765439,-2.031335518,0,0
0,0,-0.4739534907,-1.806769468,0,0
0,0,-0.6497126241,-1.757591334,0,0
0,0,-0.8589346306,-2.092220064,1,0
0,0,-1.178533533,-3.195989027,0,-1
1,1,-1.599263785,-4.207302516
0,0,0,0,1,0
0,0,-0.01132766498,-0.1132766498,2,0
0,0,-0.1161341671,-1.048065021,1,0
0,0,-0.2444933243,-1.283591571,0,0
0,0,-0.3132804108,-0.6878708657,1,0
0,0,-0.4432212056,-1.299407948,2,0
0,0,-0.7145246872,-2.713034816,1,0
0,0,-1.079076379,-3.645516916,2,-1
1,1,-1.611719753,-5.32643374
0,0,0,0,1,0
0,0,0.01239900161,0.1239900161,2,0
0,0,-0.07502729512,-0.8742629673,2,0
0,0,-0.2710803967,-1.960531016,1,0
0,0,-0.5131428537,-2.42062457,1,0
0,0,-0.831890244,-3.187473903,2,0
0,0,-1.304875551,-4.729853065,0,-1
1,1,-1.890610268,-5.857347171
0,0,0,0,2,0
0,0,-0.09832264845,-0.9832264845,2,0
0,0,-0.2919371377,-1.936144892,1,0
0,0,-0.5288134312,-2.368762935,1,0
0,0,-0.8405243492,-3.11710918,0,0
0,0,-1.203365931,-3.628415816,0,-1
1,1,-1.675597007,-4.722310759
0,0,0,0,0,0
0,0,0.09239049733,0.9239049733,2,0
0,0,0.1247110065,0.3232050916,2,0
0,0,0.1057071441,-0.1900386238,1,0
0,0,0.1057670625,0.0005991834293,1,0
0,0,0.1380468541,0.3227979161,1,0
0,0,0.1947601854,0.5671333129,0,0
0,0,0.3748084531,1.800482677,1,0
0,0,0.6034172317,2.286087786,2,0
0,0,0.8526788055,2.492615738,0,0
0,0,1.264448483,4.117696778,0,-1
1,1,1.834863181,5.704146974
0,0,0,0,1,0
0,0,0.01537829806,0.1537829806,2,0
0,0,-0.06160205229,-0.7698035036,1,0
0,0,-0.1596760671,-0.980740148,1,0
0,0,-0.2689417388,-1.092656717,2,0
0,0,-0.4931725544,-2.242308156,2,0
0,0,-0.8782962613,-3.851237069,2,0
0,0,-1.418637193,-5.403409318,0,-1
1,1,-2.086942267,-6.683050739
0,0,0,0,0,0
0,0,0.1056779567,1.056779567,2,0
0,0,0.1350225294,0.2934457273,0,0
0,0,0.2832996145,1.482770851,1,0
0,0,0.4847161843,2.014165698,2,0
0,0,0.6846082354,1.998920511,2,0
0,0,0.9282603475,2.436521121,2,0
0,0,1.247099,3.188386529,0,-1
1,1,1.725214746,4.781157457
0,0,0,0,2,0
0,0,-0.08183190729,-0.8183190729,2,0
0,0,-0.2513794438,-1.695475365,2,0
0,0,-0.5456704681,-2.942910243,1,0
0,0,-0.9239472826,-3.782768145,0,0
0,0,-1.375736436,-4.517891532,2,-1
1,1,-1.980869389,-6.051329535
0,0,0,0,0,0
0,0,0.07445950124,0.7445950124,1,0
0,0,0.1491116827,0.7465218141,1,0
0,0,0.2394923373,0.9038065466,0,0
0,0,0.4545201372,2.150277999,2,0
0,0,0.6506184059,1.960982687,0,0
0,0,1.009444217,3.588258107,1,0
0,0,1.483724884,4.742806678,2,-1
1,1,2.095086811,6.113619264
0,0,0,0,2,0
0,0,-0.09096241534,-0.9096241534,1,0
0,0,-0.1888928943,-0.9793047897,0,0
0,0,-0.2453591549,-0.5646626054,2,0
0,0,-0.4343843723,-1.890252174,1,0
0,0,-0.6919038767,-2.575195044,1,0
0,0,-1.038699804,-3.467959268,2,0
0,0,-1.544896726,-5.061969225,2,-1
1,1,-2.198624833,-6.537281072
0,0,0,0,1,0
0,0,0.001303007107,0.01303007107,0,0
0,0,0.0870095917,0.857065846,1,0
0,0,0.1747600542,0.8775046247,2,0
0,0,0.2183141932,0.4355413903,0,0
0,0,0.3901705886,1.718563954,0,0
0,0,0.6947247339,3.045541453,2,0
0,0,1.027484277,3.327595429,2,0
0,0,1.43906813,4.115838536,0,-1
1,1,2.001790408,5.627222772
0,0,0,0,0,0
0,0,0.09296161886,0.9296161886,2,0
0,0,0.1153285877,0.2236696884,0,0
0,0,0.2330167684,1.176881807,0,0
0,0,0.4743769227,2.413601543,0,0
0,0,0.8771332219,4.027562992,0,0
0,0,1.433428695,5.562954731,0,-1
1,1,2.139533849,7.061051539
0,0,0,0,1,0
0,0,-0.008279528678,-0.08279528678,2,0
0,0,-0.09116102724,-0.8288149856,1,0
0,0,-0.1878247802,-0.96663753,1,0
0,0,-0.3036279539,-1.158031737,0,0
0,0,-0.382076103,-0.7844814913,2,0
0,0,-0.5916887073,-2.096126042,2,0
0,0,-0.9520230337,-3.603343265,2,0
0,0,-1.47926722,-5.272441864,2,-1
1,1,-2.155497323,-6.762301026
0,0,0,0,1,0
0,0,-0.002119686696,-0.02119686696,2,0
0,0,-0.1047816713,-1.026619846,2,0
0,0,-0.3168879473,-2.12106276,2,0
0,0,-0.6539243607,-3.370364135,0,0
0,0,-1.026481806,-3.725574455,2,0
0,0,-1.562080791,-5.355989849,1,-1
1,1,-2.24425013,-6.821693387
0,0,0,0,1,0
0,0,-0.01236834357,-0.1236834357,1,0
0,0,-0.04186662438,-0.2949828082,0,0
0,0,0.02447400039,0.6634062478,0,0
0,0,0.1846811302,1.602071298,2,0
0,0,0.2929118112,1.08230681,1,0
0,0,0.4659503648,1.730385537,1,0
0,0,0.7156857031,2.497353383,1,0
0,0,1.071125098,3.554393954,1,0
0,0,1.553252168,4.821270696,1,-1
1,1,2.181680228,6.284280601
0,0,0,0,1,0
0,0,-0.00604094633,-0.0604094633,0,0
0,0,0.08664846933,0.9268941566,0,0
0,0,0.2813994763,1.947510069,0,0
0,0,0.6187522381,3.373527618,1,0
0,0,1.032499151,4.137469134,2,0
0,0,1.518899907,4.864007556,0,-1
1,1,2.154167729,6.352678218
0,0,0,0,1,0
0,0,-0.007027529208,-0.07027529208,1,0
0,0,-0.01412738794,-0.07099858729,1,0
0,0,-0.02612633333,-0.1199894539,1,0
0,0,-0.03404654161,-0.0792020828,1,0
0,0,-0.0324401918,0.01606349811,0,0
0,0,0.06878301696,1.012232088,1,0
0,0,0.1766913167,1.079082998,0,0
0,0,0.400262389,2.235710723,2,0
0,0,0.614596221,2.14333832,0,0
0,0,0.9954551023,3.808588813,1,0
0,0,1.493239328,4.977842261,0,-1
1,1,2.141423115,6.481837864
0,0,0,0,1,0
0,0,-0.015149936,-0.15149936,2,0
0,0,-0.1240685091,-1.089185731,0,0
0,0,-0.1730935736,-0.490250645,1,0
0,0,-0.2436697289,-0.7057615527,1,0
0,0,-0.3640171738,-1.20347445,2,0
0,0,-0.6169213508,-2.52904177,2,0
0,0,-1.019006269,-4.020849185,2,-1
1,1,-1.579098259,-5.600919897
0,0,0,0,1,0
0,0,-0.01126441072,-0.1126441072,0,0
0,0,0.05688020227,0.6814461299,0,0
0,0,0.2349995343,1.78119332,0,0
0,0,0.5247432717,2.897437374,0,0
0,0,0.9550591285,4.303158568,1,0
0,0,1.495859424,5.408002956,2,-1
1,1,2.175467963,6.796085385
0,0,0,0,2,0
0,0,-0.09808911762,-0.9808911762,1,0
0,0,-0.2131247003,-1.150355826,0,0
0,0,-0.2714523127,-0.5832761245,0,0
0,0,-0.2913790645,-0.1992675174,0,0
0,0,-0.2847863594,0.06592705065,2,0
0,0,-0.3940267009,-1.092403415,0,0
0,0,-0.4856830918,-0.9165639088,0,0
0,0,-0.5887157855,-1.030326938,2,0
0,0,-0.8515235017,-2.628077162,2,0
0,0,-1.288551491,-4.370279894,2,-1
1,1,-1.88423693,-5.956854389
0,0,0,0,0,0
0,0,0.07379386421,0.7379386421,1,0
0,0,0.162372535,0.8857867077,0,0
0,0,0.352997408,1.906248731,0,0
0,0,0.6942542037,3.412567956,1,0
0,0,1.138467355,4.44213151,1,-1
1,1,1.704268247,5.65800892
0,0,0,0,2,0
0,0,-0.08239251379,-0.8239251379,0,0
0,0,-0.08958278658,-0.07190272792,1,0
0,0,-0.1071373622,-0.1755457558,1,0
0,0,-0.1529472373,-0.4580987518,1,0
0,0,-0.2279715011,-0.7502426373,0,0
0,0,-0.2624306983,-0.3445919727,0,0
0,0,-0.257276604,0.051540943,1,0
0,0,-0.2967646723,-0.3948806831,1,0
0,0,-0.3869758131,-0.902111408,1,0
0,0,-0.5488526111,-1.618767979,1,0
0,0,-0.8028835012,-2.540308901,0,0
0,0,-1.120331777,-3.174482754,1,0
0,0,-1.564647655,-4.443158785,2,-1
1,1,-2.156325984,-5.916783287
0,0,0,0,2,0
0,0,-0.0878196251,-0.878196251,2,0
0,0,-0.2950552461,-2.07235621,2,0
0,0,-0.6171052825,-3.220500365,2,0
0,0,-1.087577976,-4.704726937,1,-1
1,1,-1.677952218,-5.903742419
0,0,0,0,1,0
0,0,0.007015787362,0.07015787362,0,0
0,0,0.08903197087,0.820161835,2,0
0,0,0.08761210212,-0.01419868744,1,0
0,0,0.1135255707,0.2591346859,1,0
0,0,0.1575218172,0.4399624646,2,0
0,0,0.1272391972,-0.3028262,0,0
0,0,0.202985663,0.7574646586,2,0
0,0,0.2434176151,0.4043195212,0,0
0,0,0.3985082561,1.55090641,1,0
0,0,0.6306310203,2.321227641,2,0
0,0,0.8947745155,2.641434952,2,0
0,0,1.228237509,3.334629932,2,-1
1,1,1.668690695,4.404531864
0,0,0,0,0,0
0,0,0.0968399017,0.968399017,1,0
0,0,0.2017026268,1.048627251,2,0
0,0,0.2508274199,0.4912479311,2,0
0,0,0.2646067599,0.1377933993,0,0
0,0,0.4030014114,1.383946515,0,0
0,0,0.6965622997,2.935608883,2,0
0,0,1.025980134,3.294178339,1,0
0,0,1.476666959,4.506868254,1,-1
1,1,2.072056589,5.953896304
0,0,0,0,1,0
0,0,-0.004403603329,-0.04403603329,0,0
0,0,0.06700677238,0.7141037571,2,0
0,0,0.07341272417,0.06405951789,1,0
0,0,0.1008460525,0.2743332835,0,0
0,0,0.2410277164,1.401816639,1,0
0,0,0.4293168403,1.882891239,2,0
0,0,0.5974676986,1.681508582,2,0
0,0,0.7853027177,1.878350192,2,0
0,0,1.016176711,2.308739937,1,0
0,0,1.367499192,3.51322481,1,-1
1,1,1.862831156,4.953319634
0,0,0,0,0,0
0,0,0.09142959025,0.9142959025,0,0
0,0,0.2919787677,2.005491774,0,0
0,0,0.623589325,3.316105573,1,0
0,0,1.048115907,4.245265817,0,-1
1,1,1.630253953,5.821380468
0,0,0,0,2,0
0,0,-0.09062247362,-0.9062247362,1,0
0,0,-0.1951096895,-1.044872159,2,0
0,0,-0.4214562827,-2.263465932,0,0
0,0,-0.639445039,-2.179887563,2,0
0,0,-1.004945536,-3.65500497,0,0
0,0,-1.44776152,-4.42815984,2,-1
1,1,-2.041958608,-5.941970882
0,0,0,0,2,0
0,0,-0.07550858161,-0.7550858161,0,0
0,0,-0.08128012306,-0.05771541451,2,0
0,0,-0.1947218767,-1.134417537,1,0
0,0,-0.324147649,-1.294257722,2,0
0,0,-0.5891010114,-2.649533624,0,0
0,0,-0.8687200686,-2.796190571,0,0
0,0,-1.219412201,-3.506921324,0,-1
1,1,-1.674472159,-4.550599581
0,0,0,0,2,0
0,0,-0.08695843675,-0.8695843675,2,0
0,0,-0.2716493932,-1.846909565,0,0
0,0,-0.4289972901,-1.573478969,1,0
0,0,-0.6466627131,-2.176654229,1,0
0,0,-0.9654410208,-3.187783077,2,0
0,0,-1.451726644,-4.862856228,2,-1
1,1,-2.089257412,-6.375307684
0,0,0,0,0,0
0,0,0.08430882061,0.8430882061,2,0
0,0,0.09069458717,0.06385766554,0,0
0,0,0.2004165534,1.097219662,0,0
0,0,0.4193789423,2.189623889,0,0
0,0,0.7720437721,3.526648298,1,0
0,0,1.226503092,4.544593202,2,-1
1,1,1.785282125,5.58779033
0,0,0,0,2,0
0,0,-0.1049568924,-1.049568924,2,0
0,0,-0.2984834846,-1.935265923,0,0
0,0,-0.462744666,-1.642611813,1,0
0,0,-0.6975066441,-2.347619781,2,0
0,0,-1.093837848,-3.963312035,1,-1
1,1,-1.615889495,-5.220516474
0,0,0,0,1,0
0,0,-0.01649550836,-0.1649550836,1,0
0,0,-0.02598124882,-0.09485740458,1,0
0,0,-0.05532754712,-0.293462983,1,0
0,0,-0.1070748267,-0.5174727956,0,0
0,0,-0.08925007406,0.1782475262,1,0
0,0,-0.08782963304,0.01420441025,0,0
0,0,-0.02503441204,0.62795221,2,0
0,0,-0.06195555618,-0.3692114414,0,0
0,0,-0.0348015173,0.2715403889,1,0
0,0,-0.006210877758,0.2859063954,2,0
0,0,-0.06457445585,-0.583635781,0,0
0,0,-0.05173558706,0.1283886879,0,0
0,0,0.03813101965,0.8986660671,0,0
0,0,0.2266584734,1.885274537,0,0
0,0,0.5239615749,2.973031015,1,0
0,0,0.9064278945,3.824663196,1,0
0,0,1.397179372,4.907514778,0,-1
1,1,2.041800656,6.446212833
0,0,0,0,0,0
0,0,0.08537017026,0.8537017026,1,0
0,0,0.1895514146,1.041812443,1,0
0,0,0.3415381763,1.519867617,1,0
0,0,0.5412653011,1.997271248,0,0
0,0,0.8896210749,3.483557738,1,0
0,0,1.352339766,4.627186911,2,-1
1,1,1.937782186,5.854424201
0,0,0,0,0,0
0,0,0.102949237,1.02949237,2,0
0,0,0.1418639367,0.3891469976,0,0
0,0,0.2791460732,1.372821365,1,0
0,0,0.4508544038,1.717083306,0,0
0,0,0.7583357897,3.074813859,2,0
0,0,1.105028108,3.466923182,2,0
0,0,1.547054633,4.42026525,2,-1
1,1,2.133241972,5.861873395
0,0,0,0,0,0
0,0,0.09191527529,0.9191527529,2,0
0,0,0.1251455991,0.332303238,2,0
0,0,0.1065793344,-0.1856626469,0,0
0,0,0.1982948078,0.9171547336,0,0
0,0,0.4072455963,2.089507886,1,0
0,0,0.6824557202,2.752101239,1,0
0,0,1.05592505,3.734693294,2,0
0,0,1.520268195,4.643431455,1,-1
1,1,2.129094704,6.088265088
0,0,0,0,1,0
0,0,0.01737452332,0.1737452332,2,0
0,0,-0.03564780734,-0.5302233066,0,0
0,0,0.007790652536,0.4343845988,1,0
0,0,0.05911146322,0.5132081068,0,0
0,0,0.2098988938,1.507874306,2,0
0,0,0.3042729375,0.9437404369,1,0
0,0,0.4493525663,1.450796288,2,0
0,0,0.5999258678,1.505733015,0,0
0,0,0.9236816005,3.237557327,2,0
0,0,1.32151226,3.978306591,0,-1
1,1,1.874147846,5.526355868
0,0,0,0,2,0
0,0,-0.07454461152,-0.7454461152,2,0
0,0,-0.2536906452,-1.791460337,2,0
0,0,-0.5704012822,-3.16710637,0,0
0,0,-0.903322369,-3.329210869,0,0
0,0,-1.291577761,-3.882553918,2,-1
1,1,-1.839045544,-5.474677827
0,0,0,0,1,0
0,0,-0.006484339907,-0.06484339907,0,0
0,0,0.07570570725,0.8219004716,0,0
0,0,0.2560279109,1.803222037,0,0
0,0,0.5625541664,3.065262555,0,0
0,0,1.030900854,4.683466871,2,-1
1,1,1.570859652,5.399587986
0,0,0,0,0,0
0,0,0.0843117621,0.843117621,0,0
0,0,0.2800729799,1.957612178,2,0
0,0,0.4520177739,1.71944794,0,0
0,0,0.7672894157,3.152716418,1,0
0,0,1.18512454,4.178351246,2,-1
1,1,1.704809969,5.19685429
0,0,0,0,2,0
0,0,-0.09249771191,-0.9249771191,0,0
0,0,-0.1065617119,-0.1406399998,2,0
0,0,-0.2298543849,-1.23292673,1,0
0,0,-0.4070749811,-1.772205962,2,0
0,0,-0.7220956205,-3.150206394,2,0
0,0,-1.207478985,-4.853833646,1,-1
1,1,-1.82630488,-6.188258952
0,0,0,0,0,0
0,0,0.09526180143,0.9526180143,2,0
0,0,0.1132581619,0.179963605,0,0
0,0,0.2306697444,1.174115825,1,0
0,0,0.3888722563,1.582025119,2,0
0,0,0.5158487599,1.269765036,1,0
0,0,0.7325304719,2.16681712,0,0
0,0,1.120698753,3.881682812,1,-1
1,1,1.641737343,5.210385899
0,0,0,0,2,0
0,0,-0.07648814425,-0.7648814425,0,0
0,0,-0.07898263569,-0.0249449144,0,0
0,0,-0.008400401472,0.7058223422,1,0
0,0,0.06146243812,0.6986283959,2,0
0,0,0.06941621549,0.07953777371,0,0
0,0,0.1633633224,0.9394710695,2,0
0,0,0.1888677844,0.25504462,2,0
0,0,0.1526647755,-0.3620300898,0,0
0,0,0.2464864521,0.938216766,0,0
0,0,0.475813261,2.293268089,0,0
0,0,0.8637914994,3.879782384,0,0
0,0,1.406576445,5.427849458,2,-1
1,1,2.077107764,6.705313187
0,0,0,0,0,0
0,0,0.09317329059,0.9317329059,1,0
0,0,0.2133456577,1.201723671,0,0
0,0,0.4471513652,2.338057075,2,0
0,0,0.6767967003,2.296453351,1,0
0,0,0.9961552456,3.193585454,1,0
0,0,1.44173434,4.455790945,0,-1
1,1,2.041114145,5.993798046
0,0,0,0,0,0
0,0,0.07747009813,0.7747009813,0,0
0,0,0.2390275034,1.615574053,0,0
0,0,0.5248890076,2.858615042,0,0
0,0,0.9624070082,4.375180006,0,0
0,0,1.56599742,6.035904114,1,-1
1,1,2.316337006,7.503395862
0,0,0,0,2,0
0,0,-0.07632601833,-0.7632601833,1,0
0,0,-0.1830357993,-1.067097809,0,0
0,0,-0.2287453851,-0.4570958587,2,0
0,0,-0.3982300836,-1.694846984,0,0
0,0,-0.5618684002,-1.636383166,2,0
0,0,-0.8712285179,-3.093601177,0,0
0,0,-1.250236863,-3.790083452,1,-1
1,1,-1.767758022,-5.175211589
0,0,0,0,2,0
0,0,-0.07273103537,-0.7273103537,0,0
0,0,-0.0780409946,-0.05309959233,2,0
0,0,-0.176840691,-0.9879969638,0,0
0,0,-0.205251509,-0.2841081805,2,0
0,0,-0.3634361038,-1.581845948,2,0
0,0,-0.6643849064,-3.009488026,1,0
0,0,-1.050619115,-3.862342089,1,0
0,0,-1.55796784,-5.073487246,1,-1
1,1,-2.211894324,-6.539264845
0,0,0,0,2,0
0,0,-0.07720109829,-0.7720109829,1,0
0,0,-0.1683130136,-0.9111191528,1,0
0,0,-0.2966056067,-1.282925931,1,0
0,0,-0.4583500164,-1.617444098,1,0
0,0,-0.6877393887,-2.293893722,2,0
0,0,-1.074976468,-3.872370798,2,-1
1,1,-1.617539249,-5.42562781
0,0,0,0,2,0
0,0,-0.09643874389,-0.9643874389,2,0
0,0,-0.2907915766,-1.943528327,1,0
0,0,-0.5239277532,-2.331361766,2,0
0,0,-0.9120998316,-3.881720784,1,0
0,0,-1.415261397,-5.031615659,2,-1
1,1,-2.069479364,-6.542179662
0,0,0,0,0,0
0,0,0.07448074657,0.7448074657,0,0
0,0,0.2331016765,1.5862093,2,0
0,0,0.3611977945,1.28096118,1,0
0,0,0.5550565141,1.938587196,1,0
0,0,0.8403325976,2.852760835,2,0
0,0,1.187926879,3.475942816,0,-1
1,1,1.699950983,5.120241034
0,0,0,0,1,0
0,0,-0.01123813303,-0.1123813303,1,0
0,0,-0.03962776728,-0.2838963425,0,0
0,0,0.01919035817,0.5881812545,1,0
0,0,0.06507635187,0.458859937,2,0
0,0,0.04989310952,-0.1518324236,0,0
0,0,0.1324216687,0.8252855916,1,0
0,0,0.2467827528,1.143610841,2,0
0,0,0.3196461384,0.7286338558,2,0
0,0,0.3511325727,0.3148643433,1,0
0,0,0.4355722027,0.8443963001,0,0
0,0,0.6560058298,2.20433627,2,0
0,0,0.8964256333,2.404198035,1,0
0,0,1.246883099,3.504574655,1,-1
1,1,1.730167421,4.832843225
0,0,0,0,1,0
0,0,0.0001870578529,0.001870578529,2,0
0,0,-0.07364469114,-0.7383174899,0,0
0,0,-0.07254997867,0.01094712472,0,0
0,0,-0.0129896921,0.5956028657,2,0
0,0,-0.02833970329,-0.1535001119,0,0
0,0,0.04644163864,0.7478134192,1,0
0,0,0.1279750242,0.8153338559,2,0
0,0,0.1529387988,0.2496377461,1,0
0,0,0.219412116,0.6647331714,1,0
0,0,0.3161921768,0.9678006084,2,0
0,0,0.3971884994,0.8099632254,0,0
0,0,0.6354257648,2.382372654,2,0
0,0,0.9014369835,2.660112187,0,0
0,0,1.34340615,4.419691668,0,-1
1,1,1.942069926,5.986637761
0,0,0,0,2,0
0,0,-0.09174594029,-0.9174594029,2,0
0,0,-0.2986541733,-2.06908233,0,0
0,0,-0.4545983431,-1.559441698,2,0
0,0,-0.7545548942,-2.999565511,1,0
0,0,-1.147704634,-3.931497395,1,-1
1,1,-1.663408582,-5.157039485
0,0,0,0,0,0
0,0,0.08067806122,0.8067806122,0,0
0,0,0.2493550736,1.686770124,1,0
0,0,0.4726236306,2.23268557,0,0
0,0,0.8341346805,3.615110499,1,0
0,0,1.296746716,4.626120358,2,-1
1,1,1.870934887,5.741881705
0,0,0,0,2,0
0,0,-0.1004768802,-1.004768802,1,0
0,0,-0.2259201244,-1.254432442,2,0
0,0,-0.472763288,-2.468431637,0,0
0,0,-0.7082601888,-2.354969008,1,0
0,0,-1.038607923,-3.303477337,0,0
0,0,-1.446754379,-4.081464569,0,-1
1,1,-1.989330914,-5.425765345
0,0,0,0,2,0
0,0,-0.07073977169,-0.7073977169,2,0
0,0,-0.2246146694,-1.538748977,1,0
0,0,-0.4048553319,-1.802406625,2,0
0,0,-0.7414675515,-3.366122196,1,0
0,0,-1.172446297,-4.309787455,0,-1
1,1,-1.69828839,-5.258420926
0,0,0,0,2,0
0,0,-0.07445999562,-0.7445999562,1,0
0,0,-0.1752061943,-1.007461986,0,0
0,0,-0.2187894035,-0.4358320925,2,0
0,0,-0.3845551231,-1.657657196,0,0
0,0,-0.5473871999,-1.628320768,0,0
0,0,-0.7152033976,-1.678161977,0,0
0,0,-0.9319893368,-2.167859392,0,0
0,0,-1.215066869,-2.830775325,2,-1
1,1,-1.662618345,-4.475514756
0,0,0,0,0,0
0,0,0.09779855064,0.9779855064,1,0
0,0,0.1962777801,0.9847922946,1,0
0,0,0.3392888057,1.430110256,1,0
0,0,0.5392128726,1.999240669,0,0
0,0,0.9028021026,3.6358923,1,0
0,0,1.378862523,4.760604203,0,-1
1,1,2.005425336,6.265628129
0,0,0,0,2,0
0,0,-0.08942726547,-0.8942726547,0,0
0,0,-0.09265790578,-0.03230640304,0,0
0,0,-0.03629797676,0.5635992902,0,0
0,0,0.1007191017,1.370170784,1,0
0,0,0.2706762346,1.699571329,2,0
0,0,0.3999631034,1.292868688,2,0
0,0,0.5254787276,1.255156242,0,0
0,0,0.8064220658,2.809433383,0,0
0,0,1.255618771,4.491967054,0,-1
1,1,1.86296131,6.073425388
0,0,0,0,2,0
0,0,-0.07853446637,-0.7853446637,1,0
0,0,-0.1752637458,-0.967292794,2,0
0,0,-0.3739145512,-1.986508054,2,0
0,0,-0.6998725701,-3.25958019,1,0
0,0,-1.112153872,-4.122813022,0,-1
1,1,-1.610587918,-4.984340461
0,0,0,0,2,0
0,0,-0.1027903408,-1.027903408,2,0
0,0,-0.307831851,-2.050415102,2,0
0,0,-0.6561745684,-3.483427174,2,0
0,0,-1.171196993,-5.150224243,2,-1
1,1,-1.839635949,-6.684389563
0,0,0,0,1,0
0,0,-0.01479086498,-0.1479086498,0,0
0,0,0.05742452434,0.7221538932,2,0
0,0,0.03586280336,-0.2156172098,0,0
0,0,0.1243504928,0.8848768948,2,0
0,0,0.1636386915,0.3928819864,1,0
0,0,0.2248065512,0.6116785972,2,0
0,0,0.2544160091,0.2960945791,1,0
0,0,0.3269000988,0.7248408969,1,0
0,0,0.4401617646,1.132616658,0,0
0,0,0.7091858251,2.690240605,2,0
0,0,1.008251614,2.990657886,2,0
0,0,1.386606039,3.783544253,0,-1
1,1,1.917890699,5.312846603
0,0,0,0,0,0
0,0,0.09501964074,0.9501964074,1,0
0,0,0.2172614211,1.222417803,0,0
0,0,0.4514563196,2.341948985,0,0
0,0,0.8184085958,3.669522762,1,0
0,0,1.29465002,4.762414243,1,-1
1,1,1.902540323,6.078903025
0,0,0,0,1,0
0,0,0.003144393566,0.03144393566,0,0
0,0,0.09889467621,0.9575028264,2,0
0,0,0.1326900255,0.3379534925,2,0
0,0,0.1125016225,-0.2018840299,0,0
0,0,0.2129459509,1.004443284,0,0
0,0,0.4208229695,2.078770186,0,0
0,0,0.7623648536,3.415418841,0,0
0,0,1.271175079,5.088102256,1,-1
1,1,1.907358593,6.361835138
0,0,0,0,1,0
0,0,-0.002820095271,-0.02820095271,2,0
0,0,-0.09748975437,-0.946696591,2,0
0,0,-0.2822161322,-1.847263778,0,0
0,0,-0.4383111481,-1.560950159,0,0
0,0,-0.5827844022,-1.444732541,0,0
0,0,-0.7536662634,-1.708818612,2,0
0,0,-1.085701624,-3.320353605,2,-1
1,1,-1.588190604,-5.024889804
0,0,0,0,1,0
0,0,-0.008072211093,-0.08072211093,2,0
0,0,-0.0965053474,-0.8843313631,2,0
0,0,-0.2982826648,-2.017773174,1,0
0,0,-0.5431856672,-2.449030024,1,0
0,0,-0.8594216898,-3.162360226,0,0
0,0,-1.237320478,-3.778987878,0,-1
1,1,-1.727229368,-4.899088908
0,0,0,0,2,0
0,0,-0.09261838587,-0.9261838587,1,0
0,0,-0.2124172801,-1.197988942,1,0
0,0,-0.3626993565,-1.502820765,2,0
0,0,-0.6587574344,-2.960580779,0,0
0,0,-0.9894024852,-3.306450508,1,0
0,0,-1.442507153,-4.531046675,2,-1
1,1,-2.047218305,-6.04711152
0,0,0,0,2,0
0,0,-0.07121372563,-0.7121372563,1,0
0,0,-0.1505302084,-0.7931648273,1,0
0,0,-0.2593884078,-1.088581995,0,0
0,0,-0.3416114586,-0.8222305073,1,0
0,0,-0.4796918892,-1.380804306,2,0
0,0,-0.7604050957,-2.807132065,1,0
0,0,-1.136957352,-3.765522558,1,-1
1,1,-1.643680025,-5.067226736
0,0,0,0,0,0
0,0,0.09160765213,0.9160765213,1,0
0,0,0.1951116406,1.035039885,0,0
0,0,0.4224195756,2.27307935,2,0
0,0,0.6515275852,2.291080096,2,0
0,0,0.9153466028,2.638190176,1,0
0,0,1.289418837,3.740722345,1,-1
1,1,1.800550597,5.111317597
0,0,0,0,1,0
0,0,-0.004450539662,-0.04450539662,2,0
0,0,-0.08165427609,-0.7720373643,2,0
0,0,-0.2670613728,-1.854070967,0,0
0,0,-0.3987734335,-1.317120607,1,0
0,0,-0.5884510623,-1.896776288,0,0
0,0,-0.7899009351,-2.014498728,1,0
0,0,-1.100508659,-3.106077238,1,0
0,0,-1.539248676,-4.387400173,2,-1
1,1,-2.125957468,-5.867087915
0,0,0,0,1,0
0,0,-0.004160914138,-0.04160914138,2,0
0,0,-0.0999769121,-0.9581599796,1,0
0,0,-0.2232860317,-1.233091196,1,0
0,0,-0.3807375601,-1.574515284,1,0
0,0,-0.5926346401,-2.118970801,2,0
0,0,-0.9548995886,-3.622649485,1,0
0,0,-1.438021849,-4.831222606,0,-1
1,1,-2.052305921,-6.142840719
0,0,0,0,2,0
0,0,-0.1055957202,-1.055957202,1,0
0,0,-0.2307482871,-1.251525669,0,0
0,0,-0.3126672783,-0.8191899118,1,0
0,0,-0.4344845413,-1.21817263,1,0
0,0,-0.6294096157,-1.949250744,2,0
0,0,-0.9722700362,-3.428604205,2,0
0,0,-1.471841777,-4.995717405,1,-1
1,1,-2.113195491,-6.413537147
0,0,0,0,1,0
0,0,0.0008462458537,0.008462458537,0,0
0,0,0.07665126096,0.7580501511,2,0
0,0,0.06051428025,-0.1613698071,2,0
0,0,-0.03665815133,-0.9717243159,0,0
0,0,-0.06150797275,-0.2484982142,1,0
0,0,-0.09376793455,-0.322599618,1,0
0,0,-0.1500251153,-0.5625718078,1,0
0,0,-0.2184279633,-0.6840284801,1,0
0,0,-0.315460403,-0.9703243963,1,0
0,0,-0.4628108036,-1.473504006,1,0
0,0,-0.6806930412,-2.178822376,1,0
0,0,-1.001286307,-3.205932663,1,0
0,0,-1.435556444,-4.342701364,2,-1
1,1,-2.023062535,-5.875060913
0,0,0,0,2,0
0,0,-0.09548948179,-0.9548948179,0,0
0,0,-0.1351608062,-0.3967132442,1,0
0,0,-0.2133345567,-0.7817375052,0,0
0,0,-0.2281176591,-0.1478310239,0,0
0,0,-0.1924291394,0.3568851968,0,0
0,0,-0.0997538238,0.9267531564,2,0
0,0,-0.121504578,-0.2175075424,0,0
0,0,-0.0882185187,0.3328605935,0,0
0,0,0.03266407677,1.208825955,2,0
0,0,0.06829085687,0.356267801,0,0
0,0,0.1956533532,1.273624964,0,0
0,0,0.4533506008,2.576972475,2,0
0,0,0.6980109666,2.446603658,0,0
0,0,1.091974708,3.939637411,2,0
0,0,1.569018383,4.770436757,1,-1
1,1,2.193004884,6.239865005
0,0,0,0,1,0
0,0,-0.01356856589,-0.1356856589,1,0
0,0,-0.02225316449,-0.086845986,2,0
0,0,-0.1274401001,-1.051869356,2,0
0,0,-0.3426296364,-2.151895363,0,0
0,0,-0.5184957394,-1.758661031,2,0
0,0,-0.8400218891,-3.215261497,1,0
0,0,-1.265930669,-4.259087795,0,-1
1,1,-1.801979823,-5.360491544
0,0,0,0,2,0
0,0,-0.09125236824,-0.9125236824,1,0
0,0,-0.1909930276,-0.9974065934,0,0
0,0,-0.2436640823,-0.5267105474,2,0
0,0,-0.4378510265,-1.941869442,1,0
0,0,-0.7062380571,-2.683870306,0,0
0,0,-1.017562793,-3.113247357,1,0
0,0,-1.450334552,-4.32771759,0,-1
1,1,-2.016255421,-5.659208687
0,0,0,0,2,0
0,0,-0.08088296802,-0.8088296802,0,0
0,0,-0.1017510936,-0.2086812555,0,0
0,0,-0.06574636977,0.3600472381,0,0
0,0,0.06407521705,1.298215868,2,0
0,0,0.1337062794,0.6963106237,1,0
0,0,0.2150309864,0.8132470701,2,0
0,0,0.2608934692,0.4586248282,1,0
0,0,0.3663367115,1.054432422,2,0
0,0,0.4669533506,1.006166391,1,0
0,0,0.6420788517,1.751255011,0,0
0,0,0.9738374011,3.317585494,1,0
0,0,1.422336591,4.484991895,1,-1
1,1,2.010067234,5.877306432
0,0,0,0,0,0
0,0,0.07688226734,0.7688226734,1,0
0,0,0.1625870061,0.8570473877,1,0
0,0,0.2623760873,0.9978908115,0,0
0,0,0.4828592498,2.204831625,1,0
0,0,0.7708952455,2.880359957,2,0
0,0,1.110804468,3.399092226,0,-1
1,1,1.608536255,4.977317865
0,0,0,0,2,0
0,0,-0.08763436319,-0.8763436319,1,0
0,0,-0.1902706444,-1.026362812,1,0
0,0,-0.335962458,-1.456918136,0,0
0,0,-0.4620123912,-1.260499332,1,0
0,0,-0.6492880085,-1.872756173,2,0
0,0,-0.9946659471,-3.453779386,1,0
0,0,-1.45884568,-4.641797331,0,-1
1,1,-2.058180784,-5.993351035
0,0,0,0,0,0
0,0,0.1013306662,1.013306662,0,0
0,0,0.3234821815,2.221515153,1,0
0,0,0.6053838967,2.819017152,0,0
0,0,1.050226287,4.448423901,2,-1
1,1,1.57818685,5.279605631
0,0,0,0,0,0
0,0,0.1053915934,1.053915934,1,0
0,0,0.2320703897,1.266787963,0,0
0,0,0.4661086859,2.340382962,2,0
0,0,0.6861621924,2.200535064,0,0
0,0,1.077670134,3.915079419,1,-1
1,1,1.591178439,5.135083043
0,0,0,0,1,0
0,0,0.01247910708,0.1247910708,0,0
0,0,0.1263833786,1.139042715,1,0
0,0,0.2627639557,1.363805771,2,0
0,0,0.352710126,0.8994617029,1,0
0,0,0.4948826421,1.421725161,1,0
0,0,0.7259391599,2.310565178,1,0
0,0,1.055703451,3.297642908,2,0
0,0,1.465115509,4.094120583,0,-1
1,1,2.026973658,5.618581495
0,0,0,0,1,0
0,0,-0.004594001412,-0.04594001412,1,0
0,0,-0.007927714749,-0.03333713337,2,0
0,0,-0.1129169449,-1.049892301,2,0
0,0,-0.3236370547,-2.107201098,0,0
0,0,-0.4920569658,-1.684199111,2,0
0,0,-0.826307483,-3.342505171,0,0
0,0,-1.21708473,-3.907772473,0,-1
1,1,-1.713898847,-4.96814117
0,0,0,0,0,0
0,0,0.07997261096,0.7997261096,0,0
0,0,0.2549930496,1.750204386,2,0
0,0,0.4014734507,1.464804012,1,0
0,0,0.6004093099,1.989358591,0,0
0,0,0.9699686333,3.695593234,2,0
0,0,1.412528661,4.425600279,2,-1
1,1,1.983727869,5.711992077
0,0,0,0,1,0
0,0,-0.00195864807,-0.0195864807,2,0
0,0,-0.08832087324,-0.8636222517,1,0
0,0,-0.1875001825,-0.9917930923,0,0
0,0,-0.2321485861,-0.4464840361,2,0
0,0,-0.3870190485,-1.548704624,2,0
0,0,-0.6743151189,-2.872960704,0,0
0,0,-0.983515446,-3.092003271,0,0
0,0,-1.373929939,-3.904144933,0,-1
1,1,-1.888416164,-5.144862242
0,0,0,0,2,0
0,0,-0.1027166337,-1.027166337,2,0
0,0,-0.3022744573,-1.995578236,0,0
0,0,-0.4705886728,-1.683142155,0,0
0,0,-0.6458988533,-1.753101805,0,0
0,0,-0.8447151716,-1.988163183,1,0
0,0,-1.158771764,-3.140565921,2,-1
1,1,-1.639523982,-4.807522185
0,0,0,0,0,0
0,0,0.07608780325,0.7608780325,2,0
0,0,0.09316911505,0.170813118,0,0
0,0,0.2307940539,1.376249389,0,0
0,0,0.4969700016,2.661759476,1,0
0,0,0.8378199131,3.408499115,1,0
0,0,1.284097281,4.46277368,0,-1
1,1,1.883617174,5.995198924
0,0,0,0,2,0
0,0,-0.09718048586,-0.9718048586,1,0
0,0,-0.1963380808,-0.9915759497,2,0
0,0,-0.4285677597,-2.322296788,1,0
0,0,-0.7187905006,-2.90222741,1,0
0,0,-1.11484284,-3.960523391,0,-1
1,1,-1.599006726,-4.841638861
0,0,0,0,0,0
0,0,0.1047607693,1.047607693,1,0
0,0,0.2211840175,1.164232481,2,0
0,0,0.2987218781,0.775378606,1,0
0,0,0.4259440942,1.272222161,1,0
0,0,0.6109605992,1.85016505,2,0
0,0,0.8094134248,1.984528256,0,0
0,0,1.16691778,3.575043553,2,-1
1,1,1.62697347,4.600556896
0,0,0,0,2,0
0,0,-0.08824837127,-0.8824837127,0,0
0,0,-0.09829614528,-0.1004777401,0,0
0,0,-0.04099275334,0.5730339194,2,0
0,0,-0.08572683194,-0.4473407861,2,0
0,0,-0.2450315211,-1.593046892,0,0
0,0,-0.3581448951,-1.13113374,2,0
0,0,-0.605433257,-2.472883619,2,0
0,0,-1.002546786,-3.971135293,1,0
0,0,-1.520144395,-5.175976085,1,-1
1,1,-2.182660346,-6.625159516
0,0,0,0,0,0
0,0,0.08140670561,0.8140670561,2,0
0,0,0.09148525154,0.1007854594,2,0
0,0,0.04197967022,-0.4950558132,1,0
0,0,0.009212360749,-0.3276730948,2,0
0,0,-0.09475034461,-1.039627054,1,0
0,0,-0.2133416969,-1.185913523,0,0
0,0,-0.2915755551,-0.7823385814,1,0
0,0,-0.4228391974,-1.312636424,2,0
0,0,-0.7134006031,-2.905614057,0,0
0,0,-1.052141782,-3.387411788,2,0
0,0,-1.560976965,-5.088351829,0,-1
1,1,-2.21567922,-6.547022555
0,0,0,0,2,0
0,0,-0.08907561276,-0.8907561276,1,0
0,0,-0.1818459619,-0.9277034917,2,0
0,0,-0.3770126816,-1.951667197,0,0
0,0,-0.5466544567,-1.696417751,1,0
0,0,-0.7964164826,-2.497620259,0,0
0,0,-1.092722996,-2.963065139,1,0
0,0,-1.521490169,-4.287671728,0,-1
1,1,-2.091665913,-5.701757439
0,0,0,0,1,0
0,0,-0.006667833454,-0.06667833454,0,0
0,0,0.07253335784,0.792011913,2,0
0,0,0.07238124262,-0.001521152188,1,0
0,0,0.06971297024,-0.02668272385,2,0
0,0,-0.009121298613,-0.7883426885,0,0
0,0,0.001716832027,0.1083813064,2,0
0,0,-0.08556030608,-0.872771381,2,0
0,0,-0.2859826446,-2.004223385,1,0
0,0,-0.5375600428,-2.515773983,1,0
0,0,-0.8835387091,-3.459786662,1,0
0,0,-1.348364361,-4.648256516,1,-1
1,1,-1.950850418,-6.024860574
0,0,0,0,0,0
0,0,0.09835378258,0.9835378258,0,0
0,0,0.2966813518,1.983275693,0,0
0,0,0.6316104265,3.349290746,1,0
0,0,1.045012585,4.134021583,0,-1
1,1,1.624403593,5.79391008
0,0,0,0,1,0
0,0,-0.004408339142,-0.04408339142,2,0
0,0,-0.1018807989,-0.9747245977,0,0
0,0,-0.1158999369,-0.1401913799,0,0
0,0,-0.05887560677,0.5702433014,1,0
0,0,-0.02756514097,0.313104658,1,0
0,0,0.01012751211,0.3769265308,1,0
0,0,0.05952437098,0.4939685887,2,0
0,0,0.03684046817,-0.226839028,0,0
0,0,0.1040946808,0.6725421267,0,0
0,0,0.2636839753,1.595892944,2,0
0,0,0.3963235791,1.326396038,2,0
0,0,0.5032281949,1.069046158,2,0
0,0,0.6042453326,1.010171378,1,0
0,0,0.8040778066,1.998324739,2,0
0,0,1.053853607,2.497758,2,0
0,0,1.38767947,3.338258632,1,-1
1,1,1.861543215,4.73863745
0,0,0,0,1,0
0,0,0.000929483172,0.00929483172,1,0
0,0,-0.002072737875,-0.03002221047,1,0
0,0,-0.01546888306,-0.1339614518,1,0
0,0,-0.03723279298,-0.2176390993,1,0
0,0,-0.05775404261,-0.2052124962,0,0
0,0,-0.008362352894,0.4939168971,0,0
0,0,0.1411626725,1.495250254,1,0
0,0,0.3214456799,1.802830074,2,0
0,0,0.4696654474,1.482197675,1,0
0,0,0.6964348064,2.26769359,0,0
0,0,1.080051433,3.836166266,2,0
0,0,1.555654922,4.756034885,1,-1
1,1,2.177776986,6.221220647
0,0,0,0,0,0
0,0,0.09815572729,0.9815572729,1,0
0,0,0.2066788113,1.08523084,1,0
0,0,0.3341454849,1.274666735,2,0
0,0,0.4469226691,1.127771842,2,0
0,0,0.5572982879,1.103756188,0,0
0,0,0.83692076,2.796224721,0,0
0,0,1.275468695,4.385479351,0,-1
1,1,1.874383154,5.989144594
0,0,0,0,0,0
0,0,0.07741071753,0.7741071753,2,0
0,0,0.07253153009,-0.04879187441,1,0
0,0,0.08082384611,0.08292316019,2,0
0,0,0.003978173263,-0.7684567285,2,0
0,0,-0.1549536507,-1.589318239,2,0
0,0,-0.4128442307,-2.5789058,1,0
0,0,-0.738702878,-3.258586473,2,0
0,0,-1.228691999,-4.899891206,1,-1
1,1,-1.846815717,-6.18123718
0,0,0,0,0,0
0,0,0.1027438568,1.027438568,2,0
0,0,0.143397924,0.4065406725,0,0
0,0,0.3128947292,1.694968052,1,0
0,0,0.5338198406,2.209251114,2,0
0,0,0.7570073521,2.231875115,2,0
0,0,1.026784924,2.697775718,1,0
0,0,1.416246724,3.894618004,1,-1
1,1,1.948542733,5.322960087
0,0,0,0,0,0
0,0,0.09020941561,0.9020941561,0,0
0,0,0.2855046343,1.952952187,2,0
0,0,0.459445629,1.739409947,2,0
0,0,0.6314432807,1.719976517,0,0
0,0,0.9773554081,3.459121274,2,0
0,0,1.397623326,4.202679176,2,-1
1,1,1.944456734,5.468334087
0,0,0,0,1,0
0,0,-0.01570846335,-0.1570846335,0,0
0,0,0.05491160128,0.7062006463,2,0
0,0,0.04390913944,-0.1100246184,2,0
0,0,-0.03470470249,-0.7861384193,1,0
0,0,-0.1185097088,-0.8380500636,0,0
0,0,-0.1476885598,-0.2917885094,2,0
0,0,-0.274109711,-1.264211513,1,0
0,0,-0.4446434985,-1.705337875,2,0
0,0,-0.7607677025,-3.16124204,2,0
0,0,-1.227952777,-4.671850749,0,-1
1,1,-1.802812038,-5.748592607
0,0,0,0,2,0
0,0,-0.1038489854,-1.038489854,2,0
0,0,-0.2961767612,-1.923277758,0,0
0,0,-0.4638357097,-1.676589485,2,0
0,0,-0.7956419572,-3.318062476,0,0
0,0,-1.165754786,-3.70112829,0,-1
1,1,-1.638365345,-4.726105585
0,0,0,0,1,0
0,0,0.0102202857,0.102202857,2,0
0,0,-0.06110484501,-0.7132513071,1,0
0,0,-0.1485818283,-0.8747698328,1,0
0,0,-0.2687610708,-1.201792425,1,0
0,0,-0.4271185556,-1.583574848,0,0
0,0,-0.5610395604,-1.339210048,0,0
0,0,-0.709773221,-1.487336606,1,0
0,0,-0.9668730277,-2.570998066,1,0
0,0,-1.350907628,-3.840346006,1,-1
1,1,-1.873002274,-5.220946462
0,0,0,0,1,0
0,0,-0.01174145794,-0.1174145794,0,0
0,0,0.04887328769,0.6061474563,1,0
0,0,0.1347010687,0.8582778105,1,0
0,0,0.2390158548,1.04314786,2,0
0,0,0.3014012572,0.6238540237,2,0
0,0,0.3221004206,0.2069916344,2,0
0,0,0.3011161677,-0.2098425293,0,0
0,0,0.4156529394,1.145367718,0,0
0,0,0.6720868983,2.564339589,1,0
0,0,1.02111413,3.490272317,0,0
0,0,1.532727158,5.116130285,1,-1
1,1,2.190112345,6.573851867
0,0,0,0,2,0
0,0,-0.07911494163,-0.7911494163,0,0
0,0,-0.08541730044,-0.0630235881,2,0
0,0,-0.1934822474,-1.08064947,2,0
0,0,-0.4188695327,-2.253872852,1,0
0,0,-0.7184687548,-2.995992222,2,0
0,0,-1.175112517,-4.566437621,2,-1
1,1,-1.786382238,-6.11269721
0,0,0,0,0,0
0,0,0.09392507135,0.9392507135,2,0
0,0,0.1201411597,0.2621608832,0,0
0,0,0.2684494568,1.483082971,2,0
0,0,0.3924449029,1.239954461,2,0
0,0,0.4990173492,1.065724463,0,0
0,0,0.7478471031,2.488297538,2,0
0,0,1.029905954,2.820588505,1,0
0,0,1.43223165,4.023256964,2,-1
1,1,1.96543743,5.332057801
0,0,0,0,1,0
0,0,0.007811236069,0.07811236069,1,0
0,0,0.005627383316,-0.02183852754,0,0
0,0,0.1047348338,0.9910745047,1,0
0,0,0.2190811182,1.143462844,0,0
0,0,0.4592192348,2.401381166,2,0
0,0,0.6871066817,2.278874469,0,0
0,0,1.07443062,3.873239385,0,-1
1,1,1.62800532,5.535747
0,0,0,0,2,0
0,0,-0.09211477876,-0.9211477876,2,0
0,0,-0.2905054097,-1.983906309,0,0
0,0,-0.4526169467,-1.621115371,2,0
0,0,-0.7536736444,-3.010566977,0,0
0,0,-1.1060504,-3.523767556,2,-1
1,1,-1.626746151,-5.206957505
0,0,0,0,0,0
0,0,0.08273540068,0.8273540068,0,0
0,0,0.2791258349,1.963904342,2,0
0,0,0.4467812469,1.67655412,0,0
0,0,0.776546537,3.297652901,1,0
0,0,1.198222044,4.216755073,0,-1
1,1,1.775732223,5.775101793
0,0,0,0,1,0
0,0,0.002416377521,0.02416377521,2,0
0,0,-0.09413672097,-0.9655309849,1,0
0,0,-0.2215300368,-1.273933159,2,0
0,0,-0.4623937856,-2.408637487,1,0
0,0,-0.7698453742,-3.074515887,2,0
0,0,-1.232121546,-4.622761721,2,-1
1,1,-1.852680632,-6.205590854
0,0,0,0,1,0
0,0,0.01237905373,0.1237905373,0,0
0,0,0.1309811146,1.186020608,1,0
0,0,0.2752336595,1.44252545,0,0
0,0,0.5477407108,2.725070512,2,0
0,0,0.8345932259,2.868525151,2,0
0,0,1.180134664,3.455414382,1,-1
1,1,1.654594801,4.744601372
0,0,0,0,1,0
0,0,-0.003537639055,-0.03537639055,2,0
0,0,-0.1073442436,-1.038066045,0,0
0,0,-0.1275393407,-0.2019509712,0,0
0,0,-0.0882221832,0.3931715752,1,0
0,0,-0.06625241858,0.2196976462,2,0
0,0,-0.1470677765,-0.808153579,1,0
0,0,-0.2622132481,-1.151454716,0,0
0,0,-0.3237580944,-0.6154484631,0,0
0,0,-0.3474804217,-0.2372232724,2,0
0,0,-0.5080542289,-1.605738072,0,0
0,0,-0.6846740671,-1.766198382,0,0
0,0,-0.8951049709,-2.104309038,0,0
0,0,-1.170656258,-2.755512875,0,0
0,0,-1.545583668,-3.749274092,1,-1
1,1,-2.06716933,-5.215856625
0,0,0,0,2,0
0,0,-0.07506309516,-0.7506309516,2,0
0,0,-0.2463140857,-1.712509906,0,0
0,0,-0.3853139485,-1.389998628,0,0
0,0,-0.4965451203,-1.112311718,0,0
0,0,-0.6242267207,-1.276816004,2,0
0,0,-0.9120112972,-2.877845764,1,0
0,0,-1.323246399,-4.112351023,0,-1
1,1,-1.855979398,-5.327329988
0,0,0,0,0,0
0,0,0.09274575102,0.9274575102,0,0
0,0,0.2769431895,1.841974385,2,0
0,0,0.4157610282,1.388178387,2,0
0,0,0.5457997142,1.300386861,2,0
0,0,0.68223064,1.364309257,1,0
0,0,0.9163724642,2.341418242,2,0
0,0,1.212698001,2.963255368,1,-1
1,1,1.641212508,4.285145066
0,0,0,0,1,0
0,0,-0.002519467263,-0.02519467263,1,0
0,0,0.006965472737,0.09484940001,0,0
0,0,0.0973851182,0.9041964546,0,0
0,0,0.27937931,1.819941918,0,0
0,0,0.5924241481,3.130448381,1,0
0,0,0.9789164055,3.864922574,0,0
0,0,1.521716193,5.427997875,0,-1
1,1,2.212216387,6.905001937
0,0,0,0,0,0
0,0,0.1005042347,1.005042347,0,0
0,0,0.3184711286,2.179668939,2,0
0,0,0.4996134489,1.811423203,0,0
0,0,0.8394055676,3.397921187,1,0
0,0,1.2919801,4.525745322,2,-1
1,1,1.855522375,5.635422748
0,0,0,0,2,0
0,0,-0.08490924896,-0.8490924896,1,0
0,0,-0.1901272334,-1.052179845,0,0
0,0,-0.2269266753,-0.3679944186,2,0
0,0,-0.3814212026,-1.544945273,0,0
0,0,-0.5244182948,-1.429970922,0,0
0,0,-0.6683625675,-1.439442726,2,0
0,0,-0.9846919677,-3.163294003,0,0
0,0,-1.370656503,-3.859645358,1,-1
1,1,-1.899553672,-5.288971681
0,0,0,0,1,0
0,0,0.01267375654,0.1267375654,1,0
0,0,0.02195581478,0.0928205824,0,0
0,0,0.1110797696,0.8912395485,1,0
0,0,0.2047847727,0.9370500309,0,0
0,0,0.4148699257,2.10085153,2,0
0,0,0.603048071,1.881781453,1,0
0,0,0.8841551518,2.811070807,1,0
0,0,1.28164191,3.974867586,0,-1
1,1,1.8328931,5.512511896
0,0,0,0,2,0
0,0,-0.09851434098,-0.9851434098,2,0
0,0,-0.2969977913,-1.984834504,0,0
0,0,-0.4577100929,-1.607123016,0,0
0,0,-0.600851975,-1.431418821,2,0
0,0,-0.9077876693,-3.069356943,0,0
0,0,-1.281845608,-3.740579384,1,-1
1,1,-1.796914916,-5.150693081
0,0,0,0,0,0
0,0,0.07650688877,0.7650688877,1,0
0,0,0.1818607754,1.053538866,0,0
0,0,0.3986425122,2.167817368,0,0
0,0,0.7675413486,3.688988365,2,0
0,0,1.186428899,4.188875504,2,-1
1,1,1.703114678,5.166857786
0,0,0,0,0,0
0,0,0.07900056029,0.7900056029,2,0
0,0,0.07692711088,-0.02073449413,1,0
0,0,0.07274801468,-0.04179096203,2,0
0,0,-0.01154876065,-0.8429677532,1,0
0,0,-0.08468712998,-0.7313836934,1,0
0,0,-0.1721618195,-0.8747468951,0,0
0,0,-0.2045776112,-0.3241579168,0,0
0,0,-0.1838192851,0.2075832608,1,0
0,0,-0.1798445343,0.03974750835,1,0
0,0,-0.1914224305,-0.1157789621,0,0
0,0,-0.1599104065,0.3151202397,0,0
0,0,-0.08012577405,0.7978463244,2,0
0,0,-0.1140082545,-0.3388248045,1,0
0,0,-0.154255248,-0.4024699349,2,0
0,0,-0.3055150418,-1.512597938,2,0
0,0,-0.598731974,-2.932169322,2,0
0,0,-1.043366473,-4.446344991,1,-1
1,1,-1.607698845,-5.64332372
0,0,0,0,1,0
0,0,-0.005375431957,-0.05375431957,0,0
0,0,0.07091587657,0.7629130853,1,0
0,0,0.1768004892,1.058846126,2,0
0,0,0.2360510584,0.5925056919,2,0
0,0,0.2501221637,0.1407110527,0,0
0,0,0.3885159059,1.383937423,2,0
0,0,0.5125851769,1.24069271,2,0
0,0,0.6537807537,1.411955768,0,0
0,0,0.9701478281,3.163670744,1,0
0,0,1.402590885,4.324430566,1,-1
1,1,1.976470335,5.7387945
0,0,0,0,0,0
0,0,0.0918561775,0.918561775,0,0
0,0,0.2874430329,1.955868554,1,0
0,0,0.5144011565,2.269581236,1,0
0,0,0.8140855854,2.996844289,1,0
0,0,1.230814142,4.167285562,1,-1
1,1,1.776697076,5.458829341
0,0,0,0,1,0
0,0,-0.01734273085,-0.1734273085,1,0
0,0,-0.054407767,-0.3706503615,2,0
0,0,-0.1860973611,-1.316895941,1,0
0,0,-0.3575722915,-1.714749304,0,0
0,0,-0.5200377254,-1.624654339,1,0
0,0,-0.7542486284,-2.34210903,1,0
0,0,-1.086930885,-3.326822562,1,0
0,0,-1.540731425,-4.538005408,0,-1
1,1,-2.138403659,-5.976722338
0,0,0,0,0,0
0,0,0.08431069499,0.8431069499,0,0
0,0,0.2569234017,1.726127067,0,0
0,0,0.5565680456,2.996446439,0,0
0,0,1.005752332,4.491842865,0,-1
1,1,1.612682456,6.069301235
0,0,0,0,0,0
0,0,0.1052947372,1.052947372,0,0
0,0,0.3308724631,2.255777259,2,0
0,0,0.5332154806,2.023430175,0,0
0,0,0.8789599826,3.457445021,0,0
0,0,1.384187604,5.052276216,2,-1
1,1,2.011489547,6.27301943
0,0,0,0,1,0
0,0,-0.004242889798,-0.04242889798,1,0
0,0,-0.001788068294,0.02454821503,1,0
0,0,-0.007688938915,-0.05900870621,1,0
0,0,-0.01228822723,-0.0459928831,0,0
0,0,0.05670239501,0.6899062224,2,0
0,0,0.03698933084,-0.1971306418,0,0
0,0,0.09740905582,0.6041972499,2,0
0,0,0.1030717272,0.0566267142,1,0
0,0,0.1203686597,0.1729693251,2,0
0,0,0.07776032564,-0.4260833411,2,0
0,0,-0.04319835441,-1.209586801,2,0
0,0,-0.2737351145,-2.3053676,1,0
0,0,-0.5454826979,-2.717475835,2,0
0,0,-0.9742327322,-4.287500343,0,0
0,0,-1.472832691,-4.985999592,0,-1
1,1,-2.106200074,-6.333673822
0,0,0,0,2,0
0,0,-0.105538308,-1.05538308,1,0
0,0,-0.2123778969,-1.068395889,1,0
0,0,-0.3509462998,-1.38568403,2,0
0,0,-0.639247927,-2.883016272,1,0
0,0,-1.027184356,-3.879364294,2,-1
1,1,-1.575222357,-5.480380007
0,0,0,0,0,0
0,0,0.07302967357,0.7302967357,1,0
0,0,0.1689436625,0.9591398889,0,0
0,0,0.3836647669,2.147211045,1,0
0,0,0.6525874337,2.689226668,0,0
0,0,1.076944667,4.24357233,2,-1
1,1,1.582187118,5.052424518
0,0,0,0,2,0
0,0,-0.08829727027,-0.8829727027,2,0
0,0,-0.279189537,-1.908922667,1,0
0,0,-0.5170411821,-2.378516451,0,0
0,0,-0.7551612152,-2.381200331,2,0
0,0,-1.161018436,-4.058572211,0,-1
1,1,-1.665317267,-5.042988302
0,0,0,0,1,0
0,0,0.0045562108,0.045562108,1,0
0,0,0.003327538105,-0.01228672695,2,0
0,0,-0.09331732979,-0.966448679,2,0
0,0,-0.2863512337,-1.930339039,2,0
0,0,-0.6184669759,-3.321157422,0,0
0,0,-0.9610236025,-3.425566266,0,0
0,0,-1.372484371,-4.114607684,0,-1
1,1,-1.907469125,-5.349847542
0,0,0,0,2,0
0,0,-0.07596828437,-0.7596828437,0,0
0,0,-0.08666155348,-0.1069326911,1,0
0,0,-0.1136340712,-0.2697251769,1,0
0,0,-0.1643599617,-0.5072589051,2,0
0,0,-0.313977925,-1.496179633,2,0
0,0,-0.5900977848,-2.761198599,0,0
0,0,-0.8905051788,-3.00407394,0,0
0,0,-1.26432553,-3.738203515,2,-1
1,1,-1.797619049,-5.332935184
0,0,0,0,2,0
0,0,-0.1018938054,-1.018938054,2,0
0,0,-0.3000016601,-1.981078547,2,0
0,0,-0.6196923922,-3.196907321,0,0
0,0,-0.9510619937,-3.313696014,0,0
0,0,-1.35939171,-4.083297162,1,-1
1,1,-1.906208493,-5.468167832
0,0,0,0,1,0
0,0,0.00663658913,0.0663658913,0,0
0,0,0.1106904655,1.040538764,1,0
0,0,0.2367167958,1.260263303,1,0
0,0,0.3953553419,1.586385462,0,0
0,0,0.7112510472,3.158957053,2,0
0,0,1.050986565,3.397355176,0,0
0,0,1.547102315,4.9611575,2,-1
1,1,2.187536619,6.404343039
0,0,0,0,2,0
0,0,-0.08982419092,-0.8982419092,2,0
0,0,-0.2802385362,-1.904143453,2,0
0,0,-0.6122215338,-3.319829976,2,0
0,0,-1.09805122,-4.85829686,1,-1
1,1,-1.706990346,-6.089391266
0,0,0,0,1,0
0,0,-0.01520397943,-0.1520397943,2,0
0,0,-0.1373905263,-1.221865468,2,0
0,0,-0.3659232818,-2.285327556,1,0
0,0,-0.6514890194,-2.855657376,0,0
0,0,-0.9505895996,-2.991005801,2,0
0,0,-1.423489734,-4.729001349,1,-1
1,1,-2.037856919,-6.143671842
0,0,0,0,2,0
0,0,-0.07174456475,-0.7174456475,2,0
0,0,-0.230475704,-1.587311393,0,0
0,0,-0.3573805001,-1.26904796,0,0
0,0,-0.4509277435,-0.9354724347,2,0
0,0,-0.6860951828,-2.351674393,0,0
0,0,-0.9455852923,-2.594901095,2,0
0,0,-1.363154074,-4.175687814,1,-1
1,1,-1.918926164,-5.557720898
0,0,0,0,1,0
0,0,0.001996471196,0.01996471196,1,0
0,0,-0.01202164226,-0.1401811346,0,0
0,0,0.05540699608,0.6742863834,2,0
0,0,0.0616808856,0.06273889521,0,0
0,0,0.1520681926,0.9038730699,1,0
0,0,0.26655419,1.144859974,2,0
0,0,0.3539431938,0.8738900379,1,0
0,0,0.5153357898,1.61392596,2,0
0,0,0.673245127,1.579093372,0,0
0,0,0.9869791574,3.137340304,2,0
0,0,1.37016425,3.831850925,2,-1
1,1,1.880055348,5.098910982
0,0,0,0,2,0
0,0,-0.07833533284,-0.7833533284,0,0
0,0,-0.09583597731,-0.1750064447,2,0
0,0,-0.2294060031,-1.335700258,2,0
0,0,-0.4914950843,-2.620890812,2,0
0,0,-0.9126415273,-4.211464429,0,0
0,0,-1.392918902,-4.802773748,1,-1
1,1,-2.011649889,-6.187309866
0,0,0,0,1,0
0,0,0.0124083972,0.124083972,2,0
0,0,-0.05394876933,-0.6635716653,2,0
0,0,-0.2289661382,-1.750173689,0,0
0,0,-0.3430003102,-1.140341721,1,0
0,0,-0.5218418436,-1.788415334,1,0
0,0,-0.7951273165,-2.732854729,1,0
0,0,-1.17931281,-3.841854936,1,-1
1,1,-1.698563198,-5.19250388
0,0,0,0,0,0
0,0,0.09457344908,0.9457344908,1,0
0,0,0.1950979254,1.005244763,0,0
0,0,0.4283819192,2.332839938,0,0
0,0,0.7961512306,3.677693114,1,0
0,0,1.275867851,4.797166204,1,-1
1,1,1.890389355,6.145215041
0,0,0,0,1,0
0,0,0.01064452882,0.1064452882,2,0
0,0,-0.05823457756,-0.6887910638,1,0
0,0,-0.150641841,-0.9240726344,0,0
0,0,-0.1673345815,-0.1669274046,0,0
0,0,-0.1429829679,0.2435161356,1,0
0,0,-0.1559671992,-0.1298423131,0,0
0,0,-0.1117353933,0.4423180589,2,0
0,0,-0.1831665387,-0.7143114538,1,0
0,0,-0.3004493096,-1.172827709,2,0
0,0,-0.5469512045,-2.465018949,0,0
0,0,-0.7973610125,-2.50409808,2,0
0,0,-1.217216286,-4.198552739,1,-1
1,1,-1.765283878,-5.480675913
0,0,0,0,0,0
0,0,0.09542322439,0.9542322439,1,0
0,0,0.2048243843,1.094011599,0,0
0,0,0.432903152,2.280787677,2,0
0,0,0.6370534559,2.041503039,1,0
0,0,0.9402939549,3.03240499,2,0
0,0,1.323818389,3.835244342,0,-1
1,1,1.863223917,5.394055282
0,0,0,0,0,0
0,0,0.07715609511,0.7715609511,1,0
0,0,0.1530130959,0.7585700074,2,0
0,0,0.1574306583,0.04417562429,2,0
0,0,0.1181834835,-0.3924717482,0,0
0,0,0.2033847779,0.8520129447,0,0
0,0,0.422669562,2.192847841,2,0
0,0,0.6443601962,2.216906342,2,0
0,0,0.8911941837,2.468339876,0,0
0,0,1.313812356,4.226181719,0,-1
1,1,1.89165464,5.778422846
0,0,0,0,2,0
0,0,-0.07837974837,-0.7837974837,0,0
0,0,-0.09523782405,-0.1685807567,1,0
0,0,-0.1293963758,-0.3415855178,2,0
0,0,-0.2752517687,-1.458553929,1,0
0,0,-0.4658319543,-1.905801856,0,0
0,0,-0.6550267189,-1.891947646,0,0
0,0,-0.8766079077,-2.215811888,1,0
0,0,-1.208051866,-3.314439586,1,-1
1,1,-1.676347665,-4.68295799
0,0,0,0,1,0
0,0,0.01222635481,0.1222635481,1,0
0,0,0.02983142382,0.17605069,0,0
0,0,0.1434822456,1.136508218,2,0
0,0,0.1825950517,0.3911280608,2,0
0,0,0.1518936916,-0.3070136011,2,0
0,0,0.07297211981,-0.7892157175,0,0
0,0,0.1031349857,0.3016286591,0,0
0,0,0.2368772626,1.337422768,0,0
0,0,0.5008531706,2.639759081,0,0
0,0,0.917834211,4.169810404,0,0
0,0,1.502481124,5.846469133,0,-1
1,1,2.23636797,7.338868454
0,0,0,0,1,0
0,0,-0.01064988544,-0.1064988544,2,0
0,0,-0.09895507463,-0.8830518919,1,0
0,0,-0.203319546,-1.043644714,1,0
0,0,-0.3407738179,-1.374542719,2,0
0,0,-0.6016754707,-2.609016528,1,0
0,0,-0.9565415873,-3.548661166,1,0
0,0,-1.43425617,-4.77714583,1,-1
1,1,-2.054666759,-6.204105883
0,0,0,0,1,0
0,0,-0.01734721143,-0.1734721143,0,0
0,0,0.06185057898,0.7919779041,2,0
0,0,0.07735698539,0.1550640642,1,0
0,0,0.1154947779,0.3813779247,2,0
0,0,0.09497759084,-0.2051718702,2,0
0,0,0.00277756842,-0.9220002242,2,0
0,0,-0.1709853601,-1.737629286,1,0
0,0,-0.382314628,-2.113292679,1,0
0,0,-0.6508556943,-2.685410663,1,0
0,0,-1.007622147,-3.567664528,2,0
0,0,-1.531915077,-5.242929305,2,-1
1,1,-2.204336414,-6.724213367
0,0,0,0,1,0
0,0,-0.007130535372,-0.07130535372,0,0
0,0,0.0745559838,0.8168651917,2,0
0,0,0.08970268777,0.1514670397,0,0
0,0,0.2012853163,1.115826285,1,0
0,0,0.3378896913,1.366043751,2,0
0,0,0.4552016826,1.173119913,2,0
0,0,0.5752021941,1.200005115,0,0
0,0,0.8629126202,2.877104261,2,0
0,0,1.219069146,3.56156526,2,-1
1,1,1.678091491,4.590223447
0,0,0,0,0,0
0,0,0.08149547968,0.8149547968,2,0
0,0,0.1015099189,0.2001443926,0,0
0,0,0.2108362523,1.093263334,2,0
0,0,0.259191617,0.4835536465,2,0
0,0,0.2811901001,0.2199848309,2,0
0,0,0.2558809087,-0.2530919138,2,0
0,0,0.1758106698,-0.8007023886,0,0
0,0,0.2032261252,0.2741545534,0,0
0,0,0.3486051803,1.453790552,2,0
0,0,0.4634762732,1.148710929,1,0
0,0,0.6417055686,1.782292954,0,0
0,0,0.9707096108,3.290040422,0,0
0,0,1.463350637,4.92641026,1,-1
1,1,2.097292559,6.339419224
0,0,0,0,1,0
0,0,0.01284669915,0.1284669915,2,0
0,0,-0.0769793485,-0.8982604765,1,0
0,0,-0.164062835,-0.870834865,1,0
0,0,-0.27236155,-1.08298715,1,0
0,0,-0.4118255378,-1.394639879,1,0
0,0,-0.6210195796,-2.091940418,2,0
0,0,-0.9986743322,-3.776547526,0,0
0,0,-1.454719379,-4.56045047,2,-1
1,1,-2.062872069,-6.081526893
0,0,0,0,1,0
0,0,0.007442827032,0.07442827032,1,0
0,0,0.02520276065,0.1775993362,0,0
0,0,0.1450256811,1.198229205,0,0
0,0,0.3788849917,2.338593106,2,0
0,0,0.5984358419,2.195508502,2,0
0,0,0.8318279243,2.333920824,2,0
0,0,1.130876679,2.990487547,0,-1
1,1,1.60021043,4.693337511
0,0,0,0,0,0
0,0,0.09828678628,0.9828678628,0,0
0,0,0.292300352,1.940135657,2,0
0,0,0.4629706889,1.706703369,2,0
0,0,0.6328709823,1.699002934,2,0
0,0,0.8197610761,1.868900938,0,0
0,0,1.169017549,3.492564726,2,-1
1,1,1.616434412,4.47416863
0,0,0,0,2,0
0,0,-0.07760454259,-0.7760454259,1,0
0,0,-0.1833245369,-1.057199943,2,0
0,0,-0.4151387085,-2.318141716,2,0
0,0,-0.7822680938,-3.671293853,0,0
0,0,-1.184125963,-4.018578693,2,-1
1,1,-1.750590092,-5.664641288
0,0,0,0,2,0
0,0,-0.09067258463,-0.9067258463,0,0
0,0,-0.1263175594,-0.3564497479,0,0
0,0,-0.09589640359,0.3042115583,1,0
0,0,-0.07987387881,0.1602252479,2,0
0,0,-0.1667403137,-0.8686643487,0,0
0,0,-0.1819991877,-0.1525887407,2,0
0,0,-0.3108446066,-1.288454188,2,0
0,0,-0.5898405847,-2.789959782,0,0
0,0,-0.8764667106,-2.866261259,1,0
0,0,-1.269627579,-3.931608686,1,-1
1,1,-1.79633809,-5.267105107
0,0,0,0,2,0
0,0,-0.1031396736,-1.031396736,0,0
0,0,-0.1469065721,-0.4376689853,1,0
0,0,-0.2037535139,-0.5684694183,1,0
0,0,-0.2944408221,-0.9068730817,2,0
0,0,-0.5228525317,-2.284117096,1,0
0,0,-0.8281472007,-3.05294669,1,0
0,0,-1.237737449,-4.095902483,2,-1
1,1,-1.810406529,-5.726690804
0,0,0,0,1,0
0,0,0.004725089966,0.04725089966,2,0
0,0,-0.0900383331,-0.9476342307,2,0
0,0,-0.2902975909,-2.002592578,0,0
0,0,-0.4394320802,-1.491344894,0,0
0,0,-0.5735486174,-1.341165371,2,0
0,0,-0.8592897729,-2.857411555,1,0
0,0,-1.25344514,-3.941553674,1,-1
1,1,-1.780008759,-5.265636188
0,0,0,0,2,0
0,0,-0.07139322837,-0.7139322837,2,0
0,0,-0.2405529359,-1.691597075,1,0
0,0,-0.466008671,-2.254557351,0,0
0,0,-0.6726388547,-2.066301837,0,0
0,0,-0.9121587085,-2.395198538,2,0
0,0,-1.318344202,-4.061854931,0,-1
1,1,-1.843968508,-5.256243059
0,0,0,0,2,0
0,0,-0.1000230944,-1.000230944,2,0
0,0,-0.3171779547,-2.171548603,1,0
0,0,-0.5736846166,-2.565066618,0,0
0,0,-0.8341584539,-2.604738374,2,0
0,0,-1.267942878,-4.337844244,1,-1
1,1,-1.835727391,-5.677845123
0,0,0,0,2,0
0,0,-0.08841248376,-0.8841248376,0,0
0,0,-0.0910153259,-0.02602842144,2,0
0,0,-0.1888651887,-0.9784986285,2,0
0,0,-0.403654032,-2.147888433,0,0
0,0,-0.5956375388,-1.919835068,2,0
0,0,-0.9435171783,-3.478796395,2,0
0,0,-1.456488259,-5.129710807,2,-1
1,1,-2.120268376,-6.637801167
0,0,0,0,0,0
0,0,0.0990685806,0.990685806,1,0
0,0,0.2292697397,1.302011591,1,0
0,0,0.4115970955,1.823273558,2,0
0,0,0.5745724793,1.629753838,1,0
0,0,0.8211632834,2.465908041,0,0
0,0,1.234211767,4.130484839,1,-1
1,1,1.776588461,5.423766937
0,0,0,0,1,0
0,0,-0.01030752017,-0.1030752017,1,0
0,0,-0.02021563732,-0.09908117148,1,0
0,0,-0.03584561933,-0.1562998201,1,0
0,0,-0.05665421185,-0.2080859252,1,0
0,0,-0.1034717652,-0.4681755334,0,0
0,0,-0.07484976023,0.2862200496,1,0
0,0,-0.07267346301,0.02176297219,2,0
0,0,-0.1675980117,-0.9492454868,2,0
0,0,-0.3642063264,-1.966083147,0,0
0,0,-0.5282347041,-1.640283777,2,0
0,0,-0.83795274,-3.097180359,1,0
0,0,-1.266679493,-4.287267528,1,-1
1,1,-1.83324562,-5.665661271
0,0,0,0,2,0
0,0,-0.09924295385,-0.9924295385,2,0
0,0,-0.3067749563,-2.075320024,0,0
0,0,-0.4693185259,-1.625435697,1,0
0,0,-0.6910805257,-2.217619998,1,0
0,0,-1.01640457,-3.253240444,1,0
0,0,-1.464134712,-4.477301415,1,-1
1,1,-2.053934552,-5.897998405
0,0,0,0,0,0
0,0,0.09076347664,0.9076347664,1,0
0,0,0.205553686,1.147902093,0,0
0,0,0.4312463092,2.256926232,1,0
0,0,0.7253429981,2.940966889,2,0
0,0,1.050295311,3.24952313,2,0
0,0,1.468347955,4.180526437,0,-1
1,1,2.037501546,5.691535918
0,0,0,0,0,0
0,0,0.09093456773,0.9093456773,0,0
0,0,0.2710929585,1.801583908,0,0
0,0,0.5705546561,2.994616975,2,0
0,0,0.885291056,3.147363999,2,0
0,0,1.265739495,3.804484388,0,-1
1,1,1.802529018,5.367895235
0,0,0,0,1,0
0,0,-0.000389901254,-0.00389901254,1,0
0,0,-0.01533945953,-0.1494955828,2,0
0,0,-0.1225260658,-1.071866063,0,0
0,0,-0.1681504859,-0.4562442007,2,0
0,0,-0.3219221541,-1.537716683,1,0
0,0,-0.5224942792,-2.005721251,1,0
0,0,-0.7923081713,-2.69813892,2,0
0,0,-1.21549046,-4.231822882,1,-1
1,1,-1.768616236,-5.531257763
0,0,0,0,1,0
0,0,-0.01345329538,-0.1345329538,2,0
0,0,-0.1177909278,-1.043376324,0,0
0,0,-0.1429470278,-0.2515609999,1,0
0,0,-0.2067553268,-0.6380829909,2,0
0,0,-0.3922544897,-1.854991628,1,0
0,0,-0.6417438662,-2.494893765,1,0
0,0,-0.9799979923,-3.382541261,1,0
0,0,-1.43993726,-4.599392678,2,-1
1,1,-2.053405846,-6.134685855
0,0,0,0,1,0
0,0,-0.01123064441,-0.1123064441,1,0
0,0,-0.01638689086,-0.05156246455,1,0
0,0,-0.009830302101,0.06556588761,1,0
0,0,-0.01898207702,-0.09151774914,2,0
0,0,-0.1235367085,-1.045546315,2,0
0,0,-0.344505748,-2.209690394,1,0
0,0,-0.6269089529,-2.824032049,0,0
0,0,-0.9377520621,-3.108431092,2,0
0,0,-1.404886674,-4.671346118,2,-1
1,1,-2.02457749,-6.19690816
0,0,0,0,1,0
0,0,8.242466761e-05,0.0008242466761,1,0
0,0,-0.007412597155,-0.07495021822,2,0
0,0,-0.1180774297,-1.106648325,2,0
0,0,-0.3388088704,-2.207314407,0,0
0,0,-0.5186416156,-1.798327453,2,0
0,0,-0.841198279,-3.225566634,1,0
0,0,-1.272990341,-4.317920624,2,-1
1,1,-1.857856366,-5.848660243
0,0,0,0,0,0
0,0,0.07776355334,0.7776355334,1,0
0,0,0.1693386226,0.9157506926,2,0
0,0,0.1973151651,0.279765425,0,0
0,0,0.3332642673,1.359491022,1,0
0,0,0.5118710782,1.786068109,0,0
0,0,0.8302227559,3.183516777,1,0
0,0,1.25127216,4.210494042,2,-1
1,1,1.782227618,5.309554577
0,0,0,0,0,0
0,0,0.1047125633,1.047125633,2,0
0,0,0.125861152,0.2114858864,2,0
0,0,0.07396259344,-0.5189855853,2,0
0,0,-0.05024576668,-1.242083601,2,0
0,0,-0.2857512349,-2.355054682,0,0
0,0,-0.4904458959,-2.046946611,1,0
0,0,-0.773443933,-2.829980371,0,0
0,0,-1.108899983,-3.354560501,0,0
0,0,-1.542885638,-4.339856554,2,-1
1,1,-2.125440868,-5.825552292
0,0,0,0,2,0
0,0,-0.07830502888,-0.7830502888,1,0
0,0,-0.176158717,-0.9785368811,0,0
0,0,-0.2128601151,-0.3670139814,2,0
0,0,-0.3762111827,-1.633510676,0,0
0,0,-0.515376371,-1.391651883,1,0
0,0,-0.7415925692,-2.262161981,1,0
0,0,-1.078897217,-3.373046479,0,0
0,0,-1.502231796,-4.233345794,0,-1
1,1,-2.06559247,-5.633606734
0,0,0,0,2,0
0,0,-0.1055617802,-1.055617802,0,0
0,0,-0.1356848909,-0.3012311063,1,0
0,0,-0.179154833,-0.4346994214,0,0
0,0,-0.1664979308,0.126569022,2,0
0,0,-0.2684450167,-1.019470859,2,0
0,0,-0.4870509214,-2.186059047,2,0
0,0,-0.8558380697,-3.687871483,0,0
0,0,-1.286746656,-4.309085859,0,-1
1,1,-1.832424119,-5.456774629
0,0,0,0,2,0
0,0,-0.0742434443,-0.742434443,0,0
0,0,-0.08073702515,-0.06493580854,0,0
0,0,-0.01023340319,0.7050362197,2,0
0,0,-0.02111991855,-0.1088651536,1,0
0,0,-0.02659454956,-0.05474631015,2,0
0,0,-0.1407561507,-1.141616011,2,0
0,0,-0.3770650231,-2.363088724,2,0
0,0,-0.7500420423,-3.729770192,0,0
0,0,-1.160801228,-4.107591856,1,-1
1,1,-1.705070087,-5.442688587
0,0,0,0,1,0
0,0,-0.002096724265,-0.02096724265,0,0
0,0,0.06881311807,0.7090984234,0,0
0,0,0.2302036782,1.613905602,1,0
0,0,0.4211129777,1.909092995,0,0
0,0,0.7574059425,3.362929648,1,0
0,0,1.184355846,4.269499032,0,-1
1,1,1.77113623,5.867803846
0,0,0,0,1,0
0,0,0.01458730252,0.1458730252,2,0
0,0,-0.05013751308,-0.647248156,2,0
0,0,-0.2038028067,-1.536652936,2,0
0,0,-0.4779373062,-2.741344995,2,0
0,0,-0.9106908058,-4.327534996,1,0
0,0,-1.444871763,-5.341809573,0,-1
1,1,-2.108803005,-6.639312416
0,0,0,0,1,0
0,0,0.002598634215,0.02598634215,0,0
0,0,0.1055029866,1.029043523,0,0
0,0,0.3202245444,2.147215578,2,0
0,0,0.5186429323,1.984183879,1,0
0,0,0.7852388503,2.66595918,0,0
0,0,1.212124195,4.268853448,0,-1
1,1,1.797144741,5.850205462
0,0,0,0,0,0
0,0,0.09382051228,0.9382051228,1,0
0,0,0.2093227526,1.155022403,2,0
0,0,0.2728661686,0.6354341596,0,0
0,0,0.4780293726,2.05163204,2,0
0,0,0.6678270458,1.897976732,2,0
0,0,0.8815802634,2.137532176,2,0
0,0,1.171008256,2.894279927,2,0
0,0,1.568745607,3.977373508,0,-1
1,1,2.113580943,5.448353362
0,0,0,0,2,0
0,0,-0.08366296352,-0.8366296352,2,0
0,0,-0.2846193554,-2.009563919,2,0
0,0,-0.6304876346,-3.458682791,2,0
0,0,-1.132578858,-5.020912231,0,-1
1,1,-1.724919475,-5.923406172
0,0,0,0,2,0
0,0,-0.08821356607,-0.8821356607,0,0
0,0,-0.09058685059,-0.0237328452,2,0
0,0,-0.2086520023,-1.180651517,1,0
0,0,-0.3613917767,-1.527397744,0,0
0,0,-0.4890227817,-1.27631005,1,0
0,0,-0.695904554,-2.068817723,2,0
0,0,-1.066911336,-3.710067823,2,-1
1,1,-1.60282958,-5.35918244
0,0,0,0,1,0
0,0,0.005408190258,0.05408190258,2,0
0,0,-0.07250722698,-0.7791541724,0,0
0,0,-0.08448035408,-0.1197312709,0,0
0,0,-0.03555118219,0.4892917189,1,0
0,0,-0.01036766141,0.2518352078,1,0
0,0,0.0266869977,0.3705465911,2,0
0,0,-0.0254254877,-0.521124854,0,0
0,0,-0.002231981852,0.2319350585,1,0
0,0,0.0238984169,0.2613039875,1,0
0,0,0.04301873056,0.1912031365,0,0
0,0,0.1708331605,1.2781443,0,0
0,0,0.4008316261,2.299984655,1,0
0,0,0.6958262851,2.94994659,0,0
0,0,1.141415593,4.455893075,0,-1
1,1,1.750376021,6.08960428
0,0,0,0,1,0
0,0,0.008538151909,0.08538151909,1,0
0,0,0.02223203943,0.1369388752,0,0
0,0,0.1291291482,1.068971088,1,0
0,0,0.2724521005,1.433229523,0,0
0,0,0.5443264742,2.718743737,0,0
0,0,0.9730152489,4.286887747,0,0
0,0,1.56199756,5.889823107,0,-1
1,1,2.298215808,7.362182481
0,0,0,0,1,0
0,0,-0.00892880531,-0.0892880531,2,0
0,0,-0.09086668306,-0.8193787775,0,0
0,0,-0.105762203,-0.1489551998,1,0
0,0,-0.1339075573,-0.2814535429,0,0
0,0,-0.09882794929,0.3507960804,0,0
0,0,0.02428701322,1.231149625,2,0
0,0,0.04608524509,0.2179823187,0,0
0,0,0.1709358896,1.248506446,1,0
0,0,0.3286446375,1.577087478,1,0
0,0,0.5452902684,2.166456309,2,0
0,0,0.7720733907,2.267831223,1,0
0,0,1.104712343,3.326389519,0,-1
1,1,1.603005054,4.982927117
0,0,0,0,1,0
0,0,-0.006545171541,-0.06545171541,1,0
0,0,-0.02446790553,-0.1792273399,1,0
0,0,-0.03394815622,-0.09480250697,0,0
0,0,0.05632177981,0.9026993603,1,0
0,0,0.1678353341,1.115135543,0,0
0,0,0.3811271182,2.13291784,0,0
0,0,0.7189939177,3.378667995,0,0
0,0,1.203111665,4.841177475,1,-1
1,1,1.811642363,6.085306974
0,0,0,0,1,0
0,0,-0.007453009579,-0.07453009579,1,0
0,0,-0.01018375544,-0.0273074586,0,0
0,0,0.06627661397,0.7646036941,2,0
0,0,0.071877479,0.05600865038,2,0
0,0,0.01606559819,-0.5581188081,1,0
0,0,-0.04490183396,-0.6096743215,1,0
0,0,-0.1310123668,-0.8611053288,0,0
0,0,-0.1387048144,-0.07692447551,2,0
0,0,-0.2730086358,-1.343038214,2,0
0,0,-0.5311236856,-2.581150498,2,0
0,0,-0.9377462088,-4.066225233,1,0
0,0,-1.460625145,-5.228789362,1,-1
1,1,-2.126688146,-6.660630014
0,0,0,0,0,0
0,0,0.09263273923,0.9263273923,0,0
0,0,0.2874241684,1.947914292,0,0
0,0,0.6254131504,3.37988982,0,0
0,0,1.114947588,4.895344376,1,-1
1,1,1.73157301,6.166254217
0,0,0,0,2,0
0,0,-0.08602577651,-0.8602577651,2,0
0,0,-0.2749075639,-1.888817874,2,0
0,0,-0.6012009963,-3.262934324,1,0
0,0,-1.002157447,-4.009564511,2,0
0,0,-1.558031749,-5.55874302,0,-1
1,1,-2.259363735,-7.013319854
0,0,0,0,2,0
0,0,-0.0874266696,-0.874266696,1,0
0,0,-0.1980670669,-1.106403973,0,0
0,0,-0.2724953953,-0.7442832845,0,0
0,0,-0.3023219044,-0.298265091,0,0
0,0,-0.3049946314,-0.0267272698,1,0
0,0,-0.3725631687,-0.675685373,1,0
0,0,-0.5148940704,-1.423309017,0,0
0,0,-0.6565106944,-1.416166241,2,0
0,0,-0.9597408189,-3.032301245,2,0
0,0,-1.420694522,-4.60953703,0,-1
1,1,-2.013188115,-5.924935931
0,0,0,0,2,0
0,0,-0.097021524,-0.97021524,1,0
0,0,-0.1977632371,-1.007417131,0,0
0,0,-0.2470803455,-0.4931710844,2,0
0,0,-0.4327559401,-1.856755946,1,0
0,0,-0.6845148581,-2.51758918,0,0
0,0,-0.9752886113,-2.907737532,1,0
0,0,-1.383546999,-4.082583878,0,-1
1,1,-1.921021036,-5.374740373
0,0,0,0,2,0
0,0,-0.08607191526,-0.8607191526,0,0
0,0,-0.1004743565,-0.1440244128,0,0
0,0,-0.02743407884,0.7304027769,1,0
0,0,0.05840927708,0.8584335593,2,0
0,0,0.07024067775,0.1183140067,0,0
0,0,0.1720709323,1.018302546,0,0
0,0,0.3858458549,2.137749225,2,0
0,0,0.569689428,1.838435732,2,0
0,0,0.7714110899,2.017216618,2,0
0,0,1.021596527,2.501854367,2,0
0,0,1.351086533,3.294900064,1,-1
1,1,1.82013408,4.690475471
0,0,0,0,0,0
0,0,0.07963944254,0.7963944254,1,0
0,0,0.1721721515,0.9253270895,2,0
0,0,0.2064698843,0.3429773285,0,0
0,0,0.350165961,1.436960766,0,0
0,0,0.6443003798,2.941344189,1,0
0,0,1.040443906,3.961435257,0,-1
1,1,1.600159466,5.597155608
0,0,0,0,1,0
0,0,-0.009388491809,-0.09388491809,0,0
0,0,0.05325274099,0.6264123279,2,0
0,0,0.04154512441,-0.1170761658,0,0
0,0,0.1240449123,0.8249978791,0,0
0,0,0.3254067948,2.013618825,1,0
0,0,0.5627749959,2.37368201,1,0
0,0,0.8797043689,3.169293731,0,0
0,0,1.36855476,4.888503911,1,-1
1,1,1.995777856,6.272230957
0,0,0,0,2,0
0,0,-0.07271370895,-0.7271370895,2,0
0,0,-0.2390331458,-1.663194369,0,0
0,0,-0.3581313195,-1.190981736,0,0
0,0,-0.4691793916,-1.110480721,0,0
0,0,-0.5691285069,-0.9994911529,0,0
0,0,-0.6749984232,-1.058699163,1,0
0,0,-0.8919375432,-2.169391201,0,0
0,0,-1.180268655,-2.883311114,0,-1
1,1,-1.574941849,-3.946731939
0,0,0,0,2,0
0,0,-0.1008107535,-1.008107535,0,0
0,0,-0.1225658824,-0.2175512893,1,0
0,0,-0.1585246839,-0.3595880145,2,0
0,0,-0.3154247859,-1.56900102,0,0
0,0,-0.4564642007,-1.410394149,1,0
0,0,-0.6721391849,-2.156749842,2,0
0,0,-1.061877511,-3.897383266,0,0
0,0,-1.532714094,-4.708365826,0,-1
1,1,-2.146851997,-6.141379033
0,0,0,0,1,0
0,0,-0.007159001481,-0.07159001481,2,0
0,0,-0.110375546,-1.032165446,1,0
0,0,-0.2149204141,-1.045448681,0,0
0,0,-0.2661401747,-0.512197605,2,0
0,0,-0.4295452843,-1.634051097,0,0
0,0,-0.5963371613,-1.66791877,2,0
0,0,-0.9144688896,-3.181317284,1,0
0,0,-1.340743948,-4.262750585,0,-1
1,1,-1.889721827,-5.489778792
0,0,0,0,2,0
0,0,-0.07250979343,-0.7250979343,2,0
0,0,-0.2628315693,-1.903217759,2,0
0,0,-0.5692134967,-3.063819274,2,0
0,0,-1.035388185,-4.661746887,1,-1
1,1,-1.613846031,-5.78457846
0,0,0,0,2,0
0,0,-0.08582910139,-0.8582910139,2,0
0,0,-0.274208745,-1.883796436,1,0
0,0,-0.4992458837,-2.250371387,0,0
0,0,-0.7175402579,-2.182943742,2,0
0,0,-1.091383401,-3.738431431,0,0
0,0,-1.549061002,-4.576776007,2,-1
1,1,-2.154678331,-6.05617329
0,0,0,0,1,0
0,0,0.007639381627,0.07639381627,2,0
0,0,-0.07807540751,-0.8571478913,2,0
0,0,-0.2597389801,-1.816635726,0,0
0,0,-0.3946126108,-1.348736307,1,0
0,0,-0.5832952052,-1.886825943,2,0
0,0,-0.9206281777,-3.373329726,0,0
0,0,-1.334051413,-4.134232349,0,-1
1,1,-1.864920108,-5.30868695
0,0,0,0,0,0
0,0,0.07926086322,0.7926086322,0,0
0,0,0.2652743497,1.860134865,1,0
0,0,0.5076768962,2.424025465,1,0
0,0,0.8264041386,3.187272424,2,0
0,0,1.191456493,3.650523545,1,-1
1,1,1.691731657,5.002751639
0,0,0,0,1,0
0,0,-0.0153540584,-0.153540584,1,0
0,0,-0.03886935968,-0.2351530128,1,0
0,0,-0.06480123596,-0.2593187628,1,0
0,0,-0.09831360958,-0.3351237361,1,0
0,0,-0.1564128102,-0.580992006,2,0
0,0,-0.3338711071,-1.774582969,1,0
0,0,-0.5525082432,-2.186371361,0,0
0,0,-0.7847022181,-2.321939749,0,0
0,0,-1.065580611,-2.808783927,1,0
0,0,-1.468059249,-4.024786382,2,-1
1,1,-2.022376469,-5.543172203
0,0,0,0,2,0
0,0,-0.1022609278,-1.022609278,0,0
0,0,-0.1404385165,-0.3817758869,1,0
0,0,-0.2062095419,-0.6577102539,0,0
0,0,-0.2368108909,-0.3060134902,2,0
0,0,-0.4033970011,-1.665861101,0,0
0,0,-0.5411802425,-1.377832415,1,0
0,0,-0.7647512027,-2.235709601,0,0
0,0,-1.02832279,-2.635715877,1,0
0,0,-1.423936008,-3.956132173,1,-1
1,1,-1.963996894,-5.400608868
0,0,0,0,0,0
0,0,0.08820774984,0.8820774984,2,0
0,0,0.09314559844,0.04937848601,0,0
0,0,0.2143805603,1.212349619,1,0
0,0,0.358945729,1.445651687,2,0
0,0,0.4921148572,1.331691282,1,0
0,0,0.696442791,2.043279337,1,0
0,0,0.9892047465,2.927619555,2,0
0,0,1.364069374,3.748646274,1,-1
1,1,1.878541349,5.144719755
0,0,0,0,2,0
0,0,-0.09701296908,-0.9701296908,1,0
0,0,-0.2038268917,-1.068139226,0,0
0,0,-0.2471056183,-0.4327872657,0,0
0,0,-0.2353521702,0.117534481,2,0
0,0,-0.344519497,-1.091673268,1,0
0,0,-0.519936816,-1.754173191,1,0
0,0,-0.774589392,-2.546525759,0,0
0,0,-1.074646505,-3.00057113,2,0
0,0,-1.542468976,-4.678224712,1,-1
1,1,-2.156053132,-6.135841557
0,0,0,0,2,0
0,0,-0.09237377116,-0.9237377116,2,0
0,0,-0.2848030598,-1.924292887,1,0
0,0,-0.5216736896,-2.368706297,2,0
0,0,-0.9184385432,-3.967648537,1,0
0,0,-1.417388181,-4.989496374,0,-1
1,1,-2.042922053,-6.255338723
0,0,0,0,0,0
0,0,0.07476301027,0.7476301027,2,0
0,0,0.06929969932,-0.05463310951,2,0
0,0,-0.01099409432,-0.8029379364,1,0
0,0,-0.08699476333,-0.7600066901,1,0
0,0,-0.1709996878,-0.8400492443,1,0
0,0,-0.2948092263,-1.238095385,0,0
0,0,-0.3786958944,-0.8388666816,2,0
0,0,-0.61800997,-2.393140756,1,0
0,0,-0.9507393797,-3.327294097,2,0
0,0,-1.444972287,-4.942329072,0,-1
1,1,-2.071504447,-6.265321598
0,0,0,0,2,0
0,0,-0.07724469565,-0.7724469565,0,0
0,0,-0.08075370267,-0.03509007024,2,0
0,0,-0.1886234882,-1.078697855,1,0
0,0,-0.3450108319,-1.563873438,2,0
0,0,-0.6498522438,-3.048414119,1,0
0,0,-1.054248602,-4.043963586,2,-1
1,1,-1.618931857,-5.646832546
0,0,0,0,1,0
0,0,0.01542415789,0.1542415789,2,0
0,0,-0.07149660675,-0.8692076464,0,0
0,0,-0.09920958002,-0.2771297327,1,0
0,0,-0.1294785967,-0.3026901669,2,0
0,0,-0.2714462929,-1.419676962,2,0
0,0,-0.5513212054,-2.798749124,2,0
0,0,-0.9966077247,-4.452865194,0,0
0,0,-1.512875116,-5.16267391,0,-1
1,1,-2.169762155,-6.568870394
0,0,0,0,0,0
0,0,0.09609797665,0.9609797665,1,0
0,0,0.2086751839,1.125772072,1,0
0,0,0.3631225196,1.544473357,1,0
0,0,0.5837404342,2.206179146,1,0
0,0,0.8827405327,2.990000986,2,0
0,0,1.245705572,3.629650394,2,-1
1,1,1.716588279,4.708827065
0,0,0,0,0,0
0,0,0.1049981992,1.049981992,0,0
0,0,0.2982084205,1.932102213,2,0
0,0,0.4525625848,1.543541643,0,0
0,0,0.7682218675,3.156592827,1,0
0,0,1.192671398,4.244495306,1,-1
1,1,1.751331474,5.586600755
0,0,0,0,0,0
0,0,0.07162008635,0.7162008635,2,0
0,0,0.05762559936,-0.1399448699,1,0
0,0,0.05622668384,-0.01398915526,1,0
0,0,0.0604787695,0.04252085666,1,0
0,0,0.05934774492,-0.01131024585,2,0
0,0,-0.03059290868,-0.899406536,0,0
0,0,-0.03413726904,-0.03544360364,2,0
0,0,-0.119209986,-0.8507271694,2,0
0,0,-0.3087571089,-1.895471229,2,0
0,0,-0.6215412776,-3.127841688,1,0
0,0,-1.029764382,-4.082231039,2,-1
1,1,-1.591936456,-5.621720743
0,0,0,0,2,0
0,0,-0.09767175656,-0.9767175656,1,0
0,0,-0.2275634568,-1.298917002,0,0
0,0,-0.3260283981,-0.9846494137,2,0
0,0,-0.5738636434,-2.478352453,0,0
0,0,-0.8450028963,-2.711392529,2,0
0,0,-1.280572668,-4.35569772,0,-1
1,1,-1.830532855,-5.499601871
0,0,0,0,2,0
0,0,-0.08178401891,-0.8178401891,1,0
0,0,-0.1644033449,-0.8261932596,1,0
0,0,-0.2892952295,-1.248918846,2,0
0,0,-0.5507177334,-2.614225039,2,0
0,0,-0.9556499432,-4.049322098,0,0
0,0,-1.432822504,-4.77172561,2,-1
1,1,-2.059793337,-6.269708326
0,0,0,0,1,0
0,0,0.003801587369,0.03801587369,2,0
0,0,-0.09666070707,-1.004622944,1,0
0,0,-0.2118545878,-1.151938807,1,0
0,0,-0.3515311147,-1.396765269,1,0
0,0,-0.563023546,-2.114924312,2,0
0,0,-0.9431747243,-3.801511783,0,0
0,0,-1.400475626,-4.57300902,1,-1
1,1,-1.998079031,-5.976034048
0,0,0,0,0,0
0,0,0.0796234957,0.796234957,0,0
0,0,0.25947531,1.798518143,0,0
0,0,0.57411247,3.146371599,0,0
0,0,1.053288815,4.791763446,2,-1
1,1,1.618829175,5.655403602
0,0,0,0,1,0
0,0,0.00339605827,0.0339605827,0,0
0,0,0.08813043235,0.8473437408,0,0
0,0,0.2876755287,1.995450963,0,0
0,0,0.6241567595,3.364812308,1,0
0,0,1.057904834,4.337480742,1,-1
1,1,1.606491258,5.485864242
0,0,0,0,2,0
0,0,-0.08513384389,-0.8513384389,1,0
0,0,-0.177204897,-0.9207105306,1,0
0,0,-0.3013116508,-1.241067538,1,0
0,0,-0.4591124113,-1.578007605,1,0
0,0,-0.7044376808,-2.453252696,2,0
0,0,-1.121326863,-4.168891825,0,-1
1,1,-1.62776315,-5.064362868
0,0,0,0,1,0
0,0,0.002280830164,0.02280830164,2,0
0,0,-0.1007475703,-1.030284005,1,0
0,0,-0.2185839465,-1.178363761,2,0
0,0,-0.449373246,-2.307892996,2,0
0,0,-0.8414457019,-3.920724558,1,0
0,0,-1.331416755,-4.899710533,0,-1
1,1,-1.942070508,-6.106537529
0,0,0,0,1,0
0,0,-0.009602755305,-0.09602755305,1,0
0,0,-0.009513160957,0.0008959434765,2,0
0,0,-0.104022298,-0.9450913706,1,0
0,0,-0.2221162526,-1.180939546,2,0
0,0,-0.461060754,-2.389445013,1,0
0,0,-0.7760498992,-3.149891453,1,0
0,0,-1.184404655,-4.083547555,0,-1
1,1,-1.692402453,-5.079977987
0,0,0,0,2,0
0,0,-0.08915158353,-0.8915158353,0,0
0,0,-0.09455622221,-0.05404638681,1,0
0,0,-0.1051802414,-0.1062401918,1,0
0,0,-0.1212265675,-0.1604632607,2,0
0,0,-0.2582742207,-1.370476532,2,0
0,0,-0.5241392527,-2.65865032,0,0
0,0,-0.7926708404,-2.685315878,1,0
0,0,-1.175477007,-3.828061664,0,-1
1,1,-1.65513943,-4.796624233
0,0,0,0,0,0
0,0,0.09182471964,0.9182471964,2,0
0,0,0.1248464156,0.3302169599,1,0
0,0,0.1872083462,0.6236193054,0,0
0,0,0.3690572201,1.81848874,2,0
0,0,0.5180783081,1.49021088,0,0
0,0,0.8307724147,3.126941066,2,0
0,0,1.189845212,3.590727976,2,-1
1,1,1.653697286,4.638520735
0,0,0,0,1,0
0,0,-0.008507770265,-0.08507770265,1,0
0,0,-0.01017558143,-0.01667811165,2,0
0,0,-0.0916267652,-0.8145118377,0,0
0,0,-0.08689583634,0.04730928857,2,0
0,0,-0.1749755621,-0.8807972575,2,0
0,0,-0.3896797992,-2.147042371,0,0
0,0,-0.5978647345,-2.081849353,0,0
0,0,-0.8349370017,-2.370722673,1,0
0,0,-1.186800466,-3.518634647,2,-1
1,1,-1.699086604,-5.12286137
0,0,0,0,0,0
0,0,0.08570637062,0.8570637062,1,0
0,0,0.1913335307,1.056271601,2,0
0,0,0.2530898141,0.6175628343,2,0
0,0,0.2623166705,0.09226856358,1,0
0,0,0.3163877075,0.5407103708,0,0
0,0,0.4971092479,1.807215404,1,0
0,0,0.7666298332,2.695205853,0,0
0,0,1.190063026,4.234331925,2,-1
1,1,1.711189023,5.211259969
0,0,0,0,0,0
0,0,0.09940247147,0.9940247147,2,0
0,0,0.1118424168,0.1243994534,0,0
0,0,0.2137897061,1.019472893,2,0
0,0,0.2647739521,0.5098424598,2,0
0,0,0.2919076094,0.2713365732,2,0
0,0,0.2914823696,-0.004252398576,1,0
0,0,0.3399770926,0.48494723,0,0
0,0,0.5418484381,2.018713455,2,0
0,0,0.7668738174,2.250253793,2,0
0,0,1.029792777,2.629189596,2,0
0,0,1.372932005,3.43139228,0,-1
1,1,1.87003285,4.971008455
0,0,0,0,0,0
0,0,0.09387476696,0.9387476696,1,0
0,0,0.1933586192,0.994838522,0,0
0,0,0.4023170393,2.089584202,1,0
0,0,0.6618875632,2.595705238,0,0
0,0,1.089771611,4.278840475,0,-1
1,1,1.678887181,5.8911557
0,0,0,0,2,0
0,0,-0.0966447317,-0.966447317,1,0
0,0,-0.2087945017,-1.1214977,2,0
0,0,-0.4564556913,-2.476611897,1,0
0,0,-0.7773243811,-3.208686898,0,0
0,0,-1.14280712,-3.654827393,0,-1
1,1,-1.606869034,-4.640619134
0,0,0,0,2,0
0,0,-0.07071658201,-0.7071658201,2,0
0,0,-0.2420806174,-1.713640354,2,0
0,0,-0.534150034,-2.920694165,1,0
0,0,-0.8982612869,-3.641112529,0,0
0,0,-1.31909445,-4.208331631,0,-1
1,1,-1.86130384,-5.422093897
0,0,0,0,2,0
0,0,-0.08156635882,-0.8156635882,0,0
0,0,-0.09987636242,-0.183100036,2,0
0,0,-0.2123663689,-1.124900065,0,0
0,0,-0.2596879088,-0.4732153989,1,0
0,0,-0.3675378332,-1.078499245,2,0
0,0,-0.6199531351,-2.524153019,0,0
0,0,-0.8897512916,-2.697981565,1,0
0,0,-1.275550875,-3.857995839,0,-1
1,1,-1.779713144,-5.041622689
0,0,0,0,2,0
0,0,-0.07135585434,-0.7135585434,2,0
0,0,-0.2539572776,-1.826014232,1,0
0,0,-0.4655766655,-2.116193879,2,0
0,0,-0.8246171122,-3.590404468,2,0
0,0,-1.342396841,-5.177797286,1,-1
1,1,-1.997039512,-6.54642671
0,0,0,0,2,0
0,0,-0.09979441438,-0.9979441438,0,0
0,0,-0.130005478,-0.3021106366,1,0
0,0,-0.1710138517,-0.4100837362,0,0
0,0,-0.1662015055,0.04812346187,0,0
0,0,-0.0895259714,0.7667553406,1,0
0,0,-0.02358096376,0.6594500764,2,0
0,0,-0.042788899,-0.1920793524,0,0
0,0,0.03491729443,0.7770619343,1,0
0,0,0.1092086265,0.7429133209,0,0
0,0,0.3030026038,1.937939773,2,0
0,0,0.4612467763,1.582441724,2,0
0,0,0.612894095,1.516473187,2,0
0,0,0.8002963195,1.874022245,0,0
0,0,1.15936149,3.590651708,0,-1
1,1,1.685136743,5.257752529
0,0,0,0,0,0
0,0,0.1046168838,1.046168838,2,0
0,0,0.1326617568,0.2804487302,0,0
0,0,0.2849400547,1.522782979,0,0
0,0,0.5566541513,2.717140965,1,0
0,0,0.9091976509,3.525434997,0,0
0,0,1.415681012,5.064833607,1,-1
1,1,2.064043995,6.483629839
0,0,0,0,0,0
0,0,0.09059138905,0.9059138905,1,0
0,0,0.2034537011,1.12862312,0,0
0,0,0.4194923802,2.160386791,0,0
0,0,0.7752358341,3.557434539,0,0
0,0,1.282861979,5.076261446,1,-1
1,1,1.923853776,6.409917977
0,0,0,0,0,0
0,0,0.07360697824,0.7360697824,0,0
0,0,0.2405922657,1.669852875,2,0
0,0,0.3571913731,1.165991074,1,0
0,0,0.5173366762,1.60145303,0,0
0,0,0.8353884826,3.180518064,0,0
0,0,1.30851188,4.731233976,1,-1
1,1,1.913792356,6.05280476
0,0,0,0,1,0
0,0,-0.006624925268,-0.06624925268,2,0
0,0,-0.09641337311,-0.8978844785,2,0
0,0,-0.2832379427,-1.868245696,0,0
0,0,-0.4327175988,-1.494796561,0,0
0,0,-0.5834153017,-1.506977029,0,0
0,0,-0.7419040548,-1.584887531,1,0
0,0,-1.009044339,-2.671402847,1,0
0,0,-1.395780675,-3.867363353,1,-1
1,1,-1.924837403,-5.290567278
0,0,0,0,1,0
0,0,-0.01465514657,-0.1465514657,0,0
0,0,0.07229700781,0.8695215438,2,0
0,0,0.1000398335,0.2774282568,2,0
0,0,0.06325929968,-0.3678053381,0,0
0,0,0.1427092669,0.7944996722,0,0
0,0,0.3307716471,1.880623802,0,0
0,0,0.6399613441,3.09189697,0,0
0,0,1.112348773,4.723874292,0,-1
1,1,1.735464243,6.231154698
0,0,0,0,1,0
0,0,-0.007224636035,-0.07224636035,2,0
0,0,-0.09265372395,-0.8542908792,0,0
0,0,-0.09248110101,0.001726229475,2,0
0,0,-0.2000547389,-1.075736379,0,0
0,0,-0.2543181987,-0.5426345976,1,0
0,0,-0.3464431391,-0.9212494042,1,0
0,0,-0.4977952045,-1.513520654,1,0
0,0,-0.7343224812,-2.365272767,0,0
0,0,-1.020737845,-2.864153633,2,0
0,0,-1.468231763,-4.474939184,1,-1
1,1,-2.057717565,-5.894858018
0,0,0,0,0,0
0,0,0.07229834041,0.7229834041,0,0
0,0,0.232267702,1.599693616,0,0
0,0,0.5059751212,2.737074192,1,0
0,0,0.8608709131,3.548957919,0,0
0,0,1.377664297,5.167933835,2,-1
1,1,2.015637813,6.379735165
0,0,0,0,0,0
0,0,0.1010448332,1.010448332,2,0
0,0,0.1194617045,0.1841687138,2,0
0,0,0.06376192353,-0.5569978101,2,0
0,0,-0.07926119195,-1.430231155,1,0
0,0,-0.228603436,-1.493422441,1,0
0,0,-0.4268364771,-1.982330411,2,0
0,0,-0.7663716199,-3.395351428,0,0
0,0,-1.154773943,-3.884023227,0,-1
1,1,-1.635464743,-4.806908009
0,0,0,0,1,0
0,0,-0.004775282755,-0.04775282755,1,0
0,0,-0.005309771329,-0.005344885748,2,0
0,0,-0.09151316557,-0.8620339424,1,0
0,0,-0.189703486,-0.9819032046,1,0
0,0,-0.3237497497,-1.340462637,0,0
0,0,-0.4376064411,-1.138566914,2,0
0,0,-0.7092566331,-2.71650192,1,0
0,0,-1.067689924,-3.584332908,1,0
0,0,-1.558460756,-4.907708316,2,-1
1,1,-2.196590205,-6.381294494
0,0,0,0,2,0
0,0,-0.09279405184,-0.9279405184,2,0
0,0,-0.2922838995,-1.994898477,0,0
0,0,-0.4651789924,-1.728950929,0,0
0,0,-0.6211648028,-1.559858104,1,0
0,0,-0.8708675738,-2.497027711,2,0
0,0,-1.287901621,-4.170340472,2,-1
1,1,-1.862263797,-5.743621758
0,0,0,0,2,0
0,0,-0.09988057734,-0.9988057734,2,0
0,0,-0.2992808027,-1.994002253,0,0
0,0,-0.4732591316,-1.739783289,1,0
0,0,-0.7236197099,-2.503605783,0,0
0,0,-1.022896726,-2.992770163,0,0
0,0,-1.40266257,-3.797658435,1,-1
1,1,-1.926377863,-5.237152935
0,0,0,0,1,0
0,0,0.005710664104,0.05710664104,2,0
0,0,-0.05908473562,-0.6479539973,2,0
0,0,-0.23317225,-1.740875143,0,0
0,0,-0.3604512765,-1.272790265,2,0
0,0,-0.6322155884,-2.71764312,2,0
0,0,-1.053994319,-4.217787307,1,-1
1,1,-1.590329127,-5.363348079
0,0,0,0,0,0
0,0,0.07416446276,0.7416446276,0,0
0,0,0.2427010875,1.685366247,2,0
0,0,0.3821805464,1.39479459,1,0
0,0,0.5914290905,2.092485441,0,0
0,0,0.9677984585,3.76369368,0,0
0,0,1.508276473,5.404780142,1,-1
1,1,2.193736282,6.854598091
0,0,0,0,2,0
0,0,-0.1055405077,-1.055405077,0,0
0,0,-0.1253045571,-0.1976404937,0,0
0,0,-0.09526874947,0.3003580764,0,0
0,0,-0.001495397735,0.9377335174,0,0
0,0,0.1967616397,1.982570375,2,0
0,0,0.3338179071,1.370562673,1,0
0,0,0.5344010168,2.005831097,2,0
0,0,0.733523681,1.991226642,1,0
0,0,1.041859189,3.083355085,0,0
0,0,1.519866288,4.780070986,1,-1
1,1,2.142816518,6.229502297
0,0,0,0,1,0
0,0,-0.0175249311,-0.175249311,1,0
0,0,-0.02069373143,-0.03168800327,1,0
0,0,-0.02922113817,-0.08527406738,2,0
0,0,-0.1224317572,-0.9321061908,0,0
0,0,-0.1489808635,-0.2654910629,1,0
0,0,-0.2094332019,-0.604523384,1,0
0,0,-0.3008055094,-0.913723075,0,0
0,0,-0.3429343151,-0.4212880567,1,0
0,0,-0.4391802361,-0.9624592105,2,0
0,0,-0.6938841268,-2.547038906,1,0
0,0,-1.034475888,-3.405917614,1,0
0,0,-1.504009576,-4.695336877,2,-1
1,1,-2.122546675,-6.185370992
0,0,0,0,0,0
0,0,0.1048249817,1.048249817,1,0
0,0,0.2321892093,1.273642276,2,0
0,0,0.3285501743,0.9636096496,0,0
0,0,0.5546434644,2.260932901,0,0
0,0,0.9383630162,3.837195518,2,0
0,0,1.388164854,4.498018383,0,-1
1,1,1.992177422,6.040125672
0,0,0,0,1,0
0,0,0.007802673174,0.07802673174,2,0
0,0,-0.06866063302,-0.7646330619,2,0
0,0,-0.2400750522,-1.714144192,0,0
0,0,-0.3514152492,-1.113401969,0,0
0,0,-0.4234972837,-0.7208203451,1,0
0,0,-0.5562261921,-1.327289084,2,0
0,0,-0.8431430584,-2.869168663,2,0
0,0,-1.30427495,-4.611318918,1,-1
1,1,-1.901507086,-5.972321363
0,0,0,0,1,0
0,0,-0.01554899551,-0.1554899551,1,0
0,0,-0.0496687896,-0.3411979408,2,0
0,0,-0.1676627603,-1.179939707,1,0
0,0,-0.3064899724,-1.388272121,1,0
0,0,-0.491005181,-1.845152085,1,0
0,0,-0.7579801941,-2.669750131,2,0
0,0,-1.199164119,-4.411839252,0,-1
1,1,-1.738050699,-5.388865797
0,0,0,0,2,0
0,0,-0.07549456786,-0.7549456786,0,0
0,0,-0.07989643533,-0.04401867463,2,0
0,0,-0.1993052983,-1.19408863,0,0
0,0,-0.2568883347,-0.5758303643,2,0
0,0,-0.4273352323,-1.704468976,2,0
0,0,-0.7400717929,-3.127365605,2,0
0,0,-1.201109647,-4.610378538,2,-1
1,1,-1.817532447,-6.164228001
0,0,0,0,2,0
0,0,-0.08831498075,-0.8831498075,2,0
0,0,-0.2943717147,-2.060567339,1,0
0,0,-0.544434797,-2.500630824,1,0
0,0,-0.863734678,-3.19299881,1,0
0,0,-1.283941419,-4.202067409,1,-1
1,1,-1.841249531,-5.573081119
0,0,0,0,0,0
0,0,0.08848749888,0.8848749888,2,0
0,0,0.09958299735,0.1109549847,1,0
0,0,0.1244180937,0.2483509635,1,0
0,0,0.15337962,0.289615263,1,0
0,0,0.2245727399,0.7119311987,1,0
0,0,0.3421836163,1.176108764,2,0
0,0,0.4480173456,1.058337293,0,0
0,0,0.6926008829,2.445835373,0,0
0,0,1.097271289,4.046704056,0,-1
1,1,1.658442792,5.611715032
0,0,0,0,2,0
0,0,-0.08612598224,-0.8612598224,0,0
0,0,-0.09014214669,-0.04016164456,1,0
0,0,-0.1076034714,-0.1746132472,1,0
0,0,-0.144767175,-0.3716370361,1,0
0,0,-0.2046823476,-0.5991517262,1,0
0,0,-0.3164397858,-1.117574382,2,0
0,0,-0.5746650258,-2.5822524,1,0
0,0,-0.9278674591,-3.532024332,0,0
0,0,-1.34809796,-4.202305008,2,-1
1,1,-1.923013659,-5.749156992
0,0,0,0,2,0
0,0,-0.1027367636,-1.027367636,1,0
0,0,-0.207764684,-1.050279204,2,0
0,0,-0.4246850011,-2.169203171,1,0
0,0,-0.7075300517,-2.828450506,1,0
0,0,-1.09593867,-3.884086185,2,-1
1,1,-1.640157549,-5.442188792
0,0,0,0,1,0
0,0,-0.01506878904,-0.1506878904,2,0
0,0,-0.1350099014,-1.199411124,2,0
0,0,-0.3480603225,-2.130504211,2,0
0,0,-0.7022673008,-3.542069783,2,0
0,0,-1.202625774,-5.003584733,1,-1
1,1,-1.828657888,-6.260321135
0,0,0,0,2,0
0,0,-0.08289414404,-0.8289414404,0,0
0,0,-0.08875210366,-0.05857959619,2,0
0,0,-0.1945571032,-1.058049995,0,0
0,0,-0.2401358163,-0.4557871311,2,0
0,0,-0.4202147614,-1.800789451,1,0
0,0,-0.6635234614,-2.433087,1,0
0,0,-0.9975713628,-3.340479014,0,0
0,0,-1.418147379,-4.205760159,1,-1
1,1,-1.981006088,-5.628587094
0,0,0,0,0,0
0,0,0.07340772475,0.7340772475,0,0
0,0,0.2568795608,1.834718361,1,0
0,0,0.4926798682,2.358003074,1,0
0,0,0.8108165995,3.181367312,2,0
0,0,1.186084514,3.752679148,2,-1
1,1,1.666271345,4.80186831
0,0,0,0,1,0
0,0,0.01476293046,0.1476293046,0,0
0,0,0.1361220659,1.213591355,0,0
0,0,0.3655075405,2.293854746,1,0
0,0,0.6657430863,3.002355458,0,0
0,0,1.133636639,4.678935531,0,-1
1,1,1.760216717,6.265800776
0,0,0,0,2,0
0,0,-0.07502130174,-0.7502130174,2,0
0,0,-0.2566149015,-1.815935997,2,0
0,0,-0.5759881521,-3.193732507,1,0
0,0,-0.9880192252,-4.12031073,1,0
0,0,-1.519944722,-5.319254966,2,-1
1,1,-2.200788744,-6.808440219
0,0,0,0,2,0
0,0,-0.08365556694,-0.8365556694,0,0
0,0,-0.09996341511,-0.1630784817,1,0
0,0,-0.1335426287,-0.3357921358,0,0
0,0,-0.1140930841,0.1944954461,0,0
0,0,-0.03941949549,0.7467358859,1,0
0,0,0.03527837227,0.7469786776,2,0
0,0,0.02566138129,-0.09616990977,1,0
0,0,0.02297158371,-0.02689797588,1,0
0,0,0.03054554238,0.07573958673,1,0
0,0,0.03383356823,0.03288025854,0,0
0,0,0.1394360498,1.056024816,2,0
0,0,0.1825991065,0.4316305669,0,0
0,0,0.3396464775,1.57047371,2,0
0,0,0.4772221107,1.375756331,0,0
0,0,0.7747448795,2.975227688,0,0
0,0,1.23198978,4.572449007,2,-1
1,1,1.795429205,5.634394247
0,0,0,0,0,0
0,0,0.09811379809,0.9811379809,1,0
0,0,0.2007604486,1.026466505,1,0
0,0,0.3239915124,1.232310638,0,0
0,0,0.578071915,2.540804026,2,0
0,0,0.8373223746,2.592504596,0,0
0,0,1.260422368,4.230999934,2,-1
1,1,1.791398087,5.309757194
0,0,0,0,1,0
0,0,-0.01643133882,-0.1643133882,0,0
0,0,0.05085216304,0.6728350186,0,0
0,0,0.2007686014,1.499164384,0,0
0,0,0.4809375358,2.801689344,0,0
0,0,0.8974584097,4.165208738,1,0
0,0,1.417155095,5.196966849,0,-1
1,1,2.090135632,6.729805377
0,0,0,0,2,0
0,0,-0.09099263436,-0.9099263436,2,0
0,0,-0.2769764648,-1.859838304,1,0
0,0,-0.4952109924,-2.182345276,0,0
0,0,-0.7124569023,-2.1724591,0,0
0,0,-0.9683506814,-2.558937791,2,0
0,0,-1.384246879,-4.15896198,1,-1
1,1,-1.94094508,-5.566982006
0,0,0,0,1,0
0,0,-0.01054037497,-0.1054037497,1,0
0,0,-0.01610929083,-0.05568915866,1,0
0,0,-0.02719524693,-0.110859561,2,0
0,0,-0.1452750715,-1.180798246,0,0
0,0,-0.2018960902,-0.5662101869,0,0
0,0,-0.1936026831,0.08293407087,2,0
0,0,-0.3109788834,-1.173762002,1,0
0,0,-0.472427072,-1.614481886,2,0
0,0,-0.7687909645,-2.963638925,2,0
0,0,-1.223887005,-4.550960404,2,-1
1,1,-1.839926133,-6.160391276
0,0,0,0,1,0
0,0,-0.007272813856,-0.07272813856,2,0
0,0,-0.1114375056,-1.041646918,2,0
0,0,-0.318292783,-2.068552774,0,0
0,0,-0.4850772478,-1.667844648,1,0
0,0,-0.7328228176,-2.477455697,1,0
0,0,-1.093727588,-3.609047705,1,-1
1,1,-1.581254065,-4.87526477
0,0,0,0,0,0
0,0,0.09358894589,0.9358894589,1,0
0,0,0.1937879054,1.001989595,0,0
0,0,0.4100384911,2.162505857,2,0
0,0,0.6004068467,1.903683556,1,0
0,0,0.8772526636,2.76845817,0,0
0,0,1.310291638,4.330389747,0,-1
1,1,1.899108844,5.888172054
0,0,0,0,1,0
0,0,0.009649372883,0.09649372883,0,0
0,0,0.1090532725,0.9940389963,2,0
0,0,0.127077765,0.1802449247,2,0
0,0,0.0639262232,-0.6315154178,1,0
0,0,-0.003530267165,-0.6745649036,0,0
0,0,0.01275364165,0.1628390881,0,0
0,0,0.1164806712,1.037270296,2,0
0,0,0.1468796035,0.3039893233,1,0
0,0,0.2136560599,0.6677645638,0,0
0,0,0.3854951034,1.718390435,1,0
0,0,0.625685226,2.401901226,2,0
0,0,0.8823981512,2.567129252,0,0
0,0,1.302267239,4.198690875,2,-1
1,1,1.839371355,5.371041164
0,0,0,0,2,0
0,0,-0.08852440815,-0.8852440815,0,0
0,0,-0.1081192317,-0.1959482352,0,0
0,0,-0.06697966933,0.4113956235,0,0
0,0,0.03388782224,1.008674916,1,0
0,0,0.1377289371,1.038411149,2,0
0,0,0.1853759684,0.4764703131,1,0
0,0,0.2676021769,0.8222620843,1,0
0,0,0.3936864436,1.260842667,1,0
0,0,0.5855361747,1.918497311,1,0
0,0,0.8575351966,2.719990219,1,0
0,0,1.232596232,3.750610354,2,-1
1,1,1.715087871,4.824916395
0,0,0,0,2,0
0,0,-0.09498698146,-0.9498698146,0,0
0,0,-0.1196465009,-0.246595194,0,0
0,0,-0.06109031333,0.5855618753,2,0
0,0,-0.1088490402,-0.4775872682,2,0
0,0,-0.2618577792,-1.53008739,0,0
0,0,-0.3613284225,-0.9947064329,2,0
0,0,-0.5863040736,-2.249756511,2,0
0,0,-0.9686311407,-3.823270671,0,0
0,0,-1.421220158,-4.525890175,0,-1
1,1,-2.004651541,-5.834313826
0,0,0,0,1,0
0,0,-0.01613454617,-0.1613454617,0,0
0,0,0.05265841813,0.687929643,1,0
0,0,0.1342738194,0.8161540125,2,0
0,0,0.1420509789,0.07777159555,2,0
0,0,0.07546219246,-0.6658878648,1,0
0,0,0.02755793508,-0.4790425738,2,0
0,0,-0.09473452237,-1.222924574,0,0
0,0,-0.1308588489,-0.3612432651,0,0
0,0,-0.1061691631,0.2468968575,0,0
0,0,0.003310183714,1.094793468,2,0
0,0,0.01783918908,0.1452900537,0,0
0,0,0.1376154607,1.197762716,1,0
0,0,0.2647674867,1.271520259,2,0
0,0,0.3475101272,0.8274264053,1,0
0,0,0.4745385124,1.270283852,2,0
0,0,0.6028548625,1.283163502,0,0
0,0,0.8823546173,2.794997548,2,0
0,0,1.227878676,3.455240585,2,-1
1,1,1.679253717,4.51375041
0,0,0,0,0,0
0,0,0.1018065713,1.018065713,0,0
0,0,0.298931106,1.971245348,0,0
0,0,0.6117468324,3.128157264,0,0
0,0,1.068652637,4.569058043,0,-1
1,1,1.686148636,6.174959993
0,0,0,0,1,0
0,0,0.01465837457,0.1465837457,2,0
0,0,-0.04845253773,-0.6311091229,0,0
0,0,-0.03433552122,0.1411701651,1,0
0,0,-0.01806181505,0.1627370617,1,0
0,0,-0.003696010001,0.1436580505,1,0
0,0,0.02227770563,0.2597371563,1,0
0,0,0.06821671598,0.4593901035,0,0
0,0,0.2286660367,1.604493207,2,0
0,0,0.3565044837,1.27838447,2,0
0,0,0.4661540666,1.096495829,1,0
0,0,0.6560829002,1.899288335,0,0
0,0,1.002510376,3.464274756,1,0
0,0,1.463111933,4.606015576,0,-1
1,1,2.073691464,6.105795303
0,0,0,0,2,0
0,0,-0.09284423517,-0.9284423517,2,0
0,0,-0.2979733587,-2.051291235,0,0
0,0,-0.4753039338,-1.773305752,2,0
0,0,-0.8134938106,-3.381898768,0,0
0,0,-1.206861752,-3.933679418,1,-1
1,1,-1.732506501,-5.256447485
0,0,0,0,1,0
0,0,-0.005707813798,-0.05707813798,2,0
0,0,-0.09643383277,-0.9072601898,2,0
0,0,-0.303019546,-2.065857132,1,0
0,0,-0.5660291175,-2.630095715,1,0
0,0,-0.910312375,-3.442832575,0,0
0,0,-1.31285535,-4.02542975,1,-1
1,1,-1.85618962,-5.433342696
0,0,0,0,2,0
0,0,-0.09327008517,-0.9327008517,1,0
0,0,-0.2133084144,-1.200383292,0,0
0,0,-0.273604128,-0.6029571362,1,0
0,0,-0.3680524833,-0.944483553,2,0
0,0,-0.609550598,-2.414981146,0,0
0,0,-0.8850179781,-2.754673801,2,0
0,0,-1.316942271,-4.319242928,0,-1
1,1,-1.865508878,-5.485666068
0,0,0,0,1,0
0,0,-0.001894413608,-0.01894413608,1,0
0,0,-0.01675481657,-0.1486040296,0,0
0,0,0.06612049373,0.828753103,0,0
0,0,0.2516859948,1.855655011,2,0
0,0,0.3926719935,1.409859986,0,0
0,0,0.6683754309,2.757034374,0,0
0,0,1.110982351,4.426069202,0,-1
1,1,1.711566484,6.005841333
