2,1,1
0,0,0,0,0,0
0,0,0.1001189487,1.001189487,1,0
0,0,0.2143357383,1.142167895,0,0
0,0,0.4438554953,2.29519757,2,0
0,0,0.6564633332,2.126078379,2,0
0,0,0.8920701976,2.356068644,2,0
0,0,1.198126265,3.06056067,0,-1
1,1,1.672343548,4.742172835
0,0,0,0,1,0
0,0,0.01716210706,0.1716210706,0,0
0,0,0.1082938299,0.911317228,2,0
0,0,0.1392847703,0.3099094045,1,0
0,0,0.1962889552,0.5700418492,1,0
0,0,0.2915965313,0.9530757603,1,0
0,0,0.4208604991,1.292639679,1,0
0,0,0.6141772412,1.933167421,0,0
0,0,0.9747663309,3.605890897,1,0
0,0,1.450249448,4.754831174,1,-1
1,1,2.067876689,6.176272402
0,0,0,0,2,0
0,0,-0.07646237808,-0.7646237808,2,0
0,0,-0.2410566787,-1.645943007,2,0
0,0,-0.5419365476,-3.008798688,2,0
0,0,-0.9887959226,-4.46859375,0,0
0,0,-1.513757498,-5.249615756,2,-1
1,1,-2.186638871,-6.728813732
0,0,0,0,1,0
0,0,0.01418924493,0.1418924493,0,0
0,0,0.1161707245,1.019814796,2,0
0,0,0.1528381154,0.3666739083,2,0
0,0,0.12470599,-0.2813212538,2,0
0,0,0.02738091295,-0.9732507704,2,0
0,0,-0.1585680422,-1.859489551,0,0
0,0,-0.2684346553,-1.098666131,0,0
0,0,-0.3223269469,-0.538922916,1,0
0,0,-0.4185493456,-0.9622239872,1,0
0,0,-0.5734563067,-1.54906961,0,0
0,0,-0.7542458735,-1.807895668,1,0
0,0,-1.035135219,-2.808893459,2,0
0,0,-1.481313605,-4.461783852,0,-1
1,1,-2.064606335,-5.832927308
0,0,0,0,2,0
0,0,-0.09206376908,-0.9206376908,0,0
0,0,-0.1185515782,-0.2648780909,2,0
0,0,-0.2408376752,-1.22286097,0,0
0,0,-0.3268507079,-0.8601303273,0,0
0,0,-0.3799735507,-0.5312284281,2,0
0,0,-0.5818789431,-2.019053924,2,0
0,0,-0.941593193,-3.597142499,1,0
0,0,-1.416697006,-4.751038129,2,-1
1,1,-2.044138696,-6.274416901
0,0,0,0,2,0
0,0,-0.1057001446,-1.057001446,1,0
0,0,-0.2460036378,-1.403034932,1,0
0,0,-0.4129474685,-1.669438307,1,0
0,0,-0.6435442672,-2.305967986,0,0
0,0,-0.9138268972,-2.702826301,1,0
0,0,-1.295201213,-3.813743161,1,-1
1,1,-1.813120184,-5.179189709
0,0,0,0,1,0
0,0,-0.006788102918,-0.06788102918,1,0
0,0,-0.007049032066,-0.002609291483,1,0
0,0,0.007304526161,0.1435355823,1,0
0,0,0.01545484057,0.08150314404,2,0
0,0,-0.06059374361,-0.7604858418,2,0
0,0,-0.2235134634,-1.629197198,1,0
0,0,-0.4067987991,-1.832853357,1,0
0,0,-0.6577599637,-2.509611647,1,0
0,0,-0.9899918644,-3.322319006,2,0
0,0,-1.487578185,-4.975863206,0,-1
1,1,-2.122187615,-6.346094298
0,0,0,0,1,0
0,0,0.01429411834,0.1429411834,1,0
0,0,0.02294233549,0.08648217153,0,0
0,0,0.1229029946,0.9996065906,2,0
0,0,0.1481834177,0.2528042312,2,0
0,0,0.1005693941,-0.4761402361,2,0
0,0,-0.01601656342,-1.165859575,1,0
0,0,-0.1470489876,-1.310324241,1,0
0,0,-0.2932402382,-1.461912506,2,0
0,0,-0.5770099459,-2.837697077,2,0
0,0,-1.025193625,-4.481836791,1,-1
1,1,-1.586410749,-5.612171244
0,0,0,0,1,0
0,0,0.01754901014,0.1754901014,1,0
0,0,0.02135825691,0.03809246775,0,0
0,0,0.1201429213,0.987846644,2,0
0,0,0.1443003117,0.2415739038,1,0
0,0,0.1933198629,0.490195512,0,0
0,0,0.3713358315,1.780159686,1,0
0,0,0.6216490257,2.503131942,1,0
0,0,0.961434528,3.397855023,0,0
0,0,1.463599498,5.021649705,0,-1
1,1,2.117759086,6.541595877
0,0,0,0,1,0
0,0,-0.01153934146,-0.1153934146,1,0
0,0,-0.03354395175,-0.2200461029,1,0
0,0,-0.07870844847,-0.4516449672,2,0
0,0,-0.2280747394,-1.49366291,0,0
0,0,-0.3360946767,-1.080199373,0,0
0,0,-0.4158862841,-0.7979160741,1,0
0,0,-0.5513576245,-1.354713403,1,0
0,0,-0.767730271,-2.163726466,1,0
0,0,-1.095347378,-3.27617107,0,0
0,0,-1.516749258,-4.214018795,0,-1
1,1,-2.080316345,-5.635670873
0,0,0,0,1,0
0,0,-0.0140106887,-0.140106887,2,0
0,0,-0.1247583947,-1.10747706,1,0
0,0,-0.2717328382,-1.469744435,2,0
0,0,-0.5366736114,-2.649407732,0,0
0,0,-0.7970373273,-2.603637159,0,0
0,0,-1.109234357,-3.121970299,1,0
0,0,-1.551866968,-4.426326105,2,-1
1,1,-2.142477968,-5.906110005
0,0,0,0,2,0
0,0,-0.08286194123,-0.8286194123,2,0
0,0,-0.2642361111,-1.813741699,1,0
0,0,-0.4738976126,-2.096615014,1,0
0,0,-0.7551092212,-2.812116086,1,0
0,0,-1.148613606,-3.935043852,1,-1
1,1,-1.66470023,-5.160866232
0,0,0,0,0,0
0,0,0.1024305968,1.024305968,0,0
0,0,0.3257799609,2.233493641,2,0
0,0,0.5078991743,1.821192135,1,0
0,0,0.7581113171,2.502121428,1,0
0,0,1.114472552,3.563612352,2,0
0,0,1.569656895,4.551843428,1,-1
1,1,2.171821028,6.021641334
0,0,0,0,2,0
0,0,-0.07606944885,-0.7606944885,2,0
0,0,-0.2440373258,-1.679678769,0,0
0,0,-0.3684159862,-1.243786605,2,0
0,0,-0.6376824242,-2.692664379,0,0
0,0,-0.9241696725,-2.864872483,2,0
0,0,-1.374224575,-4.500549022,0,-1
1,1,-1.948869587,-5.746450125
0,0,0,0,1,0
0,0,0.002774397345,0.02774397345,1,0
0,0,0.001197741453,-0.01576655891,0,0
0,0,0.09774561903,0.9654787757,1,0
0,0,0.2102045117,1.124588927,2,0
0,0,0.2556529748,0.4544846307,2,0
0,0,0.2668820783,0.1122910355,0,0
0,0,0.4152921977,1.484101193,2,0
0,0,0.5527080332,1.374158355,2,0
0,0,0.6948715209,1.421634877,1,0
0,0,0.9296700088,2.347984879,0,0
0,0,1.324447676,3.947776671,0,-1
1,1,1.875074641,5.506269648
0,0,0,0,1,0
0,0,0.004447567119,0.04447567119,0,0
0,0,0.08264736461,0.7819979749,0,0
0,0,0.2601632895,1.775159248,1,0
0,0,0.4815913506,2.214280611,0,0
0,0,0.8639046196,3.82313269,2,0
0,0,1.294376334,4.304717148,1,-1
1,1,1.859628184,5.652518499
0,0,0,0,2,0
0,0,-0.1015404855,-1.015404855,1,0
0,0,-0.2320790456,-1.3053856,1,0
0,0,-0.3910358142,-1.589567686,0,0
0,0,-0.5180893603,-1.270535461,0,0
0,0,-0.66600318,-1.479138197,0,0
0,0,-0.844452073,-1.78448893,0,0
0,0,-1.09067472,-2.462226472,2,0
0,0,-1.50101471,-4.103399895,1,-1
1,1,-2.056171253,-5.551565432
0,0,0,0,2,0
0,0,-0.1021638237,-1.021638237,1,0
0,0,-0.2161777817,-1.14013958,2,0
0,0,-0.4597205653,-2.435427835,1,0
0,0,-0.761036051,-3.013154858,1,0
0,0,-1.157195707,-3.961596563,0,-1
1,1,-1.657218021,-5.000223133
0,0,0,0,0,0
0,0,0.102509043,1.02509043,2,0
0,0,0.146226047,0.4371700399,2,0
0,0,0.1335072837,-0.1271876325,2,0
0,0,0.04679874035,-0.8670854337,0,0
0,0,0.06411027156,0.1731153121,2,0
0,0,0.01418904258,-0.4992122898,2,0
0,0,-0.1182906368,-1.324796794,1,0
0,0,-0.278758079,-1.604674423,0,0
0,0,-0.4154348867,-1.366768077,0,0
0,0,-0.5253953302,-1.099604435,1,0
0,0,-0.7054128347,-1.800175045,2,0
0,0,-1.039844743,-3.344319083,1,0
0,0,-1.490936423,-4.510916804,1,-1
1,1,-2.087353331,-5.964169071
0,0,0,0,2,0
0,0,-0.08461258884,-0.8461258884,0,0
0,0,-0.1126706622,-0.2805807332,0,0
0,0,-0.06582845895,0.4684220321,2,0
0,0,-0.1044524614,-0.3862400243,0,0
0,0,-0.0618714929,0.4258096848,1,0
0,0,-0.03105388729,0.3081760561,2,0
0,0,-0.09576415706,-0.6471026977,0,0
0,0,-0.07824380901,0.1752034805,0,0
0,0,0.01448702006,0.9273082907,0,0
0,0,0.2075814366,1.930944166,1,0
0,0,0.4322423399,2.246609033,2,0
0,0,0.6440898781,2.118475382,1,0
0,0,0.9581913526,3.141014746,0,0
0,0,1.443346024,4.851546709,1,-1
1,1,2.070060324,6.267143003
0,0,0,0,0,0
0,0,0.07546415954,0.7546415954,2,0
0,0,0.084080308,0.08616148456,2,0
0,0,0.009096672055,-0.7498363594,0,0
0,0,0.0144908027,0.05394130643,0,0
0,0,0.1217337959,1.072429932,2,0
0,0,0.1791661886,0.5743239275,1,0
0,0,0.2655615268,0.8639533822,2,0
0,0,0.3089437151,0.4338218825,0,0
0,0,0.474928087,1.659843719,2,0
0,0,0.6522234477,1.772953607,1,0
0,0,0.9329370368,2.807135891,2,0
0,0,1.283399281,3.50462244,1,-1
1,1,1.768460849,4.850615685
0,0,0,0,2,0
0,0,-0.0856527086,-0.856527086,2,0
0,0,-0.2627304105,-1.770777019,0,0
0,0,-0.4109299106,-1.481995001,0,0
0,0,-0.5476529042,-1.367229935,0,0
0,0,-0.6850641075,-1.374112033,0,0
0,0,-0.852845005,-1.677808975,1,0
0,0,-1.134257915,-2.814129104,1,0
0,0,-1.545787911,-4.115299959,0,-1
1,1,-2.102115984,-5.563280731
0,0,0,0,1,0
0,0,-0.008202932977,-0.08202932977,1,0
0,0,-0.01687459389,-0.08671660912,0,0
0,0,0.05636695203,0.7324154592,2,0
0,0,0.03605225106,-0.2031470097,2,0
0,0,-0.08356974943,-1.196220005,0,0
0,0,-0.1415567977,-0.5798704822,0,0
0,0,-0.1479681509,-0.06411353222,1,0
0,0,-0.1914222279,-0.4345407704,2,0
0,0,-0.3373685426,-1.459463147,2,0
0,0,-0.6266518622,-2.892833195,0,0
0,0,-0.9390788654,-3.124270033,0,0
0,0,-1.323754503,-3.846756371,2,-1
1,1,-1.864873882,-5.41119379
0,0,0,0,0,0
0,0,0.07328787164,0.7328787164,0,0
0,0,0.2646515399,1.913636683,2,0
0,0,0.4161817511,1.515302112,0,0
0,0,0.7271895797,3.110078285,1,0
0,0,1.134376338,4.071867585,1,-1
1,1,1.665297875,5.309215369
0,0,0,0,2,0
0,0,-0.09852244643,-0.9852244643,2,0
0,0,-0.3086525829,-2.101301365,1,0
0,0,-0.5627008801,-2.540482971,0,0
0,0,-0.8368575599,-2.741566798,2,0
0,0,-1.265175669,-4.28318109,0,-1
1,1,-1.802031157,-5.368554884
0,0,0,0,0,0
0,0,0.09415510877,0.9415510877,2,0
0,0,0.1132210289,0.1906592017,0,0
0,0,0.2538851979,1.406641689,0,0
0,0,0.5117872935,2.579020956,0,0
0,0,0.9323113787,4.205240853,1,0
0,0,1.465783526,5.334721475,2,-1
1,1,2.134123412,6.683398862
0,0,0,0,2,0
0,0,-0.08001561456,-0.8001561456,0,0
0,0,-0.1007985502,-0.2078293568,0,0
0,0,-0.06724952345,0.3354902679,2,0
0,0,-0.1392975119,-0.7204798845,2,0
0,0,-0.3236422392,-1.843447273,0,0
0,0,-0.4654198624,-1.417776231,0,0
0,0,-0.6149411065,-1.495212441,2,0
0,0,-0.9349549215,-3.20013815,1,0
0,0,-1.37514846,-4.401935384,2,-1
1,1,-1.967771554,-5.926230936
0,0,0,0,2,0
0,0,-0.07709727528,-0.7709727528,2,0
0,0,-0.2378285224,-1.607312471,2,0
0,0,-0.5344067417,-2.965782193,1,0
0,0,-0.9227791746,-3.883724329,0,0
0,0,-1.380381447,-4.576022728,2,-1
1,1,-1.990517902,-6.10136455
0,0,0,0,0,0
0,0,0.08886648135,0.8886648135,1,0
0,0,0.1832840848,0.944176034,2,0
0,0,0.2376949579,0.5441087313,0,0
0,0,0.4066676623,1.689727044,2,0
0,0,0.5660292538,1.593615915,0,0
0,0,0.8863694424,3.203401886,2,0
0,0,1.275246601,3.888771589,0,-1
1,1,1.818508116,5.432615151
0,0,0,0,2,0
0,0,-0.1002377147,-1.002377147,1,0
0,0,-0.2279067804,-1.276690657,2,0
0,0,-0.4950948248,-2.671880444,2,0
0,0,-0.9221595394,-4.270647145,2,0
0,0,-1.51673186,-5.945723202,2,-1
1,1,-2.259621913,-7.428900537
0,0,0,0,0,0
0,0,0.07864405159,0.7864405159,2,0
0,0,0.07583458024,-0.02809471346,0,0
0,0,0.1908698902,1.150353099,1,0
0,0,0.3267800876,1.359101975,1,0
0,0,0.5035854347,1.768053471,0,0
0,0,0.8375806984,3.339952637,0,0
0,0,1.322863888,4.852831893,0,-1
1,1,1.958529376,6.356654885
0,0,0,0,1,0
0,0,0.01312650597,0.1312650597,0,0
0,0,0.1009376196,0.8781111362,0,0
0,0,0.286420988,1.854833684,2,0
0,0,0.443985278,1.575642901,1,0
0,0,0.6821758338,2.381905558,1,0
0,0,1.026860002,3.446841684,1,0
0,0,1.494859744,4.679997417,2,-1
1,1,2.101940222,6.070804783
0,0,0,0,2,0
0,0,-0.07961805841,-0.7961805841,0,0
0,0,-0.07471731636,0.04900742052,2,0
0,0,-0.1549660936,-0.8024877721,2,0
0,0,-0.352151949,-1.971858554,0,0
0,0,-0.5352110951,-1.830591461,1,0
0,0,-0.7983029903,-2.630918953,0,0
0,0,-1.103884648,-3.055816572,1,0
0,0,-1.532860279,-4.289756314,0,-1
1,1,-2.104496965,-5.716366861
0,0,0,0,0,0
0,0,0.09648914741,0.9648914741,2,0
0,0,0.1275060752,0.3101692781,0,0
0,0,0.2762942925,1.487882173,2,0
0,0,0.3974552647,1.211609722,2,0
0,0,0.5131829068,1.157276421,0,0
0,0,0.7847059971,2.715230902,1,0
0,0,1.165001179,3.802951814,0,-1
1,1,1.71030425,5.453030711
0,0,0,0,0,0
0,0,0.09009196318,0.9009196318,2,0
0,0,0.1128150205,0.2272305729,1,0
0,0,0.1470965722,0.3428155175,2,0
0,0,0.1074966722,-0.395999,2,0
0,0,0.01549796847,-0.9199870375,2,0
0,0,-0.1536041583,-1.691021268,1,0
0,0,-0.3630117444,-2.094075861,1,0
0,0,-0.6274579793,-2.644462349,0,0
0,0,-0.9255515435,-2.980935642,1,0
0,0,-1.333014055,-4.074625113,2,-1
1,1,-1.894703583,-5.616895285
0,0,0,0,1,0
0,0,-0.01639677278,-0.1639677278,2,0
0,0,-0.1376296143,-1.212328415,2,0
0,0,-0.3523405854,-2.14710971,1,0
0,0,-0.6121719485,-2.598313631,0,0
0,0,-0.8894837878,-2.773118393,2,0
0,0,-1.342192245,-4.527084568,2,-1
1,1,-1.947288863,-6.050966181
0,0,0,0,1,0
0,0,0.006022587092,0.06022587092,1,0
0,0,0.02858611687,0.2256352978,2,0
0,0,-0.04862046635,-0.7720658321,0,0
0,0,-0.04993119176,-0.01310725413,0,0
0,0,0.01593358181,0.6586477357,0,0
0,0,0.1654366245,1.495030427,1,0
0,0,0.357819038,1.923824135,1,0
0,0,0.593407273,2.35588235,1,0
0,0,0.9040508596,3.106435866,0,0
0,0,1.375358164,4.713073042,2,-1
1,1,1.971066237,5.957080737
0,0,0,0,0,0
0,0,0.08861200971,0.8861200971,0,0
0,0,0.2700102851,1.813982754,1,0
0,0,0.4850305614,2.150202763,1,0
0,0,0.7649341691,2.799036078,1,0
0,0,1.159750898,3.948167288,1,-1
1,1,1.679733971,5.199830726
0,0,0,0,2,0
0,0,-0.08437840615,-0.8437840615,1,0
0,0,-0.1699365315,-0.8555812531,2,0
0,0,-0.3727433216,-2.028067901,2,0
0,0,-0.7275298332,-3.547865117,2,0
0,0,-1.235367219,-5.078373854,0,-1
1,1,-1.84892768,-6.135604618
0,0,0,0,0,0
0,0,0.08585439535,0.8585439535,0,0
0,0,0.2677270884,1.818726931,1,0
0,0,0.4855807688,2.178536804,1,0
0,0,0.7768746161,2.912938473,1,0
0,0,1.18093844,4.040638237,0,-1
1,1,1.748230408,5.672919685
0,0,0,0,0,0
0,0,0.08418286392,0.8418286392,1,0
0,0,0.1731756747,0.889928108,0,0
0,0,0.3787774603,2.056017856,0,0
0,0,0.7099209635,3.311435031,2,0
0,0,1.086760789,3.768398257,1,-1
1,1,1.587316618,5.005558289
0,0,0,0,2,0
0,0,-0.09763221343,-0.9763221343,1,0
0,0,-0.2285905233,-1.309583099,2,0
0,0,-0.4681824861,-2.395919628,0,0
0,0,-0.6925191714,-2.243366853,0,0
0,0,-0.9504127698,-2.578935984,0,0
0,0,-1.282855216,-3.324424464,0,-1
1,1,-1.730566779,-4.477115632
0,0,0,0,0,0
0,0,0.07640860097,0.7640860097,1,0
0,0,0.1661636522,0.897550512,0,0
0,0,0.3831553169,2.169916647,1,0
0,0,0.6626626204,2.795073035,2,0
0,0,0.9770831613,3.144205408,1,0
0,0,1.411394344,4.343111829,1,-1
1,1,1.988541449,5.771471045
0,0,0,0,1,0
0,0,-0.002269901783,-0.02269901783,1,0
0,0,0.005194491405,0.07464393188,1,0
0,0,0.00926567441,0.04071183006,1,0
0,0,0.001908212525,-0.07357461885,0,0
0,0,0.0940034449,0.9209523238,2,0
0,0,0.1238363477,0.2983290277,1,0
0,0,0.1790625131,0.5522616542,1,0
0,0,0.2721905962,0.9312808308,1,0
0,0,0.4009987186,1.288081224,2,0
0,0,0.5247571839,1.237584654,2,0
0,0,0.6483617998,1.236046159,0,0
0,0,0.9393791221,2.910173223,1,0
0,0,1.353114145,4.137350228,2,-1
1,1,1.891313324,5.381991788
0,0,0,0,1,0
0,0,-0.01514763903,-0.1514763903,2,0
0,0,-0.1307999205,-1.156522815,0,0
0,0,-0.1724219815,-0.4162206103,0,0
0,0,-0.1515418382,0.2088014334,2,0
0,0,-0.2454057513,-0.9386391313,1,0
0,0,-0.3774211402,-1.320153888,2,0
0,0,-0.6367971826,-2.593760424,2,0
0,0,-1.054453226,-4.176560436,2,-1
1,1,-1.628259041,-5.73805815
0,0,0,0,1,0
0,0,0.01416885354,0.1416885354,0,0
0,0,0.1291904594,1.150216059,1,0
0,0,0.2709253462,1.417348868,2,0
0,0,0.3765435964,1.056182502,0,0
0,0,0.6397749311,2.632313347,2,0
0,0,0.9366779184,2.969029873,1,0
0,0,1.346545727,4.09867809,0,-1
1,1,1.9098571,5.633113726
0,0,0,0,0,0
0,0,0.07663911746,0.7663911746,1,0
0,0,0.1695277207,0.9288860322,0,0
0,0,0.3636202341,1.940925134,0,0
0,0,0.68622858,3.226083458,1,0
0,0,1.093477557,4.07248977,2,-1
1,1,1.58945343,4.959758732
0,0,0,0,1,0
0,0,-0.003524150032,-0.03524150032,0,0
0,0,0.08292893642,0.8645308646,1,0
0,0,0.1731014063,0.9017246984,0,0
0,0,0.3736049311,2.005035249,1,0
0,0,0.6430584726,2.694535415,0,0
0,0,1.073960392,4.309019191,0,-1
1,1,1.663805586,5.898451947
0,0,0,0,2,0
0,0,-0.08794111391,-0.8794111391,2,0
0,0,-0.2704966236,-1.825555096,2,0
0,0,-0.5862621962,-3.157655727,2,0
0,0,-1.059459739,-4.731975429,0,-1
1,1,-1.617393925,-5.579341856
0,0,0,0,1,0
0,0,-0.01186691768,-0.1186691768,0,0
0,0,0.05423510802,0.661020257,0,0
0,0,0.2029964036,1.487612956,2,0
0,0,0.301467713,0.984713094,0,0
0,0,0.5375111075,2.360433945,2,0
0,0,0.7790727376,2.415616301,0,0
0,0,1.18518591,4.061131728,0,-1
1,1,1.755514924,5.703290138
0,0,0,0,2,0
0,0,-0.089000344,-0.89000344,2,0
0,0,-0.2931198684,-2.041195244,1,0
0,0,-0.5598130733,-2.666932049,1,0
0,0,-0.9117439513,-3.51930878,1,0
0,0,-1.370651005,-4.589070542,1,-1
1,1,-1.969337036,-5.98686031
0,0,0,0,1,0
0,0,0.002243002664,0.02243002664,0,0
0,0,0.09064915354,0.8840615088,2,0
0,0,0.09970022379,0.09051070253,2,0
0,0,0.04444324449,-0.5525697931,0,0
0,0,0.07467446394,0.3023121945,0,0
0,0,0.2231956197,1.485211558,0,0
0,0,0.498397676,2.752020563,0,0
0,0,0.9153099821,4.169123061,2,0
0,0,1.393592806,4.782828241,2,-1
1,1,1.999082876,6.054900698
0,0,0,0,0,0
0,0,0.07664817045,0.7664817045,1,0
0,0,0.1575184545,0.8087028403,0,0
0,0,0.3360161141,1.784976596,0,0
0,0,0.6516116276,3.155955135,1,0
0,0,1.056609807,4.049981797,2,0
0,0,1.540982244,4.843724368,1,-1
1,1,2.171404766,6.304225222
0,0,0,0,2,0
0,0,-0.103019665,-1.03019665,1,0
0,0,-0.2358797141,-1.328600491,2,0
0,0,-0.5026556983,-2.667759842,2,0
0,0,-0.930817164,-4.281614657,0,0
0,0,-1.41546114,-4.846439755,0,-1
1,1,-2.027861507,-6.12400367
0,0,0,0,1,0
0,0,-0.01749986446,-0.1749986446,2,0
0,0,-0.1401402025,-1.22640338,2,0
0,0,-0.3741366738,-2.339964713,0,0
0,0,-0.5876954585,-2.135587847,1,0
0,0,-0.8927295054,-3.050340469,2,0
0,0,-1.354650409,-4.619209037,0,-1
1,1,-1.939134017,-5.844836077
0,0,0,0,2,0
0,0,-0.08980017643,-0.8980017643,2,0
0,0,-0.296884218,-2.070840415,0,0
0,0,-0.4629666333,-1.660824153,0,0
0,0,-0.6166393469,-1.536727136,1,0
0,0,-0.8517275522,-2.350882053,1,0
0,0,-1.200280018,-3.485524654,2,-1
1,1,-1.707713785,-5.074337675
0,0,0,0,2,0
0,0,-0.09920832269,-0.9920832269,1,0
0,0,-0.2018012255,-1.025929028,2,0
0,0,-0.4400112564,-2.382100309,0,0
0,0,-0.6630256049,-2.230143485,0,0
0,0,-0.9214885111,-2.584629062,2,0
0,0,-1.337377868,-4.158893569,1,-1
1,1,-1.894728362,-5.573504942
0,0,0,0,2,0
0,0,-0.09537802881,-0.9537802881,0,0
0,0,-0.1145618319,-0.1918380306,2,0
0,0,-0.2486632417,-1.341014098,2,0
0,0,-0.5041910262,-2.555277845,2,0
0,0,-0.9212161346,-4.170251084,0,0
0,0,-1.409529088,-4.883129532,2,-1
1,1,-2.050827747,-6.412986593
0,0,0,0,1,0
0,0,-0.01357019488,-0.1357019488,2,0
0,0,-0.106107554,-0.9253735911,0,0
0,0,-0.1389396805,-0.3283212649,1,0
0,0,-0.1917808839,-0.5284120338,2,0
0,0,-0.370607442,-1.788265582,1,0
0,0,-0.6103374785,-2.397300365,2,0
0,0,-1.020066283,-4.097288043,1,0
0,0,-1.55109196,-5.310256774,2,-1
1,1,-2.229916707,-6.788247464
0,0,0,0,1,0
0,0,0.01310580266,0.1310580266,0,0
0,0,0.1008212982,0.877154955,1,0
0,0,0.1960528969,0.9523159877,2,0
0,0,0.2501839407,0.5413104373,0,0
0,0,0.4298279014,1.796439607,1,0
0,0,0.6617989821,2.319710808,2,0
0,0,0.9275174505,2.657184683,1,0
0,0,1.302683169,3.75165719,2,-1
1,1,1.791605177,4.889220075
0,0,0,0,2,0
0,0,-0.08987381202,-0.8987381202,0,0
0,0,-0.1043305391,-0.1445672709,0,0
0,0,-0.04046646806,0.6386407105,0,0
0,0,0.1033000199,1.437664879,1,0
0,0,0.2500022018,1.467021819,2,0
0,0,0.3468615772,0.9685937544,0,0
0,0,0.5860762121,2.392146349,1,0
0,0,0.9050585093,3.189822972,1,0
0,0,1.340282516,4.352240064,1,-1
1,1,1.91600634,5.757238239
0,0,0,0,0,0
0,0,0.1001872588,1.001872588,0,0
0,0,0.3028978167,2.027105579,0,0
0,0,0.6272840681,3.243862514,0,0
0,0,1.099374878,4.720908096,2,-1
1,1,1.657685749,5.583108716
0,0,0,0,1,0
0,0,0.009986497128,0.09986497128,0,0
0,0,0.1059766327,0.9599013555,1,0
0,0,0.2122923867,1.06315754,2,0
0,0,0.2616999544,0.4940756771,0,0
0,0,0.4346144955,1.729145411,1,0
0,0,0.6642259594,2.296114638,2,0
0,0,0.9241709059,2.599449466,2,0
0,0,1.252389099,3.282181934,2,-1
1,1,1.689306408,4.369173082
0,0,0,0,1,0
0,0,-0.0138063157,-0.138063157,1,0
0,0,-0.03940772249,-0.2560140679,0,0
0,0,0.03043999107,0.6984771356,2,0
0,0,0.02967939327,-0.007605977981,0,0
0,0,0.1143870884,0.8470769508,0,0
0,0,0.291341565,1.769544767,1,0
0,0,0.51427344,2.229318749,1,0
0,0,0.8033610225,2.890875826,0,0
0,0,1.260146594,4.567855715,2,-1
1,1,1.828306559,5.681599653
0,0,0,0,2,0
0,0,-0.1056658771,-1.056658771,1,0
0,0,-0.235229932,-1.295640549,0,0
0,0,-0.3301081877,-0.9487825565,0,0
0,0,-0.4115616393,-0.8145345164,2,0
0,0,-0.6252668753,-2.13705236,2,0
0,0,-0.9965418808,-3.712750055,2,0
0,0,-1.525803454,-5.292615735,0,-1
1,1,-2.196095829,-6.702923751
0,0,0,0,1,0
0,0,-0.009263954668,-0.09263954668,1,0
0,0,-0.01754548944,-0.08281534771,2,0
0,0,-0.1274424639,-1.098969745,0,0
0,0,-0.1594438478,-0.320013839,2,0
0,0,-0.2908385398,-1.31394692,0,0
0,0,-0.3742197391,-0.8338119926,1,0
0,0,-0.5199173383,-1.456975992,2,0
0,0,-0.8110269917,-2.911096534,2,0
0,0,-1.264605422,-4.535784304,0,-1
1,1,-1.826184811,-5.61579389
0,0,0,0,2,0
0,0,-0.07618307172,-0.7618307172,0,0
0,0,-0.08533353705,-0.09150465323,0,0
0,0,-0.02756573993,0.5776779712,0,0
0,0,0.1207237527,1.482894926,2,0
0,0,0.2114453773,0.9072162457,2,0
0,0,0.2399860166,0.2854063935,0,0
0,0,0.3859887605,1.460027439,2,0
0,0,0.5218194246,1.35830664,2,0
0,0,0.6543229535,1.325035289,0,0
0,0,0.95219505,2.978720965,1,0
0,0,1.367339171,4.151441208,0,-1
1,1,1.938146911,5.708077403
0,0,0,0,2,0
0,0,-0.07863094672,-0.7863094672,1,0
0,0,-0.18226681,-1.036358633,2,0
0,0,-0.3980267065,-2.157598965,2,0
0,0,-0.7461929114,-3.481662048,1,0
0,0,-1.184309692,-4.381167803,0,-1
1,1,-1.717705462,-5.333957709
0,0,0,0,2,0
0,0,-0.08214166942,-0.8214166942,2,0
0,0,-0.2617535838,-1.796119144,0,0
0,0,-0.3859775006,-1.242239168,1,0
0,0,-0.5845818646,-1.98604364,1,0
0,0,-0.8837121419,-2.991302772,1,0
0,0,-1.305468127,-4.217559847,0,-1
1,1,-1.841576064,-5.361079371
0,0,0,0,2,0
0,0,-0.07515866955,-0.7515866955,1,0
0,0,-0.1637978828,-0.8863921327,1,0
0,0,-0.2835016292,-1.197037463,0,0
0,0,-0.3833636588,-0.9986202963,1,0
0,0,-0.5546978408,-1.71334182,1,0
0,0,-0.8056841338,-2.50986293,0,0
0,0,-1.11657352,-3.108893861,2,-1
1,1,-1.589257601,-4.726840806
0,0,0,0,1,0
0,0,0.01583914445,0.1583914445,1,0
0,0,0.01723245735,0.01393312907,1,0
0,0,0.006549081548,-0.106833758,2,0
0,0,-0.1078184192,-1.143675007,0,0
0,0,-0.1629810119,-0.5516259272,1,0
0,0,-0.230017318,-0.6703630608,1,0
0,0,-0.3206778426,-0.9066052461,2,0
0,0,-0.5465211816,-2.25843339,0,0
0,0,-0.7700000425,-2.234788609,2,0
0,0,-1.149701493,-3.797014508,1,-1
1,1,-1.661543606,-5.118421132
0,0,0,0,1,0
0,0,-0.01019269571,-0.1019269571,2,0
0,0,-0.09782113759,-0.8762844188,2,0
0,0,-0.3059706572,-2.081495196,2,0
0,0,-0.6434174696,-3.374468125,0,0
0,0,-0.9960921144,-3.526746448,1,0
0,0,-1.464372596,-4.68280482,0,-1
1,1,-2.066484008,-6.021114116
0,0,0,0,1,0
0,0,0.007408858655,0.07408858655,0,0
0,0,0.1146642121,1.072553535,0,0
0,0,0.3329098575,2.182456453,0,0
0,0,0.6908592938,3.579494363,0,0
0,0,1.212827994,5.219687007,1,-1
1,1,1.863564466,6.507364714
0,0,0,0,2,0
0,0,-0.07592604883,-0.7592604883,1,0
0,0,-0.1729799921,-0.9705394329,2,0
0,0,-0.3831020508,-2.101220587,2,0
0,0,-0.7267919476,-3.436898968,2,0
0,0,-1.234673871,-5.078819231,0,-1
1,1,-1.845466439,-6.10792568
0,0,0,0,0,0
0,0,0.0826974365,0.826974365,1,0
0,0,0.168749128,0.8605169152,0,0
0,0,0.3789653029,2.102161749,0,0
0,0,0.7443251744,3.653598715,2,0
0,0,1.143588755,3.992635807,2,-1
1,1,1.63595478,4.923660249
0,0,0,0,2,0
0,0,-0.08962299632,-0.8962299632,2,0
0,0,-0.2905151998,-2.008922035,0,0
0,0,-0.4391980189,-1.486828192,1,0
0,0,-0.6580191911,-2.188211721,2,0
0,0,-1.026330664,-3.683114732,1,0
0,0,-1.515378424,-4.8904776,2,-1
1,1,-2.153985361,-6.386069369
0,0,0,0,0,0
0,0,0.07399789892,0.7399789892,1,0
0,0,0.1561240731,0.8212617419,1,0
0,0,0.2602055887,1.040815155,1,0
0,0,0.4058309126,1.45625324,1,0
0,0,0.6157103169,2.098794043,1,0
0,0,0.9257947773,3.100844603,2,0
0,0,1.306317601,3.805228232,0,-1
1,1,1.841061633,5.347440325
0,0,0,0,2,0
0,0,-0.09754120344,-0.9754120344,1,0
0,0,-0.2249548741,-1.274136706,0,0
0,0,-0.2892461906,-0.6429131647,0,0
0,0,-0.3170384399,-0.2779224935,1,0
0,0,-0.3835586057,-0.665201658,0,0
0,0,-0.4448482144,-0.612896087,1,0
0,0,-0.5651264462,-1.202782318,2,0
0,0,-0.845094497,-2.799680508,0,0
0,0,-1.185822739,-3.407282422,2,-1
1,1,-1.68894866,-5.031259205
0,0,0,0,2,0
0,0,-0.1052835335,-1.052835335,2,0
0,0,-0.3024943658,-1.972108323,0,0
0,0,-0.4516488836,-1.491545179,1,0
0,0,-0.6616062795,-2.099573958,0,0
0,0,-0.9050194035,-2.43413124,0,0
0,0,-1.211562058,-3.065426549,1,-1
1,1,-1.655172374,-4.436103154
0,0,0,0,2,0
0,0,-0.08314645029,-0.8314645029,1,0
0,0,-0.1714909329,-0.8834448256,2,0
0,0,-0.3696572736,-1.981663408,1,0
0,0,-0.6339978565,-2.643405828,1,0
0,0,-1.000395411,-3.663975546,2,0
0,0,-1.530062071,-5.296666599,0,-1
1,1,-2.202358372,-6.722963008
0,0,0,0,2,0
0,0,-0.08622993556,-0.8622993556,2,0
0,0,-0.2906961676,-2.044662321,2,0
0,0,-0.6312040215,-3.405078539,2,0
0,0,-1.12421863,-4.930146088,1,-1
1,1,-1.734329812,-6.101111816
0,0,0,0,2,0
0,0,-0.1020072856,-1.020072856,1,0
0,0,-0.2286675236,-1.26660238,1,0
0,0,-0.3956474266,-1.66979903,2,0
0,0,-0.7112014118,-3.155539851,1,0
0,0,-1.114932497,-4.037310856,2,-1
1,1,-1.676348977,-5.614164799
0,0,0,0,1,0
0,0,0.0002081406521,0.002081406521,2,0
0,0,-0.09952489236,-0.9973303301,1,0
0,0,-0.2000644285,-1.005395362,0,0
0,0,-0.2362681437,-0.3620371512,2,0
0,0,-0.403616098,-1.673479543,2,0
0,0,-0.715410429,-3.11794331,2,0
0,0,-1.190779814,-4.753693847,1,-1
1,1,-1.795165128,-6.043853142
0,0,0,0,1,0
0,0,-0.0028876926,-0.028876926,0,0
0,0,0.07389045983,0.7677815243,2,0
0,0,0.06872932388,-0.05161135951,2,0
0,0,-0.01599967338,-0.8472899726,0,0
0,0,-0.0130977876,0.02901885787,2,0
0,0,-0.1175841365,-1.044863489,1,0
0,0,-0.2288631203,-1.112789838,0,0
0,0,-0.3077690899,-0.7890596959,2,0
0,0,-0.5279318441,-2.201627542,2,0
0,0,-0.9116472977,-3.837154537,0,0
0,0,-1.353291103,-4.416438057,0,-1
1,1,-1.916568198,-5.632770944
0,0,0,0,1,0
0,0,0.01186025613,0.1186025613,0,0
0,0,0.1081420726,0.9628181652,1,0
0,0,0.2382982858,1.301562132,2,0
0,0,0.3070925073,0.6879422144,1,0
0,0,0.4219191611,1.148266539,1,0
0,0,0.5917048138,1.697856527,0,0
0,0,0.9339273634,3.422225496,0,0
0,0,1.43322861,4.993012463,0,-1
1,1,2.083883846,6.506552365
0,0,0,0,1,0
0,0,-0.01101984111,-0.1101984111,2,0
0,0,-0.1014467291,-0.90426888,1,0
0,0,-0.2177628044,-1.163160753,1,0
0,0,-0.3839414061,-1.661786017,2,0
0,0,-0.6879956813,-3.040542752,2,0
0,0,-1.154675743,-4.666800619,0,-1
1,1,-1.718307613,-5.636318694
0,0,0,0,0,0
0,0,0.08062243346,0.8062243346,1,0
0,0,0.188035316,1.074128826,1,0
0,0,0.3226757761,1.346404601,1,0
0,0,0.4963212354,1.736454592,2,0
0,0,0.6608954686,1.645742332,1,0
0,0,0.9128361465,2.51940678,2,0
0,0,1.224829006,3.119928595,0,-1
1,1,1.695476645,4.706476393
0,0,0,0,1,0
0,0,-0.01128550379,-0.1128550379,1,0
0,0,-0.03629024553,-0.2500474175,0,0
0,0,0.01590187621,0.5219212175,2,0
0,0,-0.0189388912,-0.3484076741,0,0
0,0,0.01850789523,0.3744678643,2,0
0,0,-0.01990948764,-0.3841738287,0,0
0,0,0.03939813506,0.593076227,2,0
0,0,0.006434660881,-0.3296347418,2,0
0,0,-0.1272146654,-1.336493262,0,0
0,0,-0.2031865119,-0.7597184657,2,0
0,0,-0.3956464877,-1.924599758,2,0
0,0,-0.7314273758,-3.357808881,0,0
0,0,-1.097797389,-3.663700136,0,0
0,0,-1.559822932,-4.620255426,2,-1
1,1,-2.169303696,-6.094807637
0,0,0,0,1,0
0,0,-0.007666475211,-0.07666475211,0,0
0,0,0.07910081503,0.8676729024,1,0
0,0,0.1730971755,0.9399636051,1,0
0,0,0.3052094981,1.321123225,2,0
0,0,0.4165542255,1.113447274,2,0
0,0,0.5253175591,1.087633336,1,0
0,0,0.7190496166,1.937320575,1,0
0,0,1.019287168,3.002375518,0,0
0,0,1.481306384,4.620192152,2,-1
1,1,2.080550359,5.992439753
0,0,0,0,2,0
0,0,-0.08939961989,-0.8939961989,0,0
0,0,-0.09643421796,-0.07034598067,0,0
0,0,-0.03497718883,0.6145702913,0,0
0,0,0.1258818867,1.608590755,2,0
0,0,0.2042483026,0.7836641593,2,0
0,0,0.2175797264,0.1333142378,0,0
0,0,0.3568079372,1.392282107,0,0
0,0,0.6438261575,2.870182204,1,0
0,0,1.014913529,3.710873717,2,0
0,0,1.461892622,4.469790932,2,-1
1,1,2.044207877,5.823152549
0,0,0,0,0,0
0,0,0.07844430718,0.7844430718,1,0
0,0,0.1867310893,1.082867822,0,0
0,0,0.3989905977,2.122595083,1,0
0,0,0.662080885,2.630902873,1,0
0,0,1.027105525,3.650246403,1,0
0,0,1.516915414,4.898098883,1,-1
1,1,2.151170194,6.342547806
0,0,0,0,1,0
0,0,0.0149045907,0.149045907,2,0
0,0,-0.0419927285,-0.568973192,0,0
0,0,-0.003019366575,0.3897336193,0,0
0,0,0.1403549812,1.433743478,0,0
0,0,0.3812157535,2.408607723,0,0
0,0,0.7565627345,3.75346981,2,0
0,0,1.177992675,4.214299401,1,-1
1,1,1.73241258,5.544199055
0,0,0,0,0,0
0,0,0.09912077605,0.9912077605,0,0
0,0,0.303543647,2.04422871,1,0
0,0,0.5567434923,2.531998453,2,0
0,0,0.8265973853,2.69853893,0,0
0,0,1.256230534,4.296331485,0,-1
1,1,1.843754495,5.87523961
0,0,0,0,0,0
0,0,0.1021191111,1.021191111,0,0
0,0,0.3049379007,2.028187896,1,0
0,0,0.5628965208,2.579586201,0,0
0,0,0.9637765501,4.008800293,2,0
0,0,1.427002362,4.632258115,0,-1
1,1,2.040805278,6.138029159
0,0,0,0,1,0
0,0,-0.004597236955,-0.04597236955,0,0
0,0,0.09486300568,0.9946024264,1,0
0,0,0.2098763406,1.150133349,2,0
0,0,0.2911682019,0.8129186134,0,0
0,0,0.4879331589,1.967649569,1,0
0,0,0.7681478911,2.802147322,2,0
0,0,1.091606806,3.234589153,1,0
0,0,1.545111308,4.53504502,2,-1
1,1,2.143078894,5.979675853
0,0,0,0,0,0
0,0,0.07576284824,0.7576284824,1,0
0,0,0.1736588758,0.9789602759,0,0
0,0,0.3777497795,2.040909037,2,0
0,0,0.5675671477,1.898173681,1,0
0,0,0.8395724005,2.720052529,0,0
0,0,1.286025959,4.464535585,1,-1
1,1,1.869695091,5.836691315
0,0,0,0,2,0
0,0,-0.08371134402,-0.8371134402,0,0
0,0,-0.1020606448,-0.1834930076,2,0
0,0,-0.2407892987,-1.387286539,2,0
0,0,-0.4977532781,-2.569639794,1,0
0,0,-0.8295943832,-3.318411051,0,0
0,0,-1.219884321,-3.902899382,1,-1
1,1,-1.746894765,-5.270104441
0,0,0,0,2,0
0,0,-0.0798525713,-0.798525713,2,0
0,0,-0.2479346936,-1.680821223,0,0
0,0,-0.3799913488,-1.320566552,2,0
0,0,-0.6603153032,-2.803239545,2,0
0,0,-1.100536661,-4.40221358,0,-1
1,1,-1.624180811,-5.236441497
0,0,0,0,2,0
0,0,-0.0913891361,-0.913891361,0,0
0,0,-0.1130981065,-0.2170897041,1,0
0,0,-0.1524069912,-0.3930888467,1,0
0,0,-0.2285692977,-0.7616230649,0,0
0,0,-0.2710488346,-0.4247953688,2,0
0,0,-0.4407354968,-1.696866622,2,0
0,0,-0.7529979338,-3.122624371,0,0
0,0,-1.116268531,-3.632705976,1,-1
1,1,-1.613282473,-4.970139415
0,0,0,0,1,0
0,0,-0.008370073547,-0.08370073547,2,0
0,0,-0.09592169272,-0.8755161917,2,0
0,0,-0.2909394746,-1.950177819,2,0
0,0,-0.6260377069,-3.350982323,2,0
0,0,-1.1033316,-4.772938933,2,-1
1,1,-1.734510769,-6.311791692
0,0,0,0,1,0
0,0,-0.01663072515,-0.1663072515,1,0
0,0,-0.03503863763,-0.1840791249,1,0
0,0,-0.05995979766,-0.2492116002,1,0
0,0,-0.0919021217,-0.3194232404,2,0
0,0,-0.2253568565,-1.334547348,1,0
0,0,-0.3912879452,-1.659310886,2,0
0,0,-0.6861361171,-2.948481719,0,0
0,0,-1.000200725,-3.140646081,0,0
0,0,-1.396251441,-3.960507154,2,-1
1,1,-1.947659355,-5.514079147
0,0,0,0,1,0
0,0,0.01717494537,0.1717494537,2,0
0,0,-0.05231228691,-0.6948723228,1,0
0,0,-0.1202635294,-0.6795124251,1,0
0,0,-0.2160295499,-0.9576602047,0,0
0,0,-0.2701737635,-0.541442136,0,0
0,0,-0.2987468015,-0.28573038,0,0
0,0,-0.2907171304,0.08029671096,0,0
0,0,-0.2533652901,0.3735184029,2,0
0,0,-0.3585797391,-1.05214449,0,0
0,0,-0.4538569323,-0.9527719322,0,0
0,0,-0.5597872935,-1.059303612,1,0
0,0,-0.7485793836,-1.887920901,0,0
0,0,-0.9751515841,-2.265722005,2,0
0,0,-1.37383407,-3.986824855,1,-1
1,1,-1.90997572,-5.361416506
0,0,0,0,0,0
0,0,0.08844780238,0.8844780238,1,0
0,0,0.2017422536,1.132944512,2,0
0,0,0.2701121149,0.6836986128,1,0
0,0,0.3860082703,1.158961554,0,0
0,0,0.6285474144,2.425391441,1,0
0,0,0.9697975919,3.412501776,0,0
0,0,1.482720831,5.129232391,1,-1
1,1,2.139415437,6.566946061
0,0,0,0,1,0
0,0,0.01089271024,0.1089271024,2,0
0,0,-0.0711911888,-0.8208389903,1,0
0,0,-0.1795744855,-1.083832967,0,0
0,0,-0.2225288459,-0.4295436048,0,0
0,0,-0.2208489485,0.01679897447,1,0
0,0,-0.2529118637,-0.320629152,1,0
0,0,-0.3122604783,-0.5934861456,1,0
0,0,-0.4173829476,-1.051224693,0,0
0,0,-0.4963676295,-0.7898468194,2,0
0,0,-0.7167219963,-2.203543668,0,0
0,0,-0.9676151775,-2.508931812,1,0
0,0,-1.344700433,-3.770852557,2,-1
1,1,-1.876789624,-5.320891911
0,0,0,0,0,0
0,0,0.07288409201,0.7288409201,0,0
0,0,0.2321781052,1.592940132,0,0
0,0,0.5256608827,2.934827776,1,0
0,0,0.8998748985,3.742140158,2,0
0,0,1.343775393,4.439004941,0,-1
1,1,1.941063406,5.972880134
0,0,0,0,1,0
0,0,-0.00381923686,-0.0381923686,2,0
0,0,-0.08793771401,-0.8411847715,1,0
0,0,-0.2039922051,-1.160544911,2,0
0,0,-0.4379248466,-2.339326415,0,0
0,0,-0.6635941009,-2.256692543,2,0
0,0,-1.062031413,-3.984373126,1,-1
1,1,-1.577333804,-5.153023906
0,0,0,0,0,0
0,0,0.1047222597,1.047222597,1,0
0,0,0.2290527499,1.243304902,1,0
0,0,0.3823959484,1.533431985,0,0
0,0,0.6799070616,2.975111132,0,0
0,0,1.1476415,4.677344384,1,-1
1,1,1.745423249,5.977817489
0,0,0,0,0,0
0,0,0.09776688266,0.9776688266,2,0
0,0,0.1366419268,0.3887504417,2,0
0,0,0.1177222042,-0.1891972258,0,0
0,0,0.2055377021,0.8781549784,2,0
0,0,0.2403324821,0.3479477997,0,0
0,0,0.4119018371,1.715693551,0,0
0,0,0.730000848,3.180990108,1,0
0,0,1.138591696,4.085908477,0,-1
1,1,1.707223228,5.686315322
0,0,0,0,1,0
0,0,-0.004597124445,-0.04597124445,2,0
0,0,-0.08587437086,-0.8127724642,0,0
0,0,-0.09072216104,-0.04847790172,1,0
0,0,-0.09432942152,-0.03607260481,1,0
0,0,-0.09680047583,-0.02471054311,2,0
0,0,-0.2084753518,-1.116748759,2,0
0,0,-0.4472802625,-2.388049107,1,0
0,0,-0.7611169201,-3.138366576,1,0
0,0,-1.182704934,-4.215880136,1,-1
1,1,-1.730292226,-5.47587292
0,0,0,0,0,0
0,0,0.0791816501,0.791816501,1,0
0,0,0.1758916302,0.9670998009,1,0
0,0,0.3155901616,1.396985314,2,0
0,0,0.4228309365,1.072407749,1,0
0,0,0.5956960959,1.728651594,2,0
0,0,0.8025923783,2.068962824,1,0
0,0,1.117924794,3.153324153,0,-1
1,1,1.598801429,4.808766354
0,0,0,0,2,0
0,0,-0.09902669047,-0.9902669047,2,0
0,0,-0.3066967195,-2.07670029,2,0
0,0,-0.6339839621,-3.272872427,2,0
0,0,-1.109734852,-4.757508896,0,-1
1,1,-1.678013824,-5.682789719
0,0,0,0,2,0
0,0,-0.09303709242,-0.9303709242,0,0
0,0,-0.1113217167,-0.1828462431,1,0
0,0,-0.1565865498,-0.4526483305,2,0
0,0,-0.3033096428,-1.46723093,0,0
0,0,-0.4176555777,-1.143459349,2,0
0,0,-0.6630642621,-2.454086845,0,0
0,0,-0.9501927333,-2.871284712,2,0
0,0,-1.404204512,-4.540117782,1,-1
1,1,-1.999421078,-5.952165665
0,0,0,0,0,0
0,0,0.1034531724,1.034531724,1,0
0,0,0.2291340421,1.256808697,0,0
0,0,0.4903910212,2.612569791,2,0
0,0,0.7463199719,2.559289507,2,0
0,0,1.05610056,3.097805884,1,0
0,0,1.494753321,4.386527605,0,-1
1,1,2.083186522,5.88433201
0,0,0,0,0,0
0,0,0.08041716801,0.8041716801,0,0
0,0,0.264564029,1.84146861,1,0
0,0,0.5038064661,2.39242437,2,0
0,0,0.7534091073,2.496026412,1,0
0,0,1.110631122,3.572220149,1,-1
1,1,1.59785036,4.872192376
0,0,0,0,0,0
0,0,0.07930872343,0.7930872343,2,0
0,0,0.09046061468,0.1115189125,0,0
0,0,0.2206045643,1.301439496,2,0
0,0,0.3080435099,0.8743894555,1,0
0,0,0.4532587296,1.452152197,2,0
0,0,0.6078501538,1.545914242,2,0
0,0,0.773636126,1.657859723,0,0
0,0,1.100559792,3.269236656,1,0
0,0,1.553371901,4.528121095,0,-1
1,1,2.154077988,6.007060872
0,0,0,0,2,0
0,0,-0.09212093348,-0.9212093348,2,0
0,0,-0.2952438678,-2.031229344,2,0
0,0,-0.6441156406,-3.488717728,2,0
0,0,-1.149199875,-5.050842347,1,-1
1,1,-1.782115602,-6.329157268
0,0,0,0,1,0
0,0,0.01715031182,0.1715031182,0,0
0,0,0.137008818,1.198585062,0,0
0,0,0.3765325393,2.395237213,1,0
0,0,0.665832426,2.892998867,2,0
0,0,0.9751734643,3.093410383,2,0
0,0,1.365742681,3.905692162,1,-1
1,1,1.896427532,5.306848515
0,0,0,0,1,0
0,0,0.01729136866,0.1729136866,1,0
0,0,0.02618006578,0.08888697122,2,0
0,0,-0.0367340712,-0.6291413697,1,0
0,0,-0.1113005244,-0.7456645319,2,0
0,0,-0.2994845595,-1.881840351,1,0
0,0,-0.5288234233,-2.293388638,2,0
0,0,-0.917466107,-3.886426837,2,0
0,0,-1.472726685,-5.552605785,0,-1
1,1,-2.162482886,-6.89756201
0,0,0,0,1,0
0,0,0.007728023205,0.07728023205,2,0
0,0,-0.06011799932,-0.6784602252,0,0
0,0,-0.05337265848,0.06745340834,2,0
0,0,-0.1607549073,-1.073822488,2,0
0,0,-0.3657954451,-2.050405378,1,0
0,0,-0.6429097021,-2.77114257,1,0
0,0,-1.014175435,-3.712657331,2,0
0,0,-1.54708198,-5.329065451,0,-1
1,1,-2.224307605,-6.772256247
0,0,0,0,0,0
0,0,0.09080938105,0.9080938105,2,0
0,0,0.09603517674,0.05225795692,2,0
0,0,0.02549821271,-0.7053696403,1,0
0,0,-0.03504920998,-0.6054742268,1,0
0,0,-0.1087245377,-0.7367532776,2,0
0,0,-0.3021744445,-1.934499067,0,0
0,0,-0.4487963425,-1.46621898,0,0
0,0,-0.59165439,-1.428580475,2,0
0,0,-0.9029208877,-3.112664977,2,0
0,0,-1.372853219,-4.699323312,2,-1
1,1,-1.993775393,-6.20922174
0,0,0,0,2,0
0,0,-0.08748134396,-0.8748134396,1,0
0,0,-0.1919756766,-1.044943326,1,0
0,0,-0.3346127243,-1.426370477,0,0
0,0,-0.4368871679,-1.022744436,2,0
0,0,-0.679526955,-2.426397871,0,0
0,0,-0.949260054,-2.69733099,1,0
0,0,-1.333637164,-3.843771103,1,-1
1,1,-1.853864434,-5.202272695
0,0,0,0,0,0
0,0,0.08048825395,0.8048825395,0,0
0,0,0.2676772138,1.871889599,1,0
0,0,0.4969188111,2.292415972,2,0
0,0,0.7136426472,2.167238361,0,0
0,0,1.08465942,3.710167732,1,-1
1,1,1.58020409,4.955446692
0,0,0,0,1,0
0,0,-0.0006294680823,-0.006294680823,1,0
0,0,0.007963223121,0.08592691204,0,0
0,0,0.1074683089,0.9950508578,2,0
0,0,0.1235760757,0.1610776677,0,0
0,0,0.2648601447,1.412840691,1,0
0,0,0.4336033565,1.687432117,1,0
0,0,0.6779715296,2.443681731,2,0
0,0,0.9443058377,2.663343082,2,0
0,0,1.292192266,3.478864278,2,-1
1,1,1.756938873,4.647466077
0,0,0,0,0,0
0,0,0.07525086719,0.7525086719,0,0
0,0,0.2656352516,1.903843844,1,0
0,0,0.4858618791,2.202266276,2,0
0,0,0.71536991,2.295080308,0,0
0,0,1.098092758,3.827228481,0,-1
1,1,1.648065179,5.499724207
0,0,0,0,2,0
0,0,-0.07612664256,-0.7612664256,0,0
0,0,-0.07092771399,0.05198928577,1,0
0,0,-0.09134707818,-0.204193642,2,0
0,0,-0.1997702191,-1.084231409,1,0
0,0,-0.3443758069,-1.446055877,2,0
0,0,-0.6315995837,-2.872237769,2,0
0,0,-1.076141333,-4.445417489,0,-1
1,1,-1.605852792,-5.297114593
0,0,0,0,0,0
0,0,0.0896547103,0.896547103,2,0
0,0,0.09332752439,0.03672814092,0,0
0,0,0.1908972786,0.9756975424,1,0
0,0,0.3359836714,1.450863927,2,0
0,0,0.455048285,1.190646136,2,0
0,0,0.5599467187,1.048984338,2,0
0,0,0.6707937302,1.108470114,1,0
0,0,0.8756103692,2.04816639,2,0
0,0,1.15601202,2.804016509,2,0
0,0,1.540494867,3.844828464,1,-1
1,1,2.071380838,5.308859714
0,0,0,0,1,0
0,0,-0.00528128598,-0.0528128598,0,0
0,0,0.07760062843,0.8288191441,1,0
0,0,0.164799419,0.8719879053,0,0
0,0,0.3635869936,1.987875746,1,0
0,0,0.6115870926,2.48000099,2,0
0,0,0.8801642089,2.685771163,1,0
0,0,1.257626321,3.774621125,0,-1
1,1,1.79377239,5.361460683
0,0,0,0,2,0
0,0,-0.07736426571,-0.7736426571,0,0
0,0,-0.09184498678,-0.1448072107,0,0
0,0,-0.0200725638,0.7177242299,0,0
0,0,0.1358657247,1.559382885,1,0
0,0,0.3154253329,1.795596082,2,0
0,0,0.4660022842,1.505769512,0,0
0,0,0.7612804994,2.952782152,0,0
0,0,1.229851972,4.685714726,2,-1
1,1,1.806565782,5.767138102
0,0,0,0,0,0
0,0,0.1046435056,1.046435056,0,0
0,0,0.3156263372,2.109828317,2,0
0,0,0.5052899052,1.89663568,0,0
0,0,0.8463499134,3.410600082,2,0
0,0,1.236073874,3.897239602,1,-1
1,1,1.756492543,5.204186698
0,0,0,0,0,0
0,0,0.07799698506,0.7799698506,2,0
0,0,0.08495257478,0.06955589725,2,0
0,0,0.007075382209,-0.7787719258,0,0
0,0,0.02949061867,0.2241523646,1,0
0,0,0.05126710424,0.2177648557,0,0
0,0,0.1578775729,1.066104686,0,0
0,0,0.3726612384,2.147836655,0,0
0,0,0.7145970359,3.419357975,1,0
0,0,1.15876827,4.441712339,2,-1
1,1,1.69795374,5.391854703
0,0,0,0,0,0
0,0,0.08443393429,0.8443393429,2,0
0,0,0.1074694835,0.2303554921,1,0
0,0,0.1604733922,0.5300390874,2,0
0,0,0.1671319867,0.06658594501,2,0
0,0,0.1070991757,-0.6003281106,2,0
0,0,-0.03758159841,-1.446807741,1,0
0,0,-0.1791658128,-1.415842144,2,0
0,0,-0.4432441711,-2.640783583,0,0
0,0,-0.7002062183,-2.569620472,0,0
0,0,-1.003928132,-3.037219136,0,0
0,0,-1.393375837,-3.894477052,0,-1
1,1,-1.909892483,-5.165166458
0,0,0,0,2,0
0,0,-0.0769843705,-0.769843705,1,0
0,0,-0.1754655151,-0.9848114463,1,0
0,0,-0.2932126827,-1.177471676,0,0
0,0,-0.3729084876,-0.7969580484,1,0
0,0,-0.5152403847,-1.423318971,1,0
0,0,-0.7425716281,-2.273312434,0,0
0,0,-1.015058261,-2.724866326,0,0
0,0,-1.369788322,-3.547300613,2,-1
1,1,-1.88070964,-5.109213181
0,0,0,0,1,0
0,0,0.0172323355,0.172323355,2,0
0,0,-0.03468980886,-0.5192214436,2,0
0,0,-0.1842751722,-1.495853634,0,0
0,0,-0.284523269,-1.002480968,0,0
0,0,-0.3424039813,-0.5788071228,0,0
0,0,-0.3728273541,-0.3042337281,0,0
0,0,-0.3771402286,-0.04312874538,1,0
0,0,-0.4307899225,-0.5364969392,0,0
0,0,-0.484448222,-0.536582995,0,0
0,0,-0.5265223101,-0.4207408808,0,0
0,0,-0.5760041748,-0.4948186472,0,0
0,0,-0.6426428346,-0.666386598,2,0
0,0,-0.877666749,-2.350239143,2,0
0,0,-1.284408213,-4.067414643,1,-1
1,1,-1.82913742,-5.447292065
0,0,0,0,0,0
0,0,0.07950833627,0.7950833627,1,0
0,0,0.1718121837,0.9230384746,1,0
0,0,0.3075077267,1.356955429,1,0
0,0,0.5100072239,2.024994973,1,0
0,0,0.7846739074,2.746666835,1,0
0,0,1.162645469,3.779715613,0,-1
1,1,1.699005685,5.363602167
0,0,0,0,0,0
0,0,0.07335701793,0.7335701793,0,0
0,0,0.2565358997,1.831788818,1,0
0,0,0.4648841504,2.083482507,0,0
0,0,0.8085971839,3.437130335,1,0
0,0,1.257987871,4.493906874,2,-1
1,1,1.817742898,5.597550271
0,0,0,0,2,0
0,0,-0.079763585,-0.79763585,1,0
0,0,-0.1809804671,-1.012168821,0,0
0,0,-0.2183245001,-0.3734403301,1,0
0,0,-0.3079092701,-0.8958476999,1,0
0,0,-0.4359764671,-1.28067197,2,0
0,0,-0.7236459674,-2.876695002,0,0
0,0,-1.048706275,-3.250603077,2,0
0,0,-1.537318686,-4.886124107,2,-1
1,1,-2.174620157,-6.37301471
0,0,0,0,1,0
0,0,-0.0143705935,-0.143705935,2,0
0,0,-0.1360409285,-1.21670335,2,0
0,0,-0.3590921842,-2.230512557,1,0
0,0,-0.6453564258,-2.862642416,1,0
0,0,-1.019562255,-3.742058291,1,0
0,0,-1.51161876,-4.920565051,0,-1
1,1,-2.143884321,-6.322655614
0,0,0,0,1,0
0,0,-0.007847451218,-0.07847451218,2,0
0,0,-0.09230038194,-0.8445293072,1,0
0,0,-0.1752855967,-0.8298521471,2,0
0,0,-0.384968828,-2.096832313,1,0
0,0,-0.6490011015,-2.640322735,2,0
0,0,-1.080174369,-4.311732673,0,-1
1,1,-1.600992887,-5.208185177
0,0,0,0,0,0
0,0,0.09627886747,0.9627886747,1,0
0,0,0.2233972867,1.271184192,2,0
0,0,0.3126526122,0.8925532548,1,0
0,0,0.4690903043,1.564376922,0,0
0,0,0.7709837745,3.018934701,2,0
0,0,1.115638033,3.446542582,0,-1
1,1,1.621410718,5.057726851
0,0,0,0,2,0
0,0,-0.09901301071,-0.9901301071,0,0
0,0,-0.1433207765,-0.4430776578,2,0
0,0,-0.2983874207,-1.550666442,0,0
0,0,-0.4031425292,-1.047551085,0,0
0,0,-0.4858998397,-0.8275731051,2,0
0,0,-0.7337105798,-2.478107401,2,0
0,0,-1.152351814,-4.186412338,1,-1
1,1,-1.70197167,-5.496198564
0,0,0,0,2,0
0,0,-0.08058215326,-0.8058215326,0,0
0,0,-0.07446143928,0.06120713974,0,0
0,0,0.01393491237,0.8839635165,2,0
0,0,0.02916226782,0.1522735545,1,0
0,0,0.03906880077,0.09906532945,0,0
0,0,0.1440013244,1.049325236,1,0
0,0,0.2818683129,1.378669885,1,0
0,0,0.4513278914,1.694595785,2,0
0,0,0.6298018237,1.784739322,2,0
0,0,0.8469038244,2.171020007,2,0
0,0,1.117136587,2.702327628,2,0
0,0,1.482861652,3.65725065,1,-1
1,1,1.994231728,5.113700759
0,0,0,0,1,0
0,0,0.0002293019089,0.002293019089,0,0
0,0,0.07334975449,0.7312045258,1,0
0,0,0.1703998297,0.9705007519,0,0
0,0,0.3910209074,2.206210778,1,0
0,0,0.6592318447,2.682109372,2,0
0,0,0.9539832155,2.947513709,1,0
0,0,1.36145975,4.074765342,2,-1
1,1,1.890828719,5.293689696
0,0,0,0,1,0
0,0,0.01070430384,0.1070430384,2,0
0,0,-0.08257985304,-0.9328415689,2,0
0,0,-0.2882975893,-2.057177363,1,0
0,0,-0.5385505569,-2.502529675,2,0
0,0,-0.9528565468,-4.143059899,1,0
0,0,-1.47913203,-5.262754835,0,-1
1,1,-2.140013815,-6.608817846
0,0,0,0,1,0
0,0,-0.01440317193,-0.1440317193,2,0
0,0,-0.1028288829,-0.8842571095,1,0
0,0,-0.2155229186,-1.126940358,1,0
0,0,-0.3603228216,-1.447999029,0,0
0,0,-0.4957713108,-1.354484892,2,0
0,0,-0.7955162685,-2.997449578,2,0
0,0,-1.268196999,-4.726807307,0,-1
1,1,-1.854926681,-5.867296818
0,0,0,0,2,0
0,0,-0.08116953859,-0.8116953859,1,0
0,0,-0.161376253,-0.8020671442,2,0
0,0,-0.3389457753,-1.775695223,1,0
0,0,-0.5770618902,-2.381161149,0,0
0,0,-0.8345079238,-2.574460336,0,0
0,0,-1.147268946,-3.127610225,2,-1
1,1,-1.620856437,-4.735874907
0,0,0,0,0,0
0,0,0.09455448852,0.9455448852,0,0
0,0,0.2871366138,1.925821253,0,0
0,0,0.6221833205,3.350467067,2,0
0,0,0.9763030447,3.541197242,1,0
0,0,1.446514382,4.702113377,1,-1
1,1,2.058361818,6.118474352
0,0,0,0,1,0
0,0,0.01587704337,0.1587704337,2,0
0,0,-0.05835237323,-0.742294166,0,0
0,0,-0.07146666269,-0.1311428946,2,0
0,0,-0.1964583062,-1.249916435,2,0
0,0,-0.4441002359,-2.476419297,1,0
0,0,-0.7458323508,-3.017321149,1,0
0,0,-1.157672813,-4.118404619,1,-1
1,1,-1.698126408,-5.404535952
0,0,0,0,1,0
0,0,0.01602954103,0.1602954103,2,0
0,0,-0.05791280936,-0.7394235039,2,0
0,0,-0.241610558,-1.836977487,1,0
0,0,-0.4727406445,-2.311300864,0,0
0,0,-0.7120525714,-2.393119269,0,0
0,0,-0.9794371733,-2.673846019,0,0
0,0,-1.322912873,-3.434756994,0,-1
1,1,-1.789010937,-4.660980643
0,0,0,0,0,0
0,0,0.0975885318,0.975885318,1,0
0,0,0.2237676407,1.261791089,1,0
0,0,0.4026363439,1.788687032,2,0
0,0,0.5786841698,1.760478259,1,0
0,0,0.8417417008,2.63057531,1,0
0,0,1.225506974,3.837652733,0,-1
1,1,1.768192895,5.426859207
0,0,0,0,0,0
0,0,0.09184068853,0.9184068853,0,0
0,0,0.303022104,2.111814155,2,0
0,0,0.4727544487,1.697323447,0,0
0,0,0.7841962224,3.114417737,1,0
0,0,1.200493682,4.162974591,0,-1
1,1,1.778808477,5.783147958
0,0,0,0,2,0
0,0,-0.078214294,-0.78214294,0,0
0,0,-0.0990254426,-0.208111486,0,0
0,0,-0.06530687424,0.3371856836,0,0
0,0,0.03547793794,1.007848122,0,0
0,0,0.2160126607,1.805347227,2,0
0,0,0.3578354318,1.418227712,2,0
0,0,0.4782862597,1.204508279,0,0
0,0,0.7366967148,2.584104551,1,0
0,0,1.093637019,3.569403046,0,-1
1,1,1.609334007,5.156969878
0,0,0,0,2,0
0,0,-0.08848860789,-0.8848860789,2,0
0,0,-0.2776033682,-1.891147603,1,0
0,0,-0.5276114061,-2.500080379,0,0
0,0,-0.7775626308,-2.499512247,1,0
0,0,-1.133304846,-3.55742215,1,-1
1,1,-1.61899046,-4.856856139
0,0,0,0,2,0
0,0,-0.07311481065,-0.7311481065,0,0
0,0,-0.08125637036,-0.08141559708,0,0
0,0,-0.01881544583,0.6244092453,0,0
0,0,0.1176704268,1.364858726,0,0
0,0,0.3656476509,2.479772241,1,0
0,0,0.6724522565,3.068046056,1,0
0,0,1.072112076,3.996598193,0,-1
1,1,1.631708144,5.595960678
0,0,0,0,1,0
0,0,0.007206651042,0.07206651042,1,0
0,0,0.01502923818,0.07822587135,2,0
0,0,-0.06310196952,-0.781312077,1,0
0,0,-0.137071753,-0.7396978351,0,0
0,0,-0.1433002287,-0.06228475613,0,0
0,0,-0.08959743183,0.5370279682,2,0
0,0,-0.1281457661,-0.3854833431,2,0
0,0,-0.2708703511,-1.427245849,1,0
0,0,-0.4529458938,-1.820755427,1,0
0,0,-0.7091481249,-2.562022311,1,0
0,0,-1.060188662,-3.510405368,1,0
0,0,-1.529215757,-4.690270951,2,-1
1,1,-2.14684623,-6.176304735
0,0,0,0,1,0
0,0,-0.001037626663,-0.01037626663,1,0
0,0,0.001422120004,0.02459746667,0,0
0,0,0.08210085594,0.8067873593,0,0
0,0,0.2540717506,1.719708947,2,0
0,0,0.3701951285,1.161233778,2,0
0,0,0.4704542763,1.002591478,1,0
0,0,0.6526396541,1.821853777,1,0
0,0,0.9325464387,2.799067846,1,0
0,0,1.335267359,4.027209198,1,-1
1,1,1.875417968,5.401506096
0,0,0,0,0,0
0,0,0.1038788577,1.038788577,2,0
0,0,0.1400573095,0.361784518,1,0
0,0,0.2017975042,0.6174019468,0,0
0,0,0.3703903672,1.68592863,0,0
0,0,0.669080787,2.986904199,2,0
0,0,1.004700242,3.35619455,0,0
0,0,1.506312597,5.016123545,1,-1
1,1,2.151868671,6.455560748
0,0,0,0,0,0
0,0,0.09452944051,0.9452944051,0,0
0,0,0.2896142728,1.950848323,1,0
0,0,0.5412806505,2.516663777,1,0
0,0,0.871137091,3.298564404,2,0
0,0,1.256346778,3.852096869,1,-1
1,1,1.77901251,5.226657319
0,0,0,0,0,0
0,0,0.08943789652,0.8943789652,2,0
0,0,0.1021384659,0.1270056934,2,0
0,0,0.03772528755,-0.644131783,2,0
0,0,-0.1234325097,-1.611577972,2,0
0,0,-0.375560682,-2.521281723,0,0
0,0,-0.6006572442,-2.250965622,2,0
0,0,-0.9702166719,-3.695594277,0,0
0,0,-1.410928624,-4.407119518,1,-1
1,1,-1.993906433,-5.829778098
0,0,0,0,1,0
0,0,-0.01063368683,-0.1063368683,0,0
0,0,0.0802122247,0.9084591153,2,0
0,0,0.09240343932,0.1219121462,0,0
0,0,0.1911899724,0.9878653312,2,0
0,0,0.2241624229,0.3297245051,1,0
0,0,0.2931356496,0.6897322668,1,0
0,0,0.399959857,1.068242073,1,0
0,0,0.557436562,1.57476705,1,0
0,0,0.8086950703,2.512585083,1,0
0,0,1.178767984,3.700729135,0,-1
1,1,1.707041993,5.282740094
0,0,0,0,1,0
0,0,0.007976918351,0.07976918351,0,0
0,0,0.08973704475,0.817601264,0,0
0,0,0.2891276068,1.993905621,1,0
0,0,0.526429871,2.373022641,0,0
0,0,0.9013114807,3.748816097,1,0
0,0,1.378739748,4.774282669,1,-1
1,1,1.995196698,6.164569499
0,0,0,0,2,0
0,0,-0.1021081836,-1.021081836,0,0
0,0,-0.126025124,-0.2391694036,1,0
0,0,-0.1770759571,-0.5105083315,0,0
0,0,-0.180690598,-0.03614640904,1,0
0,0,-0.200878818,-0.2018821992,0,0
0,0,-0.1746731522,0.2620566572,0,0
0,0,-0.09188974195,0.8278341028,1,0
0,0,-0.02436419258,0.6752554938,1,0
0,0,0.05593727041,0.8030146299,1,0
0,0,0.132644339,0.7670706862,1,0
0,0,0.2343279136,1.016835745,2,0
0,0,0.2929187098,0.5859079618,1,0
0,0,0.4092315625,1.163128527,0,0
0,0,0.6672257927,2.579942302,2,0
0,0,0.9433327167,2.761069241,0,0
0,0,1.382040841,4.387081239,1,-1
1,1,1.960146922,5.781060812
0,0,0,0,1,0
0,0,0.000356948314,0.00356948314,1,0
0,0,-0.004495209528,-0.04852157842,2,0
0,0,-0.1083122339,-1.038170244,2,0
0,0,-0.326476988,-2.18164754,0,0
0,0,-0.5220559393,-1.955789513,2,0
0,0,-0.8812145752,-3.591586358,0,0
0,0,-1.290701152,-4.094865769,0,-1
1,1,-1.815537702,-5.248365504
0,0,0,0,1,0
0,0,0.002635569051,0.02635569051,0,0
0,0,0.09508428468,0.9244871563,0,0
0,0,0.2858971779,1.908128933,1,0
0,0,0.5368785521,2.509813742,2,0
0,0,0.7870817147,2.502031626,2,0
0,0,1.089201683,3.021199687,1,0
0,0,1.518986616,4.297849321,2,-1
1,1,2.09031516,5.713285443
0,0,0,0,1,0
0,0,-0.00638358553,-0.0638358553,1,0
0,0,-0.02133112744,-0.149475419,1,0
0,0,-0.05084868715,-0.2951755972,1,0
0,0,-0.09426136518,-0.4341267803,1,0
0,0,-0.1576993711,-0.6343800592,0,0
0,0,-0.1657394059,-0.08040034773,1,0
0,0,-0.203986532,-0.3824712612,0,0
0,0,-0.1837453537,0.2024117833,0,0
0,0,-0.09574335126,0.880020024,0,0
0,0,0.0537044984,1.494478497,2,0
0,0,0.1233580326,0.6965353422,2,0
0,0,0.1124225477,-0.1093548489,0,0
0,0,0.2159865739,1.035640262,1,0
0,0,0.3533958355,1.374092616,2,0
0,0,0.4789384496,1.255426141,1,0
0,0,0.674045823,1.951073734,0,0
0,0,1.028632126,3.545863031,2,0
0,0,1.47052012,4.418879941,2,-1
1,1,2.049572108,5.790519878
0,0,0,0,2,0
0,0,-0.09257806982,-0.9257806982,2,0
0,0,-0.272626373,-1.800483032,2,0
0,0,-0.5977432094,-3.251168364,0,0
0,0,-0.9332422923,-3.354990829,2,0
0,0,-1.425332812,-4.920905201,0,-1
1,1,-2.046785884,-6.214530714
0,0,0,0,1,0
0,0,0.01689513566,0.1689513566,1,0
0,0,0.05398404919,0.3708891353,1,0
0,0,0.09938323658,0.4539918739,2,0
0,0,0.07025974051,-0.2912349607,1,0
0,0,0.06906130621,-0.01198434297,2,0
0,0,-0.01088858827,-0.7994989448,0,0
0,0,0.0005723262501,0.1146091452,1,0
0,0,0.004028320056,0.03455993806,1,0
0,0,0.01932266189,0.1529434183,0,0
0,0,0.1352182891,1.158956272,0,0
0,0,0.3701719214,2.349536323,1,0
0,0,0.6676328119,2.974608905,1,0
0,0,1.052272149,3.846393371,1,0
0,0,1.563556706,5.112845572,1,-1
1,1,2.221591426,6.580347202
0,0,0,0,0,0
0,0,0.08863739544,0.8863739544,2,0
0,0,0.09098181892,0.02344423477,0,0
0,0,0.1943372169,1.03355398,2,0
0,0,0.2600976525,0.6576043562,0,0
0,0,0.4698837046,2.097860521,2,0
0,0,0.6781963296,2.083126251,1,0
0,0,0.9900034565,3.118071268,0,0
0,0,1.473990812,4.83987356,0,-1
1,1,2.10763898,6.336481679
0,0,0,0,2,0
0,0,-0.07735580624,-0.7735580624,2,0
0,0,-0.2611843192,-1.838285129,2,0
0,0,-0.5699272885,-3.087429694,2,0
0,0,-1.042013789,-4.720865006,0,-1
1,1,-1.598265908,-5.562521191
0,0,0,0,2,0
0,0,-0.09982111203,-0.9982111203,0,0
0,0,-0.1200097288,-0.2018861674,1,0
0,0,-0.1745700884,-0.5456035965,1,0
0,0,-0.2576681357,-0.8309804726,2,0
0,0,-0.4586721532,-2.010040175,2,0
0,0,-0.8224664526,-3.637942995,0,0
0,0,-1.240880253,-4.184138004,2,-1
1,1,-1.817796927,-5.769166741
0,0,0,0,2,0
0,0,-0.102097147,-1.02097147,2,0
0,0,-0.3084698007,-2.063726537,1,0
0,0,-0.5599432144,-2.514734137,0,0
0,0,-0.8261374811,-2.661942667,0,0
0,0,-1.15360596,-3.274684791,0,-1
1,1,-1.587538862,-4.339329023
0,0,0,0,1,0
0,0,-0.004848319889,-0.04848319889,2,0
0,0,-0.08773667969,-0.828883598,1,0
0,0,-0.1981259152,-1.103892355,2,0
0,0,-0.4446755284,-2.465496132,0,0
0,0,-0.6748258703,-2.301503419,0,0
0,0,-0.9460120072,-2.711861369,2,0
0,0,-1.374942676,-4.289306693,2,-1
1,1,-1.960959739,-5.860170628
0,0,0,0,0,0
0,0,0.09576142012,0.9576142012,2,0
0,0,0.1159774347,0.2021601457,0,0
0,0,0.2454283162,1.294508815,1,0
0,0,0.4197217452,1.74293429,0,0
0,0,0.7324572274,3.127354822,2,0
0,0,1.072889972,3.404327449,0,-1
1,1,1.578522682,5.056327099
0,0,0,0,2,0
0,0,-0.09813583919,-0.9813583919,2,0
0,0,-0.3083538233,-2.102179841,1,0
0,0,-0.5776683445,-2.693145212,1,0
0,0,-0.9449509715,-3.672826269,1,0
0,0,-1.434841784,-4.89890813,0,-1
1,1,-2.055490663,-6.206488786
0,0,0,0,0,0
0,0,0.08080761273,0.8080761273,1,0
0,0,0.1916871139,1.108795011,2,0
0,0,0.2437234643,0.5203635048,2,0
0,0,0.2556851689,0.1196170454,1,0
0,0,0.3264859185,0.7080074961,1,0
0,0,0.4673019478,1.408160293,2,0
0,0,0.6186704461,1.513684983,0,0
0,0,0.9313668008,3.126963547,1,0
0,0,1.363711526,4.323447256,2,-1
1,1,1.918688385,5.549768584
0,0,0,0,2,0
0,0,-0.09364052869,-0.9364052869,0,0
0,0,-0.09957448781,-0.05933959119,2,0
0,0,-0.2017669445,-1.021924567,1,0
0,0,-0.3442796032,-1.425126587,2,0
0,0,-0.6133516319,-2.690720287,0,0
0,0,-0.9019136944,-2.885620625,1,0
0,0,-1.314453876,-4.12540182,1,-1
1,1,-1.865838385,-5.513845087
0,0,0,0,1,0
0,0,-0.0158442913,-0.158442913,0,0
0,0,0.04258333957,0.5842763087,2,0
0,0,0.00792087541,-0.3466246416,1,0
0,0,-0.03063445411,-0.3855532953,1,0
0,0,-0.06632724933,-0.3569279521,2,0
0,0,-0.2064870675,-1.401598182,0,0
0,0,-0.3096505334,-1.031634659,0,0
0,0,-0.3886893293,-0.7903879593,0,0
0,0,-0.4485307408,-0.598414115,1,0
0,0,-0.585784938,-1.372541971,1,0
0,0,-0.8087593629,-2.229744249,0,0
0,0,-1.093558979,-2.847996159,1,0
0,0,-1.503745097,-4.101861184,2,-1
1,1,-2.063566517,-5.598214193
0,0,0,0,1,0
0,0,-0.002951895604,-0.02951895604,0,0
0,0,0.08007976867,0.8303166428,1,0
0,0,0.1854900636,1.054102949,1,0
0,0,0.3055889274,1.200988638,1,0
0,0,0.4742730536,1.686841262,0,0
0,0,0.7867940809,3.125210272,0,0
0,0,1.250120533,4.63326452,2,-1
1,1,1.819223795,5.691032622
0,0,0,0,0,0
0,0,0.1051930484,1.051930484,1,0
0,0,0.217926938,1.127338897,1,0
0,0,0.3645855899,1.466586519,2,0
0,0,0.4910923431,1.265067532,0,0
0,0,0.7563786914,2.652863483,1,0
0,0,1.135148668,3.787699769,0,-1
1,1,1.675242906,5.400942379
0,0,0,0,0,0
0,0,0.1032470461,1.032470461,0,0
0,0,0.2995203385,1.962732924,0,0
0,0,0.6370300929,3.375097544,2,0
0,0,1.007808287,3.70778194,2,0
0,0,1.461264672,4.534563849,0,-1
1,1,2.065872511,6.046078393
0,0,0,0,1,0
0,0,-0.01614770809,-0.1614770809,0,0
0,0,0.03678016445,0.5292787254,1,0
0,0,0.08563210349,0.4885193904,2,0
0,0,0.0527138198,-0.3291828369,1,0
0,0,0.03981236883,-0.1290145097,1,0
0,0,0.02198685173,-0.178255171,0,0
0,0,0.1028348712,0.8084801949,1,0
0,0,0.2000412595,0.9720638831,0,0
0,0,0.4019692516,2.019279921,0,0
0,0,0.7490643274,3.470950757,0,0
0,0,1.25514253,5.060782022,1,-1
1,1,1.89475693,6.396144007
0,0,0,0,2,0
0,0,-0.09375617425,-0.9375617425,0,0
0,0,-0.1324224419,-0.3866626765,0,0
0,0,-0.116752895,0.1566954693,2,0
0,0,-0.209270191,-0.9251729603,1,0
0,0,-0.3336962675,-1.244260765,2,0
0,0,-0.5848792479,-2.511829803,0,0
0,0,-0.8659442428,-2.81064995,2,0
0,0,-1.310630197,-4.44685954,1,-1
1,1,-1.892025261,-5.813950637
0,0,0,0,0,0
0,0,0.07544228327,0.7544228327,2,0
0,0,0.06715394808,-0.08288335188,1,0
0,0,0.06451902796,-0.02634920118,0,0
0,0,0.1462423464,0.8172331839,1,0
0,0,0.2676829758,1.214406294,2,0
0,0,0.3555833022,0.8790032644,2,0
0,0,0.4130480088,0.5746470656,0,0
0,0,0.6163620911,2.033140823,1,0
0,0,0.8996746487,2.833125576,2,0
0,0,1.25220595,3.525313016,2,-1
1,1,1.718354989,4.661490389
0,0,0,0,0,0
0,0,0.0724840894,0.724840894,1,0
0,0,0.1506306058,0.7814651641,1,0
0,0,0.2587012365,1.080706307,0,0
0,0,0.5099877014,2.512864649,1,0
0,0,0.8388288165,3.288411151,2,0
0,0,1.219569626,3.807408093,2,-1
1,1,1.705763661,4.861940353
0,0,0,0,1,0
0,0,-0.003007699947,-0.03007699947,0,0
0,0,0.09734605015,1.003537501,2,0
0,0,0.1277409687,0.3039491857,1,0
0,0,0.1645781612,0.3683719253,0,0
0,0,0.3177287061,1.531505448,0,0
0,0,0.596531876,2.788031699,2,0
0,0,0.8810513022,2.845194262,0,0
0,0,1.332980562,4.519292599,0,-1
1,1,1.937934928,6.049543664
0,0,0,0,0,0
0,0,0.1043516108,1.043516108,0,0
0,0,0.3225556893,2.182040785,0,0
0,0,0.6600307146,3.374750252,1,0
0,0,1.098586842,4.385561278,2,-1
1,1,1.62265862,5.240717774
0,0,0,0,1,0
0,0,0.003675312114,0.03675312114,1,0
0,0,0.005648101054,0.01972788941,1,0
0,0,-0.0009644904278,-0.06612591482,2,0
0,0,-0.1135653684,-1.12600878,0,0
0,0,-0.1648143406,-0.5124897219,2,0
0,0,-0.3444290027,-1.79614662,2,0
0,0,-0.6733922981,-3.289632954,2,0
0,0,-1.169807233,-4.964149354,0,-1
1,1,-1.763398322,-5.935910882
0,0,0,0,0,0
0,0,0.09442693373,0.9442693373,2,0
0,0,0.1063845961,0.1195766238,1,0
0,0,0.149238059,0.4285346294,1,0
0,0,0.225316072,0.7607801298,1,0
0,0,0.3338535167,1.085374447,2,0
0,0,0.4257040221,0.9185050535,2,0
0,0,0.4968059765,0.7110195439,0,0
0,0,0.7340493318,2.372433553,0,0
0,0,1.126042518,3.919931861,1,-1
1,1,1.638996665,5.129541471
0,0,0,0,2,0
0,0,-0.09636360351,-0.9636360351,2,0
0,0,-0.2848019614,-1.884383579,1,0
0,0,-0.5105967302,-2.257947688,1,0
0,0,-0.8150706387,-3.044739084,0,0
0,0,-1.182540223,-3.674695844,1,-1
1,1,-1.686195734,-5.036555109
0,0,0,0,1,0
0,0,0.0007914890335,0.007914890335,1,0
0,0,-0.01173421505,-0.1252570409,1,0
0,0,-0.03872987896,-0.2699566391,1,0
0,0,-0.07289323194,-0.3416335298,1,0
0,0,-0.1042979226,-0.3140469065,0,0
0,0,-0.06476836083,0.3952956175,0,0
0,0,0.05126509929,1.160334601,1,0
0,0,0.1586164086,1.073513094,0,0
0,0,0.3827505279,2.241341193,0,0
0,0,0.7369113809,3.541608529,0,0
0,0,1.2574752,5.205638196,1,-1
1,1,1.905804893,6.483296923
0,0,0,0,1,0
0,0,-0.01623912121,-0.1623912121,0,0
0,0,0.06201515151,0.7825427272,0,0
0,0,0.2497624811,1.877473296,0,0
0,0,0.5619985513,3.122360701,2,0
0,0,0.8963090579,3.343105066,2,0
0,0,1.291003721,3.946946629,0,-1
1,1,1.841384595,5.50380874
0,0,0,0,1,0
0,0,-0.0030684625,-0.030684625,2,0
0,0,-0.08065097237,-0.7758250987,2,0
0,0,-0.2634495879,-1.827986155,2,0
0,0,-0.5832348544,-3.197852665,0,0
0,0,-0.9047982771,-3.215634227,1,0
0,0,-1.347800142,-4.430018651,0,-1
1,1,-1.912898217,-5.650980747
0,0,0,0,1,0
0,0,-0.01600755528,-0.1600755528,1,0
0,0,-0.03449615438,-0.184885991,0,0
0,0,0.02067821912,0.551743735,0,0
0,0,0.1557142486,1.350360295,0,0
0,0,0.4063342616,2.50620013,2,0
0,0,0.6440163507,2.376820891,2,0
0,0,0.9167408169,2.727244663,0,0
0,0,1.364907166,4.481663492,0,-1
1,1,1.96778648,6.028793134
0,0,0,0,1,0
0,0,0.01510718843,0.1510718843,1,0
0,0,0.0493479493,0.3424076087,0,0
0,0,0.1810951668,1.317472175,0,0
0,0,0.4373800799,2.562849132,0,0
0,0,0.8459044587,4.085243788,1,0
0,0,1.35211692,5.062124615,2,-1
1,1,1.977283076,6.25166156
0,0,0,0,2,0
0,0,-0.07288790169,-0.7288790169,0,0
0,0,-0.06695590348,0.0593199821,1,0
0,0,-0.08796418482,-0.2100828134,1,0
0,0,-0.1172553889,-0.2929120413,0,0
0,0,-0.07519876493,0.4205662402,0,0
0,0,0.03945189968,1.146506646,2,0
0,0,0.06913792009,0.2968602041,1,0
0,0,0.09920953835,0.3007161826,0,0
0,0,0.2331540711,1.339445328,0,0
0,0,0.4907335098,2.575794387,2,0
0,0,0.7424311288,2.51697619,1,0
0,0,1.091052685,3.48621556,1,0
0,0,1.569940904,4.788882189,2,-1
1,1,2.195746561,6.25805657
0,0,0,0,0,0
0,0,0.09876581611,0.9876581611,1,0
0,0,0.2185469048,1.197810886,2,0
0,0,0.2784839967,0.5993709197,1,0
0,0,0.3757952539,0.973112572,2,0
0,0,0.4452856804,0.6949042644,1,0
0,0,0.5860338204,1.4074814,1,0
0,0,0.820103235,2.340694146,0,0
0,0,1.213198497,3.930952624,1,-1
1,1,1.740644213,5.274457157
0,0,0,0,2,0
0,0,-0.09750586683,-0.9750586683,2,0
0,0,-0.3104943072,-2.129884404,0,0
0,0,-0.4999954917,-1.895011845,2,0
0,0,-0.8429970149,-3.430015233,0,0
0,0,-1.250520841,-4.075238257,0,-1
1,1,-1.771137102,-5.206162618
0,0,0,0,2,0
0,0,-0.08402709205,-0.8402709205,2,0
0,0,-0.284761828,-2.00734736,1,0
0,0,-0.541215402,-2.56453574,0,0
0,0,-0.8138476505,-2.726322484,2,0
0,0,-1.257805766,-4.43958116,0,-1
1,1,-1.81436928,-5.565635135
0,0,0,0,1,0
0,0,0.0003599989446,0.003599989446,0,0
0,0,0.09970817913,0.9934818019,0,0
0,0,0.305083327,2.053751478,0,0
0,0,0.6450362963,3.399529693,0,0
0,0,1.130716484,4.856801873,0,-1
1,1,1.775459431,6.447429479
0,0,0,0,1,0
0,0,0.004412047754,0.04412047754,0,0
0,0,0.08044322593,0.7603117817,0,0
0,0,0.2630056347,1.825624087,1,0
0,0,0.4944857427,2.314801081,0,0
0,0,0.8698063528,3.7532061,0,0
0,0,1.415367143,5.455607904,2,-1
1,1,2.090376741,6.750095978
0,0,0,0,2,0
0,0,-0.08969240035,-0.8969240035,0,0
0,0,-0.09197035656,-0.02277956211,2,0
0,0,-0.1828836235,-0.9091326696,2,0
0,0,-0.3869758984,-2.040922749,1,0
0,0,-0.6423395485,-2.553636501,0,0
0,0,-0.9238943559,-2.815548074,2,0
0,0,-1.377081568,-4.531872124,1,-1
1,1,-1.969718454,-5.926368856
0,0,0,0,0,0
0,0,0.0843722062,0.843722062,1,0
0,0,0.179893316,0.9552110982,0,0
0,0,0.3893593354,2.094660194,1,0
0,0,0.6727997904,2.83440455,0,0
0,0,1.123238623,4.504388325,2,-1
1,1,1.667290455,5.440518316
0,0,0,0,1,0
0,0,0.01129397064,0.1129397064,1,0
0,0,0.03517425069,0.2388028006,2,0
0,0,-0.008526694838,-0.4370094553,0,0
0,0,0.04105530324,0.4958199808,1,0
0,0,0.08735663,0.4630132676,0,0
0,0,0.2290979302,1.417413002,1,0
0,0,0.4224332747,1.933353445,0,0
0,0,0.7548055612,3.323722866,2,0
0,0,1.131833772,3.770282108,2,-1
1,1,1.608690274,4.768565022
0,0,0,0,2,0
0,0,-0.09256927934,-0.9256927934,0,0
0,0,-0.125295001,-0.3272572163,2,0
0,0,-0.2635251199,-1.382301189,0,0
0,0,-0.3733930244,-1.098679045,0,0
0,0,-0.4623220671,-0.8892904272,2,0
0,0,-0.7065310432,-2.442089761,1,0
0,0,-1.044386973,-3.378559296,1,0
0,0,-1.503865502,-4.594785289,0,-1
1,1,-2.10360375,-5.997382482
0,0,0,0,1,0
0,0,-0.001158101979,-0.01158101979,0,0
0,0,0.09370891117,0.9486701315,0,0
0,0,0.3040299894,2.103210782,2,0
0,0,0.496295133,1.922651436,1,0
0,0,0.7771988553,2.809037223,2,0
0,0,1.105088527,3.278896716,0,-1
1,1,1.593638559,4.885500318
0,0,0,0,0,0
0,0,0.09274712476,0.9274712476,0,0
0,0,0.2762968923,1.835497676,1,0
0,0,0.4902081932,2.139113009,2,0
0,0,0.6946443808,2.044361876,1,0
0,0,0.9874260671,2.927816863,2,0
0,0,1.356303204,3.688771374,1,-1
1,1,1.863935054,5.076318498
0,0,0,0,2,0
0,0,-0.08944372047,-0.8944372047,0,0
0,0,-0.1158768673,-0.2643314684,2,0
0,0,-0.2604869401,-1.446100728,1,0
0,0,-0.4626332588,-2.021463187,0,0
0,0,-0.6555552076,-1.929219489,0,0
0,0,-0.8816684228,-2.261132152,2,0
0,0,-1.279182449,-3.975140264,0,-1
1,1,-1.789904011,-5.107215621
0,0,0,0,1,0
0,0,0.008921314823,0.08921314823,1,0
0,0,0.03531883119,0.2639751637,2,0
0,0,-0.02138508093,-0.5670391212,2,0
0,0,-0.1529560898,-1.315710088,1,0
0,0,-0.2990965931,-1.461405034,2,0
0,0,-0.5767020263,-2.776054332,0,0
0,0,-0.8572310075,-2.805289811,2,0
0,0,-1.310137306,-4.529062981,2,-1
1,1,-1.919942118,-6.098048128
0,0,0,0,0,0
0,0,0.09289986238,0.9289986238,2,0
0,0,0.1287397203,0.3583985795,2,0
0,0,0.1074833482,-0.2125637212,1,0
0,0,0.09101106604,-0.1647228216,2,0
0,0,0.01727030745,-0.7374075859,1,0
0,0,-0.06804317676,-0.8531348422,2,0
0,0,-0.2609033848,-1.928602081,1,0
0,0,-0.4875231168,-2.26619732,0,0
0,0,-0.711446817,-2.239237002,2,0
0,0,-1.089471482,-3.780246652,2,-1
1,1,-1.635504981,-5.460334989
0,0,0,0,1,0
0,0,-0.006334773986,-0.06334773986,1,0
0,0,-0.01497174545,-0.08636971462,1,0
0,0,-0.01478723232,0.001845131314,1,0
0,0,-0.007634953542,0.07152278775,1,0
0,0,0.00671978262,0.1435473616,0,0
0,0,0.09550251744,0.8878273482,2,0
0,0,0.120742461,0.2523994361,1,0
0,0,0.1663639255,0.4562146447,1,0
0,0,0.2462290055,0.7986508002,2,0
0,0,0.2690659841,0.2283697855,0,0
0,0,0.4273828528,1.583168687,0,0
0,0,0.7266218524,2.992389996,1,0
0,0,1.114692276,3.880704238,1,-1
1,1,1.635174931,5.20482655
0,0,0,0,1,0
0,0,-0.01456199548,-0.1456199548,0,0
0,0,0.0619232691,0.7648526459,2,0
0,0,0.05409637698,-0.0782689212,2,0
0,0,-0.01844413319,-0.7254051018,1,0
0,0,-0.09373097911,-0.7528684592,2,0
0,0,-0.285649326,-1.919183469,2,0
0,0,-0.6143014167,-3.286520907,1,0
0,0,-1.02879825,-4.14496833,2,-1
1,1,-1.604685869,-5.758876196
0,0,0,0,2,0
0,0,-0.08700153329,-0.8700153329,1,0
0,0,-0.197783892,-1.107823587,1,0
0,0,-0.3584269062,-1.606430142,1,0
0,0,-0.5776007507,-2.191738445,2,0
0,0,-0.9588285499,-3.812277993,0,0
0,0,-1.409811308,-4.509827577,2,-1
1,1,-2.013426465,-6.036151575
0,0,0,0,1,0
0,0,0.01051546018,0.1051546018,0,0
0,0,0.1074608027,0.9694534253,2,0
0,0,0.1421613135,0.3470051077,2,0
0,0,0.1060645681,-0.3609674536,1,0
0,0,0.08462578614,-0.2143878198,1,0
0,0,0.06925727219,-0.1536851395,0,0
0,0,0.1401630232,0.7090575096,0,0
0,0,0.3311848837,1.910218605,2,0
0,0,0.4981957143,1.670108306,2,0
0,0,0.6578287002,1.596329859,2,0
0,0,0.8460600339,1.882313337,0,0
0,0,1.194810592,3.487505578,1,-1
1,1,1.680661947,4.858513558
0,0,0,0,2,0
0,0,-0.07618840438,-0.7618840438,2,0
0,0,-0.2423312532,-1.661428488,1,0
0,0,-0.4402712716,-1.979400184,2,0
0,0,-0.7888106547,-3.485393831,1,0
0,0,-1.2434915,-4.546808456,0,-1
1,1,-1.808255489,-5.647639892
0,0,0,0,2,0
0,0,-0.1033020481,-1.033020481,0,0
0,0,-0.1538616839,-0.5055963576,0,0
0,0,-0.159464393,-0.05602709174,2,0
0,0,-0.2857071845,-1.262427915,1,0
0,0,-0.4601589687,-1.744517842,2,0
0,0,-0.7951759596,-3.350169909,1,0
0,0,-1.22811301,-4.329370499,2,-1
1,1,-1.81895826,-5.908452506
0,0,0,0,0,0
0,0,0.08406804699,0.8406804699,0,0
0,0,0.2742851874,1.902171405,2,0
0,0,0.4312054956,1.569203081,1,0
0,0,0.652520938,2.213154424,2,0
0,0,0.9047790204,2.522580825,0,0
0,0,1.328480764,4.23701744,1,-1
1,1,1.888924864,5.604441
0,0,0,0,2,0
0,0,-0.09236190858,-0.9236190858,0,0
0,0,-0.1122611639,-0.1989925531,0,0
0,0,-0.05211672272,0.6014444117,0,0
0,0,0.09449824422,1.466149669,2,0
0,0,0.1668986438,0.7240039959,0,0
0,0,0.3381919484,1.712933046,1,0
0,0,0.548588065,2.103961165,1,0
0,0,0.8276346127,2.790465477,2,0
0,0,1.158810291,3.311756786,2,-1
1,1,1.593745055,4.34934764
0,0,0,0,2,0
0,0,-0.07417663593,-0.7417663593,0,0
0,0,-0.08060936751,-0.0643273158,2,0
0,0,-0.185003974,-1.043946065,2,0
0,0,-0.4077130199,-2.227090458,2,0
0,0,-0.7843920309,-3.76679011,2,0
0,0,-1.329374426,-5.449823956,0,-1
1,1,-1.991197094,-6.618226678
0,0,0,0,2,0
0,0,-0.0763767658,-0.763767658,1,0
0,0,-0.1718817679,-0.955050021,0,0
0,0,-0.2076494145,-0.357676466,0,0
0,0,-0.1891727118,0.1847670274,2,0
0,0,-0.2720969588,-0.8292424702,2,0
0,0,-0.4792975077,-2.072005489,2,0
0,0,-0.822906119,-3.436086113,1,0
0,0,-1.267659865,-4.447537464,0,-1
1,1,-1.822050471,-5.543906053
0,0,0,0,2,0
0,0,-0.08729037472,-0.8729037472,0,0
0,0,-0.08715765055,0.00132724173,0,0
0,0,-0.0233484705,0.6380918005,2,0
0,0,-0.04720918874,-0.2386071824,2,0
0,0,-0.1607089897,-1.134998009,2,0
0,0,-0.4004691275,-2.397601379,2,0
0,0,-0.7691995277,-3.687304002,0,0
0,0,-1.169650729,-4.00451201,1,-1
1,1,-1.700467445,-5.30816716
0,0,0,0,0,0
0,0,0.08379134362,0.8379134362,2,0
0,0,0.09924082083,0.154494772,1,0
0,0,0.1357338673,0.3649304646,0,0
0,0,0.2655846797,1.298508124,1,0
0,0,0.4426185023,1.770338227,0,0
0,0,0.7668702354,3.242517331,1,0
0,0,1.186177895,4.193076599,1,-1
1,1,1.737027983,5.508500877
0,0,0,0,2,0
0,0,-0.08129526862,-0.8129526862,0,0
0,0,-0.07463617746,0.06659091159,1,0
0,0,-0.09114633707,-0.1651015961,1,0
0,0,-0.1166664615,-0.2552012448,0,0
0,0,-0.08203061956,0.3463584199,2,0
0,0,-0.1435736051,-0.6154298559,0,0
0,0,-0.1497960133,-0.06222408108,0,0
0,0,-0.09557741643,0.5421859682,2,0
0,0,-0.1284402599,-0.328628435,1,0
0,0,-0.178814855,-0.5037459503,2,0
0,0,-0.3539142157,-1.750993607,2,0
0,0,-0.6570282114,-3.031139957,2,0
0,0,-1.125989469,-4.689612572,0,-1
1,1,-1.679431298,-5.534418295
0,0,0,0,0,0
0,0,0.08826823875,0.8826823875,2,0
0,0,0.09769235818,0.09424119426,2,0
0,0,0.03607631178,-0.616160464,1,0
0,0,-0.03624952781,-0.7232583959,2,0
0,0,-0.211237301,-1.749877732,1,0
0,0,-0.4378338568,-2.265965558,2,0
0,0,-0.8136573481,-3.758234913,1,0
0,0,-1.300181338,-4.865239902,2,-1
1,1,-1.942557395,-6.423760564
0,0,0,0,0,0
0,0,0.07550651964,0.7550651964,2,0
0,0,0.07757186945,0.02065349807,0,0
0,0,0.1935596523,1.159877828,1,0
0,0,0.3404470432,1.46887391,1,0
0,0,0.5304102066,1.899631634,0,0
0,0,0.8671474883,3.367372817,0,0
0,0,1.369060373,5.019128848,2,-1
1,1,1.994005579,6.249452063
0,0,0,0,1,0
0,0,0.009851207981,0.09851207981,1,0
0,0,0.01058739516,0.007361871781,1,0
0,0,0.01124370793,0.00656312775,0,0
0,0,0.08998105354,0.7873734561,1,0
0,0,0.1856970754,0.9571602186,0,0
0,0,0.4131440583,2.274469829,0,0
0,0,0.7981278881,3.849838298,1,0
0,0,1.283148079,4.85020191,1,-1
1,1,1.903325015,6.201769355
0,0,0,0,1,0
0,0,0.002617478088,0.02617478088,2,0
0,0,-0.08887637093,-0.9149384902,2,0
0,0,-0.2801004541,-1.912240832,1,0
0,0,-0.5329715512,-2.528710971,1,0
0,0,-0.8588841124,-3.259125612,0,0
0,0,-1.238350486,-3.794663738,1,-1
1,1,-1.753820618,-5.154701319
0,0,0,0,1,0
0,0,0.01426737918,0.1426737918,2,0
0,0,-0.07483619703,-0.8910357621,1,0
0,0,-0.1608230471,-0.8598685011,2,0
0,0,-0.3497438614,-1.889208142,2,0
0,0,-0.6808298608,-3.310859995,2,0
0,0,-1.161743763,-4.809139019,2,-1
1,1,-1.79587933,-6.34135567
0,0,0,0,1,0
0,0,0.01602085608,0.1602085608,2,0
0,0,-0.06561531224,-0.8163616832,0,0
0,0,-0.05730666128,0.08308650961,0,0
0,0,0.01962507607,0.7693173734,1,0
0,0,0.08618754288,0.6656246682,0,0
0,0,0.2709098296,1.847222867,2,0
0,0,0.3996720396,1.2876221,2,0
0,0,0.5202885647,1.206165251,2,0
0,0,0.6563934737,1.36104909,2,0
0,0,0.8272974344,1.709039607,2,0
0,0,1.056787975,2.294905402,0,0
0,0,1.452635701,3.958477266,1,-1
1,1,1.992798985,5.401632834
0,0,0,0,0,0
0,0,0.09840090629,0.9840090629,2,0
0,0,0.1177155766,0.1931467034,2,0
0,0,0.06084195104,-0.5687362559,2,0
0,0,-0.07119541161,-1.320373626,1,0
0,0,-0.2012740436,-1.30078632,1,0
0,0,-0.3652534223,-1.639793786,1,0
0,0,-0.5893707756,-2.241173533,0,0
0,0,-0.8284551171,-2.390843415,2,0
0,0,-1.235861109,-4.074059922,2,-1
1,1,-1.797877821,-5.620167116
0,0,0,0,1,0
0,0,0.0135572166,0.135572166,0,0
0,0,0.1086768523,0.9511963567,1,0
0,0,0.2308382228,1.221613706,0,0
0,0,0.4908941183,2.600558954,2,0
0,0,0.7591089743,2.68214856,2,0
0,0,1.080639552,3.215305782,0,0
0,0,1.559032032,4.783924794,0,-1
1,1,2.184897311,6.258652788
0,0,0,0,0,0
0,0,0.09947658616,0.9947658616,1,0
0,0,0.2317119387,1.322353525,2,0
0,0,0.3246363935,0.9292445479,1,0
0,0,0.4720909245,1.47454531,1,0
0,0,0.7037996596,2.317087351,1,0
0,0,1.043964567,3.40164907,1,0
0,0,1.506809815,4.628452486,2,-1
1,1,2.110536921,6.037271059
0,0,0,0,1,0
0,0,0.01248730147,0.1248730147,2,0
0,0,-0.04690611904,-0.5939342051,1,0
0,0,-0.1023729541,-0.5546683504,2,0
0,0,-0.2616039798,-1.592310258,0,0
0,0,-0.3806864142,-1.190824343,1,0
0,0,-0.5644412822,-1.83754868,1,0
0,0,-0.8246205282,-2.60179246,1,0
0,0,-1.185160594,-3.60540066,1,-1
1,1,-1.676540837,-4.913802426
0,0,0,0,2,0
0,0,-0.09231719207,-0.9231719207,1,0
0,0,-0.1961852524,-1.038680603,0,0
0,0,-0.2636929215,-0.6750766908,2,0
0,0,-0.4568704637,-1.931775422,1,0
0,0,-0.7365380671,-2.796676034,2,0
0,0,-1.18224873,-4.457106631,2,-1
1,1,-1.785249484,-6.030007539
0,0,0,0,1,0
0,0,-0.01458980348,-0.1458980348,0,0
0,0,0.05892811273,0.7351791621,1,0
0,0,0.129819079,0.7089096631,2,0
0,0,0.1372229888,0.07403909735,1,0
0,0,0.1657990547,0.2857606594,2,0
0,0,0.1315277654,-0.3427128928,0,0
0,0,0.2031125822,0.7158481675,2,0
0,0,0.2090576462,0.05945064006,2,0
0,0,0.1531437282,-0.5591391795,1,0
0,0,0.1332583605,-0.1988536777,1,0
0,0,0.1415623402,0.0830397973,2,0
0,0,0.09365508109,-0.4790725911,1,0
0,0,0.0658646961,-0.2779038499,1,0
0,0,0.05975146916,-0.0611322694,2,0
0,0,-0.03929927936,-0.9905074853,0,0
0,0,-0.05241467421,-0.1311539485,2,0
0,0,-0.1590302528,-1.066155786,1,0
0,0,-0.2950217282,-1.359914754,2,0
0,0,-0.5467501202,-2.51728392,2,0
0,0,-0.9551437273,-4.083936071,1,0
0,0,-1.486233439,-5.310897118,1,-1
1,1,-2.159961613,-6.737281736
0,0,0,0,1,0
0,0,0.001867761469,0.01867761469,2,0
0,0,-0.09603728657,-0.9790504804,0,0
0,0,-0.1353819268,-0.3934464027,0,0
0,0,-0.1096093276,0.2577259919,2,0
0,0,-0.1861062087,-0.7649688107,0,0
0,0,-0.2144024133,-0.2829620458,0,0
0,0,-0.1933211588,0.2108125453,2,0
0,0,-0.2798218711,-0.8650071232,0,0
0,0,-0.3306541405,-0.508322694,2,0
0,0,-0.5050092399,-1.743550994,1,0
0,0,-0.7587300613,-2.537208214,2,0
0,0,-1.179381425,-4.206513642,1,-1
1,1,-1.723639695,-5.4425827
0,0,0,0,1,0
0,0,-0.01301698161,-0.1301698161,1,0
0,0,-0.01808343883,-0.05066457221,1,0
0,0,-0.03668877824,-0.1860533941,1,0
0,0,-0.06239436083,-0.257055826,2,0
0,0,-0.1960804109,-1.3368605,1,0
0,0,-0.3773347428,-1.81254332,0,0
0,0,-0.5530967985,-1.757620557,0,0
0,0,-0.7389745619,-1.858777634,0,0
0,0,-0.9794298547,-2.404552928,1,0
0,0,-1.337798,-3.583681455,2,-1
1,1,-1.855670178,-5.178721782
0,0,0,0,2,0
0,0,-0.07783701738,-0.7783701738,1,0
0,0,-0.1759810414,-0.9814402406,1,0
0,0,-0.3193481463,-1.433671048,2,0
0,0,-0.5942727203,-2.74924574,0,0
0,0,-0.8925196298,-2.982469095,1,0
0,0,-1.31378171,-4.212620801,1,-1
1,1,-1.868801943,-5.550202327
0,0,0,0,0,0
0,0,0.07061674439,0.7061674439,0,0
0,0,0.227684296,1.570675516,1,0
0,0,0.4103532703,1.826689743,2,0
0,0,0.5901817466,1.798284762,1,0
0,0,0.858385857,2.682041104,1,0
0,0,1.230459589,3.720737315,1,-1
1,1,1.741857401,5.113978126
0,0,0,0,1,0
0,0,0.005041539962,0.05041539962,0,0
0,0,0.09949352795,0.9445198799,0,0
0,0,0.3143765542,2.148830262,0,0
0,0,0.6509743233,3.365977692,0,0
0,0,1.152041994,5.010676706,2,-1
1,1,1.740681123,5.886391291
0,0,0,0,2,0
0,0,-0.07621616854,-0.7621616854,2,0
0,0,-0.2590352641,-1.828190956,2,0
0,0,-0.5692590103,-3.102237462,1,0
0,0,-0.9524136282,-3.831546179,1,0
0,0,-1.454886816,-5.024731876,2,-1
1,1,-2.109041219,-6.541544028
0,0,0,0,1,0
0,0,-0.003594573391,-0.03594573391,1,0
0,0,-0.02214049367,-0.1854592028,0,0
0,0,0.05462169604,0.7676218971,1,0
0,0,0.1241332772,0.6951158121,2,0
0,0,0.1362759982,0.1214272093,2,0
0,0,0.09702222904,-0.3925376914,2,0
0,0,-0.005666523606,-1.026887526,2,0
0,0,-0.2038104298,-1.981439061,0,0
0,0,-0.3596589972,-1.558485675,2,0
0,0,-0.6536204793,-2.93961482,1,0
0,0,-1.027919984,-3.742995046,1,0
0,0,-1.523894717,-4.959747327,2,-1
1,1,-2.168911781,-6.450170644
0,0,0,0,2,0
0,0,-0.08630568455,-0.8630568455,1,0
0,0,-0.1972020138,-1.108963293,0,0
0,0,-0.2690273373,-0.7182532347,0,0
0,0,-0.3133436232,-0.4431628588,1,0
0,0,-0.4118789324,-0.9853530922,2,0
0,0,-0.6655665006,-2.536875682,1,0
0,0,-1.018830403,-3.532639028,2,0
0,0,-1.53868508,-5.198546764,1,-1
1,1,-2.204595,-6.659099202
0,0,0,0,2,0
0,0,-0.09743574476,-0.9743574476,1,0
0,0,-0.2206743334,-1.232385887,1,0
0,0,-0.3893486313,-1.686742978,0,0
0,0,-0.5313152722,-1.41966641,1,0
0,0,-0.7477103742,-2.16395102,0,0
0,0,-1.016494946,-2.687845718,2,0
0,0,-1.455874804,-4.39379858,1,-1
1,1,-2.038710861,-5.82836057
0,0,0,0,1,0
0,0,-0.01010833657,-0.1010833657,0,0
0,0,0.07086343596,0.8097177253,2,0
0,0,0.07286071643,0.01997280477,0,0
0,0,0.1730545662,1.001938497,0,0
0,0,0.4013929894,2.283384232,2,0
0,0,0.6076886135,2.062956241,0,0
0,0,0.976457105,3.687684915,2,0
0,0,1.426100492,4.496433872,0,-1
1,1,2.029511458,6.034109655
0,0,0,0,1,0
0,0,-0.01566012486,-0.1566012486,2,0
0,0,-0.1057419064,-0.9008178156,0,0
0,0,-0.1099160995,-0.04174193086,1,0
0,0,-0.1488972712,-0.3898117169,0,0
0,0,-0.1115960703,0.3730120085,1,0
0,0,-0.09598052208,0.1561554826,0,0
0,0,-0.02398341478,0.719971073,1,0
0,0,0.03997504009,0.6395845487,2,0
0,0,0.03866361181,-0.01311428281,2,0
0,0,-0.04714017021,-0.8580378202,1,0
0,0,-0.1570850007,-1.099448305,1,0
0,0,-0.2911053143,-1.340203137,1,0
0,0,-0.4677577122,-1.766523979,0,0
0,0,-0.649469402,-1.817116897,2,0
0,0,-1.005584391,-3.561149888,0,0
0,0,-1.441350238,-4.357658475,2,-1
1,1,-2.030299443,-5.88949205
0,0,0,0,2,0
0,0,-0.08551320949,-0.8551320949,1,0
0,0,-0.1749388476,-0.894256381,1,0
0,0,-0.3014349344,-1.264960868,0,0
0,0,-0.38768442,-0.8624948559,2,0
0,0,-0.6016279713,-2.139435513,2,0
0,0,-0.96410477,-3.624767987,0,0
0,0,-1.392631063,-4.285262927,2,-1
1,1,-1.977668873,-5.850378099
0,0,0,0,1,0
0,0,-0.01388132843,-0.1388132843,2,0
0,0,-0.1101107089,-0.9622938043,2,0
0,0,-0.3244329012,-2.143221924,1,0
0,0,-0.5774184098,-2.529855086,0,0
0,0,-0.8548561724,-2.774377626,2,0
0,0,-1.30072876,-4.458725876,1,-1
1,1,-1.87867808,-5.779493197
0,0,0,0,0,0
0,0,0.08185436147,0.8185436147,0,0
0,0,0.2573755801,1.755212186,2,0
0,0,0.398516983,1.41141403,2,0
0,0,0.5146487055,1.161317224,2,0
0,0,0.6374270939,1.227783884,0,0
0,0,0.9178902332,2.804631393,0,0
0,0,1.358420103,4.405298693,2,-1
1,1,1.918951657,5.605315542
0,0,0,0,1,0
0,0,0.01749168404,0.1749168404,2,0
0,0,-0.06683667238,-0.8432835642,0,0
0,0,-0.06167433531,0.05162337072,2,0
0,0,-0.1685588518,-1.068845165,0,0
0,0,-0.2122856414,-0.4372678965,1,0
0,0,-0.3010298609,-0.8874421945,0,0
0,0,-0.3562413597,-0.5521149885,2,0
0,0,-0.5665234632,-2.102821035,1,0
0,0,-0.851406787,-2.848833238,0,0
0,0,-1.187252197,-3.358454099,2,-1
1,1,-1.687283788,-5.000315908
0,0,0,0,1,0
0,0,-0.007533494213,-0.07533494213,0,0
0,0,0.0855172673,0.9305076151,2,0
0,0,0.1106545718,0.2513730452,2,0
0,0,0.05822761542,-0.524269564,0,0
0,0,0.1145167733,0.5628915789,1,0
0,0,0.1915741744,0.7705740114,1,0
0,0,0.2902544856,0.9868031115,0,0
0,0,0.5243994073,2.341449217,0,0
0,0,0.9089326085,3.845332012,0,0
0,0,1.455819272,5.468866639,2,-1
1,1,2.135117071,6.792977987
0,0,0,0,0,0
0,0,0.07902426337,0.7902426337,0,0
0,0,0.270458432,1.914341686,2,0
0,0,0.4308883862,1.604299542,1,0
0,0,0.6647378361,2.338494499,2,0
0,0,0.9238472318,2.591093957,0,0
0,0,1.340854992,4.170077607,2,-1
1,1,1.882391891,5.415368987
0,0,0,0,1,0
0,0,-0.007896534579,-0.07896534579,2,0
0,0,-0.09804089646,-0.9014436188,1,0
0,0,-0.1983558161,-1.003149197,1,0
0,0,-0.3328932232,-1.345374071,0,0
0,0,-0.4365093312,-1.03616108,0,0
0,0,-0.5210248494,-0.8451551822,1,0
0,0,-0.6804903601,-1.594655107,0,0
0,0,-0.8713724892,-1.908821291,0,0
0,0,-1.119927177,-2.485546881,2,0
0,0,-1.53802156,-4.180943822,1,-1
1,1,-2.101963055,-5.639414959
0,0,0,0,0,0
0,0,0.1046658102,1.046658102,1,0
0,0,0.2231843663,1.185185561,0,0
0,0,0.4789621008,2.557777346,0,0
0,0,0.8709595437,3.919974429,2,0
0,0,1.311508399,4.405488548,1,-1
1,1,1.885768377,5.742599781
0,0,0,0,1,0
0,0,0.01087800497,0.1087800497,2,0
0,0,-0.05854008249,-0.6941808746,1,0
0,0,-0.131984307,-0.7344422451,1,0
0,0,-0.2148833042,-0.8289899718,2,0
0,0,-0.421355227,-2.064719229,2,0
0,0,-0.776861076,-3.55505849,0,0
0,0,-1.172753533,-3.958924567,2,-1
1,1,-1.725850672,-5.530971394
0,0,0,0,2,0
0,0,-0.07407530458,-0.7407530458,0,0
0,0,-0.08752235207,-0.1344704749,0,0
0,0,-0.0109492272,0.7657312487,0,0
0,0,0.1456054647,1.565546919,1,0
0,0,0.3318754505,1.862699858,1,0
0,0,0.5586536749,2.267782244,0,0
0,0,0.9404652842,3.818116093,0,0
0,0,1.484979119,5.445138352,0,-1
1,1,2.177903044,6.929239251
0,0,0,0,2,0
0,0,-0.09887855038,-0.9887855038,2,0
0,0,-0.3156901289,-2.168115786,1,0
0,0,-0.5960247631,-2.803346342,2,0
0,0,-1.042634032,-4.466092686,1,-1
1,1,-1.601672634,-5.590386023
0,0,0,0,1,0
0,0,0.01286866388,0.1286866388,1,0
0,0,0.01082640509,-0.02042258783,2,0
0,0,-0.07589826978,-0.8672467487,1,0
0,0,-0.1651829969,-0.8928472709,0,0
0,0,-0.1899096289,-0.2472663204,1,0
0,0,-0.2439988333,-0.5408920444,1,0
0,0,-0.3395851661,-0.9558633274,2,0
0,0,-0.5863925203,-2.468073542,1,0
0,0,-0.9114311327,-3.250386124,2,0
0,0,-1.405162682,-4.937315497,0,-1
1,1,-2.026082242,-6.209195592
0,0,0,0,1,0
0,0,0.003001176135,0.03001176135,1,0
0,0,0.008645495951,0.05644319816,1,0
0,0,0.01575834865,0.07112852696,2,0
0,0,-0.07287372493,-0.8863207358,1,0
0,0,-0.1661925287,-0.9331880374,2,0
0,0,-0.3859250641,-2.197325354,1,0
0,0,-0.652370192,-2.664451279,2,0
0,0,-1.076571943,-4.242017512,0,-1
1,1,-1.583987754,-5.074158103
0,0,0,0,0,0
0,0,0.09668734188,0.9668734188,1,0
0,0,0.2031837298,1.064963879,0,0
0,0,0.4145565112,2.113727813,0,0
0,0,0.7736670943,3.591105832,0,0
0,0,1.30108124,5.274141452,0,-1
1,1,1.984510983,6.83429743
0,0,0,0,1,0
0,0,-0.01098068957,-0.1098068957,1,0
0,0,-0.03535734055,-0.2437665098,1,0
0,0,-0.05425414773,-0.1889680718,1,0
0,0,-0.07604842368,-0.2179427595,0,0
0,0,-0.01187399569,0.6417442799,2,0
0,0,-0.0314472206,-0.1957322492,2,0
0,0,-0.1417229147,-1.102756941,1,0
0,0,-0.2827571028,-1.410341881,2,0
0,0,-0.539674086,-2.569169832,2,0
0,0,-0.9592879822,-4.196138962,2,0
0,0,-1.543530144,-5.842421615,0,-1
1,1,-2.27141298,-7.278828365
0,0,0,0,2,0
0,0,-0.09550641817,-0.9550641817,1,0
0,0,-0.1988881612,-1.03381743,2,0
0,0,-0.4133209415,-2.144327803,2,0
0,0,-0.7552933578,-3.419724164,1,0
0,0,-1.189380062,-4.340867043,0,-1
1,1,-1.722758837,-5.333787748
0,0,0,0,0,0
0,0,0.07930020168,0.7930020168,0,0
0,0,0.2726198525,1.933196508,0,0
0,0,0.5820535879,3.094337354,0,0
0,0,1.049232457,4.671788694,2,-1
1,1,1.590723484,5.414910272
0,0,0,0,0,0
0,0,0.1023979759,1.023979759,1,0
0,0,0.2049824867,1.025845108,2,0
0,0,0.2526442265,0.4766173979,0,0
0,0,0.4276466528,1.750024263,0,0
0,0,0.7430953667,3.154487139,0,0
0,0,1.213827435,4.707320685,0,-1
1,1,1.844767313,6.309398783
0,0,0,0,0,0
0,0,0.07324208441,0.7324208441,1,0
0,0,0.1663626303,0.9312054592,1,0
0,0,0.2987422126,1.323795823,1,0
0,0,0.483145012,1.844027994,2,0
0,0,0.6804423503,1.972973384,0,0
0,0,1.036803422,3.563610714,2,0
0,0,1.474872783,4.380693609,1,-1
1,1,2.057521263,5.8264848
0,0,0,0,2,0
0,0,-0.1042021019,-1.042021019,2,0
0,0,-0.3240655392,-2.198634373,0,0
0,0,-0.5030039723,-1.78938433,2,0
0,0,-0.8445589056,-3.415549333,2,0
0,0,-1.358207478,-5.136485726,1,-1
1,1,-2.010530942,-6.523234641
0,0,0,0,0,0
0,0,0.08589085877,0.8589085877,1,0
0,0,0.1735733386,0.8768247986,2,0
0,0,0.1877489676,0.1417562896,1,0
0,0,0.2471890745,0.5944010695,0,0
0,0,0.425242482,1.780534075,2,0
0,0,0.5991906689,1.739481869,2,0
0,0,0.7927311513,1.935404823,1,0
0,0,1.103528494,3.107973428,0,-1
1,1,1.572397583,4.688690891
0,0,0,0,1,0
0,0,-0.009617944681,-0.09617944681,0,0
0,0,0.05430871868,0.6392666336,2,0
0,0,0.03657287919,-0.1773583949,0,0
0,0,0.1269520648,0.9037918564,1,0
0,0,0.2432649001,1.163128353,0,0
0,0,0.4818784625,2.386135624,0,0
0,0,0.8637728102,3.818943477,2,0
0,0,1.308119699,4.443468891,1,-1
1,1,1.88826283,5.801431308
0,0,0,0,2,0
0,0,-0.08243391556,-0.8243391556,2,0
0,0,-0.2715525861,-1.891186705,0,0
0,0,-0.4324870576,-1.609344715,0,0
0,0,-0.5758413976,-1.433543401,1,0
0,0,-0.8166864772,-2.408450795,1,0
0,0,-1.169772642,-3.530861649,1,-1
1,1,-1.659076513,-4.893038707
0,0,0,0,0,0
0,0,0.08075327324,0.8075327324,2,0
0,0,0.09993049806,0.1917722481,0,0
0,0,0.2239298885,1.239993904,0,0
0,0,0.4671592473,2.432293589,2,0
0,0,0.694768066,2.276088187,1,0
0,0,1.019350907,3.245828409,0,0
0,0,1.510965605,4.916146977,1,-1
1,1,2.147198091,6.362324865
0,0,0,0,0,0
0,0,0.09663923971,0.9663923971,1,0
0,0,0.2261679683,1.295287286,2,0
0,0,0.2919056099,0.6573764159,0,0
0,0,0.4796578203,1.877522104,0,0
0,0,0.8309783348,3.513205145,0,0
0,0,1.348017639,5.170393047,2,-1
1,1,1.986029213,6.380115732
0,0,0,0,1,0
0,0,-0.002585515828,-0.02585515828,0,0
0,0,0.08033044253,0.8291595836,2,0
0,0,0.1011227957,0.2079235313,2,0
0,0,0.03808301175,-0.6303978391,1,0
0,0,-0.02472883957,-0.6281185132,2,0
0,0,-0.1703011007,-1.455722611,1,0
0,0,-0.3388247843,-1.685236837,1,0
0,0,-0.5725847243,-2.337599399,1,0
0,0,-0.8786889823,-3.06104258,2,0
0,0,-1.354124286,-4.75435304,0,-1
1,1,-1.950690113,-5.965658272
0,0,0,0,0,0
0,0,0.07083699376,0.7083699376,2,0
0,0,0.06658408777,-0.04252905986,2,0
0,0,-0.001750749926,-0.683348377,1,0
0,0,-0.08247090064,-0.8072015072,0,0
0,0,-0.09013754103,-0.07666640383,0,0
0,0,-0.01147006723,0.7866747379,2,0
0,0,-0.03451645089,-0.2304638366,2,0
0,0,-0.163027069,-1.285106182,0,0
0,0,-0.2160583809,-0.5303131182,2,0
0,0,-0.391981439,-1.759230581,0,0
0,0,-0.5409338521,-1.489524132,2,0
0,0,-0.8534901191,-3.125562669,0,0
0,0,-1.216184858,-3.626947391,1,-1
1,1,-1.717939843,-5.017549846
0,0,0,0,1,0
0,0,-0.01518263114,-0.1518263114,0,0
0,0,0.05538229397,0.7056492511,1,0
0,0,0.1385816566,0.8319936266,0,0
0,0,0.348929758,2.103481014,2,0
0,0,0.5191017916,1.701720335,0,0
0,0,0.8375806841,3.184788925,0,0
0,0,1.325773316,4.881926315,2,-1
1,1,1.928264604,6.024912882
0,0,0,0,1,0
0,0,0.009710791519,0.09710791519,1,0
0,0,0.03071520426,0.2100441274,1,0
0,0,0.07446725877,0.4375205451,1,0
0,0,0.137477234,0.6300997519,2,0
0,0,0.1398429368,0.02365702869,1,0
0,0,0.1653284193,0.2548548248,1,0
0,0,0.2327276388,0.6739921946,2,0
0,0,0.2447322671,0.1200462835,2,0
0,0,0.2091614248,-0.355708423,1,0
0,0,0.2200233962,0.1086197142,2,0
0,0,0.1941832015,-0.2584019471,0,0
0,0,0.2871527633,0.929695618,0,0
0,0,0.5101742878,2.230215245,2,0
0,0,0.7504176265,2.402433386,1,0
0,0,1.096814583,3.463969567,1,-1
1,1,1.573014894,4.762003111
0,0,0,0,0,0
0,0,0.09883549758,0.9883549758,0,0
0,0,0.3159944481,2.171589505,0,0
0,0,0.6562484391,3.402539911,1,0
0,0,1.080754549,4.245061102,2,-1
1,1,1.597959116,5.172045662
0,0,0,0,2,0
0,0,-0.09053347016,-0.9053347016,0,0
0,0,-0.09513829364,-0.04604823485,1,0
0,0,-0.1171902755,-0.2205198185,0,0
0,0,-0.05873851534,0.5845176015,0,0
0,0,0.07296190513,1.317004205,2,0
0,0,0.1130533615,0.4009145641,1,0
0,0,0.1693821343,0.5632877273,2,0
0,0,0.1749469014,0.055647671,0,0
0,0,0.2822358373,1.072889359,1,0
0,0,0.4367201309,1.544842936,2,0
0,0,0.5721841023,1.354639714,2,0
0,0,0.7196857013,1.475015991,2,0
0,0,0.900686886,1.810011846,0,0
0,0,1.254548458,3.538615722,2,-1
1,1,1.717000319,4.624518605
0,0,0,0,0,0
0,0,0.1037324589,1.037324589,2,0
0,0,0.1447039245,0.409714656,1,0
0,0,0.2108222232,0.6611829866,0,0
0,0,0.3841591423,1.733369191,2,0
0,0,0.5291354556,1.449763133,0,0
0,0,0.8389328225,3.097973669,2,0
0,0,1.196189087,3.572562647,1,-1
1,1,1.682479636,4.862905492
0,0,0,0,0,0
0,0,0.08355627341,0.8355627341,1,0
0,0,0.1737171932,0.9016091976,0,0
0,0,0.3941675659,2.204503727,0,0
0,0,0.7472408752,3.530733093,1,0
0,0,1.210578267,4.633373921,0,-1
1,1,1.826159766,6.155814988
0,0,0,0,1,0
0,0,-0.00578456205,-0.0578456205,2,0
0,0,-0.1093677154,-1.035831534,0,0
0,0,-0.1506120099,-0.4124429453,0,0
0,0,-0.1343417256,0.1627028433,2,0
0,0,-0.239846985,-1.055052594,0,0
0,0,-0.2850831387,-0.4523615372,2,0
0,0,-0.4685146208,-1.834314821,2,0
0,0,-0.8043067997,-3.357921789,2,0
0,0,-1.303294235,-4.98987435,2,-1
1,1,-1.9580752,-6.547809656
0,0,0,0,0,0
0,0,0.09355310893,0.9355310893,2,0
0,0,0.1003200102,0.06766901306,1,0
0,0,0.1373760211,0.3705601082,1,0
0,0,0.1875970667,0.5022104565,0,0
0,0,0.3527307893,1.651337226,2,0
0,0,0.4891737134,1.364429241,1,0
0,0,0.6947068143,2.055331009,2,0
0,0,0.9451207234,2.504139091,2,0
0,0,1.27354867,3.284279462,2,-1
1,1,1.718425477,4.448768073
0,0,0,0,0,0
0,0,0.08888505279,0.8888505279,1,0
0,0,0.1825526826,0.9366762981,2,0
0,0,0.2126648539,0.3011217133,2,0
0,0,0.1851973133,-0.2746754059,0,0
0,0,0.2745798991,0.8938258574,1,0
0,0,0.4012548785,1.266749794,1,0
0,0,0.5916047042,1.903498257,2,0
0,0,0.8105666565,2.189619522,2,0
0,0,1.08505556,2.744889035,2,0
0,0,1.457584468,3.725289083,2,-1
1,1,1.964507554,5.069230853
0,0,0,0,2,0
0,0,-0.08588655911,-0.8588655911,2,0
0,0,-0.2821396609,-1.962531018,2,0
0,0,-0.602281157,-3.201414961,1,0
0,0,-1.005215768,-4.029346112,1,0
0,0,-1.529646157,-5.244303891,1,-1
1,1,-2.198920233,-6.692740756
0,0,0,0,0,0
0,0,0.07840648393,0.7840648393,1,0
0,0,0.1764467927,0.980403088,2,0
0,0,0.2241141517,0.4766735898,2,0
0,0,0.2190188609,-0.0509529085,0,0
0,0,0.3336201823,1.146013215,1,0
0,0,0.515916273,1.822960906,2,0
0,0,0.7093000795,1.933838066,2,0
0,0,0.9417518891,2.324518096,2,0
0,0,1.240910817,2.991589281,1,-1
1,1,1.673503302,4.325924847
0,0,0,0,1,0
0,0,0.005469835881,0.05469835881,1,0
0,0,0.00564377448,0.001739385993,2,0
0,0,-0.08567701845,-0.9132079293,2,0
0,0,-0.294475233,-2.087982145,1,0
0,0,-0.5518724555,-2.573972225,1,0
0,0,-0.8913217806,-3.394493251,2,0
0,0,-1.384934728,-4.936129469,1,-1
1,1,-2.015161115,-6.302263875
0,0,0,0,1,0
0,0,0.004214092761,0.04214092761,1,0
0,0,0.01801485816,0.138007654,0,0
0,0,0.1141631333,0.9614827517,2,0
0,0,0.1270345157,0.1287138234,0,0
0,0,0.234431066,1.073965504,2,0
0,0,0.2845429902,0.5011192415,2,0
0,0,0.3104057112,0.2586272098,0,0
0,0,0.4701842349,1.597785237,1,0
0,0,0.714139741,2.439555061,0,0
0,0,1.11748192,4.033421791,0,-1
1,1,1.684740568,5.672586478
0,0,0,0,0,0
0,0,0.09584437049,0.9584437049,0,0
0,0,0.2820625133,1.862181429,1,0
0,0,0.515146889,2.330843757,0,0
0,0,0.9081171617,3.929702727,0,0
0,0,1.463188209,5.550710477,2,-1
1,1,2.151063514,6.87875305
0,0,0,0,1,0
0,0,0.01589033758,0.1589033758,0,0
0,0,0.1101740727,0.9428373508,1,0
0,0,0.2195942209,1.094201482,2,0
0,0,0.2715580698,0.5196384888,0,0
0,0,0.4364803122,1.649222425,2,0
0,0,0.5901889624,1.537086501,1,0
0,0,0.8254990112,2.353100488,1,0
0,0,1.174424105,3.489250941,2,-1
1,1,1.62419195,4.497678443
0,0,0,0,1,0
0,0,-0.01694091207,-0.1694091207,2,0
0,0,-0.1219246003,-1.049836882,1,0
0,0,-0.2594421517,-1.375175514,0,0
0,0,-0.3668656746,-1.074235228,0,0
0,0,-0.4604804022,-0.9361472768,1,0
0,0,-0.6408435842,-1.803631819,2,0
0,0,-0.9714644351,-3.306208509,1,0
0,0,-1.429453852,-4.579894167,1,-1
1,1,-2.028961188,-5.995073359
0,0,0,0,2,0
0,0,-0.08502395637,-0.8502395637,0,0
0,0,-0.1096604296,-0.2463647327,0,0
0,0,-0.06047739168,0.4918303796,1,0
0,0,-0.02061751924,0.3985987244,2,0
0,0,-0.0566541654,-0.3603664616,1,0
0,0,-0.1191709348,-0.6251676936,2,0
0,0,-0.277836672,-1.586657372,0,0
0,0,-0.4045415287,-1.267048566,1,0
0,0,-0.6002177116,-1.95676183,1,0
0,0,-0.8772489314,-2.770312198,2,0
0,0,-1.315737558,-4.384886269,2,-1
1,1,-1.906341856,-5.906042974
0,0,0,0,0,0
0,0,0.07189802774,0.7189802774,2,0
0,0,0.0540685262,-0.1782950154,0,0
0,0,0.1174759643,0.6340743811,1,0
0,0,0.2028427641,0.8536679977,0,0
0,0,0.4248225671,2.21979803,2,0
0,0,0.6255676075,2.007450404,2,0
0,0,0.8393325646,2.137649571,1,0
0,0,1.172497398,3.33164833,1,-1
1,1,1.638282991,4.657855937
0,0,0,0,0,0
0,0,0.0782649974,0.782649974,2,0
0,0,0.08805532929,0.09790331889,1,0
0,0,0.1019835089,0.1392817963,1,0
0,0,0.1318984637,0.2991495483,0,0
0,0,0.2604644084,1.285659447,1,0
0,0,0.4449885704,1.84524162,0,0
0,0,0.7712324854,3.26243915,1,0
0,0,1.188696009,4.174635238,2,-1
1,1,1.708606463,5.199104538
0,0,0,0,0,0
0,0,0.1042169927,1.042169927,2,0
0,0,0.1273336956,0.2311670296,2,0
0,0,0.08788427072,-0.3944942491,1,0
0,0,0.0700363803,-0.1784789042,1,0
0,0,0.05754909546,-0.1248728484,0,0
0,0,0.1499639138,0.9241481832,1,0
0,0,0.2834417397,1.334778259,1,0
0,0,0.4607319268,1.772901871,0,0
0,0,0.788065839,3.273339122,0,0
0,0,1.281751554,4.936857153,0,-1
1,1,1.93196181,6.502102553
0,0,0,0,1,0
0,0,-0.001306172953,-0.01306172953,2,0
0,0,-0.09680435151,-0.9549817856,0,0
0,0,-0.1063685236,-0.09564172081,0,0
0,0,-0.05733373465,0.4903478894,0,0
0,0,0.06046038461,1.177941193,0,0
0,0,0.28698177,2.265213854,0,0
0,0,0.6591483681,3.721665981,1,0
0,0,1.118691684,4.595433158,1,-1
1,1,1.707996656,5.893049724
0,0,0,0,1,0
0,0,0.007842500226,0.07842500226,2,0
0,0,-0.06371910126,-0.7156160149,0,0
0,0,-0.05808548431,0.0563361695,1,0
0,0,-0.05817674983,-0.0009126551551,2,0
0,0,-0.1531338309,-0.9495708108,0,0
0,0,-0.1875348514,-0.3440102053,1,0
0,0,-0.2638283709,-0.7629351946,0,0
0,0,-0.2883180885,-0.2448971764,2,0
0,0,-0.4321508524,-1.438327638,2,0
0,0,-0.7317356446,-2.995847923,0,0
0,0,-1.059732952,-3.279973075,2,0
0,0,-1.544485914,-4.847529616,1,-1
1,1,-2.175443252,-6.309573382
0,0,0,0,0,0
0,0,0.07810051155,0.7810051155,1,0
0,0,0.1812977684,1.031972568,1,0
0,0,0.3262177702,1.449200018,0,0
0,0,0.622816688,2.965989178,0,0
0,0,1.067626362,4.448096745,1,-1
1,1,1.638963591,5.713372281
0,0,0,0,2,0
0,0,-0.0977732374,-0.977732374,2,0
0,0,-0.3079113719,-2.101381345,0,0
0,0,-0.4884193683,-1.805079964,2,0
0,0,-0.8100840754,-3.216647071,2,0
0,0,-1.284490647,-4.744065717,0,-1
1,1,-1.867754595,-5.832639475
0,0,0,0,1,0
0,0,-0.01737469609,-0.1737469609,0,0
0,0,0.04323146869,0.6060616478,2,0
0,0,0.02873271825,-0.1449875044,0,0
0,0,0.1045242462,0.7579152796,2,0
0,0,0.0980868547,-0.0643739151,0,0
0,0,0.1787188572,0.8063200251,0,0
0,0,0.3657945638,1.870757066,1,0
0,0,0.6177753071,2.519807433,1,0
0,0,0.9520635082,3.342882011,2,0
0,0,1.356081977,4.040184688,0,-1
1,1,1.918446813,5.623648355
0,0,0,0,0,0
0,0,0.09451361333,0.9451361333,1,0
0,0,0.2190882631,1.245746498,2,0
0,0,0.2842210005,0.6513273731,0,0
0,0,0.4642746775,1.80053677,2,0
0,0,0.6522617415,1.87987064,2,0
0,0,0.8698034266,2.175416851,0,0
0,0,1.245645962,3.75842535,1,-1
1,1,1.76025582,5.146098587
0,0,0,0,2,0
0,0,-0.09087888955,-0.9087888955,2,0
0,0,-0.2927278992,-2.018490096,1,0
0,0,-0.5561424851,-2.634145859,2,0
0,0,-0.9631687169,-4.070262318,0,0
0,0,-1.445105951,-4.819372344,0,-1
1,1,-2.05767142,-6.125654683
0,0,0,0,0,0
0,0,0.08107901026,0.8107901026,2,0
0,0,0.07302267728,-0.08056332983,1,0
0,0,0.07997896709,0.06956289809,2,0
0,0,-0.001598337322,-0.8157730441,2,0
0,0,-0.1807046905,-1.791063531,0,0
0,0,-0.3100438062,-1.293391157,1,0
0,0,-0.5018879582,-1.91844152,0,0
0,0,-0.7043645136,-2.024765554,1,0
0,0,-1.011548961,-3.071844474,2,0
0,0,-1.480501933,-4.689529715,0,-1
1,1,-2.086638268,-6.061363352
0,0,0,0,0,0
0,0,0.0860641081,0.860641081,1,0
0,0,0.189558212,1.034941039,1,0
0,0,0.3182959742,1.287377622,1,0
0,0,0.5063053252,1.88009351,0,0
0,0,0.8575249612,3.512196361,0,0
0,0,1.363852885,5.06327924,0,-1
1,1,2.021272595,6.574197093
