2,1,1
0,0,0,0,0,0
0,0,0.07776941109,0.7776941109,1,0
0,0,0.1619965626,0.8422715155,1,0
0,0,0.2654449455,1.034483828,0,0
0,0,0.5134185846,2.479736392,1,0
0,0,0.8404040611,3.269854765,0,0
0,0,1.319741557,4.79337496,2,-1
1,1,1.917040271,5.972987142
0,0,0,0,0,0
0,0,0.1052245412,1.052245412,2,0
0,0,0.1565807103,0.5135616903,1,0
0,0,0.2257488517,0.6916814147,2,0
0,0,0.2542343464,0.2848549468,2,0
0,0,0.2490681237,-0.05166222747,2,0
0,0,0.1890423577,-0.6002576598,0,0
0,0,0.260957835,0.719154773,0,0
0,0,0.4736314668,2.126736318,1,0
0,0,0.7620973517,2.884658849,0,0
0,0,1.217239739,4.55142387,1,-1
1,1,1.799735999,5.824962604
0,0,0,0,0,0
0,0,0.07905550667,0.7905550667,0,0
0,0,0.2499405505,1.708850438,0,0
0,0,0.5588937701,3.089532196,0,0
0,0,1.017502951,4.586091806,0,-1
1,1,1.631593027,6.140900768
0,0,0,0,1,0
0,0,0.005107848851,0.05107848851,2,0
0,0,-0.06677757862,-0.7188542748,0,0
0,0,-0.05657985415,0.1019772447,1,0
0,0,-0.07066825806,-0.1408840391,0,0
0,0,-0.02456569623,0.4610256183,1,0
0,0,0.01462280754,0.3918850377,2,0
0,0,-0.02846764379,-0.4309045133,1,0
0,0,-0.08339103689,-0.5492339311,2,0
0,0,-0.2539717675,-1.705807306,0,0
0,0,-0.3688890791,-1.149173116,1,0
0,0,-0.5532487026,-1.843596235,2,0
0,0,-0.8823972902,-3.291485876,2,0
0,0,-1.374701107,-4.923038168,0,-1
1,1,-1.987851399,-6.131502917
0,0,0,0,2,0
0,0,-0.1042746546,-1.042746546,0,0
0,0,-0.1464469619,-0.4217230729,1,0
0,0,-0.2138201806,-0.6737321869,2,0
0,0,-0.409255939,-1.954357584,0,0
0,0,-0.5973724398,-1.881165008,2,0
0,0,-0.9415190903,-3.441466505,2,0
0,0,-1.44183577,-5.003166792,0,-1
1,1,-2.07568514,-6.338493702
0,0,0,0,1,0
0,0,-0.003170872619,-0.03170872619,0,0
0,0,0.09437934298,0.975502156,0,0
0,0,0.2954917264,2.011123834,1,0
0,0,0.5351809063,2.396891799,0,0
0,0,0.9229485932,3.877676869,0,0
0,0,1.476812054,5.538634603,1,-1
1,1,2.174088817,6.972767635
0,0,0,0,1,0
0,0,0.008584198137,0.08584198137,0,0
0,0,0.1156385871,1.070543889,1,0
0,0,0.2489938902,1.333553031,2,0
0,0,0.354338028,1.053441378,1,0
0,0,0.529940947,1.75602919,1,0
0,0,0.7733928403,2.434518932,0,0
0,0,1.176433523,4.030406831,2,-1
1,1,1.674693989,4.982604654
0,0,0,0,0,0
0,0,0.09769437198,0.9769437198,2,0
0,0,0.1347272222,0.3703285019,1,0
0,0,0.2076092024,0.7288198027,1,0
0,0,0.3262378614,1.18628659,0,0
0,0,0.5729502896,2.467124282,2,0
0,0,0.8367689151,2.638186256,0,0
0,0,1.271373373,4.346044579,0,-1
1,1,1.861860961,5.904875884
0,0,0,0,1,0
0,0,0.01537481801,0.1537481801,2,0
0,0,-0.06550390758,-0.8087872559,2,0
0,0,-0.2367129071,-1.712089996,2,0
0,0,-0.5340439872,-2.973310801,1,0
0,0,-0.905286638,-3.712426508,2,0
0,0,-1.43309365,-5.278070124,1,-1
1,1,-2.102626884,-6.695332332
0,0,0,0,0,0
0,0,0.09370796717,0.9370796717,0,0
0,0,0.3059742934,2.122663262,2,0
0,0,0.4796217903,1.736474969,2,0
0,0,0.6587581626,1.791363723,2,0
0,0,0.857356635,1.985984724,0,0
0,0,1.228041439,3.706848037,0,-1
1,1,1.758551434,5.305099958
0,0,0,0,1,0
0,0,-0.01005258251,-0.1005258251,0,0
0,0,0.04922119137,0.5927377388,0,0
0,0,0.1942346746,1.450134833,2,0
0,0,0.2909335735,0.9669889882,2,0
0,0,0.3646289881,0.7369541463,0,0
0,0,0.5641531371,1.99524149,0,0
0,0,0.9303217517,3.661686146,1,0
0,0,1.415260291,4.84938539,1,-1
1,1,2.042354412,6.270941214
0,0,0,0,1,0
0,0,-0.01653175906,-0.1653175906,0,0
0,0,0.05807104198,0.7460280104,2,0
0,0,0.05941620448,0.01345162494,1,0
0,0,0.08043326659,0.2101706211,0,0
0,0,0.2103795526,1.29946286,0,0
0,0,0.4660827123,2.557031597,0,0
0,0,0.8725312449,4.064485327,1,0
0,0,1.386128055,5.135968101,0,-1
1,1,2.052336348,6.662082932
0,0,0,0,1,0
0,0,-0.009809316851,-0.09809316851,1,0
0,0,-0.005291382581,0.0451793427,0,0
0,0,0.09051519697,0.9580657956,2,0
0,0,0.1075564725,0.1704127549,2,0
0,0,0.07291738213,-0.3463909034,1,0
0,0,0.06407124042,-0.08846141703,0,0
0,0,0.143992082,0.7992084158,0,0
0,0,0.340829316,1.96837234,2,0
0,0,0.513218963,1.723896471,1,0
0,0,0.7701582232,2.569392601,0,0
0,0,1.182182355,4.120241315,2,-1
1,1,1.698387981,5.162056259
0,0,0,0,2,0
0,0,-0.07069762888,-0.7069762888,0,0
0,0,-0.08197078451,-0.1127315563,1,0
0,0,-0.1122629252,-0.3029214066,1,0
0,0,-0.1741620539,-0.6189912878,1,0
0,0,-0.2549902571,-0.8082820311,2,0
0,0,-0.4637876515,-2.087973944,0,0
0,0,-0.6630572891,-1.992696376,0,0
0,0,-0.8962717644,-2.332144753,1,0
0,0,-1.241308148,-3.450363833,2,-1
1,1,-1.742123212,-5.008150648
0,0,0,0,1,0
0,0,-0.008584428646,-0.08584428646,1,0
0,0,-0.004638678487,0.03945750159,2,0
0,0,-0.07573059861,-0.7109192012,2,0
0,0,-0.2474611852,-1.717305866,2,0
0,0,-0.5443607643,-2.968995791,0,0
0,0,-0.860125088,-3.157643237,2,0
0,0,-1.335381129,-4.752560412,0,-1
1,1,-1.929915931,-5.945348017
0,0,0,0,0,0
0,0,0.0932293288,0.932293288,2,0
0,0,0.1040690883,0.1083975948,0,0
0,0,0.2366683523,1.32599264,2,0
0,0,0.3237795305,0.8711117817,2,0
0,0,0.3764848362,0.527053057,1,0
0,0,0.4816572183,1.051723821,0,0
0,0,0.7527611543,2.71103936,1,0
0,0,1.118752624,3.659914702,2,-1
1,1,1.583698177,4.649455526
0,0,0,0,0,0
0,0,0.1036563559,1.036563559,1,0
0,0,0.2175565899,1.13900234,0,0
0,0,0.4563817534,2.388251635,1,0
0,0,0.7739457608,3.175640074,2,0
0,0,1.126538363,3.525926023,1,-1
1,1,1.607513947,4.809755835
0,0,0,0,2,0
0,0,-0.08056386559,-0.8056386559,1,0
0,0,-0.1673216532,-0.8675778756,2,0
0,0,-0.3697007556,-2.023791025,2,0
0,0,-0.7214796832,-3.517789276,0,0
0,0,-1.096565317,-3.75085634,2,-1
1,1,-1.632161607,-5.355962902
0,0,0,0,0,0
0,0,0.1035489742,1.035489742,0,0
0,0,0.3207943294,2.172453553,2,0
0,0,0.4939747333,1.731804039,0,0
0,0,0.8218118367,3.278371034,1,0
0,0,1.25023808,4.28426243,0,-1
1,1,1.833280195,5.830421154
0,0,0,0,1,0
0,0,0.01690909159,0.1690909159,0,0
0,0,0.1209308017,1.040217101,2,0
0,0,0.1559342521,0.3500345043,1,0
0,0,0.2217176144,0.6578336229,0,0
0,0,0.3981069078,1.763892935,1,0
0,0,0.6357255631,2.376186553,1,0
0,0,0.9622341735,3.265086104,0,0
0,0,1.456430152,4.941959785,0,-1
1,1,2.099943112,6.435129596
0,0,0,0,1,0
0,0,-0.008578848999,-0.08578848999,2,0
0,0,-0.1054882241,-0.9690937508,1,0
0,0,-0.2219547145,-1.164664905,2,0
0,0,-0.4717003636,-2.497456491,0,0
0,0,-0.723133209,-2.514328454,2,0
0,0,-1.127573298,-4.044400894,1,-1
1,1,-1.656947289,-5.293739902
0,0,0,0,2,0
0,0,-0.0716754234,-0.716754234,1,0
0,0,-0.1523362555,-0.8066083211,0,0
0,0,-0.1685531737,-0.1621691819,0,0
0,0,-0.1132889759,0.5526419779,0,0
0,0,0.0006484570493,1.13937433,1,0
0,0,0.1221838638,1.215354068,2,0
0,0,0.1784605753,0.5627671145,2,0
0,0,0.1921235759,0.136630006,2,0
0,0,0.1425456724,-0.495779035,2,0
0,0,0.01698644499,-1.255592274,1,0
0,0,-0.1142131752,-1.311996201,0,0
0,0,-0.1711811832,-0.5696800802,2,0
0,0,-0.3538360659,-1.826548827,0,0
0,0,-0.5122828988,-1.584468329,0,0
0,0,-0.6891006284,-1.768177297,1,0
0,0,-0.9675432368,-2.784426084,2,0
0,0,-1.412556561,-4.45013324,0,-1
1,1,-1.986926113,-5.74369552
0,0,0,0,2,0
0,0,-0.09288355261,-0.9288355261,1,0
0,0,-0.1997098699,-1.068263172,1,0
0,0,-0.3329909069,-1.33281037,1,0
0,0,-0.5090118904,-1.760209836,0,0
0,0,-0.6870151262,-1.780032358,1,0
0,0,-0.9521525997,-2.651374734,2,0
0,0,-1.38176267,-4.296100703,1,-1
1,1,-1.949597411,-5.678347408
0,0,0,0,0,0
0,0,0.09344577415,0.9344577415,0,0
0,0,0.293163129,1.997173549,2,0
0,0,0.4560459733,1.628828443,0,0
0,0,0.7720565998,3.160106265,0,0
0,0,1.244483313,4.724267132,1,-1
1,1,1.851182666,6.066993534
0,0,0,0,2,0
0,0,-0.1034464957,-1.034464957,2,0
0,0,-0.3288154624,-2.253689667,1,0
0,0,-0.5956540596,-2.668385972,0,0
0,0,-0.8742326766,-2.78578617,1,0
0,0,-1.260437017,-3.862043407,2,-1
1,1,-1.804074272,-5.43637255
0,0,0,0,1,0
0,0,-0.006736792906,-0.06736792906,0,0
0,0,0.07848895118,0.8522574409,1,0
0,0,0.1715624424,0.9307349123,2,0
0,0,0.2137397983,0.4217735585,0,0
0,0,0.3883911275,1.746513292,2,0
0,0,0.5493033736,1.609122462,0,0
0,0,0.8774470896,3.28143716,0,0
0,0,1.369740918,4.922938283,1,-1
1,1,2.002298657,6.325577395
0,0,0,0,2,0
0,0,-0.08399483554,-0.8399483554,0,0
0,0,-0.08750049598,-0.03505660442,1,0
0,0,-0.1123198414,-0.248193454,2,0
0,0,-0.2565952668,-1.442754254,1,0
0,0,-0.4277594837,-1.711642169,0,0
0,0,-0.5929643879,-1.652049042,0,0
0,0,-0.7745262594,-1.815618715,0,0
0,0,-1.003180792,-2.286545328,1,0
0,0,-1.360668633,-3.574878405,1,-1
1,1,-1.857639203,-4.969705707
0,0,0,0,2,0
0,0,-0.08457315424,-0.8457315424,1,0
0,0,-0.1800378192,-0.9546466501,0,0
0,0,-0.2064069184,-0.2636909917,2,0
0,0,-0.3690445968,-1.626376784,1,0
0,0,-0.5972237387,-2.281791419,0,0
0,0,-0.840069175,-2.428454363,0,0
0,0,-1.131679793,-2.916106183,0,0
0,0,-1.519505706,-3.878259124,0,-1
1,1,-2.049428581,-5.299228755
0,0,0,0,0,0
0,0,0.08350348668,0.8350348668,0,0
0,0,0.2797909979,1.962875112,1,0
0,0,0.5292637433,2.494727454,2,0
0,0,0.7817446564,2.52480913,2,0
0,0,1.084001989,3.022573331,0,0
0,0,1.553369501,4.693675112,1,-1
1,1,2.168916182,6.155466814
0,0,0,0,1,0
0,0,-0.001479057219,-0.01479057219,2,0
0,0,-0.07615774442,-0.746786872,2,0
0,0,-0.2434173278,-1.672595834,2,0
0,0,-0.5207866537,-2.773693259,0,0
0,0,-0.8108634848,-2.900768311,1,0
0,0,-1.199118878,-3.882553927,0,-1
1,1,-1.691005766,-4.918868887
0,0,0,0,1,0
0,0,0.01054877257,0.1054877257,2,0
0,0,-0.06517609027,-0.7572486284,0,0
0,0,-0.06727583196,-0.02099741695,1,0
0,0,-0.07099520232,-0.03719370354,1,0
0,0,-0.09679581581,-0.258006135,0,0
0,0,-0.06570919176,0.3108662405,1,0
0,0,-0.03085926861,0.3484992315,1,0
0,0,-0.003020845047,0.2783842356,1,0
0,0,0.006708331191,0.09729176238,0,0
0,0,0.1085741617,1.018658305,0,0
0,0,0.31079799,2.022238283,0,0
0,0,0.6499918638,3.391938738,0,0
0,0,1.135756502,4.857646384,0,-1
1,1,1.772734607,6.369781045
0,0,0,0,2,0
0,0,-0.08806104165,-0.8806104165,2,0
0,0,-0.2841494939,-1.960884523,2,0
0,0,-0.5945919768,-3.104424829,0,0
0,0,-0.915585042,-3.209930651,1,0
0,0,-1.343066878,-4.274818363,1,-1
1,1,-1.908134188,-5.650673097
0,0,0,0,1,0
0,0,0.01680449071,0.1680449071,0,0
0,0,0.1291769375,1.123724468,0,0
0,0,0.3450387446,2.158618071,2,0
0,0,0.5496006687,2.045619241,2,0
0,0,0.7605071415,2.109064727,2,0
0,0,1.02993375,2.694266089,0,0
0,0,1.473452519,4.435187682,0,-1
1,1,2.067880493,5.944279743
0,0,0,0,1,0
0,0,-0.01689237931,-0.1689237931,2,0
0,0,-0.127540302,-1.106479227,2,0
0,0,-0.34255538,-2.150150779,1,0
0,0,-0.6014385379,-2.588831579,2,0
0,0,-1.023827537,-4.223889993,2,-1
1,1,-1.597554351,-5.737268135
0,0,0,0,1,0
0,0,-0.01593510746,-0.1593510746,0,0
0,0,0.04758294862,0.6351805608,1,0
0,0,0.125770491,0.7818754237,2,0
0,0,0.1240878417,-0.01682649246,1,0
0,0,0.153345737,0.2925789524,2,0
0,0,0.124691196,-0.2865454097,1,0
0,0,0.1255293949,0.008381988969,0,0
0,0,0.2396401466,1.141107517,1,0
0,0,0.4023295719,1.626894253,1,0
0,0,0.6313448278,2.29015256,1,0
0,0,0.9412036539,3.09858826,0,0
0,0,1.409445508,4.682418546,1,-1
1,1,2.019118597,6.096730881
0,0,0,0,0,0
0,0,0.09775566902,0.9775566902,1,0
0,0,0.1979236258,1.001679567,1,0
0,0,0.3384598555,1.405362297,1,0
0,0,0.5193275178,1.808676623,0,0
0,0,0.8510765488,3.317490309,1,0
0,0,1.30101492,4.499383712,1,-1
1,1,1.889580679,5.885657589
0,0,0,0,2,0
0,0,-0.1050303764,-1.050303764,2,0
0,0,-0.3043804975,-1.993501211,2,0
0,0,-0.6259347102,-3.215542127,0,0
0,0,-0.9696558482,-3.43721138,2,0
0,0,-1.471256041,-5.016001927,1,-1
1,1,-2.115949087,-6.446930464
0,0,0,0,2,0
0,0,-0.082970882,-0.82970882,1,0
0,0,-0.1856931415,-1.027222595,2,0
0,0,-0.4061082888,-2.204151472,0,0
0,0,-0.6076633393,-2.015550505,2,0
0,0,-0.9552157103,-3.47552371,1,0
0,0,-1.422333146,-4.671174357,1,-1
1,1,-2.028580158,-6.062470122
0,0,0,0,1,0
0,0,0.009619426849,0.09619426849,2,0
0,0,-0.07599325998,-0.8561268682,2,0
0,0,-0.2565791623,-1.805859023,0,0
0,0,-0.3994816751,-1.429025128,2,0
0,0,-0.6862960579,-2.868143829,0,0
0,0,-1.017249663,-3.309536056,2,0
0,0,-1.518861735,-5.016120719,0,-1
1,1,-2.16146758,-6.426058445
0,0,0,0,1,0
0,0,0.01172487024,0.1172487024,0,0
0,0,0.1029753951,0.9125052487,0,0
0,0,0.311390546,2.084151509,0,0
0,0,0.6590281779,3.476376319,0,0
0,0,1.174322579,5.152944012,0,-1
1,1,1.844319601,6.699970224
0,0,0,0,1,0
0,0,-0.00708492018,-0.0708492018,0,0
0,0,0.07315626241,0.8024118259,1,0
0,0,0.1622772473,0.8912098491,2,0
0,0,0.1901785039,0.2790125657,2,0
0,0,0.1595598014,-0.3061870249,0,0
0,0,0.228874468,0.6931466662,0,0
0,0,0.4091092696,1.802348016,0,0
0,0,0.7325743945,3.234651249,0,0
0,0,1.214293144,4.817187496,0,-1
1,1,1.85056916,6.362760155
0,0,0,0,2,0
0,0,-0.08878755297,-0.8878755297,2,0
0,0,-0.2919842182,-2.031966653,1,0
0,0,-0.5545269233,-2.625427051,2,0
0,0,-0.9806340157,-4.261070924,0,0
0,0,-1.476135224,-4.955012083,2,-1
1,1,-2.122510799,-6.463755747
0,0,0,0,0,0
0,0,0.07769669776,0.7769669776,1,0
0,0,0.1787016607,1.010049629,0,0
0,0,0.3800946919,2.013930313,0,0
0,0,0.7191633154,3.390686234,1,0
0,0,1.166759485,4.4759617,2,-1
1,1,1.714667834,5.479083483
0,0,0,0,0,0
0,0,0.1043749978,1.043749978,2,0
0,0,0.1452714929,0.4089649514,0,0
0,0,0.289034036,1.437625431,0,0
0,0,0.5577011968,2.686671607,0,0
0,0,0.9688309297,4.111297329,1,0
0,0,1.496583823,5.277528936,0,-1
1,1,2.173549773,6.769659499
0,0,0,0,1,0
0,0,-0.009707427435,-0.09707427435,2,0
0,0,-0.1183090488,-1.086016213,1,0
0,0,-0.2460310308,-1.27721982,2,0
0,0,-0.4923749511,-2.463439203,0,0
0,0,-0.7426947211,-2.503197699,1,0
0,0,-1.100830971,-3.581362503,0,0
0,0,-1.554293708,-4.534627366,2,-1
1,1,-2.155674583,-6.01380875
0,0,0,0,2,0
0,0,-0.08740841976,-0.8740841976,1,0
0,0,-0.183613044,-0.962046242,2,0
0,0,-0.4097119614,-2.260989174,1,0
0,0,-0.7021994927,-2.924875313,1,0
0,0,-1.08490684,-3.827073472,0,0
0,0,-1.559271296,-4.743644557,0,-1
1,1,-2.17924171,-6.199704143
0,0,0,0,1,0
0,0,-0.005726661055,-0.05726661055,1,0
0,0,-4.561806675e-05,0.05681042988,2,0
0,0,-0.0912800751,-0.9123445703,0,0
0,0,-0.1034846681,-0.1220459298,2,0
0,0,-0.2088677254,-1.053830573,0,0
0,0,-0.2466611559,-0.3779343052,0,0
0,0,-0.2476465112,-0.00985355287,0,0
0,0,-0.1890845608,0.585619504,0,0
0,0,-0.07643588515,1.126486757,0,0
0,0,0.1227570135,1.991928987,0,0
0,0,0.436004807,3.132477935,1,0
0,0,0.8288352541,3.928304471,0,0
0,0,1.388435301,5.596000465,2,-1
1,1,2.068807687,6.803723865
0,0,0,0,0,0
0,0,0.09482241392,0.9482241392,1,0
0,0,0.2184212079,1.23598794,0,0
0,0,0.4617806102,2.433594023,1,0
0,0,0.7630219535,3.012413433,2,0
0,0,1.102136231,3.391142776,1,-1
1,1,1.573019347,4.708831158
0,0,0,0,2,0
0,0,-0.07320223589,-0.7320223589,2,0
0,0,-0.2356004886,-1.623982527,0,0
0,0,-0.3410464987,-1.054460101,0,0
0,0,-0.4294052924,-0.8835879371,2,0
0,0,-0.666690564,-2.372852716,2,0
0,0,-1.063526369,-3.968358052,1,-1
1,1,-1.578792687,-5.152663174
0,0,0,0,0,0
0,0,0.08071580525,0.8071580525,2,0
0,0,0.09197744487,0.1126163961,1,0
0,0,0.1072376842,0.1526023935,1,0
0,0,0.133631757,0.2639407283,2,0
0,0,0.07994046306,-0.5369129397,0,0
0,0,0.1114242724,0.3148380935,2,0
0,0,0.06717485015,-0.4424942226,2,0
0,0,-0.04359417487,-1.10769025,2,0
0,0,-0.253890312,-2.102961372,1,0
0,0,-0.4997185446,-2.458282325,2,0
0,0,-0.8995768124,-3.998582679,0,0
0,0,-1.367647218,-4.680704055,1,-1
1,1,-1.976765007,-6.091177889
0,0,0,0,1,0
0,0,-0.004168490655,-0.04168490655,2,0
0,0,-0.1000047286,-0.9583623798,2,0
0,0,-0.2840452095,-1.840404809,1,0
0,0,-0.5290355354,-2.449903258,0,0
0,0,-0.7699679026,-2.409323672,1,0
0,0,-1.122719556,-3.527516532,1,-1
1,1,-1.601627338,-4.789077825
0,0,0,0,0,0
0,0,0.08292364346,0.8292364346,0,0
0,0,0.2559245311,1.730008876,1,0
0,0,0.4599975752,2.040730441,1,0
0,0,0.7330801635,2.730825883,2,0
0,0,1.048183644,3.15103481,1,0
0,0,1.488633181,4.40449537,0,-1
1,1,2.0797602,5.911270186
0,0,0,0,1,0
0,0,0.01182677764,0.1182677764,0,0
0,0,0.1144225435,1.025957658,0,0
0,0,0.3204483717,2.060258282,2,0
0,0,0.493972459,1.735240874,1,0
0,0,0.7328396018,2.388671428,0,0
0,0,1.131582151,3.987425491,2,-1
1,1,1.622139387,4.905572358
0,0,0,0,2,0
0,0,-0.09078108696,-0.9078108696,2,0
0,0,-0.2919865247,-2.012054377,0,0
0,0,-0.4578952297,-1.659087051,2,0
0,0,-0.7682019676,-3.103067379,2,0
0,0,-1.245563099,-4.773611317,1,-1
1,1,-1.85661383,-6.110507309
0,0,0,0,0,0
0,0,0.08037698485,0.8037698485,2,0
0,0,0.07196060718,-0.08416377671,2,0
0,0,-0.02601855297,-0.9797916015,1,0
0,0,-0.1321884006,-1.061698476,0,0
0,0,-0.1836794069,-0.5149100627,0,0
0,0,-0.1653759942,0.1830341263,2,0
0,0,-0.2666778245,-1.013018302,0,0
0,0,-0.3421152894,-0.7543746493,1,0
0,0,-0.4849776809,-1.428623915,0,0
0,0,-0.6165040401,-1.315263592,1,0
0,0,-0.8336756134,-2.171715732,0,0
0,0,-1.103944006,-2.70268393,1,0
0,0,-1.499158765,-3.952147588,1,-1
1,1,-2.040219735,-5.410609702
0,0,0,0,0,0
0,0,0.07232515895,0.7232515895,2,0
0,0,0.07332293154,0.009977725885,1,0
0,0,0.09543571404,0.221127825,2,0
0,0,0.04904094125,-0.4639477278,0,0
0,0,0.1025211971,0.5348025582,2,0
0,0,0.082113315,-0.2040788207,2,0
0,0,0.004642717514,-0.7747059749,2,0
0,0,-0.1651416454,-1.697843629,2,0
0,0,-0.4338787376,-2.687370923,2,0
0,0,-0.8384047733,-4.045260357,2,0
0,0,-1.3943498,-5.559450269,0,-1
1,1,-2.072024891,-6.776750904
0,0,0,0,1,0
0,0,-0.01030871057,-0.1030871057,0,0
0,0,0.0498735061,0.6018221667,0,0
0,0,0.2177933137,1.679198076,0,0
0,0,0.5220484918,3.04255178,2,0
0,0,0.8351472242,3.130987324,2,0
0,0,1.208202402,3.730551779,1,-1
1,1,1.711463443,5.032610411
0,0,0,0,2,0
0,0,-0.07241760688,-0.7241760688,0,0
0,0,-0.05298549966,0.1943210723,1,0
0,0,-0.03802536524,0.1496013442,0,0
0,0,0.05205649526,0.9008186049,1,0
0,0,0.1561167858,1.040602905,2,0
0,0,0.1825550681,0.2643828225,0,0
0,0,0.3298340647,1.472789967,1,0
0,0,0.5444432478,2.146091831,1,0
0,0,0.8297697947,2.85326547,2,0
0,0,1.162501749,3.327319544,0,-1
1,1,1.660988954,4.984872044
0,0,0,0,2,0
0,0,-0.100560073,-1.00560073,2,0
0,0,-0.3118234471,-2.112633741,2,0
0,0,-0.6466843747,-3.348609276,1,0
0,0,-1.062185861,-4.155014866,0,0
0,0,-1.566664017,-5.04478156,0,-1
1,1,-2.217729575,-6.510655579
0,0,0,0,1,0
0,0,-0.006045989809,-0.06045989809,0,0
0,0,0.06322505617,0.6927104598,0,0
0,0,0.2218671166,1.586420605,1,0
0,0,0.4192790996,1.97411983,0,0
0,0,0.7650180658,3.457389661,1,0
0,0,1.220160953,4.551428872,0,-1
1,1,1.8316065,6.114455471
0,0,0,0,1,0
0,0,0.009455476638,0.09455476638,1,0
0,0,0.03699917422,0.2754369758,1,0
0,0,0.06588935791,0.2889018369,2,0
0,0,0.03224275374,-0.3364660417,2,0
0,0,-0.07664906391,-1.088918176,1,0
0,0,-0.1941303733,-1.174813094,1,0
0,0,-0.3508455215,-1.567151482,0,0
0,0,-0.4853976603,-1.345521388,0,0
0,0,-0.630386833,-1.449891726,1,0
0,0,-0.8759698314,-2.455829985,0,0
0,0,-1.18155466,-3.05584829,2,-1
1,1,-1.645151325,-4.635966648
0,0,0,0,1,0
0,0,-0.01610285085,-0.1610285085,1,0
0,0,-0.02275309172,-0.0665024087,0,0
0,0,0.06438916281,0.8714225453,2,0
0,0,0.06631262472,0.01923461908,2,0
0,0,-0.01666394306,-0.8297656777,1,0
0,0,-0.0908702096,-0.7420626654,0,0
0,0,-0.1079580968,-0.1708788718,1,0
0,0,-0.1382534214,-0.3029532465,0,0
0,0,-0.1039562206,0.3429720083,1,0
0,0,-0.09264338458,0.1131283601,2,0
0,0,-0.1950054073,-1.023620228,0,0
0,0,-0.2556656432,-0.6066023589,0,0
0,0,-0.2708469899,-0.1518134664,1,0
0,0,-0.3469307444,-0.7608375448,0,0
0,0,-0.4080400297,-0.6110928533,1,0
0,0,-0.5506477563,-1.426077266,1,0
0,0,-0.7702193822,-2.195716259,0,0
0,0,-1.048050141,-2.778307587,2,0
0,0,-1.489661794,-4.416116533,1,-1
1,1,-2.075424588,-5.857627941
0,0,0,0,1,0
0,0,0.002555028693,0.02555028693,0,0
0,0,0.09821734293,0.9566231423,1,0
0,0,0.2153370789,1.171197359,1,0
0,0,0.36065349,1.453164112,1,0
0,0,0.575036583,2.14383093,2,0
0,0,0.7944276852,2.193911022,1,0
0,0,1.116399819,3.219721335,1,0
0,0,1.562162279,4.457624604,1,-1
1,1,2.154731441,5.925691615
0,0,0,0,2,0
0,0,-0.07746957311,-0.7746957311,2,0
0,0,-0.2578509166,-1.803813435,0,0
0,0,-0.4051951807,-1.473442641,2,0
0,0,-0.6907235414,-2.855283607,0,0
0,0,-1.008112548,-3.173890066,2,0
0,0,-1.484560829,-4.764482812,1,-1
1,1,-2.105220919,-6.206600903
0,0,0,0,2,0
0,0,-0.1022089036,-1.022089036,1,0
0,0,-0.212643996,-1.104350924,2,0
0,0,-0.4275727488,-2.149287528,2,0
0,0,-0.7828822499,-3.553095011,2,0
0,0,-1.289033134,-5.061508838,2,-1
1,1,-1.949828379,-6.607952453
0,0,0,0,2,0
0,0,-0.08688237466,-0.8688237466,0,0
0,0,-0.1024766609,-0.1559428621,0,0
0,0,-0.03200955797,0.704671029,0,0
0,0,0.1344394088,1.664489667,2,0
0,0,0.2477848485,1.133454397,0,0
0,0,0.4984954421,2.507105936,1,0
0,0,0.8156790124,3.171835703,0,0
0,0,1.28879619,4.731171777,2,-1
1,1,1.873485339,5.846891488
0,0,0,0,2,0
0,0,-0.07080736279,-0.7080736279,0,0
0,0,-0.06217733742,0.08630025368,2,0
0,0,-0.1674488901,-1.052715527,2,0
0,0,-0.3819834231,-2.14534533,1,0
0,0,-0.6625116277,-2.805282046,0,0
0,0,-0.9796386422,-3.171270145,0,0
0,0,-1.374153144,-3.945145015,2,-1
1,1,-1.923899514,-5.497463705
0,0,0,0,0,0
0,0,0.08063958584,0.8063958584,0,0
0,0,0.2586718981,1.780323122,2,0
0,0,0.383328835,1.246569369,0,0
0,0,0.6448980122,2.615691772,1,0
0,0,0.9947413067,3.498432945,0,0
0,0,1.509345864,5.146045575,0,-1
1,1,2.173353742,6.640078777
0,0,0,0,0,0
0,0,0.07974307303,0.7974307303,1,0
0,0,0.18019142,1.00448347,1,0
0,0,0.3255909986,1.453995786,0,0
0,0,0.6133910886,2.878000901,0,0
0,0,1.048117488,4.347263993,2,0
0,0,1.558918979,5.108014915,1,-1
1,1,2.21616322,6.572442405
0,0,0,0,0,0
0,0,0.09467180096,0.9467180096,1,0
0,0,0.2088074778,1.141356768,1,0
0,0,0.3499707994,1.411633216,2,0
0,0,0.4652389521,1.152681527,2,0
0,0,0.5898342722,1.2459532,1,0
0,0,0.8109179186,2.210836464,1,0
0,0,1.153307882,3.423899636,2,-1
1,1,1.597598178,4.442902954
0,0,0,0,0,0
0,0,0.10573217,1.0573217,1,0
0,0,0.2154137134,1.096815433,2,0
0,0,0.2811914184,0.6577770498,0,0
0,0,0.478957636,1.977662177,2,0
0,0,0.6779832372,1.990256012,2,0
0,0,0.9141561915,2.361729544,1,0
0,0,1.278381139,3.642249473,1,-1
1,1,1.777863959,4.994828202
0,0,0,0,1,0
0,0,0.01378671281,0.1378671281,0,0
0,0,0.1182026639,1.04415951,2,0
0,0,0.1572418371,0.3903917319,1,0
0,0,0.2381555822,0.809137451,2,0
0,0,0.278088032,0.3993244987,0,0
0,0,0.4332797356,1.551917035,2,0
0,0,0.5827480694,1.494683339,0,0
0,0,0.8852866908,3.025386214,1,0
0,0,1.304076497,4.18789806,0,-1
1,1,1.880232547,5.761560497
0,0,0,0,0,0
0,0,0.07819232931,0.7819232931,0,0
0,0,0.2672856222,1.890932929,0,0
0,0,0.590434616,3.231489938,2,0
0,0,0.9187283399,3.28293724,1,0
0,0,1.371543834,4.528154945,2,-1
1,1,1.948901791,5.773579569
0,0,0,0,0,0
0,0,0.0981023152,0.981023152,0,0
0,0,0.3072246083,2.091222931,2,0
0,0,0.4980764381,1.908518298,2,0
0,0,0.6952196888,1.971432507,0,0
0,0,1.062804729,3.675850403,0,-1
1,1,1.595554927,5.327501981
0,0,0,0,1,0
0,0,0.01704436399,0.1704436399,2,0
0,0,-0.05725128757,-0.7429565156,2,0
0,0,-0.2218231531,-1.645718656,0,0
0,0,-0.3260036337,-1.041804805,1,0
0,0,-0.4705605515,-1.445569179,0,0
0,0,-0.6073263756,-1.367658241,2,0
0,0,-0.9051906549,-2.978642793,1,0
0,0,-1.313294871,-4.081042161,1,-1
1,1,-1.855058525,-5.417636545
0,0,0,0,1,0
0,0,0.0001268688923,0.001268688923,0,0
0,0,0.08765627675,0.8752940785,1,0
0,0,0.2073558084,1.196995316,0,0
0,0,0.4380139823,2.30658174,0,0
0,0,0.8074164817,3.694024994,1,0
0,0,1.271556326,4.641398446,0,-1
1,1,1.886943154,6.153868273
0,0,0,0,2,0
0,0,-0.07291067856,-0.7291067856,0,0
0,0,-0.06457410299,0.08336575574,0,0
0,0,0.005514706689,0.7008880968,1,0
0,0,0.07582633864,0.7031163195,0,0
0,0,0.2483375424,1.725112037,2,0
0,0,0.3876087112,1.392711688,1,0
0,0,0.5781656345,1.905569233,1,0
0,0,0.8692424364,2.910768019,2,0
0,0,1.215266403,3.460239665,0,-1
1,1,1.720709691,5.05443288
0,0,0,0,2,0
0,0,-0.07622983392,-0.7622983392,0,0
0,0,-0.07634116405,-0.001113301312,2,0
0,0,-0.1664756744,-0.9013451036,2,0
0,0,-0.3788534099,-2.123777355,1,0
0,0,-0.6376400762,-2.587866663,0,0
0,0,-0.9147808932,-2.771408169,1,0
0,0,-1.311918679,-3.971377854,1,-1
1,1,-1.846662098,-5.347434196
0,0,0,0,1,0
0,0,-0.01608566986,-0.1608566986,0,0
0,0,0.03579511207,0.5188078194,2,0
0,0,-0.005787447297,-0.4158255937,1,0
0,0,-0.03106892118,-0.2528147389,2,0
0,0,-0.1442408327,-1.131719115,0,0
0,0,-0.2068369595,-0.6259612684,2,0
0,0,-0.4008921282,-1.940551687,1,0
0,0,-0.6452490574,-2.443569291,1,0
0,0,-0.9844321993,-3.391831419,1,0
0,0,-1.436286874,-4.518546748,2,-1
1,1,-2.042037133,-6.057502585
0,0,0,0,2,0
0,0,-0.07753489203,-0.7753489203,1,0
0,0,-0.169153054,-0.9161816192,2,0
0,0,-0.3690354623,-1.998824083,1,0
0,0,-0.6244828969,-2.554474347,0,0
0,0,-0.912185981,-2.877030841,0,0
0,0,-1.260133663,-3.479476823,1,-1
1,1,-1.7451385,-4.85004837
0,0,0,0,2,0
0,0,-0.08642469393,-0.8642469393,2,0
0,0,-0.2928252892,-2.064005952,0,0
0,0,-0.4696247031,-1.767994139,0,0
0,0,-0.6429380475,-1.733133444,1,0
0,0,-0.921162009,-2.782239615,1,0
0,0,-1.322222011,-4.010600018,1,-1
1,1,-1.861996353,-5.39774342
0,0,0,0,0,0
0,0,0.09582538137,0.9582538137,1,0
0,0,0.2233599004,1.275345191,2,0
0,0,0.2936990953,0.7033919489,0,0
0,0,0.4868749196,1.931758242,1,0
0,0,0.7495354354,2.626605158,2,0
0,0,1.06575997,3.162245344,0,0
0,0,1.553317912,4.875579425,2,-1
1,1,2.186161653,6.328437407
0,0,0,0,2,0
0,0,-0.09393187872,-0.9393187872,0,0
0,0,-0.1098782136,-0.1594633487,1,0
0,0,-0.1562452723,-0.4636705867,0,0
0,0,-0.1588609051,-0.02615632867,0,0
0,0,-0.1071837774,0.5167712768,2,0
0,0,-0.1687282519,-0.6154447441,0,0
0,0,-0.1660570532,0.02671198675,1,0
0,0,-0.1888528345,-0.2279578133,0,0
0,0,-0.1637761804,0.2507665412,1,0
0,0,-0.1730531803,-0.09276999949,1,0
0,0,-0.19884436,-0.257911797,2,0
0,0,-0.3385975519,-1.397531919,2,0
0,0,-0.6203485559,-2.817510039,1,0
0,0,-0.9925753295,-3.722267736,1,0
0,0,-1.484263006,-4.91687677,1,-1
1,1,-2.119510193,-6.352471863
0,0,0,0,0,0
0,0,0.08397025699,0.8397025699,0,0
0,0,0.2725833842,1.886131272,0,0
0,0,0.5769744121,3.043910279,2,0
0,0,0.9071981507,3.302237386,0,0
0,0,1.400605448,4.934072972,0,-1
1,1,2.047737413,6.471319651
0,0,0,0,0,0
0,0,0.1034141333,1.034141333,1,0
0,0,0.2373000651,1.338859318,0,0
0,0,0.482313665,2.450135999,1,0
0,0,0.8094491398,3.271354748,1,0
0,0,1.238262034,4.288128942,0,-1
1,1,1.827619248,5.893572139
0,0,0,0,1,0
0,0,0.003264859266,0.03264859266,2,0
0,0,-0.09101933036,-0.9428418963,1,0
0,0,-0.2002342007,-1.092148703,0,0
0,0,-0.2627703126,-0.6253611194,1,0
0,0,-0.3728924139,-1.101221013,1,0
0,0,-0.555278323,-1.823859091,1,0
0,0,-0.8329763308,-2.776980078,1,0
0,0,-1.223096115,-3.901197838,1,-1
1,1,-1.74356387,-5.204677551
0,0,0,0,1,0
0,0,-0.01445936808,-0.1445936808,2,0
0,0,-0.1135776116,-0.9911824355,2,0
0,0,-0.3058025563,-1.922249446,2,0
0,0,-0.622531007,-3.167284507,1,0
0,0,-1.035653161,-4.131221541,0,0
0,0,-1.529454023,-4.938008622,2,-1
1,1,-2.171408174,-6.419541508
0,0,0,0,1,0
0,0,-0.01644782547,-0.1644782547,1,0
0,0,-0.03035589374,-0.1390806826,0,0
0,0,0.03816057724,0.6851647097,1,0
0,0,0.1172143934,0.7905381621,1,0
0,0,0.2001447722,0.8293037876,0,0
0,0,0.4147034118,2.145586396,2,0
0,0,0.6074266241,1.927232123,1,0
0,0,0.9023686861,2.94942062,0,0
0,0,1.357339865,4.549711785,0,-1
1,1,1.968303943,6.109640785
0,0,0,0,1,0
0,0,-0.003880771801,-0.03880771801,0,0
0,0,0.07714080244,0.8102157424,2,0
0,0,0.09224948994,0.151086875,1,0
0,0,0.1318095013,0.395600114,2,0
0,0,0.09609565728,-0.3571384406,1,0
0,0,0.06608418313,-0.3001147415,0,0
0,0,0.1276535969,0.615694138,1,0
0,0,0.1957032922,0.6804969531,1,0
0,0,0.3043646534,1.086613612,2,0
0,0,0.3788839062,0.7451925272,2,0
0,0,0.4405955702,0.6171166406,2,0
0,0,0.5043715646,0.637759944,2,0
0,0,0.5827787048,0.7840714021,2,0
0,0,0.6815446147,0.9876590991,0,0
0,0,0.9499369663,2.683923515,2,0
0,0,1.301621967,3.516850004,0,-1
1,1,1.813183672,5.115617049
0,0,0,0,2,0
0,0,-0.08281127176,-0.8281127176,1,0
0,0,-0.1750142123,-0.9220294051,0,0
0,0,-0.2265345934,-0.5152038116,1,0
0,0,-0.3040874074,-0.77552814,0,0
0,0,-0.3554212292,-0.5133382172,2,0
0,0,-0.5586449326,-2.032237034,0,0
0,0,-0.7821778674,-2.235329348,0,0
0,0,-1.064771028,-2.825931609,2,0
0,0,-1.518224774,-4.534537458,1,-1
1,1,-2.116254142,-5.980293674
0,0,0,0,0,0
0,0,0.08580158611,0.8580158611,1,0
0,0,0.1739520807,0.8815049456,1,0
0,0,0.275544059,1.015919784,1,0
0,0,0.4161511486,1.406070896,1,0
0,0,0.6318284311,2.156772825,0,0
0,0,0.9945378028,3.627093717,1,0
0,0,1.472182319,4.776445163,1,-1
1,1,2.093187704,6.210053846
0,0,0,0,0,0
0,0,0.08179314285,0.8179314285,0,0
0,0,0.2525496758,1.707565329,0,0
0,0,0.5524702438,2.99920568,0,0
0,0,1.001995706,4.495254623,0,-1
1,1,1.615031913,6.130362071
0,0,0,0,1,0
0,0,-0.004448630583,-0.04448630583,0,0
0,0,0.07942726132,0.838758919,1,0
0,0,0.1638395899,0.8441232856,0,0
0,0,0.3792030853,2.153634954,2,0
0,0,0.5822806332,2.030775479,1,0
0,0,0.8694192316,2.871385984,2,0
0,0,1.221683515,3.52264283,2,-1
1,1,1.678555474,4.568719593
0,0,0,0,0,0
0,0,0.09164929456,0.9164929456,1,0
0,0,0.1939211186,1.02271824,2,0
0,0,0.2438743105,0.499531919,2,0
0,0,0.2341926481,-0.09681662378,1,0
0,0,0.2509106941,0.1671804594,2,0
0,0,0.2315387987,-0.1937189537,2,0
0,0,0.1580851488,-0.734536499,1,0
0,0,0.1137751161,-0.4431003264,1,0
0,0,0.0984718487,-0.1530326745,0,0
0,0,0.177515469,0.7904362028,1,0
0,0,0.281874937,1.04359468,2,0
0,0,0.3612016625,0.7932672548,2,0
0,0,0.4173846243,0.5618296183,2,0
0,0,0.478641428,0.6125680373,2,0
0,0,0.5358738157,0.5723238767,2,0
0,0,0.5920837879,0.5620997224,2,0
0,0,0.6675773907,0.7549360274,0,0
0,0,0.8985535542,2.309761635,1,0
0,0,1.245420755,3.468672009,2,-1
1,1,1.704032936,4.58612181
0,0,0,0,0,0
0,0,0.08817220581,0.8817220581,1,0
0,0,0.177138379,0.8896617314,2,0
0,0,0.1994042258,0.2226584681,1,0
0,0,0.2650832754,0.6567904967,0,0
0,0,0.4680599878,2.029767124,0,0
0,0,0.8057978162,3.377378284,1,0
0,0,1.238021913,4.322240969,0,-1
1,1,1.824127453,5.861055397
0,0,0,0,1,0
0,0,-0.006436537438,-0.06436537438,2,0
0,0,-0.09214350656,-0.8570696912,0,0
0,0,-0.09478206094,-0.02638554382,2,0
0,0,-0.2145420494,-1.197599884,0,0
0,0,-0.3005643325,-0.860222831,1,0
0,0,-0.4299162537,-1.293519212,1,0
0,0,-0.6413974656,-2.114812119,1,0
0,0,-0.9583585432,-3.169610776,2,0
0,0,-1.443422181,-4.85063638,1,-1
1,1,-2.069003245,-6.25581064
0,0,0,0,1,0
0,0,0.004056444014,0.04056444014,1,0
0,0,-0.002095131109,-0.06151575123,1,0
0,0,0.007982323589,0.100774547,2,0
0,0,-0.08401879422,-0.9200111781,2,0
0,0,-0.2909145975,-2.068958032,0,0
0,0,-0.465152335,-1.742377375,1,0
0,0,-0.7225575608,-2.574052258,0,0
0,0,-1.016363933,-2.938063722,1,0
0,0,-1.43285935,-4.164954167,1,-1
1,1,-1.993472978,-5.606136286
0,0,0,0,0,0
0,0,0.08075170086,0.8075170086,1,0
0,0,0.1878566251,1.071049242,1,0
0,0,0.3152899402,1.274333151,0,0
0,0,0.5708929261,2.556029859,2,0
0,0,0.8403795629,2.694866368,2,0
0,0,1.163744355,3.233647923,2,-1
1,1,1.587347292,4.236029365
0,0,0,0,0,0
0,0,0.09040418297,0.9040418297,0,0
0,0,0.2835118174,1.931076345,0,0
0,0,0.6078651325,3.24353315,0,0
0,0,1.079719101,4.718539684,2,-1
1,1,1.627453341,5.477342403
0,0,0,0,2,0
0,0,-0.07678870349,-0.7678870349,2,0
0,0,-0.2679684692,-1.911797657,0,0
0,0,-0.4104378103,-1.424693411,1,0
0,0,-0.6165780186,-2.061402083,1,0
0,0,-0.9241755141,-3.075974956,2,0
0,0,-1.402846394,-4.786708795,1,-1
1,1,-2.019620772,-6.16774378
0,0,0,0,0,0
0,0,0.08199573789,0.8199573789,2,0
0,0,0.07371614185,-0.08279596042,0,0
0,0,0.1609660838,0.8724994194,2,0
0,0,0.1904196248,0.29453541,2,0
0,0,0.1685250576,-0.2189456722,0,0
0,0,0.2599203348,0.9139527718,2,0
0,0,0.3237096444,0.6378930964,2,0
0,0,0.3513031988,0.2759355438,2,0
0,0,0.3633706513,0.1206745254,1,0
0,0,0.4516172938,0.8824664248,0,0
0,0,0.6967689301,2.451516363,1,0
0,0,1.043789866,3.470209361,2,0
0,0,1.472275654,4.284857882,0,-1
1,1,2.052274397,5.799987422
0,0,0,0,1,0
0,0,0.009058132212,0.09058132212,2,0
0,0,-0.0659348206,-0.7499295281,2,0
0,0,-0.2409992352,-1.750644146,2,0
0,0,-0.5313809791,-2.903817439,1,0
0,0,-0.9099876616,-3.786066825,0,0
0,0,-1.346513466,-4.365258041,2,-1
1,1,-1.937783739,-5.91270273
0,0,0,0,2,0
0,0,-0.08485585608,-0.8485585608,0,0
0,0,-0.08826754852,-0.03411692442,2,0
0,0,-0.2060845472,-1.178169987,0,0
0,0,-0.2565853221,-0.5050077489,1,0
0,0,-0.3667315574,-1.101462352,2,0
0,0,-0.6270907922,-2.603592349,2,0
0,0,-1.040514837,-4.134240448,2,-1
1,1,-1.616633283,-5.761184459
0,0,0,0,2,0
0,0,-0.07455016226,-0.7455016226,1,0
0,0,-0.1773383742,-1.02788212,2,0
0,0,-0.3863865959,-2.090482217,1,0
0,0,-0.6439548124,-2.575682165,0,0
0,0,-0.9307446177,-2.867898053,1,0
0,0,-1.328408262,-3.976636441,1,-1
1,1,-1.863134976,-5.347267141
0,0,0,0,1,0
0,0,0.004785778961,0.04785778961,0,0
0,0,0.1031446244,0.9835884547,0,0
0,0,0.2995301568,1.963855324,2,0
0,0,0.4463968679,1.468667111,2,0
0,0,0.5956281387,1.492312708,0,0
0,0,0.8930491985,2.974210599,0,0
0,0,1.363966582,4.709173835,1,-1
1,1,1.973769961,6.098033794
0,0,0,0,0,0
0,0,0.07459687395,0.7459687395,0,0
0,0,0.25300275,1.78405876,0,0
0,0,0.563117639,3.101148891,2,0
0,0,0.8766281201,3.13510481,2,0
0,0,1.241684214,3.650560942,2,-1
1,1,1.718346386,4.76662172
0,0,0,0,1,0
0,0,-0.0001244483811,-0.001244483811,0,0
0,0,0.0853156545,0.8544010288,2,0
0,0,0.09678016354,0.1146450903,2,0
0,0,0.0273123378,-0.6946782574,1,0
0,0,-0.02178796845,-0.4910030625,2,0
0,0,-0.1586516444,-1.36863676,0,0
0,0,-0.2220010358,-0.6334939135,2,0
0,0,-0.4212290231,-1.992279873,1,0
0,0,-0.6757090223,-2.544799992,1,0
0,0,-1.021950583,-3.462415611,0,0
0,0,-1.451817846,-4.298672629,1,-1
1,1,-2.025733357,-5.739155112
0,0,0,0,1,0
0,0,0.01463607594,0.1463607594,2,0
0,0,-0.05880875417,-0.7344483011,1,0
0,0,-0.1542221832,-0.9541342902,2,0
0,0,-0.3651050028,-2.108828196,2,0
0,0,-0.7078117202,-3.427067174,2,0
0,0,-1.204668222,-4.968565017,0,-1
1,1,-1.803656986,-5.989887644
0,0,0,0,0,0
0,0,0.09433034523,0.9433034523,0,0
0,0,0.2776051722,1.83274827,2,0
0,0,0.4295348456,1.519296734,1,0
0,0,0.6471908591,2.176560135,1,0
0,0,0.9572096378,3.100187786,2,0
0,0,1.333928485,3.767188469,2,-1
1,1,1.830090865,4.961623805
0,0,0,0,2,0
0,0,-0.1025649362,-1.025649362,0,0
0,0,-0.1501023921,-0.4753745591,1,0
0,0,-0.238358919,-0.882565269,0,0
0,0,-0.2936928564,-0.5533393739,0,0
0,0,-0.3251550947,-0.3146223829,2,0
0,0,-0.4980473691,-1.728922745,1,0
0,0,-0.7497939805,-2.517466114,2,0
0,0,-1.157672063,-4.078780825,0,-1
1,1,-1.667361444,-5.096893812
0,0,0,0,1,0
0,0,0.01427308612,0.1427308612,0,0
0,0,0.1227877072,1.08514621,0,0
0,0,0.3389364232,2.16148716,2,0
0,0,0.542172994,2.032365709,1,0
0,0,0.8210326947,2.788597007,0,0
0,0,1.255177803,4.341451088,2,-1
1,1,1.8002816,5.451037966
0,0,0,0,2,0
0,0,-0.07722560764,-0.7722560764,0,0
0,0,-0.09299290012,-0.1576729248,2,0
0,0,-0.2192643365,-1.262714364,1,0
0,0,-0.3659288293,-1.466644927,1,0
0,0,-0.5749665601,-2.090377308,2,0
0,0,-0.93681803,-3.618514699,1,0
0,0,-1.415309537,-4.784915068,2,-1
1,1,-2.047557551,-6.32248014
0,0,0,0,0,0
0,0,0.09333165969,0.9333165969,0,0
0,0,0.2978779441,2.045462844,1,0
0,0,0.5521816812,2.543037371,1,0
0,0,0.8867455392,3.34563858,1,0
0,0,1.326273102,4.395275624,0,-1
1,1,1.921900234,5.95627132
0,0,0,0,0,0
0,0,0.07659188883,0.7659188883,1,0
0,0,0.1595602409,0.8296835202,1,0
0,0,0.2657066846,1.061464438,2,0
0,0,0.3285284871,0.6282180252,1,0
0,0,0.4322963785,1.037678914,2,0
0,0,0.5211588161,0.8886243755,2,0
0,0,0.6156909775,0.9453216146,1,0
0,0,0.8114616895,1.95770712,2,0
0,0,1.056466076,2.450043861,0,0
0,0,1.471544201,4.150781255,1,-1
1,1,2.029542808,5.579986066
0,0,0,0,1,0
0,0,0.002736615582,0.02736615582,2,0
0,0,-0.07857241251,-0.8130902809,0,0
0,0,-0.07836903266,0.0020337985,2,0
0,0,-0.1728508819,-0.9448184924,1,0
0,0,-0.2955263333,-1.226754514,1,0
0,0,-0.475010363,-1.794840297,1,0
0,0,-0.7435606771,-2.685503141,0,0
0,0,-1.065012556,-3.214518791,2,0
0,0,-1.556705315,-4.916927584,1,-1
1,1,-2.195011768,-6.383064534
0,0,0,0,0,0
0,0,0.1026140205,1.026140205,0,0
0,0,0.3033202257,2.007062052,0,0
0,0,0.623948119,3.206278933,2,0
0,0,0.9579628943,3.340147753,1,0
0,0,1.407621519,4.496586244,2,-1
1,1,1.983823305,5.76201786
0,0,0,0,0,0
0,0,0.08255097189,0.8255097189,0,0
0,0,0.2728448088,1.902938369,2,0
0,0,0.4389576116,1.661128028,2,0
0,0,0.5823411901,1.433835785,1,0
0,0,0.8021995042,2.198583142,2,0
0,0,1.08263674,2.80437236,2,0
0,0,1.449511961,3.668752207,0,-1
1,1,1.970415784,5.209038235
0,0,0,0,0,0
0,0,0.08327453727,0.8327453727,2,0
0,0,0.0769360343,-0.0633850297,1,0
0,0,0.09582563788,0.1888960358,1,0
0,0,0.126004593,0.3017895511,0,0
0,0,0.2553746213,1.293700283,2,0
0,0,0.3428124487,0.8743782735,2,0
0,0,0.403030133,0.6021768427,2,0
0,0,0.4473257117,0.4429557872,1,0
0,0,0.5716926455,1.243669338,0,0
0,0,0.8484163294,2.767236839,1,0
0,0,1.228440689,3.800243601,1,-1
1,1,1.746488852,5.18048163
0,0,0,0,0,0
0,0,0.100715262,1.00715262,0,0
0,0,0.2930330111,1.923177491,0,0
0,0,0.6288183276,3.357853165,2,0
0,0,0.9863831516,3.57564824,1,0
0,0,1.469843215,4.834600637,0,-1
1,1,2.103387316,6.335441003
0,0,0,0,0,0
0,0,0.1045595376,1.045595376,0,0
0,0,0.2989722024,1.944126648,1,0
0,0,0.5521235019,2.531512995,2,0
0,0,0.8021897107,2.500662088,1,0
0,0,1.160529053,3.583393422,2,-1
1,1,1.623591836,4.630627832
0,0,0,0,1,0
0,0,0.008707673534,0.08707673534,1,0
0,0,0.01919046305,0.1048278951,2,0
0,0,-0.04540485582,-0.6459531886,1,0
0,0,-0.1218566312,-0.7645177543,1,0
0,0,-0.2106986995,-0.8884206826,1,0
0,0,-0.3514637378,-1.407650383,0,0
0,0,-0.4610693443,-1.096056066,2,0
0,0,-0.7229120832,-2.618427389,2,0
0,0,-1.13647186,-4.135597771,2,-1
1,1,-1.715534986,-5.790631255
0,0,0,0,2,0
0,0,-0.09475727851,-0.9475727851,1,0
0,0,-0.2097248034,-1.149675249,0,0
0,0,-0.2822887974,-0.7256399398,2,0
0,0,-0.4950830663,-2.12794269,1,0
0,0,-0.7948161836,-2.997331172,2,0
0,0,-1.252948021,-4.581318372,1,-1
1,1,-1.845791939,-5.928439185
0,0,0,0,2,0
0,0,-0.0729818441,-0.729818441,2,0
0,0,-0.2562213832,-1.832395391,0,0
0,0,-0.4084726809,-1.522512977,1,0
0,0,-0.6361295395,-2.276568587,1,0
0,0,-0.9456119584,-3.094824189,1,0
0,0,-1.364721776,-4.191098172,0,-1
1,1,-1.907781286,-5.4305951
0,0,0,0,2,0
0,0,-0.07635168051,-0.7635168051,0,0
0,0,-0.07104061781,0.05311062698,2,0
0,0,-0.1503275278,-0.7928690999,0,0
0,0,-0.1799932087,-0.2966568085,1,0
0,0,-0.2417394551,-0.6174624642,2,0
0,0,-0.4308292305,-1.890897754,2,0
0,0,-0.7639771447,-3.331479143,2,0
0,0,-1.250485335,-4.8650819,0,-1
1,1,-1.847753441,-5.972681062
0,0,0,0,2,0
0,0,-0.09247199052,-0.9247199052,1,0
0,0,-0.1922173453,-0.9974535473,1,0
0,0,-0.33825733,-1.460399847,0,0
0,0,-0.4690266172,-1.307692872,0,0
0,0,-0.6060548751,-1.370282579,2,0
0,0,-0.9057446295,-2.996897544,2,0
0,0,-1.369925509,-4.641808796,0,-1
1,1,-1.956080134,-5.861546246
0,0,0,0,1,0
0,0,0.004160263903,0.04160263903,1,0
0,0,0.01264802045,0.08487756545,1,0
0,0,0.0311860837,0.1853806325,2,0
0,0,-0.02464045457,-0.5582653827,2,0
0,0,-0.1876954995,-1.63055045,1,0
0,0,-0.3795180342,-1.918225347,0,0
0,0,-0.5618701257,-1.823520914,2,0
0,0,-0.8922093491,-3.303392234,1,0
0,0,-1.330210498,-4.380011488,2,-1
1,1,-1.925528895,-5.953183975
0,0,0,0,2,0
0,0,-0.0921583648,-0.921583648,0,0
0,0,-0.1134136579,-0.2125529307,0,0
0,0,-0.06561510552,0.4779855235,2,0
0,0,-0.1166952249,-0.5108011935,0,0
0,0,-0.1060828772,0.1061234771,0,0
0,0,-0.03479384726,0.712890299,0,0
0,0,0.1103313601,1.451252074,2,0
0,0,0.1749490389,0.6461767879,0,0
0,0,0.3545909682,1.796419293,0,0
0,0,0.6566879464,3.020969782,0,0
0,0,1.11605387,4.593659235,2,-1
1,1,1.663073818,5.470199479
0,0,0,0,2,0
0,0,-0.09779977199,-0.9779977199,1,0
0,0,-0.2271336661,-1.293338941,2,0
0,0,-0.48403091,-2.568972439,2,0
0,0,-0.8958123307,-4.117814207,2,0
0,0,-1.4565178,-5.607054696,0,-1
1,1,-2.148583065,-6.920652644
0,0,0,0,0,0
0,0,0.08689207962,0.8689207962,1,0
0,0,0.1745565836,0.8766450396,1,0
0,0,0.2808824361,1.063258525,2,0
0,0,0.3571409245,0.7625848844,2,0
0,0,0.3989174104,0.4177648588,1,0
0,0,0.5075442484,1.08626838,2,0
0,0,0.6300712409,1.225269924,1,0
0,0,0.8354121358,2.053408949,1,0
0,0,1.153415002,3.180028662,2,0
0,0,1.567347118,4.13932116,1,-1
1,1,2.128186256,5.608391377
0,0,0,0,1,0
0,0,0.003970232724,0.03970232724,0,0
0,0,0.08409910196,0.8012886924,1,0
0,0,0.1712480013,0.8714889929,0,0
0,0,0.3810176674,2.097696661,1,0
0,0,0.6629621162,2.819444489,0,0
0,0,1.100740792,4.37778676,1,-1
1,1,1.657590349,5.568495564
0,0,0,0,0,0
0,0,0.07494592568,0.7494592568,2,0
0,0,0.07110675701,-0.03839168668,0,0
0,0,0.1808020475,1.096952905,0,0
0,0,0.4204037456,2.39601698,0,0
0,0,0.7896107955,3.6920705,0,0
0,0,1.324306949,5.346961533,2,-1
1,1,1.974047726,6.497407767
0,0,0,0,1,0
0,0,-0.01336944088,-0.1336944088,0,0
0,0,0.04720361079,0.6057305167,0,0
0,0,0.1922268781,1.450232673,2,0
0,0,0.2993828805,1.071560024,1,0
0,0,0.4561798507,1.567969702,2,0
0,0,0.6050413679,1.488615172,1,0
0,0,0.8405490017,2.355076338,1,0
0,0,1.180273059,3.39724057,2,-1
1,1,1.625361798,4.45088739
0,0,0,0,2,0
0,0,-0.09613789977,-0.9613789977,2,0
0,0,-0.2832476975,-1.871097977,2,0
0,0,-0.5902788504,-3.07031153,1,0
0,0,-0.9908266066,-4.005477561,1,0
0,0,-1.512992697,-5.221660907,2,-1
1,1,-2.183574598,-6.705819003
0,0,0,0,1,0
0,0,0.01211853655,0.1211853655,2,0
0,0,-0.06357307702,-0.7569161358,2,0
0,0,-0.237081732,-1.73508655,1,0
0,0,-0.4391429768,-2.020612448,2,0
0,0,-0.7817086688,-3.42565692,2,0
0,0,-1.285183623,-5.034749547,0,-1
1,1,-1.897698195,-6.125145712
0,0,0,0,2,0
0,0,-0.09154821933,-0.9154821933,1,0
0,0,-0.2092191978,-1.176709785,2,0
0,0,-0.4504300139,-2.412108161,2,0
0,0,-0.8244769454,-3.740469315,2,0
0,0,-1.364148325,-5.3967138,0,-1
1,1,-2.027166597,-6.630182717
0,0,0,0,0,0
0,0,0.08218363854,0.8218363854,2,0
0,0,0.07357043738,-0.08613201156,1,0
0,0,0.07291005758,-0.006603797976,1,0
0,0,0.07842180657,0.05511748991,1,0
0,0,0.1081158754,0.2969406882,0,0
0,0,0.2397405421,1.316246667,2,0
0,0,0.3381724245,0.9843188241,2,0
0,0,0.3999304814,0.6175805686,2,0
0,0,0.4531412037,0.5321072235,0,0
0,0,0.6561912739,2.030500702,1,0
0,0,0.959303489,3.031122152,2,0
0,0,1.329608231,3.703047421,1,-1
1,1,1.84265171,5.130434784
0,0,0,0,0,0
0,0,0.09032289909,0.9032289909,1,0
0,0,0.2101286207,1.198057217,0,0
0,0,0.4496964606,2.395678399,1,0
0,0,0.7647957258,3.150992651,1,0
0,0,1.181121131,4.16325405,1,-1
1,1,1.724776266,5.436551347
0,0,0,0,1,0
0,0,-0.007550201657,-0.07550201657,0,0
0,0,0.06690671771,0.7445691937,0,0
0,0,0.2311169858,1.642102681,2,0
0,0,0.3374263307,1.063093448,2,0
0,0,0.4071951607,0.6976882999,2,0
0,0,0.4494853851,0.4229022447,2,0
0,0,0.4971693035,0.476839184,2,0
0,0,0.5369978356,0.3982853207,2,0
0,0,0.5998176123,0.6281977673,1,0
0,0,0.7630536329,1.632360206,2,0
0,0,0.9749179294,2.118642964,1,0
0,0,1.311808192,3.368902627,2,-1
1,1,1.765111331,4.533031386
0,0,0,0,1,0
0,0,0.006903960417,0.06903960417,1,0
0,0,0.01453985566,0.07635895247,1,0
0,0,0.0290654583,0.1452560264,2,0
0,0,-0.05689246941,-0.8595792771,0,0
0,0,-0.05752954632,-0.006370769146,1,0
0,0,-0.06722592097,-0.0969637465,1,0
0,0,-0.105242061,-0.3801614007,0,0
0,0,-0.0666413363,0.3860072474,2,0
0,0,-0.1320106701,-0.6536933378,1,0
0,0,-0.2279572663,-0.9594659624,1,0
0,0,-0.37291973,-1.449624637,0,0
0,0,-0.4997548094,-1.268350794,0,0
0,0,-0.6443999877,-1.446451783,2,0
0,0,-0.9583351365,-3.139351487,2,0
0,0,-1.428035207,-4.697000702,0,-1
1,1,-2.029297027,-6.012618201
0,0,0,0,1,0
0,0,-0.007413616841,-0.07413616841,1,0
0,0,-0.02497527427,-0.1756165742,0,0
0,0,0.05497644121,0.7995171547,0,0
0,0,0.2464496422,1.91473201,1,0
0,0,0.4839098534,2.374602112,0,0
0,0,0.8691002369,3.851903836,1,0
0,0,1.370639984,5.01539747,0,-1
1,1,2.022320251,6.516802672
0,0,0,0,1,0
0,0,0.01658112432,0.1658112432,0,0
0,0,0.1180779433,1.01496819,2,0
0,0,0.1371525443,0.1907460102,0,0
0,0,0.2662993685,1.291468242,1,0
0,0,0.4550208539,1.887214855,1,0
0,0,0.7108383694,2.558175155,0,0
0,0,1.127967221,4.171288513,2,-1
1,1,1.639091722,5.111245012
0,0,0,0,0,0
0,0,0.1041276709,1.041276709,1,0
0,0,0.2145431688,1.104154979,1,0
0,0,0.3710624157,1.565192469,1,0
0,0,0.5859175836,2.148551679,0,0
0,0,0.9536992761,3.677816925,2,0
0,0,1.393159946,4.394606701,1,-1
1,1,1.973694622,5.805346759
0,0,0,0,0,0
0,0,0.09489455171,0.9489455171,0,0
0,0,0.2876075595,1.927130078,0,0
0,0,0.6129696762,3.253621168,2,0
0,0,0.9597560077,3.467863315,2,0
0,0,1.387077696,4.273216885,0,-1
1,1,1.965788223,5.787105271
0,0,0,0,0,0
0,0,0.0748947561,0.748947561,2,0
0,0,0.07566244117,0.007676850742,2,0
0,0,0.009859168236,-0.6580327294,0,0
0,0,0.04128740426,0.3142823602,2,0
0,0,0.008758631894,-0.3252877236,0,0
0,0,0.06651438309,0.5775575119,0,0
0,0,0.229716416,1.632020329,2,0
0,0,0.3488835542,1.191671382,2,0
0,0,0.4491760735,1.002925194,0,0
0,0,0.6990839431,2.499078696,2,0
0,0,0.9829797657,2.838958226,1,0
0,0,1.389886165,4.069063997,0,-1
1,1,1.952289286,5.624031209
0,0,0,0,2,0
0,0,-0.1022440341,-1.022440341,1,0
0,0,-0.2218468654,-1.196028313,2,0
0,0,-0.4580781471,-2.362312817,2,0
0,0,-0.8523503782,-3.942722311,2,0
0,0,-1.409338106,-5.569877281,0,-1
1,1,-2.094090675,-6.847525683
0,0,0,0,1,0
0,0,0.0121451593,0.121451593,1,0
0,0,0.02148684052,0.09341681211,2,0
0,0,-0.05931064402,-0.8079748453,2,0
0,0,-0.255534167,-1.96223523,2,0
0,0,-0.5817604437,-3.262262767,1,0
0,0,-0.9990955,-4.173350564,1,0
0,0,-1.537986365,-5.388908645,1,-1
1,1,-2.222780922,-6.847945571
0,0,0,0,0,0
0,0,0.08824825429,0.8824825429,0,0
0,0,0.2749561088,1.867078545,0,0
0,0,0.5858398113,3.108837025,2,0
0,0,0.9092345844,3.233947732,2,0
0,0,1.302380009,3.931454241,1,-1
1,1,1.834982508,5.326024999
0,0,0,0,1,0
0,0,-0.005152274962,-0.05152274962,2,0
0,0,-0.1018216599,-0.9666938494,2,0
0,0,-0.2953208999,-1.9349924,1,0
0,0,-0.5401842829,-2.44863383,0,0
0,0,-0.7989277059,-2.587434229,2,0
0,0,-1.228680175,-4.297524696,1,-1
1,1,-1.791490629,-5.628104534
0,0,0,0,2,0
0,0,-0.07699429611,-0.7699429611,1,0
0,0,-0.1759123055,-0.9891800939,0,0
0,0,-0.2174395507,-0.4152724518,2,0
0,0,-0.3938455245,-1.764059738,2,0
0,0,-0.7099556844,-3.161101599,0,0
0,0,-1.071610591,-3.616549065,0,0
0,0,-1.52129015,-4.496795588,0,-1
1,1,-2.112330897,-5.910407469
0,0,0,0,1,0
0,0,0.009765667053,0.09765667053,0,0
0,0,0.1148958547,1.051301877,0,0
0,0,0.3143607112,1.994648565,0,0
0,0,0.6486569371,3.342962258,1,0
0,0,1.063821706,4.15164769,0,-1
1,1,1.634106935,5.702852287
0,0,0,0,1,0
0,0,0.008865801049,0.08865801049,0,0
0,0,0.1216905109,1.128247098,1,0
0,0,0.2652024005,1.435118896,0,0
0,0,0.5428123038,2.776099033,2,0
0,0,0.8181892124,2.753769086,0,0
0,0,1.264694476,4.465052638,2,-1
1,1,1.819917824,5.552233476
0,0,0,0,2,0
0,0,-0.09064237937,-0.9064237937,1,0
0,0,-0.1827257314,-0.9208335199,0,0
0,0,-0.2247577301,-0.4203199879,0,0
0,0,-0.234115601,-0.09357870879,2,0
0,0,-0.3566591339,-1.225435328,0,0
0,0,-0.457772777,-1.011136432,0,0
0,0,-0.5525924981,-0.9481972112,1,0
0,0,-0.7270573211,-1.74464823,2,0
0,0,-1.078448446,-3.513911252,1,0
0,0,-1.56067754,-4.822290941,2,-1
1,1,-2.190307302,-6.29629762
0,0,0,0,2,0
0,0,-0.0940065192,-0.940065192,2,0
0,0,-0.2847090191,-1.907024999,0,0
0,0,-0.4348974846,-1.501884655,1,0
0,0,-0.6462712523,-2.113737677,0,0
0,0,-0.872693184,-2.264219317,2,0
0,0,-1.268781105,-3.960879206,0,-1
1,1,-1.778545591,-5.097644867
0,0,0,0,2,0
0,0,-0.07941755614,-0.7941755614,1,0
0,0,-0.1751107423,-0.9569318614,1,0
0,0,-0.3143189955,-1.392082532,1,0
0,0,-0.5131574062,-1.988384107,2,0
0,0,-0.8569718303,-3.438144241,0,0
0,0,-1.253778043,-3.968062129,2,-1
1,1,-1.804577396,-5.50799353
0,0,0,0,0,0
0,0,0.08378926703,0.8378926703,0,0
0,0,0.2539981799,1.702089129,2,0
0,0,0.3693293434,1.153311635,2,0
0,0,0.4799153093,1.10585966,0,0
0,0,0.7321765665,2.522612572,1,0
0,0,1.094923614,3.627470471,2,0
0,0,1.546412181,4.514885672,1,-1
1,1,2.143841744,5.974295631
0,0,0,0,1,0
0,0,-0.002588358697,-0.02588358697,0,0
0,0,0.09310214257,0.9569050127,2,0
0,0,0.1148686137,0.2176647115,2,0
0,0,0.07017452569,-0.4469408803,2,0
0,0,-0.05152659742,-1.217011231,2,0
0,0,-0.2835730319,-2.320464345,0,0
0,0,-0.4632873356,-1.797143037,0,0
0,0,-0.6525424679,-1.892551323,0,0
0,0,-0.876501649,-2.23959181,1,0
0,0,-1.210465032,-3.339633831,1,-1
1,1,-1.674444551,-4.639795189
0,0,0,0,1,0
0,0,0.002280195023,0.02280195023,1,0
0,0,-0.01099335206,-0.1327354708,0,0
0,0,0.06909379482,0.8008714688,1,0
0,0,0.1505551603,0.8146136543,0,0
0,0,0.3616476967,2.110925365,1,0
0,0,0.6381960087,2.76548312,2,0
0,0,0.9267357566,2.885397478,0,0
0,0,1.389798489,4.63062732,0,-1
1,1,2.003321919,6.1352343
0,0,0,0,2,0
0,0,-0.08147599336,-0.8147599336,0,0
0,0,-0.09312041707,-0.1164442372,1,0
0,0,-0.1168662798,-0.2374586274,2,0
0,0,-0.2647704543,-1.479041745,2,0
0,0,-0.5407865443,-2.7601609,0,0
0,0,-0.8204012638,-2.796147195,2,0
0,0,-1.273746959,-4.533456956,2,-1
1,1,-1.880220436,-6.064734762
0,0,0,0,2,0
0,0,-0.07183250685,-0.7183250685,2,0
0,0,-0.2542243302,-1.823918234,2,0
0,0,-0.5650963678,-3.108720376,1,0
0,0,-0.964277022,-3.991806542,2,0
0,0,-1.524081977,-5.59804955,2,-1
1,1,-2.232145101,-7.080631241
0,0,0,0,1,0
0,0,-0.0132506975,-0.132506975,1,0
0,0,-0.02460971722,-0.1135901972,0,0
0,0,0.0534806256,0.7809034283,0,0
0,0,0.2236917803,1.702111547,0,0
0,0,0.5167252852,2.930335049,2,0
0,0,0.8018053371,2.850800519,1,0
0,0,1.191772574,3.899672367,1,-1
1,1,1.717547648,5.257750743
0,0,0,0,1,0
0,0,-0.0048116853,-0.048116853,0,0
0,0,0.06904042681,0.7385211211,2,0
0,0,0.0627622012,-0.06278225607,2,0
0,0,-0.03273428397,-0.9549648518,0,0
0,0,-0.03361008342,-0.008757994458,0,0
0,0,0.03506057886,0.6867066228,0,0
0,0,0.1945183433,1.594577645,2,0
0,0,0.2899654822,0.9544713883,0,0
0,0,0.5134947771,2.23529295,0,0
0,0,0.8766530965,3.631583194,0,0
0,0,1.402612462,5.259593655,0,-1
1,1,2.077547397,6.749349346
0,0,0,0,0,0
0,0,0.09368532104,0.9368532104,1,0
0,0,0.213356146,1.19670825,2,0
0,0,0.2960414219,0.8268527586,1,0
0,0,0.4370603802,1.410189584,2,0
0,0,0.5581289562,1.210685759,0,0
0,0,0.8360117737,2.778828175,0,0
0,0,1.276121369,4.401095955,0,-1
1,1,1.874731138,5.986097693
0,0,0,0,0,0
0,0,0.07726905591,0.7726905591,2,0
0,0,0.06575389392,-0.1151516199,0,0
0,0,0.14100069,0.7524679608,0,0
0,0,0.3329473731,1.919466831,2,0
0,0,0.4977840242,1.64836651,0,0
0,0,0.8264890141,3.2870499,2,0
0,0,1.199627315,3.731383004,2,-1
1,1,1.677833231,4.782059165
0,0,0,0,2,0
0,0,-0.0864899969,-0.864899969,0,0
0,0,-0.1073256787,-0.2083568185,1,0
0,0,-0.1496903001,-0.4236462138,2,0
0,0,-0.3100228267,-1.603325266,1,0
0,0,-0.5225035335,-2.124807068,1,0
0,0,-0.8107826812,-2.882791477,2,0
0,0,-1.254510133,-4.43727452,2,-1
1,1,-1.858048301,-6.035381682
0,0,0,0,1,0
0,0,0.01418610268,0.1418610268,1,0
0,0,0.02761892169,0.1343281901,2,0
0,0,-0.05384669822,-0.8146561991,1,0
0,0,-0.1535189104,-0.9967221221,0,0
0,0,-0.2022203692,-0.4870145876,2,0
0,0,-0.3550365021,-1.528161329,1,0
0,0,-0.5494441206,-1.944076186,1,0
0,0,-0.8129170503,-2.634729297,2,0
0,0,-1.238545448,-4.256283975,2,-1
1,1,-1.821185062,-5.826396144
0,0,0,0,1,0
0,0,0.01649684681,0.1649684681,2,0
0,0,-0.06314665451,-0.7964350132,0,0
0,0,-0.0741462199,-0.1099956539,1,0
0,0,-0.09814827833,-0.2400205843,1,0
0,0,-0.1356400173,-0.37491739,0,0
0,0,-0.1120570249,0.2358299239,2,0
0,0,-0.2099936732,-0.9793664826,2,0
0,0,-0.4146569297,-2.046632565,0,0
0,0,-0.5964619822,-1.818050524,2,0
0,0,-0.9354238202,-3.38961838,1,0
0,0,-1.397231671,-4.618078505,2,-1
1,1,-2.014263462,-6.170317913
0,0,0,0,2,0
0,0,-0.08690478028,-0.8690478028,2,0
0,0,-0.2685122274,-1.816074471,2,0
0,0,-0.5679892156,-2.994769882,2,0
0,0,-1.028826637,-4.608374215,1,-1
1,1,-1.610716853,-5.818902158
0,0,0,0,2,0
0,0,-0.1013771699,-1.013771699,2,0
0,0,-0.2981170797,-1.967399099,2,0
0,0,-0.6312821205,-3.331650407,0,0
0,0,-0.9958608715,-3.64578751,2,0
0,0,-1.522220544,-5.263596725,0,-1
1,1,-2.189194066,-6.669735217
0,0,0,0,2,0
0,0,-0.09813645056,-0.9813645056,0,0
0,0,-0.1166057396,-0.18469289,1,0
0,0,-0.1528742996,-0.3626856002,0,0
0,0,-0.1251867897,0.2768750992,1,0
0,0,-0.1288344537,-0.03647664024,2,0
0,0,-0.2505330691,-1.216986154,2,0
0,0,-0.5152950279,-2.647619588,1,0
0,0,-0.8507530578,-3.354580299,0,0
0,0,-1.236261637,-3.85508579,1,-1
1,1,-1.752295252,-5.160336151
0,0,0,0,1,0
0,0,0.01604048455,0.1604048455,1,0
0,0,0.04200265781,0.2596217326,2,0
0,0,0.002769047503,-0.3923361031,1,0
0,0,-0.05185219296,-0.5462124046,1,0
0,0,-0.110024534,-0.58172341,0,0
0,0,-0.0853132954,0.2471123857,0,0
0,0,0.02166683378,1.069801292,1,0
0,0,0.1233926344,1.017258006,0,0
0,0,0.317743177,1.943505426,2,0
0,0,0.4971068377,1.793636607,2,0
0,0,0.6655314275,1.684245899,2,0
0,0,0.8763271124,2.107956849,0,0
0,0,1.254179275,3.778521627,1,-1
1,1,1.766131646,5.119523709
0,0,0,0,0,0
0,0,0.07416618353,0.7416618353,0,0
0,0,0.2541961514,1.800299679,0,0
0,0,0.5582430239,3.040468725,1,0
0,0,0.9495574627,3.913144388,0,0
0,0,1.508579069,5.590216059,0,-1
1,1,2.216786482,7.082074131
0,0,0,0,1,0
0,0,0.005816729988,0.05816729988,2,0
0,0,-0.06033720503,-0.6615393502,0,0
0,0,-0.0545437253,0.05793479729,0,0
0,0,0.04285460504,0.9739833034,1,0
0,0,0.1585131309,1.156585258,0,0
0,0,0.3722267449,2.13713614,2,0
0,0,0.565597777,1.933710321,1,0
0,0,0.8316169882,2.660192112,0,0
0,0,1.252230476,4.206134878,2,-1
1,1,1.783969435,5.317389586
0,0,0,0,2,0
0,0,-0.1044295374,-1.044295374,1,0
0,0,-0.2303009551,-1.258714177,1,0
0,0,-0.4006717967,-1.703708416,1,0
0,0,-0.6298821216,-2.292103249,1,0
0,0,-0.963298295,-3.334161734,1,0
0,0,-1.416035826,-4.527375306,2,-1
1,1,-2.02020391,-6.041680839
0,0,0,0,2,0
0,0,-0.08693638321,-0.8693638321,0,0
0,0,-0.09072790775,-0.03791524546,0,0
0,0,-0.02882157245,0.619063353,1,0
0,0,0.02410454264,0.5292611509,0,0
0,0,0.1723429521,1.482384094,0,0
0,0,0.4393770152,2.670340631,1,0
0,0,0.7809188596,3.415418444,1,0
0,0,1.214221293,4.333024338,2,-1
1,1,1.750143683,5.359223899
0,0,0,0,2,0
0,0,-0.07762185576,-0.7762185576,2,0
0,0,-0.2659323962,-1.883105404,1,0
0,0,-0.500976266,-2.350438699,1,0
0,0,-0.8160713675,-3.150951015,2,0
0,0,-1.302869044,-4.867976762,2,-1
1,1,-1.943646398,-6.407773539
0,0,0,0,2,0
0,0,-0.09649551332,-0.9649551332,1,0
0,0,-0.2212043905,-1.247088772,1,0
0,0,-0.3972771893,-1.760727988,1,0
0,0,-0.6344391027,-2.371619134,0,0
0,0,-0.9014978023,-2.670586996,1,0
0,0,-1.279143415,-3.776456129,1,-1
1,1,-1.794215804,-5.150723885
0,0,0,0,0,0
0,0,0.07463505117,0.7463505117,2,0
0,0,0.07260764103,-0.02027410146,1,0
0,0,0.09578252224,0.2317488121,2,0
0,0,0.03963179803,-0.561507242,2,0
0,0,-0.08167909622,-1.213108943,2,0
0,0,-0.3044001843,-2.227210881,1,0
0,0,-0.5911057875,-2.867056032,1,0
0,0,-0.9601862547,-3.690804672,2,0
0,0,-1.48913608,-5.289498255,2,-1
1,1,-2.167736138,-6.786000575
0,0,0,0,2,0
0,0,-0.07689167555,-0.7689167555,2,0
0,0,-0.2482235045,-1.71331829,2,0
0,0,-0.5592967683,-3.110732637,2,0
0,0,-1.034999787,-4.757030187,0,-1
1,1,-1.587097308,-5.520975207
0,0,0,0,1,0
0,0,-0.005320919542,-0.05320919542,0,0
0,0,0.09310180459,0.9842272413,1,0
0,0,0.2137222151,1.206204105,2,0
0,0,0.2849303066,0.7120809158,1,0
0,0,0.4060506614,1.211203547,1,0
0,0,0.5859045502,1.798538888,1,0
0,0,0.8444284154,2.585238653,1,0
0,0,1.21641982,3.71991405,0,-1
1,1,1.747995665,5.315758446
0,0,0,0,2,0
0,0,-0.08072275675,-0.8072275675,0,0
0,0,-0.09742821677,-0.1670546002,1,0
0,0,-0.1234368607,-0.260086439,2,0
0,0,-0.2463528141,-1.229159534,2,0
0,0,-0.4957775176,-2.494247035,1,0
0,0,-0.8183571469,-3.225796293,1,0
0,0,-1.244796179,-4.264390321,2,-1
1,1,-1.826938919,-5.821427398
0,0,0,0,2,0
0,0,-0.1006921401,-1.006921401,2,0
0,0,-0.3166806871,-2.15988547,2,0
0,0,-0.6630515155,-3.463708285,0,0
0,0,-1.036238679,-3.731871634,1,0
0,0,-1.530203226,-4.939645469,0,-1
1,1,-2.167157802,-6.369545759
0,0,0,0,2,0
0,0,-0.07690827058,-0.7690827058,2,0
0,0,-0.250181097,-1.732728265,2,0
0,0,-0.5597863987,-3.096053017,1,0
0,0,-0.9583964085,-3.986100098,0,0
0,0,-1.421139917,-4.627435084,2,-1
1,1,-2.036641346,-6.155014291
0,0,0,0,1,0
0,0,-0.01434654908,-0.1434654908,2,0
0,0,-0.1237696268,-1.094230777,1,0
0,0,-0.2569564874,-1.331868606,2,0
0,0,-0.5103630166,-2.534065292,2,0
0,0,-0.9255640119,-4.152009953,1,0
0,0,-1.457827358,-5.322633465,1,-1
1,1,-2.130588096,-6.72760738
0,0,0,0,2,0
0,0,-0.08743658827,-0.8743658827,0,0
0,0,-0.08953311106,-0.02096522785,2,0
0,0,-0.2073431224,-1.178100113,0,0
0,0,-0.2886033556,-0.8126023318,1,0
0,0,-0.4265630825,-1.379597269,0,0
0,0,-0.5483343766,-1.21771294,1,0
0,0,-0.7459861491,-1.976517726,2,0
0,0,-1.113388786,-3.674026372,0,-1
1,1,-1.576392289,-4.630035029
0,0,0,0,2,0
0,0,-0.07679038411,-0.7679038411,2,0
0,0,-0.2600373702,-1.832469861,2,0
0,0,-0.5810859982,-3.21048628,1,0
0,0,-0.9789735096,-3.978875114,0,0
0,0,-1.446296288,-4.673227783,0,-1
1,1,-2.047246689,-6.009504008
0,0,0,0,2,0
0,0,-0.1051634209,-1.051634209,2,0
0,0,-0.303115671,-1.979522501,0,0
0,0,-0.4830861543,-1.799704833,1,0
0,0,-0.7370972727,-2.540111184,1,0
0,0,-1.08641311,-3.49315837,1,0
0,0,-1.564985491,-4.785723817,1,-1
1,1,-2.190283098,-6.252976067
0,0,0,0,2,0
0,0,-0.09220728939,-0.9220728939,1,0
0,0,-0.2086353127,-1.164280233,1,0
0,0,-0.3465427853,-1.379074726,1,0
0,0,-0.539239484,-1.926966986,0,0
0,0,-0.7406084167,-2.013689327,2,0
0,0,-1.100524308,-3.599158911,2,-1
1,1,-1.62346173,-5.229374218
0,0,0,0,0,0
0,0,0.09286106965,0.9286106965,0,0
0,0,0.2834119138,1.905508441,0,0
0,0,0.6111876403,3.277757266,1,0
0,0,1.027262057,4.160744162,1,0
0,0,1.562396521,5.35134464,0,-1
1,1,2.244679294,6.822827735
0,0,0,0,0,0
0,0,0.09045639906,0.9045639906,2,0
0,0,0.09445191534,0.03995516273,1,0
0,0,0.1274829989,0.3303108358,1,0
0,0,0.1941559809,0.6667298199,0,0
0,0,0.3859811097,1.918251288,2,0
0,0,0.5570216857,1.710405759,0,0
0,0,0.8825359032,3.255142176,1,0
0,0,1.32799437,4.454584669,2,-1
1,1,1.891946533,5.639521627
0,0,0,0,2,0
0,0,-0.07443444765,-0.7443444765,2,0
0,0,-0.2473575489,-1.729231013,2,0
0,0,-0.5540289588,-3.066714099,2,0
0,0,-1.024235801,-4.70206842,2,-1
1,1,-1.644447465,-6.202116642
0,0,0,0,2,0
0,0,-0.09871935646,-0.9871935646,0,0
0,0,-0.1270318193,-0.2831246288,2,0
0,0,-0.2538876394,-1.268558201,1,0
0,0,-0.4339492957,-1.800616563,1,0
0,0,-0.6733185096,-2.393692139,2,0
0,0,-1.060882281,-3.875637711,2,-1
1,1,-1.60803434,-5.471520597
0,0,0,0,1,0
0,0,0.01513665465,0.1513665465,1,0
0,0,0.02579709798,0.1066044332,1,0
0,0,0.02965352205,0.03856424072,2,0
0,0,-0.05603917903,-0.8569270108,2,0
0,0,-0.225428197,-1.69389018,2,0
0,0,-0.5226146843,-2.971864873,2,0
0,0,-0.9773075771,-4.546928928,0,0
0,0,-1.5046637,-5.27356123,0,-1
1,1,-2.171900098,-6.672363981
0,0,0,0,1,0
0,0,-0.004454559956,-0.04454559956,2,0
0,0,-0.1071806002,-1.027260402,1,0
0,0,-0.2392572533,-1.320766531,1,0
0,0,-0.4254793526,-1.862220993,0,0
0,0,-0.6037928596,-1.78313507,1,0
0,0,-0.8641669988,-2.603741392,1,0
0,0,-1.247801355,-3.836343557,0,-1
1,1,-1.737667968,-4.898666138
0,0,0,0,2,0
0,0,-0.08551659664,-0.8551659664,1,0
0,0,-0.1866271944,-1.011105978,1,0
0,0,-0.3322499456,-1.456227512,2,0
0,0,-0.6173424135,-2.850924679,2,0
0,0,-1.052764183,-4.354217697,0,-1
1,1,-1.573105534,-5.203413512
0,0,0,0,2,0
0,0,-0.08786248383,-0.8786248383,2,0
0,0,-0.27762892,-1.897664362,0,0
0,0,-0.4257063479,-1.480774279,2,0
0,0,-0.7309349926,-3.052286447,2,0
0,0,-1.199615453,-4.686804604,0,-1
1,1,-1.764502514,-5.648870605
0,0,0,0,0,0
0,0,0.07928069333,0.7928069333,2,0
0,0,0.09143709858,0.1215640525,1,0
0,0,0.1346779713,0.4324087268,2,0
0,0,0.1135011933,-0.2117677796,1,0
0,0,0.1143482113,0.008470179833,2,0
0,0,0.05396016443,-0.6038804686,2,0
0,0,-0.09949628555,-1.5345645,2,0
0,0,-0.3503428399,-2.508465543,2,0
0,0,-0.7276667092,-3.773238693,2,0
0,0,-1.257032952,-5.293662427,2,-1
1,1,-1.943812281,-6.867793288
0,0,0,0,0,0
0,0,0.07330052629,0.7330052629,2,0
0,0,0.06742906637,-0.05871459915,1,0
0,0,0.08073273481,0.1330366844,0,0
0,0,0.1941990773,1.134663425,1,0
0,0,0.3537525256,1.595534483,2,0
0,0,0.5013099408,1.475574152,1,0
0,0,0.7352907433,2.339808025,2,0
0,0,1.013117466,2.778267229,2,0
0,0,1.376025372,3.629079056,1,-1
1,1,1.879589688,5.035643163
0,0,0,0,1,0
0,0,-0.005445310974,-0.05445310974,0,0
0,0,0.08424427702,0.8968958799,1,0
0,0,0.1881812659,1.039369889,2,0
0,0,0.2441735864,0.5599232055,1,0
0,0,0.3307561161,0.8658252968,2,0
0,0,0.381058133,0.503020169,1,0
0,0,0.4975685219,1.165103889,1,0
0,0,0.7014862417,2.039177197,0,0
0,0,1.079144676,3.776584346,2,0
0,0,1.549775036,4.706303601,1,-1
1,1,2.166389671,6.166146345
0,0,0,0,0,0
0,0,0.0731596338,0.731596338,0,0
0,0,0.2410756978,1.67916064,0,0
0,0,0.5492201565,3.081444587,0,0
0,0,1.002335022,4.531148655,2,0
0,0,1.53390982,5.315747979,1,-1
1,1,2.211391784,6.774819641
0,0,0,0,2,0
0,0,-0.09876883604,-0.9876883604,2,0
0,0,-0.3073477158,-2.085788797,2,0
0,0,-0.6355467628,-3.28199047,2,0
0,0,-1.114841664,-4.792949008,2,-1
1,1,-1.754513124,-6.396714601
0,0,0,0,1,0
0,0,-0.01456255424,-0.1456255424,1,0
0,0,-0.03654261656,-0.2198006232,0,0
0,0,0.008669225657,0.4521184222,0,0
0,0,0.1310849607,1.22415735,0,0
0,0,0.351386122,2.203011613,0,0
0,0,0.7099608567,3.585747348,0,0
0,0,1.228112353,5.181514965,2,-1
1,1,1.848259782,6.201474289
0,0,0,0,0,0
0,0,0.09708752475,0.9708752475,2,0
0,0,0.1086124657,0.1152494091,2,0
0,0,0.05422089784,-0.5439156781,1,0
0,0,0.009015418287,-0.4520547955,2,0
0,0,-0.1249807086,-1.339961269,1,0
0,0,-0.2887101587,-1.637294501,1,0
0,0,-0.5069547672,-2.182446085,2,0
0,0,-0.868025943,-3.610711758,0,0
0,0,-1.291191678,-4.231657352,1,-1
1,1,-1.854076922,-5.62885244
0,0,0,0,1,0
0,0,-0.01306007419,-0.1306007419,1,0
0,0,-0.03684483598,-0.237847618,0,0
0,0,0.01699786839,0.5384270437,2,0
0,0,-0.02365067505,-0.4064854344,1,0
0,0,-0.08158059045,-0.579299154,1,0
0,0,-0.1574715122,-0.7589092178,0,0
0,0,-0.1747727158,-0.1730120358,1,0
0,0,-0.2391386015,-0.6436588569,2,0
0,0,-0.436900147,-1.977615455,2,0
0,0,-0.7846658275,-3.477656805,0,0
0,0,-1.184031155,-3.993653279,0,-1
1,1,-1.686650384,-5.026192281
0,0,0,0,0,0
0,0,0.09476537885,0.9476537885,2,0
0,0,0.1004999735,0.05734594693,0,0
0,0,0.1984766525,0.9797667897,0,0
0,0,0.4276866293,2.292099768,0,0
0,0,0.7876482111,3.599615818,1,0
0,0,1.248558505,4.609102937,2,-1
1,1,1.813436635,5.648781303
0,0,0,0,1,0
0,0,1.419036686e-05,0.0001419036686,2,0
0,0,-0.09723812788,-0.9725231825,1,0
0,0,-0.2225523471,-1.253142193,2,0
0,0,-0.4811817586,-2.586294115,1,0
0,0,-0.8163116192,-3.351298606,1,0
0,0,-1.257649085,-4.413374656,2,-1
1,1,-1.853602253,-5.959531685
0,0,0,0,0,0
0,0,0.09123513408,0.9123513408,0,0
0,0,0.2757925438,1.845574097,2,0
0,0,0.4109192294,1.351266856,2,0
0,0,0.5404203061,1.295010766,2,0
0,0,0.6707961974,1.303758913,1,0
0,0,0.9080805001,2.372843027,2,0
0,0,1.214504937,3.064244371,1,-1
1,1,1.65135293,4.368479927
0,0,0,0,0,0
0,0,0.1047783834,1.047783834,2,0
0,0,0.1454771028,0.4069871946,2,0
0,0,0.1227595159,-0.2271758697,2,0
0,0,0.03093932742,-0.9182018845,1,0
0,0,-0.05067816912,-0.8161749654,1,0
0,0,-0.1483940673,-0.9771589815,0,0
0,0,-0.1873595781,-0.3896551079,2,0
0,0,-0.3307310759,-1.433714979,2,0
0,0,-0.6015741408,-2.708430649,0,0
0,0,-0.8958084096,-2.942342688,0,0
0,0,-1.249334639,-3.535262299,2,-1
1,1,-1.765314526,-5.15979886
0,0,0,0,2,0
0,0,-0.07407729104,-0.7407729104,1,0
0,0,-0.1653664237,-0.9128913263,2,0
0,0,-0.3770061939,-2.116397703,2,0
0,0,-0.7409160206,-3.639098266,1,0
0,0,-1.212261649,-4.713456283,0,-1
1,1,-1.781167659,-5.689060097
0,0,0,0,2,0
0,0,-0.09215493272,-0.9215493272,2,0
0,0,-0.2879546792,-1.957997465,1,0
0,0,-0.5165048171,-2.285501378,2,0
0,0,-0.8821189974,-3.656141803,0,0
0,0,-1.300090921,-4.179719236,1,-1
1,1,-1.851373487,-5.512825656
0,0,0,0,2,0
0,0,-0.1023680305,-1.023680305,2,0
0,0,-0.3253834522,-2.230154217,0,0
0,0,-0.5148977748,-1.895143226,1,0
0,0,-0.7966412058,-2.81743431,2,0
0,0,-1.244348691,-4.477074853,2,-1
1,1,-1.853388795,-6.090401042
0,0,0,0,0,0
0,0,0.07237327823,0.7237327823,0,0
0,0,0.243745408,1.713721297,2,0
0,0,0.3607673847,1.170219768,0,0
0,0,0.6207265234,2.599591387,2,0
0,0,0.9082822621,2.875557387,0,0
0,0,1.367161441,4.588791789,1,-1
1,1,1.964510587,5.973491465
0,0,0,0,1,0
0,0,-0.01423284834,-0.1423284834,0,0
0,0,0.05149515129,0.6572799964,1,0
0,0,0.1294387589,0.7794360763,1,0
0,0,0.2142255326,0.8478677367,2,0
0,0,0.2536422578,0.3941672516,1,0
0,0,0.3267503005,0.7310804272,1,0
0,0,0.4552854675,1.28535167,2,0
0,0,0.5836509189,1.283654514,1,0
0,0,0.7874530989,2.0380218,1,0
0,0,1.106344449,3.188913502,1,0
0,0,1.55736882,4.510243707,0,-1
1,1,2.15591465,5.985458297
0,0,0,0,2,0
0,0,-0.08392432082,-0.8392432082,1,0
0,0,-0.1908322648,-1.06907944,1,0
0,0,-0.3230255171,-1.321932523,2,0
0,0,-0.5994600688,-2.764345518,0,0
0,0,-0.8889933643,-2.895332955,1,0
0,0,-1.286151951,-3.971585869,1,-1
1,1,-1.817411388,-5.312594372
0,0,0,0,0,0
0,0,0.09891906262,0.9891906262,0,0
0,0,0.2951240094,1.962049468,2,0
0,0,0.4552683503,1.601443408,2,0
0,0,0.6073134043,1.52045054,2,0
0,0,0.779852077,1.725386727,2,0
0,0,1.009903788,2.300517106,0,0
0,0,1.40007918,3.901753929,2,-1
1,1,1.917425689,5.173465089
0,0,0,0,0,0
0,0,0.09564444834,0.9564444834,0,0
0,0,0.2882264557,1.925820073,0,0
0,0,0.6088638427,3.20637387,2,0
0,0,0.9431118738,3.342480311,2,0
0,0,1.340541027,3.974291528,0,-1
1,1,1.891691257,5.511502304
0,0,0,0,0,0
0,0,0.09205111767,0.9205111767,2,0
0,0,0.1189800299,0.2692891227,1,0
0,0,0.1635003696,0.4452033966,2,0
0,0,0.161488393,-0.02011976642,1,0
0,0,0.1724554563,0.1096706332,0,0
0,0,0.3037715477,1.313160915,1,0
0,0,0.4883051951,1.845336473,2,0
0,0,0.6785183152,1.902131202,0,0
0,0,1.030119168,3.516008523,2,0
0,0,1.457647476,4.27528308,1,-1
1,1,2.028069849,5.704223731
0,0,0,0,0,0
0,0,0.09825244497,0.9825244497,2,0
0,0,0.1347757219,0.3652327693,1,0
0,0,0.1792739616,0.4449823974,0,0
0,0,0.3327249263,1.534509647,2,0
0,0,0.4578888616,1.251639353,1,0
0,0,0.642766338,1.848774764,0,0
0,0,0.9790253115,3.362589735,1,0
0,0,1.429872788,4.508474762,1,-1
1,1,2.020418698,5.905459099
0,0,0,0,1,0
0,0,0.01447183329,0.1447183329,2,0
0,0,-0.0467862174,-0.6125805069,0,0
0,0,-0.01256580954,0.3422040786,2,0
0,0,-0.07155508452,-0.5898927498,1,0
0,0,-0.1571954412,-0.8564035664,2,0
0,0,-0.3480540108,-1.908585697,1,0
0,0,-0.5859602731,-2.379062622,1,0
0,0,-0.8972491097,-3.112888366,0,0
0,0,-1.280998483,-3.837493735,0,-1
1,1,-1.782537311,-5.015388279
0,0,0,0,2,0
0,0,-0.1053624033,-1.053624033,1,0
0,0,-0.2141196284,-1.087572251,2,0
0,0,-0.4355543897,-2.214347614,0,0
0,0,-0.6505455229,-2.149911331,0,0
0,0,-0.8970576702,-2.465121474,1,0
0,0,-1.252460086,-3.554024158,1,-1
1,1,-1.742320634,-4.898605478
0,0,0,0,2,0
0,0,-0.09731644663,-0.9731644663,2,0
0,0,-0.3143974447,-2.170809981,0,0
0,0,-0.4844197185,-1.700222738,2,0
0,0,-0.8002351788,-3.158154603,1,0
0,0,-1.212455206,-4.122200275,0,-1
1,1,-1.734526534,-5.220713281
0,0,0,0,0,0
0,0,0.07624156075,0.7624156075,2,0
0,0,0.09235970106,0.1611814031,1,0
0,0,0.1219012468,0.2954154574,0,0
0,0,0.2427158173,1.208145705,2,0
0,0,0.3291498512,0.8643403394,1,0
0,0,0.4700169318,1.408670806,2,0
0,0,0.5996071702,1.295902384,2,0
0,0,0.7462862487,1.466790785,2,0
0,0,0.940014222,1.937279733,0,0
0,0,1.305949726,3.659355041,2,-1
1,1,1.787190717,4.812409905
0,0,0,0,2,0
0,0,-0.1006165298,-1.006165298,1,0
0,0,-0.2251209393,-1.245044094,0,0
0,0,-0.309912533,-0.8479159374,0,0
0,0,-0.3483432874,-0.3843075443,2,0
0,0,-0.5347709707,-1.864276832,2,0
0,0,-0.8764266853,-3.416557146,0,0
0,0,-1.268719194,-3.922925092,1,-1
1,1,-1.796350035,-5.276308407
0,0,0,0,0,0
0,0,0.0746045461,0.746045461,0,0
0,0,0.2569490161,1.8234447,1,0
0,0,0.4694455477,2.124965317,2,0
0,0,0.6831885756,2.137430278,0,0
0,0,1.065655001,3.824664256,2,0
0,0,1.534758664,4.69103663,2,-1
1,1,2.147267433,6.125087684
0,0,0,0,0,0
0,0,0.08554170485,0.8554170485,1,0
0,0,0.1809831629,0.95441458,0,0
0,0,0.3931459921,2.121628293,1,0
0,0,0.6514663708,2.583203787,1,0
0,0,0.9933631057,3.418967349,0,0
0,0,1.495447136,5.020840306,2,-1
1,1,2.135802928,6.403557922
0,0,0,0,1,0
0,0,-0.007229284583,-0.07229284583,2,0
0,0,-0.09898413493,-0.9175485034,2,0
0,0,-0.2834439953,-1.844598604,1,0
0,0,-0.5140562804,-2.306122851,1,0
0,0,-0.813768621,-2.997123406,0,0
0,0,-1.15748125,-3.437126294,1,-1
1,1,-1.634414364,-4.769331138
0,0,0,0,2,0
0,0,-0.07318796253,-0.7318796253,1,0
0,0,-0.1686641294,-0.9547616692,0,0
0,0,-0.2150447762,-0.4638064672,0,0
0,0,-0.2229672225,-0.07922446376,2,0
0,0,-0.3668825309,-1.439153084,0,0
0,0,-0.4778738853,-1.109913544,0,0
0,0,-0.5777274152,-0.9985352995,2,0
0,0,-0.8463402117,-2.686127965,2,0
0,0,-1.281960598,-4.356203863,1,-1
1,1,-1.853614457,-5.716538591
0,0,0,0,0,0
0,0,0.09071983911,0.9071983911,2,0
0,0,0.1182814786,0.2756163948,1,0
0,0,0.1777334146,0.5945193601,1,0
0,0,0.2736845697,0.9595115514,1,0
0,0,0.4056833909,1.319988212,0,0
0,0,0.6719524213,2.662690303,2,0
0,0,0.9736118119,3.016593907,1,0
0,0,1.396480108,4.228682962,2,-1
1,1,1.945138694,5.486585854
0,0,0,0,1,0
0,0,-0.01391596621,-0.1391596621,2,0
0,0,-0.1106539336,-0.9673796737,1,0
0,0,-0.2296472699,-1.189933363,2,0
0,0,-0.4772639128,-2.476166429,0,0
0,0,-0.7342639198,-2.570000069,2,0
0,0,-1.151532711,-4.172687915,0,-1
1,1,-1.659470967,-5.079382558
0,0,0,0,2,0
0,0,-0.07769505511,-0.7769505511,1,0
0,0,-0.1609544324,-0.8325937725,2,0
0,0,-0.365150354,-2.041959216,0,0
0,0,-0.560234164,-1.9508381,1,0
0,0,-0.8313919527,-2.711577887,2,0
0,0,-1.274152357,-4.427604045,1,-1
1,1,-1.852606075,-5.784537177
0,0,0,0,1,0
0,0,-0.003708343556,-0.03708343556,2,0
0,0,-0.07939400489,-0.7568566133,1,0
0,0,-0.1713707824,-0.9197677751,1,0
0,0,-0.2938400755,-1.224692931,2,0
0,0,-0.5570441263,-2.632040508,2,0
0,0,-0.9814559387,-4.244118124,0,0
0,0,-1.478439644,-4.96983705,2,-1
1,1,-2.126240832,-6.47801188
0,0,0,0,1,0
0,0,0.007685928321,0.07685928321,0,0
0,0,0.0955951508,0.8790922248,1,0
0,0,0.1985387622,1.029436114,2,0
0,0,0.2343650378,0.3582627554,2,0
0,0,0.2331078576,-0.01257180166,1,0
0,0,0.2685758147,0.3546795715,0,0
0,0,0.4401811434,1.716053287,0,0
0,0,0.7717870672,3.316059238,1,0
0,0,1.200074231,4.282871642,0,-1
1,1,1.788318119,5.882438878
0,0,0,0,2,0
0,0,-0.08433198686,-0.8433198686,1,0
0,0,-0.1739671423,-0.8963515544,1,0
0,0,-0.3073318834,-1.33364741,1,0
0,0,-0.4810287488,-1.736968655,1,0
0,0,-0.7350252014,-2.539964526,1,0
0,0,-1.091316106,-3.562909051,1,-1
1,1,-1.579816985,-4.885008786
0,0,0,0,2,0
0,0,-0.07928362438,-0.7928362438,1,0
0,0,-0.1717248549,-0.9244123047,1,0
0,0,-0.2943114208,-1.225865659,0,0
0,0,-0.3713924587,-0.7708103796,1,0
0,0,-0.5084253797,-1.37032921,1,0
0,0,-0.7121200109,-2.036946313,2,0
0,0,-1.090958801,-3.788387896,2,-1
1,1,-1.631433947,-5.404751463
0,0,0,0,0,0
0,0,0.1025174398,1.025174398,2,0
0,0,0.1419570237,0.3943958393,1,0
0,0,0.1909473074,0.4899028374,0,0
0,0,0.3465375201,1.555902126,2,0
0,0,0.4911178365,1.445803164,2,0
0,0,0.624629608,1.335117715,0,0
0,0,0.9188320212,2.942024132,2,0
0,0,1.287172786,3.683407643,1,-1
1,1,1.789634042,5.024612567
0,0,0,0,1,0
0,0,0.01339241752,0.1339241752,1,0
0,0,0.02466877013,0.1127635261,0,0
0,0,0.1208071877,0.9613841754,0,0
0,0,0.3196636539,1.988564663,1,0
0,0,0.5642620972,2.445984432,1,0
0,0,0.8905499494,3.262878522,2,0
0,0,1.283510027,3.929600779,0,-1
1,1,1.830735485,5.472254577
0,0,0,0,2,0
0,0,-0.09421581003,-0.9421581003,0,0
0,0,-0.1013660031,-0.07150193031,0,0
0,0,-0.02390009265,0.7746591041,1,0
0,0,0.03889035859,0.6279045123,2,0
0,0,0.03020922916,-0.08681129429,0,0
0,0,0.1143589393,0.8414971017,1,0
0,0,0.2175408674,1.03181928,2,0
0,0,0.2579427542,0.4040188683,2,0
0,0,0.2672496366,0.09306882436,0,0
0,0,0.3930790048,1.258293682,1,0
0,0,0.5892439425,1.961649377,2,0
0,0,0.7951858891,2.059419466,1,0
0,0,1.104212417,3.090265283,0,-1
1,1,1.575467222,4.712548043
0,0,0,0,2,0
0,0,-0.09787853632,-0.9787853632,1,0
0,0,-0.202925192,-1.050466557,1,0
0,0,-0.3479397882,-1.450145962,1,0
0,0,-0.5628486485,-2.149088603,2,0
0,0,-0.9256373701,-3.627887216,2,0
0,0,-1.451305478,-5.256681077,0,-1
1,1,-2.10788948,-6.565840023
0,0,0,0,1,0
0,0,-0.01626337428,-0.1626337428,2,0
0,0,-0.1120280942,-0.9576471989,1,0
0,0,-0.234090194,-1.220620999,1,0
0,0,-0.3832406432,-1.491504492,2,0
0,0,-0.6655298578,-2.822892146,0,0
0,0,-0.9791002009,-3.13570343,0,0
0,0,-1.378285604,-3.991854034,2,-1
1,1,-1.93182216,-5.535365555
0,0,0,0,0,0
0,0,0.1029015208,1.029015208,1,0
0,0,0.2398412358,1.36939715,0,0
0,0,0.4892963888,2.49455153,0,0
0,0,0.8946447614,4.053483726,2,0
0,0,1.367981122,4.733363608,1,-1
1,1,1.978639532,6.106584096
0,0,0,0,1,0
0,0,0.01343650913,0.1343650913,2,0
0,0,-0.06495889438,-0.7839540351,2,0
0,0,-0.229320744,-1.643618496,1,0
0,0,-0.4308757828,-2.015550389,0,0
0,0,-0.6257813872,-1.949056043,0,0
0,0,-0.8539569162,-2.281755291,2,0
0,0,-1.238792687,-3.848357709,2,-1
1,1,-1.778418156,-5.396254689
0,0,0,0,2,0
0,0,-0.1033286044,-1.033286044,2,0
0,0,-0.3076878171,-2.043592127,1,0
0,0,-0.5545063296,-2.468185125,0,0
0,0,-0.8126635969,-2.581572673,1,0
0,0,-1.180719221,-3.680556236,1,-1
1,1,-1.678064366,-4.973451453
0,0,0,0,2,0
0,0,-0.07685902239,-0.7685902239,1,0
0,0,-0.1517930906,-0.7493406817,2,0
0,0,-0.3404233819,-1.886302913,2,0
0,0,-0.6779352243,-3.375118424,0,0
0,0,-1.048047865,-3.701126408,1,0
0,0,-1.544920796,-4.96872931,2,-1
1,1,-2.189377339,-6.444565432
0,0,0,0,1,0
0,0,0.01447715192,0.1447715192,0,0
0,0,0.1219598013,1.074826493,2,0
0,0,0.1733918428,0.5143204158,2,0
0,0,0.1580405096,-0.1535133328,2,0
0,0,0.08317388284,-0.7486662673,2,0
0,0,-0.06662913112,-1.49803014,1,0
0,0,-0.2407812297,-1.741520985,1,0
0,0,-0.4535347631,-2.127535335,0,0
0,0,-0.6673350411,-2.13800278,0,0
0,0,-0.9056673552,-2.38332314,1,0
0,0,-1.269336466,-3.636691112,0,-1
1,1,-1.746497454,-4.771609879
0,0,0,0,1,0
0,0,0.00807774941,0.0807774941,0,0
0,0,0.1001153981,0.9203764867,2,0
0,0,0.1046095328,0.04494134716,2,0
0,0,0.03406706324,-0.7054246955,2,0
0,0,-0.1056234733,-1.396905366,1,0
0,0,-0.2480760303,-1.42452557,1,0
0,0,-0.4302298969,-1.821538666,1,0
0,0,-0.6859524364,-2.557225395,0,0
0,0,-0.971516331,-2.855638946,2,0
0,0,-1.419314464,-4.477981328,0,-1
1,1,-1.997348604,-5.7803414
0,0,0,0,1,0
0,0,0.01259842959,0.1259842959,1,0
0,0,0.01011760781,-0.02480821778,1,0
0,0,-0.0008621319881,-0.109797398,2,0
0,0,-0.0969206848,-0.9605855281,1,0
0,0,-0.2049089463,-1.079882616,0,0
0,0,-0.2619912989,-0.5708235256,1,0
0,0,-0.3736821687,-1.116908698,1,0
0,0,-0.5439265588,-1.702443902,2,0
0,0,-0.8627008304,-3.187742715,1,0
0,0,-1.291748431,-4.290476009,2,-1
1,1,-1.873726972,-5.819785406
0,0,0,0,2,0
0,0,-0.07143323817,-0.7143323817,1,0
0,0,-0.1466077123,-0.7517447413,1,0
0,0,-0.2405103469,-0.939026346,0,0
0,0,-0.286532282,-0.4602193513,0,0
0,0,-0.2984318784,-0.1189959642,0,0
0,0,-0.2893601342,0.09071744242,2,0
0,0,-0.4249937959,-1.356336617,2,0
0,0,-0.7116626261,-2.866688302,1,0
0,0,-1.090995446,-3.7933282,1,-1
1,1,-1.594428623,-5.034331764
0,0,0,0,0,0
0,0,0.0925826718,0.925826718,2,0
0,0,0.1029296241,0.1034695225,0,0
0,0,0.2318892052,1.289595811,2,0
0,0,0.3303803593,0.9849115412,2,0
0,0,0.3889310506,0.5855069134,0,0
0,0,0.600782387,2.118513364,0,0
0,0,0.9573804129,3.565980259,2,0
0,0,1.392221625,4.348412126,1,-1
1,1,1.965320423,5.730987976
0,0,0,0,2,0
0,0,-0.09159866445,-0.9159866445,0,0
0,0,-0.1091454539,-0.1754678946,0,0
0,0,-0.04299502119,0.6615043272,0,0
0,0,0.1050811899,1.480762111,2,0
0,0,0.1718863908,0.6680520091,1,0
0,0,0.2833096215,1.114232306,1,0
0,0,0.4537901828,1.704805614,2,0
0,0,0.6090203672,1.552301843,0,0
0,0,0.9207690843,3.117487171,0,0
0,0,1.404962597,4.841935132,1,-1
1,1,2.026987776,6.220251786
0,0,0,0,2,0
0,0,-0.1000547526,-1.000547526,1,0
0,0,-0.2326151997,-1.325604471,1,0
0,0,-0.4071414829,-1.745262832,2,0
0,0,-0.7192873518,-3.121458689,2,0
0,0,-1.185138504,-4.658511523,1,-1
1,1,-1.778197364,-5.930588598
0,0,0,0,0,0
0,0,0.07123498929,0.7123498929,0,0
0,0,0.2405294599,1.692944706,0,0
0,0,0.5188835682,2.783541083,0,0
0,0,0.9341533774,4.152698092,0,0
0,0,1.511163965,5.770105874,1,-1
1,1,2.232096999,7.209330341
0,0,0,0,0,0
0,0,0.07966097182,0.7966097182,1,0
0,0,0.1570611445,0.7740017265,1,0
0,0,0.2623682064,1.053070619,0,0
0,0,0.4919107392,2.295425328,0,0
0,0,0.8584002283,3.664894891,2,0
0,0,1.271050652,4.126504237,1,-1
1,1,1.817644234,5.465935816
0,0,0,0,1,0
0,0,-0.01269973942,-0.1269973942,0,0
0,0,0.06463173493,0.7733147435,2,0
0,0,0.0796190473,0.1498731238,0,0
0,0,0.2124591744,1.328401271,0,0
0,0,0.4721238342,2.596646599,0,0
0,0,0.8801064112,4.079825769,0,0
0,0,1.4482865,5.681800883,0,-1
1,1,2.166333622,7.18047123
0,0,0,0,2,0
0,0,-0.09084611384,-0.9084611384,0,0
0,0,-0.1096954649,-0.1884935109,2,0
0,0,-0.222621164,-1.12925699,0,0
0,0,-0.2824033955,-0.5978223157,2,0
0,0,-0.4838599928,-2.014565972,1,0
0,0,-0.7548528149,-2.709928221,1,0
0,0,-1.128771859,-3.739190441,0,-1
1,1,-1.598964159,-4.701923003
0,0,0,0,0,0
0,0,0.1041552878,1.041552878,0,0
0,0,0.3102645697,2.061092819,1,0
0,0,0.5824843953,2.722198257,1,0
0,0,0.941220552,3.587361566,2,0
0,0,1.378222078,4.370015265,0,-1
1,1,1.966741834,5.885197556
0,0,0,0,2,0
0,0,-0.1012234617,-1.012234617,0,0
0,0,-0.1147986204,-0.1357515863,2,0
0,0,-0.2198368797,-1.050382594,2,0
0,0,-0.4530169897,-2.3318011,1,0
0,0,-0.7625809956,-3.095640059,1,0
0,0,-1.183961559,-4.213805636,2,-1
1,1,-1.764805209,-5.808436494
0,0,0,0,1,0
0,0,0.007633034238,0.07633034238,0,0
0,0,0.1211733657,1.135403314,0,0
0,0,0.3297842417,2.086108761,2,0
0,0,0.5047791741,1.749949324,2,0
0,0,0.6929602328,1.881810586,2,0
0,0,0.9074345752,2.144743424,0,0
0,0,1.286060898,3.786263224,1,-1
1,1,1.798604179,5.125432818
0,0,0,0,0,0
0,0,0.1038145241,1.038145241,1,0
0,0,0.2329908407,1.291763166,0,0
0,0,0.4774716633,2.444808226,2,0
0,0,0.7206690492,2.431973858,2,0
0,0,1.014444442,2.937753932,0,0
0,0,1.472724422,4.582799794,2,-1
1,1,2.067078693,5.943542714
0,0,0,0,1,0
0,0,0.01038893469,0.1038893469,0,0
0,0,0.1105967787,1.00207844,2,0
0,0,0.1433323957,0.32735617,2,0
0,0,0.1098340785,-0.3349831722,2,0
0,0,0.01062601194,-0.9920806657,2,0
0,0,-0.1643512421,-1.74977254,1,0
0,0,-0.3641275237,-1.997762816,0,0
0,0,-0.5444063177,-1.802787939,0,0
0,0,-0.7372605122,-1.928541945,1,0
0,0,-1.029438105,-2.921775925,0,0
0,0,-1.412900852,-3.83462747,2,-1
1,1,-1.949347542,-5.364466904
0,0,0,0,2,0
0,0,-0.08982239326,-0.8982239326,0,0
0,0,-0.09111009019,-0.01287696933,1,0
0,0,-0.1173442613,-0.2623417113,2,0
0,0,-0.2590638794,-1.417196181,0,0
0,0,-0.3731190298,-1.140551504,2,0
0,0,-0.6330375999,-2.599185701,2,0
0,0,-1.05657839,-4.235407902,0,0
0,0,-1.563612542,-5.070341514,2,-1
1,1,-2.2179891,-6.543765583
0,0,0,0,0,0
0,0,0.08095967382,0.8095967382,2,0
0,0,0.1049284554,0.2396878158,1,0
0,0,0.1569033582,0.5197490283,2,0
0,0,0.1513010159,-0.05602342366,2,0
0,0,0.07180791121,-0.7949310466,0,0
0,0,0.09665961864,0.2485170743,1,0
0,0,0.1522008345,0.555412159,1,0
0,0,0.2459954166,0.9379458209,0,0
0,0,0.4578664118,2.118709952,1,0
0,0,0.7276312951,2.697648833,1,0
0,0,1.092413733,3.647824381,1,-1
1,1,1.589109676,4.966959433
0,0,0,0,1,0
0,0,-0.0009289335451,-0.009289335451,0,0
0,0,0.08282676222,0.8375569577,0,0
0,0,0.2702195921,1.873928299,1,0
0,0,0.4937013205,2.234817284,0,0
0,0,0.8603368063,3.666354858,1,0
0,0,1.339951102,4.796142959,1,-1
1,1,1.954157619,6.14206517
0,0,0,0,2,0
0,0,-0.09429031597,-0.9429031597,0,0
0,0,-0.1084158832,-0.1412556723,2,0
0,0,-0.2390196681,-1.306037849,2,0
0,0,-0.479552391,-2.40532723,0,0
0,0,-0.721843335,-2.42290944,0,0
0,0,-1.004259704,-2.824163687,1,0
0,0,-1.404441961,-4.001822569,2,-1
1,1,-1.96044902,-5.560070593
0,0,0,0,0,0
0,0,0.08332369678,0.8332369678,1,0
0,0,0.179944058,0.9662036127,1,0
0,0,0.3041961156,1.242520575,1,0
0,0,0.4828001221,1.786040065,0,0
0,0,0.8204814378,3.376813156,2,0
0,0,1.201837009,3.813555714,2,-1
1,1,1.6892811,4.87444091
0,0,0,0,1,0
0,0,0.008028408494,0.08028408494,0,0
0,0,0.09622842605,0.8820001756,0,0
0,0,0.2919099346,1.956815086,0,0
0,0,0.6263549401,3.344450055,2,0
0,0,0.9777807947,3.514258546,0,0
0,0,1.489599577,5.118187821,2,-1
1,1,2.138395765,6.487961877
0,0,0,0,2,0
0,0,-0.09904193563,-0.9904193563,2,0
0,0,-0.3133995385,-2.143576029,2,0
0,0,-0.657280522,-3.438809834,0,0
0,0,-1.031891393,-3.746108712,1,0
0,0,-1.5360233,-5.04131907,0,-1
1,1,-2.183217782,-6.471944817
0,0,0,0,2,0
0,0,-0.09024691229,-0.9024691229,0,0
0,0,-0.1134448268,-0.2319791454,1,0
0,0,-0.1634091652,-0.4996433833,2,0
0,0,-0.33119108,-1.677819148,1,0
0,0,-0.555965441,-2.24774361,0,0
0,0,-0.7812424492,-2.252770082,2,0
0,0,-1.170013384,-3.887709353,1,-1
1,1,-1.6924264,-5.224130154
0,0,0,0,0,0
0,0,0.07321346664,0.7321346664,0,0
0,0,0.243562456,1.703489893,1,0
0,0,0.4533901451,2.098276891,2,0
0,0,0.6460874726,1.926973275,1,0
0,0,0.9342978108,2.882103382,0,0
0,0,1.394359621,4.600618099,2,-1
1,1,1.979864853,5.855052327
0,0,0,0,1,0
0,0,-0.006819671723,-0.06819671723,1,0
0,0,-0.0272480404,-0.2042836867,2,0
0,0,-0.1293204629,-1.020724226,1,0
0,0,-0.2445830054,-1.152625425,1,0
0,0,-0.4135573017,-1.689742963,0,0
0,0,-0.5593230636,-1.457657619,2,0
0,0,-0.8583585797,-2.990355161,1,0
0,0,-1.260037192,-4.016786127,0,-1
1,1,-1.769268957,-5.09231765
0,0,0,0,1,0
0,0,0.002417250459,0.02417250459,0,0
0,0,0.1043182216,1.019009712,1,0
0,0,0.2243562261,1.200380045,2,0
0,0,0.2944635657,0.7010733958,2,0
0,0,0.3370697404,0.4260617469,2,0
0,0,0.3678063491,0.3073660877,1,0
0,0,0.4693809675,1.015746184,2,0
0,0,0.5637784289,0.943974614,2,0
0,0,0.678719666,1.149412371,2,0
0,0,0.8302444897,1.515248237,2,0
0,0,1.050171877,2.199273876,2,0
0,0,1.356034063,3.058621862,1,-1
1,1,1.804282531,4.482484679
0,0,0,0,1,0
0,0,0.009855116344,0.09855116344,2,0
0,0,-0.07970589677,-0.8956101311,0,0
0,0,-0.09333075289,-0.1362485612,0,0
0,0,-0.02803363506,0.6529711783,0,0
0,0,0.1079836156,1.360172507,2,0
0,0,0.1614665555,0.5348293985,1,0
0,0,0.2344554683,0.7298891284,2,0
0,0,0.2782932595,0.4383779122,0,0
0,0,0.4419088753,1.636156158,2,0
0,0,0.5867862919,1.448774166,1,0
0,0,0.8240834162,2.372971242,1,0
0,0,1.162448934,3.383655181,0,-1
1,1,1.658931441,4.96482507
0,0,0,0,0,0
0,0,0.1016397075,1.016397075,1,0
0,0,0.2061481255,1.045084181,0,0
0,0,0.4295138616,2.233657361,2,0
0,0,0.6537681588,2.242542972,2,0
0,0,0.9138868869,2.601187281,2,0
0,0,1.252721665,3.388347782,1,-1
1,1,1.731703004,4.789813386
0,0,0,0,0,0
0,0,0.1016093708,1.016093708,1,0
0,0,0.2096975458,1.08088175,1,0
0,0,0.3480386641,1.383411183,1,0
0,0,0.5309690886,1.829304245,1,0
0,0,0.800404655,2.694355663,2,0
0,0,1.112078592,3.11673937,1,0
0,0,1.550015414,4.379368219,2,-1
1,1,2.132627478,5.826120642
0,0,0,0,1,0
0,0,-0.01003578493,-0.1003578493,1,0
0,0,-0.02003060729,-0.09994822362,1,0
0,0,-0.02995845565,-0.09927848359,0,0
0,0,0.03450747393,0.6446592958,1,0
0,0,0.1170387986,0.8253132464,1,0
0,0,0.2052769302,0.882381316,1,0
0,0,0.3442394428,1.389625126,2,0
0,0,0.4578517046,1.136122618,1,0
0,0,0.6346414035,1.767896989,0,0
0,0,0.9698546177,3.352132141,1,0
0,0,1.423390734,4.535361163,1,-1
1,1,2.020026975,5.966362407
0,0,0,0,1,0
0,0,0.0110024013,0.110024013,0,0
0,0,0.1102511769,0.9924877561,1,0
0,0,0.2127316643,1.024804874,1,0
0,0,0.3501181118,1.373864474,0,0
0,0,0.6267167783,2.765986665,0,0
0,0,1.072383169,4.456663905,1,-1
1,1,1.646059722,5.736765532
0,0,0,0,0,0
0,0,0.07552130444,0.7552130444,0,0
0,0,0.237379655,1.618583505,2,0
0,0,0.3641368536,1.267571987,0,0
0,0,0.6415405594,2.774037057,2,0
0,0,0.936611666,2.950711067,2,0
0,0,1.308962795,3.723511293,0,-1
1,1,1.836587807,5.27625012
0,0,0,0,1,0
0,0,0.00944368766,0.0944368766,0,0
0,0,0.1018820447,0.9243835703,1,0
0,0,0.1985308692,0.9664882447,0,0
0,0,0.4039450601,2.054141909,0,0
0,0,0.7455678827,3.416228226,1,0
0,0,1.179710865,4.341429822,0,-1
1,1,1.771412806,5.917019407
0,0,0,0,0,0
0,0,0.07560099631,0.7560099631,2,0
0,0,0.08095954452,0.05358548215,0,0
0,0,0.2016391967,1.206796522,0,0
0,0,0.4406448529,2.390056562,1,0
0,0,0.7485845531,3.079397001,0,0
0,0,1.208252575,4.596680215,0,-1
1,1,1.820551418,6.122988432
0,0,0,0,0,0
0,0,0.1017937571,1.017937571,0,0
0,0,0.3008528875,1.990591304,0,0
0,0,0.6371305977,3.362777102,0,0
0,0,1.139181888,5.020512906,0,-1
1,1,1.800532232,6.613503439
0,0,0,0,0,0
0,0,0.1015888893,1.015888893,0,0
0,0,0.2945061678,1.929172785,0,0
0,0,0.6204984001,3.259922323,0,0
0,0,1.093505842,4.730074417,1,-1
1,1,1.687275211,5.937693694
0,0,0,0,1,0
0,0,-0.001801232652,-0.01801232652,0,0
0,0,0.09976152663,1.015627593,2,0
0,0,0.1420151914,0.4225366474,1,0
0,0,0.2008338921,0.5881870077,1,0
0,0,0.3107218456,1.098879535,1,0
0,0,0.4784627464,1.677409007,0,0
0,0,0.7932832955,3.148205492,1,0
0,0,1.213251788,4.199684921,2,-1
1,1,1.733172881,5.199210932
0,0,0,0,0,0
0,0,0.07182470328,0.7182470328,2,0
0,0,0.06389437124,-0.07930332034,2,0
0,0,-0.02098418798,-0.8487855922,1,0
0,0,-0.09949967661,-0.7851548863,0,0
0,0,-0.09102362804,0.08476048572,2,0
0,0,-0.1954182807,-1.043946527,0,0
0,0,-0.2601251722,-0.647068915,2,0
0,0,-0.4640075148,-2.038823426,2,0
0,0,-0.8041088042,-3.401012894,0,0
0,0,-1.184400885,-3.802920804,2,-1
1,1,-1.726692204,-5.422913197
0,0,0,0,0,0
0,0,0.07270140394,0.7270140394,2,0
0,0,0.05525124739,-0.1745015655,0,0
0,0,0.1448352355,0.8958398808,0,0
0,0,0.3337933177,1.889580822,2,0
0,0,0.5067400589,1.729467412,0,0
0,0,0.8299555686,3.232155097,2,0
0,0,1.209780491,3.798249221,1,-1
1,1,1.723200579,5.134200878
0,0,0,0,2,0
0,0,-0.07634866194,-0.7634866194,2,0
0,0,-0.2394263005,-1.630776385,0,0
0,0,-0.356124533,-1.166982326,0,0
0,0,-0.4544837655,-0.9835923252,2,0
0,0,-0.7099164556,-2.554326901,1,0
0,0,-1.065986036,-3.560695799,2,-1
1,1,-1.588012479,-5.220264435
0,0,0,0,2,0
0,0,-0.09037198408,-0.9037198408,1,0
0,0,-0.1927756002,-1.024036162,0,0
0,0,-0.2488186781,-0.5604307783,2,0
0,0,-0.4462598727,-1.974411946,1,0
0,0,-0.7132799057,-2.67020033,2,0
0,0,-1.150124442,-4.368445367,2,-1
1,1,-1.746710101,-5.965856585
0,0,0,0,1,0
0,0,-0.01327379992,-0.1327379992,0,0
0,0,0.06852792912,0.8180172904,1,0
0,0,0.1776951559,1.091672268,1,0
0,0,0.3285506936,1.508555377,2,0
0,0,0.4485232337,1.1997254,0,0
0,0,0.7291851888,2.806619552,0,0
0,0,1.176291505,4.471063164,1,-1
1,1,1.755421917,5.791304115
0,0,0,0,1,0
0,0,0.01575488355,0.1575488355,2,0
0,0,-0.05446858151,-0.7022346506,1,0
0,0,-0.1318710137,-0.7740243219,0,0
0,0,-0.1507297053,-0.1885869158,1,0
0,0,-0.1978978446,-0.4716813932,1,0
0,0,-0.2703327392,-0.7243489461,2,0
0,0,-0.4873407167,-2.170079775,1,0
0,0,-0.7806623271,-2.933216104,0,0
0,0,-1.120963039,-3.403007115,1,-1
1,1,-1.591937228,-4.709741893
0,0,0,0,0,0
0,0,0.07357121288,0.7357121288,0,0
0,0,0.2447885386,1.712173258,0,0
0,0,0.5321023967,2.87313858,2,0
0,0,0.8305471962,2.984447996,0,0
0,0,1.295313112,4.647659157,1,-1
1,1,1.893082431,5.977693196
0,0,0,0,0,0
0,0,0.1027481252,1.027481252,1,0
0,0,0.2168892577,1.141411324,1,0
0,0,0.3673077972,1.504185395,2,0
0,0,0.4903809593,1.230731621,0,0
0,0,0.7688120901,2.784311308,2,0
0,0,1.094986084,3.261739942,0,-1
1,1,1.583965124,4.889790394
0,0,0,0,2,0
0,0,-0.08433001513,-0.8433001513,1,0
0,0,-0.1891006301,-1.04770615,0,0
0,0,-0.2250030748,-0.3590244465,2,0
0,0,-0.3988515255,-1.738484507,0,0
0,0,-0.5442902533,-1.454387279,1,0
0,0,-0.7676259299,-2.233356766,2,0
0,0,-1.144809806,-3.771838761,1,-1
1,1,-1.654011364,-5.092015583
0,0,0,0,2,0
0,0,-0.07377958043,-0.7377958043,1,0
0,0,-0.1498178159,-0.7603823547,1,0
0,0,-0.2368735121,-0.8705569621,2,0
0,0,-0.4630878879,-2.262143758,2,0
0,0,-0.834775747,-3.716878591,0,0
0,0,-1.260057283,-4.25281536,2,-1
1,1,-1.840246926,-5.801896429
0,0,0,0,1,0
0,0,0.01632874019,0.1632874019,1,0
0,0,0.04778855866,0.3145981848,1,0
0,0,0.07879109521,0.3100253655,0,0
0,0,0.2109357981,1.321447029,2,0
0,0,0.280218366,0.6928256786,0,0
0,0,0.4928243329,2.126059669,0,0
0,0,0.8670908754,3.742665425,2,0
0,0,1.291939325,4.248484495,1,-1
1,1,1.84872229,5.567829651
0,0,0,0,2,0
0,0,-0.07098857475,-0.7098857475,1,0
0,0,-0.1451070526,-0.7411847786,2,0
0,0,-0.3177428232,-1.726357706,1,0
0,0,-0.5499464724,-2.322036492,0,0
0,0,-0.8020490102,-2.521025378,1,0
0,0,-1.16376227,-3.6171326,1,-1
1,1,-1.655114654,-4.913523837
0,0,0,0,1,0
0,0,-0.0118003566,-0.118003566,1,0
0,0,-0.01868323407,-0.06882877478,1,0
0,0,-0.03415177286,-0.1546853878,2,0
0,0,-0.1612661474,-1.271143746,0,0
0,0,-0.2204540612,-0.5918791382,0,0
0,0,-0.2473826638,-0.2692860253,2,0
0,0,-0.3880713527,-1.406886889,0,0
0,0,-0.4996679155,-1.115965629,1,0
0,0,-0.6791126448,-1.794447293,1,0
0,0,-0.9649971763,-2.858845315,2,0
0,0,-1.417279613,-4.522824368,0,-1
1,1,-2.000900688,-5.836210745
0,0,0,0,1,0
0,0,0.01051126538,0.1051126538,1,0
0,0,0.005816409698,-0.04694855681,2,0
0,0,-0.08817810455,-0.9399451425,2,0
0,0,-0.2965090968,-2.083309922,0,0
0,0,-0.4613273363,-1.648182395,1,0
0,0,-0.7004912537,-2.391639174,2,0
0,0,-1.101187863,-4.006966093,0,-1
1,1,-1.594535039,-4.933471761
0,0,0,0,1,0
0,0,-0.003040947186,-0.03040947186,2,0
0,0,-0.105428265,-1.023873178,0,0
0,0,-0.1449017916,-0.3947352661,2,0
0,0,-0.2806180966,-1.35716305,1,0
0,0,-0.4496682819,-1.690501853,0,0
0,0,-0.6094690949,-1.59800813,0,0
0,0,-0.7908415308,-1.813724358,2,0
0,0,-1.134260379,-3.434188479,1,-1
1,1,-1.60734327,-4.730828917
0,0,0,0,2,0
0,0,-0.0798193963,-0.798193963,1,0
0,0,-0.1821137839,-1.022943876,2,0
0,0,-0.4161531846,-2.340394007,0,0
0,0,-0.6435178919,-2.273647073,0,0
0,0,-0.8877034565,-2.441855646,2,0
0,0,-1.308764324,-4.210608676,0,-1
1,1,-1.843371736,-5.346074117
0,0,0,0,1,0
0,0,0.0001253605009,0.001253605009,1,0
0,0,0.008560880237,0.08435519736,0,0
0,0,0.1199702027,1.114093224,2,0
0,0,0.1779387241,0.5796852144,0,0
0,0,0.3674884568,1.895497327,0,0
0,0,0.7093949994,3.419065426,2,0
0,0,1.073395454,3.640004544,0,-1
1,1,1.602681942,5.292864886
0,0,0,0,2,0
0,0,-0.08320694692,-0.8320694692,2,0
0,0,-0.2670462829,-1.83839336,0,0
0,0,-0.4105103354,-1.434640525,1,0
0,0,-0.6091503827,-1.986400472,0,0
0,0,-0.8248544367,-2.157040541,1,0
0,0,-1.142072324,-3.172178874,2,-1
1,1,-1.623797827,-4.817255033
0,0,0,0,2,0
0,0,-0.08569772502,-0.8569772502,0,0
0,0,-0.11280713,-0.27109405,1,0
0,0,-0.1717540389,-0.5894690887,2,0
0,0,-0.337875796,-1.661217571,1,0
0,0,-0.5491741322,-2.112983363,2,0
0,0,-0.9072448696,-3.580707374,1,0
0,0,-1.377085979,-4.698411091,2,-1
1,1,-2.002608931,-6.25522952
0,0,0,0,0,0
0,0,0.08624256196,0.8624256196,2,0
0,0,0.1086049482,0.2236238621,0,0
0,0,0.2312470356,1.226420875,0,0
0,0,0.4926896434,2.614426078,0,0
0,0,0.9065347839,4.138451405,2,0
0,0,1.382673736,4.761389522,2,-1
1,1,1.981777741,5.991040047
