2,1,1
0,0,0,0,1,0
0,0,-0.0003373675143,-0.003373675143,1,0
0,0,-0.01729045322,-0.169530857,1,0
0,0,-0.04912905161,-0.3183859839,0,0
0,0,0.01180744331,0.6093649492,1,0
0,0,0.05777724279,0.4596979948,0,0
0,0,0.1842074699,1.264302271,0,0
0,0,0.4137826924,2.295752225,2,0
0,0,0.618153786,2.043710936,0,0
0,0,0.9765610231,3.584072371,2,0
0,0,1.416104675,4.395436522,0,-1
1,1,2.006337222,5.902325464
0,0,0,0,0,0
0,0,0.102286722,1.02286722,2,0
0,0,0.1206365861,0.1834986415,2,0
0,0,0.05740227901,-0.632343071,2,0
0,0,-0.0705690688,-1.279713478,1,0
0,0,-0.2114624785,-1.408934097,1,0
0,0,-0.4040460913,-1.925836128,2,0
0,0,-0.7266960571,-3.226499658,1,0
0,0,-1.135937676,-4.09241619,1,-1
1,1,-1.675048188,-5.391105115
0,0,0,0,2,0
0,0,-0.0868224731,-0.868224731,1,0
0,0,-0.1752308043,-0.8840833119,2,0
0,0,-0.388192307,-2.129615027,1,0
0,0,-0.6658973046,-2.777049977,2,0
0,0,-1.091923342,-4.260260369,0,-1
1,1,-1.612580334,-5.206569924
0,0,0,0,1,0
0,0,-0.01280056433,-0.1280056433,2,0
0,0,-0.1163351033,-1.03534539,1,0
0,0,-0.2548513975,-1.385162942,1,0
0,0,-0.4403081198,-1.854567223,0,0
0,0,-0.6187063561,-1.783982363,2,0
0,0,-0.9564821953,-3.377758392,1,0
0,0,-1.409912619,-4.534304235,0,-1
1,1,-1.992851995,-5.829393767
0,0,0,0,2,0
0,0,-0.07667183769,-0.7667183769,1,0
0,0,-0.1529109231,-0.7623908542,0,0
0,0,-0.158642552,-0.05731628875,1,0
0,0,-0.177192266,-0.1854971397,0,0
0,0,-0.133560153,0.4363211298,2,0
0,0,-0.1857176728,-0.5215751985,1,0
0,0,-0.2656992746,-0.7998160176,0,0
0,0,-0.2924775839,-0.2677830928,2,0
0,0,-0.4493711278,-1.568935439,0,0
0,0,-0.6033159388,-1.53944811,1,0
0,0,-0.8587366061,-2.554206673,0,0
0,0,-1.169595453,-3.108588473,2,-1
1,1,-1.640345189,-4.707497352
0,0,0,0,2,0
0,0,-0.1046189025,-1.046189025,0,0
0,0,-0.1235379694,-0.1891906686,2,0
0,0,-0.2589885966,-1.354506273,2,0
0,0,-0.5303382356,-2.713496389,2,0
0,0,-0.9465865544,-4.162483188,2,0
0,0,-1.525279396,-5.786928414,1,-1
1,1,-2.249159965,-7.238805696
0,0,0,0,2,0
0,0,-0.09928630961,-0.9928630961,1,0
0,0,-0.2119588069,-1.126724972,1,0
0,0,-0.3480414681,-1.360826612,1,0
0,0,-0.5339565799,-1.859151118,1,0
0,0,-0.8009974117,-2.670408318,0,0
0,0,-1.12416023,-3.231628179,0,0
0,0,-1.543522297,-4.193620676,0,-1
1,1,-2.106854952,-5.633326553
0,0,0,0,0,0
0,0,0.09582341229,0.9582341229,2,0
0,0,0.1360728148,0.4024940252,2,0
0,0,0.1165812382,-0.1949157664,2,0
0,0,0.03774620949,-0.7883502869,0,0
0,0,0.06115311732,0.2340690783,2,0
0,0,0.01626852331,-0.4488459401,0,0
0,0,0.07922856272,0.6296003941,2,0
0,0,0.06662983134,-0.1259873138,1,0
0,0,0.05184278205,-0.1478704929,2,0
0,0,-0.02570066693,-0.7754344898,2,0
0,0,-0.179100057,-1.533993901,1,0
0,0,-0.3604346258,-1.813345688,1,0
0,0,-0.6094093063,-2.489746805,1,0
0,0,-0.9447839093,-3.35374603,1,0
0,0,-1.39805849,-4.532745809,1,-1
1,1,-1.989144211,-5.910857209
0,0,0,0,0,0
0,0,0.07794781895,0.7794781895,2,0
0,0,0.09229365567,0.1434583672,2,0
0,0,0.02094295794,-0.7135069773,0,0
0,0,0.05016386963,0.2922091169,0,0
0,0,0.1791271859,1.289633163,0,0
0,0,0.4351223169,2.559951309,2,0
0,0,0.6808683222,2.457460053,0,0
0,0,1.097827761,4.169594391,0,-1
1,1,1.677109764,5.792820027
0,0,0,0,1,0
0,0,-0.002784312271,-0.02784312271,0,0
0,0,0.0702329822,0.7301729447,2,0
0,0,0.0677608193,-0.024721629,0,0
0,0,0.1533565656,0.8559574627,2,0
0,0,0.1732954265,0.1993886089,1,0
0,0,0.2401401273,0.6684470084,0,0
0,0,0.4156487297,1.755086025,0,0
0,0,0.738753706,3.231049763,1,0
0,0,1.162951627,4.24197921,1,-1
1,1,1.70946051,5.465088828
0,0,0,0,2,0
0,0,-0.07317613122,-0.7317613122,2,0
0,0,-0.2458247788,-1.726486476,2,0
0,0,-0.5543261837,-3.085014048,0,0
0,0,-0.8649244999,-3.105983162,1,0
0,0,-1.279167761,-4.142432609,0,-1
1,1,-1.803523697,-5.243559359
0,0,0,0,0,0
0,0,0.09512654113,0.9512654113,2,0
0,0,0.1204537716,0.2532723049,1,0
0,0,0.1599540123,0.3950024069,2,0
0,0,0.130356929,-0.2959708334,0,0
0,0,0.2198816766,0.8952474765,1,0
0,0,0.356666924,1.367852474,1,0
0,0,0.5547869855,1.981200615,1,0
0,0,0.8499054316,2.951184461,1,0
0,0,1.26122417,4.11318738,0,-1
1,1,1.825935704,5.647115343
0,0,0,0,2,0
0,0,-0.09830870879,-0.9830870879,1,0
0,0,-0.2210485713,-1.227398626,0,0
0,0,-0.3014086524,-0.8036008102,1,0
0,0,-0.4294295591,-1.280209068,1,0
0,0,-0.6209715972,-1.915420381,2,0
0,0,-0.9766953919,-3.557237947,1,0
0,0,-1.451922119,-4.752267271,0,-1
1,1,-2.060905453,-6.089833344
0,0,0,0,0,0
0,0,0.103969657,1.03969657,0,0
0,0,0.2976274367,1.936577797,1,0
0,0,0.5239259059,2.262984692,1,0
0,0,0.8302428546,3.063169487,0,0
0,0,1.291035662,4.607928079,1,-1
1,1,1.884989389,5.939537266
0,0,0,0,1,0
0,0,-0.01039891206,-0.1039891206,0,0
0,0,0.05403650665,0.6443541871,1,0
0,0,0.1210042391,0.6696773248,2,0
0,0,0.123610994,0.0260675489,2,0
0,0,0.07701406871,-0.4659692531,2,0
0,0,-0.06148884357,-1.385029123,0,0
0,0,-0.1088184652,-0.4732962159,2,0
0,0,-0.2677973117,-1.589788466,1,0
0,0,-0.4809664067,-2.13169095,2,0
0,0,-0.8371091638,-3.56142757,2,0
0,0,-1.35995139,-5.228422257,2,-1
1,1,-2.035883742,-6.759323529
0,0,0,0,2,0
0,0,-0.08913899629,-0.8913899629,0,0
0,0,-0.1132151824,-0.2407618616,0,0
0,0,-0.07352019837,0.3969498408,2,0
0,0,-0.1297114874,-0.5619128903,0,0
0,0,-0.1306669586,-0.009554712063,2,0
0,0,-0.243823581,-1.131566224,2,0
0,0,-0.4950673952,-2.512438142,1,0
0,0,-0.8305744042,-3.355070089,2,0
0,0,-1.333598934,-5.030245296,1,-1
1,1,-1.975312947,-6.417140134
0,0,0,0,1,0
0,0,-0.01102871266,-0.1102871266,1,0
0,0,-0.0204098155,-0.09381102837,1,0
0,0,-0.04534232851,-0.2493251302,2,0
0,0,-0.1693678565,-1.24025528,2,0
0,0,-0.4122945546,-2.429266981,2,0
0,0,-0.8107596581,-3.984651035,1,0
0,0,-1.309228396,-4.984687384,2,-1
1,1,-1.96421995,-6.549915537
0,0,0,0,1,0
0,0,0.001511989292,0.01511989292,0,0
0,0,0.1065047185,1.049927292,1,0
0,0,0.2448327888,1.383280703,2,0
0,0,0.3475253149,1.026925261,2,0
0,0,0.4320905397,0.8456522479,1,0
0,0,0.5891679465,1.570774068,2,0
0,0,0.7585632799,1.693953334,2,0
0,0,0.9879289231,2.293656432,1,0
0,0,1.333684122,3.457551985,0,-1
1,1,1.836192376,5.025082547
0,0,0,0,0,0
0,0,0.07114820048,0.7114820048,0,0
0,0,0.2519860021,1.808378016,2,0
0,0,0.3884893317,1.365033296,2,0
0,0,0.5190507031,1.305613714,2,0
0,0,0.6537608249,1.347101218,2,0
0,0,0.8267463531,1.729855282,1,0
0,0,1.110512139,2.837657856,2,0
0,0,1.489739719,3.792275804,2,-1
1,1,2.008491742,5.187520232
0,0,0,0,0,0
0,0,0.09959850219,0.9959850219,0,0
0,0,0.2911927805,1.915942783,1,0
0,0,0.5412597177,2.500669372,0,0
0,0,0.9318086196,3.905489019,2,0
0,0,1.386401419,4.545927995,2,-1
1,1,1.967629251,5.812278317
0,0,0,0,1,0
0,0,0.007661441422,0.07661441422,1,0
0,0,0.01983190084,0.1217045942,2,0
0,0,-0.05832394648,-0.7815584732,1,0
0,0,-0.1639796467,-1.056557002,2,0
0,0,-0.384913876,-2.209342294,1,0
0,0,-0.6796944719,-2.947805958,2,0
0,0,-1.142192793,-4.624983211,1,-1
1,1,-1.735279141,-5.930863475
0,0,0,0,1,0
0,0,-0.008573369779,-0.08573369779,0,0
0,0,0.06031999091,0.6889336069,2,0
0,0,0.06241099571,0.02091004799,1,0
0,0,0.06926125786,0.06850262153,1,0
0,0,0.0895256887,0.2026443084,1,0
0,0,0.1129189564,0.2339326774,2,0
0,0,0.06585182482,-0.4706713161,2,0
0,0,-0.04582910821,-1.11680933,1,0
0,0,-0.170882739,-1.250536308,0,0
0,0,-0.2541189343,-0.8323619537,1,0
0,0,-0.3645204761,-1.104015418,1,0
0,0,-0.5430942311,-1.78573755,2,0
0,0,-0.8627804323,-3.196862013,1,0
0,0,-1.301821698,-4.390412661,0,-1
1,1,-1.854490597,-5.526688985
0,0,0,0,1,0
0,0,0.004296665074,0.04296665074,2,0
0,0,-0.08389459901,-0.8819126408,1,0
0,0,-0.1705258056,-0.8663120661,1,0
0,0,-0.2713369121,-1.008111064,0,0
0,0,-0.3391338222,-0.6779691018,1,0
0,0,-0.4727322079,-1.335983857,0,0
0,0,-0.6057846918,-1.330524839,1,0
0,0,-0.8420107318,-2.362260401,1,0
0,0,-1.186658796,-3.446480642,0,-1
1,1,-1.635001106,-4.483423102
0,0,0,0,2,0
0,0,-0.08798223369,-0.8798223369,1,0
0,0,-0.1775272512,-0.895450175,2,0
0,0,-0.3967589511,-2.192317,0,0
0,0,-0.5901802184,-1.934212673,1,0
0,0,-0.8664896494,-2.76309431,2,0
0,0,-1.315587085,-4.490974356,0,-1
1,1,-1.880273859,-5.646867738
0,0,0,0,0,0
0,0,0.08025496356,0.8025496356,2,0
0,0,0.09469455808,0.1443959452,0,0
0,0,0.2054781731,1.10783615,0,0
0,0,0.4475228134,2.420446402,0,0
0,0,0.8461298343,3.98607021,2,0
0,0,1.304457204,4.583273697,0,-1
1,1,1.914220617,6.097634134
0,0,0,0,0,0
0,0,0.1054556957,1.054556957,1,0
0,0,0.2449236511,1.394679554,2,0
0,0,0.3300162689,0.8509261781,1,0
0,0,0.4629169565,1.329006876,1,0
0,0,0.67844482,2.155278635,2,0
0,0,0.9273530734,2.489082534,2,0
0,0,1.247445222,3.200921483,2,-1
1,1,1.680316382,4.328711599
0,0,0,0,2,0
0,0,-0.0805929068,-0.805929068,1,0
0,0,-0.1720017915,-0.9140888472,2,0
0,0,-0.3895320645,-2.17530273,1,0
0,0,-0.6756075685,-2.86075504,0,0
0,0,-0.9896463443,-3.140387758,0,0
0,0,-1.379041608,-3.893952637,0,-1
1,1,-1.895318197,-5.162765892
0,0,0,0,2,0
0,0,-0.1015356367,-1.015356367,2,0
0,0,-0.3095979657,-2.080623291,0,0
0,0,-0.4988875857,-1.8928962,0,0
0,0,-0.6915073765,-1.926197907,2,0
0,0,-1.039195756,-3.476883792,2,0
0,0,-1.555911124,-5.16715368,1,-1
1,1,-2.219129047,-6.63217923
0,0,0,0,2,0
0,0,-0.09087036094,-0.9087036094,2,0
0,0,-0.2858508338,-1.949804729,2,0
0,0,-0.6122603996,-3.264095658,2,0
0,0,-1.093479126,-4.812187263,1,-1
1,1,-1.690345361,-5.96866235
0,0,0,0,0,0
0,0,0.09675586151,0.9675586151,0,0
0,0,0.2997979214,2.030420599,0,0
0,0,0.646855379,3.470574577,2,0
0,0,1.017039904,3.701845251,1,0
0,0,1.510858904,4.938189996,0,-1
1,1,2.15296449,6.421055867
0,0,0,0,0,0
0,0,0.07735983627,0.7735983627,1,0
0,0,0.1809332638,1.035734276,0,0
0,0,0.3874374883,2.065042245,1,0
0,0,0.6400543283,2.5261684,0,0
0,0,1.039756073,3.997017445,0,-1
1,1,1.59370642,5.539503476
0,0,0,0,0,0
0,0,0.09743876528,0.9743876528,1,0
0,0,0.1956701634,0.9823139817,2,0
0,0,0.2581349309,0.6246476744,1,0
0,0,0.3788590319,1.20724101,0,0
0,0,0.6410765632,2.622175313,1,0
0,0,0.9970096718,3.559331085,1,0
0,0,1.464962956,4.679532845,0,-1
1,1,2.082498964,6.175360077
0,0,0,0,0,0
0,0,0.08465737066,0.8465737066,1,0
0,0,0.1838157009,0.991583302,0,0
0,0,0.3923738582,2.085581573,2,0
0,0,0.5972965651,2.049227069,2,0
0,0,0.8169939218,2.196973567,0,0
0,0,1.211321495,3.943275734,0,-1
1,1,1.765213349,5.538918541
0,0,0,0,2,0
0,0,-0.09088690435,-0.9088690435,1,0
0,0,-0.2132339496,-1.223470452,0,0
0,0,-0.2891765777,-0.7594262809,2,0
0,0,-0.4922656644,-2.030890867,1,0
0,0,-0.7580095765,-2.657439121,1,0
0,0,-1.13615327,-3.781436935,1,-1
1,1,-1.645858698,-5.097054279
0,0,0,0,0,0
0,0,0.08559406022,0.8559406022,2,0
0,0,0.1132125474,0.2761848714,1,0
0,0,0.144774373,0.3156182568,1,0
0,0,0.1914733881,0.4669901507,0,0
0,0,0.3426641848,1.511907967,2,0
0,0,0.4660106482,1.233464633,2,0
0,0,0.5932725202,1.272618721,2,0
0,0,0.7491151816,1.558426614,0,0
0,0,1.080154796,3.310396143,1,0
0,0,1.535869659,4.557148626,2,-1
1,1,2.13488957,5.990199112
0,0,0,0,1,0
0,0,-0.01545954149,-0.1545954149,0,0
0,0,0.05357284341,0.690323849,0,0
0,0,0.2170530067,1.634801633,2,0
0,0,0.3300653911,1.130123843,2,0
0,0,0.426208078,0.961426869,0,0
0,0,0.6646067592,2.383986812,2,0
0,0,0.937966096,2.733593369,1,0
0,0,1.333288401,3.953223053,1,-1
1,1,1.865573326,5.322849251
0,0,0,0,0,0
0,0,0.09359744677,0.9359744677,2,0
0,0,0.1206959068,0.2709846,0,0
0,0,0.2545769308,1.33881024,1,0
0,0,0.4153495325,1.607726017,0,0
0,0,0.7279365959,3.125870634,1,0
0,0,1.134351809,4.064152132,0,-1
1,1,1.694108861,5.59757052
0,0,0,0,1,0
0,0,-0.01279445905,-0.1279445905,0,0
0,0,0.05881494849,0.7160940753,0,0
0,0,0.2170944128,1.582794643,2,0
0,0,0.3090896405,0.9199522772,1,0
0,0,0.4498261451,1.407365046,2,0
0,0,0.5819333328,1.321071878,2,0
0,0,0.722906517,1.409731842,2,0
0,0,0.8980050796,1.750985626,2,0
0,0,1.138404566,2.403994866,2,0
0,0,1.482557334,3.441527679,2,-1
1,1,1.965130699,4.82573365
0,0,0,0,1,0
0,0,-0.005770316083,-0.05770316083,0,0
0,0,0.06471588825,0.7048620433,2,0
0,0,0.07558733015,0.108714419,1,0
0,0,0.09512921502,0.1954188487,0,0
0,0,0.2042021636,1.090729486,2,0
0,0,0.2702816755,0.6607951187,2,0
0,0,0.2915326992,0.2125102371,0,0
0,0,0.4392362894,1.477035902,2,0
0,0,0.5827117731,1.434754838,0,0
0,0,0.8808343173,2.981225442,2,0
0,0,1.237038549,3.562042315,2,-1
1,1,1.706218509,4.691799597
0,0,0,0,1,0
0,0,-0.008260316597,-0.08260316597,0,0
0,0,0.07338078668,0.8164110328,2,0
0,0,0.09211046875,0.1872968206,2,0
0,0,0.04991355287,-0.4219691588,0,0
0,0,0.08907232864,0.3915877577,1,0
0,0,0.1587014231,0.6962909443,2,0
0,0,0.1607556841,0.02054261013,1,0
0,0,0.1880646524,0.2730896831,1,0
0,0,0.2631839849,0.751193325,2,0
0,0,0.2826311134,0.1944712848,2,0
0,0,0.2623769859,-0.2025412748,0,0
0,0,0.3621885733,0.9981158739,2,0
0,0,0.4339670981,0.7177852486,2,0
0,0,0.4945173334,0.6055023521,1,0
0,0,0.6262850291,1.317676958,0,0
0,0,0.9118123964,2.855273673,2,0
0,0,1.265429582,3.53617186,2,-1
1,1,1.736571422,4.711418397
0,0,0,0,1,0
0,0,-0.01562556148,-0.1562556148,1,0
0,0,-0.03359103943,-0.1796547796,0,0
0,0,0.03550616117,0.690972006,1,0
0,0,0.1174864854,0.8198032426,0,0
0,0,0.303515896,1.860294106,2,0
0,0,0.4711476543,1.676317583,0,0
0,0,0.7779721115,3.068244573,2,0
0,0,1.128579931,3.50607819,1,-1
1,1,1.61384803,4.852680995
0,0,0,0,1,0
0,0,0.01183705584,0.1183705584,1,0
0,0,0.02746549122,0.1562843539,1,0
0,0,0.05454071097,0.2707521975,2,0
0,0,0.005707482854,-0.4883322812,2,0
0,0,-0.1280467503,-1.337542332,0,0
0,0,-0.2062481027,-0.7820135232,1,0
0,0,-0.3169193048,-1.106712022,0,0
0,0,-0.3872204685,-0.7030116371,2,0
0,0,-0.587224628,-2.000041595,0,0
0,0,-0.7959614873,-2.087368593,1,0
0,0,-1.117896011,-3.219345235,0,0
0,0,-1.533864519,-4.159685084,1,-1
1,1,-2.095948198,-5.620836786
0,0,0,0,0,0
0,0,0.0909112101,0.909112101,1,0
0,0,0.2138978561,1.229866459,0,0
0,0,0.468789381,2.54891525,1,0
0,0,0.8066996484,3.379102673,1,0
0,0,1.254351142,4.476514941,1,-1
1,1,1.83623232,5.818811776
0,0,0,0,0,0
0,0,0.08110218637,0.8110218637,2,0
0,0,0.1008904284,0.1978824207,1,0
0,0,0.1339212595,0.3303083104,1,0
0,0,0.2010407479,0.671194884,1,0
0,0,0.30631306,1.052723121,1,0
0,0,0.4677541709,1.614411109,0,0
0,0,0.7782430722,3.104889014,2,0
0,0,1.136524048,3.582809763,0,-1
1,1,1.654548612,5.180245633
0,0,0,0,2,0
0,0,-0.08524996885,-0.8524996885,0,0
0,0,-0.1075187216,-0.2226875277,1,0
0,0,-0.1357664652,-0.282477436,1,0
0,0,-0.1885523987,-0.527859335,2,0
0,0,-0.3676210524,-1.790686537,2,0
0,0,-0.6889671957,-3.213461433,1,0
0,0,-1.116521504,-4.275543085,2,-1
1,1,-1.703140943,-5.866194389
0,0,0,0,0,0
0,0,0.1057664842,1.057664842,1,0
0,0,0.2145392769,1.087727927,2,0
0,0,0.2853749042,0.708356273,2,0
0,0,0.3298147467,0.4443984248,0,0
0,0,0.5030500104,1.732352637,0,0
0,0,0.818336339,3.152863286,1,0
0,0,1.239286111,4.20949772,0,-1
1,1,1.813140711,5.738546002
0,0,0,0,1,0
0,0,-0.01366231684,-0.1366231684,2,0
0,0,-0.122453255,-1.087909382,2,0
0,0,-0.3441442387,-2.216909836,1,0
0,0,-0.6283095097,-2.84165271,1,0
0,0,-1.01526893,-3.869594203,0,0
0,0,-1.481645966,-4.663770357,1,-1
1,1,-2.090743831,-6.090978651
0,0,0,0,2,0
0,0,-0.09689793685,-0.9689793685,2,0
0,0,-0.3018572915,-2.049593547,0,0
0,0,-0.4818420029,-1.799847114,1,0
0,0,-0.7382289943,-2.563869915,0,0
0,0,-1.030591993,-2.923629985,0,0
0,0,-1.407215665,-3.766236716,0,-1
1,1,-1.915109331,-5.078936666
0,0,0,0,1,0
0,0,0.01699081656,0.1699081656,2,0
0,0,-0.0437127256,-0.6070354216,1,0
0,0,-0.1262552514,-0.8254252578,2,0
0,0,-0.33280054,-2.065452886,0,0
0,0,-0.5005758818,-1.677753418,1,0
0,0,-0.7523087749,-2.517328931,1,0
0,0,-1.099130397,-3.468216219,2,-1
1,1,-1.609398705,-5.102683085
0,0,0,0,2,0
0,0,-0.09202240833,-0.9202240833,0,0
0,0,-0.09916638651,-0.07143978179,0,0
0,0,-0.05163880048,0.4752758603,2,0
0,0,-0.1099095961,-0.5827079557,0,0
0,0,-0.1065019585,0.03407637519,2,0
0,0,-0.2154421945,-1.08940236,2,0
0,0,-0.4374725357,-2.220303411,2,0
0,0,-0.7936815321,-3.562089965,2,0
0,0,-1.311159657,-5.17478125,2,-1
1,1,-1.979839084,-6.686794266
0,0,0,0,1,0
0,0,0.008088012249,0.08088012249,0,0
0,0,0.1195059575,1.114179453,2,0
0,0,0.1677731035,0.4826714595,0,0
0,0,0.3251919581,1.574188546,2,0
0,0,0.4671626044,1.419706463,1,0
0,0,0.6951439751,2.279813707,1,0
0,0,1.020381613,3.252376382,2,0
0,0,1.42369841,4.03316797,2,-1
1,1,1.958844485,5.351460746
0,0,0,0,1,0
0,0,0.002383578222,0.02383578222,0,0
0,0,0.07718653377,0.7480295555,1,0
0,0,0.1585258023,0.8133926856,2,0
0,0,0.1696855137,0.1115971141,2,0
0,0,0.111663663,-0.5802185069,2,0
0,0,-0.02576281711,-1.374264802,0,0
0,0,-0.08464965447,-0.5888683737,0,0
0,0,-0.07926152088,0.05388133599,2,0
0,0,-0.181411729,-1.021502081,0,0
0,0,-0.2208917551,-0.394800261,1,0
0,0,-0.2963226378,-0.754308828,0,0
0,0,-0.3282193738,-0.3189673599,0,0
0,0,-0.3262643941,0.01954979785,2,0
0,0,-0.4619612727,-1.356968787,2,0
0,0,-0.7566825264,-2.947212537,2,0
0,0,-1.212873446,-4.561909197,1,-1
1,1,-1.797487245,-5.846137991
0,0,0,0,1,0
0,0,0.008383451044,0.08383451044,2,0
0,0,-0.06962950769,-0.7801295873,2,0
0,0,-0.2644859038,-1.948563961,0,0
0,0,-0.4145043296,-1.500184258,2,0
0,0,-0.7104200693,-2.959157398,1,0
0,0,-1.099934584,-3.89514515,1,-1
1,1,-1.621581897,-5.216473122
0,0,0,0,1,0
0,0,0.003234760161,0.03234760161,1,0
0,0,-0.007485438973,-0.1072019913,0,0
0,0,0.08057199532,0.8805743429,0,0
0,0,0.2771433751,1.965713798,2,0
0,0,0.4430062159,1.658628408,2,0
0,0,0.600342432,1.573362161,0,0
0,0,0.9166096902,3.162672582,2,0
0,0,1.291901592,3.75291902,2,-1
1,1,1.783485542,4.915839501
0,0,0,0,2,0
0,0,-0.08388098317,-0.8388098317,2,0
0,0,-0.2788208067,-1.949398235,0,0
0,0,-0.4427404644,-1.639196577,0,0
0,0,-0.614806182,-1.720657176,2,0
0,0,-0.9406482934,-3.258421113,1,0
0,0,-1.380237868,-4.395895747,1,-1
1,1,-1.958769214,-5.785313464
0,0,0,0,0,0
0,0,0.0858287744,0.858287744,2,0
0,0,0.1056275385,0.1979876412,1,0
0,0,0.1267694141,0.2114187555,0,0
0,0,0.2744270903,1.476576763,0,0
0,0,0.5490291481,2.746020578,2,0
0,0,0.8358369743,2.868078262,1,0
0,0,1.241727042,4.058900676,0,-1
1,1,1.80826397,5.665369281
0,0,0,0,1,0
0,0,-0.00490537288,-0.0490537288,1,0
0,0,-0.007375729718,-0.02470356838,0,0
0,0,0.09353604854,1.009117783,0,0
0,0,0.2952214621,2.016854135,2,0
0,0,0.4650356182,1.698141561,1,0
0,0,0.7056295592,2.40593941,0,0
0,0,1.117462677,4.118331179,1,-1
1,1,1.655894388,5.38431711
0,0,0,0,2,0
0,0,-0.09124446954,-0.9124446954,2,0
0,0,-0.2997496525,-2.085051829,0,0
0,0,-0.4679885738,-1.682389214,0,0
0,0,-0.6467407745,-1.787522007,0,0
0,0,-0.8662719282,-2.195311537,0,0
0,0,-1.142003808,-2.757318802,0,0
0,0,-1.522979629,-3.809758206,1,-1
1,1,-2.049871283,-5.268916542
0,0,0,0,2,0
0,0,-0.07461060684,-0.7461060684,1,0
0,0,-0.1496859841,-0.7507537722,2,0
0,0,-0.3266153878,-1.769294037,1,0
0,0,-0.5627057967,-2.360904089,1,0
0,0,-0.8956228168,-3.329170201,2,0
0,0,-1.397250542,-5.016277256,0,-1
1,1,-2.026476275,-6.292257326
0,0,0,0,2,0
0,0,-0.09903387677,-0.9903387677,2,0
0,0,-0.2958635445,-1.968296678,2,0
0,0,-0.6191397987,-3.232762542,0,0
0,0,-0.974091085,-3.549512863,1,0
0,0,-1.44676768,-4.72676595,0,-1
1,1,-2.0540772,-6.073095201
0,0,0,0,1,0
0,0,0.01458670624,0.1458670624,2,0
0,0,-0.04411267901,-0.5869938525,1,0
0,0,-0.1107513257,-0.6663864671,0,0
0,0,-0.1125935466,-0.01842220845,0,0
0,0,-0.04862429914,0.6396924742,1,0
0,0,0.007611554479,0.5623585362,0,0
0,0,0.1400626056,1.324510511,2,0
0,0,0.2056194353,0.6555682972,0,0
0,0,0.407537085,2.019176497,1,0
0,0,0.6619387507,2.544016656,2,0
0,0,0.9329301771,2.709914265,2,0
0,0,1.273583522,3.40653345,1,-1
1,1,1.751816156,4.782326343
0,0,0,0,0,0
0,0,0.09836219386,0.9836219386,2,0
0,0,0.1269758302,0.2861363634,0,0
0,0,0.259536124,1.325602938,0,0
0,0,0.5142672862,2.547311622,2,0
0,0,0.7702410819,2.559737958,0,0
0,0,1.190436523,4.201954409,0,-1
1,1,1.7742159,5.837793775
0,0,0,0,0,0
0,0,0.07786301149,0.7786301149,1,0
0,0,0.158887816,0.8102480446,1,0
0,0,0.2501430872,0.9125527124,0,0
0,0,0.4825903429,2.324472558,1,0
0,0,0.7881794895,3.055891465,2,0
0,0,1.144602812,3.564233222,1,-1
1,1,1.631056966,4.864541547
0,0,0,0,0,0
0,0,0.07571899947,0.7571899947,1,0
0,0,0.1473528871,0.7163388764,2,0
0,0,0.1431495513,-0.04203335828,2,0
0,0,0.0656018003,-0.7754775098,1,0
0,0,-0.01206949708,-0.7767129738,2,0
0,0,-0.1725139029,-1.604444059,0,0
0,0,-0.2600914064,-0.8757750343,0,0
0,0,-0.3020884855,-0.4199707917,0,0
0,0,-0.3221338681,-0.2004538253,1,0
0,0,-0.3824595795,-0.6032571145,1,0
0,0,-0.5069397815,-1.24480202,2,0
0,0,-0.7834934352,-2.765536536,0,0
0,0,-1.11477456,-3.31281125,0,0
0,0,-1.54087773,-4.261031702,2,-1
1,1,-2.114919111,-5.740413809
0,0,0,0,0,0
0,0,0.09478940569,0.9478940569,0,0
0,0,0.2786201839,1.838307783,0,0
0,0,0.576571599,2.979514151,1,0
0,0,0.964597662,3.88026063,0,0
0,0,1.520902356,5.563046944,1,-1
1,1,2.221178963,7.002766069
0,0,0,0,1,0
0,0,-0.001610331584,-0.01610331584,0,0
0,0,0.0783815666,0.7999189819,0,0
0,0,0.2591958465,1.808142799,0,0
0,0,0.5628006274,3.036047809,0,0
0,0,1.010083522,4.47282895,1,0
0,0,1.567585379,5.575018563,1,-1
1,1,2.271942918,7.043575392
0,0,0,0,2,0
0,0,-0.07547831731,-0.7547831731,2,0
0,0,-0.2613438905,-1.858655732,0,0
0,0,-0.4182164781,-1.568725876,0,0
0,0,-0.5696199892,-1.514035112,2,0
0,0,-0.8808625597,-3.112425704,0,0
0,0,-1.256156727,-3.752941672,0,-1
1,1,-1.746038578,-4.898818514
0,0,0,0,2,0
0,0,-0.07154483054,-0.7154483054,0,0
0,0,-0.07269822991,-0.01153399373,2,0
0,0,-0.1870807103,-1.143824804,2,0
0,0,-0.4320183621,-2.449376518,0,0
0,0,-0.6734252898,-2.414069277,2,0
0,0,-1.068505859,-3.950805687,2,-1
1,1,-1.6273135,-5.588076412
0,0,0,0,2,0
0,0,-0.09130981305,-0.9130981305,0,0
0,0,-0.09800644567,-0.06696632629,2,0
0,0,-0.1947996322,-0.9679318655,0,0
0,0,-0.247988594,-0.5318896181,2,0
0,0,-0.4328034451,-1.84814851,1,0
0,0,-0.6990967353,-2.662932902,2,0
0,0,-1.134044127,-4.349473922,1,-1
1,1,-1.699893398,-5.658492707
0,0,0,0,2,0
0,0,-0.1040356535,-1.040356535,2,0
0,0,-0.3115502124,-2.075145589,2,0
0,0,-0.6588286567,-3.472784443,1,0
0,0,-1.108707501,-4.498788438,1,-1
1,1,-1.678437857,-5.697303564
0,0,0,0,0,0
0,0,0.08480969942,0.8480969942,2,0
0,0,0.08172466641,-0.03085033012,0,0
0,0,0.1686324313,0.8690776492,0,0
0,0,0.384515675,2.158832437,2,0
0,0,0.5677224141,1.83206739,1,0
0,0,0.8333804931,2.656580791,2,0
0,0,1.162775541,3.293950483,0,-1
1,1,1.652654125,4.898785831
0,0,0,0,0,0
0,0,0.08713592459,0.8713592459,2,0
0,0,0.08767310266,0.005371780707,2,0
0,0,0.03014348836,-0.5752961431,2,0
0,0,-0.1217704915,-1.519139798,1,0
0,0,-0.2935256274,-1.71755136,0,0
0,0,-0.4308925115,-1.373668841,0,0
0,0,-0.5687438374,-1.378513259,2,0
0,0,-0.8593412568,-2.905974195,2,0
0,0,-1.311004691,-4.516634342,1,-1
1,1,-1.895510621,-5.845059303
0,0,0,0,1,0
0,0,0.0155200614,0.155200614,1,0
0,0,0.01857576647,0.03055705074,0,0
0,0,0.120530167,1.019544005,1,0
0,0,0.2391679393,1.186377724,2,0
0,0,0.2994392295,0.6027129018,2,0
0,0,0.3158543583,0.1641512873,1,0
0,0,0.3955478526,0.7969349436,2,0
0,0,0.4467501084,0.5120225576,2,0
0,0,0.5023684125,0.556183041,2,0
0,0,0.5547652121,0.5239679967,0,0
0,0,0.7721415222,2.1737631,1,0
0,0,1.087673186,3.155316643,1,0
0,0,1.530738827,4.430656405,2,-1
1,1,2.116763595,5.86024768
0,0,0,0,0,0
0,0,0.07493024549,0.7493024549,1,0
0,0,0.1709939968,0.960637513,0,0
0,0,0.3997264242,2.287324275,0,0
0,0,0.767658594,3.679321697,0,0
0,0,1.285839529,5.181809355,2,-1
1,1,1.917800084,6.319605546
0,0,0,0,0,0
0,0,0.07391459197,0.7391459197,1,0
0,0,0.1608358833,0.8692129135,1,0
0,0,0.266979126,1.061432427,2,0
0,0,0.322908333,0.5592920697,1,0
0,0,0.4270598131,1.041514801,1,0
0,0,0.5905196824,1.634598693,0,0
0,0,0.9119323086,3.214126261,1,0
0,0,1.339713785,4.277814765,0,-1
1,1,1.925808771,5.860949857
0,0,0,0,1,0
0,0,0.01743681096,0.1743681096,1,0
0,0,0.03570978045,0.1827296949,2,0
0,0,-0.01321838881,-0.4892816927,1,0
0,0,-0.05039705693,-0.3717866812,0,0
0,0,0.006209643025,0.5660669996,0,0
0,0,0.1477838162,1.415741732,0,0
0,0,0.3883085528,2.405247366,0,0
0,0,0.7689355116,3.806269588,2,0
0,0,1.193705736,4.247702242,1,-1
1,1,1.745913136,5.522074008
0,0,0,0,0,0
0,0,0.0721734069,0.721734069,1,0
0,0,0.1404116041,0.6823819716,0,0
0,0,0.3342065203,1.937949162,2,0
0,0,0.4997990053,1.65592485,1,0
0,0,0.7387315888,2.389325835,0,0
0,0,1.135798918,3.970673288,2,-1
1,1,1.633798826,4.979999085
0,0,0,0,0,0
0,0,0.09844647276,0.9844647276,2,0
0,0,0.1265009139,0.2805444114,2,0
0,0,0.1001908783,-0.2631003558,1,0
0,0,0.1019968373,0.01805958957,2,0
0,0,0.04302193378,-0.5897490351,1,0
0,0,0.008705625574,-0.343163082,0,0
0,0,0.06131979481,0.5261416923,0,0
0,0,0.2203449046,1.590251098,0,0
0,0,0.5013386941,2.809937895,1,0
0,0,0.8467675691,3.454288749,2,0
0,0,1.241060292,3.942927225,1,-1
1,1,1.773483708,5.324234164
0,0,0,0,1,0
0,0,0.01602126706,0.1602126706,1,0
0,0,0.02021408964,0.04192822575,0,0
0,0,0.1233640173,1.031499277,0,0
0,0,0.3402882157,2.169241983,0,0
0,0,0.6831332087,3.42844993,2,0
0,0,1.051922048,3.687888395,0,-1
1,1,1.586239693,5.343176445
0,0,0,0,2,0
0,0,-0.1038470615,-1.038470615,0,0
0,0,-0.1229732737,-0.1912621215,1,0
0,0,-0.1469110647,-0.2393779099,2,0
0,0,-0.2705595436,-1.236484789,1,0
0,0,-0.4375819877,-1.670224441,2,0
0,0,-0.7498401003,-3.122581126,0,0
0,0,-1.102493196,-3.526530961,1,-1
1,1,-1.578586148,-4.760929517
0,0,0,0,1,0
0,0,-0.0048654806,-0.048654806,0,0
0,0,0.08357980615,0.8844528675,2,0
0,0,0.09753731105,0.139575049,0,0
0,0,0.1991936448,1.016563337,1,0
0,0,0.3266670435,1.274733987,0,0
0,0,0.6038778658,2.772108224,1,0
0,0,0.9644820234,3.606041576,2,0
0,0,1.398805423,4.343233995,2,-1
1,1,1.960359107,5.615536838
0,0,0,0,1,0
0,0,-0.00504343203,-0.0504343203,1,0
0,0,-0.008842942537,-0.03799510507,1,0
0,0,-0.01692490298,-0.08081960448,0,0
0,0,0.07442230757,0.9134721056,0,0
0,0,0.2603849691,1.859626615,1,0
0,0,0.4954166136,2.350316445,2,0
0,0,0.7203720597,2.249554461,0,0
0,0,1.098533178,3.781611186,1,-1
1,1,1.609833959,5.113007806
0,0,0,0,2,0
0,0,-0.1055175219,-1.055175219,0,0
0,0,-0.1315273081,-0.2600978622,2,0
0,0,-0.2537681564,-1.222408483,1,0
0,0,-0.4124404997,-1.586723433,2,0
0,0,-0.7244630044,-3.120225048,2,0
0,0,-1.192079408,-4.676164033,2,-1
1,1,-1.810499622,-6.18420214
0,0,0,0,1,0
0,0,-0.0002397137535,-0.002397137535,2,0
0,0,-0.08364714432,-0.8340743057,1,0
0,0,-0.1782694964,-0.9462235204,2,0
0,0,-0.3901040736,-2.118345772,2,0
0,0,-0.7392430725,-3.49138999,1,0
0,0,-1.180471353,-4.412282808,2,-1
1,1,-1.774534464,-5.940631108
0,0,0,0,2,0
0,0,-0.07241563479,-0.7241563479,0,0
0,0,-0.07706377011,-0.04648135328,1,0
0,0,-0.08153534354,-0.04471573428,0,0
0,0,-0.02034003162,0.6119531192,1,0
0,0,0.05215184215,0.7249187377,0,0
0,0,0.2384008344,1.862489923,2,0
0,0,0.3885097574,1.50108923,0,0
0,0,0.6914338471,3.029240896,2,0
0,0,1.03677573,3.453418825,2,0
0,0,1.467793379,4.31017649,0,-1
1,1,2.051017384,5.832240055
0,0,0,0,2,0
0,0,-0.09470881007,-0.9470881007,0,0
0,0,-0.1160017636,-0.2129295355,1,0
0,0,-0.1607479285,-0.4474616486,1,0
0,0,-0.2390307628,-0.7828283431,2,0
0,0,-0.4517468623,-2.127160995,0,0
0,0,-0.6644973736,-2.127505113,1,0
0,0,-0.9827779354,-3.182805618,0,0
0,0,-1.381551949,-3.98774014,0,-1
1,1,-1.904202834,-5.226508849
0,0,0,0,0,0
0,0,0.09440558623,0.9440558623,1,0
0,0,0.1978331424,1.034275561,1,0
0,0,0.3185710276,1.207378852,1,0
0,0,0.4968884145,1.783173869,1,0
0,0,0.7454699074,2.485814928,1,0
0,0,1.099438919,3.539690116,0,-1
1,1,1.616606696,5.171677769
0,0,0,0,2,0
0,0,-0.09369437795,-0.9369437795,0,0
0,0,-0.1176366839,-0.2394230594,1,0
0,0,-0.1669967716,-0.4936008769,0,0
0,0,-0.1459339636,0.2106280801,2,0
0,0,-0.2453847095,-0.9945074596,1,0
0,0,-0.3730340289,-1.276493193,1,0
0,0,-0.5545774244,-1.815433956,1,0
0,0,-0.8289150382,-2.743376138,1,0
0,0,-1.221414706,-3.924996673,0,-1
1,1,-1.718014836,-4.9660013
0,0,0,0,2,0
0,0,-0.08423886775,-0.8423886775,0,0
0,0,-0.0834370569,0.008018108485,0,0
0,0,0.001842399221,0.8527945612,0,0
0,0,0.1831231226,1.812807234,0,0
0,0,0.4766688688,2.935457462,1,0
0,0,0.8445414567,3.678725879,1,0
0,0,1.324142275,4.796008181,1,-1
1,1,1.939012719,6.148704439
0,0,0,0,1,0
0,0,0.00258856503,0.0258856503,2,0
0,0,-0.09938345027,-1.019720153,1,0
0,0,-0.2214245824,-1.220411321,0,0
0,0,-0.2839574634,-0.62532881,0,0
0,0,-0.3197445299,-0.3578706651,1,0
0,0,-0.4250666385,-1.053221085,2,0
0,0,-0.6778752749,-2.528086364,2,0
0,0,-1.101067293,-4.231920184,0,-1
1,1,-1.607662776,-5.065954824
0,0,0,0,0,0
0,0,0.10508081,1.0508081,0,0
0,0,0.30152991,1.964491001,2,0
0,0,0.4629019411,1.613720311,0,0
0,0,0.7757499497,3.128480086,1,0
0,0,1.183136985,4.073870356,2,-1
1,1,1.690466214,5.073292287
0,0,0,0,2,0
0,0,-0.09764967527,-0.9764967527,0,0
0,0,-0.1259974719,-0.2834779668,1,0
0,0,-0.1849962522,-0.5899878027,0,0
0,0,-0.1787927893,0.06203462929,0,0
0,0,-0.130904317,0.4788847225,0,0
0,0,-0.02979932039,1.011049966,1,0
0,0,0.06119305857,0.9099237896,2,0
0,0,0.08393864822,0.2274558965,2,0
0,0,0.04994114013,-0.3399750809,2,0
0,0,-0.05193063814,-1.018717783,2,0
0,0,-0.2574589427,-2.055283045,1,0
0,0,-0.5094385445,-2.519796018,2,0
0,0,-0.907520798,-3.980822535,0,0
0,0,-1.358977043,-4.514562449,2,-1
1,1,-1.962067196,-6.030901536
0,0,0,0,1,0
0,0,-0.007403525665,-0.07403525665,1,0
0,0,-0.02264131457,-0.1523778891,0,0
0,0,0.04318596004,0.6582727461,0,0
0,0,0.1959424436,1.527564835,2,0
0,0,0.2944797372,0.9853729364,0,0
0,0,0.5125749886,2.180952514,2,0
0,0,0.7426035213,2.300285326,1,0
0,0,1.086137541,3.435340198,0,-1
1,1,1.590363307,5.042257659
0,0,0,0,0,0
0,0,0.07568291387,0.7568291387,1,0
0,0,0.1611965466,0.8551363275,0,0
0,0,0.3759547577,2.147582111,2,0
0,0,0.5605482484,1.845934906,0,0
0,0,0.8952381513,3.346899029,0,0
0,0,1.387963663,4.927255114,1,-1
1,1,2.021332554,6.333688908
0,0,0,0,2,0
0,0,-0.08219340822,-0.8219340822,2,0
0,0,-0.2526506694,-1.704572611,2,0
0,0,-0.5324493938,-2.797987245,1,0
0,0,-0.8855548583,-3.531054645,2,0
0,0,-1.401189424,-5.156345658,2,-1
1,1,-2.068678541,-6.674891165
0,0,0,0,1,0
0,0,-0.01533185597,-0.1533185597,1,0
0,0,-0.02709010951,-0.1175825354,2,0
0,0,-0.1316573272,-1.045672177,2,0
0,0,-0.3462080601,-2.145507329,1,0
0,0,-0.6250543279,-2.788462678,2,0
0,0,-1.057247487,-4.32193159,0,0
0,0,-1.568589416,-5.113419294,1,-1
1,1,-2.226874344,-6.58284928
0,0,0,0,1,0
0,0,-0.01289383075,-0.1289383075,1,0
0,0,-0.04064743825,-0.277536075,0,0
0,0,0.01114749514,0.5179493339,1,0
0,0,0.06765565148,0.5650815634,2,0
0,0,0.06418921157,-0.03466439917,1,0
0,0,0.07351389054,0.09324678977,0,0
0,0,0.1729306174,0.9941672688,2,0
0,0,0.2085022561,0.3557163865,0,0
0,0,0.3819965064,1.734942503,1,0
0,0,0.6210785433,2.39082037,2,0
0,0,0.8907242221,2.696456788,1,0
0,0,1.281380417,3.906561947,2,-1
1,1,1.79013764,5.087572234
0,0,0,0,2,0
0,0,-0.0971974121,-0.971974121,2,0
0,0,-0.3069789565,-2.097815444,1,0
0,0,-0.5689407962,-2.619618397,2,0
0,0,-0.9814692262,-4.125284299,2,0
0,0,-1.556246106,-5.747768797,0,-1
1,1,-2.276171961,-7.199258547
0,0,0,0,2,0
0,0,-0.08200087118,-0.8200087118,2,0
0,0,-0.2603464099,-1.783455387,2,0
0,0,-0.5723782519,-3.12031842,1,0
0,0,-0.9761259972,-4.037477453,2,0
0,0,-1.537337442,-5.612114451,1,-1
1,1,-2.243614055,-7.062766123
0,0,0,0,2,0
0,0,-0.09602399207,-0.9602399207,0,0
0,0,-0.1132384298,-0.1721443769,2,0
0,0,-0.2295635252,-1.163250954,1,0
0,0,-0.3929395559,-1.633760308,0,0
0,0,-0.5517178571,-1.587783012,2,0
0,0,-0.8777606081,-3.26042751,0,0
0,0,-1.267583487,-3.898228785,1,-1
1,1,-1.796098487,-5.28515
0,0,0,0,2,0
0,0,-0.0895763802,-0.895763802,0,0
0,0,-0.0927082218,-0.03131841599,1,0
0,0,-0.1107832367,-0.180750149,1,0
0,0,-0.1654258198,-0.5464258314,2,0
0,0,-0.3241402226,-1.587144028,2,0
0,0,-0.6141484779,-2.900082552,0,0
0,0,-0.9225245714,-3.083760935,2,0
0,0,-1.399163796,-4.766392242,0,-1
1,1,-2.003602106,-6.04438311
0,0,0,0,2,0
0,0,-0.1011950282,-1.011950282,0,0
0,0,-0.1197316136,-0.1853658541,0,0
0,0,-0.07140505776,0.4832655583,0,0
0,0,0.06442744177,1.358324995,0,0
0,0,0.3079489878,2.43521546,0,0
0,0,0.6844212062,3.764722185,2,0
0,0,1.098073396,4.136521895,0,-1
1,1,1.675653816,5.775804202
0,0,0,0,1,0
0,0,-0.002806895199,-0.02806895199,1,0
0,0,-0.02111887835,-0.1831198315,0,0
0,0,0.03412599256,0.5524487091,1,0
0,0,0.08287304283,0.4874705027,1,0
0,0,0.1518543641,0.6898132132,1,0
0,0,0.2456166933,0.937623291,1,0
0,0,0.3952714845,1.496547913,0,0
0,0,0.6999809614,3.047094769,2,0
0,0,1.035759046,3.357780846,1,0
0,0,1.49890056,4.631415142,0,-1
1,1,2.111966031,6.130654705
0,0,0,0,0,0
0,0,0.07436058001,0.7436058001,2,0
0,0,0.07991120685,0.05550626842,0,0
0,0,0.2020794149,1.22168208,0,0
0,0,0.4322749393,2.301955244,1,0
0,0,0.7157644226,2.834894833,0,0
0,0,1.172004368,4.562399451,2,-1
1,1,1.731306117,5.593017495
0,0,0,0,2,0
0,0,-0.09432530428,-0.9432530428,0,0
0,0,-0.1309239868,-0.365986825,2,0
0,0,-0.2637054925,-1.327815057,0,0
0,0,-0.3558459162,-0.9214042368,1,0
0,0,-0.5150064328,-1.591605167,2,0
0,0,-0.8269456511,-3.119392182,1,0
0,0,-1.254156037,-4.272103863,0,-1
1,1,-1.791617067,-5.374610297
0,0,0,0,2,0
0,0,-0.08678145359,-0.8678145359,1,0
0,0,-0.1970801016,-1.10298648,2,0
0,0,-0.417321948,-2.202418464,2,0
0,0,-0.7888146202,-3.714926722,1,0
0,0,-1.257790678,-4.689760575,2,-1
1,1,-1.878996672,-6.212059938
0,0,0,0,1,0
0,0,0.01341892347,0.1341892347,0,0
0,0,0.1329173863,1.194984628,1,0
0,0,0.2793154479,1.463980616,0,0
0,0,0.558260547,2.789450991,2,0
0,0,0.8402265674,2.819660204,0,0
0,0,1.292437055,4.522104875,1,-1
1,1,1.880592282,5.88155227
0,0,0,0,1,0
0,0,-0.013198004,-0.13198004,0,0
0,0,0.0745054069,0.877034109,1,0
0,0,0.165376524,0.9087111714,2,0
0,0,0.2048041946,0.3942767059,2,0
0,0,0.1798735912,-0.2493060346,0,0
0,0,0.274538317,0.9466472583,0,0
0,0,0.5138901574,2.393518404,1,0
0,0,0.8327812417,3.188910843,0,0
0,0,1.307193577,4.744123357,1,-1
1,1,1.913678421,6.064848434
0,0,0,0,2,0
0,0,-0.09178247669,-0.9178247669,2,0
0,0,-0.276404311,-1.846218343,1,0
0,0,-0.4944670011,-2.180626902,2,0
0,0,-0.8746262627,-3.801592615,0,0
0,0,-1.30725061,-4.326243474,2,-1
1,1,-1.893407591,-5.861569807
0,0,0,0,0,0
0,0,0.09789759228,0.9789759228,2,0
0,0,0.1075157949,0.0961820258,0,0
0,0,0.220134858,1.126190632,2,0
0,0,0.2920709612,0.7193610318,0,0
0,0,0.5063852384,2.143142772,1,0
0,0,0.7834478618,2.770626234,2,0
0,0,1.099077217,3.156293547,2,0
0,0,1.503889962,4.048127455,2,-1
1,1,2.048614897,5.447249351
0,0,0,0,0,0
0,0,0.07326743783,0.7326743783,0,0
0,0,0.2496277028,1.76360265,2,0
0,0,0.3928302185,1.432025157,0,0
0,0,0.6736758193,2.808456007,0,0
0,0,1.114975393,4.412995738,0,-1
1,1,1.718934294,6.039589009
0,0,0,0,0,0
0,0,0.07974599871,0.7974599871,1,0
0,0,0.1887645832,1.090185845,0,0
0,0,0.4000268928,2.112623096,0,0
0,0,0.7542816546,3.542547618,0,0
0,0,1.266928906,5.126472509,0,-1
1,1,1.929387345,6.624584391
0,0,0,0,0,0
0,0,0.105334265,1.05334265,1,0
0,0,0.2436172036,1.382829386,1,0
0,0,0.4101707859,1.665535823,2,0
0,0,0.5593955833,1.492247975,2,0
0,0,0.7105047129,1.511091295,0,0
0,0,1.026097282,3.155925692,0,0
0,0,1.512655054,4.865577716,2,-1
1,1,2.139391376,6.267363228
0,0,0,0,0,0
0,0,0.0859327215,0.859327215,2,0
0,0,0.09038527466,0.04452553164,1,0
0,0,0.1054248079,0.1503953328,2,0
0,0,0.06512583302,-0.4029897492,1,0
0,0,0.05003251806,-0.1509331496,2,0
0,0,-0.02976057266,-0.7979309072,0,0
0,0,-0.02577549779,0.03985074872,2,0
0,0,-0.0975104483,-0.7173495051,2,0
0,0,-0.2742364023,-1.76725954,1,0
0,0,-0.4975094839,-2.232730815,2,0
0,0,-0.87376143,-3.762519461,2,0
0,0,-1.420249842,-5.464884122,0,-1
1,1,-2.093767391,-6.73517549
0,0,0,0,0,0
0,0,0.1010482792,1.010482792,0,0
0,0,0.3057243673,2.046760881,2,0
0,0,0.4735397492,1.678153819,2,0
0,0,0.6513834278,1.778436786,2,0
0,0,0.863827569,2.124441412,2,0
0,0,1.148228477,2.844009082,1,0
0,0,1.56356689,4.153384125,2,-1
1,1,2.125263667,5.616967771
0,0,0,0,2,0
0,0,-0.08014618324,-0.8014618324,0,0
0,0,-0.0803270522,-0.00180868964,1,0
0,0,-0.1045223633,-0.2419531111,1,0
0,0,-0.154368887,-0.4984652366,1,0
0,0,-0.2458039393,-0.9143505232,0,0
0,0,-0.2866994749,-0.4089553563,1,0
0,0,-0.3606811665,-0.7398169158,0,0
0,0,-0.4232082919,-0.6252712541,1,0
0,0,-0.561250375,-1.380420831,0,0
0,0,-0.7225480509,-1.612976759,1,0
0,0,-0.9891099782,-2.665619273,2,0
0,0,-1.428414049,-4.393040705,1,-1
1,1,-2.009219704,-5.808056557
0,0,0,0,2,0
0,0,-0.1032131255,-1.032131255,1,0
0,0,-0.2335832092,-1.303700837,2,0
0,0,-0.4988932294,-2.653100202,0,0
0,0,-0.7778189614,-2.78925732,2,0
0,0,-1.221762089,-4.439431274,2,-1
1,1,-1.819512318,-5.977502287
0,0,0,0,2,0
0,0,-0.08060227322,-0.8060227322,0,0
0,0,-0.07452225721,0.06080016016,2,0
0,0,-0.1624797453,-0.879574881,0,0
0,0,-0.1984378185,-0.3595807317,2,0
0,0,-0.3536759915,-1.55238173,2,0
0,0,-0.6429930321,-2.893170406,0,0
0,0,-0.9685197671,-3.255267349,0,0
0,0,-1.360254814,-3.917350466,2,-1
1,1,-1.910597655,-5.503428416
0,0,0,0,0,0
0,0,0.07217232924,0.7217232924,1,0
0,0,0.1722646273,1.000922981,1,0
0,0,0.3081803823,1.359157549,0,0
0,0,0.5762021111,2.680217289,1,0
0,0,0.9236428175,3.474407063,0,0
0,0,1.440240714,5.165978964,2,-1
1,1,2.088352261,6.48111547
0,0,0,0,0,0
0,0,0.08351303564,0.8351303564,1,0
0,0,0.1736048467,0.9009181102,2,0
0,0,0.2047634443,0.3115859767,0,0
0,0,0.3735132426,1.687497982,1,0
0,0,0.598841863,2.253286205,0,0
0,0,0.9804349118,3.815930488,1,0
0,0,1.473746587,4.933116756,2,-1
1,1,2.103592799,6.298462116
0,0,0,0,0,0
0,0,0.09229634972,0.9229634972,0,0
0,0,0.2719534849,1.796571352,2,0
0,0,0.4169798859,1.45026401,1,0
0,0,0.6163389535,1.993590676,1,0
0,0,0.9112107312,2.948717776,2,0
0,0,1.275348696,3.641379651,1,-1
1,1,1.777922981,5.02574285
0,0,0,0,0,0
0,0,0.07853822573,0.7853822573,2,0
0,0,0.09812839944,0.1959017371,1,0
0,0,0.1484517862,0.5032338678,0,0
0,0,0.3146500627,1.661982765,0,0
0,0,0.6308848951,3.162348324,1,0
0,0,1.038588045,4.077031499,0,-1
1,1,1.608123778,5.695357332
0,0,0,0,2,0
0,0,-0.07697120427,-0.7697120427,2,0
0,0,-0.263983569,-1.870123647,0,0
0,0,-0.4122075845,-1.482240155,2,0
0,0,-0.7045347189,-2.923271344,1,0
0,0,-1.104984824,-4.004501056,0,-1
1,1,-1.600666001,-4.956811761
0,0,0,0,2,0
0,0,-0.07078487379,-0.7078487379,1,0
0,0,-0.1592107946,-0.8842592084,0,0
0,0,-0.1797624217,-0.2055162709,1,0
0,0,-0.2364196424,-0.5665722074,1,0
0,0,-0.3301795577,-0.9375991526,1,0
0,0,-0.4782837957,-1.481042379,2,0
0,0,-0.7892169999,-3.109332043,2,0
0,0,-1.264982425,-4.757654255,2,-1
1,1,-1.898761425,-6.337789996
0,0,0,0,2,0
0,0,-0.07363568262,-0.7363568262,1,0
0,0,-0.1718985117,-0.9826282903,1,0
0,0,-0.2918290656,-1.19930554,2,0
0,0,-0.5286175336,-2.367884679,1,0
0,0,-0.8524122578,-3.237947242,2,0
0,0,-1.338917224,-4.865049661,1,-1
1,1,-1.963551815,-6.246345911
0,0,0,0,0,0
0,0,0.0799989535,0.799989535,1,0
0,0,0.1786165828,0.9861762935,1,0
0,0,0.3240014025,1.453848196,0,0
0,0,0.61909067,2.950892675,1,0
0,0,0.9912885503,3.721978803,0,0
0,0,1.527339033,5.360504831,1,-1
1,1,2.208239324,6.809002907
0,0,0,0,1,0
0,0,0.003104748626,0.03104748626,1,0
0,0,0.01849977455,0.1539502592,0,0
0,0,0.1191044605,1.00604686,0,0
0,0,0.3143146839,1.952102233,1,0
0,0,0.5474530612,2.331383773,2,0
0,0,0.7813221766,2.338691154,2,0
0,0,1.060622012,2.792998351,0,0
0,0,1.510478392,4.498563799,2,-1
1,1,2.100851059,5.90372667
0,0,0,0,2,0
0,0,-0.1036926749,-1.036926749,0,0
0,0,-0.1449894217,-0.4129674686,1,0
0,0,-0.2028530197,-0.5786359801,0,0
0,0,-0.2096277774,-0.06774757624,0,0
0,0,-0.1517890002,0.5783877713,1,0
0,0,-0.1055159822,0.46273018,2,0
0,0,-0.1695427024,-0.6402672017,1,0
0,0,-0.2731160352,-1.035733328,1,0
0,0,-0.4143186547,-1.412026194,1,0
0,0,-0.6191228137,-2.048041591,0,0
0,0,-0.841473614,-2.223508003,2,0
0,0,-1.224983505,-3.835098914,2,-1
1,1,-1.768493897,-5.435103919
0,0,0,0,2,0
0,0,-0.08366730644,-0.8366730644,0,0
0,0,-0.08811991098,-0.04452604541,1,0
0,0,-0.09531022543,-0.07190314452,2,0
0,0,-0.1924599461,-0.9714972064,1,0
0,0,-0.3225118129,-1.300518669,2,0
0,0,-0.5853453484,-2.628335354,1,0
0,0,-0.9362841277,-3.509387793,2,0
0,0,-1.441192222,-5.049080941,2,-1
1,1,-2.096519792,-6.553275697
0,0,0,0,0,0
0,0,0.08827740414,0.8827740414,0,0
0,0,0.2648426691,1.76565265,2,0
0,0,0.3916349524,1.267922833,1,0
0,0,0.5880159826,1.963810302,1,0
0,0,0.87033945,2.823234674,0,0
0,0,1.32404478,4.5370533,2,-1
1,1,1.893013996,5.689692162
0,0,0,0,0,0
0,0,0.08886829885,0.8886829885,2,0
0,0,0.1075887828,0.1872048398,2,0
0,0,0.06846044013,-0.391283427,0,0
0,0,0.1333482449,0.6488780473,0,0
0,0,0.3064573212,1.731090763,1,0
0,0,0.5384166153,2.319592942,1,0
0,0,0.8625718516,3.241552363,0,0
0,0,1.339676194,4.771043419,1,-1
1,1,1.953379753,6.137035594
0,0,0,0,2,0
0,0,-0.07456744884,-0.7456744884,2,0
0,0,-0.2475066917,-1.729392428,1,0
0,0,-0.4658844917,-2.183778,1,0
0,0,-0.7518174727,-2.85932981,2,0
0,0,-1.201691655,-4.498741827,2,-1
1,1,-1.805062751,-6.033710952
0,0,0,0,0,0
0,0,0.09866782278,0.9866782278,0,0
0,0,0.2964051446,1.977373218,2,0
0,0,0.4680020152,1.715968706,2,0
0,0,0.6483532267,1.803512115,1,0
0,0,0.9331951288,2.848419021,1,0
0,0,1.341972324,4.087771951,1,-1
1,1,1.890944093,5.489717692
0,0,0,0,0,0
0,0,0.08863040543,0.8863040543,2,0
0,0,0.1052300939,0.1659968843,0,0
0,0,0.2444933466,1.392632527,1,0
0,0,0.4092555596,1.64762213,1,0
0,0,0.6304831964,2.212276368,0,0
0,0,1.010738255,3.802550585,2,0
0,0,1.473362523,4.626242686,1,-1
1,1,2.080336682,6.069741585
0,0,0,0,1,0
0,0,0.007144827924,0.07144827924,1,0
0,0,0.008045823013,0.009009950884,2,0
0,0,-0.08220302511,-0.9024884812,1,0
0,0,-0.1709382335,-0.887352084,0,0
0,0,-0.1855226325,-0.1458439899,1,0
0,0,-0.2360765339,-0.505539014,0,0
0,0,-0.2354248374,0.006516965016,1,0
0,0,-0.2623064597,-0.2688162233,2,0
0,0,-0.405832699,-1.435262392,2,0
0,0,-0.6868169576,-2.809842586,0,0
0,0,-0.9915125633,-3.046956058,2,0
0,0,-1.46896398,-4.774514166,2,-1
1,1,-2.097303753,-6.283397732
0,0,0,0,0,0
0,0,0.08309212998,0.8309212998,0,0
0,0,0.2775975082,1.945053782,0,0
0,0,0.604511078,3.269135698,0,0
0,0,1.089102406,4.845913284,2,-1
1,1,1.652685641,5.635832342
0,0,0,0,2,0
0,0,-0.09902157449,-0.9902157449,2,0
0,0,-0.288262359,-1.892407845,2,0
0,0,-0.6053043038,-3.170419448,1,0
0,0,-0.9948834912,-3.895791874,0,0
0,0,-1.456286927,-4.614034357,2,-1
1,1,-2.068708304,-6.124213772
0,0,0,0,2,0
0,0,-0.08716820614,-0.8716820614,1,0
0,0,-0.2048626674,-1.176944612,2,0
0,0,-0.4275983133,-2.227356459,0,0
0,0,-0.644388566,-2.167902527,2,0
0,0,-1.011603487,-3.672149213,2,0
0,0,-1.539696186,-5.280926986,0,-1
1,1,-2.210661185,-6.709649991
0,0,0,0,2,0
0,0,-0.07296335962,-0.7296335962,1,0
0,0,-0.1470008494,-0.7403748982,0,0
0,0,-0.1570066279,-0.1000577849,2,0
0,0,-0.2736947528,-1.166881248,2,0
0,0,-0.5248494198,-2.51154667,2,0
0,0,-0.913134274,-3.882848542,0,0
0,0,-1.363516242,-4.503819685,0,-1
1,1,-1.933909765,-5.703935229
0,0,0,0,1,0
0,0,-0.01543398379,-0.1543398379,2,0
0,0,-0.1252495931,-1.098156094,2,0
0,0,-0.3601208949,-2.348713018,1,0
0,0,-0.6509975857,-2.908766908,0,0
0,0,-0.9641429867,-3.131454009,2,0
0,0,-1.438539246,-4.743962595,1,-1
1,1,-2.055390104,-6.168508574
0,0,0,0,2,0
0,0,-0.08324043727,-0.8324043727,0,0
0,0,-0.08287193048,0.003685067996,1,0
0,0,-0.103694746,-0.2082281555,2,0
0,0,-0.2187139678,-1.150192217,2,0
0,0,-0.4632990788,-2.445851111,2,0
0,0,-0.8427587882,-3.794597094,1,0
0,0,-1.338314115,-4.955553263,1,-1
1,1,-1.967655545,-6.293414302
0,0,0,0,1,0
0,0,0.01650792177,0.1650792177,0,0
0,0,0.1311052367,1.145973149,1,0
0,0,0.2670363067,1.3593107,0,0
0,0,0.5386757244,2.716394177,1,0
0,0,0.882578822,3.439030976,2,0
0,0,1.285668226,4.030894038,2,-1
1,1,1.80689639,5.212281641
0,0,0,0,0,0
0,0,0.1033761951,1.033761951,0,0
0,0,0.325206923,2.218307279,1,0
0,0,0.5950082288,2.698013058,1,0
0,0,0.9399785495,3.449703207,2,0
0,0,1.350523238,4.105446881,1,-1
1,1,1.901112873,5.505896353
0,0,0,0,0,0
0,0,0.09672858231,0.9672858231,1,0
0,0,0.1986138317,1.018852494,2,0
0,0,0.2374633945,0.388495628,2,0
0,0,0.2176994403,-0.1976395416,1,0
0,0,0.2310528573,0.1335341699,1,0
0,0,0.2888583867,0.578055294,2,0
0,0,0.3151027125,0.2624432579,2,0
0,0,0.3148245536,-0.002781589582,2,0
0,0,0.2831034045,-0.317211491,2,0
0,0,0.2226361422,-0.6046726232,1,0
0,0,0.1881251322,-0.3451100991,1,0
0,0,0.1885974591,0.004723268966,2,0
0,0,0.1295574402,-0.5904001892,0,0
0,0,0.1839227682,0.54365328,2,0
0,0,0.1977133889,0.1379062063,2,0
0,0,0.1510641671,-0.4664922178,2,0
0,0,0.06044585095,-0.9061831613,0,0
0,0,0.08174955206,0.2130370111,0,0
0,0,0.2055919823,1.238424302,0,0
0,0,0.4646864154,2.590944332,0,0
0,0,0.860773092,3.960866766,2,0
0,0,1.30875708,4.479839875,0,-1
1,1,1.913361774,6.046046942
0,0,0,0,1,0
0,0,-0.00446359333,-0.0446359333,2,0
0,0,-0.1045619454,-1.000983521,2,0
0,0,-0.2988798411,-1.943178957,1,0
0,0,-0.5289346936,-2.300548525,0,0
0,0,-0.7740507593,-2.451160657,2,0
0,0,-1.184261652,-4.102108924,1,-1
1,1,-1.728374985,-5.441133336
0,0,0,0,1,0
0,0,-0.01143909466,-0.1143909466,2,0
0,0,-0.1176145427,-1.06175448,2,0
0,0,-0.3357195024,-2.181049597,1,0
0,0,-0.6090951095,-2.733756071,1,0
0,0,-0.9625945842,-3.534994747,2,0
0,0,-1.47061886,-5.080242758,0,-1
1,1,-2.112388723,-6.417698633
0,0,0,0,1,0
0,0,0.007514454053,0.07514454053,0,0
0,0,0.09603696065,0.8852250659,1,0
0,0,0.2127444984,1.167075377,2,0
0,0,0.2922671238,0.7952262546,0,0
0,0,0.4902414075,1.979742837,2,0
0,0,0.6922071752,2.019657677,1,0
0,0,0.9882788607,2.960716855,2,0
0,0,1.367406488,3.791276275,1,-1
1,1,1.886096661,5.186901728
0,0,0,0,0,0
0,0,0.1049607238,1.049607238,1,0
0,0,0.2286615791,1.237008552,0,0
0,0,0.4726753473,2.440137682,2,0
0,0,0.7175778019,2.449024546,0,0
0,0,1.114135859,3.96558057,2,-1
1,1,1.599828314,4.856924553
0,0,0,0,2,0
0,0,-0.071072239,-0.71072239,2,0
0,0,-0.2330439487,-1.619717097,2,0
0,0,-0.5318319943,-2.987880456,0,0
0,0,-0.8446885969,-3.128566026,0,0
0,0,-1.214456539,-3.697679416,0,-1
1,1,-1.68778654,-4.73330001
0,0,0,0,0,0
0,0,0.103770677,1.03770677,2,0
0,0,0.1323058495,0.2853517247,1,0
0,0,0.1903698834,0.5806403386,0,0
0,0,0.3576355486,1.672656652,0,0
0,0,0.6794710508,3.218355022,2,0
0,0,1.041186777,3.617157258,1,0
0,0,1.52271206,4.815252835,0,-1
1,1,2.152467168,6.29755108
0,0,0,0,0,0
0,0,0.07769982974,0.7769982974,2,0
0,0,0.07464449007,-0.0305533967,1,0
0,0,0.07181500626,-0.0282948381,0,0
0,0,0.1655907467,0.9377574049,2,0
0,0,0.1966253982,0.3103465145,0,0
0,0,0.3458096068,1.491842086,1,0
0,0,0.5538892573,2.080796505,2,0
0,0,0.7726760717,2.187868145,2,0
0,0,1.038170385,2.65494313,2,0
0,0,1.390832422,3.526620375,0,-1
1,1,1.896989968,5.061575458
0,0,0,0,1,0
0,0,-0.001768630396,-0.01768630396,0,0
0,0,0.07591518983,0.7768382022,0,0
0,0,0.2704572465,1.945420567,1,0
0,0,0.4952317734,2.247745269,2,0
0,0,0.7141015507,2.188697773,0,0
0,0,1.101537418,3.874358678,0,-1
1,1,1.648084713,5.465472948
0,0,0,0,2,0
0,0,-0.08748816998,-0.8748816998,1,0
0,0,-0.1731691278,-0.8568095779,2,0
0,0,-0.3628007663,-1.896316386,1,0
0,0,-0.6042562461,-2.414554797,2,0
0,0,-1.011052077,-4.067958313,2,0
0,0,-1.569720631,-5.586685536,1,-1
1,1,-2.275340932,-7.056203012
0,0,0,0,1,0
0,0,0.003323843095,0.03323843095,0,0
0,0,0.08619730022,0.8287345713,1,0
0,0,0.1780912219,0.9189392168,0,0
0,0,0.38477239,2.066811681,0,0
0,0,0.7453896733,3.606172833,2,0
0,0,1.138693915,3.933042421,0,-1
1,1,1.689131627,5.504377118
0,0,0,0,0,0
0,0,0.09228492021,0.9228492021,2,0
0,0,0.1258486028,0.3356368257,1,0
0,0,0.1691887116,0.4334010881,2,0
0,0,0.1634898528,-0.05698858813,2,0
0,0,0.08447651204,-0.7901334073,2,0
0,0,-0.06567287383,-1.501493859,1,0
0,0,-0.216059821,-1.503869472,1,0
0,0,-0.4082213013,-1.921614803,1,0
0,0,-0.671579802,-2.633585007,2,0
0,0,-1.101736852,-4.301570502,0,-1
1,1,-1.620787764,-5.190509115
0,0,0,0,1,0
0,0,0.001644852903,0.01644852903,0,0
0,0,0.1042579077,1.026130548,1,0
0,0,0.2265841013,1.223261936,1,0
0,0,0.3803197613,1.537356599,0,0
0,0,0.6682529657,2.879332044,1,0
0,0,1.047972986,3.797200199,1,0
0,0,1.548991747,5.010187611,2,-1
1,1,2.194402395,6.454106485
0,0,0,0,0,0
0,0,0.07181149457,0.7181149457,1,0
0,0,0.1638336732,0.920221786,2,0
0,0,0.1871129738,0.2327930066,1,0
0,0,0.2403525737,0.5323959982,0,0
0,0,0.4247535928,1.844010191,0,0
0,0,0.7549446169,3.301910242,1,0
0,0,1.177237221,4.222926042,1,-1
1,1,1.722883946,5.456467247
0,0,0,0,0,0
0,0,0.09412063006,0.9412063006,1,0
0,0,0.1915885838,0.9746795375,2,0
0,0,0.2477971143,0.5620853045,0,0
0,0,0.4379427447,1.901456304,1,0
0,0,0.687659047,2.497163024,1,0
0,0,1.022619843,3.34960796,1,0
0,0,1.472948806,4.503289631,1,-1
1,1,2.06772296,5.947741541
0,0,0,0,1,0
0,0,0.01325696225,0.1325696225,2,0
0,0,-0.05218482825,-0.6544179049,2,0
0,0,-0.2053527823,-1.53167954,1,0
0,0,-0.3999929345,-1.946401523,2,0
0,0,-0.7526623306,-3.526693961,1,0
0,0,-1.215765869,-4.631035381,1,-1
1,1,-1.806995665,-5.912297966
0,0,0,0,0,0
0,0,0.09705777725,0.9705777725,0,0
0,0,0.3021024773,2.050447001,0,0
0,0,0.6550002202,3.528977429,2,0
0,0,1.028605267,3.736050468,1,0
0,0,1.518467043,4.898617761,2,-1
1,1,2.149910021,6.314429774
0,0,0,0,0,0
0,0,0.07385132502,0.7385132502,0,0
0,0,0.2615945066,1.877431816,2,0
0,0,0.394254168,1.326596614,1,0
0,0,0.6043733642,2.101191963,1,0
0,0,0.9047726043,3.003992401,0,0
0,0,1.368992195,4.64219591,2,-1
1,1,1.955609112,5.866169163
0,0,0,0,2,0
0,0,-0.1033076118,-1.033076118,2,0
0,0,-0.3054039197,-2.02096308,2,0
0,0,-0.6423909071,-3.369869874,0,0
0,0,-0.9961643509,-3.537734438,1,0
0,0,-1.465597176,-4.694328254,2,-1
1,1,-2.085265926,-6.196687494
0,0,0,0,1,0
0,0,0.003014025641,0.03014025641,1,0
0,0,0.01324529062,0.1023126497,2,0
0,0,-0.04680697392,-0.6005226453,0,0
0,0,-0.03816480211,0.08642171812,2,0
0,0,-0.1152736367,-0.7710883457,2,0
0,0,-0.2996554979,-1.843818612,2,0
0,0,-0.6042829816,-3.046274837,2,0
0,0,-1.050168055,-4.458850736,2,-1
1,1,-1.648158245,-5.979901898
0,0,0,0,0,0
0,0,0.1040639492,1.040639492,1,0
0,0,0.2323711561,1.283072069,0,0
0,0,0.4689175107,2.365463546,2,0
0,0,0.6950328633,2.261153526,2,0
0,0,0.9452320718,2.501992086,2,0
0,0,1.273168804,3.279367324,2,-1
1,1,1.712846917,4.396781127
0,0,0,0,2,0
0,0,-0.09452473751,-0.9452473751,2,0
0,0,-0.288622997,-1.940982595,1,0
0,0,-0.5207304808,-2.321074837,0,0
0,0,-0.7447788074,-2.240483266,0,0
0,0,-1.003747526,-2.58968719,1,0
0,0,-1.393730179,-3.899826522,0,-1
1,1,-1.909505897,-5.157757186
0,0,0,0,2,0
0,0,-0.09413489126,-0.9413489126,2,0
0,0,-0.2937067832,-1.995718919,0,0
0,0,-0.4643457955,-1.706390123,1,0
0,0,-0.7134772139,-2.491314184,2,0
0,0,-1.132976171,-4.194989568,0,-1
1,1,-1.645308276,-5.123321054
0,0,0,0,1,0
0,0,0.01417078045,0.1417078045,2,0
0,0,-0.07180832531,-0.8597910577,0,0
0,0,-0.08529603452,-0.1348770921,2,0
0,0,-0.2155898864,-1.302938519,0,0
0,0,-0.2830449987,-0.6745511233,0,0
0,0,-0.3246942999,-0.416493012,0,0
0,0,-0.3243526733,0.00341626653,2,0
0,0,-0.4651504823,-1.40797809,2,0
0,0,-0.7687137601,-3.035632778,0,0
0,0,-1.12477882,-3.560650596,1,-1
1,1,-1.604975912,-4.80197092
0,0,0,0,0,0
0,0,0.07701460459,0.7701460459,0,0
0,0,0.252869506,1.758549014,2,0
0,0,0.3971082078,1.442387018,2,0
0,0,0.5225349352,1.254267274,2,0
0,0,0.6508249454,1.282900102,2,0
0,0,0.8078457043,1.57020759,1,0
0,0,1.068192951,2.603472463,2,0
0,0,1.421315156,3.531222049,2,-1
1,1,1.90436395,4.830487945
0,0,0,0,1,0
0,0,-0.01562234008,-0.1562234008,2,0
0,0,-0.1141815434,-0.985592033,0,0
0,0,-0.140642557,-0.2646101357,0,0
0,0,-0.1029266649,0.3771589204,2,0
0,0,-0.1656706226,-0.6274395772,2,0
0,0,-0.3487006039,-1.830299813,2,0
0,0,-0.6772177625,-3.285171586,0,0
0,0,-1.040639311,-3.634215488,1,0
0,0,-1.532537386,-4.918980744,0,-1
1,1,-2.167664254,-6.351268682
0,0,0,0,1,0
0,0,0.00348160282,0.0348160282,1,0
0,0,0.02496306764,0.2148146482,2,0
0,0,-0.03298035341,-0.5794342105,0,0
0,0,-0.007595988013,0.253843654,0,0
0,0,0.1029506538,1.105466418,0,0
0,0,0.303624601,2.006739472,2,0
0,0,0.4819833087,1.783587077,0,0
0,0,0.8254446544,3.434613457,1,0
0,0,1.274817625,4.493729701,1,-1
1,1,1.855333211,5.805155862
0,0,0,0,1,0
0,0,-0.01216745165,-0.1216745165,0,0
0,0,0.05779126524,0.6995871689,2,0
0,0,0.04468494363,-0.1310632161,0,0
0,0,0.1406808037,0.9599586011,0,0
0,0,0.3646668045,2.239860008,0,0
0,0,0.7332250491,3.685582446,1,0
0,0,1.189505265,4.562802156,2,-1
1,1,1.742981881,5.534766163
0,0,0,0,2,0
0,0,-0.08644978833,-0.8644978833,0,0
0,0,-0.1110833363,-0.24633548,1,0
0,0,-0.1465251758,-0.3544183951,1,0
0,0,-0.2010441426,-0.5451896673,1,0
0,0,-0.3030591948,-1.020150522,0,0
0,0,-0.3735213469,-0.7046215213,2,0
0,0,-0.5853302913,-2.118089444,2,0
0,0,-0.955619881,-3.702895897,0,0
0,0,-1.403327453,-4.477075724,2,-1
1,1,-2.003869836,-6.005423823
0,0,0,0,1,0
0,0,-0.00947594481,-0.0947594481,0,0
0,0,0.07137529444,0.8085123925,2,0
0,0,0.06821992398,-0.03155370461,0,0
0,0,0.1601804092,0.9196048524,2,0
0,0,0.2049933417,0.4481293253,1,0
0,0,0.2805687046,0.7557536283,1,0
0,0,0.4092759761,1.287072715,2,0
0,0,0.5387159819,1.294400058,2,0
0,0,0.6672894722,1.285734903,0,0
0,0,0.9704893324,3.031998602,0,0
0,0,1.436726085,4.662367521,2,-1
1,1,2.033870208,5.971441235
0,0,0,0,2,0
0,0,-0.1037593866,-1.037593866,2,0
0,0,-0.3078410561,-2.040816695,0,0
0,0,-0.4753279075,-1.674868513,1,0
0,0,-0.7262635494,-2.50935642,1,0
0,0,-1.074909471,-3.486459218,0,0
0,0,-1.516204393,-4.412949218,0,-1
1,1,-2.098516666,-5.823122729
0,0,0,0,2,0
0,0,-0.07879737703,-0.7879737703,2,0
0,0,-0.2752066279,-1.964092508,1,0
0,0,-0.5002843421,-2.250777142,2,0
0,0,-0.8702963411,-3.70011999,1,0
0,0,-1.353785709,-4.834893681,0,-1
1,1,-1.957306664,-6.035209548
0,0,0,0,0,0
0,0,0.08232638594,0.8232638594,2,0
0,0,0.08876977303,0.06443387095,1,0
0,0,0.1215972731,0.3282750009,2,0
0,0,0.09095612954,-0.3064114359,0,0
0,0,0.1644125269,0.7345639739,0,0
0,0,0.3360093882,1.715968613,1,0
0,0,0.5550177292,2.19008341,2,0
0,0,0.7805685513,2.255508221,0,0
0,0,1.177758161,3.971896095,0,-1
1,1,1.732474805,5.547166437
0,0,0,0,2,0
0,0,-0.1057117344,-1.057117344,0,0
0,0,-0.1354383557,-0.2972662133,0,0
0,0,-0.1008251334,0.3461322233,1,0
0,0,-0.08327318921,0.1755194419,2,0
0,0,-0.174916797,-0.9164360777,1,0
0,0,-0.2958830083,-1.209662113,2,0
0,0,-0.5504952861,-2.546122778,0,0
0,0,-0.8272374467,-2.767421607,1,0
0,0,-1.214004199,-3.867667521,0,-1
1,1,-1.703954112,-4.899499135
0,0,0,0,1,0
0,0,-0.007174287334,-0.07174287334,0,0
0,0,0.08339670104,0.9057098838,2,0
0,0,0.1116983886,0.2830168756,2,0
0,0,0.06741430372,-0.4428408488,2,0
0,0,-0.05742009097,-1.248343947,0,0
0,0,-0.1089565913,-0.5153650036,2,0
0,0,-0.2814531083,-1.72496517,2,0
0,0,-0.5676090872,-2.861559788,1,0
0,0,-0.9333705797,-3.657614925,2,0
0,0,-1.468943973,-5.355733931,1,-1
1,1,-2.145315586,-6.763716136
0,0,0,0,2,0
0,0,-0.07085866092,-0.7085866092,0,0
0,0,-0.04894446975,0.2191419117,0,0
0,0,0.04676460587,0.9570907562,1,0
0,0,0.1405110072,0.9374640137,0,0
0,0,0.3319167356,1.914057283,2,0
0,0,0.5011469147,1.692301791,2,0
0,0,0.6866303472,1.854834325,1,0
0,0,0.9675347957,2.809044485,0,0
0,0,1.415911706,4.483769105,2,-1
1,1,1.992668089,5.767563829
0,0,0,0,0,0
0,0,0.07743245249,0.7743245249,0,0
0,0,0.2687778663,1.913454138,0,0
0,0,0.5878492795,3.190714132,2,0
0,0,0.9094587522,3.216094727,2,0
0,0,1.300752258,3.912935062,0,-1
1,1,1.849737055,5.489847965
0,0,0,0,1,0
0,0,0.00560986178,0.0560986178,0,0
0,0,0.08473708538,0.791272236,2,0
0,0,0.08175772351,-0.0297936188,0,0
0,0,0.1868037297,1.050460062,1,0
0,0,0.3334081911,1.466044614,0,0
0,0,0.6317566201,2.98348429,1,0
0,0,1.027061152,3.953045318,2,0
0,0,1.5024986,4.754374485,1,-1
1,1,2.122991506,6.204929059
0,0,0,0,2,0
0,0,-0.08527687192,-0.8527687192,0,0
0,0,-0.08598497345,-0.00708101531,0,0
0,0,-0.01028103103,0.7570394242,2,0
0,0,-0.02367588723,-0.133948562,2,0
0,0,-0.1310443562,-1.07368469,2,0
0,0,-0.3333728814,-2.023285252,0,0
0,0,-0.5020689803,-1.686960989,1,0
0,0,-0.7469442208,-2.448752405,1,0
0,0,-1.094477745,-3.475335247,0,0
0,0,-1.537074136,-4.425963908,0,-1
1,1,-2.122730507,-5.856563707
0,0,0,0,2,0
0,0,-0.09052384307,-0.9052384307,1,0
0,0,-0.1874818423,-0.9695799924,0,0
0,0,-0.2230514741,-0.3556963182,2,0
0,0,-0.3829506447,-1.598991706,2,0
0,0,-0.695575649,-3.126250043,0,0
0,0,-1.032528766,-3.36953117,2,0
0,0,-1.537874121,-5.05345355,0,-1
1,1,-2.186182292,-6.483081707
0,0,0,0,2,0
0,0,-0.08624628799,-0.8624628799,2,0
0,0,-0.2603891078,-1.741428199,2,0
0,0,-0.5543234163,-2.939343085,1,0
0,0,-0.9147825129,-3.604590966,1,0
0,0,-1.380385257,-4.65602744,1,-1
1,1,-1.984653334,-6.042680766
0,0,0,0,2,0
0,0,-0.09773696627,-0.9773696627,2,0
0,0,-0.3134771642,-2.157401979,1,0
0,0,-0.5937445135,-2.802673494,0,0
0,0,-0.8777840986,-2.84039585,2,0
0,0,-1.317980341,-4.401962426,0,-1
1,1,-1.877906989,-5.599266474
0,0,0,0,2,0
0,0,-0.1050908602,-1.050908602,1,0
0,0,-0.215950577,-1.108597168,0,0
0,0,-0.2644808441,-0.4853026713,2,0
0,0,-0.4494076009,-1.849267568,0,0
0,0,-0.6349257831,-1.855181822,0,0
0,0,-0.8526443806,-2.177185974,0,0
0,0,-1.124983207,-2.723388267,1,0
0,0,-1.531478171,-4.064949633,1,-1
1,1,-2.083883321,-5.524051509
0,0,0,0,2,0
0,0,-0.08956028853,-0.8956028853,1,0
0,0,-0.2017592826,-1.121989941,0,0
0,0,-0.2712747586,-0.6951547604,0,0
0,0,-0.2910620203,-0.1978726166,2,0
0,0,-0.4462440846,-1.551820643,2,0
0,0,-0.7607771136,-3.145330291,2,0
0,0,-1.227648211,-4.66871097,1,-1
1,1,-1.820099828,-5.924516178
0,0,0,0,0,0
0,0,0.08342979997,0.8342979997,2,0
0,0,0.08830432972,0.04874529756,2,0
0,0,0.006713325341,-0.8159100438,2,0
0,0,-0.1537718015,-1.604851268,1,0
0,0,-0.32850828,-1.747364785,0,0
0,0,-0.4635560519,-1.350477719,2,0
0,0,-0.737933225,-2.743771731,1,0
0,0,-1.102503282,-3.64570057,2,-1
1,1,-1.624427508,-5.219242258
0,0,0,0,2,0
0,0,-0.1013910632,-1.013910632,2,0
0,0,-0.3207378639,-2.193468008,1,0
0,0,-0.6013173169,-2.805794529,1,0
0,0,-0.9548838097,-3.535664928,1,0
0,0,-1.42867747,-4.737936605,2,-1
1,1,-2.05492284,-6.262453703
0,0,0,0,1,0
0,0,-0.000748561029,-0.00748561029,2,0
0,0,-0.09751430457,-0.9676574354,0,0
0,0,-0.1153089143,-0.1779460974,2,0
0,0,-0.2319096206,-1.166007063,0,0
0,0,-0.3139330558,-0.8202343514,1,0
0,0,-0.4389798204,-1.250467646,2,0
0,0,-0.7009756949,-2.619958745,1,0
0,0,-1.064385004,-3.63409309,2,-1
1,1,-1.58867095,-5.242859457
0,0,0,0,0,0
0,0,0.1043890729,1.043890729,2,0
0,0,0.1471166747,0.4272760179,1,0
0,0,0.1991150474,0.5199837272,0,0
0,0,0.3774252238,1.783101764,0,0
0,0,0.7068796756,3.294544518,1,0
0,0,1.124280541,4.174008651,2,-1
1,1,1.63254556,5.082650189
0,0,0,0,2,0
0,0,-0.09770717186,-0.9770717186,1,0
0,0,-0.2135174469,-1.158102751,0,0
0,0,-0.2785832008,-0.6506575394,2,0
0,0,-0.4695796317,-1.909964309,0,0
0,0,-0.6711676634,-2.015880317,2,0
0,0,-1.035378845,-3.64211182,0,0
0,0,-1.483215697,-4.478368517,1,-1
1,1,-2.073908186,-5.906924889
0,0,0,0,2,0
0,0,-0.08175114001,-0.8175114001,1,0
0,0,-0.1657221312,-0.8397099123,1,0
0,0,-0.2701405918,-1.044184606,0,0
0,0,-0.3523479432,-0.8220735141,2,0
0,0,-0.5782535194,-2.259055762,0,0
0,0,-0.8209101792,-2.426566598,0,0
0,0,-1.128211734,-3.073015549,1,0
0,0,-1.565823167,-4.376114333,2,-1
1,1,-2.150630767,-5.848075995
0,0,0,0,2,0
0,0,-0.07401554401,-0.7401554401,2,0
0,0,-0.253879126,-1.79863582,0,0
0,0,-0.387242749,-1.33363623,1,0
0,0,-0.5727296296,-1.854868806,2,0
0,0,-0.9168065152,-3.440768857,2,0
0,0,-1.429328171,-5.125216557,0,-1
1,1,-2.071494396,-6.421662251
0,0,0,0,2,0
0,0,-0.1047552975,-1.047552975,2,0
0,0,-0.3303421947,-2.255868972,0,0
0,0,-0.5374447751,-2.071025804,1,0
0,0,-0.8290246928,-2.915799178,1,0
0,0,-1.2267676,-3.977429074,1,-1
1,1,-1.760493268,-5.337256675
0,0,0,0,0,0
0,0,0.09818001299,0.9818001299,2,0
0,0,0.122437445,0.2425743203,0,0
0,0,0.2687088779,1.462714329,2,0
0,0,0.3899814859,1.21272608,0,0
0,0,0.6576128602,2.676313743,2,0
0,0,0.9427253667,2.851125065,2,0
0,0,1.295322734,3.52597367,1,-1
1,1,1.787552199,4.922294656
0,0,0,0,0,0
0,0,0.103388748,1.03388748,2,0
0,0,0.1361743436,0.3278559562,2,0
0,0,0.1012894688,-0.3488487475,1,0
0,0,0.08169565614,-0.1959381269,2,0
0,0,-0.004165928761,-0.858615849,0,0
0,0,0.0119681605,0.1613408926,0,0
0,0,0.1161708688,1.042027083,2,0
0,0,0.1668136221,0.5064275334,1,0
0,0,0.247818624,0.810050019,2,0
0,0,0.2801776041,0.3235898005,0,0
0,0,0.4417526662,1.615750621,2,0
0,0,0.5845706949,1.428180288,1,0
0,0,0.8299550433,2.453843484,1,0
0,0,1.178833663,3.488786194,0,-1
1,1,1.687863811,5.090301482
0,0,0,0,2,0
0,0,-0.1023558879,-1.023558879,1,0
0,0,-0.2302260618,-1.278701739,1,0
0,0,-0.3939435856,-1.637175239,2,0
0,0,-0.6931041111,-2.991605254,1,0
0,0,-1.078294161,-3.8519005,2,-1
1,1,-1.631909724,-5.536155626
0,0,0,0,1,0
0,0,0.008490919742,0.08490919742,0,0
0,0,0.09945498566,0.9096406591,0,0
0,0,0.3082057146,2.08750729,2,0
0,0,0.4978100461,1.896043314,1,0
0,0,0.7767685707,2.789585246,0,0
0,0,1.215849783,4.390812123,0,-1
1,1,1.816508695,6.006589115
0,0,0,0,0,0
0,0,0.07072931964,0.7072931964,2,0
0,0,0.06575807596,-0.04971243685,1,0
0,0,0.08269680513,0.1693872917,0,0
0,0,0.2005432939,1.178464888,1,0
0,0,0.3357736923,1.352303984,2,0
0,0,0.4468402393,1.11066547,2,0
0,0,0.5547853951,1.079451558,0,0
0,0,0.8198966069,2.651112118,2,0
0,0,1.149307174,3.294105676,2,-1
1,1,1.572681824,4.233746498
0,0,0,0,1,0
0,0,-0.00449775858,-0.0449775858,2,0
0,0,-0.09090486586,-0.8640710728,1,0
0,0,-0.1934231613,-1.025182954,0,0
0,0,-0.2336695564,-0.4024639512,2,0
0,0,-0.3976965421,-1.640269857,2,0
0,0,-0.7185749773,-3.208784353,1,0
0,0,-1.131893852,-4.133188751,2,-1
1,1,-1.704119761,-5.722259089
0,0,0,0,2,0
0,0,-0.0720838055,-0.720838055,1,0
0,0,-0.1457277439,-0.7364393835,2,0
0,0,-0.3284818081,-1.827540643,2,0
0,0,-0.6503346729,-3.218528647,0,0
0,0,-0.9916799197,-3.413452469,1,0
0,0,-1.452288368,-4.606084479,2,-1
1,1,-2.063340909,-6.110525412
0,0,0,0,1,0
0,0,0.01615680066,0.1615680066,1,0
0,0,0.02485824601,0.08701445351,2,0
0,0,-0.06745516261,-0.9231340862,0,0
0,0,-0.08883535952,-0.2138019691,0,0
0,0,-0.02035089218,0.6848446734,2,0
0,0,-0.03751365553,-0.1716276335,1,0
0,0,-0.05220241652,-0.1468876099,2,0
0,0,-0.1481699071,-0.9596749055,2,0
0,0,-0.3647747015,-2.166047945,2,0
0,0,-0.7108927001,-3.461179985,1,0
0,0,-1.141693336,-4.308006357,0,-1
1,1,-1.669629294,-5.279359586
0,0,0,0,0,0
0,0,0.0983863906,0.983863906,1,0
0,0,0.2086512509,1.102648603,2,0
0,0,0.2584510557,0.4979980479,0,0
0,0,0.4289166743,1.704656186,2,0
0,0,0.5806143011,1.516976268,0,0
0,0,0.9037412125,3.231269115,0,0
0,0,1.383194223,4.794530102,0,-1
1,1,2.015816468,6.326222457
0,0,0,0,0,0
0,0,0.08368650733,0.8368650733,0,0
0,0,0.2731261138,1.894396064,1,0
0,0,0.4942987291,2.211726153,2,0
0,0,0.7195616674,2.252629384,1,0
0,0,1.043248815,3.236871477,1,0
0,0,1.4850445,4.417956845,2,-1
1,1,2.065611503,5.805670032
0,0,0,0,1,0
0,0,0.01522965046,0.1522965046,0,0
0,0,0.1158829006,1.006532502,2,0
0,0,0.1314572874,0.1557438675,0,0
0,0,0.2702985819,1.388412946,0,0
0,0,0.5424380813,2.721394994,0,0
0,0,0.9671855928,4.247475114,0,0
0,0,1.554593264,5.874076708,0,-1
1,1,2.289590306,7.349970428
0,0,0,0,0,0
0,0,0.08440000319,0.8440000319,0,0
0,0,0.2800578405,1.956578373,1,0
0,0,0.5183753595,2.38317519,2,0
0,0,0.7667024699,2.483271103,2,0
0,0,1.073398981,3.06696511,2,0
0,0,1.469450428,3.960514467,1,-1
1,1,2.009066749,5.396163217
0,0,0,0,1,0
0,0,-0.01583652806,-0.1583652806,2,0
0,0,-0.130586984,-1.147504559,1,0
0,0,-0.2832546781,-1.526676941,1,0
0,0,-0.4703901044,-1.871354263,1,0
0,0,-0.7376009019,-2.672107975,1,0
0,0,-1.095291739,-3.576908369,1,-1
1,1,-1.579703158,-4.844114195
0,0,0,0,2,0
0,0,-0.09586129976,-0.9586129976,2,0
0,0,-0.3115056814,-2.156443816,2,0
0,0,-0.6582861327,-3.467804513,2,0
0,0,-1.157363191,-4.990770582,0,-1
1,1,-1.753048478,-5.95685287
0,0,0,0,1,0
0,0,0.01494380942,0.1494380942,1,0
0,0,0.01838605093,0.03442241506,2,0
0,0,-0.07408974301,-0.9247579393,0,0
0,0,-0.07517174524,-0.01082002239,1,0
0,0,-0.07348554316,0.01686202081,2,0
0,0,-0.1709437086,-0.974581654,2,0
0,0,-0.3888578214,-2.179141128,1,0
0,0,-0.6830373461,-2.941795248,2,0
0,0,-1.128541431,-4.455040851,1,-1
1,1,-1.693604315,-5.650628834
0,0,0,0,0,0
0,0,0.1040321101,1.040321101,1,0
0,0,0.2332480169,1.292159068,0,0
0,0,0.4897889374,2.565409205,2,0
0,0,0.7467495788,2.569606414,2,0
0,0,1.043322781,2.965732018,2,0
0,0,1.429521529,3.861987481,2,-1
1,1,1.94590988,5.163883511
0,0,0,0,0,0
0,0,0.1031844963,1.031844963,2,0
0,0,0.1253650157,0.2218051939,0,0
0,0,0.2599345475,1.345695318,1,0
0,0,0.4223678138,1.624332664,0,0
0,0,0.7210081152,2.986403014,1,0
0,0,1.125789569,4.04781454,1,-1
1,1,1.660341593,5.345520239
0,0,0,0,1,0
0,0,0.01437750384,0.1437750384,0,0
0,0,0.1151482248,1.00770721,1,0
0,0,0.236288372,1.211401471,0,0
0,0,0.4939634385,2.576750666,0,0
0,0,0.9045956397,4.106322011,1,0
0,0,1.432491224,5.278955846,1,-1
1,1,2.102555388,6.700641641
0,0,0,0,0,0
0,0,0.07399249329,0.7399249329,1,0
0,0,0.1524945158,0.7850202247,1,0
0,0,0.2644252511,1.119307354,1,0
0,0,0.4130966797,1.486714286,0,0
0,0,0.6907871903,2.776905106,0,0
0,0,1.133488072,4.427008816,1,-1
1,1,1.705633859,5.721457875
0,0,0,0,2,0
0,0,-0.1035846798,-1.035846798,2,0
0,0,-0.3195144923,-2.159298124,1,0
0,0,-0.5969849822,-2.774704899,1,0
0,0,-0.9724208098,-3.754358277,2,0
0,0,-1.508253739,-5.358329291,1,-1
1,1,-2.187848596,-6.795948567
0,0,0,0,1,0
0,0,-0.01050623115,-0.1050623115,2,0
0,0,-0.09487256679,-0.8436633564,2,0
0,0,-0.2672742722,-1.724017054,1,0
0,0,-0.4920821108,-2.248078387,2,0
0,0,-0.8682894787,-3.762073679,2,0
0,0,-1.406429122,-5.381396438,1,-1
1,1,-2.083394375,-6.769652524
0,0,0,0,0,0
0,0,0.1058619744,1.058619744,1,0
0,0,0.2410771269,1.352151525,2,0
0,0,0.3210803699,0.8000324306,0,0
0,0,0.5339929845,2.129126146,1,0
0,0,0.8373145915,3.03321607,2,0
0,0,1.195479304,3.581647129,0,-1
1,1,1.710862853,5.153835485
0,0,0,0,1,0
0,0,-0.01514240574,-0.1514240574,1,0
0,0,-0.02702392199,-0.1188151624,0,0
0,0,0.03704959357,0.6407351556,2,0
0,0,0.01850481291,-0.1854478066,1,0
0,0,0.01993113895,0.01426326041,2,0
0,0,-0.06899396224,-0.8892510119,2,0
0,0,-0.2658678925,-1.968739303,0,0
0,0,-0.429712049,-1.638441564,0,0
0,0,-0.5829660273,-1.532539784,0,0
0,0,-0.7685502928,-1.855842655,0,0
0,0,-1.010097141,-2.415468483,1,0
0,0,-1.37905857,-3.689614285,1,-1
1,1,-1.887057897,-5.079993273
0,0,0,0,1,0
0,0,0.002347263287,0.02347263287,2,0
0,0,-0.08379532627,-0.8614258956,1,0
0,0,-0.1771021227,-0.9330679647,2,0
0,0,-0.3750514373,-1.979493145,0,0
0,0,-0.5683654013,-1.93313964,1,0
0,0,-0.8378654634,-2.695000622,2,0
0,0,-1.268988119,-4.311226557,0,-1
1,1,-1.811658194,-5.426700754
0,0,0,0,0,0
0,0,0.1056903722,1.056903722,0,0
0,0,0.3194545172,2.13764145,1,0
0,0,0.5751355142,2.556809969,0,0
0,0,0.9992171552,4.240816411,2,0
0,0,1.49771958,4.985024251,0,-1
1,1,2.145359639,6.476400589
0,0,0,0,0,0
0,0,0.0792597747,0.792597747,1,0
0,0,0.1560189085,0.7675913379,1,0
0,0,0.2685851778,1.125662693,0,0
0,0,0.512126607,2.435414292,2,0
0,0,0.7629468108,2.508202038,2,0
0,0,1.068904706,3.059578948,1,0
0,0,1.509379453,4.404747474,0,-1
1,1,2.098584467,5.89205014
0,0,0,0,1,0
0,0,0.01464560191,0.1464560191,2,0
0,0,-0.05358579399,-0.682313959,1,0
0,0,-0.1211720974,-0.675863034,0,0
0,0,-0.1367628607,-0.1559076329,1,0
0,0,-0.1898919245,-0.5312906378,2,0
0,0,-0.3730571083,-1.831651839,1,0
0,0,-0.6151230703,-2.42065962,1,0
0,0,-0.9386620151,-3.235389448,0,0
0,0,-1.323929807,-3.852677916,2,-1
1,1,-1.865523245,-5.415934385
0,0,0,0,0,0
0,0,0.09305588251,0.9305588251,1,0
0,0,0.2071640561,1.141081736,0,0
0,0,0.4527338911,2.45569835,1,0
0,0,0.7595816332,3.06847742,2,0
0,0,1.107078877,3.474972438,0,-1
1,1,1.622257306,5.151784287
0,0,0,0,1,0
0,0,-0.01455297678,-0.1455297678,2,0
0,0,-0.1270572438,-1.12504267,2,0
0,0,-0.3329092835,-2.058520397,1,0
0,0,-0.5955516446,-2.626423611,2,0
0,0,-1.001753674,-4.062020295,2,0
0,0,-1.565486044,-5.637323701,1,-1
1,1,-2.276023277,-7.105372329
0,0,0,0,2,0
0,0,-0.08508148264,-0.8508148264,0,0
0,0,-0.1017387073,-0.1665722466,2,0
0,0,-0.207460596,-1.057218887,2,0
0,0,-0.4361278327,-2.286672367,1,0
0,0,-0.7196512664,-2.835234337,2,0
0,0,-1.152449776,-4.327985095,2,-1
1,1,-1.747176784,-5.947270084
0,0,0,0,0,0
0,0,0.09849543854,0.9849543854,0,0
0,0,0.3148659115,2.16370473,2,0
0,0,0.5102362403,1.953703288,2,0
0,0,0.721038995,2.108027547,1,0
0,0,1.022611212,3.015722167,2,0
0,0,1.409636059,3.870248471,0,-1
1,1,1.948928749,5.392926906
0,0,0,0,1,0
0,0,0.01204496743,0.1204496743,0,0
0,0,0.1141405473,1.020955799,2,0
0,0,0.1408959614,0.2675541413,0,0
0,0,0.286168572,1.452726106,2,0
0,0,0.3812489104,0.9508033841,0,0
0,0,0.634298741,2.530498306,2,0
0,0,0.9027646064,2.684658654,0,0
0,0,1.347151907,4.443873006,2,-1
1,1,1.915650943,5.684990358
0,0,0,0,0,0
0,0,0.08799590833,0.8799590833,1,0
0,0,0.1960398701,1.080439617,2,0
0,0,0.2643733873,0.6833351721,0,0
0,0,0.4768245496,2.124511623,2,0
0,0,0.6787586407,2.019340912,1,0
0,0,0.9876138715,3.088552307,2,0
0,0,1.369888373,3.822745018,0,-1
1,1,1.906756546,5.368681731
0,0,0,0,1,0
0,0,0.01590781081,0.1590781081,2,0
0,0,-0.06088801722,-0.7679582804,1,0
0,0,-0.1349082722,-0.7402025501,1,0
0,0,-0.2402192116,-1.053109394,0,0
0,0,-0.316655625,-0.764364134,0,0
0,0,-0.3621043535,-0.4544872852,2,0
0,0,-0.5640669379,-2.019625844,2,0
0,0,-0.9186887674,-3.546218296,2,0
0,0,-1.434154117,-5.154653497,1,-1
1,1,-2.091288536,-6.571344184
0,0,0,0,2,0
0,0,-0.09649368587,-0.9649368587,2,0
0,0,-0.3088651362,-2.123714503,1,0
0,0,-0.556578301,-2.477131648,1,0
0,0,-0.8854586231,-3.288803221,2,0
0,0,-1.379796671,-4.943380477,2,-1
1,1,-2.02739779,-6.47601119
0,0,0,0,0,0
0,0,0.08327406846,0.8327406846,1,0
0,0,0.1804825276,0.9720845911,1,0
0,0,0.2922003404,1.117178128,0,0
0,0,0.5300652439,2.378649035,1,0
0,0,0.8448072195,3.147419756,0,0
0,0,1.312151506,4.673442861,0,-1
1,1,1.934182953,6.22031447
0,0,0,0,0,0
0,0,0.1032463069,1.032463069,0,0
0,0,0.3032163437,1.999700368,0,0
0,0,0.6466459516,3.434296079,1,0
0,0,1.071559646,4.249136948,0,-1
1,1,1.661855893,5.902962467
0,0,0,0,1,0
0,0,0.001465974507,0.01465974507,2,0
0,0,-0.09009952764,-0.9156550215,2,0
0,0,-0.2984417813,-2.083422536,0,0
0,0,-0.4569754357,-1.585336544,2,0
0,0,-0.7623213321,-3.053458964,2,0
0,0,-1.221675458,-4.593541255,0,-1
1,1,-1.78182535,-5.601498927
0,0,0,0,0,0
0,0,0.08435550612,0.8435550612,0,0
0,0,0.2571798929,1.728243868,0,0
0,0,0.5535623402,2.963824472,1,0
0,0,0.9240066405,3.704443003,2,0
0,0,1.362555218,4.385485777,2,-1
1,1,1.924292989,5.61737771
0,0,0,0,0,0
0,0,0.0988013559,0.988013559,2,0
0,0,0.1097700068,0.1096865095,1,0
0,0,0.1554283189,0.4565831203,2,0
0,0,0.1238174866,-0.3161083226,0,0
0,0,0.1956686366,0.7185114998,0,0
0,0,0.3828307056,1.87162069,1,0
0,0,0.615096111,2.322654054,2,0
0,0,0.8589182607,2.438221497,2,0
0,0,1.169334086,3.104158249,0,-1
1,1,1.637085513,4.677514274
0,0,0,0,2,0
0,0,-0.08490765986,-0.8490765986,2,0
0,0,-0.2809843083,-1.960766484,0,0
0,0,-0.4456656678,-1.646813596,2,0
0,0,-0.7588380342,-3.131723663,2,0
0,0,-1.228955407,-4.701173732,1,-1
1,1,-1.828905912,-5.99950505
0,0,0,0,1,0
0,0,-0.006381771612,-0.06381771612,2,0
0,0,-0.1002241282,-0.9384235662,0,0
0,0,-0.138281378,-0.3805724975,1,0
0,0,-0.2040847762,-0.6580339818,1,0
0,0,-0.2971007862,-0.9301601004,1,0
0,0,-0.4338461363,-1.367453501,1,0
0,0,-0.6300645376,-1.962184013,2,0
0,0,-0.991263883,-3.611993455,2,0
0,0,-1.510637949,-5.193740657,0,-1
1,1,-2.170102785,-6.594648358
0,0,0,0,2,0
0,0,-0.07906100574,-0.7906100574,0,0
0,0,-0.09474586502,-0.1568485928,1,0
0,0,-0.1285885593,-0.338426943,2,0
0,0,-0.2793285635,-1.507400042,0,0
0,0,-0.3975948296,-1.182662661,2,0
0,0,-0.6650039631,-2.674091335,2,0
0,0,-1.098534179,-4.335302158,1,-1
1,1,-1.652097399,-5.535632202
0,0,0,0,0,0
0,0,0.08829261603,0.8829261603,1,0
0,0,0.1997367838,1.114441677,1,0
0,0,0.3619610114,1.622242277,2,0
0,0,0.5034008654,1.414398539,1,0
0,0,0.7377266107,2.343257454,1,0
0,0,1.083880217,3.461536065,2,0
0,0,1.521141484,4.372612666,0,-1
1,1,2.107057904,5.859164201
0,0,0,0,2,0
0,0,-0.08875710004,-0.8875710004,2,0
0,0,-0.2729219337,-1.841648336,2,0
0,0,-0.589623288,-3.167013544,2,0
0,0,-1.05109212,-4.61468832,0,-1
1,1,-1.584964385,-5.338722648
0,0,0,0,0,0
0,0,0.09524470648,0.9524470648,1,0
0,0,0.2186781603,1.234334538,1,0
0,0,0.3687480981,1.500699378,1,0
0,0,0.5916870094,2.229389114,1,0
0,0,0.9070852949,3.153982855,1,0
0,0,1.340927832,4.338425373,1,-1
1,1,1.915102237,5.741744049
0,0,0,0,2,0
0,0,-0.1021081142,-1.021081142,1,0
0,0,-0.2384377244,-1.363296102,1,0
0,0,-0.4129353531,-1.744976287,0,0
0,0,-0.5681696409,-1.552342878,2,0
0,0,-0.8745968352,-3.064271943,0,0
0,0,-1.246270968,-3.716741329,1,-1
1,1,-1.757049853,-5.107788848
0,0,0,0,2,0
0,0,-0.07272279664,-0.7272279664,0,0
0,0,-0.06427992758,0.08442869062,1,0
0,0,-0.06562454023,-0.01344612651,1,0
0,0,-0.08723918093,-0.2161464069,1,0
0,0,-0.1205206092,-0.3328142827,2,0
0,0,-0.2792059874,-1.586853782,2,0
0,0,-0.5520793144,-2.72873327,2,0
0,0,-0.9770670657,-4.249877513,2,0
0,0,-1.553683412,-5.766163461,2,-1
1,1,-2.277942329,-7.242589169
0,0,0,0,0,0
0,0,0.101687784,1.01687784,0,0
0,0,0.3206863427,2.189985587,1,0
0,0,0.6034162312,2.827298885,0,0
0,0,1.040143242,4.367270105,1,-1
1,1,1.601007358,5.608641167
0,0,0,0,1,0
0,0,0.01250368079,0.1250368079,0,0
0,0,0.1121917663,0.9968808547,2,0
0,0,0.1340453205,0.2185355428,2,0
0,0,0.07689742147,-0.5714789907,1,0
0,0,0.03073784325,-0.4615957822,1,0
0,0,-0.0124071157,-0.4314495895,0,0
0,0,0.02256405255,0.3497116825,2,0
0,0,-0.02481192283,-0.4737597538,2,0
0,0,-0.1739862844,-1.491743616,1,0
0,0,-0.3630903419,-1.891040575,0,0
0,0,-0.5167901321,-1.536997902,2,0
0,0,-0.8143536781,-2.97563546,0,0
0,0,-1.154867574,-3.405138956,2,-1
1,1,-1.657584041,-5.027164671
0,0,0,0,2,0
0,0,-0.1056299846,-1.056299846,2,0
0,0,-0.3266960907,-2.210661061,0,0
0,0,-0.5194035806,-1.9270749,0,0
0,0,-0.7133335558,-1.939299751,1,0
0,0,-1.018667548,-3.053339919,0,0
0,0,-1.412116275,-3.934487269,1,-1
1,1,-1.945597113,-5.334808381
0,0,0,0,2,0
0,0,-0.08138065622,-0.8138065622,0,0
0,0,-0.0979462841,-0.1656562789,2,0
0,0,-0.2298300968,-1.318838127,2,0
0,0,-0.4863858096,-2.565557127,1,0
0,0,-0.8062807896,-3.198949801,2,0
0,0,-1.279411389,-4.731305989,1,-1
1,1,-1.887901665,-6.084902766
0,0,0,0,0,0
0,0,0.09275581196,0.9275581196,2,0
0,0,0.1155284839,0.2277267193,1,0
0,0,0.1442373472,0.287088633,1,0
0,0,0.2066995674,0.6246222025,2,0
0,0,0.2096813763,0.02981808868,1,0
0,0,0.2416710985,0.3198972218,0,0
0,0,0.3925341284,1.508630299,2,0
0,0,0.5243750297,1.318409013,1,0
0,0,0.7301724697,2.0579744,1,0
0,0,1.037728641,3.07556171,1,0
0,0,1.477202514,4.39473873,2,-1
1,1,2.054765084,5.775625705
0,0,0,0,2,0
0,0,-0.0809529862,-0.809529862,0,0
0,0,-0.09323105864,-0.1227807244,0,0
0,0,-0.03934941723,0.5388164141,2,0
0,0,-0.07273518053,-0.333857633,1,0
0,0,-0.1147739346,-0.4203875403,1,0
0,0,-0.1805079868,-0.6573405227,0,0
0,0,-0.1855360916,-0.05028104757,2,0
0,0,-0.2942853007,-1.087492092,0,0
0,0,-0.3671337169,-0.7284841611,1,0
0,0,-0.5053660357,-1.382323188,0,0
0,0,-0.6438641951,-1.384981594,1,0
0,0,-0.8875951347,-2.437309396,1,0
0,0,-1.238088411,-3.504932764,2,-1
1,1,-1.746920534,-5.088321226
0,0,0,0,2,0
0,0,-0.09731161695,-0.9731161695,0,0
0,0,-0.131784273,-0.3447265606,2,0
0,0,-0.2752727673,-1.434884943,0,0
0,0,-0.3847808817,-1.095081144,2,0
0,0,-0.6351258671,-2.503449854,0,0
0,0,-0.8986284699,-2.635026027,2,0
0,0,-1.324820405,-4.261919352,1,-1
1,1,-1.885639449,-5.608190438
0,0,0,0,1,0
0,0,-0.007446509471,-0.07446509471,1,0
0,0,0.001247935459,0.0869444493,2,0
0,0,-0.08532405635,-0.8657199181,0,0
0,0,-0.08118928655,0.04134769803,0,0
0,0,-0.00635975668,0.7482952987,2,0
0,0,-0.03510536958,-0.287456129,1,0
0,0,-0.0769766579,-0.4187128832,0,0
0,0,-0.03396462377,0.4301203413,0,0
0,0,0.0838226093,1.177872331,0,0
0,0,0.301222292,2.173996827,1,0
0,0,0.5673497676,2.661274755,1,0
0,0,0.9027660212,3.354162536,0,0
0,0,1.404050491,5.012844699,0,-1
1,1,2.0560382,6.519877091
0,0,0,0,2,0
0,0,-0.07496088212,-0.7496088212,1,0
0,0,-0.1603634599,-0.8540257774,1,0
0,0,-0.2898714914,-1.295080316,1,0
0,0,-0.476365496,-1.864940045,1,0
0,0,-0.7346708416,-2.583053457,0,0
0,0,-1.025401552,-2.9073071,1,0
0,0,-1.438286297,-4.128847451,1,-1
1,1,-1.995808999,-5.575227022
0,0,0,0,1,0
0,0,0.0001515274914,0.001515274914,0,0
0,0,0.100649926,1.004983985,2,0
0,0,0.137294097,0.3664417104,2,0
0,0,0.1030646253,-0.3422947173,0,0
0,0,0.163072819,0.6000819375,2,0
0,0,0.1758597512,0.1278693219,2,0
0,0,0.1449948094,-0.3086494186,0,0
0,0,0.2155442469,0.7054943753,1,0
0,0,0.3351383007,1.195940538,1,0
0,0,0.4971262785,1.619879778,2,0
0,0,0.6534816336,1.563553551,0,0
0,0,0.9594692717,3.059876381,1,0
0,0,1.392983039,4.335137674,1,-1
1,1,1.9679959,5.750128608
0,0,0,0,1,0
0,0,-0.002004278144,-0.02004278144,2,0
0,0,-0.08501440015,-0.83010122,1,0
0,0,-0.1973912233,-1.123768231,2,0
0,0,-0.4292093225,-2.318180992,2,0
0,0,-0.802315693,-3.731063706,2,0
0,0,-1.326068041,-5.23752348,2,-1
1,1,-1.999406235,-6.733381941
0,0,0,0,0,0
0,0,0.08351180792,0.8351180792,2,0
0,0,0.08943254166,0.05920733733,0,0
0,0,0.190848083,1.014155413,0,0
0,0,0.4116458157,2.207977327,1,0
0,0,0.7116506392,3.000048235,1,0
0,0,1.112761597,4.011109581,2,-1
1,1,1.601501308,4.887397105
0,0,0,0,0,0
0,0,0.08639352379,0.8639352379,1,0
0,0,0.1976742736,1.112807498,1,0
0,0,0.3519680058,1.542937322,0,0
0,0,0.6505256208,2.985576151,1,0
0,0,1.037122844,3.865972234,0,-1
1,1,1.57710303,5.399801858
0,0,0,0,2,0
0,0,-0.07992933329,-0.7992933329,0,0
0,0,-0.09905262832,-0.1912329503,1,0
0,0,-0.1482590523,-0.49206424,2,0
0,0,-0.3150835805,-1.668245282,2,0
0,0,-0.6113081356,-2.962245551,1,0
0,0,-0.9812785485,-3.699704129,1,0
0,0,-1.468539296,-4.872607474,2,-1
1,1,-2.106874621,-6.383353253
0,0,0,0,0,0
0,0,0.07454544935,0.7454544935,0,0
0,0,0.2587304797,1.841850304,1,0
0,0,0.4743440104,2.156135307,0,0
0,0,0.8321839274,3.57839917,1,0
0,0,1.296840858,4.646569308,0,-1
1,1,1.917641784,6.208009261
0,0,0,0,0,0
0,0,0.07712331771,0.7712331771,0,0
0,0,0.266491008,1.893676903,0,0
0,0,0.5850455446,3.185545365,1,0
0,0,0.9745955852,3.895500406,0,0
0,0,1.516881744,5.422861592,0,-1
1,1,2.207706365,6.908246203
0,0,0,0,2,0
0,0,-0.0861125857,-0.861125857,1,0
0,0,-0.1963599802,-1.102473945,2,0
0,0,-0.420450795,-2.240908148,0,0
0,0,-0.6184297893,-1.979789943,0,0
0,0,-0.8283671024,-2.099373131,0,0
0,0,-1.105963933,-2.775968309,1,0
0,0,-1.514680728,-4.087167952,2,-1
1,1,-2.073542211,-5.588614822
0,0,0,0,1,0
0,0,0.01068635571,0.1068635571,2,0
0,0,-0.06175944841,-0.7244580412,2,0
0,0,-0.2408870638,-1.791276153,1,0
0,0,-0.456901375,-2.160143112,1,0
0,0,-0.7396938729,-2.827924979,0,0
0,0,-1.056983335,-3.17289462,0,0
0,0,-1.460118696,-4.031353609,0,-1
1,1,-1.997546668,-5.374279719
0,0,0,0,2,0
0,0,-0.09408640608,-0.9408640608,0,0
0,0,-0.1317264839,-0.3764007785,2,0
0,0,-0.2932472823,-1.615207984,2,0
0,0,-0.5936191412,-3.003718589,2,0
0,0,-1.054289488,-4.606703469,1,-1
1,1,-1.633421402,-5.791319138
0,0,0,0,0,0
0,0,0.09081469469,0.9081469469,0,0
0,0,0.2677566351,1.769419405,0,0
0,0,0.5700125888,3.022559537,2,0
0,0,0.8938705568,3.238579679,2,0
0,0,1.290012415,3.961418578,1,-1
1,1,1.823458506,5.334460912
0,0,0,0,1,0
0,0,0.000487313398,0.00487313398,0,0
0,0,0.08038490746,0.7989759406,1,0
0,0,0.1692623564,0.8887744891,0,0
0,0,0.3599065172,1.906441608,1,0
0,0,0.6153277837,2.554212665,1,0
0,0,0.96980949,3.544817063,2,0
0,0,1.404431747,4.346222573,0,-1
1,1,1.991623638,5.871918909
0,0,0,0,2,0
0,0,-0.07279111312,-0.7279111312,0,0
0,0,-0.07895638239,-0.06165269268,2,0
0,0,-0.1912555981,-1.122992157,2,0
0,0,-0.410967694,-2.19712096,1,0
0,0,-0.6826166939,-2.716489998,1,0
0,0,-1.056877169,-3.742604747,2,-1
1,1,-1.598521569,-5.41644401
0,0,0,0,0,0
0,0,0.0826554686,0.826554686,0,0
0,0,0.2827205825,2.000651139,2,0
0,0,0.4315427897,1.488222072,0,0
0,0,0.7118641146,2.803213249,2,0
0,0,1.016915904,3.050517892,1,0
0,0,1.45202568,4.351097759,1,-1
1,1,2.03162137,5.795956901
0,0,0,0,0,0
0,0,0.07955189509,0.7955189509,1,0
0,0,0.1760809538,0.965290587,1,0
0,0,0.286221728,1.101407742,1,0
0,0,0.4390625265,1.528407985,2,0
0,0,0.5862255574,1.471630309,0,0
0,0,0.8831746414,2.96949084,2,0
0,0,1.238163513,3.549888718,1,-1
1,1,1.727203994,4.890404804
0,0,0,0,2,0
0,0,-0.09154238662,-0.9154238662,2,0
0,0,-0.2949299745,-2.033875878,0,0
0,0,-0.4548403113,-1.599103369,0,0
0,0,-0.6230151977,-1.681748864,0,0
0,0,-0.8297959349,-2.067807371,0,0
0,0,-1.090272643,-2.604767086,2,0
0,0,-1.514817868,-4.245452243,0,-1
1,1,-2.080020842,-5.652029742
0,0,0,0,0,0
0,0,0.07210034273,0.7210034273,0,0
0,0,0.2479284451,1.758281023,2,0
0,0,0.395731912,1.478034669,0,0
0,0,0.6991263689,3.03394457,2,0
0,0,1.043724333,3.445979638,2,0
0,0,1.465672499,4.219481664,0,-1
1,1,2.040059486,5.743869872
0,0,0,0,2,0
0,0,-0.0941252834,-0.941252834,1,0
0,0,-0.1947384801,-1.006131967,2,0
0,0,-0.4012222634,-2.064837833,2,0
0,0,-0.7363961309,-3.351738676,0,0
0,0,-1.109100175,-3.727040436,2,-1
1,1,-1.639478788,-5.303786133
0,0,0,0,0,0
0,0,0.08772348901,0.8772348901,2,0
0,0,0.1101528947,0.2242940568,0,0
0,0,0.2501116953,1.399588006,2,0
0,0,0.3325792146,0.8246751925,1,0
0,0,0.4841571059,1.515778913,1,0
0,0,0.7164828565,2.323257507,1,0
0,0,1.056645138,3.401622812,1,0
0,0,1.519867065,4.632219269,0,-1
1,1,2.132332925,6.1246586
0,0,0,0,1,0
0,0,-0.01135359415,-0.1135359415,1,0
0,0,-0.01278124501,-0.01427650861,2,0
0,0,-0.109687486,-0.9690624097,2,0
0,0,-0.3265125345,-2.168250485,1,0
0,0,-0.5979980843,-2.714855499,2,0
0,0,-1.034021746,-4.360236616,1,-1
1,1,-1.583922363,-5.499006171
0,0,0,0,0,0
0,0,0.09890459907,0.9890459907,2,0
0,0,0.1150238237,0.1611922461,0,0
0,0,0.2219855967,1.06961773,2,0
0,0,0.2762988827,0.5431328605,1,0
0,0,0.3807534959,1.044546131,1,0
0,0,0.5514411533,1.706876575,0,0
0,0,0.8907516397,3.393104864,1,0
0,0,1.350721342,4.599697024,0,-1
1,1,1.966430088,6.157087461
0,0,0,0,2,0
0,0,-0.07251201481,-0.7251201481,0,0
0,0,-0.07848258771,-0.05970572902,0,0
0,0,0.001441101647,0.7992368935,1,0
0,0,0.07748719173,0.7604609009,1,0
0,0,0.1651451458,0.8765795409,2,0
0,0,0.2073057143,0.4216056848,0,0
0,0,0.3837169943,1.7641128,1,0
0,0,0.6242669146,2.405499203,0,0
0,0,1.015954753,3.916878383,0,-1
1,1,1.571731238,5.557764847
0,0,0,0,0,0
0,0,0.09208636461,0.9208636461,2,0
0,0,0.1215397913,0.2945342666,2,0
0,0,0.08567153372,-0.3586825755,2,0
0,0,-0.03082143215,-1.164929659,1,0
0,0,-0.1439653151,-1.131438829,1,0
0,0,-0.2902051377,-1.462398226,2,0
0,0,-0.5577624459,-2.675573083,2,0
0,0,-0.9729841375,-4.152216915,1,0
0,0,-1.494490563,-5.21506426,1,-1
1,1,-2.158545322,-6.64054759
0,0,0,0,1,0
0,0,0.00441216031,0.0441216031,0,0
0,0,0.1088458008,1.044336405,2,0
0,0,0.1431925664,0.3434676561,0,0
0,0,0.303282624,1.600900576,0,0
0,0,0.6048384012,3.015557771,0,0
0,0,1.050914072,4.460756708,1,-1
1,1,1.618427123,5.675130513
0,0,0,0,1,0
0,0,-0.008631734808,-0.08631734808,1,0
0,0,-0.0184655206,-0.09833785794,1,0
0,0,-0.01672601892,0.01739501676,1,0
0,0,-0.01073282091,0.05993198016,1,0
0,0,0.005313191689,0.160460126,2,0
0,0,-0.0572524399,-0.6256563159,1,0
0,0,-0.1135301553,-0.5627771542,1,0
0,0,-0.1767053778,-0.6317522244,1,0
0,0,-0.2753791218,-0.9867374406,0,0
0,0,-0.3319107955,-0.5653167365,2,0
0,0,-0.5196863106,-1.877755151,0,0
0,0,-0.7104283511,-1.907420406,1,0
0,0,-0.9955020688,-2.850737177,1,0
0,0,-1.412155719,-4.166536501,1,-1
1,1,-1.971173422,-5.590177034
0,0,0,0,2,0
0,0,-0.08434609372,-0.8434609372,1,0
0,0,-0.1696921491,-0.8534605542,2,0
0,0,-0.3594943265,-1.898021774,0,0
0,0,-0.5349603123,-1.754659858,2,0
0,0,-0.8683572992,-3.333969869,2,0
0,0,-1.360057031,-4.91699732,1,-1
1,1,-1.988272951,-6.2821592
0,0,0,0,1,0
0,0,-0.0005500405591,-0.005500405591,0,0
0,0,0.0868948672,0.8744490776,0,0
0,0,0.2867943176,1.998994504,2,0
0,0,0.4562357967,1.694414791,2,0
0,0,0.6205107634,1.642749667,1,0
0,0,0.8862499154,2.657391521,1,0
0,0,1.263083675,3.768337591,1,-1
1,1,1.779862182,5.167785071
0,0,0,0,1,0
0,0,-0.003758686506,-0.03758686506,0,0
0,0,0.09275314426,0.9651183076,1,0
0,0,0.2038109532,1.110578089,0,0
0,0,0.428949337,2.251383838,0,0
0,0,0.7844998647,3.555505277,0,0
0,0,1.302612702,5.181128378,0,-1
1,1,1.975773323,6.731606204
0,0,0,0,1,0
0,0,0.008471846684,0.08471846684,0,0
0,0,0.1185994033,1.101275566,0,0
0,0,0.3232405213,2.046411179,0,0
0,0,0.647200965,3.239604438,1,0
0,0,1.052521743,4.053207777,0,-1
1,1,1.612888557,5.603668141
0,0,0,0,1,0
0,0,-0.009315375878,-0.09315375878,2,0
0,0,-0.10906437,-0.9974899416,0,0
0,0,-0.1351204757,-0.2605610563,0,0
0,0,-0.09033894739,0.4478152827,1,0
0,0,-0.06981723243,0.2052171496,0,0
0,0,0.03122724268,1.010444751,2,0
0,0,0.04600700723,0.1477976455,0,0
0,0,0.1393291812,0.9332217398,0,0
0,0,0.3516100431,2.122808619,0,0
0,0,0.7044475987,3.528375556,0,0
0,0,1.220328688,5.158810897,0,-1
1,1,1.887400572,6.670718839
0,0,0,0,1,0
0,0,-0.006255983257,-0.06255983257,2,0
0,0,-0.09900241072,-0.9274642746,1,0
0,0,-0.2229691129,-1.239667022,1,0
0,0,-0.3937315773,-1.707624644,2,0
0,0,-0.7220139193,-3.28282342,2,0
0,0,-1.199476568,-4.77462649,1,-1
1,1,-1.803317311,-6.038407429
0,0,0,0,1,0
0,0,-0.002956407881,-0.02956407881,1,0
0,0,-0.007486230865,-0.04529822983,1,0
0,0,0.004113694709,0.1159992557,0,0
0,0,0.09177669642,0.8766300171,1,0
0,0,0.211451816,1.196751195,2,0
0,0,0.2915752296,0.8012341359,1,0
0,0,0.4317873146,1.40212085,2,0
0,0,0.5699028518,1.381155372,1,0
0,0,0.7894803134,2.195774616,2,0
0,0,1.051515878,2.620355649,1,0
0,0,1.438485462,3.86969584,0,-1
1,1,1.979963041,5.414775784
0,0,0,0,2,0
0,0,-0.07257045018,-0.7257045018,1,0
0,0,-0.1659749977,-0.9340454753,2,0
0,0,-0.3715330634,-2.055580657,0,0
0,0,-0.5511440967,-1.796110332,0,0
0,0,-0.7510475695,-1.999034728,1,0
0,0,-1.048772593,-2.977250236,0,0
0,0,-1.434931202,-3.861586087,1,-1
1,1,-1.963371551,-5.284403491
0,0,0,0,2,0
0,0,-0.08959970949,-0.8959970949,1,0
0,0,-0.198668085,-1.090683755,1,0
0,0,-0.3355974395,-1.369293545,0,0
0,0,-0.4374510371,-1.018535976,1,0
0,0,-0.5953164699,-1.578654328,0,0
0,0,-0.7606096973,-1.652932274,0,0
0,0,-0.9698065457,-2.091968483,2,0
0,0,-1.352365513,-3.825589677,0,-1
1,1,-1.855136616,-5.02771103
0,0,0,0,1,0
0,0,-0.0004469243234,-0.004469243234,0,0
0,0,0.08857073383,0.8901765815,1,0
0,0,0.2056905478,1.17119814,1,0
0,0,0.3531658504,1.474753026,0,0
0,0,0.6287338312,2.755679808,0,0
0,0,1.056002615,4.272687835,0,-1
1,1,1.637497235,5.814946203
0,0,0,0,1,0
0,0,-0.0003971905513,-0.003971905513,0,0
0,0,0.07059225832,0.7098944888,1,0
0,0,0.1392422846,0.6865002624,2,0
0,0,0.1438209289,0.04578644291,1,0
0,0,0.1866937975,0.4287286867,2,0
0,0,0.1769073552,-0.09786442296,0,0
0,0,0.2834836488,1.065762936,0,0
0,0,0.5140411331,2.305574843,0,0
0,0,0.9090946286,3.950534956,2,0
0,0,1.375465825,4.663711959,1,-1
1,1,1.97928106,6.038152359
0,0,0,0,2,0
0,0,-0.07208947819,-0.7208947819,2,0
0,0,-0.2478019597,-1.757124815,1,0
0,0,-0.4590383966,-2.112364368,1,0
0,0,-0.7315554519,-2.725170553,2,0
0,0,-1.176286545,-4.44731093,0,-1
1,1,-1.718892226,-5.426056816
0,0,0,0,2,0
0,0,-0.08359158689,-0.8359158689,0,0
0,0,-0.09718626086,-0.1359467397,0,0
0,0,-0.03359791904,0.6358834182,1,0
0,0,0.03645151088,0.7004942992,2,0
0,0,0.03818931243,0.0173780155,1,0
0,0,0.05207321542,0.1388390299,1,0
0,0,0.060199084,0.08125868584,1,0
0,0,0.07977703243,0.1957794843,0,0
0,0,0.2144418198,1.346647873,2,0
0,0,0.2902179848,0.7577616504,2,0
0,0,0.3306005963,0.4038261148,1,0
0,0,0.4302417662,0.9964116995,2,0
0,0,0.5297113204,0.9946955413,0,0
0,0,0.7821237033,2.524123829,0,0
0,0,1.189521086,4.073973831,0,-1
1,1,1.756163514,5.666424273
0,0,0,0,2,0
0,0,-0.1039579549,-1.039579549,0,0
0,0,-0.1238895103,-0.1993155538,2,0
0,0,-0.2394037725,-1.155142622,2,0
0,0,-0.4673507163,-2.279469438,2,0
0,0,-0.8462133041,-3.788625878,1,0
0,0,-1.338835797,-4.926224928,0,-1
1,1,-1.950219506,-6.113837091
0,0,0,0,1,0
0,0,0.01407395021,0.1407395021,2,0
0,0,-0.04640673208,-0.6048068229,2,0
0,0,-0.2057557275,-1.593489954,2,0
0,0,-0.4957694597,-2.900137322,0,0
0,0,-0.779648992,-2.838795323,0,0
0,0,-1.114852463,-3.352034713,0,0
0,0,-1.541131188,-4.262787242,0,-1
1,1,-2.11173752,-5.706063325
0,0,0,0,2,0
0,0,-0.102707409,-1.02707409,0,0
0,0,-0.1344458241,-0.3173841516,0,0
0,0,-0.08498212637,0.4946369775,1,0
0,0,-0.05487910347,0.301030229,0,0
0,0,0.06951054058,1.243896441,1,0
0,0,0.1930289144,1.235183739,1,0
0,0,0.3612491251,1.682202106,1,0
0,0,0.5832798166,2.220306915,0,0
0,0,0.9734943339,3.902145173,0,0
0,0,1.521347178,5.478528445,2,-1
1,1,2.210524777,6.891775982
0,0,0,0,2,0
0,0,-0.1015454745,-1.015454745,0,0
0,0,-0.1283114636,-0.267659891,0,0
0,0,-0.08148723529,0.4682422829,1,0
0,0,-0.05333586611,0.2815136919,2,0
0,0,-0.1279598804,-0.7462401434,1,0
0,0,-0.2402197494,-1.122598689,1,0
0,0,-0.3945209272,-1.543011778,1,0
0,0,-0.6225371063,-2.280161792,0,0
0,0,-0.8643415677,-2.418044613,1,0
0,0,-1.231170268,-3.668286999,1,-1
1,1,-1.731223626,-5.000533583
0,0,0,0,0,0
0,0,0.09885850685,0.9885850685,2,0
0,0,0.1147149023,0.1585639549,1,0
0,0,0.1381825711,0.2346766875,0,0
0,0,0.2709866432,1.328040721,2,0
0,0,0.3635690296,0.925823864,1,0
0,0,0.5316284981,1.680594685,2,0
0,0,0.7175974447,1.859689466,2,0
0,0,0.9544767298,2.368792851,1,0
0,0,1.31311693,3.586402,2,-1
1,1,1.794384261,4.812673312
0,0,0,0,2,0
0,0,-0.07179364787,-0.7179364787,2,0
0,0,-0.2577992331,-1.860055852,1,0
0,0,-0.482429189,-2.246299559,2,0
0,0,-0.8434983589,-3.610691699,2,0
0,0,-1.367125579,-5.236272202,0,-1
1,1,-2.009156437,-6.420308584
0,0,0,0,1,0
0,0,0.01726923914,0.1726923914,1,0
0,0,0.03853256542,0.2126332627,0,0
0,0,0.1704145004,1.31881935,0,0
0,0,0.4171216275,2.46707127,0,0
0,0,0.81827727,4.011556426,2,0
0,0,1.265745364,4.474680941,2,-1
1,1,1.827370744,5.616253801
0,0,0,0,1,0
0,0,0.008544216723,0.08544216723,0,0
0,0,0.1035564752,0.9501225846,0,0
0,0,0.2918838304,1.883273552,1,0
0,0,0.5398616746,2.479778442,1,0
0,0,0.8819851799,3.421235054,0,0
0,0,1.392592977,5.106077971,2,-1
1,1,2.02736589,6.347729126
0,0,0,0,1,0
0,0,-0.000367778216,-0.00367778216,2,0
0,0,-0.1016381587,-1.012703805,0,0
0,0,-0.1343358631,-0.3269770442,0,0
0,0,-0.1086838835,0.2565197957,2,0
0,0,-0.1997029954,-0.9101911187,2,0
0,0,-0.4078037295,-2.081007341,0,0
0,0,-0.6014417965,-1.93638067,2,0
0,0,-0.9503736672,-3.489318707,2,0
0,0,-1.455858712,-5.054850444,2,-1
1,1,-2.113110949,-6.572522376
0,0,0,0,1,0
0,0,-0.01039847757,-0.1039847757,2,0
0,0,-0.09833060277,-0.879321252,1,0
0,0,-0.2085123648,-1.101817621,0,0
0,0,-0.2511773689,-0.4266500409,0,0
0,0,-0.2680273809,-0.1685001194,2,0
0,0,-0.4200416449,-1.52014264,2,0
0,0,-0.7176479046,-2.976062597,0,0
0,0,-1.064151608,-3.465037032,1,0
0,0,-1.542362121,-4.782105129,2,-1
1,1,-2.168942637,-6.265805163
