2,1,1
0,0,0,0,1,0
0,0,0.0008512573957,0.008512573957,2,0
0,0,-0.09548786518,-0.9633912257,2,0
0,0,-0.2870098062,-1.915219411,0,0
0,0,-0.4387289543,-1.517191481,2,0
0,0,-0.7455644473,-3.06835493,1,0
0,0,-1.155886414,-4.103219668,1,-1
1,1,-1.690520891,-5.34634477
0,0,0,0,1,0
0,0,0.008124879504,0.08124879504,1,0
0,0,0.008468719992,0.003438404882,1,0
0,0,0.009498433066,0.01029713074,2,0
0,0,-0.06216587611,-0.7166430918,0,0
0,0,-0.04774896701,0.144169091,1,0
0,0,-0.02397172007,0.2377724695,1,0
0,0,-0.01136235456,0.126093655,1,0
0,0,0.002760639278,0.1412299384,2,0
0,0,-0.06375047544,-0.6651111472,2,0
0,0,-0.2252228396,-1.614723642,2,0
0,0,-0.5013842022,-2.761613626,1,0
0,0,-0.8586608736,-3.572766714,1,0
0,0,-1.317939981,-4.592791075,1,-1
1,1,-1.912465029,-5.945250475
0,0,0,0,1,0
0,0,-0.01457437956,-0.1457437956,0,0
0,0,0.05338691371,0.6796129327,2,0
0,0,0.03798399379,-0.1540291991,1,0
0,0,0.03103147861,-0.06952515182,0,0
0,0,0.1301933605,0.9916188185,2,0
0,0,0.1604406801,0.3024731965,0,0
0,0,0.3162565606,1.558158805,0,0
0,0,0.5929303234,2.766737628,1,0
0,0,0.9612552003,3.683248768,0,0
0,0,1.491776874,5.305216738,2,-1
1,1,2.16023209,6.684552155
0,0,0,0,2,0
0,0,-0.07238543031,-0.7238543031,1,0
0,0,-0.1407185473,-0.6833311704,2,0
0,0,-0.3362411368,-1.955225895,1,0
0,0,-0.5716356146,-2.353944777,2,0
0,0,-0.9701426215,-3.985070069,2,0
0,0,-1.536744897,-5.66602276,0,-1
1,1,-2.246340517,-7.095956194
0,0,0,0,2,0
0,0,-0.08503801137,-0.8503801137,0,0
0,0,-0.1079687776,-0.2293076625,0,0
0,0,-0.05248646274,0.5548231488,1,0
0,0,0.01084189347,0.6332835621,2,0
0,0,-0.01260305133,-0.2344494479,0,0
0,0,0.04426327619,0.5686632751,2,0
0,0,0.03453493796,-0.09728338221,0,0
0,0,0.1097275192,0.7519258125,2,0
0,0,0.1023480594,-0.07379459786,1,0
0,0,0.118856769,0.1650870953,2,0
0,0,0.07530326701,-0.4355350195,1,0
0,0,0.04023682145,-0.3506644557,0,0
0,0,0.1065895293,0.6635270785,0,0
0,0,0.285288175,1.786986457,0,0
0,0,0.5928400223,3.075518473,2,0
0,0,0.9268488758,3.340088536,1,0
0,0,1.379850735,4.530018594,0,-1
1,1,1.984867983,6.050172476
0,0,0,0,2,0
0,0,-0.07203109479,-0.7203109479,2,0
0,0,-0.2283869669,-1.563558721,1,0
0,0,-0.4389759159,-2.105889489,0,0
0,0,-0.6432887124,-2.043127965,0,0
0,0,-0.870527251,-2.272385386,2,0
0,0,-1.266898937,-3.963716861,0,-1
1,1,-1.779057244,-5.121583073
0,0,0,0,0,0
0,0,0.08994456369,0.8994456369,0,0
0,0,0.2848959612,1.949513975,2,0
0,0,0.4569387068,1.720427456,1,0
0,0,0.6954457634,2.385070566,0,0
0,0,1.101590869,4.061451054,1,-1
1,1,1.637149989,5.355591205
0,0,0,0,0,0
0,0,0.08410581768,0.8410581768,1,0
0,0,0.1771301331,0.9302431541,1,0
0,0,0.3107177319,1.335875988,2,0
0,0,0.4044612987,0.937435668,2,0
0,0,0.4826222566,0.7816095788,2,0
0,0,0.5741297335,0.9150747691,2,0
0,0,0.6748069119,1.006771784,2,0
0,0,0.807342625,1.325357131,0,0
0,0,1.113601754,3.062591288,0,-1
1,1,1.584870411,4.712686572
0,0,0,0,0,0
0,0,0.07328898237,0.7328898237,2,0
0,0,0.06936140633,-0.03927576044,0,0
0,0,0.1784086086,1.090472023,2,0
0,0,0.238460464,0.6005185539,0,0
0,0,0.4118864339,1.734259699,0,0
0,0,0.7201408866,3.082544526,0,0
0,0,1.190526807,4.703859202,0,-1
1,1,1.816666738,6.261399312
0,0,0,0,1,0
0,0,-0.002368799056,-0.02368799056,1,0
0,0,-0.01076250556,-0.08393706507,0,0
0,0,0.05145938305,0.6222188862,2,0
0,0,0.01880850867,-0.3265087438,0,0
0,0,0.09333297488,0.7452446621,0,0
0,0,0.28660678,1.932738052,1,0
0,0,0.5337834823,2.471767023,2,0
0,0,0.7840422736,2.502587912,2,0
0,0,1.094711912,3.106696387,1,0
0,0,1.537403267,4.426913546,0,-1
1,1,2.128177453,5.907741866
0,0,0,0,1,0
0,0,-0.01735506174,-0.1735506174,1,0
0,0,-0.0353524232,-0.1799736146,0,0
0,0,0.02435270938,0.5970513258,1,0
0,0,0.09895724582,0.7460453644,0,0
0,0,0.2790119912,1.800547454,0,0
0,0,0.5993071631,3.202951719,0,0
0,0,1.080108712,4.808015491,0,-1
1,1,1.722995956,6.428872442
0,0,0,0,0,0
0,0,0.07356968216,0.7356968216,1,0
0,0,0.1434165742,0.6984689208,0,0
0,0,0.3177015861,1.742850118,0,0
0,0,0.6207973163,3.030957302,2,0
0,0,0.9317444469,3.109471306,1,0
0,0,1.353394803,4.216503561,2,-1
1,1,1.90010499,5.467101875
0,0,0,0,1,0
0,0,0.006311544953,0.06311544953,0,0
0,0,0.1143977483,1.080862033,1,0
0,0,0.2433114136,1.289136653,1,0
0,0,0.4079945411,1.646831275,1,0
0,0,0.6481806256,2.401860845,0,0
0,0,1.050236773,4.02056147,0,-1
1,1,1.620145512,5.699087395
0,0,0,0,1,0
0,0,-0.004802680122,-0.04802680122,2,0
0,0,-0.1112224754,-1.064197953,0,0
0,0,-0.1656691034,-0.54446628,1,0
0,0,-0.2474910444,-0.8182194104,0,0
0,0,-0.2727820328,-0.2529098842,2,0
0,0,-0.413586713,-1.408046802,2,0
0,0,-0.6866768418,-2.730901288,1,0
0,0,-1.04615627,-3.594794286,1,0
0,0,-1.524231327,-4.780750565,2,-1
1,1,-2.15137292,-6.271415935
0,0,0,0,1,0
0,0,0.008907944212,0.08907944212,0,0
0,0,0.1054519096,0.9654396543,2,0
0,0,0.1331688479,0.2771693822,0,0
0,0,0.2584417658,1.25272918,0,0
0,0,0.4989571023,2.405153365,0,0
0,0,0.8890932216,3.901361193,0,0
0,0,1.4480093,5.589160784,1,-1
1,1,2.147290523,6.992812234
0,0,0,0,0,0
0,0,0.07903235312,0.7903235312,0,0
0,0,0.2669794484,1.879470952,1,0
0,0,0.4895445836,2.225651352,0,0
0,0,0.8768030792,3.872584956,1,0
0,0,1.375524085,4.987210055,2,-1
1,1,1.995820684,6.20296599
0,0,0,0,2,0
0,0,-0.1055553805,-1.055553805,0,0
0,0,-0.1443251904,-0.3876980992,1,0
0,0,-0.1906805835,-0.4635539306,1,0
0,0,-0.279635205,-0.8895462152,0,0
0,0,-0.3331771582,-0.5354195316,0,0
0,0,-0.3446804532,-0.11503295,2,0
0,0,-0.4870522284,-1.423717752,1,0
0,0,-0.7149315497,-2.278793214,0,0
0,0,-0.9863896536,-2.714581038,2,0
0,0,-1.41690059,-4.30510936,2,-1
1,1,-1.998437969,-5.815373791
0,0,0,0,1,0
0,0,0.01503587026,0.1503587026,2,0
0,0,-0.04361808691,-0.5865395717,1,0
0,0,-0.1124025556,-0.6878446867,2,0
0,0,-0.2814956286,-1.69093073,1,0
0,0,-0.4948168169,-2.133211883,1,0
0,0,-0.7896866031,-2.948697862,2,0
0,0,-1.244034376,-4.54347773,1,-1
1,1,-1.828696131,-5.846617546
0,0,0,0,1,0
0,0,0.0153113754,0.153113754,0,0
0,0,0.1159056359,1.005942605,0,0
0,0,0.3072658093,1.913601733,1,0
0,0,0.5414921163,2.34226307,2,0
0,0,0.7987006851,2.572085688,0,0
0,0,1.22952358,4.308228951,2,-1
1,1,1.766195082,5.366715022
0,0,0,0,1,0
0,0,-0.009679920528,-0.09679920528,0,0
0,0,0.05299134704,0.6267126757,2,0
0,0,0.02625195114,-0.2673939591,2,0
0,0,-0.09687691496,-1.231288661,1,0
0,0,-0.2279914323,-1.311145174,1,0
0,0,-0.4021278095,-1.741363772,2,0
0,0,-0.7214266362,-3.192988267,1,0
0,0,-1.15066078,-4.292341441,1,-1
1,1,-1.712923275,-5.622624947
0,0,0,0,1,0
0,0,-0.006913362484,-0.06913362484,1,0
0,0,-0.001006093976,0.05907268509,2,0
0,0,-0.0734374838,-0.7243138982,2,0
0,0,-0.238611731,-1.651742472,2,0
0,0,-0.5438138944,-3.052021634,1,0
0,0,-0.9391530398,-3.953391454,2,0
0,0,-1.493982649,-5.548296094,0,-1
1,1,-2.187190506,-6.932078569
0,0,0,0,2,0
0,0,-0.08500926408,-0.8500926408,1,0
0,0,-0.1811682527,-0.9615898862,0,0
0,0,-0.2305146426,-0.4934638986,1,0
0,0,-0.3053165215,-0.7480187898,0,0
0,0,-0.3544478495,-0.4913132792,0,0
0,0,-0.3964454996,-0.419976501,0,0
0,0,-0.4196997139,-0.2325421432,0,0
0,0,-0.428885417,-0.09185703123,2,0
0,0,-0.5766766544,-1.477912374,2,0
0,0,-0.879082156,-3.024055016,1,0
0,0,-1.303573769,-4.244916127,2,-1
1,1,-1.887877181,-5.843034118
0,0,0,0,1,0
0,0,0.01533352778,0.1533352778,2,0
0,0,-0.06179567578,-0.7712920356,2,0
0,0,-0.2275169823,-1.657213065,2,0
0,0,-0.5037328112,-2.76215829,0,0
0,0,-0.790229767,-2.864969558,0,0
0,0,-1.121953932,-3.317241647,1,-1
1,1,-1.586010996,-4.640570642
0,0,0,0,0,0
0,0,0.07214060217,0.7214060217,1,0
0,0,0.1728552027,1.007146005,2,0
0,0,0.2014653657,0.2861016298,0,0
0,0,0.3338907664,1.324254007,1,0
0,0,0.5076375653,1.737467989,0,0
0,0,0.8336943178,3.260567524,2,0
0,0,1.220690796,3.869964787,0,-1
1,1,1.772019091,5.513282948
0,0,0,0,0,0
0,0,0.08253724096,0.8253724096,2,0
0,0,0.09991708233,0.1737984137,2,0
0,0,0.03684371336,-0.6307336897,0,0
0,0,0.07697776587,0.4013405251,1,0
0,0,0.1150578603,0.3808009446,0,0
0,0,0.2679533178,1.528954575,0,0
0,0,0.5545676199,2.866143021,2,0
0,0,0.8531730683,2.986054484,1,0
0,0,1.26807799,4.149049218,2,-1
1,1,1.790635387,5.225573968
0,0,0,0,0,0
0,0,0.09891529999,0.9891529999,0,0
0,0,0.2902121649,1.912968649,0,0
0,0,0.6278807428,3.376685779,0,0
0,0,1.108868584,4.809878407,2,-1
1,1,1.678252637,5.69384053
0,0,0,0,0,0
0,0,0.0837392585,0.837392585,0,0
0,0,0.2790829231,1.953436645,2,0
0,0,0.4399635823,1.608806592,0,0
0,0,0.7537418049,3.137782226,0,0
0,0,1.23884816,4.851063547,1,-1
1,1,1.856452167,6.176040075
0,0,0,0,2,0
0,0,-0.09900267563,-0.9900267563,2,0
0,0,-0.3161417338,-2.171390582,0,0
0,0,-0.498162292,-1.820205582,1,0
0,0,-0.7461111511,-2.479488591,0,0
0,0,-1.047859578,-3.017484271,1,0
0,0,-1.469575237,-4.217156584,0,-1
1,1,-2.028779501,-5.592042647
0,0,0,0,1,0
0,0,0.0001382379799,0.001382379799,1,0
0,0,-0.008372313584,-0.08510551563,1,0
0,0,-0.002661360196,0.05710953388,0,0
0,0,0.09371272987,0.9637409007,0,0
0,0,0.2815961371,1.878834072,0,0
0,0,0.6112921941,3.29696057,1,0
0,0,1.013199593,4.019073986,2,0
0,0,1.491415485,4.782158921,1,-1
1,1,2.114742903,6.233274179
0,0,0,0,2,0
0,0,-0.08854468462,-0.8854468462,2,0
0,0,-0.276709656,-1.881649714,2,0
0,0,-0.5962942526,-3.195845966,1,0
0,0,-0.9933358331,-3.970415805,0,0
0,0,-1.46378446,-4.704486271,0,-1
1,1,-2.068836297,-6.050518368
0,0,0,0,2,0
0,0,-0.07601634897,-0.7601634897,2,0
0,0,-0.246130835,-1.701144861,1,0
0,0,-0.4442036517,-1.980728167,2,0
0,0,-0.795562415,-3.513587634,0,0
0,0,-1.198803409,-4.032409937,2,-1
1,1,-1.755855231,-5.570518226
0,0,0,0,0,0
0,0,0.07543462256,0.7543462256,1,0
0,0,0.1801103017,1.046756791,2,0
0,0,0.2411960013,0.6108569962,0,0
0,0,0.4187587188,1.775627175,1,0
0,0,0.6484705964,2.297118776,0,0
0,0,1.028475883,3.800052863,0,-1
1,1,1.576132221,5.476563378
0,0,0,0,0,0
0,0,0.0900074828,0.900074828,0,0
0,0,0.2677188252,1.777113424,2,0
0,0,0.3907030436,1.229842184,0,0
0,0,0.6427722561,2.520692125,0,0
0,0,1.053740607,4.109683506,2,0
0,0,1.555042804,5.013021971,1,-1
1,1,2.202808495,6.477656916
0,0,0,0,1,0
0,0,-0.005292220138,-0.05292220138,1,0
0,0,-0.01830398424,-0.130117641,2,0
0,0,-0.1164820668,-0.9817808253,0,0
0,0,-0.1531840438,-0.3670197703,2,0
0,0,-0.3089805025,-1.557964587,1,0
0,0,-0.5124592335,-2.03478731,0,0
0,0,-0.7282189955,-2.15759762,1,0
0,0,-1.036669749,-3.084507535,1,0
0,0,-1.467368004,-4.306982547,0,-1
1,1,-2.033991902,-5.666238984
0,0,0,0,1,0
0,0,-0.01642119092,-0.1642119092,0,0
0,0,0.04707460718,0.634957981,0,0
0,0,0.2049823558,1.579077486,1,0
0,0,0.3990136096,1.940312539,2,0
0,0,0.5664784687,1.67464859,1,0
0,0,0.8273231525,2.608446838,0,0
0,0,1.262427833,4.351046807,0,-1
1,1,1.853799446,5.913716128
0,0,0,0,2,0
0,0,-0.08770014429,-0.8770014429,2,0
0,0,-0.2801647336,-1.924645893,2,0
0,0,-0.6007358833,-3.205711497,1,0
0,0,-0.9993162038,-3.985803205,1,0
0,0,-1.51555594,-5.16239736,0,-1
1,1,-2.172441593,-6.568856532
0,0,0,0,2,0
0,0,-0.09565328508,-0.9565328508,0,0
0,0,-0.1297485581,-0.3409527302,1,0
0,0,-0.1968804008,-0.6713184273,0,0
0,0,-0.2141339331,-0.1725353227,0,0
0,0,-0.1967794475,0.1735448565,2,0
0,0,-0.2848566407,-0.8807719328,1,0
0,0,-0.4290648958,-1.442082551,2,0
0,0,-0.72828251,-2.992176141,0,0
0,0,-1.063422748,-3.351402379,1,0
0,0,-1.523097338,-4.596745904,2,-1
1,1,-2.131336743,-6.082394051
0,0,0,0,0,0
0,0,0.07626890796,0.7626890796,1,0
0,0,0.1658185551,0.8954964718,1,0
0,0,0.2999587879,1.341402327,2,0
0,0,0.4033330662,1.033742784,1,0
0,0,0.5572990036,1.539659374,1,0
0,0,0.7942499697,2.369509661,2,0
0,0,1.086382796,2.921328267,2,0
0,0,1.476006074,3.896232779,0,-1
1,1,2.017209044,5.412029699
0,0,0,0,1,0
0,0,-0.0149342637,-0.149342637,0,0
0,0,0.05106938765,0.6600365135,1,0
0,0,0.1085910221,0.5752163445,1,0
0,0,0.1827790487,0.7418802658,1,0
0,0,0.2834421642,1.006631156,1,0
0,0,0.4459168033,1.62474639,1,0
0,0,0.6778065418,2.318897385,0,0
0,0,1.079141501,4.013349592,2,-1
1,1,1.571280392,4.921388908
0,0,0,0,2,0
0,0,-0.1047310109,-1.047310109,2,0
0,0,-0.3043830299,-1.996520191,1,0
0,0,-0.5641301702,-2.597471403,0,0
0,0,-0.8372099344,-2.730797642,2,0
0,0,-1.280727863,-4.435179283,2,-1
1,1,-1.883636054,-6.029081915
0,0,0,0,0,0
0,0,0.08572160673,0.8572160673,0,0
0,0,0.2762251167,1.9050351,2,0
0,0,0.4300328516,1.538077348,1,0
0,0,0.6609749037,2.309420522,0,0
0,0,1.050511017,3.89536113,2,0
0,0,1.530205518,4.796945014,0,-1
1,1,2.158771465,6.285659469
0,0,0,0,0,0
0,0,0.08428884603,0.8428884603,1,0
0,0,0.2000772882,1.157884421,0,0
0,0,0.4241031902,2.240259021,0,0
0,0,0.7978665936,3.737634034,2,0
0,0,1.22290083,4.250342363,2,-1
1,1,1.756369508,5.334686776
0,0,0,0,2,0
0,0,-0.07877388039,-0.7877388039,2,0
0,0,-0.2756882725,-1.969143921,2,0
0,0,-0.5891695096,-3.134812371,1,0
0,0,-0.996393456,-4.072239463,0,0
0,0,-1.479184394,-4.827909385,1,-1
1,1,-2.104416957,-6.252325623
0,0,0,0,2,0
0,0,-0.0718025523,-0.718025523,2,0
0,0,-0.2608131488,-1.890105965,1,0
0,0,-0.4994411421,-2.386279933,2,0
0,0,-0.9021855581,-4.02744416,1,0
0,0,-1.423417064,-5.212315061,2,-1
1,1,-2.09696061,-6.735435454
0,0,0,0,0,0
0,0,0.09199004516,0.9199004516,0,0
0,0,0.286160052,1.941700068,0,0
0,0,0.6238107124,3.376506605,2,0
0,0,0.9710366041,3.472258916,2,0
0,0,1.394004969,4.229683645,0,-1
1,1,1.969045911,5.750409424
0,0,0,0,0,0
0,0,0.09319563909,0.9319563909,2,0
0,0,0.1184121408,0.2521650176,1,0
0,0,0.1479842922,0.2957215134,2,0
0,0,0.1039240276,-0.4406026461,1,0
0,0,0.09000668481,-0.1391734275,1,0
0,0,0.07699845495,-0.1300822987,0,0
0,0,0.1778276048,1.008291498,2,0
0,0,0.22778767,0.4996006526,1,0
0,0,0.3122149181,0.8442724805,2,0
0,0,0.3662842428,0.5406932475,2,0
0,0,0.4038365754,0.3755233262,2,0
0,0,0.4138873736,0.1005079812,0,0
0,0,0.5645674568,1.506800832,1,0
0,0,0.7879297436,2.233622868,0,0
0,0,1.181354676,3.93424932,0,-1
1,1,1.7362085,5.548538242
0,0,0,0,2,0
0,0,-0.08358837472,-0.8358837472,2,0
0,0,-0.2731972868,-1.896089121,2,0
0,0,-0.5860056596,-3.128083728,2,0
0,0,-1.061446179,-4.754405193,1,-1
1,1,-1.657932253,-5.964860742
0,0,0,0,2,0
0,0,-0.09602091065,-0.9602091065,2,0
0,0,-0.3039544631,-2.079335525,0,0
0,0,-0.4683847404,-1.644302773,0,0
0,0,-0.6389688469,-1.705841065,1,0
0,0,-0.9067133016,-2.677444547,0,0
0,0,-1.236015787,-3.293024856,0,-1
1,1,-1.678473786,-4.424579989
0,0,0,0,1,0
0,0,0.01310416571,0.1310416571,1,0
0,0,0.028136654,0.1503248829,2,0
0,0,-0.03426103664,-0.6239769063,1,0
0,0,-0.1146844226,-0.8042338601,1,0
0,0,-0.2193949063,-1.047104837,2,0
0,0,-0.4463306037,-2.269356973,1,0
0,0,-0.7455706411,-2.992400375,1,0
0,0,-1.134133447,-3.885628062,0,-1
1,1,-1.622200625,-4.880671772
0,0,0,0,1,0
0,0,0.01411275437,0.1411275437,2,0
0,0,-0.0643581472,-0.7847090158,2,0
0,0,-0.2376822908,-1.733241436,1,0
0,0,-0.4407335108,-2.0305122,0,0
0,0,-0.6251926903,-1.844591795,2,0
0,0,-0.9715090273,-3.46316337,1,0
0,0,-1.433711621,-4.622025932,0,-1
1,1,-2.028063849,-5.943522288
0,0,0,0,2,0
0,0,-0.0740760767,-0.740760767,1,0
0,0,-0.171994042,-0.9791796527,0,0
0,0,-0.2281865551,-0.5619251317,1,0
0,0,-0.3362097887,-1.080232335,1,0
0,0,-0.514546644,-1.783368553,2,0
0,0,-0.8381527019,-3.236060579,1,0
0,0,-1.271335406,-4.331827043,0,-1
1,1,-1.813911312,-5.425759056
0,0,0,0,1,0
0,0,-0.01227262945,-0.1227262945,2,0
0,0,-0.1103879457,-0.9811531621,0,0
0,0,-0.1545313618,-0.4414341613,2,0
0,0,-0.3017058394,-1.471744776,2,0
0,0,-0.5654499838,-2.637441444,2,0
0,0,-0.98914946,-4.236994762,0,0
0,0,-1.479230152,-4.900806917,0,-1
1,1,-2.106036534,-6.268063825
0,0,0,0,2,0
0,0,-0.07243077598,-0.7243077598,2,0
0,0,-0.2521898536,-1.797590777,2,0
0,0,-0.5560519737,-3.038621201,0,0
0,0,-0.8760674401,-3.200154663,1,0
0,0,-1.317970749,-4.41903309,1,-1
1,1,-1.899636129,-5.816653804
0,0,0,0,2,0
0,0,-0.08399332716,-0.8399332716,0,0
0,0,-0.1057241283,-0.2173080113,0,0
0,0,-0.06964786197,0.3607626632,2,0
0,0,-0.1326203147,-0.6297245274,0,0
0,0,-0.1205714364,0.120488783,2,0
0,0,-0.2322143565,-1.116429201,2,0
0,0,-0.4597817395,-2.27567383,1,0
0,0,-0.7610124663,-3.012307268,0,0
0,0,-1.108460996,-3.474485296,1,-1
1,1,-1.580433259,-4.719722635
0,0,0,0,1,0
0,0,0.003029221607,0.03029221607,1,0
0,0,0.02338660638,0.2035738477,2,0
0,0,-0.02316129922,-0.465479056,0,0
0,0,0.02791062355,0.5107192276,2,0
0,0,0.004694542264,-0.2321608128,2,0
0,0,-0.1197019962,-1.243965384,0,0
0,0,-0.1777289303,-0.5802693409,2,0
0,0,-0.3445135791,-1.667846488,2,0
0,0,-0.6601487976,-3.156352184,1,0
0,0,-1.062564368,-4.024155704,0,0
0,0,-1.544116449,-4.815520809,0,-1
1,1,-2.170001025,-6.258845759
0,0,0,0,1,0
0,0,-0.01106173217,-0.1106173217,1,0
0,0,-0.03471806556,-0.236563334,1,0
0,0,-0.06132298406,-0.266049185,1,0
0,0,-0.087917969,-0.2659498494,1,0
0,0,-0.1301002533,-0.4218228431,1,0
0,0,-0.2018246047,-0.7172435143,2,0
0,0,-0.3925206017,-1.906959969,1,0
0,0,-0.6436544645,-2.511338628,1,0
0,0,-1.000134309,-3.56479844,2,0
0,0,-1.515905645,-5.157713369,0,-1
1,1,-2.172034772,-6.561291261
0,0,0,0,1,0
0,0,-0.008787909378,-0.08787909378,0,0
0,0,0.08463474442,0.934226538,1,0
0,0,0.181345826,0.9671108162,2,0
0,0,0.239396907,0.5805108096,1,0
0,0,0.346658038,1.07261131,0,0
0,0,0.5841725152,2.375144772,1,0
0,0,0.9139755184,3.298030032,1,0
0,0,1.355805902,4.418303838,2,-1
1,1,1.921801202,5.659952994
0,0,0,0,0,0
0,0,0.09727200005,0.9727200005,2,0
0,0,0.1205470177,0.2327501762,1,0
0,0,0.1493683998,0.2882138218,2,0
0,0,0.1269972588,-0.2237114104,2,0
0,0,0.04087464493,-0.8612261387,1,0
0,0,-0.04324165242,-0.8411629735,1,0
0,0,-0.1403746704,-0.97133018,0,0
0,0,-0.1755234201,-0.3514874966,0,0
0,0,-0.1456776842,0.2984573586,0,0
0,0,-0.04383378864,1.018438956,2,0
0,0,-0.02002551451,0.2380827413,2,0
0,0,-0.09781687457,-0.7779136005,0,0
0,0,-0.1086305832,-0.1081370868,0,0
0,0,-0.04204123539,0.6658934785,1,0
0,0,0.02299301607,0.6503425146,2,0
0,0,-0.005528964119,-0.2852198019,1,0
0,0,-0.04173734846,-0.3620838434,1,0
0,0,-0.09478195437,-0.5304460591,2,0
0,0,-0.2596160077,-1.648340534,1,0
0,0,-0.4532622118,-1.93646204,0,0
0,0,-0.6359153117,-1.826530999,1,0
0,0,-0.9144545891,-2.785392774,0,0
0,0,-1.263321846,-3.488672573,0,-1
1,1,-1.723800037,-4.604781902
0,0,0,0,2,0
0,0,-0.0840193261,-0.840193261,2,0
0,0,-0.2704118474,-1.863925213,1,0
0,0,-0.4850865114,-2.14674664,1,0
0,0,-0.7671737817,-2.820872702,1,0
0,0,-1.14221656,-3.750427782,0,-1
1,1,-1.617499332,-4.752827721
0,0,0,0,2,0
0,0,-0.07353344872,-0.7353344872,0,0
0,0,-0.0643353724,0.09198076318,1,0
0,0,-0.06053990977,0.03795462633,0,0
0,0,0.02177351299,0.8231342276,2,0
0,0,0.00203491633,-0.1973859666,2,0
0,0,-0.1011039599,-1.031388763,1,0
0,0,-0.2281930491,-1.270890892,1,0
0,0,-0.4100321998,-1.818391506,0,0
0,0,-0.5792141205,-1.691819207,2,0
0,0,-0.8990758905,-3.1986177,1,0
0,0,-1.326001489,-4.269255987,2,-1
1,1,-1.909815155,-5.838136655
0,0,0,0,2,0
0,0,-0.09850202785,-0.9850202785,2,0
0,0,-0.3039196369,-2.054176091,0,0
0,0,-0.4660605895,-1.621409525,0,0
0,0,-0.619779375,-1.537187855,2,0
0,0,-0.9289262083,-3.091468333,0,0
0,0,-1.30077891,-3.718527021,0,-1
1,1,-1.790109274,-4.893303638
0,0,0,0,1,0
0,0,-0.004202961804,-0.04202961804,0,0
0,0,0.0768514512,0.81054413,2,0
0,0,0.06755211518,-0.09299336014,2,0
0,0,-0.02449085173,-0.9204296692,1,0
0,0,-0.1252696898,-1.007788381,0,0
0,0,-0.1680653351,-0.4279564535,1,0
0,0,-0.2414077305,-0.7334239537,0,0
0,0,-0.2816693454,-0.402616149,1,0
0,0,-0.364197775,-0.8252842955,0,0
0,0,-0.4234822518,-0.5928447683,2,0
0,0,-0.6221804873,-1.986982355,2,0
0,0,-0.9884511922,-3.662707049,1,0
0,0,-1.46918537,-4.807341777,2,-1
1,1,-2.099017956,-6.29832586
0,0,0,0,1,0
0,0,-0.008948152022,-0.08948152022,0,0
0,0,0.06102509492,0.6997324694,2,0
0,0,0.06365530723,0.02630212308,0,0
0,0,0.1750336706,1.113783634,0,0
0,0,0.4057542275,2.307205569,0,0
0,0,0.7919077915,3.86153564,0,0
0,0,1.327214558,5.353067663,1,-1
1,1,1.998057224,6.708426657
0,0,0,0,2,0
0,0,-0.09007424121,-0.9007424121,0,0
0,0,-0.1004479329,-0.1037369168,1,0
0,0,-0.1371839448,-0.3673601188,1,0
0,0,-0.1997080793,-0.6252413447,0,0
0,0,-0.1932359103,0.06472168924,2,0
0,0,-0.299924663,-1.066887526,1,0
0,0,-0.4550830686,-1.551584056,1,0
0,0,-0.6784699765,-2.23386908,1,0
0,0,-1.011599773,-3.331297969,0,0
0,0,-1.426757441,-4.151576675,1,-1
1,1,-1.985303591,-5.585461503
0,0,0,0,2,0
0,0,-0.1056416374,-1.056416374,0,0
0,0,-0.1472233793,-0.4158174188,0,0
0,0,-0.1118207367,0.3540264265,0,0
0,0,-0.01782613802,0.9399459865,0,0
0,0,0.1574411604,1.752672984,1,0
0,0,0.3443982265,1.869570661,1,0
0,0,0.602923916,2.585256895,0,0
0,0,1.009155772,4.062318563,2,0
0,0,1.489675861,4.805200892,1,-1
1,1,2.113582539,6.239066772
0,0,0,0,1,0
0,0,-0.01051424143,-0.1051424143,1,0
0,0,-0.03287371191,-0.2235947048,1,0
0,0,-0.04533525811,-0.124615462,2,0
0,0,-0.160602568,-1.152673099,2,0
0,0,-0.3904207154,-2.298181473,1,0
0,0,-0.6722910572,-2.818703418,2,0
0,0,-1.118614717,-4.463236594,1,-1
1,1,-1.687906489,-5.692917728
0,0,0,0,1,0
0,0,-0.002033254275,-0.02033254275,2,0
0,0,-0.09817019865,-0.9613694438,0,0
0,0,-0.1143744602,-0.1620426154,2,0
0,0,-0.2389276945,-1.245532343,0,0
0,0,-0.3116853091,-0.7275761464,1,0
0,0,-0.4485159909,-1.368306818,0,0
0,0,-0.5811335318,-1.326175409,1,0
0,0,-0.7983004157,-2.171668838,1,0
0,0,-1.124797276,-3.264968605,1,-1
1,1,-1.584311423,-4.595141468
0,0,0,0,2,0
0,0,-0.07096708469,-0.7096708469,0,0
0,0,-0.05455360296,0.1641348173,2,0
0,0,-0.1445863695,-0.9003276659,0,0
0,0,-0.1585763103,-0.1398994073,1,0
0,0,-0.2047288699,-0.4615255961,0,0
0,0,-0.2167917103,-0.1206284039,0,0
0,0,-0.1739587693,0.4283294095,2,0
0,0,-0.2613119903,-0.8735322095,1,0
0,0,-0.4044243121,-1.431123218,0,0
0,0,-0.5486898393,-1.442655272,2,0
0,0,-0.8595859694,-3.108961301,0,0
0,0,-1.234173557,-3.745875876,2,-1
1,1,-1.767000724,-5.328271668
0,0,0,0,2,0
0,0,-0.07578805474,-0.7578805474,1,0
0,0,-0.1816746208,-1.05886566,1,0
0,0,-0.3028605335,-1.211859127,1,0
0,0,-0.4599436761,-1.570831427,1,0
0,0,-0.6822788729,-2.223351967,0,0
0,0,-0.9338517559,-2.51572883,0,0
0,0,-1.26360829,-3.297565344,2,-1
1,1,-1.75785495,-4.942466595
0,0,0,0,2,0
0,0,-0.08682942267,-0.8682942267,1,0
0,0,-0.1783510547,-0.9152163202,0,0
0,0,-0.1981402577,-0.1978920298,1,0
0,0,-0.2425347966,-0.443945389,0,0
0,0,-0.2477222277,-0.05187431129,2,0
0,0,-0.364743903,-1.170216753,2,0
0,0,-0.623609299,-2.58865396,1,0
0,0,-0.9781595805,-3.545502815,2,0
0,0,-1.492300773,-5.141411929,0,-1
1,1,-2.143930239,-6.516294657
0,0,0,0,1,0
0,0,-0.01543280672,-0.1543280672,0,0
0,0,0.04724404112,0.6267684784,0,0
0,0,0.2094940405,1.622499994,0,0
0,0,0.5082379849,2.987439444,0,0
0,0,0.9531467232,4.449087383,1,0
0,0,1.510988081,5.578413578,2,-1
1,1,2.208843912,6.978558314
0,0,0,0,2,0
0,0,-0.09493007977,-0.9493007977,0,0
0,0,-0.1055659221,-0.1063584235,1,0
0,0,-0.1337473456,-0.2818142349,0,0
0,0,-0.09633657562,0.3741076999,1,0
0,0,-0.07886391716,0.1747265846,2,0
0,0,-0.1677435234,-0.8887960628,2,0
0,0,-0.3625954815,-1.948519581,1,0
0,0,-0.6161762523,-2.535807708,2,0
0,0,-1.034028692,-4.178524397,0,0
0,0,-1.534768607,-5.00739915,2,-1
1,1,-2.18425253,-6.494839229
0,0,0,0,1,0
0,0,-0.01312931558,-0.1312931558,2,0
0,0,-0.1237914905,-1.106621749,2,0
0,0,-0.3453110445,-2.21519554,2,0
0,0,-0.6997368421,-3.544257976,1,0
0,0,-1.141181473,-4.414446308,1,-1
1,1,-1.712945908,-5.717644354
0,0,0,0,2,0
0,0,-0.08885307627,-0.8885307627,1,0
0,0,-0.1773815396,-0.8852846336,1,0
0,0,-0.2789116671,-1.015301274,1,0
0,0,-0.4295790513,-1.506673842,1,0
0,0,-0.6639815721,-2.344025208,2,0
0,0,-1.063847477,-3.998659048,2,-1
1,1,-1.627179041,-5.63331564
0,0,0,0,1,0
0,0,0.003421012465,0.03421012465,0,0
0,0,0.104800228,1.013792155,2,0
0,0,0.1319149509,0.271147229,1,0
0,0,0.1955233767,0.6360842582,1,0
0,0,0.2813068405,0.8578346375,1,0
0,0,0.4228215775,1.415147371,1,0
0,0,0.6403820919,2.175605143,0,0
0,0,1.011260799,3.708787075,2,0
0,0,1.457252544,4.45991745,2,-1
1,1,2.03673376,5.794812159
0,0,0,0,1,0
0,0,-0.00318399326,-0.0318399326,2,0
0,0,-0.1002018555,-0.9701786224,1,0
0,0,-0.218200212,-1.179983565,2,0
0,0,-0.4643277285,-2.461275165,0,0
0,0,-0.7165766617,-2.522489332,1,0
0,0,-1.072423833,-3.558471714,0,0
0,0,-1.517529779,-4.451059463,2,-1
1,1,-2.111910059,-5.943802798
0,0,0,0,2,0
0,0,-0.09676613357,-0.9676613357,0,0
0,0,-0.1338385338,-0.3707240026,1,0
0,0,-0.1979627001,-0.6412416629,1,0
0,0,-0.3126480628,-1.146853627,1,0
0,0,-0.47045711,-1.578090471,0,0
0,0,-0.6191226911,-1.486655811,1,0
0,0,-0.853189145,-2.34066454,0,0
0,0,-1.141314901,-2.881257556,1,0
0,0,-1.562508065,-4.211931647,0,-1
1,1,-2.129866488,-5.673584229
0,0,0,0,0,0
0,0,0.1016333632,1.016333632,0,0
0,0,0.2987407467,1.971073834,2,0
0,0,0.4573181718,1.585774251,0,0
0,0,0.7663520371,3.090338653,0,0
0,0,1.235056466,4.687044288,1,-1
1,1,1.83428435,5.992278839
0,0,0,0,0,0
0,0,0.09815664095,0.9815664095,0,0
0,0,0.2845249469,1.86368306,0,0
0,0,0.6037112622,3.191863153,2,0
0,0,0.9502804844,3.465692222,1,0
0,0,1.40561009,4.553296054,1,-1
1,1,2.00147615,5.958660602
0,0,0,0,0,0
0,0,0.09209494477,0.9209494477,2,0
0,0,0.1068210098,0.1472606503,2,0
0,0,0.04828414598,-0.5853686382,1,0
0,0,0.003432258878,-0.448518871,1,0
0,0,-0.03779060396,-0.4122286284,1,0
0,0,-0.084686314,-0.4689571004,0,0
0,0,-0.06157842606,0.2310788795,1,0
0,0,-0.04050747409,0.2107095196,0,0
0,0,0.07906770612,1.195751802,0,0
0,0,0.3081420469,2.290743408,0,0
0,0,0.6828360036,3.746939567,2,0
0,0,1.074934096,3.920980921,1,-1
1,1,1.584305339,5.093712433
0,0,0,0,2,0
0,0,-0.07717584852,-0.7717584852,2,0
0,0,-0.254707788,-1.775319395,2,0
0,0,-0.5680206349,-3.133128469,0,0
0,0,-0.8970909523,-3.290703174,0,0
0,0,-1.296118233,-3.990272807,0,-1
1,1,-1.814745716,-5.186274825
0,0,0,0,1,0
0,0,-0.01134907719,-0.1134907719,0,0
0,0,0.05440973564,0.6575881283,0,0
0,0,0.2271024526,1.72692717,2,0
0,0,0.3508526317,1.237501791,0,0
0,0,0.5981489855,2.472963538,1,0
0,0,0.9309544887,3.328055032,1,0
0,0,1.376847398,4.458929088,2,-1
1,1,1.949783454,5.729360568
0,0,0,0,2,0
0,0,-0.1000320532,-1.000320532,2,0
0,0,-0.3155424709,-2.155104178,1,0
0,0,-0.5678725995,-2.523301286,1,0
0,0,-0.8919650562,-3.240924567,2,0
0,0,-1.37657161,-4.846065537,2,-1
1,1,-2.013244592,-6.366729817
0,0,0,0,0,0
0,0,0.07582037785,0.7582037785,1,0
0,0,0.1740671338,0.9824675597,1,0
0,0,0.2942449366,1.201778028,1,0
0,0,0.457956559,1.637116224,1,0
0,0,0.684521125,2.26564566,2,0
0,0,0.9389095472,2.543884222,1,0
0,0,1.321879927,3.829703795,1,-1
1,1,1.842246353,5.203664266
0,0,0,0,0,0
0,0,0.08005883358,0.8005883358,0,0
0,0,0.2566590584,1.766002249,1,0
0,0,0.4806113057,2.239522473,0,0
0,0,0.8609901895,3.803788838,0,0
0,0,1.394155573,5.331653831,1,-1
1,1,2.064010018,6.698544458
0,0,0,0,0,0
0,0,0.1015027449,1.015027449,0,0
0,0,0.2914980375,1.899952925,2,0
0,0,0.4591508984,1.67652861,1,0
0,0,0.6917362594,2.32585361,1,0
0,0,1.034818651,3.430823916,1,0
0,0,1.508370557,4.735519056,0,-1
1,1,2.130936661,6.225661042
0,0,0,0,0,0
0,0,0.07543694914,0.7543694914,1,0
0,0,0.1811743127,1.057373635,2,0
0,0,0.2316086692,0.5043435653,0,0
0,0,0.4040835228,1.724748536,1,0
0,0,0.6375143935,2.334308707,2,0
0,0,0.9064254571,2.689110636,1,0
0,0,1.286374275,3.799488181,1,-1
1,1,1.80541299,5.190387152
0,0,0,0,2,0
0,0,-0.07362014796,-0.7362014796,0,0
0,0,-0.05528189948,0.1833824847,1,0
0,0,-0.05022419685,0.05057702632,0,0
0,0,0.04675855492,0.9698275177,0,0
0,0,0.2296493892,1.828908343,1,0
0,0,0.464041521,2.343921318,2,0
0,0,0.6928511707,2.288096497,0,0
0,0,1.086349314,3.93498143,2,-1
1,1,1.573403889,4.870545758
0,0,0,0,1,0
0,0,0.002003016197,0.02003016197,0,0
0,0,0.09866998567,0.9666696948,2,0
0,0,0.1122485921,0.1357860639,1,0
0,0,0.1475533712,0.353047791,1,0
0,0,0.224176678,0.7662330688,0,0
0,0,0.4399561351,2.157794571,2,0
0,0,0.659611127,2.196549919,2,0
0,0,0.9221076351,2.62496508,1,0
0,0,1.29419678,3.720891445,0,-1
1,1,1.828196711,5.33999931
0,0,0,0,1,0
0,0,0.006156737575,0.06156737575,1,0
0,0,0.02470935148,0.185526139,1,0
0,0,0.03109830833,0.0638895685,0,0
0,0,0.1189135504,0.8781524204,1,0
0,0,0.2339427629,1.150292126,1,0
0,0,0.3776816896,1.437389267,1,0
0,0,0.5843147117,2.066330221,0,0
0,0,0.9462036137,3.618889019,0,0
0,0,1.471433798,5.252301845,1,-1
1,1,2.138272522,6.66838724
0,0,0,0,0,0
0,0,0.1031137854,1.031137854,1,0
0,0,0.2313759025,1.282621171,0,0
0,0,0.4722063136,2.408304112,0,0
0,0,0.868157084,3.959507704,2,0
0,0,1.327430696,4.592736123,1,-1
1,1,1.920061758,5.926310616
0,0,0,0,2,0
0,0,-0.07111080085,-0.7111080085,1,0
0,0,-0.1493349002,-0.7822409935,0,0
0,0,-0.1558797311,-0.06544830902,1,0
0,0,-0.180029418,-0.2414968691,2,0
0,0,-0.3088979211,-1.288685031,1,0
0,0,-0.5005593101,-1.916613891,2,0
0,0,-0.834897055,-3.343377449,0,0
0,0,-1.224477558,-3.895805033,2,-1
1,1,-1.774628667,-5.50151109
0,0,0,0,2,0
0,0,-0.08164072646,-0.8164072646,2,0
0,0,-0.268650594,-1.870098675,1,0
0,0,-0.4984711654,-2.298205714,1,0
0,0,-0.8118124784,-3.133413131,1,0
0,0,-1.228730768,-4.169182893,2,-1
1,1,-1.800367808,-5.716370406
0,0,0,0,1,0
0,0,-0.01340246739,-0.1340246739,0,0
0,0,0.05152461249,0.6492707987,1,0
0,0,0.1321667207,0.8064210821,0,0
0,0,0.3081583274,1.759916067,2,0
0,0,0.4519428513,1.437845239,1,0
0,0,0.673026403,2.210835517,0,0
0,0,1.065165186,3.921387828,2,0
0,0,1.538264927,4.730997414,0,-1
1,1,2.159606094,6.213411665
0,0,0,0,2,0
0,0,-0.09907252334,-0.9907252334,0,0
0,0,-0.1110197963,-0.1194727296,0,0
0,0,-0.05659271114,0.5442708516,1,0
0,0,-0.010373119,0.4621959214,0,0
0,0,0.1115734809,1.219465999,2,0
0,0,0.173467999,0.6189451802,0,0
0,0,0.3462172861,1.727492871,2,0
0,0,0.4838216428,1.376043567,0,0
0,0,0.7842384237,3.004167809,0,0
0,0,1.243818158,4.595797342,0,-1
1,1,1.863470079,6.196519207
0,0,0,0,2,0
0,0,-0.08809378395,-0.8809378395,2,0
0,0,-0.2717071639,-1.836133799,0,0
0,0,-0.4104657248,-1.387585609,1,0
0,0,-0.6145132807,-2.040475559,0,0
0,0,-0.8545240881,-2.400108074,1,0
0,0,-1.201868638,-3.473445503,2,-1
1,1,-1.709327184,-5.074585452
0,0,0,0,2,0
0,0,-0.08493701649,-0.8493701649,1,0
0,0,-0.1854795928,-1.005425763,1,0
0,0,-0.3220714189,-1.365918261,1,0
0,0,-0.504905752,-1.828343331,2,0
0,0,-0.8487762348,-3.438704828,2,0
0,0,-1.362870153,-5.140939182,0,-1
1,1,-1.997005206,-6.341350526
0,0,0,0,0,0
0,0,0.09179126024,0.9179126024,1,0
0,0,0.2065956713,1.148044111,1,0
0,0,0.3673715326,1.607758613,2,0
0,0,0.5166255192,1.492539866,1,0
0,0,0.74221285,2.255873308,0,0
0,0,1.143344451,4.011316011,2,-1
1,1,1.639196812,4.958523613
0,0,0,0,2,0
0,0,-0.09581652987,-0.9581652987,1,0
0,0,-0.1932547394,-0.974382095,1,0
0,0,-0.3100542867,-1.167995473,1,0
0,0,-0.4770543237,-1.67000037,0,0
0,0,-0.6568687845,-1.798144609,0,0
0,0,-0.8802600245,-2.2339124,2,0
0,0,-1.269941901,-3.89681877,2,-1
1,1,-1.817510963,-5.47569062
0,0,0,0,0,0
0,0,0.09593293302,0.9593293302,0,0
0,0,0.3130811478,2.171482148,1,0
0,0,0.5778537297,2.64772582,0,0
0,0,0.998329937,4.204762073,1,0
0,0,1.535055975,5.367260383,0,-1
1,1,2.220358845,6.853028695
0,0,0,0,0,0
0,0,0.07561348093,0.7561348093,2,0
0,0,0.06393005928,-0.1168342165,1,0
0,0,0.0494362697,-0.1449378958,0,0
0,0,0.1367957888,0.8735951915,0,0
0,0,0.3494299754,2.126341865,0,0
0,0,0.7122290019,3.627990266,2,0
0,0,1.096766329,3.845373267,2,0
0,0,1.570420739,4.736544107,2,-1
1,1,2.19103564,6.206149006
0,0,0,0,0,0
0,0,0.08537263792,0.8537263792,2,0
0,0,0.1013076551,0.1593501716,2,0
0,0,0.03278401481,-0.6852364028,2,0
0,0,-0.1266413109,-1.594253257,2,0
0,0,-0.3971896995,-2.705483886,0,0
0,0,-0.6625306427,-2.653409431,1,0
0,0,-1.033674624,-3.711439812,1,0
0,0,-1.528836243,-4.951616188,0,-1
1,1,-2.166590718,-6.377544749
0,0,0,0,2,0
0,0,-0.07171746897,-0.7171746897,2,0
0,0,-0.2407127275,-1.689952585,0,0
0,0,-0.3606405907,-1.199278632,2,0
0,0,-0.6177353774,-2.570947867,2,0
0,0,-1.044218697,-4.264833201,1,-1
1,1,-1.59126117,-5.470424724
0,0,0,0,2,0
0,0,-0.07115598468,-0.7115598468,2,0
0,0,-0.2362416187,-1.65085634,0,0
0,0,-0.3621828124,-1.259411937,0,0
0,0,-0.4653312951,-1.031484827,0,0
0,0,-0.5803251651,-1.1499387,2,0
0,0,-0.8538388413,-2.735136762,1,0
0,0,-1.236279702,-3.824408603,2,-1
1,1,-1.776497836,-5.402181346
0,0,0,0,0,0
0,0,0.1056070713,1.056070713,2,0
0,0,0.1359857649,0.3037869352,0,0
0,0,0.2746234486,1.386376838,0,0
0,0,0.5515595409,2.769360923,2,0
0,0,0.8514913202,2.999317793,2,0
0,0,1.208227243,3.567359229,1,-1
1,1,1.69539034,4.871630965
0,0,0,0,2,0
0,0,-0.07505059592,-0.7505059592,1,0
0,0,-0.1517128169,-0.76662221,0,0
0,0,-0.1576787334,-0.05965916456,1,0
0,0,-0.1879316822,-0.3025294883,2,0
0,0,-0.3245493394,-1.366176572,0,0
0,0,-0.4328103034,-1.08260964,2,0
0,0,-0.6866458155,-2.538355122,2,0
0,0,-1.112087682,-4.254418668,2,-1
1,1,-1.69497359,-5.828859081
0,0,0,0,1,0
0,0,0.01574543456,0.1574543456,2,0
0,0,-0.06845041022,-0.8419584478,1,0
0,0,-0.1601480431,-0.9169763289,0,0
0,0,-0.197319931,-0.3717188791,0,0
0,0,-0.1992728712,-0.01952940172,2,0
0,0,-0.3083259965,-1.090531253,2,0
0,0,-0.5587893144,-2.504633179,2,0
0,0,-0.9763062147,-4.175169002,1,0
0,0,-1.508666777,-5.323605624,0,-1
1,1,-2.180991499,-6.723247217
0,0,0,0,2,0
0,0,-0.09008130084,-0.9008130084,0,0
0,0,-0.1146641103,-0.2458280949,0,0
0,0,-0.08296112796,0.3170298236,1,0
0,0,-0.05382304691,0.2913808105,2,0
0,0,-0.1317997178,-0.7797667094,0,0
0,0,-0.1597436591,-0.2794394126,1,0
0,0,-0.2060138676,-0.4627020847,1,0
0,0,-0.2795611617,-0.7354729408,2,0
0,0,-0.488558276,-2.089971144,2,0
0,0,-0.8535111498,-3.649528738,2,0
0,0,-1.374802821,-5.21291671,1,-1
1,1,-2.036164537,-6.613617167
0,0,0,0,1,0
0,0,0.002774364131,0.02774364131,2,0
0,0,-0.09633286349,-0.9910722762,1,0
0,0,-0.2073086396,-1.109757761,1,0
0,0,-0.3623236946,-1.55015055,0,0
0,0,-0.4834196195,-1.210959248,0,0
0,0,-0.597891347,-1.144717275,2,0
0,0,-0.8591456345,-2.612542875,0,0
0,0,-1.176581386,-3.174357515,1,-1
1,1,-1.626010081,-4.494286951
0,0,0,0,1,0
0,0,0.005572856297,0.05572856297,0,0
0,0,0.08289605293,0.7732319663,1,0
0,0,0.1672952868,0.8439923384,1,0
0,0,0.2958091218,1.28513835,2,0
0,0,0.3777960236,0.8198690181,0,0
0,0,0.616740027,2.389440034,1,0
0,0,0.9323152959,3.155752689,0,0
0,0,1.409374524,4.770592282,1,-1
1,1,2.027700003,6.183254791
0,0,0,0,2,0
0,0,-0.08078344856,-0.8078344856,1,0
0,0,-0.1927580794,-1.119746309,1,0
0,0,-0.3382613939,-1.455033144,1,0
0,0,-0.5398892249,-2.01627831,0,0
0,0,-0.7413348306,-2.014456058,0,0
0,0,-0.9755712498,-2.342364192,1,0
0,0,-1.32764554,-3.520742905,2,-1
1,1,-1.840686049,-5.130405085
0,0,0,0,0,0
0,0,0.0851085054,0.851085054,2,0
0,0,0.08811908289,0.03010577491,0,0
0,0,0.1944422843,1.063232014,1,0
0,0,0.3435831921,1.491409078,0,0
0,0,0.6351820327,2.915988405,0,0
0,0,1.076071172,4.408891397,1,-1
1,1,1.642690545,5.666193721
0,0,0,0,1,0
0,0,0.009752929835,0.09752929835,1,0
0,0,0.02639747028,0.1664454045,1,0
0,0,0.04374690171,0.1734943143,2,0
0,0,-0.004888184174,-0.4863508588,0,0
0,0,0.01633929038,0.2122747455,2,0
0,0,-0.04992887709,-0.6626816747,1,0
0,0,-0.1316199666,-0.8169108955,2,0
0,0,-0.3218245042,-1.902045376,0,0
0,0,-0.4908600535,-1.690355493,0,0
0,0,-0.6627000063,-1.718399528,1,0
0,0,-0.926771803,-2.640717967,2,0
0,0,-1.352891437,-4.26119634,0,-1
1,1,-1.899165563,-5.462741258
0,0,0,0,2,0
0,0,-0.07911587123,-0.7911587123,0,0
0,0,-0.09572354446,-0.1660767323,0,0
0,0,-0.02859316161,0.6713038286,1,0
0,0,0.02368608186,0.5227924347,1,0
0,0,0.07496709663,0.5128101477,2,0
0,0,0.04356608561,-0.3140101102,1,0
0,0,0.0114990789,-0.3206700671,2,0
0,0,-0.1069713489,-1.184704278,0,0
0,0,-0.1614972539,-0.54525905,2,0
0,0,-0.3134766925,-1.519794386,1,0
0,0,-0.5209011709,-2.074244784,1,0
0,0,-0.8041139088,-2.832127379,1,0
0,0,-1.188473547,-3.843596385,1,-1
1,1,-1.701440787,-5.1296724
0,0,0,0,2,0
0,0,-0.08271793562,-0.8271793562,0,0
0,0,-0.08030220613,0.02415729493,1,0
0,0,-0.08323226437,-0.02930058243,2,0
0,0,-0.1903834912,-1.071512268,0,0
0,0,-0.2334070261,-0.4302353488,0,0
0,0,-0.2447642576,-0.1135723149,2,0
0,0,-0.3980421349,-1.532778773,1,0
0,0,-0.6240808826,-2.260387478,1,0
0,0,-0.9283181939,-3.042373113,1,0
0,0,-1.355564889,-4.272466947,0,-1
1,1,-1.903107409,-5.475425208
0,0,0,0,2,0
0,0,-0.1023752383,-1.023752383,2,0
0,0,-0.3072392287,-2.048639904,2,0
0,0,-0.6564438886,-3.492046599,0,0
0,0,-1.024287203,-3.678433148,2,0
0,0,-1.558426244,-5.341390402,0,-1
1,1,-2.238172625,-6.797463813
0,0,0,0,2,0
0,0,-0.08339041974,-0.8339041974,0,0
0,0,-0.1029477631,-0.1955734335,2,0
0,0,-0.2418374734,-1.388897103,2,0
0,0,-0.5087562502,-2.669187768,0,0
0,0,-0.772500646,-2.637443957,2,0
0,0,-1.198468246,-4.259676004,0,-1
1,1,-1.722665502,-5.24197256
0,0,0,0,0,0
0,0,0.07760274903,0.7760274903,0,0
0,0,0.2661927278,1.885899787,0,0
0,0,0.5948589121,3.286661843,1,0
0,0,1.013946736,4.19087824,1,0
0,0,1.546057024,5.321102874,0,-1
1,1,2.226232521,6.801754972
0,0,0,0,2,0
0,0,-0.07375174597,-0.7375174597,0,0
0,0,-0.08829640668,-0.1454466071,2,0
0,0,-0.2101337492,-1.218373425,0,0
0,0,-0.2940711035,-0.8393735427,1,0
0,0,-0.437955062,-1.438839585,0,0
0,0,-0.5760237143,-1.380686524,0,0
0,0,-0.7213940311,-1.453703168,2,0
0,0,-1.034464267,-3.130702361,1,0
0,0,-1.476145255,-4.416809876,2,-1
1,1,-2.068777507,-5.926322519
0,0,0,0,1,0
0,0,-0.001058884338,-0.01058884338,2,0
0,0,-0.09306285136,-0.9200396703,0,0
0,0,-0.1105020794,-0.1743922805,0,0
0,0,-0.0761914427,0.3431063671,2,0
0,0,-0.1262513905,-0.5005994783,2,0
0,0,-0.3008644732,-1.746130827,0,0
0,0,-0.4510181746,-1.501537013,1,0
0,0,-0.6627977014,-2.117795269,0,0
0,0,-0.901529407,-2.387317056,0,0
0,0,-1.202656406,-3.011269987,2,-1
1,1,-1.663368968,-4.607125623
0,0,0,0,2,0
0,0,-0.09918324106,-0.9918324106,2,0
0,0,-0.2861996578,-1.870164167,1,0
0,0,-0.527103992,-2.409043342,0,0
0,0,-0.7782766005,-2.511726085,0,0
0,0,-1.087745334,-3.094687334,1,0
0,0,-1.52466129,-4.369159562,2,-1
1,1,-2.110783821,-5.861225305
0,0,0,0,0,0
0,0,0.104272115,1.04272115,2,0
0,0,0.1419584808,0.376863658,0,0
0,0,0.3034171871,1.614587063,1,0
0,0,0.5053600048,2.019428177,0,0
0,0,0.863422561,3.580625562,0,0
0,0,1.37359294,5.101703788,1,-1
1,1,2.022224857,6.486319176
0,0,0,0,1,0
0,0,0.01492650981,0.1492650981,1,0
0,0,0.03429919471,0.193726849,1,0
0,0,0.067048624,0.3274942929,2,0
0,0,0.01343308763,-0.5361553637,2,0
0,0,-0.1224931561,-1.359262437,2,0
0,0,-0.3493393847,-2.268462286,2,0
0,0,-0.6990839785,-3.497445938,2,0
0,0,-1.215343028,-5.162590494,2,-1
1,1,-1.882464422,-6.671213946
0,0,0,0,2,0
0,0,-0.1037502654,-1.037502654,2,0
0,0,-0.3236434096,-2.198931442,1,0
0,0,-0.5898773324,-2.662339228,0,0
0,0,-0.860179856,-2.703025236,0,0
0,0,-1.185880459,-3.257006026,1,-1
1,1,-1.640077965,-4.541975066
0,0,0,0,0,0
0,0,0.08159786419,0.8159786419,2,0
0,0,0.07987591571,-0.01721948481,0,0
0,0,0.1629515786,0.830756629,0,0
0,0,0.3432167921,1.802652135,0,0
0,0,0.6603336044,3.171168124,0,0
0,0,1.14615554,4.858219353,0,-1
1,1,1.783658662,6.375031227
0,0,0,0,2,0
0,0,-0.09193120678,-0.9193120678,0,0
0,0,-0.1221453728,-0.30214166,2,0
0,0,-0.2527181893,-1.305728166,1,0
0,0,-0.4129868767,-1.602686874,2,0
0,0,-0.7233292857,-3.103424089,1,0
0,0,-1.122764011,-3.994347257,0,-1
1,1,-1.609154986,-4.863909747
0,0,0,0,2,0
0,0,-0.09106920737,-0.9106920737,2,0
0,0,-0.2747754671,-1.837062597,1,0
0,0,-0.5192683138,-2.444928467,1,0
0,0,-0.8519854477,-3.327171339,1,0
0,0,-1.285681597,-4.336961494,0,-1
1,1,-1.832623297,-5.469416999
0,0,0,0,0,0
0,0,0.08576020477,0.8576020477,0,0
0,0,0.2779101639,1.921499591,1,0
0,0,0.5297322812,2.518221173,1,0
0,0,0.8541236878,3.243914066,0,0
0,0,1.344881915,4.907582275,1,-1
1,1,1.9708296,6.259476844
0,0,0,0,2,0
0,0,-0.09751399788,-0.9751399788,1,0
0,0,-0.207673897,-1.101598991,0,0
0,0,-0.279665835,-0.7199193799,2,0
0,0,-0.479119511,-1.99453676,1,0
0,0,-0.7508729722,-2.717534612,1,0
0,0,-1.119320668,-3.684476962,2,-1
1,1,-1.654605538,-5.352848692
0,0,0,0,1,0
0,0,-0.007271353546,-0.07271353546,1,0
0,0,-0.01088074016,-0.03609386614,2,0
0,0,-0.08793266087,-0.7705192071,1,0
0,0,-0.1659036162,-0.7797095533,2,0
0,0,-0.3707139885,-2.048103723,2,0
0,0,-0.7086453432,-3.379313547,1,0
0,0,-1.131772922,-4.231275791,2,-1
1,1,-1.717868583,-5.860956609
0,0,0,0,2,0
0,0,-0.1026826443,-1.026826443,2,0
0,0,-0.3022635377,-1.995808934,0,0
0,0,-0.4830968556,-1.808333179,2,0
0,0,-0.829046111,-3.459492554,0,0
0,0,-1.234011567,-4.049654558,2,-1
1,1,-1.798346144,-5.643345773
0,0,0,0,0,0
0,0,0.07469894453,0.7469894453,2,0
0,0,0.06820707273,-0.06491871796,0,0
0,0,0.1740716445,1.058645718,0,0
0,0,0.3890864773,2.150148328,1,0
0,0,0.6663076772,2.772211999,1,0
0,0,1.044676749,3.783690721,1,0
0,0,1.542549635,4.978728857,2,-1
1,1,2.184549725,6.420000902
0,0,0,0,2,0
0,0,-0.1004695144,-1.004695144,2,0
0,0,-0.2889163599,-1.884468455,2,0
0,0,-0.6013642425,-3.124478826,1,0
0,0,-0.993657567,-3.922933245,1,0
0,0,-1.511003468,-5.173459014,2,-1
1,1,-2.176710235,-6.65706767
0,0,0,0,2,0
0,0,-0.09937394159,-0.9937394159,1,0
0,0,-0.2066921578,-1.073182162,0,0
0,0,-0.27549247,-0.6880031221,0,0
0,0,-0.2909003764,-0.1540790634,1,0
0,0,-0.3395735969,-0.486732205,2,0
0,0,-0.5278052708,-1.88231674,2,0
0,0,-0.8636565615,-3.358512907,2,0
0,0,-1.358026127,-4.943695659,0,-1
1,1,-1.975993219,-6.179670916
0,0,0,0,2,0
0,0,-0.08230379158,-0.8230379158,2,0
0,0,-0.270298521,-1.879947295,1,0
0,0,-0.5155278187,-2.452292977,2,0
0,0,-0.9234071213,-4.078793025,1,0
0,0,-1.436006019,-5.125988982,0,-1
1,1,-2.079424885,-6.434188657
0,0,0,0,0,0
0,0,0.07349822039,0.7349822039,1,0
0,0,0.1602633457,0.8676512536,0,0
0,0,0.364463136,2.041997903,2,0
0,0,0.5400331799,1.755700439,0,0
0,0,0.8603493492,3.203161692,2,0
0,0,1.24054137,3.801920206,2,-1
1,1,1.730122423,4.895810528
0,0,0,0,1,0
0,0,0.0009783134572,0.009783134572,1,0
0,0,0.006918738597,0.0594042514,2,0
0,0,-0.06084338948,-0.6776212808,0,0
0,0,-0.03777902382,0.2306436566,2,0
0,0,-0.1013180147,-0.6353899086,0,0
0,0,-0.08639771074,0.1492030394,1,0
0,0,-0.0786464448,0.07751265935,2,0
0,0,-0.1728093554,-0.9416291063,2,0
0,0,-0.3882026096,-2.153932542,0,0
0,0,-0.5886784596,-2.004758499,1,0
0,0,-0.8872043735,-2.98525914,2,0
0,0,-1.356258755,-4.690543813,0,-1
1,1,-1.947053195,-5.907944397
0,0,0,0,0,0
0,0,0.09547157031,0.9547157031,0,0
0,0,0.2803928161,1.849212458,1,0
0,0,0.5012079592,2.20815143,0,0
0,0,0.8760049935,3.747970343,2,0
0,0,1.317788594,4.417836009,1,-1
1,1,1.896380371,5.785917761
0,0,0,0,2,0
0,0,-0.09148603486,-0.9148603486,0,0
0,0,-0.1144659364,-0.2297990153,1,0
0,0,-0.165696504,-0.5123056757,2,0
0,0,-0.3211680907,-1.554715868,0,0
0,0,-0.4504108272,-1.292427365,2,0
0,0,-0.7333705861,-2.829597588,0,0
0,0,-1.057233327,-3.238627409,2,0
0,0,-1.552026415,-4.947930882,2,-1
1,1,-2.194724257,-6.426978421
0,0,0,0,1,0
0,0,-0.006033099705,-0.06033099705,1,0
0,0,-0.00089349607,0.05139603635,2,0
0,0,-0.09984745088,-0.9895395481,0,0
0,0,-0.1340956728,-0.3424822196,2,0
0,0,-0.2940536512,-1.599579784,0,0
0,0,-0.418717764,-1.246641128,2,0
0,0,-0.6870286624,-2.683108984,0,0
0,0,-0.9846446337,-2.976159714,2,0
0,0,-1.452928033,-4.68283399,1,-1
1,1,-2.061985159,-6.09057126
0,0,0,0,2,0
0,0,-0.09727098576,-0.9727098576,1,0
0,0,-0.203071071,-1.058000853,0,0
0,0,-0.2432481537,-0.4017708266,2,0
0,0,-0.4158308869,-1.725827332,0,0
0,0,-0.57334259,-1.575117031,1,0
0,0,-0.8102654422,-2.369228522,1,0
0,0,-1.159611368,-3.493459257,2,-1
1,1,-1.670276445,-5.106650768
0,0,0,0,1,0
0,0,0.01229481407,0.1229481407,0,0
0,0,0.1158638589,1.035690448,1,0
0,0,0.2475831583,1.317192994,2,0
0,0,0.3201989555,0.7261579723,0,0
0,0,0.5426201038,2.224211483,0,0
0,0,0.9272944128,3.84674309,0,0
0,0,1.467918403,5.406239903,0,-1
1,1,2.15728978,6.893713773
0,0,0,0,2,0
0,0,-0.07181399737,-0.7181399737,2,0
0,0,-0.2526837148,-1.808697174,0,0
0,0,-0.3782449584,-1.255612436,0,0
0,0,-0.5008840467,-1.226390883,0,0
0,0,-0.6164469292,-1.155628825,1,0
0,0,-0.8352328732,-2.18785944,2,0
0,0,-1.223958338,-3.88725465,2,-1
1,1,-1.770114495,-5.461561569
0,0,0,0,1,0
0,0,-0.01529964299,-0.1529964299,2,0
0,0,-0.1150197716,-0.9972012859,2,0
0,0,-0.3068987644,-1.918789929,2,0
0,0,-0.6326487285,-3.257499641,1,0
0,0,-1.046902343,-4.142536144,0,0
0,0,-1.541741011,-4.948386681,1,-1
1,1,-2.182173892,-6.404328807
0,0,0,0,1,0
0,0,-0.01599342613,-0.1599342613,1,0
0,0,-0.02436398499,-0.08370558858,0,0
0,0,0.03759703992,0.6196102491,2,0
0,0,0.0175933319,-0.2000370802,0,0
0,0,0.1037472588,0.8615392688,2,0
0,0,0.1072562788,0.03509019975,2,0
0,0,0.035931741,-0.7132453775,0,0
0,0,0.07163053072,0.3569878972,2,0
0,0,0.0226355527,-0.4899497803,2,0
0,0,-0.1216427009,-1.442782536,2,0
0,0,-0.3588733178,-2.372306169,2,0
0,0,-0.7258341859,-3.669608682,1,0
0,0,-1.197248409,-4.714142229,0,-1
1,1,-1.764309111,-5.670607026
0,0,0,0,0,0
0,0,0.08529436667,0.8529436667,2,0
0,0,0.089007585,0.03713218324,1,0
0,0,0.1168361382,0.2782855322,1,0
0,0,0.1567931439,0.399570057,1,0
0,0,0.2169794111,0.6018626722,2,0
0,0,0.2267092819,0.0972987077,1,0
0,0,0.2593448197,0.3263553777,2,0
0,0,0.2614530587,0.02108239006,1,0
0,0,0.2936926637,0.3223960503,0,0
0,0,0.4689843203,1.752916566,0,0
0,0,0.8010339135,3.320495932,0,0
0,0,1.297213146,4.961792321,1,-1
1,1,1.924571162,6.273580169
0,0,0,0,2,0
0,0,-0.07173352354,-0.7173352354,2,0
0,0,-0.2364856891,-1.647521655,2,0
0,0,-0.5328591199,-2.963734308,2,0
0,0,-0.9849728476,-4.521137278,2,-1
1,1,-1.602344853,-6.17372005
0,0,0,0,2,0
0,0,-0.09232906839,-0.9232906839,2,0
0,0,-0.2806881287,-1.883590603,1,0
0,0,-0.5047604785,-2.240723498,0,0
0,0,-0.7322638558,-2.275033773,2,0
0,0,-1.116131344,-3.838674882,1,-1
1,1,-1.630813605,-5.146822608
0,0,0,0,2,0
0,0,-0.0953693894,-0.953693894,0,0
0,0,-0.1120478382,-0.1667844877,2,0
0,0,-0.2449302096,-1.328823715,2,0
0,0,-0.516449856,-2.715196464,0,0
0,0,-0.7810151924,-2.645653363,0,0
0,0,-1.094713803,-3.136986106,2,0
0,0,-1.567394679,-4.726808763,1,-1
1,1,-2.186957704,-6.195630243
0,0,0,0,0,0
0,0,0.0807576551,0.807576551,1,0
0,0,0.1617950088,0.8103735371,0,0
0,0,0.3734898014,2.116947926,2,0
0,0,0.56019176,1.867019587,2,0
0,0,0.7692312494,2.090394893,2,0
0,0,1.032724693,2.63493444,2,0
0,0,1.387892799,3.55168106,2,-1
1,1,1.87372709,4.858342905
0,0,0,0,1,0
0,0,0.005918284562,0.05918284562,2,0
0,0,-0.09091303933,-0.9683132389,2,0
0,0,-0.30673418,-2.158211406,1,0
0,0,-0.581993176,-2.75258996,1,0
0,0,-0.955338863,-3.733456871,2,0
0,0,-1.482994939,-5.276560762,1,-1
1,1,-2.152660066,-6.696651272
0,0,0,0,0,0
0,0,0.1018837106,1.018837106,0,0
0,0,0.2978432494,1.959595388,1,0
0,0,0.5573289303,2.594856809,1,0
0,0,0.896169181,3.388402507,2,0
0,0,1.291480366,3.953111851,0,-1
1,1,1.847208943,5.557285768
0,0,0,0,0,0
0,0,0.07824200596,0.7824200596,0,0
0,0,0.2719124045,1.936703985,1,0
0,0,0.495451872,2.235394675,1,0
0,0,0.7883480236,2.928961516,2,0
0,0,1.13100813,3.426601066,0,-1
1,1,1.641686161,5.106780311
0,0,0,0,2,0
0,0,-0.0936625176,-0.936625176,0,0
0,0,-0.1090887174,-0.1542619984,0,0
0,0,-0.05073851572,0.5835020173,2,0
0,0,-0.1018610556,-0.5112253992,0,0
0,0,-0.09080460707,0.1105644857,0,0
0,0,-0.004170695084,0.8663391198,2,0
0,0,-0.01842391721,-0.1425322213,0,0
0,0,0.04699946825,0.6542338546,1,0
0,0,0.1105565261,0.6355705782,2,0
0,0,0.1199445219,0.09387995818,2,0
0,0,0.05626653696,-0.6367798492,0,0
0,0,0.07408112618,0.1781458922,1,0
0,0,0.1086199054,0.3453877917,0,0
0,0,0.2617548266,1.531349213,1,0
0,0,0.4621094349,2.003546083,0,0
0,0,0.8223874053,3.602779704,0,0
0,0,1.339047404,5.166599989,0,-1
1,1,2.006662287,6.676148827
0,0,0,0,1,0
0,0,0.006644516614,0.06644516614,1,0
0,0,0.01021797956,0.03573462949,1,0
0,0,0.006040059507,-0.04177920055,1,0
0,0,0.009864961265,0.03824901758,2,0
0,0,-0.08282721013,-0.9269217139,2,0
0,0,-0.2879817887,-2.051545786,1,0
0,0,-0.5550555082,-2.670737194,1,0
0,0,-0.8956302695,-3.405747613,0,0
0,0,-1.307449009,-4.118187395,0,-1
1,1,-1.834930154,-5.27481145
0,0,0,0,1,0
0,0,0.01495999275,0.1495999275,2,0
0,0,-0.04675794501,-0.6171793776,0,0
0,0,-0.01853171105,0.2822623396,0,0
0,0,0.0783186459,0.9685035695,0,0
0,0,0.2842953625,2.059767166,1,0
0,0,0.5375750297,2.532796673,0,0
0,0,0.9318725219,3.942974922,0,0
0,0,1.49354871,5.616761882,1,-1
1,1,2.198746396,7.051976861
0,0,0,0,0,0
0,0,0.1020535791,1.020535791,2,0
0,0,0.1223877031,0.2033412396,2,0
0,0,0.08621415891,-0.3617354418,1,0
0,0,0.05897437851,-0.2723978041,2,0
0,0,-0.04067162503,-0.9964600354,0,0
0,0,-0.0524932999,-0.1182167487,0,0
0,0,0.02732172073,0.7981502062,2,0
0,0,0.0290557063,0.01733985576,1,0
0,0,0.05174224285,0.2268653654,1,0
0,0,0.1009453858,0.4920314291,0,0
0,0,0.2708569596,1.699115738,0,0
0,0,0.56105816,2.902012004,2,0
0,0,0.8718437796,3.107856196,2,0
0,0,1.23532326,3.634794804,2,-1
1,1,1.713279083,4.779558231
0,0,0,0,2,0
0,0,-0.103138116,-1.03138116,0,0
0,0,-0.1495059502,-0.4636783416,1,0
0,0,-0.2128443342,-0.6333838398,2,0
0,0,-0.4039113275,-1.910669934,1,0
0,0,-0.6434053367,-2.394940092,1,0
0,0,-0.9887445654,-3.453392287,1,0
0,0,-1.457179313,-4.684347476,0,-1
1,1,-2.060653862,-6.03474549
0,0,0,0,1,0
0,0,-0.01522803028,-0.1522803028,2,0
0,0,-0.1278171387,-1.125891085,0,0
0,0,-0.1822400509,-0.5442291218,0,0
0,0,-0.1840717804,-0.01831729523,1,0
0,0,-0.2225307825,-0.3845900203,2,0
0,0,-0.3795784414,-1.570476589,2,0
0,0,-0.6779766007,-2.983981593,2,0
0,0,-1.131679935,-4.537033342,1,-1
1,1,-1.711791505,-5.801115703
0,0,0,0,1,0
0,0,0.004754433813,0.04754433813,1,0
0,0,0.02541670629,0.2066227248,2,0
0,0,-0.05134927018,-0.7676597647,2,0
0,0,-0.237128156,-1.857788858,0,0
0,0,-0.3902221988,-1.530940428,2,0
0,0,-0.6735643818,-2.83342183,1,0
0,0,-1.038613904,-3.650495226,1,0
0,0,-1.524717503,-4.861035988,1,-1
1,1,-2.155446427,-6.307289239
0,0,0,0,2,0
0,0,-0.09173820278,-0.9173820278,2,0
0,0,-0.3016034514,-2.098652486,2,0
0,0,-0.6484408036,-3.468373522,1,0
0,0,-1.091347014,-4.429062105,1,-1
1,1,-1.652723938,-5.613769238
0,0,0,0,2,0
0,0,-0.1032030924,-1.032030924,0,0
0,0,-0.1477122745,-0.4450918203,0,0
0,0,-0.1331912098,0.145210647,2,0
0,0,-0.2385776087,-1.05386399,0,0
0,0,-0.3073596577,-0.6878204894,1,0
0,0,-0.4392448457,-1.31885188,0,0
0,0,-0.5683231383,-1.290782926,2,0
0,0,-0.8549260319,-2.866028936,2,0
0,0,-1.301982437,-4.47056405,1,-1
1,1,-1.881955626,-5.799731892
0,0,0,0,1,0
0,0,0.01090394947,0.1090394947,0,0
0,0,0.1180373908,1.071334414,2,0
0,0,0.1565396061,0.3850221527,0,0
0,0,0.317066201,1.605265949,0,0
0,0,0.6153965061,2.983303051,0,0
0,0,1.070117992,4.547214863,0,-1
1,1,1.676098992,6.059809993
0,0,0,0,1,0
0,0,0.004544692517,0.04544692517,2,0
0,0,-0.0716257961,-0.7617048861,1,0
0,0,-0.1538638651,-0.8223806898,0,0
0,0,-0.1734590365,-0.1959517143,0,0
0,0,-0.1487462963,0.247127402,2,0
0,0,-0.2507409502,-1.019946539,2,0
0,0,-0.4684292042,-2.176882539,2,0
0,0,-0.826526442,-3.580972378,1,0
0,0,-1.281368622,-4.548421804,2,-1
1,1,-1.891896351,-6.105277284
0,0,0,0,0,0
0,0,0.08075446804,0.8075446804,2,0
0,0,0.09323018056,0.1247571252,0,0
0,0,0.200277839,1.070476585,0,0
0,0,0.4098237802,2.095459411,1,0
0,0,0.6937492589,2.839254787,1,0
0,0,1.084430079,3.9068082,2,0
0,0,1.566913916,4.824838375,2,-1
1,1,2.195941598,6.29027682
0,0,0,0,0,0
0,0,0.08981667122,0.8981667122,2,0
0,0,0.1117358906,0.2191921941,0,0
0,0,0.256794396,1.450585054,2,0
0,0,0.3622316516,1.054372556,2,0
0,0,0.4551433908,0.9291173926,1,0
0,0,0.6089808646,1.538374738,2,0
0,0,0.7845752387,1.755943741,2,0
0,0,1.014607284,2.300320455,1,0
0,0,1.378999494,3.643922102,1,-1
1,1,1.884147741,5.051482469
0,0,0,0,1,0
0,0,0.01601350991,0.1601350991,1,0
0,0,0.05014943615,0.3413592624,2,0
0,0,-0.004968153545,-0.5511758969,2,0
0,0,-0.1634893647,-1.585212112,0,0
0,0,-0.2793317952,-1.158424305,2,0
0,0,-0.5152505584,-2.359187631,0,0
0,0,-0.7640398471,-2.487892887,1,0
0,0,-1.119059602,-3.550197553,2,-1
1,1,-1.640434809,-5.213752065
0,0,0,0,2,0
0,0,-0.08298804176,-0.8298804176,1,0
0,0,-0.1702400368,-0.8725199499,2,0
0,0,-0.3853775993,-2.151375626,2,0
0,0,-0.7374477547,-3.520701554,0,0
0,0,-1.137192491,-3.997447362,2,-1
1,1,-1.697172432,-5.59979941
0,0,0,0,2,0
0,0,-0.09540456665,-0.9540456665,0,0
0,0,-0.1289234435,-0.3351887684,2,0
0,0,-0.2707409035,-1.4181746,2,0
0,0,-0.5461633521,-2.754224486,0,0
0,0,-0.8403021207,-2.941387686,2,0
0,0,-1.293513519,-4.53211398,1,-1
1,1,-1.8826295,-5.891159815
0,0,0,0,1,0
0,0,-0.0003644026344,-0.003644026344,0,0
0,0,0.09419020205,0.9455460468,2,0
0,0,0.1116035681,0.1741336609,1,0
0,0,0.1556346703,0.4403110216,0,0
0,0,0.3295246101,1.738899398,2,0
0,0,0.4819869698,1.524623597,1,0
0,0,0.7197665054,2.377795356,0,0
0,0,1.128842401,4.090758959,1,-1
1,1,1.659119854,5.302774526
0,0,0,0,2,0
0,0,-0.09491829164,-0.9491829164,1,0
0,0,-0.1987308019,-1.038125103,1,0
0,0,-0.3463377859,-1.476069839,0,0
0,0,-0.4663477328,-1.200099469,1,0
0,0,-0.6469220582,-1.805743255,2,0
0,0,-1.001301127,-3.54379069,2,0
0,0,-1.515229759,-5.139286321,2,-1
1,1,-2.177784563,-6.625548036
0,0,0,0,0,0
0,0,0.07825620224,0.7825620224,1,0
0,0,0.1654500375,0.8719383522,0,0
0,0,0.3547955211,1.893454836,1,0
0,0,0.5965958619,2.418003408,0,0
0,0,0.9916454764,3.950496145,2,0
0,0,1.463134291,4.714888149,2,-1
1,1,2.067982845,6.048485539
0,0,0,0,2,0
0,0,-0.07290510235,-0.7290510235,0,0
0,0,-0.07645345179,-0.03548349441,0,0
0,0,-0.01714913182,0.5930431997,2,0
0,0,-0.05594124618,-0.3879211436,1,0
0,0,-0.1026881956,-0.4674694938,1,0
0,0,-0.1823708517,-0.7968265609,1,0
0,0,-0.2868886244,-1.045177728,2,0
0,0,-0.5278853511,-2.409967267,0,0
0,0,-0.7766858577,-2.488005066,0,0
0,0,-1.083944452,-3.072585945,2,0
0,0,-1.558789994,-4.748455421,0,-1
1,1,-2.179230225,-6.204402309
0,0,0,0,0,0
0,0,0.09601627949,0.9601627949,0,0
0,0,0.3127669778,2.167506983,0,0
0,0,0.6477039713,3.349369935,2,0
0,0,1.012605037,3.64901066,2,0
0,0,1.458686309,4.460812712,2,-1
1,1,2.039724325,5.810380165
0,0,0,0,1,0
0,0,-0.004765861306,-0.04765861306,1,0
0,0,-0.02431816755,-0.1955230624,2,0
0,0,-0.1433124574,-1.189942898,0,0
0,0,-0.1874828685,-0.4417041113,0,0
0,0,-0.1827877206,0.04695147897,0,0
0,0,-0.1196931724,0.6309454824,0,0
0,0,0.005698292391,1.253914648,0,0
0,0,0.2258102447,2.201119524,1,0
0,0,0.4873831286,2.615728839,0,0
0,0,0.9080864364,4.207033077,1,0
0,0,1.442207169,5.341207325,2,-1
1,1,2.108096389,6.658892203
0,0,0,0,1,0
0,0,0.006556363533,0.06556363533,0,0
0,0,0.08492168453,0.7836532099,2,0
0,0,0.09278001103,0.07858326505,2,0
0,0,0.02826635566,-0.6451365537,0,0
0,0,0.07021516463,0.4194880897,2,0
0,0,0.04513610967,-0.2507905496,2,0
0,0,-0.0549979087,-1.001340184,2,0
0,0,-0.2363969457,-1.81399037,0,0
0,0,-0.359901317,-1.235043712,2,0
0,0,-0.6293204715,-2.694191546,2,0
0,0,-1.047682314,-4.18361842,2,-1
1,1,-1.629621053,-5.819387391
0,0,0,0,0,0
0,0,0.09207049472,0.9207049472,0,0
0,0,0.2787987821,1.867282873,2,0
0,0,0.4423087951,1.635100131,1,0
0,0,0.6870826233,2.447738282,0,0
0,0,1.093462122,4.063794989,0,-1
1,1,1.663957232,5.704951102
0,0,0,0,0,0
0,0,0.08998874596,0.8998874596,2,0
0,0,0.1217818165,0.317930705,2,0
0,0,0.07645576141,-0.4532605505,1,0
0,0,0.05703703856,-0.1941872285,1,0
0,0,0.05212815401,-0.04908884548,2,0
0,0,-0.01664558874,-0.6877374274,2,0
0,0,-0.1654446354,-1.487990467,2,0
0,0,-0.4409717759,-2.755271404,0,0
0,0,-0.7049957471,-2.640239712,2,0
0,0,-1.137436715,-4.324409678,0,-1
1,1,-1.666584521,-5.291478064
0,0,0,0,1,0
0,0,0.01465816462,0.1465816462,1,0
0,0,0.0490509115,0.3439274689,1,0
0,0,0.0793949696,0.303440581,1,0
0,0,0.1180479975,0.3865302788,1,0
0,0,0.1700386035,0.5199060602,1,0
0,0,0.2375513711,0.675127676,1,0
0,0,0.3543601328,1.168087617,2,0
0,0,0.4332049683,0.7884483552,2,0
0,0,0.5182317124,0.8502674404,0,0
0,0,0.744650039,2.264183266,0,0
0,0,1.13598686,3.913368215,2,-1
1,1,1.628124112,4.921372514
0,0,0,0,2,0
0,0,-0.07685400692,-0.7685400692,1,0
0,0,-0.1550020739,-0.7814806693,0,0
0,0,-0.1604698822,-0.05467808395,0,0
0,0,-0.1025972078,0.5787267448,0,0
0,0,0.03389434834,1.364915561,2,0
0,0,0.07285983801,0.3896548967,1,0
0,0,0.1415525732,0.6869273518,1,0
0,0,0.2193317889,0.7777921567,2,0
0,0,0.2513500442,0.3201825533,0,0
0,0,0.4128917089,1.615416647,2,0
0,0,0.5581890714,1.452973624,1,0
0,0,0.7870058908,2.288168195,2,0
0,0,1.056087593,2.690817017,2,0
0,0,1.422419364,3.663317713,0,-1
1,1,1.943629931,5.21210567
0,0,0,0,2,0
0,0,-0.1014989173,-1.014989173,0,0
0,0,-0.1486844356,-0.4718551832,0,0
0,0,-0.1341026176,0.14581818,1,0
0,0,-0.1485655313,-0.1446291369,0,0
0,0,-0.09122207408,0.5734345723,0,0
0,0,0.03317451986,1.243965939,0,0
0,0,0.2522596858,2.19085166,0,0
0,0,0.6040143045,3.517546187,0,0
0,0,1.110584627,5.065703224,1,-1
1,1,1.739788141,6.292035137
0,0,0,0,1,0
0,0,-0.01162471531,-0.1162471531,0,0
0,0,0.07720107297,0.8882578828,1,0
0,0,0.1782148571,1.010137842,2,0
0,0,0.2082731141,0.300582569,1,0
0,0,0.2838185635,0.7554544942,1,0
0,0,0.3996798065,1.15861243,2,0
0,0,0.4970196599,0.9733985344,2,0
0,0,0.599087626,1.020679661,2,0
0,0,0.7316477014,1.325600754,1,0
0,0,0.9740203105,2.423726092,1,0
0,0,1.348192982,3.741726712,1,-1
1,1,1.863168486,5.149755046
0,0,0,0,1,0
0,0,-0.007423541151,-0.07423541151,0,0
0,0,0.08005028801,0.8747382917,2,0
0,0,0.1087491497,0.2869886168,0,0
0,0,0.2307599803,1.220108306,1,0
0,0,0.3947372457,1.639772654,0,0
0,0,0.6866595485,2.919223027,2,0
0,0,1.020260491,3.336009427,1,0
0,0,1.479374343,4.591138514,2,-1
1,1,2.075540646,5.961663032
0,0,0,0,1,0
0,0,-0.01431367305,-0.1431367305,0,0
0,0,0.05823969734,0.7255337039,2,0
0,0,0.05334624048,-0.04893456861,2,0
0,0,-0.01887286059,-0.7221910107,2,0
0,0,-0.184699697,-1.658268364,1,0
0,0,-0.3838906255,-1.991909285,2,0
0,0,-0.7321078654,-3.482172399,0,0
0,0,-1.11082139,-3.787135248,1,-1
1,1,-1.621894473,-5.11073083
0,0,0,0,0,0
0,0,0.09755321931,0.9755321931,0,0
0,0,0.2995996009,2.020463816,0,0
0,0,0.6292967412,3.296971402,0,0
0,0,1.100524334,4.712275927,0,-1
1,1,1.725453331,6.249289971
0,0,0,0,0,0
0,0,0.1013155558,1.013155558,1,0
0,0,0.2234422945,1.221267387,2,0
0,0,0.2908159183,0.6737362376,0,0
0,0,0.5033349896,2.125190713,1,0
0,0,0.7959446516,2.92609662,1,0
0,0,1.198346313,4.024016614,2,-1
1,1,1.704007887,5.056615742
0,0,0,0,0,0
0,0,0.1043163941,1.043163941,1,0
0,0,0.2425373545,1.382209603,2,0
0,0,0.3396780796,0.9714072517,2,0
0,0,0.4173801224,0.7770204277,0,0
0,0,0.638848367,2.214682446,0,0
0,0,1.010702226,3.718538587,1,0
0,0,1.502603798,4.919015724,0,-1
1,1,2.143216964,6.406131655
0,0,0,0,1,0
0,0,0.01226687477,0.1226687477,1,0
0,0,0.01946339445,0.07196519679,2,0
0,0,-0.06746812784,-0.8693152228,2,0
0,0,-0.2461186762,-1.786505484,0,0
0,0,-0.3656066201,-1.194879439,1,0
0,0,-0.5374604509,-1.718538308,1,0
0,0,-0.7935933139,-2.56132863,1,0
0,0,-1.160599495,-3.670061808,0,-1
1,1,-1.628907716,-4.683082213
0,0,0,0,1,0
0,0,0.01622336454,0.1622336454,0,0
0,0,0.1361633722,1.199400077,2,0
0,0,0.2061133965,0.6995002429,0,0
0,0,0.4081156325,2.02002236,2,0
0,0,0.5904108947,1.822952622,1,0
0,0,0.8704102809,2.799993862,0,0
0,0,1.317558264,4.471479829,0,-1
1,1,1.916539236,5.989809719
0,0,0,0,1,0
0,0,0.0144568339,0.144568339,0,0
0,0,0.1268603643,1.124035304,1,0
0,0,0.2461902743,1.1932991,2,0
0,0,0.3059002217,0.5970994732,1,0
0,0,0.4005115686,0.9461134699,1,0
0,0,0.5742297012,1.737181326,1,0
0,0,0.8236471584,2.494174572,1,0
0,0,1.194850965,3.712038065,0,-1
1,1,1.726010684,5.31159719
0,0,0,0,1,0
0,0,0.01734027338,0.1734027338,2,0
0,0,-0.04025012367,-0.5759039705,1,0
0,0,-0.1123524937,-0.7210237001,2,0
0,0,-0.2802682389,-1.679157452,2,0
0,0,-0.5747177724,-2.944495336,1,0
0,0,-0.9483051335,-3.73587361,2,0
0,0,-1.476364901,-5.28059768,0,-1
1,1,-2.141338393,-6.649734914
0,0,0,0,1,0
0,0,-0.01285610346,-0.1285610346,1,0
0,0,-0.04253198795,-0.296758845,0,0
0,0,0.01079564563,0.5332763358,1,0
0,0,0.0566980823,0.4590243667,2,0
0,0,0.03266537827,-0.2403270403,2,0
0,0,-0.07576009254,-1.084254708,2,0
0,0,-0.2750368183,-1.992767258,1,0
0,0,-0.5130427481,-2.380059298,0,0
0,0,-0.7577909353,-2.447481871,0,0
0,0,-1.045306402,-2.875154671,0,0
0,0,-1.418691717,-3.733853146,0,-1
1,1,-1.923558617,-5.048669005
0,0,0,0,1,0
0,0,-0.01389032976,-0.1389032976,0,0
0,0,0.04485436188,0.5874469164,1,0
0,0,0.1208292034,0.7597484152,1,0
0,0,0.2270073648,1.061781614,1,0
0,0,0.3794687639,1.524613991,1,0
0,0,0.5943773194,2.149085555,0,0
0,0,0.9603814593,3.660041399,0,0
0,0,1.491245416,5.308639565,2,-1
1,1,2.158901557,6.676561417
0,0,0,0,0,0
0,0,0.08296661688,0.8296661688,1,0
0,0,0.1717551257,0.8878850879,1,0
0,0,0.303250882,1.314957564,2,0
0,0,0.4003619043,0.9711102226,1,0
0,0,0.5761512634,1.757893591,0,0
0,0,0.9198749234,3.4372366,0,0
0,0,1.435670276,5.157953529,2,-1
1,1,2.083818975,6.481486991
0,0,0,0,1,0
0,0,0.007394396693,0.07394396693,0,0
0,0,0.1110810349,1.036866382,1,0
0,0,0.2228341144,1.117530795,0,0
0,0,0.4550370249,2.322029106,0,0
0,0,0.8359719531,3.809349281,1,0
0,0,1.317519123,4.815471696,0,-1
1,1,1.955523281,6.380041579
0,0,0,0,0,0
0,0,0.09926876729,0.9926876729,0,0
0,0,0.3057567966,2.064880293,2,0
0,0,0.467434221,1.616774244,1,0
0,0,0.7156061183,2.481718973,2,0
0,0,0.9937470184,2.781409001,2,0
0,0,1.34753096,3.537839413,0,-1
1,1,1.85966551,5.121345505
0,0,0,0,1,0
0,0,0.003257204535,0.03257204535,2,0
0,0,-0.06407713389,-0.6733433843,1,0
0,0,-0.1533429504,-0.8926581647,2,0
0,0,-0.3436871611,-1.903442108,0,0
0,0,-0.501579321,-1.578921599,1,0
0,0,-0.7518129645,-2.502336435,2,0
0,0,-1.168701753,-4.168887881,1,-1
1,1,-1.709792574,-5.410908214
0,0,0,0,2,0
0,0,-0.07518510106,-0.7518510106,0,0
0,0,-0.06752795621,0.07657144856,0,0
0,0,0.02731072426,0.9483868046,2,0
0,0,0.03865453098,0.1134380673,0,0
0,0,0.144492279,1.05837748,1,0
0,0,0.2819122256,1.374199466,0,0
0,0,0.559722192,2.778099664,0,0
0,0,0.9997594666,4.400372746,0,-1
1,1,1.59948869,5.997292235
0,0,0,0,1,0
0,0,0.009657055773,0.09657055773,0,0
0,0,0.1212303955,1.115733397,0,0
0,0,0.3476550381,2.264246426,0,0
0,0,0.7168735596,3.692185215,2,0
0,0,1.109642242,3.927686826,2,-1
1,1,1.59205086,4.824086174
0,0,0,0,0,0
0,0,0.07870296895,0.7870296895,1,0
0,0,0.1725197402,0.9381677124,2,0
0,0,0.2146660517,0.4214631152,0,0
0,0,0.3935611041,1.788950524,1,0
0,0,0.6203343574,2.267732534,0,0
0,0,0.9992285729,3.788942155,0,0
0,0,1.537871335,5.386427622,2,-1
1,1,2.219870728,6.81999393
0,0,0,0,1,0
0,0,0.01504196161,0.1504196161,1,0
0,0,0.04455768238,0.2951572077,0,0
0,0,0.1741354316,1.295777492,0,0
0,0,0.4216164706,2.47481039,0,0
0,0,0.8259548386,4.04338368,2,0
0,0,1.272627241,4.466724025,0,-1
1,1,1.872169281,5.995420396
0,0,0,0,1,0
0,0,0.005533950528,0.05533950528,1,0
0,0,0.01228444027,0.06750489738,1,0
0,0,0.0379546842,0.2567024393,0,0
0,0,0.1432988096,1.053441254,1,0
0,0,0.2706685617,1.273697521,2,0
0,0,0.3569032246,0.8623466295,0,0
0,0,0.5683084814,2.114052568,1,0
0,0,0.8666208536,2.983123722,1,0
0,0,1.273407446,4.067865929,2,-1
1,1,1.790232808,5.168253617
0,0,0,0,1,0
0,0,-0.0152670953,-0.152670953,1,0
0,0,-0.02380916292,-0.08542067622,0,0
0,0,0.06450593471,0.8831509763,1,0
0,0,0.1513582996,0.8685236494,0,0
0,0,0.3374922571,1.861339575,2,0
0,0,0.5084126065,1.709203493,1,0
0,0,0.7684491617,2.600365552,1,0
0,0,1.144555412,3.761062508,2,-1
1,1,1.613298655,4.687432422
0,0,0,0,1,0
0,0,0.01422816085,0.1422816085,0,0
0,0,0.1027676057,0.8853944483,0,0
0,0,0.2995878955,1.968202898,1,0
0,0,0.5399956898,2.404077943,0,0
0,0,0.932153996,3.921583063,2,0
0,0,1.382743537,4.505895413,2,-1
1,1,1.960439411,5.776958733
0,0,0,0,2,0
0,0,-0.09041362373,-0.9041362373,0,0
0,0,-0.1226772531,-0.3226362937,0,0
0,0,-0.0737339227,0.489433304,1,0
0,0,-0.05469823025,0.1903569245,2,0
0,0,-0.1436153445,-0.8891711427,2,0
0,0,-0.3297145451,-1.860992006,0,0
0,0,-0.4750561231,-1.45341578,1,0
0,0,-0.6821162797,-2.070601566,1,0
0,0,-0.9989137388,-3.16797459,1,0
0,0,-1.431161192,-4.322474531,1,-1
1,1,-2.00388654,-5.727253485
0,0,0,0,2,0
0,0,-0.09756965381,-0.9756965381,1,0
0,0,-0.1987853913,-1.012157375,2,0
0,0,-0.4328118116,-2.340264203,2,0
0,0,-0.8013447295,-3.685329179,0,0
0,0,-1.205309692,-4.039649626,1,-1
1,1,-1.73999408,-5.346843882
0,0,0,0,0,0
0,0,0.08299260639,0.8299260639,2,0
0,0,0.1031226311,0.2013002471,1,0
0,0,0.1520191728,0.4889654175,2,0
0,0,0.1266752379,-0.2534393495,2,0
0,0,0.0328787023,-0.937965356,2,0
0,0,-0.147424864,-1.803035663,0,0
0,0,-0.2494328626,-1.020079986,0,0
0,0,-0.3139858466,-0.6455298403,1,0
0,0,-0.4253962635,-1.114104169,1,0
0,0,-0.5917384333,-1.663421699,1,0
0,0,-0.8430233718,-2.512849385,0,0
0,0,-1.161689778,-3.186664064,1,-1
1,1,-1.618880231,-4.571904532
0,0,0,0,2,0
0,0,-0.09619234094,-0.9619234094,2,0
0,0,-0.3061937735,-2.100014326,0,0
0,0,-0.4839211446,-1.77727371,0,0
0,0,-0.6624133051,-1.784921605,2,0
0,0,-0.9937589255,-3.313456204,2,0
0,0,-1.486732806,-4.929738809,0,-1
1,1,-2.11667403,-6.299412237
0,0,0,0,2,0
0,0,-0.07070234151,-0.7070234151,0,0
0,0,-0.08309520742,-0.1239286592,1,0
0,0,-0.1048153816,-0.2172017415,1,0
0,0,-0.1383250142,-0.3350963258,2,0
0,0,-0.2929159656,-1.545909514,2,0
0,0,-0.5785424709,-2.856265053,2,0
0,0,-1.009838996,-4.312965248,1,0
0,0,-1.551196884,-5.413578882,0,-1
1,1,-2.237179034,-6.859821503
0,0,0,0,1,0
0,0,-0.01748861645,-0.1748861645,2,0
0,0,-0.1248144571,-1.073258406,1,0
0,0,-0.2603820629,-1.355676058,0,0
0,0,-0.3382899578,-0.7790789491,1,0
0,0,-0.4879684859,-1.496785281,2,0
0,0,-0.7839942727,-2.960257868,0,0
0,0,-1.132280314,-3.482860418,0,-1
1,1,-1.580457865,-4.481775503
0,0,0,0,1,0
0,0,0.004576901198,0.04576901198,1,0
0,0,0.02304516904,0.1846826784,0,0
0,0,0.1493146868,1.262695178,2,0
0,0,0.2056628312,0.5634814431,2,0
0,0,0.2199649818,0.1430215067,2,0
0,0,0.1893039556,-0.3066102618,2,0
0,0,0.09670917873,-0.9259477692,2,0
0,0,-0.05997922705,-1.566884058,0,0
0,0,-0.1292621203,-0.6928289329,0,0
0,0,-0.116523758,0.1273836234,1,0
0,0,-0.1343610225,-0.1783726448,1,0
0,0,-0.1665695125,-0.3220848999,2,0
0,0,-0.3253409021,-1.587713896,0,0
0,0,-0.4522037959,-1.268628938,2,0
0,0,-0.7155432276,-2.633394317,0,0
0,0,-1.019172317,-3.036290899,1,0
0,0,-1.45020799,-4.310356729,1,-1
1,1,-2.025608355,-5.754003643
0,0,0,0,1,0
0,0,-0.01362480984,-0.1362480984,1,0
0,0,-0.01204653639,0.01578273457,0,0
0,0,0.09299950223,1.050460386,1,0
0,0,0.1995390353,1.065395331,2,0
0,0,0.2630626651,0.6352362977,1,0
0,0,0.382015931,1.189532659,1,0
0,0,0.5569052445,1.748893135,1,0
0,0,0.828496799,2.715915545,0,0
0,0,1.266613298,4.381164992,0,-1
1,1,1.858376416,5.917631177
0,0,0,0,1,0
0,0,-0.006170155565,-0.06170155565,0,0
0,0,0.08133663073,0.875067863,1,0
0,0,0.165841071,0.8450444026,0,0
0,0,0.3762718779,2.104308069,2,0
0,0,0.5768168802,2.005450023,2,0
0,0,0.7844798602,2.0766298,1,0
0,0,1.11112495,3.266450898,0,-1
1,1,1.601234672,4.901097216
0,0,0,0,1,0
0,0,0.003485059562,0.03485059562,2,0
0,0,-0.06840199912,-0.7188705868,2,0
0,0,-0.2572792075,-1.888772084,0,0
0,0,-0.418720789,-1.614415815,1,0
0,0,-0.6374353369,-2.187145478,0,0
0,0,-0.88771989,-2.502845531,0,0
0,0,-1.19799564,-3.102757502,2,-1
1,1,-1.669445807,-4.714501665
0,0,0,0,0,0
0,0,0.08198802222,0.8198802222,1,0
0,0,0.1735752504,0.9158722816,1,0
0,0,0.31037463,1.367993797,1,0
0,0,0.4901135943,1.797389642,0,0
0,0,0.8129458946,3.228323004,0,0
0,0,1.297391702,4.844458076,1,-1
1,1,1.919400452,6.220087497
0,0,0,0,0,0
0,0,0.09655613432,0.9655613432,1,0
0,0,0.219888534,1.233323997,0,0
0,0,0.4515519714,2.316634374,0,0
0,0,0.8327155431,3.811635718,0,0
0,0,1.378442001,5.457264576,0,-1
1,1,2.074596976,6.961549755
0,0,0,0,1,0
0,0,0.005462505254,0.05462505254,2,0
0,0,-0.09205537993,-0.9751788518,0,0
0,0,-0.1183285906,-0.2627321064,1,0
0,0,-0.1730365207,-0.5470793014,0,0
0,0,-0.1655219066,0.07514614057,0,0
0,0,-0.08995786783,0.7556403882,1,0
0,0,-0.02627689081,0.6368097701,1,0
0,0,0.0314606287,0.5773751951,1,0
0,0,0.10300788,0.7154725133,1,0
0,0,0.1974640822,0.9445620218,2,0
0,0,0.2554969976,0.5803291539,2,0
0,0,0.2720369499,0.1653995226,2,0
0,0,0.2476244776,-0.2441247229,1,0
0,0,0.2605321137,0.1290763612,2,0
0,0,0.2330431299,-0.2748898379,1,0
0,0,0.2593972934,0.2635416346,2,0
0,0,0.2425380014,-0.1685929191,0,0
0,0,0.3625753816,1.200373802,2,0
0,0,0.4588124311,0.9623704946,2,0
0,0,0.5581269748,0.9931454372,2,0
0,0,0.6618314328,1.03704458,0,0
0,0,0.9354478098,2.73616377,1,0
0,0,1.33240297,3.969551604,2,-1
1,1,1.849014408,5.166114382
0,0,0,0,0,0
0,0,0.08053870071,0.8053870071,1,0
0,0,0.1915846909,1.110459902,0,0
0,0,0.4337335178,2.421488269,2,0
0,0,0.6638507078,2.3011719,0,0
0,0,1.042656101,3.788053929,0,-1
1,1,1.575637955,5.329818543
0,0,0,0,2,0
0,0,-0.07365660936,-0.7365660936,1,0
0,0,-0.1668958214,-0.9323921208,0,0
0,0,-0.1925685872,-0.2567276575,0,0
0,0,-0.1734851065,0.1908348073,2,0
0,0,-0.2686095981,-0.9512449168,2,0
0,0,-0.5012613376,-2.326517395,0,0
0,0,-0.7218336873,-2.205723497,2,0
0,0,-1.116711057,-3.948773695,2,-1
1,1,-1.67454948,-5.578384233
0,0,0,0,0,0
0,0,0.103977988,1.03977988,1,0
0,0,0.2161021406,1.121241526,2,0
0,0,0.2690022928,0.5290015219,1,0
0,0,0.3649851976,0.9598290489,0,0
0,0,0.6124130388,2.474278412,1,0
0,0,0.958231493,3.458184541,1,0
0,0,1.41356223,4.553307368,0,-1
1,1,2.022363752,6.088015219
0,0,0,0,0,0
0,0,0.09807119786,0.9807119786,1,0
0,0,0.2120080783,1.139368804,1,0
0,0,0.3479578343,1.35949756,0,0
0,0,0.6332541073,2.85296273,1,0
0,0,0.9974808461,3.642267388,0,0
0,0,1.528310946,5.308300996,2,-1
1,1,2.200987109,6.726761635
0,0,0,0,0,0
0,0,0.07419319318,0.7419319318,1,0
0,0,0.1602380921,0.8604489894,1,0
0,0,0.2805639135,1.203258214,2,0
0,0,0.3759255491,0.953616356,2,0
0,0,0.4509708503,0.7504530125,0,0
0,0,0.6683706086,2.173997583,2,0
0,0,0.9184666045,2.500959959,0,0
0,0,1.327567342,4.091007373,0,-1
1,1,1.89003633,5.624689885
0,0,0,0,1,0
0,0,-0.001785957116,-0.01785957116,1,0
0,0,0.002581566528,0.04367523644,1,0
0,0,0.01040349499,0.07821928466,0,0
0,0,0.1045363299,0.9413283486,1,0
0,0,0.2078677122,1.033313823,0,0
0,0,0.4253664803,2.174987681,0,0
0,0,0.7828537628,3.574872825,1,0
0,0,1.23133435,4.484805873,1,-1
1,1,1.811378875,5.80044525
0,0,0,0,1,0
0,0,0.01551907082,0.1551907082,1,0
0,0,0.04469384849,0.2917477767,0,0
0,0,0.1636665216,1.189726732,1,0
0,0,0.3092394795,1.455729579,0,0
0,0,0.5756615633,2.664220837,0,0
0,0,1.008507685,4.328461215,0,-1
1,1,1.595399736,5.868920516
0,0,0,0,1,0
0,0,-0.005125059717,-0.05125059717,0,0
0,0,0.0694501931,0.7457525282,2,0
0,0,0.05525057052,-0.1419962258,2,0
0,0,-0.03558013602,-0.9083070654,0,0
0,0,-0.05070806504,-0.1512792902,2,0
0,0,-0.1704710714,-1.197630064,2,0
0,0,-0.3938507133,-2.233796419,1,0
0,0,-0.6866206953,-2.92769982,1,0
0,0,-1.079835521,-3.932148257,0,0
0,0,-1.558640879,-4.788053579,2,-1
1,1,-2.184883797,-6.262429177
0,0,0,0,1,0
0,0,-0.005523424941,-0.05523424941,2,0
0,0,-0.1146503346,-1.091269097,0,0
0,0,-0.16185828,-0.4720794537,0,0
0,0,-0.1507874806,0.1107079944,2,0
0,0,-0.2407502448,-0.8996276428,1,0
0,0,-0.3688659154,-1.281156706,0,0
0,0,-0.4654759976,-0.9661008223,2,0
0,0,-0.7015296584,-2.360536608,0,0
0,0,-0.9820441315,-2.805144731,1,0
0,0,-1.384061616,-4.020174841,2,-1
1,1,-1.940346152,-5.562845364
0,0,0,0,1,0
0,0,0.004081948273,0.04081948273,1,0
0,0,0.01609253983,0.1201059156,0,0
0,0,0.1221709859,1.060784461,0,0
0,0,0.3423221435,2.201511575,0,0
0,0,0.6851803989,3.428582555,1,0
0,0,1.108789704,4.236093051,0,-1
1,1,1.687176677,5.783869727
0,0,0,0,1,0
0,0,0.004138739263,0.04138739263,2,0
0,0,-0.0674070402,-0.7154577946,1,0
0,0,-0.1504113937,-0.8300435355,0,0
0,0,-0.1573477578,-0.06936364052,2,0
0,0,-0.2945447872,-1.371970294,2,0
0,0,-0.5676188079,-2.730740207,2,0
0,0,-0.9893977971,-4.217789892,0,0
0,0,-1.478910037,-4.895122399,0,-1
1,1,-2.104099643,-6.251896062
0,0,0,0,2,0
0,0,-0.1033255316,-1.033255316,2,0
0,0,-0.3165016397,-2.131761081,0,0
0,0,-0.5117998692,-1.952982295,0,0
0,0,-0.708057434,-1.962575648,0,0
0,0,-0.9412151847,-2.331577506,0,0
0,0,-1.246154642,-3.049394569,1,-1
1,1,-1.689959029,-4.438043871
0,0,0,0,0,0
0,0,0.09536938554,0.9536938554,2,0
0,0,0.112179084,0.1680969845,0,0
0,0,0.2508048943,1.386258103,0,0
0,0,0.5116853325,2.608804382,1,0
0,0,0.8397827734,3.280974409,0,0
0,0,1.338062141,4.98279368,1,-1
1,1,1.971995617,6.339334753
0,0,0,0,1,0
0,0,-0.003552249416,-0.03552249416,0,0
0,0,0.08361366859,0.8716591801,1,0
0,0,0.1724528526,0.8883918396,0,0
0,0,0.3733565084,2.009036558,0,0
0,0,0.7207231632,3.473666548,2,0
0,0,1.0981342,3.774110366,0,-1
1,1,1.641457143,5.433229436
0,0,0,0,1,0
0,0,-0.01079961784,-0.1079961784,2,0
0,0,-0.1192027709,-1.084031531,2,0
0,0,-0.3201094026,-2.009066317,1,0
0,0,-0.588656895,-2.685474924,0,0
0,0,-0.8653004677,-2.766435727,2,0
0,0,-1.317483596,-4.521831286,0,-1
1,1,-1.884964751,-5.674811546
0,0,0,0,2,0
0,0,-0.08612515321,-0.8612515321,2,0
0,0,-0.2669636568,-1.808385036,1,0
0,0,-0.5029682945,-2.360046376,2,0
0,0,-0.8972695552,-3.943012608,2,0
0,0,-1.444363151,-5.470935961,2,-1
1,1,-2.142932921,-6.985697695
0,0,0,0,2,0
0,0,-0.1041126709,-1.041126709,0,0
0,0,-0.1212019395,-0.1708926854,1,0
0,0,-0.1509398329,-0.2973789341,2,0
0,0,-0.2892389172,-1.382990843,0,0
0,0,-0.3804476758,-0.9120875857,1,0
0,0,-0.5379391853,-1.574915096,1,0
0,0,-0.7830651602,-2.451259748,2,0
0,0,-1.201996132,-4.189309723,0,-1
1,1,-1.725516301,-5.235201687
0,0,0,0,0,0
0,0,0.088394162,0.88394162,1,0
0,0,0.1971188563,1.087246943,2,0
0,0,0.2671094818,0.6999062551,0,0
0,0,0.4673990035,2.002895218,2,0
0,0,0.672453145,2.050541414,0,0
0,0,1.032264833,3.598116883,1,0
0,0,1.518307175,4.860423421,1,-1
1,1,2.148904153,6.305969775
0,0,0,0,1,0
0,0,0.009970846301,0.09970846301,1,0
0,0,0.008090862036,-0.01879984265,1,0
0,0,0.002372357705,-0.05718504331,0,0
0,0,0.09618932912,0.9381697141,1,0
0,0,0.2101410812,1.139517521,2,0
0,0,0.262878474,0.5273739281,0,0
0,0,0.4608592644,1.979807904,1,0
0,0,0.7199308148,2.590715504,0,0
0,0,1.150662163,4.307313483,1,-1
1,1,1.70621185,5.555496869
0,0,0,0,2,0
0,0,-0.07300139384,-0.7300139384,1,0
0,0,-0.1526767452,-0.7967535132,0,0
0,0,-0.1839692746,-0.3129252945,2,0
0,0,-0.3479699652,-1.640006906,2,0
0,0,-0.6646537088,-3.166837436,2,0
0,0,-1.129826795,-4.65173086,0,-1
1,1,-1.688623459,-5.587966645
0,0,0,0,2,0
0,0,-0.105252419,-1.05252419,1,0
0,0,-0.2220265736,-1.167741546,0,0
0,0,-0.3063104371,-0.8428386347,0,0
0,0,-0.3633535882,-0.5704315114,0,0
0,0,-0.3910781501,-0.2772456189,2,0
0,0,-0.5698903906,-1.788122405,2,0
0,0,-0.9126963083,-3.428059176,2,0
0,0,-1.419916219,-5.072199112,1,-1
1,1,-2.068951561,-6.490353414
0,0,0,0,1,0
0,0,-0.004543298602,-0.04543298602,1,0
0,0,-0.02131479645,-0.1677149785,1,0
0,0,-0.03065148436,-0.09336687913,1,0
0,0,-0.05912176049,-0.2847027613,1,0
0,0,-0.09522767089,-0.361059104,2,0
0,0,-0.2435196066,-1.482919357,0,0
0,0,-0.3313672772,-0.8784767055,0,0
0,0,-0.3842265239,-0.5285924669,1,0
0,0,-0.5034039867,-1.191774629,1,0
0,0,-0.7035666608,-2.001626741,1,0
0,0,-1.013310471,-3.097438102,0,0
0,0,-1.400712582,-3.874021113,0,-1
1,1,-1.91824524,-5.175326576
0,0,0,0,2,0
0,0,-0.09796588444,-0.9796588444,1,0
0,0,-0.2264942125,-1.285283281,1,0
0,0,-0.396993475,-1.704992625,1,0
0,0,-0.6202715966,-2.232781215,2,0
0,0,-1.01237082,-3.920992234,2,0
0,0,-1.559566134,-5.471953137,1,-1
1,1,-2.253142718,-6.935765841
0,0,0,0,0,0
0,0,0.1025002692,1.025002692,2,0
0,0,0.1262135569,0.2371328775,0,0
0,0,0.2563082794,1.300947224,0,0
0,0,0.5115493297,2.552410503,2,0
0,0,0.7837934417,2.72244112,0,0
0,0,1.227686642,4.438932006,2,-1
1,1,1.773754854,5.46068212
0,0,0,0,0,0
0,0,0.09570650467,0.9570650467,2,0
0,0,0.1228160589,0.2710955426,0,0
0,0,0.2510773984,1.282613395,0,0
0,0,0.5157976824,2.647202839,1,0
0,0,0.8561765074,3.40378825,2,0
0,0,1.251631093,3.954545852,0,-1
1,1,1.806494828,5.548637359
0,0,0,0,0,0
0,0,0.08427452426,0.8427452426,2,0
0,0,0.107189398,0.2291487378,0,0
0,0,0.2304209418,1.232315437,2,0
0,0,0.3093729008,0.78951959,2,0
0,0,0.3418519779,0.3247907712,1,0
0,0,0.4455420722,1.036900943,0,0
0,0,0.6899266584,2.443845863,1,0
0,0,1.040217325,3.502906664,0,0
0,0,1.5532727,5.130553756,1,-1
1,1,2.21250382,6.592311197
0,0,0,0,2,0
0,0,-0.0863672964,-0.863672964,1,0
0,0,-0.1765916865,-0.9022439006,2,0
0,0,-0.3821575517,-2.055658653,1,0
0,0,-0.6433814943,-2.612239426,2,0
0,0,-1.067456967,-4.240754723,2,-1
1,1,-1.65312772,-5.856707533
0,0,0,0,0,0
0,0,0.09433418083,0.9433418083,1,0
0,0,0.20733106,1.129968792,2,0
0,0,0.2529939558,0.4566289578,1,0
0,0,0.3300519168,0.7705796101,2,0
0,0,0.3663796298,0.36327713,0,0
0,0,0.5303290703,1.639494405,1,0
0,0,0.7675258052,2.371967349,1,0
0,0,1.108124453,3.405986479,1,-1
1,1,1.57322485,4.651003965
0,0,0,0,0,0
0,0,0.07708799462,0.7708799462,1,0
0,0,0.1717922143,0.9470421965,0,0
0,0,0.3984283809,2.266361666,2,0
0,0,0.6222304862,2.238021053,2,0
0,0,0.8605017827,2.382712965,0,0
0,0,1.257696132,3.97194349,0,-1
1,1,1.809503241,5.51807109
0,0,0,0,0,0
0,0,0.0939483828,0.939483828,0,0
0,0,0.2899711266,1.960227438,2,0
0,0,0.4536534497,1.636823231,0,0
0,0,0.7714653446,3.178118948,1,0
0,0,1.200042222,4.285768776,0,-1
1,1,1.783906544,5.838643217
0,0,0,0,2,0
0,0,-0.08276905454,-0.8276905454,1,0
0,0,-0.164729766,-0.8196071149,2,0
0,0,-0.3586548449,-1.939250789,2,0
0,0,-0.6918067894,-3.331519445,2,0
0,0,-1.186965793,-4.951590034,2,-1
1,1,-1.83384954,-6.468837469
0,0,0,0,2,0
0,0,-0.07284759451,-0.7284759451,1,0
0,0,-0.1587450037,-0.8589740915,2,0
0,0,-0.3637205874,-2.049755838,1,0
0,0,-0.6397312043,-2.760106169,0,0
0,0,-0.9459320063,-3.06200802,1,0
0,0,-1.361724268,-4.157922619,1,-1
1,1,-1.915451062,-5.537267943
0,0,0,0,2,0
0,0,-0.07311667024,-0.7311667024,2,0
0,0,-0.2574153259,-1.842986557,2,0
0,0,-0.5666144646,-3.091991387,1,0
0,0,-0.955743168,-3.891287034,1,0
0,0,-1.456338417,-5.005952493,0,-1
1,1,-2.089112658,-6.327742403
0,0,0,0,1,0
0,0,0.01645177601,0.1645177601,0,0
0,0,0.1310261638,1.145743878,1,0
0,0,0.2767795472,1.457533834,0,0
0,0,0.5516219926,2.748424453,0,0
0,0,0.9719445783,4.203225857,1,0
0,0,1.503194636,5.312500581,0,-1
1,1,2.183343337,6.801487004
0,0,0,0,2,0
0,0,-0.1039672484,-1.039672484,2,0
0,0,-0.3037028253,-1.997355769,2,0
0,0,-0.6417807188,-3.380778934,0,0
0,0,-1.010336141,-3.685554223,1,0
0,0,-1.496157887,-4.858217457,1,-1
1,1,-2.125219368,-6.290614814
0,0,0,0,0,0
0,0,0.0790244057,0.790244057,0,0
0,0,0.2608573252,1.818329195,0,0
0,0,0.5610059909,3.001486657,2,0
0,0,0.882462491,3.214565,0,0
0,0,1.357801447,4.753389562,1,-1
1,1,1.972512133,6.147106863
0,0,0,0,1,0
0,0,-0.002259828835,-0.02259828835,0,0
0,0,0.0945308191,0.9679064793,0,0
0,0,0.3034979377,2.089671186,0,0
0,0,0.6552851113,3.517871737,0,0
0,0,1.159150623,5.038655115,1,-1
1,1,1.782596449,6.23445826
0,0,0,0,1,0
0,0,0.01160119483,0.1160119483,0,0
0,0,0.1218462332,1.102450384,2,0
0,0,0.1489136664,0.2706743321,2,0
0,0,0.1128622818,-0.360513846,2,0
0,0,0.01374576624,-0.991165156,1,0
0,0,-0.0819408545,-0.9568662074,0,0
0,0,-0.09925769746,-0.1731684295,0,0
0,0,-0.03136373337,0.6789396409,2,0
0,0,-0.07002255096,-0.3865881759,2,0
0,0,-0.2087245504,-1.387019994,1,0
0,0,-0.373483092,-1.647585416,2,0
0,0,-0.6718829612,-2.983998692,1,0
0,0,-1.064391626,-3.925086648,1,-1
1,1,-1.579254395,-5.14862769
0,0,0,0,1,0
0,0,0.004066348398,0.04066348398,0,0
0,0,0.09410719052,0.9004084212,2,0
0,0,0.09778059132,0.03673400802,2,0
0,0,0.03829065865,-0.5948993267,0,0
0,0,0.08320579935,0.4491514069,0,0
0,0,0.2256935635,1.424877641,0,0
0,0,0.4995428248,2.738492613,0,0
0,0,0.915309718,4.157668933,0,0
0,0,1.495697539,5.80387821,2,-1
1,1,2.213854833,7.18157294
0,0,0,0,2,0
0,0,-0.1019272669,-1.019272669,2,0
0,0,-0.2994923651,-1.975650982,1,0
0,0,-0.5495668295,-2.500744645,1,0
0,0,-0.8708850803,-3.213182508,2,0
0,0,-1.353194155,-4.823090752,0,-1
1,1,-1.955830626,-6.026364709
0,0,0,0,1,0
0,0,0.01378833812,0.1378833812,0,0
0,0,0.1079005572,0.9411221908,2,0
0,0,0.1403137993,0.3241324214,1,0
0,0,0.2081121046,0.6779830531,1,0
0,0,0.297817862,0.8970575737,2,0
0,0,0.3642444052,0.6642654324,1,0
0,0,0.4798535997,1.156091944,2,0
0,0,0.6047601481,1.249065485,1,0
0,0,0.8312801062,2.265199581,2,0
0,0,1.11523445,2.839543436,0,0
0,0,1.566506455,4.512720051,2,-1
1,1,2.164314573,5.97808118
0,0,0,0,1,0
0,0,0.0006775546196,0.006775546196,2,0
0,0,-0.09118401174,-0.9186156636,0,0
0,0,-0.1241009841,-0.3291697231,0,0
0,0,-0.1071542961,0.1694668794,1,0
0,0,-0.1006798473,0.06474448853,1,0
0,0,-0.1139624367,-0.132825894,0,0
0,0,-0.07585637029,0.3810606637,0,0
0,0,0.03318502048,1.090413908,2,0
0,0,0.07670963648,0.43524616,0,0
0,0,0.2229276468,1.462180103,1,0
0,0,0.3934666804,1.705390335,2,0
0,0,0.5552598375,1.617931572,0,0
0,0,0.8666905626,3.114307251,2,0
0,0,1.243890206,3.771996431,0,-1
1,1,1.780198475,5.363082695
0,0,0,0,1,0
0,0,-0.005141342711,-0.05141342711,2,0
0,0,-0.1048408379,-0.9969949517,1,0
0,0,-0.2107392642,-1.058984263,2,0
0,0,-0.4269894718,-2.162502076,2,0
0,0,-0.7948027194,-3.678132476,0,0
0,0,-1.207043215,-4.122404952,0,-1
1,1,-1.727659117,-5.206159028
0,0,0,0,1,0
0,0,-0.01674563414,-0.1674563414,1,0
0,0,-0.04149492209,-0.2474928795,0,0
0,0,0.003215530256,0.4471045235,1,0
0,0,0.04516826739,0.4195273714,2,0
0,0,0.01417530753,-0.3099295987,1,0
0,0,0.001685633753,-0.1248967377,0,0
0,0,0.08622579352,0.8454015977,2,0
0,0,0.0838492694,-0.02376524123,1,0
0,0,0.107054116,0.2320484663,0,0
0,0,0.2251724384,1.181183224,1,0
0,0,0.3945368285,1.693643901,0,0
0,0,0.7100599596,3.155231312,0,0
0,0,1.174702218,4.646422587,2,-1
1,1,1.732892355,5.581901364
0,0,0,0,0,0
0,0,0.09276374921,0.9276374921,1,0
0,0,0.2154410101,1.226772609,0,0
0,0,0.4615902817,2.461492716,2,0
0,0,0.7122663936,2.50676112,1,0
0,0,1.068146362,3.55879968,1,0
0,0,1.554923959,4.867775969,1,-1
1,1,2.18804333,6.331193714
0,0,0,0,0,0
0,0,0.07376703839,0.7376703839,0,0
0,0,0.252250485,1.784834466,1,0
0,0,0.4784428392,2.261923542,0,0
0,0,0.8402376151,3.617947759,1,0
0,0,1.310813634,4.705760189,1,-1
1,1,1.913013575,6.021999406
0,0,0,0,0,0
0,0,0.07666510013,0.7666510013,0,0
0,0,0.2641194474,1.874543473,1,0
0,0,0.4927689821,2.286495346,1,0
0,0,0.8067864853,3.140175032,2,0
0,0,1.170635378,3.638488928,2,-1
1,1,1.633783566,4.631481883
0,0,0,0,1,0
0,0,0.005706943209,0.05706943209,2,0
0,0,-0.06193770544,-0.6764464865,2,0
0,0,-0.211118408,-1.491807025,1,0
0,0,-0.4088319606,-1.977135527,1,0
0,0,-0.6794930493,-2.706610887,2,0
0,0,-1.122791716,-4.432986666,2,-1
1,1,-1.719737393,-5.969456774
0,0,0,0,0,0
0,0,0.08400401665,0.8400401665,0,0
0,0,0.2646005942,1.805965775,1,0
0,0,0.4824129883,2.178123941,2,0
0,0,0.705370744,2.229577558,0,0
0,0,1.083924303,3.785535593,0,-1
1,1,1.629008539,5.450842361
0,0,0,0,2,0
0,0,-0.0886685763,-0.886685763,1,0
0,0,-0.1991874397,-1.105188634,0,0
0,0,-0.2681462556,-0.6895881595,1,0
0,0,-0.3675508844,-0.9940462881,1,0
0,0,-0.5225028182,-1.549519337,2,0
0,0,-0.8314826667,-3.089798485,2,0
0,0,-1.306314692,-4.74832025,0,-1
1,1,-1.897335335,-5.910206434
0,0,0,0,2,0
0,0,-0.08745243119,-0.8745243119,1,0
0,0,-0.1981373105,-1.106848793,0,0
0,0,-0.2460738378,-0.479365273,1,0
0,0,-0.3508736721,-1.047998343,2,0
0,0,-0.6093660837,-2.584924116,1,0
0,0,-0.965938327,-3.565722434,1,0
0,0,-1.432977287,-4.670389597,1,-1
1,1,-2.039987195,-6.070099082
0,0,0,0,2,0
0,0,-0.1025739166,-1.025739166,0,0
0,0,-0.1431051569,-0.405312403,1,0
0,0,-0.2023261943,-0.5922103743,1,0
0,0,-0.3016864407,-0.993602464,2,0
0,0,-0.531324291,-2.296378503,2,0
0,0,-0.9076280758,-3.763037847,0,0
0,0,-1.348812791,-4.411847154,2,-1
1,1,-1.943579115,-5.947663243
0,0,0,0,0,0
0,0,0.0915649605,0.915649605,2,0
0,0,0.1224358372,0.3087087671,0,0
0,0,0.2772702421,1.548344049,0,0
0,0,0.56238115,2.851109079,0,0
0,0,1.001134838,4.387536884,1,0
0,0,1.560814626,5.596797879,2,-1
1,1,2.266298597,7.054839711
0,0,0,0,2,0
0,0,-0.101903305,-1.01903305,1,0
0,0,-0.2158609886,-1.139576837,1,0
0,0,-0.3714861243,-1.556251357,2,0
0,0,-0.6708348866,-2.993487623,1,0
0,0,-1.061386746,-3.905518593,1,0
0,0,-1.569592012,-5.082052661,0,-1
1,1,-2.224648856,-6.550568442
0,0,0,0,0,0
0,0,0.1040948966,1.040948966,1,0
0,0,0.2283106284,1.242157319,1,0
0,0,0.3866754626,1.583648341,1,0
0,0,0.6028851439,2.162096813,0,0
0,0,0.9847528608,3.818677169,2,0
0,0,1.438174987,4.534221266,1,-1
1,1,2.034132504,5.959575162
0,0,0,0,1,0
0,0,0.01368670159,0.1368670159,1,0
0,0,0.04173653685,0.2804983527,2,0
0,0,0.006064383629,-0.3567215322,0,0
0,0,0.06911154098,0.6304715735,1,0
0,0,0.1383651028,0.6925356181,2,0
0,0,0.1375658905,-0.007992123151,1,0
0,0,0.1646087735,0.2704288307,0,0
0,0,0.321240952,1.566321784,0,0
0,0,0.6008853601,2.796444081,0,0
0,0,1.032900017,4.320146572,0,-1
1,1,1.627130422,5.942304051
0,0,0,0,0,0
0,0,0.08789548567,0.8789548567,1,0
0,0,0.1868811299,0.9898564421,0,0
0,0,0.408011021,2.211298911,0,0
0,0,0.7863711601,3.783601391,2,0
0,0,1.216509757,4.301385971,2,-1
1,1,1.755538907,5.390291499
0,0,0,0,0,0
0,0,0.1044969384,1.044969384,1,0
0,0,0.2391099832,1.346130448,0,0
0,0,0.5100380843,2.709281011,0,0
0,0,0.9222255416,4.121874573,1,0
0,0,1.443469376,5.212438345,2,-1
1,1,2.096129321,6.526599454
0,0,0,0,2,0
0,0,-0.08747271089,-0.8747271089,0,0
0,0,-0.1021519125,-0.1467920165,1,0
0,0,-0.1393853389,-0.3723342632,0,0
0,0,-0.09666669814,0.4271864071,0,0
0,0,0.02982912051,1.264958187,1,0
0,0,0.164945746,1.351166254,2,0
0,0,0.2255664564,0.6062071042,2,0
0,0,0.2242254478,-0.01341008552,2,0
0,0,0.16772157,-0.565038778,1,0
0,0,0.1464901839,-0.2123138611,1,0
0,0,0.1646030611,0.1811287722,0,0
0,0,0.2835695658,1.189665047,1,0
0,0,0.459660875,1.760913092,2,0
0,0,0.6406553599,1.809944849,0,0
0,0,0.9706238458,3.299684859,0,0
0,0,1.459744425,4.891205794,1,-1
1,1,2.090230587,6.304861617
0,0,0,0,0,0
0,0,0.08091609163,0.8091609163,0,0
0,0,0.2560089276,1.750928359,2,0
0,0,0.3832476595,1.27238732,2,0
0,0,0.5010810667,1.178334072,0,0
0,0,0.7592782378,2.581971711,1,0
0,0,1.114262245,3.549840069,0,-1
1,1,1.633105694,5.188434491
0,0,0,0,1,0
0,0,0.0007583361763,0.007583361763,0,0
0,0,0.1012999757,1.005416396,0,0
0,0,0.3188359425,2.175359668,0,0
0,0,0.6859163124,3.670803699,1,0
0,0,1.144182262,4.5826595,1,-1
1,1,1.721810502,5.776282391
0,0,0,0,1,0
0,0,-0.01199573819,-0.1199573819,0,0
0,0,0.05271849205,0.6471423024,2,0
0,0,0.04628994152,-0.06428550527,2,0
0,0,-0.04579539703,-0.9208533855,2,0
0,0,-0.2381800836,-1.923846866,2,0
0,0,-0.5609697887,-3.227897051,2,0
0,0,-1.02698756,-4.660177711,1,-1
1,1,-1.615712326,-5.887247658
0,0,0,0,1,0
0,0,0.01064536156,0.1064536156,2,0
0,0,-0.0634512984,-0.7409665997,0,0
0,0,-0.05001801611,0.1343328229,0,0
0,0,0.05139371616,1.014117323,2,0
0,0,0.05767390796,0.06280191795,0,0
0,0,0.1457316149,0.8805770698,2,0
0,0,0.1869941718,0.4126255685,2,0
0,0,0.1741876034,-0.1280656837,0,0
0,0,0.281722074,1.075344706,1,0
0,0,0.4375207489,1.557986748,2,0
0,0,0.5717948353,1.342740864,0,0
0,0,0.8591018142,2.873069789,0,0
0,0,1.315293348,4.561915343,1,-1
1,1,1.908796957,5.935036086
0,0,0,0,1,0
0,0,0.004210157013,0.04210157013,2,0
0,0,-0.06545542005,-0.6966557706,2,0
0,0,-0.2504373307,-1.849819106,2,0
0,0,-0.562995218,-3.125578874,0,0
0,0,-0.8966228226,-3.336276046,0,0
0,0,-1.290184112,-3.935612892,2,-1
1,1,-1.845244656,-5.550605447
0,0,0,0,1,0
0,0,0.01379144461,0.1379144461,2,0
0,0,-0.04204915021,-0.5584059481,2,0
0,0,-0.2101474686,-1.680983184,2,0
0,0,-0.4904555085,-2.803080398,0,0
0,0,-0.768341019,-2.778855105,2,0
0,0,-1.209029342,-4.406883225,1,-1
1,1,-1.781422834,-5.723934922
0,0,0,0,2,0
0,0,-0.07262183887,-0.7262183887,2,0
0,0,-0.2283000745,-1.556782357,1,0
0,0,-0.437755349,-2.094552744,2,0
0,0,-0.7879353,-3.50179951,1,0
0,0,-1.233866404,-4.459311039,0,-1
1,1,-1.790292795,-5.564263914
0,0,0,0,2,0
0,0,-0.08371600934,-0.8371600934,1,0
0,0,-0.1643625689,-0.806465596,1,0
0,0,-0.2567604453,-0.9239787639,0,0
0,0,-0.2996308716,-0.4287042627,0,0
0,0,-0.3009590729,-0.0132820126,2,0
0,0,-0.4419190632,-1.409599903,2,0
0,0,-0.7305181907,-2.885991275,0,0
0,0,-1.04927155,-3.187533588,1,0
0,0,-1.498085735,-4.488141856,0,-1
1,1,-2.085781633,-5.876958979
0,0,0,0,1,0
0,0,-0.01739470635,-0.1739470635,0,0
0,0,0.05133954767,0.6873425402,2,0
0,0,0.05810043546,0.06760887796,0,0
0,0,0.1745095812,1.164091458,0,0
0,0,0.4056087223,2.31099141,2,0
0,0,0.6133120266,2.077033044,1,0
0,0,0.9169808519,3.036688252,1,0
0,0,1.342124088,4.251432364,0,-1
1,1,1.9233341,5.812100113
0,0,0,0,2,0
0,0,-0.09059755629,-0.9059755629,2,0
0,0,-0.2988569728,-2.082594165,0,0
0,0,-0.4760648797,-1.772079069,2,0
0,0,-0.8012755972,-3.252107175,2,0
0,0,-1.283356445,-4.820808481,0,-1
1,1,-1.88089062,-5.975341745
0,0,0,0,2,0
0,0,-0.0971312608,-0.971312608,2,0
0,0,-0.2888128105,-1.916815497,2,0
0,0,-0.6229251186,-3.34112308,2,0
0,0,-1.111752654,-4.888275349,0,-1
1,1,-1.691289424,-5.795367708
0,0,0,0,0,0
0,0,0.08517601426,0.8517601426,0,0
0,0,0.2893918449,2.042158307,2,0
0,0,0.4653345025,1.759426576,0,0
0,0,0.7851733262,3.198388237,1,0
0,0,1.210153572,4.249802463,0,-1
1,1,1.790784231,5.80630658
0,0,0,0,2,0
0,0,-0.09704323458,-0.9704323458,2,0
0,0,-0.3044352564,-2.073920218,0,0
0,0,-0.4793053819,-1.748701256,0,0
0,0,-0.6618286927,-1.825233108,0,0
0,0,-0.8854770376,-2.236483448,2,0
0,0,-1.278622107,-3.931450697,1,-1
1,1,-1.807146216,-5.285241088
0,0,0,0,0,0
0,0,0.09285496031,0.9285496031,0,0
0,0,0.3057068915,2.128519312,1,0
0,0,0.5622186755,2.56511784,0,0
0,0,0.9662846239,4.040659484,2,0
0,0,1.442395298,4.761106744,1,-1
1,1,2.06056171,6.181664121
0,0,0,0,1,0
0,0,-0.001247971811,-0.01247971811,1,0
0,0,-0.0141896471,-0.1294167529,1,0
0,0,-0.01270682999,0.01482817112,1,0
0,0,-0.01148735316,0.01219476832,2,0
0,0,-0.08718972772,-0.7570237456,1,0
0,0,-0.1641727107,-0.7698298297,1,0
0,0,-0.2650379378,-1.008652271,1,0
0,0,-0.4020367064,-1.369987687,1,0
0,0,-0.6185972952,-2.165605887,0,0
0,0,-0.8510202928,-2.324229976,1,0
0,0,-1.206456937,-3.554366446,2,-1
1,1,-1.719047056,-5.125901185
0,0,0,0,1,0
0,0,-0.009996972167,-0.09996972167,0,0
0,0,0.05769250134,0.6768947351,0,0
0,0,0.2159275111,1.582350097,2,0
0,0,0.3183892602,1.024617491,0,0
0,0,0.5521597351,2.337704749,1,0
0,0,0.8693672151,3.172074801,2,0
0,0,1.237525476,3.681582607,1,-1
1,1,1.741793166,5.042676898
0,0,0,0,0,0
0,0,0.08776351636,0.8776351636,2,0
0,0,0.08661990096,-0.01143615406,2,0
0,0,-0.001284649371,-0.8790455033,0,0
0,0,-0.01212793968,-0.1084329031,1,0
0,0,-0.01835398035,-0.06226040672,2,0
0,0,-0.1095899381,-0.912359578,2,0
0,0,-0.3078703021,-1.98280364,2,0
0,0,-0.6387653571,-3.30895055,2,0
0,0,-1.123989515,-4.852241578,1,-1
1,1,-1.731460855,-6.074713403
0,0,0,0,1,0
0,0,-0.01365286806,-0.1365286806,2,0
0,0,-0.1010268011,-0.87373933,2,0
0,0,-0.308989835,-2.07963034,1,0
0,0,-0.5699735013,-2.609836663,1,0
0,0,-0.9152883927,-3.453148914,2,0
0,0,-1.419355225,-5.040668325,0,-1
1,1,-2.052887674,-6.335324487
0,0,0,0,1,0
0,0,-0.001409013097,-0.01409013097,1,0
0,0,0.008521035282,0.09930048379,0,0
0,0,0.1208142638,1.122932285,1,0
0,0,0.2413003945,1.204861306,0,0
0,0,0.4743338884,2.33033494,0,0
0,0,0.8432670431,3.689331547,1,0
0,0,1.312753365,4.694863219,2,-1
1,1,1.900662326,5.879089608
0,0,0,0,1,0
0,0,0.01739212014,0.1739212014,0,0
0,0,0.1303253221,1.12933202,2,0
0,0,0.1892932127,0.5896789055,1,0
0,0,0.2709242727,0.8163106006,0,0
0,0,0.4756001953,2.046759226,2,0
0,0,0.6739069505,1.983067551,1,0
0,0,0.9757791756,3.018722251,1,0
0,0,1.40350693,4.277277548,0,-1
1,1,1.985797032,5.822901021
0,0,0,0,2,0
0,0,-0.09098994451,-0.9098994451,1,0
0,0,-0.1841531838,-0.9316323927,1,0
0,0,-0.3253955874,-1.412424036,0,0
0,0,-0.4382267886,-1.128312013,1,0
0,0,-0.6222754535,-1.840486649,0,0
0,0,-0.8308811493,-2.086056958,0,0
0,0,-1.10296486,-2.72083711,1,0
0,0,-1.504866916,-4.019020555,1,-1
1,1,-2.052513187,-5.476462714
0,0,0,0,2,0
0,0,-0.08163136908,-0.8163136908,2,0
0,0,-0.2706755476,-1.890441786,0,0
0,0,-0.4301850749,-1.595095272,1,0
0,0,-0.6684136263,-2.382285514,2,0
0,0,-1.067340735,-3.989271084,1,-1
1,1,-1.595285649,-5.279449141
0,0,0,0,0,0
0,0,0.1039938664,1.039938664,2,0
0,0,0.1277928421,0.2379897571,2,0
0,0,0.07754168107,-0.5025116099,0,0
0,0,0.1275470295,0.5000534844,2,0
0,0,0.1197062309,-0.07840798646,2,0
0,0,0.03262007016,-0.870861607,1,0
0,0,-0.03629007147,-0.6891014164,2,0
0,0,-0.1932397773,-1.569497059,2,0
0,0,-0.4680004236,-2.747606463,1,0
0,0,-0.8139872175,-3.459867938,0,0
0,0,-1.202354885,-3.883676679,1,-1
1,1,-1.721058278,-5.187033922
0,0,0,0,2,0
0,0,-0.08366781928,-0.8366781928,1,0
0,0,-0.1792050496,-0.9553723033,1,0
0,0,-0.3218976251,-1.426925754,2,0
0,0,-0.5835366154,-2.616389904,2,0
0,0,-0.9995745592,-4.160379437,1,0
0,0,-1.524432628,-5.248580691,1,-1
1,1,-2.194609953,-6.701773243
