2,1,1
0,0,0,0,2,0
0,0,-0.09668089786,-0.9668089786,0,0
0,0,-0.1381549171,-0.4147401924,2,0
0,0,-0.2998201403,-1.616652232,2,0
0,0,-0.5980112165,-2.981910762,1,0
0,0,-0.9820394678,-3.840282513,1,0
0,0,-1.486315092,-5.04275624,0,-1
1,1,-2.127844352,-6.415292605
0,0,0,0,0,0
0,0,0.09552769132,0.9552769132,2,0
0,0,0.119166372,0.2363868065,1,0
0,0,0.1783026949,0.5913632293,1,0
0,0,0.2764681928,0.9816549786,0,0
0,0,0.5200282479,2.435600552,1,0
0,0,0.8424859739,3.22457726,2,0
0,0,1.218087154,3.756011805,0,-1
1,1,1.753364655,5.352775009
0,0,0,0,0,0
0,0,0.08008763081,0.8008763081,1,0
0,0,0.181618972,1.015313412,1,0
0,0,0.3213862497,1.397672777,1,0
0,0,0.4986810315,1.772947819,2,0
0,0,0.6844418471,1.857608155,1,0
0,0,0.957206499,2.72764652,0,0
0,0,1.392159453,4.349529538,1,-1
1,1,1.969215811,5.770563579
0,0,0,0,2,0
0,0,-0.08570570692,-0.8570570692,2,0
0,0,-0.2707136168,-1.850079098,2,0
0,0,-0.5755968337,-3.04883217,0,0
0,0,-0.905888305,-3.302914713,2,0
0,0,-1.40210071,-4.962124051,0,-1
1,1,-2.025111515,-6.23010805
0,0,0,0,1,0
0,0,0.01693841025,0.1693841025,2,0
0,0,-0.04264824125,-0.595866515,2,0
0,0,-0.1949880483,-1.52339807,1,0
0,0,-0.3968644805,-2.018764322,1,0
0,0,-0.6766865371,-2.798220567,2,0
0,0,-1.117357037,-4.406704996,2,-1
1,1,-1.715839296,-5.984822592
0,0,0,0,1,0
0,0,-0.006550372137,-0.06550372137,2,0
0,0,-0.103107083,-0.965567109,1,0
0,0,-0.2131725424,-1.100654593,2,0
0,0,-0.4350249473,-2.218524049,1,0
0,0,-0.727652971,-2.926280237,1,0
0,0,-1.113933483,-3.862805118,1,-1
1,1,-1.622202047,-5.082685648
0,0,0,0,0,0
0,0,0.0960771333,0.960771333,2,0
0,0,0.1098296387,0.1375250538,1,0
0,0,0.1418486945,0.3201905579,2,0
0,0,0.1275410453,-0.1430764918,0,0
0,0,0.2106179403,0.83076895,2,0
0,0,0.2337534924,0.2313555215,2,0
0,0,0.2163102172,-0.174432752,2,0
0,0,0.1575994891,-0.5871072817,1,0
0,0,0.1357953323,-0.2180415682,1,0
0,0,0.1299354884,-0.05859843884,0,0
0,0,0.2173372876,0.8740179924,1,0
0,0,0.3582324777,1.408951901,2,0
0,0,0.4713102027,1.13077725,2,0
0,0,0.5877239603,1.164137576,2,0
0,0,0.7311575546,1.434335943,2,0
0,0,0.9221331892,1.909756347,2,0
0,0,1.192146137,2.700129481,2,-1
1,1,1.573864746,3.817186082
0,0,0,0,0,0
0,0,0.103059766,1.03059766,2,0
0,0,0.1229693186,0.199095526,2,0
0,0,0.0849363568,-0.380329618,0,0
0,0,0.1633805427,0.7844418592,0,0
0,0,0.3579548717,1.94574329,2,0
0,0,0.5375495334,1.795946616,2,0
0,0,0.7193701332,1.818205998,1,0
0,0,1.015824249,2.964541159,0,0
0,0,1.476364869,4.605406204,1,-1
1,1,2.081376395,6.050115253
0,0,0,0,2,0
0,0,-0.09661672245,-0.9661672245,2,0
0,0,-0.2957596668,-1.991429443,2,0
0,0,-0.614477425,-3.187177582,1,0
0,0,-1.020473376,-4.059959511,1,0
0,0,-1.553077153,-5.326037765,0,-1
1,1,-2.230564151,-6.774869982
0,0,0,0,2,0
0,0,-0.1050656214,-1.050656214,2,0
0,0,-0.3311205824,-2.26054961,2,0
0,0,-0.675627483,-3.445069006,2,0
0,0,-1.177419081,-5.01791598,1,-1
1,1,-1.801349075,-6.239299935
0,0,0,0,1,0
0,0,0.0114584326,0.114584326,0,0
0,0,0.128713483,1.172550504,0,0
0,0,0.3644661706,2.357526876,1,0
0,0,0.6665005932,3.020344226,2,0
0,0,0.9865941855,3.200935923,1,0
0,0,1.43610378,4.495095949,0,-1
1,1,2.036701675,6.005978944
0,0,0,0,2,0
0,0,-0.09770973273,-0.9770973273,2,0
0,0,-0.3107794832,-2.130697504,2,0
0,0,-0.6512319075,-3.404524244,2,0
0,0,-1.150158334,-4.989264268,1,-1
1,1,-1.771789064,-6.216307293
0,0,0,0,1,0
0,0,0.01208649676,0.1208649676,0,0
0,0,0.1287475432,1.166610464,2,0
0,0,0.1732427411,0.4449519792,2,0
0,0,0.1608747161,-0.1236802504,1,0
0,0,0.1639510947,0.03076378642,0,0
0,0,0.2939130721,1.299619774,0,0
0,0,0.5482033189,2.542902468,2,0
0,0,0.8022086963,2.540053774,0,0
0,0,1.218172234,4.159635374,0,-1
1,1,1.797668767,5.794965333
0,0,0,0,1,0
0,0,-0.01187779883,-0.1187779883,2,0
0,0,-0.1069418947,-0.9506409591,0,0
0,0,-0.1441668377,-0.3722494295,0,0
0,0,-0.1317051331,0.1246170459,1,0
0,0,-0.1411022994,-0.09397166323,1,0
0,0,-0.1890046003,-0.4790230082,1,0
0,0,-0.2616876932,-0.7268309299,2,0
0,0,-0.4758386468,-2.141509536,0,0
0,0,-0.6766923656,-2.008537187,0,0
0,0,-0.9070154795,-2.303231139,0,0
0,0,-1.21173832,-3.04722841,1,-1
1,1,-1.655719244,-4.439809236
0,0,0,0,0,0
0,0,0.103272966,1.03272966,2,0
0,0,0.1295037825,0.2623081641,1,0
0,0,0.1846191327,0.5511535022,2,0
0,0,0.1780097263,-0.06609406413,2,0
0,0,0.1302630036,-0.4774672265,2,0
0,0,0.03201317041,-0.9824983321,1,0
0,0,-0.06531576988,-0.9732894029,1,0
0,0,-0.1898696782,-1.245539083,1,0
0,0,-0.3577894744,-1.679197962,1,0
0,0,-0.5711317904,-2.13342316,1,0
0,0,-0.8559464178,-2.848146275,2,0
0,0,-1.297720996,-4.417745783,1,-1
1,1,-1.876776812,-5.79055816
0,0,0,0,1,0
0,0,0.01359447614,0.1359447614,1,0
0,0,0.03740352782,0.2380905168,1,0
0,0,0.06455451827,0.2715099045,0,0
0,0,0.1888733594,1.243188411,2,0
0,0,0.267992029,0.7911866964,0,0
0,0,0.4757064139,2.077143849,1,0
0,0,0.7547388874,2.790324735,1,0
0,0,1.132779964,3.780410762,0,-1
1,1,1.67502441,5.422444462
0,0,0,0,2,0
0,0,-0.08350460982,-0.8350460982,0,0
0,0,-0.1010111457,-0.1750653593,1,0
0,0,-0.1491639223,-0.4815277654,1,0
0,0,-0.2278281766,-0.7866425429,0,0
0,0,-0.2470062797,-0.1917810315,0,0
0,0,-0.2121842534,0.3482202635,1,0
0,0,-0.2219937618,-0.0980950838,1,0
0,0,-0.2540259801,-0.3203221837,1,0
0,0,-0.3436726218,-0.8964664164,2,0
0,0,-0.5604540332,-2.167814114,0,0
0,0,-0.7779459211,-2.17491888,2,0
0,0,-1.166644786,-3.886988652,0,-1
1,1,-1.652665855,-4.860210682
0,0,0,0,1,0
0,0,0.01041707447,0.1041707447,2,0
0,0,-0.0813075279,-0.9172460237,1,0
0,0,-0.1940447292,-1.127372013,0,0
0,0,-0.2396148582,-0.4557012894,2,0
0,0,-0.3944888835,-1.548740253,2,0
0,0,-0.7047987435,-3.1030986,1,0
0,0,-1.100782522,-3.959837786,1,-1
1,1,-1.627576295,-5.267937728
0,0,0,0,0,0
0,0,0.08623802931,0.8623802931,0,0
0,0,0.2683016178,1.820635884,0,0
0,0,0.5810412866,3.127396688,0,0
0,0,1.055485252,4.744439658,1,-1
1,1,1.644479178,5.889939254
0,0,0,0,2,0
0,0,-0.1044747257,-1.044747257,0,0
0,0,-0.1314892628,-0.2701453705,1,0
0,0,-0.1758420427,-0.4435277996,2,0
0,0,-0.3494799984,-1.736379557,1,0
0,0,-0.5700789782,-2.205989798,2,0
0,0,-0.959277761,-3.891987828,1,0
0,0,-1.455832661,-4.965549,2,-1
1,1,-2.103576311,-6.477436498
0,0,0,0,0,0
0,0,0.0944842975,0.944842975,0,0
0,0,0.283366087,1.888817895,1,0
0,0,0.5320949536,2.487288665,2,0
0,0,0.7822542813,2.501593277,2,0
0,0,1.083110096,3.008558144,0,0
0,0,1.548072887,4.649627913,2,-1
1,1,2.157857837,6.097849498
0,0,0,0,2,0
0,0,-0.07681796639,-0.7681796639,2,0
0,0,-0.2700875786,-1.932696122,1,0
0,0,-0.499815875,-2.297282964,0,0
0,0,-0.7456370119,-2.458211369,1,0
0,0,-1.088003656,-3.423666439,1,0
0,0,-1.554545029,-4.665413729,1,-1
1,1,-2.16733217,-6.127871417
0,0,0,0,1,0
0,0,-0.007481789761,-0.07481789761,1,0
0,0,-0.005825431334,0.01656358427,1,0
0,0,-0.002190882988,0.03634548346,1,0
0,0,0.01728150805,0.1947239104,1,0
0,0,0.05111691342,0.3383540536,1,0
0,0,0.08746771276,0.3635079934,2,0
0,0,0.05958979889,-0.2787791387,2,0
0,0,-0.0537720941,-1.13361893,0,0
0,0,-0.08017267572,-0.2640058162,0,0
0,0,-0.04936597658,0.3080669914,2,0
0,0,-0.1111347574,-0.617687808,0,0
0,0,-0.09783289682,0.1330186056,1,0
0,0,-0.1083091105,-0.1047621363,2,0
0,0,-0.212312766,-1.040036556,1,0
0,0,-0.3393142984,-1.270015324,0,0
0,0,-0.4336687393,-0.9435444082,0,0
0,0,-0.5238840304,-0.902152911,2,0
0,0,-0.7695525931,-2.456685627,0,0
0,0,-1.052112936,-2.825603434,2,0
0,0,-1.497887507,-4.457745705,0,-1
1,1,-2.082965616,-5.850781096
0,0,0,0,2,0
0,0,-0.08345114305,-0.8345114305,0,0
0,0,-0.1078625025,-0.2441135948,1,0
0,0,-0.1336200265,-0.2575752398,1,0
0,0,-0.1763360635,-0.4271603696,1,0
0,0,-0.2446244131,-0.6828834967,2,0
0,0,-0.4443663388,-1.997419257,2,0
0,0,-0.8051908119,-3.60824473,1,0
0,0,-1.272897911,-4.677070989,0,-1
1,1,-1.854994162,-5.820962517
0,0,0,0,1,0
0,0,0.01422674232,0.1422674232,1,0
0,0,0.03233821129,0.1811146897,0,0
0,0,0.1416787388,1.093405275,2,0
0,0,0.1942768351,0.5259809632,1,0
0,0,0.2818299251,0.8755308995,2,0
0,0,0.3307666288,0.4893670373,1,0
0,0,0.446582888,1.158162592,0,0
0,0,0.7014140287,2.548311408,2,0
0,0,1.004104439,3.026904104,1,0
0,0,1.432542595,4.28438156,2,-1
1,1,1.992366696,5.598241008
0,0,0,0,1,0
0,0,0.01015487796,0.1015487796,2,0
0,0,-0.07085579497,-0.8101067293,2,0
0,0,-0.2570552801,-1.861994851,1,0
0,0,-0.4871816452,-2.301263651,1,0
0,0,-0.7881404212,-3.00958776,0,0
0,0,-1.135477604,-3.473371823,2,-1
1,1,-1.643175259,-5.07697655
0,0,0,0,1,0
0,0,-0.00178052533,-0.0178052533,1,0
0,0,-0.006830190508,-0.05049665178,2,0
0,0,-0.1119538206,-1.051236301,2,0
0,0,-0.3112297018,-1.992758812,2,0
0,0,-0.6519045767,-3.406748748,0,0
0,0,-1.006159261,-3.542546841,1,0
0,0,-1.485533402,-4.793741415,0,-1
1,1,-2.102157103,-6.166237004
0,0,0,0,1,0
0,0,0.01342167607,0.1342167607,2,0
0,0,-0.04494618143,-0.5836785749,0,0
0,0,-0.02916707227,0.1577910915,0,0
0,0,0.06761342986,0.9678050213,1,0
0,0,0.1868375273,1.192240975,2,0
0,0,0.263996196,0.7715866866,1,0
0,0,0.396836096,1.328399,2,0
0,0,0.5222146887,1.253785927,0,0
0,0,0.7964373486,2.742226599,2,0
0,0,1.115215496,3.187781471,1,0
0,0,1.56735366,4.521381642,2,-1
1,1,2.166136753,5.987830931
0,0,0,0,1,0
0,0,0.008159081793,0.08159081793,1,0
0,0,0.002776855242,-0.05382226551,0,0
0,0,0.09443312631,0.9165627107,0,0
0,0,0.2845152795,1.900821532,1,0
0,0,0.5077389556,2.232236761,0,0
0,0,0.8787835517,3.710445962,1,0
0,0,1.352890569,4.741070169,2,-1
1,1,1.950577236,5.976866673
0,0,0,0,0,0
0,0,0.09748375764,0.9748375764,2,0
0,0,0.139697729,0.422139714,0,0
0,0,0.2843812779,1.446835488,1,0
0,0,0.4713623236,1.869810458,0,0
0,0,0.8017652771,3.304029534,1,0
0,0,1.231969431,4.302041539,1,-1
1,1,1.793304194,5.61334763
0,0,0,0,0,0
0,0,0.07782839305,0.7782839305,0,0
0,0,0.2530359078,1.752075148,0,0
0,0,0.5611370922,3.081011844,2,0
0,0,0.8852006066,3.240635144,0,0
0,0,1.379225046,4.940244398,2,-1
1,1,1.996991129,6.17766083
0,0,0,0,2,0
0,0,-0.09366770265,-0.9366770265,0,0
0,0,-0.1152353572,-0.2156765459,0,0
0,0,-0.07747320241,0.3776215483,0,0
0,0,0.04693729563,1.24410498,0,0
0,0,0.2545920844,2.076547888,2,0
0,0,0.419089082,1.644969976,0,0
0,0,0.7422274876,3.231384055,1,0
0,0,1.167270761,4.250432733,0,-1
1,1,1.751655997,5.843852364
0,0,0,0,2,0
0,0,-0.08440468234,-0.8440468234,1,0
0,0,-0.1685193325,-0.8411465011,0,0
0,0,-0.1990932146,-0.3057388213,1,0
0,0,-0.2729466923,-0.738534777,1,0
0,0,-0.3933872755,-1.204405832,0,0
0,0,-0.487210178,-0.9382290256,1,0
0,0,-0.6536422525,-1.664320745,0,0
0,0,-0.8562016978,-2.025594453,2,0
0,0,-1.224765268,-3.685635697,2,-1
1,1,-1.757453133,-5.326878656
0,0,0,0,2,0
0,0,-0.08043031771,-0.8043031771,0,0
0,0,-0.09296776529,-0.1253744758,1,0
0,0,-0.1113018841,-0.1833411881,0,0
0,0,-0.07784238112,0.3345950298,2,0
0,0,-0.1370934573,-0.5925107621,0,0
0,0,-0.1470358899,-0.09942432521,1,0
0,0,-0.1956313834,-0.4859549352,0,0
0,0,-0.1970667814,-0.01435398072,1,0
0,0,-0.2474809507,-0.504141693,1,0
0,0,-0.3340192023,-0.8653825156,2,0
0,0,-0.5519089774,-2.178897751,1,0
0,0,-0.8487275413,-2.968185639,2,0
0,0,-1.315004055,-4.662765141,0,-1
1,1,-1.893999785,-5.789957295
0,0,0,0,2,0
0,0,-0.07868084338,-0.7868084338,0,0
0,0,-0.09208773577,-0.1340689238,1,0
0,0,-0.1288829798,-0.3679524403,2,0
0,0,-0.2743204772,-1.454374974,1,0
0,0,-0.4550895626,-1.807690855,0,0
0,0,-0.6416421716,-1.86552609,0,0
0,0,-0.859458319,-2.178161473,2,0
0,0,-1.250966352,-3.91508033,0,-1
1,1,-1.756518983,-5.055526309
0,0,0,0,1,0
0,0,-0.01058763713,-0.1058763713,1,0
0,0,-0.03026758406,-0.1967994693,1,0
0,0,-0.05910933383,-0.2884174977,2,0
0,0,-0.1879764455,-1.288671117,0,0
0,0,-0.2524163573,-0.6443991172,2,0
0,0,-0.4473632146,-1.949468573,0,0
0,0,-0.643095563,-1.957323484,2,0
0,0,-0.9936767438,-3.505811809,1,0
0,0,-1.457150664,-4.634739198,2,-1
1,1,-2.071591316,-6.144406527
0,0,0,0,1,0
0,0,-0.01056200887,-0.1056200887,1,0
0,0,-0.02551653303,-0.1495452416,0,0
0,0,0.02910494356,0.5462147659,1,0
0,0,0.07373284714,0.4462790358,2,0
0,0,0.05043306499,-0.2329978215,2,0
0,0,-0.04370926477,-0.9414232975,0,0
0,0,-0.05054374869,-0.06834483923,1,0
0,0,-0.07605405659,-0.255103079,2,0
0,0,-0.2199713768,-1.439173202,1,0
0,0,-0.387276063,-1.673046862,0,0
0,0,-0.5272544439,-1.39978381,1,0
0,0,-0.7407130499,-2.13458606,0,0
0,0,-0.9865034012,-2.457903513,1,0
0,0,-1.358837845,-3.723344436,2,-1
1,1,-1.889657073,-5.308192285
0,0,0,0,2,0
0,0,-0.09233424416,-0.9233424416,1,0
0,0,-0.2036881746,-1.113539304,1,0
0,0,-0.3356791291,-1.319909545,0,0
0,0,-0.4560395206,-1.203603915,2,0
0,0,-0.7289629343,-2.729234138,0,0
0,0,-1.04603217,-3.170692361,2,0
0,0,-1.534660807,-4.886286368,0,-1
1,1,-2.166439784,-6.317789772
0,0,0,0,1,0
0,0,-0.01055774161,-0.1055774161,0,0
0,0,0.06910772086,0.7966546247,2,0
0,0,0.06184525647,-0.07262464391,0,0
0,0,0.1521174996,0.9027224317,0,0
0,0,0.3669850295,2.148675298,2,0
0,0,0.5543914001,1.874063706,0,0
0,0,0.8875823116,3.331909115,1,0
0,0,1.336991849,4.494095375,2,-1
1,1,1.909201119,5.722092697
0,0,0,0,2,0
0,0,-0.07754436371,-0.7754436371,0,0
0,0,-0.06402341226,0.1352095145,1,0
0,0,-0.06477670199,-0.007532897277,0,0
0,0,0.009300410174,0.7407711216,0,0
0,0,0.1784854264,1.691850162,1,0
0,0,0.3879968069,2.095113805,2,0
0,0,0.5690858455,1.810890387,0,0
0,0,0.8980785117,3.289926662,0,0
0,0,1.396318405,4.982398933,0,-1
1,1,2.045126495,6.488080905
0,0,0,0,0,0
0,0,0.1005002615,1.005002615,1,0
0,0,0.2207918655,1.20291604,1,0
0,0,0.3876403493,1.668484838,1,0
0,0,0.6288575805,2.412172312,1,0
0,0,0.9737489468,3.448913664,1,0
0,0,1.444431467,4.706825198,1,-1
1,1,2.058077088,6.136456219
0,0,0,0,0,0
0,0,0.08209454655,0.8209454655,1,0
0,0,0.1691715869,0.8707704031,1,0
0,0,0.2948863204,1.257147335,0,0
0,0,0.5373947466,2.425084262,0,0
0,0,0.9288505686,3.91455822,1,0
0,0,1.429388099,5.005375302,1,-1
1,1,2.071273405,6.41885306
0,0,0,0,0,0
0,0,0.0835366748,0.835366748,0,0
0,0,0.2534724893,1.699358145,2,0
0,0,0.394696648,1.412241587,0,0
0,0,0.6788513501,2.841547021,0,0
0,0,1.109879825,4.310284753,1,-1
1,1,1.661304329,5.514245039
0,0,0,0,1,0
0,0,0.01354775769,0.1354775769,1,0
0,0,0.03709969315,0.2355193546,0,0
0,0,0.1539138492,1.168141561,1,0
0,0,0.2938300959,1.399162466,1,0
0,0,0.4921591651,1.983290692,2,0
0,0,0.6823456493,1.901864842,2,0
0,0,0.9026023983,2.20256749,1,0
0,0,1.247036154,3.444337554,1,-1
1,1,1.726678295,4.796421416
0,0,0,0,1,0
0,0,0.00539066545,0.0539066545,2,0
0,0,-0.08351787004,-0.8890853549,2,0
0,0,-0.2693012938,-1.857834237,1,0
0,0,-0.4883256016,-2.190243078,2,0
0,0,-0.8507581569,-3.624325554,2,0
0,0,-1.380062827,-5.2930467,2,-1
1,1,-2.05894023,-6.788774033
0,0,0,0,2,0
0,0,-0.10156647,-1.0156647,1,0
0,0,-0.2052902284,-1.037237585,2,0
0,0,-0.4156671594,-2.10376931,0,0
0,0,-0.621900568,-2.062334086,2,0
0,0,-0.9964375525,-3.745369844,2,0
0,0,-1.52600626,-5.295687078,1,-1
1,1,-2.199958763,-6.739525031
0,0,0,0,0,0
0,0,0.07297719339,0.7297719339,0,0
0,0,0.239812052,1.668348586,0,0
0,0,0.541911082,3.0209903,0,0
0,0,0.9814175874,4.395065054,1,0
0,0,1.538882688,5.57465101,0,-1
1,1,2.244552079,7.056693909
0,0,0,0,2,0
0,0,-0.1050469106,-1.050469106,1,0
0,0,-0.2352799644,-1.302330538,2,0
0,0,-0.4823270763,-2.47047112,2,0
0,0,-0.8734430689,-3.911159926,0,0
0,0,-1.325277185,-4.518341161,0,-1
1,1,-1.892175372,-5.668981869
0,0,0,0,1,0
0,0,-0.01080083813,-0.1080083813,1,0
0,0,-0.02837142839,-0.1757059026,2,0
0,0,-0.131387904,-1.030164756,1,0
0,0,-0.2522187865,-1.208308825,2,0
0,0,-0.5076507392,-2.554319526,0,0
0,0,-0.7733899308,-2.657391917,1,0
0,0,-1.135816252,-3.62426321,2,-1
1,1,-1.657088303,-5.212720517
0,0,0,0,0,0
0,0,0.0957419539,0.957419539,2,0
0,0,0.1159824245,0.2024047062,0,0
0,0,0.2528127156,1.368302911,2,0
0,0,0.3337741357,0.8096142008,2,0
0,0,0.3894347563,0.5566062064,1,0
0,0,0.5044149069,1.149801506,0,0
0,0,0.7847265673,2.803116605,1,0
0,0,1.182332113,3.976055457,1,-1
1,1,1.71226692,5.299348066
0,0,0,0,2,0
0,0,-0.09697290623,-0.9697290623,0,0
0,0,-0.1380916517,-0.4111874544,1,0
0,0,-0.2097855322,-0.7169388057,2,0
0,0,-0.4152692964,-2.054837642,0,0
0,0,-0.6085975711,-1.933282747,0,0
0,0,-0.8165269096,-2.079293384,2,0
0,0,-1.189465204,-3.729382939,0,-1
1,1,-1.669283466,-4.798182626
0,0,0,0,0,0
0,0,0.1045745217,1.045745217,1,0
0,0,0.232968901,1.283943793,0,0
0,0,0.498597926,2.65629025,1,0
0,0,0.8333474022,3.347494762,2,0
0,0,1.225178,3.918305979,2,-1
1,1,1.722436983,4.972589825
0,0,0,0,1,0
0,0,-0.004015356643,-0.04015356643,1,0
0,0,-0.01776077274,-0.137454161,0,0
0,0,0.06665984934,0.8442062208,0,0
0,0,0.2446091956,1.779493463,2,0
0,0,0.3837793055,1.391701099,1,0
0,0,0.585107919,2.013286135,0,0
0,0,0.9335475418,3.484396227,1,0
0,0,1.398864729,4.653171875,1,-1
1,1,2.002065162,6.032004332
0,0,0,0,2,0
0,0,-0.09718449935,-0.9718449935,1,0
0,0,-0.2041216121,-1.069371128,2,0
0,0,-0.4303174651,-2.26195853,1,0
0,0,-0.7325310324,-3.022135672,1,0
0,0,-1.131228208,-3.986971761,1,-1
1,1,-1.66275147,-5.315232618
0,0,0,0,2,0
0,0,-0.07696002706,-0.7696002706,1,0
0,0,-0.1626122315,-0.8565220444,1,0
0,0,-0.2629154713,-1.003032398,0,0
0,0,-0.3088040505,-0.4588857921,1,0
0,0,-0.390911971,-0.8210792051,2,0
0,0,-0.6238376913,-2.329257202,0,0
0,0,-0.8790840008,-2.552463095,0,0
0,0,-1.198358193,-3.19274192,2,-1
1,1,-1.674652524,-4.762943316
0,0,0,0,2,0
0,0,-0.09733363451,-0.9733363451,0,0
0,0,-0.1095195149,-0.1218588038,0,0
0,0,-0.05929981061,0.5021970428,2,0
0,0,-0.09839452284,-0.3909471223,1,0
0,0,-0.1576129004,-0.5921837761,2,0
0,0,-0.3144881109,-1.568752105,0,0
0,0,-0.4334298599,-1.18941749,1,0
0,0,-0.6152563155,-1.818264557,0,0
0,0,-0.8253707514,-2.101144359,2,0
0,0,-1.203400393,-3.78029642,0,-1
1,1,-1.681424744,-4.780243506
0,0,0,0,2,0
0,0,-0.09117259827,-0.9117259827,2,0
0,0,-0.2767130814,-1.855404831,2,0
0,0,-0.5895113452,-3.127982639,1,0
0,0,-0.9906273576,-4.011160123,1,0
0,0,-1.509132239,-5.185048813,0,-1
1,1,-2.167688662,-6.585564229
0,0,0,0,0,0
0,0,0.1015030691,1.015030691,1,0
0,0,0.2364925066,1.349894375,1,0
0,0,0.4214623634,1.849698568,1,0
0,0,0.6581474034,2.3668504,0,0
0,0,1.044337756,3.861903525,0,-1
1,1,1.598183872,5.538461158
0,0,0,0,0,0
0,0,0.08235890584,0.8235890584,2,0
0,0,0.08506664008,0.02707734237,0,0
0,0,0.1876256432,1.025590031,2,0
0,0,0.2276008491,0.3997520584,2,0
0,0,0.2239442886,-0.03656560432,0,0
0,0,0.3424212185,1.184769299,0,0
0,0,0.586080536,2.436593175,1,0
0,0,0.9066586492,3.205781131,0,0
0,0,1.381654759,4.749961097,1,-1
1,1,1.998011962,6.163572028
0,0,0,0,1,0
0,0,0.01163928724,0.1163928724,0,0
0,0,0.1178297312,1.06190444,1,0
0,0,0.2338022451,1.159725139,0,0
0,0,0.4835951903,2.497929452,1,0
0,0,0.7943054661,3.107102758,0,0
0,0,1.278091945,4.837864785,0,-1
1,1,1.915246636,6.371546916
0,0,0,0,1,0
0,0,0.006767114796,0.06767114796,2,0
0,0,-0.08212941498,-0.8889652977,0,0
0,0,-0.07972464757,0.02404767409,2,0
0,0,-0.1855906878,-1.058660402,1,0
0,0,-0.321092469,-1.355017813,0,0
0,0,-0.4336616042,-1.125691352,1,0
0,0,-0.6210062161,-1.873446119,0,0
0,0,-0.8264299248,-2.054237087,1,0
0,0,-1.142181976,-3.157520513,1,-1
1,1,-1.590598375,-4.484163989
0,0,0,0,2,0
0,0,-0.1035322846,-1.035322846,0,0
0,0,-0.1226595108,-0.1912722616,0,0
0,0,-0.05811146167,0.6454804913,2,0
0,0,-0.1072090798,-0.4909761813,2,0
0,0,-0.2715771134,-1.643680336,1,0
0,0,-0.4642998441,-1.927227307,0,0
0,0,-0.6439297308,-1.796298866,1,0
0,0,-0.9208857575,-2.769560268,0,0
0,0,-1.264809067,-3.439233093,0,-1
1,1,-1.724953598,-4.601445315
0,0,0,0,1,0
0,0,-0.005827251996,-0.05827251996,2,0
0,0,-0.09752877529,-0.9170152329,0,0
0,0,-0.1349974265,-0.374686512,1,0
0,0,-0.189719714,-0.5472228756,1,0
0,0,-0.281338588,-0.9161887393,0,0
0,0,-0.3306272691,-0.4928868116,0,0
0,0,-0.36404447,-0.334172009,1,0
0,0,-0.4665445426,-1.025000726,2,0
0,0,-0.7146997201,-2.481551775,1,0
0,0,-1.053178019,-3.384782993,2,0
0,0,-1.561816299,-5.086382798,2,-1
1,1,-2.217697146,-6.558808471
0,0,0,0,0,0
0,0,0.09951501113,0.9951501113,1,0
0,0,0.2162152446,1.167002335,1,0
0,0,0.3835338855,1.673186409,1,0
0,0,0.6009910535,2.17457168,1,0
0,0,0.8991458589,2.981548053,2,0
0,0,1.264369573,3.652237145,1,-1
1,1,1.761632526,4.972629525
0,0,0,0,0,0
0,0,0.07692732848,0.7692732848,2,0
0,0,0.09267761163,0.1575028315,0,0
0,0,0.2083811168,1.157035051,1,0
0,0,0.3456794118,1.37298295,0,0
0,0,0.6135258905,2.678464787,0,0
0,0,1.029242432,4.157165419,0,-1
1,1,1.602952322,5.737098896
0,0,0,0,2,0
0,0,-0.1036393685,-1.036393685,2,0
0,0,-0.2997849734,-1.961456049,1,0
0,0,-0.5551850254,-2.55400052,0,0
0,0,-0.8194906959,-2.643056704,1,0
0,0,-1.194949271,-3.754585748,0,-1
1,1,-1.674987793,-4.800385228
0,0,0,0,2,0
0,0,-0.0924173319,-0.924173319,2,0
0,0,-0.2977920304,-2.053746985,1,0
0,0,-0.5589924274,-2.61200397,1,0
0,0,-0.8895983214,-3.30605894,2,0
0,0,-1.386792399,-4.971940776,1,-1
1,1,-2.023463018,-6.366706192
0,0,0,0,0,0
0,0,0.08794024264,0.8794024264,1,0
0,0,0.1897158856,1.01775643,0,0
0,0,0.3981931923,2.084773067,0,0
0,0,0.7438453335,3.456521412,1,0
0,0,1.18767745,4.438321165,2,-1
1,1,1.729343503,5.416660535
0,0,0,0,1,0
0,0,0.00534054129,0.0534054129,2,0
0,0,-0.06897948944,-0.7432003073,1,0
0,0,-0.1471328175,-0.7815332806,1,0
0,0,-0.2591950266,-1.120622091,2,0
0,0,-0.4919552792,-2.327602526,1,0
0,0,-0.7905466346,-2.985913555,1,0
0,0,-1.204461981,-4.139153468,0,-1
1,1,-1.724889615,-5.204276337
0,0,0,0,2,0
0,0,-0.08377408136,-0.8377408136,2,0
0,0,-0.2525053175,-1.687312361,2,0
0,0,-0.554471426,-3.019661085,2,0
0,0,-1.010610875,-4.561394492,0,0
0,0,-1.542334596,-5.317237209,1,-1
1,1,-2.219670258,-6.773356623
0,0,0,0,0,0
0,0,0.098280333,0.98280333,2,0
0,0,0.1296616075,0.3138127453,2,0
0,0,0.0795893661,-0.5007224144,2,0
0,0,-0.03885739252,-1.184467586,0,0
0,0,-0.06144001557,-0.2258262305,1,0
0,0,-0.07783511319,-0.1639509762,1,0
0,0,-0.1140317472,-0.3619663399,0,0
0,0,-0.09515823401,0.1887351318,0,0
0,0,-0.01216050442,0.8299772959,0,0
0,0,0.1423257198,1.544862242,2,0
0,0,0.2473835254,1.050578055,2,0
0,0,0.2949403338,0.475568084,2,0
0,0,0.3037629097,0.0882257589,0,0
0,0,0.4600372675,1.562743579,2,0
0,0,0.6177707071,1.577334395,0,0
0,0,0.9397635074,3.219928003,2,0
0,0,1.338321366,3.985578588,1,-1
1,1,1.876568901,5.382475346
0,0,0,0,1,0
0,0,0.01389196071,0.1389196071,2,0
0,0,-0.07426797961,-0.8815994032,1,0
0,0,-0.1697645221,-0.9549654254,2,0
0,0,-0.3718308662,-2.02066344,2,0
0,0,-0.7103651994,-3.385343333,1,0
0,0,-1.135539426,-4.251742262,1,-1
1,1,-1.689980218,-5.54440792
0,0,0,0,0,0
0,0,0.09184509522,0.9184509522,0,0
0,0,0.2988037836,2.069586884,2,0
0,0,0.4726198453,1.738160617,1,0
0,0,0.7224722077,2.498523624,1,0
0,0,1.072112009,3.49639801,2,0
0,0,1.51392471,4.418127012,1,-1
1,1,2.100338189,5.864134793
0,0,0,0,2,0
0,0,-0.09605508011,-0.9605508011,1,0
0,0,-0.2073960163,-1.113409362,0,0
0,0,-0.2800025381,-0.7260652186,0,0
0,0,-0.3211342781,-0.4113173991,1,0
0,0,-0.4096733756,-0.8853909758,1,0
0,0,-0.5695423673,-1.598689916,0,0
0,0,-0.7335165689,-1.639742016,2,0
0,0,-1.062930221,-3.294136518,2,0
0,0,-1.553827102,-4.908968813,1,-1
1,1,-2.191055763,-6.372286614
0,0,0,0,0,0
0,0,0.07993799262,0.7993799262,1,0
0,0,0.1778938976,0.9795590501,2,0
0,0,0.2248308793,0.4693698171,2,0
0,0,0.2372281503,0.1239727096,2,0
0,0,0.1979342553,-0.3929389495,0,0
0,0,0.2822373531,0.8430309776,1,0
0,0,0.4252895456,1.430521925,0,0
0,0,0.7013993274,2.761097818,0,0
0,0,1.128327012,4.269276843,1,-1
1,1,1.682219958,5.538929462
0,0,0,0,2,0
0,0,-0.09210654519,-0.9210654519,2,0
0,0,-0.2831387097,-1.910321646,0,0
0,0,-0.4377710897,-1.546323799,0,0
0,0,-0.5917319435,-1.539608538,2,0
0,0,-0.9180331983,-3.263012548,1,0
0,0,-1.354054887,-4.36021689,1,-1
1,1,-1.926570104,-5.725152167
0,0,0,0,1,0
0,0,0.01150736497,0.1150736497,2,0
0,0,-0.06693326205,-0.7844062703,2,0
0,0,-0.2414711954,-1.745379333,2,0
0,0,-0.5481332768,-3.066620814,2,0
0,0,-0.9987758791,-4.506426023,2,-1
1,1,-1.611542391,-6.127665114
0,0,0,0,2,0
0,0,-0.1025191595,-1.025191595,2,0
0,0,-0.3226975447,-2.201783852,2,0
0,0,-0.6887847267,-3.660871821,2,0
0,0,-1.209960764,-5.211760371,0,-1
1,1,-1.828683664,-6.187229004
0,0,0,0,1,0
0,0,-0.01646247272,-0.1646247272,0,0
0,0,0.06482565583,0.8128812855,0,0
0,0,0.2522578964,1.874322406,1,0
0,0,0.4700275163,2.177696199,0,0
0,0,0.8458169329,3.757894166,2,0
0,0,1.283927646,4.381107132,2,-1
1,1,1.837234596,5.533069498
0,0,0,0,2,0
0,0,-0.07816862016,-0.7816862016,1,0
0,0,-0.1609509331,-0.8278231298,0,0
0,0,-0.1865352816,-0.2558434847,2,0
0,0,-0.3283171909,-1.417819093,1,0
0,0,-0.5396356362,-2.113184453,0,0
0,0,-0.7685011992,-2.28865563,2,0
0,0,-1.160948594,-3.92447395,1,-1
1,1,-1.687544995,-5.265964008
0,0,0,0,0,0
0,0,0.0830273602,0.830273602,2,0
0,0,0.1014549972,0.18427637,0,0
0,0,0.2356983804,1.342433832,0,0
0,0,0.5043561462,2.686577658,0,0
0,0,0.9294605614,4.251044152,2,0
0,0,1.423001592,4.935410305,1,-1
1,1,2.059115915,6.361143232
0,0,0,0,2,0
0,0,-0.09505461588,-0.9505461588,2,0
0,0,-0.2995227236,-2.044681077,2,0
0,0,-0.6279790223,-3.284562988,1,0
0,0,-1.049902302,-4.219232793,2,-1
1,1,-1.631870752,-5.819684506
0,0,0,0,0,0
0,0,0.08473694402,0.8473694402,1,0
0,0,0.1719231183,0.8718617425,1,0
0,0,0.2781198784,1.061967602,2,0
0,0,0.3485401814,0.7042030295,0,0
0,0,0.5522019726,2.036617912,1,0
0,0,0.8534432719,3.012412993,0,0
0,0,1.323019353,4.695760816,1,-1
1,1,1.926564809,6.035454555
0,0,0,0,2,0
0,0,-0.07240251332,-0.7240251332,0,0
0,0,-0.07566130729,-0.03258793977,0,0
0,0,-0.01314369294,0.6251761435,0,0
0,0,0.1453875943,1.585312873,2,0
0,0,0.2243654438,0.7897784944,1,0
0,0,0.3390210771,1.146556334,2,0
0,0,0.4233994718,0.8437839468,1,0
0,0,0.579154039,1.557545672,0,0
0,0,0.9062651225,3.271110836,2,0
0,0,1.289522812,3.832576893,1,-1
1,1,1.812964158,5.234413467
0,0,0,0,2,0
0,0,-0.07620788218,-0.7620788218,2,0
0,0,-0.2530430834,-1.768352012,2,0
0,0,-0.5547065286,-3.016634452,1,0
0,0,-0.9384244254,-3.837178968,2,0
0,0,-1.488568229,-5.501438039,1,-1
1,1,-2.182379354,-6.938111246
0,0,0,0,0,0
0,0,0.07816794378,0.7816794378,1,0
0,0,0.1601146678,0.8194672403,1,0
0,0,0.256491547,0.9637687918,2,0
0,0,0.2955989821,0.3910743513,0,0
0,0,0.4635858443,1.679868622,1,0
0,0,0.7002866898,2.367008455,0,0
0,0,1.09303393,3.927472401,2,-1
1,1,1.582012992,4.889790616
0,0,0,0,2,0
0,0,-0.09829079112,-0.9829079112,1,0
0,0,-0.2111842869,-1.128934958,1,0
0,0,-0.3690085856,-1.578242987,2,0
0,0,-0.673423574,-3.044149884,1,0
0,0,-1.063058364,-3.896347898,0,0
0,0,-1.531972741,-4.68914377,0,-1
1,1,-2.143693491,-6.117207497
0,0,0,0,1,0
0,0,0.01643911276,0.1643911276,0,0
0,0,0.1255945579,1.091554451,0,0
0,0,0.351472018,2.2587746,2,0
0,0,0.5516058434,2.001338255,1,0
0,0,0.8244288824,2.72823039,0,0
0,0,1.256261425,4.318325429,1,-1
1,1,1.822549714,5.662882884
0,0,0,0,0,0
0,0,0.1022405924,1.022405924,1,0
0,0,0.2292077653,1.269671729,2,0
0,0,0.3150829243,0.8587515901,2,0
0,0,0.3543308539,0.3924792963,0,0
0,0,0.5413222072,1.869913533,0,0
0,0,0.890500861,3.491786538,1,0
0,0,1.360968347,4.704674857,1,-1
1,1,1.969537574,6.085692273
0,0,0,0,0,0
0,0,0.1033790442,1.033790442,2,0
0,0,0.1369087901,0.3352974594,2,0
0,0,0.1071094676,-0.2979932252,2,0
0,0,0.002226056854,-1.048834107,1,0
0,0,-0.08548505987,-0.8771111673,0,0
0,0,-0.1043015655,-0.1881650567,2,0
0,0,-0.2448409892,-1.405394236,2,0
0,0,-0.49831452,-2.534735308,2,0
0,0,-0.904890067,-4.065755469,0,0
0,0,-1.377188628,-4.722985607,2,-1
1,1,-2.005277182,-6.280885541
0,0,0,0,2,0
0,0,-0.07460815555,-0.7460815555,1,0
0,0,-0.1670247043,-0.9241654874,2,0
0,0,-0.3890267536,-2.220020493,1,0
0,0,-0.686710028,-2.976832744,2,0
0,0,-1.142157462,-4.554474338,2,-1
1,1,-1.759207888,-6.170504257
0,0,0,0,1,0
0,0,0.01549873157,0.1549873157,1,0
0,0,0.04249533769,0.2699660611,1,0
0,0,0.06380429967,0.2130896198,2,0
0,0,0.004193340521,-0.5961095915,0,0
0,0,0.03828738793,0.3409404741,0,0
0,0,0.1752716408,1.369842528,2,0
0,0,0.2552771027,0.8000546192,2,0
0,0,0.3040550303,0.4877792766,2,0
0,0,0.3295302127,0.2547518234,2,0
0,0,0.3249669345,-0.0456327817,2,0
0,0,0.2818072615,-0.4315967301,2,0
0,0,0.2049059525,-0.7690130902,2,0
0,0,0.0924006918,-1.125052607,1,0
0,0,-0.003659260074,-0.9605995188,2,0
0,0,-0.1829591772,-1.792999171,2,0
0,0,-0.4745781652,-2.916189881,2,0
0,0,-0.9031572026,-4.285790374,0,0
0,0,-1.400557791,-4.974005888,0,-1
1,1,-2.022932321,-6.223745294
0,0,0,0,2,0
0,0,-0.09871044099,-0.9871044099,0,0
0,0,-0.1223337359,-0.2362329496,0,0
0,0,-0.09404073074,0.2829300521,2,0
0,0,-0.1623006839,-0.6825995321,1,0
0,0,-0.2692339369,-1.06933253,0,0
0,0,-0.3375101892,-0.6827625233,0,0
0,0,-0.3782990826,-0.4078889336,1,0
0,0,-0.4882106308,-1.099115482,2,0
0,0,-0.738982056,-2.507714251,0,0
0,0,-1.032024331,-2.930422749,1,0
0,0,-1.453322897,-4.212985659,1,-1
1,1,-2.019386086,-5.660631894
0,0,0,0,2,0
0,0,-0.1019107816,-1.019107816,2,0
0,0,-0.3262263453,-2.243155637,0,0
0,0,-0.5043427618,-1.781164165,0,0
0,0,-0.6923034121,-1.879606503,1,0
0,0,-0.9906232171,-2.98319805,2,0
0,0,-1.450782713,-4.601594963,2,-1
1,1,-2.063073532,-6.122908182
0,0,0,0,0,0
0,0,0.09809747848,0.9809747848,0,0
0,0,0.2971058142,1.990083357,2,0
0,0,0.4673805163,1.702747021,1,0
0,0,0.6973876595,2.300071433,0,0
0,0,1.099210094,4.018224341,1,-1
1,1,1.631815968,5.326058743
0,0,0,0,2,0
0,0,-0.1040828886,-1.040828886,2,0
0,0,-0.2965099093,-1.924270207,0,0
0,0,-0.4588531445,-1.623432352,1,0
0,0,-0.6790316316,-2.201784872,2,0
0,0,-1.069852465,-3.908208334,0,0
0,0,-1.540575239,-4.707227735,2,-1
1,1,-2.159276064,-6.187008253
0,0,0,0,1,0
0,0,0.0001621623337,0.001621623337,1,0
0,0,-0.002890499756,-0.0305266209,1,0
0,0,-0.02401474908,-0.2112424932,2,0
0,0,-0.1218171522,-0.9780240307,1,0
0,0,-0.2347912734,-1.129741212,2,0
0,0,-0.4876902153,-2.528989419,1,0
0,0,-0.8031041195,-3.154139043,2,0
0,0,-1.286443434,-4.833393144,1,-1
1,1,-1.904171628,-6.177281938
0,0,0,0,0,0
0,0,0.1029044032,1.029044032,1,0
0,0,0.2336968387,1.307924355,2,0
0,0,0.3308517337,0.9715489506,2,0
0,0,0.403819102,0.7296736823,1,0
0,0,0.5569045036,1.530854016,0,0
0,0,0.8683893247,3.11484821,0,0
0,0,1.336553929,4.681646042,1,-1
1,1,1.940652051,6.040981218
0,0,0,0,0,0
0,0,0.09595862188,0.9595862188,2,0
0,0,0.1169514978,0.2099287591,0,0
0,0,0.2538180208,1.36866523,2,0
0,0,0.3632504837,1.094324629,2,0
0,0,0.4424538676,0.7920338394,1,0
0,0,0.6071439428,1.646900752,1,0
0,0,0.8698294613,2.626855185,0,0
0,0,1.297514414,4.276849523,0,-1
1,1,1.882330387,5.848159732
0,0,0,0,1,0
0,0,-0.006351723452,-0.06351723452,0,0
0,0,0.07023016156,0.7658188501,1,0
0,0,0.1435136136,0.7328345208,1,0
0,0,0.2251414173,0.8162780369,2,0
0,0,0.2719800856,0.4683866824,1,0
0,0,0.3782698747,1.062897891,2,0
0,0,0.4803798424,1.021099677,0,0
0,0,0.7199980215,2.39618179,2,0
0,0,0.997379942,2.773819206,1,0
0,0,1.39537491,3.979949676,2,-1
1,1,1.921055473,5.25680563
0,0,0,0,2,0
0,0,-0.08381385977,-0.8381385977,1,0
0,0,-0.1666287421,-0.8281488237,2,0
0,0,-0.3713697758,-2.047410337,1,0
0,0,-0.6379767659,-2.666069901,0,0
0,0,-0.93698796,-2.990111941,2,0
0,0,-1.395038926,-4.580509665,2,-1
1,1,-2.006983575,-6.119446486
0,0,0,0,0,0
0,0,0.0951705298,0.951705298,0,0
0,0,0.2938240761,1.986535463,1,0
0,0,0.5423176371,2.48493561,1,0
0,0,0.8855565819,3.432389448,0,0
0,0,1.381557257,4.96000675,0,-1
1,1,2.03121936,6.496621036
0,0,0,0,2,0
0,0,-0.1022178128,-1.022178128,1,0
0,0,-0.2143860786,-1.121682658,1,0
0,0,-0.3606952261,-1.463091474,2,0
0,0,-0.6429148083,-2.822195822,0,0
0,0,-0.9531715548,-3.102567465,2,0
0,0,-1.429635999,-4.764644445,0,-1
1,1,-2.036977761,-6.073417618
0,0,0,0,0,0
0,0,0.09895477917,0.9895477917,2,0
0,0,0.1377223536,0.3876757447,2,0
0,0,0.09594030938,-0.4178204425,1,0
0,0,0.05542881073,-0.4051149865,0,0
0,0,0.1021857133,0.4675690259,1,0
0,0,0.1713408758,0.6915516251,1,0
0,0,0.2755022869,1.04161411,2,0
0,0,0.3546928846,0.7919059776,2,0
0,0,0.408957407,0.542645224,2,0
0,0,0.4373938485,0.2843644147,0,0
0,0,0.6031458906,1.657520421,1,0
0,0,0.8586338216,2.55487931,1,0
0,0,1.22748259,3.688487681,2,-1
1,1,1.708326739,4.808441494
0,0,0,0,1,0
0,0,0.01116726554,0.1116726554,1,0
0,0,0.0366926086,0.2552534306,1,0
0,0,0.06634220998,0.2964960138,2,0
0,0,0.02550061801,-0.4084159197,1,0
0,0,0.001484719334,-0.2401589867,1,0
0,0,-0.03316215501,-0.3464687435,0,0
0,0,0.0122656085,0.4542776351,0,0
0,0,0.1400187984,1.277531899,0,0
0,0,0.3886298511,2.486110527,2,0
0,0,0.6327799804,2.441501293,2,0
0,0,0.8885216444,2.55741664,2,0
0,0,1.206409413,3.17887769,1,-1
1,1,1.662946384,4.565369702
0,0,0,0,0,0
0,0,0.09726680787,0.9726680787,0,0
0,0,0.2967482185,1.994814106,1,0
0,0,0.5295170967,2.327688782,0,0
0,0,0.9113565532,3.818394565,2,0
0,0,1.354663753,4.433071995,0,-1
1,1,1.951273586,5.966098331
0,0,0,0,0,0
0,0,0.07520411312,0.7520411312,1,0
0,0,0.1672471269,0.9204301377,1,0
0,0,0.2975995659,1.30352439,0,0
0,0,0.5546185209,2.57018955,1,0
0,0,0.9053415318,3.507230109,1,0
0,0,1.372000087,4.666585553,2,-1
1,1,1.96444882,5.92448733
0,0,0,0,1,0
0,0,0.004443609554,0.04443609554,2,0
0,0,-0.09505492993,-0.9949853948,2,0
0,0,-0.3063694267,-2.113144967,0,0
0,0,-0.4777754145,-1.714059878,0,0
0,0,-0.6604396132,-1.826641987,1,0
0,0,-0.9270848514,-2.666452382,0,0
0,0,-1.264850997,-3.377661458,0,-1
1,1,-1.712975015,-4.481240175
0,0,0,0,2,0
0,0,-0.09723775853,-0.9723775853,1,0
0,0,-0.2255335787,-1.282958202,1,0
0,0,-0.4032313701,-1.776977914,0,0
0,0,-0.5811476179,-1.779162478,0,0
0,0,-0.7705455012,-1.893978833,0,0
0,0,-1.00241175,-2.318662487,0,0
0,0,-1.312170654,-3.09758904,2,-1
1,1,-1.784715525,-4.725448712
0,0,0,0,1,0
0,0,0.008939948264,0.08939948264,1,0
0,0,0.02456538581,0.1562543755,0,0
0,0,0.135039319,1.104739332,0,0
0,0,0.3429914689,2.079521499,2,0
0,0,0.5345017041,1.915102351,1,0
0,0,0.8003730144,2.658713103,1,0
0,0,1.167134046,3.667610312,0,-1
1,1,1.690823613,5.236895671
0,0,0,0,1,0
0,0,-0.01408881689,-0.1408881689,0,0
0,0,0.06207349138,0.7616230827,0,0
0,0,0.2501507638,1.880772725,2,0
0,0,0.3926116663,1.424609024,0,0
0,0,0.6638229546,2.712112883,0,0
0,0,1.101197908,4.373749537,0,-1
1,1,1.700183079,5.989851704
0,0,0,0,0,0
0,0,0.07304515096,0.7304515096,0,0
0,0,0.2324787255,1.594335745,1,0
0,0,0.4356460493,2.031673239,0,0
0,0,0.787034764,3.513887146,0,0
0,0,1.302793828,5.157590638,2,-1
1,1,1.933276063,6.304822353
0,0,0,0,1,0
0,0,0.01279072047,0.1279072047,1,0
0,0,0.043006678,0.3021595754,0,0
0,0,0.1746999905,1.316933125,1,0
0,0,0.3522311954,1.775312049,1,0
0,0,0.5830359665,2.308047711,1,0
0,0,0.8906393384,3.076033719,2,0
0,0,1.257941543,3.67302205,2,-1
1,1,1.735156679,4.77215136
0,0,0,0,2,0
0,0,-0.1033447675,-1.033447675,1,0
0,0,-0.222976291,-1.196315235,2,0
0,0,-0.4501125585,-2.271362675,1,0
0,0,-0.7610456162,-3.109330577,2,0
0,0,-1.23529861,-4.742529938,0,-1
1,1,-1.814533869,-5.792352591
0,0,0,0,2,0
0,0,-0.09895612469,-0.9895612469,1,0
0,0,-0.2247651202,-1.258089956,2,0
0,0,-0.4760192397,-2.512541195,2,0
0,0,-0.8864371467,-4.10417907,1,0
0,0,-1.413558447,-5.271213005,2,-1
1,1,-2.093604328,-6.800458812
0,0,0,0,1,0
0,0,0.01760978629,0.1760978629,2,0
0,0,-0.05469304403,-0.7230283033,1,0
0,0,-0.1297757176,-0.7508267354,0,0
0,0,-0.1262593364,0.03516381189,0,0
0,0,-0.06723569955,0.5902363684,1,0
0,0,-0.02301248799,0.4422321156,0,0
0,0,0.08949593405,1.12508422,0,0
0,0,0.3058331457,2.163372117,1,0
0,0,0.5567922277,2.50959082,0,0
0,0,0.975375402,4.185831743,0,0
0,0,1.548425472,5.730500696,1,-1
1,1,2.267247502,7.188220305
0,0,0,0,1,0
0,0,-0.005451777654,-0.05451777654,2,0
0,0,-0.1146467473,-1.091949696,0,0
0,0,-0.1524779979,-0.3783125062,2,0
0,0,-0.3124796756,-1.600016777,1,0
0,0,-0.53313978,-2.206601043,0,0
0,0,-0.7756541338,-2.425143539,2,0
0,0,-1.19287469,-4.172205565,0,-1
1,1,-1.709601607,-5.167269168
0,0,0,0,1,0
0,0,-0.01746268659,-0.1746268659,0,0
0,0,0.04630420626,0.6376689285,0,0
0,0,0.191367242,1.450630358,0,0
0,0,0.4621292164,2.707619744,2,0
0,0,0.738767488,2.766382716,1,0
0,0,1.117401124,3.786336359,1,-1
1,1,1.629636776,5.122356525
0,0,0,0,1,0
0,0,0.01334490762,0.1334490762,0,0
0,0,0.1183350647,1.049901571,0,0
0,0,0.3270905121,2.087554474,1,0
0,0,0.5782958217,2.512053096,0,0
0,0,0.9788337057,4.005378839,1,0
0,0,1.490984639,5.121509335,1,-1
1,1,2.146116071,6.551314316
0,0,0,0,0,0
0,0,0.09762329395,0.9762329395,1,0
0,0,0.2266774322,1.290541382,0,0
0,0,0.4874062833,2.607288512,1,0
0,0,0.8153310328,3.279247495,2,0
0,0,1.195059227,3.797281941,2,-1
1,1,1.677763776,4.827045492
0,0,0,0,1,0
0,0,-0.0009526394276,-0.009526394276,1,0
0,0,-0.0008809961979,0.0007164322965,1,0
0,0,0.000893609228,0.01774605426,1,0
0,0,-0.00679959491,-0.07693204138,0,0
0,0,0.05967638105,0.6647597596,1,0
0,0,0.1528324648,0.9315608375,0,0
0,0,0.345350045,1.925175802,1,0
0,0,0.6050885253,2.597384804,2,0
0,0,0.8807524668,2.756639414,0,0
0,0,1.32276839,4.420159232,1,-1
1,1,1.90399185,5.812234601
0,0,0,0,0,0
0,0,0.09141793951,0.9141793951,1,0
0,0,0.1899498637,0.985319242,2,0
0,0,0.2208080696,0.3085820591,0,0
0,0,0.3585252754,1.377172058,2,0
0,0,0.4610568884,1.02531613,2,0
0,0,0.553980477,0.9292358854,2,0
0,0,0.6490113424,0.9503086549,0,0
0,0,0.9001794707,2.511681283,2,0
0,0,1.209468114,3.092886435,1,-1
1,1,1.651111432,4.41643318
0,0,0,0,2,0
0,0,-0.07072692833,-0.7072692833,1,0
0,0,-0.1484501567,-0.7772322839,2,0
0,0,-0.3402320668,-1.917819101,1,0
0,0,-0.5806382907,-2.404062238,2,0
0,0,-0.9742652341,-3.936269434,2,0
0,0,-1.526047788,-5.517825544,1,-1
1,1,-2.222703985,-6.966561968
0,0,0,0,2,0
0,0,-0.07648879146,-0.7648879146,1,0
0,0,-0.1488321148,-0.7234332332,1,0
0,0,-0.2325986707,-0.8376655594,1,0
0,0,-0.3705905629,-1.379918922,2,0
0,0,-0.6563418423,-2.857512794,0,0
0,0,-0.9660831105,-3.097412681,0,0
0,0,-1.355338681,-3.892555704,2,-1
1,1,-1.903147034,-5.478083533
0,0,0,0,1,0
0,0,-0.006427963841,-0.06427963841,2,0
0,0,-0.1016222805,-0.9519431668,1,0
0,0,-0.2241064873,-1.224842068,0,0
0,0,-0.3157359328,-0.9162944553,0,0
0,0,-0.3841611657,-0.6842523285,2,0
0,0,-0.5833214053,-1.991602396,0,0
0,0,-0.8138605427,-2.305391374,0,0
0,0,-1.101482552,-2.876220092,2,0
0,0,-1.557018642,-4.555360904,0,-1
1,1,-2.157968273,-6.009496305
0,0,0,0,1,0
0,0,0.0005321645843,0.005321645843,0,0
0,0,0.07750429284,0.7697212826,0,0
0,0,0.2398243933,1.623201004,0,0
0,0,0.5125194005,2.726950073,0,0
0,0,0.9426745238,4.301551233,1,0
0,0,1.493201651,5.505271267,2,-1
1,1,2.180347539,6.871458884
0,0,0,0,2,0
0,0,-0.1012416753,-1.012416753,0,0
0,0,-0.1417492043,-0.4050752896,1,0
0,0,-0.194983227,-0.5323402273,0,0
0,0,-0.2111845882,-0.1620136115,1,0
0,0,-0.2677509804,-0.5656639225,0,0
0,0,-0.2731996272,-0.05448646824,2,0
0,0,-0.4236700519,-1.504704247,2,0
0,0,-0.7147463467,-2.910762948,1,0
0,0,-1.115092784,-4.00346437,0,-1
1,1,-1.606304728,-4.912119445
0,0,0,0,0,0
0,0,0.07320009028,0.7320009028,1,0
0,0,0.1583934883,0.85193398,0,0
0,0,0.3697921572,2.113986689,2,0
0,0,0.5573101666,1.875180094,0,0
0,0,0.9050819583,3.477717917,2,0
0,0,1.313668452,4.085864937,0,-1
1,1,1.877129429,5.634609774
0,0,0,0,2,0
0,0,-0.0943934966,-0.943934966,2,0
0,0,-0.3019855153,-2.075920187,0,0
0,0,-0.4803374383,-1.78351923,2,0
0,0,-0.7943022541,-3.139648158,2,0
0,0,-1.274094287,-4.797920326,2,-1
1,1,-1.906409581,-6.32315294
0,0,0,0,2,0
0,0,-0.08138534113,-0.8138534113,0,0
0,0,-0.1030872423,-0.2170190117,2,0
0,0,-0.2355367946,-1.324495523,0,0
0,0,-0.3211944607,-0.8565766604,1,0
0,0,-0.4509204296,-1.297259689,0,0
0,0,-0.5894810283,-1.385605987,2,0
0,0,-0.8858081605,-2.963271321,0,0
0,0,-1.24658875,-3.607805896,1,-1
1,1,-1.745519664,-4.989309138
0,0,0,0,2,0
0,0,-0.08511902003,-0.8511902003,2,0
0,0,-0.2782209319,-1.931019119,2,0
0,0,-0.6094130501,-3.311921182,2,0
0,0,-1.083403386,-4.739903354,1,-1
1,1,-1.671675878,-5.882724928
0,0,0,0,1,0
0,0,0.01326616474,0.1326616474,0,0
0,0,0.1024333112,0.8916714643,0,0
0,0,0.3068059435,2.043726323,0,0
0,0,0.645233676,3.384277326,1,0
0,0,1.059498945,4.14265269,2,0
0,0,1.557801234,4.983022889,1,-1
1,1,2.20255962,6.447583859
0,0,0,0,2,0
0,0,-0.08817572949,-0.8817572949,2,0
0,0,-0.2838815043,-1.957057749,1,0
0,0,-0.5391104068,-2.552289025,1,0
0,0,-0.8627741441,-3.236637373,0,0
0,0,-1.250189615,-3.874154708,0,-1
1,1,-1.744331244,-4.941416295
0,0,0,0,1,0
0,0,-0.002151399394,-0.02151399394,0,0
0,0,0.07296182582,0.7511322521,2,0
0,0,0.06049616292,-0.124656629,1,0
0,0,0.04610632381,-0.1438983911,1,0
0,0,0.046995975,0.008896511856,2,0
0,0,-0.03758903578,-0.8458501077,1,0
0,0,-0.142453064,-1.048640283,2,0
0,0,-0.3580115418,-2.155584777,1,0
0,0,-0.6235005212,-2.654889794,1,0
0,0,-0.9705439447,-3.470434235,1,0
0,0,-1.434830862,-4.642869177,0,-1
1,1,-2.030967609,-5.961367467
0,0,0,0,1,0
0,0,0.006303888205,0.06303888205,2,0
0,0,-0.07859819508,-0.8490208329,0,0
0,0,-0.0986276053,-0.2002941021,2,0
0,0,-0.2361480285,-1.375204232,0,0
0,0,-0.3277800496,-0.9163202108,0,0
0,0,-0.3847781381,-0.5699808856,2,0
0,0,-0.5993366276,-2.145584894,1,0
0,0,-0.8927087493,-2.933721218,2,0
0,0,-1.346784375,-4.540756259,2,-1
1,1,-1.958215844,-6.114314691
0,0,0,0,1,0
0,0,-0.009560201691,-0.09560201691,0,0
0,0,0.04991309418,0.5947329587,2,0
0,0,0.01274221681,-0.3717087738,1,0
0,0,-0.02405851377,-0.3680073058,2,0
0,0,-0.1574611993,-1.334026855,1,0
0,0,-0.3085369339,-1.510757346,0,0
0,0,-0.4361399242,-1.276029903,0,0
0,0,-0.5597931424,-1.236532182,1,0
0,0,-0.7731626221,-2.133694797,2,0
0,0,-1.156661785,-3.834991633,2,-1
1,1,-1.705837478,-5.491756929
0,0,0,0,0,0
0,0,0.09383911411,0.9383911411,0,0
0,0,0.2990674789,2.052283648,2,0
0,0,0.4831940665,1.841265877,0,0
0,0,0.8105899927,3.273959261,0,0
0,0,1.289808573,4.7921858,2,-1
1,1,1.881602794,5.917942212
0,0,0,0,2,0
0,0,-0.08125381854,-0.8125381854,0,0
0,0,-0.07637815407,0.04875664467,2,0
0,0,-0.1731810801,-0.9680292602,0,0
0,0,-0.2039316932,-0.3075061314,1,0
0,0,-0.2648468868,-0.6091519356,1,0
0,0,-0.3535423549,-0.8869546812,1,0
0,0,-0.4908086264,-1.372662715,1,0
0,0,-0.6915653047,-2.007566783,2,0
0,0,-1.052690167,-3.611248624,0,0
0,0,-1.5053297,-4.526395327,2,-1
1,1,-2.107913003,-6.025833034
0,0,0,0,1,0
0,0,0.005409506661,0.05409506661,0,0
0,0,0.1016520035,0.9624249685,2,0
0,0,0.1326363035,0.3098430003,1,0
0,0,0.1713615329,0.3872522936,0,0
0,0,0.3301809289,1.58819396,2,0
0,0,0.4679123222,1.377313933,0,0
0,0,0.7638759818,2.959636596,1,0
0,0,1.15153193,3.876559478,2,-1
1,1,1.638037902,4.865059723
0,0,0,0,1,0
0,0,-0.01621343469,-0.1621343469,0,0
0,0,0.04301625909,0.5922969378,2,0
0,0,0.02567134995,-0.1734490914,2,0
0,0,-0.08630095315,-1.119723031,0,0
0,0,-0.1240084331,-0.3770747999,0,0
0,0,-0.1044013631,0.1960707004,1,0
0,0,-0.09797883929,0.06422523811,0,0
0,0,-0.03336752411,0.6461131518,0,0
0,0,0.1079086638,1.412761879,2,0
0,0,0.18163555,0.7372688616,2,0
0,0,0.1852102489,0.03574698874,2,0
0,0,0.1172114299,-0.6799881897,2,0
0,0,-0.00675525176,-1.239666817,1,0
0,0,-0.1268433325,-1.200880808,0,0
0,0,-0.170090707,-0.4324737448,2,0
0,0,-0.3222037172,-1.521130102,1,0
0,0,-0.5143902563,-1.921865391,2,0
0,0,-0.8721443847,-3.577541284,1,0
0,0,-1.332741359,-4.605969747,1,-1
1,1,-1.929178187,-5.964368277
0,0,0,0,2,0
0,0,-0.08671693105,-0.8671693105,2,0
0,0,-0.2826834506,-1.959665195,1,0
0,0,-0.535214466,-2.525310154,1,0
0,0,-0.8556026252,-3.203881592,0,0
0,0,-1.238819749,-3.832171242,2,-1
1,1,-1.778363839,-5.3954409
0,0,0,0,0,0
0,0,0.0879803325,0.879803325,1,0
0,0,0.1893764138,1.013960813,1,0
0,0,0.3119772512,1.226008374,0,0
0,0,0.5806049182,2.686276669,2,0
0,0,0.868319339,2.877144209,1,0
0,0,1.260035044,3.917157054,1,-1
1,1,1.789467019,5.294319742
0,0,0,0,0,0
0,0,0.09222318055,0.9222318055,2,0
0,0,0.1016339725,0.09410791946,2,0
0,0,0.02939625126,-0.7223772124,2,0
0,0,-0.117950531,-1.473467823,0,0
0,0,-0.1831505847,-0.6520005371,0,0
0,0,-0.1913401671,-0.08189582408,1,0
0,0,-0.2304895079,-0.3914934081,1,0
0,0,-0.2938840816,-0.6339457366,2,0
0,0,-0.4874288304,-1.935447488,2,0
0,0,-0.8291804152,-3.417515848,2,0
0,0,-1.341636861,-5.124564456,0,-1
1,1,-1.97112059,-6.294837291
0,0,0,0,2,0
0,0,-0.08029984682,-0.8029984682,2,0
0,0,-0.265731767,-1.854319202,2,0
0,0,-0.5707999627,-3.050681957,2,0
0,0,-1.039018295,-4.682183321,1,-1
1,1,-1.625443243,-5.864249482
0,0,0,0,0,0
0,0,0.09068762545,0.9068762545,0,0
0,0,0.2881489195,1.974612941,2,0
0,0,0.4608861069,1.727371873,0,0
0,0,0.7681201284,3.072340216,0,0
0,0,1.231451578,4.633314499,0,-1
1,1,1.85554626,6.240946813
0,0,0,0,0,0
0,0,0.08220916073,0.8220916073,0,0
0,0,0.2506001151,1.683909544,1,0
0,0,0.4545532598,2.039531447,0,0
0,0,0.7911160007,3.365627409,2,0
0,0,1.167006153,3.758901524,2,-1
1,1,1.644246086,4.772399326
0,0,0,0,1,0
0,0,-0.003905918557,-0.03905918557,1,0
0,0,-0.01768198793,-0.1377606937,1,0
0,0,-0.03880506831,-0.2112308038,1,0
0,0,-0.05836997146,-0.1956490315,1,0
0,0,-0.08603147682,-0.2766150536,0,0
0,0,-0.03680956106,0.4922191576,1,0
0,0,-0.008862058462,0.279475026,2,0
0,0,-0.05761527766,-0.487532192,2,0
0,0,-0.2216368431,-1.640215654,1,0
0,0,-0.4070760986,-1.854392556,0,0
0,0,-0.5655682606,-1.584921619,0,0
0,0,-0.7495632244,-1.839949638,2,0
0,0,-1.093125753,-3.435625281,0,0
0,0,-1.530494667,-4.373689148,2,-1
1,1,-2.116453281,-5.859586132
0,0,0,0,0,0
0,0,0.09585254389,0.9585254389,2,0
0,0,0.1326493229,0.3679677904,2,0
0,0,0.09047291049,-0.4217641245,0,0
0,0,0.1677507347,0.772778242,2,0
0,0,0.188273967,0.2052323236,2,0
0,0,0.1475814921,-0.4069247491,1,0
0,0,0.124007412,-0.2357408012,1,0
0,0,0.1092607625,-0.1474664953,1,0
0,0,0.09968410967,-0.09576652816,2,0
0,0,0.03213644757,-0.675476621,2,0
0,0,-0.1116334439,-1.437698915,2,0
0,0,-0.3566814343,-2.450479904,1,0
0,0,-0.6422830155,-2.856015811,1,0
0,0,-1.02327075,-3.809877344,1,0
0,0,-1.521687037,-4.984162869,2,-1
1,1,-2.168263853,-6.465768166
0,0,0,0,2,0
0,0,-0.08215164045,-0.8215164045,1,0
0,0,-0.1621086042,-0.7995696377,1,0
0,0,-0.2775908883,-1.154822841,0,0
0,0,-0.3584311641,-0.8084027576,1,0
0,0,-0.4870447051,-1.28613541,2,0
0,0,-0.7743630787,-2.873183737,2,0
0,0,-1.226971062,-4.526079835,2,-1
1,1,-1.838481591,-6.115105289
0,0,0,0,2,0
0,0,-0.07209063684,-0.7209063684,0,0
0,0,-0.08600192224,-0.139112854,0,0
0,0,-0.02746578147,0.5853614076,1,0
0,0,0.03320884034,0.6067462182,2,0
0,0,0.01941106092,-0.1379777942,0,0
0,0,0.08505233357,0.6564127265,0,0
0,0,0.260574636,1.755223025,1,0
0,0,0.4694742015,2.088995655,0,0
0,0,0.8365993965,3.671251949,1,0
0,0,1.30573835,4.691389538,1,-1
1,1,1.909645119,6.039067689
0,0,0,0,2,0
0,0,-0.1046491661,-1.046491661,0,0
0,0,-0.1542236685,-0.4957450239,0,0
0,0,-0.1546340962,-0.004104276402,0,0
0,0,-0.08234390753,0.7229018865,0,0
0,0,0.04789771934,1.302416269,1,0
0,0,0.170033663,1.221359436,2,0
0,0,0.2245770755,0.5454341252,1,0
0,0,0.3212322498,0.9665517428,1,0
0,0,0.4699311362,1.486988864,0,0
0,0,0.7812907413,3.113596052,1,0
0,0,1.201311111,4.200203694,1,-1
1,1,1.75567464,5.543635296
0,0,0,0,2,0
0,0,-0.0958022611,-0.958022611,0,0
0,0,-0.1235429096,-0.2774064849,0,0
0,0,-0.07373355681,0.4980935278,1,0
0,0,-0.03791016881,0.35823388,1,0
0,0,0.005679837532,0.4359000634,1,0
0,0,0.04554439616,0.3986455863,2,0
0,0,0.01163477964,-0.3390961652,1,0
0,0,-0.03620073893,-0.4783551858,1,0
0,0,-0.07347284768,-0.3727210875,1,0
0,0,-0.1225004402,-0.4902759251,2,0
0,0,-0.2914012791,-1.68900839,2,0
0,0,-0.6023959164,-3.109946373,2,0
0,0,-1.068716567,-4.663206502,2,-1
1,1,-1.689764687,-6.210481207
0,0,0,0,0,0
0,0,0.08904623758,0.8904623758,1,0
0,0,0.2093655556,1.20319318,2,0
0,0,0.2693986686,0.6003311302,2,0
0,0,0.2809229963,0.1152432768,2,0
0,0,0.2694739602,-0.1144903609,0,0
0,0,0.3774286582,1.07954698,1,0
0,0,0.5497030826,1.722744244,0,0
0,0,0.8737609325,3.240578499,2,0
0,0,1.259258045,3.854971124,0,-1
1,1,1.803257226,5.439991815
0,0,0,0,1,0
0,0,0.005916350846,0.05916350846,0,0
0,0,0.09122869631,0.8531234546,0,0
0,0,0.2625353222,1.713066259,0,0
0,0,0.5715126069,3.089772847,1,0
0,0,0.9738237351,4.023111282,0,0
0,0,1.535133173,5.613094376,2,-1
1,1,2.238539218,7.034060454
0,0,0,0,2,0
0,0,-0.07747004324,-0.7747004324,2,0
0,0,-0.2613383175,-1.838682742,2,0
0,0,-0.5840137977,-3.226754802,0,0
0,0,-0.9129765896,-3.289627919,1,0
0,0,-1.348016302,-4.350397127,2,-1
1,1,-1.939238104,-5.912218012
0,0,0,0,2,0
0,0,-0.07468378864,-0.7468378864,1,0
0,0,-0.161949622,-0.8726583341,0,0
0,0,-0.204160952,-0.4221133,2,0
0,0,-0.3527363116,-1.485753595,1,0
0,0,-0.5640715265,-2.113352149,1,0
0,0,-0.8738594157,-3.097878892,0,0
0,0,-1.248812562,-3.74953146,2,-1
1,1,-1.782886911,-5.340743492
0,0,0,0,0,0
0,0,0.1026283555,1.026283555,0,0
0,0,0.3035308536,2.00902498,1,0
0,0,0.5419101157,2.383792621,2,0
0,0,0.7768732174,2.349631017,1,0
0,0,1.117484604,3.406113869,2,0
0,0,1.548410336,4.309257318,0,-1
1,1,2.127314683,5.789043474
0,0,0,0,1,0
0,0,-0.01691801767,-0.1691801767,0,0
0,0,0.05026788741,0.6718590508,0,0
0,0,0.2116592074,1.6139132,1,0
0,0,0.4050678499,1.934086425,1,0
0,0,0.6643084284,2.592405786,1,0
0,0,1.012364841,3.480564126,1,0
0,0,1.474902081,4.625372402,1,-1
1,1,2.080804465,6.059023836
0,0,0,0,0,0
0,0,0.08362503855,0.8362503855,0,0
0,0,0.251906027,1.682809884,0,0
0,0,0.5325546437,2.806486167,1,0
0,0,0.8888267045,3.562720608,2,0
0,0,1.300300338,4.11473633,2,-1
1,1,1.828539683,5.282393456
0,0,0,0,1,0
0,0,0.007391451846,0.07391451846,1,0
0,0,0.02924110065,0.2184964881,0,0
0,0,0.1476247853,1.183836846,2,0
0,0,0.2013715663,0.5374678102,1,0
0,0,0.2922893671,0.9091780075,1,0
0,0,0.4363868712,1.440975042,0,0
0,0,0.7204137555,2.840268843,0,0
0,0,1.165717909,4.45304153,1,-1
1,1,1.742535581,5.768176725
0,0,0,0,1,0
0,0,0.002260835351,0.02260835351,1,0
0,0,0.007899443884,0.05638608532,1,0
0,0,0.00528512545,-0.02614318433,2,0
0,0,-0.08885249445,-0.941376199,1,0
0,0,-0.2106286547,-1.217761603,2,0
0,0,-0.4683052459,-2.576765912,2,0
0,0,-0.8641569782,-3.958517323,2,0
0,0,-1.425078488,-5.609215096,1,-1
1,1,-2.126986882,-7.019083947
0,0,0,0,1,0
0,0,-0.01255368605,-0.1255368605,1,0
0,0,-0.02897415332,-0.1642046727,0,0
0,0,0.04597276363,0.7494691695,1,0
0,0,0.1204273571,0.7445459345,0,0
0,0,0.3152418363,1.948144792,2,0
0,0,0.464377677,1.491358407,1,0
0,0,0.6955632553,2.311855783,2,0
0,0,0.9730589795,2.774957242,0,0
0,0,1.412757385,4.396984053,0,-1
1,1,2.004554346,5.917969617
0,0,0,0,0,0
0,0,0.07086275298,0.7086275298,0,0
0,0,0.2525901197,1.817273668,2,0
0,0,0.3748608734,1.222707537,0,0
0,0,0.639546926,2.646860526,2,0
0,0,0.9410860893,3.015391633,2,0
0,0,1.31281609,3.717300012,2,-1
1,1,1.805782688,4.929665979
0,0,0,0,0,0
0,0,0.07063619182,0.7063619182,2,0
0,0,0.06338981526,-0.07246376563,1,0
0,0,0.05350142025,-0.09888395004,1,0
0,0,0.0696415585,0.1614013825,2,0
0,0,0.01754460593,-0.5209695257,2,0
0,0,-0.117162557,-1.347071629,1,0
0,0,-0.2725416933,-1.553791363,1,0
0,0,-0.4792572925,-2.067155991,0,0
0,0,-0.6818685963,-2.026113038,2,0
0,0,-1.045450224,-3.635816277,1,0
0,0,-1.533336157,-4.878859334,0,-1
1,1,-2.163456464,-6.301203067
0,0,0,0,2,0
0,0,-0.0834910494,-0.834910494,1,0
0,0,-0.1841547471,-1.006636977,0,0
0,0,-0.2347915269,-0.5063677979,2,0
0,0,-0.3994710374,-1.646795105,0,0
0,0,-0.5353732031,-1.359021657,2,0
0,0,-0.8236777607,-2.883045576,1,0
0,0,-1.222434001,-3.987562406,1,-1
1,1,-1.755480261,-5.330462595
0,0,0,0,0,0
0,0,0.08272589529,0.8272589529,0,0
0,0,0.2660399269,1.833140316,0,0
0,0,0.5705612716,3.045213448,2,0
0,0,0.8798355472,3.092742756,0,0
0,0,1.34874662,4.68911073,0,-1
1,1,1.973070494,6.243238738
0,0,0,0,0,0
0,0,0.08614761762,0.8614761762,1,0
0,0,0.1716796468,0.8553202914,1,0
0,0,0.3032048843,1.315252375,1,0
0,0,0.4706809946,1.674761104,2,0
0,0,0.6489353791,1.782543845,0,0
0,0,0.9869425958,3.380072167,1,0
0,0,1.449188171,4.622455755,0,-1
1,1,2.063957913,6.14769742
0,0,0,0,0,0
0,0,0.09335798039,0.9335798039,1,0
0,0,0.2049269925,1.115690121,0,0
0,0,0.4219944003,2.170674078,1,0
0,0,0.6955805553,2.73586155,0,0
0,0,1.128757971,4.331774157,1,-1
1,1,1.686424059,5.57666088
0,0,0,0,0,0
0,0,0.0748288183,0.748288183,1,0
0,0,0.15608882,0.8126000175,2,0
0,0,0.1837374561,0.2764863604,0,0
0,0,0.3372748307,1.535373747,2,0
0,0,0.4631857916,1.259109608,2,0
0,0,0.5814937268,1.183079352,1,0
0,0,0.7886262651,2.071325382,1,0
0,0,1.09389163,3.052653651,1,0
0,0,1.532895807,4.390041769,2,-1
1,1,2.114371159,5.814753524
0,0,0,0,1,0
0,0,0.0137693385,0.137693385,1,0
0,0,0.02109244982,0.07323111314,2,0
0,0,-0.05911986286,-0.8021231268,2,0
0,0,-0.2476547133,-1.885348505,0,0
0,0,-0.40753426,-1.598795467,1,0
0,0,-0.6211146567,-2.135803967,2,0
0,0,-0.987793086,-3.666784293,0,0
0,0,-1.423069217,-4.352761314,2,-1
1,1,-2.009397821,-5.863286037
0,0,0,0,1,0
0,0,-0.002379863541,-0.02379863541,0,0
0,0,0.0671015181,0.6948138165,1,0
0,0,0.1644755842,0.9737406607,0,0
0,0,0.3680639569,2.035883727,2,0
0,0,0.5643417397,1.962777828,2,0
0,0,0.7771480315,2.128062918,0,0
0,0,1.154864699,3.777166675,0,-1
1,1,1.692704552,5.378398527
0,0,0,0,1,0
0,0,0.0009516288617,0.009516288617,0,0
0,0,0.07864582454,0.7769419568,0,0
0,0,0.2549039912,1.762581666,0,0
0,0,0.5622919787,3.073879876,0,0
0,0,1.024916235,4.626242559,2,0
0,0,1.561855622,5.369393872,2,-1
1,1,2.244637895,6.82782273
0,0,0,0,2,0
0,0,-0.0976849829,-0.976849829,1,0
0,0,-0.2155404713,-1.178554884,2,0
0,0,-0.4494355346,-2.338950633,0,0
0,0,-0.6819776078,-2.325420732,0,0
0,0,-0.9418443236,-2.598667158,2,0
0,0,-1.361359697,-4.19515373,1,-1
1,1,-1.919477457,-5.581177605
0,0,0,0,1,0
0,0,-0.003028180028,-0.03028180028,1,0
0,0,-0.007140431842,-0.04112251814,2,0
0,0,-0.08345161064,-0.763111788,2,0
0,0,-0.2641241854,-1.806725747,2,0
0,0,-0.5869036371,-3.227794518,1,0
0,0,-0.9801293174,-3.932256803,2,0
0,0,-1.538224241,-5.580949236,2,-1
1,1,-2.244307438,-7.060831969
0,0,0,0,2,0
0,0,-0.09773011059,-0.9773011059,1,0
0,0,-0.224330851,-1.266007404,2,0
0,0,-0.4748623596,-2.505315086,1,0
0,0,-0.7979034843,-3.230411247,1,0
0,0,-1.231739764,-4.338362792,1,-1
1,1,-1.796077002,-5.643372386
0,0,0,0,2,0
0,0,-0.07831434988,-0.7831434988,0,0
0,0,-0.09699395677,-0.186796069,2,0
0,0,-0.2319823772,-1.349884204,2,0
0,0,-0.4843149522,-2.52332575,1,0
0,0,-0.8225735265,-3.382585742,1,0
0,0,-1.267321455,-4.447479285,1,-1
1,1,-1.846671429,-5.79349974
0,0,0,0,1,0
0,0,-0.008377167505,-0.08377167505,1,0
0,0,-0.00552630085,0.02850866655,1,0
0,0,-0.01977927292,-0.1425297207,1,0
0,0,-0.03970821394,-0.1992894102,0,0
0,0,0.03794160617,0.7764982011,2,0
0,0,0.04346759858,0.0552599241,2,0
0,0,-0.03107756414,-0.7454516272,2,0
0,0,-0.2020954798,-1.710179156,2,0
0,0,-0.4756911165,-2.735956367,1,0
0,0,-0.8290382388,-3.533471224,2,0
0,0,-1.341452276,-5.124140376,0,-1
1,1,-1.970180545,-6.287282691
0,0,0,0,1,0
0,0,-0.01173944736,-0.1173944736,0,0
0,0,0.06392370936,0.7566315672,2,0
0,0,0.06730384085,0.03380131495,0,0
0,0,0.1567324113,0.8942857043,1,0
0,0,0.264853012,1.081206007,2,0
0,0,0.3234184105,0.5856539849,2,0
0,0,0.3525558918,0.2913748129,0,0
0,0,0.529416192,1.768603002,1,0
0,0,0.7883126882,2.588964963,2,0
0,0,1.099428857,3.111161688,0,0
0,0,1.569767739,4.703388824,1,-1
1,1,2.187059993,6.172922534
0,0,0,0,2,0
0,0,-0.08446501648,-0.8446501648,1,0
0,0,-0.1783527725,-0.9388775598,2,0
0,0,-0.3959878167,-2.176350443,2,0
0,0,-0.76261237,-3.666245533,2,0
0,0,-1.294702491,-5.320901207,0,-1
1,1,-1.938057426,-6.433549354
0,0,0,0,1,0
0,0,-0.01043658084,-0.1043658084,1,0
0,0,-0.009891541501,0.00545039344,2,0
0,0,-0.1089201273,-0.9902858581,0,0
0,0,-0.152177231,-0.4325710371,2,0
0,0,-0.3177355541,-1.65558323,1,0
0,0,-0.5196497024,-2.019141483,1,0
0,0,-0.8025816941,-2.829319917,1,0
0,0,-1.182396104,-3.798144095,1,-1
1,1,-1.692129034,-5.097329303
0,0,0,0,2,0
0,0,-0.1007321805,-1.007321805,0,0
0,0,-0.1201207286,-0.19388548,2,0
0,0,-0.246542162,-1.264214335,0,0
0,0,-0.3349145107,-0.8837234869,1,0
0,0,-0.4799918395,-1.450773287,2,0
0,0,-0.7821067588,-3.021149193,0,0
0,0,-1.142289603,-3.601828446,2,-1
1,1,-1.66509899,-5.228093865
0,0,0,0,2,0
0,0,-0.09844293674,-0.9844293674,2,0
0,0,-0.2922663271,-1.938233904,1,0
0,0,-0.5199707561,-2.27704429,2,0
0,0,-0.9013255648,-3.813548086,1,0
0,0,-1.393134264,-4.918086989,2,-1
1,1,-2.038955628,-6.458213643
0,0,0,0,0,0
0,0,0.1042519213,1.042519213,1,0
0,0,0.2285600779,1.243081566,1,0
0,0,0.3873000578,1.587399799,1,0
0,0,0.6033721348,2.16072077,2,0
0,0,0.8477863065,2.444141717,0,0
0,0,1.264336217,4.165499104,1,-1
1,1,1.815821849,5.51485632
0,0,0,0,2,0
0,0,-0.09400561999,-0.9400561999,2,0
0,0,-0.3090029291,-2.149973092,0,0
0,0,-0.4747446679,-1.657417388,0,0
0,0,-0.6244295586,-1.496848907,1,0
0,0,-0.8704056669,-2.459761084,0,0
0,0,-1.187382353,-3.169766859,2,-1
1,1,-1.663339026,-4.759566733
0,0,0,0,0,0
0,0,0.1031735072,1.031735072,2,0
0,0,0.1513828002,0.4820929299,0,0
0,0,0.3099239292,1.585411291,0,0
0,0,0.5917335777,2.818096485,0,0
0,0,1.035854943,4.441213658,0,-1
1,1,1.640450684,6.045957406
0,0,0,0,1,0
0,0,-0.004378928486,-0.04378928486,1,0
0,0,-0.01736630799,-0.129873795,2,0
0,0,-0.1350243677,-1.176580597,2,0
0,0,-0.3589658772,-2.239415094,1,0
0,0,-0.6370697107,-2.781038335,1,0
0,0,-1.008030222,-3.709605109,1,0
0,0,-1.503596857,-4.955666358,2,-1
1,1,-2.148824591,-6.452277333
0,0,0,0,1,0
0,0,-0.01315670334,-0.1315670334,1,0
0,0,-0.02922055552,-0.1606385218,2,0
0,0,-0.1426114982,-1.133909426,0,0
0,0,-0.1865017411,-0.4389024294,0,0
0,0,-0.1595512114,0.2695052976,2,0
0,0,-0.2600384089,-1.004871975,2,0
0,0,-0.4888492914,-2.288108825,2,0
0,0,-0.8740801783,-3.85230887,2,0
0,0,-1.42527241,-5.511922316,0,-1
1,1,-2.104313275,-6.790408649
0,0,0,0,0,0
0,0,0.08124728151,0.8124728151,1,0
0,0,0.1770244722,0.9577719068,0,0
0,0,0.3929023761,2.15877904,1,0
0,0,0.6728591326,2.799567564,0,0
0,0,1.10316386,4.303047279,1,-1
1,1,1.66079017,5.576263092
0,0,0,0,0,0
0,0,0.07196701593,0.7196701593,2,0
0,0,0.05420351684,-0.1776349909,1,0
0,0,0.06305059868,0.08847081835,1,0
0,0,0.08663939989,0.2358880121,2,0
0,0,0.04306253059,-0.435768693,2,0
0,0,-0.0670117651,-1.100742957,0,0
0,0,-0.1176047787,-0.5059301357,1,0
0,0,-0.1961739499,-0.7856917126,2,0
0,0,-0.4107693044,-2.145953545,1,0
0,0,-0.691786729,-2.810174246,2,0
0,0,-1.135080226,-4.432934972,2,-1
1,1,-1.739793128,-6.047129015
0,0,0,0,0,0
0,0,0.08583910463,0.8583910463,1,0
0,0,0.1835055177,0.9766641307,1,0
0,0,0.3257338818,1.422283641,1,0
0,0,0.5143626862,1.886288044,2,0
0,0,0.7163562665,2.019935803,0,0
0,0,1.079749733,3.63393467,0,-1
1,1,1.598658255,5.189085214
0,0,0,0,1,0
0,0,0.001673336881,0.01673336881,0,0
0,0,0.08174457154,0.8007123466,0,0
0,0,0.2755184904,1.937739189,0,0
0,0,0.6111745971,3.356561067,1,0
0,0,1.036363188,4.251885913,1,-1
1,1,1.579422105,5.430589161
0,0,0,0,2,0
0,0,-0.1001973557,-1.001973557,1,0
0,0,-0.2202113333,-1.200139775,2,0
0,0,-0.4780458962,-2.578345629,1,0
0,0,-0.8046197543,-3.265738581,1,0
0,0,-1.247738223,-4.431184691,0,-1
1,1,-1.802012575,-5.542743515
0,0,0,0,0,0
0,0,0.07974803455,0.7974803455,0,0
0,0,0.248379919,1.686318844,1,0
0,0,0.4631770394,2.147971204,1,0
0,0,0.7418906852,2.787136458,1,0
0,0,1.125589315,3.836986302,1,-1
1,1,1.631333951,5.057446359
0,0,0,0,0,0
0,0,0.07997524677,0.7997524677,1,0
0,0,0.1898850288,1.09909782,0,0
0,0,0.4109333499,2.210483211,0,0
0,0,0.7782100319,3.67276682,2,0
0,0,1.188675568,4.104655361,0,-1
1,1,1.761163346,5.724877782
0,0,0,0,2,0
0,0,-0.08849298135,-0.8849298135,2,0
0,0,-0.2906418035,-2.021488222,0,0
0,0,-0.4702117032,-1.795698997,1,0
0,0,-0.7216088189,-2.513971157,0,0
0,0,-1.024233399,-3.026245797,2,0
0,0,-1.484486119,-4.602527204,1,-1
1,1,-2.089209151,-6.047230318
0,0,0,0,2,0
0,0,-0.08311364226,-0.8311364226,1,0
0,0,-0.1902714315,-1.071577893,0,0
0,0,-0.2376585527,-0.473871212,2,0
0,0,-0.4028657458,-1.652071931,0,0
0,0,-0.5527324055,-1.498666598,1,0
0,0,-0.800272666,-2.475402605,2,0
0,0,-1.207697862,-4.074251958,0,-1
1,1,-1.722525174,-5.148273122
0,0,0,0,1,0
0,0,-0.004448204377,-0.04448204377,2,0
0,0,-0.1112949996,-1.068467952,1,0
0,0,-0.2249891729,-1.136941733,2,0
0,0,-0.4760070179,-2.51017845,1,0
0,0,-0.8029138772,-3.269068594,0,0
0,0,-1.184187545,-3.812736678,1,-1
1,1,-1.693461705,-5.092741603
0,0,0,0,2,0
0,0,-0.0714279954,-0.714279954,0,0
0,0,-0.07977182488,-0.08343829475,0,0
0,0,-0.009962844669,0.6980898021,1,0
0,0,0.07124460455,0.8120744922,1,0
0,0,0.1802305762,1.089859717,1,0
0,0,0.3223892113,1.421586351,2,0
0,0,0.4405721778,1.181829665,2,0
0,0,0.5562808236,1.157086458,2,0
0,0,0.6725271503,1.162463267,2,0
0,0,0.8224231716,1.498960213,0,0
0,0,1.1423749,3.199517283,2,0
0,0,1.555879834,4.135049343,2,-1
1,1,2.114744428,5.588645937
0,0,0,0,2,0
0,0,-0.101472632,-1.01472632,0,0
0,0,-0.1331511311,-0.316784991,0,0
0,0,-0.09585842199,0.3729270911,1,0
0,0,-0.09179925033,0.04059171657,1,0
0,0,-0.1160109094,-0.2421165904,2,0
0,0,-0.2385438339,-1.225329245,2,0
0,0,-0.5001078706,-2.615640367,1,0
0,0,-0.8241919584,-3.240840878,1,0
0,0,-1.258392855,-4.342008968,0,-1
1,1,-1.798152921,-5.397600658
0,0,0,0,1,0
0,0,0.009358441924,0.09358441924,0,0
0,0,0.09222878053,0.8287033861,2,0
0,0,0.09793743982,0.0570865929,0,0
0,0,0.1933169569,0.9537951704,2,0
0,0,0.2315906866,0.3827372977,2,0
0,0,0.2408106956,0.09220008998,2,0
0,0,0.1894817808,-0.513289148,0,0
0,0,0.2519313219,0.6244954111,0,0
0,0,0.4466136493,1.946823274,2,0
0,0,0.6357894042,1.891757548,2,0
0,0,0.8477063987,2.119169945,0,0
0,0,1.234467543,3.867611448,0,-1
1,1,1.784870513,5.504029697
0,0,0,0,0,0
0,0,0.07729477557,0.7729477557,1,0
0,0,0.1609701857,0.8367541013,2,0
0,0,0.1941759695,0.3320578375,2,0
0,0,0.1791025458,-0.1507342368,2,0
0,0,0.1182691136,-0.6083343217,0,0
0,0,0.1593454387,0.4107632506,0,0
0,0,0.3080253037,1.486798651,0,0
0,0,0.6044977122,2.964724085,0,0
0,0,1.044678351,4.401806385,2,0
0,0,1.558352679,5.136743283,2,-1
1,1,2.217481821,6.591291419
0,0,0,0,2,0
0,0,-0.07308907742,-0.7308907742,0,0
0,0,-0.08699435239,-0.1390527497,1,0
0,0,-0.1207561608,-0.3376180845,1,0
0,0,-0.1789377794,-0.5818161852,0,0
0,0,-0.1958129471,-0.1687516774,0,0
0,0,-0.1518888924,0.4392405472,1,0
0,0,-0.1362666378,0.1562225459,2,0
0,0,-0.228959278,-0.926926402,2,0
0,0,-0.429428265,-2.00468987,1,0
0,0,-0.7011205442,-2.716922792,2,0
0,0,-1.139485148,-4.383646035,2,-1
1,1,-1.738690789,-5.992056409
0,0,0,0,2,0
0,0,-0.07466832234,-0.7466832234,2,0
0,0,-0.2434129151,-1.687445927,2,0
0,0,-0.5307092256,-2.872963105,0,0
0,0,-0.8218593638,-2.911501382,0,0
0,0,-1.177259879,-3.554005155,1,-1
1,1,-1.662630102,-4.853702225
0,0,0,0,1,0
0,0,-0.008372694777,-0.08372694777,1,0
0,0,-0.001356075009,0.07016619768,1,0
0,0,-0.005935991398,-0.04579916389,2,0
0,0,-0.08282309169,-0.7688710029,1,0
0,0,-0.1571737199,-0.7435062823,1,0
0,0,-0.2517132296,-0.9453950973,2,0
0,0,-0.476314073,-2.246008434,0,0
0,0,-0.6898918595,-2.135777864,2,0
0,0,-1.076225814,-3.863339541,0,0
0,0,-1.548411264,-4.721854504,0,-1
1,1,-2.165103632,-6.166923678
0,0,0,0,0,0
0,0,0.09291724422,0.9291724422,0,0
0,0,0.2920796354,1.991623912,1,0
0,0,0.5295354646,2.374558292,2,0
0,0,0.7713361956,2.41800731,2,0
0,0,1.055360493,2.840242977,0,0
0,0,1.509145238,4.537847451,1,-1
1,1,2.108179552,5.990343141
0,0,0,0,0,0
0,0,0.08021529422,0.8021529422,1,0
0,0,0.18167727,1.014619758,1,0
0,0,0.331057029,1.493797591,2,0
0,0,0.4373168397,1.062598106,0,0
0,0,0.6947477008,2.574308611,2,0
0,0,0.9895094588,2.947617579,0,0
0,0,1.453936307,4.644268483,0,-1
1,1,2.069544725,6.15608418
0,0,0,0,2,0
0,0,-0.07439757412,-0.7439757412,0,0
0,0,-0.08627399837,-0.1187642424,0,0
0,0,-0.02840929936,0.5786469901,0,0
0,0,0.1285605834,1.569698828,0,0
0,0,0.3822062078,2.536456243,0,0
0,0,0.7816575706,3.994513628,2,0
0,0,1.224785659,4.431280884,1,-1
1,1,1.798830676,5.74045017
0,0,0,0,0,0
0,0,0.09966892075,0.9966892075,2,0
0,0,0.1233791256,0.2371020487,1,0
0,0,0.1592382907,0.3585916505,0,0
0,0,0.3249696799,1.657313893,0,0
0,0,0.6340525131,3.090828331,2,0
0,0,0.9644619545,3.304094415,2,0
0,0,1.377761729,4.132997745,0,-1
1,1,1.944202493,5.664407637
0,0,0,0,0,0
0,0,0.1015489976,1.015489976,0,0
0,0,0.3114531037,2.099041062,2,0
0,0,0.5028504821,1.913973784,2,0
0,0,0.6952516104,1.924011283,1,0
0,0,0.9897355323,2.944839219,2,0
0,0,1.365494019,3.757584864,0,-1
1,1,1.898864835,5.333708162
0,0,0,0,2,0
0,0,-0.08414263933,-0.8414263933,2,0
0,0,-0.283482296,-1.993396567,1,0
0,0,-0.5446311688,-2.611488728,2,0
0,0,-0.9522216008,-4.07590432,2,0
0,0,-1.522877769,-5.706561683,1,-1
1,1,-2.238578515,-7.157007455
0,0,0,0,0,0
0,0,0.07179872274,0.7179872274,2,0
0,0,0.05259116518,-0.1920755756,1,0
0,0,0.03700667755,-0.1558448763,1,0
0,0,0.02890968614,-0.08096991412,2,0
0,0,-0.06198044512,-0.9089013125,1,0
0,0,-0.1780703783,-1.160899332,2,0
0,0,-0.4192230597,-2.411526815,2,0
0,0,-0.8158000652,-3.965770055,1,0
0,0,-1.320466185,-5.046661194,1,-1
1,1,-1.962708427,-6.42242242
0,0,0,0,0,0
0,0,0.07294752555,0.7294752555,1,0
0,0,0.1749201925,1.019726669,1,0
0,0,0.3160345832,1.411143908,2,0
0,0,0.4229967484,1.069621652,2,0
0,0,0.505248371,0.8225162264,0,0
0,0,0.7488771986,2.436288276,0,0
0,0,1.155649363,4.067721648,0,-1
1,1,1.72760682,5.719574565
0,0,0,0,0,0
0,0,0.09177182906,0.9177182906,2,0
0,0,0.10241512,0.1064329093,2,0
0,0,0.05607175209,-0.463433679,0,0
0,0,0.09572746237,0.3965571027,0,0
0,0,0.2267710833,1.310436209,0,0
0,0,0.485344287,2.585732037,0,0
0,0,0.9030206393,4.176763523,0,0
0,0,1.473228415,5.702077761,2,-1
1,1,2.178525386,7.052969707
0,0,0,0,2,0
0,0,-0.08301750505,-0.8301750505,1,0
0,0,-0.1797845983,-0.9676709322,1,0
0,0,-0.3236528734,-1.438682752,1,0
0,0,-0.5242642709,-2.006113974,2,0
0,0,-0.8733351145,-3.490708436,2,0
0,0,-1.382302509,-5.089673949,1,-1
1,1,-2.027411264,-6.451087545
0,0,0,0,1,0
0,0,-0.003747528518,-0.03747528518,1,0
0,0,-0.0227568784,-0.1900934988,0,0
0,0,0.03439510861,0.57151987,2,0
0,0,0.001280677679,-0.3311443093,1,0
0,0,-0.01501857282,-0.162992505,1,0
0,0,-0.03869506843,-0.2367649561,2,0
0,0,-0.1665229995,-1.278279311,0,0
0,0,-0.2404525958,-0.7392959628,2,0
0,0,-0.4370828759,-1.966302801,1,0
0,0,-0.6957310502,-2.586481743,0,0
0,0,-0.999064906,-3.033338558,1,0
0,0,-1.422906355,-4.238414488,2,-1
1,1,-1.997571146,-5.746647911
0,0,0,0,2,0
0,0,-0.08169668057,-0.8169668057,1,0
0,0,-0.1910494814,-1.093528008,1,0
0,0,-0.3271834866,-1.361340052,2,0
0,0,-0.6016002397,-2.744167531,2,0
0,0,-1.021718956,-4.201187163,1,0
0,0,-1.552203314,-5.304843578,2,-1
1,1,-2.230070738,-6.778674247
0,0,0,0,1,0
0,0,0.008466514482,0.08466514482,2,0
0,0,-0.07446607134,-0.8293258582,1,0
0,0,-0.1767501243,-1.02284053,1,0
0,0,-0.3182154264,-1.414653021,2,0
0,0,-0.5901049353,-2.718895089,1,0
0,0,-0.9372941847,-3.471892494,2,0
0,0,-1.445036284,-5.077420991,0,-1
1,1,-2.084215358,-6.391790741
0,0,0,0,0,0
0,0,0.09031155068,0.9031155068,0,0
0,0,0.2791155614,1.888040107,2,0
0,0,0.4163430669,1.372275055,2,0
0,0,0.5440401941,1.276971272,0,0
0,0,0.815610822,2.715706279,2,0
0,0,1.150336743,3.347259215,1,-1
1,1,1.619177288,4.688405447
0,0,0,0,0,0
0,0,0.08227926246,0.8227926246,0,0
0,0,0.2498466107,1.675673483,1,0
0,0,0.466886569,2.170399582,0,0
0,0,0.8308292784,3.639427094,1,0
0,0,1.292635392,4.618061136,0,-1
1,1,1.911711786,6.190763938
0,0,0,0,2,0
0,0,-0.1028574918,-1.028574918,1,0
0,0,-0.2086287131,-1.057712213,1,0
0,0,-0.3571057626,-1.484770495,0,0
0,0,-0.4733075668,-1.162018043,1,0
0,0,-0.6589575295,-1.856499627,0,0
0,0,-0.8853760667,-2.264185372,1,0
0,0,-1.229122112,-3.437460458,0,-1
1,1,-1.685995695,-4.568735823
0,0,0,0,0,0
0,0,0.1030145437,1.030145437,1,0
0,0,0.2132880831,1.102735394,0,0
0,0,0.4355927826,2.223046995,1,0
0,0,0.7239901993,2.883974166,0,0
0,0,1.167237745,4.432475453,1,-1
1,1,1.738603399,5.713656543
0,0,0,0,2,0
0,0,-0.09328884528,-0.9328884528,0,0
0,0,-0.1245398245,-0.3125097921,0,0
0,0,-0.07361923359,0.5092059089,0,0
0,0,0.06150298647,1.351222201,0,0
0,0,0.3093806498,2.478776633,0,0
0,0,0.6734212645,3.640406147,2,0
0,0,1.055820913,3.823996484,1,0
0,0,1.559338046,5.035171334,0,-1
1,1,2.210201642,6.508635958
0,0,0,0,2,0
0,0,-0.07273064626,-0.7273064626,0,0
0,0,-0.07095074577,0.01779900491,0,0
0,0,-0.001230381462,0.6972036431,0,0
0,0,0.1483348759,1.495652574,2,0
0,0,0.2189542317,0.7061935575,0,0
0,0,0.4026028356,1.836486039,0,0
0,0,0.7314803709,3.288775353,1,0
0,0,1.152746483,4.21266112,0,-1
1,1,1.729622802,5.768763195
0,0,0,0,1,0
0,0,-0.004967712468,-0.04967712468,0,0
0,0,0.08584708359,0.9081479606,1,0
0,0,0.2057427846,1.19895701,0,0
0,0,0.4331497035,2.274069189,1,0
0,0,0.7418492183,3.086995149,1,0
0,0,1.149202694,4.073534761,1,-1
1,1,1.69044487,5.412421753
0,0,0,0,1,0
0,0,-0.006345566636,-0.06345566636,2,0
0,0,-0.1105309982,-1.041854316,2,0
0,0,-0.3170238597,-2.064928615,2,0
0,0,-0.6505816589,-3.335577992,2,0
0,0,-1.152750873,-5.021692145,0,-1
1,1,-1.749347724,-5.965968505
0,0,0,0,0,0
0,0,0.07664608347,0.7664608347,0,0
0,0,0.2538321492,1.771860657,1,0
0,0,0.4891686437,2.353364945,1,0
0,0,0.7851201449,2.959515012,2,0
0,0,1.119232772,3.341126271,0,-1
1,1,1.618557627,4.993248545
0,0,0,0,0,0
0,0,0.1048365523,1.048365523,0,0
0,0,0.3275829222,2.227463699,0,0
0,0,0.69572786,3.681449378,0,0
0,0,1.231208672,5.354808119,2,-1
1,1,1.87157602,6.40367348
0,0,0,0,2,0
0,0,-0.08195139163,-0.8195139163,0,0
0,0,-0.08273990024,-0.007885086081,2,0
0,0,-0.1873437828,-1.046038825,2,0
0,0,-0.4044557494,-2.171119666,2,0
0,0,-0.7575589311,-3.531031817,2,0
0,0,-1.268944632,-5.113857006,2,-1
1,1,-1.932892586,-6.639479541
0,0,0,0,2,0
0,0,-0.0759617288,-0.759617288,0,0
0,0,-0.08146283019,-0.05501101389,1,0
0,0,-0.09825077099,-0.167879408,2,0
0,0,-0.2086682521,-1.104174811,1,0
0,0,-0.3671345579,-1.584663058,2,0
0,0,-0.6640761169,-2.96941559,0,0
0,0,-0.9858256711,-3.217495542,1,0
0,0,-1.427373393,-4.415477218,1,-1
1,1,-2.009527379,-5.821539866
0,0,0,0,0,0
0,0,0.09318307451,0.9318307451,1,0
0,0,0.2162409108,1.230578363,1,0
0,0,0.3896834261,1.734425154,1,0
0,0,0.627095447,2.374120208,1,0
0,0,0.9550370268,3.279415799,0,0
0,0,1.451575316,4.965382892,0,-1
1,1,2.09838359,6.468082737
0,0,0,0,2,0
0,0,-0.07135461059,-0.7135461059,1,0
0,0,-0.1692917222,-0.9793711163,0,0
0,0,-0.1941745743,-0.2488285211,1,0
0,0,-0.2612124948,-0.6703792043,0,0
0,0,-0.2949307758,-0.3371828103,1,0
0,0,-0.3781246403,-0.8319386452,0,0
0,0,-0.4580027679,-0.7987812754,0,0
0,0,-0.5414455098,-0.8344274194,0,0
0,0,-0.6333532742,-0.9190776439,2,0
0,0,-0.8943255738,-2.609722997,2,0
0,0,-1.331551312,-4.372257384,1,-1
1,1,-1.90935153,-5.778002175
0,0,0,0,1,0
0,0,0.01326689192,0.1326689192,2,0
0,0,-0.04911219946,-0.6237909139,1,0
0,0,-0.1150906372,-0.6597843776,1,0
0,0,-0.1952262749,-0.8013563763,0,0
0,0,-0.2213278458,-0.2610157091,0,0
0,0,-0.1854169735,0.3591087231,1,0
0,0,-0.1646251903,0.2079178313,1,0
0,0,-0.1685611659,-0.03935975582,0,0
0,0,-0.1007339245,0.6782724142,0,0
0,0,0.03028544218,1.310193667,2,0
0,0,0.06418594692,0.3390050474,1,0
0,0,0.1110794807,0.4689353375,0,0
0,0,0.2796488099,1.685693292,2,0
0,0,0.4262333206,1.465845107,2,0
0,0,0.5703640453,1.441307247,2,0
0,0,0.7311300551,1.607660098,2,0
0,0,0.9302110904,1.990810353,1,0
0,0,1.249047251,3.188361607,0,-1
1,1,1.724155851,4.751085996
0,0,0,0,0,0
0,0,0.08908396378,0.8908396378,2,0
0,0,0.11230536,0.2322139618,2,0
0,0,0.0695714537,-0.4273390625,0,0
0,0,0.119151511,0.4958005728,2,0
0,0,0.09573749561,-0.2341401537,0,0
0,0,0.160176983,0.644394874,0,0
0,0,0.3422876773,1.821106943,1,0
0,0,0.5815532919,2.392656145,1,0
0,0,0.9093115028,3.277582109,0,0
0,0,1.402940321,4.936288186,1,-1
1,1,2.03689261,6.339522891
0,0,0,0,0,0
0,0,0.100841407,1.00841407,0,0
0,0,0.3040980843,2.032566773,0,0
0,0,0.6236747942,3.195767099,2,0
0,0,0.9629327572,3.39257963,1,0
0,0,1.415141695,4.52208938,2,-1
1,1,1.997178635,5.820369396
0,0,0,0,2,0
0,0,-0.09573367472,-0.9573367472,0,0
0,0,-0.1292540407,-0.3352036595,2,0
0,0,-0.2580566007,-1.288025601,0,0
0,0,-0.3586716779,-1.006150772,1,0
0,0,-0.5130367141,-1.543650362,2,0
0,0,-0.8169800964,-3.039433823,0,0
0,0,-1.172165208,-3.551851112,1,-1
1,1,-1.655688844,-4.835236366
0,0,0,0,0,0
0,0,0.09800634527,0.9800634527,2,0
0,0,0.1151091242,0.1710277894,2,0
0,0,0.04933874358,-0.6577038063,0,0
0,0,0.06480945991,0.1547071633,1,0
0,0,0.0954266966,0.3061723669,1,0
0,0,0.1581421423,0.6271544572,1,0
0,0,0.2529682299,0.9482608763,1,0
0,0,0.395995309,1.430270791,0,0
0,0,0.6662965656,2.703012566,1,0
0,0,1.039049269,3.727527037,2,0
0,0,1.49810622,4.590569506,0,-1
1,1,2.107707797,6.096015776
0,0,0,0,0,0
0,0,0.07871677829,0.7871677829,0,0
0,0,0.2467241964,1.680074181,2,0
0,0,0.3630922184,1.163680219,0,0
0,0,0.611530115,2.484378966,0,0
0,0,1.030192307,4.186621923,0,-1
1,1,1.615833734,5.856414269
0,0,0,0,2,0
0,0,-0.0807795473,-0.807795473,0,0
0,0,-0.07788342266,0.02896124641,1,0
0,0,-0.09351321644,-0.1562979378,0,0
0,0,-0.03288714137,0.6062607506,1,0
0,0,0.02773214297,0.6061928435,1,0
0,0,0.1089070848,0.8117494181,0,0
0,0,0.2850286622,1.761215775,0,0
0,0,0.5856169596,3.005882973,2,0
0,0,0.8889042714,3.032873118,2,0
0,0,1.251796084,3.628918123,1,-1
1,1,1.751622501,4.998264171
0,0,0,0,0,0
0,0,0.09977030997,0.9977030997,1,0
0,0,0.2126566023,1.128862923,0,0
0,0,0.4450319422,2.323753399,2,0
0,0,0.6824436653,2.374117231,1,0
0,0,1.022679967,3.402363017,2,0
0,0,1.452734865,4.300548981,0,-1
1,1,2.033161962,5.804270965
0,0,0,0,1,0
0,0,0.004408258794,0.04408258794,2,0
0,0,-0.08617497492,-0.9058323371,2,0
0,0,-0.275667374,-1.894923991,1,0
0,0,-0.5187509787,-2.430836047,1,0
0,0,-0.842411914,-3.236609353,0,0
0,0,-1.226900434,-3.844885203,1,-1
1,1,-1.742133787,-5.15233353
0,0,0,0,0,0
0,0,0.08332460852,0.8332460852,1,0
0,0,0.1680732869,0.8474867837,1,0
0,0,0.2809259339,1.12852647,2,0
0,0,0.3631317362,0.822058024,1,0
0,0,0.5200586688,1.569269326,1,0
0,0,0.7698289741,2.497703053,1,0
0,0,1.127718533,3.578895591,0,-1
1,1,1.643592301,5.158737679
0,0,0,0,1,0
0,0,-0.004767917479,-0.04767917479,0,0
0,0,0.06141950091,0.6618741839,0,0
0,0,0.2200423174,1.586228164,1,0
0,0,0.4225415271,2.024992097,2,0
0,0,0.6007424038,1.782008767,2,0
0,0,0.7866216907,1.85879287,2,0
0,0,1.023090766,2.364690749,1,0
0,0,1.379578599,3.564878333,2,-1
1,1,1.865329689,4.857510898
0,0,0,0,0,0
0,0,0.08428429466,0.8428429466,2,0
0,0,0.1117826067,0.2749831203,0,0
0,0,0.2347859833,1.230033766,1,0
0,0,0.3984357383,1.63649755,1,0
0,0,0.6356959456,2.372602073,0,0
0,0,1.042886892,4.071909465,2,0
0,0,1.527126559,4.842396669,0,-1
1,1,2.159994884,6.328683248
0,0,0,0,1,0
0,0,0.004755668633,0.04755668633,1,0
0,0,0.003848029677,-0.009076389561,1,0
0,0,0.006514689576,0.02666659899,2,0
0,0,-0.06325025847,-0.6976494804,2,0
0,0,-0.2197048142,-1.564545558,2,0
0,0,-0.4823458891,-2.626410749,0,0
0,0,-0.7430682152,-2.607223261,2,0
0,0,-1.160719376,-4.176511611,0,-1
1,1,-1.672748429,-5.120290529
0,0,0,0,1,0
0,0,0.001806766932,0.01806766932,0,0
0,0,0.09118043647,0.8937366954,1,0
0,0,0.1822493494,0.9106891293,0,0
0,0,0.3747546924,1.92505343,0,0
0,0,0.7003729072,3.256182148,2,0
0,0,1.064131451,3.637585437,1,0
0,0,1.555994057,4.918626061,0,-1
1,1,2.195420168,6.394261106
0,0,0,0,0,0
0,0,0.09380053922,0.9380053922,0,0
0,0,0.2768004086,1.829998694,1,0
0,0,0.5098148358,2.330144272,1,0
0,0,0.8100677922,3.002529564,2,0
0,0,1.157570322,3.475025293,1,-1
1,1,1.641051509,4.834811873
0,0,0,0,1,0
0,0,-0.001096342549,-0.01096342549,2,0
0,0,-0.08549095107,-0.8439460852,1,0
0,0,-0.1957307537,-1.102398026,1,0
0,0,-0.3417633545,-1.460326008,2,0
0,0,-0.6301299356,-2.883665811,2,0
0,0,-1.07277995,-4.426500142,0,-1
1,1,-1.593338964,-5.20559014
0,0,0,0,0,0
0,0,0.1045159706,1.045159706,0,0
0,0,0.2991782088,1.946622383,0,0
0,0,0.6294948842,3.303166754,2,0
0,0,0.984625789,3.551309048,1,0
0,0,1.456552086,4.719262973,1,-1
1,1,2.072335304,6.157832181
0,0,0,0,1,0
0,0,-0.01659981105,-0.1659981105,1,0
0,0,-0.03987051318,-0.2327070213,2,0
0,0,-0.1578901892,-1.180196761,1,0
0,0,-0.2999011261,-1.420109369,0,0
0,0,-0.4043543508,-1.044532247,1,0
0,0,-0.579488918,-1.751345672,1,0
0,0,-0.8449698187,-2.654809007,1,0
0,0,-1.22257149,-3.776016716,2,-1
1,1,-1.762380632,-5.398091416
0,0,0,0,0,0
0,0,0.09940902164,0.9940902164,1,0
0,0,0.2031692441,1.037602224,2,0
0,0,0.242908924,0.3973967993,1,0
0,0,0.3157129531,0.7280402908,0,0
0,0,0.5392292545,2.235163014,2,0
0,0,0.7638709319,2.246416774,1,0
0,0,1.09329856,3.294276284,1,0
0,0,1.547856983,4.545584223,1,-1
1,1,2.14865582,6.007988374
0,0,0,0,0,0
0,0,0.07481585588,0.7481585588,2,0
0,0,0.07714198776,0.02326131882,2,0
0,0,-0.01020665172,-0.8734863948,2,0
0,0,-0.1827319617,-1.7252531,2,0
0,0,-0.4834406612,-3.007086995,1,0
0,0,-0.8693134351,-3.858727739,1,0
0,0,-1.370040816,-5.007273809,2,-1
1,1,-2.024185874,-6.541450582
0,0,0,0,2,0
0,0,-0.09056383342,-0.9056383342,0,0
0,0,-0.09735809063,-0.06794257208,2,0
0,0,-0.1965169709,-0.9915888024,2,0
0,0,-0.4021182838,-2.056013129,2,0
0,0,-0.7431769224,-3.410586387,1,0
0,0,-1.18339973,-4.402228073,2,-1
1,1,-1.780516172,-5.971164419
0,0,0,0,1,0
0,0,-0.01577215054,-0.1577215054,0,0
0,0,0.06711279022,0.8288494076,2,0
0,0,0.06375731802,-0.03355472202,1,0
0,0,0.06483654553,0.01079227506,0,0
0,0,0.1753469278,1.105103823,1,0
0,0,0.3218776664,1.465307386,2,0
0,0,0.4548187925,1.329411261,0,0
0,0,0.7259133225,2.7109453,1,0
0,0,1.096656257,3.707429344,1,-1
1,1,1.591254153,4.945978966
0,0,0,0,1,0
0,0,0.003170615598,0.03170615598,0,0
0,0,0.08837483996,0.8520422436,1,0
0,0,0.1965839308,1.082090908,0,0
0,0,0.4282538582,2.316699274,2,0
0,0,0.6482899501,2.200360919,1,0
0,0,0.9680245349,3.197345848,0,0
0,0,1.45684679,4.888222551,0,-1
1,1,2.095919055,6.390722649
0,0,0,0,0,0
0,0,0.07098367241,0.7098367241,1,0
0,0,0.1566382175,0.8565454504,2,0
0,0,0.1654579748,0.08819757367,1,0
0,0,0.2159758177,0.5051784291,0,0
0,0,0.3770073018,1.610314841,1,0
0,0,0.6070872848,2.300799829,2,0
0,0,0.8638054601,2.567181753,2,0
0,0,1.185736286,3.219308257,2,-1
1,1,1.614488304,4.287520185
0,0,0,0,2,0
0,0,-0.0914077612,-0.914077612,2,0
0,0,-0.2802870293,-1.888792681,0,0
0,0,-0.4372785515,-1.569915221,1,0
0,0,-0.6640454677,-2.267669162,2,0
0,0,-1.039203889,-3.751584209,1,0
0,0,-1.539770263,-5.005663746,1,-1
1,1,-2.186407639,-6.466373759
0,0,0,0,1,0
0,0,0.004246789823,0.04246789823,1,0
0,0,0.0219865771,0.1773978728,0,0
0,0,0.1428029455,1.208163684,2,0
0,0,0.2071302616,0.643273161,2,0
0,0,0.2185402585,0.1140999687,1,0
0,0,0.2801467644,0.6160650589,2,0
0,0,0.2925368645,0.1239010015,0,0
0,0,0.4481254907,1.555886262,1,0
0,0,0.6724546913,2.243292006,2,0
0,0,0.9383800858,2.659253945,0,0
0,0,1.379918547,4.415384613,1,-1
1,1,1.958867804,5.789492573
0,0,0,0,1,0
0,0,-0.01713438361,-0.1713438361,2,0
0,0,-0.1135068107,-0.9637242707,0,0
0,0,-0.1376786431,-0.241718324,1,0
0,0,-0.1919443001,-0.5426565706,2,0
0,0,-0.3781235743,-1.861792742,0,0
0,0,-0.5460100014,-1.678864271,0,0
0,0,-0.7132527034,-1.67242702,2,0
0,0,-1.041095621,-3.27842918,0,0
0,0,-1.457369616,-4.16273995,0,-1
1,1,-2.008472675,-5.511030583
0,0,0,0,2,0
0,0,-0.07544429625,-0.7544429625,0,0
0,0,-0.07839813281,-0.02953836552,0,0
0,0,-0.008484801368,0.6991333144,2,0
0,0,-0.01147791891,-0.02993117543,0,0
0,0,0.05608664072,0.6756455963,1,0
0,0,0.1201059011,0.6401926035,2,0
0,0,0.10531596,-0.1478994104,2,0
0,0,0.01526266237,-0.9005329765,0,0
0,0,0.00599679304,-0.09265869335,1,0
0,0,0.008147123122,0.02150330082,1,0
0,0,0.01298686078,0.04839737658,1,0
0,0,0.03021805609,0.1723119531,1,0
0,0,0.06173986692,0.3152181083,1,0
0,0,0.1034570511,0.4171718414,2,0
0,0,0.07445248353,-0.2900456753,1,0
0,0,0.06368138674,-0.1077109679,0,0
0,0,0.1433020306,0.7962064383,1,0
0,0,0.2436111358,1.003091052,0,0
0,0,0.4624804604,2.188693246,0,0
0,0,0.8436572479,3.811767875,1,0
0,0,1.339177468,4.955202205,0,-1
1,1,1.98526089,6.460834215
0,0,0,0,2,0
0,0,-0.09913529211,-0.9913529211,2,0
0,0,-0.2869192694,-1.877839773,2,0
0,0,-0.5897286652,-3.028093958,2,0
0,0,-1.040153721,-4.504250563,1,-1
1,1,-1.60134557,-5.611918489
0,0,0,0,2,0
0,0,-0.1003033268,-1.003033268,0,0
0,0,-0.1301746567,-0.298713299,2,0
0,0,-0.2710441443,-1.408694876,2,0
0,0,-0.5279569319,-2.569127876,1,0
0,0,-0.8684744313,-3.405174994,2,0
0,0,-1.38149832,-5.130238883,1,-1
1,1,-2.034522974,-6.530246544
0,0,0,0,2,0
0,0,-0.1014905876,-1.014905876,2,0
0,0,-0.2978163675,-1.963257799,0,0
0,0,-0.4498967226,-1.520803551,2,0
0,0,-0.7598771385,-3.099804159,1,0
0,0,-1.160312287,-4.004351487,0,-1
1,1,-1.655125663,-4.948133753
0,0,0,0,2,0
0,0,-0.09200368773,-0.9200368773,1,0
0,0,-0.2151439408,-1.231402531,1,0
0,0,-0.360622211,-1.454782702,0,0
0,0,-0.484906577,-1.24284366,0,0
0,0,-0.6198150788,-1.349085019,2,0
0,0,-0.9049996097,-2.851845309,0,0
0,0,-1.258899247,-3.53899637,0,-1
1,1,-1.729620245,-4.707209986
0,0,0,0,2,0
0,0,-0.09769733216,-0.9769733216,1,0
0,0,-0.2224590405,-1.247617083,0,0
0,0,-0.3112158287,-0.8875678824,0,0
0,0,-0.3730362797,-0.6182045092,1,0
0,0,-0.4988678499,-1.258315702,0,0
0,0,-0.6369413764,-1.380735266,1,0
0,0,-0.8740789313,-2.371375549,2,0
0,0,-1.285177328,-4.11098397,1,-1
1,1,-1.829180629,-5.440033003
0,0,0,0,0,0
0,0,0.08005919746,0.8005919746,2,0
0,0,0.0965037946,0.1644459714,0,0
0,0,0.2255539759,1.290501813,1,0
0,0,0.3991100699,1.73556094,2,0
0,0,0.5577831608,1.586730909,1,0
0,0,0.8015131757,2.437300149,0,0
0,0,1.203786607,4.022734316,0,-1
1,1,1.766564824,5.627782162
0,0,0,0,2,0
0,0,-0.07488776237,-0.7488776237,2,0
0,0,-0.2604555087,-1.855677464,1,0
0,0,-0.4773261459,-2.168706372,1,0
0,0,-0.7757008168,-2.983746708,1,0
0,0,-1.184219829,-4.085190117,0,-1
1,1,-1.693270156,-5.090503274
0,0,0,0,0,0
0,0,0.09937042652,0.9937042652,1,0
0,0,0.2231472394,1.237768129,2,0
0,0,0.3119238085,0.8877656917,0,0
0,0,0.534257337,2.223335284,0,0
0,0,0.9201973972,3.859400602,2,0
0,0,1.367075163,4.468777654,2,-1
1,1,1.936042595,5.689674324
0,0,0,0,2,0
0,0,-0.09348766286,-0.9348766286,1,0
0,0,-0.2145434317,-1.210557689,1,0
0,0,-0.3756531134,-1.611096816,1,0
0,0,-0.5959035621,-2.202504487,1,0
0,0,-0.8997843916,-3.038808295,0,0
0,0,-1.270101802,-3.703174101,1,-1
1,1,-1.779355372,-5.092535707
0,0,0,0,1,0
0,0,-0.01242365814,-0.1242365814,0,0
0,0,0.0583447349,0.7076839304,1,0
0,0,0.1239810901,0.6563635515,1,0
0,0,0.2280815279,1.041004379,0,0
0,0,0.4453552365,2.172737086,0,0
0,0,0.8122701754,3.66914939,1,0
0,0,1.290923952,4.78653777,0,-1
1,1,1.926292333,6.35368381
0,0,0,0,0,0
0,0,0.09414588112,0.9414588112,1,0
0,0,0.1931581583,0.9901227721,2,0
0,0,0.2480506312,0.5489247292,2,0
0,0,0.2648188484,0.1676821717,1,0
0,0,0.3290798254,0.6426097699,0,0
0,0,0.5159857514,1.86905926,1,0
0,0,0.7927294315,2.767436801,1,0
0,0,1.187534461,3.948050296,1,-1
1,1,1.710599109,5.230646475
0,0,0,0,0,0
0,0,0.09691499304,0.9691499304,1,0
0,0,0.2011587518,1.042437587,1,0
0,0,0.3485472589,1.473885072,1,0
0,0,0.5634952519,2.14947993,1,0
0,0,0.8618479078,2.983526559,2,0
0,0,1.218316125,3.564682169,0,-1
1,1,1.733653802,5.153376768
0,0,0,0,2,0
0,0,-0.09342089303,-0.9342089303,0,0
0,0,-0.1193809674,-0.2596007435,1,0
0,0,-0.1714229093,-0.5204194191,1,0
0,0,-0.2408859146,-0.6946300531,0,0
0,0,-0.2733449796,-0.3245906497,1,0
0,0,-0.3604779502,-0.8713297067,0,0
0,0,-0.4288841557,-0.6840620541,0,0
0,0,-0.4860004868,-0.5711633115,0,0
0,0,-0.5435552238,-0.5755473701,1,0
0,0,-0.6869469548,-1.43391731,2,0
0,0,-0.9987594035,-3.118124487,1,0
0,0,-1.440786152,-4.420267485,1,-1
1,1,-2.024687176,-5.839010238
0,0,0,0,1,0
0,0,0.002236745834,0.02236745834,2,0
0,0,-0.08162330319,-0.8386004902,0,0
0,0,-0.08190458019,-0.002812770017,1,0
0,0,-0.07989373738,0.02010842815,2,0
0,0,-0.1852371533,-1.05343416,2,0
0,0,-0.4199545694,-2.347174161,0,0
0,0,-0.652235069,-2.322804996,1,0
0,0,-0.9699495414,-3.177144724,2,0
0,0,-1.454987132,-4.850375902,2,-1
1,1,-2.090808632,-6.358215006
0,0,0,0,2,0
0,0,-0.1014094456,-1.014094456,2,0
0,0,-0.3062721367,-2.048626911,1,0
0,0,-0.5498992634,-2.436271267,0,0
0,0,-0.7982991134,-2.4839985,2,0
0,0,-1.201462991,-4.031638781,1,-1
1,1,-1.74137407,-5.399110782
0,0,0,0,2,0
0,0,-0.07685494124,-0.7685494124,2,0
0,0,-0.2416178409,-1.647628997,0,0
0,0,-0.346021199,-1.04403358,1,0
0,0,-0.50045984,-1.54438641,1,0
0,0,-0.7329709612,-2.325111212,1,0
0,0,-1.056893192,-3.239222311,1,0
0,0,-1.51167046,-4.547772675,2,-1
1,1,-2.115201185,-6.03530725
0,0,0,0,1,0
0,0,0.01583443543,0.1583443543,1,0
0,0,0.05156917926,0.3573474383,1,0
0,0,0.09708016827,0.4551098902,1,0
0,0,0.1755805682,0.7850039995,0,0
0,0,0.363225612,1.876450438,0,0
0,0,0.6781743219,3.149487099,1,0
0,0,1.073890384,3.957160621,2,0
0,0,1.563459636,4.895692524,1,-1
1,1,2.199687176,6.362275393
0,0,0,0,2,0
0,0,-0.07579325951,-0.7579325951,0,0
0,0,-0.09405295082,-0.1825969131,0,0
0,0,-0.0265997188,0.6745323201,1,0
0,0,0.04470169988,0.7130141868,1,0
0,0,0.1354905816,0.9078888173,1,0
0,0,0.2374111365,1.019205549,0,0
0,0,0.4608660514,2.234549149,2,0
0,0,0.666253394,2.053873426,0,0
0,0,1.039660542,3.734071477,1,0
0,0,1.53123875,4.91578208,1,-1
1,1,2.167978622,6.367398721
0,0,0,0,1,0
0,0,0.002380502025,0.02380502025,0,0
0,0,0.08270264697,0.8032214495,0,0
0,0,0.2583744793,1.756718323,0,0
0,0,0.5769395361,3.185650568,0,0
0,0,1.035614683,4.586751468,0,-1
1,1,1.644183591,6.085689082
0,0,0,0,1,0
0,0,0.002035485669,0.02035485669,0,0
0,0,0.1088161792,1.067806935,0,0
0,0,0.3187625819,2.099464027,2,0
0,0,0.5028126081,1.840500262,2,0
0,0,0.6886988451,1.85886237,1,0
0,0,0.9775886651,2.8888982,1,0
0,0,1.383792475,4.062038097,0,-1
1,1,1.943922094,5.601296196
0,0,0,0,2,0
0,0,-0.08068376805,-0.8068376805,2,0
0,0,-0.2690443676,-1.883605996,1,0
0,0,-0.5120501423,-2.430057747,0,0
0,0,-0.7454752635,-2.334251212,2,0
0,0,-1.146923291,-4.014480278,2,-1
1,1,-1.709079391,-5.621561002
0,0,0,0,2,0
0,0,-0.07602953086,-0.7602953086,0,0
0,0,-0.07987792704,-0.03848396182,2,0
0,0,-0.1988289677,-1.189510406,2,0
0,0,-0.4351243213,-2.362953536,2,0
0,0,-0.8218084935,-3.866841722,2,0
0,0,-1.361561128,-5.397526341,1,-1
1,1,-2.035965988,-6.744048604
0,0,0,0,1,0
0,0,0.01723143649,0.1723143649,0,0
0,0,0.1097757453,0.925443088,0,0
0,0,0.3212644683,2.11488723,0,0
0,0,0.6678562458,3.465917775,0,0
0,0,1.172883457,5.050272117,2,-1
1,1,1.769310512,5.964270543
0,0,0,0,1,0
0,0,-0.007890372985,-0.07890372985,2,0
0,0,-0.1101812114,-1.022908384,1,0
0,0,-0.2460267317,-1.358455203,1,0
0,0,-0.4110625716,-1.650358398,1,0
0,0,-0.6348859404,-2.238233689,2,0
0,0,-1.027469093,-3.925831522,0,0
0,0,-1.507455279,-4.799861867,0,-1
1,1,-2.127107476,-6.196521969
0,0,0,0,1,0
0,0,-0.002885862152,-0.02885862152,1,0
0,0,-0.01283605388,-0.09950191732,1,0
0,0,-0.03975734406,-0.2692129018,2,0
0,0,-0.1683222479,-1.285649038,2,0
0,0,-0.4022447461,-2.339224982,2,0
0,0,-0.7758953633,-3.736506173,2,0
0,0,-1.299003049,-5.23107686,0,-1
1,1,-1.935681128,-6.366780787
0,0,0,0,1,0
0,0,0.0127839457,0.127839457,1,0
0,0,0.03889947698,0.2611553127,1,0
0,0,0.07760078976,0.3870131278,0,0
0,0,0.2069274714,1.293266816,0,0
0,0,0.4477086496,2.407811782,0,0
0,0,0.84243526,3.947266104,1,0
0,0,1.344915228,5.024799681,2,-1
1,1,1.969215251,6.243000225
0,0,0,0,2,0
0,0,-0.09012211988,-0.9012211988,2,0
0,0,-0.2704099427,-1.802878228,2,0
0,0,-0.5642228714,-2.938129288,2,0
0,0,-1.017727755,-4.535048833,1,-1
1,1,-1.58662902,-5.689012649
0,0,0,0,1,0
0,0,-0.01731459219,-0.1731459219,1,0
0,0,-0.05459093947,-0.3727634729,0,0
0,0,-0.02809521388,0.264957256,0,0
0,0,0.09856065559,1.266558695,1,0
0,0,0.230737133,1.321764774,1,0
0,0,0.3851844215,1.544472885,0,0
0,0,0.6887886776,3.03604256,1,0
0,0,1.086424242,3.976355646,0,-1
1,1,1.645428535,5.590042928
0,0,0,0,0,0
0,0,0.09255696038,0.9255696038,2,0
0,0,0.1267323492,0.3417538882,2,0
0,0,0.09456157588,-0.3217077332,0,0
0,0,0.1612083774,0.6664680151,1,0
0,0,0.2554734288,0.9426505146,2,0
0,0,0.2956100977,0.4013666884,0,0
0,0,0.4707324057,1.75122308,1,0
0,0,0.7302266175,2.594942118,2,0
0,0,1.040627544,3.104009266,2,0
0,0,1.430922241,3.902946969,1,-1
1,1,1.964806194,5.338839529
0,0,0,0,1,0
0,0,0.01635374299,0.1635374299,0,0
0,0,0.1342757189,1.179219759,0,0
0,0,0.367332746,2.330570271,0,0
0,0,0.7455772477,3.782445017,0,0
0,0,1.271294677,5.25717429,0,-1
1,1,1.951134258,6.79839581
0,0,0,0,0,0
0,0,0.07264657656,0.7264657656,1,0
0,0,0.1748584918,1.022119153,2,0
0,0,0.211111942,0.3625345014,1,0
0,0,0.279889719,0.68777777,0,0
0,0,0.4825691571,2.026794381,2,0
0,0,0.6744603363,1.918911792,0,0
0,0,1.041768154,3.673078173,1,0
0,0,1.52685503,4.850868765,1,-1
1,1,2.156944465,6.30089435
0,0,0,0,0,0
0,0,0.1004872941,1.004872941,0,0
0,0,0.3190816716,2.185943775,0,0
0,0,0.6676959014,3.486142298,1,0
0,0,1.104418059,4.367221576,2,-1
1,1,1.628341643,5.239235842
0,0,0,0,2,0
0,0,-0.0740252194,-0.740252194,2,0
0,0,-0.2369020026,-1.628767832,1,0
0,0,-0.4253219775,-1.884199749,1,0
0,0,-0.6731629583,-2.478409808,2,0
0,0,-1.090966982,-4.178040235,2,-1
1,1,-1.673839623,-5.828726414
0,0,0,0,2,0
0,0,-0.08218618623,-0.8218618623,0,0
0,0,-0.1057658958,-0.2357970959,1,0
0,0,-0.1544273971,-0.4866150123,1,0
0,0,-0.22334424,-0.6891684297,2,0
0,0,-0.4293068692,-2.059626292,2,0
0,0,-0.794167844,-3.648609748,1,0
0,0,-1.269713365,-4.755455212,0,-1
1,1,-1.858614874,-5.88901509
0,0,0,0,0,0
0,0,0.09532092035,0.9532092035,0,0
0,0,0.3017866691,2.064657488,0,0
0,0,0.6336697896,3.318831205,1,0
0,0,1.065726978,4.320571884,1,-1
1,1,1.615516731,5.497897528
0,0,0,0,1,0
0,0,0.007312495506,0.07312495506,0,0
0,0,0.1148693371,1.075568416,1,0
0,0,0.2450965908,1.302272537,2,0
0,0,0.3429949155,0.9789832466,1,0
0,0,0.513348319,1.703534035,2,0
0,0,0.6892486715,1.759003525,2,0
0,0,0.9026334689,2.133847974,1,0
0,0,1.243979039,3.413455702,0,-1
1,1,1.74521218,5.012331408
0,0,0,0,1,0
0,0,0.0004405926643,0.004405926643,2,0
0,0,-0.08105177691,-0.8149236958,1,0
0,0,-0.1714564779,-0.9040470094,0,0
0,0,-0.1872782556,-0.1582177775,0,0
0,0,-0.1464843016,0.4079395405,2,0
0,0,-0.2334252459,-0.869409443,2,0
0,0,-0.4378462651,-2.044210193,0,0
0,0,-0.62853416,-1.906878948,0,0
0,0,-0.8436415124,-2.151073524,0,0
0,0,-1.112055464,-2.684139516,0,0
0,0,-1.473193003,-3.611375394,2,-1
1,1,-1.986714938,-5.135219349
0,0,0,0,1,0
0,0,0.003619008096,0.03619008096,0,0
0,0,0.08594242006,0.8232341196,2,0
0,0,0.1014420523,0.1549963222,0,0
0,0,0.2048171556,1.033751033,1,0
0,0,0.3309326058,1.261154502,0,0
0,0,0.5834125308,2.52479925,1,0
0,0,0.9156576088,3.32245078,1,0
0,0,1.369178666,4.535210576,2,-1
1,1,1.944404529,5.75225863
0,0,0,0,1,0
0,0,-0.01411842182,-0.1411842182,0,0
0,0,0.04287320728,0.569916291,2,0
0,0,0.03600517108,-0.06868036193,0,0
0,0,0.1288403423,0.9283517122,2,0
0,0,0.1524896498,0.2364930751,0,0
0,0,0.2954108006,1.429211508,0,0
0,0,0.5773330871,2.819222865,2,0
0,0,0.8733989889,2.960659018,0,0
0,0,1.33706164,4.636626507,0,-1
1,1,1.954394641,6.17333001
0,0,0,0,0,0
0,0,0.1011770148,1.011770148,1,0
0,0,0.2185276358,1.173506209,0,0
0,0,0.4555190482,2.369914124,1,0
0,0,0.7514560289,2.959369807,1,0
0,0,1.159493056,4.080370273,0,-1
1,1,1.731284919,5.71791863
0,0,0,0,2,0
0,0,-0.07300514622,-0.7300514622,2,0
0,0,-0.2436915327,-1.706863865,0,0
0,0,-0.3631076857,-1.194161529,2,0
0,0,-0.6263324008,-2.632247151,0,0
0,0,-0.9172185625,-2.908861617,1,0
0,0,-1.324966938,-4.077483757,0,-1
1,1,-1.848876124,-5.23909186
