2,1,1
0,0,0,0,2,0
0,0,-0.08086906033,-0.8086906033,2,0
0,0,-0.2530054855,-1.721364252,0,0
0,0,-0.3930367191,-1.400312337,1,0
0,0,-0.5829719499,-1.899352308,2,0
0,0,-0.9246402241,-3.416682741,2,0
0,0,-1.428751551,-5.041113265,1,-1
1,1,-2.074551315,-6.457997644
0,0,0,0,0,0
0,0,0.09066115937,0.9066115937,2,0
0,0,0.09913908687,0.08477927501,1,0
0,0,0.130246794,0.3110770718,1,0
0,0,0.1881683882,0.5792159415,2,0
0,0,0.1779882536,-0.1018013458,2,0
0,0,0.1137661497,-0.6422210388,2,0
0,0,-0.01585028004,-1.296164298,0,0
0,0,-0.07292104663,-0.570707666,1,0
0,0,-0.1365737297,-0.6365268312,0,0
0,0,-0.1480272085,-0.1145347871,2,0
0,0,-0.2752125414,-1.27185333,2,0
0,0,-0.535973467,-2.607609256,2,0
0,0,-0.9371894368,-4.012159698,1,0
0,0,-1.442083671,-5.048942342,0,-1
1,1,-2.078543216,-6.364595449
0,0,0,0,1,0
0,0,-0.006740447501,-0.06740447501,0,0
0,0,0.05931188692,0.6605233443,0,0
0,0,0.2076133097,1.483014228,0,0
0,0,0.4819450949,2.743317851,2,0
0,0,0.7615572305,2.796121356,1,0
0,0,1.151799369,3.902421388,1,-1
1,1,1.675552857,5.237534874
0,0,0,0,2,0
0,0,-0.08301823071,-0.8301823071,1,0
0,0,-0.1848934508,-1.018752201,1,0
0,0,-0.3285244422,-1.436309914,0,0
0,0,-0.4594546369,-1.309301947,1,0
0,0,-0.6727073123,-2.132526754,0,0
0,0,-0.9296100654,-2.569027531,1,0
0,0,-1.299573872,-3.69963807,2,-1
1,1,-1.829825266,-5.302513936
0,0,0,0,2,0
0,0,-0.09607031514,-0.9607031514,2,0
0,0,-0.3024873125,-2.064169973,1,0
0,0,-0.5601996588,-2.577123463,0,0
0,0,-0.8410222788,-2.8082262,2,0
0,0,-1.290596517,-4.495742379,0,-1
1,1,-1.856311431,-5.657149144
0,0,0,0,0,0
0,0,0.0752531849,0.752531849,2,0
0,0,0.0901310684,0.148778835,2,0
0,0,0.04522895189,-0.4490211652,0,0
0,0,0.1130818116,0.678528597,2,0
0,0,0.1054430816,-0.07638729955,2,0
0,0,0.02199531888,-0.8344776275,0,0
0,0,0.03483399043,0.1283867155,1,0
0,0,0.0564711614,0.2163717097,1,0
0,0,0.07647508355,0.2000392215,0,0
0,0,0.1961189982,1.196439146,1,0
0,0,0.3509964146,1.548774164,2,0
0,0,0.4739593076,1.22962893,0,0
0,0,0.7472725857,2.733132782,2,0
0,0,1.063180122,3.159075361,0,0
0,0,1.542860813,4.796806908,2,-1
1,1,2.166313838,6.234530254
0,0,0,0,0,0
0,0,0.07290399195,0.7290399195,2,0
0,0,0.06948579717,-0.03418194782,2,0
0,0,-0.006125717859,-0.7561151503,2,0
0,0,-0.1881286511,-1.820029332,0,0
0,0,-0.3277250924,-1.395964413,1,0
0,0,-0.5249258338,-1.972007414,0,0
0,0,-0.7365778196,-2.116519859,0,0
0,0,-0.9881019604,-2.515241408,0,0
0,0,-1.321375637,-3.332736766,2,-1
1,1,-1.812022814,-4.906471771
0,0,0,0,0,0
0,0,0.09719115258,0.9719115258,1,0
0,0,0.1971880504,0.9999689782,0,0
0,0,0.4000816428,2.028935924,0,0
0,0,0.7474026133,3.473209705,1,0
0,0,1.18448736,4.370847468,0,-1
1,1,1.777068698,5.925813375
0,0,0,0,2,0
0,0,-0.09841172162,-0.9841172162,0,0
0,0,-0.1426360147,-0.4422429305,1,0
0,0,-0.2010187486,-0.5838273393,0,0
0,0,-0.1942314258,0.06787322817,2,0
0,0,-0.3077719483,-1.135405225,2,0
0,0,-0.5449892556,-2.372173073,0,0
0,0,-0.7909577694,-2.459685138,0,0
0,0,-1.086636509,-2.956787393,1,0
0,0,-1.514938919,-4.283024099,0,-1
1,1,-2.084918868,-5.699799491
0,0,0,0,0,0
0,0,0.07584931464,0.7584931464,0,0
0,0,0.2515775036,1.75728189,2,0
0,0,0.397013025,1.454355213,1,0
0,0,0.6013735288,2.043605038,1,0
0,0,0.8956805852,2.943070564,1,0
0,0,1.30283393,4.071533444,1,-1
1,1,1.850453545,5.476196157
0,0,0,0,1,0
0,0,0.0003296001927,0.003296001927,0,0
0,0,0.07334229868,0.7301269849,1,0
0,0,0.1570736901,0.837313914,1,0
0,0,0.265420654,1.08346964,0,0
0,0,0.5105010625,2.450804085,2,0
0,0,0.755187918,2.446868555,0,0
0,0,1.173389045,4.182011271,0,-1
1,1,1.747725735,5.743366896
0,0,0,0,1,0
0,0,0.005541240356,0.05541240356,2,0
0,0,-0.08509652446,-0.9063776482,1,0
0,0,-0.181605499,-0.965089745,1,0
0,0,-0.3176185755,-1.360130765,1,0
0,0,-0.5147079431,-1.970893676,2,0
0,0,-0.8502567614,-3.355488183,2,0
0,0,-1.353973455,-5.037166936,0,-1
1,1,-1.976088161,-6.221147057
0,0,0,0,2,0
0,0,-0.07928501929,-0.7928501929,1,0
0,0,-0.1830457663,-1.03760747,2,0
0,0,-0.3906842388,-2.076384726,1,0
0,0,-0.6461087517,-2.554245129,0,0
0,0,-0.9235760837,-2.77467332,1,0
0,0,-1.326530359,-4.029542753,2,-1
1,1,-1.884712402,-5.581820429
0,0,0,0,2,0
0,0,-0.09073746535,-0.9073746535,0,0
0,0,-0.09543183862,-0.04694373265,0,0
0,0,-0.04031466557,0.5511717304,0,0
0,0,0.08938407162,1.296987372,1,0
0,0,0.2214854914,1.321014198,1,0
0,0,0.4011867682,1.797012768,0,0
0,0,0.7332182059,3.320314377,2,0
0,0,1.096595772,3.63377566,0,-1
1,1,1.618060739,5.214649669
0,0,0,0,1,0
0,0,-0.01401446405,-0.1401446405,1,0
0,0,-0.03426266857,-0.2024820451,2,0
0,0,-0.1412690816,-1.070064131,0,0
0,0,-0.1927010498,-0.5143196816,0,0
0,0,-0.1921022786,0.005987712047,2,0
0,0,-0.2945209174,-1.024186388,0,0
0,0,-0.3637003728,-0.6917945545,1,0
0,0,-0.5084194819,-1.447191091,1,0
0,0,-0.743163629,-2.347441471,0,0
0,0,-1.022492135,-2.793285062,2,0
0,0,-1.462524437,-4.400323015,2,-1
1,1,-2.054880128,-5.923556908
0,0,0,0,0,0
0,0,0.08637604297,0.8637604297,2,0
0,0,0.1129807209,0.2660467788,1,0
0,0,0.1644537855,0.5147306467,2,0
0,0,0.1412357157,-0.232180698,2,0
0,0,0.06149420927,-0.7974150645,0,0
0,0,0.09332427137,0.318300621,1,0
0,0,0.130184538,0.3686026664,0,0
0,0,0.2881152774,1.579307394,0,0
0,0,0.5846078181,2.964925407,0,0
0,0,1.036532615,4.519247967,2,0
0,0,1.570786442,5.342538276,2,-1
1,1,2.252039208,6.81252765
0,0,0,0,2,0
0,0,-0.1021525626,-1.021525626,2,0
0,0,-0.3140159652,-2.118634026,1,0
0,0,-0.5898015193,-2.757855541,1,0
0,0,-0.9406758683,-3.50874349,1,0
0,0,-1.405224282,-4.645484141,1,-1
1,1,-2.011403569,-6.061792865
0,0,0,0,0,0
0,0,0.07378034706,0.7378034706,0,0
0,0,0.2402552607,1.664749136,0,0
0,0,0.546117196,3.058619353,0,0
0,0,1.011454435,4.653372388,2,0
0,0,1.557117491,5.456630561,0,-1
1,1,2.250051694,6.929342033
0,0,0,0,2,0
0,0,-0.0755826316,-0.755826316,2,0
0,0,-0.2487695768,-1.731869452,0,0
0,0,-0.3772970644,-1.285274876,2,0
0,0,-0.6546154821,-2.773184177,0,0
0,0,-0.9686918243,-3.140763423,0,0
0,0,-1.362216266,-3.935244418,1,-1
1,1,-1.89715188,-5.349356135
0,0,0,0,2,0
0,0,-0.0714477341,-0.714477341,0,0
0,0,-0.06895806792,0.02489666181,2,0
0,0,-0.1725518042,-1.035937362,1,0
0,0,-0.2928979485,-1.203461444,2,0
0,0,-0.536525644,-2.436276955,2,0
0,0,-0.9353749113,-3.988492673,0,0
0,0,-1.402262329,-4.668874182,2,-1
1,1,-2.020096296,-6.178339667
0,0,0,0,2,0
0,0,-0.08598071756,-0.8598071756,2,0
0,0,-0.2578227746,-1.718420571,2,0
0,0,-0.567228901,-3.094061264,1,0
0,0,-0.9586375235,-3.914086225,1,0
0,0,-1.459931347,-5.012938238,2,-1
1,1,-2.111782143,-6.518507959
0,0,0,0,0,0
0,0,0.07228799065,0.7228799065,0,0
0,0,0.2375323219,1.652443313,1,0
0,0,0.4329588031,1.954264811,1,0
0,0,0.7087816904,2.758228873,1,0
0,0,1.0774398,3.686581098,0,-1
1,1,1.60871942,5.312796201
0,0,0,0,1,0
0,0,-0.00655515122,-0.0655515122,0,0
0,0,0.07971848817,0.8627363939,2,0
0,0,0.09102859897,0.113101108,2,0
0,0,0.01514244958,-0.7588614939,0,0
0,0,0.02892707298,0.1378462341,0,0
0,0,0.1198387605,0.9091168754,0,0
0,0,0.3340347305,2.141959699,0,0
0,0,0.6854633741,3.514286437,1,0
0,0,1.118643674,4.331802996,1,-1
1,1,1.670950362,5.523066881
0,0,0,0,2,0
0,0,-0.09098571265,-0.9098571265,2,0
0,0,-0.283855903,-1.928701904,0,0
0,0,-0.4258653115,-1.420094084,2,0
0,0,-0.7176096707,-2.917443592,1,0
0,0,-1.106708823,-3.890991528,2,-1
1,1,-1.651551305,-5.448424814
0,0,0,0,0,0
0,0,0.07597980492,0.7597980492,1,0
0,0,0.1603083517,0.8432854676,1,0
0,0,0.2599039959,0.9959564428,0,0
0,0,0.4773070104,2.174030144,1,0
0,0,0.764458925,2.871519146,2,0
0,0,1.094332413,3.29873488,2,0
0,0,1.523333829,4.290014164,2,-1
1,1,2.095019926,5.716860971
0,0,0,0,2,0
0,0,-0.0918357874,-0.918357874,2,0
0,0,-0.2980073293,-2.061715419,1,0
0,0,-0.5373823058,-2.393749765,2,0
0,0,-0.9238843391,-3.865020333,1,0
0,0,-1.415408713,-4.915243737,1,-1
1,1,-2.047885972,-6.324772595
0,0,0,0,2,0
0,0,-0.0864654894,-0.864654894,0,0
0,0,-0.1123081975,-0.2584270806,0,0
0,0,-0.06677958107,0.455286164,1,0
0,0,-0.04679192062,0.1998766045,0,0
0,0,0.04325609008,0.900480107,1,0
0,0,0.1241266948,0.8087060468,2,0
0,0,0.1555451785,0.3141848372,2,0
0,0,0.1431860467,-0.1235913177,0,0
0,0,0.2256409862,0.8245493946,1,0
0,0,0.3492150716,1.235740855,2,0
0,0,0.4410172952,0.9180222354,0,0
0,0,0.6927634977,2.517462025,2,0
0,0,0.9836228766,2.908593789,1,0
0,0,1.388192597,4.045697205,1,-1
1,1,1.936358367,5.481657699
0,0,0,0,2,0
0,0,-0.091961498,-0.91961498,1,0
0,0,-0.1939921326,-1.020306346,1,0
0,0,-0.343544207,-1.495520744,2,0
0,0,-0.6166384497,-2.730942427,2,0
0,0,-1.045712074,-4.290736245,1,-1
1,1,-1.600443866,-5.547317913
0,0,0,0,2,0
0,0,-0.07689368891,-0.7689368891,1,0
0,0,-0.1588764932,-0.8198280425,2,0
0,0,-0.3602857306,-2.014092374,0,0
0,0,-0.53930744,-1.790217094,0,0
0,0,-0.7212315345,-1.819240945,2,0
0,0,-1.060920874,-3.396893399,1,0
0,0,-1.530282757,-4.693618821,2,-1
1,1,-2.148355417,-6.180726601
0,0,0,0,0,0
0,0,0.1055086041,1.055086041,1,0
0,0,0.2208432277,1.153346236,2,0
0,0,0.2781982321,0.5735500444,1,0
0,0,0.3768660133,0.9866778121,1,0
0,0,0.5260264968,1.491604835,0,0
0,0,0.8439732641,3.179467673,1,0
0,0,1.272279461,4.283061972,0,-1
1,1,1.857484089,5.852046275
0,0,0,0,2,0
0,0,-0.07477028858,-0.7477028858,0,0
0,0,-0.06889176747,0.05878521118,2,0
0,0,-0.1693495582,-1.004577907,2,0
0,0,-0.401409251,-2.320596928,0,0
0,0,-0.6196717103,-2.182624593,1,0
0,0,-0.9239199815,-3.042482712,2,0
0,0,-1.388168113,-4.642481317,1,-1
1,1,-1.992267453,-6.040993401
0,0,0,0,1,0
0,0,0.005761139894,0.05761139894,1,0
0,0,-0.002247351237,-0.08008491132,0,0
0,0,0.07769283118,0.7994018241,1,0
0,0,0.1748204861,0.9712765489,0,0
0,0,0.3764199353,2.015994492,2,0
0,0,0.5580016022,1.815816669,2,0
0,0,0.7450963668,1.870947646,0,0
0,0,1.098295978,3.531996111,1,-1
1,1,1.574896872,4.766008943
0,0,0,0,2,0
0,0,-0.09883866717,-0.9883866717,2,0
0,0,-0.3086899426,-2.098512754,0,0
0,0,-0.4740456241,-1.653556816,1,0
0,0,-0.7043898509,-2.303442267,1,0
0,0,-1.037238456,-3.328486053,1,0
0,0,-1.490110174,-4.528717178,2,-1
1,1,-2.092524721,-6.024145468
0,0,0,0,0,0
0,0,0.093988593,0.93988593,2,0
0,0,0.1078505859,0.1386199293,0,0
0,0,0.2419694766,1.341188906,2,0
0,0,0.3161676195,0.7419814295,1,0
0,0,0.431459268,1.152916485,1,0
0,0,0.6107622324,1.793029644,2,0
0,0,0.8125222683,2.017600359,0,0
0,0,1.191089462,3.785671935,1,-1
1,1,1.699969697,5.088802348
0,0,0,0,0,0
0,0,0.0837108268,0.837108268,1,0
0,0,0.1880562651,1.043454383,2,0
0,0,0.233099183,0.4504291794,2,0
0,0,0.2217444176,-0.1135476543,0,0
0,0,0.3173028227,0.9555840512,0,0
0,0,0.5441500231,2.268472003,2,0
0,0,0.7689703471,2.24820324,1,0
0,0,1.10109896,3.321286132,0,-1
1,1,1.590931891,4.898329308
0,0,0,0,1,0
0,0,0.01353523472,0.1353523472,0,0
0,0,0.1002073008,0.8667206605,2,0
0,0,0.1155532347,0.1534593396,1,0
0,0,0.1419671522,0.2641391744,2,0
0,0,0.09857797107,-0.433891811,0,0
0,0,0.1496686691,0.5109069803,2,0
0,0,0.148137226,-0.01531443049,1,0
0,0,0.1673463063,0.1920908024,0,0
0,0,0.311150006,1.438036997,2,0
0,0,0.4321693712,1.210193652,0,0
0,0,0.69760348,2.654341088,1,0
0,0,1.049267819,3.516643391,1,0
0,0,1.522154796,4.728869768,1,-1
1,1,2.140248574,6.180937783
0,0,0,0,1,0
0,0,0.006847929874,0.06847929874,1,0
0,0,0.009993941659,0.03146011784,2,0
0,0,-0.06464436891,-0.7463831057,0,0
0,0,-0.06977737284,-0.05133003931,1,0
0,0,-0.09915715297,-0.2937978013,1,0
0,0,-0.1606721662,-0.6151501318,2,0
0,0,-0.3477844972,-1.871123311,2,0
0,0,-0.671177189,-3.233926918,1,0
0,0,-1.076921182,-4.057439933,2,-1
1,1,-1.643386227,-5.664650452
0,0,0,0,1,0
0,0,-0.002918781164,-0.02918781164,1,0
0,0,-0.02082258313,-0.1790380197,0,0
0,0,0.04119716632,0.6201974945,0,0
0,0,0.1865421928,1.453450265,2,0
0,0,0.291508759,1.049665661,1,0
0,0,0.4394246807,1.479159218,2,0
0,0,0.5803964138,1.409717331,0,0
0,0,0.8775951392,2.971987254,0,0
0,0,1.34373272,4.661375808,0,-1
1,1,1.965692033,6.21959313
0,0,0,0,2,0
0,0,-0.103724546,-1.03724546,0,0
0,0,-0.144207383,-0.40482837,2,0
0,0,-0.2866469912,-1.424396083,2,0
0,0,-0.5581627627,-2.715157715,2,0
0,0,-0.9864020547,-4.28239292,2,-1
1,1,-1.579081197,-5.926791419
0,0,0,0,0,0
0,0,0.09297925328,0.9297925328,0,0
0,0,0.28925514,1.962758867,2,0
0,0,0.4469340406,1.576789006,0,0
0,0,0.742632141,2.956981004,2,0
0,0,1.076421425,3.337892836,1,0
0,0,1.536959732,4.605383071,0,-1
1,1,2.145453558,6.084938262
0,0,0,0,0,0
0,0,0.08210837589,0.8210837589,1,0
0,0,0.1835378026,1.014294267,0,0
0,0,0.3975740903,2.140362876,2,0
0,0,0.6065319318,2.089578416,0,0
0,0,0.9623762743,3.558443425,1,0
0,0,1.442290381,4.799141062,0,-1
1,1,2.073023632,6.307332518
0,0,0,0,0,0
0,0,0.09011522214,0.9011522214,1,0
0,0,0.191350954,1.012357319,1,0
0,0,0.3126828849,1.213319309,2,0
0,0,0.3890066227,0.7632373784,0,0
0,0,0.6183888631,2.293822403,2,0
0,0,0.8592965357,2.409076726,1,0
0,0,1.220641312,3.613447767,1,-1
1,1,1.714418219,4.937769069
0,0,0,0,1,0
0,0,-0.002135275706,-0.02135275706,1,0
0,0,-0.01924089384,-0.1710561813,2,0
0,0,-0.1175033883,-0.9826249445,1,0
0,0,-0.2500081188,-1.325047305,2,0
0,0,-0.4924765032,-2.424683843,1,0
0,0,-0.7946831833,-3.022066801,2,0
0,0,-1.268334176,-4.73650993,2,-1
1,1,-1.893482345,-6.251481684
0,0,0,0,1,0
0,0,0.01700666835,0.1700666835,2,0
0,0,-0.05296137985,-0.6996804819,0,0
0,0,-0.03412773548,0.1883364436,0,0
0,0,0.06987926614,1.040070016,1,0
0,0,0.1941938316,1.243145655,2,0
0,0,0.2638175278,0.6962369618,2,0
0,0,0.2855771766,0.2175964877,2,0
0,0,0.2671932302,-0.1838394641,0,0
0,0,0.3677175353,1.005243052,0,0
0,0,0.6172906773,2.495731419,2,0
0,0,0.9002359527,2.829452755,1,0
0,0,1.29454563,3.943096774,0,-1
1,1,1.84933087,5.547852401
0,0,0,0,1,0
0,0,-0.01348654039,-0.1348654039,2,0
0,0,-0.1309448126,-1.174582722,2,0
0,0,-0.3438901348,-2.129453221,1,0
0,0,-0.6260967664,-2.822066316,2,0
0,0,-1.068286317,-4.421895509,0,-1
1,1,-1.600181981,-5.318956639
0,0,0,0,2,0
0,0,-0.08797979172,-0.8797979172,2,0
0,0,-0.2902172463,-2.022374545,0,0
0,0,-0.4516659182,-1.61448672,1,0
0,0,-0.6892124563,-2.375465381,1,0
0,0,-1.026744215,-3.375317591,0,0
0,0,-1.443160164,-4.164159489,2,-1
1,1,-2.012989774,-5.6982961
0,0,0,0,0,0
0,0,0.0816023808,0.816023808,1,0
0,0,0.1786437302,0.9704134935,0,0
0,0,0.4011101613,2.224664311,0,0
0,0,0.7756888634,3.745787021,0,0
0,0,1.312000628,5.363117642,0,-1
1,1,1.997334291,6.853336631
0,0,0,0,2,0
0,0,-0.1003402992,-1.003402992,1,0
0,0,-0.2040295857,-1.036892865,2,0
0,0,-0.4246300179,-2.206004322,2,0
0,0,-0.7990593492,-3.744293313,0,0
0,0,-1.229084969,-4.3002562,0,-1
1,1,-1.766991394,-5.379064252
0,0,0,0,2,0
0,0,-0.07518559025,-0.7518559025,0,0
0,0,-0.06271399879,0.1247159146,0,0
0,0,0.03829162341,1.010056222,2,0
0,0,0.04535128193,0.07059658521,2,0
0,0,-0.01894653658,-0.6429781852,2,0
0,0,-0.1740332458,-1.550867092,1,0
0,0,-0.3500821935,-1.760489476,2,0
0,0,-0.6501967546,-3.001145612,0,0
0,0,-0.9642882057,-3.140914511,2,0
0,0,-1.439098433,-4.748102269,1,-1
1,1,-2.054030028,-6.149315954
0,0,0,0,1,0
0,0,-0.004396958634,-0.04396958634,2,0
0,0,-0.1116345694,-1.072376108,0,0
0,0,-0.1377101766,-0.2607560718,0,0
0,0,-0.08718566818,0.5052450844,2,0
0,0,-0.1268095134,-0.3962384518,0,0
0,0,-0.09561635064,0.3119316272,2,0
0,0,-0.1688265708,-0.7321022016,2,0
0,0,-0.3676222953,-1.987957245,0,0
0,0,-0.5359690926,-1.683467973,1,0
0,0,-0.7923264325,-2.5635734,2,0
0,0,-1.22384553,-4.315190971,2,-1
1,1,-1.809864008,-5.860184782
0,0,0,0,1,0
0,0,-0.009988477676,-0.09988477676,1,0
0,0,-0.02325528654,-0.1326680886,0,0
0,0,0.06275578271,0.8601106925,0,0
0,0,0.231423673,1.686678903,0,0
0,0,0.5313671569,2.999434839,2,0
0,0,0.825761333,2.943941761,1,0
0,0,1.229640843,4.038795103,2,-1
1,1,1.740130132,5.104892889
0,0,0,0,1,0
0,0,0.01688727859,0.1688727859,2,0
0,0,-0.04836092236,-0.6524820095,0,0
0,0,-0.02676379044,0.2159713192,2,0
0,0,-0.1059676082,-0.7920381778,2,0
0,0,-0.296955325,-1.909877168,1,0
0,0,-0.5356521731,-2.38696848,2,0
0,0,-0.9296020748,-3.939499017,1,0
0,0,-1.431925521,-5.023234458,1,-1
1,1,-2.076264557,-6.443390368
0,0,0,0,1,0
0,0,-0.001560309006,-0.01560309006,1,0
0,0,-0.01491748717,-0.1335717817,0,0
0,0,0.05571563068,0.7063311786,0,0
0,0,0.2113996402,1.556840095,0,0
0,0,0.4948715238,2.834718837,1,0
0,0,0.83818421,3.433126861,1,0
0,0,1.29896235,4.607781398,0,-1
1,1,1.913875746,6.149133967
0,0,0,0,2,0
0,0,-0.08151396533,-0.8151396533,0,0
0,0,-0.0868289355,-0.05314970176,0,0
0,0,-0.006177379442,0.8065155606,1,0
0,0,0.0781226361,0.8430001555,2,0
0,0,0.09923429046,0.2111165436,1,0
0,0,0.1295782864,0.3034399597,0,0
0,0,0.2619390459,1.323607594,1,0
0,0,0.4508926011,1.889535552,1,0
0,0,0.724512686,2.736200849,1,0
0,0,1.102244781,3.777320954,0,-1
1,1,1.636572732,5.343279507
0,0,0,0,1,0
0,0,-0.01533638767,-0.1533638767,0,0
0,0,0.04705706782,0.6239345549,1,0
0,0,0.1042183884,0.5716132057,2,0
0,0,0.07751222579,-0.267061626,1,0
0,0,0.04886332953,-0.2864889625,1,0
0,0,0.03132340879,-0.1753992074,1,0
0,0,0.01859197004,-0.1273143875,2,0
0,0,-0.09104028554,-1.096322556,1,0
0,0,-0.2208753347,-1.298350491,0,0
0,0,-0.3060839876,-0.852086529,1,0
0,0,-0.4286701159,-1.225861284,0,0
0,0,-0.5309050285,-1.022349126,1,0
0,0,-0.7200944491,-1.891894206,1,0
0,0,-1.007744887,-2.876504378,2,0
0,0,-1.461222863,-4.534779764,2,-1
1,1,-2.064444095,-6.032212321
0,0,0,0,1,0
0,0,0.001322826252,0.01322826252,1,0
0,0,-0.0122110867,-0.1353391295,0,0
0,0,0.05532165012,0.6753273682,0,0
0,0,0.2064749188,1.511532687,0,0
0,0,0.4773625252,2.708876063,2,0
0,0,0.7299327744,2.525702493,1,0
0,0,1.083173559,3.532407841,2,0
0,0,1.522093732,4.389201733,0,-1
1,1,2.109502443,5.874087111
0,0,0,0,1,0
0,0,0.004675631177,0.04675631177,1,0
0,0,0.01267147915,0.07995847973,2,0
0,0,-0.06727148005,-0.799429592,1,0
0,0,-0.15776939,-0.9049790998,2,0
0,0,-0.3649483111,-2.071789211,1,0
0,0,-0.6151191367,-2.501708256,0,0
0,0,-0.8998624078,-2.847432711,2,0
0,0,-1.35664402,-4.567816117,1,-1
1,1,-1.950918856,-5.942748361
0,0,0,0,2,0
0,0,-0.07813631225,-0.7813631225,0,0
0,0,-0.09293638569,-0.1480007343,2,0
0,0,-0.2198304876,-1.268941019,2,0
0,0,-0.4617538423,-2.419233547,2,0
0,0,-0.8612989848,-3.995451425,1,0
0,0,-1.361063612,-4.997646272,0,-1
1,1,-1.983986081,-6.229224691
0,0,0,0,2,0
0,0,-0.09998798678,-0.9998798678,1,0
0,0,-0.2062924057,-1.063044189,0,0
0,0,-0.2773700398,-0.7107763414,0,0
0,0,-0.3240002645,-0.4663022466,0,0
0,0,-0.3332552738,-0.09255009303,1,0
0,0,-0.3990576883,-0.6580241448,1,0
0,0,-0.5210249271,-1.219672388,1,0
0,0,-0.7308567745,-2.098318474,2,0
0,0,-1.111898083,-3.810413085,1,-1
1,1,-1.622134206,-5.102361235
0,0,0,0,1,0
0,0,-0.009315891144,-0.09315891144,2,0
0,0,-0.1078574179,-0.9854152674,1,0
0,0,-0.2346769995,-1.268195816,1,0
0,0,-0.3872585066,-1.525815072,0,0
0,0,-0.5368662101,-1.496077035,2,0
0,0,-0.8454595059,-3.085932958,0,0
0,0,-1.215975663,-3.705161571,1,-1
1,1,-1.721345239,-5.053695764
0,0,0,0,1,0
0,0,0.003891981725,0.03891981725,2,0
0,0,-0.07674215612,-0.8063413785,0,0
0,0,-0.09818764044,-0.2144548431,0,0
0,0,-0.04419177672,0.5399586372,1,0
0,0,0.01836536699,0.625571437,2,0
0,0,0.002489567107,-0.1587579988,0,0
0,0,0.06747881524,0.6498924813,0,0
0,0,0.2254933077,1.580144925,2,0
0,0,0.3231741939,0.9768088615,2,0
0,0,0.3831937829,0.6001958907,2,0
0,0,0.4306543157,0.4746053278,1,0
0,0,0.5422009532,1.115466375,2,0
0,0,0.6712728163,1.290718631,1,0
0,0,0.9124632897,2.411904735,2,0
0,0,1.218681214,3.062179243,1,-1
1,1,1.662735954,4.440547401
0,0,0,0,0,0
0,0,0.08009590884,0.8009590884,1,0
0,0,0.1575896382,0.7749372934,1,0
0,0,0.2452478872,0.8765824899,0,0
0,0,0.456451978,2.112040909,1,0
0,0,0.7425948164,2.861428384,0,0
0,0,1.183188517,4.405937009,2,-1
1,1,1.71905511,5.358665925
0,0,0,0,2,0
0,0,-0.09769177379,-0.9769177379,0,0
0,0,-0.1235842552,-0.2589248142,0,0
0,0,-0.07059431282,0.5298994239,2,0
0,0,-0.1254911745,-0.5489686173,0,0
0,0,-0.1101010885,0.1539008599,1,0
0,0,-0.1156896384,-0.05588549902,2,0
0,0,-0.2250563574,-1.093667189,2,0
0,0,-0.4707537168,-2.456973594,0,0
0,0,-0.7076161321,-2.368624154,0,0
0,0,-0.9848624211,-2.77246289,2,0
0,0,-1.435514734,-4.506523133,0,-1
1,1,-2.019710405,-5.84195671
0,0,0,0,1,0
0,0,0.000425669763,0.00425669763,0,0
0,0,0.0781595603,0.7773389053,2,0
0,0,0.09542865102,0.1726909072,2,0
0,0,0.03621247404,-0.5921617698,0,0
0,0,0.07602855942,0.3981608538,0,0
0,0,0.2132293065,1.372007471,0,0
0,0,0.4616226828,2.483933762,0,0
0,0,0.849138084,3.875154012,0,0
0,0,1.387759059,5.386209751,2,-1
1,1,2.049038411,6.612793517
0,0,0,0,1,0
0,0,0.0002907739948,0.002907739948,2,0
0,0,-0.1012769363,-1.015677103,0,0
0,0,-0.1404942637,-0.3921732738,2,0
0,0,-0.3031240344,-1.626297707,1,0
0,0,-0.5053558319,-2.022317975,1,0
0,0,-0.7998673147,-2.945114828,2,0
0,0,-1.2638528,-4.639854855,1,-1
1,1,-1.862509248,-5.986564474
0,0,0,0,1,0
0,0,0.01594940488,0.1594940488,0,0
0,0,0.1218081518,1.058587469,1,0
0,0,0.2407878168,1.189796649,2,0
0,0,0.3093287308,0.68540914,1,0
0,0,0.4280226605,1.186939297,2,0
0,0,0.5474989495,1.194762891,0,0
0,0,0.8306324243,2.831334748,2,0
0,0,1.16076282,3.301303961,1,-1
1,1,1.627105102,4.663422818
0,0,0,0,1,0
0,0,-0.003553518841,-0.03553518841,2,0
0,0,-0.08997881006,-0.8642529122,2,0
0,0,-0.2719208144,-1.819420044,1,0
0,0,-0.4866930057,-2.147721913,0,0
0,0,-0.7041427812,-2.174497755,0,0
0,0,-0.9511666786,-2.470238974,0,0
0,0,-1.277305803,-3.261391248,0,-1
1,1,-1.723805877,-4.465000737
0,0,0,0,0,0
0,0,0.07710204768,0.7710204768,0,0
0,0,0.265246245,1.881441974,2,0
0,0,0.4040293293,1.387830843,0,0
0,0,0.6736045865,2.695752572,0,0
0,0,1.095646431,4.220418447,1,-1
1,1,1.63486092,5.392144891
0,0,0,0,1,0
0,0,0.01327116727,0.1327116727,1,0
0,0,0.03725117672,0.2398000945,1,0
0,0,0.05244603279,0.1519485607,1,0
0,0,0.08763795825,0.3519192546,1,0
0,0,0.1501453702,0.6250741193,2,0
0,0,0.1667335186,0.1658814837,2,0
0,0,0.1401529672,-0.2658055137,0,0
0,0,0.2330845852,0.9293161804,0,0
0,0,0.4391972466,2.061126614,1,0
0,0,0.7051046326,2.659073859,0,0
0,0,1.135712146,4.306075136,0,-1
1,1,1.728120258,5.924081114
0,0,0,0,2,0
0,0,-0.07184539905,-0.7184539905,2,0
0,0,-0.2381426826,-1.662972836,1,0
0,0,-0.4542281277,-2.160854451,1,0
0,0,-0.7500705605,-2.958424328,0,0
0,0,-1.080695448,-3.306248874,2,-1
1,1,-1.580215587,-4.995201393
0,0,0,0,2,0
0,0,-0.09355381795,-0.9355381795,1,0
0,0,-0.1952372652,-1.016834472,0,0
0,0,-0.2561062517,-0.6086898655,2,0
0,0,-0.43650474,-1.803984883,0,0
0,0,-0.6177613344,-1.812565944,0,0
0,0,-0.8121195012,-1.943581668,2,0
0,0,-1.176800301,-3.646807993,1,-1
1,1,-1.671194547,-4.943942465
0,0,0,0,0,0
0,0,0.09291865008,0.9291865008,2,0
0,0,0.09933853384,0.06419883753,1,0
0,0,0.1160547792,0.1671624536,2,0
0,0,0.06633224447,-0.4972253472,1,0
0,0,0.03813446083,-0.2819778364,1,0
0,0,0.004709839627,-0.334246212,2,0
0,0,-0.109410972,-1.141208116,0,0
0,0,-0.1639175423,-0.5450657027,1,0
0,0,-0.2549520462,-0.9103450395,1,0
0,0,-0.4025882634,-1.476362172,1,0
0,0,-0.6180862833,-2.154980198,1,0
0,0,-0.9288110432,-3.1072476,1,0
0,0,-1.353007375,-4.241963317,2,-1
1,1,-1.933291313,-5.802839378
0,0,0,0,1,0
0,0,0.009226765193,0.09226765193,1,0
0,0,0.01772622518,0.08499459983,1,0
0,0,0.02597246266,0.08246237479,0,0
0,0,0.1233963007,0.9742383808,1,0
0,0,0.2467226752,1.233263745,1,0
0,0,0.3977839632,1.51061288,0,0
0,0,0.6887383167,2.909543535,1,0
0,0,1.065992154,3.772538376,1,0
0,0,1.560182276,4.941901214,2,-1
1,1,2.200300828,6.401185518
0,0,0,0,1,0
0,0,-0.003880986584,-0.03880986584,0,0
0,0,0.07014599372,0.7402698031,1,0
0,0,0.1604770586,0.9033106487,2,0
0,0,0.2025228815,0.4204582292,2,0
0,0,0.1844342216,-0.1808865989,1,0
0,0,0.1909572455,0.06523023922,0,0
0,0,0.3277628702,1.368056246,2,0
0,0,0.43101127,1.032483998,0,0
0,0,0.6942510569,2.632397869,1,0
0,0,1.055041604,3.60790547,1,0
0,0,1.538216436,4.831748318,1,-1
1,1,2.167056331,6.288398952
0,0,0,0,2,0
0,0,-0.07418902671,-0.7418902671,1,0
0,0,-0.1458882434,-0.7169921672,1,0
0,0,-0.2316578762,-0.8576963281,1,0
0,0,-0.3420287121,-1.103708358,1,0
0,0,-0.5116575797,-1.696288677,1,0
0,0,-0.746721413,-2.350638333,1,0
0,0,-1.079306182,-3.325847693,1,0
0,0,-1.537701593,-4.583954105,1,-1
1,1,-2.142424136,-6.047225431
0,0,0,0,1,0
0,0,0.002138400877,0.02138400877,1,0
0,0,0.01828428548,0.161458846,2,0
0,0,-0.0611951875,-0.7947947297,1,0
0,0,-0.1401485379,-0.7895335036,0,0
0,0,-0.1474313498,-0.07282811893,0,0
0,0,-0.07882041368,0.6861093607,2,0
0,0,-0.126015746,-0.4719533232,2,0
0,0,-0.2753041389,-1.492883929,1,0
0,0,-0.4844620949,-2.091579561,2,0
0,0,-0.8395253125,-3.550632176,1,0
0,0,-1.304661961,-4.651366481,2,-1
1,1,-1.927104868,-6.224429075
0,0,0,0,2,0
0,0,-0.09938857674,-0.9938857674,1,0
0,0,-0.2141369636,-1.147483868,2,0
0,0,-0.459509223,-2.453722594,2,0
0,0,-0.8496557173,-3.901464943,0,0
0,0,-1.301503428,-4.518477107,1,-1
1,1,-1.890424943,-5.889215154
0,0,0,0,0,0
0,0,0.1040879029,1.040879029,0,0
0,0,0.3074602734,2.033723704,0,0
0,0,0.635514065,3.280537916,0,0
0,0,1.131069984,4.955559193,2,-1
1,1,1.710182042,5.791120577
0,0,0,0,1,0
0,0,-0.01332479197,-0.1332479197,2,0
0,0,-0.1089989072,-0.9567411524,2,0
0,0,-0.3149845242,-2.05985617,0,0
0,0,-0.4967367103,-1.817521861,1,0
0,0,-0.7507607031,-2.540239928,0,0
0,0,-1.038829177,-2.880684735,2,0
0,0,-1.494092501,-4.552633248,2,-1
1,1,-2.098327436,-6.042349342
0,0,0,0,0,0
0,0,0.0747203604,0.747203604,0,0
0,0,0.2641644027,1.894440423,0,0
0,0,0.5930118923,3.288474896,0,0
0,0,1.069342643,4.763307504,0,-1
1,1,1.700672296,6.313296533
0,0,0,0,2,0
0,0,-0.09642015563,-0.9642015563,1,0
0,0,-0.2091787576,-1.12758602,2,0
0,0,-0.4369651156,-2.27786358,0,0
0,0,-0.6427404318,-2.057753162,1,0
0,0,-0.943730287,-3.009898552,0,0
0,0,-1.319648853,-3.75918566,2,-1
1,1,-1.853401942,-5.337530889
0,0,0,0,0,0
0,0,0.08495652193,0.8495652193,1,0
0,0,0.1891954895,1.042389676,0,0
0,0,0.4181262526,2.289307631,1,0
0,0,0.7136030747,2.954768221,1,0
0,0,1.102489762,3.888866874,0,-1
1,1,1.653388033,5.508982713
0,0,0,0,1,0
0,0,-0.007453777376,-0.07453777376,0,0
0,0,0.05645427109,0.6390804847,1,0
0,0,0.1382010134,0.8174674233,1,0
0,0,0.2583847439,1.201837305,0,0
0,0,0.504494504,2.461097601,2,0
0,0,0.7404655991,2.35971095,0,0
0,0,1.131726261,3.912606617,0,-1
1,1,1.680903828,5.491775672
0,0,0,0,2,0
0,0,-0.09179568052,-0.9179568052,2,0
0,0,-0.3003559384,-2.085602579,2,0
0,0,-0.6564641275,-3.561081891,2,0
0,0,-1.156261402,-4.997972743,2,-1
1,1,-1.808032958,-6.517715558
0,0,0,0,2,0
0,0,-0.08791301749,-0.8791301749,1,0
0,0,-0.2078828745,-1.19969857,1,0
0,0,-0.3652326589,-1.573497844,0,0
0,0,-0.5022612238,-1.370285649,1,0
0,0,-0.707534577,-2.052733532,2,0
0,0,-1.073418849,-3.658842716,2,-1
1,1,-1.595774103,-5.223552544
0,0,0,0,1,0
0,0,0.01154090603,0.1154090603,2,0
0,0,-0.05857852195,-0.7011942799,1,0
0,0,-0.1427904142,-0.8421189224,0,0
0,0,-0.1520706397,-0.09280225518,2,0
0,0,-0.2599029052,-1.078322655,2,0
0,0,-0.5004759712,-2.405730659,1,0
0,0,-0.8157855368,-3.153095656,2,0
0,0,-1.295120407,-4.793348704,2,-1
1,1,-1.925164416,-6.300440087
0,0,0,0,2,0
0,0,-0.0977268604,-0.977268604,0,0
0,0,-0.1378127351,-0.4008587472,1,0
0,0,-0.1908047507,-0.5299201559,2,0
0,0,-0.3552220989,-1.644173482,1,0
0,0,-0.5630221238,-2.078000249,2,0
0,0,-0.9338494009,-3.708272771,0,0
0,0,-1.370253199,-4.36403798,1,-1
1,1,-1.94619665,-5.759434511
0,0,0,0,2,0
0,0,-0.09746740847,-0.9746740847,2,0
0,0,-0.2985620399,-2.010946314,2,0
0,0,-0.6366359884,-3.380739486,0,0
0,0,-0.9996025691,-3.629665806,1,0
0,0,-1.474088254,-4.744856851,0,-1
1,1,-2.085245333,-6.111570786
0,0,0,0,1,0
0,0,0.002221345481,0.02221345481,1,0
0,0,-0.0008557320306,-0.03077077512,0,0
0,0,0.101784034,1.026397661,0,0
0,0,0.3209470488,2.191630148,0,0
0,0,0.6700800038,3.491329549,2,0
0,0,1.052048389,3.819683849,1,0
0,0,1.555893942,5.038455535,1,-1
1,1,2.206090641,6.501966993
0,0,0,0,1,0
0,0,-0.003724356891,-0.03724356891,0,0
0,0,0.08950426918,0.9322862607,2,0
0,0,0.1270685471,0.3756427792,0,0
0,0,0.2584195506,1.313510035,2,0
0,0,0.3645970802,1.061775296,2,0
0,0,0.448352095,0.8375501483,2,0
0,0,0.5144773422,0.6612524716,1,0
0,0,0.6599003398,1.454229976,1,0
0,0,0.9016106756,2.417103358,1,0
0,0,1.258770948,3.571602726,0,-1
1,1,1.772053341,5.132823925
0,0,0,0,2,0
0,0,-0.1001342063,-1.001342063,0,0
0,0,-0.1265247224,-0.2639051607,1,0
0,0,-0.1621730845,-0.3564836214,0,0
0,0,-0.1263330724,0.3584001213,1,0
0,0,-0.1237186375,0.02614434905,2,0
0,0,-0.2436520857,-1.199334483,1,0
0,0,-0.3920200522,-1.483679665,1,0
0,0,-0.6027117513,-2.106916991,2,0
0,0,-0.9612386743,-3.585269229,1,0
0,0,-1.444831451,-4.835927763,1,-1
1,1,-2.071447641,-6.266161901
0,0,0,0,0,0
0,0,0.07579454831,0.7579454831,0,0
0,0,0.2459140373,1.70119489,2,0
0,0,0.3714366499,1.255226126,2,0
0,0,0.4716929551,1.002563052,0,0
0,0,0.7288036192,2.571106642,0,0
0,0,1.137420474,4.086168552,0,-1
1,1,1.71107386,5.736533859
0,0,0,0,2,0
0,0,-0.08026134385,-0.8026134385,2,0
0,0,-0.2741520135,-1.938906697,2,0
0,0,-0.6050174828,-3.308654693,0,0
0,0,-0.9497590856,-3.447416028,1,0
0,0,-1.411025818,-4.612667323,1,-1
1,1,-2.014131542,-6.031057241
0,0,0,0,0,0
0,0,0.08501068501,0.8501068501,0,0
0,0,0.2610710981,1.76060413,2,0
0,0,0.4113749296,1.503038315,2,0
0,0,0.5538647041,1.424897745,1,0
0,0,0.7875652859,2.337005819,2,0
0,0,1.077371012,2.898057263,0,0
0,0,1.529241676,4.518706636,2,-1
1,1,2.124037532,5.947958566
0,0,0,0,0,0
0,0,0.08544009864,0.8544009864,2,0
0,0,0.1022088369,0.1676873821,2,0
0,0,0.05483626732,-0.4737256953,0,0
0,0,0.1083653434,0.5352907612,2,0
0,0,0.1028664262,-0.05498917213,2,0
0,0,0.03632668255,-0.6653974368,1,0
0,0,-0.02720877979,-0.6353546234,1,0
0,0,-0.07963127339,-0.524224936,2,0
0,0,-0.2430852348,-1.634539614,1,0
0,0,-0.4364062683,-1.933210335,0,0
0,0,-0.6054865107,-1.690802424,1,0
0,0,-0.8745285479,-2.690420371,2,0
0,0,-1.30679522,-4.322666717,1,-1
1,1,-1.873376888,-5.665816686
0,0,0,0,1,0
0,0,-0.009351766333,-0.09351766333,0,0
0,0,0.05080911814,0.6016088447,2,0
0,0,0.04176187316,-0.09047244973,2,0
0,0,-0.04708152501,-0.8884339817,1,0
0,0,-0.1333443824,-0.8626285743,2,0
0,0,-0.329709767,-1.963653846,2,0
0,0,-0.6451112538,-3.154014868,0,0
0,0,-0.9916224165,-3.465111626,1,0
0,0,-1.454822518,-4.63200102,1,-1
1,1,-2.059809283,-6.049867646
0,0,0,0,2,0
0,0,-0.08486076271,-0.8486076271,0,0
0,0,-0.1032627478,-0.184019851,0,0
0,0,-0.04681127985,0.5645146796,2,0
0,0,-0.09209773728,-0.4528645744,2,0
0,0,-0.2255023326,-1.334045953,1,0
0,0,-0.3898538416,-1.643515091,0,0
0,0,-0.5284751388,-1.386212972,0,0
0,0,-0.6675960691,-1.391209303,0,0
0,0,-0.8315355394,-1.639394703,1,0
0,0,-1.111260688,-2.797251487,1,0
0,0,-1.51534185,-4.040811616,2,-1
1,1,-2.069735428,-5.543935785
0,0,0,0,1,0
0,0,-0.01004101807,-0.1004101807,1,0
0,0,-0.03583009168,-0.2578907361,2,0
0,0,-0.1584500925,-1.226200008,2,0
0,0,-0.3797026791,-2.212525866,2,0
0,0,-0.746806527,-3.671038479,0,0
0,0,-1.149171006,-4.023644793,2,-1
1,1,-1.707509329,-5.583383224
0,0,0,0,2,0
0,0,-0.08728516007,-0.8728516007,0,0
0,0,-0.09602418067,-0.08739020604,0,0
0,0,-0.04323322716,0.5279095351,1,0
0,0,0.007269881977,0.5050310914,2,0
0,0,-0.03469716269,-0.4196704466,1,0
0,0,-0.09374321668,-0.59046054,2,0
0,0,-0.2687252364,-1.749820197,0,0
0,0,-0.3886681674,-1.199429311,1,0
0,0,-0.5741840974,-1.855159299,0,0
0,0,-0.7754095553,-2.012254579,2,0
0,0,-1.142167597,-3.667580415,1,-1
1,1,-1.638248566,-4.960809687
0,0,0,0,2,0
0,0,-0.07591086575,-0.7591086575,1,0
0,0,-0.1612541965,-0.8534333079,0,0
0,0,-0.1961291173,-0.3487492078,0,0
0,0,-0.1804996129,0.156295044,2,0
0,0,-0.2823699913,-1.018703784,1,0
0,0,-0.4193931426,-1.370231513,2,0
0,0,-0.6963551599,-2.769620173,2,0
0,0,-1.142706102,-4.463509424,0,-1
1,1,-1.687430676,-5.447245732
0,0,0,0,0,0
0,0,0.08469780204,0.8469780204,0,0
0,0,0.2752459331,1.905481311,2,0
0,0,0.4108657802,1.356198471,1,0
0,0,0.6232608021,2.123950218,2,0
0,0,0.8707207409,2.474599388,0,0
0,0,1.284998853,4.142781124,2,-1
1,1,1.814170462,5.291716083
0,0,0,0,1,0
0,0,-0.001737358902,-0.01737358902,2,0
0,0,-0.1005311255,-0.9879376657,0,0
0,0,-0.1284104208,-0.2787929533,0,0
0,0,-0.1082548276,0.2015559325,2,0
0,0,-0.2034649348,-0.9521010722,0,0
0,0,-0.2484028677,-0.4493793289,0,0
0,0,-0.2662258213,-0.1782295368,0,0
0,0,-0.231389361,0.3483646038,0,0
0,0,-0.1483554822,0.8303387875,1,0
0,0,-0.09490473076,0.5345075146,1,0
0,0,-0.0722241346,0.2268059616,0,0
0,0,0.03821016803,1.104343026,1,0
0,0,0.1712320727,1.330219047,2,0
0,0,0.2426635063,0.7143143357,2,0
0,0,0.2678417622,0.2517825594,0,0
0,0,0.4304222444,1.625804821,0,0
0,0,0.7385817163,3.08159472,0,0
0,0,1.1987746,4.601928832,0,-1
1,1,1.815525235,6.167506354
0,0,0,0,1,0
0,0,-0.01291172169,-0.1291172169,2,0
0,0,-0.1168756964,-1.039639747,0,0
0,0,-0.1603766236,-0.4350092721,1,0
0,0,-0.222341477,-0.6196485334,0,0
0,0,-0.2338870886,-0.1154561161,2,0
0,0,-0.3533739048,-1.194868162,1,0
0,0,-0.546705966,-1.933320612,0,0
0,0,-0.7549524189,-2.08246453,2,0
0,0,-1.118438758,-3.634863395,1,-1
1,1,-1.607047692,-4.886089334
0,0,0,0,2,0
0,0,-0.09319052229,-0.9319052229,0,0
0,0,-0.1209112009,-0.2772067865,2,0
0,0,-0.250942533,-1.30031332,2,0
0,0,-0.5005116896,-2.495691567,0,0
0,0,-0.7624324286,-2.61920739,2,0
0,0,-1.194426687,-4.319942588,0,-1
1,1,-1.730878938,-5.364522505
0,0,0,0,2,0
0,0,-0.09823842598,-0.9823842598,1,0
0,0,-0.2262065909,-1.27968165,1,0
0,0,-0.4062727973,-1.800662064,2,0
0,0,-0.7255930744,-3.193202771,0,0
0,0,-1.074894912,-3.493018375,0,0
0,0,-1.506177391,-4.31282479,0,-1
1,1,-2.078059446,-5.718820551
0,0,0,0,0,0
0,0,0.08800238252,0.8800238252,2,0
0,0,0.08730895165,-0.006934308645,1,0
0,0,0.09289757647,0.05588624819,1,0
0,0,0.1079357672,0.1503819073,0,0
0,0,0.214978801,1.070430338,0,0
0,0,0.4607089617,2.457301607,2,0
0,0,0.706084539,2.453755772,2,0
0,0,0.9864857463,2.804012073,2,0
0,0,1.345233224,3.587474776,1,-1
1,1,1.842781448,4.975482242
0,0,0,0,0,0
0,0,0.0883692885,0.883692885,2,0
0,0,0.0981695529,0.09800264401,1,0
0,0,0.121874008,0.2370445508,0,0
0,0,0.2678491516,1.459751436,0,0
0,0,0.5384058948,2.705567432,0,0
0,0,0.9487522498,4.103463551,0,0
0,0,1.522249029,5.73496779,2,-1
1,1,2.236699505,7.14450476
0,0,0,0,0,0
0,0,0.09983264604,0.9983264604,1,0
0,0,0.2230885839,1.232559378,0,0
0,0,0.4816177199,2.58529136,1,0
0,0,0.8005665306,3.189488107,1,0
0,0,1.228854537,4.282880064,2,-1
1,1,1.758803473,5.299489355
0,0,0,0,1,0
0,0,-0.001645089182,-0.01645089182,1,0
0,0,-0.004052756987,-0.02407667805,0,0
0,0,0.08631089336,0.9036365035,0,0
0,0,0.2893079369,2.029970436,1,0
0,0,0.5292297925,2.399218555,2,0
0,0,0.7810922824,2.518624899,2,0
0,0,1.086693072,3.056007892,1,0
0,0,1.527463715,4.407706432,2,-1
1,1,2.111258001,5.837942863
0,0,0,0,1,0
0,0,-0.005588339689,-0.05588339689,1,0
0,0,0.001920817056,0.07509156745,1,0
0,0,0.02229998387,0.2037916682,1,0
0,0,0.05108629636,0.2878631248,0,0
0,0,0.1703789131,1.192926167,2,0
0,0,0.2263593689,0.5598045578,0,0
0,0,0.411208721,1.848493522,2,0
0,0,0.5723626373,1.611539162,2,0
0,0,0.7634558665,1.910932292,0,0
0,0,1.123087127,3.596312608,0,-1
1,1,1.64658133,5.234942024
0,0,0,0,2,0
0,0,-0.08716231043,-0.8716231043,1,0
0,0,-0.1865192671,-0.9935695671,0,0
0,0,-0.2403610168,-0.5384174965,2,0
0,0,-0.4315054188,-1.91144402,2,0
0,0,-0.7777817378,-3.46276319,2,0
0,0,-1.290655298,-5.128735603,0,-1
1,1,-1.912584081,-6.219287831
0,0,0,0,1,0
0,0,0.01653333062,0.1653333062,2,0
0,0,-0.03848327376,-0.5501660438,2,0
0,0,-0.1888881883,-1.504049145,2,0
0,0,-0.441372407,-2.524842187,0,0
0,0,-0.6722925326,-2.309201256,1,0
0,0,-0.9982440753,-3.259515427,1,0
0,0,-1.451748327,-4.535042513,2,-1
1,1,-2.055656192,-6.039078659
0,0,0,0,0,0
0,0,0.1047624966,1.047624966,2,0
0,0,0.1550002511,0.502377545,0,0
0,0,0.3186638207,1.636635696,2,0
0,0,0.4624363702,1.437725495,2,0
0,0,0.6146118475,1.521754773,1,0
0,0,0.8681365682,2.535247207,2,0
0,0,1.174778242,3.066416738,1,-1
1,1,1.610953302,4.361750599
0,0,0,0,1,0
0,0,-0.009446997658,-0.09446997658,1,0
0,0,-0.01283197618,-0.03384978523,2,0
0,0,-0.1046028624,-0.9177088626,2,0
0,0,-0.2921211977,-1.875183353,2,0
0,0,-0.6020346322,-3.099134345,2,0
0,0,-1.076293878,-4.742592455,0,-1
1,1,-1.637957508,-5.616636305
0,0,0,0,0,0
0,0,0.08477504981,0.8477504981,1,0
0,0,0.1691777672,0.8440271744,2,0
0,0,0.1919605501,0.2278278283,0,0
0,0,0.3504797583,1.585192082,1,0
0,0,0.569791938,2.193121797,2,0
0,0,0.8134703042,2.436783663,1,0
0,0,1.175991079,3.625207747,0,-1
1,1,1.696922498,5.209314187
0,0,0,0,2,0
0,0,-0.09246093726,-0.9246093726,2,0
0,0,-0.3031875502,-2.107266129,0,0
0,0,-0.4705593018,-1.673717517,2,0
0,0,-0.7976390338,-3.27079732,2,0
0,0,-1.281487603,-4.838485693,2,-1
1,1,-1.923711763,-6.422241602
0,0,0,0,1,0
0,0,0.003198767307,0.03198767307,0,0
0,0,0.1029633415,0.9976457417,1,0
0,0,0.2299789892,1.270156477,1,0
0,0,0.3861509505,1.561719613,2,0
0,0,0.521968181,1.358172305,0,0
0,0,0.8076754615,2.857072804,2,0
0,0,1.15104225,3.433667889,2,-1
1,1,1.597782539,4.46740289
0,0,0,0,0,0
0,0,0.09219472501,0.9219472501,1,0
0,0,0.2040251995,1.118304745,0,0
0,0,0.4280402291,2.240150296,2,0
0,0,0.6365572949,2.085170658,2,0
0,0,0.8728415672,2.362842723,0,0
0,0,1.274693169,4.01851602,1,-1
1,1,1.810246655,5.355534862
0,0,0,0,1,0
0,0,-0.003176409029,-0.03176409029,0,0
0,0,0.08501348345,0.8818989248,2,0
0,0,0.08784819506,0.02834711615,0,0
0,0,0.1847522726,0.9690407751,0,0
0,0,0.398861962,2.141096895,0,0
0,0,0.752118539,3.53256577,0,0
0,0,1.2524618,5.003432608,0,-1
1,1,1.907076588,6.546147882
0,0,0,0,1,0
0,0,-0.01054826652,-0.1054826652,0,0
0,0,0.04942163839,0.5996990491,1,0
0,0,0.1258261058,0.7640446739,0,0
0,0,0.3101388467,1.84312741,1,0
0,0,0.555753372,2.456145252,0,0
0,0,0.963907245,4.08153873,1,0
0,0,1.491523457,5.27616212,2,-1
1,1,2.156825407,6.6530195
0,0,0,0,2,0
0,0,-0.0939213473,-0.939213473,1,0
0,0,-0.1926699415,-0.9874859423,0,0
0,0,-0.2472566249,-0.5458668333,0,0
0,0,-0.2423165831,0.04940041815,1,0
0,0,-0.2653650996,-0.230485166,2,0
0,0,-0.4340031506,-1.686380509,0,0
0,0,-0.5835262898,-1.495231392,2,0
0,0,-0.9013324776,-3.178061878,0,0
0,0,-1.286841225,-3.855087476,0,-1
1,1,-1.788354044,-5.015128192
0,0,0,0,0,0
0,0,0.07406538222,0.7406538222,1,0
0,0,0.1517118862,0.7764650396,0,0
0,0,0.3464144321,1.947025459,1,0
0,0,0.5809339482,2.345195161,0,0
0,0,0.9788877088,3.979537606,2,0
0,0,1.455174588,4.762868791,1,-1
1,1,2.073752936,6.185783482
0,0,0,0,2,0
0,0,-0.07253415944,-0.7253415944,2,0
0,0,-0.2535999507,-1.810657913,0,0
0,0,-0.3829931026,-1.293931519,0,0
0,0,-0.5026260566,-1.196329539,2,0
0,0,-0.7788217781,-2.761957215,0,0
0,0,-1.09870889,-3.198871118,1,0
0,0,-1.54454831,-4.458394201,2,-1
1,1,-2.138213226,-5.93664916
0,0,0,0,2,0
0,0,-0.07724863962,-0.7724863962,2,0
0,0,-0.2512569781,-1.740083385,1,0
0,0,-0.4553786619,-2.041216839,0,0
0,0,-0.6389766009,-1.835979389,0,0
0,0,-0.8585317512,-2.195551504,1,0
0,0,-1.19941298,-3.408812289,0,-1
1,1,-1.641313744,-4.419007643
0,0,0,0,0,0
0,0,0.07367524118,0.7367524118,0,0
0,0,0.258741225,1.850659838,2,0
0,0,0.3979301609,1.391889358,1,0
0,0,0.5930939183,1.951637574,0,0
0,0,0.9539854643,3.60891546,1,0
0,0,1.439634634,4.856491695,2,-1
1,1,2.057429742,6.177951078
0,0,0,0,0,0
0,0,0.07197241529,0.7197241529,1,0
0,0,0.1585319101,0.865594948,0,0
0,0,0.3479378043,1.894058943,0,0
0,0,0.6738355104,3.258977061,1,0
0,0,1.085788191,4.119526803,2,-1
1,1,1.585975492,5.001873011
0,0,0,0,2,0
0,0,-0.09425217484,-0.9425217484,2,0
0,0,-0.3002301266,-2.059779518,1,0
0,0,-0.5484487195,-2.482185929,0,0
0,0,-0.7940632315,-2.456145119,2,0
0,0,-1.20512124,-4.110580085,2,-1
1,1,-1.771129619,-5.660083793
0,0,0,0,1,0
0,0,0.01023677449,0.1023677449,1,0
0,0,0.01236162094,0.02124846446,0,0
0,0,0.09816754862,0.8580592768,2,0
0,0,0.1272277576,0.2906020901,0,0
0,0,0.2783185819,1.510908243,2,0
0,0,0.4062328903,1.279143084,2,0
0,0,0.5311428849,1.249099946,0,0
0,0,0.8139384327,2.827955478,1,0
0,0,1.203369828,3.89431395,2,-1
1,1,1.70088979,4.975199626
0,0,0,0,1,0
0,0,0.001766264353,0.01766264353,1,0
0,0,0.0001182878929,-0.01647976461,1,0
0,0,0.007371910698,0.07253622805,0,0
0,0,0.09952873937,0.9215682867,0,0
0,0,0.3126497069,2.131209675,1,0
0,0,0.5866087532,2.739590463,2,0
0,0,0.8840175438,2.974087907,0,0
0,0,1.352939369,4.689218248,2,-1
1,1,1.943962287,5.910229187
0,0,0,0,1,0
0,0,-0.003751031216,-0.03751031216,2,0
0,0,-0.0917764437,-0.8802541249,0,0
0,0,-0.1202744912,-0.2849804746,2,0
0,0,-0.2516107458,-1.313362546,0,0
0,0,-0.3540103475,-1.023996017,1,0
0,0,-0.5029946559,-1.489843085,2,0
0,0,-0.808319307,-3.05324651,1,0
0,0,-1.226052052,-4.17732745,2,-1
1,1,-1.804707565,-5.786555127
0,0,0,0,0,0
0,0,0.07789401463,0.7789401463,0,0
0,0,0.2492879927,1.71393978,1,0
0,0,0.4764819636,2.271939709,1,0
0,0,0.7820642191,3.055822555,0,0
0,0,1.246099251,4.640350319,2,-1
1,1,1.8156972,5.695979489
0,0,0,0,1,0
0,0,0.01446000468,0.1446000468,2,0
0,0,-0.04171512727,-0.5617513195,2,0
0,0,-0.1768016893,-1.35086562,1,0
0,0,-0.3493399701,-1.725382808,2,0
0,0,-0.6630465348,-3.137065648,1,0
0,0,-1.061666382,-3.986198468,0,0
0,0,-1.537535843,-4.75869461,2,-1
1,1,-2.162158351,-6.246225079
0,0,0,0,0,0
0,0,0.07606460611,0.7606460611,2,0
0,0,0.07882711755,0.02762511438,1,0
0,0,0.07809043471,-0.007366828327,1,0
0,0,0.1071899827,0.2909954794,2,0
0,0,0.06696692487,-0.4022305778,2,0
0,0,-0.04944648315,-1.16413408,0,0
0,0,-0.09180861718,-0.4236213403,1,0
0,0,-0.1443201641,-0.525115469,2,0
0,0,-0.3249810611,-1.80660897,1,0
0,0,-0.5718123278,-2.468312667,0,0
0,0,-0.8270484014,-2.552360736,1,0
0,0,-1.199774676,-3.727262744,0,-1
1,1,-1.673979077,-4.742044012
0,0,0,0,2,0
0,0,-0.1009718811,-1.009718811,2,0
0,0,-0.2968468104,-1.958749293,1,0
0,0,-0.5373231667,-2.404763563,1,0
0,0,-0.8483696815,-3.110465148,0,0
0,0,-1.224115403,-3.757457212,0,-1
1,1,-1.703629223,-4.7951382
0,0,0,0,0,0
0,0,0.08176485636,0.8176485636,2,0
0,0,0.09511815488,0.1335329852,1,0
0,0,0.1398848685,0.4476671365,0,0
0,0,0.2925196622,1.526347937,0,0
0,0,0.5918237216,2.993040594,0,0
0,0,1.057918517,4.660947954,1,-1
1,1,1.649215943,5.912974258
0,0,0,0,0,0
0,0,0.09440475748,0.9440475748,1,0
0,0,0.2154527208,1.210479633,2,0
0,0,0.2830826089,0.6762988809,0,0
0,0,0.4971038083,2.140211995,0,0
0,0,0.8612508517,3.641470434,0,0
0,0,1.393455428,5.322045763,0,-1
1,1,2.07582294,6.823675123
0,0,0,0,1,0
0,0,-0.01475370459,-0.1475370459,2,0
0,0,-0.1226868216,-1.079331171,1,0
0,0,-0.2475688207,-1.24881999,0,0
0,0,-0.3301418129,-0.8257299226,1,0
0,0,-0.453113907,-1.229720941,1,0
0,0,-0.6464591604,-1.933452534,1,0
0,0,-0.9305147886,-2.840556282,0,0
0,0,-1.292112382,-3.615975938,2,-1
1,1,-1.810341082,-5.182286995
0,0,0,0,0,0
0,0,0.1051273598,1.051273598,2,0
0,0,0.1426907841,0.375634243,0,0
0,0,0.2942639984,1.515732143,2,0
0,0,0.4084028322,1.141388338,2,0
0,0,0.494973515,0.8657068277,2,0
0,0,0.5759655036,0.809919886,0,0
0,0,0.8302125035,2.542469999,2,0
0,0,1.137164203,3.069516993,0,-1
1,1,1.607087365,4.699231624
0,0,0,0,2,0
0,0,-0.09158883797,-0.9158883797,1,0
0,0,-0.2099069769,-1.183181389,0,0
0,0,-0.2700753043,-0.6016832748,0,0
0,0,-0.3048825598,-0.3480725544,0,0
0,0,-0.3092716124,-0.04389052647,2,0
0,0,-0.4629380213,-1.536664089,0,0
0,0,-0.6265574304,-1.636194091,1,0
0,0,-0.8752805471,-2.487231167,1,0
0,0,-1.24439321,-3.691126628,2,-1
1,1,-1.770182057,-5.257888475
0,0,0,0,2,0
0,0,-0.07941438603,-0.7941438603,0,0
0,0,-0.06975870531,0.09655680712,1,0
0,0,-0.05628372198,0.1347498333,0,0
0,0,0.02366299776,0.7994671974,0,0
0,0,0.1998521224,1.761891246,0,0
0,0,0.4979632603,2.981111379,2,0
0,0,0.7868213034,2.888580431,1,0
0,0,1.178231015,3.914097114,2,-1
1,1,1.673046534,4.948155188
0,0,0,0,1,0
0,0,0.005124166405,0.05124166405,0,0
0,0,0.08570162304,0.8057745664,2,0
0,0,0.1036920952,0.1799047215,0,0
0,0,0.224312797,1.206207018,0,0
0,0,0.473328081,2.49015284,0,0
0,0,0.8703786369,3.970505559,1,0
0,0,1.37778425,5.074056126,2,-1
1,1,2.00951458,6.317303309
0,0,0,0,1,0
0,0,-0.01749067241,-0.1749067241,1,0
0,0,-0.02784700511,-0.103563327,1,0
0,0,-0.04531493621,-0.1746793109,1,0
0,0,-0.07316313915,-0.2784820294,2,0
0,0,-0.1919583009,-1.187951618,2,0
0,0,-0.4356189222,-2.436606213,2,0
0,0,-0.8304767903,-3.948578681,1,0
0,0,-1.319872538,-4.893957482,2,-1
1,1,-1.959985554,-6.401130157
0,0,0,0,2,0
0,0,-0.1033585715,-1.033585715,0,0
0,0,-0.1255668303,-0.2220825879,1,0
0,0,-0.1793110989,-0.5374426859,1,0
0,0,-0.2531896723,-0.7387857341,0,0
0,0,-0.2921132269,-0.389235546,0,0
0,0,-0.3011383592,-0.09025132361,2,0
0,0,-0.445960319,-1.448219598,0,0
0,0,-0.5848611389,-1.3890082,2,0
0,0,-0.8792552765,-2.943941376,1,0
0,0,-1.277810436,-3.985551594,0,-1
1,1,-1.786894291,-5.090838553
0,0,0,0,1,0
0,0,-0.009780722595,-0.09780722595,0,0
0,0,0.06627370706,0.7605442966,2,0
0,0,0.07253964026,0.062659332,0,0
0,0,0.1705389503,0.9799931005,2,0
0,0,0.2072605856,0.3672163524,0,0
0,0,0.3647808351,1.575202495,2,0
0,0,0.5122943843,1.475135492,2,0
0,0,0.6772638852,1.64969501,1,0
0,0,0.9528920621,2.756281768,2,0
0,0,1.298190895,3.452988332,1,-1
1,1,1.779457596,4.812667004
0,0,0,0,2,0
0,0,-0.0787826885,-0.787826885,1,0
0,0,-0.1815061195,-1.02723431,0,0
0,0,-0.2118447547,-0.3033863521,1,0
0,0,-0.2929653031,-0.8112054838,2,0
0,0,-0.4929857552,-2.000204521,1,0
0,0,-0.7727693279,-2.797835727,0,0
0,0,-1.093471829,-3.207025007,1,0
0,0,-1.549392004,-4.559201749,2,-1
1,1,-2.153452713,-6.040607095
0,0,0,0,1,0
0,0,-0.002225789696,-0.02225789696,1,0
0,0,-0.01774918217,-0.1552339247,2,0
0,0,-0.1264968959,-1.087477137,1,0
0,0,-0.2602953759,-1.3379848,2,0
0,0,-0.5384097539,-2.781143781,2,0
0,0,-0.9570122514,-4.186024975,2,0
0,0,-1.527701654,-5.706894028,2,-1
1,1,-2.246360528,-7.186588734
0,0,0,0,2,0
0,0,-0.08904514541,-0.8904514541,0,0
0,0,-0.1123635974,-0.2331845203,1,0
0,0,-0.1638142123,-0.5145061486,2,0
0,0,-0.3239156645,-1.601014522,2,0
0,0,-0.6347646462,-3.108489817,0,0
0,0,-0.9560857554,-3.213211092,2,0
0,0,-1.446510406,-4.904246505,2,-1
1,1,-2.08871022,-6.42199814
0,0,0,0,0,0
0,0,0.07882182334,0.7882182334,1,0
0,0,0.1654845578,0.8666273442,1,0
0,0,0.2688461639,1.033616061,2,0
0,0,0.3485493511,0.7970318723,2,0
0,0,0.4063149951,0.5776564399,0,0
0,0,0.6126941004,2.063791053,2,0
0,0,0.8295755184,2.16881418,1,0
0,0,1.149275568,3.197000497,2,0
0,0,1.567152772,4.17877204,1,-1
1,1,2.131909781,5.64757009
0,0,0,0,2,0
0,0,-0.07821967269,-0.7821967269,0,0
0,0,-0.09346544969,-0.1524577699,2,0
0,0,-0.2021200564,-1.086546067,0,0
0,0,-0.2589292298,-0.5680917347,1,0
0,0,-0.3735013888,-1.145721589,0,0
0,0,-0.4607818696,-0.8728048079,0,0
0,0,-0.5325668906,-0.7178502103,2,0
0,0,-0.7522809783,-2.197140877,2,0
0,0,-1.134942523,-3.826615445,2,-1
1,1,-1.677711292,-5.427687695
0,0,0,0,2,0
0,0,-0.1036053457,-1.036053457,0,0
0,0,-0.1430689883,-0.3946364265,0,0
0,0,-0.1150097324,0.2805925588,2,0
0,0,-0.1980684173,-0.8305868488,0,0
0,0,-0.2434438035,-0.4537538619,0,0
0,0,-0.2606414237,-0.1719762021,1,0
0,0,-0.3125644182,-0.5192299451,0,0
0,0,-0.3284741218,-0.1590970356,2,0
0,0,-0.4768508458,-1.48376724,0,0
0,0,-0.6196565765,-1.428057308,2,0
0,0,-0.918165257,-2.985086805,1,0
0,0,-1.34180928,-4.236440228,0,-1
1,1,-1.888376823,-5.465675433
0,0,0,0,0,0
0,0,0.08731808901,0.8731808901,2,0
0,0,0.1032390628,0.1592097381,0,0
0,0,0.2107731737,1.075341109,0,0
0,0,0.4306616779,2.198885042,0,0
0,0,0.8077595595,3.770978816,1,0
0,0,1.288249903,4.80490344,0,-1
1,1,1.919836352,6.315864484
0,0,0,0,0,0
0,0,0.08898470014,0.8898470014,0,0
0,0,0.2923114089,2.033267087,0,0
0,0,0.6199086676,3.275972587,2,0
0,0,0.9776758062,3.577671386,0,0
0,0,1.503755664,5.260798575,0,-1
1,1,2.17935752,6.756018566
0,0,0,0,2,0
0,0,-0.09140648146,-0.9140648146,2,0
0,0,-0.2910530995,-1.99646618,2,0
0,0,-0.6214689447,-3.304158452,2,0
0,0,-1.101422548,-4.799536032,1,-1
1,1,-1.696969394,-5.955468463
0,0,0,0,0,0
0,0,0.105727488,1.05727488,1,0
0,0,0.2388138735,1.330863855,1,0
0,0,0.4124365749,1.736227013,0,0
0,0,0.7209395221,3.085029473,2,0
0,0,1.067568411,3.466288891,0,-1
1,1,1.571180355,5.036119435
0,0,0,0,1,0
0,0,-0.01691790962,-0.1691790962,0,0
0,0,0.04322090157,0.601388112,1,0
0,0,0.1169345026,0.7371360104,0,0
0,0,0.3012992016,1.84364699,0,0
0,0,0.6257761064,3.244769047,1,0
0,0,1.045937861,4.201617551,1,-1
1,1,1.592592512,5.466546508
0,0,0,0,2,0
0,0,-0.08001402822,-0.8001402822,2,0
0,0,-0.2695157259,-1.895016977,1,0
0,0,-0.5164285045,-2.469127786,1,0
0,0,-0.8405439568,-3.241154523,1,0
0,0,-1.277441236,-4.368972796,1,-1
1,1,-1.846462173,-5.690209368
0,0,0,0,1,0
0,0,0.009484687578,0.09484687578,2,0
0,0,-0.05548681908,-0.6497150665,2,0
0,0,-0.2246055843,-1.691187652,1,0
0,0,-0.4467682526,-2.221626683,1,0
0,0,-0.7347159297,-2.879476771,1,0
0,0,-1.12594472,-3.912287906,1,-1
1,1,-1.649822492,-5.238777717
0,0,0,0,1,0
0,0,-0.01619241228,-0.1619241228,0,0
0,0,0.0704347907,0.8662720298,0,0
0,0,0.2741902689,2.037554782,0,0
0,0,0.5955817555,3.213914865,2,0
0,0,0.9363538699,3.407721144,0,0
0,0,1.432615608,4.962617376,2,-1
1,1,2.061169813,6.285542058
0,0,0,0,0,0
0,0,0.09477845013,0.9477845013,1,0
0,0,0.2159517345,1.211732844,0,0
0,0,0.4625573288,2.466055943,0,0
0,0,0.8428875021,3.803301733,2,0
0,0,1.279647777,4.367602749,2,-1
1,1,1.832730714,5.530829372
0,0,0,0,1,0
0,0,-0.009068957631,-0.09068957631,2,0
0,0,-0.1250105048,-1.159415472,2,0
0,0,-0.3553906365,-2.303801317,1,0
0,0,-0.6261194241,-2.707287875,0,0
0,0,-0.9200178647,-2.938984406,2,0
0,0,-1.383296083,-4.632782184,1,-1
1,1,-1.988033821,-6.047377383
0,0,0,0,2,0
0,0,-0.07282026951,-0.7282026951,1,0
0,0,-0.1601736955,-0.8735342595,2,0
0,0,-0.3767262576,-2.165525622,1,0
0,0,-0.6583502969,-2.816240392,1,0
0,0,-1.036085479,-3.777351817,1,0
0,0,-1.535679019,-4.995935409,1,-1
1,1,-2.18082836,-6.451493404
0,0,0,0,1,0
0,0,0.01621129582,0.1621129582,2,0
0,0,-0.0368328497,-0.5304414552,2,0
0,0,-0.1817073763,-1.448745265,1,0
0,0,-0.3725722773,-1.90864901,1,0
0,0,-0.6328922145,-2.603199372,2,0
0,0,-1.045727149,-4.128349345,0,0
0,0,-1.536032772,-4.903056227,0,-1
1,1,-2.16912222,-6.330894485
0,0,0,0,0,0
0,0,0.1046300898,1.046300898,2,0
0,0,0.1314958033,0.268657135,0,0
0,0,0.2524239498,1.209281465,1,0
0,0,0.4095719848,1.57148035,2,0
0,0,0.558002686,1.484307012,2,0
0,0,0.7082525024,1.502498164,2,0
0,0,0.8964109639,1.881584615,2,0
0,0,1.151518458,2.551074945,1,0
0,0,1.539364476,3.878460178,2,-1
1,1,2.071194625,5.318301487
0,0,0,0,0,0
0,0,0.09468815638,0.9468815638,0,0
0,0,0.2762824669,1.815943105,1,0
0,0,0.5076181532,2.313356863,1,0
0,0,0.8197750573,3.121569041,1,0
0,0,1.244312509,4.245374521,1,-1
1,1,1.801893659,5.575811501
0,0,0,0,1,0
0,0,0.01603909674,0.1603909674,2,0
0,0,-0.05154797759,-0.6758707433,2,0
0,0,-0.2111078837,-1.595599061,2,0
0,0,-0.480575934,-2.694680503,0,0
0,0,-0.7488960222,-2.683200882,0,0
0,0,-1.055402442,-3.0650642,2,0
0,0,-1.521362465,-4.659600223,1,-1
1,1,-2.133048804,-6.116863397
0,0,0,0,1,0
0,0,0.01163948113,0.1163948113,1,0
0,0,0.04143147751,0.2979199637,1,0
0,0,0.082880323,0.4144884549,0,0
0,0,0.2124699707,1.295896477,2,0
0,0,0.2867602345,0.7429026379,0,0
0,0,0.5046309421,2.178707076,1,0
0,0,0.8013082149,2.966772728,0,0
0,0,1.267051932,4.657437176,1,-1
1,1,1.864231269,5.971793363
0,0,0,0,1,0
0,0,-0.003295439933,-0.03295439933,0,0
0,0,0.07512482279,0.7842026272,0,0
0,0,0.2600694813,1.849446586,1,0
0,0,0.4734618892,2.133924079,1,0
0,0,0.7633773182,2.899154289,0,0
0,0,1.225324133,4.619468153,0,-1
1,1,1.848369549,6.230454155
0,0,0,0,1,0
0,0,0.008388512357,0.08388512357,0,0
0,0,0.1112643938,1.028758815,2,0
0,0,0.1621397926,0.5087539874,1,0
0,0,0.2499150242,0.8777523161,0,0
0,0,0.4686312831,2.18716259,0,0
0,0,0.8276724361,3.590411529,2,0
0,0,1.246044475,4.183720391,0,-1
1,1,1.826190381,5.801459054
0,0,0,0,0,0
0,0,0.1024706288,1.024706288,1,0
0,0,0.2061434234,1.036727946,2,0
0,0,0.2657699968,0.5962657338,2,0
0,0,0.2973770215,0.3160702472,0,0
0,0,0.4601677138,1.627906923,2,0
0,0,0.6148324142,1.546647005,0,0
0,0,0.921205792,3.063733777,1,0
0,0,1.346220678,4.250148864,2,-1
1,1,1.89059613,5.443754518
0,0,0,0,2,0
0,0,-0.09304954431,-0.9304954431,1,0
0,0,-0.1854945929,-0.9244504857,2,0
0,0,-0.3994674579,-2.139728651,1,0
0,0,-0.6870564647,-2.875890067,0,0
0,0,-1.010018865,-3.229624003,2,0
0,0,-1.502661638,-4.92642773,2,-1
1,1,-2.14422746,-6.415658222
0,0,0,0,1,0
0,0,-0.005180115313,-0.05180115313,0,0
0,0,0.08959424857,0.9477436388,2,0
0,0,0.1067823489,0.1718810033,2,0
0,0,0.07188110593,-0.3490124296,0,0
0,0,0.1455654709,0.7368436499,0,0
0,0,0.3297063635,1.841408925,0,0
0,0,0.647306538,3.176001745,0,0
0,0,1.126430153,4.79123615,1,-1
1,1,1.726463124,6.000329712
0,0,0,0,2,0
0,0,-0.08739335199,-0.8739335199,0,0
0,0,-0.1010829751,-0.1368962315,2,0
0,0,-0.2326287516,-1.315457764,2,0
0,0,-0.4840680378,-2.514392863,1,0
0,0,-0.7946093421,-3.105413043,2,0
0,0,-1.261180106,-4.665707642,1,-1
1,1,-1.860394628,-5.992145222
0,0,0,0,0,0
0,0,0.09361465844,0.9361465844,1,0
0,0,0.1977155987,1.041009402,1,0
0,0,0.3505678362,1.528522375,1,0
0,0,0.5700169754,2.194491393,0,0
0,0,0.958872584,3.888556085,1,0
0,0,1.467574974,5.087023899,2,-1
1,1,2.110957081,6.433821072
0,0,0,0,2,0
0,0,-0.07572199664,-0.7572199664,1,0
0,0,-0.1763719541,-1.006499574,1,0
0,0,-0.3046769869,-1.283050328,0,0
0,0,-0.4069583072,-1.022813203,2,0
0,0,-0.6697407435,-2.627824363,2,0
0,0,-1.102008749,-4.322680053,0,-1
1,1,-1.623987339,-5.219785902
0,0,0,0,0,0
0,0,0.09346406445,0.9346406445,0,0
0,0,0.2756996414,1.82235577,2,0
0,0,0.4228433397,1.471436983,2,0
0,0,0.5460071785,1.231638389,2,0
0,0,0.6921678493,1.461606707,0,0
0,0,1.002508084,3.103402345,1,0
0,0,1.44349117,4.409830866,1,-1
1,1,2.027920607,5.844294366
0,0,0,0,2,0
0,0,-0.1019480657,-1.019480657,1,0
0,0,-0.234996178,-1.330481123,1,0
0,0,-0.3987691506,-1.637729726,2,0
0,0,-0.7207288587,-3.219597081,1,0
0,0,-1.137833371,-4.171045126,2,-1
1,1,-1.70884601,-5.710126385
0,0,0,0,2,0
0,0,-0.08160605821,-0.8160605821,2,0
0,0,-0.2737462917,-1.921402335,2,0
0,0,-0.5849585326,-3.112122409,0,0
0,0,-0.9076562451,-3.226977124,1,0
0,0,-1.354092346,-4.46436101,2,-1
1,1,-1.95652872,-6.024363735
0,0,0,0,2,0
0,0,-0.09288188959,-0.9288188959,1,0
0,0,-0.2153911837,-1.225092942,2,0
0,0,-0.4513638616,-2.359726779,1,0
0,0,-0.7516710432,-3.003071816,2,0
0,0,-1.217535627,-4.658645834,1,-1
1,1,-1.808776408,-5.912407811
0,0,0,0,1,0
0,0,0.00347114237,0.0347114237,0,0
0,0,0.1016801394,0.9820899707,2,0
0,0,0.120504836,0.1882469657,2,0
0,0,0.05750107622,-0.6300375978,1,0
0,0,0.006021832198,-0.5147924402,0,0
0,0,0.03088706115,0.2486522895,2,0
0,0,-0.01695634251,-0.4784340366,2,0
0,0,-0.146631529,-1.296751865,0,0
0,0,-0.2161897024,-0.6955817334,0,0
0,0,-0.2262486238,-0.1005892138,1,0
0,0,-0.2769606928,-0.5071206899,0,0
0,0,-0.2809582631,-0.03997570377,1,0
0,0,-0.3476342905,-0.6667602736,0,0
0,0,-0.3907547344,-0.4312044388,0,0
0,0,-0.4239393598,-0.3318462541,1,0
0,0,-0.5128319279,-0.888925681,1,0
0,0,-0.6816436917,-1.688117638,0,0
0,0,-0.8853250928,-2.036814011,0,0
0,0,-1.15736915,-2.720440569,0,0
0,0,-1.538324616,-3.809554664,0,-1
1,1,-2.063234813,-5.249101966
0,0,0,0,0,0
0,0,0.07451977254,0.7451977254,1,0
0,0,0.1590520671,0.8453229456,2,0
0,0,0.1927694873,0.3371742018,1,0
0,0,0.2580734548,0.6530396755,2,0
0,0,0.2673818658,0.09308410999,2,0
0,0,0.2498939362,-0.1748792964,2,0
0,0,0.1938548061,-0.5603913008,2,0
0,0,0.09933698169,-0.9451782441,1,0
0,0,0.01874037857,-0.8059660312,1,0
0,0,-0.06966942745,-0.8840980602,1,0
0,0,-0.1782565119,-1.085870845,0,0
0,0,-0.2470926134,-0.6883610143,0,0
0,0,-0.2776397191,-0.3054710573,1,0
0,0,-0.3666136362,-0.8897391705,0,0
0,0,-0.4256745393,-0.5906090317,1,0
0,0,-0.5454389364,-1.197643971,0,0
0,0,-0.6830081949,-1.375692584,2,0
0,0,-0.9890878448,-3.060796499,2,0
0,0,-1.464616926,-4.755290814,2,-1
1,1,-2.090249614,-6.25632688
0,0,0,0,1,0
0,0,-0.01196586196,-0.1196586196,2,0
0,0,-0.1080211691,-0.9605530714,2,0
0,0,-0.308996433,-2.009752639,2,0
0,0,-0.6491114026,-3.401149696,2,0
0,0,-1.132608543,-4.834971406,1,-1
1,1,-1.741775719,-6.091671758
0,0,0,0,1,0
0,0,0.01675080299,0.1675080299,1,0
0,0,0.02864913363,0.1189833064,0,0
0,0,0.1460044025,1.173552689,1,0
0,0,0.2813478546,1.353434521,1,0
0,0,0.4679784975,1.866306429,1,0
0,0,0.7192014167,2.512229192,0,0
0,0,1.129933505,4.107320885,2,-1
1,1,1.640951961,5.110184556
0,0,0,0,0,0
0,0,0.08961037163,0.8961037163,1,0
0,0,0.2098265017,1.2021613,1,0
0,0,0.3719652736,1.62138772,2,0
0,0,0.5112587562,1.392934825,1,0
0,0,0.7379118366,2.266530805,2,0
0,0,1.004062902,2.661510656,0,0
0,0,1.43389542,4.298325182,2,-1
1,1,1.995890969,5.619955489
0,0,0,0,2,0
0,0,-0.1027880777,-1.027880777,1,0
0,0,-0.2366050948,-1.338170171,2,0
0,0,-0.4802626202,-2.436575254,0,0
0,0,-0.708200318,-2.279376978,0,0
0,0,-0.9769022699,-2.687019519,0,0
0,0,-1.328363549,-3.514612793,1,-1
1,1,-1.816179956,-4.878164072
0,0,0,0,1,0
0,0,-0.009693658053,-0.09693658053,1,0
0,0,-0.03417834318,-0.2448468513,1,0
0,0,-0.05384003846,-0.1966169528,2,0
0,0,-0.1619382627,-1.080982243,0,0
0,0,-0.2014678051,-0.3952954235,1,0
0,0,-0.2725835472,-0.7111574215,1,0
0,0,-0.4041450148,-1.315614676,2,0
0,0,-0.6855887066,-2.814436918,0,0
0,0,-1.001407095,-3.158183881,2,0
0,0,-1.473704597,-4.722975022,0,-1
1,1,-2.081399873,-6.076952764
0,0,0,0,2,0
0,0,-0.08850644501,-0.8850644501,1,0
0,0,-0.2023907591,-1.138843141,1,0
0,0,-0.3379821849,-1.355914259,2,0
0,0,-0.6218468313,-2.838646464,2,0
0,0,-1.049349361,-4.275025293,1,-1
1,1,-1.589945573,-5.405962118
0,0,0,0,2,0
0,0,-0.09133825865,-0.9133825865,1,0
0,0,-0.2112577953,-1.199195367,0,0
0,0,-0.2976034556,-0.8634566027,0,0
0,0,-0.3405513714,-0.4294791583,2,0
0,0,-0.5314926367,-1.909412653,0,0
0,0,-0.7240001478,-1.925075111,0,0
0,0,-0.9635527531,-2.395526052,0,0
0,0,-1.285367062,-3.218143094,2,-1
1,1,-1.770400039,-4.850329765
0,0,0,0,1,0
0,0,-0.004001759991,-0.04001759991,1,0
0,0,0.008871691277,0.1287345127,1,0
0,0,0.007590070584,-0.01281620692,1,0
0,0,-0.002828329435,-0.1041840002,0,0
0,0,0.06963655584,0.7246488527,2,0
0,0,0.07338620591,0.03749650069,1,0
0,0,0.07911842217,0.05732216267,2,0
0,0,-0.0001464044341,-0.7926482661,1,0
0,0,-0.07588992816,-0.7574352373,1,0
0,0,-0.1625863708,-0.8669644267,1,0
0,0,-0.2942291706,-1.316427998,2,0
0,0,-0.5483095146,-2.54080344,2,0
0,0,-0.9651421467,-4.168326321,1,0
0,0,-1.504883479,-5.397413326,2,-1
1,1,-2.193649862,-6.887663824
0,0,0,0,0,0
0,0,0.09986231866,0.9986231866,0,0
0,0,0.2997534736,1.998911549,2,0
0,0,0.4751994741,1.754460005,2,0
0,0,0.6413310225,1.661315484,0,0
0,0,0.9591192306,3.177882081,1,0
0,0,1.403903922,4.447846919,2,-1
1,1,1.979274731,5.75370809
0,0,0,0,0,0
0,0,0.09963391552,0.9963391552,2,0
0,0,0.141442218,0.4180830244,2,0
0,0,0.131061391,-0.1038082699,0,0
0,0,0.2305392097,0.9947781875,1,0
0,0,0.3759309641,1.453917544,1,0
0,0,0.5874062418,2.114752777,1,0
0,0,0.8730462835,2.856400417,1,0
0,0,1.265723796,3.926775129,2,-1
1,1,1.77348426,5.077604632
0,0,0,0,2,0
0,0,-0.08942782175,-0.8942782175,2,0
0,0,-0.2651359883,-1.757081666,1,0
0,0,-0.4697467017,-2.046107134,0,0
0,0,-0.6815190224,-2.117723207,2,0
0,0,-1.064588482,-3.830694596,1,0
0,0,-1.567114167,-5.025256855,1,-1
1,1,-2.216530746,-6.494165786
0,0,0,0,1,0
0,0,-0.01158280049,-0.1158280049,1,0
0,0,-0.01747203985,-0.05889239357,1,0
0,0,-0.01166845734,0.05803582514,1,0
0,0,8.222620016e-05,0.1175068354,2,0
0,0,-0.0766371043,-0.767193305,2,0
0,0,-0.2690961353,-1.92459031,2,0
0,0,-0.6018361331,-3.327399978,2,0
0,0,-1.096276087,-4.944399536,2,-1
1,1,-1.749956092,-6.536800051
0,0,0,0,1,0
0,0,0.002245543111,0.02245543111,1,0
0,0,-0.001431720028,-0.03677263139,1,0
0,0,-0.01255376325,-0.1112204322,1,0
0,0,-0.02871021162,-0.1615644837,1,0
0,0,-0.0535248845,-0.2481467288,0,0
0,0,-0.01320855938,0.4031632512,1,0
0,0,0.01842929576,0.3163785514,2,0
0,0,-0.02790365182,-0.4633294758,0,0
0,0,-0.008181143591,0.1972250823,0,0
0,0,0.08155079235,0.8973193594,0,0
0,0,0.2629990292,1.814482369,1,0
0,0,0.5040538643,2.410548351,0,0
0,0,0.8873692629,3.833153986,1,0
0,0,1.376181026,4.88811763,0,-1
1,1,2.01896396,6.427829346
0,0,0,0,2,0
0,0,-0.08982060609,-0.8982060609,0,0
0,0,-0.1052667525,-0.1544614643,1,0
0,0,-0.1365924712,-0.3132571863,2,0
0,0,-0.2913949198,-1.548024486,1,0
0,0,-0.4914041217,-2.000092019,1,0
0,0,-0.7697915622,-2.783874406,0,0
0,0,-1.09160394,-3.218123779,2,-1
1,1,-1.572981389,-4.813774488
0,0,0,0,0,0
0,0,0.07314345721,0.7314345721,0,0
0,0,0.2294346699,1.562912127,0,0
0,0,0.5048345865,2.753999166,0,0
0,0,0.9232259222,4.183913357,1,0
0,0,1.451405203,5.281792809,1,-1
1,1,2.121209409,6.698042062
0,0,0,0,2,0
0,0,-0.09104454866,-0.9104454866,1,0
0,0,-0.1873880952,-0.9634354652,2,0
0,0,-0.4164708603,-2.290827651,0,0
0,0,-0.6209810594,-2.045101991,0,0
0,0,-0.8364829796,-2.155019202,2,0
0,0,-1.218025549,-3.815425698,0,-1
1,1,-1.703710682,-4.856851329
0,0,0,0,1,0
0,0,0.00168503876,0.0168503876,2,0
0,0,-0.09481429265,-0.9649933141,2,0
0,0,-0.3024251204,-2.076108278,1,0
0,0,-0.5557506376,-2.533255172,2,0
0,0,-0.9768013209,-4.210506833,0,0
0,0,-1.473209808,-4.964084873,2,-1
1,1,-2.120847318,-6.476375101
0,0,0,0,1,0
0,0,-0.0009641329662,-0.009641329662,0,0
0,0,0.0924268372,0.9339097017,0,0
0,0,0.2971509127,2.047240755,0,0
0,0,0.6371081689,3.399572562,2,0
0,0,0.9892465771,3.521384083,1,0
0,0,1.455574867,4.663282902,1,-1
1,1,2.065627314,6.100524464
0,0,0,0,1,0
0,0,-0.004831565544,-0.04831565544,0,0
0,0,0.08802992547,0.9286149101,1,0
0,0,0.1881301597,1.001002342,2,0
0,0,0.2406749579,0.5254479825,2,0
0,0,0.2633994513,0.227244934,0,0
0,0,0.4048707041,1.414712528,0,0
0,0,0.6892989425,2.844282384,2,0
0,0,1.00172066,3.124217176,2,0
0,0,1.400017571,3.982969105,2,-1
1,1,1.926655526,5.266379556
0,0,0,0,0,0
0,0,0.07655171809,0.7655171809,0,0
0,0,0.2656938206,1.891421025,2,0
0,0,0.4013449848,1.356511642,0,0
0,0,0.6807210864,2.793761015,1,0
0,0,1.062252472,3.815313856,1,0
0,0,1.560614901,4.983624285,2,-1
1,1,2.204779359,6.441644585
0,0,0,0,1,0
0,0,0.006761471657,0.06761471657,0,0
0,0,0.1165292304,1.097677588,0,0
0,0,0.3304912181,2.139619877,0,0
0,0,0.6904659416,3.599747235,2,0
0,0,1.070203642,3.797377005,1,-1
1,1,1.574062655,5.038590129
0,0,0,0,1,0
0,0,0.01295484656,0.1295484656,0,0
0,0,0.1247410943,1.117862477,2,0
0,0,0.1747067524,0.4996565806,1,0
0,0,0.2637074507,0.890006983,0,0
0,0,0.4734636796,2.097562289,0,0
0,0,0.8290114806,3.55547801,2,0
0,0,1.242192809,4.131813282,1,-1
1,1,1.784287141,5.420943326
0,0,0,0,0,0
0,0,0.1008248661,1.008248661,2,0
0,0,0.1182442044,0.1741933831,1,0
0,0,0.1665460594,0.4830185499,2,0
0,0,0.1414079788,-0.2513808062,0,0
0,0,0.224589106,0.8318112728,0,0
0,0,0.430911923,2.06322817,1,0
0,0,0.7028147548,2.719028318,0,0
0,0,1.124283624,4.214688692,0,-1
1,1,1.698645914,5.743622905
0,0,0,0,0,0
0,0,0.08296277125,0.8296277125,0,0
0,0,0.2733198624,1.903570912,2,0
0,0,0.4374824756,1.641626132,2,0
0,0,0.5923046192,1.548221436,2,0
0,0,0.754882048,1.625774287,1,0
0,0,1.022227482,2.673454341,0,0
0,0,1.451793871,4.29566389,1,-1
1,1,2.024010962,5.722170909
0,0,0,0,2,0
0,0,-0.09495862481,-0.9495862481,1,0
0,0,-0.2111222026,-1.161635778,2,0
0,0,-0.433992865,-2.228706623,0,0
0,0,-0.6429190813,-2.089262164,0,0
0,0,-0.8893790774,-2.464599961,0,0
0,0,-1.205512632,-3.161335549,0,-1
1,1,-1.627747478,-4.222348461
0,0,0,0,2,0
0,0,-0.07871064202,-0.7871064202,2,0
0,0,-0.2465685327,-1.678578907,1,0
0,0,-0.4468187598,-2.00250227,2,0
0,0,-0.7946223326,-3.478035728,0,0
0,0,-1.179808919,-3.851865863,1,-1
1,1,-1.693463871,-5.136549522
0,0,0,0,0,0
0,0,0.09645785582,0.9645785582,0,0
0,0,0.3071312943,2.106734385,1,0
0,0,0.5775073758,2.703760815,2,0
0,0,0.873998296,2.964909202,1,0
0,0,1.286528467,4.125301706,2,-1
1,1,1.81354196,5.270134933
0,0,0,0,2,0
0,0,-0.1015219035,-1.015219035,0,0
0,0,-0.1459088543,-0.4438695077,1,0
0,0,-0.2311404907,-0.8523163645,1,0
0,0,-0.3437533586,-1.126128679,2,0
0,0,-0.5808828337,-2.371294751,2,0
0,0,-0.9632877772,-3.824049435,1,0
0,0,-1.464640708,-5.013529311,0,-1
1,1,-2.101547784,-6.369070757
0,0,0,0,1,0
0,0,0.01529853817,0.1529853817,0,0
0,0,0.1270856789,1.117871408,0,0
0,0,0.3589521339,2.318664549,0,0
0,0,0.7376441196,3.786919857,0,0
0,0,1.265559328,5.279152082,0,-1
1,1,1.947013515,6.814541867
0,0,0,0,1,0
0,0,-0.003837745189,-0.03837745189,1,0
0,0,-0.01439704358,-0.1055929839,0,0
0,0,0.0552957815,0.6969282508,1,0
0,0,0.1281167942,0.7282101269,0,0
0,0,0.3196410745,1.915242803,0,0
0,0,0.640802942,3.211618674,0,0
0,0,1.128766682,4.8796374,2,-1
1,1,1.710596168,5.818294859
0,0,0,0,1,0
0,0,-0.009713057867,-0.09713057867,2,0
0,0,-0.1218897471,-1.121766892,1,0
0,0,-0.2660953993,-1.442056522,1,0
0,0,-0.4452150212,-1.791196219,2,0
0,0,-0.7599570196,-3.147419985,2,0
0,0,-1.2260878,-4.661307802,1,-1
1,1,-1.822788164,-5.967003637
0,0,0,0,2,0
0,0,-0.09973358085,-0.9973358085,2,0
0,0,-0.3001239175,-2.003903367,0,0
0,0,-0.4537389588,-1.536150413,2,0
0,0,-0.7614719193,-3.077329605,2,0
0,0,-1.235823949,-4.743520299,0,-1
1,1,-1.81673106,-5.809071111
0,0,0,0,2,0
0,0,-0.1004249215,-1.004249215,1,0
0,0,-0.2219238764,-1.214989549,1,0
0,0,-0.3848242488,-1.629003724,0,0
0,0,-0.540757969,-1.559337202,1,0
0,0,-0.7703649847,-2.296070157,1,0
0,0,-1.111194903,-3.408299178,2,-1
1,1,-1.615289209,-5.040943064
0,0,0,0,0,0
0,0,0.07136308396,0.7136308396,0,0
0,0,0.2423023151,1.709392312,1,0
0,0,0.4519770614,2.096747463,2,0
0,0,0.6447294015,1.927523401,1,0
0,0,0.9205261063,2.757967048,0,0
0,0,1.353779415,4.332533086,1,-1
1,1,1.922729032,5.689496172
0,0,0,0,2,0
0,0,-0.101647492,-1.01647492,1,0
0,0,-0.2162720611,-1.146245691,2,0
0,0,-0.4412063629,-2.249343018,1,0
0,0,-0.7374438184,-2.962374555,2,0
0,0,-1.197025443,-4.595816249,2,-1
1,1,-1.814960526,-6.179350829
0,0,0,0,2,0
0,0,-0.07345215524,-0.7345215524,2,0
0,0,-0.2403805181,-1.669283629,1,0
0,0,-0.4326488978,-1.922683796,2,0
0,0,-0.7693038432,-3.366549454,0,0
0,0,-1.155261005,-3.859571616,2,-1
1,1,-1.700097761,-5.448367558
0,0,0,0,2,0
0,0,-0.07623518639,-0.7623518639,0,0
0,0,-0.06239239233,0.1384279406,0,0
0,0,0.01354096535,0.7593335768,0,0
0,0,0.165008057,1.514670916,0,0
0,0,0.4279457772,2.629377202,0,0
0,0,0.8261554969,3.982097197,1,0
0,0,1.33513798,5.089824834,0,-1
1,1,1.998766822,6.636288419
0,0,0,0,1,0
0,0,-0.01118479393,-0.1118479393,1,0
0,0,-0.04112031653,-0.299355226,1,0
0,0,-0.07799151855,-0.3687120201,0,0
0,0,-0.0461837219,0.3180779665,2,0
0,0,-0.1060620704,-0.5987834849,2,0
0,0,-0.2756106866,-1.695486163,2,0
0,0,-0.572566271,-2.969555844,1,0
0,0,-0.9605401062,-3.879738352,0,0
0,0,-1.423108212,-4.625681061,2,-1
1,1,-2.039667274,-6.165590617
0,0,0,0,1,0
0,0,0.008943154522,0.08943154522,0,0
0,0,0.09338140951,0.8443825499,1,0
0,0,0.1857754535,0.9239404401,2,0
0,0,0.2106986951,0.2492324163,2,0
0,0,0.1868682589,-0.238304362,2,0
0,0,0.1217349946,-0.6513326436,0,0
0,0,0.1722328264,0.5049783179,2,0
0,0,0.1745826105,0.02349784105,1,0
0,0,0.2219563899,0.4737377942,1,0
0,0,0.3106012017,0.8864481185,0,0
0,0,0.5500049356,2.394037339,0,0
0,0,0.9569933101,4.069883745,0,0
0,0,1.531188927,5.741956164,0,-1
1,1,2.253417507,7.222285806
0,0,0,0,1,0
0,0,-0.001625281158,-0.01625281158,2,0
0,0,-0.1092102859,-1.075850047,0,0
0,0,-0.1472069174,-0.3799663152,1,0
0,0,-0.2171205022,-0.6991358484,0,0
0,0,-0.2246926565,-0.0757215423,2,0
0,0,-0.3525509086,-1.278582522,0,0
0,0,-0.4679896818,-1.154387732,0,0
0,0,-0.5953292594,-1.273395776,2,0
0,0,-0.8834988566,-2.881695972,1,0
0,0,-1.279764584,-3.962657277,1,-1
1,1,-1.81264883,-5.328842459
0,0,0,0,2,0
0,0,-0.07078471279,-0.7078471279,2,0
0,0,-0.2523241252,-1.815394124,1,0
0,0,-0.4888183501,-2.36494225,0,0
0,0,-0.7177077767,-2.288894266,2,0
0,0,-1.11986736,-4.021595834,0,-1
1,1,-1.62043514,-5.005677803
0,0,0,0,2,0
0,0,-0.09257150698,-0.9257150698,0,0
0,0,-0.1283514291,-0.3577992212,2,0
0,0,-0.2777877401,-1.49436311,0,0
0,0,-0.377376706,-0.9958896589,1,0
0,0,-0.550868675,-1.73491969,0,0
0,0,-0.7331235987,-1.822549236,1,0
0,0,-1.029814181,-2.966905827,0,0
0,0,-1.405015866,-3.752016845,1,-1
1,1,-1.921591895,-5.165760291
0,0,0,0,2,0
0,0,-0.1013113302,-1.013113302,1,0
0,0,-0.2220418025,-1.207304723,2,0
0,0,-0.4515032512,-2.294614487,2,0
0,0,-0.8392481549,-3.877449036,1,0
0,0,-1.333996441,-4.947482861,0,-1
1,1,-1.943899279,-6.099028382
0,0,0,0,1,0
0,0,0.0002676664111,0.002676664111,2,0
0,0,-0.08416303132,-0.8443069773,1,0
0,0,-0.1988410547,-1.146780234,2,0
0,0,-0.4468235382,-2.479824835,0,0
0,0,-0.6733823979,-2.265588597,2,0
0,0,-1.073643723,-4.002613254,0,0
0,0,-1.555373813,-4.817300892,2,-1
1,1,-2.184636732,-6.292629195
0,0,0,0,1,0
0,0,0.01276763427,0.1276763427,0,0
0,0,0.1295801276,1.168124933,1,0
0,0,0.2614590986,1.31878971,0,0
0,0,0.5197777532,2.583186546,2,0
0,0,0.7889946863,2.692169331,0,0
0,0,1.223581424,4.345867381,1,-1
1,1,1.787721941,5.641405167
0,0,0,0,1,0
0,0,-0.003926260335,-0.03926260335,1,0
0,0,-0.02041485311,-0.1648859277,2,0
0,0,-0.1354052394,-1.149903863,1,0
0,0,-0.2799234362,-1.445181967,1,0
0,0,-0.4752442459,-1.953208097,1,0
0,0,-0.7522992216,-2.770549758,0,0
0,0,-1.073304681,-3.210054589,0,0
0,0,-1.491692494,-4.183878134,2,-1
1,1,-2.059505123,-5.678126287
0,0,0,0,2,0
0,0,-0.0842135755,-0.842135755,2,0
0,0,-0.2532768315,-1.69063256,1,0
0,0,-0.4786584374,-2.253816059,0,0
0,0,-0.7021684902,-2.235100528,2,0
0,0,-1.08316304,-3.8099455,0,0
0,0,-1.557041374,-4.73878334,1,-1
1,1,-2.177374545,-6.203331705
0,0,0,0,1,0
0,0,-0.009478941619,-0.09478941619,0,0
0,0,0.06848556461,0.7796450623,2,0
0,0,0.08049262653,0.1200706192,1,0
0,0,0.1066737285,0.2618110198,0,0
0,0,0.2310371611,1.243634326,0,0
0,0,0.4639742366,2.329370755,2,0
0,0,0.6927961123,2.288218757,0,0
0,0,1.07296025,3.801641374,0,-1
1,1,1.609598905,5.366386549
0,0,0,0,0,0
0,0,0.07336453712,0.7336453712,0,0
0,0,0.2383176744,1.649531372,1,0
0,0,0.45023473,2.119170557,1,0
0,0,0.721113427,2.708786969,2,0
0,0,1.025828492,3.047150652,0,0
0,0,1.49322044,4.673919473,1,-1
1,1,2.10521647,6.119960309
0,0,0,0,0,0
0,0,0.1028768149,1.028768149,2,0
0,0,0.1398876156,0.3701080065,0,0
0,0,0.3017079603,1.618203447,0,0
0,0,0.5881026736,2.863947133,2,0
0,0,0.8795887501,2.914860765,1,0
0,0,1.282289872,4.027011217,0,-1
1,1,1.845986483,5.63696611
0,0,0,0,1,0
0,0,-0.001437919005,-0.01437919005,2,0
0,0,-0.08212568047,-0.8068776146,0,0
0,0,-0.08671476793,-0.04589087469,1,0
0,0,-0.09063333619,-0.03918568251,0,0
0,0,-0.01637603617,0.7425730001,0,0
0,0,0.1385166734,1.548927096,1,0
0,0,0.3233521088,1.848354354,2,0
0,0,0.4660317459,1.426796371,1,0
0,0,0.672522835,2.06491089,0,0
0,0,1.029485799,3.569629636,0,0
0,0,1.553519198,5.240333997,1,-1
1,1,2.223912111,6.703929127
0,0,0,0,1,0
0,0,-0.005061242764,-0.05061242764,2,0
0,0,-0.1111754313,-1.061141885,2,0
0,0,-0.3278786287,-2.167031974,2,0
0,0,-0.6738545087,-3.4597588,2,0
0,0,-1.172167674,-4.983131653,1,-1
1,1,-1.789893082,-6.177254078
0,0,0,0,2,0
0,0,-0.08274392713,-0.8274392713,1,0
0,0,-0.1879950082,-1.05251081,1,0
0,0,-0.3368722331,-1.488772249,1,0
0,0,-0.5321274379,-1.952552048,2,0
0,0,-0.8771511981,-3.450237602,1,0
0,0,-1.328494671,-4.513434726,0,-1
1,1,-1.899196528,-5.707018577
0,0,0,0,2,0
0,0,-0.08285475919,-0.8285475919,0,0
0,0,-0.09299075267,-0.1013599349,1,0
0,0,-0.1335505703,-0.4055981765,1,0
0,0,-0.185972781,-0.5242221066,1,0
0,0,-0.255666505,-0.6969372402,0,0
0,0,-0.2671415226,-0.1147501756,2,0
0,0,-0.3980331506,-1.30891628,0,0
0,0,-0.5003075872,-1.022744366,2,0
0,0,-0.7552286415,-2.549210543,1,0
0,0,-1.124343727,-3.691150855,2,-1
1,1,-1.651960177,-5.276164499
0,0,0,0,0,0
0,0,0.07410627181,0.7410627181,2,0
0,0,0.05673142412,-0.1737484768,2,0
0,0,-0.04204691982,-0.9877834394,0,0
0,0,-0.06773252863,-0.2568560881,1,0
0,0,-0.09777051704,-0.3003798841,1,0
0,0,-0.151472827,-0.5370230992,1,0
0,0,-0.2476333984,-0.9616057149,0,0
0,0,-0.3104027569,-0.6276935844,1,0
0,0,-0.4190090597,-1.086063028,2,0
0,0,-0.6652057999,-2.461967402,2,0
0,0,-1.077443667,-4.122378666,2,-1
1,1,-1.656076479,-5.786328126
0,0,0,0,2,0
0,0,-0.08292009286,-0.8292009286,1,0
0,0,-0.1751523683,-0.9223227544,1,0
0,0,-0.294928549,-1.197761807,1,0
0,0,-0.4667565454,-1.718279964,2,0
0,0,-0.7970468263,-3.302902809,1,0
0,0,-1.23852398,-4.414771541,2,-1
1,1,-1.83207145,-5.935474695
0,0,0,0,2,0
0,0,-0.08611552287,-0.8611552287,2,0
0,0,-0.2658118039,-1.796962811,0,0
0,0,-0.3950681067,-1.292563028,0,0
0,0,-0.5113983597,-1.16330253,2,0
0,0,-0.7845288566,-2.731304969,2,0
0,0,-1.225052079,-4.40523222,2,-1
1,1,-1.818623176,-5.935710974
0,0,0,0,2,0
0,0,-0.09191137022,-0.9191137022,0,0
0,0,-0.1204325229,-0.2852115272,1,0
0,0,-0.1696884012,-0.4925587826,1,0
0,0,-0.2638849347,-0.9419653354,1,0
0,0,-0.4055351598,-1.41650225,2,0
0,0,-0.6765495696,-2.710144099,1,0
0,0,-1.054549173,-3.779996029,2,-1
1,1,-1.598489356,-5.439401833
0,0,0,0,2,0
0,0,-0.09706564803,-0.9706564803,0,0
0,0,-0.1402949742,-0.4322932614,1,0
0,0,-0.2153726763,-0.7507770212,2,0
0,0,-0.3980140148,-1.826413385,2,0
0,0,-0.721018541,-3.230045262,0,0
0,0,-1.079212778,-3.581942366,1,0
0,0,-1.562954952,-4.837421747,0,-1
1,1,-2.192881551,-6.299265987
0,0,0,0,0,0
0,0,0.09123518038,0.9123518038,2,0
0,0,0.1218866846,0.3065150421,1,0
0,0,0.1794277819,0.5754109735,0,0
0,0,0.3429614992,1.635337173,1,0
0,0,0.5735320131,2.305705139,2,0
0,0,0.8110864376,2.375544244,2,0
0,0,1.099700895,2.886144577,0,0
0,0,1.558694843,4.589939479,0,-1
1,1,2.165163965,6.064691214
0,0,0,0,2,0
0,0,-0.08021214234,-0.8021214234,0,0
0,0,-0.08694770738,-0.06735565046,2,0
0,0,-0.1979326692,-1.109849618,2,0
0,0,-0.4230817749,-2.251491057,0,0
0,0,-0.6250484947,-2.019667198,1,0
0,0,-0.9092600642,-2.842115696,1,0
0,0,-1.305518619,-3.962585552,0,-1
1,1,-1.82176302,-5.162444006
0,0,0,0,2,0
0,0,-0.0853622674,-0.853622674,1,0
0,0,-0.1872836464,-1.01921379,0,0
0,0,-0.2442443908,-0.5696074434,1,0
0,0,-0.3366144537,-0.9237006289,2,0
0,0,-0.5528280613,-2.162136076,1,0
0,0,-0.8568689868,-3.040409255,2,0
0,0,-1.333872699,-4.770037127,1,-1
1,1,-1.950254641,-6.163819418
0,0,0,0,2,0
0,0,-0.08705047172,-0.8705047172,2,0
0,0,-0.2843042732,-1.972538015,0,0
0,0,-0.4422209484,-1.579166752,2,0
0,0,-0.7533682973,-3.111473489,2,0
0,0,-1.233542902,-4.801746044,0,-1
1,1,-1.820112508,-5.86569606
0,0,0,0,2,0
0,0,-0.09985474056,-0.9985474056,2,0
0,0,-0.2949489037,-1.950941631,1,0
0,0,-0.5284291196,-2.334802159,1,0
0,0,-0.8489125601,-3.204834405,2,0
0,0,-1.33468565,-4.857730895,1,-1
1,1,-1.953507047,-6.188213975
0,0,0,0,2,0
0,0,-0.08398340447,-0.8398340447,2,0
0,0,-0.2567855825,-1.72802178,0,0
0,0,-0.3919959354,-1.352103529,2,0
0,0,-0.6738955557,-2.818996203,0,0
0,0,-0.9793551734,-3.054596177,0,0
0,0,-1.358484438,-3.791292647,2,-1
1,1,-1.894988246,-5.365038078
0,0,0,0,1,0
0,0,-0.00737051687,-0.0737051687,0,0
0,0,0.06041407246,0.6778458933,0,0
0,0,0.2398774765,1.79463404,1,0
0,0,0.4719474702,2.320699938,1,0
0,0,0.7659382607,2.939907904,2,0
0,0,1.098606056,3.326677955,2,0
0,0,1.523154863,4.24548807,1,-1
1,1,2.093510747,5.703558842
0,0,0,0,0,0
0,0,0.08209111583,0.8209111583,1,0
0,0,0.17140397,0.8931285414,0,0
0,0,0.3590725959,1.876686259,2,0
0,0,0.5088830145,1.498104187,1,0
0,0,0.731640226,2.227572115,2,0
0,0,1.005229901,2.735896746,2,0
0,0,1.358337226,3.531073257,0,-1
1,1,1.866246603,5.079093772
0,0,0,0,0,0
0,0,0.07599246277,0.7599246277,2,0
0,0,0.06640595725,-0.09586505519,2,0
0,0,-0.03291030927,-0.9931626652,0,0
0,0,-0.04856287374,-0.1565256446,1,0
0,0,-0.08005447139,-0.3149159765,1,0
0,0,-0.1140825752,-0.3402810385,1,0
0,0,-0.1679127521,-0.5383017682,0,0
0,0,-0.1719861722,-0.04073420155,2,0
0,0,-0.2807978953,-1.088117231,1,0
0,0,-0.4516558378,-1.708579424,1,0
0,0,-0.6882020552,-2.365462174,0,0
0,0,-0.9503091263,-2.621070711,2,0
0,0,-1.375312146,-4.250030196,1,-1
1,1,-1.939134593,-5.638224469
0,0,0,0,2,0
0,0,-0.1028794538,-1.028794538,0,0
0,0,-0.1242790516,-0.2139959778,0,0
0,0,-0.09600960844,0.2826944314,0,0
0,0,-0.01187972355,0.8412988489,0,0
0,0,0.1679974907,1.798772142,0,0
0,0,0.4767158478,3.087183571,2,0
0,0,0.7767192858,3.00003438,0,0
0,0,1.241270017,4.645507315,1,-1
1,1,1.837200871,5.959308534
0,0,0,0,0,0
0,0,0.08999222687,0.8999222687,2,0
0,0,0.1179590428,0.2796681596,2,0
0,0,0.08173419944,-0.362248434,2,0
0,0,-0.04078995671,-1.225241562,2,0
0,0,-0.2668312681,-2.260413114,1,0
0,0,-0.5228265724,-2.559953043,2,0
0,0,-0.9160635585,-3.932369862,1,0
0,0,-1.422255596,-5.061920372,0,-1
1,1,-2.057840391,-6.355847953
0,0,0,0,0,0
0,0,0.1030025218,1.030025218,1,0
0,0,0.2263103227,1.233078008,1,0
0,0,0.3874453665,1.611350439,0,0
0,0,0.6815308314,2.940854649,1,0
0,0,1.061118343,3.795875112,1,0
0,0,1.563808701,5.026903582,1,-1
1,1,2.213215928,6.494072277
0,0,0,0,1,0
0,0,-0.006905001425,-0.06905001425,1,0
0,0,-0.01765611854,-0.1075111712,2,0
0,0,-0.1047116335,-0.8705551497,1,0
0,0,-0.2094309846,-1.047193511,0,0
0,0,-0.2687570864,-0.593261018,0,0
0,0,-0.2855572578,-0.1680017146,2,0
0,0,-0.4286053921,-1.430481343,2,0
0,0,-0.7114348965,-2.828295043,0,0
0,0,-1.034322607,-3.228877103,1,0
0,0,-1.481261611,-4.469390042,1,-1
1,1,-2.0725526,-5.912909894
0,0,0,0,0,0
0,0,0.08281089806,0.8281089806,2,0
0,0,0.07550368348,-0.07307214581,2,0
0,0,-0.01873987598,-0.9424355946,1,0
0,0,-0.1218983217,-1.031584457,2,0
0,0,-0.3381476775,-2.162493558,2,0
0,0,-0.7036359063,-3.654882289,2,0
0,0,-1.212994039,-5.093581323,0,-1
1,1,-1.823051065,-6.100570259
0,0,0,0,0,0
0,0,0.07196933221,0.7196933221,1,0
0,0,0.1414795571,0.6951022488,2,0
0,0,0.1638236902,0.2234413306,0,0
0,0,0.3147811525,1.509574624,2,0
0,0,0.4451305887,1.303494361,2,0
0,0,0.5550794743,1.099488857,0,0
0,0,0.8357058899,2.806264156,2,0
0,0,1.162869841,3.271639511,2,-1
1,1,1.593161161,4.302913202
0,0,0,0,1,0
0,0,0.0168806287,0.168806287,0,0
0,0,0.1339861913,1.171055626,1,0
0,0,0.2676320528,1.336458615,1,0
0,0,0.4350961687,1.674641158,1,0
0,0,0.6730737739,2.379776052,0,0
0,0,1.059473863,3.86400089,1,-1
1,1,1.570937642,5.114637788
0,0,0,0,2,0
0,0,-0.08157468608,-0.8157468608,2,0
0,0,-0.278590432,-1.970157459,1,0
0,0,-0.5043975197,-2.258070877,2,0
0,0,-0.8888024885,-3.844049688,0,0
0,0,-1.341638449,-4.5283596,1,-1
1,1,-1.932006826,-5.903683774
0,0,0,0,0,0
0,0,0.09212590105,0.9212590105,0,0
0,0,0.271059184,1.78933283,0,0
0,0,0.5618574794,2.907982954,1,0
0,0,0.934521066,3.726635866,0,0
0,0,1.46301712,5.284960544,2,-1
1,1,2.125432083,6.624149624
0,0,0,0,0,0
0,0,0.08752712255,0.8752712255,1,0
0,0,0.1892397061,1.017125836,0,0
0,0,0.4078062595,2.185665534,1,0
0,0,0.6965309979,2.887247384,0,0
0,0,1.137723736,4.411927382,1,-1
1,1,1.698497196,5.607734601
0,0,0,0,1,0
0,0,0.005137244885,0.05137244885,1,0
0,0,-0.002767473329,-0.07904718213,2,0
0,0,-0.104356822,-1.015893487,0,0
0,0,-0.1408419133,-0.3648509125,1,0
0,0,-0.2086624855,-0.6782057223,0,0
0,0,-0.2095275388,-0.00865053311,1,0
0,0,-0.257373925,-0.4784638615,0,0
0,0,-0.2518501339,0.05523791096,2,0
0,0,-0.3699938634,-1.181437295,1,0
0,0,-0.5519943562,-1.820004928,0,0
0,0,-0.7522286893,-2.002343331,1,0
0,0,-1.046924293,-2.946956033,2,0
0,0,-1.500932869,-4.540085762,2,-1
1,1,-2.104891428,-6.039585593
0,0,0,0,2,0
0,0,-0.08257448782,-0.8257448782,0,0
0,0,-0.09832058995,-0.1574610213,1,0
0,0,-0.1481690019,-0.4984841191,1,0
0,0,-0.2333659475,-0.8519694564,1,0
0,0,-0.3538688866,-1.205029391,2,0
0,0,-0.6017225158,-2.478536292,1,0
0,0,-0.9316088306,-3.298863148,1,0
0,0,-1.372756347,-4.411475166,0,-1
1,1,-1.936847088,-5.640907412
0,0,0,0,1,0
0,0,-0.004085285933,-0.04085285933,0,0
0,0,0.09655866864,1.006439546,0,0
0,0,0.3155563739,2.189977052,1,0
0,0,0.5872391909,2.71682817,0,0
0,0,1.012236884,4.249976936,1,0
0,0,1.561455334,5.492184499,1,-1
1,1,2.25732037,6.958650353
0,0,0,0,0,0
0,0,0.09572488721,0.9572488721,0,0
0,0,0.2852679727,1.895430855,2,0
0,0,0.4283197955,1.430518228,0,0
0,0,0.7099243664,2.81604571,0,0
0,0,1.144459279,4.34534913,1,-1
1,1,1.707904819,5.634455395
0,0,0,0,1,0
0,0,0.001944744671,0.01944744671,1,0
0,0,0.005880071782,0.03935327111,2,0
0,0,-0.09176598601,-0.976460578,0,0
0,0,-0.1028421057,-0.1107611965,2,0
0,0,-0.2067420546,-1.038999489,0,0
0,0,-0.2439340538,-0.3719199924,0,0
0,0,-0.2541401602,-0.1020610637,1,0
0,0,-0.3156133846,-0.6147322438,1,0
0,0,-0.432981802,-1.173684174,1,0
0,0,-0.633180833,-2.00199031,1,0
0,0,-0.9299469145,-2.967660816,0,0
0,0,-1.291879942,-3.619330271,0,-1
1,1,-1.76955848,-4.776785386
0,0,0,0,0,0
0,0,0.09720758518,0.9720758518,1,0
0,0,0.2184962245,1.212886394,1,0
0,0,0.3617409695,1.43244745,0,0
0,0,0.6444961777,2.827552082,1,0
0,0,1.021787538,3.772913602,0,0
0,0,1.558219394,5.364318559,2,-1
1,1,2.240305466,6.820860726
0,0,0,0,2,0
0,0,-0.08752569534,-0.8752569534,1,0
0,0,-0.1801954627,-0.9266976734,1,0
0,0,-0.2960446046,-1.15849142,1,0
0,0,-0.4580252498,-1.619806451,1,0
0,0,-0.6801180848,-2.220928351,0,0
0,0,-0.9427468275,-2.626287426,2,0
0,0,-1.367088985,-4.24342158,2,-1
1,1,-1.943930201,-5.768412158
0,0,0,0,1,0
0,0,0.009943493334,0.09943493334,1,0
0,0,0.02445734238,0.1451384905,0,0
0,0,0.1195411399,0.9508379749,2,0
0,0,0.1472695822,0.2772844231,2,0
0,0,0.09691037169,-0.5035921049,1,0
0,0,0.06667516121,-0.3023521048,0,0
0,0,0.1521302144,0.8545505323,1,0
0,0,0.2544758353,1.023456209,0,0
0,0,0.4841864756,2.297106403,1,0
0,0,0.7772571489,2.930706733,0,0
0,0,1.243337267,4.660801176,2,-1
1,1,1.819961671,5.766244047
0,0,0,0,1,0
0,0,-0.009763242332,-0.09763242332,2,0
0,0,-0.1163226714,-1.065594291,0,0
0,0,-0.161389003,-0.4506633154,1,0
0,0,-0.2371540625,-0.7576505952,2,0
0,0,-0.4463130751,-2.091590126,0,0
0,0,-0.6439908919,-1.976778168,1,0
0,0,-0.9365521887,-2.925612969,1,0
0,0,-1.345741803,-4.091896144,0,-1
1,1,-1.875701344,-5.299595406
0,0,0,0,0,0
0,0,0.08172380839,0.8172380839,1,0
0,0,0.1819612434,1.00237435,0,0
0,0,0.3856495703,2.03688327,0,0
0,0,0.7389297056,3.532801353,0,0
0,0,1.244244682,5.053149761,0,-1
1,1,1.904834091,6.605894093
0,0,0,0,0,0
0,0,0.07871038395,0.7871038395,1,0
0,0,0.1564006618,0.7769027782,0,0
0,0,0.3425158781,1.861152163,2,0
0,0,0.4978195193,1.553036412,0,0
0,0,0.8153645786,3.175450593,0,0
0,0,1.298884529,4.835199507,0,-1
1,1,1.933204634,6.343201045
0,0,0,0,0,0
0,0,0.07845756478,0.7845756478,2,0
0,0,0.09890539807,0.2044783329,1,0
0,0,0.1428344517,0.4392905362,1,0
0,0,0.2099651211,0.6713066937,1,0
0,0,0.2987186383,0.8875351727,1,0
0,0,0.4259096248,1.271909865,2,0
0,0,0.5375981645,1.116885397,0,0
0,0,0.8072484714,2.69650307,0,0
0,0,1.238400349,4.311518773,2,-1
1,1,1.778485084,5.400847353
0,0,0,0,2,0
0,0,-0.08768798174,-0.8768798174,2,0
0,0,-0.2708105976,-1.831226158,0,0
0,0,-0.405344361,-1.345337634,2,0
0,0,-0.685155806,-2.79811445,0,0
0,0,-0.9860163837,-3.008605777,2,0
0,0,-1.445100468,-4.590840847,2,-1
1,1,-2.055633096,-6.105326275
0,0,0,0,2,0
0,0,-0.0887155829,-0.887155829,1,0
0,0,-0.1835178236,-0.948022407,1,0
0,0,-0.3094518411,-1.259340175,0,0
0,0,-0.4129190058,-1.034671646,0,0
0,0,-0.5187294363,-1.058104305,2,0
0,0,-0.7768350145,-2.581055782,0,0
0,0,-1.072415288,-2.955802732,0,0
0,0,-1.46568219,-3.932669023,1,-1
1,1,-2.003852909,-5.381707195
0,0,0,0,1,0
0,0,-0.007779837318,-0.07779837318,0,0
0,0,0.07834176159,0.8612159891,1,0
0,0,0.1742769432,0.9593518165,1,0
0,0,0.3125909642,1.383140209,2,0
0,0,0.4074610728,0.9487010862,0,0
0,0,0.6542007769,2.467397041,2,0
0,0,0.927887549,2.736867721,1,0
0,0,1.327952373,4.000648241,1,-1
1,1,1.865994769,5.380423956
0,0,0,0,1,0
0,0,0.001643853284,0.01643853284,1,0
0,0,-0.008018452336,-0.09662305621,2,0
0,0,-0.09625607533,-0.88237623,1,0
0,0,-0.2052027458,-1.089466705,0,0
0,0,-0.2631920032,-0.5798925736,1,0
0,0,-0.3619593111,-0.9876730789,0,0
0,0,-0.4486806418,-0.8672133068,0,0
0,0,-0.5372377379,-0.8855709614,1,0
0,0,-0.7023513638,-1.651136259,2,0
0,0,-1.039477039,-3.371256753,1,0
0,0,-1.496038958,-4.565619187,0,-1
1,1,-2.092396077,-5.963571192
0,0,0,0,2,0
0,0,-0.09444800839,-0.9444800839,1,0
0,0,-0.2114758345,-1.170278262,0,0
0,0,-0.2936275297,-0.8215169513,1,0
0,0,-0.4178292106,-1.242016809,1,0
0,0,-0.6172909256,-1.99461715,0,0
0,0,-0.8508429362,-2.335520106,0,0
0,0,-1.135955705,-2.851127688,1,0
0,0,-1.550207324,-4.142516188,0,-1
1,1,-2.10906534,-5.588580163
0,0,0,0,2,0
0,0,-0.0759826124,-0.759826124,2,0
0,0,-0.2443670048,-1.683843924,2,0
0,0,-0.5516024375,-3.072354327,0,0
0,0,-0.8745395288,-3.229370913,0,0
0,0,-1.256499058,-3.81959529,1,-1
1,1,-1.778167488,-5.216684298
0,0,0,0,0,0
0,0,0.08095457976,0.8095457976,2,0
0,0,0.07393901215,-0.07015567612,1,0
0,0,0.06324947153,-0.1068954062,0,0
0,0,0.1478386591,0.8458918757,1,0
0,0,0.2699839496,1.221452905,0,0
0,0,0.5115192135,2.415352638,1,0
0,0,0.8439025034,3.3238329,0,0
0,0,1.344517309,5.006148055,0,-1
1,1,1.997727373,6.532100642
0,0,0,0,2,0
0,0,-0.08251401465,-0.8251401465,0,0
0,0,-0.07826227633,0.04251738321,2,0
0,0,-0.158628932,-0.8036665568,1,0
0,0,-0.260676184,-1.02047252,2,0
0,0,-0.490152775,-2.29476591,0,0
0,0,-0.7069767448,-2.168239698,2,0
0,0,-1.07974113,-3.727643849,2,-1
1,1,-1.607890567,-5.281494377
0,0,0,0,2,0
0,0,-0.09232732379,-0.9232732379,0,0
0,0,-0.1143574495,-0.2203012568,0,0
0,0,-0.05712239205,0.5723505742,2,0
0,0,-0.0830318147,-0.2590942265,0,0
0,0,-0.0399317851,0.4310002959,0,0
0,0,0.07641057004,1.163423551,0,0
0,0,0.2948908802,2.184803102,2,0
0,0,0.4811052362,1.86214356,2,0
0,0,0.6667370044,1.856317682,2,0
0,0,0.8972121965,2.304751921,0,0
0,0,1.285424296,3.882120998,0,-1
1,1,1.833377855,5.479535588
0,0,0,0,1,0
0,0,-0.01535210814,-0.1535210814,0,0
0,0,0.06010954335,0.7546165149,2,0
0,0,0.05716054982,-0.02948993524,2,0
0,0,-0.02402616018,-0.8118671,2,0
0,0,-0.1915109751,-1.674848149,1,0
0,0,-0.406837462,-2.153264869,2,0
0,0,-0.7760750936,-3.692376317,1,0
0,0,-1.246751307,-4.706762131,0,-1
1,1,-1.823695102,-5.769437956
0,0,0,0,1,0
0,0,0.01424639108,0.1424639108,0,0
0,0,0.1111587956,0.969124045,2,0
0,0,0.124642995,0.1348419942,0,0
0,0,0.2541086619,1.294656669,2,0
0,0,0.3476539453,0.9354528334,2,0
0,0,0.4093543825,0.617004372,1,0
0,0,0.5467654694,1.374110869,0,0
0,0,0.8429083751,2.961429057,1,0
0,0,1.246280292,4.033719172,0,-1
1,1,1.80742581,5.611455181
0,0,0,0,0,0
0,0,0.08015025694,0.8015025694,2,0
0,0,0.07361433563,-0.06535921308,1,0
0,0,0.07315737793,-0.004569577058,2,0
0,0,-0.01591514483,-0.8907252276,1,0
0,0,-0.09370615494,-0.7779101011,2,0
0,0,-0.2597640054,-1.660578504,0,0
0,0,-0.3886568574,-1.28892852,2,0
0,0,-0.644673608,-2.560167506,2,0
0,0,-1.057715946,-4.130423382,2,-1
1,1,-1.628801455,-5.710855085
0,0,0,0,1,0
0,0,0.01187360063,0.1187360063,0,0
0,0,0.1246634311,1.127898305,1,0
0,0,0.248130031,1.234665999,2,0
0,0,0.3118264711,0.6369644005,0,0
0,0,0.5079123431,1.96085872,0,0
0,0,0.8538062753,3.458939322,2,0
0,0,1.264733672,4.109273968,0,-1
1,1,1.835197277,5.704636054
0,0,0,0,2,0
0,0,-0.0914938738,-0.914938738,2,0
0,0,-0.2857516672,-1.942577934,2,0
0,0,-0.5980988124,-3.123471452,1,0
0,0,-0.9821343983,-3.84035586,0,0
0,0,-1.440176159,-4.580417608,0,-1
1,1,-2.03121437,-5.910382112
0,0,0,0,1,0
0,0,-0.006786377746,-0.06786377746,1,0
0,0,-0.003107939064,0.03678438682,1,0
0,0,0.01062585622,0.1373379529,1,0
0,0,0.02344227391,0.1281641769,2,0
0,0,-0.0389685489,-0.6241082282,0,0
0,0,-0.01258571163,0.2638283728,0,0
0,0,0.1006303302,1.132160418,1,0
0,0,0.2136750045,1.130446743,1,0
0,0,0.363627812,1.499528076,1,0
0,0,0.5642537799,2.006259679,2,0
0,0,0.7779349813,2.136812013,1,0
0,0,1.097236901,3.193019199,0,-1
1,1,1.57695587,4.797189693
0,0,0,0,2,0
0,0,-0.07502090583,-0.7502090583,2,0
0,0,-0.2370928849,-1.62071979,2,0
0,0,-0.5090965601,-2.720036752,2,0
0,0,-0.9368022244,-4.277056643,2,0
0,0,-1.514686596,-5.778843711,1,-1
1,1,-2.236840789,-7.221541936
0,0,0,0,1,0
0,0,0.007581112656,0.07581112656,1,0
0,0,0.02570076669,0.1811965403,2,0
0,0,-0.03270917516,-0.5840994184,0,0
0,0,-0.02355732745,0.09151847701,0,0
0,0,0.05687667128,0.8043399874,0,0
0,0,0.2206639916,1.637873203,0,0
0,0,0.5176487969,2.969848053,0,0
0,0,0.9691050735,4.514562766,1,0
0,0,1.526974877,5.578698039,2,-1
1,1,2.226187976,6.992130988
0,0,0,0,2,0
0,0,-0.0864508023,-0.864508023,2,0
0,0,-0.2736012354,-1.871504331,1,0
0,0,-0.4910311474,-2.174299119,0,0
0,0,-0.6990616635,-2.080305162,0,0
0,0,-0.9334137371,-2.343520736,0,0
0,0,-1.24773197,-3.143182331,0,-1
1,1,-1.679152051,-4.314200807
0,0,0,0,1,0
0,0,-0.0145768096,-0.145768096,0,0
0,0,0.06091115215,0.7548796176,1,0
0,0,0.1319909418,0.7107978967,2,0
0,0,0.1391707945,0.07179852719,1,0
0,0,0.1751101884,0.3593939384,2,0
0,0,0.1520738408,-0.2303634753,2,0
0,0,0.06943744739,-0.8263639345,0,0
0,0,0.09639763133,0.2696018394,0,0
0,0,0.2312601537,1.348625224,2,0
0,0,0.3101569643,0.7889681056,2,0
0,0,0.3638282451,0.5367128083,1,0
0,0,0.4776359287,1.138076836,1,0
0,0,0.6806707894,2.030348607,1,0
0,0,0.9910536142,3.103828248,2,0
0,0,1.388692716,3.976391021,2,-1
1,1,1.916335615,5.276428988
0,0,0,0,2,0
0,0,-0.09381314207,-0.9381314207,0,0
0,0,-0.1278359693,-0.3402282724,1,0
0,0,-0.1687632867,-0.4092731743,0,0
0,0,-0.1500739694,0.1868931733,2,0
0,0,-0.2421392383,-0.920652689,1,0
0,0,-0.3764857905,-1.343465522,1,0
0,0,-0.5849096767,-2.084238861,1,0
0,0,-0.8793468602,-2.944371835,0,0
0,0,-1.232431049,-3.530841887,0,-1
1,1,-1.69858732,-4.661562707
0,0,0,0,0,0
0,0,0.09420767278,0.9420767278,2,0
0,0,0.1132519283,0.1904425555,0,0
0,0,0.2309113271,1.176593988,0,0
0,0,0.4605704793,2.296591522,2,0
0,0,0.679880091,2.193096116,1,0
0,0,0.9934365662,3.135564753,0,0
0,0,1.465601668,4.721651018,0,-1
1,1,2.088853235,6.232515674
0,0,0,0,1,0
0,0,0.009600238787,0.09600238787,1,0
0,0,0.02071319838,0.1111295959,1,0
0,0,0.01872077161,-0.01992426769,1,0
0,0,0.01704219391,-0.01678577693,2,0
0,0,-0.08517483385,-1.022170278,1,0
0,0,-0.1938083711,-1.086335372,0,0
0,0,-0.261131376,-0.6732300488,1,0
0,0,-0.3657194583,-1.045880823,0,0
0,0,-0.4573936989,-0.9167424061,1,0
0,0,-0.6143264444,-1.569327455,0,0
0,0,-0.805837982,-1.915115375,1,0
0,0,-1.109061671,-3.032236891,1,0
0,0,-1.543560406,-4.344987351,0,-1
1,1,-2.122486209,-5.789258028
0,0,0,0,2,0
0,0,-0.07497526334,-0.7497526334,2,0
0,0,-0.2551917516,-1.802164883,1,0
0,0,-0.4925207013,-2.373289497,0,0
0,0,-0.729172934,-2.366522326,1,0
0,0,-1.074100214,-3.4492728,1,0
0,0,-1.540059809,-4.659595951,2,-1
1,1,-2.154287391,-6.142275823
0,0,0,0,1,0
0,0,0.008554781186,0.08554781186,1,0
0,0,0.007006556137,-0.0154822505,2,0
0,0,-0.07317650528,-0.8018306142,1,0
0,0,-0.1504856603,-0.7730915502,1,0
0,0,-0.2520290956,-1.015434353,2,0
0,0,-0.4698799022,-2.178508065,2,0
0,0,-0.8339946412,-3.64114739,0,0
0,0,-1.245125334,-4.11130693,2,-1
1,1,-1.817971372,-5.728460374
0,0,0,0,2,0
0,0,-0.07992838714,-0.7992838714,0,0
0,0,-0.07490538941,0.05022997727,2,0
0,0,-0.1622304959,-0.873251065,0,0
0,0,-0.205325355,-0.4309485911,0,0
0,0,-0.1974249958,0.07900359237,1,0
0,0,-0.219709775,-0.2228477921,0,0
0,0,-0.200089897,0.1961987794,1,0
0,0,-0.2240566408,-0.2396674371,1,0
0,0,-0.2863732642,-0.623166235,0,0
0,0,-0.3073737353,-0.2100047105,1,0
0,0,-0.3887685581,-0.8139482285,2,0
0,0,-0.6286007778,-2.398322196,0,0
0,0,-0.905056658,-2.764558803,2,0
0,0,-1.351171907,-4.461152492,0,-1
1,1,-1.919738294,-5.685663864
0,0,0,0,2,0
0,0,-0.1003821256,-1.003821256,1,0
0,0,-0.2171049327,-1.167228071,0,0
0,0,-0.2783657281,-0.6126079547,0,0
0,0,-0.3085143242,-0.3014859602,2,0
0,0,-0.4857194502,-1.772051261,0,0
0,0,-0.6650797959,-1.793603457,0,0
0,0,-0.8746538631,-2.095740672,1,0
0,0,-1.202554255,-3.279003917,1,-1
1,1,-1.661227918,-4.58673663
0,0,0,0,0,0
0,0,0.08125645559,0.8125645559,0,0
0,0,0.2495802373,1.683237817,0,0
0,0,0.5316322853,2.82052048,2,0
0,0,0.8144404064,2.82808121,1,0
0,0,1.208127372,3.936869656,2,-1
1,1,1.710931239,5.028038673
0,0,0,0,2,0
0,0,-0.09565223024,-0.9565223024,0,0
0,0,-0.1278075984,-0.321553682,2,0
0,0,-0.2838022268,-1.559946284,1,0
0,0,-0.4892881994,-2.054859727,2,0
0,0,-0.8536571469,-3.643689475,0,0
0,0,-1.267146412,-4.134892651,2,-1
1,1,-1.840318124,-5.73171712
0,0,0,0,1,0
0,0,-0.004395887187,-0.04395887187,0,0
0,0,0.08267163687,0.8706752406,0,0
0,0,0.2863435921,2.036719553,0,0
0,0,0.6072587588,3.209151667,1,0
0,0,1.008691201,4.014324421,1,0
0,0,1.534288913,5.255977117,1,-1
1,1,2.205587558,6.71298645
0,0,0,0,1,0
0,0,-0.006034305361,-0.06034305361,2,0
0,0,-0.1059271512,-0.998928458,1,0
0,0,-0.2289330256,-1.230058744,2,0
0,0,-0.4782327169,-2.492996913,0,0
0,0,-0.7319646295,-2.537319126,1,0
0,0,-1.076493445,-3.445288156,2,-1
1,1,-1.579303964,-5.028105186
