2,1,1
0,0,0,0,0,0
0,0,0.07795628952,0.7795628952,0,0
0,0,0.2639693558,1.860130663,1,0
0,0,0.4881645766,2.241952207,0,0
0,0,0.8588133271,3.706487505,1,0
0,0,1.337643904,4.788305773,2,-1
1,1,1.931968304,5.943243994
0,0,0,0,2,0
0,0,-0.07821896413,-0.7821896413,0,0
0,0,-0.07329374022,0.04925223902,0,0
0,0,-0.009645141424,0.636485988,0,0
0,0,0.1324103462,1.420554876,2,0
0,0,0.2088707193,0.7646037315,1,0
0,0,0.3267718738,1.179011545,0,0
0,0,0.58431988,2.575480062,0,0
0,0,0.9895562402,4.052363602,1,0
0,0,1.518445282,5.28889042,0,-1
1,1,2.195303597,6.76858315
0,0,0,0,0,0
0,0,0.1016757296,1.016757296,0,0
0,0,0.3191782028,2.175024733,2,0
0,0,0.5119194883,1.927412854,1,0
0,0,0.795082094,2.831626058,2,0
0,0,1.138766185,3.436840907,2,-1
1,1,1.5785254,4.397592148
0,0,0,0,2,0
0,0,-0.1036370735,-1.036370735,0,0
0,0,-0.12333745,-0.197003765,2,0
0,0,-0.2430142544,-1.196768045,2,0
0,0,-0.4931481599,-2.501339055,1,0
0,0,-0.8043895567,-3.112413968,0,0
0,0,-1.170064397,-3.656748404,1,-1
1,1,-1.665688349,-4.956239518
0,0,0,0,2,0
0,0,-0.07893142884,-0.7893142884,0,0
0,0,-0.08243298015,-0.03501551313,1,0
0,0,-0.1096100381,-0.27177058,1,0
0,0,-0.1637983492,-0.5418831104,0,0
0,0,-0.173723945,-0.09925595784,0,0
0,0,-0.1408005954,0.3292334953,0,0
0,0,-0.04362946676,0.9717112868,1,0
0,0,0.05391153349,0.9754100025,1,0
0,0,0.1555695151,1.016579816,0,0
0,0,0.3844531884,2.288836733,1,0
0,0,0.6723576133,2.879044249,1,0
0,0,1.057414733,3.850571194,1,0
0,0,1.568771552,5.113568192,1,-1
1,1,2.227023159,6.582516069
0,0,0,0,1,0
0,0,0.009670420395,0.09670420395,2,0
0,0,-0.06042170764,-0.7009212804,0,0
0,0,-0.04780771016,0.1261399749,1,0
0,0,-0.04880593125,-0.009982210905,2,0
0,0,-0.1561802821,-1.073743509,0,0
0,0,-0.2054690655,-0.4928878335,1,0
0,0,-0.2853253245,-0.7985625903,2,0
0,0,-0.5098731084,-2.245477839,1,0
0,0,-0.8020760948,-2.922029864,0,0
0,0,-1.136961355,-3.348852597,0,-1
1,1,-1.575068099,-4.381067441
0,0,0,0,0,0
0,0,0.09590641632,0.9590641632,0,0
0,0,0.2969997705,2.010933542,0,0
0,0,0.6135209559,3.165211854,2,0
0,0,0.9361132341,3.225922782,1,0
0,0,1.38012512,4.440118863,0,-1
1,1,1.980534987,6.00409867
0,0,0,0,0,0
0,0,0.08555134173,0.8555134173,0,0
0,0,0.2657328409,1.801814992,2,0
0,0,0.4186092435,1.528764026,0,0
0,0,0.7201438439,3.015346004,2,0
0,0,1.047625184,3.274813403,1,0
0,0,1.502439865,4.548146813,1,-1
1,1,2.102874177,6.004343119
0,0,0,0,0,0
0,0,0.1046354355,1.046354355,0,0
0,0,0.3270583919,2.224229564,2,0
0,0,0.5293039435,2.022455516,1,0
0,0,0.8216116793,2.923077358,1,0
0,0,1.219931981,3.983203016,0,-1
1,1,1.772261034,5.523290528
0,0,0,0,2,0
0,0,-0.09926306238,-0.9926306238,1,0
0,0,-0.2034673431,-1.042042808,2,0
0,0,-0.4417312646,-2.382639215,0,0
0,0,-0.6734497907,-2.317185261,2,0
0,0,-1.073956428,-4.005066377,1,-1
1,1,-1.601785445,-5.278290167
0,0,0,0,1,0
0,0,0.00767797955,0.0767797955,1,0
0,0,0.01322360027,0.05545620716,0,0
0,0,0.09625641575,0.8303281548,2,0
0,0,0.09852245367,0.02266037922,2,0
0,0,0.02054036875,-0.7798208492,2,0
0,0,-0.1369799621,-1.575203309,2,0
0,0,-0.4051968089,-2.682168468,1,0
0,0,-0.7216478364,-3.164510274,1,0
0,0,-1.139685564,-4.180377274,2,-1
1,1,-1.717197701,-5.77512137
0,0,0,0,2,0
0,0,-0.07178611774,-0.7178611774,2,0
0,0,-0.2284492479,-1.566631302,0,0
0,0,-0.3322696458,-1.038203979,2,0
0,0,-0.5696274517,-2.373578058,0,0
0,0,-0.8189063921,-2.492789404,1,0
0,0,-1.175040649,-3.56134257,1,-1
1,1,-1.661933354,-4.868927052
0,0,0,0,2,0
0,0,-0.1027935467,-1.027935467,1,0
0,0,-0.2282900633,-1.254965167,0,0
0,0,-0.2973645183,-0.6907445498,0,0
0,0,-0.3368456392,-0.3948112087,0,0
0,0,-0.3516113699,-0.1476573071,0,0
0,0,-0.3393504522,0.1226091772,2,0
0,0,-0.4629505587,-1.236001065,1,0
0,0,-0.6604330657,-1.97482507,2,0
0,0,-1.008114605,-3.476815394,0,0
0,0,-1.440271613,-4.321570077,1,-1
1,1,-2.013507173,-5.732355603
0,0,0,0,1,0
0,0,0.001198514905,0.01198514905,2,0
0,0,-0.0983318762,-0.995303911,0,0
0,0,-0.1320673796,-0.3373550344,1,0
0,0,-0.1971565975,-0.6508921788,0,0
0,0,-0.192963138,0.04193459532,0,0
0,0,-0.1417236422,0.5123949574,1,0
0,0,-0.1319132135,0.09810428703,2,0
0,0,-0.2436680774,-1.117548638,2,0
0,0,-0.4869771196,-2.433090423,2,0
0,0,-0.8724994214,-3.855223018,0,0
0,0,-1.30604242,-4.335429985,1,-1
1,1,-1.877823823,-5.71781403
0,0,0,0,0,0
0,0,0.100038213,1.00038213,0,0
0,0,0.2963790515,1.963408384,1,0
0,0,0.5552453278,2.588662764,1,0
0,0,0.9096361096,3.543907818,2,0
0,0,1.329299063,4.196629536,2,-1
1,1,1.865651938,5.36352875
0,0,0,0,2,0
0,0,-0.09321461969,-0.9321461969,0,0
0,0,-0.1193863379,-0.2617171822,1,0
0,0,-0.1598472102,-0.4046087228,2,0
0,0,-0.3119837783,-1.521365681,1,0
0,0,-0.5253188951,-2.133351168,0,0
0,0,-0.7483593058,-2.230404107,2,0
0,0,-1.134624789,-3.862654834,1,-1
1,1,-1.650596169,-5.159713802
0,0,0,0,1,0
0,0,0.01721666396,0.1721666396,0,0
0,0,0.1115323535,0.9431568954,1,0
0,0,0.232315716,1.207833625,0,0
0,0,0.4663276507,2.340119348,1,0
0,0,0.7616624916,2.953348409,1,0
0,0,1.157274804,3.956123122,0,-1
1,1,1.712689412,5.554146078
0,0,0,0,2,0
0,0,-0.1020398714,-1.020398714,0,0
0,0,-0.1338490437,-0.3180917223,1,0
0,0,-0.1987006964,-0.6485165273,0,0
0,0,-0.1995504208,-0.008497244413,0,0
0,0,-0.1439191337,0.5563128709,1,0
0,0,-0.1231887818,0.2073035195,0,0
0,0,-0.02542258894,0.9776619286,0,0
0,0,0.1735738607,1.989964496,2,0
0,0,0.3241000517,1.50526191,0,0
0,0,0.6220677692,2.979677175,2,0
0,0,0.9296138758,3.075461066,0,0
0,0,1.405031559,4.754176827,2,-1
1,1,2.006366841,6.01335282
0,0,0,0,0,0
0,0,0.07605844975,0.7605844975,2,0
0,0,0.09152312662,0.1546467687,1,0
0,0,0.1333631464,0.4184001977,2,0
0,0,0.118009685,-0.1535346141,2,0
0,0,0.02322684704,-0.9478283794,2,0
0,0,-0.1719930479,-1.95219895,0,0
0,0,-0.2943277604,-1.223347124,1,0
0,0,-0.4740750303,-1.797472699,2,0
0,0,-0.8161174014,-3.420423711,1,0
0,0,-1.256494083,-4.403766819,2,-1
1,1,-1.857004154,-6.005100705
0,0,0,0,0,0
0,0,0.0997187818,0.997187818,2,0
0,0,0.1443912124,0.446724306,0,0
0,0,0.291579242,1.471880296,0,0
0,0,0.5650017003,2.734224583,2,0
0,0,0.8452984963,2.80296796,2,0
0,0,1.182128769,3.368302722,2,-1
1,1,1.628540159,4.4641139
0,0,0,0,1,0
0,0,0.002124874844,0.02124874844,1,0
0,0,-0.009196226292,-0.1132110114,2,0
0,0,-0.1259707165,-1.167744902,1,0
0,0,-0.2617586523,-1.357879358,1,0
0,0,-0.4514188342,-1.896601819,2,0
0,0,-0.7956967026,-3.442778683,2,0
0,0,-1.291258316,-4.955616133,0,-1
1,1,-1.900750604,-6.094922884
0,0,0,0,1,0
0,0,0.01242895648,0.1242895648,0,0
0,0,0.1084807548,0.9605179833,2,0
0,0,0.1518861159,0.4340536109,1,0
0,0,0.225703531,0.7381741513,2,0
0,0,0.2434951616,0.1779163057,1,0
0,0,0.3194640765,0.7596891491,1,0
0,0,0.4591746447,1.397105682,0,0
0,0,0.7621039877,3.02929343,0,0
0,0,1.229468479,4.673644913,2,-1
1,1,1.799704208,5.702357291
0,0,0,0,0,0
0,0,0.1046090251,1.046090251,2,0
0,0,0.1254114232,0.2080239805,2,0
0,0,0.0751877756,-0.5022364756,0,0
0,0,0.1244145196,0.4922674403,2,0
0,0,0.1104244205,-0.1399009916,0,0
0,0,0.1951254583,0.8470103779,2,0
0,0,0.2434807409,0.483552826,1,0
0,0,0.3218923404,0.7841159958,2,0
0,0,0.3580842424,0.3619190195,1,0
0,0,0.4443112334,0.8622699103,1,0
0,0,0.5892129289,1.449016955,0,0
0,0,0.8880261842,2.988132553,0,0
0,0,1.353412105,4.653859207,2,-1
1,1,1.942577253,5.891651486
0,0,0,0,1,0
0,0,-0.006603894095,-0.06603894095,0,0
0,0,0.07867837004,0.8528226414,0,0
0,0,0.282702281,2.04023911,1,0
0,0,0.5186886933,2.359864122,1,0
0,0,0.8388273504,3.201386572,1,0
0,0,1.267969412,4.291420612,1,-1
1,1,1.832701542,5.647321308
0,0,0,0,0,0
0,0,0.105461543,1.05461543,2,0
0,0,0.1384132962,0.3295175323,0,0
0,0,0.2791842013,1.407709051,1,0
0,0,0.4511086686,1.719244673,2,0
0,0,0.6122867434,1.611780748,1,0
0,0,0.8639618081,2.516750647,1,0
0,0,1.231174173,3.67212365,2,-1
1,1,1.703474298,4.723001253
0,0,0,0,2,0
0,0,-0.08853898451,-0.8853898451,1,0
0,0,-0.1836317976,-0.9509281307,2,0
0,0,-0.3799439568,-1.963121592,1,0
0,0,-0.6293980866,-2.494541298,0,0
0,0,-0.897050251,-2.676521644,2,0
0,0,-1.33776473,-4.407144789,1,-1
1,1,-1.913732528,-5.759677982
0,0,0,0,2,0
0,0,-0.09049204047,-0.9049204047,1,0
0,0,-0.2064833197,-1.159912792,1,0
0,0,-0.3480610586,-1.415777389,1,0
0,0,-0.5358510395,-1.87789981,2,0
0,0,-0.8785987598,-3.427477203,1,0
0,0,-1.338369458,-4.597706983,2,-1
1,1,-1.950053996,-6.116845377
0,0,0,0,0,0
0,0,0.0725862294,0.725862294,0,0
0,0,0.2597699861,1.871837567,1,0
0,0,0.4788318896,2.190619036,0,0
0,0,0.8504199871,3.715880974,0,0
0,0,1.387586292,5.37166305,1,-1
1,1,2.062820229,6.752339369
0,0,0,0,1,0
0,0,-0.01671341446,-0.1671341446,1,0
0,0,-0.03645816602,-0.1974475157,0,0
0,0,0.02823335169,0.6469151771,0,0
0,0,0.1744549117,1.4622156,0,0
0,0,0.4436868581,2.692319464,1,0
0,0,0.7853125593,3.416257012,2,0
0,0,1.183952774,3.986402145,2,-1
1,1,1.683924282,4.99971508
0,0,0,0,2,0
0,0,-0.09109254911,-0.9109254911,0,0
0,0,-0.1216778741,-0.3058532499,1,0
0,0,-0.1636502394,-0.4197236531,0,0
0,0,-0.1556288292,0.08021410249,0,0
0,0,-0.07579855042,0.7983027874,2,0
0,0,-0.1138604596,-0.3806190918,2,0
0,0,-0.241864801,-1.280043414,0,0
0,0,-0.3092953656,-0.6743056455,2,0
0,0,-0.5059802075,-1.966848419,0,0
0,0,-0.7150826087,-2.091024012,1,0
0,0,-1.029119271,-3.140366624,2,0
0,0,-1.504947006,-4.758277351,2,-1
1,1,-2.129804154,-6.248571482
0,0,0,0,0,0
0,0,0.0880129209,0.880129209,0,0
0,0,0.2663177984,1.783048775,2,0
0,0,0.410064449,1.437466506,0,0
0,0,0.7030667081,2.930022591,0,0
0,0,1.162576047,4.595093388,2,-1
1,1,1.719891864,5.573158167
0,0,0,0,2,0
0,0,-0.08940738887,-0.8940738887,0,0
0,0,-0.1098435486,-0.2043615974,2,0
0,0,-0.2227038067,-1.128602581,2,0
0,0,-0.4707453234,-2.480415167,0,0
0,0,-0.7291361382,-2.583908148,2,0
0,0,-1.152521768,-4.233856295,2,-1
1,1,-1.738141855,-5.856200875
0,0,0,0,2,0
0,0,-0.1053125406,-1.053125406,0,0
0,0,-0.1235279455,-0.1821540495,2,0
0,0,-0.2503451105,-1.26817165,1,0
0,0,-0.4080480837,-1.577029732,1,0
0,0,-0.6322456237,-2.2419754,1,0
0,0,-0.9495821202,-3.173364966,1,0
0,0,-1.376429839,-4.268477188,2,-1
1,1,-1.958923543,-5.824937035
0,0,0,0,1,0
0,0,0.01479985179,0.1479985179,2,0
0,0,-0.05166293865,-0.6646279045,0,0
0,0,-0.04634384222,0.05319096437,1,0
0,0,-0.03321697946,0.1312686276,1,0
0,0,-0.01308560055,0.2013137891,0,0
0,0,0.08006908305,0.9315468359,1,0
0,0,0.2044078893,1.243388062,0,0
0,0,0.4647165651,2.603086758,2,0
0,0,0.7244335231,2.597169581,2,0
0,0,1.035175504,3.107419808,1,0
0,0,1.472199446,4.370239425,2,-1
1,1,2.044101373,5.719019271
0,0,0,0,2,0
0,0,-0.09534153966,-0.9534153966,0,0
0,0,-0.1181006423,-0.2275910269,1,0
0,0,-0.1503723271,-0.3227168477,1,0
0,0,-0.1997427919,-0.4937046478,1,0
0,0,-0.2843430312,-0.8460023932,2,0
0,0,-0.5147913085,-2.304482773,2,0
0,0,-0.8991221498,-3.843308413,0,0
0,0,-1.339599098,-4.40476948,1,-1
1,1,-1.92114237,-5.815432723
0,0,0,0,0,0
0,0,0.08115783194,0.8115783194,1,0
0,0,0.1781863747,0.9702854277,0,0
0,0,0.3954745118,2.172881371,1,0
0,0,0.6814371872,2.859626754,2,0
0,0,1.010236798,3.28799611,0,0
0,0,1.511190993,5.009541943,2,-1
1,1,2.151804676,6.40613683
0,0,0,0,0,0
0,0,0.08043213691,0.8043213691,0,0
0,0,0.2750737057,1.946415688,1,0
0,0,0.5124251139,2.373514082,0,0
0,0,0.8961901559,3.83765042,0,0
0,0,1.435068509,5.388783527,0,-1
1,1,2.125529666,6.904611578
0,0,0,0,0,0
0,0,0.0902478915,0.902478915,0,0
0,0,0.2985705175,2.08322626,2,0
0,0,0.4654431308,1.668726133,0,0
0,0,0.7732687679,3.078256371,0,0
0,0,1.240940816,4.676720476,2,-1
1,1,1.813873312,5.729324961
0,0,0,0,1,0
0,0,0.0127550602,0.127550602,2,0
0,0,-0.04822211981,-0.6097718001,2,0
0,0,-0.2183520649,-1.701299451,1,0
0,0,-0.4328328339,-2.144807689,1,0
0,0,-0.7116365737,-2.788037398,1,0
0,0,-1.083629186,-3.719926126,1,-1
1,1,-1.581072828,-4.974436416
0,0,0,0,0,0
0,0,0.0884880037,0.884880037,0,0
0,0,0.266170062,1.776820583,2,0
0,0,0.405178916,1.39008854,2,0
0,0,0.5426793469,1.375004308,2,0
0,0,0.6892852421,1.466058952,0,0
0,0,1.011321636,3.220363943,0,0
0,0,1.501401149,4.900795124,0,-1
1,1,2.140241934,6.388407854
0,0,0,0,2,0
0,0,-0.09522134246,-0.9522134246,2,0
0,0,-0.2775905184,-1.823691759,0,0
0,0,-0.4200748327,-1.424843144,1,0
0,0,-0.6356292892,-2.155544565,0,0
0,0,-0.8853598207,-2.497305315,0,0
0,0,-1.197151956,-3.11792135,0,-1
1,1,-1.617616533,-4.204645777
0,0,0,0,2,0
0,0,-0.09266595503,-0.9266595503,0,0
0,0,-0.09655277929,-0.03886824262,1,0
0,0,-0.1051050884,-0.08552309106,1,0
0,0,-0.1301946714,-0.2508958299,0,0
0,0,-0.1001846063,0.3001006512,1,0
0,0,-0.0960386384,0.04145967869,1,0
0,0,-0.1041861219,-0.08147483489,2,0
0,0,-0.2041220133,-0.9993589137,0,0
0,0,-0.2423051014,-0.381830881,2,0
0,0,-0.3907092099,-1.484041085,0,0
0,0,-0.5224637684,-1.317545586,1,0
0,0,-0.7341573526,-2.116935841,0,0
0,0,-0.9958937045,-2.617363519,1,0
0,0,-1.379868953,-3.839752486,2,-1
1,1,-1.920140898,-5.40271945
0,0,0,0,0,0
0,0,0.08461474576,0.8461474576,1,0
0,0,0.1823526736,0.9773792786,0,0
0,0,0.3820933154,1.997406417,2,0
0,0,0.5526291295,1.705358141,0,0
0,0,0.8778969804,3.252678509,1,0
0,0,1.322533248,4.446362677,2,-1
1,1,1.883877519,5.613442707
0,0,0,0,2,0
0,0,-0.09371309514,-0.9371309514,2,0
0,0,-0.2990531918,-2.053400966,2,0
0,0,-0.6416607454,-3.426075536,2,0
0,0,-1.144715594,-5.030548488,1,-1
1,1,-1.767034696,-6.22319102
0,0,0,0,0,0
0,0,0.08722742329,0.8722742329,2,0
0,0,0.1122740253,0.2504660202,1,0
0,0,0.1412719649,0.2899793955,0,0
0,0,0.2703452786,1.290733137,0,0
0,0,0.5235126253,2.531673467,0,0
0,0,0.9257836795,4.022710543,0,0
0,0,1.488545026,5.62761347,0,-1
1,1,2.199887885,7.113428589
0,0,0,0,2,0
0,0,-0.0921668046,-0.921668046,1,0
0,0,-0.1966884544,-1.045216498,1,0
0,0,-0.3418984147,-1.452099603,2,0
0,0,-0.6357818202,-2.938834055,0,0
0,0,-0.9447645453,-3.089827251,0,0
0,0,-1.32444098,-3.796764351,1,-1
1,1,-1.843142503,-5.187015229
0,0,0,0,0,0
0,0,0.08315551456,0.8315551456,2,0
0,0,0.0924844938,0.09328979232,2,0
0,0,0.0454463356,-0.470381582,2,0
0,0,-0.09819767712,-1.436440127,2,0
0,0,-0.333182806,-2.349851289,2,0
0,0,-0.7001181462,-3.669353401,1,0
0,0,-1.149719909,-4.49601763,0,-1
1,1,-1.688417506,-5.386975967
0,0,0,0,2,0
0,0,-0.0878453569,-0.878453569,0,0
0,0,-0.1078606344,-0.200152775,0,0
0,0,-0.0717786014,0.36082033,2,0
0,0,-0.151480385,-0.7970178365,1,0
0,0,-0.2654927486,-1.140123636,1,0
0,0,-0.4309736969,-1.654809483,0,0
0,0,-0.5821092075,-1.511355106,1,0
0,0,-0.8262632007,-2.441539932,2,0
0,0,-1.226704175,-4.00440974,0,-1
1,1,-1.738200703,-5.114965281
0,0,0,0,0,0
0,0,0.08496921813,0.8496921813,1,0
0,0,0.1988362181,1.138669999,1,0
0,0,0.3525344386,1.536982205,0,0
0,0,0.6404653361,2.879308976,2,0
0,0,0.9609442593,3.204789231,0,0
0,0,1.440724794,4.797805346,2,-1
1,1,2.05095181,6.102270157
0,0,0,0,1,0
0,0,-0.01056208921,-0.1056208921,2,0
0,0,-0.0970177244,-0.8645563519,1,0
0,0,-0.2020442738,-1.050265494,0,0
0,0,-0.2664436121,-0.6439933825,0,0
0,0,-0.2816865044,-0.1524289231,1,0
0,0,-0.3558446382,-0.7415813386,0,0
0,0,-0.3949494878,-0.3910484954,1,0
0,0,-0.5069899493,-1.120404615,2,0
0,0,-0.7644747746,-2.574848253,1,0
0,0,-1.121366084,-3.56891309,1,-1
1,1,-1.608587066,-4.872209823
0,0,0,0,1,0
0,0,-0.01129359827,-0.1129359827,0,0
0,0,0.05767638533,0.6896998359,2,0
0,0,0.06079892687,0.03122541547,1,0
0,0,0.08791306081,0.2711413394,2,0
0,0,0.04629990659,-0.4161315422,1,0
0,0,-0.0001020386136,-0.464019452,0,0
0,0,0.0517065202,0.5180855881,2,0
0,0,0.02013230903,-0.3157421117,0,0
0,0,0.08650729629,0.6637498726,1,0
0,0,0.1849528805,0.9844558421,1,0
0,0,0.3213850061,1.364321256,0,0
0,0,0.591384151,2.699991449,0,0
0,0,1.012824337,4.214401855,1,0
0,0,1.548431191,5.356068547,0,-1
1,1,2.232010476,6.835792851
0,0,0,0,1,0
0,0,-0.001208143779,-0.01208143779,1,0
0,0,-0.01790984353,-0.1670169975,0,0
0,0,0.0452959664,0.6320580993,0,0
0,0,0.1913042828,1.460083164,1,0
0,0,0.366960846,1.756565632,2,0
0,0,0.5124898257,1.455289796,2,0
0,0,0.6592781546,1.46788329,0,0
0,0,0.9715883685,3.123102138,1,0
0,0,1.400894557,4.293061886,2,-1
1,1,1.957918449,5.570238916
0,0,0,0,1,0
0,0,0.00176708205,0.0176708205,0,0
0,0,0.08168325451,0.7991617246,2,0
0,0,0.08720850918,0.05525254675,2,0
0,0,0.02458403192,-0.6262447727,2,0
0,0,-0.1133951342,-1.379791661,2,0
0,0,-0.3440794543,-2.306843201,0,0
0,0,-0.540915411,-1.968359568,1,0
0,0,-0.8095494378,-2.686340268,1,0
0,0,-1.186235581,-3.766861428,0,-1
1,1,-1.669759915,-4.83524334
0,0,0,0,2,0
0,0,-0.09493721109,-0.9493721109,2,0
0,0,-0.3013037396,-2.063665285,0,0
0,0,-0.4757261766,-1.74422437,0,0
0,0,-0.6516772103,-1.759510337,1,0
0,0,-0.92484374,-2.731665297,0,0
0,0,-1.266296243,-3.414525028,1,-1
1,1,-1.748942014,-4.826457716
0,0,0,0,1,0
0,0,-0.006690005521,-0.06690005521,1,0
0,0,-0.03179506091,-0.2510505539,1,0
0,0,-0.05963288827,-0.2783782736,1,0
0,0,-0.1096201481,-0.4998725987,2,0
0,0,-0.2671147683,-1.574946201,0,0
0,0,-0.3710656031,-1.039508348,1,0
0,0,-0.5476384195,-1.765728164,0,0
0,0,-0.7262162069,-1.785777873,0,0
0,0,-0.9519132112,-2.256970044,0,0
0,0,-1.257742685,-3.058294734,2,-1
1,1,-1.72454184,-4.667991552
0,0,0,0,1,0
0,0,-0.003061846455,-0.03061846455,0,0
0,0,0.09868556123,1.017474077,0,0
0,0,0.2917541134,1.930685522,0,0
0,0,0.5989932655,3.072391521,1,0
0,0,1.000592357,4.01599092,0,0
0,0,1.558836919,5.582445613,0,-1
1,1,2.264290445,7.054535267
0,0,0,0,0,0
0,0,0.08977074905,0.8977074905,1,0
0,0,0.2023519425,1.125811934,0,0
0,0,0.4434324758,2.410805333,2,0
0,0,0.6757614936,2.323290178,1,0
0,0,0.9954027159,3.196412223,0,0
0,0,1.485155299,4.897525829,2,-1
1,1,2.113106229,6.279509298
0,0,0,0,2,0
0,0,-0.09470365874,-0.9470365874,1,0
0,0,-0.2191917086,-1.244880499,0,0
0,0,-0.3023623836,-0.8317067498,2,0
0,0,-0.5225759737,-2.202135901,0,0
0,0,-0.7394139178,-2.168379442,2,0
0,0,-1.129427673,-3.900137553,1,-1
1,1,-1.649509711,-5.200820378
0,0,0,0,0,0
0,0,0.08861159113,0.8861159113,1,0
0,0,0.1823867449,0.937751538,1,0
0,0,0.3128312031,1.304444582,2,0
0,0,0.4196230655,1.067918624,1,0
0,0,0.5859512634,1.663281979,0,0
0,0,0.9194424697,3.334912064,0,0
0,0,1.425383019,5.05940549,1,-1
1,1,2.073887262,6.485042429
0,0,0,0,0,0
0,0,0.1021684877,1.021684877,0,0
0,0,0.3220287836,2.198602958,2,0
0,0,0.5199225621,1.978937786,1,0
0,0,0.7923424473,2.724198851,0,0
0,0,1.232492525,4.401500779,1,-1
1,1,1.806492885,5.740003603
0,0,0,0,2,0
0,0,-0.09553796782,-0.9553796782,1,0
0,0,-0.1918499608,-0.9631199296,1,0
0,0,-0.335877663,-1.440277022,0,0
0,0,-0.4479819383,-1.121042753,2,0
0,0,-0.7124509419,-2.644690036,1,0
0,0,-1.081824611,-3.693736687,2,-1
1,1,-1.613969605,-5.321449947
0,0,0,0,0,0
0,0,0.09943477085,0.9943477085,1,0
0,0,0.2187776541,1.193428832,1,0
0,0,0.3689081894,1.501305353,1,0
0,0,0.5652214783,1.963132889,1,0
0,0,0.8401985529,2.749770746,1,0
0,0,1.224450739,3.842521863,2,-1
1,1,1.714728967,4.902782274
0,0,0,0,1,0
0,0,-0.005969857854,-0.05969857854,1,0
0,0,-0.002149809731,0.03820048123,0,0
0,0,0.1038647806,1.060145903,2,0
0,0,0.12281316,0.1894837943,2,0
0,0,0.08548993508,-0.3732322495,1,0
0,0,0.0753732949,-0.1011664018,0,0
0,0,0.1601104809,0.8473718597,1,0
0,0,0.2811925801,1.210820992,0,0
0,0,0.5224781521,2.41285572,1,0
0,0,0.8466914891,3.24213337,1,0
0,0,1.2887332,4.420417114,0,-1
1,1,1.88980761,6.0107441
0,0,0,0,1,0
0,0,0.002254314534,0.02254314534,0,0
0,0,0.1031060954,1.008517808,0,0
0,0,0.3025396888,1.994335934,1,0
0,0,0.5387019172,2.361622284,0,0
0,0,0.9217721732,3.830702561,0,0
0,0,1.467565249,5.457930753,0,-1
1,1,2.163639793,6.960745446
0,0,0,0,0,0
0,0,0.1020771628,1.020771628,1,0
0,0,0.2173598151,1.152826524,1,0
0,0,0.3668600166,1.495002015,0,0
0,0,0.6578001843,2.909401677,1,0
0,0,1.044907707,3.871075227,1,0
0,0,1.547497833,5.025901256,0,-1
1,1,2.197979161,6.504813282
0,0,0,0,0,0
0,0,0.08192936932,0.8192936932,2,0
0,0,0.1063051775,0.2437580817,0,0
0,0,0.2284154253,1.221102478,2,0
0,0,0.3206060923,0.92190667,0,0
0,0,0.5409891147,2.203830225,1,0
0,0,0.842952068,3.019629533,2,0
0,0,1.197127788,3.541757204,0,-1
1,1,1.717761107,5.206333189
0,0,0,0,0,0
0,0,0.09472066567,0.9472066567,1,0
0,0,0.2072784015,1.125577358,0,0
0,0,0.4376814968,2.304030953,0,0
0,0,0.8105183886,3.728368918,1,0
0,0,1.29419897,4.836805811,2,-1
1,1,1.891435192,5.97236222
0,0,0,0,0,0
0,0,0.07910586899,0.7910586899,0,0
0,0,0.2727002015,1.935943325,2,0
0,0,0.4252979485,1.525977469,1,0
0,0,0.6539495074,2.286515589,1,0
0,0,0.9710282073,3.170786999,0,0
0,0,1.453062314,4.820341069,1,-1
1,1,2.076972991,6.239106767
0,0,0,0,0,0
0,0,0.0838348092,0.838348092,1,0
0,0,0.1778928581,0.9405804886,1,0
0,0,0.308445042,1.30552184,0,0
0,0,0.5778095467,2.693645047,2,0
0,0,0.8484110364,2.706014896,1,0
0,0,1.23401727,3.85606234,2,-1
1,1,1.727440137,4.934228665
0,0,0,0,2,0
0,0,-0.0799280257,-0.799280257,0,0
0,0,-0.07044541768,0.09482608028,0,0
0,0,0.01052692385,0.8097234152,2,0
0,0,-0.01118370316,-0.2171062701,0,0
0,0,0.05250264212,0.6368634529,0,0
0,0,0.2275287085,1.750260663,1,0
0,0,0.4395944836,2.120657751,1,0
0,0,0.7115048403,2.719103568,0,0
0,0,1.156394482,4.448896421,0,-1
1,1,1.763756495,6.07362013
0,0,0,0,1,0
0,0,0.005100064212,0.05100064212,0,0
0,0,0.08366520758,0.7856514337,2,0
0,0,0.07484105829,-0.08824149286,1,0
0,0,0.0866080226,0.1176696431,0,0
0,0,0.1848298768,0.9822185418,2,0
0,0,0.2315238085,0.4669393173,0,0
0,0,0.4099499047,1.784260962,1,0
0,0,0.6656075215,2.556576168,0,0
0,0,1.086357866,4.207503448,2,-1
1,1,1.597258005,5.109001388
0,0,0,0,1,0
0,0,0.01677053521,0.1677053521,1,0
0,0,0.02474163409,0.07971098882,0,0
0,0,0.1388194555,1.140778214,2,0
0,0,0.1905925931,0.517731376,1,0
0,0,0.2867735058,0.9618091269,2,0
0,0,0.3401619429,0.5338843709,2,0
0,0,0.3785195244,0.383575815,1,0
0,0,0.4701858961,0.9166637171,1,0
0,0,0.6363260058,1.661401098,1,0
0,0,0.8984033189,2.62077313,1,0
0,0,1.282910389,3.845070701,2,-1
1,1,1.78150712,4.985967315
0,0,0,0,1,0
0,0,0.005209126719,0.05209126719,1,0
0,0,-0.002481603028,-0.07690729747,1,0
0,0,-0.01336020837,-0.1087860535,0,0
0,0,0.07565346698,0.8901367536,1,0
0,0,0.1632760971,0.8762263013,0,0
0,0,0.3568043751,1.93528278,1,0
0,0,0.6007119675,2.439075924,2,0
0,0,0.8518864863,2.511745189,0,0
0,0,1.276630277,4.247437904,2,-1
1,1,1.816040524,5.394102474
0,0,0,0,2,0
0,0,-0.07561197542,-0.7561197542,2,0
0,0,-0.2385750911,-1.629631157,1,0
0,0,-0.4340263727,-1.954512816,2,0
0,0,-0.7872746495,-3.532482767,0,0
0,0,-1.177319403,-3.900447531,0,-1
1,1,-1.671334902,-4.94015499
0,0,0,0,0,0
0,0,0.08921988309,0.8921988309,1,0
0,0,0.2085939978,1.193741147,2,0
0,0,0.2787660787,0.7017208085,2,0
0,0,0.3155630733,0.3679699467,2,0
0,0,0.3249123962,0.09349322886,2,0
0,0,0.3023443106,-0.2256808561,0,0
0,0,0.408846176,1.065018654,1,0
0,0,0.574196194,1.65350018,1,0
0,0,0.8163386397,2.421424457,0,0
0,0,1.213296447,3.969578072,0,-1
1,1,1.773240087,5.599436402
0,0,0,0,2,0
0,0,-0.09977089893,-0.9977089893,1,0
0,0,-0.2006925986,-1.009216996,2,0
0,0,-0.4316958775,-2.310032789,0,0
0,0,-0.6618106645,-2.30114787,2,0
0,0,-1.046050109,-3.84239444,0,0
0,0,-1.507775644,-4.617255353,0,-1
1,1,-2.108852017,-6.010763727
0,0,0,0,0,0
0,0,0.0824403536,0.824403536,2,0
0,0,0.08494596383,0.02505610231,2,0
0,0,0.005513600025,-0.794323638,1,0
0,0,-0.08451720322,-0.9003080325,0,0
0,0,-0.09526470681,-0.1074750359,2,0
0,0,-0.2211091938,-1.25844487,0,0
0,0,-0.2871197478,-0.6601055398,2,0
0,0,-0.4713488048,-1.842290571,2,0
0,0,-0.7977944888,-3.26445684,0,0
0,0,-1.181978772,-3.841842829,2,-1
1,1,-1.724281566,-5.423027939
0,0,0,0,2,0
0,0,-0.07721815846,-0.7721815846,1,0
0,0,-0.1531248904,-0.7590673198,2,0
0,0,-0.3340581621,-1.809332716,2,0
0,0,-0.639111986,-3.050538239,0,0
0,0,-0.9569786199,-3.178666339,1,0
0,0,-1.399130965,-4.421523453,0,-1
1,1,-1.967430915,-5.682999501
0,0,0,0,2,0
0,0,-0.07964692458,-0.7964692458,2,0
0,0,-0.2527442286,-1.73097304,2,0
0,0,-0.5400997959,-2.873555673,1,0
0,0,-0.9126179071,-3.725181112,2,0
0,0,-1.453581296,-5.409633887,2,-1
1,1,-2.144250095,-6.906687992
0,0,0,0,2,0
0,0,-0.1033954981,-1.033954981,0,0
0,0,-0.1344767085,-0.3108121042,1,0
0,0,-0.1989681379,-0.6449142944,0,0
0,0,-0.2047042243,-0.05736086393,1,0
0,0,-0.244781043,-0.4007681871,1,0
0,0,-0.3129223594,-0.6814131634,2,0
0,0,-0.5240154517,-2.110930923,1,0
0,0,-0.8112778501,-2.872623984,0,0
0,0,-1.149038406,-3.377605557,0,-1
1,1,-1.591243701,-4.422052954
0,0,0,0,2,0
0,0,-0.07429109581,-0.7429109581,2,0
0,0,-0.2463677989,-1.72076703,0,0
0,0,-0.3692402379,-1.228724391,0,0
0,0,-0.4624958281,-0.9325559015,2,0
0,0,-0.7119030763,-2.494072483,0,0
0,0,-1.005324928,-2.934218514,1,0
0,0,-1.426597941,-4.212730135,1,-1
1,1,-1.990325527,-5.637275862
0,0,0,0,0,0
0,0,0.09906593998,0.9906593998,0,0
0,0,0.3059642077,2.068982677,0,0
0,0,0.6476690436,3.41704836,2,0
0,0,1.014693783,3.670247392,1,0
0,0,1.506447975,4.917541917,2,-1
1,1,2.136974827,6.305268526
0,0,0,0,2,0
0,0,-0.1056531449,-1.056531449,0,0
0,0,-0.1524989101,-0.4684576515,0,0
0,0,-0.1545751488,-0.02076238697,0,0
0,0,-0.08452173999,0.7005340877,0,0
0,0,0.0452760563,1.297977963,1,0
0,0,0.1758787334,1.306026771,0,0
0,0,0.4210343416,2.451556082,0,0
0,0,0.8175866398,3.965522982,0,0
0,0,1.36098682,5.434001803,2,-1
1,1,2.024532376,6.635455555
0,0,0,0,1,0
0,0,0.01356095888,0.1356095888,2,0
0,0,-0.04375612829,-0.5731708717,0,0
0,0,-0.03595946286,0.07796665428,2,0
0,0,-0.1390672012,-1.031077383,2,0
0,0,-0.3408908058,-2.018236046,2,0
0,0,-0.6882822272,-3.473914214,1,0
0,0,-1.12249744,-4.342152125,0,-1
1,1,-1.654775498,-5.322780583
0,0,0,0,2,0
0,0,-0.08833692613,-0.8833692613,0,0
0,0,-0.1151511959,-0.268142698,2,0
0,0,-0.2611448211,-1.459936251,1,0
0,0,-0.4543951879,-1.932503669,1,0
0,0,-0.7045815757,-2.501863878,0,0
0,0,-0.9988439387,-2.94262363,2,0
0,0,-1.452837025,-4.539930866,0,-1
1,1,-2.03918618,-5.863491544
0,0,0,0,2,0
0,0,-0.07548396858,-0.7548396858,1,0
0,0,-0.1519231901,-0.7643922155,1,0
0,0,-0.2462211489,-0.9429795881,2,0
0,0,-0.4587544769,-2.12533328,0,0
0,0,-0.6584213951,-1.996669183,0,0
0,0,-0.8820978169,-2.236764217,0,0
0,0,-1.179793619,-2.976958022,0,-1
1,1,-1.577447548,-3.976539286
0,0,0,0,1,0
0,0,-0.01544341526,-0.1544341526,2,0
0,0,-0.1324088533,-1.169654381,2,0
0,0,-0.3560802497,-2.236713964,1,0
0,0,-0.6276832855,-2.716030358,2,0
0,0,-1.06336962,-4.356863346,1,-1
1,1,-1.62571136,-5.623417403
0,0,0,0,2,0
0,0,-0.09866171721,-0.9866171721,2,0
0,0,-0.2933299366,-1.946682193,0,0
0,0,-0.4428114335,-1.494814969,2,0
0,0,-0.7296443248,-2.868328913,0,0
0,0,-1.060212424,-3.305680991,2,0
0,0,-1.557994352,-4.977819279,1,-1
1,1,-2.202275722,-6.4428137
0,0,0,0,0,0
0,0,0.1048120284,1.048120284,2,0
0,0,0.1462360041,0.4142397566,2,0
0,0,0.127494615,-0.1874138908,1,0
0,0,0.1176930203,-0.09801594737,2,0
0,0,0.05492010628,-0.6277291401,1,0
0,0,-0.004158282058,-0.5907838834,1,0
0,0,-0.0471757393,-0.4301745724,0,0
0,0,-0.01293465275,0.3424108655,2,0
0,0,-0.07216765949,-0.5923300674,0,0
0,0,-0.04160329285,0.3056436664,0,0
0,0,0.0819572042,1.23560497,1,0
0,0,0.2130743244,1.311171202,2,0
0,0,0.2889167024,0.7584237799,2,0
0,0,0.3401099589,0.5119325642,0,0
0,0,0.5226095925,1.824996336,0,0
0,0,0.8684438688,3.458342763,1,0
0,0,1.330895351,4.62451482,0,-1
1,1,1.946812288,6.159169375
0,0,0,0,1,0
0,0,-0.007467933428,-0.07467933428,0,0
0,0,0.0849246554,0.9239258883,1,0
0,0,0.2023336575,1.174090021,2,0
0,0,0.2805381032,0.7820444562,1,0
0,0,0.4218994679,1.413613648,0,0
0,0,0.7059512564,2.840517884,2,0
0,0,1.02751478,3.215635232,1,0
0,0,1.479759533,4.522447533,0,-1
1,1,2.082820473,6.030609403
0,0,0,0,2,0
0,0,-0.09049968863,-0.9049968863,0,0
0,0,-0.1022271414,-0.1172745275,1,0
0,0,-0.1262387172,-0.2401157579,2,0
0,0,-0.2752148146,-1.489760975,2,0
0,0,-0.5645529477,-2.893381331,2,0
0,0,-0.9949983552,-4.304454076,0,0
0,0,-1.505293594,-5.102952388,1,-1
1,1,-2.159934161,-6.546405671
0,0,0,0,1,0
0,0,-0.005170600778,-0.05170600778,1,0
0,0,-0.02536917465,-0.2019857387,0,0
0,0,0.04574237848,0.7111155313,2,0
0,0,0.05054070702,0.04798328537,0,0
0,0,0.1567469089,1.062062019,0,0
0,0,0.3906761194,2.339292105,2,0
0,0,0.6020379333,2.113618139,1,0
0,0,0.8925656139,2.905276806,1,0
0,0,1.304790774,4.1222516,0,-1
1,1,1.877252315,5.724615413
0,0,0,0,0,0
0,0,0.08521511172,0.8521511172,0,0
0,0,0.2590539179,1.738388062,2,0
0,0,0.3861185356,1.270646178,2,0
0,0,0.4933761243,1.072575887,1,0
0,0,0.6759269869,1.825508626,2,0
0,0,0.889791473,2.138644861,1,0
0,0,1.221055677,3.312642038,2,-1
1,1,1.660889086,4.39833409
0,0,0,0,2,0
0,0,-0.08352337908,-0.8352337908,1,0
0,0,-0.1642115789,-0.8068819981,2,0
0,0,-0.3611111087,-1.968995298,2,0
0,0,-0.6870777643,-3.259666556,1,0
0,0,-1.102818857,-4.157410929,0,-1
1,1,-1.612799032,-5.099801749
0,0,0,0,2,0
0,0,-0.08506591886,-0.8506591886,2,0
0,0,-0.2603680505,-1.753021316,1,0
0,0,-0.4764496462,-2.160815957,0,0
0,0,-0.6888337547,-2.123841085,0,0
0,0,-0.9261361078,-2.373023531,2,0
0,0,-1.338910515,-4.127744071,0,-1
1,1,-1.873820397,-5.349098819
0,0,0,0,1,0
0,0,-0.01336720661,-0.1336720661,0,0
0,0,0.06655658462,0.7992379124,1,0
0,0,0.1464254825,0.7986889792,2,0
0,0,0.1784985654,0.3207308283,1,0
0,0,0.2578580501,0.7935948469,1,0
0,0,0.3853127486,1.274546986,2,0
0,0,0.505764433,1.204516844,0,0
0,0,0.7664577727,2.606933397,0,0
0,0,1.189191112,4.227333398,0,-1
1,1,1.77526492,5.860738073
0,0,0,0,1,0
0,0,0.00148396943,0.0148396943,2,0
0,0,-0.0825661227,-0.8405009213,2,0
0,0,-0.2577336646,-1.751675419,1,0
0,0,-0.4848215834,-2.270879187,2,0
0,0,-0.850725804,-3.659042207,1,0
0,0,-1.331496343,-4.807705385,1,-1
1,1,-1.946345271,-6.148489287
0,0,0,0,0,0
0,0,0.07132454109,0.7132454109,1,0
0,0,0.1535292966,0.8220475549,0,0
0,0,0.3533503936,1.99821097,1,0
0,0,0.6196551828,2.663047892,2,0
0,0,0.8966565113,2.770013284,2,0
0,0,1.239164905,3.425083934,0,-1
1,1,1.742117818,5.029529133
0,0,0,0,2,0
0,0,-0.07728433738,-0.7728433738,1,0
0,0,-0.1749099036,-0.9762556619,0,0
0,0,-0.2119441269,-0.3703422329,0,0
0,0,-0.2134191766,-0.01475049706,0,0
0,0,-0.1801746181,0.332445585,0,0
0,0,-0.09783557947,0.8233903858,0,0
0,0,0.06263376786,1.604693473,2,0
0,0,0.1327999225,0.7016615464,0,0
0,0,0.3083685695,1.75568647,2,0
0,0,0.4627223616,1.543537921,0,0
0,0,0.7569764543,2.942540927,0,0
0,0,1.211298508,4.54322054,2,-1
1,1,1.767428108,5.561296
0,0,0,0,2,0
0,0,-0.09206273151,-0.9206273151,1,0
0,0,-0.2005336973,-1.084709658,0,0
0,0,-0.2709106592,-0.7037696189,2,0
0,0,-0.4644209284,-1.935102692,0,0
0,0,-0.6654018517,-2.009809233,2,0
0,0,-1.035934193,-3.705323412,1,0
0,0,-1.52534778,-4.894135874,1,-1
1,1,-2.159444017,-6.340962363
0,0,0,0,2,0
0,0,-0.08200322175,-0.8200322175,1,0
0,0,-0.1913036867,-1.09300465,0,0
0,0,-0.2449403152,-0.5363662851,1,0
0,0,-0.3418126723,-0.9687235708,2,0
0,0,-0.5669109941,-2.250983218,0,0
0,0,-0.8020964142,-2.351854201,0,0
0,0,-1.090899405,-2.888029911,0,0
0,0,-1.470488021,-3.795886155,1,-1
1,1,-1.995507473,-5.250194521
0,0,0,0,0,0
0,0,0.09742017699,0.9742017699,1,0
0,0,0.2089218149,1.115016379,1,0
0,0,0.3522674389,1.43345624,0,0
0,0,0.6310494905,2.787820516,0,0
0,0,1.067367338,4.363178474,2,-1
1,1,1.58659318,5.192258423
0,0,0,0,1,0
0,0,0.00799466556,0.0799466556,0,0
0,0,0.1033718087,0.9537714318,2,0
0,0,0.1306237522,0.2725194343,2,0
0,0,0.09165641138,-0.3896734079,1,0
0,0,0.05202163332,-0.3963477805,1,0
0,0,0.02311449987,-0.2890713345,1,0
0,0,0.01467640475,-0.08438095126,0,0
0,0,0.0828902861,0.6821388135,1,0
0,0,0.1812887009,0.9839841484,2,0
0,0,0.2236803871,0.4239168611,2,0
0,0,0.2144184885,-0.09261898549,2,0
0,0,0.1578094562,-0.5660903234,1,0
0,0,0.138492745,-0.1931671121,1,0
0,0,0.1432002319,0.04707486932,1,0
0,0,0.1866498342,0.4344960228,1,0
0,0,0.252468885,0.6581905085,2,0
0,0,0.2637966333,0.1132774832,2,0
0,0,0.2332979666,-0.3049866674,0,0
0,0,0.3211011796,0.8780321302,0,0
0,0,0.549593394,2.284922143,1,0
0,0,0.8739680407,3.243746468,0,0
0,0,1.359257673,4.85289632,0,-1
1,1,2.000607071,6.413493985
0,0,0,0,1,0
0,0,0.005220991069,0.05220991069,2,0
0,0,-0.06521325279,-0.7043424386,2,0
0,0,-0.2506039676,-1.853907148,1,0
0,0,-0.4725741168,-2.219701492,1,0
0,0,-0.7571750295,-2.846009128,2,0
0,0,-1.207375323,-4.502002939,0,-1
1,1,-1.763100828,-5.557255045
0,0,0,0,1,0
0,0,-0.0170887505,-0.170887505,1,0
0,0,-0.02785798381,-0.1076923332,2,0
0,0,-0.1269578787,-0.9909989493,0,0
0,0,-0.1669331788,-0.3997530002,1,0
0,0,-0.2508025556,-0.8386937685,1,0
0,0,-0.3671812354,-1.163786797,0,0
0,0,-0.4726967132,-1.055154778,1,0
0,0,-0.6512250631,-1.7852835,1,0
0,0,-0.9254377376,-2.742126745,2,0
0,0,-1.365662164,-4.402244265,2,-1
1,1,-1.958103314,-5.9244115
0,0,0,0,2,0
0,0,-0.07326777149,-0.7326777149,2,0
0,0,-0.2304640106,-1.571962391,0,0
0,0,-0.3371756404,-1.067116298,2,0
0,0,-0.5674221558,-2.302465154,1,0
0,0,-0.8882139891,-3.207918333,1,0
0,0,-1.312824417,-4.246104274,1,-1
1,1,-1.87593545,-5.631110334
0,0,0,0,1,0
0,0,0.003366732387,0.03366732387,2,0
0,0,-0.07200189777,-0.7536863016,1,0
0,0,-0.1698631237,-0.9786122588,0,0
0,0,-0.2238875375,-0.5402441381,1,0
0,0,-0.3186153343,-0.9472779688,2,0
0,0,-0.5385499107,-2.199345763,2,0
0,0,-0.9234638982,-3.849139875,0,0
0,0,-1.380883197,-4.574192986,2,-1
1,1,-1.994545896,-6.136626997
0,0,0,0,0,0
0,0,0.08449475059,0.8449475059,2,0
0,0,0.08558136298,0.01086612391,2,0
0,0,-0.0001024127374,-0.8568377572,2,0
0,0,-0.1870957433,-1.869933306,1,0
0,0,-0.4073743824,-2.202786391,0,0
0,0,-0.6158054339,-2.084310514,1,0
0,0,-0.9252747354,-3.094693015,2,0
0,0,-1.40268825,-4.774135147,2,-1
1,1,-2.032712403,-6.300241532
0,0,0,0,1,0
0,0,-0.01435467424,-0.1435467424,2,0
0,0,-0.1330818648,-1.187271905,0,0
0,0,-0.1809928288,-0.4791096403,0,0
0,0,-0.1727607382,0.08232090563,1,0
0,0,-0.1834662051,-0.1070546683,1,0
0,0,-0.2218698344,-0.3840362936,1,0
0,0,-0.2862447282,-0.6437489375,0,0
0,0,-0.3225316833,-0.362869551,2,0
0,0,-0.4897092274,-1.671775441,0,0
0,0,-0.6589418503,-1.692326229,0,0
0,0,-0.8472566671,-1.883148169,2,0
0,0,-1.20947065,-3.622139825,2,-1
1,1,-1.728471616,-5.190009666
0,0,0,0,1,0
0,0,0.003041832169,0.03041832169,1,0
0,0,0.002494904683,-0.005469274852,2,0
0,0,-0.08301371704,-0.8550862172,1,0
0,0,-0.1713163104,-0.8830259338,2,0
0,0,-0.3712474507,-1.999311403,2,0
0,0,-0.7021743004,-3.309268496,0,0
0,0,-1.065421206,-3.632469061,1,0
0,0,-1.554685608,-4.892644013,2,-1
1,1,-2.19134518,-6.366595724
0,0,0,0,0,0
0,0,0.08302412797,0.8302412797,1,0
0,0,0.1648289244,0.8180479641,0,0
0,0,0.3555524704,1.90723546,2,0
0,0,0.5354710206,1.799185503,0,0
0,0,0.8760811254,3.406101047,0,0
0,0,1.386577303,5.104961771,0,-1
1,1,2.04708428,6.605069778
0,0,0,0,2,0
0,0,-0.09292188663,-0.9292188663,1,0
0,0,-0.2060392465,-1.131173598,2,0
0,0,-0.4436744081,-2.376351616,1,0
0,0,-0.7354115925,-2.917371844,0,0
0,0,-1.060727096,-3.253155031,2,0
0,0,-1.551726833,-4.909997377,0,-1
1,1,-2.18755815,-6.358313164
0,0,0,0,2,0
0,0,-0.1051353195,-1.051353195,2,0
0,0,-0.3216951807,-2.165598612,0,0
0,0,-0.5185463561,-1.968511755,0,0
0,0,-0.7113522874,-1.928059313,0,0
0,0,-0.9463055117,-2.349532243,2,0
0,0,-1.356941736,-4.106362244,0,-1
1,1,-1.889607837,-5.326661007
0,0,0,0,0,0
0,0,0.07224000565,0.7224000565,1,0
0,0,0.150070003,0.7782999731,2,0
0,0,0.172916338,0.2284633503,0,0
0,0,0.3213956673,1.484793293,1,0
0,0,0.5143899661,1.929942988,1,0
0,0,0.7837554514,2.693654853,2,0
0,0,1.098855978,3.151005266,2,0
0,0,1.513503706,4.146477276,2,-1
1,1,2.068582831,5.550791256
0,0,0,0,0,0
0,0,0.08739610807,0.8739610807,2,0
0,0,0.1001833392,0.1278723114,0,0
0,0,0.206751677,1.065683378,2,0
0,0,0.2637104408,0.5695876385,0,0
0,0,0.4419168243,1.782063835,2,0
0,0,0.6042581774,1.623413531,1,0
0,0,0.8562673005,2.520091231,1,0
0,0,1.22138982,3.651225193,0,-1
1,1,1.743088037,5.216982175
0,0,0,0,2,0
0,0,-0.08335962584,-0.8335962584,1,0
0,0,-0.1737016253,-0.9034199951,0,0
0,0,-0.2040246724,-0.3032304709,0,0
0,0,-0.1763822165,0.2764245592,0,0
0,0,-0.1078700835,0.6851213305,1,0
0,0,-0.06097700846,0.46893075,2,0
0,0,-0.09763491203,-0.3665790357,0,0
0,0,-0.07004073491,0.2759417712,0,0
0,0,0.02727751114,0.9731824605,1,0
0,0,0.1425233784,1.152458672,2,0
0,0,0.2104022367,0.6787885835,2,0
0,0,0.2347105929,0.2430835614,1,0
0,0,0.3139080621,0.7919746922,1,0
0,0,0.4540684911,1.40160429,2,0
0,0,0.5984782009,1.444097098,1,0
0,0,0.8343968477,2.359186468,2,0
0,0,1.131486832,2.970899845,1,0
0,0,1.559202606,4.277157739,2,-1
1,1,2.132865874,5.73663268
0,0,0,0,0,0
0,0,0.08783881077,0.8783881077,2,0
0,0,0.08952110257,0.01682291797,2,0
0,0,0.0161275627,-0.7339353987,1,0
0,0,-0.05899895386,-0.7512651656,2,0
0,0,-0.2355963034,-1.765973495,1,0
0,0,-0.4514195598,-2.158232564,1,0
0,0,-0.7512226598,-2.998031,2,0
0,0,-1.209290053,-4.580673932,2,-1
1,1,-1.824402852,-6.151127993
0,0,0,0,1,0
0,0,0.01287599733,0.1287599733,1,0
0,0,0.0422455516,0.2936955427,0,0
0,0,0.1726030977,1.303575461,2,0
0,0,0.2442349024,0.7163180476,1,0
0,0,0.3439963703,0.9976146784,1,0
0,0,0.5050612527,1.610648825,1,0
0,0,0.7545631908,2.495019381,1,0
0,0,1.118919713,3.643565226,1,-1
1,1,1.612286263,4.933665493
0,0,0,0,0,0
0,0,0.104734489,1.04734489,0,0
0,0,0.3005825124,1.958480234,2,0
0,0,0.4671022101,1.665196977,0,0
0,0,0.7909862784,3.238840683,1,0
0,0,1.221631643,4.306453646,1,-1
1,1,1.783862054,5.622304108
0,0,0,0,0,0
0,0,0.07285060587,0.7285060587,1,0
0,0,0.1601498237,0.8729921784,0,0
0,0,0.3762520263,2.161022026,1,0
0,0,0.6382276168,2.619755904,0,0
0,0,1.050555513,4.123278958,1,-1
1,1,1.588198145,5.37642632
0,0,0,0,1,0
0,0,0.003583902738,0.03583902738,1,0
0,0,0.01183295419,0.08249051449,0,0
0,0,0.0966230084,0.8479005421,2,0
0,0,0.1079536903,0.1133068194,0,0
0,0,0.2082237555,1.002700652,2,0
0,0,0.248433015,0.4020925944,2,0
0,0,0.2394005778,-0.09032437204,1,0
0,0,0.2549502061,0.1554962831,2,0
0,0,0.2393219534,-0.1562825268,2,0
0,0,0.1900790436,-0.4924290981,1,0
0,0,0.1634893127,-0.2658973089,2,0
0,0,0.0871509765,-0.7633833619,1,0
0,0,0.009215020345,-0.7793595615,0,0
0,0,0.01431372714,0.05098706792,1,0
0,0,0.008178669568,-0.06135057569,2,0
0,0,-0.09628742522,-1.044660948,0,0
0,0,-0.1347820803,-0.3849465503,1,0
0,0,-0.208408211,-0.7362613079,2,0
0,0,-0.4045299213,-1.961217102,0,0
0,0,-0.5865343269,-1.820044056,0,0
0,0,-0.7789550866,-1.924207597,0,0
0,0,-1.011500566,-2.325454793,0,0
0,0,-1.322222133,-3.107215668,2,-1
1,1,-1.790151621,-4.679294881
0,0,0,0,0,0
0,0,0.08759252888,0.8759252888,1,0
0,0,0.1815331868,0.9394065793,0,0
0,0,0.4070855256,2.255523388,0,0
0,0,0.7742968475,3.672113219,0,0
0,0,1.302398169,5.281013219,0,-1
1,1,1.986755481,6.843573118
0,0,0,0,0,0
0,0,0.09564169791,0.9564169791,2,0
0,0,0.1148833382,0.1924164031,0,0
0,0,0.2445493392,1.296660009,0,0
0,0,0.4875183067,2.429689675,1,0
0,0,0.8139905675,3.264722608,0,0
0,0,1.30431641,4.903258425,0,-1
1,1,1.946415655,6.420992447
0,0,0,0,1,0
0,0,0.0006227807815,0.006227807815,0,0
0,0,0.08116663178,0.80543851,1,0
0,0,0.1839069245,1.027402927,1,0
0,0,0.3123397486,1.284328241,2,0
0,0,0.4079056442,0.9556589562,2,0
0,0,0.4815153414,0.7360969723,1,0
0,0,0.6380990118,1.565836703,2,0
0,0,0.8333754625,1.952764508,0,0
0,0,1.186291388,3.529159259,2,-1
1,1,1.644878257,4.585868683
0,0,0,0,2,0
0,0,-0.0796526778,-0.796526778,1,0
0,0,-0.1870043464,-1.073516686,0,0
0,0,-0.2443369838,-0.573326374,0,0
0,0,-0.2655717371,-0.212347533,0,0
0,0,-0.235823234,0.297485031,0,0
0,0,-0.1494435795,0.8637965448,1,0
0,0,-0.09179813574,0.5764544379,0,0
0,0,0.04227861841,1.340767541,2,0
0,0,0.08411675128,0.4183813287,2,0
0,0,0.05432281056,-0.2979394072,0,0
0,0,0.1115311552,0.5720834459,1,0
0,0,0.1967758471,0.8524469191,2,0
0,0,0.2200349987,0.2325915168,2,0
0,0,0.199088523,-0.2094647576,1,0
0,0,0.2200052925,0.2091676949,2,0
0,0,0.2088080446,-0.1119724789,0,0
0,0,0.3261030893,1.172950447,1,0
0,0,0.5113950961,1.852920068,0,0
0,0,0.840431472,3.29036376,2,0
0,0,1.22667305,3.862415782,0,-1
1,1,1.769111649,5.424385991
0,0,0,0,2,0
0,0,-0.072963135,-0.72963135,1,0
0,0,-0.159884482,-0.8692134701,2,0
0,0,-0.3583291278,-1.984446458,2,0
0,0,-0.6830033924,-3.246742646,2,0
0,0,-1.17754228,-4.945388874,0,-1
1,1,-1.771800536,-5.942582565
0,0,0,0,2,0
0,0,-0.07315036783,-0.7315036783,2,0
0,0,-0.2526363039,-1.79485936,1,0
0,0,-0.4839959615,-2.313596576,0,0
0,0,-0.7240804146,-2.400844531,2,0
0,0,-1.122342359,-3.982619448,0,-1
1,1,-1.617888071,-4.955457121
0,0,0,0,0,0
0,0,0.1017167155,1.017167155,0,0
0,0,0.2932766481,1.915599326,0,0
0,0,0.6118820375,3.186053894,1,0
0,0,1.020289042,4.084070045,1,0
0,0,1.55422329,5.339342481,0,-1
1,1,2.23572116,6.8149787
0,0,0,0,0,0
0,0,0.09060512766,0.9060512766,0,0
0,0,0.2853749473,1.947698197,2,0
0,0,0.4407871905,1.554122432,1,0
0,0,0.6754834502,2.346962597,2,0
0,0,0.9359069512,2.60423501,1,0
0,0,1.316392434,3.804854825,2,-1
1,1,1.812708284,4.963158505
0,0,0,0,0,0
0,0,0.08363438983,0.8363438983,0,0
0,0,0.2808168156,1.971824258,2,0
0,0,0.4405656702,1.597488545,1,0
0,0,0.671345155,2.307794848,1,0
0,0,0.9891671834,3.178220285,0,0
0,0,1.47253287,4.833656864,0,-1
1,1,2.10676893,6.342360606
0,0,0,0,1,0
0,0,9.513772389e-05,0.0009513772389,0,0
0,0,0.09996612826,0.9987099054,0,0
0,0,0.2968255101,1.968593818,1,0
0,0,0.5464275945,2.496020844,1,0
0,0,0.8647725543,3.183449598,1,0
0,0,1.301094739,4.363221844,0,-1
1,1,1.894033435,5.929386966
0,0,0,0,1,0
0,0,-0.003657555909,-0.03657555909,0,0
0,0,0.06938882722,0.7304638313,1,0
0,0,0.1437862732,0.7439744595,1,0
0,0,0.2543175464,1.105312732,1,0
0,0,0.4025839272,1.482663808,0,0
0,0,0.6947274635,2.921435363,0,0
0,0,1.155906096,4.611786328,1,-1
1,1,1.737588555,5.816824588
0,0,0,0,1,0
0,0,-0.005146831654,-0.05146831654,0,0
0,0,0.09136310177,0.9650993342,0,0
0,0,0.2814570908,1.90093989,1,0
0,0,0.5191371592,2.376800684,0,0
0,0,0.8991660928,3.800289336,2,0
0,0,1.334145065,4.349789719,2,-1
1,1,1.885629256,5.514841913
0,0,0,0,0,0
0,0,0.08931271688,0.8931271688,1,0
0,0,0.1791182311,0.8980551423,1,0
0,0,0.2822063691,1.03088138,1,0
0,0,0.4488196225,1.666132535,0,0
0,0,0.7483147194,2.994950969,0,0
0,0,1.199140447,4.508257273,2,-1
1,1,1.74696054,5.478200931
0,0,0,0,2,0
0,0,-0.09426137366,-0.9426137366,2,0
0,0,-0.2824748426,-1.88213469,1,0
0,0,-0.5273332854,-2.448584427,0,0
0,0,-0.7803110835,-2.529777981,0,0
0,0,-1.084141308,-3.038302242,2,0
0,0,-1.555982508,-4.718411999,1,-1
1,1,-2.174445932,-6.184634242
0,0,0,0,1,0
0,0,0.005647847877,0.05647847877,0,0
0,0,0.109381423,1.037335751,2,0
0,0,0.1429099434,0.3352852042,2,0
0,0,0.1044546471,-0.3845529629,0,0
0,0,0.1871079831,0.82653336,2,0
0,0,0.2101037801,0.2299579696,1,0
0,0,0.2817098301,0.7160605004,1,0
0,0,0.4093998019,1.276899718,2,0
0,0,0.5141992408,1.04799439,2,0
0,0,0.6204321907,1.062329499,0,0
0,0,0.8835283235,2.630961328,2,0
0,0,1.218806394,3.352780703,2,-1
1,1,1.6614053,4.425989062
0,0,0,0,0,0
0,0,0.09550057651,0.9550057651,0,0
0,0,0.3062689915,2.10768415,1,0
0,0,0.5754642658,2.691952744,0,0
0,0,0.9981803714,4.227161056,2,0
0,0,1.497501605,4.993212338,1,-1
1,1,2.140328708,6.428271024
0,0,0,0,2,0
0,0,-0.1030297725,-1.030297725,0,0
0,0,-0.1248374373,-0.2180766479,1,0
0,0,-0.1801163434,-0.5527890609,1,0
0,0,-0.2705474866,-0.9043114321,2,0
0,0,-0.5042196049,-2.336721183,1,0
0,0,-0.8214267718,-3.172071669,1,0
0,0,-1.252627521,-4.312007488,0,-1
1,1,-1.792619883,-5.399923628
0,0,0,0,1,0
0,0,-0.008241941603,-0.08241941603,0,0
0,0,0.06696878373,0.7521072534,1,0
0,0,0.1430621812,0.760933975,0,0
0,0,0.3186809896,1.756188084,0,0
0,0,0.6174238317,2.98742842,1,0
0,0,0.9928172597,3.75393428,2,0
0,0,1.441628047,4.48810787,1,-1
1,1,2.033427276,5.917992294
0,0,0,0,1,0
0,0,0.01636289015,0.1636289015,1,0
0,0,0.02758896425,0.112260741,1,0
0,0,0.03977739145,0.1218842719,1,0
0,0,0.04576714919,0.05989757748,0,0
0,0,0.1304314354,0.8466428619,1,0
0,0,0.2451728584,1.147414231,2,0
0,0,0.3281890034,0.8301614499,2,0
0,0,0.378525071,0.5033606755,2,0
0,0,0.4227391664,0.4421409543,2,0
0,0,0.4537140496,0.3097488318,1,0
0,0,0.5513995251,0.9768547552,1,0
0,0,0.7457285388,1.943290137,1,0
0,0,1.051977313,3.062487739,2,0
0,0,1.445903455,3.939261427,1,-1
1,1,1.983384964,5.374815082
0,0,0,0,2,0
0,0,-0.08372389112,-0.8372389112,1,0
0,0,-0.1931183749,-1.093944838,1,0
0,0,-0.3331951675,-1.400767926,1,0
0,0,-0.5417533055,-2.08558138,2,0
0,0,-0.9091876608,-3.674343553,2,0
0,0,-1.442748542,-5.33560881,1,-1
1,1,-2.116598817,-6.738502753
0,0,0,0,1,0
0,0,0.006761981068,0.06761981068,2,0
0,0,-0.09067314054,-0.9743512161,1,0
0,0,-0.214418628,-1.237454875,2,0
0,0,-0.4755346385,-2.611160105,2,0
0,0,-0.8910754829,-4.155408444,1,0
0,0,-1.419661838,-5.285863554,0,-1
1,1,-2.077489298,-6.578274595
0,0,0,0,1,0
0,0,0.009218598058,0.09218598058,2,0
0,0,-0.061771463,-0.7099006106,2,0
0,0,-0.2344586228,-1.726871598,2,0
0,0,-0.5254014165,-2.909427937,1,0
0,0,-0.9006309588,-3.752295423,0,0
0,0,-1.333807664,-4.331767048,1,-1
1,1,-1.906525351,-5.727176878
0,0,0,0,1,0
0,0,0.004703836994,0.04703836994,0,0
0,0,0.09561716805,0.9091333105,2,0
0,0,0.1113281076,0.1571093952,1,0
0,0,0.1369537025,0.2562559489,1,0
0,0,0.1833604751,0.4640677261,2,0
0,0,0.1857809836,0.02420508518,0,0
0,0,0.3219895831,1.362085995,1,0
0,0,0.4998448173,1.778552342,2,0
0,0,0.6661826754,1.66337858,2,0
0,0,0.8669503044,2.00767629,0,0
0,0,1.245819412,3.788691075,1,-1
1,1,1.76283525,5.170158385
0,0,0,0,0,0
0,0,0.09910995871,0.9910995871,0,0
0,0,0.3003693553,2.012593965,1,0
0,0,0.5592292955,2.588599403,0,0
0,0,0.9711452219,4.119159263,1,0
0,0,1.489906255,5.187610332,2,-1
1,1,2.146566296,6.566600411
0,0,0,0,1,0
0,0,-0.006341877866,-0.06341877866,2,0
0,0,-0.08995096244,-0.8360908458,2,0
0,0,-0.2725988723,-1.826479098,1,0
0,0,-0.4941960139,-2.215971417,1,0
0,0,-0.8041635827,-3.099675688,2,0
0,0,-1.268352789,-4.641892063,2,-1
1,1,-1.88421977,-6.158669805
0,0,0,0,1,0
0,0,0.00163502603,0.0163502603,1,0
0,0,-0.00240807961,-0.04043105641,2,0
0,0,-0.104983391,-1.025753114,2,0
0,0,-0.2992748263,-1.942914353,2,0
0,0,-0.6182518378,-3.189770116,2,0
0,0,-1.100557645,-4.823058067,2,-1
1,1,-1.745223168,-6.446655237
0,0,0,0,1,0
0,0,-0.0001563520094,-0.001563520094,2,0
0,0,-0.07631519092,-0.7615883891,1,0
0,0,-0.1817251145,-1.054099236,0,0
0,0,-0.2356186371,-0.5389352252,0,0
0,0,-0.252690671,-0.1707203394,0,0
0,0,-0.2278864932,0.2480417785,0,0
0,0,-0.1580825875,0.6980390564,0,0
0,0,-0.03502988142,1.230527061,1,0
0,0,0.08475879099,1.197886724,0,0
0,0,0.2987654996,2.140067086,2,0
0,0,0.4620668176,1.63301318,1,0
0,0,0.7056899038,2.436230863,2,0
0,0,0.9901329528,2.84443049,1,0
0,0,1.404305,4.141720475,1,-1
1,1,1.959478202,5.551732019
0,0,0,0,1,0
0,0,-0.001255429729,-0.01255429729,2,0
0,0,-0.09712179949,-0.9586636976,2,0
0,0,-0.296331525,-1.992097255,1,0
0,0,-0.5491087256,-2.527772006,2,0
0,0,-0.9407302983,-3.916215727,2,0
0,0,-1.501329147,-5.60598849,0,-1
1,1,-2.200345011,-6.990158638
0,0,0,0,1,0
0,0,-0.01106873496,-0.1106873496,2,0
0,0,-0.1140871881,-1.030184532,0,0
0,0,-0.149197389,-0.3511020087,0,0
0,0,-0.1395872736,0.09610115461,1,0
0,0,-0.1676891578,-0.2810188421,1,0
0,0,-0.2076801066,-0.399909488,1,0
0,0,-0.2774799645,-0.6979985798,0,0
0,0,-0.3250711145,-0.4759115,0,0
0,0,-0.340496002,-0.1542488745,2,0
0,0,-0.4905457394,-1.500497374,0,0
0,0,-0.6343031819,-1.437574425,1,0
0,0,-0.8626333613,-2.283301794,1,0
0,0,-1.206536064,-3.439027023,0,-1
1,1,-1.658063308,-4.51527244
0,0,0,0,1,0
0,0,-0.007463815893,-0.07463815893,1,0
0,0,-0.002168413767,0.05295402125,2,0
0,0,-0.06844598211,-0.6627756835,1,0
0,0,-0.1591779907,-0.9073200861,2,0
0,0,-0.3777603307,-2.1858234,0,0
0,0,-0.5603883287,-1.82627998,2,0
0,0,-0.9069129036,-3.465245749,2,0
0,0,-1.410246845,-5.033339414,0,-1
1,1,-2.041158471,-6.309116257
0,0,0,0,0,0
0,0,0.08571125996,0.8571125996,1,0
0,0,0.2031420641,1.174308042,1,0
0,0,0.3640745024,1.609324383,1,0
0,0,0.5680581602,2.039836578,2,0
0,0,0.792406249,2.243480888,1,0
0,0,1.118726369,3.263201199,0,-1
1,1,1.614859479,4.961331099
0,0,0,0,1,0
0,0,-0.003911214424,-0.03911214424,1,0
0,0,0.002970146623,0.06881361047,2,0
0,0,-0.07537402849,-0.7834417511,2,0
0,0,-0.2406623217,-1.652882932,2,0
0,0,-0.528147658,-2.874853363,1,0
0,0,-0.8903207322,-3.621730743,2,0
0,0,-1.423569469,-5.332487365,0,-1
1,1,-2.086002315,-6.624328457
0,0,0,0,0,0
0,0,0.09656824451,0.9656824451,1,0
0,0,0.2064858095,1.09917565,2,0
0,0,0.2691337326,0.6264792307,0,0
0,0,0.4716487433,2.025150107,1,0
0,0,0.7406323348,2.689835915,2,0
0,0,1.061682288,3.210499536,0,0
0,0,1.546430073,4.84747785,2,-1
1,1,2.175278292,6.288482188
0,0,0,0,0,0
0,0,0.08326332309,0.8326332309,2,0
0,0,0.08640244306,0.03139119966,0,0
0,0,0.2014157091,1.150132661,0,0
0,0,0.420659887,2.192441779,2,0
0,0,0.6370918159,2.164319289,2,0
0,0,0.8734931271,2.364013112,1,0
0,0,1.216958714,3.434655871,1,-1
1,1,1.694149778,4.771910633
0,0,0,0,2,0
0,0,-0.07985121353,-0.7985121353,1,0
0,0,-0.1606632265,-0.8081201297,2,0
0,0,-0.3439210719,-1.832578454,2,0
0,0,-0.6604179759,-3.16496904,1,0
0,0,-1.064197197,-4.037792206,0,0
0,0,-1.559877042,-4.95679845,0,-1
1,1,-2.201447414,-6.415703723
0,0,0,0,0,0
0,0,0.08921285941,0.8921285941,2,0
0,0,0.1140217076,0.2480884816,1,0
0,0,0.1710141731,0.5699246552,2,0
0,0,0.1574708681,-0.1354330501,1,0
0,0,0.1538756805,-0.03595187531,1,0
0,0,0.174440194,0.2056451343,2,0
0,0,0.1499139802,-0.2452621378,2,0
0,0,0.05836841597,-0.9154556423,0,0
0,0,0.06333972548,0.04971309502,1,0
0,0,0.08371421378,0.2037448831,2,0
0,0,0.03624508235,-0.4746913143,2,0
0,0,-0.08965453514,-1.258996175,2,0
0,0,-0.3306605656,-2.410060304,0,0
0,0,-0.5532388729,-2.225783073,2,0
0,0,-0.9277613069,-3.74522434,1,0
0,0,-1.422882225,-4.951209184,1,-1
1,1,-2.059804249,-6.369220242
0,0,0,0,2,0
0,0,-0.07723280017,-0.7723280017,0,0
0,0,-0.07622122498,0.01011575196,2,0
0,0,-0.1635468037,-0.8732557871,2,0
0,0,-0.3490057443,-1.854589406,1,0
0,0,-0.6030601117,-2.540543674,0,0
0,0,-0.8666248789,-2.635647673,0,0
0,0,-1.197578954,-3.309540748,2,-1
1,1,-1.68948429,-4.919053364
0,0,0,0,0,0
0,0,0.09321327115,0.9321327115,0,0
0,0,0.3052389202,2.120256491,0,0
0,0,0.6633124927,3.580735725,2,0
0,0,1.045019475,3.817069825,2,0
0,0,1.510674354,4.656548786,0,-1
1,1,2.124865271,6.141909171
0,0,0,0,0,0
0,0,0.07791947377,0.7791947377,2,0
0,0,0.07545884282,-0.02460630955,0,0
0,0,0.16287712,0.874182772,0,0
0,0,0.372176529,2.092994089,0,0
0,0,0.7104746725,3.382981436,0,0
0,0,1.204298618,4.938239455,1,-1
1,1,1.829711572,6.254129535
0,0,0,0,2,0
0,0,-0.08133622897,-0.8133622897,0,0
0,0,-0.08823708763,-0.06900858659,0,0
0,0,-0.02696798958,0.6126909805,1,0
0,0,0.02377215564,0.5074014523,2,0
0,0,-0.01927034357,-0.4304249921,2,0
0,0,-0.142327208,-1.230568644,2,0
0,0,-0.3858925386,-2.435653307,1,0
0,0,-0.6840079496,-2.981154109,1,0
0,0,-1.067436972,-3.834290227,2,-1
1,1,-1.609925955,-5.424889823
0,0,0,0,1,0
0,0,0.007580623969,0.07580623969,2,0
0,0,-0.06493150409,-0.7251212806,0,0
0,0,-0.07127658198,-0.06345077883,2,0
0,0,-0.1665257221,-0.9524914013,1,0
0,0,-0.2974285649,-1.309028428,0,0
0,0,-0.3808350514,-0.8340648644,0,0
0,0,-0.4340359092,-0.5320085788,0,0
0,0,-0.4862278607,-0.5219195143,1,0
0,0,-0.6299803452,-1.437524846,0,0
0,0,-0.8116873686,-1.817070233,1,0
0,0,-1.110018541,-2.983311724,2,-1
1,1,-1.575106919,-4.650883777
0,0,0,0,0,0
0,0,0.09597183288,0.9597183288,0,0
0,0,0.2990911099,2.03119277,1,0
0,0,0.5373132326,2.382221227,0,0
0,0,0.9349125055,3.975992729,1,0
0,0,1.446655432,5.117429262,0,-1
1,1,2.109816175,6.631607428
0,0,0,0,1,0
0,0,-0.01240145568,-0.1240145568,1,0
0,0,-0.01558219213,-0.03180736453,0,0
0,0,0.05303072929,0.6861292142,1,0
0,0,0.126523171,0.7349244171,0,0
0,0,0.322820684,1.96297513,1,0
0,0,0.575652444,2.5283176,2,0
0,0,0.8394519158,2.637994719,0,0
0,0,1.276825807,4.37373891,1,-1
1,1,1.845724796,5.68898989
0,0,0,0,0,0
0,0,0.09554474825,0.9554474825,1,0
0,0,0.2113798821,1.158351338,2,0
0,0,0.279033784,0.676539019,2,0
0,0,0.322614117,0.4358033305,2,0
0,0,0.3412386314,0.1862451441,0,0
0,0,0.5059806316,1.647420002,1,0
0,0,0.7573162852,2.513356536,0,0
0,0,1.178810011,4.214937254,0,-1
1,1,1.760865775,5.820557643
0,0,0,0,1,0
0,0,-0.01534543201,-0.1534543201,2,0
0,0,-0.1051222329,-0.8977680089,2,0
0,0,-0.3130041212,-2.078818883,2,0
0,0,-0.665092801,-3.520886798,0,0
0,0,-1.04705879,-3.819659888,0,0
0,0,-1.517842803,-4.707840133,1,-1
1,1,-2.133169422,-6.153266187
0,0,0,0,1,0
0,0,-0.01656749824,-0.1656749824,2,0
0,0,-0.114205575,-0.9763807676,0,0
0,0,-0.1363346083,-0.221290333,1,0
0,0,-0.1978953921,-0.6156078379,0,0
0,0,-0.2217907746,-0.2389538251,1,0
0,0,-0.2854117624,-0.6362098774,1,0
0,0,-0.4124893027,-1.270775403,0,0
0,0,-0.518748056,-1.062587533,0,0
0,0,-0.6201486602,-1.014006042,1,0
0,0,-0.8107251296,-1.905764694,1,0
0,0,-1.102698664,-2.919735345,2,0
0,0,-1.565860235,-4.631615709,0,-1
1,1,-2.175430813,-6.095705776
0,0,0,0,1,0
0,0,0.01732511816,0.1732511816,0,0
0,0,0.1088165006,0.9149138247,2,0
0,0,0.1187993028,0.09982802199,0,0
0,0,0.2240324057,1.052331029,0,0
0,0,0.4585509297,2.34518524,1,0
0,0,0.7667942113,3.082432817,2,0
0,0,1.123515542,3.567213311,2,-1
1,1,1.581703152,4.581876097
0,0,0,0,2,0
0,0,-0.1039185766,-1.039185766,1,0
0,0,-0.2123040234,-1.083854467,0,0
0,0,-0.2790910022,-0.667869789,1,0
0,0,-0.3799654825,-1.008744802,0,0
0,0,-0.4589586424,-0.7899315992,1,0
0,0,-0.6197706689,-1.608120264,1,0
0,0,-0.8605708983,-2.408002295,2,0
0,0,-1.276257421,-4.156865229,1,-1
1,1,-1.822851151,-5.465937298
0,0,0,0,2,0
0,0,-0.08980585674,-0.8980585674,2,0
0,0,-0.2840128608,-1.942070041,0,0
0,0,-0.4282109647,-1.441981039,0,0
0,0,-0.5595261831,-1.313152184,1,0
0,0,-0.7774622512,-2.179360682,0,0
0,0,-1.036915059,-2.594528082,0,0
0,0,-1.386527591,-3.496125316,1,-1
1,1,-1.877906135,-4.91378544
0,0,0,0,1,0
0,0,0.01580962685,0.1580962685,2,0
0,0,-0.05255693233,-0.6836655918,1,0
0,0,-0.124277354,-0.7172042163,1,0
0,0,-0.2147264206,-0.9044906664,1,0
0,0,-0.3448748161,-1.301483955,1,0
0,0,-0.5330744295,-1.881996134,0,0
0,0,-0.7359613517,-2.028869222,0,0
0,0,-0.9842351274,-2.482737758,2,0
0,0,-1.403657469,-4.194223413,2,-1
1,1,-1.977619542,-5.739620731
0,0,0,0,0,0
0,0,0.08247071509,0.8247071509,1,0
0,0,0.1687564483,0.8628573319,1,0
0,0,0.2746689797,1.059125314,1,0
0,0,0.4209231655,1.462541858,0,0
0,0,0.6991271641,2.782039986,0,0
0,0,1.134129337,4.350021727,2,-1
1,1,1.668495442,5.343661055
0,0,0,0,1,0
0,0,-0.01342134348,-0.1342134348,0,0
0,0,0.06356440055,0.7698574403,0,0
0,0,0.2371501378,1.735857373,0,0
0,0,0.5473338687,3.101837309,1,0
0,0,0.9369700018,3.89636133,1,0
0,0,1.432053817,4.950838151,0,-1
1,1,2.077009692,6.44955875
0,0,0,0,2,0
0,0,-0.08312256369,-0.8312256369,2,0
0,0,-0.269596738,-1.864741743,0,0
0,0,-0.4200558092,-1.504590711,0,0
0,0,-0.5473723623,-1.273165532,2,0
0,0,-0.8414602824,-2.940879201,1,0
0,0,-1.242395217,-4.009349341,0,-1
1,1,-1.749585111,-5.071898945
0,0,0,0,2,0
0,0,-0.07748087391,-0.7748087391,2,0
0,0,-0.2434573016,-1.659764277,2,0
0,0,-0.5480756946,-3.04618393,1,0
0,0,-0.9246436807,-3.765679862,0,0
0,0,-1.363460987,-4.388173058,2,-1
1,1,-1.957496279,-5.940352929
0,0,0,0,1,0
0,0,0.00688509737,0.0688509737,2,0
0,0,-0.08691815722,-0.9380325459,1,0
0,0,-0.1909254037,-1.040072465,2,0
0,0,-0.427648795,-2.367233914,0,0
0,0,-0.6639540967,-2.363053016,2,0
0,0,-1.071931077,-4.079769808,2,-1
1,1,-1.644687668,-5.7275659
0,0,0,0,0,0
0,0,0.0911809122,0.911809122,0,0
0,0,0.2907794365,1.995985243,2,0
0,0,0.4584970602,1.677176237,1,0
0,0,0.7000816576,2.415845974,2,0
0,0,0.9740611077,2.7397945,2,0
0,0,1.318806239,3.447451312,2,-1
1,1,1.787225915,4.684196757
0,0,0,0,0,0
0,0,0.0766905253,0.766905253,0,0
0,0,0.2400853498,1.633948245,0,0
0,0,0.529420024,2.893346742,2,0
0,0,0.8367549267,3.073349027,2,0
0,0,1.191601439,3.548465126,0,-1
1,1,1.702319289,5.107178494
0,0,0,0,0,0
0,0,0.1028092521,1.028092521,0,0
0,0,0.3042903372,2.014810851,1,0
0,0,0.5491280954,2.448377582,2,0
0,0,0.8086360843,2.59507989,1,0
0,0,1.181286371,3.726502871,0,-1
1,1,1.714976765,5.336903932
0,0,0,0,2,0
0,0,-0.1016921074,-1.016921074,0,0
0,0,-0.1210589519,-0.1936684447,0,0
0,0,-0.06641087627,0.546480756,2,0
0,0,-0.1252867838,-0.5887590751,1,0
0,0,-0.2169753381,-0.9168855429,1,0
0,0,-0.3381984618,-1.212231237,0,0
0,0,-0.4376128858,-0.9941442402,0,0
0,0,-0.5261857354,-0.8857284963,2,0
0,0,-0.7567386076,-2.305528722,0,0
0,0,-1.03221543,-2.754768228,2,0
0,0,-1.480894553,-4.48679123,0,-1
1,1,-2.066178454,-5.852839007
0,0,0,0,0,0
0,0,0.08387103549,0.8387103549,2,0
0,0,0.1082278871,0.2435685163,0,0
0,0,0.231195476,1.229675889,0,0
0,0,0.4713179801,2.401225041,0,0
0,0,0.8499649611,3.78646981,0,0
0,0,1.387635656,5.376706944,1,-1
1,1,2.064485074,6.76849418
0,0,0,0,1,0
0,0,0.01201137864,0.1201137864,0,0
0,0,0.110793123,0.9878174437,2,0
0,0,0.1292671372,0.1847401417,1,0
0,0,0.1734545366,0.4418739939,2,0
0,0,0.160169212,-0.1328532454,2,0
0,0,0.07871707435,-0.8145213769,1,0
0,0,0.01278476277,-0.6593231158,1,0
0,0,-0.03403516487,-0.4681992764,2,0
0,0,-0.1775144429,-1.43479278,1,0
0,0,-0.3404992341,-1.629847913,1,0
0,0,-0.5459209768,-2.054217427,2,0
0,0,-0.8968888377,-3.509678609,0,0
0,0,-1.306098561,-4.092097231,0,-1
1,1,-1.83372874,-5.276301792
0,0,0,0,2,0
0,0,-0.09010024547,-0.9010024547,1,0
0,0,-0.2071855627,-1.170853172,2,0
0,0,-0.445587395,-2.384018323,2,0
0,0,-0.837835908,-3.92248513,0,0
0,0,-1.287189483,-4.493535754,0,-1
1,1,-1.847844291,-5.606548072
0,0,0,0,2,0
0,0,-0.08459495916,-0.8459495916,1,0
0,0,-0.1936050342,-1.090100751,2,0
0,0,-0.4241905991,-2.305855649,1,0
0,0,-0.7189243329,-2.947337338,2,0
0,0,-1.174533016,-4.556086828,0,-1
1,1,-1.73012681,-5.55593794
0,0,0,0,0,0
0,0,0.07275061919,0.7275061919,0,0
0,0,0.2521067974,1.793561782,2,0
0,0,0.3961323142,1.440255168,0,0
0,0,0.6771016905,2.809693762,1,0
0,0,1.058051693,3.809500024,0,-1
1,1,1.59413535,5.360836576
0,0,0,0,2,0
0,0,-0.09502090471,-0.9502090471,2,0
0,0,-0.2782227088,-1.832018041,1,0
0,0,-0.4992158331,-2.209931244,1,0
0,0,-0.8074613021,-3.08245469,0,0
0,0,-1.155455668,-3.479943661,0,-1
1,1,-1.599193742,-4.437380739
0,0,0,0,0,0
0,0,0.1017945612,1.017945612,2,0
0,0,0.1279035355,0.2610897434,0,0
0,0,0.2712239474,1.433204119,1,0
0,0,0.4546228005,1.833988531,0,0
0,0,0.7835901063,3.289673058,0,0
0,0,1.277768339,4.941782327,0,-1
1,1,1.922886489,6.4511815
0,0,0,0,1,0
0,0,0.01611652524,0.1611652524,1,0
0,0,0.02856411315,0.1244758791,2,0
0,0,-0.05781696197,-0.8638107512,1,0
0,0,-0.1484787095,-0.9066174756,0,0
0,0,-0.1905326454,-0.4205393585,0,0
0,0,-0.1873974203,0.03135225031,0,0
0,0,-0.1151824114,0.7221500897,1,0
0,0,-0.07496018064,0.4022223073,1,0
0,0,-0.04570413552,0.2925604512,0,0
0,0,0.07727019788,1.229743334,2,0
0,0,0.1211262583,0.4385606045,1,0
0,0,0.1942325163,0.73106258,0,0
0,0,0.380566173,1.863336567,0,0
0,0,0.7021105642,3.215443912,2,0
0,0,1.056222064,3.541115001,1,0
0,0,1.53383311,4.776110452,0,-1
1,1,2.160103941,6.262708312
0,0,0,0,2,0
0,0,-0.1046187371,-1.046187371,1,0
0,0,-0.2357151951,-1.31096458,2,0
0,0,-0.5042986185,-2.685834234,0,0
0,0,-0.7670295978,-2.627309794,1,0
0,0,-1.130417636,-3.633880379,2,-1
1,1,-1.658187051,-5.27769415
0,0,0,0,2,0
0,0,-0.0864661417,-0.864661417,0,0
0,0,-0.111160315,-0.2469417334,2,0
0,0,-0.247050129,-1.35889814,0,0
0,0,-0.3234989169,-0.764487879,1,0
0,0,-0.449293891,-1.257949741,1,0
0,0,-0.6359647886,-1.866708976,2,0
0,0,-0.9708112457,-3.348464571,0,0
0,0,-1.388269889,-4.17458643,1,-1
1,1,-1.944412252,-5.561423634
0,0,0,0,2,0
0,0,-0.07301871062,-0.7301871062,0,0
0,0,-0.07189734137,0.01121369254,1,0
0,0,-0.07330657625,-0.01409234877,1,0
0,0,-0.09611481543,-0.2280823919,1,0
0,0,-0.1324034666,-0.3628865115,1,0
0,0,-0.1972122804,-0.6480881379,0,0
0,0,-0.1941710904,0.03041189979,2,0
0,0,-0.2967402104,-1.0256912,2,0
0,0,-0.5222870679,-2.255468575,0,0
0,0,-0.7593318523,-2.370447845,2,0
0,0,-1.158819497,-3.994876449,0,-1
1,1,-1.652819661,-4.940001636
0,0,0,0,0,0
0,0,0.09119426522,0.9119426522,1,0
0,0,0.1812333734,0.9003910814,1,0
0,0,0.3173750268,1.361416534,0,0
0,0,0.5921128071,2.747377803,2,0
0,0,0.8863784282,2.94265621,1,0
0,0,1.292850378,4.064719503,0,-1
1,1,1.860096324,5.672459458
0,0,0,0,0,0
0,0,0.08207470371,0.8207470371,1,0
0,0,0.1622796042,0.802049005,0,0
0,0,0.3723681277,2.100885235,1,0
0,0,0.636723191,2.643550633,0,0
0,0,1.062674851,4.259516603,2,0
0,0,1.56671583,5.040409783,0,-1
1,1,2.217940915,6.512250853
0,0,0,0,0,0
0,0,0.0988868717,0.988868717,0,0
0,0,0.3051345267,2.06247655,1,0
0,0,0.5747831827,2.696486561,1,0
0,0,0.9253081874,3.505250047,0,0
0,0,1.429219601,5.039114138,0,-1
1,1,2.083261426,6.540418243
0,0,0,0,0,0
0,0,0.07979980354,0.7979980354,2,0
0,0,0.07381301474,-0.059867888,1,0
0,0,0.07816849404,0.04355479299,2,0
0,0,-0.006466235164,-0.846347292,1,0
0,0,-0.08868887947,-0.8222264431,0,0
0,0,-0.08472721251,0.03961666961,0,0
0,0,0.001931940958,0.8665915347,1,0
0,0,0.08043306188,0.7850112092,0,0
0,0,0.2647549542,1.843218923,1,0
0,0,0.4820951945,2.173402404,0,0
0,0,0.8581520059,3.760568114,2,0
0,0,1.28196646,4.23814454,2,-1
1,1,1.817549762,5.355833017
0,0,0,0,2,0
0,0,-0.07475594923,-0.7475594923,1,0
0,0,-0.1762909717,-1.015350225,2,0
0,0,-0.3822296647,-2.059386929,1,0
0,0,-0.638269147,-2.560394823,2,0
0,0,-1.054591434,-4.163222868,1,-1
1,1,-1.595350638,-5.407592043
0,0,0,0,2,0
0,0,-0.0864543581,-0.864543581,1,0
0,0,-0.1895250386,-1.030706805,0,0
0,0,-0.2290381236,-0.3951308501,1,0
0,0,-0.2968047631,-0.6776663957,1,0
0,0,-0.4157074943,-1.189027311,1,0
0,0,-0.5982966928,-1.825891986,1,0
0,0,-0.8782602406,-2.799635477,1,0
0,0,-1.27161118,-3.933509391,1,-1
1,1,-1.797509146,-5.258979663
0,0,0,0,0,0
0,0,0.0750195823,0.750195823,1,0
0,0,0.1682559513,0.9323636905,2,0
0,0,0.2145504785,0.4629452716,2,0
0,0,0.2233931659,0.0884268741,2,0
0,0,0.200574001,-0.2281916488,0,0
0,0,0.3101574375,1.095834365,0,0
0,0,0.5443039146,2.341464771,0,0
0,0,0.9320035326,3.87699618,0,0
0,0,1.478413088,5.464095555,2,-1
1,1,2.159135435,6.807223465
0,0,0,0,0,0
0,0,0.1034977417,1.034977417,0,0
0,0,0.3012142168,1.977164751,0,0
0,0,0.6145878607,3.133736439,0,0
0,0,1.092709176,4.781213152,0,-1
1,1,1.730588582,6.378794056
0,0,0,0,2,0
0,0,-0.08032894485,-0.8032894485,1,0
0,0,-0.1599600422,-0.7963109735,2,0
0,0,-0.3566939065,-1.967338643,1,0
0,0,-0.6159692453,-2.592753388,2,0
0,0,-1.041642197,-4.256729514,2,-1
1,1,-1.624955949,-5.833137523
0,0,0,0,1,0
0,0,-0.008614038516,-0.08614038516,1,0
0,0,-0.01714288278,-0.08528844265,2,0
0,0,-0.1069950849,-0.8985220211,0,0
0,0,-0.1371991779,-0.3020409303,1,0
0,0,-0.1818898899,-0.4469071199,1,0
0,0,-0.2704845356,-0.8859464566,1,0
0,0,-0.3989085582,-1.284240226,1,0
0,0,-0.5976197821,-1.987112239,0,0
0,0,-0.8054516621,-2.0783188,2,0
0,0,-1.169435564,-3.639839017,0,-1
1,1,-1.630022714,-4.605871498
0,0,0,0,1,0
0,0,-0.006696561793,-0.06696561793,2,0
0,0,-0.1199780539,-1.132814921,1,0
0,0,-0.2574447221,-1.374666682,2,0
0,0,-0.5183612056,-2.609164835,0,0
0,0,-0.776560905,-2.581996994,2,0
0,0,-1.207208477,-4.306475717,1,-1
1,1,-1.765347845,-5.581393688
0,0,0,0,2,0
0,0,-0.1051179146,-1.051179146,0,0
0,0,-0.1401924178,-0.3507450322,2,0
0,0,-0.2750490841,-1.348566663,1,0
0,0,-0.4569126432,-1.818635591,2,0
0,0,-0.7954134148,-3.385007716,0,0
0,0,-1.186549175,-3.911357598,1,-1
1,1,-1.712478351,-5.259291768
0,0,0,0,0,0
0,0,0.1051502703,1.051502703,2,0
0,0,0.1251859179,0.2003564759,1,0
0,0,0.1635262988,0.3834038093,1,0
0,0,0.2170814685,0.5355516976,0,0
0,0,0.3857405698,1.686591013,2,0
0,0,0.5369233986,1.511828288,2,0
0,0,0.6967669684,1.598435699,1,0
0,0,0.9563142418,2.595472734,1,0
0,0,1.337111466,3.80797224,1,-1
1,1,1.860388434,5.232769686
0,0,0,0,2,0
0,0,-0.07342950183,-0.7342950183,1,0
0,0,-0.1728137964,-0.9938429456,0,0
0,0,-0.2084767889,-0.3566299255,0,0
0,0,-0.2064400683,0.02036720618,1,0
0,0,-0.2287989945,-0.2235892618,2,0
0,0,-0.3877311467,-1.589321522,1,0
0,0,-0.624718899,-2.369877524,0,0
0,0,-0.8884917614,-2.637728623,1,0
0,0,-1.271728573,-3.832368112,0,-1
1,1,-1.769628742,-4.979001694
0,0,0,0,2,0
0,0,-0.07722487108,-0.7722487108,1,0
0,0,-0.1776107634,-1.003858923,2,0
0,0,-0.3789833938,-2.013726304,2,0
0,0,-0.7236921585,-3.447087646,0,0
0,0,-1.093826375,-3.701342167,2,-1
1,1,-1.620114346,-5.262879711
0,0,0,0,1,0
0,0,0.004629770249,0.04629770249,1,0
0,0,0.01787837594,0.1324860569,0,0
0,0,0.1258899929,1.08011617,1,0
0,0,0.2598757482,1.339857553,0,0
0,0,0.5061592676,2.462835194,2,0
0,0,0.7645022107,2.583429431,1,0
0,0,1.130036327,3.655341162,1,-1
1,1,1.624468471,4.944321437
0,0,0,0,1,0
0,0,0.009347358013,0.09347358013,2,0
0,0,-0.07057411524,-0.7992147326,2,0
0,0,-0.237898637,-1.673245217,0,0
0,0,-0.3647872285,-1.268885915,2,0
0,0,-0.618722441,-2.539352126,0,0
0,0,-0.8844356199,-2.657131789,2,0
0,0,-1.312011684,-4.27576064,0,-1
1,1,-1.859519608,-5.475079239
0,0,0,0,1,0
0,0,-0.005337632836,-0.05337632836,1,0
0,0,-0.01624002375,-0.1090239091,1,0
0,0,-0.01421918975,0.02020833999,1,0
0,0,-0.02691787844,-0.1269868869,0,0
0,0,0.0580820571,0.8499993554,1,0
0,0,0.1642713423,1.061892852,2,0
0,0,0.2053548335,0.4108349121,0,0
0,0,0.3646522404,1.592974069,0,0
0,0,0.6565918255,2.919395851,1,0
0,0,1.035047562,3.784557361,2,0
0,0,1.489924648,4.548770868,1,-1
1,1,2.088875186,5.989505375
0,0,0,0,1,0
0,0,-0.0005058508802,-0.005058508802,2,0
0,0,-0.09048732322,-0.8998147234,0,0
0,0,-0.1056974508,-0.1521012759,2,0
0,0,-0.2437839996,-1.380865488,1,0
0,0,-0.4274290123,-1.836450128,0,0
0,0,-0.6140568135,-1.866278011,2,0
0,0,-0.9689143817,-3.548575682,2,0
0,0,-1.477570369,-5.086559871,1,-1
1,1,-2.129211907,-6.516415386
0,0,0,0,0,0
0,0,0.07108558833,0.7108558833,1,0
0,0,0.1617040046,0.9061841627,2,0
0,0,0.1845524352,0.2284843064,1,0
0,0,0.2424705796,0.5791814433,1,0
0,0,0.357425802,1.149552224,0,0
0,0,0.600714493,2.43288691,2,0
0,0,0.8673263037,2.666118107,0,0
0,0,1.302180818,4.348545143,2,-1
1,1,1.85300264,5.508218223
0,0,0,0,2,0
0,0,-0.07307694471,-0.7307694471,0,0
0,0,-0.07824494087,-0.0516799616,0,0
0,0,0.001665346799,0.7991028767,0,0
0,0,0.1586284467,1.569630999,2,0
0,0,0.2684291045,1.098006579,2,0
0,0,0.342374899,0.7394579444,2,0
0,0,0.3762697372,0.3389483821,2,0
0,0,0.3984451558,0.2217541863,0,0
0,0,0.5684411159,1.6999596,1,0
0,0,0.8334873972,2.650462814,2,0
0,0,1.159951682,3.264642848,2,-1
1,1,1.589871475,4.299197926
0,0,0,0,1,0
0,0,-0.004558514852,-0.04558514852,2,0
0,0,-0.08960210447,-0.8504358962,2,0
0,0,-0.2710264277,-1.814243232,1,0
0,0,-0.5027923022,-2.317658745,2,0
0,0,-0.877570006,-3.747777038,0,0
0,0,-1.320059903,-4.424898974,1,-1
1,1,-1.900960851,-5.809009472
0,0,0,0,2,0
0,0,-0.08899381887,-0.8899381887,1,0
0,0,-0.1763791368,-0.8738531793,1,0
0,0,-0.3031642001,-1.267850633,0,0
0,0,-0.4055807007,-1.024165006,2,0
0,0,-0.6563432096,-2.507625089,0,0
0,0,-0.9480002449,-2.916570353,0,0
0,0,-1.317501809,-3.695015638,2,-1
1,1,-1.842104369,-5.246025604
0,0,0,0,2,0
0,0,-0.07631423393,-0.7631423393,2,0
0,0,-0.258393349,-1.820791151,1,0
0,0,-0.4934905065,-2.350971576,1,0
0,0,-0.8039648267,-3.104743201,0,0
0,0,-1.155551156,-3.515863289,2,-1
1,1,-1.671532992,-5.159818367
0,0,0,0,2,0
0,0,-0.0976241392,-0.976241392,2,0
0,0,-0.2891046635,-1.914805243,1,0
0,0,-0.5390499882,-2.499453247,0,0
0,0,-0.7838735833,-2.448235951,1,0
0,0,-1.134143028,-3.502694444,1,-1
1,1,-1.618854384,-4.847113565
0,0,0,0,2,0
0,0,-0.07124308846,-0.7124308846,1,0
0,0,-0.1384131356,-0.6717004712,1,0
0,0,-0.2440860788,-1.056729432,2,0
0,0,-0.4726123511,-2.285262723,0,0
0,0,-0.685297742,-2.126853909,0,0
0,0,-0.9207851831,-2.354874411,1,0
0,0,-1.273808566,-3.530233832,0,-1
1,1,-1.739136063,-4.653274962
0,0,0,0,2,0
0,0,-0.0749562285,-0.749562285,0,0
0,0,-0.08222953747,-0.07273308974,1,0
0,0,-0.1151386215,-0.3290908405,2,0
0,0,-0.2676936657,-1.525550442,2,0
0,0,-0.5418266167,-2.741329509,0,0
0,0,-0.8175581893,-2.757315726,1,0
0,0,-1.205324541,-3.877663517,0,-1
1,1,-1.694830861,-4.895063201
0,0,0,0,1,0
0,0,-0.0009614255311,-0.009614255311,1,0
0,0,-0.01197464077,-0.1101321524,0,0
0,0,0.05560328374,0.6757792451,1,0
0,0,0.134388495,0.7878521122,2,0
0,0,0.1553831138,0.209946188,2,0
0,0,0.1222394668,-0.3314364692,1,0
0,0,0.106587159,-0.1565230784,0,0
0,0,0.1945086273,0.8792146829,0,0
0,0,0.3921617794,1.976531521,1,0
0,0,0.636888935,2.447271556,1,0
0,0,0.973107948,3.36219013,2,0
0,0,1.391477177,4.18369229,2,-1
1,1,1.935835972,5.443587946
0,0,0,0,2,0
0,0,-0.09778474235,-0.9778474235,1,0
0,0,-0.2136002768,-1.158155345,2,0
0,0,-0.4530960286,-2.394957518,2,0
0,0,-0.8539593828,-4.008633542,0,0
0,0,-1.302117539,-4.481581564,1,-1
1,1,-1.883716189,-5.8159865
0,0,0,0,0,0
0,0,0.0865513321,0.865513321,1,0
0,0,0.1882837419,1.017324098,0,0
0,0,0.4052222184,2.169384764,2,0
0,0,0.6138531482,2.086309298,2,0
0,0,0.8525993366,2.387461885,2,0
0,0,1.151545094,2.989457575,0,-1
1,1,1.61724621,4.657011153
0,0,0,0,1,0
0,0,0.01595267096,0.1595267096,2,0
0,0,-0.05266957872,-0.6862224968,2,0
0,0,-0.2224856341,-1.698160554,0,0
0,0,-0.3400980108,-1.176123767,2,0
0,0,-0.5880324774,-2.479344666,2,0
0,0,-0.991671563,-4.036390856,2,0
0,0,-1.553209322,-5.615377593,1,-1
1,1,-2.261158649,-7.07949327
0,0,0,0,1,0
0,0,-0.01320432793,-0.1320432793,2,0
0,0,-0.1117745737,-0.9857024572,1,0
0,0,-0.217827296,-1.060527223,2,0
0,0,-0.4541558669,-2.363285709,0,0
0,0,-0.6867293458,-2.325734788,0,0
0,0,-0.9560683998,-2.69339054,1,0
0,0,-1.341422126,-3.853537259,1,-1
1,1,-1.862886624,-5.214644982
0,0,0,0,2,0
0,0,-0.08641004975,-0.8641004975,2,0
0,0,-0.2670637125,-1.806536628,2,0
0,0,-0.5801544027,-3.130906902,0,0
0,0,-0.8956779581,-3.155235554,1,0
0,0,-1.31807672,-4.223987618,1,-1
1,1,-1.879752363,-5.616756426
0,0,0,0,0,0
0,0,0.09521850069,0.9521850069,1,0
0,0,0.197522078,1.023035773,0,0
0,0,0.4207992105,2.232771325,2,0
0,0,0.6207726854,1.999734749,0,0
0,0,0.9697877667,3.490150813,0,0
0,0,1.479906785,5.101190188,0,-1
1,1,2.141113562,6.61206777
0,0,0,0,1,0
0,0,0.01687027375,0.1687027375,1,0
0,0,0.02139107088,0.04520797136,1,0
0,0,0.02256817884,0.01177107953,1,0
0,0,0.02887435638,0.0630617754,0,0
0,0,0.11601822,0.871438636,0,0
0,0,0.3101862032,1.941679832,0,0
0,0,0.6533602114,3.431740082,0,0
0,0,1.146193869,4.928336576,1,-1
1,1,1.759433767,6.132398977
0,0,0,0,2,0
0,0,-0.07908710781,-0.7908710781,2,0
0,0,-0.2670168066,-1.879296988,2,0
0,0,-0.5695106729,-3.024938663,2,0
0,0,-1.031192754,-4.61682081,2,-1
1,1,-1.654691568,-6.234988145
0,0,0,0,2,0
0,0,-0.08513703283,-0.8513703283,2,0
0,0,-0.2779022576,-1.927652248,0,0
0,0,-0.4360508167,-1.581485591,0,0
0,0,-0.5797601119,-1.437092952,0,0
0,0,-0.7545786241,-1.748185122,0,0
0,0,-0.981306429,-2.267278049,2,0
0,0,-1.375130685,-3.938242561,0,-1
1,1,-1.893485104,-5.183544187
0,0,0,0,0,0
0,0,0.1014036334,1.014036334,0,0
0,0,0.2949731778,1.935695443,2,0
0,0,0.4605719809,1.655988031,2,0
0,0,0.6095934561,1.490214753,0,0
0,0,0.9084395888,2.988461327,0,0
0,0,1.366289862,4.578502731,1,-1
1,1,1.964774849,5.984849869
0,0,0,0,2,0
0,0,-0.09622138159,-0.9622138159,1,0
0,0,-0.211386764,-1.151653824,2,0
0,0,-0.4404727318,-2.290859678,0,0
0,0,-0.6601812046,-2.197084728,2,0
0,0,-1.043868403,-3.836871988,0,0
0,0,-1.51539764,-4.715292369,2,-1
1,1,-2.136668262,-6.212706213
0,0,0,0,1,0
0,0,-0.005128557292,-0.05128557292,1,0
0,0,-0.0131889944,-0.08060437107,1,0
0,0,-0.02231111423,-0.09122119834,0,0
0,0,0.05554752323,0.7785863747,0,0
0,0,0.214702651,1.591551278,0,0
0,0,0.4964474383,2.817447873,1,0
0,0,0.8428165196,3.463690812,0,0
0,0,1.355268123,5.124516034,2,-1
1,1,1.987193263,6.319251405
0,0,0,0,2,0
0,0,-0.1051561553,-1.051561553,0,0
0,0,-0.1282195921,-0.2306343674,0,0
0,0,-0.07224490187,0.5597469021,0,0
0,0,0.0684888461,1.40733748,2,0
0,0,0.1175906063,0.4910176024,2,0
0,0,0.09771373393,-0.1987687241,0,0
0,0,0.1807141789,0.83000445,2,0
0,0,0.1965707882,0.1585660928,2,0
0,0,0.1558673518,-0.4070343644,2,0
0,0,0.0630401925,-0.9282715926,1,0
0,0,-0.0070513812,-0.700915737,1,0
0,0,-0.0668399127,-0.597885315,0,0
0,0,-0.04764465574,0.1919525696,2,0
0,0,-0.1158061316,-0.6816147582,2,0
0,0,-0.2935886306,-1.777824991,0,0
0,0,-0.4259785307,-1.323899001,0,0
0,0,-0.5543840153,-1.284054845,0,0
0,0,-0.6912259734,-1.368419581,1,0
0,0,-0.9257964719,-2.345704986,1,0
0,0,-1.285771915,-3.599754435,2,-1
1,1,-1.802428428,-5.166565121
0,0,0,0,0,0
0,0,0.08151818944,0.8151818944,0,0
0,0,0.2702791909,1.887610014,2,0
0,0,0.4343276064,1.640484156,1,0
0,0,0.6610142163,2.266866099,0,0
0,0,1.047856551,3.868423342,2,0
0,0,1.513741611,4.658850603,1,-1
1,1,2.123782611,6.100410006
0,0,0,0,2,0
0,0,-0.07163748403,-0.7163748403,2,0
0,0,-0.2390578793,-1.674203953,0,0
0,0,-0.3575231685,-1.184652892,0,0
0,0,-0.4380003774,-0.8047720884,2,0
0,0,-0.6717819844,-2.337816071,0,0
0,0,-0.9248704701,-2.530884857,0,0
0,0,-1.247401339,-3.225308691,1,-1
1,1,-1.705598911,-4.581975714
0,0,0,0,2,0
0,0,-0.09158488293,-0.9158488293,1,0
0,0,-0.1980407567,-1.064558738,0,0
0,0,-0.2506722096,-0.5263145291,2,0
0,0,-0.4226164773,-1.719442676,1,0
0,0,-0.6691306894,-2.465142121,0,0
0,0,-0.9515595744,-2.82428885,1,0
0,0,-1.360019204,-4.084596296,2,-1
1,1,-1.921409225,-5.613900211
0,0,0,0,2,0
0,0,-0.0901574695,-0.901574695,0,0
0,0,-0.1069036706,-0.167462011,1,0
0,0,-0.1454104666,-0.3850679599,2,0
0,0,-0.2998511021,-1.544406355,1,0
0,0,-0.5047432506,-2.048921485,1,0
0,0,-0.7775081837,-2.727649331,1,0
0,0,-1.164050414,-3.865422306,1,-1
1,1,-1.677964224,-5.139138096
0,0,0,0,0,0
0,0,0.07563244755,0.7563244755,2,0
0,0,0.06295313324,-0.1267931431,0,0
0,0,0.146776513,0.8382337979,1,0
0,0,0.2673193315,1.205428185,1,0
0,0,0.4180710427,1.507517111,1,0
0,0,0.6489262644,2.308552217,1,0
0,0,0.9842337256,3.353074613,2,0
0,0,1.398916785,4.146830595,0,-1
1,1,1.967016713,5.680999282
0,0,0,0,2,0
0,0,-0.07183811612,-0.7183811612,1,0
0,0,-0.1599696039,-0.8813148777,2,0
0,0,-0.3749750101,-2.150054062,1,0
0,0,-0.6649466907,-2.899716806,0,0
0,0,-0.9807613925,-3.158147018,2,0
0,0,-1.467552299,-4.867909061,0,-1
1,1,-2.089709266,-6.221569674
0,0,0,0,2,0
0,0,-0.08825981659,-0.8825981659,2,0
0,0,-0.2950691569,-2.068093403,0,0
0,0,-0.4730204215,-1.779512646,1,0
0,0,-0.7204584061,-2.474379846,0,0
0,0,-1.016206431,-2.957480245,2,0
0,0,-1.47758316,-4.613767292,1,-1
1,1,-2.083201783,-6.05618623
0,0,0,0,2,0
0,0,-0.0832141793,-0.832141793,0,0
0,0,-0.1095914763,-0.2637729704,2,0
0,0,-0.2392444176,-1.296529412,1,0
0,0,-0.3927571078,-1.535126903,0,0
0,0,-0.5384320584,-1.456749506,0,0
0,0,-0.7078078855,-1.693758272,1,0
0,0,-0.9851418893,-2.773340037,2,0
0,0,-1.424136357,-4.38994468,1,-1
1,1,-2.003147694,-5.790113367
0,0,0,0,2,0
0,0,-0.1050139308,-1.050139308,2,0
0,0,-0.300889552,-1.958756212,1,0
0,0,-0.5399866922,-2.390971402,0,0
0,0,-0.7866474976,-2.466608054,1,0
0,0,-1.140735468,-3.540879704,2,-1
1,1,-1.662410508,-5.216750396
0,0,0,0,0,0
0,0,0.07417388582,0.7417388582,2,0
0,0,0.06163001163,-0.1254387418,2,0
0,0,-0.04159797561,-1.032279872,1,0
0,0,-0.1492687893,-1.076708137,1,0
0,0,-0.292413206,-1.431444167,0,0
0,0,-0.3877068796,-0.9529367364,1,0
0,0,-0.5556032537,-1.678963741,0,0
0,0,-0.7422268621,-1.866236084,1,0
0,0,-1.03642917,-2.942023084,1,0
0,0,-1.459618923,-4.231897529,1,-1
1,1,-2.025266874,-5.656479507
0,0,0,0,1,0
0,0,0.01410831054,0.1410831054,1,0
0,0,0.0143472902,0.002389796589,2,0
0,0,-0.06132684949,-0.7567413969,2,0
0,0,-0.2350773674,-1.737505179,2,0
0,0,-0.535352513,-3.002751456,2,0
0,0,-0.9828400825,-4.474875696,1,0
0,0,-1.536057835,-5.532177526,1,-1
1,1,-2.234944781,-6.988869462
0,0,0,0,2,0
0,0,-0.07348159583,-0.7348159583,1,0
0,0,-0.173132507,-0.9965091116,0,0
0,0,-0.2194531999,-0.4632069285,1,0
0,0,-0.299584699,-0.801314992,0,0
0,0,-0.337849013,-0.38264314,1,0
0,0,-0.434385653,-0.9653663994,1,0
0,0,-0.608593931,-1.74208278,0,0
0,0,-0.8065879845,-1.979940536,2,0
0,0,-1.181730334,-3.751423498,2,-1
1,1,-1.711872837,-5.301425029
0,0,0,0,0,0
0,0,0.07949686293,0.7949686293,0,0
0,0,0.2480058921,1.685090292,0,0
0,0,0.5478306979,2.998248058,0,0
0,0,0.9919804202,4.441497223,1,0
0,0,1.554206954,5.622265336,1,-1
1,1,2.262482548,7.082755944
0,0,0,0,2,0
0,0,-0.09323700224,-0.9323700224,2,0
0,0,-0.2759083227,-1.826713205,0,0
0,0,-0.4158253105,-1.399169878,1,0
0,0,-0.6319829069,-2.161575964,0,0
0,0,-0.8849139134,-2.529310065,2,0
0,0,-1.296460372,-4.115464586,2,-1
1,1,-1.867084022,-5.706236498
0,0,0,0,1,0
0,0,0.003109852653,0.03109852653,0,0
0,0,0.1029427379,0.9983288525,2,0
0,0,0.1222469609,0.1930422304,1,0
0,0,0.1767125319,0.5446557099,2,0
0,0,0.1763219674,-0.003905645635,2,0
0,0,0.1288869385,-0.4743502887,0,0
0,0,0.1879564976,0.590695591,0,0
0,0,0.3786166365,1.906601389,2,0
0,0,0.5534704254,1.748537889,1,0
0,0,0.8213564284,2.678860029,0,0
0,0,1.252813728,4.314572995,0,-1
1,1,1.843599735,5.907860069
0,0,0,0,1,0
0,0,0.01512480424,0.1512480424,0,0
0,0,0.1246300366,1.095052323,2,0
0,0,0.1561059092,0.3147587264,1,0
0,0,0.2309280174,0.7482210817,1,0
0,0,0.3398915388,1.089635214,0,0
0,0,0.6016873139,2.617957751,1,0
0,0,0.9548241418,3.53136828,2,0
0,0,1.37951662,4.246924786,2,-1
1,1,1.929331715,5.498150943
0,0,0,0,2,0
0,0,-0.0887298446,-0.887298446,0,0
0,0,-0.1102218093,-0.2149196473,2,0
0,0,-0.2213932759,-1.111714666,0,0
0,0,-0.2719159348,-0.5052265892,1,0
0,0,-0.3676236269,-0.9570769207,1,0
0,0,-0.5256262596,-1.580026327,0,0
0,0,-0.6966250267,-1.709987671,0,0
0,0,-0.9031023882,-2.064773614,2,0
0,0,-1.284505499,-3.814031108,2,-1
1,1,-1.827881699,-5.433762005
0,0,0,0,2,0
0,0,-0.09672894471,-0.9672894471,2,0
0,0,-0.2928621399,-1.961331952,1,0
0,0,-0.5259908279,-2.33128688,1,0
0,0,-0.8506431989,-3.24652371,0,0
0,0,-1.227273987,-3.76630788,1,-1
1,1,-1.734031588,-5.067576013
0,0,0,0,2,0
0,0,-0.07740815052,-0.7740815052,1,0
0,0,-0.1813676898,-1.039595392,0,0
0,0,-0.2312540458,-0.4988635601,0,0
0,0,-0.2485112037,-0.1725715792,2,0
0,0,-0.3853238952,-1.368126915,2,0
0,0,-0.6702832545,-2.849593594,1,0
0,0,-1.05628957,-3.860063159,1,0
0,0,-1.565170151,-5.088805805,2,-1
1,1,-2.221277975,-6.561078239
0,0,0,0,1,0
0,0,0.006317353175,0.06317353175,1,0
0,0,0.01496913453,0.08651781354,2,0
0,0,-0.05966440741,-0.7463354194,1,0
0,0,-0.1447997684,-0.8513536095,1,0
0,0,-0.2453275677,-1.005277993,0,0
0,0,-0.2945600281,-0.4923246042,1,0
0,0,-0.386324836,-0.9176480789,1,0
0,0,-0.5449128217,-1.585879857,2,0
0,0,-0.8570363862,-3.121235645,0,0
0,0,-1.231047237,-3.740108508,2,-1
1,1,-1.769535375,-5.384881383
0,0,0,0,2,0
0,0,-0.09350507036,-0.9350507036,2,0
0,0,-0.2901071599,-1.966020895,0,0
0,0,-0.4573821692,-1.672750094,0,0
0,0,-0.605778356,-1.483961868,1,0
0,0,-0.8472749048,-2.414965488,1,0
0,0,-1.197601558,-3.503266535,0,-1
1,1,-1.648552238,-4.509506801
0,0,0,0,2,0
0,0,-0.0759016759,-0.759016759,2,0
0,0,-0.2616523042,-1.857506283,1,0
0,0,-0.4959303168,-2.342780126,2,0
0,0,-0.8653436002,-3.694132834,1,0
0,0,-1.349781307,-4.84437707,1,-1
1,1,-1.969272426,-6.194911192
0,0,0,0,1,0
0,0,0.01334135016,0.1334135016,1,0
0,0,0.04224655305,0.2890520289,0,0
0,0,0.1537211344,1.114745814,0,0
0,0,0.3636767064,2.09955572,0,0
0,0,0.7002990835,3.366223771,1,0
0,0,1.134155194,4.338561109,0,-1
1,1,1.726515143,5.923599484
0,0,0,0,1,0
0,0,0.01287159588,0.1287159588,2,0
0,0,-0.05714959075,-0.7002118663,0,0
0,0,-0.04196919401,0.1518039674,0,0
0,0,0.06788585663,1.098550506,1,0
0,0,0.206672096,1.387862394,0,0
0,0,0.4709456837,2.642735877,1,0
0,0,0.8142662255,3.433205419,1,0
0,0,1.271089456,4.568232309,2,-1
1,1,1.837783455,5.666939989
0,0,0,0,1,0
0,0,-0.01506468967,-0.1506468967,2,0
0,0,-0.1116771972,-0.9661250751,2,0
0,0,-0.3111584151,-1.994812179,1,0
0,0,-0.5729612352,-2.618028201,2,0
0,0,-0.9842436163,-4.112823811,1,0
0,0,-1.504004808,-5.197611915,1,-1
1,1,-2.167780882,-6.637760741
0,0,0,0,2,0
0,0,-0.1031040802,-1.031040802,0,0
0,0,-0.1388067487,-0.3570266849,0,0
0,0,-0.09748410099,0.4132264768,1,0
0,0,-0.08552565926,0.1195844173,1,0
0,0,-0.08837883988,-0.02853180626,2,0
0,0,-0.1830664432,-0.9468760336,1,0
0,0,-0.2956738797,-1.126074365,1,0
0,0,-0.4648454084,-1.691715286,0,0
0,0,-0.620489474,-1.556440657,1,0
0,0,-0.8716794665,-2.511899924,2,0
0,0,-1.292812459,-4.211329928,0,-1
1,1,-1.830514378,-5.377019189
0,0,0,0,2,0
0,0,-0.0905135257,-0.905135257,0,0
0,0,-0.1001797902,-0.09666264472,2,0
0,0,-0.2292009725,-1.290211823,0,0
0,0,-0.3216047412,-0.924037687,0,0
0,0,-0.3846247988,-0.6302005757,1,0
0,0,-0.5010027227,-1.163779239,1,0
0,0,-0.7108257108,-2.098229881,0,0
0,0,-0.952882148,-2.420564372,1,0
0,0,-1.311068649,-3.581865011,2,-1
1,1,-1.826774118,-5.157054691
0,0,0,0,2,0
0,0,-0.08509042015,-0.8509042015,0,0
0,0,-0.08932355302,-0.0423313287,1,0
0,0,-0.1244206503,-0.350970973,0,0
0,0,-0.08438171835,0.4003893197,1,0
0,0,-0.05181786621,0.3256385214,0,0
0,0,0.06528666692,1.171045331,1,0
0,0,0.191006615,1.257199481,0,0
0,0,0.4311309321,2.401243171,1,0
0,0,0.7404091795,3.092782474,0,0
0,0,1.202101104,4.616919244,2,-1
1,1,1.769281273,5.671801689
0,0,0,0,0,0
0,0,0.1049089784,1.049089784,2,0
0,0,0.1248035589,0.1989458047,0,0
0,0,0.2700198103,1.452162515,1,0
0,0,0.4451071216,1.750873112,0,0
0,0,0.7731588431,3.280517216,2,0
0,0,1.144204357,3.710455142,0,-1
1,1,1.681219942,5.370155846
0,0,0,0,1,0
0,0,0.01622282505,0.1622282505,0,0
0,0,0.1119983121,0.9577548703,2,0
0,0,0.149663778,0.3766546596,0,0
0,0,0.2908201322,1.411563542,2,0
0,0,0.3839508994,0.9313076713,2,0
0,0,0.4732803146,0.8932941527,1,0
0,0,0.6501994371,1.769191224,1,0
0,0,0.9344914876,2.842920505,0,0
0,0,1.393962133,4.594706458,1,-1
1,1,1.992711458,5.987493243
0,0,0,0,1,0
0,0,0.001184638158,0.01184638158,1,0
0,0,0.01834357561,0.1715893745,0,0
0,0,0.1356573112,1.173137356,2,0
0,0,0.2061679221,0.7051061089,0,0
0,0,0.4020733887,1.959054666,2,0
0,0,0.5678808149,1.658074262,0,0
0,0,0.8924820481,3.246012333,1,0
0,0,1.323603513,4.311214647,2,-1
1,1,1.872220637,5.48617124
0,0,0,0,0,0
0,0,0.07282580368,0.7282580368,0,0
0,0,0.2506636739,1.778378702,2,0
0,0,0.3690384044,1.183747305,2,0
0,0,0.4518731883,0.8283478398,1,0
0,0,0.6158423172,1.639691289,2,0
0,0,0.8072069323,1.913646151,0,0
0,0,1.173458238,3.662513058,2,-1
1,1,1.638727875,4.652696367
0,0,0,0,2,0
0,0,-0.08067043902,-0.8067043902,2,0
0,0,-0.2731419125,-1.924714735,1,0
0,0,-0.520108253,-2.469663405,2,0
0,0,-0.9072959628,-3.871877098,0,0
0,0,-1.359709061,-4.524130987,1,-1
1,1,-1.949424125,-5.897150639
0,0,0,0,1,0
0,0,0.01376134474,0.1376134474,2,0
0,0,-0.04199701503,-0.5575835977,0,0
0,0,-0.00376733058,0.3822968445,1,0
0,0,0.03132488271,0.3509221329,2,0
0,0,-0.01583785816,-0.4716274086,0,0
0,0,0.02046107243,0.3629893059,2,0
0,0,-0.01147562595,-0.3193669838,1,0
0,0,-0.05500547961,-0.4352985367,0,0
0,0,-0.03054643672,0.244590429,1,0
0,0,-0.02675656794,0.03789868773,2,0
0,0,-0.1095545109,-0.8279794294,1,0
0,0,-0.2248493167,-1.152948059,1,0
0,0,-0.3646841554,-1.398348386,2,0
0,0,-0.629551867,-2.648677116,2,0
0,0,-1.039016557,-4.094646901,2,-1
1,1,-1.612906943,-5.738903858
0,0,0,0,1,0
0,0,0.002692573262,0.02692573262,1,0
0,0,0.01122218529,0.08529612031,2,0
0,0,-0.07002585215,-0.8124803744,0,0
0,0,-0.08126344492,-0.1123759277,2,0
0,0,-0.1806410052,-0.9937756029,1,0
0,0,-0.2982914266,-1.176504214,2,0
0,0,-0.5592368487,-2.609454222,0,0
0,0,-0.838159711,-2.789228623,1,0
0,0,-1.238112135,-3.999524235,2,-1
1,1,-1.793387012,-5.55274877
0,0,0,0,2,0
0,0,-0.08472117672,-0.8472117672,1,0
0,0,-0.1812490195,-0.9652784274,2,0
0,0,-0.3831957645,-2.01946745,0,0
0,0,-0.5637385212,-1.805427568,0,0
0,0,-0.7465781804,-1.828396591,1,0
0,0,-1.040777486,-2.941993059,2,0
0,0,-1.49735404,-4.565765541,1,-1
1,1,-2.09933444,-6.019803992
0,0,0,0,1,0
0,0,0.01624027021,0.1624027021,1,0
0,0,0.04632987541,0.300896052,2,0
0,0,0.001838257902,-0.444916175,2,0
0,0,-0.123202789,-1.250410469,0,0
0,0,-0.1652327407,-0.4202995176,1,0
0,0,-0.2265334716,-0.6130073089,2,0
0,0,-0.4178650511,-1.913315795,0,0
0,0,-0.6067231051,-1.888580539,0,0
0,0,-0.8053977948,-1.986746898,2,0
0,0,-1.178484983,-3.730871877,0,-1
1,1,-1.658178328,-4.796933457
0,0,0,0,2,0
0,0,-0.1004291063,-1.004291063,2,0
0,0,-0.3188651237,-2.184360174,2,0
0,0,-0.6665607345,-3.476956107,2,0
0,0,-1.17451844,-5.079577059,0,-1
1,1,-1.781911185,-6.073927448
0,0,0,0,0,0
0,0,0.07722766792,0.7722766792,0,0
0,0,0.2619217785,1.846941106,2,0
0,0,0.4185570011,1.566352226,1,0
0,0,0.6531579414,2.346009403,0,0
0,0,1.058984995,4.058270536,2,0
0,0,1.546701416,4.877164212,1,-1
1,1,2.180596019,6.338946031
0,0,0,0,0,0
0,0,0.1036633127,1.036633127,0,0
0,0,0.327869451,2.242061383,2,0
0,0,0.51165493,1.83785479,1,0
0,0,0.7858647077,2.742097777,2,0
0,0,1.108711392,3.228466842,2,0
0,0,1.524892618,4.161812257,2,-1
1,1,2.083302445,5.58409827
0,0,0,0,1,0
0,0,-0.01179016095,-0.1179016095,1,0
0,0,-0.01186826407,-0.0007810312067,1,0
0,0,-0.002610775884,0.09257488188,0,0
0,0,0.09683404034,0.9944481622,1,0
0,0,0.2257792087,1.289451684,1,0
0,0,0.3823274442,1.565482355,2,0
0,0,0.5262793244,1.439518801,1,0
0,0,0.7446627904,2.18383466,0,0
0,0,1.131286856,3.866240656,1,-1
1,1,1.643236762,5.11949906
0,0,0,0,2,0
0,0,-0.09072360076,-0.9072360076,1,0
0,0,-0.1846001595,-0.938765587,2,0
0,0,-0.4090862235,-2.244860641,2,0
0,0,-0.7718410354,-3.627548119,0,0
0,0,-1.170752902,-3.989118671,1,-1
1,1,-1.699100104,-5.283472013
0,0,0,0,2,0
0,0,-0.0764396912,-0.764396912,0,0
0,0,-0.0890091763,-0.125694851,1,0
0,0,-0.1110902057,-0.2208102935,1,0
0,0,-0.1631107745,-0.5202056885,2,0
0,0,-0.3393479846,-1.762372101,2,0
0,0,-0.6497662433,-3.104182587,0,0
0,0,-0.9789791809,-3.292129376,1,0
0,0,-1.430307725,-4.513285439,2,-1
1,1,-2.035785656,-6.054779316
0,0,0,0,1,0
0,0,0.002026225288,0.02026225288,2,0
0,0,-0.09222267176,-0.9424889705,0,0
0,0,-0.1197788348,-0.2755616306,1,0
0,0,-0.163509759,-0.4373092415,0,0
0,0,-0.1397980899,0.2371166903,1,0
0,0,-0.138278779,0.01519310952,0,0
0,0,-0.07601902541,0.6225975358,0,0
0,0,0.07705232891,1.530713543,1,0
0,0,0.2439761712,1.669238423,1,0
0,0,0.4658452491,2.218690779,1,0
0,0,0.7536504269,2.878051778,2,0
0,0,1.080578133,3.269277058,0,0
0,0,1.569846344,4.892682108,0,-1
1,1,2.206145896,6.362995526
0,0,0,0,0,0
0,0,0.07081915022,0.7081915022,1,0
0,0,0.1612061391,0.9038698886,1,0
0,0,0.2700712889,1.088651498,1,0
0,0,0.4153512654,1.452799765,2,0
0,0,0.5348776968,1.195264314,2,0
0,0,0.6652693254,1.303916286,2,0
0,0,0.8264111259,1.611418005,1,0
0,0,1.093472881,2.670617552,1,0
0,0,1.492508526,3.990356453,0,-1
1,1,2.042426653,5.499181262
0,0,0,0,2,0
0,0,-0.09769560936,-0.9769560936,1,0
0,0,-0.2198063812,-1.221107719,0,0
0,0,-0.290939873,-0.711334918,1,0
0,0,-0.4113564627,-1.204165897,2,0
0,0,-0.6799271328,-2.685706701,0,0
0,0,-0.97020438,-2.902772473,2,0
0,0,-1.43420653,-4.640021496,2,-1
1,1,-2.049131957,-6.149254274
0,0,0,0,0,0
0,0,0.07210949235,0.7210949235,0,0
0,0,0.2384169708,1.663074784,1,0
0,0,0.4518545082,2.134375374,0,0
0,0,0.8128370992,3.60982591,1,0
0,0,1.27695379,4.641166905,2,-1
1,1,1.84980521,5.728514201
0,0,0,0,1,0
0,0,-0.01354669357,-0.1354669357,0,0
0,0,0.05757766377,0.7112435734,0,0
0,0,0.2244310946,1.668534308,1,0
0,0,0.4414913437,2.170602491,2,0
0,0,0.6375789891,1.960876454,1,0
0,0,0.9183611955,2.807822064,2,0
0,0,1.278158853,3.59797658,0,-1
1,1,1.793410023,5.152511697
0,0,0,0,2,0
0,0,-0.0960190061,-0.960190061,1,0
0,0,-0.2008405787,-1.048215726,0,0
0,0,-0.2448808355,-0.4404025682,0,0
0,0,-0.2483398534,-0.03459017939,0,0
0,0,-0.1970117538,0.5132809958,2,0
0,0,-0.2793730486,-0.8236129474,1,0
0,0,-0.419751665,-1.403786165,0,0
0,0,-0.5348981228,-1.151464578,0,0
0,0,-0.6698251433,-1.349270205,0,0
0,0,-0.8418874349,-1.720622916,2,0
0,0,-1.183902849,-3.420154138,0,-1
1,1,-1.627997824,-4.440949754
0,0,0,0,0,0
0,0,0.1008817941,1.008817941,0,0
0,0,0.3212631834,2.203813892,0,0
0,0,0.6789412158,3.576780325,0,0
0,0,1.191995077,5.130538608,2,-1
1,1,1.803200862,6.112057849
0,0,0,0,1,0
0,0,-0.006541322032,-0.06541322032,1,0
0,0,-0.008923782843,-0.02382460812,2,0
0,0,-0.1015892387,-0.9266545589,1,0
0,0,-0.2185217684,-1.169325297,2,0
0,0,-0.4646804652,-2.461586968,1,0
0,0,-0.781652775,-3.169723098,2,0
0,0,-1.249755705,-4.6810293,1,-1
1,1,-1.849879055,-6.0012335
0,0,0,0,0,0
0,0,0.1050472386,1.050472386,0,0
0,0,0.3242031818,2.191559432,0,0
0,0,0.669968321,3.457651393,1,0
0,0,1.117328799,4.473604778,2,-1
1,1,1.660132613,5.428038138
0,0,0,0,2,0
0,0,-0.08823041529,-0.8823041529,0,0
0,0,-0.09861976478,-0.1038934949,0,0
0,0,-0.0299124901,0.6870727468,0,0
0,0,0.1268715092,1.567839993,2,0
0,0,0.2105228337,0.8365132453,2,0
0,0,0.2377451215,0.2722228777,2,0
0,0,0.2338661745,-0.03878947025,2,0
0,0,0.1876996486,-0.4616652583,1,0
0,0,0.1728481588,-0.1485148983,2,0
0,0,0.09953878184,-0.7330937697,1,0
0,0,0.04478030577,-0.5475847607,0,0
0,0,0.09662772466,0.5184741889,1,0
0,0,0.1760660023,0.7943827759,1,0
0,0,0.2834073684,1.073413661,2,0
0,0,0.3464731318,0.6306576345,0,0
0,0,0.5490173329,2.025442011,1,0
0,0,0.8281829142,2.791655813,2,0
0,0,1.15276504,3.245821262,2,-1
1,1,1.576181412,4.234163718
0,0,0,0,2,0
0,0,-0.09143504823,-0.9143504823,2,0
0,0,-0.2907996012,-1.99364553,2,0
0,0,-0.6068973641,-3.160977628,1,0
0,0,-1.012695841,-4.057984769,1,0
0,0,-1.533803307,-5.211074658,1,-1
1,1,-2.200702189,-6.668988818
0,0,0,0,0,0
0,0,0.07242678445,0.7242678445,1,0
0,0,0.174256115,1.018293306,2,0
0,0,0.2183423989,0.4408628388,1,0
0,0,0.3043432561,0.8600085717,2,0
0,0,0.3433874145,0.390441584,2,0
0,0,0.3571241012,0.1373668676,0,0
0,0,0.5077519703,1.506278691,1,0
0,0,0.7245328212,2.167808509,0,0
0,0,1.104627971,3.800951493,0,-1
1,1,1.648487084,5.438591132
0,0,0,0,0,0
0,0,0.09679570095,0.9679570095,1,0
0,0,0.224714519,1.279188181,0,0
0,0,0.4703690156,2.456544966,0,0
0,0,0.8525294461,3.821604306,1,0
0,0,1.343460758,4.909313117,1,-1
1,1,1.96794977,6.244890122
0,0,0,0,1,0
0,0,0.0007259349482,0.007259349482,0,0
0,0,0.07417833446,0.7345239951,0,0
0,0,0.2628267711,1.886484366,2,0
0,0,0.4252767344,1.624499633,1,0
0,0,0.6558802509,2.306035165,1,0
0,0,0.9720114071,3.161311561,1,0
0,0,1.402177674,4.301662671,0,-1
1,1,1.988192291,5.860146171
0,0,0,0,0,0
0,0,0.08887511832,0.8887511832,0,0
0,0,0.2976235629,2.087484446,1,0
0,0,0.5453934307,2.477698678,0,0
0,0,0.9595697235,4.141762928,0,0
0,0,1.530718812,5.711490884,1,-1
1,1,2.247166226,7.16447414
0,0,0,0,2,0
0,0,-0.07454318911,-0.7454318911,0,0
0,0,-0.08176141677,-0.07218227659,2,0
0,0,-0.1784600224,-0.9669860561,1,0
0,0,-0.3095837646,-1.311237422,0,0
0,0,-0.4149044938,-1.053207292,2,0
0,0,-0.6686695903,-2.537650964,2,0
0,0,-1.077192213,-4.085226227,0,0
0,0,-1.569186026,-4.919938126,2,-1
1,1,-2.208227057,-6.390410309
0,0,0,0,1,0
0,0,0.01313051389,0.1313051389,2,0
0,0,-0.06892195935,-0.8205247324,1,0
0,0,-0.168022668,-0.9910070867,0,0
0,0,-0.2158766605,-0.4785399251,0,0
0,0,-0.2227996542,-0.0692299367,1,0
0,0,-0.2538625592,-0.3106290499,0,0
0,0,-0.2436922244,0.1017033481,0,0
0,0,-0.1884246539,0.5526757049,1,0
0,0,-0.1643631618,0.2406149214,0,0
0,0,-0.08710236923,0.7726079253,2,0
0,0,-0.1176977141,-0.3059534483,2,0
0,0,-0.2441416857,-1.264439717,2,0
0,0,-0.5017401278,-2.575984421,1,0
0,0,-0.8251793033,-3.234391755,1,0
0,0,-1.24877165,-4.235923466,2,-1
1,1,-1.82834354,-5.795718905
0,0,0,0,0,0
0,0,0.0758529479,0.758529479,0,0
0,0,0.2375882959,1.61735348,0,0
0,0,0.5235468168,2.859585209,0,0
0,0,0.9609851124,4.374382956,1,0
0,0,1.518119987,5.571348743,0,-1
1,1,2.223423489,7.053035025
0,0,0,0,0,0
0,0,0.1015914201,1.015914201,2,0
0,0,0.1256837761,0.2409235592,1,0
0,0,0.1570659647,0.3138218867,0,0
0,0,0.3025868546,1.455208898,0,0
0,0,0.5853127292,2.827258747,0,0
0,0,1.022357388,4.370446584,0,-1
1,1,1.62092313,5.985657429
0,0,0,0,2,0
0,0,-0.08878686621,-0.8878686621,1,0
0,0,-0.201976576,-1.131897098,2,0
0,0,-0.4330203693,-2.310437933,0,0
0,0,-0.6623994794,-2.293791101,2,0
0,0,-1.048282336,-3.858828568,0,0
0,0,-1.517597247,-4.693149105,1,-1
1,1,-2.132242995,-6.146457485
0,0,0,0,2,0
0,0,-0.1043380901,-1.043380901,1,0
0,0,-0.215001538,-1.106634479,0,0
0,0,-0.2801558379,-0.6515429989,2,0
0,0,-0.4806495725,-2.004937346,0,0
0,0,-0.6691810475,-1.885314749,1,0
0,0,-0.9663434966,-2.971624491,1,0
0,0,-1.390821603,-4.244781066,2,-1
1,1,-1.971697488,-5.808758852
0,0,0,0,1,0
0,0,0.01143458955,0.1143458955,0,0
0,0,0.1119296511,1.004950616,0,0
0,0,0.3352640071,2.23334356,0,0
0,0,0.6805473154,3.452833082,0,0
0,0,1.194643316,5.140960004,1,-1
1,1,1.836197606,6.415542902
0,0,0,0,0,0
0,0,0.09858423434,0.9858423434,2,0
0,0,0.1294764205,0.3089218612,2,0
0,0,0.08917445879,-0.4030196166,1,0
0,0,0.07952600011,-0.09648458685,0,0
0,0,0.1725907713,0.9306477119,2,0
0,0,0.2049372863,0.3234651503,0,0
0,0,0.3693912924,1.644540061,0,0
0,0,0.6850842331,3.156929407,2,0
0,0,1.038688871,3.536046377,2,0
0,0,1.470273762,4.31584891,0,-1
1,1,2.05212712,5.818533579
0,0,0,0,0,0
0,0,0.1017746424,1.017746424,0,0
0,0,0.2948631741,1.930885317,0,0
0,0,0.6139479365,3.190847624,2,0
0,0,0.9475227182,3.335747817,1,0
0,0,1.397446929,4.499242103,0,-1
1,1,2.001176551,6.037296224
0,0,0,0,0,0
0,0,0.08662022801,0.8662022801,0,0
0,0,0.2620465652,1.754263372,0,0
0,0,0.5724103887,3.103638235,0,0
0,0,1.022073406,4.496630169,2,0
0,0,1.545230609,5.231572031,2,-1
1,1,2.212767454,6.675368456
