2,1,1
0,0,0,0,2,0
0,0,-0.1016142896,-1.016142896,2,0
0,0,-0.306854672,-2.052403824,0,0
0,0,-0.4797368546,-1.728821826,0,0
0,0,-0.6396578857,-1.599210311,2,0
0,0,-0.9493058706,-3.096479849,0,0
0,0,-1.328407735,-3.79101864,2,-1
1,1,-1.862122569,-5.33714834
0,0,0,0,0,0
0,0,0.09590132126,0.9590132126,0,0
0,0,0.3010716663,2.05170345,2,0
0,0,0.4715121377,1.704404714,2,0
0,0,0.6436175411,1.721054034,1,0
0,0,0.9140450515,2.704275103,0,0
0,0,1.345517521,4.314724693,1,-1
1,1,1.917244898,5.717273775
0,0,0,0,0,0
0,0,0.07701813643,0.7701813643,1,0
0,0,0.1597890924,0.8277095596,2,0
0,0,0.189609156,0.2982006364,2,0
0,0,0.1539260788,-0.3568307728,0,0
0,0,0.2389995582,0.8507347948,1,0
0,0,0.3810031579,1.420035996,1,0
0,0,0.5909450142,2.099418563,2,0
0,0,0.8180042777,2.270592635,0,0
0,0,1.205314692,3.873104147,1,-1
1,1,1.728691488,5.233767958
0,0,0,0,1,0
0,0,0.005000784929,0.05000784929,1,0
0,0,0.01711670931,0.1211592438,2,0
0,0,-0.0653302626,-0.8244697191,0,0
0,0,-0.06896667232,-0.03636409717,2,0
0,0,-0.1849348032,-1.159681308,1,0
0,0,-0.3409338318,-1.559990287,1,0
0,0,-0.5400106432,-1.990768114,0,0
0,0,-0.7588629701,-2.188523268,2,0
0,0,-1.143572163,-3.847091925,0,-1
1,1,-1.631383994,-4.878118312
0,0,0,0,2,0
0,0,-0.08226926803,-0.8226926803,2,0
0,0,-0.2591117921,-1.768425241,1,0
0,0,-0.4872532664,-2.281414743,0,0
0,0,-0.7228449863,-2.355917199,2,0
0,0,-1.132918289,-4.10073303,1,-1
1,1,-1.671383761,-5.384654721
0,0,0,0,2,0
0,0,-0.08493555887,-0.8493555887,0,0
0,0,-0.10099553,-0.1605997115,2,0
0,0,-0.2329881453,-1.319926153,2,0
0,0,-0.4971993576,-2.642112123,2,0
0,0,-0.9044787819,-4.072794243,1,0
0,0,-1.418235274,-5.137564917,1,-1
1,1,-2.0740888,-6.558535263
0,0,0,0,1,0
0,0,-0.01334526118,-0.1334526118,2,0
0,0,-0.1274146014,-1.140693402,1,0
0,0,-0.2471187197,-1.197041183,0,0
0,0,-0.3167281527,-0.6960943305,0,0
0,0,-0.3469505386,-0.3022238587,2,0
0,0,-0.512524938,-1.655743994,2,0
0,0,-0.8182003966,-3.056754586,1,0
0,0,-1.242668536,-4.244681396,0,-1
1,1,-1.773380999,-5.307124632
0,0,0,0,1,0
0,0,-0.01233746082,-0.1233746082,2,0
0,0,-0.09828060878,-0.8594314796,2,0
0,0,-0.2857875317,-1.875069229,0,0
0,0,-0.4465594943,-1.607719627,2,0
0,0,-0.7622919018,-3.157324075,0,0
0,0,-1.119214792,-3.569228904,0,-1
1,1,-1.576811268,-4.575964758
0,0,0,0,0,0
0,0,0.07138558488,0.7138558488,1,0
0,0,0.1697706754,0.9838509053,1,0
0,0,0.3095331753,1.397624999,1,0
0,0,0.5165206725,2.069874972,1,0
0,0,0.798669233,2.821485605,1,0
0,0,1.186308231,3.87638998,1,-1
1,1,1.708190135,5.21881904
0,0,0,0,2,0
0,0,-0.08122704361,-0.8122704361,0,0
0,0,-0.07653043047,0.04696613141,0,0
0,0,0.001100371164,0.7763080164,0,0
0,0,0.1600760927,1.589757215,0,0
0,0,0.4168128083,2.567367156,1,0
0,0,0.7490556322,3.322428239,2,0
0,0,1.115261659,3.662060267,2,-1
1,1,1.577674946,4.624132869
0,0,0,0,0,0
0,0,0.0798630548,0.798630548,1,0
0,0,0.1865519235,1.066888687,1,0
0,0,0.3151938339,1.286419104,1,0
0,0,0.4867092772,1.715154433,0,0
0,0,0.8195333145,3.328240374,0,0
0,0,1.304623391,4.85090076,1,-1
1,1,1.925168711,6.205453205
0,0,0,0,2,0
0,0,-0.07614281837,-0.7614281837,0,0
0,0,-0.07271530208,0.03427516291,2,0
0,0,-0.154096406,-0.8138110396,1,0
0,0,-0.2723412276,-1.182448216,2,0
0,0,-0.5207973749,-2.484561472,0,0
0,0,-0.7648918681,-2.440944933,2,0
0,0,-1.169990087,-4.050982191,2,-1
1,1,-1.739007623,-5.690175362
0,0,0,0,0,0
0,0,0.09971348241,0.9971348241,1,0
0,0,0.2052140282,1.055005458,0,0
0,0,0.4222795057,2.170654775,2,0
0,0,0.6270791658,2.047996601,0,0
0,0,0.9977028276,3.706236618,2,0
0,0,1.442943315,4.452404874,0,-1
1,1,2.041698058,5.987547434
0,0,0,0,0,0
0,0,0.1026294482,1.026294482,0,0
0,0,0.3064154779,2.037860297,2,0
0,0,0.4697976266,1.633821487,1,0
0,0,0.6944699572,2.246723306,2,0
0,0,0.9676908665,2.732209093,2,0
0,0,1.31366276,3.45971894,2,-1
1,1,1.779552393,4.65889633
0,0,0,0,2,0
0,0,-0.07612938633,-0.7612938633,2,0
0,0,-0.252002918,-1.758735317,0,0
0,0,-0.3691564621,-1.17153544,0,0
0,0,-0.4677814929,-0.9862503082,2,0
0,0,-0.7243810077,-2.565995149,1,0
0,0,-1.085063528,-3.606825204,2,-1
1,1,-1.604475389,-5.194118608
0,0,0,0,0,0
0,0,0.09148359516,0.9148359516,2,0
0,0,0.1249844474,0.3350085223,2,0
0,0,0.1091550412,-0.1582940619,0,0
0,0,0.2046519273,0.9549688605,2,0
0,0,0.264026625,0.5937469778,2,0
0,0,0.2689486535,0.04922028466,2,0
0,0,0.2267751671,-0.4217348641,1,0
0,0,0.2256557566,-0.01119410484,1,0
0,0,0.2767936654,0.5113790882,2,0
0,0,0.2950885326,0.182948672,2,0
0,0,0.2889501297,-0.06138402956,0,0
0,0,0.4156057828,1.266556531,2,0
0,0,0.5167101759,1.011043931,1,0
0,0,0.6862063671,1.694961912,0,0
0,0,1.017556007,3.313496397,1,0
0,0,1.464727133,4.47171126,2,-1
1,1,2.047782764,5.830556308
0,0,0,0,0,0
0,0,0.09015605844,0.9015605844,2,0
0,0,0.1058545824,0.1569852399,2,0
0,0,0.03928630026,-0.6656828217,0,0
0,0,0.05392040276,0.146341025,0,0
0,0,0.1720809321,1.181605294,0,0
0,0,0.4114174517,2.393365196,0,0
0,0,0.7895926593,3.781752076,2,0
0,0,1.213737801,4.241451421,1,-1
1,1,1.772507051,5.587692496
0,0,0,0,0,0
0,0,0.0793652477,0.793652477,2,0
0,0,0.07225598869,-0.07109259011,0,0
0,0,0.1631929587,0.9093696997,2,0
0,0,0.2096846825,0.4649172379,0,0
0,0,0.3887861338,1.791014514,2,0
0,0,0.553924751,1.651386172,0,0
0,0,0.8621879329,3.082631819,0,0
0,0,1.340969093,4.787811604,0,-1
1,1,1.971410219,6.304411257
0,0,0,0,1,0
0,0,0.01407820618,0.1407820618,2,0
0,0,-0.06814710107,-0.8222530725,1,0
0,0,-0.154707469,-0.8656036795,2,0
0,0,-0.3630455904,-2.083381213,1,0
0,0,-0.6155028074,-2.52457217,2,0
0,0,-1.024849714,-4.093469062,0,0
0,0,-1.505774943,-4.809252298,2,-1
1,1,-2.136349245,-6.305743012
0,0,0,0,1,0
0,0,0.01197654518,0.1197654518,1,0
0,0,0.01272824193,0.007516967513,1,0
0,0,0.01265676091,-0.000714810232,0,0
0,0,0.1186307543,1.059739934,0,0
0,0,0.3273574812,2.08726727,2,0
0,0,0.5015852283,1.742277471,2,0
0,0,0.6933438474,1.917586191,1,0
0,0,0.9917497955,2.98405948,2,0
0,0,1.373583741,3.818339451,1,-1
1,1,1.896367667,5.227839266
0,0,0,0,2,0
0,0,-0.08192464035,-0.8192464035,2,0
0,0,-0.2800942268,-1.981695864,2,0
0,0,-0.6134458932,-3.333516664,2,0
0,0,-1.097110831,-4.836649374,1,-1
1,1,-1.70629417,-6.091833394
0,0,0,0,1,0
0,0,-0.01537474796,-0.1537474796,1,0
0,0,-0.02935372518,-0.1397897721,0,0
0,0,0.0359053767,0.6525910188,1,0
0,0,0.119932967,0.8402759028,1,0
0,0,0.240641574,1.20708607,0,0
0,0,0.5009685986,2.603270246,2,0
0,0,0.7766799848,2.757113862,1,0
0,0,1.153187149,3.765071645,1,-1
1,1,1.665280981,5.120938317
0,0,0,0,0,0
0,0,0.09954176838,0.9954176838,0,0
0,0,0.2927565325,1.932147641,2,0
0,0,0.4536535939,1.608970613,1,0
0,0,0.6994900285,2.458364346,1,0
0,0,1.047606601,3.481165725,2,0
0,0,1.481054008,4.334474075,0,-1
1,1,2.064539734,5.834857252
0,0,0,0,0,0
0,0,0.08507963141,0.8507963141,2,0
0,0,0.08118443567,-0.03895195738,1,0
0,0,0.09177822225,0.1059378658,1,0
0,0,0.1230032472,0.3122502497,1,0
0,0,0.172804108,0.498008608,1,0
0,0,0.2617744735,0.8897036544,1,0
0,0,0.3850366261,1.232621527,1,0
0,0,0.5805761194,1.955394933,2,0
0,0,0.7976143166,2.170381972,0,0
0,0,1.169857096,3.722427797,2,-1
1,1,1.637949858,4.680927617
0,0,0,0,0,0
0,0,0.09884245628,0.9884245628,1,0
0,0,0.2131078393,1.14265383,1,0
0,0,0.3545859944,1.414781552,1,0
0,0,0.5409789796,1.863929852,0,0
0,0,0.8677333446,3.26754365,0,0
0,0,1.347569441,4.798360961,1,-1
1,1,1.961984845,6.144154043
0,0,0,0,0,0
0,0,0.08620444549,0.8620444549,2,0
0,0,0.09790510244,0.1170065695,0,0
0,0,0.2017111627,1.038060603,0,0
0,0,0.432559063,2.308479003,2,0
0,0,0.6639793488,2.314202857,2,0
0,0,0.93843386,2.744545113,0,0
0,0,1.376168433,4.377345725,0,-1
1,1,1.969491582,5.933231495
0,0,0,0,0,0
0,0,0.09155837709,0.9155837709,2,0
0,0,0.0954178332,0.03859456106,0,0
0,0,0.1978602644,1.024424312,0,0
0,0,0.4190305251,2.211702607,2,0
0,0,0.6227317227,2.037011976,2,0
0,0,0.8380707061,2.153389833,0,0
0,0,1.213600338,3.755296324,0,-1
1,1,1.74555723,5.319568913
0,0,0,0,2,0
0,0,-0.1004998475,-1.004998475,2,0
0,0,-0.3087309614,-2.082311139,0,0
0,0,-0.4700206119,-1.612896506,2,0
0,0,-0.7691367921,-2.991161802,0,0
0,0,-1.112344496,-3.432077038,1,-1
1,1,-1.585370755,-4.730262586
0,0,0,0,1,0
0,0,0.01613530948,0.1613530948,1,0
0,0,0.02201946072,0.05884151238,0,0
0,0,0.1149499024,0.9293044171,0,0
0,0,0.3010565446,1.861066422,1,0
0,0,0.5295851267,2.28528582,1,0
0,0,0.8315968876,3.020117609,2,0
0,0,1.199230759,3.676338712,0,-1
1,1,1.730433954,5.312031955
0,0,0,0,0,0
0,0,0.08463389773,0.8463389773,0,0
0,0,0.2605144318,1.75880534,0,0
0,0,0.5672091194,3.066946877,1,0
0,0,0.9632240407,3.960149212,2,0
0,0,1.438099762,4.748757213,1,-1
1,1,2.052698798,6.145990362
0,0,0,0,1,0
0,0,-0.01365893272,-0.1365893272,2,0
0,0,-0.1206556886,-1.069967559,0,0
0,0,-0.1598728239,-0.3921713529,0,0
0,0,-0.132767024,0.2710579986,0,0
0,0,-0.05497155015,0.7779547389,0,0
0,0,0.1007222104,1.556937606,2,0
0,0,0.1944477716,0.9372556115,0,0
0,0,0.4227465057,2.282987341,1,0
0,0,0.7122160926,2.894695869,2,0
0,0,1.031074425,3.188583319,2,0
0,0,1.43728985,4.062154259,1,-1
1,1,1.98469788,5.474080298
0,0,0,0,1,0
0,0,0.005050523404,0.05050523404,0,0
0,0,0.1088723776,1.038218542,0,0
0,0,0.3037766883,1.949043107,2,0
0,0,0.4753199622,1.715432739,1,0
0,0,0.7134251115,2.381051493,2,0
0,0,0.9900535279,2.766284164,2,0
0,0,1.340646954,3.505934264,1,-1
1,1,1.833439753,4.92792799
0,0,0,0,0,0
0,0,0.104221437,1.04221437,2,0
0,0,0.1392131049,0.349916679,2,0
0,0,0.1076594,-0.3155370484,1,0
0,0,0.1113482709,0.0368887086,0,0
0,0,0.2120969928,1.007487219,1,0
0,0,0.3474744066,1.353774138,2,0
0,0,0.4607571733,1.132827668,2,0
0,0,0.5761696486,1.154124752,1,0
0,0,0.7926449568,2.164753082,2,0
0,0,1.072616349,2.799713922,1,0
0,0,1.479044874,4.064285251,1,-1
1,1,2.02894075,5.498958758
0,0,0,0,2,0
0,0,-0.09196535301,-0.9196535301,2,0
0,0,-0.2765654879,-1.846001348,1,0
0,0,-0.5161587358,-2.395932479,0,0
0,0,-0.7551398255,-2.389810897,0,0
0,0,-1.031276964,-2.76137139,0,0
0,0,-1.399968983,-3.686920183,0,-1
1,1,-1.899900923,-4.999319404
0,0,0,0,0,0
0,0,0.08685937263,0.8685937263,2,0
0,0,0.09419763975,0.07338267128,0,0
0,0,0.2058010629,1.116034231,2,0
0,0,0.2498577655,0.4405670262,1,0
0,0,0.3192672908,0.6940952527,1,0
0,0,0.4524162574,1.331489666,2,0
0,0,0.5796047253,1.271884678,0,0
0,0,0.8656727865,2.860680612,0,0
0,0,1.316207468,4.505346818,2,-1
1,1,1.886819455,5.706119866
0,0,0,0,2,0
0,0,-0.09375956875,-0.9375956875,2,0
0,0,-0.3053642011,-2.116046323,2,0
0,0,-0.66484847,-3.59484269,2,0
0,0,-1.189910259,-5.250617894,0,-1
1,1,-1.806602309,-6.166920501
0,0,0,0,1,0
0,0,-0.001510808014,-0.01510808014,2,0
0,0,-0.09779440319,-0.9628359518,0,0
0,0,-0.1160836089,-0.182892057,1,0
0,0,-0.170069901,-0.5398629214,2,0
0,0,-0.3511206538,-1.810507528,0,0
0,0,-0.5181309698,-1.670103159,1,0
0,0,-0.7569763965,-2.388454268,0,0
0,0,-1.034216041,-2.772396445,0,0
0,0,-1.402841436,-3.686253947,2,-1
1,1,-1.927125568,-5.242841324
0,0,0,0,0,0
0,0,0.08043186594,0.8043186594,2,0
0,0,0.08049071211,0.0005884617424,1,0
0,0,0.08608584287,0.05595130755,1,0
0,0,0.118939494,0.3285365116,2,0
0,0,0.09095878763,-0.2798070639,2,0
0,0,-0.0111149309,-1.020737185,0,0
0,0,-0.03582603008,-0.2471109918,0,0
0,0,0.01606614513,0.5189217522,0,0
0,0,0.150000316,1.339341709,1,0
0,0,0.3167469617,1.667466457,1,0
0,0,0.5475609224,2.308139606,2,0
0,0,0.7998266412,2.522657189,0,0
0,0,1.213275723,4.134490819,0,-1
1,1,1.784123587,5.708478634
0,0,0,0,1,0
0,0,0.002873081984,0.02873081984,0,0
0,0,0.09731755063,0.9444446864,2,0
0,0,0.124330685,0.2701313435,2,0
0,0,0.08006487555,-0.4426580943,1,0
0,0,0.03457929402,-0.4548558153,0,0
0,0,0.07831585807,0.4373656405,1,0
0,0,0.1281144908,0.4979863273,1,0
0,0,0.203845537,0.7573104622,2,0
0,0,0.2290522135,0.252066765,0,0
0,0,0.3639017238,1.348495102,1,0
0,0,0.5560388854,1.921371616,2,0
0,0,0.7507456055,1.947067202,1,0
0,0,1.056190051,3.054444456,1,0
0,0,1.482374348,4.261842973,0,-1
1,1,2.05824577,5.758714217
0,0,0,0,1,0
0,0,0.01604184078,0.1604184078,2,0
0,0,-0.03719362353,-0.5323546431,0,0
0,0,-0.02235068669,0.1484293684,1,0
0,0,-0.01704817962,0.05302507071,0,0
0,0,0.05672099075,0.7376917037,2,0
0,0,0.05306347512,-0.03657515626,1,0
0,0,0.04099317094,-0.1207030419,2,0
0,0,-0.03584853708,-0.7684170802,0,0
0,0,-0.04232284877,-0.06474311688,2,0
0,0,-0.1456945475,-1.033716988,2,0
0,0,-0.3688825774,-2.231880299,0,0
0,0,-0.5586750198,-1.897924424,1,0
0,0,-0.8455280448,-2.86853025,2,0
0,0,-1.294412557,-4.48884512,2,-1
1,1,-1.895016161,-6.006036045
0,0,0,0,0,0
0,0,0.08264000973,0.8264000973,0,0
0,0,0.2794199362,1.967799265,2,0
0,0,0.4411081175,1.616881813,1,0
0,0,0.6590361597,2.179280421,2,0
0,0,0.9038119629,2.447758033,0,0
0,0,1.320580797,4.167688336,1,-1
1,1,1.877101784,5.565209876
0,0,0,0,0,0
0,0,0.09481617791,0.9481617791,0,0
0,0,0.2940739828,1.992578048,2,0
0,0,0.4412787087,1.472047259,1,0
0,0,0.6709735685,2.296948599,1,0
0,0,1.008195577,3.372220089,2,0
0,0,1.42827127,4.200756928,2,-1
1,1,1.981198233,5.52926963
0,0,0,0,0,0
0,0,0.08971057549,0.8971057549,2,0
0,0,0.1098290713,0.2011849585,1,0
0,0,0.1327496239,0.2292055259,0,0
0,0,0.2521030535,1.193534296,1,0
0,0,0.4154996682,1.633966147,1,0
0,0,0.6398801204,2.243804522,2,0
0,0,0.8847009168,2.448207963,2,0
0,0,1.196256068,3.115551513,1,-1
1,1,1.643162899,4.469068311
0,0,0,0,0,0
0,0,0.09248985948,0.9248985948,0,0
0,0,0.2908155561,1.983256967,0,0
0,0,0.6076492062,3.168336501,1,0
0,0,1.000565349,3.929161429,1,0
0,0,1.509378481,5.088131318,2,-1
1,1,2.15756521,6.481867288
0,0,0,0,0,0
0,0,0.0723934423,0.723934423,0,0
0,0,0.2393317358,1.669382935,1,0
0,0,0.4453723299,2.060405942,0,0
0,0,0.811336518,3.659641881,0,0
0,0,1.337578848,5.262423297,1,-1
1,1,1.998539887,6.609610396
0,0,0,0,2,0
0,0,-0.08818706078,-0.8818706078,1,0
0,0,-0.182240742,-0.9405368117,1,0
0,0,-0.3054342956,-1.231935536,1,0
0,0,-0.4871301664,-1.816958708,0,0
0,0,-0.6652057079,-1.780755415,0,0
0,0,-0.8648205312,-1.996148233,0,0
0,0,-1.119167465,-2.543469341,0,0
0,0,-1.469601217,-3.504337519,0,-1
1,1,-1.957490968,-4.878897506
0,0,0,0,1,0
0,0,-0.0006724317965,-0.006724317965,2,0
0,0,-0.09184992196,-0.9117749016,2,0
0,0,-0.300685448,-2.08835526,0,0
0,0,-0.4685288585,-1.678434105,2,0
0,0,-0.7780704831,-3.095416246,2,0
0,0,-1.242809127,-4.647386444,2,-1
1,1,-1.859028741,-6.162196132
0,0,0,0,0,0
0,0,0.08852127636,0.8852127636,0,0
0,0,0.2663639143,1.778426379,1,0
0,0,0.4731402611,2.067763469,2,0
0,0,0.6650085984,1.918683373,2,0
0,0,0.8761857437,2.111771453,0,0
0,0,1.264767462,3.88581718,1,-1
1,1,1.787846035,5.230785731
0,0,0,0,2,0
0,0,-0.07271556855,-0.7271556855,0,0
0,0,-0.07509068381,-0.02375115255,0,0
0,0,-0.01098843336,0.6410225045,2,0
0,0,-0.04676069484,-0.3577226148,1,0
0,0,-0.08998319335,-0.4322249851,2,0
0,0,-0.2272455896,-1.372623963,0,0
0,0,-0.3080994823,-0.808538927,1,0
0,0,-0.4432554357,-1.351559534,0,0
0,0,-0.5645111302,-1.212556945,1,0
0,0,-0.7742776034,-2.097664732,0,0
0,0,-1.034800807,-2.605232032,2,0
0,0,-1.464423555,-4.296227482,0,-1
1,1,-2.029285972,-5.648624167
0,0,0,0,1,0
0,0,-0.005783544075,-0.05783544075,1,0
0,0,-0.01478913742,-0.09005593345,2,0
0,0,-0.101236044,-0.8644690658,2,0
0,0,-0.2899042708,-1.886682268,0,0
0,0,-0.428285551,-1.383812802,1,0
0,0,-0.628576864,-2.00291313,2,0
0,0,-0.992539203,-3.639623389,1,0
0,0,-1.467984024,-4.754448211,0,-1
1,1,-2.080187399,-6.122033744
0,0,0,0,1,0
0,0,-0.01442098998,-0.1442098998,2,0
0,0,-0.1023642368,-0.8794324679,0,0
0,0,-0.1248646815,-0.2250044469,1,0
0,0,-0.1804289857,-0.555643042,0,0
0,0,-0.1644011754,0.1602781022,1,0
0,0,-0.1828031129,-0.1840193746,0,0
0,0,-0.1467391841,0.3606392884,1,0
0,0,-0.1276852984,0.1905388562,1,0
0,0,-0.1256427582,0.02042540266,1,0
0,0,-0.1462383633,-0.2059560508,2,0
0,0,-0.2774968274,-1.312584641,1,0
0,0,-0.4712043867,-1.937075593,2,0
0,0,-0.8238491953,-3.526448086,2,0
0,0,-1.330411696,-5.065625003,2,-1
1,1,-1.992327923,-6.619162271
0,0,0,0,0,0
0,0,0.07193343462,0.7193343462,1,0
0,0,0.1700956811,0.9816224644,0,0
0,0,0.3875073555,2.174116744,0,0
0,0,0.7453160399,3.578086844,0,0
0,0,1.259114716,5.137986764,0,-1
1,1,1.926570986,6.674562697
0,0,0,0,0,0
0,0,0.08148468761,0.8148468761,0,0
0,0,0.2765974822,1.951127946,1,0
0,0,0.5329251026,2.563276204,1,0
0,0,0.8653419757,3.324168731,0,0
0,0,1.369269615,5.039276391,0,-1
1,1,2.023266797,6.539971822
0,0,0,0,2,0
0,0,-0.08186114508,-0.8186114508,1,0
0,0,-0.1703981945,-0.8853704939,0,0
0,0,-0.1967607701,-0.2636257563,2,0
0,0,-0.3526525168,-1.558917467,2,0
0,0,-0.6573453423,-3.046928255,2,0
0,0,-1.118978539,-4.616331963,2,-1
1,1,-1.736148397,-6.171698586
0,0,0,0,0,0
0,0,0.07125302007,0.7125302007,0,0
0,0,0.2373235982,1.660705782,2,0
0,0,0.3657449046,1.284213063,2,0
0,0,0.4679952602,1.022503556,1,0
0,0,0.6415365062,1.73541246,1,0
0,0,0.9103251214,2.687886153,2,0
0,0,1.256899872,3.465747501,2,-1
1,1,1.7193597,4.624598288
0,0,0,0,2,0
0,0,-0.07394853219,-0.7394853219,0,0
0,0,-0.06396462136,0.09983910824,2,0
0,0,-0.139248365,-0.7528374363,1,0
0,0,-0.2455623776,-1.063140126,0,0
0,0,-0.3038099697,-0.5824759211,2,0
0,0,-0.490445643,-1.866356733,1,0
0,0,-0.7605185193,-2.700728763,2,0
0,0,-1.194055467,-4.335369476,2,-1
1,1,-1.789080034,-5.950245674
0,0,0,0,0,0
0,0,0.08848696875,0.8848696875,2,0
0,0,0.1052706912,0.1678372241,2,0
0,0,0.06314681112,-0.4212388004,2,0
0,0,-0.05452128556,-1.176680967,0,0
0,0,-0.09913073474,-0.4460944918,2,0
0,0,-0.2490287746,-1.498980398,1,0
0,0,-0.4294275677,-1.803987931,2,0
0,0,-0.7607014195,-3.312738518,0,0
0,0,-1.135052566,-3.743511468,2,-1
1,1,-1.670028798,-5.349762312
0,0,0,0,1,0
0,0,0.01033365462,0.1033365462,2,0
0,0,-0.05098670565,-0.6132036027,0,0
0,0,-0.01713046159,0.3385624406,1,0
0,0,0.0107823237,0.2791278529,2,0
0,0,-0.03942374853,-0.5020607223,0,0
0,0,-0.02403786367,0.1538588486,2,0
0,0,-0.09519631881,-0.7115845514,2,0
0,0,-0.2765100047,-1.813136859,2,0
0,0,-0.5765808141,-3.000708093,1,0
0,0,-0.9597999949,-3.832191808,1,0
0,0,-1.451913536,-4.921135407,1,-1
1,1,-2.084723665,-6.328101295
0,0,0,0,1,0
0,0,-0.01364064883,-0.1364064883,1,0
0,0,-0.02146119086,-0.07820542031,1,0
0,0,-0.02734272482,-0.05881533959,1,0
0,0,-0.03497003095,-0.07627306129,2,0
0,0,-0.1224260224,-0.8745599147,1,0
0,0,-0.2373204782,-1.148944558,1,0
0,0,-0.4023412443,-1.650207661,2,0
0,0,-0.7111168337,-3.087755894,1,0
0,0,-1.128072303,-4.169554695,2,-1
1,1,-1.700120026,-5.720477229
0,0,0,0,1,0
0,0,0.01561978076,0.1561978076,2,0
0,0,-0.04862043508,-0.6424021584,1,0
0,0,-0.1063817758,-0.5776134072,2,0
0,0,-0.2752462839,-1.688645081,0,0
0,0,-0.4086854742,-1.334391903,2,0
0,0,-0.6720873164,-2.634018422,2,0
0,0,-1.102503303,-4.304159868,1,-1
1,1,-1.650418901,-5.479155983
0,0,0,0,1,0
0,0,-0.006106798796,-0.06106798796,2,0
0,0,-0.08901542605,-0.8290862725,2,0
0,0,-0.2747182729,-1.857028468,1,0
0,0,-0.5042312047,-2.295129318,2,0
0,0,-0.8884430972,-3.842118924,2,0
0,0,-1.425454315,-5.370112182,0,-1
1,1,-2.08950794,-6.640536248
0,0,0,0,1,0
0,0,-0.008240628056,-0.08240628056,0,0
0,0,0.06813000464,0.7637063269,1,0
0,0,0.1633265915,0.9519658684,1,0
0,0,0.2962542982,1.329277067,1,0
0,0,0.4917455446,1.954912464,2,0
0,0,0.6952201011,2.034745565,0,0
0,0,1.074002851,3.787827496,1,-1
1,1,1.580010902,5.060080509
0,0,0,0,1,0
0,0,-0.01739759771,-0.1739759771,1,0
0,0,-0.05359184251,-0.361942448,1,0
0,0,-0.1031663815,-0.4957453895,2,0
0,0,-0.2624954724,-1.59329091,2,0
0,0,-0.5467450382,-2.842495658,2,0
0,0,-0.9722851952,-4.25540157,0,0
0,0,-1.472167137,-4.998819416,0,-1
1,1,-2.106137028,-6.339698916
0,0,0,0,2,0
0,0,-0.08377485447,-0.8377485447,2,0
0,0,-0.2872562726,-2.034814182,0,0
0,0,-0.4634431083,-1.761868356,1,0
0,0,-0.7240779245,-2.606348162,0,0
0,0,-1.015164094,-2.910861691,0,0
0,0,-1.392793235,-3.776291413,1,-1
1,1,-1.911173295,-5.183800605
0,0,0,0,0,0
0,0,0.07650607538,0.7650607538,1,0
0,0,0.1596698567,0.8316378134,1,0
0,0,0.2792665197,1.195966629,1,0
0,0,0.4464852251,1.672187054,2,0
0,0,0.6215519688,1.750667437,1,0
0,0,0.8998363428,2.78284374,2,0
0,0,1.235437602,3.356012594,1,-1
1,1,1.706278002,4.708403994
0,0,0,0,0,0
0,0,0.07128708658,0.7128708658,1,0
0,0,0.1473548501,0.7606776355,2,0
0,0,0.1449091715,-0.0244567861,1,0
0,0,0.1666859907,0.2177681913,2,0
0,0,0.1245648985,-0.4212109211,1,0
0,0,0.0930318411,-0.3153305744,1,0
0,0,0.09021956789,-0.02812273212,2,0
0,0,0.004262450642,-0.8595711724,0,0
0,0,0.009776807548,0.05514356905,1,0
0,0,0.01420685347,0.04430045918,1,0
0,0,0.02723376566,0.130269122,1,0
0,0,0.05592297583,0.2868921017,0,0
0,0,0.1708593429,1.149363671,0,0
0,0,0.3909853544,2.201260115,0,0
0,0,0.7425389639,3.515536095,1,0
0,0,1.201286877,4.587479129,0,-1
1,1,1.815562012,6.142751352
0,0,0,0,2,0
0,0,-0.08415142473,-0.8415142473,1,0
0,0,-0.1929949736,-1.088435489,0,0
0,0,-0.2321553825,-0.3916040892,2,0
0,0,-0.4067597157,-1.746043331,2,0
0,0,-0.7323533779,-3.255936623,0,0
0,0,-1.097355742,-3.650023645,2,-1
1,1,-1.626700306,-5.293445641
0,0,0,0,0,0
0,0,0.07730865435,0.7730865435,0,0
0,0,0.2598384273,1.82529773,2,0
0,0,0.4089697115,1.491312841,1,0
0,0,0.6171317618,2.081620504,1,0
0,0,0.9291448689,3.120131071,2,0
0,0,1.3142701,3.851252314,1,-1
1,1,1.838022627,5.237525267
0,0,0,0,2,0
0,0,-0.08795413422,-0.8795413422,2,0
0,0,-0.2912661975,-2.033120632,2,0
0,0,-0.6217888774,-3.305226799,2,0
0,0,-1.108059122,-4.862702448,0,-1
1,1,-1.679453955,-5.713948331
0,0,0,0,2,0
0,0,-0.08674077559,-0.8674077559,0,0
0,0,-0.08647520919,0.002655663987,0,0
0,0,-0.01490184402,0.7157336517,2,0
0,0,-0.04508307297,-0.3018122895,0,0
0,0,0.01209902664,0.5718209962,1,0
0,0,0.0874488273,0.7534980066,0,0
0,0,0.2644491129,1.770002856,1,0
0,0,0.4884311987,2.239820858,2,0
0,0,0.6977130378,2.09281839,0,0
0,0,1.073216894,3.755038562,0,-1
1,1,1.612673829,5.39456935
0,0,0,0,2,0
0,0,-0.08321447122,-0.8321447122,0,0
0,0,-0.07923021611,0.0398425511,0,0
0,0,0.004687257232,0.8391747334,2,0
0,0,-0.01369512094,-0.1838237817,0,0
0,0,0.06923551345,0.8293063438,0,0
0,0,0.2666081445,1.97372631,2,0
0,0,0.422700511,1.560923665,1,0
0,0,0.6540331684,2.313326574,2,0
0,0,0.9051113581,2.510781897,1,0
0,0,1.2804258,3.753144423,2,-1
1,1,1.770857132,4.904313319
0,0,0,0,0,0
0,0,0.07521487336,0.7521487336,0,0
0,0,0.2522945085,1.770796351,1,0
0,0,0.4602521857,2.079576772,0,0
0,0,0.8148685329,3.546163472,0,0
0,0,1.329780765,5.149122324,1,-1
1,1,1.98220467,6.524239044
0,0,0,0,0,0
0,0,0.08601994159,0.8601994159,1,0
0,0,0.1756273609,0.896074193,2,0
0,0,0.2002997907,0.2467242982,2,0
0,0,0.1763829425,-0.2391684819,0,0
0,0,0.2577563336,0.8137339112,1,0
0,0,0.3944496103,1.366932767,2,0
0,0,0.5288427878,1.343931775,0,0
0,0,0.8111314299,2.82288642,0,0
0,0,1.257298705,4.461672753,1,-1
1,1,1.836421022,5.791223172
0,0,0,0,1,0
0,0,0.007460379393,0.07460379393,0,0
0,0,0.08977351823,0.8231313884,0,0
0,0,0.2607490932,1.709755749,2,0
0,0,0.3743081589,1.135590657,2,0
0,0,0.4532845682,0.7897640937,1,0
0,0,0.6078180179,1.545334496,1,0
0,0,0.8619920506,2.541740327,2,0
0,0,1.184419702,3.224276513,0,-1
1,1,1.665098732,4.8067903
0,0,0,0,0,0
0,0,0.0949431671,0.949431671,0,0
0,0,0.2957309057,2.007877386,0,0
0,0,0.6143729336,3.186420279,2,0
0,0,0.9563900279,3.420170943,2,0
0,0,1.372684964,4.162949359,0,-1
1,1,1.941351726,5.686667623
0,0,0,0,2,0
0,0,-0.09892899209,-0.9892899209,2,0
0,0,-0.3108423512,-2.119133591,1,0
0,0,-0.5603137421,-2.494713909,2,0
0,0,-0.9512201863,-3.909064442,1,0
0,0,-1.464936982,-5.137167959,2,-1
1,1,-2.130368665,-6.654316832
0,0,0,0,1,0
0,0,-0.01394912132,-0.1394912132,2,0
0,0,-0.1142957906,-1.003466693,2,0
0,0,-0.3196130702,-2.053172796,1,0
0,0,-0.5756749374,-2.560618672,0,0
0,0,-0.8353424716,-2.596675342,1,0
0,0,-1.215891562,-3.805490903,1,-1
1,1,-1.73163366,-5.157420982
0,0,0,0,0,0
0,0,0.09896846131,0.9896846131,1,0
0,0,0.2126912046,1.137227433,2,0
0,0,0.2720634162,0.5937221157,2,0
0,0,0.2975334469,0.2547003067,0,0
0,0,0.4509998284,1.534663815,1,0
0,0,0.6862976356,2.352978072,0,0
0,0,1.091881503,4.055838675,1,-1
1,1,1.625931139,5.340496356
0,0,0,0,1,0
0,0,-0.01743283555,-0.1743283555,1,0
0,0,-0.0475458815,-0.3011304595,1,0
0,0,-0.07754580291,-0.299999214,2,0
0,0,-0.2037641363,-1.262183334,2,0
0,0,-0.4506643851,-2.469002488,1,0
0,0,-0.7692438453,-3.185794602,0,0
0,0,-1.124628484,-3.553846387,1,-1
1,1,-1.615456094,-4.908276102
0,0,0,0,2,0
0,0,-0.1030513899,-1.030513899,0,0
0,0,-0.1223553113,-0.1930392136,0,0
0,0,-0.06962384184,0.5273146945,0,0
0,0,0.06208647788,1.317103197,0,0
0,0,0.3078363495,2.457498716,2,0
0,0,0.5063321043,1.984957548,0,0
0,0,0.8631337092,3.568016049,1,0
0,0,1.320044588,4.569108784,0,-1
1,1,1.934478846,6.14434258
0,0,0,0,0,0
0,0,0.08655227455,0.8655227455,1,0
0,0,0.192259692,1.057074174,1,0
0,0,0.3260502068,1.337905148,0,0
0,0,0.5850186096,2.589684028,1,0
0,0,0.939869648,3.548510384,1,0
0,0,1.408421193,4.685515455,0,-1
1,1,2.030774994,6.223538005
0,0,0,0,2,0
0,0,-0.08598377486,-0.8598377486,1,0
0,0,-0.1721487309,-0.8616495606,2,0
0,0,-0.3912903588,-2.191416279,2,0
0,0,-0.7482197695,-3.569294107,0,0
0,0,-1.149455589,-4.012358193,0,-1
1,1,-1.645945572,-4.964899833
0,0,0,0,1,0
0,0,0.006472509126,0.06472509126,2,0
0,0,-0.06688188367,-0.7335439279,0,0
0,0,-0.06667819504,0.002036886249,0,0
0,0,0.01524567059,0.8192386564,1,0
0,0,0.08805761408,0.7281194349,1,0
0,0,0.1786391489,0.9058153482,0,0
0,0,0.3836779334,2.050387845,0,0
0,0,0.7340131035,3.503351702,2,0
0,0,1.109158124,3.7514502,2,-1
1,1,1.572163971,4.630058473
0,0,0,0,0,0
0,0,0.07536826862,0.7536826862,0,0
0,0,0.2686071555,1.932388869,0,0
0,0,0.6059487296,3.373415741,0,0
0,0,1.091994367,4.860456378,2,-1
1,1,1.666384067,5.743897
0,0,0,0,0,0
0,0,0.08380562567,0.8380562567,0,0
0,0,0.2783575217,1.945518961,2,0
0,0,0.4183696924,1.400121706,2,0
0,0,0.5553129075,1.369432151,0,0
0,0,0.845303126,2.899902186,0,0
0,0,1.30632496,4.610218342,1,-1
1,1,1.903539889,5.972149293
0,0,0,0,1,0
0,0,0.01377714643,0.1377714643,1,0
0,0,0.01888696662,0.05109820184,0,0
0,0,0.120419048,1.015320813,0,0
0,0,0.3222806789,2.01861631,1,0
0,0,0.5709165925,2.486359136,0,0
0,0,0.9878002769,4.168836843,1,0
0,0,1.51328481,5.254845336,0,-1
1,1,2.188165034,6.748802238
0,0,0,0,0,0
0,0,0.07478877843,0.7478877843,2,0
0,0,0.07514188069,0.003531022607,1,0
0,0,0.07968445302,0.04542572334,2,0
0,0,0.01619592856,-0.6348852446,2,0
0,0,-0.1462498807,-1.624458092,1,0
0,0,-0.334049083,-1.877992023,2,0
0,0,-0.6734235534,-3.393744704,1,0
0,0,-1.109710638,-4.362870844,2,-1
1,1,-1.700644081,-5.909334435
0,0,0,0,1,0
0,0,0.01286619614,0.1286619614,1,0
0,0,0.02166987083,0.08803674693,0,0
0,0,0.1324471571,1.107772863,0,0
0,0,0.3395369189,2.070897617,0,0
0,0,0.6981148619,3.58577943,1,0
0,0,1.151543246,4.534283837,0,-1
1,1,1.763458926,6.119156803
0,0,0,0,1,0
0,0,0.005482473442,0.05482473442,0,0
0,0,0.09418701379,0.8870454035,0,0
0,0,0.2869024519,1.927154381,1,0
0,0,0.539018522,2.521160701,0,0
0,0,0.9352569195,3.962383975,0,0
0,0,1.498087432,5.628305121,1,-1
1,1,2.20487842,7.067909885
0,0,0,0,0,0
0,0,0.1009857104,1.009857104,0,0
0,0,0.3157976129,2.148119025,0,0
0,0,0.6649024288,3.491048159,0,0
0,0,1.163150854,4.982484248,1,-1
1,1,1.787682937,6.245320832
0,0,0,0,1,0
0,0,-0.01183151165,-0.1183151165,0,0
0,0,0.0796616385,0.9149315015,1,0
0,0,0.1888612241,1.091995856,2,0
0,0,0.2447181801,0.5585695606,1,0
0,0,0.3268725033,0.8215432312,0,0
0,0,0.5593020809,2.324295776,0,0
0,0,0.954389388,3.950873071,0,0
0,0,1.516628659,5.622392712,2,-1
1,1,2.219875185,7.032465261
0,0,0,0,2,0
0,0,-0.08832879033,-0.8832879033,2,0
0,0,-0.2851703843,-1.96841594,2,0
0,0,-0.6029090476,-3.177386633,2,0
0,0,-1.084506937,-4.815978894,1,-1
1,1,-1.687326053,-6.028191163
0,0,0,0,0,0
0,0,0.09655759287,0.9655759287,1,0
0,0,0.202321388,1.057637951,0,0
0,0,0.4319035471,2.295821592,0,0
0,0,0.8056165472,3.73713,2,0
0,0,1.231922409,4.263058619,0,-1
1,1,1.813857777,5.819353677
0,0,0,0,0,0
0,0,0.1050991844,1.050991844,1,0
0,0,0.2389070941,1.338079097,0,0
0,0,0.5043397073,2.654326132,0,0
0,0,0.9138701646,4.095304573,0,0
0,0,1.486583927,5.727137629,0,-1
1,1,2.209350362,7.227664344
0,0,0,0,2,0
0,0,-0.07657209814,-0.7657209814,2,0
0,0,-0.2437115133,-1.671394151,1,0
0,0,-0.4645963427,-2.208848294,2,0
0,0,-0.8377877918,-3.731914491,2,0
0,0,-1.376726248,-5.389384567,1,-1
1,1,-2.049885782,-6.731595337
0,0,0,0,0,0
0,0,0.09683548547,0.9683548547,1,0
0,0,0.213440419,1.166049336,2,0
0,0,0.2933963262,0.7995590713,1,0
0,0,0.43578289,1.423865638,1,0
0,0,0.6619765081,2.261936181,1,0
0,0,0.9941816402,3.322051321,0,0
0,0,1.493740015,4.995583744,2,-1
1,1,2.130789453,6.370494388
0,0,0,0,2,0
0,0,-0.09398786414,-0.9398786414,2,0
0,0,-0.2993412469,-2.053533828,0,0
0,0,-0.4552951156,-1.559538687,2,0
0,0,-0.7507331771,-2.954380615,1,0
0,0,-1.157343586,-4.066104085,0,-1
1,1,-1.666752212,-5.094086261
0,0,0,0,2,0
0,0,-0.08535818398,-0.8535818398,1,0
0,0,-0.1909609329,-1.056027489,0,0
0,0,-0.246854934,-0.5589400108,0,0
0,0,-0.265608722,-0.1875378797,1,0
0,0,-0.3144407224,-0.4883200041,2,0
0,0,-0.5145444838,-2.001037614,1,0
0,0,-0.7798444796,-2.652999959,0,0
0,0,-1.09851231,-3.186678299,1,0
0,0,-1.539661511,-4.411492017,0,-1
1,1,-2.1240589,-5.84397389
0,0,0,0,0,0
0,0,0.09926125467,0.9926125467,2,0
0,0,0.1230501892,0.2378893456,0,0
0,0,0.2619895296,1.389393404,0,0
0,0,0.5239769278,2.619873982,0,0
0,0,0.9356697842,4.116928564,0,0
0,0,1.513514185,5.778444008,2,-1
1,1,2.231657499,7.181433144
0,0,0,0,0,0
0,0,0.08314385569,0.8314385569,2,0
0,0,0.09346645505,0.1032259937,1,0
0,0,0.1286855149,0.352190598,0,0
0,0,0.2683327938,1.396472789,2,0
0,0,0.3672032688,0.9887047502,2,0
0,0,0.4530678538,0.8586458497,0,0
0,0,0.6808178847,2.277500309,2,0
0,0,0.9519001689,2.710822843,0,0
0,0,1.39020965,4.38309481,2,-1
1,1,1.954934195,5.647245452
0,0,0,0,2,0
0,0,-0.08459878181,-0.8459878181,1,0
0,0,-0.1754198554,-0.9082107356,0,0
0,0,-0.1984124244,-0.2299256905,0,0
0,0,-0.1757691351,0.2264328936,1,0
0,0,-0.1954668679,-0.1969773285,1,0
0,0,-0.2531517145,-0.5768484661,2,0
0,0,-0.4265070649,-1.733553504,2,0
0,0,-0.7423901719,-3.15883107,0,0
0,0,-1.086787878,-3.443977061,1,0
0,0,-1.561970243,-4.751823649,0,-1
1,1,-2.183183701,-6.212134583
0,0,0,0,2,0
0,0,-0.07237457215,-0.7237457215,2,0
0,0,-0.2467433289,-1.743687568,1,0
0,0,-0.4541779139,-2.074345849,1,0
0,0,-0.7327282813,-2.785503674,2,0
0,0,-1.174857353,-4.42129072,0,-1
1,1,-1.713795768,-5.389384143
0,0,0,0,2,0
0,0,-0.07348877345,-0.7348877345,2,0
0,0,-0.251313129,-1.778243555,2,0
0,0,-0.5409230008,-2.896098718,2,0
0,0,-0.9789194661,-4.379964654,1,0
0,0,-1.528727077,-5.498076113,1,-1
1,1,-2.223590339,-6.948632619
0,0,0,0,0,0
0,0,0.07094188526,0.7094188526,2,0
0,0,0.06168404224,-0.09257843016,0,0
0,0,0.1478631858,0.8617914355,0,0
0,0,0.3369773705,1.891141847,1,0
0,0,0.5725492911,2.355719206,1,0
0,0,0.8853847316,3.128354405,1,0
0,0,1.310439947,4.250552153,1,-1
1,1,1.87169308,5.612531329
0,0,0,0,0,0
0,0,0.07209498638,0.7209498638,0,0
0,0,0.2282852491,1.561902627,1,0
0,0,0.4135286436,1.852433946,2,0
0,0,0.5975430731,1.840144295,0,0
0,0,0.9334091768,3.358661037,1,0
0,0,1.387926867,4.545176899,2,-1
1,1,1.966821066,5.788941992
0,0,0,0,1,0
0,0,0.00988382295,0.0988382295,0,0
0,0,0.1071827569,0.9729893399,2,0
0,0,0.130201144,0.2301838705,1,0
0,0,0.1875690749,0.5736793089,1,0
0,0,0.289712522,1.021434472,2,0
0,0,0.3681200143,0.7840749229,1,0
0,0,0.5199318027,1.518117884,0,0
0,0,0.8154507305,2.955189277,2,0
0,0,1.162723717,3.472729869,1,-1
1,1,1.643493196,4.807694783
0,0,0,0,2,0
0,0,-0.07639676449,-0.7639676449,1,0
0,0,-0.1771718243,-1.007750598,0,0
0,0,-0.2206135078,-0.4344168348,0,0
0,0,-0.2202463569,0.003671509314,0,0
0,0,-0.1709915037,0.4925485314,1,0
0,0,-0.1343798429,0.3661166083,1,0
0,0,-0.1074275635,0.2695227935,0,0
0,0,-0.006208728743,1.012188348,2,0
0,0,0.01745207725,0.23660806,0,0
0,0,0.1476283488,1.301762715,1,0
0,0,0.2962142871,1.485859383,0,0
0,0,0.5662057131,2.699914261,0,0
0,0,0.9996478584,4.334421453,0,-1
1,1,1.583545033,5.838971747
0,0,0,0,2,0
0,0,-0.09623735474,-0.9623735474,0,0
0,0,-0.1324809377,-0.36243583,1,0
0,0,-0.2054517341,-0.7297079633,1,0
0,0,-0.3285298866,-1.230781525,1,0
0,0,-0.4982791645,-1.697492779,2,0
0,0,-0.8061691693,-3.078900048,0,0
0,0,-1.175415828,-3.69246659,0,-1
1,1,-1.64517421,-4.69758382
0,0,0,0,0,0
0,0,0.09127430533,0.9127430533,1,0
0,0,0.2040539424,1.12779637,1,0
0,0,0.3373777215,1.333237791,2,0
0,0,0.4378458047,1.004680832,0,0
0,0,0.7009213858,2.630755811,2,0
0,0,0.9974583212,2.965369354,2,0
0,0,1.377506633,3.800483121,1,-1
1,1,1.900342352,5.228357192
0,0,0,0,1,0
0,0,0.01285827912,0.1285827912,2,0
0,0,-0.05236669402,-0.6522497314,1,0
0,0,-0.1218162985,-0.6944960446,0,0
0,0,-0.1326405023,-0.1082420378,2,0
0,0,-0.253807685,-1.211671828,1,0
0,0,-0.4118116013,-1.580039163,0,0
0,0,-0.5687715935,-1.569599922,0,0
0,0,-0.7477054747,-1.789338812,2,0
0,0,-1.091965745,-3.442602705,1,0
0,0,-1.567312283,-4.753465381,1,-1
1,1,-2.189559447,-6.222471638
0,0,0,0,1,0
0,0,0.0135380166,0.135380166,1,0
0,0,0.02881318578,0.1527516917,0,0
0,0,0.1488124523,1.199992665,0,0
0,0,0.3958663216,2.470538693,0,0
0,0,0.7988692842,4.030029625,1,0
0,0,1.299643303,5.007740188,0,-1
1,1,1.951737866,6.520945626
0,0,0,0,1,0
0,0,0.01507001058,0.1507001058,2,0
0,0,-0.05380994886,-0.6887995944,0,0
0,0,-0.0551808833,-0.01370934447,2,0
0,0,-0.155920055,-1.007391717,1,0
0,0,-0.2761643053,-1.202442503,0,0
0,0,-0.3611574325,-0.8499312715,1,0
0,0,-0.5045864525,-1.4342902,2,0
0,0,-0.8148208972,-3.102344447,1,0
0,0,-1.223704459,-4.088835616,1,-1
1,1,-1.768560881,-5.44856422
0,0,0,0,0,0
0,0,0.0988342371,0.988342371,1,0
0,0,0.2182880198,1.194537827,2,0
0,0,0.2913839429,0.7309592305,2,0
0,0,0.3375407135,0.4615677067,0,0
0,0,0.5358785418,1.983378283,2,0
0,0,0.738388691,2.025101492,2,0
0,0,0.9945658272,2.561771361,1,0
0,0,1.377707895,3.831420675,1,-1
1,1,1.899922213,5.22214318
0,0,0,0,0,0
0,0,0.07620243735,0.7620243735,1,0
0,0,0.1632621674,0.870597301,1,0
0,0,0.2821691138,1.189069464,0,0
0,0,0.542779336,2.606102222,2,0
0,0,0.8078462167,2.650668807,2,0
0,0,1.136825339,3.289791227,1,-1
1,1,1.595647233,4.588218934
0,0,0,0,2,0
0,0,-0.09613214423,-0.9613214423,2,0
0,0,-0.2814390086,-1.853068644,1,0
0,0,-0.5206054248,-2.391664162,2,0
0,0,-0.924425115,-4.038196903,2,0
0,0,-1.486397835,-5.619727204,2,-1
1,1,-2.196883121,-7.104852859
0,0,0,0,1,0
0,0,0.004344783627,0.04344783627,2,0
0,0,-0.09166543748,-0.9601022111,2,0
0,0,-0.2833333657,-1.916679282,0,0
0,0,-0.452185939,-1.688525732,0,0
0,0,-0.6215335816,-1.693476427,1,0
0,0,-0.882261338,-2.607277564,0,0
0,0,-1.217141605,-3.348802669,1,-1
1,1,-1.689264251,-4.721226457
0,0,0,0,0,0
0,0,0.08580049301,0.8580049301,1,0
0,0,0.1972346332,1.114341401,0,0
0,0,0.427532224,2.302975908,2,0
0,0,0.6588561732,2.313239492,0,0
0,0,1.046697469,3.878412959,1,0
0,0,1.55204496,5.053474909,0,-1
1,1,2.205058889,6.530139289
0,0,0,0,0,0
0,0,0.0878256225,0.878256225,0,0
0,0,0.2706149746,1.827893521,0,0
0,0,0.5651098586,2.94494884,2,0
0,0,0.8636122378,2.985023792,0,0
0,0,1.324517147,4.609049091,0,-1
1,1,1.939675787,6.151586399
0,0,0,0,0,0
0,0,0.09864269347,0.9864269347,0,0
0,0,0.3123405796,2.136978861,0,0
0,0,0.658160756,3.458201764,2,0
0,0,1.034010861,3.758501046,0,0
0,0,1.565193797,5.31182936,2,-1
1,1,2.242760275,6.775664786
0,0,0,0,0,0
0,0,0.07328894388,0.7328894388,1,0
0,0,0.1760190358,1.027300919,2,0
0,0,0.2298732237,0.5385418789,1,0
0,0,0.3394726656,1.095994419,1,0
0,0,0.5202072646,1.80734599,2,0
0,0,0.7137330647,1.935258001,1,0
0,0,1.011760849,2.98027784,2,0
0,0,1.399092639,3.873317907,0,-1
1,1,1.939609291,5.405166513
0,0,0,0,0,0
0,0,0.08216779171,0.8216779171,1,0
0,0,0.1934799593,1.113121676,0,0
0,0,0.4181643649,2.246844056,1,0
0,0,0.6940400579,2.758756929,0,0
0,0,1.13053717,4.364971121,2,-1
1,1,1.665171457,5.346342874
0,0,0,0,2,0
0,0,-0.07481634965,-0.7481634965,1,0
0,0,-0.15423411,-0.7941776031,0,0
0,0,-0.1696078424,-0.1537373242,2,0
0,0,-0.2846498147,-1.150419724,1,0
0,0,-0.4328777673,-1.482279525,1,0
0,0,-0.6591018161,-2.262240489,1,0
0,0,-0.9839746326,-3.248728164,2,0
0,0,-1.466247149,-4.822725162,1,-1
1,1,-2.089828726,-6.235815769
0,0,0,0,0,0
0,0,0.09426285981,0.9426285981,2,0
0,0,0.1122575075,0.1799464767,2,0
0,0,0.07034713366,-0.4191037383,0,0
0,0,0.1347406616,0.6439352792,2,0
0,0,0.1270272133,-0.07713448326,0,0
0,0,0.2303145377,1.032873245,2,0
0,0,0.2926444444,0.6232990663,1,0
0,0,0.389516193,0.9687174866,1,0
0,0,0.5650025169,1.754863238,2,0
0,0,0.7691418591,2.041393422,0,0
0,0,1.128954637,3.598127782,1,-1
1,1,1.621486083,4.925314452
0,0,0,0,2,0
0,0,-0.09551650899,-0.9551650899,0,0
0,0,-0.1051933847,-0.09676875689,0,0
0,0,-0.02989331962,0.7530006506,0,0
0,0,0.1348360831,1.647294027,0,0
0,0,0.4153083461,2.80472263,2,0
0,0,0.6779206152,2.626122691,2,0
0,0,0.9722302901,2.94309675,0,0
0,0,1.425360817,4.53130527,0,-1
1,1,2.032869964,6.075091467
0,0,0,0,2,0
0,0,-0.09907314334,-0.9907314334,0,0
0,0,-0.1428944432,-0.4382129987,0,0
0,0,-0.1146873801,0.2820706309,1,0
0,0,-0.1052488069,0.0943857326,2,0
0,0,-0.1961563375,-0.9090753061,2,0
0,0,-0.4215855404,-2.254292029,0,0
0,0,-0.6497168722,-2.281313318,0,0
0,0,-0.914426785,-2.647099128,0,0
0,0,-1.244603334,-3.301765491,1,-1
1,1,-1.712189488,-4.675861536
0,0,0,0,0,0
0,0,0.07591935852,0.7591935852,2,0
0,0,0.08004121326,0.04121854737,2,0
0,0,0.01124455557,-0.6879665768,1,0
0,0,-0.05289304083,-0.641375964,2,0
0,0,-0.2086965631,-1.558035223,2,0
0,0,-0.4775797507,-2.688831875,1,0
0,0,-0.8272461247,-3.496663741,1,0
0,0,-1.283074073,-4.558279478,1,-1
1,1,-1.87171993,-5.886458578
0,0,0,0,1,0
0,0,0.01125990655,0.1125990655,0,0
0,0,0.124380421,1.131205144,0,0
0,0,0.3373733894,2.129929685,2,0
0,0,0.5337835179,1.964101285,0,0
0,0,0.8805367265,3.467532085,0,0
0,0,1.383494589,5.029578628,2,-1
1,1,2.011626799,6.281322101
0,0,0,0,0,0
0,0,0.07835747211,0.7835747211,1,0
0,0,0.1712859677,0.9292849563,1,0
0,0,0.2795438742,1.082579064,1,0
0,0,0.4487721588,1.692282846,1,0
0,0,0.6850711773,2.362990185,1,0
0,0,1.024703382,3.396322052,1,0
0,0,1.492504232,4.678008498,1,-1
1,1,2.104508003,6.120037709
0,0,0,0,1,0
0,0,0.01380646514,0.1380646514,2,0
0,0,-0.0655454718,-0.7935193695,2,0
0,0,-0.2613177958,-1.95772324,0,0
0,0,-0.4301474953,-1.688296995,0,0
0,0,-0.5985390586,-1.683915633,2,0
0,0,-0.9354075213,-3.368684627,0,0
0,0,-1.336049495,-4.006419737,1,-1
1,1,-1.87240372,-5.363542247
0,0,0,0,2,0
0,0,-0.07908206498,-0.7908206498,0,0
0,0,-0.07776269608,0.01319368901,1,0
0,0,-0.09445249492,-0.1668979884,2,0
0,0,-0.222108698,-1.27656203,1,0
0,0,-0.3814896125,-1.593809146,2,0
0,0,-0.6791202198,-2.976306073,0,0
0,0,-1.001796467,-3.226762475,2,0
0,0,-1.489734843,-4.87938376,2,-1
1,1,-2.127674526,-6.379396831
0,0,0,0,2,0
0,0,-0.1015652031,-1.015652031,2,0
0,0,-0.3236520419,-2.220868388,0,0
0,0,-0.5257017079,-2.02049666,0,0
0,0,-0.7315610921,-2.058593843,2,0
0,0,-1.113986466,-3.824253738,0,-1
1,1,-1.583990167,-4.700037011
0,0,0,0,1,0
0,0,-0.004357698573,-0.04357698573,1,0
0,0,-0.005915954251,-0.01558255678,0,0
0,0,0.06804309838,0.7395905263,0,0
0,0,0.2536544203,1.85611322,0,0
0,0,0.5599466697,3.062922494,0,0
0,0,1.02671329,4.667666199,1,-1
1,1,1.608620216,5.81906926
0,0,0,0,0,0
0,0,0.07312880893,0.7312880893,2,0
0,0,0.0641065185,-0.09022290429,1,0
0,0,0.08334593952,0.1923942102,2,0
0,0,0.0401463483,-0.4319959122,1,0
0,0,-0.002585571862,-0.4273192016,2,0
0,0,-0.1506180278,-1.48032456,1,0
0,0,-0.3329826005,-1.823645726,0,0
0,0,-0.4896469546,-1.566643542,1,0
0,0,-0.7367050462,-2.470580916,2,0
0,0,-1.150688741,-4.139836951,1,-1
1,1,-1.687621613,-5.369328713
0,0,0,0,0,0
0,0,0.08870325388,0.8870325388,2,0
0,0,0.1146378077,0.2593455384,2,0
0,0,0.05844385264,-0.5619395508,1,0
0,0,0.01202121717,-0.4642263548,0,0
0,0,0.04257890051,0.3055768334,1,0
0,0,0.07153902629,0.2896012578,1,0
0,0,0.1117406142,0.4020158795,2,0
0,0,0.09478816727,-0.1695244698,1,0
0,0,0.1052487872,0.1046061989,1,0
0,0,0.1407182364,0.3546944922,1,0
0,0,0.1885956301,0.4787739376,2,0
0,0,0.1676775476,-0.2091808252,1,0
0,0,0.1718989157,0.04221368048,0,0
0,0,0.2898247901,1.179258744,0,0
0,0,0.5225576604,2.327328703,1,0
0,0,0.828369924,3.058122636,1,0
0,0,1.240082421,4.117124966,2,-1
1,1,1.764616918,5.24534497
0,0,0,0,0,0
0,0,0.07891567185,0.7891567185,2,0
0,0,0.09588089085,0.16965219,2,0
0,0,0.04017247092,-0.5570841993,1,0
0,0,-0.005309776503,-0.4548224742,0,0
0,0,0.03812028683,0.4343006333,2,0
0,0,0.01704760718,-0.2107267965,2,0
0,0,-0.09863828414,-1.156858913,2,0
0,0,-0.3127410604,-2.141027763,0,0
0,0,-0.5107693216,-1.980282611,1,0
0,0,-0.7810135143,-2.702441928,0,0
0,0,-1.103828102,-3.228145872,2,-1
1,1,-1.590563904,-4.867358026
0,0,0,0,2,0
0,0,-0.07247053107,-0.7247053107,0,0
0,0,-0.06309707785,0.09373453224,0,0
0,0,0.02494521073,0.8804228858,0,0
0,0,0.1950758813,1.701306705,0,0
0,0,0.4903748651,2.952989838,0,0
0,0,0.9208298408,4.304549757,0,0
0,0,1.513283866,5.924540248,1,-1
1,1,2.249181082,7.358972168
0,0,0,0,2,0
0,0,-0.09071745429,-0.9071745429,2,0
0,0,-0.2727295289,-1.820120746,2,0
0,0,-0.5759301228,-3.032005939,0,0
0,0,-0.8929465703,-3.170164475,0,0
0,0,-1.276360977,-3.834144063,2,-1
1,1,-1.814441208,-5.380802319
0,0,0,0,1,0
0,0,-0.003076672446,-0.03076672446,1,0
0,0,0.003541313184,0.0661798563,0,0
0,0,0.1117240317,1.081827185,0,0
0,0,0.3151874207,2.03463389,1,0
0,0,0.5606660368,2.454786161,2,0
0,0,0.8112330372,2.505670004,0,0
0,0,1.220453847,4.092208101,1,-1
1,1,1.758841143,5.38387296
0,0,0,0,0,0
0,0,0.07501701662,0.7501701662,0,0
0,0,0.2649928813,1.899758647,1,0
0,0,0.4934207492,2.284278678,1,0
0,0,0.7891721649,2.957514157,1,0
0,0,1.185522161,3.963499958,0,-1
1,1,1.738193063,5.526709023
0,0,0,0,1,0
0,0,-0.001181146674,-0.01181146674,1,0
0,0,-0.002693685906,-0.01512539232,1,0
0,0,-0.01586991928,-0.1317623338,1,0
0,0,-0.0291104073,-0.1324048801,2,0
0,0,-0.142671176,-1.135607687,1,0
0,0,-0.2857983192,-1.431271433,1,0
0,0,-0.4909350441,-2.051367249,1,0
0,0,-0.7696509136,-2.787158695,0,0
0,0,-1.102731841,-3.330809274,0,0
0,0,-1.530304608,-4.275727668,0,-1
1,1,-2.100412106,-5.701074978
0,0,0,0,0,0
0,0,0.09018547767,0.9018547767,2,0
0,0,0.09093550783,0.007500301572,0,0
0,0,0.2090239858,1.18088478,2,0
0,0,0.2770575956,0.6803360972,1,0
0,0,0.3891886099,1.121310143,1,0
0,0,0.5758174602,1.866288503,1,0
0,0,0.8627528498,2.869353896,0,0
0,0,1.322429944,4.596770943,1,-1
1,1,1.919159354,5.967294102
0,0,0,0,0,0
0,0,0.08924045962,0.8924045962,1,0
0,0,0.2000492969,1.108088372,1,0
0,0,0.36019577,1.601464732,2,0
0,0,0.5137728359,1.535770659,1,0
0,0,0.7324623295,2.186894935,0,0
0,0,1.109936625,3.774742954,2,-1
1,1,1.576786777,4.668501522
0,0,0,0,2,0
0,0,-0.1026849379,-1.026849379,2,0
0,0,-0.3201886603,-2.175037223,1,0
0,0,-0.5872721362,-2.670834759,1,0
0,0,-0.9439088065,-3.566366703,2,0
0,0,-1.457955306,-5.140464996,0,-1
1,1,-2.104764424,-6.468091181
0,0,0,0,1,0
0,0,-0.007457601656,-0.07457601656,0,0
0,0,0.0761490825,0.8360668415,0,0
0,0,0.2757122636,1.995631811,2,0
0,0,0.4401945946,1.64482331,2,0
0,0,0.5828352032,1.426406087,0,0
0,0,0.8706711906,2.878359873,0,0
0,0,1.323391275,4.527200845,0,-1
1,1,1.927642087,6.042508115
0,0,0,0,2,0
0,0,-0.08208206085,-0.8208206085,2,0
0,0,-0.2627578018,-1.806757409,0,0
0,0,-0.3961311097,-1.33373308,0,0
0,0,-0.510744659,-1.146135493,2,0
0,0,-0.7769036816,-2.661590226,1,0
0,0,-1.137384457,-3.604807755,0,-1
1,1,-1.594484432,-4.57099975
0,0,0,0,2,0
0,0,-0.09893067434,-0.9893067434,1,0
0,0,-0.2019204387,-1.029897643,0,0
0,0,-0.246660642,-0.4474020335,1,0
0,0,-0.3346124813,-0.8795183927,0,0
0,0,-0.3952597572,-0.6064727588,2,0
0,0,-0.6032253179,-2.079655608,1,0
0,0,-0.8923579527,-2.891326348,0,0
0,0,-1.237500874,-3.45142921,2,-1
1,1,-1.747629189,-5.101283149
0,0,0,0,0,0
0,0,0.07277494829,0.7277494829,2,0
0,0,0.06957539618,-0.0319955211,2,0
0,0,0.005370651299,-0.6420474488,2,0
0,0,-0.1343065628,-1.396772141,0,0
0,0,-0.1942658033,-0.5995924052,2,0
0,0,-0.3661403317,-1.718745284,2,0
0,0,-0.6639080512,-2.977677195,1,0
0,0,-1.059727035,-3.958189842,1,-1
1,1,-1.574686541,-5.149595058
0,0,0,0,2,0
0,0,-0.09643511119,-0.9643511119,0,0
0,0,-0.1318315039,-0.3539639267,2,0
0,0,-0.2722538905,-1.404223866,2,0
0,0,-0.5416336988,-2.693798083,2,0
0,0,-0.9673404055,-4.257067068,2,0
0,0,-1.545566308,-5.782259028,1,-1
1,1,-2.269396051,-7.238297424
0,0,0,0,0,0
0,0,0.08728315533,0.8728315533,0,0
0,0,0.2687263773,1.81443222,1,0
0,0,0.4957296331,2.270032557,2,0
0,0,0.7375563105,2.418266775,1,0
0,0,1.070544212,3.329879017,2,0
0,0,1.492372068,4.218278557,1,-1
1,1,2.05940541,5.670333424
0,0,0,0,1,0
0,0,0.002192267841,0.02192267841,2,0
0,0,-0.09379970128,-0.9599196912,0,0
0,0,-0.1328561187,-0.3905641747,2,0
0,0,-0.2985110864,-1.656549677,0,0
0,0,-0.437784134,-1.392730476,1,0
0,0,-0.6551546999,-2.173705659,0,0
0,0,-0.8980269841,-2.428722842,2,0
0,0,-1.315967317,-4.179403325,1,-1
1,1,-1.874103003,-5.581356861
0,0,0,0,1,0
0,0,0.01019727401,0.1019727401,0,0
0,0,0.1057346294,0.9553735541,1,0
0,0,0.2304651649,1.247305355,0,0
0,0,0.4919185889,2.614534239,1,0
0,0,0.8389584352,3.470398463,2,0
0,0,1.248133549,4.091751138,1,-1
1,1,1.795062724,5.469291753
0,0,0,0,0,0
0,0,0.08465729998,0.8465729998,1,0
0,0,0.1894756013,1.048183013,1,0
0,0,0.3398927075,1.504171063,0,0
0,0,0.6191802977,2.792875902,2,0
0,0,0.9148197842,2.956394865,1,0
0,0,1.329853414,4.150336302,0,-1
1,1,1.903430647,5.735772324
0,0,0,0,1,0
0,0,0.01261704197,0.1261704197,2,0
0,0,-0.04977566344,-0.6239270542,1,0
0,0,-0.1092999758,-0.5952431232,1,0
0,0,-0.1877837439,-0.7848376812,1,0
0,0,-0.3123623346,-1.245785908,0,0
0,0,-0.3910121397,-0.7864980507,0,0
0,0,-0.4668255702,-0.758134305,2,0
0,0,-0.6932332128,-2.264076426,1,0
0,0,-1.017611141,-3.243779278,1,0
0,0,-1.463128454,-4.455173132,1,-1
1,1,-2.052513122,-5.893846686
0,0,0,0,2,0
0,0,-0.09507842928,-0.9507842928,2,0
0,0,-0.2769298237,-1.818513944,0,0
0,0,-0.4137229092,-1.367930855,2,0
0,0,-0.6850005122,-2.712776031,1,0
0,0,-1.043081556,-3.580810443,2,0
0,0,-1.568714083,-5.256325268,1,-1
1,1,-2.24126674,-6.725526568
0,0,0,0,0,0
0,0,0.09767626079,0.9767626079,0,0
0,0,0.3147667256,2.170904649,1,0
0,0,0.5864752426,2.717085169,1,0
0,0,0.9418849491,3.554097065,2,0
0,0,1.374565234,4.326802845,2,-1
1,1,1.933331853,5.587666197
0,0,0,0,2,0
0,0,-0.07944999516,-0.7944999516,2,0
0,0,-0.2482347081,-1.687847129,1,0
0,0,-0.4432822249,-1.950475168,0,0
0,0,-0.6152322211,-1.719499962,1,0
0,0,-0.8773045015,-2.620722804,1,0
0,0,-1.245364356,-3.680598546,1,-1
1,1,-1.74514255,-4.997781941
0,0,0,0,2,0
0,0,-0.08546009849,-0.8546009849,0,0
0,0,-0.100872949,-0.1541285055,1,0
0,0,-0.1503848189,-0.4951186981,1,0
0,0,-0.227320956,-0.7693613711,2,0
0,0,-0.4113952891,-1.840743331,0,0
0,0,-0.5934502223,-1.820549332,1,0
0,0,-0.8744655529,-2.810153306,1,0
0,0,-1.26706992,-3.926043666,2,-1
1,1,-1.815700124,-5.48630204
0,0,0,0,0,0
0,0,0.07609788085,0.7609788085,2,0
0,0,0.08747902811,0.1138114726,1,0
0,0,0.1272626332,0.3978360513,0,0
0,0,0.2713278692,1.440652359,0,0
0,0,0.5510450175,2.797171483,1,0
0,0,0.9078832963,3.568382788,0,0
0,0,1.41808191,5.10198614,0,-1
1,1,2.079803274,6.617213635
0,0,0,0,0,0
0,0,0.08596244846,0.8596244846,1,0
0,0,0.171024034,0.8506158557,0,0
0,0,0.3549179014,1.838938674,0,0
0,0,0.6653874502,3.104695488,0,0
0,0,1.125389735,4.600022847,1,-1
1,1,1.710981784,5.855920489
0,0,0,0,2,0
0,0,-0.1045898895,-1.045898895,1,0
0,0,-0.2190958479,-1.145059584,2,0
0,0,-0.4457530819,-2.26657234,0,0
0,0,-0.6746567091,-2.289036272,2,0
0,0,-1.071782357,-3.971256474,1,-1
1,1,-1.588162609,-5.16380252
0,0,0,0,1,0
0,0,0.000737462473,0.00737462473,0,0
0,0,0.08487462859,0.8413716612,1,0
0,0,0.1946828847,1.098082561,2,0
0,0,0.2380809731,0.4339808832,2,0
0,0,0.2358996934,-0.02181279627,1,0
0,0,0.2689311129,0.3303141946,2,0
0,0,0.2487539209,-0.2017719199,2,0
0,0,0.1832092305,-0.6554469042,0,0
0,0,0.2253817923,0.4217256183,0,0
0,0,0.3765853312,1.512035389,2,0
0,0,0.5110229088,1.344375775,2,0
0,0,0.6640996362,1.530767275,0,0
0,0,0.9884217222,3.24322086,1,0
0,0,1.42800269,4.395809678,2,-1
1,1,1.996779136,5.687764463
0,0,0,0,1,0
0,0,0.009099194244,0.09099194244,0,0
0,0,0.1157811413,1.06681947,1,0
0,0,0.2560042636,1.402231223,2,0
0,0,0.3579916105,1.019873469,2,0
0,0,0.4292622583,0.7127064781,1,0
0,0,0.5724028035,1.431405452,2,0
0,0,0.7430475875,1.70644784,2,0
0,0,0.9660589303,2.230113429,2,0
0,0,1.260095369,2.940364388,2,-1
1,1,1.66437444,4.042790711
0,0,0,0,1,0
0,0,0.01702572246,0.1702572246,0,0
0,0,0.1339239161,1.168981936,1,0
0,0,0.2754023101,1.414783939,0,0
0,0,0.556761606,2.813592959,0,0
0,0,0.9814094525,4.246478465,0,0
0,0,1.568115548,5.867060956,1,-1
1,1,2.301698759,7.335832112
0,0,0,0,1,0
0,0,-0.01692025271,-0.1692025271,1,0
0,0,-0.05336850382,-0.364482511,1,0
0,0,-0.1109767132,-0.576082094,0,0
0,0,-0.1090282489,0.019484643,0,0
0,0,-0.04095346655,0.6807478236,1,0
0,0,0.01690613497,0.5785960152,2,0
0,0,-0.01133297562,-0.2823911059,0,0
0,0,0.06251425884,0.7384723446,1,0
0,0,0.1375390229,0.750247641,1,0
0,0,0.2411271501,1.035881272,0,0
0,0,0.4630403349,2.219131848,1,0
0,0,0.7550737416,2.920334067,1,0
0,0,1.159545917,4.044721757,2,-1
1,1,1.661575732,5.020298148
0,0,0,0,1,0
0,0,-0.001303649376,-0.01303649376,2,0
0,0,-0.1031197872,-1.018161379,2,0
0,0,-0.3003116045,-1.971918173,0,0
0,0,-0.4701847994,-1.698731949,2,0
0,0,-0.7868385429,-3.166537435,1,0
0,0,-1.21233191,-4.254933675,0,-1
1,1,-1.743283755,-5.309518443
0,0,0,0,0,0
0,0,0.09657521407,0.9657521407,1,0
0,0,0.2178954434,1.213202294,0,0
0,0,0.4693985012,2.515030577,0,0
0,0,0.8710324462,4.016339451,2,0
0,0,1.331242504,4.602100581,2,-1
1,1,1.910178189,5.789356844
0,0,0,0,2,0
0,0,-0.1041208958,-1.041208958,2,0
0,0,-0.308377361,-2.042564653,2,0
0,0,-0.6482682562,-3.398908952,1,0
0,0,-1.085853212,-4.375849558,0,-1
1,1,-1.608748843,-5.228956314
0,0,0,0,1,0
0,0,-0.01150346046,-0.1150346046,2,0
0,0,-0.130706532,-1.192030715,1,0
0,0,-0.2609786108,-1.302720788,2,0
0,0,-0.5298201268,-2.68841516,0,0
0,0,-0.8155812633,-2.857611365,2,0
0,0,-1.256751074,-4.411698111,2,-1
1,1,-1.857353468,-6.006023937
0,0,0,0,0,0
0,0,0.09657487185,0.9657487185,0,0
0,0,0.281336285,1.847614131,0,0
0,0,0.5866247197,3.052884348,0,0
0,0,1.032060567,4.454358476,2,0
0,0,1.556295299,5.242347315,2,-1
1,1,2.225963231,6.696679325
0,0,0,0,0,0
0,0,0.08326650635,0.8326650635,2,0
0,0,0.1034574071,0.2019090075,1,0
0,0,0.1576058084,0.5414840134,0,0
0,0,0.3174910809,1.598852724,2,0
0,0,0.4312046054,1.137135246,2,0
0,0,0.5444639604,1.132593549,2,0
0,0,0.6563312104,1.1186725,0,0
0,0,0.9353878379,2.790566276,0,0
0,0,1.379175004,4.437871665,0,-1
1,1,1.977979003,5.988039981
0,0,0,0,2,0
0,0,-0.09525637103,-0.9525637103,0,0
0,0,-0.106129827,-0.1087345595,2,0
0,0,-0.2092362563,-1.031064293,1,0
0,0,-0.3356398525,-1.264035962,2,0
0,0,-0.5919345542,-2.562947017,2,0
0,0,-1.01406224,-4.221276855,0,0
0,0,-1.511016899,-4.969546595,1,-1
1,1,-2.151682424,-6.406655248
0,0,0,0,2,0
0,0,-0.0770961601,-0.770961601,0,0
0,0,-0.09289173555,-0.1579557545,0,0
0,0,-0.02692414795,0.659675876,1,0
0,0,0.02975743614,0.5668158409,1,0
0,0,0.1071218455,0.7736440932,2,0
0,0,0.1228855885,0.1576374302,1,0
0,0,0.1713354435,0.4844985505,2,0
0,0,0.1540975537,-0.1723788979,2,0
0,0,0.06471776217,-0.8937979156,1,0
0,0,-0.01431809822,-0.7903586039,2,0
0,0,-0.1897108693,-1.753927711,0,0
0,0,-0.3232516524,-1.335407831,2,0
0,0,-0.5946030842,-2.713514318,2,0
0,0,-1.019922707,-4.253196232,2,-1
1,1,-1.599856722,-5.799340147
0,0,0,0,1,0
0,0,0.01006452257,0.1006452257,2,0
0,0,-0.07747342572,-0.8753794829,0,0
0,0,-0.100748357,-0.2327493123,2,0
0,0,-0.232797416,-1.320490591,1,0
0,0,-0.3895201783,-1.567227623,1,0
0,0,-0.601571726,-2.120515477,0,0
0,0,-0.843888168,-2.42316442,0,0
0,0,-1.135772514,-2.918843461,2,-1
1,1,-1.597339334,-4.615668199
0,0,0,0,2,0
0,0,-0.09281397469,-0.9281397469,2,0
0,0,-0.2937048709,-2.008908962,1,0
0,0,-0.5523085102,-2.586036393,1,0
0,0,-0.8815445665,-3.292360563,2,0
0,0,-1.365047019,-4.835024525,0,-1
1,1,-1.969362071,-6.043150518
0,0,0,0,1,0
0,0,-0.01288725885,-0.1288725885,0,0
0,0,0.07314028102,0.8602753987,0,0
0,0,0.2574122675,1.842719865,1,0
0,0,0.4930215852,2.356093177,2,0
0,0,0.7243806936,2.313591084,1,0
0,0,1.049080995,3.247003018,1,0
0,0,1.494344049,4.452630539,0,-1
1,1,2.089040775,5.946967257
0,0,0,0,0,0
0,0,0.08212002267,0.8212002267,1,0
0,0,0.1776522029,0.9553218024,0,0
0,0,0.3963748642,2.187226613,2,0
0,0,0.5823299279,1.859550637,0,0
0,0,0.9338896081,3.515596801,2,0
0,0,1.346475959,4.125863505,2,-1
1,1,1.879951193,5.334752348
0,0,0,0,1,0
0,0,0.01486347355,0.1486347355,2,0
0,0,-0.04876778622,-0.6363125977,0,0
0,0,-0.02371552182,0.250522644,1,0
0,0,0.002858700209,0.2657422203,0,0
0,0,0.1282420569,1.253833567,2,0
0,0,0.1795887254,0.5134666852,2,0
0,0,0.1615077113,-0.1808101414,0,0
0,0,0.2660230074,1.045152961,2,0
0,0,0.347522816,0.8149980863,1,0
0,0,0.4792269688,1.317041528,2,0
0,0,0.6108904801,1.316635113,0,0
0,0,0.9164472063,3.055567262,0,0
0,0,1.380712533,4.642653263,2,-1
1,1,1.971985945,5.912734122
0,0,0,0,2,0
0,0,-0.1022152243,-1.022152243,2,0
0,0,-0.3169230051,-2.147077807,1,0
0,0,-0.5772255542,-2.603025491,2,0
0,0,-0.998428588,-4.212030339,1,0
0,0,-1.531267453,-5.328388648,2,-1
1,1,-2.212799689,-6.815322363
0,0,0,0,2,0
0,0,-0.09309088629,-0.9309088629,1,0
0,0,-0.2023201671,-1.092292808,0,0
0,0,-0.2487661975,-0.4644603043,0,0
0,0,-0.2433439911,0.0542220647,2,0
0,0,-0.3572204693,-1.138764782,0,0
0,0,-0.4623744039,-1.051539346,1,0
0,0,-0.6413561219,-1.78981718,0,0
0,0,-0.8483324602,-2.069763383,2,0
0,0,-1.222202052,-3.73869592,0,-1
1,1,-1.701377209,-4.791751571
0,0,0,0,0,0
0,0,0.07201310425,0.7201310425,1,0
0,0,0.1680999344,0.960868301,1,0
0,0,0.2841209642,1.160210299,0,0
0,0,0.5294556132,2.45334649,0,0
0,0,0.9139939118,3.845382987,2,0
0,0,1.361367772,4.473738602,2,-1
1,1,1.929861926,5.684941538
0,0,0,0,2,0
0,0,-0.0745290018,-0.745290018,1,0
0,0,-0.1776768626,-1.031478608,2,0
0,0,-0.3820323227,-2.043554601,0,0
0,0,-0.5736871311,-1.916548084,2,0
0,0,-0.921244853,-3.475577219,2,0
0,0,-1.438827171,-5.175823181,2,-1
1,1,-2.107632954,-6.688057828
0,0,0,0,1,0
0,0,-0.003687220748,-0.03687220748,0,0
0,0,0.09663882687,1.003260476,0,0
0,0,0.3077183938,2.11079567,0,0
0,0,0.6476867398,3.39968346,1,0
0,0,1.066076583,4.183898432,0,-1
1,1,1.642681905,5.766053224
0,0,0,0,1,0
0,0,-0.01498073981,-0.1498073981,1,0
0,0,-0.0283312563,-0.1335051648,2,0
0,0,-0.1348205325,-1.064892762,0,0
0,0,-0.1638434676,-0.2902293508,0,0
0,0,-0.1320911704,0.3175229718,0,0
0,0,-0.03213908072,0.9995208967,1,0
0,0,0.05068092916,0.8282000988,2,0
0,0,0.05463976956,0.03958840397,2,0
0,0,-0.01009559948,-0.6473536904,0,0
0,0,0.01249902989,0.2259462937,2,0
0,0,-0.05957984128,-0.7207887117,2,0
0,0,-0.2246697713,-1.6508993,2,0
0,0,-0.5019692514,-2.772994801,2,0
0,0,-0.9371539747,-4.351847233,2,0
0,0,-1.522860086,-5.857061112,0,-1
1,1,-2.249766337,-7.269062514
0,0,0,0,1,0
0,0,-0.009920405739,-0.09920405739,2,0
0,0,-0.1206427616,-1.107223559,1,0
0,0,-0.2423251708,-1.216824092,1,0
0,0,-0.3893121798,-1.46987009,1,0
0,0,-0.6031285663,-2.138163865,2,0
0,0,-0.9648790038,-3.617504375,0,0
0,0,-1.401242847,-4.363638431,0,-1
1,1,-1.966974004,-5.657311573
0,0,0,0,1,0
0,0,0.01096787762,0.1096787762,2,0
0,0,-0.06135560044,-0.7232347807,1,0
0,0,-0.1469432301,-0.8558762968,0,0
0,0,-0.1585154911,-0.1157226093,1,0
0,0,-0.1867448494,-0.2822935834,1,0
0,0,-0.2583141693,-0.7156931993,1,0
0,0,-0.3604445958,-1.021304264,0,0
0,0,-0.4312597679,-0.708151721,2,0
0,0,-0.638276397,-2.070166292,1,0
0,0,-0.9298165244,-2.915401274,1,0
0,0,-1.336139884,-4.063233596,2,-1
1,1,-1.900065336,-5.639254518
0,0,0,0,0,0
0,0,0.08087892862,0.8087892862,2,0
0,0,0.08205310694,0.01174178315,2,0
0,0,0.01930548637,-0.6274762056,0,0
0,0,0.05262706127,0.333215749,2,0
0,0,0.001825751041,-0.5080131023,2,0
0,0,-0.1512970419,-1.53122793,2,0
0,0,-0.4130016499,-2.617046079,1,0
0,0,-0.7320508738,-3.190492239,1,0
0,0,-1.152683478,-4.206326041,0,-1
1,1,-1.669837037,-5.171535595
0,0,0,0,1,0
0,0,0.001202531419,0.01202531419,2,0
0,0,-0.08562333071,-0.8682586213,2,0
0,0,-0.2625421133,-1.769187826,2,0
0,0,-0.5619788269,-2.994367137,2,0
0,0,-1.004884841,-4.429060138,2,-1
1,1,-1.606684846,-6.018000051
0,0,0,0,1,0
0,0,0.002142783819,0.02142783819,0,0
0,0,0.09603702542,0.938942416,0,0
0,0,0.285387332,1.893503066,0,0
0,0,0.6070665917,3.216792597,1,0
0,0,1.021560252,4.144936602,0,-1
1,1,1.597998713,5.764384611
0,0,0,0,2,0
0,0,-0.09044273227,-0.9044273227,1,0
0,0,-0.1817728692,-0.9133013695,0,0
0,0,-0.2048136287,-0.2304075949,1,0
0,0,-0.2784226444,-0.7360901567,1,0
0,0,-0.4001175152,-1.216948708,2,0
0,0,-0.6713850036,-2.712674884,0,0
0,0,-0.9667763207,-2.95391317,0,0
0,0,-1.339445005,-3.726686847,1,-1
1,1,-1.848522068,-5.090770627
0,0,0,0,0,0
0,0,0.07597125609,0.7597125609,0,0
0,0,0.2617189461,1.8574769,0,0
0,0,0.5729423004,3.112233543,0,0
0,0,1.02274298,4.498006797,0,-1
1,1,1.634759476,6.120164954
0,0,0,0,0,0
0,0,0.09864473465,0.9864473465,2,0
0,0,0.1318414495,0.3319671489,1,0
0,0,0.1797918048,0.4795035531,1,0
0,0,0.2590415878,0.7924978297,2,0
0,0,0.312586346,0.5354475815,1,0
0,0,0.4232614669,1.106751209,1,0
0,0,0.5871322358,1.63870769,1,0
0,0,0.8466700218,2.59537786,2,0
0,0,1.169369215,3.226991928,0,-1
1,1,1.656833727,4.874645122
0,0,0,0,0,0
0,0,0.07534699308,0.7534699308,0,0
0,0,0.251450135,1.761031419,1,0
0,0,0.4776851765,2.262350415,1,0
0,0,0.7629720758,2.852868993,0,0
0,0,1.210556707,4.475846308,0,-1
1,1,1.818852239,6.08295532
0,0,0,0,1,0
0,0,-0.006445384335,-0.06445384335,1,0
0,0,-0.02394306889,-0.1749768456,0,0
0,0,0.03657263472,0.6051570361,0,0
0,0,0.1967844734,1.602118386,1,0
0,0,0.3808550602,1.840705869,0,0
0,0,0.6993889066,3.185338464,0,0
0,0,1.168015546,4.686266393,2,-1
1,1,1.728276287,5.60260741
0,0,0,0,2,0
0,0,-0.1019142831,-1.019142831,2,0
0,0,-0.3196015816,-2.176872985,1,0
0,0,-0.5839055139,-2.643039323,2,0
0,0,-0.9915588165,-4.076533027,1,0
0,0,-1.509337823,-5.17779006,0,-1
1,1,-2.166086488,-6.567486654
0,0,0,0,1,0
0,0,0.009687767303,0.09687767303,2,0
0,0,-0.05444367912,-0.6413144643,2,0
0,0,-0.2265537296,-1.721100505,1,0
0,0,-0.4458838849,-2.193301552,2,0
0,0,-0.8029857128,-3.571018279,2,0
0,0,-1.314030747,-5.110450343,2,-1
1,1,-1.97636075,-6.623300034
0,0,0,0,1,0
0,0,0.006413534928,0.06413534928,0,0
0,0,0.0942635636,0.8785002867,2,0
0,0,0.1085145763,0.1425101269,0,0
0,0,0.219470957,1.109563807,1,0
0,0,0.3777327563,1.582617993,1,0
0,0,0.5857799256,2.080471693,2,0
0,0,0.8221425488,2.363626233,0,0
0,0,1.21456084,3.924182917,1,-1
1,1,1.736952515,5.223916745
0,0,0,0,1,0
0,0,-0.01166900316,-0.1166900316,0,0
0,0,0.05688834347,0.6855734663,0,0
0,0,0.238658953,1.817706095,1,0
0,0,0.4724136593,2.337547063,0,0
0,0,0.8395385377,3.671248784,0,0
0,0,1.374574264,5.350357261,0,-1
1,1,2.062979493,6.884052289
0,0,0,0,1,0
0,0,0.01013572893,0.1013572893,2,0
0,0,-0.07099278417,-0.8112851311,2,0
0,0,-0.2588461797,-1.878533956,2,0
0,0,-0.5732112404,-3.143650607,0,0
0,0,-0.8958561755,-3.226449351,2,0
0,0,-1.372487723,-4.766315474,0,-1
1,1,-1.971236983,-5.987492605
0,0,0,0,1,0
0,0,-0.006589686167,-0.06589686167,1,0
0,0,-0.02670173889,-0.2011205272,0,0
0,0,0.03544401223,0.6214575112,1,0
0,0,0.08817349627,0.5272948404,2,0
0,0,0.07771994532,-0.1045355095,0,0
0,0,0.1682813977,0.9056145242,1,0
0,0,0.3031933504,1.349119526,0,0
0,0,0.5659828398,2.627894894,2,0
0,0,0.845953275,2.799704352,1,0
0,0,1.229002261,3.830489864,2,-1
1,1,1.724540513,4.955382515
0,0,0,0,2,0
0,0,-0.08148665389,-0.8148665389,1,0
0,0,-0.1750716054,-0.9358495151,0,0
0,0,-0.2250364305,-0.4996482511,1,0
0,0,-0.3210283238,-0.9599189332,1,0
0,0,-0.4741496039,-1.531212801,1,0
0,0,-0.6996498591,-2.255002552,1,0
0,0,-1.013415396,-3.137655369,2,0
0,0,-1.499504474,-4.860890779,1,-1
1,1,-2.128849765,-6.293452915
0,0,0,0,1,0
0,0,-0.006793145885,-0.06793145885,1,0
0,0,-0.01028223873,-0.03489092845,2,0
0,0,-0.1183675453,-1.080853066,2,0
0,0,-0.3298009349,-2.114333896,0,0
0,0,-0.4980600703,-1.682591353,0,0
0,0,-0.680771324,-1.827112537,0,0
0,0,-0.9011869387,-2.204156147,1,0
0,0,-1.237850445,-3.366635061,0,-1
1,1,-1.684523494,-4.46673049
0,0,0,0,1,0
0,0,-0.01322153112,-0.1322153112,1,0
0,0,-0.01149048486,0.01731046256,0,0
0,0,0.08040516218,0.9189564704,2,0
0,0,0.09728215401,0.1687699183,2,0
0,0,0.05859736676,-0.3868478725,0,0
0,0,0.1291996559,0.706022891,2,0
0,0,0.1481796919,0.1898003608,0,0
0,0,0.2806049664,1.324252745,2,0
0,0,0.3627605355,0.8215556907,1,0
0,0,0.4897507318,1.269901963,1,0
0,0,0.7036957666,2.139450349,2,0
0,0,0.9565580452,2.528622786,2,0
0,0,1.292913051,3.363550055,2,-1
1,1,1.74292774,4.500146889
0,0,0,0,2,0
0,0,-0.09264217468,-0.9264217468,0,0
0,0,-0.1265465512,-0.3390437654,2,0
0,0,-0.2862753777,-1.597288265,2,0
0,0,-0.5795190679,-2.932436902,2,0
0,0,-1.019179479,-4.396604112,1,-1
1,1,-1.581692389,-5.625129102
0,0,0,0,2,0
0,0,-0.09515110863,-0.9515110863,2,0
0,0,-0.3110267021,-2.158755934,0,0
0,0,-0.4978385677,-1.868118656,0,0
0,0,-0.691983221,-1.941446534,1,0
0,0,-0.9855597328,-2.935765118,0,0
0,0,-1.353751769,-3.681920357,0,-1
1,1,-1.845366625,-4.916148564
0,0,0,0,0,0
0,0,0.0751563181,0.751563181,2,0
0,0,0.08247925571,0.0732293761,1,0
0,0,0.1100125981,0.2753334235,1,0
0,0,0.1457154867,0.357028886,0,0
0,0,0.2818313877,1.36115901,0,0
0,0,0.5446689047,2.62837517,2,0
0,0,0.8025219905,2.578530858,1,0
0,0,1.168117063,3.655950728,1,-1
1,1,1.660761008,4.926439447
0,0,0,0,2,0
0,0,-0.09530445323,-0.9530445323,1,0
0,0,-0.2180105251,-1.227060719,2,0
0,0,-0.465246759,-2.472362339,1,0
0,0,-0.7699755563,-3.047287973,1,0
0,0,-1.182154184,-4.121786274,0,-1
1,1,-1.698942555,-5.167883714
0,0,0,0,0,0
0,0,0.0907515515,0.907515515,0,0
0,0,0.2928065734,2.020550219,1,0
0,0,0.5515143085,2.587077352,1,0
0,0,0.8823763834,3.308620748,0,0
0,0,1.384960537,5.025841539,2,-1
1,1,2.011170484,6.262099468
0,0,0,0,0,0
0,0,0.08948982978,0.8948982978,1,0
0,0,0.1954797408,1.059899111,1,0
0,0,0.3464210985,1.509413576,1,0
0,0,0.5570337792,2.106126807,2,0
0,0,0.7681147487,2.110809695,2,0
0,0,1.0321893,2.640745518,0,0
0,0,1.46611141,4.339221096,2,-1
1,1,2.034945304,5.688338939
0,0,0,0,1,0
0,0,-0.01362610768,-0.1362610768,0,0
0,0,0.07100001758,0.8462612526,2,0
0,0,0.09560972211,0.2460970452,0,0
0,0,0.2410095737,1.453998516,2,0
0,0,0.3477010121,1.066914384,1,0
0,0,0.5084190976,1.607180854,2,0
0,0,0.6773514207,1.689323232,1,0
0,0,0.9467201746,2.693687539,0,0
0,0,1.37379717,4.270769952,1,-1
1,1,1.939585085,5.657879153
0,0,0,0,2,0
0,0,-0.1024428839,-1.024428839,0,0
0,0,-0.1409404407,-0.3849755681,0,0
0,0,-0.101155261,0.397851797,0,0
0,0,0.01167524744,1.128305085,0,0
0,0,0.2144627523,2.027875048,0,0
0,0,0.5428770307,3.284142784,0,0
0,0,1.006994086,4.641170555,1,-1
1,1,1.577764261,5.707701744
0,0,0,0,1,0
0,0,0.01068221905,0.1068221905,1,0
0,0,0.009571546473,-0.01110672574,1,0
0,0,0.001244068625,-0.08327477847,0,0
0,0,0.08314583486,0.8190176623,2,0
0,0,0.1041350844,0.2098924951,0,0
0,0,0.2346680826,1.305329982,2,0
0,0,0.3239439512,0.8927586866,0,0
0,0,0.5508459509,2.269019997,0,0
0,0,0.9207281414,3.698821905,2,0
0,0,1.353564942,4.328368003,1,-1
1,1,1.927256559,5.736916171
0,0,0,0,2,0
0,0,-0.07342019946,-0.7342019946,0,0
0,0,-0.08072431108,-0.07304111629,1,0
0,0,-0.1093226993,-0.2859838817,2,0
0,0,-0.2512856704,-1.419629711,0,0
0,0,-0.3354670967,-0.8418142632,2,0
0,0,-0.5592592372,-2.237921405,2,0
0,0,-0.9277359486,-3.684767113,1,0
0,0,-1.410480032,-4.82744083,2,-1
1,1,-2.044675848,-6.341958166
0,0,0,0,1,0
0,0,-0.01523331898,-0.1523331898,0,0
0,0,0.06122492846,0.7645824743,0,0
0,0,0.2357088924,1.744839639,1,0
0,0,0.4615267175,2.258178251,1,0
0,0,0.7596124963,2.980857788,1,0
0,0,1.159348478,3.997359822,0,-1
1,1,1.718243303,5.588948244
0,0,0,0,1,0
0,0,-0.01250300906,-0.1250300906,1,0
0,0,-0.04119858363,-0.2869557457,2,0
0,0,-0.1576843663,-1.164857827,1,0
0,0,-0.3130946665,-1.554103002,1,0
0,0,-0.5176266809,-2.045320144,1,0
0,0,-0.7934012602,-2.757745793,0,0
0,0,-1.118353856,-3.249525955,2,-1
1,1,-1.604595519,-4.862416632
0,0,0,0,1,0
0,0,0.01680916888,0.1680916888,2,0
0,0,-0.04798323524,-0.6479240413,0,0
0,0,-0.04796497871,0.0001825653577,0,0
0,0,0.04678848149,0.9475346019,0,0
0,0,0.2519698746,2.051813931,1,0
0,0,0.4848456001,2.328757255,0,0
0,0,0.8731670837,3.883214836,2,0
0,0,1.320580748,4.474136638,1,-1
1,1,1.906047803,5.854670557
0,0,0,0,2,0
0,0,-0.07861321118,-0.7861321118,2,0
0,0,-0.2500534079,-1.714401967,2,0
0,0,-0.534928968,-2.848755601,2,0
0,0,-0.9768606404,-4.419316724,1,0
0,0,-1.540850957,-5.639903163,1,-1
1,1,-2.249972711,-7.091217547
0,0,0,0,2,0
0,0,-0.1023865239,-1.023865239,0,0
0,0,-0.1297587716,-0.2737224772,1,0
0,0,-0.1659090062,-0.3615023452,1,0
0,0,-0.2475614149,-0.8165240872,0,0
0,0,-0.2796639299,-0.3210251499,2,0
0,0,-0.4399277415,-1.602638116,2,0
0,0,-0.7397942719,-2.998665304,0,0
0,0,-1.079928987,-3.401347151,1,0
0,0,-1.543765942,-4.638369552,1,-1
1,1,-2.153536812,-6.097708702
0,0,0,0,1,0
0,0,0.004311822376,0.04311822376,0,0
0,0,0.1112223255,1.069105031,2,0
0,0,0.1598747846,0.486524591,0,0
0,0,0.3253211833,1.654463987,0,0
0,0,0.6373121101,3.119909268,2,0
0,0,0.973109161,3.357970509,0,0
0,0,1.474026105,5.009169444,1,-1
1,1,2.118237513,6.442114074
0,0,0,0,1,0
0,0,-0.01018684589,-0.1018684589,2,0
0,0,-0.1278254127,-1.176385668,0,0
0,0,-0.1673726676,-0.3954725494,0,0
0,0,-0.1527405299,0.1463213773,0,0
0,0,-0.07653107612,0.7620945376,1,0
0,0,-0.006804451046,0.6972662508,1,0
0,0,0.04489682418,0.5170127522,1,0
0,0,0.1085574979,0.6366067368,0,0
0,0,0.2936298978,1.850724,2,0
0,0,0.4399383453,1.463084475,0,0
0,0,0.7477886394,3.07850294,0,0
0,0,1.225543875,4.777552355,2,-1
1,1,1.804316908,5.787730337
0,0,0,0,1,0
0,0,-0.0005829515383,-0.005829515383,2,0
0,0,-0.1053238293,-1.047408778,2,0
0,0,-0.3268830083,-2.21559179,1,0
0,0,-0.5858719734,-2.589889651,0,0
0,0,-0.8646717721,-2.787997988,0,0
0,0,-1.202334928,-3.376631557,2,-1
1,1,-1.698072756,-4.957378283
0,0,0,0,2,0
0,0,-0.0730661152,-0.730661152,1,0
0,0,-0.1437191466,-0.706530314,0,0
0,0,-0.162465453,-0.1874630635,1,0
0,0,-0.2123915867,-0.4992613374,1,0
0,0,-0.3024871736,-0.9009558695,1,0
0,0,-0.4497792949,-1.472921212,0,0
0,0,-0.5939568055,-1.441775106,0,0
0,0,-0.7539011206,-1.599443152,0,0
0,0,-0.9586626875,-2.047615668,0,0
0,0,-1.240282681,-2.816199933,1,-1
1,1,-1.65500421,-4.147215289
0,0,0,0,1,0
0,0,0.01668120266,0.1668120266,1,0
0,0,0.03098076944,0.1429956678,1,0
0,0,0.03859097607,0.07610206628,0,0
0,0,0.1259936723,0.874026962,0,0
0,0,0.3180116056,1.920179334,2,0
0,0,0.4838054246,1.65793819,0,0
0,0,0.8096278841,3.258224595,2,0
0,0,1.193247968,3.836200837,2,-1
1,1,1.68174827,4.885003025
0,0,0,0,0,0
0,0,0.1007019309,1.007019309,0,0
0,0,0.3120489998,2.113470689,1,0
0,0,0.5576770066,2.456280068,2,0
0,0,0.8143886013,2.567115947,1,0
0,0,1.187960821,3.735722199,2,-1
1,1,1.661705231,4.737444093
0,0,0,0,0,0
0,0,0.07480300656,0.7480300656,1,0
0,0,0.1577742554,0.8297124888,1,0
0,0,0.2717687904,1.13994535,0,0
0,0,0.5012627923,2.294940018,0,0
0,0,0.8782703985,3.770076062,0,0
0,0,1.417684443,5.394140446,1,-1
1,1,2.096084851,6.78400408
0,0,0,0,2,0
0,0,-0.0888102366,-0.888102366,1,0
0,0,-0.1850422344,-0.9623199784,2,0
0,0,-0.3895636205,-2.04521386,2,0
0,0,-0.7460900519,-3.565264314,1,0
0,0,-1.203804528,-4.57714476,2,-1
1,1,-1.81351125,-6.097067219
0,0,0,0,2,0
0,0,-0.08394775598,-0.8394775598,0,0
0,0,-0.08512386255,-0.01176106578,0,0
0,0,-0.01105477287,0.7406908968,1,0
0,0,0.04396264448,0.5501741735,0,0
0,0,0.1917357927,1.477731482,2,0
0,0,0.2745633256,0.8282753292,0,0
0,0,0.4976302924,2.230669668,0,0
0,0,0.8803862839,3.827559915,2,0
0,0,1.31188571,4.314994264,0,-1
1,1,1.900100519,5.882148088
0,0,0,0,0,0
0,0,0.08599853483,0.8599853483,0,0
0,0,0.2749189329,1.88920398,1,0
0,0,0.5017623401,2.268434072,1,0
0,0,0.793537477,2.917751369,0,0
0,0,1.252553678,4.590162014,1,-1
1,1,1.843300091,5.907464131
0,0,0,0,0,0
0,0,0.09120089071,0.9120089071,1,0
0,0,0.1924741533,1.012732626,1,0
0,0,0.3390495647,1.465754114,2,0
0,0,0.4708856573,1.318360926,2,0
0,0,0.5872233829,1.163377256,2,0
0,0,0.7350147256,1.477913427,2,0
0,0,0.9308519382,1.958372126,1,0
0,0,1.248282561,3.174306223,1,-1
1,1,1.70504508,4.567625199
0,0,0,0,2,0
0,0,-0.1052591136,-1.052591136,1,0
0,0,-0.2111905467,-1.05931433,2,0
0,0,-0.4367650809,-2.255745343,1,0
0,0,-0.7212183454,-2.844532645,1,0
0,0,-1.098623039,-3.774046934,0,0
0,0,-1.57010817,-4.714851316,1,-1
1,1,-2.188578108,-6.184699379
0,0,0,0,2,0
0,0,-0.07309225008,-0.7309225008,0,0
0,0,-0.081868637,-0.08776386916,1,0
0,0,-0.104726655,-0.2285801803,0,0
0,0,-0.07191184228,0.3281481274,0,0
0,0,0.0539758152,1.258876575,2,0
0,0,0.1133305562,0.59354741,0,0
0,0,0.2656517297,1.523211735,2,0
0,0,0.3878947872,1.222430575,2,0
0,0,0.500410109,1.125153218,1,0
0,0,0.6859822625,1.855721536,2,0
0,0,0.8975358464,2.115535839,1,0
0,0,1.224061203,3.265253565,2,-1
1,1,1.664472429,4.404112257
0,0,0,0,1,0
0,0,0.0036037612,0.036037612,0,0
0,0,0.1028189653,0.9921520414,1,0
0,0,0.218730269,1.159113037,2,0
0,0,0.2826599348,0.639296658,1,0
0,0,0.4025742227,1.199142879,0,0
0,0,0.6740013773,2.714271545,2,0
0,0,0.9874771778,3.134758006,2,0
0,0,1.382256066,3.94778888,0,-1
1,1,1.934416575,5.521605089
0,0,0,0,2,0
0,0,-0.1037828893,-1.037828893,2,0
0,0,-0.3025250683,-1.98742179,0,0
0,0,-0.4732397214,-1.707146531,2,0
0,0,-0.7918804636,-3.186407423,1,0
0,0,-1.207894034,-4.160135707,2,-1
1,1,-1.781712643,-5.738186091
0,0,0,0,0,0
0,0,0.1058392403,1.058392403,1,0
0,0,0.2191573395,1.133180992,2,0
0,0,0.2839414344,0.6478409494,2,0
0,0,0.3038635379,0.1992210354,0,0
0,0,0.4497931063,1.459295683,2,0
0,0,0.5833953261,1.336022198,2,0
0,0,0.7287461197,1.453507936,0,0
0,0,1.031543828,3.027977084,2,0
0,0,1.416832937,3.852891091,1,-1
1,1,1.943781951,5.269490134
0,0,0,0,0,0
0,0,0.1006858974,1.006858974,2,0
0,0,0.136522392,0.3583649463,2,0
0,0,0.09334671265,-0.4317567939,1,0
0,0,0.06296420243,-0.3038251022,0,0
0,0,0.1262070822,0.6324287976,0,0
0,0,0.2825256634,1.563185812,2,0
0,0,0.4053765423,1.228508789,2,0
0,0,0.5086149232,1.032383809,0,0
0,0,0.764430026,2.558151027,0,0
0,0,1.177255425,4.128253989,0,-1
1,1,1.743679671,5.664242461
0,0,0,0,1,0
0,0,-0.01620837747,-0.1620837747,1,0
0,0,-0.02058018679,-0.04371809319,0,0
0,0,0.04640049463,0.6698068142,1,0
0,0,0.1134494058,0.6704891116,2,0
0,0,0.09701801814,-0.1643138766,0,0
0,0,0.193957939,0.9693992089,2,0
0,0,0.2486157695,0.5465783052,1,0
0,0,0.346737965,0.9812219541,2,0
0,0,0.4290910345,0.8235306959,1,0
0,0,0.5703667327,1.412756981,2,0
0,0,0.7235028394,1.531361067,1,0
0,0,0.9786027941,2.550999547,0,0
0,0,1.40028266,4.216798663,0,-1
1,1,1.977854528,5.77571868
0,0,0,0,2,0
0,0,-0.07568691441,-0.7568691441,0,0
0,0,-0.08843868183,-0.1275176742,1,0
0,0,-0.1307869141,-0.4234823224,2,0
0,0,-0.2781828268,-1.473959127,0,0
0,0,-0.3792774351,-1.010946083,0,0
0,0,-0.4636920576,-0.8441462247,2,0
0,0,-0.7036689639,-2.399769063,2,0
0,0,-1.101276282,-3.97607318,1,-1
1,1,-1.624004715,-5.227284333
0,0,0,0,1,0
0,0,-0.001365357567,-0.01365357567,1,0
0,0,-0.01837868779,-0.1701333022,0,0
0,0,0.06429314655,0.8267183433,2,0
0,0,0.0673318433,0.03038696756,2,0
0,0,-0.003896137012,-0.7122798031,0,0
0,0,0.001944707108,0.05840844121,1,0
0,0,0.009264634046,0.07319926938,0,0
0,0,0.09815941339,0.8889477935,1,0
0,0,0.2208143466,1.226549332,0,0
0,0,0.4566673441,2.358529975,0,0
0,0,0.8291742551,3.72506911,0,0
0,0,1.362130765,5.3295651,1,-1
1,1,2.028201299,6.660705343
0,0,0,0,0,0
0,0,0.1013021905,1.013021905,2,0
0,0,0.1404430845,0.3914089396,2,0
0,0,0.1109470319,-0.2949605253,1,0
0,0,0.1175042646,0.0655723269,2,0
0,0,0.07372623186,-0.4377803277,0,0
0,0,0.1435616459,0.6983541403,0,0
0,0,0.3183393246,1.747776787,1,0
0,0,0.5461152737,2.277759491,0,0
0,0,0.934491235,3.883759614,0,0
0,0,1.487464401,5.529731657,1,-1
1,1,2.18209943,6.946350296
0,0,0,0,0,0
0,0,0.1023630695,1.023630695,0,0
0,0,0.2945107743,1.921477049,0,0
0,0,0.6074736665,3.129628922,0,0
0,0,1.062266938,4.54793271,0,-1
1,1,1.669537826,6.072708882
0,0,0,0,2,0
0,0,-0.09713070975,-0.9713070975,2,0
0,0,-0.3141552551,-2.170245454,0,0
0,0,-0.5025309193,-1.883756641,0,0
0,0,-0.6924833391,-1.899524199,0,0
0,0,-0.909077977,-2.165946379,0,0
0,0,-1.199890414,-2.908124374,1,-1
1,1,-1.624639857,-4.247494424
0,0,0,0,0,0
0,0,0.101329625,1.01329625,1,0
0,0,0.2314116966,1.300820716,1,0
0,0,0.4038131361,1.724014395,1,0
0,0,0.6403049917,2.364918556,0,0
0,0,1.028925751,3.886207594,2,0
0,0,1.501862648,4.729368967,1,-1
1,1,2.118297844,6.16435196
0,0,0,0,0,0
0,0,0.09088199389,0.9088199389,1,0
0,0,0.2113042944,1.204223005,0,0
0,0,0.4370776524,2.25773358,0,0
0,0,0.8055221254,3.684444731,1,0
0,0,1.26644828,4.609261547,2,-1
1,1,1.836451039,5.700027587
0,0,0,0,0,0
0,0,0.09675340357,0.9675340357,1,0
0,0,0.2188399753,1.220865717,1,0
0,0,0.3748647613,1.56024786,2,0
0,0,0.5188886671,1.440239058,1,0
0,0,0.7426233185,2.237346514,2,0
0,0,1.014475681,2.718523628,1,0
0,0,1.414693018,4.002173367,0,-1
1,1,1.967573152,5.528801343
0,0,0,0,2,0
0,0,-0.1034621297,-1.034621297,0,0
0,0,-0.147585258,-0.4412312832,1,0
0,0,-0.2148770468,-0.6729178878,2,0
0,0,-0.4202491315,-2.053720847,0,0
0,0,-0.6182977766,-1.98048645,2,0
0,0,-0.9757971904,-3.574994139,1,0
0,0,-1.450377251,-4.745800606,0,-1
1,1,-2.056791051,-6.064138001
0,0,0,0,0,0
0,0,0.09040920321,0.9040920321,0,0
0,0,0.2932548832,2.0284568,2,0
0,0,0.474653802,1.813989188,1,0
0,0,0.7160497501,2.41395948,1,0
0,0,1.053679426,3.376296759,0,0
0,0,1.550268978,4.965895524,0,-1
1,1,2.194831809,6.445628306
0,0,0,0,1,0
0,0,-0.01434202379,-0.1434202379,1,0
0,0,-0.01549631049,-0.01154286704,0,0
0,0,0.07839292808,0.9388923857,1,0
0,0,0.171320579,0.9292765092,1,0
0,0,0.2974234216,1.261028426,0,0
0,0,0.5483743478,2.509509262,0,0
0,0,0.9446448264,3.962704786,1,0
0,0,1.457908514,5.132636873,1,-1
1,1,2.112953141,6.550446273
0,0,0,0,0,0
0,0,0.1028679515,1.028679515,2,0
0,0,0.1206525699,0.1778461842,2,0
0,0,0.05667114007,-0.6398142987,0,0
0,0,0.1035312918,0.468601517,0,0
0,0,0.2578966032,1.543653114,0,0
0,0,0.5503715106,2.924749075,1,0
0,0,0.9278090077,3.77437497,2,0
0,0,1.367618855,4.398098473,2,-1
1,1,1.930761745,5.631428903
0,0,0,0,1,0
0,0,0.002239006876,0.02239006876,0,0
0,0,0.08422162314,0.8198261626,1,0
0,0,0.1819310799,0.9770945674,0,0
0,0,0.4055287859,2.235977061,0,0
0,0,0.7581917591,3.526629732,0,0
0,0,1.266454715,5.082629563,0,-1
1,1,1.924344652,6.57889937
0,0,0,0,1,0
0,0,0.006412753665,0.06412753665,0,0
0,0,0.1008676968,0.9445494318,0,0
0,0,0.3027037349,2.01836038,0,0
0,0,0.6372771141,3.345733792,0,0
0,0,1.139899279,5.026221651,1,-1
1,1,1.768074776,6.281754965
0,0,0,0,1,0
0,0,-0.008538280841,-0.08538280841,0,0
0,0,0.07067984183,0.7921812267,0,0
0,0,0.2356559446,1.649761027,0,0
0,0,0.523528594,2.878726494,2,0
0,0,0.8096722892,2.861436952,1,0
0,0,1.212775644,4.031033552,2,-1
1,1,1.72365959,5.108839453
0,0,0,0,0,0
0,0,0.1037562001,1.037562001,1,0
0,0,0.2118876622,1.081314622,2,0
0,0,0.2548110377,0.4292337542,2,0
0,0,0.2580720412,0.03261003574,2,0
0,0,0.2108657548,-0.4720628645,0,0
0,0,0.299925334,0.8905957925,0,0
0,0,0.5115433824,2.116180484,0,0
0,0,0.8679377574,3.56394375,1,0
0,0,1.329995304,4.620575469,1,-1
1,1,1.92867261,5.986773056
0,0,0,0,0,0
0,0,0.07584322044,0.7584322044,1,0
0,0,0.1584079047,0.8256468425,0,0
0,0,0.3640488111,2.056409064,2,0
0,0,0.5395857832,1.755369722,0,0
0,0,0.8633033304,3.237175471,2,0
0,0,1.246939209,3.836358786,1,-1
1,1,1.763864136,5.169249266
0,0,0,0,2,0
0,0,-0.1036408035,-1.036408035,0,0
0,0,-0.145034122,-0.4139331857,2,0
0,0,-0.2812965674,-1.362624454,0,0
0,0,-0.3810800399,-0.9978347251,1,0
0,0,-0.5335562035,-1.524761635,0,0
0,0,-0.6995549453,-1.659987418,2,0
0,0,-1.025754743,-3.261997978,1,0
0,0,-1.480233321,-4.544785782,1,-1
1,1,-2.077939356,-5.977060344
0,0,0,0,0,0
0,0,0.08926130433,0.8926130433,0,0
0,0,0.2905746634,2.01313359,0,0
0,0,0.6295146614,3.38939998,1,0
0,0,1.053108846,4.235941849,2,0
0,0,1.561440061,5.083312149,0,-1
1,1,2.217170531,6.557304697
0,0,0,0,1,0
0,0,2.422034805e-06,2.422034805e-05,0,0
0,0,0.08597187544,0.859694534,2,0
0,0,0.08864019633,0.02668320896,2,0
0,0,0.02544489401,-0.6319530233,2,0
0,0,-0.1239385395,-1.493834335,2,0
0,0,-0.3892097919,-2.652712524,1,0
0,0,-0.7251174126,-3.359076207,1,0
0,0,-1.154948375,-4.298309622,1,-1
1,1,-1.707107697,-5.52159322
0,0,0,0,2,0
0,0,-0.08384872539,-0.8384872539,0,0
0,0,-0.1097529967,-0.2590427132,1,0
0,0,-0.1711698736,-0.6141687686,0,0
0,0,-0.1757366152,-0.04566741646,1,0
0,0,-0.2248172145,-0.4908059924,0,0
0,0,-0.2316700023,-0.06852787835,2,0
0,0,-0.3663542491,-1.346842468,0,0
0,0,-0.4909373668,-1.245831177,0,0
0,0,-0.630616,-1.396786332,2,0
0,0,-0.9243861815,-2.937701815,1,0
0,0,-1.342227469,-4.178412875,1,-1
1,1,-1.89667585,-5.544483814
0,0,0,0,2,0
0,0,-0.0756947335,-0.756947335,1,0
0,0,-0.1623839803,-0.8668924676,1,0
0,0,-0.2769167965,-1.145328162,1,0
0,0,-0.4318973338,-1.549805373,2,0
0,0,-0.7188131224,-2.869157886,1,0
0,0,-1.109167604,-3.903544818,1,-1
1,1,-1.627767533,-5.185999288
0,0,0,0,1,0
0,0,0.009669404267,0.09669404267,1,0
0,0,0.01272472115,0.03055316886,2,0
0,0,-0.05456622627,-0.6729094742,2,0
0,0,-0.2309150069,-1.763487806,0,0
0,0,-0.347899094,-1.169840871,1,0
0,0,-0.5210524826,-1.731533886,1,0
0,0,-0.7728005696,-2.51748087,2,0
0,0,-1.198013678,-4.252131086,0,-1
1,1,-1.720364138,-5.223504601
0,0,0,0,1,0
0,0,0.01353929224,0.1353929224,1,0
0,0,0.04556751515,0.3202822291,1,0
0,0,0.06898351927,0.2341600412,1,0
0,0,0.1032140915,0.3423057219,2,0
0,0,0.0529087036,-0.5030538786,1,0
0,0,-0.00239482222,-0.5530352582,1,0
0,0,-0.05338860143,-0.5099377921,2,0
0,0,-0.1856882366,-1.322996352,2,0
0,0,-0.4274702078,-2.417819712,2,0
0,0,-0.8228037532,-3.953335454,1,0
0,0,-1.314232073,-4.914283202,2,-1
1,1,-1.956980011,-6.42747938
0,0,0,0,0,0
0,0,0.07614976098,0.7614976098,1,0
0,0,0.1592962952,0.8314653423,2,0
0,0,0.1974975629,0.3820126772,1,0
0,0,0.2785295253,0.8103196232,2,0
0,0,0.3106392381,0.321097128,0,0
0,0,0.4740157132,1.633764752,0,0
0,0,0.7778648964,3.038491831,2,0
0,0,1.127528237,3.496633405,1,-1
1,1,1.602089975,4.745617382
0,0,0,0,0,0
0,0,0.08942306785,0.8942306785,1,0
0,0,0.1994933273,1.100702595,0,0
0,0,0.4127396763,2.13246349,2,0
0,0,0.603787101,1.910474247,1,0
0,0,0.87586859,2.72081489,1,0
0,0,1.268546751,3.926781608,1,-1
1,1,1.794027851,5.254811006
0,0,0,0,1,0
0,0,0.007031742571,0.07031742571,1,0
0,0,0.02064489163,0.1361314906,0,0
0,0,0.1399938755,1.193489838,0,0
0,0,0.3872165408,2.472226653,2,0
0,0,0.6143889283,2.271723876,2,0
0,0,0.8746929401,2.603040118,2,0
0,0,1.205899716,3.312067761,0,-1
1,1,1.695758198,4.898584821
0,0,0,0,2,0
0,0,-0.09996988633,-0.9996988633,1,0
0,0,-0.23417226,-1.342023737,0,0
0,0,-0.3063246522,-0.7215239219,1,0
0,0,-0.4445946345,-1.382699824,1,0
0,0,-0.6480322299,-2.034375953,0,0
0,0,-0.8879834341,-2.399512042,1,0
0,0,-1.254777991,-3.667945567,2,-1
1,1,-1.784412957,-5.296349666
0,0,0,0,1,0
0,0,0.015338846,0.15338846,1,0
0,0,0.03543903507,0.2010018907,0,0
0,0,0.1479370126,1.124979775,0,0
0,0,0.3705444245,2.226074119,2,0
0,0,0.5765735129,2.060290885,2,0
0,0,0.7938481053,2.172745923,1,0
0,0,1.126332317,3.324842116,0,-1
1,1,1.618553694,4.922213773
0,0,0,0,0,0
0,0,0.08234317805,0.8234317805,0,0
0,0,0.2541583888,1.718152108,0,0
0,0,0.5476525536,2.934941648,0,0
0,0,0.9833487276,4.356961741,1,0
0,0,1.530056171,5.467074434,0,-1
1,1,2.224415239,6.943590675
0,0,0,0,1,0
0,0,0.01232615281,0.1232615281,2,0
0,0,-0.05846866841,-0.7079482122,1,0
0,0,-0.1375771118,-0.7910844337,1,0
0,0,-0.2393914438,-1.01814332,2,0
0,0,-0.4676665652,-2.282751214,1,0
0,0,-0.7679681926,-3.003016274,2,0
0,0,-1.233975565,-4.660073724,2,-1
1,1,-1.856238387,-6.22262822
0,0,0,0,0,0
0,0,0.08514056691,0.8514056691,1,0
0,0,0.1860848785,1.009443116,2,0
0,0,0.2269700626,0.4088518409,2,0
0,0,0.2113875782,-0.1558248443,0,0
0,0,0.3311110556,1.197234774,0,0
0,0,0.5898101196,2.58699064,0,0
0,0,1.012278316,4.224681967,2,0
0,0,1.504772878,4.924945613,2,-1
1,1,2.136422308,6.316494307
0,0,0,0,0,0
0,0,0.09633028844,0.9633028844,2,0
0,0,0.1265599977,0.3022970931,0,0
0,0,0.2633884948,1.368284971,1,0
0,0,0.4496504365,1.862619417,1,0
0,0,0.6974773763,2.478269398,2,0
0,0,0.9917402695,2.942628932,0,0
0,0,1.455581604,4.638413348,0,-1
1,1,2.070681965,6.151003604
0,0,0,0,2,0
0,0,-0.08269375001,-0.8269375001,0,0
0,0,-0.08892484241,-0.06231092395,2,0
0,0,-0.2013423481,-1.124175057,0,0
0,0,-0.2668224367,-0.6548008856,1,0
0,0,-0.3880308998,-1.212084631,2,0
0,0,-0.657170994,-2.691400942,2,0
0,0,-1.073570378,-4.163993837,2,-1
1,1,-1.651667695,-5.780973176
0,0,0,0,2,0
0,0,-0.09408397476,-0.9408397476,2,0
0,0,-0.2911836618,-1.97099687,0,0
0,0,-0.452671256,-1.614875943,0,0
0,0,-0.5949007436,-1.422294876,0,0
0,0,-0.7662127922,-1.713120486,2,0
0,0,-1.102934724,-3.367219316,2,-1
1,1,-1.597991055,-4.950563316
0,0,0,0,0,0
0,0,0.08055414728,0.8055414728,0,0
0,0,0.2521979558,1.716438085,2,0
0,0,0.3868876461,1.346896903,0,0
0,0,0.6764010781,2.89513432,2,0
0,0,0.9885371692,3.121360911,1,0
0,0,1.417697361,4.291601922,2,-1
1,1,1.977097939,5.594005772
0,0,0,0,2,0
0,0,-0.0862583274,-0.862583274,1,0
0,0,-0.1745044609,-0.8824613355,1,0
0,0,-0.2930242288,-1.185197678,0,0
0,0,-0.3768867307,-0.8386250193,1,0
0,0,-0.516978191,-1.400914603,1,0
0,0,-0.7229966634,-2.060184724,0,0
0,0,-0.9621797835,-2.391831201,2,0
0,0,-1.371471916,-4.092921321,0,-1
1,1,-1.905447052,-5.339751362
0,0,0,0,1,0
0,0,-0.004039588111,-0.04039588111,0,0
0,0,0.06712482101,0.7116440912,2,0
0,0,0.0486883238,-0.1843649721,1,0
0,0,0.03527591286,-0.1341241094,1,0
0,0,0.01111827143,-0.2415764142,0,0
0,0,0.09021498823,0.7909671679,2,0
0,0,0.0871590441,-0.03055944132,2,0
0,0,0.01196629338,-0.7519275071,2,0
0,0,-0.1576852679,-1.696515613,2,0
0,0,-0.4425837635,-2.848984956,2,0
0,0,-0.8703051344,-4.277213708,0,0
0,0,-1.346231129,-4.759259944,2,-1
1,1,-1.974026903,-6.277957741
0,0,0,0,1,0
0,0,-0.01483467159,-0.1483467159,0,0
0,0,0.06736021683,0.8219488842,2,0
0,0,0.08628272907,0.1892251224,0,0
0,0,0.2197828291,1.335001,2,0
0,0,0.2901742811,0.7039145201,1,0
0,0,0.4007887106,1.106144295,2,0
0,0,0.5039178439,1.031291333,1,0
0,0,0.6876236297,1.837057858,0,0
0,0,1.033950085,3.46326455,0,0
0,0,1.546521843,5.125717582,2,-1
1,1,2.202934659,6.564128162
0,0,0,0,2,0
0,0,-0.09973768923,-0.9973768923,0,0
0,0,-0.129710725,-0.2997303576,1,0
0,0,-0.1803094962,-0.5059877121,1,0
0,0,-0.2513821994,-0.7107270321,2,0
0,0,-0.4589366579,-2.075544585,2,0
0,0,-0.8008050965,-3.418684386,1,0
0,0,-1.244780685,-4.43975589,1,-1
1,1,-1.818135745,-5.733550594
0,0,0,0,0,0
0,0,0.08956397339,0.8956397339,2,0
0,0,0.09931764967,0.09753676277,2,0
0,0,0.0398167734,-0.5950087627,2,0
0,0,-0.1090664799,-1.488832533,2,0
0,0,-0.372237663,-2.631711831,0,0
0,0,-0.6228234358,-2.505857728,1,0
0,0,-0.9659131655,-3.430897297,1,0
0,0,-1.418503444,-4.525902785,1,-1
1,1,-2.010691995,-5.92188551
0,0,0,0,2,0
0,0,-0.1031745126,-1.031745126,1,0
0,0,-0.2343172033,-1.311426906,0,0
0,0,-0.3081007382,-0.7378353491,0,0
0,0,-0.3380644203,-0.2996368208,1,0
0,0,-0.4294841579,-0.9141973765,0,0
0,0,-0.5116463872,-0.8216222924,2,0
0,0,-0.7347423285,-2.230959414,1,0
0,0,-1.07159238,-3.368500517,0,0
0,0,-1.495374447,-4.237820666,0,-1
1,1,-2.059288831,-5.639143843
0,0,0,0,0,0
0,0,0.08488144928,0.8488144928,1,0
0,0,0.1936587657,1.087773164,2,0
0,0,0.2428184915,0.4915972585,2,0
0,0,0.2418940979,-0.009243936612,1,0
0,0,0.2806878137,0.3879371587,1,0
0,0,0.3700262431,0.8933842941,0,0
0,0,0.5846298261,2.146035829,0,0
0,0,0.9559680444,3.713382183,2,0
0,0,1.389692926,4.337248813,0,-1
1,1,1.975441478,5.857485528
0,0,0,0,0,0
0,0,0.09907735302,0.9907735302,0,0
0,0,0.3033925731,2.0431522,1,0
0,0,0.554922885,2.515303119,1,0
0,0,0.8887630271,3.338401422,0,0
0,0,1.375486256,4.867232284,0,-1
1,1,2.014782628,6.392963722
0,0,0,0,0,0
0,0,0.07298668209,0.7298668209,2,0
0,0,0.06744194026,-0.05544741822,0,0
0,0,0.1775282974,1.100863571,0,0
0,0,0.4045383468,2.270100494,1,0
0,0,0.6804861676,2.759478208,0,0
0,0,1.116572582,4.360864139,1,-1
1,1,1.671898981,5.553263996
0,0,0,0,2,0
0,0,-0.1018921963,-1.018921963,2,0
0,0,-0.2989526229,-1.970604266,1,0
0,0,-0.5295712539,-2.306186309,1,0
0,0,-0.8343794696,-3.048082157,2,0
0,0,-1.31063192,-4.762524506,0,-1
1,1,-1.905322095,-5.946901749
0,0,0,0,2,0
0,0,-0.07201212533,-0.7201212533,0,0
0,0,-0.0852295839,-0.1321745857,2,0
0,0,-0.2122847523,-1.270551684,1,0
0,0,-0.3594833261,-1.471985738,2,0
0,0,-0.6389677887,-2.794844626,1,0
0,0,-1.003979514,-3.650117251,0,0
0,0,-1.454221083,-4.502415687,1,-1
1,1,-2.047451076,-5.932299936
0,0,0,0,0,0
0,0,0.1007515057,1.007515057,2,0
0,0,0.1376602167,0.3690871102,2,0
0,0,0.1013191344,-0.3634108223,1,0
0,0,0.09125827366,-0.1006086079,2,0
0,0,0.01251427938,-0.7874399428,2,0
0,0,-0.1692565347,-1.817708141,2,0
0,0,-0.4683539516,-2.990974169,1,0
0,0,-0.8364036383,-3.680496867,2,0
0,0,-1.370631289,-5.342276512,0,-1
1,1,-2.023469556,-6.528382666
0,0,0,0,0,0
0,0,0.07079242026,0.7079242026,1,0
0,0,0.1507355926,0.7994317229,1,0
0,0,0.2566302403,1.058946478,1,0
0,0,0.4073021721,1.506719318,1,0
0,0,0.6288244931,2.21522321,2,0
0,0,0.8828061788,2.539816857,2,0
0,0,1.207227502,3.244213237,0,-1
1,1,1.692181784,4.849542811
0,0,0,0,1,0
0,0,-0.006653828385,-0.06653828385,2,0
0,0,-0.1033293267,-0.9667549831,2,0
0,0,-0.3198030534,-2.164737267,0,0
0,0,-0.5095758346,-1.897727813,0,0
0,0,-0.709434315,-1.998584804,0,0
0,0,-0.9486013889,-2.39167074,2,0
0,0,-1.354817787,-4.062163978,2,-1
1,1,-1.914584817,-5.597670303
0,0,0,0,2,0
0,0,-0.08473182901,-0.8473182901,0,0
0,0,-0.1134759932,-0.2874416417,0,0
0,0,-0.05940614886,0.5406984432,2,0
0,0,-0.1085462719,-0.4914012301,2,0
0,0,-0.2660841755,-1.575379036,1,0
0,0,-0.4721246224,-2.060404469,1,0
0,0,-0.7462640228,-2.741394004,2,0
0,0,-1.186851426,-4.405874031,2,-1
1,1,-1.783641247,-5.967898207
0,0,0,0,1,0
0,0,0.006886627563,0.06886627563,1,0
0,0,0.002773544298,-0.04113083266,0,0
0,0,0.1016344628,0.9886091846,0,0
0,0,0.3148403766,2.132059138,2,0
0,0,0.498672593,1.838322164,2,0
0,0,0.6725773984,1.739048054,2,0
0,0,0.8906109909,2.180335926,1,0
0,0,1.234001488,3.433904969,1,-1
1,1,1.710160737,4.761592497
0,0,0,0,1,0
0,0,-0.000955726655,-0.00955726655,1,0
0,0,0.009619709008,0.1057543566,2,0
0,0,-0.06974117265,-0.7936088166,1,0
0,0,-0.1436438399,-0.7390266722,1,0
0,0,-0.2260385798,-0.8239473992,0,0
0,0,-0.252334155,-0.2629557521,0,0
0,0,-0.2240583033,0.2827585173,1,0
0,0,-0.2407546546,-0.1669635131,2,0
0,0,-0.3837438674,-1.429892128,0,0
0,0,-0.5166178453,-1.328739778,1,0
0,0,-0.740438183,-2.238203377,0,0
0,0,-1.012509071,-2.720708878,2,0
0,0,-1.445963879,-4.334548084,1,-1
1,1,-2.023367212,-5.774033333
0,0,0,0,0,0
0,0,0.1027593805,1.027593805,1,0
0,0,0.2110293936,1.082700131,0,0
0,0,0.4349603971,2.239310035,0,0
0,0,0.7965810257,3.616206286,0,0
0,0,1.312704802,5.161237762,0,-1
1,1,1.98540732,6.727025184
0,0,0,0,0,0
0,0,0.0808395945,0.808395945,1,0
0,0,0.1807581124,0.9991851794,1,0
0,0,0.2978494785,1.17091366,0,0
0,0,0.5464513241,2.486018457,2,0
0,0,0.8024757529,2.560244287,2,0
0,0,1.116032209,3.135564561,2,0
0,0,1.528323955,4.122917463,2,-1
1,1,2.083441377,5.551174221
0,0,0,0,2,0
0,0,-0.07628896109,-0.7628896109,0,0
0,0,-0.07821911118,-0.01930150096,2,0
0,0,-0.1851926185,-1.069735073,1,0
0,0,-0.3078144484,-1.226218299,1,0
0,0,-0.4755984944,-1.677840461,1,0
0,0,-0.7138087127,-2.382102183,0,0
0,0,-0.9963742527,-2.8256554,2,0
0,0,-1.43891241,-4.425381574,1,-1
1,1,-2.022217009,-5.833045991
0,0,0,0,2,0
0,0,-0.08294917827,-0.8294917827,0,0
0,0,-0.09931946195,-0.1637028368,0,0
0,0,-0.02924422731,0.7007523464,1,0
0,0,0.04086169079,0.701059181,2,0
0,0,0.0163252895,-0.2453640129,2,0
0,0,-0.09098783468,-1.073131242,1,0
0,0,-0.1964350714,-1.054472367,2,0
0,0,-0.4219659712,-2.255308998,1,0
0,0,-0.7186778474,-2.967118762,2,0
0,0,-1.165419979,-4.46742132,0,-1
1,1,-1.711085186,-5.456652062
0,0,0,0,2,0
0,0,-0.09199259203,-0.9199259203,1,0
0,0,-0.2063106382,-1.143180462,2,0
0,0,-0.4460788279,-2.397681897,1,0
0,0,-0.7434761681,-2.973973403,1,0
0,0,-1.136599003,-3.931228345,1,-1
1,1,-1.656049088,-5.194500851
0,0,0,0,1,0
0,0,0.008236575073,0.08236575073,0,0
0,0,0.1087840746,1.005474995,2,0
0,0,0.1278379136,0.1905383897,0,0
0,0,0.2724793149,1.446414013,2,0
0,0,0.3944988099,1.22019495,2,0
0,0,0.4974864893,1.029876793,1,0
0,0,0.6758825655,1.783960762,1,0
0,0,0.9472138431,2.713312776,1,0
0,0,1.333455055,3.862412121,1,-1
1,1,1.858854566,5.253995105
0,0,0,0,1,0
0,0,0.0146194434,0.146194434,2,0
0,0,-0.06208870491,-0.767081483,2,0
0,0,-0.2459411679,-1.83852463,0,0
0,0,-0.3971082527,-1.511670849,0,0
0,0,-0.5472132122,-1.501049595,1,0
0,0,-0.7870782861,-2.398650738,1,0
0,0,-1.125348766,-3.382704799,0,0
0,0,-1.56401315,-4.38664384,2,-1
1,1,-2.149917749,-5.859045986
0,0,0,0,1,0
0,0,0.01001281933,0.1001281933,1,0
0,0,0.01704406588,0.0703124655,0,0
0,0,0.1178864665,1.008424006,1,0
0,0,0.2475447701,1.296583036,0,0
0,0,0.4997509756,2.522062055,0,0
0,0,0.9134311905,4.13680215,0,0
0,0,1.485851834,5.724206434,0,-1
1,1,2.206014808,7.201629739
0,0,0,0,0,0
0,0,0.08666339687,0.8666339687,0,0
0,0,0.2839992931,1.973358962,1,0
0,0,0.5261150809,2.421157878,1,0
0,0,0.8553773816,3.292623007,0,0
0,0,1.356532954,5.011555726,0,-1
1,1,2.009536294,6.530033398
0,0,0,0,1,0
0,0,0.001625981187,0.01625981187,0,0
0,0,0.08888213871,0.8725615752,0,0
0,0,0.2948985909,2.060164522,1,0
0,0,0.542043831,2.471452401,1,0
0,0,0.8592895785,3.172457475,0,0
0,0,1.344030689,4.847411106,1,-1
1,1,1.966471707,6.224410177
0,0,0,0,1,0
0,0,-0.00206161831,-0.0206161831,2,0
0,0,-0.1081984827,-1.061368644,2,0
0,0,-0.3373943237,-2.29195841,0,0
0,0,-0.5323395321,-1.949452084,2,0
0,0,-0.8734228115,-3.410832795,2,0
0,0,-1.383480532,-5.100577203,1,-1
1,1,-2.034059121,-6.505785896
0,0,0,0,2,0
0,0,-0.07640007216,-0.7640007216,0,0
0,0,-0.07687737158,-0.004772994202,0,0
0,0,-0.00713049183,0.6974687975,2,0
0,0,-0.0291227007,-0.2199220887,2,0
0,0,-0.1358888948,-1.067661941,2,0
0,0,-0.3416989706,-2.058100758,1,0
0,0,-0.5924620233,-2.507630526,2,0
0,0,-1.01150279,-4.190407668,2,-1
1,1,-1.587508515,-5.760057246
