2,1,1
0,0,0,0,1,0
0,0,-0.009100190396,-0.09100190396,1,0
0,0,-0.005074164936,0.0402602546,2,0
0,0,-0.09977962522,-0.9470546028,1,0
0,0,-0.1972960368,-0.9751641161,1,0
0,0,-0.3210425143,-1.237464775,2,0
0,0,-0.5840027024,-2.629601881,2,0
0,0,-1.007909703,-4.23907001,0,0
0,0,-1.506445009,-4.985353057,0,-1
1,1,-2.144874506,-6.384294964
0,0,0,0,2,0
0,0,-0.07673567466,-0.7673567466,1,0
0,0,-0.1634134561,-0.8667778141,2,0
0,0,-0.3486592479,-1.852457918,0,0
0,0,-0.5031359927,-1.544767448,0,0
0,0,-0.6708811671,-1.677451744,2,0
0,0,-1.0072287,-3.36347533,2,0
0,0,-1.500431209,-4.932025086,2,-1
1,1,-2.14267905,-6.422478417
0,0,0,0,2,0
0,0,-0.1053428386,-1.053428386,2,0
0,0,-0.3036786668,-1.983358282,1,0
0,0,-0.559470337,-2.557916701,0,0
0,0,-0.8244251383,-2.649548013,0,0
0,0,-1.147761716,-3.233365778,0,-1
1,1,-1.575853426,-4.2809171
0,0,0,0,0,0
0,0,0.0989207637,0.989207637,1,0
0,0,0.2242485718,1.253278081,2,0
0,0,0.2920409625,0.677923907,1,0
0,0,0.3996036714,1.07562709,0,0
0,0,0.6631024559,2.634987845,2,0
0,0,0.9488254127,2.857229568,0,0
0,0,1.402783888,4.539584753,2,-1
1,1,1.983750685,5.809667972
0,0,0,0,2,0
0,0,-0.08793576748,-0.8793576748,0,0
0,0,-0.08611037538,0.01825392105,2,0
0,0,-0.1872956811,-1.011853057,1,0
0,0,-0.313078702,-1.25783021,2,0
0,0,-0.5775641194,-2.644854174,0,0
0,0,-0.8423841447,-2.648200252,1,0
0,0,-1.220505176,-3.781210312,2,-1
1,1,-1.760109562,-5.39604386
0,0,0,0,2,0
0,0,-0.1011312443,-1.011312443,2,0
0,0,-0.3113238177,-2.101925734,2,0
0,0,-0.6697385773,-3.584147596,2,0
0,0,-1.18821224,-5.184736627,2,-1
1,1,-1.858885405,-6.706731649
0,0,0,0,1,0
0,0,-0.002951468129,-0.02951468129,1,0
0,0,-0.002419812552,0.00531655577,1,0
0,0,-0.01097997462,-0.08560162065,2,0
0,0,-0.1238793704,-1.128993958,1,0
0,0,-0.2527861029,-1.289067324,1,0
0,0,-0.4070244344,-1.542383315,2,0
0,0,-0.7034553563,-2.964309219,1,0
0,0,-1.084761527,-3.813061708,0,0
0,0,-1.561479523,-4.767179959,1,-1
1,1,-2.184778036,-6.232985129
0,0,0,0,2,0
0,0,-0.09125506057,-0.9125506057,2,0
0,0,-0.2892144789,-1.979594183,1,0
0,0,-0.5419211392,-2.527066603,0,0
0,0,-0.8115465027,-2.696253635,1,0
0,0,-1.187691307,-3.761448045,2,-1
1,1,-1.725884057,-5.381927499
0,0,0,0,2,0
0,0,-0.1051813887,-1.051813887,0,0
0,0,-0.141852659,-0.3667127037,0,0
0,0,-0.1274190806,0.1443357844,0,0
0,0,-0.05303983695,0.7437924366,0,0
0,0,0.1100723806,1.631122176,0,0
0,0,0.3726627366,2.62590356,1,0
0,0,0.6975337414,3.248710048,2,0
0,0,1.065634489,3.681007479,0,-1
1,1,1.599347692,5.33713203
0,0,0,0,0,0
0,0,0.07950508096,0.7950508096,1,0
0,0,0.16969957,0.9019448905,0,0
0,0,0.3897017257,2.200021557,2,0
0,0,0.5883931152,1.986913895,2,0
0,0,0.8017139117,2.133207965,0,0
0,0,1.189596726,3.878828144,1,-1
1,1,1.70531807,5.157213443
0,0,0,0,0,0
0,0,0.1007844295,1.007844295,1,0
0,0,0.2111489777,1.103645483,2,0
0,0,0.2865572274,0.7540824968,2,0
0,0,0.319541092,0.3298386462,0,0
0,0,0.5019867833,1.824456912,2,0
0,0,0.6746280394,1.726412561,0,0
0,0,1.021334461,3.467064219,0,0
0,0,1.528285973,5.069515115,0,-1
1,1,2.18396654,6.556805671
0,0,0,0,2,0
0,0,-0.1020330295,-1.020330295,1,0
0,0,-0.228695651,-1.266626215,1,0
0,0,-0.3922184622,-1.635228112,0,0
0,0,-0.5411013746,-1.488829124,0,0
0,0,-0.6877768912,-1.466755167,0,0
0,0,-0.8721285435,-1.843516522,1,0
0,0,-1.171647825,-2.99519282,1,-1
1,1,-1.599302409,-4.276545832
0,0,0,0,2,0
0,0,-0.099915192,-0.99915192,2,0
0,0,-0.2882679749,-1.883527829,0,0
0,0,-0.4533291964,-1.650612215,0,0
0,0,-0.6271743138,-1.738451174,1,0
0,0,-0.8817764866,-2.546021728,1,0
0,0,-1.253213831,-3.714373448,2,-1
1,1,-1.785432825,-5.322189932
0,0,0,0,1,0
0,0,-0.001081188172,-0.01081188172,0,0
0,0,0.1021758744,1.032570626,1,0
0,0,0.2101075938,1.079317193,0,0
0,0,0.4560804964,2.459729026,1,0
0,0,0.7574417445,3.013612481,1,0
0,0,1.168469764,4.110280196,2,-1
1,1,1.67466683,5.061970656
0,0,0,0,0,0
0,0,0.08918056361,0.8918056361,2,0
0,0,0.1008136036,0.1163304003,2,0
0,0,0.04146437545,-0.5934922819,1,0
0,0,0.00398526073,-0.3747911472,2,0
0,0,-0.1378068527,-1.417921135,1,0
0,0,-0.2987275323,-1.609206796,1,0
0,0,-0.4962190836,-1.974915512,0,0
0,0,-0.7052169807,-2.089978972,2,0
0,0,-1.076838034,-3.716210532,0,0
0,0,-1.542589565,-4.657515313,2,-1
1,1,-2.156397778,-6.138082128
0,0,0,0,1,0
0,0,-0.01439954058,-0.1439954058,0,0
0,0,0.0418441797,0.5624372029,1,0
0,0,0.1123403747,0.7049619495,0,0
0,0,0.2825994787,1.702591041,1,0
0,0,0.5035608399,2.209613612,1,0
0,0,0.8060305973,3.024697574,0,0
0,0,1.269463969,4.634333715,1,-1
1,1,1.868902265,5.994382963
0,0,0,0,1,0
0,0,-0.01349518258,-0.1349518258,1,0
0,0,-0.02983042617,-0.163352436,2,0
0,0,-0.1220607641,-0.9223033789,1,0
0,0,-0.2358718472,-1.138110831,0,0
0,0,-0.3121373798,-0.7626553262,1,0
0,0,-0.4348559406,-1.227185608,2,0
0,0,-0.711216587,-2.763606463,1,0
0,0,-1.089783102,-3.785665148,1,-1
1,1,-1.588625383,-4.988422815
0,0,0,0,0,0
0,0,0.0830133154,0.830133154,0,0
0,0,0.2577449802,1.747316648,1,0
0,0,0.4872024039,2.294574237,2,0
0,0,0.7134238389,2.26221435,0,0
0,0,1.096429351,3.830055119,2,-1
1,1,1.572783328,4.763539771
0,0,0,0,0,0
0,0,0.1000070368,1.000070368,0,0
0,0,0.3009160555,2.009090188,0,0
0,0,0.6490300107,3.481139551,0,0
0,0,1.150101619,5.010716084,1,-1
1,1,1.769008407,6.189067885
0,0,0,0,0,0
0,0,0.09921033498,0.9921033498,0,0
0,0,0.3111633223,2.119529873,2,0
0,0,0.4804093762,1.69246054,0,0
0,0,0.7970090963,3.165997201,1,0
0,0,1.209310464,4.123013682,1,-1
1,1,1.749176095,5.398656309
0,0,0,0,2,0
0,0,-0.0998369613,-0.998369613,0,0
0,0,-0.1329900112,-0.3315304986,2,0
0,0,-0.2850144603,-1.520244492,2,0
0,0,-0.5791286527,-2.941141924,1,0
0,0,-0.9603036782,-3.811750255,0,0
0,0,-1.404627277,-4.443235987,2,-1
1,1,-2.000867575,-5.962402976
0,0,0,0,0,0
0,0,0.07605504318,0.7605504318,2,0
0,0,0.09285472072,0.1679967755,1,0
0,0,0.1088058505,0.1595112974,2,0
0,0,0.05649839346,-0.5230745701,2,0
0,0,-0.08863523694,-1.451336304,0,0
0,0,-0.1589184922,-0.7028325522,2,0
0,0,-0.3297876937,-1.708692015,0,0
0,0,-0.4693502644,-1.395625707,1,0
0,0,-0.6748440996,-2.054938352,1,0
0,0,-0.9711866718,-2.963425722,0,0
0,0,-1.346870638,-3.756839659,1,-1
1,1,-1.865075916,-5.182052785
0,0,0,0,1,0
0,0,-0.01007972289,-0.1007972289,1,0
0,0,-0.01157262008,-0.01492897193,0,0
0,0,0.05900317646,0.7057579654,0,0
0,0,0.2429632042,1.839600278,1,0
0,0,0.4683018875,2.253386833,0,0
0,0,0.8517244539,3.834225664,0,0
0,0,1.3899484,5.382239457,1,-1
1,1,2.067858063,6.779096635
0,0,0,0,2,0
0,0,-0.07096445253,-0.7096445253,1,0
0,0,-0.1485780882,-0.7761363568,1,0
0,0,-0.23770909,-0.8913100181,2,0
0,0,-0.4390413496,-2.013322596,0,0
0,0,-0.6306707162,-1.916293665,0,0
0,0,-0.8447463552,-2.140756391,0,0
0,0,-1.113207823,-2.684614677,1,0
0,0,-1.51024723,-3.970394073,0,-1
1,1,-2.048923545,-5.386763145
0,0,0,0,2,0
0,0,-0.07979993583,-0.7979993583,1,0
0,0,-0.1588989686,-0.7909903278,2,0
0,0,-0.3527727641,-1.938737955,1,0
0,0,-0.5926133579,-2.398405937,2,0
0,0,-0.984708213,-3.920948551,0,0
0,0,-1.45507886,-4.70370647,0,-1
1,1,-2.058297531,-6.032186713
0,0,0,0,1,0
0,0,0.006502275532,0.06502275532,1,0
0,0,0.01794011502,0.1143783949,2,0
0,0,-0.0541172536,-0.7205736862,1,0
0,0,-0.1251293738,-0.7101212019,2,0
0,0,-0.2915241482,-1.663947744,1,0
0,0,-0.506605141,-2.150809927,1,0
0,0,-0.8009211682,-2.943160273,1,0
0,0,-1.198936621,-3.980154527,1,-1
1,1,-1.731240416,-5.323037948
0,0,0,0,1,0
0,0,-0.003529752184,-0.03529752184,0,0
0,0,0.07699695605,0.8052670824,1,0
0,0,0.1850047815,1.080078255,1,0
0,0,0.3270942555,1.42089474,0,0
0,0,0.5943341372,2.672398817,0,0
0,0,1.008133723,4.137995856,1,0
0,0,1.543652063,5.355183405,1,-1
1,1,2.224902435,6.812503718
0,0,0,0,2,0
0,0,-0.1039082204,-1.039082204,0,0
0,0,-0.1396200041,-0.3571178372,0,0
0,0,-0.1042394075,0.3538059657,1,0
0,0,-0.07418084519,0.3005856235,2,0
0,0,-0.1346593794,-0.6047853419,1,0
0,0,-0.2077606108,-0.7310123141,2,0
0,0,-0.3943482343,-1.865876235,1,0
0,0,-0.6330222958,-2.386740615,0,0
0,0,-0.9015799886,-2.685576928,1,0
0,0,-1.279366482,-3.777864934,0,-1
1,1,-1.771295539,-4.919290568
0,0,0,0,1,0
0,0,0.00697040469,0.0697040469,0,0
0,0,0.08886584154,0.8189543685,1,0
0,0,0.2024753219,1.136094803,0,0
0,0,0.4351102646,2.326349427,2,0
0,0,0.6569540675,2.218438029,2,0
0,0,0.9011833345,2.44229267,2,0
0,0,1.21543259,3.142492555,0,-1
1,1,1.691536957,4.76104367
0,0,0,0,0,0
0,0,0.07727233579,0.7727233579,0,0
0,0,0.2488556726,1.715833368,2,0
0,0,0.3879847882,1.391291156,2,0
0,0,0.5097581346,1.217733464,0,0
0,0,0.7727068245,2.629486899,0,0
0,0,1.195274286,4.225674614,0,-1
1,1,1.771892211,5.766179251
0,0,0,0,2,0
0,0,-0.0759197375,-0.759197375,1,0
0,0,-0.180578758,-1.046590205,2,0
0,0,-0.4141825135,-2.336037555,1,0
0,0,-0.7256485652,-3.114660517,2,0
0,0,-1.200232362,-4.745837964,2,-1
1,1,-1.83228916,-6.320567986
0,0,0,0,0,0
0,0,0.08759523454,0.8759523454,1,0
0,0,0.1871889226,0.9959368807,1,0
0,0,0.3284294329,1.412405103,0,0
0,0,0.6128050315,2.843755987,0,0
0,0,1.049910504,4.371054725,0,-1
1,1,1.638806772,5.888962683
0,0,0,0,2,0
0,0,-0.07528455197,-0.7528455197,0,0
0,0,-0.06671714359,0.08567408381,2,0
0,0,-0.1463411619,-0.7962401827,0,0
0,0,-0.1810845728,-0.3474341093,1,0
0,0,-0.2330325521,-0.5194797927,2,0
0,0,-0.3998479361,-1.66815384,0,0
0,0,-0.5638229913,-1.639750552,0,0
0,0,-0.7475932328,-1.837702415,0,0
0,0,-0.9873168355,-2.397236027,0,0
0,0,-1.306107752,-3.187909166,2,-1
1,1,-1.781168093,-4.750603409
0,0,0,0,2,0
0,0,-0.07715902125,-0.7715902125,2,0
0,0,-0.2604528908,-1.832938695,1,0
0,0,-0.5030867452,-2.426338545,2,0
0,0,-0.8908533839,-3.877666386,2,0
0,0,-1.432083424,-5.412300406,2,-1
1,1,-2.121689594,-6.896061699
0,0,0,0,1,0
0,0,0.005707042388,0.05707042388,1,0
0,0,0.0234539739,0.1774693151,2,0
0,0,-0.0571271128,-0.805810867,0,0
0,0,-0.04695051796,0.1017659484,0,0
0,0,0.0277496717,0.7470018966,1,0
0,0,0.09872965918,0.7097998748,1,0
0,0,0.1789778047,0.8024814548,1,0
0,0,0.3044231184,1.254453137,2,0
0,0,0.3949134738,0.9049035539,1,0
0,0,0.5582172196,1.633037458,0,0
0,0,0.8883028367,3.300856171,1,0
0,0,1.335248154,4.469453174,1,-1
1,1,1.919277161,5.840290065
0,0,0,0,1,0
0,0,-0.00241593817,-0.0241593817,1,0
0,0,-0.02169342414,-0.1927748597,0,0
0,0,0.04549794592,0.6719137006,1,0
0,0,0.1275844114,0.8208646545,2,0
0,0,0.1406171182,0.1303270687,0,0
0,0,0.2617127966,1.210956784,1,0
0,0,0.4359299898,1.742171932,2,0
0,0,0.611143276,1.752132862,2,0
0,0,0.8193400332,2.081967572,1,0
0,0,1.138152951,3.188129178,1,-1
1,1,1.582400678,4.442477268
0,0,0,0,2,0
0,0,-0.08196552067,-0.8196552067,1,0
0,0,-0.1671783505,-0.852128298,0,0
0,0,-0.1803453071,-0.1316695667,2,0
0,0,-0.2952703683,-1.149250612,2,0
0,0,-0.5303717353,-2.35101367,2,0
0,0,-0.9309074132,-4.005356779,0,0
0,0,-1.391637491,-4.607300783,1,-1
1,1,-1.990819493,-5.99182002
0,0,0,0,2,0
0,0,-0.1029382928,-1.029382928,0,0
0,0,-0.1468236701,-0.4388537733,0,0
0,0,-0.116207274,0.3061639609,0,0
0,0,-0.02686293892,0.8934433513,2,0
0,0,-0.01646466059,0.1039827832,0,0
0,0,0.08235947428,0.9882413487,2,0
0,0,0.1096433384,0.2728386415,1,0
0,0,0.1509030636,0.412597252,2,0
0,0,0.1187280685,-0.3217499512,1,0
0,0,0.0976216361,-0.2110643242,2,0
0,0,-0.007027234629,-1.046488707,2,0
0,0,-0.2125323277,-2.055050931,1,0
0,0,-0.4435494025,-2.310170748,0,0
0,0,-0.6627717858,-2.192223833,1,0
0,0,-0.9738354132,-3.110636274,0,0
0,0,-1.352676076,-3.788406625,1,-1
1,1,-1.87188894,-5.192128641
0,0,0,0,1,0
0,0,-0.00843174152,-0.0843174152,1,0
0,0,-0.03266070808,-0.2422896656,1,0
0,0,-0.05132370015,-0.1866299207,1,0
0,0,-0.08237298158,-0.3104928143,0,0
0,0,-0.04111265944,0.4126032214,1,0
0,0,-0.02141142093,0.1970123851,1,0
0,0,-0.01899038153,0.02421039404,1,0
0,0,-0.005605302592,0.1338507893,2,0
0,0,-0.0917397958,-0.8613449321,1,0
0,0,-0.2029797137,-1.112399179,2,0
0,0,-0.4216317082,-2.186519945,0,0
0,0,-0.631162198,-2.095304898,2,0
0,0,-0.991352572,-3.601903741,1,0
0,0,-1.464603505,-4.732509329,2,-1
1,1,-2.088768911,-6.241654062
0,0,0,0,2,0
0,0,-0.08403670666,-0.8403670666,2,0
0,0,-0.2627799751,-1.787432684,1,0
0,0,-0.4903536131,-2.275736381,0,0
0,0,-0.7225203512,-2.321667381,0,0
0,0,-0.984831939,-2.623115878,1,0
0,0,-1.377650093,-3.928181539,2,-1
1,1,-1.924368206,-5.467181131
0,0,0,0,0,0
0,0,0.10267239,1.0267239,2,0
0,0,0.1344522443,0.3177985425,0,0
0,0,0.2666349058,1.321826616,1,0
0,0,0.4321072012,1.654722953,0,0
0,0,0.7369185846,3.048113834,2,0
0,0,1.092921038,3.560024532,0,-1
1,1,1.612999223,5.200781848
0,0,0,0,2,0
0,0,-0.07803754944,-0.7803754944,2,0
0,0,-0.2523623985,-1.74324849,0,0
0,0,-0.3711893008,-1.188269023,2,0
0,0,-0.6215597662,-2.503704654,2,0
0,0,-1.018979463,-3.974196966,0,0
0,0,-1.492585312,-4.736058488,0,-1
1,1,-2.10346876,-6.108834488
0,0,0,0,0,0
0,0,0.1021151981,1.021151981,2,0
0,0,0.1445817617,0.4246656362,1,0
0,0,0.2215940303,0.7701226862,2,0
0,0,0.2428144601,0.212204297,2,0
0,0,0.2092185682,-0.3359589183,1,0
0,0,0.2219627062,0.12744138,2,0
0,0,0.1848461564,-0.3711654985,0,0
0,0,0.2563825232,0.7153636685,0,0
0,0,0.4483511734,1.919686502,2,0
0,0,0.6350958656,1.867446922,2,0
0,0,0.8545669708,2.194711052,0,0
0,0,1.242521413,3.879544422,0,-1
1,1,1.784795713,5.422742996
0,0,0,0,2,0
0,0,-0.07149564045,-0.7149564045,2,0
0,0,-0.2606852095,-1.89189569,1,0
0,0,-0.4803965275,-2.19711318,2,0
0,0,-0.8463340558,-3.659375283,0,0
0,0,-1.258896071,-4.125620152,2,-1
1,1,-1.827087071,-5.681910002
0,0,0,0,1,0
0,0,0.005925352004,0.05925352004,0,0
0,0,0.1161722094,1.102468574,1,0
0,0,0.2456841427,1.295119332,2,0
0,0,0.3418479357,0.9616379306,0,0
0,0,0.5801833661,2.383354304,0,0
0,0,0.9687488563,3.885654902,1,0
0,0,1.471091973,5.023431166,0,-1
1,1,2.123406695,6.523147222
0,0,0,0,2,0
0,0,-0.0755931504,-0.755931504,2,0
0,0,-0.2412327698,-1.656396194,1,0
0,0,-0.4387918425,-1.975590727,2,0
0,0,-0.7725747388,-3.337828963,2,0
0,0,-1.257970519,-4.853957801,2,-1
1,1,-1.89395762,-6.35987101
0,0,0,0,2,0
0,0,-0.0856790702,-0.856790702,1,0
0,0,-0.1854504121,-0.9977134194,2,0
0,0,-0.4127376707,-2.272872586,0,0
0,0,-0.6211735505,-2.084358798,1,0
0,0,-0.9310945037,-3.099209531,2,0
0,0,-1.413143776,-4.820492725,0,-1
1,1,-2.023279809,-6.101360328
0,0,0,0,2,0
0,0,-0.09282841631,-0.9282841631,2,0
0,0,-0.2989812092,-2.061527929,0,0
0,0,-0.4796574689,-1.806762597,1,0
0,0,-0.7449150887,-2.652576198,1,0
0,0,-1.108247684,-3.633325956,0,0
0,0,-1.560321775,-4.520740907,0,-1
1,1,-2.15833468,-5.980129046
0,0,0,0,0,0
0,0,0.07658283121,0.7658283121,1,0
0,0,0.1609124535,0.8432962231,2,0
0,0,0.178404328,0.1749187449,1,0
0,0,0.2138568636,0.3545253561,0,0
0,0,0.3650522204,1.511953568,2,0
0,0,0.48649573,1.214435096,1,0
0,0,0.6710371283,1.845413983,0,0
0,0,1.015197124,3.441599956,0,0
0,0,1.521492334,5.062952101,0,-1
1,1,2.176248272,6.547559384
0,0,0,0,0,0
0,0,0.08585136574,0.8585136574,0,0
0,0,0.2620342625,1.761828967,0,0
0,0,0.5753635743,3.133293118,0,0
0,0,1.032580789,4.572172145,0,-1
1,1,1.647824468,6.152436792
0,0,0,0,2,0
0,0,-0.08414464311,-0.8414464311,0,0
0,0,-0.1048932382,-0.207485951,0,0
0,0,-0.04677983135,0.5811340686,2,0
0,0,-0.1011962065,-0.5441637514,1,0
0,0,-0.1815948806,-0.803986741,2,0
0,0,-0.3953062576,-2.13711377,0,0
0,0,-0.5837222404,-1.884159828,2,0
0,0,-0.941178608,-3.574563676,1,0
0,0,-1.419706465,-4.785278572,2,-1
1,1,-2.051512648,-6.318061834
0,0,0,0,2,0
0,0,-0.1022131369,-1.022131369,1,0
0,0,-0.2312047445,-1.289916076,1,0
0,0,-0.3835894436,-1.523846991,0,0
0,0,-0.5126230583,-1.290336147,2,0
0,0,-0.7892043407,-2.765812824,1,0
0,0,-1.171540682,-3.823363409,1,-1
1,1,-1.683703216,-5.121625344
0,0,0,0,0,0
0,0,0.08171368251,0.8171368251,2,0
0,0,0.09730516615,0.1559148363,1,0
0,0,0.1188833174,0.2157815125,0,0
0,0,0.2478691964,1.28985879,0,0
0,0,0.5126591923,2.647899959,0,0
0,0,0.9359520033,4.23292811,1,0
0,0,1.475106008,5.391540045,1,-1
1,1,2.155753831,6.80647823
0,0,0,0,1,0
0,0,-0.008528996723,-0.08528996723,0,0
0,0,0.08727505729,0.9580405402,1,0
0,0,0.1952752309,1.080001736,1,0
0,0,0.3373406002,1.420653693,2,0
0,0,0.4514947861,1.141541859,1,0
0,0,0.6302534288,1.787586427,2,0
0,0,0.8420146064,2.117611777,1,0
0,0,1.159684763,3.176701566,0,-1
1,1,1.644357372,4.846726091
0,0,0,0,0,0
0,0,0.09819517572,0.9819517572,0,0
0,0,0.3116931908,2.134980151,2,0
0,0,0.5007567656,1.890635748,2,0
0,0,0.6812252797,1.804685141,1,0
0,0,0.9500394256,2.688141458,1,0
0,0,1.348023313,3.979838877,1,-1
1,1,1.888103169,5.400798557
0,0,0,0,0,0
0,0,0.08324681845,0.8324681845,1,0
0,0,0.1733598083,0.901129899,1,0
0,0,0.2918285355,1.184687272,2,0
0,0,0.3601670639,0.6833852838,1,0
0,0,0.4784875455,1.183204816,1,0
0,0,0.6596980557,1.812105102,0,0
0,0,0.9901767794,3.304787236,2,0
0,0,1.392153122,4.019763428,0,-1
1,1,1.951219923,5.590668004
0,0,0,0,1,0
0,0,-0.014908867,-0.14908867,1,0
0,0,-0.03196995059,-0.170610836,0,0
0,0,0.03654850999,0.6851846059,0,0
0,0,0.2166321295,1.800836196,1,0
0,0,0.4415080295,2.248758999,1,0
0,0,0.7225536514,2.810456219,0,0
0,0,1.162516367,4.399627161,0,-1
1,1,1.763738338,6.012219708
0,0,0,0,2,0
0,0,-0.1050939148,-1.050939148,2,0
0,0,-0.3312810768,-2.26187162,1,0
0,0,-0.6101441485,-2.788630717,0,0
0,0,-0.9019333851,-2.917892366,2,0
0,0,-1.352514097,-4.505807119,1,-1
1,1,-1.943361117,-5.908470202
0,0,0,0,1,0
0,0,-0.005543931733,-0.05543931733,0,0
0,0,0.06341810308,0.6896203481,1,0
0,0,0.1446279222,0.8120981914,1,0
0,0,0.2360252784,0.9139735613,2,0
0,0,0.2705085613,0.3448328299,1,0
0,0,0.3468843271,0.7637576572,0,0
0,0,0.5611939367,2.143096096,2,0
0,0,0.7951934969,2.339995602,1,0
0,0,1.132474273,3.372807756,2,0
0,0,1.564368346,4.318940738,0,-1
1,1,2.14363891,5.79270564
0,0,0,0,2,0
0,0,-0.09025989009,-0.9025989009,1,0
0,0,-0.1869936407,-0.9673375057,0,0
0,0,-0.2294296121,-0.4243597148,1,0
0,0,-0.3159649693,-0.865353572,2,0
0,0,-0.5302759046,-2.143109352,2,0
0,0,-0.8978924288,-3.676165243,2,0
0,0,-1.419584576,-5.216921471,2,-1
1,1,-2.090080064,-6.704954879
0,0,0,0,2,0
0,0,-0.07244892992,-0.7244892992,2,0
0,0,-0.2279227788,-1.554738489,2,0
0,0,-0.5107247475,-2.828019687,1,0
0,0,-0.8786390854,-3.679143379,0,0
0,0,-1.310288767,-4.316496819,1,-1
1,1,-1.882205042,-5.719162744
0,0,0,0,0,0
0,0,0.0946316129,0.946316129,2,0
0,0,0.1136455131,0.1901390015,2,0
0,0,0.05082394911,-0.6282156394,0,0
0,0,0.1012317952,0.5040784611,0,0
0,0,0.2532762395,1.520444443,0,0
0,0,0.5218128311,2.685365916,1,0
0,0,0.8539119541,3.32099123,0,0
0,0,1.34014652,4.862345657,0,-1
1,1,1.98042201,6.402754905
0,0,0,0,2,0
0,0,-0.09148984475,-0.9148984475,1,0
0,0,-0.2041584201,-1.126685753,1,0
0,0,-0.3445075868,-1.403491667,2,0
0,0,-0.62962111,-2.851135232,0,0
0,0,-0.9329422526,-3.033211426,2,0
0,0,-1.399595959,-4.666537062,1,-1
1,1,-2.005318773,-6.057228142
0,0,0,0,2,0
0,0,-0.09249906915,-0.9249906915,1,0
0,0,-0.1927840893,-1.002850201,1,0
0,0,-0.3245475989,-1.317635096,0,0
0,0,-0.4435748549,-1.19027256,0,0
0,0,-0.5645441754,-1.209693205,0,0
0,0,-0.6969812294,-1.32437054,0,0
0,0,-0.8560905273,-1.591092979,0,0
0,0,-1.08159899,-2.255084626,1,0
0,0,-1.436011893,-3.544129027,1,-1
1,1,-1.932016455,-4.960045623
0,0,0,0,2,0
0,0,-0.07726519425,-0.7726519425,1,0
0,0,-0.1771987435,-0.999335493,1,0
0,0,-0.2902950966,-1.130963531,0,0
0,0,-0.3564994784,-0.6620438172,2,0
0,0,-0.5464987333,-1.89999255,0,0
0,0,-0.749197735,-2.026990017,0,0
0,0,-0.997865523,-2.48667788,0,0
0,0,-1.33059656,-3.327310367,0,-1
1,1,-1.784361707,-4.537651474
0,0,0,0,2,0
0,0,-0.07241280653,-0.7241280653,0,0
0,0,-0.07509444571,-0.02681639188,2,0
0,0,-0.1774140389,-1.023195932,1,0
0,0,-0.2961966561,-1.187826173,0,0
0,0,-0.3658935685,-0.6969691238,0,0
0,0,-0.4178941694,-0.5200060086,1,0
0,0,-0.551105344,-1.332111746,2,0
0,0,-0.8339914626,-2.828861186,0,0
0,0,-1.178383634,-3.443921713,0,-1
1,1,-1.627100512,-4.487168779
0,0,0,0,1,0
0,0,-0.01673966295,-0.1673966295,0,0
0,0,0.0547999641,0.7153962705,1,0
0,0,0.1363988044,0.815988403,0,0
0,0,0.3259641873,1.895653829,0,0
0,0,0.6516950375,3.257308502,0,0
0,0,1.128678625,4.769835878,1,-1
1,1,1.731584423,6.02905798
0,0,0,0,1,0
0,0,0.01296278356,0.1296278356,1,0
0,0,0.03644396499,0.2348118143,2,0
0,0,-0.03902234976,-0.7546631475,1,0
0,0,-0.1187204559,-0.7969810617,1,0
0,0,-0.2303273385,-1.116068826,1,0
0,0,-0.3784371012,-1.481097627,2,0
0,0,-0.6690972038,-2.906601026,2,0
0,0,-1.111766742,-4.426695381,0,-1
1,1,-1.644838599,-5.330718572
0,0,0,0,0,0
0,0,0.07289658568,0.7289658568,0,0
0,0,0.2524384294,1.795418438,1,0
0,0,0.485907656,2.334692265,2,0
0,0,0.7234597833,2.375521273,1,0
0,0,1.057826562,3.343667787,0,0
0,0,1.550831036,4.930044741,1,-1
1,1,2.190164877,6.393338413
0,0,0,0,2,0
0,0,-0.07894592984,-0.7894592984,2,0
0,0,-0.2622206443,-1.832747145,2,0
0,0,-0.5683731455,-3.061525012,2,0
0,0,-1.024994978,-4.566218326,2,-1
1,1,-1.631499493,-6.065045145
0,0,0,0,2,0
0,0,-0.08481803825,-0.8481803825,1,0
0,0,-0.1718527778,-0.870347395,0,0
0,0,-0.2018087614,-0.2995598362,2,0
0,0,-0.355636584,-1.538278226,0,0
0,0,-0.4882345192,-1.325979352,2,0
0,0,-0.7715546516,-2.833201323,0,0
0,0,-1.107425095,-3.35870443,0,0
0,0,-1.537432772,-4.300076771,1,-1
1,1,-2.113600879,-5.761681069
0,0,0,0,1,0
0,0,0.01721795761,0.1721795761,1,0
0,0,0.03967069816,0.2245274055,0,0
0,0,0.1651030873,1.254323891,0,0
0,0,0.4026340126,2.375309253,0,0
0,0,0.7831863578,3.805523451,0,0
0,0,1.315394179,5.32207821,2,-1
1,1,1.963125069,6.477308898
0,0,0,0,2,0
0,0,-0.09800998509,-0.9800998509,0,0
0,0,-0.1111816764,-0.131716913,2,0
0,0,-0.2255026286,-1.143209522,0,0
0,0,-0.3016104919,-0.7610786327,0,0
0,0,-0.3429104823,-0.4129999042,2,0
0,0,-0.5109083565,-1.679978741,2,0
0,0,-0.8409288055,-3.30020449,0,0
0,0,-1.236267703,-3.953388974,2,-1
1,1,-1.791415919,-5.551482159
0,0,0,0,2,0
0,0,-0.09318311411,-0.9318311411,1,0
0,0,-0.2143290044,-1.211458903,1,0
0,0,-0.3712620969,-1.569330925,2,0
0,0,-0.6771608167,-3.058987198,1,0
0,0,-1.079868852,-4.027080352,0,-1
1,1,-1.574336769,-4.944679173
0,0,0,0,0,0
0,0,0.08872566721,0.8872566721,0,0
0,0,0.285935466,1.972097988,1,0
0,0,0.5191672916,2.332318256,1,0
0,0,0.8207068499,3.015395583,1,0
0,0,1.235813466,4.151066165,0,-1
1,1,1.812847771,5.770343041
0,0,0,0,2,0
0,0,-0.09206704187,-0.9206704187,1,0
0,0,-0.2160197626,-1.239527207,0,0
0,0,-0.2775280318,-0.6150826919,0,0
0,0,-0.2990660491,-0.2153801733,0,0
0,0,-0.288263686,0.1080236318,2,0
0,0,-0.4206794459,-1.3241576,1,0
0,0,-0.623423943,-2.027444971,1,0
0,0,-0.9085921394,-2.851681964,0,0
0,0,-1.25982418,-3.512320403,2,-1
1,1,-1.76797802,-5.081538404
0,0,0,0,1,0
0,0,-0.003972809905,-0.03972809905,0,0
0,0,0.0658202482,0.6979305811,1,0
0,0,0.1396642759,0.7384402773,2,0
0,0,0.1467767826,0.07112506686,0,0
0,0,0.2586262615,1.118494789,1,0
0,0,0.4009760977,1.423498362,2,0
0,0,0.5225618265,1.215857287,0,0
0,0,0.8078945263,2.853326998,0,0
0,0,1.252342643,4.444481172,0,-1
1,1,1.853082296,6.007396524
0,0,0,0,1,0
0,0,-0.01083232776,-0.1083232776,1,0
0,0,-0.03870808487,-0.2787575711,1,0
0,0,-0.06496583365,-0.2625774878,0,0
0,0,-0.01937596572,0.4558986793,0,0
0,0,0.1222946756,1.416706413,1,0
0,0,0.271937865,1.496431894,0,0
0,0,0.5412581916,2.693203266,2,0
0,0,0.8155679207,2.74309729,0,0
0,0,1.26207536,4.465074398,0,-1
1,1,1.869210434,6.071350735
0,0,0,0,1,0
0,0,0.00573617938,0.0573617938,1,0
0,0,0.001210159011,-0.0452602037,1,0
0,0,-0.01142037982,-0.1263053883,0,0
0,0,0.06794129779,0.7936167761,0,0
0,0,0.2403770203,1.724357225,1,0
0,0,0.4464692224,2.060922021,0,0
0,0,0.7925974745,3.46128252,0,0
0,0,1.301327428,5.087299539,0,-1
1,1,1.961630778,6.603033497
0,0,0,0,1,0
0,0,-0.01637371034,-0.1637371034,0,0
0,0,0.05003082537,0.6640453571,2,0
0,0,0.04125623629,-0.08774589076,1,0
0,0,0.03716185558,-0.04094380712,2,0
0,0,-0.06167586126,-0.9883771685,0,0
0,0,-0.07465018457,-0.129743233,2,0
0,0,-0.1877796489,-1.131294643,2,0
0,0,-0.4094385824,-2.216589335,2,0
0,0,-0.7667325423,-3.572939599,1,0
0,0,-1.228673822,-4.619412793,2,-1
1,1,-1.842108259,-6.13434437
0,0,0,0,0,0
0,0,0.1006419356,1.006419356,1,0
0,0,0.2341728477,1.335309121,1,0
0,0,0.4056453953,1.714725477,0,0
0,0,0.7331937157,3.275483204,1,0
0,0,1.156016951,4.228232352,1,-1
1,1,1.709645209,5.536282583
0,0,0,0,2,0
0,0,-0.07775317497,-0.7775317497,1,0
0,0,-0.1761185104,-0.9836533544,1,0
0,0,-0.2898582413,-1.137397309,2,0
0,0,-0.5195530392,-2.296947979,0,0
0,0,-0.7418094335,-2.222563943,1,0
0,0,-1.060779097,-3.189696633,0,0
0,0,-1.468037928,-4.072588311,0,-1
1,1,-2.011192096,-5.431541685
0,0,0,0,2,0
0,0,-0.092859805,-0.92859805,2,0
0,0,-0.2997462634,-2.068864584,1,0
0,0,-0.5628963185,-2.631500551,0,0
0,0,-0.8270345045,-2.64138186,2,0
0,0,-1.263590659,-4.365561547,2,-1
1,1,-1.853376005,-5.897853461
0,0,0,0,2,0
0,0,-0.08340897467,-0.8340897467,1,0
0,0,-0.167856631,-0.8444765633,2,0
0,0,-0.3524435864,-1.845869554,0,0
0,0,-0.5284753172,-1.760317308,0,0
0,0,-0.7033696075,-1.748942903,0,0
0,0,-0.9065242511,-2.031546437,1,0
0,0,-1.223599933,-3.170756818,0,-1
1,1,-1.64864375,-4.250438167
0,0,0,0,0,0
0,0,0.08919905856,0.8919905856,0,0
0,0,0.2889924609,1.997934023,2,0
0,0,0.4440897213,1.550972604,0,0
0,0,0.7604640735,3.163743522,2,0
0,0,1.129788709,3.693246358,1,-1
1,1,1.631037366,5.012486565
0,0,0,0,0,0
0,0,0.09796223293,0.9796223293,0,0
0,0,0.3055431123,2.075808794,2,0
0,0,0.4665925851,1.610494728,1,0
0,0,0.6981988912,2.316063061,2,0
0,0,0.9551677218,2.569688306,0,0
0,0,1.373492393,4.183246711,2,-1
1,1,1.91901194,5.455195473
0,0,0,0,1,0
0,0,0.01682651777,0.1682651777,0,0
0,0,0.1088831775,0.9205665973,0,0
0,0,0.3064894101,1.976062326,1,0
0,0,0.5457624345,2.392730244,2,0
0,0,0.7851719356,2.394095011,1,0
0,0,1.134226163,3.490542279,1,-1
1,1,1.608407684,4.741815208
0,0,0,0,0,0
0,0,0.09730464527,0.9730464527,0,0
0,0,0.3003039015,2.029992562,0,0
0,0,0.6211604325,3.20856531,0,0
0,0,1.086316154,4.65155722,2,-1
1,1,1.641433177,5.551170223
0,0,0,0,0,0
0,0,0.08748593421,0.8748593421,0,0
0,0,0.2677109934,1.802250592,0,0
0,0,0.5849871332,3.172761398,2,0
0,0,0.9062804044,3.212932712,0,0
0,0,1.401048482,4.947680779,2,-1
1,1,2.022979343,6.219308609
0,0,0,0,1,0
0,0,-0.004363301383,-0.04363301383,0,0
0,0,0.09273577963,0.9709908101,2,0
0,0,0.1324762933,0.3974051364,0,0
0,0,0.2752506405,1.427743472,1,0
0,0,0.4708789918,1.956283513,1,0
0,0,0.7269352091,2.560562174,1,0
0,0,1.092286598,3.653513887,1,-1
1,1,1.57977907,4.874924722
0,0,0,0,1,0
0,0,-0.001313574539,-0.01313574539,2,0
0,0,-0.07671488647,-0.7540131194,0,0
0,0,-0.07412104685,0.02593839627,2,0
0,0,-0.1838729175,-1.097518706,0,0
0,0,-0.2401433121,-0.5627039459,1,0
0,0,-0.335245027,-0.9510171489,0,0
0,0,-0.4087505859,-0.7350555894,2,0
0,0,-0.6176252138,-2.088746279,2,0
0,0,-0.9796831393,-3.620579255,1,0
0,0,-1.45994881,-4.802656709,2,-1
1,1,-2.092231136,-6.322823263
0,0,0,0,1,0
0,0,-0.01032384165,-0.1032384165,2,0
0,0,-0.09695791136,-0.8663406971,1,0
0,0,-0.2087654747,-1.118075633,2,0
0,0,-0.4327983766,-2.240329019,1,0
0,0,-0.7372056378,-3.044072612,0,0
0,0,-1.076031545,-3.388259075,1,0
0,0,-1.534400763,-4.583692179,0,-1
1,1,-2.135409597,-6.01008834
0,0,0,0,1,0
0,0,0.01114922023,0.1114922023,1,0
0,0,0.01019201273,-0.009572075056,1,0
0,0,0.01828440224,0.08092389518,2,0
0,0,-0.04392147684,-0.6220587908,2,0
0,0,-0.2005760355,-1.566545587,2,0
0,0,-0.4699356123,-2.693595768,2,0
0,0,-0.8947734561,-4.248378438,2,0
0,0,-1.469858804,-5.750853479,1,-1
1,1,-2.185362807,-7.155040032
0,0,0,0,0,0
0,0,0.09665971909,0.9665971909,2,0
0,0,0.1251506517,0.2849093265,1,0
0,0,0.1626297573,0.3747910558,1,0
0,0,0.2162983739,0.5366861662,1,0
0,0,0.3097371922,0.9343881829,0,0
0,0,0.5231331779,2.133959857,2,0
0,0,0.742289786,2.19156608,2,0
0,0,1.002207894,2.599181077,0,0
0,0,1.424998776,4.227908825,1,-1
1,1,1.989750837,5.647520611
0,0,0,0,1,0
0,0,-0.001396493611,-0.01396493611,0,0
0,0,0.07881931789,0.802158115,2,0
0,0,0.08407548701,0.05256169121,0,0
0,0,0.1745168178,0.9044133083,0,0
0,0,0.3837084106,2.091915927,1,0
0,0,0.6672361404,2.835277298,0,0
0,0,1.097879235,4.306430945,2,-1
1,1,1.611713213,5.138339781
0,0,0,0,0,0
0,0,0.09154433712,0.9154433712,1,0
0,0,0.2091617232,1.17617386,1,0
0,0,0.3589035357,1.497418125,0,0
0,0,0.6420529336,2.831493979,0,0
0,0,1.08710554,4.450526065,0,-1
1,1,1.691476396,6.043708562
0,0,0,0,1,0
0,0,-0.006021347989,-0.06021347989,1,0
0,0,0.003917998486,0.09939346474,0,0
0,0,0.09183001108,0.8791201259,2,0
0,0,0.1027514173,0.1092140624,0,0
0,0,0.2234351638,1.206837464,0,0
0,0,0.4681784436,2.447432799,1,0
0,0,0.7889304127,3.207519691,2,0
0,0,1.151834519,3.629041067,2,-1
1,1,1.615899672,4.640651523
0,0,0,0,1,0
0,0,-0.009829097549,-0.09829097549,1,0
0,0,-0.03165848368,-0.2182938613,0,0
0,0,0.0454670642,0.7712554788,2,0
0,0,0.05415739786,0.08690333667,1,0
0,0,0.06400315598,0.09845758114,0,0
0,0,0.1774440588,1.134409029,0,0
0,0,0.4073557198,2.299116609,2,0
0,0,0.611187192,2.038314722,0,0
0,0,0.9746961311,3.635089391,2,0
0,0,1.418828279,4.441321479,2,-1
1,1,1.993791925,5.749636456
0,0,0,0,0,0
0,0,0.09628946254,0.9628946254,0,0
0,0,0.299579734,2.032902715,0,0
0,0,0.6324186321,3.328388981,2,0
0,0,0.998152658,3.657340259,0,0
0,0,1.526512026,5.283593675,2,-1
1,1,2.195999862,6.694878363
0,0,0,0,2,0
0,0,-0.09526260791,-0.9526260791,1,0
0,0,-0.1963139056,-1.010512977,1,0
0,0,-0.34767785,-1.513639444,0,0
0,0,-0.4869359717,-1.392581218,0,0
0,0,-0.6249251071,-1.379891354,1,0
0,0,-0.8440659057,-2.191407985,0,0
0,0,-1.120882451,-2.768165453,1,0
0,0,-1.526731081,-4.058486299,2,-1
1,1,-2.081497539,-5.547664583
0,0,0,0,0,0
0,0,0.09514338079,0.9514338079,2,0
0,0,0.1058244638,0.1068108301,1,0
0,0,0.1278694862,0.2204502239,0,0
0,0,0.2645804691,1.367109829,2,0
0,0,0.3554839765,0.9090350739,1,0
0,0,0.5029798919,1.474959154,0,0
0,0,0.8120130246,3.090331326,0,0
0,0,1.291773324,4.797602996,2,-1
1,1,1.886134746,5.943614219
0,0,0,0,2,0
0,0,-0.08609675749,-0.8609675749,0,0
0,0,-0.09255627676,-0.06459519276,2,0
0,0,-0.193778349,-1.012220723,0,0
0,0,-0.2530890179,-0.5931066892,1,0
0,0,-0.3407071638,-0.8761814591,0,0
0,0,-0.4065017259,-0.6579456207,1,0
0,0,-0.5273498319,-1.20848106,1,0
0,0,-0.730509482,-2.031596501,2,0
0,0,-1.108686457,-3.781769752,2,-1
1,1,-1.646309181,-5.376227239
0,0,0,0,0,0
0,0,0.1004358714,1.004358714,1,0
0,0,0.2271187634,1.26682892,0,0
0,0,0.4842544167,2.571356533,2,0
0,0,0.7255121486,2.412577318,2,0
0,0,1.001978913,2.764667645,0,0
0,0,1.436726462,4.347475487,1,-1
1,1,2.014357735,5.776312737
0,0,0,0,1,0
0,0,-0.01249008067,-0.1249008067,1,0
0,0,-0.01039566354,0.02094417128,0,0
0,0,0.08634988624,0.9674554978,0,0
0,0,0.2990023843,2.126524981,0,0
0,0,0.6294413755,3.304389912,0,0
0,0,1.119904696,4.904633207,2,-1
1,1,1.697713659,5.778089625
0,0,0,0,2,0
0,0,-0.09239980074,-0.9239980074,2,0
0,0,-0.2833700006,-1.909701999,2,0
0,0,-0.5996469909,-3.162769903,2,0
0,0,-1.068385384,-4.687383929,0,-1
1,1,-1.616668473,-5.482830896
0,0,0,0,1,0
0,0,-0.003404418956,-0.03404418956,0,0
0,0,0.09576383145,0.991682504,0,0
0,0,0.3132255221,2.174616907,2,0
0,0,0.5096867764,1.964612543,0,0
0,0,0.8694771536,3.597903772,2,0
0,0,1.289256394,4.197792404,0,-1
1,1,1.866036866,5.767804725
0,0,0,0,2,0
0,0,-0.08725833667,-0.8725833667,1,0
0,0,-0.1825851139,-0.9532677722,2,0
0,0,-0.4006410069,-2.18055893,2,0
0,0,-0.7713291619,-3.70688155,0,0
0,0,-1.192612773,-4.212836112,1,-1
1,1,-1.748013156,-5.554003832
0,0,0,0,2,0
0,0,-0.07740896102,-0.7740896102,2,0
0,0,-0.2427481582,-1.653391971,0,0
0,0,-0.3570365281,-1.1428837,2,0
0,0,-0.6040414523,-2.470049242,0,0
0,0,-0.8807855865,-2.767441342,2,0
0,0,-1.319405442,-4.386198555,2,-1
1,1,-1.914382511,-5.949770686
0,0,0,0,0,0
0,0,0.08926830629,0.8926830629,2,0
0,0,0.1040496081,0.1478130186,2,0
0,0,0.03816069278,-0.6588891537,2,0
0,0,-0.09835001059,-1.365107034,1,0
0,0,-0.2426966886,-1.44346678,0,0
0,0,-0.3426084695,-0.9991178099,0,0
0,0,-0.4326113879,-0.900029184,0,0
0,0,-0.5278237351,-0.9521234719,2,0
0,0,-0.7861063937,-2.582826586,2,0
0,0,-1.200473705,-4.14367311,2,-1
1,1,-1.768705177,-5.682314722
0,0,0,0,1,0
0,0,-0.008536635585,-0.08536635585,2,0
0,0,-0.09340597568,-0.8486934009,0,0
0,0,-0.1039661175,-0.1056014179,2,0
0,0,-0.2235055986,-1.195394811,2,0
0,0,-0.4644581569,-2.409525583,0,0
0,0,-0.6885151914,-2.240570346,0,0
0,0,-0.9416799412,-2.531647498,0,0
0,0,-1.268455637,-3.267756955,0,-1
1,1,-1.705787361,-4.373317244
0,0,0,0,0,0
0,0,0.0906768488,0.906768488,2,0
0,0,0.1234427617,0.3276591288,0,0
0,0,0.2600915645,1.366488028,0,0
0,0,0.5226192502,2.625276857,2,0
0,0,0.803894948,2.812756978,1,0
0,0,1.195067629,3.911726807,1,-1
1,1,1.720186945,5.251193168
0,0,0,0,1,0
0,0,-0.01286650918,-0.1286650918,1,0
0,0,-0.02077166136,-0.07905152186,2,0
0,0,-0.1092634513,-0.884917899,1,0
0,0,-0.2058949282,-0.9663147699,1,0
0,0,-0.341807607,-1.359126787,1,0
0,0,-0.5237075785,-1.818999716,2,0
0,0,-0.8452070418,-3.214994633,2,0
0,0,-1.331338197,-4.861311555,0,-1
1,1,-1.934818788,-6.034805904
0,0,0,0,1,0
0,0,0.005862976057,0.05862976057,0,0
0,0,0.1063966978,1.005337218,0,0
0,0,0.3208738433,2.144771455,0,0
0,0,0.6596150378,3.387411945,0,0
0,0,1.153720916,4.941058777,0,-1
1,1,1.805489167,6.517682518
0,0,0,0,2,0
0,0,-0.07802102389,-0.7802102389,1,0
0,0,-0.1639528779,-0.8593185396,0,0
0,0,-0.1845937314,-0.2064085353,1,0
0,0,-0.2325270294,-0.4793329801,2,0
0,0,-0.4082925366,-1.757655073,0,0
0,0,-0.5658471747,-1.575546381,2,0
0,0,-0.8879192455,-3.220720708,0,0
0,0,-1.271929082,-3.840098366,2,-1
1,1,-1.811866315,-5.399372332
0,0,0,0,0,0
0,0,0.07481791195,0.7481791195,1,0
0,0,0.1744491586,0.9963124662,2,0
0,0,0.2128562346,0.3840707599,1,0
0,0,0.2967143049,0.8385807034,0,0
0,0,0.5074527843,2.107384794,1,0
0,0,0.7971508629,2.896980786,1,0
0,0,1.18441792,3.872670571,0,-1
1,1,1.735992871,5.515749513
0,0,0,0,2,0
0,0,-0.08831414399,-0.8831414399,1,0
0,0,-0.1930516208,-1.047374768,1,0
0,0,-0.3424146533,-1.493630325,0,0
0,0,-0.4669758523,-1.24561199,0,0
0,0,-0.6001180872,-1.331422349,0,0
0,0,-0.7544535423,-1.543354551,0,0
0,0,-0.9645816821,-2.101281397,0,0
0,0,-1.255048785,-2.904671026,0,-1
1,1,-1.663036805,-4.079880203
0,0,0,0,1,0
0,0,0.006718573621,0.06718573621,2,0
0,0,-0.0857202044,-0.9243877802,1,0
0,0,-0.2052102491,-1.194900446,2,0
0,0,-0.4581163318,-2.529060827,1,0
0,0,-0.7779626923,-3.198463605,0,0
0,0,-1.134109059,-3.561463669,2,-1
1,1,-1.654451398,-5.203423385
0,0,0,0,2,0
0,0,-0.07425583192,-0.7425583192,0,0
0,0,-0.06102292587,0.1323290605,2,0
0,0,-0.1318495882,-0.7082666235,2,0
0,0,-0.3272847656,-1.954351773,2,0
0,0,-0.6507254989,-3.234407334,0,0
0,0,-1.003541542,-3.528160435,1,0
0,0,-1.475759685,-4.722181425,0,-1
1,1,-2.083259187,-6.074995021
0,0,0,0,0,0
0,0,0.09831668411,0.9831668411,1,0
0,0,0.2300206173,1.317039332,1,0
0,0,0.4146407978,1.846201805,1,0
0,0,0.665793901,2.511531032,2,0
0,0,0.9568447662,2.910508651,1,0
0,0,1.366417768,4.095730022,0,-1
1,1,1.933726664,5.67308896
0,0,0,0,2,0
0,0,-0.1022455116,-1.022455116,2,0
0,0,-0.3094857328,-2.072402211,2,0
0,0,-0.6342168464,-3.247311137,2,0
0,0,-1.101695604,-4.674787576,2,-1
1,1,-1.723750192,-6.220545881
0,0,0,0,0,0
0,0,0.09666530867,0.9666530867,2,0
0,0,0.1162790345,0.1961372578,0,0
0,0,0.2298264038,1.135473693,0,0
0,0,0.469560321,2.397339172,1,0
0,0,0.7699053678,3.003450468,0,0
0,0,1.236388569,4.664832014,0,-1
1,1,1.855407959,6.190193895
0,0,0,0,0,0
0,0,0.1058440521,1.058440521,0,0
0,0,0.3119577614,2.061137094,0,0
0,0,0.6619973219,3.500395605,2,0
0,0,1.039028143,3.770308211,1,0
0,0,1.543578635,5.045504924,2,-1
1,1,2.192134296,6.485556603
0,0,0,0,1,0
0,0,-0.001131938883,-0.01131938883,2,0
0,0,-0.07394590895,-0.7281397006,0,0
0,0,-0.08886549234,-0.149195834,1,0
0,0,-0.1137911094,-0.2492561707,0,0
0,0,-0.0765291709,0.3726193851,2,0
0,0,-0.1517460431,-0.7521687219,0,0
0,0,-0.1492879021,0.02458140941,1,0
0,0,-0.1764096269,-0.2712172472,2,0
0,0,-0.3118526624,-1.354430355,2,0
0,0,-0.5805072008,-2.686545384,1,0
0,0,-0.9457904322,-3.652832315,1,0
0,0,-1.420654632,-4.748641995,0,-1
1,1,-2.026714783,-6.060601508
0,0,0,0,2,0
0,0,-0.08879874818,-0.8879874818,1,0
0,0,-0.2059711567,-1.171724085,1,0
0,0,-0.3698610972,-1.638899405,0,0
0,0,-0.5131487089,-1.432876117,2,0
0,0,-0.8014981182,-2.883494093,1,0
0,0,-1.202010403,-4.005122843,1,-1
1,1,-1.733325234,-5.313148311
0,0,0,0,2,0
0,0,-0.08323666344,-0.8323666344,0,0
0,0,-0.08197738728,0.01259276163,2,0
0,0,-0.1926060286,-1.106286413,0,0
0,0,-0.2522581519,-0.5965212329,2,0
0,0,-0.4513100887,-1.990519368,0,0
0,0,-0.6447718258,-1.934617372,1,0
0,0,-0.9349891725,-2.902173467,0,0
0,0,-1.301110262,-3.661210892,0,-1
1,1,-1.788668821,-4.875585591
0,0,0,0,2,0
0,0,-0.09416693879,-0.9416693879,1,0
0,0,-0.2017599373,-1.075929985,1,0
0,0,-0.3597519284,-1.579919911,1,0
0,0,-0.5697069864,-2.09955058,1,0
0,0,-0.8636221552,-2.939151688,0,0
0,0,-1.219177359,-3.555552041,2,-1
1,1,-1.738102015,-5.189246557
0,0,0,0,1,0
0,0,-0.01058605389,-0.1058605389,0,0
0,0,0.07993462733,0.9052068122,1,0
0,0,0.182089029,1.021544017,0,0
0,0,0.4089458394,2.268568104,1,0
0,0,0.7145844252,3.056385858,0,0
0,0,1.171989368,4.57404943,0,-1
1,1,1.78586395,6.138745821
0,0,0,0,1,0
0,0,0.007635841583,0.07635841583,2,0
0,0,-0.08207854817,-0.8971438976,0,0
0,0,-0.09408148858,-0.1200294041,1,0
0,0,-0.1191593198,-0.2507783118,1,0
0,0,-0.1749409451,-0.5578162533,2,0
0,0,-0.3362644061,-1.61323461,2,0
0,0,-0.6495232127,-3.132588066,2,0
0,0,-1.109373474,-4.59850261,1,-1
1,1,-1.685224698,-5.758512247
0,0,0,0,1,0
0,0,0.004540853806,0.04540853806,1,0
0,0,-0.001943828697,-0.06484682503,2,0
0,0,-0.08129126466,-0.7934743596,0,0
0,0,-0.07923903819,0.02052226464,0,0
0,0,-0.01081063518,0.6842840301,1,0
0,0,0.04096635168,0.5177698686,0,0
0,0,0.2010227953,1.600564436,0,0
0,0,0.4896099853,2.8858719,1,0
0,0,0.8565552359,3.669452506,1,0
0,0,1.337564484,4.810092479,1,-1
1,1,1.956392238,6.188277542
0,0,0,0,1,0
0,0,0.01225892664,0.1225892664,0,0
0,0,0.1144774359,1.022185092,2,0
0,0,0.1427436354,0.2826619958,1,0
0,0,0.2033486352,0.6060499981,0,0
0,0,0.3754570982,1.721084629,1,0
0,0,0.6055631417,2.301060436,2,0
0,0,0.8658360185,2.602728767,1,0
0,0,1.232286631,3.664506129,2,-1
1,1,1.707759196,4.754725641
0,0,0,0,0,0
0,0,0.08100475647,0.8100475647,1,0
0,0,0.1827401321,1.017353756,0,0
0,0,0.3849001509,2.021600188,1,0
0,0,0.6422991965,2.573990456,1,0
0,0,0.9799426652,3.376434687,0,0
0,0,1.47642964,4.964869746,1,-1
1,1,2.115592155,6.391625153
0,0,0,0,0,0
0,0,0.07831303114,0.7831303114,2,0
0,0,0.09259445768,0.1428142654,1,0
0,0,0.1278795364,0.3528507874,2,0
0,0,0.1149434128,-0.1293612367,0,0
0,0,0.2072962966,0.923528838,0,0
0,0,0.4035521402,1.962558436,0,0
0,0,0.7527739678,3.492218277,1,0
0,0,1.189439368,4.366654002,1,-1
1,1,1.751723023,5.622836555
0,0,0,0,0,0
0,0,0.08464443808,0.8464443808,1,0
0,0,0.1814749848,0.9683054669,2,0
0,0,0.223874208,0.4239922321,2,0
0,0,0.2133917344,-0.1048247358,1,0
0,0,0.2283520645,0.1496033013,2,0
0,0,0.1927017574,-0.356503071,1,0
0,0,0.1737606382,-0.1894111919,1,0
0,0,0.1684375707,-0.05323067569,0,0
0,0,0.2945417851,1.261042144,2,0
0,0,0.3898036078,0.9526182272,0,0
0,0,0.6134761713,2.236725635,1,0
0,0,0.929156516,3.156803447,1,0
0,0,1.366462885,4.373063686,1,-1
1,1,1.940589457,5.741265724
0,0,0,0,0,0
0,0,0.09201678083,0.9201678083,0,0
0,0,0.2710021698,1.789853889,2,0
0,0,0.4066687401,1.356665703,2,0
0,0,0.5215348184,1.148660783,1,0
0,0,0.723610941,2.020761226,2,0
0,0,0.9586375278,2.350265867,2,0
0,0,1.269416807,3.107792794,0,-1
1,1,1.745168526,4.757517184
0,0,0,0,0,0
0,0,0.07897947066,0.7897947066,1,0
0,0,0.1609705217,0.8199105109,2,0
0,0,0.1678845739,0.06914052184,2,0
0,0,0.1191683161,-0.4871625783,2,0
0,0,0.0107829807,-1.083853354,2,0
0,0,-0.1755175299,-1.863005106,2,0
0,0,-0.4650447412,-2.895272113,0,0
0,0,-0.7396427449,-2.745980037,1,0
0,0,-1.119166831,-3.795240857,2,-1
1,1,-1.659907676,-5.407408456
0,0,0,0,2,0
0,0,-0.105633143,-1.05633143,1,0
0,0,-0.2369315765,-1.312984335,2,0
0,0,-0.4944310021,-2.574994256,0,0
0,0,-0.7561231096,-2.616921075,2,0
0,0,-1.189988592,-4.338654822,1,-1
1,1,-1.749797134,-5.598085419
0,0,0,0,0,0
0,0,0.1033450739,1.033450739,0,0
0,0,0.3223244565,2.189793826,1,0
0,0,0.5827634852,2.604390287,0,0
0,0,1.0101083,4.273448144,2,0
0,0,1.517371896,5.072635963,0,-1
1,1,2.173213433,6.558415371
0,0,0,0,2,0
0,0,-0.1054118023,-1.054118023,1,0
0,0,-0.244325164,-1.389133617,2,0
0,0,-0.5005770786,-2.562519147,1,0
0,0,-0.8412594263,-3.406823477,1,0
0,0,-1.288165008,-4.46905582,2,-1
1,1,-1.88931134,-6.011463315
0,0,0,0,2,0
0,0,-0.1024033175,-1.024033175,1,0
0,0,-0.2189431139,-1.165397964,2,0
0,0,-0.456937863,-2.379947491,1,0
0,0,-0.758358235,-3.01420372,1,0
0,0,-1.154840725,-3.9648249,0,-1
1,1,-1.648125689,-4.932849642
0,0,0,0,1,0
0,0,-0.01533119873,-0.1533119873,1,0
0,0,-0.02468421935,-0.09353020619,0,0
0,0,0.04902972607,0.7371394541,0,0
0,0,0.2248896846,1.758599585,0,0
0,0,0.5206867372,2.957970526,0,0
0,0,0.9638070357,4.431202985,2,0
0,0,1.474698988,5.108919521,2,-1
1,1,2.121998786,6.472997978
0,0,0,0,1,0
0,0,0.005777189531,0.05777189531,1,0
0,0,0.008811257104,0.03034067573,0,0
0,0,0.0975504033,0.8873914619,0,0
0,0,0.2978030465,2.002526432,2,0
0,0,0.4662758474,1.684728009,1,0
0,0,0.7163569981,2.500811507,1,0
0,0,1.068811362,3.524543636,0,-1
1,1,1.577382416,5.085710541
0,0,0,0,0,0
0,0,0.09743236001,0.9743236001,2,0
0,0,0.113719374,0.1628701395,1,0
0,0,0.1532019538,0.394825798,0,0
0,0,0.2973708066,1.441688528,1,0
0,0,0.4995739792,2.022031726,1,0
0,0,0.7703500252,2.70776046,1,0
0,0,1.15260859,3.822585645,2,-1
1,1,1.633220268,4.806116785
0,0,0,0,2,0
0,0,-0.1043257832,-1.043257832,0,0
0,0,-0.1435016963,-0.3917591312,1,0
0,0,-0.210576802,-0.6707510571,0,0
0,0,-0.2180187057,-0.07441903614,2,0
0,0,-0.3387992732,-1.207805675,2,0
0,0,-0.6105813976,-2.717821245,1,0
0,0,-0.9832612556,-3.726798579,2,0
0,0,-1.517156916,-5.338956603,0,-1
1,1,-2.191378986,-6.742220701
0,0,0,0,0,0
0,0,0.09259914234,0.9259914234,2,0
0,0,0.1113378648,0.1873872246,0,0
0,0,0.2498051309,1.384672661,0,0
0,0,0.4993670621,2.495619312,1,0
0,0,0.8193186999,3.199516378,1,0
0,0,1.255649078,4.363303781,2,-1
1,1,1.801854702,5.46205624
0,0,0,0,2,0
0,0,-0.08433316157,-0.8433316157,0,0
0,0,-0.1085677071,-0.2423454552,1,0
0,0,-0.1669385396,-0.5837083246,0,0
0,0,-0.1758357837,-0.0889724411,1,0
0,0,-0.2281628546,-0.5232707097,1,0
0,0,-0.3305364697,-1.023736151,0,0
0,0,-0.4136926591,-0.831561894,2,0
0,0,-0.6422638079,-2.285711488,2,0
0,0,-1.04105887,-3.987950621,1,0
0,0,-1.566560721,-5.255018507,1,-1
1,1,-2.238823792,-6.722630716
0,0,0,0,1,0
0,0,-0.01466966559,-0.1466966559,1,0
0,0,-0.04062844046,-0.2595877487,2,0
0,0,-0.1578140951,-1.171856546,0,0
0,0,-0.2219671624,-0.6415306735,1,0
0,0,-0.3121542128,-0.9018705041,1,0
0,0,-0.467259281,-1.551050682,2,0
0,0,-0.7685495203,-3.012902393,2,0
0,0,-1.222140706,-4.535911855,0,-1
1,1,-1.776489894,-5.543491879
0,0,0,0,2,0
0,0,-0.07942533057,-0.7942533057,1,0
0,0,-0.1676190148,-0.8819368422,1,0
0,0,-0.2787172305,-1.110982157,0,0
0,0,-0.3626053865,-0.8388815598,1,0
0,0,-0.5015865006,-1.389811141,2,0
0,0,-0.7904408391,-2.888543385,1,0
0,0,-1.192404959,-4.019641203,0,-1
1,1,-1.691956341,-4.995513815
0,0,0,0,0,0
0,0,0.08300363028,0.8300363028,1,0
0,0,0.1819793822,0.9897575188,1,0
0,0,0.3233985898,1.414192076,1,0
0,0,0.5024696898,1.790711,0,0
0,0,0.8233841109,3.209144211,1,0
0,0,1.258437003,4.35052892,2,-1
1,1,1.805644578,5.472075755
0,0,0,0,1,0
0,0,-0.007842429494,-0.07842429494,2,0
0,0,-0.106743644,-0.9890121455,1,0
0,0,-0.2369915672,-1.302479232,2,0
0,0,-0.4835907644,-2.465991972,1,0
0,0,-0.8052381131,-3.216473487,0,0
0,0,-1.186753522,-3.815154094,1,-1
1,1,-1.704175519,-5.174219965
0,0,0,0,2,0
0,0,-0.08736796769,-0.8736796769,1,0
0,0,-0.1851502765,-0.9778230878,1,0
0,0,-0.3222557451,-1.371054687,1,0
0,0,-0.5172924216,-1.950366765,1,0
0,0,-0.7973769523,-2.800845306,2,0
0,0,-1.238056215,-4.406792624,1,-1
1,1,-1.806063546,-5.680073315
0,0,0,0,0,0
0,0,0.09994136906,0.9994136906,2,0
0,0,0.1245703098,0.2462894073,1,0
0,0,0.1771208109,0.5255050108,2,0
0,0,0.1572220939,-0.1989871698,1,0
0,0,0.1757743227,0.185522288,2,0
0,0,0.1430790551,-0.3269526763,0,0
0,0,0.2076897337,0.6461067861,1,0
0,0,0.2972004191,0.8951068541,2,0
0,0,0.3436930145,0.4649259537,2,0
0,0,0.3677980549,0.241050404,2,0
0,0,0.3752168359,0.07418780994,2,0
0,0,0.3553372812,-0.1987955462,2,0
0,0,0.3215684215,-0.3376885978,1,0
0,0,0.3307072675,0.09138846069,1,0
0,0,0.3787178169,0.4801054939,1,0
0,0,0.4843705203,1.056527034,1,0
0,0,0.6608371251,1.764666048,1,0
0,0,0.9213574548,2.605203296,2,0
0,0,1.24395715,3.225996957,1,-1
1,1,1.700211516,4.562543657
0,0,0,0,1,0
0,0,-0.00795592544,-0.0795592544,1,0
0,0,-0.007156143781,0.00799781659,0,0
0,0,0.09328885026,1.00444994,0,0
0,0,0.3042112079,2.109223577,0,0
0,0,0.6502802897,3.460690818,1,0
0,0,1.073075654,4.227953644,0,-1
1,1,1.661293597,5.882179432
0,0,0,0,1,0
0,0,0.001464656416,0.01464656416,0,0
0,0,0.09265634803,0.9119169162,0,0
0,0,0.3034492474,2.107928994,1,0
0,0,0.5713113915,2.678621441,0,0
0,0,0.9814638583,4.101524668,1,0
0,0,1.515789774,5.34325916,2,-1
1,1,2.190856958,6.750671834
0,0,0,0,2,0
0,0,-0.07896713503,-0.7896713503,2,0
0,0,-0.2451760084,-1.662088734,0,0
0,0,-0.3708520283,-1.256760199,2,0
0,0,-0.6435928012,-2.727407729,1,0
0,0,-1.013295259,-3.697024577,2,0
0,0,-1.550204017,-5.369087582,0,-1
1,1,-2.231960719,-6.817567023
0,0,0,0,0,0
0,0,0.1014768138,1.014768138,0,0
0,0,0.3243925644,2.229157506,2,0
0,0,0.5109772424,1.86584678,0,0
0,0,0.8383209016,3.273436592,0,0
0,0,1.325206677,4.868857754,0,-1
1,1,1.968027903,6.42821226
0,0,0,0,2,0
0,0,-0.09982650804,-0.9982650804,0,0
0,0,-0.1204014169,-0.2057490883,2,0
0,0,-0.2405769582,-1.201755413,1,0
0,0,-0.4125582588,-1.719813006,2,0
0,0,-0.7222753828,-3.09717124,2,0
0,0,-1.180885552,-4.586101695,0,-1
1,1,-1.73711639,-5.562308381
0,0,0,0,1,0
0,0,-0.01382396161,-0.1382396161,2,0
0,0,-0.1038502169,-0.9002625527,1,0
0,0,-0.2167191055,-1.128688886,1,0
0,0,-0.3777950072,-1.610759017,1,0
0,0,-0.6024606217,-2.246656146,2,0
0,0,-0.9868614261,-3.844008044,0,0
0,0,-1.450070978,-4.632095522,0,-1
1,1,-2.047000114,-5.969291359
0,0,0,0,0,0
0,0,0.08844925676,0.8844925676,0,0
0,0,0.2889240429,2.004747861,2,0
0,0,0.4651178029,1.7619376,0,0
0,0,0.7929801369,3.27862334,2,0
0,0,1.177680356,3.847002192,0,-1
1,1,1.727585275,5.499049185
0,0,0,0,0,0
0,0,0.07490984881,0.7490984881,0,0
0,0,0.2592626214,1.843527726,1,0
0,0,0.4753587877,2.160961663,0,0
0,0,0.8413210577,3.6596227,2,0
0,0,1.269002851,4.27681793,1,-1
1,1,1.82956279,5.605599393
0,0,0,0,2,0
0,0,-0.1025503424,-1.025503424,1,0
0,0,-0.2082608925,-1.057105501,0,0
0,0,-0.2566773473,-0.4841645475,1,0
0,0,-0.340376553,-0.8369920579,0,0
0,0,-0.4046476542,-0.6427110121,1,0
0,0,-0.5346873248,-1.300396705,0,0
0,0,-0.6745737555,-1.398864307,2,0
0,0,-0.9790072195,-3.04433464,2,0
0,0,-1.454351642,-4.753444229,0,-1
1,1,-2.062772939,-6.084212968
0,0,0,0,2,0
0,0,-0.08974816171,-0.8974816171,0,0
0,0,-0.09085476006,-0.01106598345,1,0
0,0,-0.09767272333,-0.0681796327,1,0
0,0,-0.1317255974,-0.3405287406,0,0
0,0,-0.09552359114,0.3620200625,1,0
0,0,-0.08241978601,0.1310380513,0,0
0,0,-0.0005628698215,0.8185691619,0,0
0,0,0.1865642958,1.871271656,0,0
0,0,0.492187162,3.056228662,2,0
0,0,0.7957572433,3.035700812,2,0
0,0,1.151905725,3.561484818,0,-1
1,1,1.669845964,5.179402394
0,0,0,0,1,0
0,0,0.01549863481,0.1549863481,2,0
0,0,-0.06603766253,-0.8153629734,1,0
0,0,-0.1670404157,-1.010027531,1,0
0,0,-0.3089781713,-1.419377556,0,0
0,0,-0.4100619474,-1.010837762,1,0
0,0,-0.5863007822,-1.762388347,1,0
0,0,-0.8515721167,-2.652713345,1,0
0,0,-1.229998701,-3.784265839,0,-1
1,1,-1.717111392,-4.871126912
0,0,0,0,1,0
0,0,-0.01425754546,-0.1425754546,0,0
0,0,0.0457946781,0.6005222357,2,0
0,0,0.03386763908,-0.1192703902,1,0
0,0,0.03988518871,0.06017549626,0,0
0,0,0.1556099587,1.1572477,2,0
0,0,0.2232945423,0.6768458364,1,0
0,0,0.3446493067,1.213547644,0,0
0,0,0.6134318014,2.687824947,2,0
0,0,0.9043228595,2.908910581,1,0
0,0,1.312731737,4.084088779,0,-1
1,1,1.881191494,5.684597562
0,0,0,0,2,0
0,0,-0.09075749118,-0.9075749118,2,0
0,0,-0.3006235838,-2.098660926,0,0
0,0,-0.4901581786,-1.895345948,0,0
0,0,-0.6891633416,-1.99005163,0,0
0,0,-0.9338033744,-2.446400329,1,0
0,0,-1.305812647,-3.720092723,2,-1
1,1,-1.835150878,-5.293382308
0,0,0,0,0,0
0,0,0.07724604203,0.7724604203,1,0
0,0,0.1843546671,1.071086251,1,0
0,0,0.3313277846,1.469731175,2,0
0,0,0.4623482968,1.310205122,0,0
0,0,0.7481363199,2.85788023,2,0
0,0,1.082436066,3.342997458,1,0
0,0,1.540154102,4.577180365,1,-1
1,1,2.144101404,6.039473021
0,0,0,0,2,0
0,0,-0.1057006064,-1.057006064,1,0
0,0,-0.2200712074,-1.14370601,2,0
0,0,-0.470487256,-2.504160486,1,0
0,0,-0.7860474017,-3.155601457,0,0
0,0,-1.15031645,-3.642690482,1,-1
1,1,-1.643054252,-4.927378023
0,0,0,0,2,0
0,0,-0.0987836767,-0.987836767,1,0
0,0,-0.2011153299,-1.023316532,0,0
0,0,-0.2480342292,-0.4691889928,0,0
0,0,-0.2628786325,-0.1484440334,0,0
0,0,-0.2235519942,0.3932663832,2,0
0,0,-0.3217039315,-0.9815193729,0,0
0,0,-0.3864750247,-0.6477109325,1,0
0,0,-0.507804821,-1.213297963,2,0
0,0,-0.7823494807,-2.745446597,1,0
0,0,-1.151474807,-3.691253267,2,-1
1,1,-1.678901949,-5.274271419
0,0,0,0,1,0
0,0,-0.0169319371,-0.169319371,2,0
0,0,-0.1380714541,-1.21139517,2,0
0,0,-0.3704100972,-2.323386431,2,0
0,0,-0.7398868721,-3.694767749,0,0
0,0,-1.151725083,-4.118382114,1,-1
1,1,-1.686431816,-5.347067321
0,0,0,0,0,0
0,0,0.1058791994,1.058791994,0,0
0,0,0.3155242079,2.096450085,1,0
0,0,0.5908723939,2.75348186,1,0
0,0,0.9647653818,3.738929879,2,0
0,0,1.406721048,4.419556665,2,-1
1,1,1.978556205,5.718351562
0,0,0,0,1,0
0,0,-0.01000069223,-0.1000069223,2,0
0,0,-0.0990880312,-0.8908733897,0,0
0,0,-0.1347630616,-0.3567503043,0,0
0,0,-0.09565608293,0.391069787,1,0
0,0,-0.07460095594,0.2105512699,0,0
0,0,0.008997390998,0.8359834694,0,0
0,0,0.1710454882,1.620480972,1,0
0,0,0.3779678224,2.069223341,2,0
0,0,0.5551158148,1.771479924,2,0
0,0,0.7535995434,1.984837286,0,0
0,0,1.111519552,3.579200089,2,0
0,0,1.55718733,4.456677776,1,-1
1,1,2.149452911,5.922655813
0,0,0,0,1,0
0,0,-0.009631545753,-0.09631545753,2,0
0,0,-0.09301693389,-0.8338538813,2,0
0,0,-0.2693845332,-1.763675993,1,0
0,0,-0.4822747354,-2.128902022,0,0
0,0,-0.6924390662,-2.101643308,2,0
0,0,-1.056444705,-3.640056392,2,-1
1,1,-1.590068557,-5.336238512
0,0,0,0,0,0
0,0,0.07269757658,0.7269757658,1,0
0,0,0.1609876073,0.8829003071,0,0
0,0,0.3494986516,1.885110443,2,0
0,0,0.5225779888,1.730793372,1,0
0,0,0.7672157435,2.446377547,1,0
0,0,1.124292288,3.570765445,0,-1
1,1,1.648024143,5.237318545
0,0,0,0,0,0
0,0,0.08314464222,0.8314464222,1,0
0,0,0.1737540047,0.9060936252,2,0
0,0,0.195421691,0.2166768623,2,0
0,0,0.1795739408,-0.1584775013,1,0
0,0,0.206460864,0.2688692319,1,0
0,0,0.2711596189,0.6469875485,1,0
0,0,0.3864237656,1.152641467,2,0
0,0,0.4887587464,1.023349808,0,0
0,0,0.7406908039,2.519320575,2,0
0,0,1.037882347,2.971915426,1,0
0,0,1.45780295,4.19920603,0,-1
1,1,2.029059725,5.712567755
0,0,0,0,1,0
0,0,0.01705371822,0.1705371822,2,0
0,0,-0.03431040457,-0.5136412279,2,0
0,0,-0.1821494211,-1.478390165,2,0
0,0,-0.4596305506,-2.774811296,2,0
0,0,-0.8758919343,-4.162613837,2,0
0,0,-1.447231781,-5.713398463,1,-1
1,1,-2.157093846,-7.098620658
0,0,0,0,2,0
0,0,-0.09931259972,-0.9931259972,1,0
0,0,-0.225700992,-1.263883923,0,0
0,0,-0.2962555013,-0.7055450931,0,0
0,0,-0.3436649109,-0.4740940955,0,0
0,0,-0.3601860366,-0.1652112578,2,0
0,0,-0.5258356462,-1.656496096,1,0
0,0,-0.7610938701,-2.352582239,2,0
0,0,-1.159591195,-3.984973252,2,-1
1,1,-1.716635613,-5.570444176
0,0,0,0,1,0
0,0,0.01170200223,0.1170200223,2,0
0,0,-0.04613897364,-0.5784097587,0,0
0,0,-0.0376416719,0.08497301736,1,0
0,0,-0.03033650102,0.07305170881,0,0
0,0,0.07718215725,1.075186583,0,0
0,0,0.2989017033,2.21719546,1,0
0,0,0.5732913333,2.7438963,2,0
0,0,0.8661897246,2.928983913,1,0
0,0,1.278883391,4.126936668,0,-1
1,1,1.850301916,5.714185247
0,0,0,0,2,0
0,0,-0.0869831875,-0.869831875,1,0
0,0,-0.1923396177,-1.053564302,0,0
0,0,-0.235186357,-0.4284673925,1,0
0,0,-0.3159224885,-0.8073613148,1,0
0,0,-0.4569518985,-1.4102941,1,0
0,0,-0.6589175267,-2.019656282,1,0
0,0,-0.9530143589,-2.940968321,1,0
0,0,-1.371757683,-4.187433246,1,-1
1,1,-1.932865023,-5.611073399
0,0,0,0,1,0
0,0,-0.0004118357907,-0.004118357907,0,0
0,0,0.08310326246,0.8351509825,0,0
0,0,0.2685882118,1.854849493,0,0
0,0,0.5847345801,3.161463683,1,0
0,0,0.9911690897,4.064345096,2,0
0,0,1.478062816,4.868937263,2,-1
1,1,2.101907232,6.238444159
0,0,0,0,1,0
0,0,-0.00204486754,-0.0204486754,0,0
0,0,0.08534597043,0.8739083797,0,0
0,0,0.268268006,1.829220356,0,0
0,0,0.5649675411,2.966995351,1,0
0,0,0.9420076841,3.77040143,1,0
0,0,1.442985587,5.009779028,0,-1
1,1,2.095745603,6.527600166
0,0,0,0,2,0
0,0,-0.07273775292,-0.7273775292,0,0
0,0,-0.06261014613,0.1012760679,0,0
0,0,0.02301432884,0.8562447498,0,0
0,0,0.1996532866,1.766389577,0,0
0,0,0.5069581407,3.073048541,0,0
0,0,0.9701536756,4.631955349,0,-1
1,1,1.582024084,6.118704081
0,0,0,0,2,0
0,0,-0.09359717598,-0.9359717598,1,0
0,0,-0.2084875436,-1.148903676,1,0
0,0,-0.3567831798,-1.482956362,1,0
0,0,-0.5484182183,-1.916350385,1,0
0,0,-0.8155533385,-2.671351202,2,0
0,0,-1.245299091,-4.29745753,0,-1
1,1,-1.780583926,-5.352848342
0,0,0,0,2,0
0,0,-0.08184735039,-0.8184735039,1,0
0,0,-0.1685265089,-0.8667915854,1,0
0,0,-0.2666051276,-0.9807861866,0,0
0,0,-0.3101193326,-0.4351420505,0,0
0,0,-0.3233883049,-0.1326897227,1,0
0,0,-0.3790649694,-0.5567666452,0,0
0,0,-0.4215715319,-0.4250656243,1,0
0,0,-0.54603032,-1.244587881,1,0
0,0,-0.7674355442,-2.214052242,2,0
0,0,-1.145066732,-3.776311878,1,-1
1,1,-1.655676561,-5.106098291
0,0,0,0,0,0
0,0,0.09609935724,0.9609935724,0,0
0,0,0.3123804079,2.162810507,1,0
0,0,0.5870163268,2.746359189,2,0
0,0,0.8890268821,3.020105553,1,0
0,0,1.296687881,4.076609984,0,-1
1,1,1.861878214,5.651903333
0,0,0,0,0,0
0,0,0.08017919228,0.8017919228,2,0
0,0,0.09936759996,0.1918840768,1,0
0,0,0.1510196021,0.5165200218,2,0
0,0,0.1542043835,0.03184781375,0,0
0,0,0.257145818,1.029414345,2,0
0,0,0.3192158267,0.6207000865,0,0
0,0,0.5301761095,2.109602828,1,0
0,0,0.8169120625,2.867359529,0,0
0,0,1.267333218,4.50421156,0,-1
1,1,1.876884004,6.095507854
0,0,0,0,1,0
0,0,0.008679196679,0.08679196679,2,0
0,0,-0.0763163968,-0.8499559348,0,0
0,0,-0.07887280412,-0.02556407321,1,0
0,0,-0.09493895863,-0.160661545,1,0
0,0,-0.1193002506,-0.2436129193,0,0
0,0,-0.07051323216,0.4878701841,1,0
0,0,-0.02208870424,0.4842452792,1,0
0,0,0.03886588841,0.6095459265,0,0
0,0,0.1893951388,1.505292504,1,0
0,0,0.3618598352,1.724646964,2,0
0,0,0.5083130958,1.464532607,0,0
0,0,0.8212158307,3.129027349,0,0
0,0,1.286045128,4.648292977,1,-1
1,1,1.88298666,5.969415318
0,0,0,0,2,0
0,0,-0.08787170915,-0.8787170915,2,0
0,0,-0.2821193306,-1.942476215,2,0
0,0,-0.6041085837,-3.21989253,1,0
0,0,-1.022802744,-4.186941602,0,0
0,0,-1.523408748,-5.006060039,1,-1
1,1,-2.169041078,-6.456323299
0,0,0,0,1,0
0,0,0.01378711036,0.1378711036,0,0
0,0,0.1315575541,1.177704438,2,0
0,0,0.1842070151,0.5264946099,1,0
0,0,0.2781977077,0.9399069261,1,0
0,0,0.4179845869,1.397868792,0,0
0,0,0.7014958286,2.835112417,1,0
0,0,1.085929947,3.844341183,2,0
0,0,1.556699442,4.707694951,0,-1
1,1,2.175237008,6.185375659
0,0,0,0,0,0
0,0,0.0896742807,0.896742807,2,0
0,0,0.1193165639,0.2964228317,1,0
0,0,0.184527569,0.6521100516,0,0
0,0,0.3732248597,1.886972906,2,0
0,0,0.5287022018,1.554773422,2,0
0,0,0.6941700733,1.654678715,1,0
0,0,0.9578863964,2.637163231,1,0
0,0,1.342951286,3.850648896,2,-1
1,1,1.851882255,5.089309692
0,0,0,0,0,0
0,0,0.07712196566,0.7712196566,2,0
0,0,0.06651569996,-0.106062657,0,0
0,0,0.1597902157,0.9327451575,2,0
0,0,0.1899851783,0.3019496263,1,0
0,0,0.2630350999,0.730499216,1,0
0,0,0.3795551125,1.165200125,0,0
0,0,0.636382068,2.568269556,1,0
0,0,0.9769235535,3.405414854,2,0
0,0,1.394143236,4.172196822,1,-1
1,1,1.951397499,5.572542638
0,0,0,0,1,0
0,0,-0.0004404462981,-0.004404462981,2,0
0,0,-0.07195742527,-0.7151697897,1,0
0,0,-0.140060086,-0.6810266078,0,0
0,0,-0.1481080309,-0.08047944848,1,0
0,0,-0.1932203646,-0.4511233374,1,0
0,0,-0.2760597257,-0.8283936108,2,0
0,0,-0.4871290394,-2.110693136,0,0
0,0,-0.7079564895,-2.208274502,0,0
0,0,-0.9623999777,-2.544434881,1,0
0,0,-1.340732831,-3.783328531,1,-1
1,1,-1.859350757,-5.186179257
0,0,0,0,2,0
0,0,-0.08553519498,-0.8553519498,1,0
0,0,-0.1934788893,-1.079436943,0,0
0,0,-0.2414907019,-0.480118126,2,0
0,0,-0.4209381935,-1.794474916,2,0
0,0,-0.7460052404,-3.250670469,1,0
0,0,-1.174034738,-4.280294975,0,-1
1,1,-1.706736233,-5.327014946
0,0,0,0,2,0
0,0,-0.09092428296,-0.9092428296,0,0
0,0,-0.1026946985,-0.1177041551,2,0
0,0,-0.202730003,-1.000353046,0,0
0,0,-0.2647763933,-0.6204639029,1,0
0,0,-0.3655178449,-1.007414515,2,0
0,0,-0.6196991669,-2.541813221,1,0
0,0,-0.9529322566,-3.332330897,0,0
0,0,-1.367324519,-4.143922624,2,-1
1,1,-1.934165923,-5.668414038
0,0,0,0,1,0
0,0,-0.01313186186,-0.1313186186,1,0
0,0,-0.02721240352,-0.1408054166,2,0
0,0,-0.124203248,-0.9699084443,2,0
0,0,-0.3456031208,-2.213998729,0,0
0,0,-0.5460306861,-2.004275653,0,0
0,0,-0.7517913953,-2.057607092,2,0
0,0,-1.111909522,-3.601181267,2,-1
1,1,-1.636284321,-5.243747986
0,0,0,0,0,0
0,0,0.1051446659,1.051446659,1,0
0,0,0.2232547287,1.181100628,1,0
0,0,0.3867338346,1.634791059,2,0
0,0,0.542390491,1.556566565,1,0
0,0,0.7696548453,2.272643542,2,0
0,0,1.052387486,2.827326407,2,0
0,0,1.425064844,3.726773579,0,-1
1,1,1.953345287,5.282804433
0,0,0,0,0,0
0,0,0.09034785399,0.9034785399,2,0
0,0,0.1114986761,0.2115082211,0,0
0,0,0.2370123874,1.255137113,2,0
0,0,0.3034925213,0.6648013393,0,0
0,0,0.5107240604,2.072315391,0,0
0,0,0.8829323506,3.722082903,1,0
0,0,1.359765603,4.768332526,1,-1
1,1,1.971419262,6.116536588
0,0,0,0,1,0
0,0,0.008034723865,0.08034723865,0,0
0,0,0.1229609334,1.149262096,2,0
0,0,0.1757402142,0.5277928079,1,0
0,0,0.2463061173,0.7056590307,2,0
0,0,0.2570558063,0.1074968896,2,0
0,0,0.2152911061,-0.4176470022,0,0
0,0,0.3054385081,0.9014740209,1,0
0,0,0.4323462018,1.269076937,2,0
0,0,0.5385997936,1.062535918,2,0
0,0,0.6518297551,1.132299615,1,0
0,0,0.868116823,2.162870679,2,0
0,0,1.141474856,2.733580329,0,-1
1,1,1.575639562,4.341647057
0,0,0,0,0,0
0,0,0.08709048471,0.8709048471,2,0
0,0,0.09917453495,0.1208405025,2,0
0,0,0.0400549332,-0.5911960175,0,0
0,0,0.09326699788,0.5321206468,0,0
0,0,0.2363895289,1.431225311,2,0
0,0,0.3487478514,1.123583225,0,0
0,0,0.6057333042,2.569854528,1,0
0,0,0.93762423,3.318909258,0,0
0,0,1.442412609,5.047883786,1,-1
1,1,2.08952551,6.471129011
0,0,0,0,2,0
0,0,-0.07595886075,-0.7595886075,0,0
0,0,-0.09336151248,-0.1740265173,1,0
0,0,-0.1380745385,-0.4471302603,0,0
0,0,-0.1063822347,0.3169230383,1,0
0,0,-0.08014752479,0.262347099,0,0
0,0,0.01227360342,0.924211282,0,0
0,0,0.1977854604,1.85511857,0,0
0,0,0.5120850343,3.142995738,0,0
0,0,0.9746882065,4.626031723,0,-1
1,1,1.585981078,6.112928717
0,0,0,0,0,0
0,0,0.1045456392,1.045456392,2,0
0,0,0.1470310307,0.4248539146,0,0
0,0,0.3164848026,1.694537719,2,0
0,0,0.4440522283,1.275674257,0,0
0,0,0.7161612438,2.721090154,0,0
0,0,1.139406563,4.232453192,2,-1
1,1,1.663038402,5.236318388
0,0,0,0,0,0
0,0,0.104615413,1.04615413,0,0
0,0,0.3108051279,2.061897149,1,0
0,0,0.5655184248,2.547132969,0,0
0,0,0.9677764286,4.022580038,2,0
0,0,1.440450067,4.726736389,1,-1
1,1,2.055014847,6.145647798
0,0,0,0,1,0
0,0,0.01235348524,0.1235348524,0,0
0,0,0.1305638676,1.182103823,1,0
0,0,0.2837420741,1.531782065,2,0
0,0,0.3859284539,1.021863798,2,0
0,0,0.4670580895,0.8112963563,1,0
0,0,0.6123698896,1.453118001,1,0
0,0,0.8518690598,2.394991702,2,0
0,0,1.158272255,3.064031949,1,-1
1,1,1.599846657,4.415744027
0,0,0,0,2,0
0,0,-0.08503224069,-0.8503224069,2,0
0,0,-0.2838714791,-1.988392384,2,0
0,0,-0.621334776,-3.37463297,2,0
0,0,-1.120444372,-4.991095961,1,-1
1,1,-1.740910123,-6.204657509
0,0,0,0,0,0
0,0,0.09398190397,0.9398190397,0,0
0,0,0.2773190679,1.833371639,2,0
0,0,0.4279932549,1.506741871,2,0
0,0,0.5783392924,1.503460375,2,0
0,0,0.7333976942,1.550584018,2,0
0,0,0.9300783514,1.966806572,0,0
0,0,1.299743477,3.696651254,1,-1
1,1,1.80803929,5.082958131
0,0,0,0,0,0
0,0,0.1037983659,1.037983659,0,0
0,0,0.3005610521,1.967626861,0,0
0,0,0.6135528992,3.129918472,2,0
0,0,0.936264943,3.227120437,1,0
0,0,1.381386761,4.451218178,1,-1
1,1,1.9634373,5.820505397
0,0,0,0,0,0
0,0,0.105299392,1.05299392,1,0
0,0,0.2179383111,1.126389191,0,0
0,0,0.4667296733,2.487913623,0,0
0,0,0.8670229661,4.002932928,1,0
0,0,1.363893188,4.968702224,2,-1
1,1,1.982115904,6.182227152
0,0,0,0,1,0
0,0,-0.01166068037,-0.1166068037,0,0
0,0,0.04802376318,0.5968444355,0,0
0,0,0.2121962285,1.641724653,2,0
0,0,0.3115377491,0.9934152057,1,0
0,0,0.4614074644,1.498697154,0,0
0,0,0.7510168892,2.896094248,1,0
0,0,1.145180585,3.941636953,2,-1
1,1,1.640730272,4.955496878
0,0,0,0,0,0
0,0,0.07576090239,0.7576090239,1,0
0,0,0.1526835871,0.7692268475,1,0
0,0,0.2450125414,0.9232895421,2,0
0,0,0.2811810763,0.3616853499,2,0
0,0,0.2711225152,-0.100585611,2,0
0,0,0.2306410974,-0.4048141788,1,0
0,0,0.2412975414,0.1065644408,2,0
0,0,0.2058251365,-0.3547240499,2,0
0,0,0.1139285477,-0.9189658874,0,0
0,0,0.1414525568,0.2752400912,1,0
0,0,0.1877242998,0.4627174296,2,0
0,0,0.1891616626,0.01437362777,2,0
0,0,0.1470099301,-0.4215173243,0,0
0,0,0.2114009815,0.6439105139,0,0
0,0,0.4063161717,1.949151902,1,0
0,0,0.6647869029,2.584707312,1,0
0,0,1.025489105,3.607022017,0,0
0,0,1.541937422,5.164483178,1,-1
1,1,2.204588166,6.626507438
0,0,0,0,1,0
0,0,0.004231365251,0.04231365251,1,0
0,0,0.02007639295,0.158450277,1,0
0,0,0.03612730254,0.1605090959,2,0
0,0,-0.03340325996,-0.695305625,0,0
0,0,-0.01007447662,0.2332878335,2,0
0,0,-0.06394876334,-0.5387428672,2,0
0,0,-0.2199312724,-1.55982509,1,0
0,0,-0.4018447133,-1.819134409,1,0
0,0,-0.6462535852,-2.444088719,1,0
0,0,-0.9870792493,-3.408256641,2,0
0,0,-1.498446495,-5.113672459,0,-1
1,1,-2.148415692,-6.499691964
0,0,0,0,0,0
0,0,0.09687498061,0.9687498061,2,0
0,0,0.1053643699,0.08489389277,1,0
0,0,0.1336994925,0.2833512265,2,0
0,0,0.1009136251,-0.3278586743,1,0
0,0,0.09791720197,-0.02996423138,0,0
0,0,0.1913255645,0.9340836253,0,0
0,0,0.3918511606,2.005255961,0,0
0,0,0.7481789,3.563277394,0,0
0,0,1.268144097,5.19965197,1,-1
1,1,1.921163026,6.530189293
0,0,0,0,2,0
0,0,-0.07640066934,-0.7640066934,1,0
0,0,-0.1678786948,-0.9147802542,1,0
0,0,-0.3023770608,-1.34498366,2,0
0,0,-0.5619512995,-2.595742387,0,0
0,0,-0.8338279502,-2.718766507,0,0
0,0,-1.171989464,-3.381615141,2,-1
1,1,-1.677278689,-5.052892246
0,0,0,0,2,0
0,0,-0.07544400428,-0.7544400428,2,0
0,0,-0.2409613806,-1.655173763,2,0
0,0,-0.5148829829,-2.739216023,2,0
0,0,-0.9502728063,-4.353898234,0,0
0,0,-1.457866682,-5.075938756,0,-1
1,1,-2.099816544,-6.419498626
0,0,0,0,2,0
0,0,-0.09834687737,-0.9834687737,0,0
0,0,-0.1385092418,-0.4016236444,0,0
0,0,-0.1026347339,0.358745079,0,0
0,0,0.006225973807,1.088607077,2,0
0,0,0.02888331494,0.2265734113,0,0
0,0,0.1551408831,1.262575682,1,0
0,0,0.2925908669,1.374499838,0,0
0,0,0.5555642496,2.629733827,2,0
0,0,0.8249990234,2.694347737,2,0
0,0,1.156668076,3.316690528,0,-1
1,1,1.653232122,4.96564046
0,0,0,0,1,0
0,0,0.01487629205,0.1487629205,0,0
0,0,0.1222615296,1.073852375,0,0
0,0,0.3409937104,2.187321809,2,0
0,0,0.5418199133,2.008262029,0,0
0,0,0.8929298838,3.511099704,0,0
0,0,1.406647171,5.137172876,2,-1
1,1,2.049004634,6.423574629
0,0,0,0,0,0
0,0,0.09398344008,0.9398344008,2,0
0,0,0.1289718876,0.3498844748,1,0
0,0,0.1993123511,0.7034046356,1,0
0,0,0.302085922,1.027735708,0,0
0,0,0.54599294,2.43907018,2,0
0,0,0.8088149175,2.628219775,2,0
0,0,1.12404497,3.152300524,1,-1
1,1,1.573904143,4.498591732
0,0,0,0,2,0
0,0,-0.08857774138,-0.8857774138,2,0
0,0,-0.2710917514,-1.8251401,0,0
0,0,-0.406407313,-1.353155616,2,0
0,0,-0.7006598149,-2.942525019,0,0
0,0,-1.033043361,-3.323835462,2,0
0,0,-1.534187329,-5.011439679,1,-1
1,1,-2.180866562,-6.466792331
0,0,0,0,1,0
0,0,0.008036888222,0.08036888222,0,0
0,0,0.1133813887,1.053445005,0,0
0,0,0.320500826,2.071194373,1,0
0,0,0.5917823245,2.712814985,2,0
0,0,0.8908325972,2.990502727,0,0
0,0,1.354928199,4.640956014,0,-1
1,1,1.970110443,6.151822448
0,0,0,0,0,0
0,0,0.07356590079,0.7356590079,2,0
0,0,0.08527323475,0.1170733396,0,0
0,0,0.1909343765,1.056611417,1,0
0,0,0.3167402232,1.258058467,1,0
0,0,0.4955095362,1.78769313,2,0
0,0,0.6873444321,1.918348959,1,0
0,0,0.9820029346,2.946585026,0,0
0,0,1.438809976,4.568070414,2,-1
1,1,2.028472574,5.896625979
0,0,0,0,2,0
0,0,-0.09418806635,-0.9418806635,0,0
0,0,-0.1233747447,-0.2918667834,0,0
0,0,-0.07928396261,0.4409078209,1,0
0,0,-0.03142364294,0.4786031966,0,0
0,0,0.08201157225,1.134352152,0,0
0,0,0.2942924511,2.122808788,0,0
0,0,0.6368220071,3.425295561,2,0
0,0,1.006966669,3.701446621,2,0
0,0,1.452081027,4.451143578,1,-1
1,1,2.03895531,5.868742829
0,0,0,0,2,0
0,0,-0.07380590428,-0.7380590428,1,0
0,0,-0.1624053799,-0.8859947557,0,0
0,0,-0.1860482386,-0.2364285879,0,0
0,0,-0.1570155562,0.2903268247,0,0
0,0,-0.05543072979,1.015848264,1,0
0,0,0.04506652737,1.004972572,2,0
0,0,0.07487685999,0.2981033262,0,0
0,0,0.1893038604,1.144270004,0,0
0,0,0.4330011942,2.436973338,2,0
0,0,0.6666764368,2.336752426,2,0
0,0,0.9279795893,2.613031524,0,0
0,0,1.351898153,4.239185634,0,-1
1,1,1.928526578,5.766284249
0,0,0,0,0,0
0,0,0.07746302629,0.7746302629,0,0
0,0,0.2449932348,1.675302085,1,0
0,0,0.4695548603,2.245616256,2,0
0,0,0.6969328293,2.27377969,2,0
0,0,0.9615420911,2.646092617,1,0
0,0,1.343196705,3.816546135,0,-1
1,1,1.883131884,5.399351796
0,0,0,0,0,0
0,0,0.1031474527,1.031474527,0,0
0,0,0.2951535721,1.920061194,2,0
0,0,0.466582204,1.714286319,1,0
0,0,0.710744915,2.44162711,1,0
0,0,1.055399117,3.446542017,0,0
0,0,1.567895277,5.124961604,0,-1
1,1,2.227527306,6.596320293
0,0,0,0,0,0
0,0,0.08821492851,0.8821492851,0,0
0,0,0.2783369887,1.901220602,0,0
0,0,0.6059367227,3.27599734,2,0
0,0,0.952465419,3.465286963,1,0
0,0,1.419215595,4.667501756,1,-1
1,1,2.026813402,6.075978077
0,0,0,0,1,0
0,0,0.008318234054,0.08318234054,1,0
0,0,0.002825751711,-0.05492482342,2,0
0,0,-0.09825713148,-1.010828832,2,0
0,0,-0.3076529978,-2.093958664,2,0
0,0,-0.6527691951,-3.451161973,0,0
0,0,-1.026874729,-3.741055338,2,0
0,0,-1.561659937,-5.347852085,2,-1
1,1,-2.243736224,-6.820762862
0,0,0,0,0,0
0,0,0.07935661857,0.7935661857,2,0
0,0,0.1012958596,0.2193924099,1,0
0,0,0.1292446703,0.2794881069,0,0
0,0,0.2620460584,1.328013881,0,0
0,0,0.5081428293,2.460967709,2,0
0,0,0.7709622818,2.628194526,1,0
0,0,1.13625371,3.652914286,1,-1
1,1,1.630616678,4.943629673
0,0,0,0,2,0
0,0,-0.102621822,-1.02621822,1,0
0,0,-0.2126067786,-1.099849566,2,0
0,0,-0.4597093092,-2.471025306,1,0
0,0,-0.7795790323,-3.198697231,2,0
0,0,-1.264277103,-4.846980707,1,-1
1,1,-1.880511034,-6.162339311
0,0,0,0,2,0
0,0,-0.09904412928,-0.9904412928,0,0
0,0,-0.1325918288,-0.3354769951,1,0
0,0,-0.2014174037,-0.6882557495,2,0
0,0,-0.3813374197,-1.79920016,2,0
0,0,-0.6861337047,-3.04796285,2,0
0,0,-1.142175441,-4.560417362,0,-1
1,1,-1.692431251,-5.502558096
0,0,0,0,0,0
0,0,0.08601916732,0.8601916732,2,0
0,0,0.08888648319,0.02867315875,0,0
0,0,0.1933313641,1.044448809,2,0
0,0,0.2406095896,0.4727822555,2,0
0,0,0.2437121975,0.03102607903,0,0
0,0,0.3607597695,1.170475719,1,0
0,0,0.5387060678,1.779462983,0,0
0,0,0.8847155312,3.460094634,2,0
0,0,1.283106624,3.983910927,2,-1
1,1,1.797105825,5.139992015
0,0,0,0,1,0
0,0,-0.005102561774,-0.05102561774,1,0
0,0,-0.02110908756,-0.1600652579,2,0
0,0,-0.1430983744,-1.219892868,2,0
0,0,-0.3686537683,-2.255553939,1,0
0,0,-0.6546351232,-2.859813549,1,0
0,0,-1.024990955,-3.703558314,1,0
0,0,-1.519235912,-4.942449576,2,-1
1,1,-2.161629656,-6.423937439
0,0,0,0,2,0
0,0,-0.07706982679,-0.7706982679,1,0
0,0,-0.164148724,-0.8707889718,1,0
0,0,-0.268968859,-1.048201351,2,0
0,0,-0.5171534154,-2.481845564,1,0
0,0,-0.8343358614,-3.171824459,0,0
0,0,-1.206313393,-3.719775318,0,-1
1,1,-1.684836747,-4.785233541
0,0,0,0,1,0
0,0,0.01414108965,0.1414108965,2,0
0,0,-0.05095286191,-0.6509395156,1,0
0,0,-0.1088448347,-0.5789197283,1,0
0,0,-0.194814661,-0.8596982627,2,0
0,0,-0.3964822073,-2.016675463,2,0
0,0,-0.7434547296,-3.469725223,1,0
0,0,-1.200446732,-4.569920026,0,-1
1,1,-1.75524385,-5.547971179
0,0,0,0,2,0
0,0,-0.07371132016,-0.7371132016,1,0
0,0,-0.1532596101,-0.7954828997,0,0
0,0,-0.156866736,-0.03607125855,1,0
0,0,-0.1775409302,-0.2067419418,2,0
0,0,-0.3206870157,-1.431460856,1,0
0,0,-0.5015655054,-1.808784896,0,0
0,0,-0.6709363204,-1.69370815,0,0
0,0,-0.8847405874,-2.138042671,2,0
0,0,-1.264321301,-3.79580714,2,-1
1,1,-1.800970454,-5.366491525
0,0,0,0,1,0
0,0,0.008369577112,0.08369577112,1,0
0,0,0.004793913353,-0.03575663759,2,0
0,0,-0.1016834265,-1.064773399,1,0
0,0,-0.2356902148,-1.340067882,0,0
0,0,-0.3215592891,-0.8586907434,2,0
0,0,-0.5493564976,-2.277972084,2,0
0,0,-0.9381685162,-3.888120187,2,0
0,0,-1.480057425,-5.41888909,1,-1
1,1,-2.165439543,-6.85382118
0,0,0,0,0,0
0,0,0.08467739432,0.8467739432,1,0
0,0,0.1691988533,0.8452145894,2,0
0,0,0.1988715869,0.2967273367,0,0
0,0,0.3546452327,1.557736458,1,0
0,0,0.5713916552,2.167464225,0,0
0,0,0.9475048081,3.76113153,0,0
0,0,1.492955451,5.454506425,0,-1
1,1,2.186447353,6.934919021
0,0,0,0,2,0
0,0,-0.07668510265,-0.7668510265,1,0
0,0,-0.1553851109,-0.7870000825,2,0
0,0,-0.351653128,-1.962680171,1,0
0,0,-0.6131420259,-2.614888979,1,0
0,0,-0.9702926226,-3.571505966,0,0
0,0,-1.396771884,-4.26479261,1,-1
1,1,-1.962999736,-5.662278524
0,0,0,0,0,0
0,0,0.07459577838,0.7459577838,2,0
0,0,0.07467409116,0.0007831277611,1,0
0,0,0.09948687478,0.2481278362,1,0
0,0,0.1509468564,0.5145998161,1,0
0,0,0.2287168839,0.7777002748,2,0
0,0,0.255579704,0.2686282011,0,0
0,0,0.4186762165,1.630965125,2,0
0,0,0.5733321554,1.546559389,2,0
0,0,0.7445643618,1.712322064,0,0
0,0,1.083770539,3.392061772,2,0
0,0,1.507127836,4.233572974,1,-1
1,1,2.075010862,5.678830259
0,0,0,0,0,0
0,0,0.07903091991,0.7903091991,0,0
0,0,0.2502272145,1.711962946,0,0
0,0,0.5494192908,2.991920762,2,0
0,0,0.8454915866,2.960722958,2,0
0,0,1.206596676,3.611050896,0,-1
1,1,1.726201441,5.196047649
0,0,0,0,0,0
0,0,0.1028479213,1.028479213,2,0
0,0,0.1499044495,0.4705652814,0,0
0,0,0.3254787956,1.755743462,2,0
0,0,0.4833465835,1.578677878,2,0
0,0,0.6267821758,1.434355923,0,0
0,0,0.9377949062,3.110127304,0,0
0,0,1.41951024,4.817153334,0,-1
1,1,2.055132216,6.356219765
0,0,0,0,2,0
0,0,-0.09996141117,-0.9996141117,2,0
0,0,-0.3191167791,-2.191553679,2,0
0,0,-0.6710205023,-3.519037232,2,0
0,0,-1.186915594,-5.15895092,0,-1
1,1,-1.799205543,-6.12289949
0,0,0,0,1,0
0,0,-0.00700809279,-0.0700809279,0,0
0,0,0.08575316192,0.9276125471,1,0
0,0,0.1798292237,0.9407606181,0,0
0,0,0.3984116674,2.185824437,0,0
0,0,0.7456407657,3.472290983,0,0
0,0,1.252324552,5.066837864,0,-1
1,1,1.911879371,6.595548191
0,0,0,0,0,0
0,0,0.1050024881,1.050024881,2,0
0,0,0.1277315869,0.2272909879,1,0
0,0,0.1728957695,0.4516418266,2,0
0,0,0.1507671518,-0.2212861779,2,0
0,0,0.0687794799,-0.8198767186,1,0
0,0,-0.006372563583,-0.7515204348,2,0
0,0,-0.1544047955,-1.480322319,1,0
0,0,-0.3228408499,-1.684360544,1,0
0,0,-0.5393011046,-2.164602547,1,0
0,0,-0.8262004051,-2.868993005,0,0
0,0,-1.17030991,-3.441095045,0,-1
1,1,-1.613067082,-4.427571721
0,0,0,0,1,0
0,0,0.006484117211,0.06484117211,2,0
0,0,-0.08761595431,-0.9410007153,1,0
0,0,-0.1998848191,-1.122688648,1,0
0,0,-0.3506101631,-1.50725344,2,0
0,0,-0.6433250864,-2.927149233,1,0
0,0,-1.027460615,-3.841355281,1,0
0,0,-1.53268,-5.052193855,0,-1
1,1,-2.180121491,-6.474414907
0,0,0,0,2,0
0,0,-0.07408738213,-0.7408738213,0,0
0,0,-0.0602810716,0.1380631053,1,0
0,0,-0.05679868112,0.03482390484,1,0
0,0,-0.05106093066,0.05737750455,1,0
0,0,-0.04391673668,0.07144193983,2,0
0,0,-0.1289406759,-0.8502393923,0,0
0,0,-0.1374189524,-0.08478276517,1,0
0,0,-0.1812955352,-0.4387658276,1,0
0,0,-0.27226545,-0.9096991479,1,0
0,0,-0.4124209358,-1.401554859,0,0
0,0,-0.5305579288,-1.181369929,0,0
0,0,-0.6693161063,-1.387581775,2,0
0,0,-0.9607769444,-2.914608381,0,0
0,0,-1.326047291,-3.652703462,2,-1
1,1,-1.85127026,-5.252229699
0,0,0,0,0,0
0,0,0.09431094748,0.9431094748,1,0
0,0,0.2186876864,1.243767389,0,0
0,0,0.4537546751,2.350669887,0,0
0,0,0.8441718175,3.904171424,1,0
0,0,1.334717732,4.905459142,1,-1
1,1,1.958715456,6.239977241
0,0,0,0,0,0
0,0,0.08115042356,0.8115042356,0,0
0,0,0.2609644326,1.79814009,0,0
0,0,0.570818808,3.098543755,0,0
0,0,1.025940878,4.551220696,0,-1
1,1,1.634686684,6.087458061
0,0,0,0,0,0
0,0,0.07886270473,0.7886270473,0,0
0,0,0.2657818557,1.86919151,2,0
0,0,0.4203035074,1.545216517,1,0
0,0,0.6481306912,2.278271838,2,0
0,0,0.8918805165,2.437498252,2,0
0,0,1.194988105,3.031075886,2,-1
1,1,1.601108523,4.061204183
0,0,0,0,2,0
0,0,-0.09793228479,-0.9793228479,2,0
0,0,-0.3171230563,-2.191907715,1,0
0,0,-0.5765086176,-2.593855613,0,0
0,0,-0.8639356132,-2.874269956,0,0
0,0,-1.217832917,-3.538973041,0,-1
1,1,-1.678549694,-4.607167763
0,0,0,0,0,0
0,0,0.09527083719,0.9527083719,1,0
0,0,0.2029865551,1.077157179,2,0
0,0,0.2427950974,0.3980854224,1,0
0,0,0.3115140206,0.6871892321,0,0
0,0,0.5217499322,2.102359116,1,0
0,0,0.8156017237,2.938517915,2,0
0,0,1.155669207,3.400674829,1,-1
1,1,1.624684821,4.690156143
0,0,0,0,2,0
0,0,-0.0737422918,-0.737422918,0,0
0,0,-0.06015861048,0.1358368132,2,0
0,0,-0.1521594511,-0.9200084057,0,0
0,0,-0.1783992469,-0.2623979584,2,0
0,0,-0.3074491226,-1.290498757,1,0
0,0,-0.4781198749,-1.706707524,1,0
0,0,-0.7247233241,-2.466034492,1,0
0,0,-1.061168083,-3.364447586,2,0
0,0,-1.566323264,-5.051551813,1,-1
1,1,-2.218346599,-6.520233351
0,0,0,0,0,0
0,0,0.07550994141,0.7550994141,2,0
0,0,0.07551462141,4.680002536e-05,2,0
0,0,0.007052337045,-0.6846228437,2,0
0,0,-0.1348902078,-1.419425448,1,0
0,0,-0.2880949154,-1.532047077,1,0
0,0,-0.4825000825,-1.94405167,1,0
0,0,-0.7435588091,-2.610587266,2,0
0,0,-1.167268189,-4.237093796,0,-1
1,1,-1.687027038,-5.197588497
0,0,0,0,2,0
0,0,-0.08311252361,-0.8311252361,2,0
0,0,-0.2796048393,-1.964923157,0,0
0,0,-0.4525757659,-1.729709265,2,0
0,0,-0.7771961672,-3.246204013,2,0
0,0,-1.265182506,-4.879863389,0,-1
1,1,-1.865983394,-6.008008874
0,0,0,0,0,0
0,0,0.07952435674,0.7952435674,2,0
0,0,0.07474315226,-0.04781204484,0,0
0,0,0.1878368149,1.130936626,0,0
0,0,0.4255274585,2.376906436,1,0
0,0,0.7192964827,2.937690242,0,0
0,0,1.161843038,4.42546555,2,-1
1,1,1.698018538,5.361755005
0,0,0,0,2,0
0,0,-0.07537231579,-0.7537231579,2,0
0,0,-0.2463249635,-1.709526477,0,0
0,0,-0.3636290132,-1.173040497,2,0
0,0,-0.6339613875,-2.703323743,0,0
0,0,-0.9353135821,-3.013521946,1,0
0,0,-1.349618112,-4.143045299,2,-1
1,1,-1.919355984,-5.697378719
0,0,0,0,1,0
0,0,0.009871991645,0.09871991645,2,0
0,0,-0.05350837445,-0.6338036609,0,0
0,0,-0.05326755954,0.002408149101,0,0
0,0,0.01011030192,0.6337786146,1,0
0,0,0.07325323524,0.6314293332,0,0
0,0,0.2250109899,1.517577546,1,0
0,0,0.4283305042,2.033195143,1,0
0,0,0.6878322132,2.59501709,1,0
0,0,1.053932389,3.661001757,1,0
0,0,1.54735542,4.934230308,0,-1
1,1,2.188354658,6.409992384
0,0,0,0,1,0
0,0,0.007214752923,0.07214752923,1,0
0,0,0.01761826654,0.1040351362,0,0
0,0,0.1181343406,1.00516074,1,0
0,0,0.2335784012,1.154440606,1,0
0,0,0.3818247683,1.482463672,0,0
0,0,0.6776813884,2.958566201,2,0
0,0,1.000035783,3.22354395,0,0
0,0,1.490125642,4.900898582,2,-1
1,1,2.118025169,6.278995272
0,0,0,0,2,0
0,0,-0.09575066544,-0.9575066544,0,0
0,0,-0.1064462977,-0.106956323,1,0
0,0,-0.1495721219,-0.4312582414,2,0
0,0,-0.2960114012,-1.464392793,1,0
0,0,-0.4921792936,-1.961678924,2,0
0,0,-0.8289796596,-3.36800366,0,0
0,0,-1.216291367,-3.873117074,0,-1
1,1,-1.709928334,-4.936369669
0,0,0,0,2,0
0,0,-0.09954511947,-0.9954511947,2,0
0,0,-0.3057069974,-2.06161878,2,0
0,0,-0.62965107,-3.239440726,2,0
0,0,-1.113701352,-4.84050282,0,-1
1,1,-1.686356512,-5.726551604
0,0,0,0,2,0
0,0,-0.07915400687,-0.7915400687,2,0
0,0,-0.2565375859,-1.77383579,0,0
0,0,-0.389111314,-1.32573728,0,0
0,0,-0.5153058224,-1.261945084,2,0
0,0,-0.8022573125,-2.869514901,0,0
0,0,-1.135632604,-3.33375292,0,-1
1,1,-1.572782711,-4.371501066
0,0,0,0,2,0
0,0,-0.1005332701,-1.005332701,1,0
0,0,-0.2250083047,-1.244750346,2,0
0,0,-0.4572738586,-2.322655539,0,0
0,0,-0.668055813,-2.107819544,2,0
0,0,-1.029986038,-3.619302246,2,0
0,0,-1.550178652,-5.201926144,1,-1
1,1,-2.216582418,-6.664037658
0,0,0,0,2,0
0,0,-0.07642931976,-0.7642931976,2,0
0,0,-0.2629201331,-1.864908134,0,0
0,0,-0.4234281387,-1.605080056,2,0
0,0,-0.7324170265,-3.089888878,2,0
0,0,-1.208843384,-4.764263574,2,-1
1,1,-1.836587183,-6.277437994
0,0,0,0,2,0
0,0,-0.07906976582,-0.7906976582,2,0
0,0,-0.2633142464,-1.842444806,0,0
0,0,-0.4190707408,-1.557564944,1,0
0,0,-0.627962674,-2.088919332,1,0
0,0,-0.9303514088,-3.023887348,2,0
0,0,-1.391001773,-4.606503637,1,-1
1,1,-1.993568873,-6.02567101
0,0,0,0,1,0
0,0,-0.003666166669,-0.03666166669,2,0
0,0,-0.08032971094,-0.7666354427,2,0
0,0,-0.2728832838,-1.925535729,2,0
0,0,-0.5927505632,-3.198672794,2,0
0,0,-1.075636957,-4.828863943,2,-1
1,1,-1.711475394,-6.358384368
0,0,0,0,2,0
0,0,-0.09074195025,-0.9074195025,2,0
0,0,-0.2948976334,-2.041556831,2,0
0,0,-0.6288755,-3.339778666,1,0
0,0,-1.037866252,-4.089907521,1,0
0,0,-1.56711437,-5.292481181,0,-1
1,1,-2.242949392,-6.75835022
0,0,0,0,1,0
0,0,-0.008436420669,-0.08436420669,2,0
0,0,-0.1103868551,-1.019504344,1,0
0,0,-0.2331015239,-1.227146689,1,0
0,0,-0.3844903326,-1.513888087,2,0
0,0,-0.6643788588,-2.798885262,1,0
0,0,-1.044262025,-3.798831666,1,0
0,0,-1.541284609,-4.970225841,1,-1
1,1,-2.184146856,-6.428622462
0,0,0,0,2,0
0,0,-0.09361489583,-0.9361489583,0,0
0,0,-0.1001446093,-0.06529713421,1,0
0,0,-0.1302077772,-0.3006316795,1,0
0,0,-0.1680101354,-0.3780235818,0,0
0,0,-0.1519598984,0.1605023703,1,0
0,0,-0.1450151536,0.06944744799,0,0
0,0,-0.08029851409,0.6471663947,2,0
0,0,-0.1017331768,-0.2143466266,0,0
0,0,-0.04915836128,0.5257481547,0,0
0,0,0.09797440415,1.471327654,0,0
0,0,0.3585037019,2.605292977,1,0
0,0,0.671410007,3.129063052,2,0
0,0,1.00890832,3.374983125,1,0
0,0,1.462595151,4.536868317,0,-1
1,1,2.066240009,6.036448578
0,0,0,0,0,0
0,0,0.08390974155,0.8390974155,2,0
0,0,0.09277772597,0.08867984421,2,0
0,0,0.0315744902,-0.6120323577,1,0
0,0,-0.01282482259,-0.4439931279,2,0
0,0,-0.1533361312,-1.405113086,0,0
0,0,-0.2493245925,-0.9598846129,0,0
0,0,-0.3183456591,-0.6902106667,1,0
0,0,-0.4445265287,-1.261808696,1,0
0,0,-0.6277239004,-1.831973717,0,0
0,0,-0.8419533688,-2.142294684,0,0
0,0,-1.112325956,-2.703725867,1,0
0,0,-1.507705082,-3.95379127,1,-1
1,1,-2.048025985,-5.403209028
0,0,0,0,2,0
0,0,-0.0812017385,-0.812017385,0,0
0,0,-0.09062030403,-0.09418565531,1,0
0,0,-0.1197809801,-0.291606761,2,0
0,0,-0.2532733843,-1.334924042,1,0
0,0,-0.432249255,-1.789758707,1,0
0,0,-0.6774718483,-2.452225933,2,0
0,0,-1.072233871,-3.947620229,1,-1
1,1,-1.585748993,-5.135151223
0,0,0,0,1,0
0,0,-0.004260167245,-0.04260167245,2,0
0,0,-0.08718586129,-0.8292569405,1,0
0,0,-0.2018884175,-1.147025562,0,0
0,0,-0.265765592,-0.6387717452,2,0
0,0,-0.4716667605,-2.059011685,1,0
0,0,-0.7385095853,-2.668428248,1,0
0,0,-1.101184148,-3.626745629,2,-1
1,1,-1.622890307,-5.217061593
0,0,0,0,2,0
0,0,-0.1032905459,-1.032905459,1,0
0,0,-0.2223323663,-1.190418203,1,0
0,0,-0.3752608211,-1.529284549,0,0
0,0,-0.4942272044,-1.189663833,1,0
0,0,-0.6941195006,-1.998922962,2,0
0,0,-1.049378415,-3.552589143,0,0
0,0,-1.49664356,-4.472651452,2,-1
1,1,-2.094487024,-5.978434638
0,0,0,0,1,0
0,0,0.01480454668,0.1480454668,1,0
0,0,0.0219067072,0.07102160519,0,0
0,0,0.1176297655,0.9572305829,2,0
0,0,0.1487868727,0.3115710717,2,0
0,0,0.1204156058,-0.2837126685,2,0
0,0,0.02555428958,-0.9486131623,1,0
0,0,-0.05397913506,-0.7953342464,1,0
0,0,-0.1444447298,-0.9046559472,2,0
0,0,-0.3431463047,-1.987015749,2,0
0,0,-0.6652270243,-3.220807196,2,0
0,0,-1.148307958,-4.830809336,0,-1
1,1,-1.725962694,-5.77654736
0,0,0,0,0,0
0,0,0.08923892579,0.8923892579,0,0
0,0,0.2658661826,1.766272568,1,0
0,0,0.4932477874,2.273816048,0,0
0,0,0.8720953547,3.788475673,2,0
0,0,1.315363293,4.432679381,0,-1
1,1,1.917892231,6.025289379
0,0,0,0,1,0
0,0,0.002079648207,0.02079648207,0,0
0,0,0.0885550679,0.864754197,1,0
0,0,0.2049573833,1.164023154,2,0
0,0,0.2598738901,0.5491650678,0,0
0,0,0.4501700742,1.902961841,2,0
0,0,0.6293926931,1.792226189,1,0
0,0,0.8997398534,2.703471602,0,0
0,0,1.331999718,4.32259865,1,-1
1,1,1.90094721,5.689474921
0,0,0,0,0,0
0,0,0.08991821508,0.8991821508,0,0
0,0,0.2973997109,2.074814959,1,0
0,0,0.5641762876,2.667765766,0,0
0,0,0.9793389153,4.151626277,2,0
0,0,1.463094876,4.837559603,1,-1
1,1,2.08799748,6.24902604
0,0,0,0,1,0
0,0,-0.002931560484,-0.02931560484,2,0
0,0,-0.08826273552,-0.8533117503,0,0
0,0,-0.08750988356,0.007528519551,0,0
0,0,-0.01867515652,0.6883472705,0,0
0,0,0.1206133432,1.392884997,1,0
0,0,0.2859569328,1.653435896,1,0
0,0,0.5072721801,2.213152473,1,0
0,0,0.8012307433,2.939585632,0,0
0,0,1.260589086,4.593583425,0,-1
1,1,1.878007115,6.174180296
0,0,0,0,1,0
0,0,-0.008634944261,-0.08634944261,1,0
0,0,-0.0092973584,-0.00662414139,1,0
0,0,-0.008666644482,0.006307139172,1,0
0,0,0.00377310315,0.1243974763,1,0
0,0,0.02098190858,0.1720880543,1,0
0,0,0.03090401836,0.09922109781,0,0
0,0,0.1183586378,0.8745461947,1,0
0,0,0.2290360183,1.106773805,1,0
0,0,0.3801041341,1.510681157,2,0
0,0,0.5198512857,1.397471516,0,0
0,0,0.8145503707,2.94699085,0,0
0,0,1.275404626,4.608542555,0,-1
1,1,1.888735525,6.133308986
0,0,0,0,2,0
0,0,-0.09182980262,-0.9182980262,0,0
0,0,-0.1172027448,-0.253729422,0,0
0,0,-0.08007701488,0.3712572993,0,0
0,0,0.03299056423,1.130675791,2,0
0,0,0.06173903914,0.2874847491,0,0
0,0,0.184123788,1.223847489,0,0
0,0,0.4242140826,2.400902946,1,0
0,0,0.7186116505,2.943975679,2,0
0,0,1.06189531,3.432836597,2,0
0,0,1.489581302,4.276859921,1,-1
1,1,2.062635165,5.73053863
0,0,0,0,2,0
0,0,-0.07965824846,-0.7965824846,1,0
0,0,-0.162142426,-0.824841775,2,0
0,0,-0.3669283625,-2.047859365,1,0
0,0,-0.6251307783,-2.582024158,0,0
0,0,-0.9112051749,-2.860743967,1,0
0,0,-1.317594205,-4.063890303,2,-1
1,1,-1.877731362,-5.601371564
0,0,0,0,0,0
0,0,0.08893366461,0.8893366461,0,0
0,0,0.268209364,1.792756994,0,0
0,0,0.5880945753,3.198852113,2,0
0,0,0.9295628378,3.414682625,1,0
0,0,1.378738356,4.491755181,0,-1
1,1,1.980852811,6.021144554
0,0,0,0,1,0
0,0,0.003254276575,0.03254276575,2,0
0,0,-0.09718193883,-1.004362154,0,0
0,0,-0.1153824987,-0.1820055982,1,0
0,0,-0.1616070368,-0.462245381,1,0
0,0,-0.23033468,-0.6872764322,1,0
0,0,-0.3482654869,-1.179308069,1,0
0,0,-0.5324897964,-1.842243095,1,0
0,0,-0.7995873955,-2.670975991,0,0
0,0,-1.121182661,-3.215952658,1,0
0,0,-1.56615724,-4.449745784,0,-1
1,1,-2.157600585,-5.914433451
0,0,0,0,2,0
0,0,-0.09213196279,-0.9213196279,2,0
0,0,-0.2769467735,-1.848148107,1,0
0,0,-0.5113024393,-2.343556658,2,0
0,0,-0.8914128198,-3.801103805,0,0
0,0,-1.325452926,-4.340401061,1,-1
1,1,-1.89522299,-5.697700643
0,0,0,0,2,0
0,0,-0.07594231371,-0.7594231371,1,0
0,0,-0.1674384118,-0.9149609812,1,0
0,0,-0.3012958775,-1.338574657,0,0
0,0,-0.3892699947,-0.8797411717,2,0
0,0,-0.6154276131,-2.261576185,1,0
0,0,-0.9202025262,-3.047749131,0,0
0,0,-1.292321971,-3.721194451,0,-1
1,1,-1.778962878,-4.866409065
0,0,0,0,0,0
0,0,0.0934647952,0.934647952,1,0
0,0,0.1868431069,0.9337831168,2,0
0,0,0.2137134474,0.2687034053,0,0
0,0,0.3701484238,1.564349764,0,0
0,0,0.6720721116,3.019236877,1,0
0,0,1.056660271,3.84588159,2,0
0,0,1.527088316,4.704280453,0,-1
1,1,2.146022004,6.189336876
0,0,0,0,1,0
0,0,-0.003202574364,-0.03202574364,2,0
0,0,-0.09101562975,-0.8781305538,2,0
0,0,-0.2741809628,-1.83165333,0,0
0,0,-0.4243504091,-1.501694463,2,0
0,0,-0.7193110047,-2.949605956,1,0
0,0,-1.116190744,-3.968797396,0,-1
1,1,-1.607922972,-4.91732228
0,0,0,0,2,0
0,0,-0.08003518265,-0.8003518265,2,0
0,0,-0.2582998112,-1.782646286,0,0
0,0,-0.3837280117,-1.254282005,1,0
0,0,-0.5673045211,-1.835765095,1,0
0,0,-0.8459071713,-2.786026502,0,0
0,0,-1.17461153,-3.287043584,2,-1
1,1,-1.66374147,-4.891299404
0,0,0,0,1,0
0,0,-0.004713503182,-0.04713503182,1,0
0,0,-0.02138846291,-0.1667495972,0,0
0,0,0.03436455317,0.5575301607,2,0
0,0,0.01297864533,-0.2138590784,1,0
0,0,-0.01358925837,-0.265679037,0,0
0,0,0.0329711209,0.4656037926,1,0
0,0,0.09892374025,0.6595261935,0,0
0,0,0.2734080198,1.744842795,0,0
0,0,0.5847307856,3.113227659,0,0
0,0,1.056783362,4.720525761,0,-1
1,1,1.689385962,6.326026005
0,0,0,0,1,0
0,0,0.004328103937,0.04328103937,2,0
0,0,-0.07529138039,-0.7961948432,2,0
0,0,-0.2581311173,-1.828397369,1,0
0,0,-0.4999085899,-2.417774726,1,0
0,0,-0.8118879742,-3.119793843,0,0
0,0,-1.174108031,-3.622200564,2,-1
1,1,-1.700006013,-5.258979823
0,0,0,0,1,0
0,0,0.00703701358,0.0703701358,1,0
0,0,0.01468521806,0.07648204483,1,0
0,0,0.03300523597,0.1832001791,0,0
0,0,0.1461999406,1.131947046,2,0
0,0,0.1898875541,0.4368761353,0,0
0,0,0.3520749334,1.621873794,0,0
0,0,0.6402187769,2.881438434,0,0
0,0,1.098485472,4.582666954,0,-1
1,1,1.719865802,6.213803299
0,0,0,0,1,0
0,0,-0.000607305798,-0.00607305798,0,0
0,0,0.07706648929,0.7767379508,0,0
0,0,0.2411812777,1.641147884,1,0
0,0,0.4486919857,2.07510708,1,0
0,0,0.7356074411,2.869154555,2,0
0,0,1.057860793,3.22253352,2,0
0,0,1.467150165,4.092893719,0,-1
1,1,2.028226906,5.610767413
0,0,0,0,2,0
0,0,-0.08989723259,-0.8989723259,1,0
0,0,-0.2003751979,-1.104779653,2,0
0,0,-0.436639355,-2.362641571,1,0
0,0,-0.7333967289,-2.96757374,0,0
0,0,-1.06751806,-3.341213316,0,0
0,0,-1.487912398,-4.203943375,1,-1
1,1,-2.053802034,-5.658896361
0,0,0,0,1,0
0,0,-0.002134507842,-0.02134507842,1,0
0,0,-0.01688500909,-0.1475050125,1,0
0,0,-0.02411907457,-0.07234065477,2,0
0,0,-0.1228426438,-0.9872356926,0,0
0,0,-0.1620286541,-0.3918601032,2,0
0,0,-0.3227772111,-1.607485569,1,0
0,0,-0.541813181,-2.190359699,1,0
0,0,-0.8505101118,-3.086969308,2,0
0,0,-1.328680253,-4.781701415,1,-1
1,1,-1.942006028,-6.133257748
0,0,0,0,1,0
0,0,0.01663486432,0.1663486432,0,0
0,0,0.1268346725,1.101998082,0,0
0,0,0.3556434747,2.288088022,0,0
0,0,0.7221150071,3.664715324,2,0
0,0,1.127868891,4.057538839,1,-1
1,1,1.654243418,5.263745268
0,0,0,0,1,0
0,0,-0.01075745257,-0.1075745257,1,0
0,0,-0.02535647883,-0.1459902627,2,0
0,0,-0.118792723,-0.9343624419,0,0
0,0,-0.1418442314,-0.2305150838,2,0
0,0,-0.281038904,-1.391946726,2,0
0,0,-0.5635179493,-2.824790453,0,0
0,0,-0.8573173749,-2.937994256,2,0
0,0,-1.30968406,-4.523666854,1,-1
1,1,-1.895213931,-5.855298707
0,0,0,0,2,0
0,0,-0.07390703386,-0.7390703386,0,0
0,0,-0.0689853611,0.04921672763,2,0
0,0,-0.1727485493,-1.037631882,1,0
0,0,-0.2957027022,-1.229541528,2,0
0,0,-0.5526130232,-2.56910321,2,0
0,0,-0.9652779834,-4.126649601,1,0
0,0,-1.484596877,-5.19318894,2,-1
1,1,-2.153439587,-6.688427098
0,0,0,0,1,0
0,0,-0.0001561602668,-0.001561602668,1,0
0,0,0.01335602261,0.1351218288,2,0
0,0,-0.04437124986,-0.5772727247,2,0
0,0,-0.2013049319,-1.56933682,0,0
0,0,-0.2942433034,-0.9293837154,2,0
0,0,-0.518423672,-2.241803686,2,0
0,0,-0.8814360353,-3.630123633,0,0
0,0,-1.313724964,-4.322889286,0,-1
1,1,-1.862397765,-5.486728013
0,0,0,0,0,0
0,0,0.1013280836,1.013280836,2,0
0,0,0.1439318054,0.4260372178,1,0
0,0,0.2093840099,0.6545220453,0,0
0,0,0.4094456504,2.000616405,2,0
0,0,0.5868849458,1.774392954,1,0
0,0,0.8468607175,2.599757717,2,0
0,0,1.165431104,3.185703869,1,-1
1,1,1.617900128,4.524690235
0,0,0,0,2,0
0,0,-0.1037188965,-1.037188965,2,0
0,0,-0.3113634737,-2.076445773,1,0
0,0,-0.5834967322,-2.721332585,2,0
0,0,-1.015460441,-4.319637092,1,0
0,0,-1.561572012,-5.461115706,0,-1
1,1,-2.253712327,-6.921403152
0,0,0,0,1,0
0,0,0.01116411624,0.1116411624,1,0
0,0,0.03933237502,0.2816825877,0,0
0,0,0.1541366513,1.148042762,1,0
0,0,0.2908160748,1.366794235,2,0
0,0,0.3973988152,1.065827404,0,0
0,0,0.6386400401,2.41241225,2,0
0,0,0.900460782,2.618207419,1,0
0,0,1.272507428,3.720466457,1,-1
1,1,1.784605828,5.120984001
0,0,0,0,0,0
0,0,0.08642780645,0.8642780645,1,0
0,0,0.1902173436,1.037895372,1,0
0,0,0.3314714085,1.412540648,1,0
0,0,0.5256417525,1.94170344,0,0
0,0,0.8728149946,3.471732421,0,0
0,0,1.379677109,5.068621146,2,-1
1,1,2.007496441,6.278193322
0,0,0,0,2,0
0,0,-0.09443506301,-0.9443506301,0,0
0,0,-0.1000834249,-0.05648361931,0,0
0,0,-0.03097175964,0.6911166531,0,0
0,0,0.1176620706,1.486338302,2,0
0,0,0.1980830592,0.8042098856,1,0
0,0,0.3146822486,1.165991895,2,0
0,0,0.4131051943,0.9842294572,1,0
0,0,0.5847745919,1.716693975,1,0
0,0,0.852992528,2.682179361,2,0
0,0,1.179198867,3.262063388,0,-1
1,1,1.671748101,4.925492341
0,0,0,0,1,0
0,0,-0.005469861358,-0.05469861358,1,0
0,0,0.003738570979,0.09208432337,0,0
0,0,0.08902796535,0.8528939437,1,0
0,0,0.1866791108,0.9765114549,0,0
0,0,0.4144316787,2.277525678,0,0
0,0,0.7821605487,3.6772887,1,0
0,0,1.248394274,4.662337249,2,-1
1,1,1.824979296,5.76585022
0,0,0,0,0,0
0,0,0.07141449837,0.7141449837,1,0
0,0,0.1451985335,0.7378403511,0,0
0,0,0.3339279799,1.887294464,0,0
0,0,0.6576087533,3.236807734,1,0
0,0,1.073805736,4.161969823,2,-1
1,1,1.573400876,4.995951403
