2,1,1
0,0,0,0,1,0
0,0,0.01219091218,0.1219091218,0,0
0,0,0.1172827081,1.050917959,0,0
0,0,0.3350370952,2.177543871,0,0
0,0,0.6801399208,3.451028256,2,0
0,0,1.054119475,3.739795541,2,0
0,0,1.509477763,4.553582885,1,-1
1,1,2.109725783,6.002480194
0,0,0,0,2,0
0,0,-0.08583434348,-0.8583434348,0,0
0,0,-0.09404827857,-0.0821393509,2,0
0,0,-0.207216931,-1.131686525,1,0
0,0,-0.346034032,-1.388171009,0,0
0,0,-0.4573430142,-1.113089822,1,0
0,0,-0.6497144177,-1.923714035,1,0
0,0,-0.9481845191,-2.984701014,2,0
0,0,-1.410000624,-4.618161048,0,-1
1,1,-1.999046818,-5.890461937
0,0,0,0,1,0
0,0,-0.01663424537,-0.1663424537,0,0
0,0,0.05617634823,0.728105936,1,0
0,0,0.1298228266,0.736464784,0,0
0,0,0.320945535,1.911227084,1,0
0,0,0.5625706447,2.416251096,2,0
0,0,0.8192241868,2.566535422,0,0
0,0,1.247711979,4.284877922,1,-1
1,1,1.809468043,5.617560642
0,0,0,0,0,0
0,0,0.105373151,1.05373151,0,0
0,0,0.3259613422,2.205881912,1,0
0,0,0.605581362,2.796200198,2,0
0,0,0.8930154028,2.874340408,1,0
0,0,1.304582314,4.115669109,0,-1
1,1,1.870843827,5.662615136
0,0,0,0,1,0
0,0,-0.002839308129,-0.02839308129,2,0
0,0,-0.09325654359,-0.9041723546,2,0
0,0,-0.274759697,-1.815031534,0,0
0,0,-0.4005202455,-1.257605485,0,0
0,0,-0.5140259436,-1.135056981,0,0
0,0,-0.6477055833,-1.336796397,0,0
0,0,-0.8143293918,-1.666238085,2,0
0,0,-1.151603272,-3.372738804,2,-1
1,1,-1.652835512,-5.012322393
0,0,0,0,0,0
0,0,0.1049294141,1.049294141,0,0
0,0,0.3088636986,2.039342845,2,0
0,0,0.473723356,1.648596575,1,0
0,0,0.7067134319,2.329900759,2,0
0,0,0.9729884086,2.662749767,2,0
0,0,1.320800543,3.478121344,2,-1
1,1,1.791894949,4.710944059
0,0,0,0,0,0
0,0,0.1001301909,1.001301909,2,0
0,0,0.1269390696,0.2680887875,2,0
0,0,0.1019921062,-0.249469634,1,0
0,0,0.1019118737,-0.0008023248119,2,0
0,0,0.03791419425,-0.639976795,0,0
0,0,0.05871068674,0.207964925,0,0
0,0,0.1876433798,1.28932693,2,0
0,0,0.275349125,0.8770574519,1,0
0,0,0.393244766,1.17895641,0,0
0,0,0.6620290683,2.687843024,2,0
0,0,0.9544906962,2.924616279,0,0
0,0,1.404133569,4.496428726,1,-1
1,1,1.996328228,5.921946588
0,0,0,0,2,0
0,0,-0.08661796472,-0.8661796472,2,0
0,0,-0.2607783667,-1.74160402,2,0
0,0,-0.5609783769,-3.002000102,1,0
0,0,-0.9480578802,-3.870795033,2,0
0,0,-1.497907392,-5.498495113,0,-1
1,1,-2.18480919,-6.86901798
0,0,0,0,0,0
0,0,0.08622870097,0.8622870097,0,0
0,0,0.2590944492,1.728657482,2,0
0,0,0.4069368441,1.478423949,0,0
0,0,0.6889621543,2.820253101,0,0
0,0,1.121320542,4.32358388,2,-1
1,1,1.641402763,5.200822203
0,0,0,0,0,0
0,0,0.09980962397,0.9980962397,0,0
0,0,0.2979738519,1.981642279,0,0
0,0,0.6427153666,3.447415147,2,0
0,0,1.013822224,3.711068578,0,0
0,0,1.544976265,5.311540403,1,-1
1,1,2.221622667,6.766464025
0,0,0,0,0,0
0,0,0.07075007302,0.7075007302,2,0
0,0,0.06633453801,-0.04415535008,2,0
0,0,-0.001710186409,-0.6804472442,0,0
0,0,0.007122866309,0.08833052719,1,0
0,0,0.02804907462,0.2092620831,1,0
0,0,0.06921128111,0.4116220649,2,0
0,0,0.04419923386,-0.2501204725,0,0
0,0,0.1131886229,0.6898938904,0,0
0,0,0.2765552279,1.63366605,2,0
0,0,0.4001986135,1.236433856,0,0
0,0,0.6617903395,2.61591726,0,0
0,0,1.076997713,4.152073737,2,-1
1,1,1.571669389,4.946716755
0,0,0,0,1,0
0,0,0.003706852929,0.03706852929,2,0
0,0,-0.09315429762,-0.9686115055,2,0
0,0,-0.2810256218,-1.878713242,1,0
0,0,-0.5234551051,-2.424294832,0,0
0,0,-0.7604020395,-2.369469344,2,0
0,0,-1.158177441,-3.977754015,2,-1
1,1,-1.721070921,-5.628934803
0,0,0,0,0,0
0,0,0.09977138693,0.9977138693,2,0
0,0,0.1128881831,0.1311679613,1,0
0,0,0.1381296837,0.2524150067,0,0
0,0,0.2879144896,1.497848059,1,0
0,0,0.4926934536,2.04778964,0,0
0,0,0.858121075,3.654276214,1,0
0,0,1.334936265,4.768151896,0,-1
1,1,1.965040377,6.30104112
0,0,0,0,2,0
0,0,-0.09493721039,-0.9493721039,1,0
0,0,-0.2064004737,-1.114632633,0,0
0,0,-0.281177441,-0.7477696729,2,0
0,0,-0.4974664189,-2.162889779,1,0
0,0,-0.7899626207,-2.924962018,2,0
0,0,-1.243831821,-4.538691999,1,-1
1,1,-1.829567503,-5.85735682
0,0,0,0,2,0
0,0,-0.07247026642,-0.7247026642,2,0
0,0,-0.2533019228,-1.808316564,0,0
0,0,-0.3813000682,-1.279981454,0,0
0,0,-0.492158059,-1.108579908,0,0
0,0,-0.5943559113,-1.021978523,0,0
0,0,-0.7067997742,-1.124438629,0,0
0,0,-0.8520139121,-1.452141379,0,0
0,0,-1.064525695,-2.125117825,2,0
0,0,-1.450642632,-3.861169373,0,-1
1,1,-1.972977282,-5.2233465
0,0,0,0,0,0
0,0,0.09283232782,0.9283232782,0,0
0,0,0.3050650748,2.12232747,2,0
0,0,0.4786632145,1.735981398,1,0
0,0,0.7131719041,2.345086896,1,0
0,0,1.037227667,3.240557627,2,0
0,0,1.453398342,4.161706749,0,-1
1,1,2.020010952,5.6661261
0,0,0,0,2,0
0,0,-0.0827503059,-0.827503059,1,0
0,0,-0.1772683234,-0.9451801746,1,0
0,0,-0.297634849,-1.203665256,2,0
0,0,-0.5355984919,-2.379636429,0,0
0,0,-0.7667913515,-2.311928596,1,0
0,0,-1.107176132,-3.403847805,0,0
0,0,-1.544846906,-4.376707737,0,-1
1,1,-2.1269305,-5.82083594
0,0,0,0,0,0
0,0,0.0946800301,0.946800301,1,0
0,0,0.2057165435,1.110365134,1,0
0,0,0.3591444377,1.534278943,2,0
0,0,0.5012245132,1.420800754,0,0
0,0,0.7921579766,2.909334634,1,0
0,0,1.194006997,4.018490205,2,-1
1,1,1.697325403,5.03318406
0,0,0,0,1,0
0,0,-0.0169784914,-0.169784914,0,0
0,0,0.06646092483,0.8343941623,1,0
0,0,0.1645098629,0.9804893811,1,0
0,0,0.2928746677,1.283648048,2,0
0,0,0.4030345876,1.101599199,2,0
0,0,0.5022724754,0.9923788775,0,0
0,0,0.7593843797,2.571119044,1,0
0,0,1.115310371,3.55925991,2,0
0,0,1.566425516,4.511151451,1,-1
1,1,2.164424971,5.979994551
0,0,0,0,1,0
0,0,-0.001839444426,-0.01839444426,2,0
0,0,-0.1081613242,-1.063218798,0,0
0,0,-0.1382146063,-0.3005328205,2,0
0,0,-0.2781923207,-1.399777144,1,0
0,0,-0.4742753442,-1.960830236,2,0
0,0,-0.8221974784,-3.479221342,0,0
0,0,-1.227307508,-4.0511003,0,-1
1,1,-1.737499113,-5.101916042
0,0,0,0,1,0
0,0,0.01703742818,0.1703742818,0,0
0,0,0.1334921664,1.164547382,0,0
0,0,0.3589058463,2.254136798,0,0
0,0,0.7073510357,3.484451895,0,0
0,0,1.222120866,5.147698299,2,-1
1,1,1.843451223,6.213303575
0,0,0,0,2,0
0,0,-0.0909603722,-0.909603722,1,0
0,0,-0.1924527873,-1.014924151,0,0
0,0,-0.2423125387,-0.4985975138,2,0
0,0,-0.425935502,-1.836229632,1,0
0,0,-0.6770405969,-2.51105095,0,0
0,0,-0.9542958665,-2.772552695,2,0
0,0,-1.405467464,-4.511715972,0,-1
1,1,-1.984093734,-5.786262702
0,0,0,0,2,0
0,0,-0.086122229,-0.86122229,2,0
0,0,-0.277653645,-1.91531416,0,0
0,0,-0.4154733918,-1.378197468,1,0
0,0,-0.6081319904,-1.926585986,1,0
0,0,-0.877974113,-2.698421226,2,0
0,0,-1.321803601,-4.438294882,0,-1
1,1,-1.882837497,-5.610338957
0,0,0,0,1,0
0,0,0.003575388875,0.03575388875,1,0
0,0,-0.001456828355,-0.0503221723,1,0
0,0,-0.01013140383,-0.08674575475,2,0
0,0,-0.09698806194,-0.8685665811,0,0
0,0,-0.09757167124,-0.005836093026,2,0
0,0,-0.1909372074,-0.9336553613,2,0
0,0,-0.3944951116,-2.035579042,1,0
0,0,-0.6608997706,-2.66404659,0,0
0,0,-0.9516967885,-2.907970179,2,0
0,0,-1.402044478,-4.503476893,2,-1
1,1,-2.003911808,-6.018673299
0,0,0,0,0,0
0,0,0.08503646475,0.8503646475,1,0
0,0,0.1871751486,1.021386839,2,0
0,0,0.2361757259,0.4900057722,2,0
0,0,0.2285576969,-0.07618028954,1,0
0,0,0.2511107281,0.2255303121,0,0
0,0,0.4138068406,1.626961125,0,0
0,0,0.7074428815,2.936360409,2,0
0,0,1.034494564,3.270516828,2,0
0,0,1.447446655,4.129520905,1,-1
1,1,2.003058796,5.55612141
0,0,0,0,1,0
0,0,0.001067270901,0.01067270901,2,0
0,0,-0.09145380549,-0.925210764,2,0
0,0,-0.2881802957,-1.967264902,1,0
0,0,-0.5412834895,-2.531031937,1,0
0,0,-0.8650795519,-3.237960624,2,0
0,0,-1.346427494,-4.81347942,0,-1
1,1,-1.944765063,-5.983375694
0,0,0,0,2,0
0,0,-0.07604819323,-0.7604819323,1,0
0,0,-0.1488339794,-0.7278578618,0,0
0,0,-0.153994644,-0.05160664561,0,0
0,0,-0.08694356106,0.6705108292,0,0
0,0,0.05700245905,1.439460201,1,0
0,0,0.2059910208,1.489885618,0,0
0,0,0.4859454121,2.799543913,2,0
0,0,0.7681368555,2.821914434,2,0
0,0,1.091836376,3.236995205,0,-1
1,1,1.578290325,4.864539487
0,0,0,0,1,0
0,0,0.006711983735,0.06711983735,2,0
0,0,-0.08135065706,-0.880626408,0,0
0,0,-0.1064850451,-0.2513438799,0,0
0,0,-0.04519601324,0.6128903181,2,0
0,0,-0.07914183289,-0.3394581965,0,0
0,0,-0.04885001482,0.3029181807,1,0
0,0,-0.02971354348,0.1913647134,1,0
0,0,-0.0215590004,0.08154543076,0,0
0,0,0.06292679266,0.8448579307,2,0
0,0,0.08111923328,0.1819244062,2,0
0,0,0.02564130574,-0.5547792755,0,0
0,0,0.076804896,0.5116359026,2,0
0,0,0.04654255918,-0.3026233681,2,0
0,0,-0.06412886539,-1.106714246,1,0
0,0,-0.1738973818,-1.097685164,0,0
0,0,-0.2270096521,-0.5311227036,2,0
0,0,-0.3979042219,-1.708945697,0,0
0,0,-0.5675336875,-1.696294656,1,0
0,0,-0.8171464407,-2.496127532,2,0
0,0,-1.230206609,-4.130601684,0,-1
1,1,-1.746499184,-5.162925747
0,0,0,0,1,0
0,0,-0.003378341015,-0.03378341015,1,0
0,0,-0.004931364355,-0.0155302334,2,0
0,0,-0.1084512046,-1.035198403,1,0
0,0,-0.2280977191,-1.196465145,2,0
0,0,-0.4692294863,-2.411317672,0,0
0,0,-0.7167705162,-2.475410299,2,0
0,0,-1.123338801,-4.065682847,1,-1
1,1,-1.650699199,-5.273603981
0,0,0,0,1,0
0,0,-0.002226983906,-0.02226983906,0,0
0,0,0.0818357869,0.8406277081,0,0
0,0,0.2733465171,1.915107302,2,0
0,0,0.4146875657,1.413410487,0,0
0,0,0.6901377544,2.754501887,2,0
0,0,0.9972766223,3.071388679,0,0
0,0,1.476037808,4.787611854,1,-1
1,1,2.098561173,6.225233655
0,0,0,0,0,0
0,0,0.09968635877,0.9968635877,0,0
0,0,0.3042402478,2.045538891,1,0
0,0,0.5471129138,2.42872666,0,0
0,0,0.933871754,3.867588403,1,0
0,0,1.428842014,4.949702595,2,-1
1,1,2.053245714,6.244037003
0,0,0,0,1,0
0,0,0.009604487182,0.09604487182,2,0
0,0,-0.05826081418,-0.6786530136,1,0
0,0,-0.1474208299,-0.8916001573,2,0
0,0,-0.3623393286,-2.149184987,0,0
0,0,-0.5574573355,-1.951180069,0,0
0,0,-0.7711980001,-2.137406646,0,0
0,0,-1.045286418,-2.740884176,2,0
0,0,-1.481421903,-4.36135485,2,-1
1,1,-2.067687063,-5.862651603
0,0,0,0,1,0
0,0,-0.01243942468,-0.1243942468,1,0
0,0,-0.0146438707,-0.02204446022,2,0
0,0,-0.1152922106,-1.006483399,0,0
0,0,-0.1548855599,-0.3959334929,2,0
0,0,-0.3217456502,-1.668600903,2,0
0,0,-0.6103508406,-2.886051904,1,0
0,0,-0.9994502637,-3.89099423,0,0
0,0,-1.463260385,-4.638101217,0,-1
1,1,-2.063456055,-6.001956696
0,0,0,0,2,0
0,0,-0.09001289142,-0.9001289142,2,0
0,0,-0.2879769776,-1.979640861,0,0
0,0,-0.4540570631,-1.660800855,0,0
0,0,-0.6222701894,-1.682131263,2,0
0,0,-0.9631808603,-3.40910671,2,0
0,0,-1.474697949,-5.11517089,2,-1
1,1,-2.13476822,-6.600702709
0,0,0,0,0,0
0,0,0.08805811751,0.8805811751,1,0
0,0,0.1751680893,0.8710997182,0,0
0,0,0.3950721143,2.19904025,0,0
0,0,0.7720541687,3.769820544,0,0
0,0,1.311698668,5.396444997,0,-1
1,1,2.001762417,6.900637487
0,0,0,0,2,0
0,0,-0.08311003206,-0.8311003206,2,0
0,0,-0.2746000028,-1.914899708,2,0
0,0,-0.5914814034,-3.168814006,0,0
0,0,-0.9353826965,-3.43901293,0,0
0,0,-1.345162367,-4.097796709,0,-1
1,1,-1.873892931,-5.287305641
0,0,0,0,0,0
0,0,0.08623583452,0.8623583452,2,0
0,0,0.09109205178,0.04856217261,0,0
0,0,0.2127134595,1.216214077,0,0
0,0,0.4682614975,2.55548038,0,0
0,0,0.8614197028,3.931582053,0,0
0,0,1.416807798,5.553880949,0,-1
1,1,2.123896852,7.070890543
0,0,0,0,2,0
0,0,-0.07930098235,-0.7930098235,1,0
0,0,-0.1629367547,-0.8363577231,0,0
0,0,-0.1959203273,-0.3298357263,1,0
0,0,-0.2685174918,-0.7259716455,0,0
0,0,-0.3034500142,-0.3493252235,0,0
0,0,-0.298330725,0.05119289189,1,0
0,0,-0.3442017862,-0.4587106125,0,0
0,0,-0.3681477003,-0.2394591405,2,0
0,0,-0.5386526224,-1.705049221,0,0
0,0,-0.7209735556,-1.823209332,2,0
0,0,-1.072581736,-3.516081805,0,0
0,0,-1.509760031,-4.371782946,2,-1
1,1,-2.095851532,-5.860915011
0,0,0,0,1,0
0,0,-0.002344606685,-0.02344606685,1,0
0,0,0.008513082651,0.1085768934,1,0
0,0,0.006643769248,-0.01869313403,0,0
0,0,0.08166764605,0.7502387681,2,0
0,0,0.09531077816,0.1364313211,1,0
0,0,0.1194009938,0.2409021559,0,0
0,0,0.2518821084,1.324811147,1,0
0,0,0.4330340575,1.81151949,2,0
0,0,0.6202188713,1.871848138,2,0
0,0,0.8414171624,2.211982911,0,0
0,0,1.225500259,3.840830963,0,-1
1,1,1.76554386,5.400436016
0,0,0,0,1,0
0,0,-0.00197724655,-0.0197724655,0,0
0,0,0.06897772725,0.709549738,0,0
0,0,0.2360206759,1.670429487,0,0
0,0,0.5341918258,2.981711498,2,0
0,0,0.8481821513,3.139903256,1,0
0,0,1.279790289,4.31608138,0,-1
1,1,1.86865095,5.888606609
0,0,0,0,0,0
0,0,0.08691810697,0.8691810697,2,0
0,0,0.1006752823,0.1375717537,1,0
0,0,0.1144571639,0.1378188158,0,0
0,0,0.2315153934,1.170582294,0,0
0,0,0.4656358489,2.341204556,0,0
0,0,0.8557027422,3.900668932,1,0
0,0,1.344545284,4.888425418,1,-1
1,1,1.969943005,6.253977211
0,0,0,0,0,0
0,0,0.0848577609,0.848577609,0,0
0,0,0.2561536527,1.712958918,2,0
0,0,0.3728857692,1.167321165,0,0
0,0,0.6172158192,2.4433005,0,0
0,0,1.028884468,4.116686487,0,-1
1,1,1.600644974,5.717605064
0,0,0,0,0,0
0,0,0.08389459005,0.8389459005,0,0
0,0,0.2525214204,1.686268303,0,0
0,0,0.553073405,3.005519846,2,0
0,0,0.8537111704,3.006377654,2,0
0,0,1.223350013,3.696388423,0,-1
1,1,1.750550104,5.272000911
0,0,0,0,2,0
0,0,-0.1007756013,-1.007756013,2,0
0,0,-0.3069918752,-2.062162738,0,0
0,0,-0.4836965582,-1.767046831,1,0
0,0,-0.723363903,-2.396673448,1,0
0,0,-1.061489182,-3.381252786,2,0
0,0,-1.568214533,-5.067253511,2,-1
1,1,-2.222030353,-6.538158203
0,0,0,0,0,0
0,0,0.09501562352,0.9501562352,1,0
0,0,0.2000235171,1.050078935,0,0
0,0,0.4228793947,2.228558776,0,0
0,0,0.7751749213,3.522955266,2,0
0,0,1.176153355,4.009784333,0,-1
1,1,1.740337528,5.641841736
0,0,0,0,1,0
0,0,0.01466589114,0.1466589114,0,0
0,0,0.1135713611,0.9890547,2,0
0,0,0.1303347096,0.1676334845,2,0
0,0,0.08193592657,-0.4839878303,2,0
0,0,-0.02841128916,-1.103472157,2,0
0,0,-0.2230860927,-1.946748036,0,0
0,0,-0.3856182804,-1.625321876,0,0
0,0,-0.5294676027,-1.438493223,2,0
0,0,-0.816890622,-2.874230193,2,0
0,0,-1.265774368,-4.488837462,2,-1
1,1,-1.867456305,-6.016819367
0,0,0,0,0,0
0,0,0.08396145052,0.8396145052,2,0
0,0,0.09297337954,0.0901192902,0,0
0,0,0.1896279152,0.9665453562,1,0
0,0,0.3323898219,1.427619068,1,0
0,0,0.5358638733,2.034740514,2,0
0,0,0.7398331742,2.039693009,0,0
0,0,1.111018959,3.711857847,1,-1
1,1,1.604076104,4.930571454
0,0,0,0,2,0
0,0,-0.09161727598,-0.9161727598,1,0
0,0,-0.1900420911,-0.9842481512,0,0
0,0,-0.2257522133,-0.3571012221,1,0
0,0,-0.2886227745,-0.6287056119,0,0
0,0,-0.3048656776,-0.1624290315,0,0
0,0,-0.3005994942,0.04266183458,0,0
0,0,-0.247904735,0.5269475919,1,0
0,0,-0.2533850927,-0.05480357661,1,0
0,0,-0.3072743015,-0.5388920888,1,0
0,0,-0.4280523722,-1.207780707,0,0
0,0,-0.5387174945,-1.106651223,2,0
0,0,-0.8138131354,-2.750956409,1,0
0,0,-1.19446423,-3.80651095,2,-1
1,1,-1.731965959,-5.375017288
0,0,0,0,2,0
0,0,-0.09106576581,-0.9106576581,1,0
0,0,-0.2041702532,-1.131044874,0,0
0,0,-0.2586993443,-0.5452909111,1,0
0,0,-0.3417863572,-0.8308701287,0,0
0,0,-0.4070201332,-0.6523377601,1,0
0,0,-0.5289589834,-1.219388501,1,0
0,0,-0.7303355333,-2.013765499,0,0
0,0,-0.964670456,-2.343349227,2,0
0,0,-1.362214226,-3.975437696,1,-1
1,1,-1.898235637,-5.360214115
0,0,0,0,1,0
0,0,0.008254974115,0.08254974115,0,0
0,0,0.09393115065,0.8567617654,0,0
0,0,0.2869552153,1.930240646,0,0
0,0,0.6223767921,3.354215769,2,0
0,0,0.9863009194,3.639241273,0,0
0,0,1.504525217,5.182242971,2,-1
1,1,2.160946449,6.564212328
0,0,0,0,0,0
0,0,0.1026807666,1.026807666,1,0
0,0,0.2200979337,1.174171671,2,0
0,0,0.2841127926,0.6401485897,0,0
0,0,0.4844823789,2.003695863,2,0
0,0,0.6882759706,2.037935917,2,0
0,0,0.9151756104,2.268996399,2,0
0,0,1.217545171,3.023695602,2,-1
1,1,1.630746665,4.132014945
0,0,0,0,0,0
0,0,0.07793621991,0.7793621991,2,0
0,0,0.07274682296,-0.05189396946,0,0
0,0,0.1599930135,0.8724619052,2,0
0,0,0.1736545324,0.1366151889,1,0
0,0,0.2039053156,0.302507832,0,0
0,0,0.3573477235,1.53442408,1,0
0,0,0.5838271851,2.264794616,0,0
0,0,0.972761194,3.889340089,1,0
0,0,1.471488761,4.987275671,2,-1
1,1,2.106755352,6.352665909
0,0,0,0,2,0
0,0,-0.0787560809,-0.787560809,0,0
0,0,-0.08711934361,-0.08363262713,1,0
0,0,-0.1089689239,-0.2184958025,2,0
0,0,-0.2277048883,-1.187359644,1,0
0,0,-0.3884786547,-1.607737664,1,0
0,0,-0.6041046576,-2.156260029,0,0
0,0,-0.8281601022,-2.240554446,2,0
0,0,-1.219343454,-3.911833518,2,-1
1,1,-1.767518992,-5.481755382
0,0,0,0,0,0
0,0,0.08391087269,0.8391087269,1,0
0,0,0.1714610582,0.8755018556,0,0
0,0,0.3747191327,2.032580745,1,0
0,0,0.6423518054,2.676326727,1,0
0,0,0.99908706,3.567352545,1,0
0,0,1.481481765,4.823947052,0,-1
1,1,2.113819634,6.323378684
0,0,0,0,0,0
0,0,0.07515333827,0.7515333827,0,0
0,0,0.2442780786,1.691247404,0,0
0,0,0.5216583425,2.773802639,0,0
0,0,0.9439864773,4.223281348,0,0
0,0,1.517418264,5.734317869,0,-1
1,1,2.239521491,7.221032267
0,0,0,0,0,0
0,0,0.09935681882,0.9935681882,2,0
0,0,0.1133368169,0.1397999804,1,0
0,0,0.1559834782,0.4264666137,2,0
0,0,0.1309109311,-0.2507254718,0,0
0,0,0.1991753014,0.6826437035,0,0
0,0,0.4022822527,2.031069513,1,0
0,0,0.6713062478,2.690239951,1,0
0,0,1.025105588,3.537993402,2,0
0,0,1.460346812,4.352412236,0,-1
1,1,2.047143444,5.867966321
0,0,0,0,2,0
0,0,-0.08199374201,-0.8199374201,2,0
0,0,-0.2691425858,-1.871488438,1,0
0,0,-0.492880088,-2.237375023,2,0
0,0,-0.8770996491,-3.84219561,0,0
0,0,-1.319769537,-4.426698878,1,-1
1,1,-1.898862703,-5.790931665
0,0,0,0,2,0
0,0,-0.08523108103,-0.8523108103,2,0
0,0,-0.2874551955,-2.022241145,1,0
0,0,-0.5404867802,-2.530315847,0,0
0,0,-0.7963573594,-2.558705792,2,0
0,0,-1.207664836,-4.113074768,0,-1
1,1,-1.723594086,-5.159292501
0,0,0,0,2,0
0,0,-0.0748316997,-0.748316997,1,0
0,0,-0.1785823512,-1.037506515,0,0
0,0,-0.2268982846,-0.4831593343,1,0
0,0,-0.3223430674,-0.9544478278,2,0
0,0,-0.5422282725,-2.198852052,2,0
0,0,-0.9054027308,-3.631744582,0,0
0,0,-1.323622937,-4.182202059,1,-1
1,1,-1.878125369,-5.545024321
0,0,0,0,2,0
0,0,-0.0946401999,-0.946401999,0,0
0,0,-0.1229073986,-0.2826719866,0,0
0,0,-0.0842501412,0.3865725736,0,0
0,0,0.01520609495,0.9945623614,1,0
0,0,0.1288141715,1.136080765,0,0
0,0,0.3657808575,2.36966686,2,0
0,0,0.5871237235,2.21342866,0,0
0,0,0.9743713311,3.872476077,0,0
0,0,1.520506053,5.461347219,1,-1
1,1,2.210821393,6.903153403
0,0,0,0,0,0
0,0,0.08331166617,0.8331166617,2,0
0,0,0.08234079801,-0.009708681603,2,0
0,0,-0.007193707978,-0.8953450599,0,0
0,0,-0.005442557428,0.0175115055,0,0
0,0,0.06805035039,0.7349290782,1,0
0,0,0.1571178773,0.8906752688,2,0
0,0,0.1841092704,0.2699139316,2,0
0,0,0.1526649346,-0.3144433579,0,0
0,0,0.2397099625,0.8704502785,2,0
0,0,0.2676660589,0.2795609643,2,0
0,0,0.2719627295,0.04296670568,0,0
0,0,0.3894259169,1.174631874,2,0
0,0,0.4792331728,0.8980725583,0,0
0,0,0.7265370002,2.473038274,0,0
0,0,1.140996091,4.144590906,2,-1
1,1,1.64657102,5.055749297
0,0,0,0,2,0
0,0,-0.08541663051,-0.8541663051,1,0
0,0,-0.1994906347,-1.140740042,1,0
0,0,-0.3471922734,-1.477016387,2,0
0,0,-0.6336128782,-2.864206048,0,0
0,0,-0.9378550212,-3.04242143,0,0
0,0,-1.315009352,-3.771543306,2,-1
1,1,-1.849965301,-5.349559489
0,0,0,0,2,0
0,0,-0.09549368263,-0.9549368263,2,0
0,0,-0.2950517384,-1.995580558,1,0
0,0,-0.5443068049,-2.492550665,2,0
0,0,-0.9391384082,-3.948316033,2,0
0,0,-1.494000944,-5.548625356,2,-1
1,1,-2.198463052,-7.044621086
0,0,0,0,0,0
0,0,0.08661488927,0.8661488927,2,0
0,0,0.09042542314,0.03810533864,2,0
0,0,0.01094808196,-0.7947734117,2,0
0,0,-0.1498861617,-1.608342437,0,0
0,0,-0.2607213345,-1.108351728,1,0
0,0,-0.4287800223,-1.680586878,0,0
0,0,-0.59516954,-1.663895177,1,0
0,0,-0.8395816174,-2.444120774,0,0
0,0,-1.144730814,-3.051491965,1,-1
1,1,-1.581759964,-4.370291505
0,0,0,0,1,0
0,0,0.009459708955,0.09459708955,0,0
0,0,0.1165883895,1.071286805,2,0
0,0,0.1588106926,0.4222230315,0,0
0,0,0.300421472,1.416107794,1,0
0,0,0.4766958061,1.762743341,1,0
0,0,0.7410700005,2.643741944,0,0
0,0,1.156190161,4.151201602,2,-1
1,1,1.670368494,5.141783329
0,0,0,0,1,0
0,0,0.0009066364182,0.009066364182,1,0
0,0,0.009156330321,0.08249693903,0,0
0,0,0.09080860524,0.8165227492,2,0
0,0,0.09815141932,0.07342814078,0,0
0,0,0.2100621591,1.119107398,2,0
0,0,0.2853588695,0.7529671036,0,0
0,0,0.4913549533,2.059960838,2,0
0,0,0.7109978446,2.196428913,1,0
0,0,1.020102341,3.091044962,0,0
0,0,1.500611194,4.805088528,0,-1
1,1,2.130196697,6.295855033
0,0,0,0,2,0
0,0,-0.105577713,-1.05577713,0,0
0,0,-0.1365749849,-0.3099727195,1,0
0,0,-0.1865827891,-0.5000780421,0,0
0,0,-0.1790226955,0.07560093599,2,0
0,0,-0.2963903593,-1.173676638,2,0
0,0,-0.5394540447,-2.430636854,0,0
0,0,-0.7802754843,-2.408214396,1,0
0,0,-1.13089823,-3.506227453,0,-1
1,1,-1.574935857,-4.440376271
0,0,0,0,2,0
0,0,-0.1003027284,-1.003027284,2,0
0,0,-0.3005862219,-2.002834935,0,0
0,0,-0.4774896601,-1.769034383,1,0
0,0,-0.7338741269,-2.563844668,2,0
0,0,-1.152073726,-4.181995995,0,-1
1,1,-1.67003169,-5.179579635
0,0,0,0,2,0
0,0,-0.1007052749,-1.007052749,1,0
0,0,-0.2051669376,-1.044616627,2,0
0,0,-0.4456523948,-2.404854571,1,0
0,0,-0.7553270835,-3.096746887,2,0
0,0,-1.231411175,-4.760840915,2,-1
1,1,-1.861951353,-6.305401778
0,0,0,0,0,0
0,0,0.0735064518,0.735064518,1,0
0,0,0.1568502183,0.8334376646,0,0
0,0,0.3606912464,2.038410282,1,0
0,0,0.6347903642,2.740991178,0,0
0,0,1.070149058,4.353586939,2,-1
1,1,1.591253066,5.211040074
0,0,0,0,1,0
0,0,-0.01399111113,-0.1399111113,1,0
0,0,-0.01975578394,-0.05764672812,0,0
0,0,0.04776854901,0.6752433295,2,0
0,0,0.02723549636,-0.2053305265,2,0
0,0,-0.07024207497,-0.9747757134,2,0
0,0,-0.2763700483,-2.061279733,0,0
0,0,-0.4474899304,-1.711198821,1,0
0,0,-0.7001262923,-2.526363619,2,0
0,0,-1.124312619,-4.241863269,1,-1
1,1,-1.67721489,-5.529022707
0,0,0,0,1,0
0,0,0.01611929142,0.1611929142,2,0
0,0,-0.0700254797,-0.8614477112,2,0
0,0,-0.2448107004,-1.747852207,1,0
0,0,-0.4603355855,-2.155248851,1,0
0,0,-0.761958992,-3.016234065,0,0
0,0,-1.095832883,-3.338738906,0,0
0,0,-1.520825957,-4.24993074,2,-1
1,1,-2.094959017,-5.741330607
0,0,0,0,2,0
0,0,-0.09250699253,-0.9250699253,2,0
0,0,-0.3009854954,-2.084785029,2,0
0,0,-0.6534513261,-3.524658307,0,0
0,0,-1.027065733,-3.736144069,0,0
0,0,-1.480629783,-4.5356405,0,-1
1,1,-2.070902379,-5.902725959
0,0,0,0,1,0
0,0,-0.006341442104,-0.06341442104,2,0
0,0,-0.1135952277,-1.072537856,1,0
0,0,-0.2474227366,-1.33827509,1,0
0,0,-0.418693818,-1.712710814,0,0
0,0,-0.5668880464,-1.481942284,1,0
0,0,-0.7936754998,-2.267874534,1,0
0,0,-1.120062072,-3.263865723,1,-1
1,1,-1.577672391,-4.57610319
0,0,0,0,0,0
0,0,0.1015002626,1.015002626,0,0
0,0,0.311929295,2.104290323,2,0
0,0,0.4985765783,1.866472833,1,0
0,0,0.7549181395,2.563415612,0,0
0,0,1.179642639,4.247244993,1,-1
1,1,1.732797351,5.531547123
0,0,0,0,0,0
0,0,0.09246109814,0.9246109814,0,0
0,0,0.2801107803,1.876496821,0,0
0,0,0.6044201522,3.243093719,1,0
0,0,1.011152763,4.067326109,0,-1
1,1,1.581539846,5.703870832
0,0,0,0,0,0
0,0,0.1033676529,1.033676529,2,0
0,0,0.1410613207,0.3769366782,0,0
0,0,0.2855698898,1.445085691,1,0
0,0,0.4643045256,1.787346358,2,0
0,0,0.6389636011,1.746590754,2,0
0,0,0.843476431,2.0451283,1,0
0,0,1.169127046,3.256506152,0,-1
1,1,1.660167913,4.910408668
0,0,0,0,2,0
0,0,-0.09983371334,-0.9983371334,2,0
0,0,-0.3035596413,-2.037259279,2,0
0,0,-0.6264498478,-3.228902066,0,0
0,0,-0.9798330175,-3.533831697,1,0
0,0,-1.449531426,-4.696984085,1,-1
1,1,-2.060985319,-6.114538926
0,0,0,0,0,0
0,0,0.08223050658,0.8223050658,2,0
0,0,0.1070162572,0.2478575059,0,0
0,0,0.23399261,1.269763529,2,0
0,0,0.3261398048,0.9214719473,2,0
0,0,0.3881633074,0.6202350263,1,0
0,0,0.5292848465,1.411215391,1,0
0,0,0.7601130134,2.308281668,2,0
0,0,1.047435193,2.873221795,0,0
0,0,1.506063301,4.586281082,2,-1
1,1,2.10468075,5.98617449
0,0,0,0,1,0
0,0,0.009069199105,0.09069199105,0,0
0,0,0.1132342971,1.04165098,0,0
0,0,0.3317323798,2.184980827,1,0
0,0,0.6059307874,2.741984077,2,0
0,0,0.8883608781,2.824300906,2,0
0,0,1.237506245,3.491453666,1,-1
1,1,1.720957349,4.834511045
0,0,0,0,1,0
0,0,-0.004544932586,-0.04544932586,0,0
0,0,0.09508929141,0.99634224,0,0
0,0,0.3159404777,2.208511863,2,0
0,0,0.5101845435,1.942440658,1,0
0,0,0.7923608859,2.821763424,0,0
0,0,1.246680944,4.543200579,1,-1
1,1,1.833027985,5.863470409
0,0,0,0,1,0
0,0,0.0056799093,0.056799093,2,0
0,0,-0.0691282064,-0.748081157,0,0
0,0,-0.08500326515,-0.1587505875,0,0
0,0,-0.02194074539,0.6306251976,1,0
0,0,0.04242709093,0.6436783632,1,0
0,0,0.1271215975,0.8469450659,1,0
0,0,0.2174781508,0.9035655329,1,0
0,0,0.3595392427,1.420610919,2,0
0,0,0.4850355722,1.254963295,0,0
0,0,0.7478785667,2.628429945,0,0
0,0,1.166318564,4.184399974,2,-1
1,1,1.687358945,5.210403805
0,0,0,0,1,0
0,0,-0.001023302892,-0.01023302892,0,0
0,0,0.07264605567,0.7366935856,0,0
0,0,0.2292876269,1.566415712,2,0
0,0,0.3467148929,1.17427266,2,0
0,0,0.4358261609,0.8911126795,1,0
0,0,0.6045606389,1.68734478,1,0
0,0,0.8633436792,2.587830403,2,0
0,0,1.181707252,3.183635729,2,-1
1,1,1.607486353,4.257791011
0,0,0,0,2,0
0,0,-0.08488378881,-0.8488378881,2,0
0,0,-0.2777488382,-1.928650494,0,0
0,0,-0.4160005042,-1.38251666,0,0
0,0,-0.5419312076,-1.259307034,2,0
0,0,-0.8319736708,-2.900424632,1,0
0,0,-1.230002065,-3.980283941,2,-1
1,1,-1.781877755,-5.5187569
0,0,0,0,1,0
0,0,0.01042463885,0.1042463885,0,0
0,0,0.097458487,0.8703384815,1,0
0,0,0.206447192,1.08988705,1,0
0,0,0.33899055,1.325433581,2,0
0,0,0.4431855753,1.041950253,1,0
0,0,0.607804715,1.646191397,0,0
0,0,0.9368529569,3.29048242,0,0
0,0,1.428659173,4.918062156,1,-1
1,1,2.0602771,6.316179278
0,0,0,0,0,0
0,0,0.07623310575,0.7623310575,1,0
0,0,0.1586417024,0.8240859665,0,0
0,0,0.3502546564,1.91612954,0,0
0,0,0.6744526459,3.241979895,2,0
0,0,1.018029425,3.435767793,0,0
0,0,1.525806613,5.077771878,0,-1
1,1,2.182161877,6.563552643
0,0,0,0,1,0
0,0,0.01241037807,0.1241037807,1,0
0,0,0.03159371533,0.1918333726,0,0
0,0,0.1584279268,1.268342115,0,0
0,0,0.4130470159,2.546190891,1,0
0,0,0.7311294954,3.180824795,0,0
0,0,1.213276644,4.821471487,0,-1
1,1,1.847916237,6.346395928
0,0,0,0,2,0
0,0,-0.08534484215,-0.8534484215,2,0
0,0,-0.2734985706,-1.881537285,0,0
0,0,-0.4313486156,-1.578500449,2,0
0,0,-0.7435190543,-3.121704388,0,0
0,0,-1.097151784,-3.536327295,1,-1
1,1,-1.575270435,-4.781186506
0,0,0,0,0,0
0,0,0.0895833568,0.895833568,1,0
0,0,0.2057574369,1.161740801,0,0
0,0,0.4421921494,2.364347126,0,0
0,0,0.8374060041,3.952138546,0,0
0,0,1.396068978,5.586629738,0,-1
1,1,2.102944912,7.068759345
0,0,0,0,0,0
0,0,0.08572473334,0.8572473334,0,0
0,0,0.2717088825,1.859841492,1,0
0,0,0.5099369298,2.382280473,0,0
0,0,0.886224745,3.762878152,1,0
0,0,1.373310765,4.870860199,0,-1
1,1,2.012460075,6.391493105
0,0,0,0,2,0
0,0,-0.07861495151,-0.7861495151,0,0
0,0,-0.0754819325,0.03133019004,1,0
0,0,-0.07407207135,0.01409861151,1,0
0,0,-0.07005038157,0.04021689782,2,0
0,0,-0.1537841768,-0.8373379527,0,0
0,0,-0.1600672993,-0.06283122451,1,0
0,0,-0.1892239017,-0.2915660245,1,0
0,0,-0.2486439656,-0.5942006387,0,0
0,0,-0.2560009131,-0.07356947524,2,0
0,0,-0.3838224658,-1.278215526,0,0
0,0,-0.4907579418,-1.06935476,1,0
0,0,-0.6713090829,-1.805511411,0,0
0,0,-0.8890515635,-2.177424807,2,0
0,0,-1.276233204,-3.871816404,0,-1
1,1,-1.776784851,-5.005516471
0,0,0,0,0,0
0,0,0.0888842466,0.888842466,2,0
0,0,0.09221918969,0.03334943093,1,0
0,0,0.1252921273,0.3307293756,1,0
0,0,0.1656897767,0.4039764944,1,0
0,0,0.2366417001,0.7095192338,0,0
0,0,0.4422880003,2.056463003,1,0
0,0,0.7227919702,2.805039699,2,0
0,0,1.046673115,3.238811443,1,0
0,0,1.498924448,4.52251333,1,-1
1,1,2.096070416,5.971459682
0,0,0,0,1,0
0,0,-0.002225328292,-0.02225328292,1,0
0,0,-0.0162184232,-0.1399309491,2,0
0,0,-0.1102124827,-0.9399405946,0,0
0,0,-0.1496023721,-0.3938988948,0,0
0,0,-0.1138778314,0.3572454076,1,0
0,0,-0.1066132954,0.07264536002,2,0
0,0,-0.1947561551,-0.8814285967,1,0
0,0,-0.329780793,-1.35024638,2,0
0,0,-0.6015562552,-2.717754622,0,0
0,0,-0.8952922641,-2.937360089,1,0
0,0,-1.302330727,-4.070384626,0,-1
1,1,-1.823091796,-5.207610691
0,0,0,0,2,0
0,0,-0.08250953735,-0.8250953735,2,0
0,0,-0.2608737401,-1.783642027,2,0
0,0,-0.5603355283,-2.994617882,2,0
0,0,-1.012027264,-4.51691736,2,-1
1,1,-1.62159465,-6.095673857
0,0,0,0,2,0
0,0,-0.07800797137,-0.7800797137,2,0
0,0,-0.2478093245,-1.698013532,2,0
0,0,-0.5560381682,-3.082288437,1,0
0,0,-0.9512128753,-3.951747071,1,0
0,0,-1.461426715,-5.102138396,2,-1
1,1,-2.122456588,-6.610298735
0,0,0,0,0,0
0,0,0.07964343893,0.7964343893,1,0
0,0,0.1888844544,1.092410154,2,0
0,0,0.2445268013,0.5564234697,0,0
0,0,0.4426620647,1.981352634,2,0
0,0,0.6403793158,1.977172511,0,0
0,0,1.007225092,3.668457762,0,0
0,0,1.541875255,5.34650163,0,-1
1,1,2.22419625,6.823209952
0,0,0,0,2,0
0,0,-0.09678366277,-0.9678366277,1,0
0,0,-0.2046462543,-1.078625916,1,0
0,0,-0.3480434049,-1.433971506,1,0
0,0,-0.5523706748,-2.043272698,1,0
0,0,-0.8538872612,-3.015165864,1,0
0,0,-1.256814555,-4.029272939,0,-1
1,1,-1.768833576,-5.120190207
0,0,0,0,0,0
0,0,0.1034555103,1.034555103,0,0
0,0,0.3069295409,2.034740307,2,0
0,0,0.4905007259,1.83571185,1,0
0,0,0.7460478643,2.555471384,1,0
0,0,1.115152615,3.691047504,0,-1
1,1,1.642235757,5.270831423
0,0,0,0,1,0
0,0,-0.0109872098,-0.109872098,2,0
0,0,-0.1086891076,-0.9770189781,2,0
0,0,-0.3272776866,-2.18588579,0,0
0,0,-0.5167464219,-1.894687353,1,0
0,0,-0.7847483542,-2.680019323,0,0
0,0,-1.098963528,-3.142151737,1,0
0,0,-1.546417175,-4.474536467,2,-1
1,1,-2.141639032,-5.952218578
0,0,0,0,2,0
0,0,-0.1024033228,-1.024033228,1,0
0,0,-0.2196340491,-1.172307263,1,0
0,0,-0.3626950374,-1.430609882,1,0
0,0,-0.5593705393,-1.96675502,2,0
0,0,-0.8992447651,-3.398742258,2,0
0,0,-1.396667054,-4.974222889,1,-1
1,1,-2.034497845,-6.378307908
0,0,0,0,0,0
0,0,0.08066712332,0.8066712332,2,0
0,0,0.09410755607,0.1344043274,1,0
0,0,0.1367715211,0.4266396504,1,0
0,0,0.2179306302,0.8115910911,0,0
0,0,0.4381463102,2.202156799,2,0
0,0,0.6429842349,2.048379248,0,0
0,0,0.9976071461,3.546229111,2,0
0,0,1.438179642,4.405724962,2,-1
1,1,2.010041375,5.718617324
0,0,0,0,2,0
0,0,-0.08273012426,-0.8273012426,0,0
0,0,-0.08116842863,0.01561695631,0,0
0,0,0.003006289741,0.8417471837,2,0
0,0,-0.003222748719,-0.0622903846,0,0
0,0,0.07577924687,0.7900199558,2,0
0,0,0.07381647911,-0.01962767752,2,0
0,0,0.005588439868,-0.6822803925,2,0
0,0,-0.1519217556,-1.575101955,2,0
0,0,-0.4273996817,-2.754779261,0,0
0,0,-0.7038342322,-2.764345504,2,0
0,0,-1.146064745,-4.422305133,0,-1
1,1,-1.686636169,-5.405714231
0,0,0,0,1,0
0,0,-0.01602119208,-0.1602119208,2,0
0,0,-0.1252351131,-1.09213921,1,0
0,0,-0.2424041683,-1.171690553,1,0
0,0,-0.4073649466,-1.649607782,1,0
0,0,-0.6226190971,-2.152541505,2,0
0,0,-0.9997456304,-3.771265333,2,0
0,0,-1.54303025,-5.432846195,1,-1
1,1,-2.231721926,-6.886916764
0,0,0,0,0,0
0,0,0.08053600388,0.8053600388,2,0
0,0,0.09600407833,0.1546807446,1,0
0,0,0.1259138222,0.2990974383,0,0
0,0,0.2602719238,1.343581016,0,0
0,0,0.5304211757,2.701492519,1,0
0,0,0.8919144008,3.614932251,1,0
0,0,1.354862791,4.629483904,1,-1
1,1,1.958308082,6.034452914
0,0,0,0,0,0
0,0,0.08658876742,0.8658876742,2,0
0,0,0.09642258177,0.09833814353,0,0
0,0,0.224132123,1.277095413,2,0
0,0,0.2985507563,0.744186332,2,0
0,0,0.336735308,0.3818455176,1,0
0,0,0.4386915028,1.019561947,2,0
0,0,0.5462672699,1.075757671,0,0
0,0,0.8186829604,2.724156906,1,0
0,0,1.210485099,3.918021386,0,-1
1,1,1.761384219,5.508991205
0,0,0,0,2,0
0,0,-0.07425735799,-0.7425735799,1,0
0,0,-0.1648737313,-0.906163733,1,0
0,0,-0.2702118621,-1.053381309,1,0
0,0,-0.4140290278,-1.438171657,0,0
0,0,-0.5310425948,-1.17013567,0,0
0,0,-0.6715383609,-1.404957661,1,0
0,0,-0.9085360441,-2.369976831,2,0
0,0,-1.322410711,-4.138746665,1,-1
1,1,-1.874121474,-5.517107637
0,0,0,0,0,0
0,0,0.09975458326,0.9975458326,0,0
0,0,0.2895085753,1.897539921,0,0
0,0,0.6169003206,3.273917452,2,0
0,0,0.9513717575,3.344714369,1,0
0,0,1.411761506,4.603897487,2,-1
1,1,1.998587093,5.868255864
0,0,0,0,0,0
0,0,0.08196848822,0.8196848822,0,0
0,0,0.2599521723,1.779836841,1,0
0,0,0.4746868435,2.147346712,2,0
0,0,0.6952648705,2.20578027,2,0
0,0,0.9459162971,2.506514266,0,0
0,0,1.358003579,4.120872817,2,-1
1,1,1.89434089,5.363373117
0,0,0,0,0,0
0,0,0.08883839246,0.8883839246,1,0
0,0,0.2103371241,1.214987316,0,0
0,0,0.4670783994,2.567412753,0,0
0,0,0.8596161251,3.925377257,2,0
0,0,1.307595473,4.479793478,2,-1
1,1,1.874155563,5.665600905
0,0,0,0,1,0
0,0,-0.005892163641,-0.05892163641,0,0
0,0,0.0819039491,0.8779611274,1,0
0,0,0.1723627228,0.9045877371,2,0
0,0,0.2130839555,0.4072123267,1,0
0,0,0.2817601772,0.6867622174,0,0
0,0,0.4662872072,1.8452703,1,0
0,0,0.7214464075,2.551592003,1,0
0,0,1.070056916,3.486105088,2,0
0,0,1.50361048,4.335535635,1,-1
1,1,2.081798123,5.781876436
0,0,0,0,1,0
0,0,0.007950867279,0.07950867279,1,0
0,0,0.007080329705,-0.008705375735,1,0
0,0,0.009121643461,0.02041313756,2,0
0,0,-0.09025705075,-0.9937869421,2,0
0,0,-0.299447512,-2.091904612,0,0
0,0,-0.4750557176,-1.756082057,1,0
0,0,-0.7308663525,-2.558106348,2,0
0,0,-1.156274111,-4.254077585,1,-1
1,1,-1.708408276,-5.521341652
0,0,0,0,1,0
0,0,0.000723662975,0.00723662975,1,0
0,0,0.01340420729,0.1268054431,0,0
0,0,0.1205740551,1.071698478,2,0
0,0,0.1631630231,0.4258896793,1,0
0,0,0.2335652402,0.7040221713,0,0
0,0,0.4136796702,1.8011443,1,0
0,0,0.6534684786,2.397888084,1,0
0,0,0.9800398532,3.265713746,1,0
0,0,1.423168383,4.4312853,2,-1
1,1,1.998557067,5.753886836
0,0,0,0,1,0
0,0,-0.003680603864,-0.03680603864,0,0
0,0,0.09531242219,0.9899302605,1,0
0,0,0.2072833228,1.119709006,0,0
0,0,0.4262497036,2.189663809,0,0
0,0,0.7785321148,3.522824112,0,0
0,0,1.297613378,5.190812634,2,-1
1,1,1.927909949,6.302965707
0,0,0,0,2,0
0,0,-0.09925122528,-0.9925122528,2,0
0,0,-0.2920271658,-1.927759405,0,0
0,0,-0.4418489118,-1.49821746,2,0
0,0,-0.7538677847,-3.120188729,0,0
0,0,-1.111026685,-3.571589002,2,-1
1,1,-1.627429372,-5.164026876
0,0,0,0,1,0
0,0,-0.001864228027,-0.01864228027,0,0
0,0,0.0873297081,0.8919393612,2,0
0,0,0.1187588393,0.3142913117,1,0
0,0,0.1819471742,0.631883349,0,0
0,0,0.3493183641,1.673711899,0,0
0,0,0.6573354832,3.080171191,0,0
0,0,1.110476932,4.531414492,1,-1
1,1,1.688031258,5.775543254
0,0,0,0,0,0
0,0,0.082626172,0.82626172,0,0
0,0,0.2621029183,1.794767463,1,0
0,0,0.4771213631,2.150184448,2,0
0,0,0.6834633424,2.063419793,2,0
0,0,0.9149245925,2.314612501,2,0
0,0,1.21548692,3.005623275,1,-1
1,1,1.65485011,4.393631902
0,0,0,0,2,0
0,0,-0.09040462778,-0.9040462778,1,0
0,0,-0.2026714938,-1.12266866,1,0
0,0,-0.3351209343,-1.324494405,1,0
0,0,-0.5266678562,-1.915469219,1,0
0,0,-0.7863631171,-2.596952609,1,0
0,0,-1.160364913,-3.740017959,1,-1
1,1,-1.659107201,-4.987422876
0,0,0,0,1,0
0,0,0.006334789099,0.06334789099,2,0
0,0,-0.06785762135,-0.7419241045,2,0
0,0,-0.2369419692,-1.690843478,2,0
0,0,-0.5429299382,-3.05987969,1,0
0,0,-0.9166581964,-3.737282582,0,0
0,0,-1.358690793,-4.420325969,2,-1
1,1,-1.958270555,-5.995797619
0,0,0,0,0,0
0,0,0.1015141528,1.015141528,2,0
0,0,0.1316700205,0.3015586767,1,0
0,0,0.1702856404,0.3861561995,2,0
0,0,0.1376572694,-0.3262837098,0,0
0,0,0.2056021387,0.6794486923,1,0
0,0,0.3045116363,0.9890949765,0,0
0,0,0.5518749926,2.473633562,0,0
0,0,0.9543392807,4.024642882,1,0
0,0,1.477940166,5.236008849,1,-1
1,1,2.143211665,6.652714995
0,0,0,0,2,0
0,0,-0.08119032157,-0.8119032157,2,0
0,0,-0.2604923156,-1.793019941,0,0
0,0,-0.3850964131,-1.246040974,1,0
0,0,-0.5783664655,-1.932700525,2,0
0,0,-0.9264628726,-3.48096407,0,0
0,0,-1.34013095,-4.136680777,0,-1
1,1,-1.872671272,-5.325403213
0,0,0,0,0,0
0,0,0.0783108598,0.783108598,0,0
0,0,0.2488263375,1.705154777,0,0
0,0,0.5291648909,2.803385535,2,0
0,0,0.8269764922,2.978116013,1,0
0,0,1.242777549,4.158010566,0,-1
1,1,1.82075684,5.779792914
0,0,0,0,1,0
0,0,-0.008195082216,-0.08195082216,1,0
0,0,-0.0264853646,-0.1829028238,2,0
0,0,-0.1274309564,-1.009455918,2,0
0,0,-0.3237430659,-1.963121095,0,0
0,0,-0.4834202918,-1.596772259,1,0
0,0,-0.727967508,-2.445472162,2,0
0,0,-1.132629428,-4.046619203,1,-1
1,1,-1.667466352,-5.34836924
0,0,0,0,1,0
0,0,3.315555348e-05,0.0003315555348,1,0
0,0,-0.00041971492,-0.004528704735,0,0
0,0,0.09001510533,0.9043482025,2,0
0,0,0.1010570088,0.1104190349,2,0
0,0,0.05049393364,-0.5056307518,0,0
0,0,0.08126692402,0.3077299038,2,0
0,0,0.03972139006,-0.4154553397,1,0
0,0,0.01528200064,-0.2443938941,0,0
0,0,0.07711576157,0.6183376093,1,0
0,0,0.1653090526,0.8819329106,2,0
0,0,0.1978926873,0.3258363469,2,0
0,0,0.1801514539,-0.1774123338,2,0
0,0,0.1158276142,-0.6432383971,0,0
0,0,0.1600886855,0.4426107131,2,0
0,0,0.1533521111,-0.06736574387,2,0
0,0,0.0941877782,-0.5916433294,1,0
0,0,0.05550627863,-0.3868149957,2,0
0,0,-0.07062878898,-1.261350676,2,0
0,0,-0.3126081516,-2.419793626,2,0
0,0,-0.6792507427,-3.666425911,2,0
0,0,-1.206672237,-5.27421494,2,-1
1,1,-1.890038058,-6.833658209
0,0,0,0,1,0
0,0,-0.007349499122,-0.07349499122,1,0
0,0,-0.004213578505,0.03135920617,2,0
0,0,-0.08497899854,-0.8076542004,0,0
0,0,-0.09285641164,-0.07877413093,0,0
0,0,-0.01364721399,0.7920919765,2,0
0,0,-0.02763040526,-0.1398319127,1,0
0,0,-0.05298716693,-0.2535676168,0,0
0,0,-0.001299864984,0.5168730195,1,0
0,0,0.06113067341,0.6243053839,1,0
0,0,0.1506918582,0.8956118474,1,0
0,0,0.2495404691,0.9884861098,0,0
0,0,0.4867969886,2.372565194,1,0
0,0,0.8080332583,3.212362698,2,0
0,0,1.173466829,3.654335703,2,-1
1,1,1.642160351,4.686935229
0,0,0,0,1,0
0,0,-0.004705750215,-0.04705750215,1,0
0,0,-0.009581265898,-0.04875515684,2,0
0,0,-0.09529767088,-0.8571640499,1,0
0,0,-0.1817255035,-0.8642783265,0,0
0,0,-0.2284335257,-0.4670802215,0,0
0,0,-0.228440873,-7.347287054e-05,2,0
0,0,-0.3467837437,-1.183428708,1,0
0,0,-0.5160038333,-1.692200895,1,0
0,0,-0.7607360114,-2.447321781,0,0
0,0,-1.062533621,-3.017976098,0,0
0,0,-1.451560526,-3.890269049,2,-1
1,1,-1.994706648,-5.431461219
0,0,0,0,2,0
0,0,-0.1052241523,-1.052241523,1,0
0,0,-0.2351720426,-1.299478902,1,0
0,0,-0.4144856092,-1.793135667,1,0
0,0,-0.6673306198,-2.528450106,2,0
0,0,-1.089560833,-4.222302131,0,-1
1,1,-1.601692744,-5.121319111
0,0,0,0,1,0
0,0,-0.0002942750838,-0.002942750838,0,0
0,0,0.07998475701,0.802790321,0,0
0,0,0.2706073196,1.906225626,2,0
0,0,0.4200577063,1.494503867,0,0
0,0,0.704875757,2.848180507,2,0
0,0,1.028348837,3.234730801,2,0
0,0,1.435096582,4.067477453,1,-1
1,1,1.985262445,5.501658623
0,0,0,0,1,0
0,0,0.008173884257,0.08173884257,1,0
0,0,0.01961844938,0.1144456512,0,0
0,0,0.1165691934,0.9695074405,2,0
0,0,0.1456157596,0.2904656617,2,0
0,0,0.1108692619,-0.3474649769,2,0
0,0,0.01532325214,-0.9554600976,1,0
0,0,-0.08301834315,-0.9834159529,2,0
0,0,-0.2855562587,-2.025379155,2,0
0,0,-0.6261789854,-3.406227267,1,0
0,0,-1.051408768,-4.252297823,2,-1
1,1,-1.638854135,-5.874453677
0,0,0,0,2,0
0,0,-0.0961184736,-0.961184736,2,0
0,0,-0.310556426,-2.144379524,0,0
0,0,-0.4834750474,-1.729186214,1,0
0,0,-0.7202046834,-2.36729636,2,0
0,0,-1.117935721,-3.977310379,0,-1
1,1,-1.607792653,-4.898569312
0,0,0,0,0,0
0,0,0.08043459683,0.8043459683,2,0
0,0,0.07523369341,-0.05200903419,1,0
0,0,0.08138891393,0.06155220517,1,0
0,0,0.08786758577,0.06478671836,0,0
0,0,0.2064714614,1.186038757,1,0
0,0,0.3442301709,1.377587094,2,0
0,0,0.4641055895,1.198754186,0,0
0,0,0.7269698385,2.62864249,1,0
0,0,1.094606084,3.676362454,1,-1
1,1,1.589133879,4.94527795
0,0,0,0,1,0
0,0,0.01185572579,0.1185572579,2,0
0,0,-0.05601996396,-0.6787568975,1,0
0,0,-0.1316901056,-0.7567014164,1,0
0,0,-0.2360191466,-1.04329041,0,0
0,0,-0.305732065,-0.6971291844,2,0
0,0,-0.4928490165,-1.871169515,0,0
0,0,-0.6908154503,-1.979664338,1,0
0,0,-0.9790946186,-2.882791683,0,0
0,0,-1.341588506,-3.624938878,1,-1
1,1,-1.84325976,-5.016712539
0,0,0,0,2,0
0,0,-0.1037930287,-1.037930287,1,0
0,0,-0.2358563476,-1.320633188,2,0
0,0,-0.4833142527,-2.474579052,1,0
0,0,-0.795061921,-3.117476682,1,0
0,0,-1.21900227,-4.239403492,2,-1
1,1,-1.798350312,-5.793480418
0,0,0,0,0,0
0,0,0.09550718296,0.9550718296,0,0
0,0,0.277859956,1.82352773,0,0
0,0,0.5925377399,3.14677784,0,0
0,0,1.066177786,4.736400458,2,-1
1,1,1.626288382,5.60110596
0,0,0,0,1,0
0,0,-0.0001808207501,-0.001808207501,1,0
0,0,0.002030810793,0.02211631543,2,0
0,0,-0.07491269282,-0.7694350361,0,0
0,0,-0.07311564154,0.01797051276,1,0
0,0,-0.09188869881,-0.1877305726,1,0
0,0,-0.1408804049,-0.4899170608,2,0
0,0,-0.3036200985,-1.627396936,0,0
0,0,-0.4395066713,-1.358865729,0,0
0,0,-0.5584355558,-1.189288844,0,0
0,0,-0.6990082224,-1.405726666,0,0
0,0,-0.8848850892,-1.858768668,0,0
0,0,-1.142290953,-2.574058641,1,0
0,0,-1.527125856,-3.848349029,2,-1
1,1,-2.060646058,-5.33520202
0,0,0,0,1,0
0,0,0.007535299075,0.07535299075,2,0
0,0,-0.0773439036,-0.8487920267,2,0
0,0,-0.2547828571,-1.774389535,2,0
0,0,-0.566946114,-3.121632569,2,0
0,0,-1.019927861,-4.529817469,1,-1
1,1,-1.591040602,-5.71112741
0,0,0,0,0,0
0,0,0.08978053765,0.8978053765,2,0
0,0,0.11402222,0.2424168235,2,0
0,0,0.06014431102,-0.5387790899,2,0
0,0,-0.05951320111,-1.196575121,2,0
0,0,-0.2615876517,-2.020744506,2,0
0,0,-0.5735370608,-3.119494091,2,0
0,0,-1.037496429,-4.639593682,1,-1
1,1,-1.61232588,-5.748294509
0,0,0,0,2,0
0,0,-0.08512033992,-0.8512033992,1,0
0,0,-0.1853899209,-1.00269581,0,0
0,0,-0.2310480764,-0.4565815554,1,0
0,0,-0.3282345912,-0.9718651476,0,0
0,0,-0.4080120942,-0.7977750305,2,0
0,0,-0.6183132728,-2.103011786,2,0
0,0,-0.9977574615,-3.794441886,1,0
0,0,-1.49197819,-4.942207284,1,-1
1,1,-2.130381297,-6.384031067
0,0,0,0,2,0
0,0,-0.09639986273,-0.9639986273,2,0
0,0,-0.3007624542,-2.043625915,2,0
0,0,-0.6306901267,-3.299276725,2,0
0,0,-1.104504944,-4.738148171,0,-1
1,1,-1.660188588,-5.556836437
0,0,0,0,2,0
0,0,-0.1043844129,-1.043844129,0,0
0,0,-0.1391680201,-0.3478360716,0,0
0,0,-0.1169116998,0.2225632034,2,0
0,0,-0.2183762819,-1.014645822,1,0
0,0,-0.3735460996,-1.551698177,2,0
0,0,-0.6564625058,-2.829164062,1,0
0,0,-1.033763211,-3.773007052,1,0
0,0,-1.529281436,-4.955182248,1,-1
1,1,-2.16967565,-6.403942139
0,0,0,0,2,0
0,0,-0.0933787613,-0.933787613,1,0
0,0,-0.188064167,-0.9468540568,2,0
0,0,-0.3903193532,-2.022551862,1,0
0,0,-0.6693987707,-2.790794175,1,0
0,0,-1.031790854,-3.623920832,1,0
0,0,-1.508518666,-4.767278119,1,-1
1,1,-2.129318284,-6.207996185
0,0,0,0,1,0
0,0,0.01404492972,0.1404492972,0,0
0,0,0.1133697499,0.9932482015,1,0
0,0,0.2241780206,1.108082707,0,0
0,0,0.4433271131,2.191490926,1,0
0,0,0.7239995193,2.806724061,2,0
0,0,1.043493859,3.194943399,0,0
0,0,1.533586371,4.900925114,1,-1
1,1,2.169570341,6.3598397
0,0,0,0,2,0
0,0,-0.0899658613,-0.899658613,1,0
0,0,-0.1814082541,-0.9144239278,1,0
0,0,-0.2936995408,-1.122912867,2,0
0,0,-0.5490693093,-2.553697685,0,0
0,0,-0.8045894804,-2.555201712,0,0
0,0,-1.117872592,-3.13283112,0,0
0,0,-1.531829349,-4.13956756,2,-1
1,1,-2.095029642,-5.632002939
0,0,0,0,1,0
0,0,-0.01052447259,-0.1052447259,2,0
0,0,-0.1265619369,-1.160374643,2,0
0,0,-0.3634559096,-2.368939727,1,0
0,0,-0.6536149356,-2.90159026,1,0
0,0,-1.022694881,-3.69079945,1,0
0,0,-1.507475715,-4.847808347,0,-1
1,1,-2.131288733,-6.238130173
0,0,0,0,2,0
0,0,-0.09249485971,-0.9249485971,1,0
0,0,-0.2174489512,-1.249540914,2,0
0,0,-0.4779235278,-2.604745767,1,0
0,0,-0.8060828211,-3.281592932,1,0
0,0,-1.245831519,-4.39748698,1,-1
1,1,-1.813769834,-5.679383148
0,0,0,0,1,0
0,0,-0.01333271428,-0.1333271428,2,0
0,0,-0.1186865641,-1.053538498,1,0
0,0,-0.2319782358,-1.132916718,2,0
0,0,-0.464545358,-2.325671221,0,0
0,0,-0.6790672212,-2.145218632,0,0
0,0,-0.9382692322,-2.59202011,0,0
0,0,-1.273940217,-3.356709848,0,-1
1,1,-1.722718806,-4.487785894
0,0,0,0,1,0
0,0,-0.01065525648,-0.1065525648,0,0
0,0,0.05696595048,0.6762120697,2,0
0,0,0.06229568554,0.05329735059,1,0
0,0,0.068332671,0.06036985461,0,0
0,0,0.1609053662,0.9257269515,0,0
0,0,0.3574447261,1.9653936,0,0
0,0,0.700916025,3.434712988,1,0
0,0,1.1355933,4.346772754,2,-1
1,1,1.663953483,5.283601824
0,0,0,0,0,0
0,0,0.08851788769,0.8851788769,1,0
0,0,0.1892389128,1.007210251,1,0
0,0,0.3133788298,1.241399171,1,0
0,0,0.5046491153,1.912702855,0,0
0,0,0.8592488745,3.545997592,1,0
0,0,1.317946535,4.586976608,2,-1
1,1,1.893425717,5.754791814
0,0,0,0,1,0
0,0,0.003281182658,0.03281182658,2,0
0,0,-0.07453093167,-0.7781211433,1,0
0,0,-0.1693697439,-0.9483881226,2,0
0,0,-0.3643549605,-1.949852165,0,0
0,0,-0.5252297648,-1.608748044,2,0
0,0,-0.8503644521,-3.251346873,0,0
0,0,-1.242805562,-3.924411099,1,-1
1,1,-1.770691027,-5.278854651
0,0,0,0,0,0
0,0,0.07182649941,0.7182649941,0,0
0,0,0.2349152175,1.630887181,0,0
0,0,0.5060068921,2.710916746,1,0
0,0,0.852890503,3.468836109,0,0
0,0,1.368170703,5.152801995,1,-1
1,1,2.02342785,6.55257147
0,0,0,0,0,0
0,0,0.09817931686,0.9817931686,1,0
0,0,0.1998040526,1.016247358,0,0
0,0,0.4244733483,2.246692957,1,0
0,0,0.7171900015,2.927166532,1,0
0,0,1.102266279,3.850762773,2,-1
1,1,1.585128851,4.828625718
0,0,0,0,0,0
0,0,0.08054010236,0.8054010236,1,0
0,0,0.1815955559,1.010554535,2,0
0,0,0.212132828,0.3053727206,0,0
0,0,0.3718827128,1.597498849,0,0
0,0,0.6652472763,2.933645634,1,0
0,0,1.05527219,3.900249141,1,0
0,0,1.561847419,5.065752291,1,-1
1,1,2.214944784,6.53097365
0,0,0,0,1,0
0,0,0.003208905214,0.03208905214,0,0
0,0,0.09231535655,0.8910645134,1,0
0,0,0.1805100026,0.8819464603,0,0
0,0,0.3895391139,2.090291113,2,0
0,0,0.5677028846,1.781637707,2,0
0,0,0.7526815305,1.84978646,1,0
0,0,1.037400193,2.847186622,2,0
0,0,1.401683207,3.642830141,2,-1
1,1,1.893869266,4.921860589
0,0,0,0,1,0
0,0,-0.0009040775944,-0.009040775944,1,0
0,0,0.002490863869,0.03394941463,0,0
0,0,0.07863636986,0.7614550599,2,0
0,0,0.08098899465,0.02352624788,2,0
0,0,0.01862906391,-0.6235993074,0,0
0,0,0.05781133377,0.3918226986,1,0
0,0,0.1146378162,0.5682648246,2,0
0,0,0.0894755642,-0.2516225203,1,0
0,0,0.08151459314,-0.07960971059,2,0
0,0,-0.004028109961,-0.855427031,1,0
0,0,-0.08020664108,-0.7617853111,2,0
0,0,-0.2413462304,-1.611395893,1,0
0,0,-0.4503091176,-2.089628872,1,0
0,0,-0.7178279096,-2.67518792,1,0
0,0,-1.088527552,-3.706996425,2,-1
1,1,-1.622684318,-5.341567656
0,0,0,0,1,0
0,0,-0.01332289202,-0.1332289202,1,0
0,0,-0.01195833016,0.0136456186,2,0
0,0,-0.1076951341,-0.9573680392,2,0
0,0,-0.2944330146,-1.867378805,1,0
0,0,-0.5343972917,-2.399642771,1,0
0,0,-0.8608706522,-3.264733605,0,0
0,0,-1.252604843,-3.91734191,1,-1
1,1,-1.783048588,-5.304437448
0,0,0,0,0,0
0,0,0.1017896031,1.017896031,0,0
0,0,0.3063309188,2.045413156,2,0
0,0,0.4765809585,1.702500397,2,0
0,0,0.65955769,1.829767315,1,0
0,0,0.9350633169,2.755056269,1,0
0,0,1.329454825,3.943915078,2,-1
1,1,1.845070486,5.156156618
0,0,0,0,0,0
0,0,0.07820499212,0.7820499212,1,0
0,0,0.1870802925,1.088753004,1,0
0,0,0.3395738907,1.524935982,0,0
0,0,0.615744373,2.761704823,2,0
0,0,0.9236011248,3.078567518,1,0
0,0,1.344997462,4.21396337,1,-1
1,1,1.905527831,5.605303696
0,0,0,0,1,0
0,0,0.01514274047,0.1514274047,0,0
0,0,0.1372146157,1.220718752,1,0
0,0,0.2899383558,1.527237401,2,0
0,0,0.3942076573,1.042693015,1,0
0,0,0.5528258017,1.586181444,1,0
0,0,0.8023900008,2.495641991,0,0
0,0,1.219423095,4.170330945,0,-1
1,1,1.794050745,5.746276496
0,0,0,0,0,0
0,0,0.1028493024,1.028493024,0,0
0,0,0.3185045069,2.156552045,2,0
0,0,0.5050385123,1.865340054,1,0
0,0,0.7798344286,2.747959163,2,0
0,0,1.093376532,3.135421032,0,-1
1,1,1.574269164,4.808926322
0,0,0,0,2,0
0,0,-0.07911781291,-0.7911781291,0,0
0,0,-0.06901929762,0.100985153,0,0
0,0,0.01024597518,0.792652728,2,0
0,0,-0.01135984776,-0.2160582294,1,0
0,0,-0.02292934079,-0.1156949303,0,0
0,0,0.0476225001,0.7055184089,1,0
0,0,0.1192358302,0.7161333013,1,0
0,0,0.2175686515,0.9833282129,2,0
0,0,0.2625006377,0.4493198614,0,0
0,0,0.4441491283,1.816484906,0,0
0,0,0.7683755299,3.242264016,0,0
0,0,1.256410707,4.88035177,1,-1
1,1,1.871591993,6.151812859
0,0,0,0,0,0
0,0,0.07871404226,0.7871404226,1,0
0,0,0.1681536046,0.8943956237,1,0
0,0,0.2948532477,1.266996431,0,0
0,0,0.5664183883,2.715651407,2,0
0,0,0.8604985789,2.940801906,1,0
0,0,1.257535369,3.970367896,0,-1
1,1,1.809361597,5.518262286
0,0,0,0,0,0
0,0,0.07750825275,0.7750825275,1,0
0,0,0.1797858784,1.022776257,0,0
0,0,0.383596883,2.038110046,2,0
0,0,0.5542359547,1.706390717,2,0
0,0,0.7474115781,1.931756234,0,0
0,0,1.105189689,3.577781106,1,-1
1,1,1.584042815,4.788531267
0,0,0,0,1,0
0,0,0.009952994664,0.09952994664,2,0
0,0,-0.06027637009,-0.7022936475,1,0
0,0,-0.1511764045,-0.9090003436,2,0
0,0,-0.3465843701,-1.954079657,1,0
0,0,-0.6110631966,-2.644788265,0,0
0,0,-0.9015992507,-2.905360541,0,0
0,0,-1.265213749,-3.636144983,2,-1
1,1,-1.786801475,-5.215877256
0,0,0,0,1,0
0,0,-0.001666271466,-0.01666271466,2,0
0,0,-0.08197056161,-0.8030429014,1,0
0,0,-0.1708212091,-0.8885064754,1,0
0,0,-0.2771055033,-1.062842941,2,0
0,0,-0.5117613981,-2.346558948,0,0
0,0,-0.7585623822,-2.468009841,2,0
0,0,-1.161606121,-4.030437385,1,-1
1,1,-1.694923815,-5.333176948
0,0,0,0,2,0
0,0,-0.09870335812,-0.9870335812,0,0
0,0,-0.1097057864,-0.1100242824,1,0
0,0,-0.1526776021,-0.4297181578,0,0
0,0,-0.132068668,0.2060893419,1,0
0,0,-0.1266788166,0.05389851377,1,0
0,0,-0.1542660281,-0.2758721149,2,0
0,0,-0.2827717865,-1.285057584,2,0
0,0,-0.5288219873,-2.460502008,0,0
0,0,-0.7858471032,-2.570251158,2,0
0,0,-1.205789796,-4.199426924,1,-1
1,1,-1.758526618,-5.52736822
0,0,0,0,2,0
0,0,-0.09984325953,-0.9984325953,2,0
0,0,-0.3045651888,-2.047219293,2,0
0,0,-0.6485290152,-3.439638264,2,0
0,0,-1.142916005,-4.943869902,1,-1
1,1,-1.761990388,-6.190743823
0,0,0,0,0,0
0,0,0.08757133426,0.8757133426,0,0
0,0,0.2896166734,2.020453392,0,0
0,0,0.624595939,3.349792656,2,0
0,0,0.9696119751,3.450160361,0,0
0,0,1.470276444,5.006644689,1,-1
1,1,2.114956525,6.44680081
0,0,0,0,2,0
0,0,-0.1018826088,-1.018826088,1,0
0,0,-0.2277273726,-1.258447637,0,0
0,0,-0.3012730187,-0.735456461,1,0
0,0,-0.4119825154,-1.107094967,2,0
0,0,-0.6685455077,-2.565629923,1,0
0,0,-1.027150833,-3.586053252,1,0
0,0,-1.513758023,-4.866071901,1,-1
1,1,-2.145501159,-6.317431355
0,0,0,0,1,0
0,0,0.006387200165,0.06387200165,0,0
0,0,0.09245452846,0.860673283,2,0
0,0,0.1177057307,0.2525120219,2,0
0,0,0.08090272371,-0.3680300694,2,0
0,0,-0.01789409146,-0.9879681517,2,0
0,0,-0.216415372,-1.985212806,2,0
0,0,-0.5192353146,-3.028199425,0,0
0,0,-0.8148810871,-2.956457725,0,0
0,0,-1.161245148,-3.463640604,2,-1
1,1,-1.664655489,-5.034103412
0,0,0,0,1,0
0,0,0.01089548399,0.1089548399,0,0
0,0,0.1180083951,1.071129112,2,0
0,0,0.1446494112,0.2664101601,2,0
0,0,0.09972538488,-0.4492402628,2,0
0,0,-0.0007169517702,-1.004423366,0,0
0,0,-0.008367053612,-0.07650101842,0,0
0,0,0.06727080571,0.7563785932,0,0
0,0,0.2574397702,1.901689644,1,0
0,0,0.4804277676,2.229879975,0,0
0,0,0.8558526757,3.754249081,2,0
0,0,1.286993781,4.311411056,1,-1
1,1,1.851771621,5.647778392
0,0,0,0,1,0
0,0,0.003275455638,0.03275455638,1,0
0,0,-0.0006554032192,-0.03930858857,1,0
0,0,-0.01947921724,-0.1882381403,2,0
0,0,-0.1138675663,-0.9438834901,0,0
0,0,-0.1296786856,-0.1581111938,0,0
0,0,-0.06764692228,0.6203176336,0,0
0,0,0.07619142571,1.43838348,1,0
0,0,0.2260618502,1.498704245,2,0
0,0,0.338133436,1.120715858,1,0
0,0,0.5113919506,1.732585146,0,0
0,0,0.8280392435,3.166472929,2,0
0,0,1.192436608,3.643973645,2,-1
1,1,1.656362987,4.639263787
0,0,0,0,0,0
0,0,0.08066722821,0.8066722821,0,0
0,0,0.2531902443,1.725230161,0,0
0,0,0.549037903,2.958476586,0,0
0,0,0.9832084659,4.341705629,0,-1
1,1,1.577695591,5.944871255
0,0,0,0,1,0
0,0,0.0004053962831,0.004053962831,1,0
0,0,-0.003253970489,-0.03659366772,0,0
0,0,0.07138531434,0.7463928483,1,0
0,0,0.1502483257,0.7886301133,0,0
0,0,0.3399080139,1.896596883,1,0
0,0,0.5784529074,2.385448935,2,0
0,0,0.8396085437,2.611556363,2,0
0,0,1.156499706,3.168911624,0,-1
1,1,1.632948686,4.764489804
0,0,0,0,2,0
0,0,-0.08305952362,-0.8305952362,2,0
0,0,-0.2822029364,-1.991434128,1,0
0,0,-0.5295558478,-2.473529114,1,0
0,0,-0.8672914541,-3.377356063,2,0
0,0,-1.375346983,-5.080555285,2,-1
1,1,-2.038209948,-6.628629654
0,0,0,0,2,0
0,0,-0.0925352651,-0.925352651,0,0
0,0,-0.1024218876,-0.09886622456,1,0
0,0,-0.1139293179,-0.115074304,2,0
0,0,-0.221265669,-1.073363511,0,0
0,0,-0.294357827,-0.7309215795,2,0
0,0,-0.5041808207,-2.098229937,1,0
0,0,-0.7885188541,-2.843380334,1,0
0,0,-1.168060481,-3.795416268,0,-1
1,1,-1.648384758,-4.803242772
0,0,0,0,0,0
0,0,0.09990901088,0.9990901088,1,0
0,0,0.2305009951,1.305919842,1,0
0,0,0.4087855875,1.782845924,0,0
0,0,0.7247426072,3.159570198,0,0
0,0,1.209461711,4.847191037,0,-1
1,1,1.85419793,6.44736219
0,0,0,0,1,0
0,0,0.00226958585,0.0226958585,0,0
0,0,0.08714417629,0.8487459044,2,0
0,0,0.09981149521,0.1266731892,0,0
0,0,0.2202537015,1.204422063,2,0
0,0,0.2811641183,0.6091041678,1,0
0,0,0.3892577571,1.080936387,1,0
0,0,0.5523870181,1.63129261,1,0
0,0,0.799981929,2.475949109,2,0
0,0,1.098444494,2.984625648,2,0
0,0,1.486975178,3.885306841,2,-1
1,1,2.014687255,5.277120772
0,0,0,0,0,0
0,0,0.08738577818,0.8738577818,2,0
0,0,0.1069131879,0.1952740976,1,0
0,0,0.1499364404,0.4302325247,1,0
0,0,0.2103296311,0.6039319071,1,0
0,0,0.3003136573,0.8998402614,2,0
0,0,0.3592003093,0.5888665201,2,0
0,0,0.4124897779,0.5328946864,1,0
0,0,0.5247321554,1.122423775,2,0
0,0,0.6384629654,1.1373081,0,0
0,0,0.9022624383,2.637994729,2,0
0,0,1.241711771,3.39449333,2,-1
1,1,1.693492443,4.517806718
0,0,0,0,0,0
0,0,0.09894755429,0.9894755429,2,0
0,0,0.1214420683,0.2249451397,0,0
0,0,0.2427097718,1.212677036,0,0
0,0,0.4857328721,2.430231003,2,0
0,0,0.7239415095,2.382086374,1,0
0,0,1.073389155,3.494476455,1,0
0,0,1.544313133,4.70923978,2,-1
1,1,2.159666637,6.153535044
0,0,0,0,1,0
0,0,-0.009683758156,-0.09683758156,0,0
0,0,0.08071058688,0.9039434504,0,0
0,0,0.2824915445,2.017809576,2,0
0,0,0.4535799153,1.710883708,1,0
0,0,0.6870959157,2.335160004,0,0
0,0,1.092558562,4.054626463,1,-1
1,1,1.624813692,5.322551305
0,0,0,0,2,0
0,0,-0.09562826624,-0.9562826624,2,0
0,0,-0.3041300939,-2.085018277,0,0
0,0,-0.481887381,-1.777572871,0,0
0,0,-0.6526693799,-1.707819989,2,0
0,0,-0.9838740551,-3.312046751,0,0
0,0,-1.394030071,-4.101560159,1,-1
1,1,-1.944205339,-5.501752681
0,0,0,0,1,0
0,0,-0.002675306673,-0.02675306673,2,0
0,0,-0.08982429229,-0.8714898562,2,0
0,0,-0.2805220069,-1.906977146,2,0
0,0,-0.6108411924,-3.303191854,1,0
0,0,-1.033320648,-4.22479456,2,-1
1,1,-1.614535773,-5.81215125
0,0,0,0,2,0
0,0,-0.08487564701,-0.8487564701,1,0
0,0,-0.1852584627,-1.003828157,1,0
0,0,-0.3024453452,-1.171868825,1,0
0,0,-0.4726571984,-1.702118532,0,0
0,0,-0.6259652863,-1.533080879,1,0
0,0,-0.8690293325,-2.430640462,0,0
0,0,-1.182436643,-3.134073108,2,-1
1,1,-1.663687041,-4.812503979
0,0,0,0,0,0
0,0,0.09642085566,0.9642085566,0,0
0,0,0.2927153677,1.96294512,1,0
0,0,0.5370559135,2.443405458,0,0
0,0,0.9428120813,4.057561678,2,0
0,0,1.419374136,4.765620542,0,-1
1,1,2.046165152,6.267910168
0,0,0,0,1,0
0,0,0.01549816572,0.1549816572,0,0
0,0,0.1099920827,0.9449391696,2,0
0,0,0.130216821,0.2022473834,2,0
0,0,0.09756156527,-0.3265525575,1,0
0,0,0.07571103335,-0.2185053192,0,0
0,0,0.1695470754,0.9383604207,1,0
0,0,0.2775198296,1.079727542,0,0
0,0,0.5054382963,2.279184667,2,0
0,0,0.734721999,2.292837027,2,0
0,0,0.9973347432,2.626127442,1,0
0,0,1.38989451,3.92559767,2,-1
1,1,1.908152974,5.182584633
0,0,0,0,1,0
0,0,0.01072286132,0.1072286132,2,0
0,0,-0.08184712339,-0.9256998471,2,0
0,0,-0.288916071,-2.070689476,0,0
0,0,-0.4475954344,-1.586793634,2,0
0,0,-0.7411846828,-2.935892485,0,0
0,0,-1.076053871,-3.348691884,1,0
0,0,-1.531542011,-4.554881399,0,-1
1,1,-2.12920667,-5.976646587
0,0,0,0,2,0
0,0,-0.09797261785,-0.9797261785,2,0
0,0,-0.2840292712,-1.860566534,0,0
0,0,-0.4261140144,-1.420847432,1,0
0,0,-0.6222684852,-1.961544708,1,0
0,0,-0.9081664416,-2.858979564,2,0
0,0,-1.368744924,-4.605784828,2,-1
1,1,-1.985197835,-6.164529108
0,0,0,0,1,0
0,0,0.01219159442,0.1219159442,1,0
0,0,0.03224478923,0.2005319481,2,0
0,0,-0.02890819657,-0.611529858,1,0
0,0,-0.08440306328,-0.5549486671,1,0
0,0,-0.1712176591,-0.8681459583,0,0
0,0,-0.2101805733,-0.3896291416,0,0
0,0,-0.1843263617,0.2585421159,1,0
0,0,-0.2004253692,-0.1609900756,0,0
0,0,-0.1514359374,0.489894318,2,0
0,0,-0.2064601271,-0.550241897,2,0
0,0,-0.3929395507,-1.864794236,2,0
0,0,-0.7293330986,-3.363935479,2,0
0,0,-1.222878335,-4.935452364,2,-1
1,1,-1.872854343,-6.499760084
0,0,0,0,0,0
0,0,0.09430378058,0.9430378058,0,0
0,0,0.2786201752,1.843163946,2,0
0,0,0.41393489,1.353147148,1,0
0,0,0.6024026253,1.884677354,2,0
0,0,0.8098028652,2.074002399,2,0
0,0,1.064913009,2.55110144,0,0
0,0,1.482672962,4.177599528,2,-1
1,1,2.037776098,5.551031363
0,0,0,0,1,0
0,0,-0.01571832985,-0.1571832985,2,0
0,0,-0.1166745527,-1.009562229,0,0
0,0,-0.1345272533,-0.1785270055,0,0
0,0,-0.09750623485,0.3702101841,2,0
0,0,-0.1498490321,-0.523427972,2,0
0,0,-0.3068104457,-1.569614136,2,0
0,0,-0.5857976925,-2.789872468,1,0
0,0,-0.9558854808,-3.700877883,2,0
0,0,-1.490388449,-5.345029679,1,-1
1,1,-2.167242983,-6.76854534
0,0,0,0,2,0
0,0,-0.08553159296,-0.8553159296,0,0
0,0,-0.0918424688,-0.06310875839,2,0
0,0,-0.1949210806,-1.030786118,2,0
0,0,-0.4153267905,-2.204057099,2,0
0,0,-0.7725250576,-3.571982671,1,0
0,0,-1.225843999,-4.533189417,0,-1
1,1,-1.789108667,-5.632646672
0,0,0,0,1,0
0,0,-0.004085507674,-0.04085507674,1,0
0,0,-0.004397758061,-0.003122503871,1,0
0,0,-0.01046810839,-0.06070350324,1,0
0,0,-0.02790514777,-0.1743703938,2,0
0,0,-0.1288520762,-1.009469284,0,0
0,0,-0.1530817591,-0.2422968291,0,0
0,0,-0.105788877,0.4729288209,0,0
0,0,0.02835915069,1.341480277,1,0
0,0,0.165565479,1.372063283,1,0
0,0,0.3290657323,1.635002533,1,0
0,0,0.5565350939,2.274693616,2,0
0,0,0.7825987245,2.260636306,2,0
0,0,1.062877294,2.802785697,1,0
0,0,1.477317883,4.144405892,1,-1
1,1,2.035633066,5.583151823
0,0,0,0,0,0
0,0,0.09598933619,0.9598933619,2,0
0,0,0.1115366226,0.1554728643,0,0
0,0,0.2246829276,1.13146305,1,0
0,0,0.3777784072,1.530954795,1,0
0,0,0.6039901669,2.262117597,2,0
0,0,0.8376931095,2.337029426,1,0
0,0,1.179164725,3.41471616,1,-1
1,1,1.650750557,4.715858313
0,0,0,0,2,0
0,0,-0.07631456799,-0.7631456799,1,0
0,0,-0.156013781,-0.7969921305,1,0
0,0,-0.2623761673,-1.063623862,1,0
0,0,-0.3972821896,-1.349060223,2,0
0,0,-0.6810508481,-2.837686585,0,0
0,0,-0.9899839429,-3.089330948,0,0
0,0,-1.374892546,-3.849086035,0,-1
1,1,-1.88814847,-5.13255924
0,0,0,0,0,0
0,0,0.08718472832,0.8718472832,0,0
0,0,0.2716651464,1.844804181,2,0
0,0,0.4106089741,1.389438277,1,0
0,0,0.6129259318,2.023169577,1,0
0,0,0.9133152015,3.003892698,0,0
0,0,1.369393899,4.560786976,0,-1
1,1,1.981205914,6.118120151
0,0,0,0,0,0
0,0,0.08328035504,0.8328035504,1,0
0,0,0.198301439,1.15021084,2,0
0,0,0.2680037368,0.6970229774,1,0
0,0,0.3671202529,0.9911651613,2,0
0,0,0.4448821976,0.7776194466,0,0
0,0,0.685084173,2.402019755,1,0
0,0,1.013999728,3.289155553,2,0
0,0,1.427887965,4.138882362,2,-1
1,1,1.972420663,5.445326982
0,0,0,0,1,0
0,0,0.01226844169,0.1226844169,0,0
0,0,0.1166822099,1.044137682,0,0
0,0,0.3393510491,2.226688392,0,0
0,0,0.6917903002,3.52439251,2,0
0,0,1.076996427,3.852061267,1,-1
1,1,1.582738857,5.057424305
0,0,0,0,0,0
0,0,0.09129623488,0.9129623488,0,0
0,0,0.2721780445,1.808818097,1,0
0,0,0.490242659,2.180646145,0,0
0,0,0.8717397695,3.814971105,2,0
0,0,1.318268957,4.465291877,0,-1
1,1,1.922414725,6.041457675
0,0,0,0,1,0
0,0,0.01073317893,0.1073317893,2,0
0,0,-0.05542540895,-0.6615858789,1,0
0,0,-0.129793633,-0.7436822405,2,0
0,0,-0.3219993602,-1.922057272,2,0
0,0,-0.6426696545,-3.206702944,0,0
0,0,-0.9873446291,-3.446749746,2,0
0,0,-1.502953467,-5.156088382,2,-1
1,1,-2.167013208,-6.640597405
0,0,0,0,1,0
0,0,-0.005761695715,-0.05761695715,2,0
0,0,-0.1035229556,-0.9776125986,0,0
0,0,-0.1311649158,-0.2764196023,2,0
0,0,-0.25385686,-1.226919442,0,0
0,0,-0.3244111039,-0.7055424387,0,0
0,0,-0.358326259,-0.3391515512,0,0
0,0,-0.3682556979,-0.09929438884,2,0
0,0,-0.5063978056,-1.381421077,2,0
0,0,-0.7879438752,-2.815460697,1,0
0,0,-1.166582132,-3.786382571,2,-1
1,1,-1.700383865,-5.338017327
0,0,0,0,2,0
0,0,-0.09834422826,-0.9834422826,1,0
0,0,-0.2002840616,-1.019398333,0,0
0,0,-0.2402924681,-0.4000840653,2,0
0,0,-0.4043942188,-1.641017508,2,0
0,0,-0.7218413794,-3.174471605,0,0
0,0,-1.070538444,-3.486970647,0,0
0,0,-1.503952374,-4.334139301,0,-1
1,1,-2.076472271,-5.725198973
0,0,0,0,2,0
0,0,-0.08962780483,-0.8962780483,2,0
0,0,-0.2932939235,-2.036661187,0,0
0,0,-0.4739756446,-1.806817211,1,0
0,0,-0.7427063776,-2.68730733,0,0
0,0,-1.064200069,-3.214936911,1,0
0,0,-1.516037517,-4.51837448,0,-1
1,1,-2.109665878,-5.936283616
0,0,0,0,2,0
0,0,-0.08038788642,-0.8038788642,0,0
0,0,-0.08874683294,-0.08358946517,0,0
0,0,-0.02019553945,0.6855129349,2,0
0,0,-0.03798149808,-0.1778595863,0,0
0,0,0.01427535987,0.5225685795,1,0
0,0,0.08096036623,0.6668500636,0,0
0,0,0.2514417137,1.704813474,0,0
0,0,0.5543685834,3.029268697,1,0
0,0,0.9474041379,3.930355545,0,0
0,0,1.504635446,5.572313084,2,-1
1,1,2.200286024,6.956505777
0,0,0,0,1,0
0,0,0.01140364934,0.1140364934,1,0
0,0,0.02958082055,0.1817717121,1,0
0,0,0.03727035835,0.076895378,0,0
0,0,0.1466808693,1.09410511,1,0
0,0,0.2958016577,1.491207884,2,0
0,0,0.4227094152,1.269077575,0,0
0,0,0.7057793105,2.830698953,2,0
0,0,1.023527428,3.177481177,2,0
0,0,1.424233199,4.007057712,2,-1
1,1,1.956859937,5.326267375
0,0,0,0,1,0
0,0,-0.01218525279,-0.1218525279,0,0
0,0,0.05122254697,0.6340779976,0,0
0,0,0.2046124187,1.533898718,1,0
0,0,0.406358037,2.017456182,2,0
0,0,0.6055196228,1.991615858,0,0
0,0,0.9690298778,3.63510255,0,0
0,0,1.48843369,5.19403812,0,-1
1,1,2.158518175,6.700844849
0,0,0,0,0,0
0,0,0.07780836272,0.7780836272,2,0
0,0,0.07082286795,-0.06985494764,0,0
0,0,0.1578632122,0.870403442,0,0
0,0,0.3631189379,2.052557257,1,0
0,0,0.6420057851,2.788868472,2,0
0,0,0.9583854478,3.163796627,1,0
0,0,1.385136614,4.267511662,0,-1
1,1,1.965932398,5.807957837
0,0,0,0,1,0
0,0,0.01552468679,0.1552468679,0,0
0,0,0.1049941676,0.8946948076,1,0
0,0,0.2224535899,1.174594223,2,0
0,0,0.2785219062,0.5606831631,2,0
0,0,0.2966913902,0.1816948394,1,0
0,0,0.3692619107,0.7257052055,1,0
0,0,0.4957314196,1.264695089,1,0
0,0,0.7050296663,2.092982467,0,0
0,0,1.086553212,3.815235462,2,0
0,0,1.55159154,4.650383278,2,-1
1,1,2.161681999,6.100904588
0,0,0,0,0,0
0,0,0.09045653706,0.9045653706,1,0
0,0,0.1793359093,0.888793722,0,0
0,0,0.3878551044,2.085191951,2,0
0,0,0.5625311364,1.74676032,1,0
0,0,0.8139433692,2.514122327,1,0
0,0,1.168446823,3.545034536,0,-1
1,1,1.684214161,5.157673387
0,0,0,0,0,0
0,0,0.09962242224,0.9962242224,2,0
0,0,0.1459995883,0.4637716604,2,0
0,0,0.1237314156,-0.2226817268,2,0
0,0,0.04749643768,-0.7623497792,0,0
0,0,0.05782377042,0.1032733274,1,0
0,0,0.07904844291,0.2122467249,1,0
0,0,0.1176823181,0.3863387518,2,0
0,0,0.07514106409,-0.42541254,2,0
0,0,-0.05332894228,-1.284700064,1,0
0,0,-0.2066280755,-1.532991332,2,0
0,0,-0.4763960834,-2.697680079,1,0
0,0,-0.8117906962,-3.353946128,1,0
0,0,-1.254061667,-4.42270971,0,-1
1,1,-1.802078556,-5.48016889
0,0,0,0,1,0
0,0,-0.01672826082,-0.1672826082,2,0
0,0,-0.1333644882,-1.166362274,0,0
0,0,-0.195479608,-0.6211511976,0,0
0,0,-0.2003412153,-0.04861607362,0,0
0,0,-0.1542297642,0.4611145114,2,0
0,0,-0.2381781105,-0.8394834632,0,0
0,0,-0.2744365318,-0.3625842133,0,0
0,0,-0.274868844,-0.004323121153,0,0
0,0,-0.2383533845,0.3651545947,2,0
0,0,-0.3353811587,-0.9702777426,0,0
0,0,-0.3947496775,-0.5936851878,1,0
0,0,-0.5216672673,-1.269175898,2,0
0,0,-0.8007543682,-2.790871009,1,0
0,0,-1.179268041,-3.785136725,1,-1
1,1,-1.69302847,-5.137604296
0,0,0,0,2,0
0,0,-0.1016760983,-1.016760983,1,0
0,0,-0.2149639417,-1.132878434,0,0
0,0,-0.2926819453,-0.7771800365,2,0
0,0,-0.4978400403,-2.05158095,0,0
0,0,-0.7098061495,-2.119661092,2,0
0,0,-1.090770693,-3.80964543,0,0
0,0,-1.564317912,-4.735472197,2,-1
1,1,-2.185208688,-6.20890776
0,0,0,0,2,0
0,0,-0.09296822538,-0.9296822538,0,0
0,0,-0.09932609305,-0.06357867669,0,0
0,0,-0.04910506434,0.5022102871,2,0
0,0,-0.1109616859,-0.6185662152,0,0
0,0,-0.09741484391,0.1354684195,0,0
0,0,-0.02226309875,0.7515174516,0,0
0,0,0.1252135256,1.474766243,1,0
0,0,0.291594727,1.663812014,1,0
0,0,0.4941226345,2.025279075,0,0
0,0,0.8539906885,3.59868054,0,0
0,0,1.381300288,5.273095996,0,-1
1,1,2.061935578,6.806352902
0,0,0,0,2,0
0,0,-0.1048229914,-1.048229914,1,0
0,0,-0.2368330676,-1.320100762,2,0
0,0,-0.5076209798,-2.707879122,0,0
0,0,-0.7664006328,-2.58779653,2,0
0,0,-1.192961926,-4.265612932,2,-1
1,1,-1.781174706,-5.882127797
0,0,0,0,2,0
0,0,-0.1056757079,-1.056757079,0,0
0,0,-0.1585046144,-0.5282890648,1,0
0,0,-0.2488995136,-0.903948992,0,0
0,0,-0.3039804044,-0.5508089082,2,0
0,0,-0.5013972012,-1.974167968,1,0
0,0,-0.7686526832,-2.67255482,1,0
0,0,-1.141855417,-3.732027337,1,-1
1,1,-1.639229651,-4.973742337
0,0,0,0,2,0
0,0,-0.1045813527,-1.045813527,2,0
0,0,-0.3115541653,-2.069728126,2,0
0,0,-0.652554077,-3.409999117,0,0
0,0,-1.006619773,-3.540656959,0,0
0,0,-1.445778195,-4.391584226,1,-1
1,1,-2.026296533,-5.805183372
0,0,0,0,1,0
0,0,-0.01280377208,-0.1280377208,1,0
0,0,-0.03140236623,-0.1859859415,0,0
0,0,0.0281073048,0.5950967103,0,0
0,0,0.1693828066,1.412755018,1,0
0,0,0.3280426706,1.586598639,1,0
0,0,0.5334426715,2.054000009,2,0
0,0,0.7603983453,2.269556738,1,0
0,0,1.093578014,3.331796684,2,0
0,0,1.525528299,4.319502855,1,-1
1,1,2.103749588,5.782212888
0,0,0,0,2,0
0,0,-0.09881504536,-0.9881504536,1,0
0,0,-0.2039434301,-1.051283847,2,0
0,0,-0.422870247,-2.189268169,0,0
0,0,-0.6435310842,-2.206608372,1,0
0,0,-0.9639253701,-3.203942859,2,0
0,0,-1.447145182,-4.832198124,1,-1
1,1,-2.0721249,-6.249797177
0,0,0,0,0,0
0,0,0.07790661682,0.7790661682,0,0
0,0,0.2565541894,1.786475726,2,0
0,0,0.3896906222,1.331364327,2,0
0,0,0.5171345766,1.274439545,1,0
0,0,0.7339848627,2.168502861,1,0
0,0,1.064710955,3.307260925,1,0
0,0,1.52105235,4.563413949,1,-1
1,1,2.12233661,6.012842601
0,0,0,0,1,0
0,0,0.005548362624,0.05548362624,0,0
0,0,0.09532024499,0.8977188237,0,0
0,0,0.2904447157,1.951244707,1,0
0,0,0.5410223228,2.505776071,0,0
0,0,0.9465516752,4.055293524,0,0
0,0,1.503813807,5.572621322,0,-1
1,1,2.21038469,7.065708825
0,0,0,0,0,0
0,0,0.08137046101,0.8137046101,0,0
0,0,0.2748282148,1.934577538,2,0
0,0,0.4150412933,1.402130785,0,0
0,0,0.7097891642,2.94747871,1,0
0,0,1.099451192,3.896620277,0,-1
1,1,1.643505512,5.4405432
0,0,0,0,2,0
0,0,-0.08138185573,-0.8138185573,0,0
0,0,-0.08795854747,-0.06576691741,2,0
0,0,-0.1953324918,-1.073739443,0,0
0,0,-0.2449187951,-0.4958630335,0,0
0,0,-0.2407342208,0.04184574261,2,0
0,0,-0.3755447025,-1.348104817,2,0
0,0,-0.6550658405,-2.795211379,2,0
0,0,-1.101336291,-4.46270451,0,-1
1,1,-1.637069299,-5.357330074
0,0,0,0,2,0
0,0,-0.1010617616,-1.010617616,2,0
0,0,-0.3108629314,-2.098011699,1,0
0,0,-0.5775033273,-2.666403959,2,0
0,0,-0.9954231036,-4.179197763,2,0
0,0,-1.570118646,-5.746955419,1,-1
1,1,-2.291782721,-7.216640753
0,0,0,0,1,0
0,0,-0.001046836917,-0.01046836917,2,0
0,0,-0.107351184,-1.063043471,2,0
0,0,-0.3026565987,-1.953054147,1,0
0,0,-0.5582069881,-2.555503893,0,0
0,0,-0.8201597729,-2.619527848,0,0
0,0,-1.131846349,-3.116865764,0,0
0,0,-1.536113273,-4.042669236,1,-1
1,1,-2.086839217,-5.507259443
0,0,0,0,2,0
0,0,-0.0879899154,-0.879899154,1,0
0,0,-0.174124501,-0.8613458555,1,0
0,0,-0.2990878841,-1.249633831,2,0
0,0,-0.5534442353,-2.543563512,2,0
0,0,-0.9658395889,-4.123953536,2,0
0,0,-1.534235844,-5.683962552,0,-1
1,1,-2.244635332,-7.103994879
0,0,0,0,0,0
0,0,0.09949310219,0.9949310219,0,0
0,0,0.3204003667,2.209072646,2,0
0,0,0.5083114861,1.879111193,1,0
0,0,0.7670547861,2.587433001,1,0
0,0,1.122536075,3.554812887,1,-1
1,1,1.609348671,4.868125965
0,0,0,0,2,0
0,0,-0.096506015,-0.96506015,2,0
0,0,-0.2838765961,-1.873705811,1,0
0,0,-0.5289091059,-2.450325098,2,0
0,0,-0.9385324654,-4.096233594,1,0
0,0,-1.4619449,-5.234124348,2,-1
1,1,-2.13603183,-6.740869303
0,0,0,0,1,0
0,0,-0.002523407393,-0.02523407393,2,0
0,0,-0.08591350465,-0.8339009726,1,0
0,0,-0.19144461,-1.055311054,2,0
0,0,-0.4094204958,-2.179758857,2,0
0,0,-0.7665535895,-3.571330937,2,0
0,0,-1.286337465,-5.197838757,2,-1
1,1,-1.957079459,-6.707419934
0,0,0,0,0,0
0,0,0.09509098809,0.9509098809,0,0
0,0,0.2923455072,1.972545191,2,0
0,0,0.4642895248,1.719440176,2,0
0,0,0.6402737057,1.759841809,1,0
0,0,0.9089945725,2.687208668,1,0
0,0,1.302390349,3.933957765,0,-1
1,1,1.852553141,5.501627918
0,0,0,0,2,0
0,0,-0.1000984639,-1.000984639,1,0
0,0,-0.2145996465,-1.145011826,1,0
0,0,-0.3554690769,-1.408694304,0,0
0,0,-0.4723914532,-1.169223763,0,0
0,0,-0.5810623919,-1.086709387,1,0
0,0,-0.7832079003,-2.021455084,1,0
0,0,-1.100742571,-3.175346709,0,0
0,0,-1.515423137,-4.146805659,1,-1
1,1,-2.075630867,-5.602077299
0,0,0,0,2,0
0,0,-0.105042257,-1.05042257,1,0
0,0,-0.2216146292,-1.165723722,0,0
0,0,-0.2865424587,-0.6492782952,0,0
0,0,-0.3120459733,-0.2550351462,2,0
0,0,-0.4686871767,-1.566412034,0,0
0,0,-0.6236811347,-1.54993958,1,0
0,0,-0.8747275431,-2.510464084,2,0
0,0,-1.292607344,-4.17879801,1,-1
1,1,-1.843415391,-5.508080466
0,0,0,0,0,0
0,0,0.1044431977,1.044431977,2,0
0,0,0.1265645211,0.2212132342,2,0
0,0,0.07360618555,-0.5295833555,0,0
0,0,0.1383776115,0.6477142595,2,0
0,0,0.1403287016,0.01951090119,1,0
0,0,0.1799490367,0.3962033506,2,0
0,0,0.1739365488,-0.06012487852,2,0
0,0,0.1230002243,-0.5093632453,1,0
0,0,0.08364568906,-0.3935453524,0,0
0,0,0.1425415627,0.5889587365,2,0
0,0,0.1227127132,-0.1982884947,0,0
0,0,0.1973709479,0.7465823465,1,0
0,0,0.3029323176,1.055613697,1,0
0,0,0.4636138977,1.606815801,1,0
0,0,0.6893163415,2.257024438,2,0
0,0,0.947277573,2.579612315,0,0
0,0,1.374579772,4.273021991,1,-1
1,1,1.942234946,5.676551741
0,0,0,0,2,0
0,0,-0.1003770786,-1.003770786,1,0
0,0,-0.2230733874,-1.226963088,1,0
0,0,-0.3683713884,-1.452980009,1,0
0,0,-0.5619225488,-1.935511604,0,0
0,0,-0.7649824613,-2.030599126,2,0
0,0,-1.13982856,-3.74846099,2,-1
1,1,-1.674086656,-5.342580952
0,0,0,0,2,0
0,0,-0.08900250531,-0.8900250531,0,0
0,0,-0.1196827353,-0.3068023001,1,0
0,0,-0.1628563497,-0.4317361441,2,0
0,0,-0.3047226866,-1.418663368,0,0
0,0,-0.4272802184,-1.225575319,1,0
0,0,-0.628858233,-2.015780146,0,0
0,0,-0.8613408476,-2.324826146,2,0
0,0,-1.267450108,-4.061092604,1,-1
1,1,-1.812107684,-5.44657576
0,0,0,0,1,0
0,0,-0.005647211264,-0.05647211264,2,0
0,0,-0.1170195785,-1.113723672,1,0
0,0,-0.249634941,-1.326153625,2,0
0,0,-0.5121877425,-2.625528014,1,0
0,0,-0.8424612668,-3.302735243,2,0
0,0,-1.34397637,-5.015151036,2,-1
1,1,-1.995973605,-6.519972349
0,0,0,0,2,0
0,0,-0.07543497098,-0.7543497098,1,0
0,0,-0.167248689,-0.9181371803,0,0
0,0,-0.1910083332,-0.2375964418,2,0
0,0,-0.3468889375,-1.558806043,2,0
0,0,-0.6479354494,-3.01046512,0,0
0,0,-0.9788924173,-3.309569678,0,0
0,0,-1.382101345,-4.032089275,0,-1
1,1,-1.909424356,-5.273230112
0,0,0,0,1,0
0,0,-0.007948996205,-0.07948996205,1,0
0,0,-0.0231990038,-0.1525000759,2,0
0,0,-0.1248451254,-1.016461216,0,0
0,0,-0.1704236804,-0.4557855496,1,0
0,0,-0.2613064118,-0.9088273142,2,0
0,0,-0.4737498448,-2.12443433,2,0
0,0,-0.8249910563,-3.512412115,1,0
0,0,-1.275546398,-4.505553416,2,-1
1,1,-1.880579061,-6.050326629
0,0,0,0,2,0
0,0,-0.07987757909,-0.7987757909,1,0
0,0,-0.1633499316,-0.8347235247,1,0
0,0,-0.2652228929,-1.018729614,1,0
0,0,-0.4129252227,-1.477023297,1,0
0,0,-0.6249218252,-2.119966025,1,0
0,0,-0.9363815978,-3.114597726,2,0
0,0,-1.420929716,-4.845481185,0,-1
1,1,-2.0346925,-6.137627834
0,0,0,0,0,0
0,0,0.08804013377,0.8804013377,1,0
0,0,0.2072953162,1.192551824,2,0
0,0,0.2908071373,0.8351182114,2,0
0,0,0.3493750067,0.5856786933,2,0
0,0,0.3810047833,0.3162977666,2,0
0,0,0.3814334462,0.004286629182,2,0
0,0,0.3547844404,-0.2664900581,1,0
0,0,0.3940751916,0.3929075116,2,0
0,0,0.4121396845,0.1806449294,0,0
0,0,0.5609568301,1.488171456,1,0
0,0,0.805070493,2.441136629,0,0
0,0,1.224222683,4.191521903,2,-1
1,1,1.752190545,5.279678616
0,0,0,0,1,0
0,0,0.003145038336,0.03145038336,0,0
0,0,0.09330861338,0.9016357505,0,0
0,0,0.2793003554,1.859917421,2,0
0,0,0.4351863952,1.558860398,2,0
0,0,0.5776593389,1.424729437,2,0
0,0,0.732160555,1.545012161,0,0
0,0,1.061233956,3.29073401,1,0
0,0,1.514506091,4.532721353,0,-1
1,1,2.116300701,6.017946101
0,0,0,0,0,0
0,0,0.0780466496,0.780466496,1,0
0,0,0.1594428183,0.8139616869,0,0
0,0,0.3663895277,2.069467094,1,0
0,0,0.6294200821,2.630305544,2,0
0,0,0.9231670464,2.937469643,0,0
0,0,1.384790814,4.616237673,0,-1
1,1,2.001806238,6.170154245
0,0,0,0,2,0
0,0,-0.100407971,-1.00407971,1,0
0,0,-0.2026240919,-1.02216121,2,0
0,0,-0.4343561119,-2.3173202,0,0
0,0,-0.6670215018,-2.326653899,1,0
0,0,-0.9888488782,-3.218273763,0,0
0,0,-1.381912462,-3.930635842,0,-1
1,1,-1.904286402,-5.223739395
0,0,0,0,1,0
0,0,-0.01020245772,-0.1020245772,2,0
0,0,-0.1159077361,-1.057052784,0,0
0,0,-0.1505923076,-0.3468457152,2,0
0,0,-0.2858222675,-1.352299599,1,0
0,0,-0.4792991645,-1.93476897,1,0
0,0,-0.7371000476,-2.578008831,2,0
0,0,-1.162315734,-4.252156862,0,-1
1,1,-1.6791807,-5.168649664
0,0,0,0,2,0
0,0,-0.09482717243,-0.9482717243,1,0
0,0,-0.2060314899,-1.112043175,1,0
0,0,-0.3406873282,-1.346558383,2,0
0,0,-0.6019979398,-2.613106116,0,0
0,0,-0.8808781799,-2.788802401,2,0
0,0,-1.31890075,-4.380225697,1,-1
1,1,-1.89359566,-5.746949099
0,0,0,0,2,0
0,0,-0.07063828375,-0.7063828375,2,0
0,0,-0.2319394334,-1.613011496,0,0
0,0,-0.360207785,-1.282683516,0,0
0,0,-0.473875903,-1.13668118,2,0
0,0,-0.7374567035,-2.635808004,1,0
0,0,-1.102852775,-3.653960719,1,-1
1,1,-1.588802356,-4.859495804
0,0,0,0,0,0
0,0,0.09439630736,0.9439630736,1,0
0,0,0.2114757948,1.170794875,1,0
0,0,0.380248267,1.687724722,2,0
0,0,0.5425620185,1.623137515,0,0
0,0,0.8733440868,3.307820683,0,0
0,0,1.368266225,4.949221379,0,-1
1,1,2.015677863,6.474116379
0,0,0,0,1,0
0,0,-0.01457053308,-0.1457053308,2,0
0,0,-0.1069871407,-0.9241660758,2,0
0,0,-0.3055021773,-1.985150366,0,0
0,0,-0.4757859243,-1.70283747,1,0
0,0,-0.716028147,-2.402422226,2,0
0,0,-1.111674066,-3.956459188,0,-1
1,1,-1.600410316,-4.887362505
0,0,0,0,1,0
0,0,0.01443851551,0.1443851551,1,0
0,0,0.02201248294,0.0757396743,2,0
0,0,-0.04620498622,-0.6821746916,0,0
0,0,-0.04538923898,0.008157472439,1,0
0,0,-0.06586791842,-0.2047867944,1,0
0,0,-0.1144379963,-0.4857007791,1,0
0,0,-0.1882504655,-0.7381246921,1,0
0,0,-0.2784964432,-0.9024597766,0,0
0,0,-0.3288324203,-0.5033597709,2,0
0,0,-0.502595016,-1.737625957,0,0
0,0,-0.6695309979,-1.669359819,2,0
0,0,-0.9923782065,-3.228472086,1,0
0,0,-1.43579639,-4.434181835,1,-1
1,1,-2.020932866,-5.851364762
0,0,0,0,2,0
0,0,-0.08175352694,-0.8175352694,0,0
0,0,-0.1018821424,-0.2012861548,2,0
0,0,-0.2376465204,-1.35764378,2,0
0,0,-0.4843295675,-2.46683047,2,0
0,0,-0.8791799213,-3.948503539,0,0
0,0,-1.330121455,-4.509415338,2,-1
1,1,-1.932876267,-6.02754812
0,0,0,0,2,0
0,0,-0.08468819391,-0.8468819391,2,0
0,0,-0.2558739674,-1.711857734,0,0
0,0,-0.3754611165,-1.195871491,1,0
0,0,-0.5589909198,-1.835298034,2,0
0,0,-0.888045572,-3.290546522,2,0
0,0,-1.379964204,-4.919186319,0,-1
1,1,-1.997913938,-6.179497343
0,0,0,0,0,0
0,0,0.07857083374,0.7857083374,0,0
0,0,0.2727257218,1.94154888,2,0
0,0,0.4155131911,1.427874694,0,0
0,0,0.7083944335,2.928812424,1,0
0,0,1.108910356,4.005159228,1,-1
1,1,1.636980326,5.2806997
0,0,0,0,1,0
0,0,0.008045648545,0.08045648545,0,0
0,0,0.1231373995,1.15091751,2,0
0,0,0.1689424889,0.4580508936,2,0
0,0,0.1660428508,-0.02899638061,0,0
0,0,0.2845995319,1.18556681,2,0
0,0,0.3515176718,0.6691813991,0,0
0,0,0.5502503716,1.987326999,0,0
0,0,0.9051818061,3.549314344,1,0
0,0,1.36649821,4.613164036,2,-1
1,1,1.951208373,5.847101636
0,0,0,0,1,0
0,0,-0.006452158134,-0.06452158134,0,0
0,0,0.06103302571,0.6748518384,2,0
0,0,0.06341765619,0.02384630481,2,0
0,0,-0.00314021795,-0.6655787414,2,0
0,0,-0.1571405064,-1.540002884,0,0
0,0,-0.2601070307,-1.029665243,2,0
0,0,-0.4836899999,-2.235829692,2,0
0,0,-0.8671000433,-3.834100434,0,0
0,0,-1.313843584,-4.467435406,0,-1
1,1,-1.873937693,-5.600941091
0,0,0,0,2,0
0,0,-0.07652488098,-0.7652488098,1,0
0,0,-0.1788812491,-1.023563681,1,0
0,0,-0.3251652868,-1.462840377,2,0
0,0,-0.6102762318,-2.85110945,2,0
0,0,-1.05442749,-4.44151258,2,-1
1,1,-1.650626814,-5.961993239
0,0,0,0,0,0
0,0,0.07640177202,0.7640177202,2,0
0,0,0.08823916275,0.1183739074,2,0
0,0,0.02474912484,-0.6349003792,2,0
0,0,-0.1078241338,-1.325732587,1,0
0,0,-0.2576202678,-1.49796134,1,0
0,0,-0.4455991322,-1.879788644,1,0
0,0,-0.711891787,-2.662926548,2,0
0,0,-1.149561116,-4.376693292,1,-1
1,1,-1.708645402,-5.590842859
0,0,0,0,1,0
0,0,-0.007344892823,-0.07344892823,0,0
0,0,0.08491449184,0.9225938467,1,0
0,0,0.1903620732,1.054475813,1,0
0,0,0.3140040189,1.236419457,0,0
0,0,0.5676854442,2.536814253,2,0
0,0,0.8298704124,2.621849681,0,0
0,0,1.253124341,4.232539289,1,-1
1,1,1.809667258,5.565429165
0,0,0,0,1,0
0,0,-0.002305817448,-0.02305817448,2,0
0,0,-0.0872636709,-0.8495785345,1,0
0,0,-0.1706205683,-0.8335689739,1,0
0,0,-0.2819287065,-1.113081382,2,0
0,0,-0.5387213769,-2.567926705,0,0
0,0,-0.815093792,-2.763724151,1,0
0,0,-1.189614409,-3.745206169,0,-1
1,1,-1.663914742,-4.743003335
0,0,0,0,0,0
0,0,0.07133228788,0.7133228788,0,0
0,0,0.2450731491,1.737408612,2,0
0,0,0.3646029202,1.19529771,0,0
0,0,0.6379309178,2.733279977,1,0
0,0,1.010694507,3.72763589,2,0
0,0,1.465306092,4.546115853,0,-1
1,1,2.069643222,6.0433713
0,0,0,0,2,0
0,0,-0.07202074638,-0.7202074638,1,0
0,0,-0.1502108773,-0.7819013094,1,0
0,0,-0.2459323989,-0.9572152158,0,0
0,0,-0.2861329173,-0.4020051839,0,0
0,0,-0.2884974023,-0.02364484968,2,0
0,0,-0.4363502573,-1.47852855,2,0
0,0,-0.7217853233,-2.85435066,2,0
0,0,-1.174970071,-4.531847475,2,-1
1,1,-1.790020495,-6.150504242
0,0,0,0,2,0
0,0,-0.07908031714,-0.7908031714,0,0
0,0,-0.08566026541,-0.06579948275,2,0
0,0,-0.1947671143,-1.091068489,1,0
0,0,-0.3431407077,-1.483735934,2,0
0,0,-0.6331943528,-2.900536451,1,0
0,0,-1.021494576,-3.88300223,0,0
0,0,-1.489537324,-4.680427481,2,-1
1,1,-2.10777755,-6.182402257
0,0,0,0,1,0
0,0,0.002861698904,0.02861698904,0,0
0,0,0.1096350763,1.067733774,1,0
0,0,0.2222664771,1.126314007,1,0
0,0,0.3840992721,1.61832795,1,0
0,0,0.5947544268,2.106551548,2,0
0,0,0.8235390857,2.287846589,0,0
0,0,1.226290653,4.027515677,2,-1
1,1,1.735329688,5.090390343
0,0,0,0,1,0
0,0,0.01008470244,0.1008470244,2,0
0,0,-0.0501506975,-0.6023539994,1,0
0,0,-0.1185494756,-0.6839877807,0,0
0,0,-0.1189284924,-0.00379016875,0,0
0,0,-0.04531311136,0.7361538109,1,0
0,0,0.03597909636,0.8129220773,1,0
0,0,0.1126412142,0.7666211782,1,0
0,0,0.2012444452,0.8860323099,2,0
0,0,0.2268901504,0.2564570525,2,0
0,0,0.2195590685,-0.07331081914,2,0
0,0,0.159743995,-0.5981507347,1,0
0,0,0.1114150572,-0.4832893789,2,0
0,0,-0.01485384553,-1.262689027,2,0
0,0,-0.2253480364,-2.104941909,0,0
0,0,-0.3934381496,-1.680901132,2,0
0,0,-0.7147821382,-3.213439886,0,0
0,0,-1.063212445,-3.484303069,2,-1
1,1,-1.571704955,-5.084925096
0,0,0,0,1,0
0,0,-0.01651374235,-0.1651374235,1,0
0,0,-0.04532431585,-0.2881057351,0,0
0,0,-0.001402838962,0.4392147689,1,0
0,0,0.02504142177,0.2644426073,1,0
0,0,0.06002751722,0.3498609544,0,0
0,0,0.1843009573,1.242734401,1,0
0,0,0.3336145706,1.493136133,1,0
0,0,0.522912835,1.892982644,2,0
0,0,0.7122147387,1.893019037,2,0
0,0,0.9342685021,2.220537634,1,0
0,0,1.268502226,3.342337236,2,-1
1,1,1.719239272,4.507370461
0,0,0,0,2,0
0,0,-0.08543613726,-0.8543613726,0,0
0,0,-0.1109809846,-0.2554484731,1,0
0,0,-0.1412018491,-0.3022086449,2,0
0,0,-0.2734832291,-1.3228138,0,0
0,0,-0.3583306895,-0.8484746044,2,0
0,0,-0.5681751558,-2.098444663,2,0
0,0,-0.9326363149,-3.644611591,2,0
0,0,-1.454933802,-5.222974871,2,-1
1,1,-2.128954592,-6.740207902
0,0,0,0,0,0
0,0,0.08454598486,0.8454598486,0,0
0,0,0.2725012815,1.879552966,1,0
0,0,0.4963794051,2.238781236,0,0
0,0,0.8750817066,3.787023015,0,0
0,0,1.405239342,5.301576353,0,-1
1,1,2.086318734,6.810793925
0,0,0,0,2,0
0,0,-0.07870644516,-0.7870644516,0,0
0,0,-0.0748584605,0.03847984661,0,0
0,0,0.01391501846,0.8877347895,1,0
0,0,0.09146671311,0.7755169466,0,0
0,0,0.2802581835,1.887914704,0,0
0,0,0.6016562768,3.213980933,1,0
0,0,0.9960732125,3.944169357,1,0
0,0,1.509767892,5.136946799,1,-1
1,1,2.167013512,6.572456194
0,0,0,0,2,0
0,0,-0.07059167638,-0.7059167638,1,0
0,0,-0.1519348084,-0.81343132,1,0
0,0,-0.2566055778,-1.046707694,0,0
0,0,-0.3096903203,-0.5308474249,2,0
0,0,-0.4937447313,-1.84054411,1,0
0,0,-0.7600206951,-2.662759639,1,0
0,0,-1.127784325,-3.677636303,0,-1
1,1,-1.587891618,-4.601072927
0,0,0,0,2,0
0,0,-0.08823753632,-0.8823753632,0,0
0,0,-0.1142246731,-0.2598713675,0,0
0,0,-0.06916147118,0.4506320189,2,0
0,0,-0.139569455,-0.7040798379,0,0
0,0,-0.1394597501,0.00109704833,1,0
0,0,-0.1800765271,-0.4061677692,0,0
0,0,-0.1533291039,0.2674742314,1,0
0,0,-0.1517274677,0.01601636185,0,0
0,0,-0.09732575871,0.5440170902,2,0
0,0,-0.1394755292,-0.4214977052,0,0
0,0,-0.1127987171,0.2667681213,1,0
0,0,-0.1012201637,0.115785534,0,0
0,0,-0.01891691566,0.8230324804,0,0
0,0,0.1594788364,1.783957521,0,0
0,0,0.4639908116,3.045119752,1,0
0,0,0.8296630119,3.656722003,1,0
0,0,1.290462747,4.607997353,2,-1
1,1,1.868401636,5.77938889
0,0,0,0,1,0
0,0,0.0023402236,0.023402236,2,0
0,0,-0.07148533301,-0.7382555661,1,0
0,0,-0.1725810359,-1.010957029,0,0
0,0,-0.2104790523,-0.3789801639,0,0
0,0,-0.1896243349,0.2085471738,0,0
0,0,-0.120803469,0.688208659,2,0
0,0,-0.1698509114,-0.4904744236,2,0
0,0,-0.3200342319,-1.501833205,2,0
0,0,-0.6197389945,-2.997047626,0,0
0,0,-0.9294939953,-3.097550007,0,0
0,0,-1.301442548,-3.719485528,2,-1
1,1,-1.829836628,-5.283940795
0,0,0,0,0,0
0,0,0.09188121334,0.9188121334,0,0
0,0,0.2903834723,1.98502259,2,0
0,0,0.4472716812,1.568882089,1,0
0,0,0.6786151146,2.313434334,0,0
0,0,1.077659114,3.990439992,2,0
0,0,1.566279573,4.88620459,0,-1
1,1,2.202044657,6.35765084
0,0,0,0,1,0
0,0,0.007776257551,0.07776257551,0,0
0,0,0.1073493125,0.9957305497,0,0
0,0,0.3062579916,1.989086791,1,0
0,0,0.5415661771,2.353081855,1,0
0,0,0.8706199189,3.290537417,2,0
0,0,1.264697948,3.940780288,2,-1
1,1,1.7743167,5.096187526
0,0,0,0,1,0
0,0,0.001901224905,0.01901224905,2,0
0,0,-0.08736769413,-0.8926891904,0,0
0,0,-0.0976727295,-0.1030503537,1,0
0,0,-0.1418964648,-0.4422373534,2,0
0,0,-0.2901860147,-1.482895498,0,0
0,0,-0.3965375651,-1.063515504,0,0
0,0,-0.4815240151,-0.8498645003,2,0
0,0,-0.7303849238,-2.488609087,0,0
0,0,-1.031171171,-3.007862471,1,0
0,0,-1.464029339,-4.328581677,0,-1
1,1,-2.030767683,-5.66738344
0,0,0,0,1,0
0,0,-0.008433348337,-0.08433348337,2,0
0,0,-0.116093571,-1.076602227,1,0
0,0,-0.2540408599,-1.379472889,1,0
0,0,-0.4209874423,-1.669465824,0,0
0,0,-0.5900108526,-1.690234103,1,0
0,0,-0.8562894805,-2.662786279,1,0
0,0,-1.242447538,-3.86158058,1,-1
1,1,-1.760467912,-5.180203732
0,0,0,0,2,0
0,0,-0.09163440282,-0.9163440282,0,0
0,0,-0.1051488716,-0.1351446879,1,0
0,0,-0.1266240428,-0.2147517119,0,0
0,0,-0.09680614833,0.2981789447,0,0
0,0,-0.004894993232,0.9191115509,2,0
0,0,0.01199390188,0.1688889511,1,0
0,0,0.02642809118,0.144341893,0,0
0,0,0.1319618003,1.055337091,1,0
0,0,0.2536248006,1.216630003,2,0
0,0,0.3247352867,0.7111048604,0,0
0,0,0.5430248439,2.182895572,1,0
0,0,0.842568824,2.995439801,0,0
0,0,1.298736196,4.561673715,2,-1
1,1,1.867720322,5.689841264
0,0,0,0,2,0
0,0,-0.08353324413,-0.8353324413,1,0
0,0,-0.1796436524,-0.9611040828,2,0
0,0,-0.3816442201,-2.020005677,0,0
0,0,-0.5792396648,-1.975954447,0,0
0,0,-0.8011119188,-2.218722541,0,0
0,0,-1.075158479,-2.740465604,1,0
0,0,-1.485535375,-4.103768957,2,-1
1,1,-2.047322542,-5.617871676
0,0,0,0,0,0
0,0,0.08744136884,0.8744136884,2,0
0,0,0.09904085915,0.1159949031,0,0
0,0,0.2306306517,1.315897926,0,0
0,0,0.4755803171,2.449496654,2,0
0,0,0.7138948356,2.383145184,0,0
0,0,1.123422364,4.095275283,0,-1
1,1,1.698931195,5.755088312
0,0,0,0,0,0
0,0,0.1042267666,1.042267666,2,0
0,0,0.1458181916,0.4159142493,0,0
0,0,0.3046531087,1.588349171,2,0
0,0,0.4420436943,1.373905856,2,0
0,0,0.583971427,1.419277327,2,0
0,0,0.7353806275,1.514092005,1,0
0,0,1.002575477,2.671948494,1,0
0,0,1.392101874,3.895263968,2,-1
1,1,1.910378409,5.182765354
0,0,0,0,1,0
0,0,0.007556056854,0.07556056854,0,0
0,0,0.09465666013,0.8710060328,1,0
0,0,0.2030825458,1.084258857,1,0
0,0,0.3533743197,1.502917739,0,0
0,0,0.6472745985,2.939002788,2,0
0,0,0.9684660237,3.211914252,0,0
0,0,1.46189735,4.93431326,0,-1
1,1,2.106418607,6.445212577
0,0,0,0,1,0
0,0,0.01194257389,0.1194257389,0,0
0,0,0.1185280163,1.065854424,2,0
0,0,0.152344446,0.3381642966,1,0
0,0,0.2190428696,0.6669842358,1,0
0,0,0.3294701874,1.104273178,1,0
0,0,0.4795427929,1.500726055,2,0
0,0,0.6258982836,1.463554907,1,0
0,0,0.8627716853,2.368734018,2,0
0,0,1.168549561,3.057778755,0,-1
1,1,1.638699852,4.701502909
0,0,0,0,0,0
0,0,0.08685756974,0.8685756974,0,0
0,0,0.2639248803,1.770673106,1,0
0,0,0.492928012,2.290031317,2,0
0,0,0.7314809432,2.385529311,1,0
0,0,1.068868892,3.373879487,0,-1
1,1,1.572307685,5.034387928
0,0,0,0,0,0
0,0,0.09767456557,0.9767456557,1,0
0,0,0.1955706465,0.9789608094,1,0
0,0,0.3168522407,1.212815942,1,0
0,0,0.496784488,1.799322472,1,0
0,0,0.7683625993,2.715781113,2,0
0,0,1.079554243,3.111916434,2,0
0,0,1.476181747,3.966275045,0,-1
1,1,2.024844889,5.486631414
0,0,0,0,1,0
0,0,-0.0003146218862,-0.003146218862,1,0
0,0,-0.002342537164,-0.02027915277,0,0
0,0,0.07090634254,0.732488797,2,0
0,0,0.08127895909,0.1037261655,2,0
0,0,0.004145696005,-0.7713326308,0,0
0,0,0.03010283744,0.2595714144,0,0
0,0,0.1558421216,1.257392841,2,0
0,0,0.2129141889,0.5707206734,0,0
0,0,0.3839663525,1.710521636,0,0
0,0,0.7018870702,3.179207177,0,0
0,0,1.173131819,4.712447492,2,-1
1,1,1.739934999,5.668031795
0,0,0,0,1,0
0,0,-0.01698669414,-0.1698669414,0,0
0,0,0.04053347306,0.575201672,0,0
0,0,0.2023222128,1.617887398,2,0
0,0,0.3220326208,1.19710408,2,0
0,0,0.4111040251,0.8907140434,0,0
0,0,0.6566207731,2.45516748,0,0
0,0,1.056238775,3.996180016,0,-1
1,1,1.609693817,5.534550421
0,0,0,0,0,0
0,0,0.07320750531,0.7320750531,2,0
0,0,0.08276766845,0.09560163133,0,0
0,0,0.1899183468,1.071506784,0,0
0,0,0.4275972132,2.376788664,1,0
0,0,0.7282817979,3.006845847,2,0
0,0,1.055414382,3.271325836,2,0
0,0,1.474076546,4.186621644,2,-1
1,1,2.028184304,5.541077584
0,0,0,0,1,0
0,0,-0.003456306491,-0.03456306491,2,0
0,0,-0.1118372808,-1.083809743,0,0
0,0,-0.159329701,-0.4749242022,1,0
0,0,-0.2239137282,-0.6458402722,0,0
0,0,-0.2251128845,-0.0119915626,1,0
0,0,-0.2644559325,-0.3934304804,0,0
0,0,-0.2477288576,0.1672707497,1,0
0,0,-0.2732186183,-0.254897607,0,0
0,0,-0.2750027627,-0.01784144433,2,0
0,0,-0.3945308683,-1.195281056,1,0
0,0,-0.5854442084,-1.9091334,1,0
0,0,-0.855894228,-2.704500196,1,0
0,0,-1.242536389,-3.866421608,2,-1
1,1,-1.787551905,-5.450155165
0,0,0,0,1,0
0,0,-0.01140127777,-0.1140127777,0,0
0,0,0.06572477502,0.7712605278,0,0
0,0,0.2354217202,1.696969452,1,0
0,0,0.4562252274,2.208035072,1,0
0,0,0.7402425886,2.840173612,0,0
0,0,1.192509999,4.522674107,2,-1
1,1,1.747558615,5.550486157
0,0,0,0,2,0
0,0,-0.08208551872,-0.8208551872,2,0
0,0,-0.2641634631,-1.820779443,2,0
0,0,-0.5737390115,-3.095755485,2,0
0,0,-1.033303779,-4.595647677,2,-1
1,1,-1.65067665,-6.173728706
0,0,0,0,0,0
0,0,0.0842692473,0.842692473,0,0
0,0,0.2752753946,1.910061473,0,0
0,0,0.5919909264,3.167155318,1,0
0,0,0.9905431503,3.985522239,2,0
0,0,1.467132713,4.765895632,0,-1
1,1,2.095899166,6.287664527
0,0,0,0,1,0
0,0,-0.01456204483,-0.1456204483,2,0
0,0,-0.1164055403,-1.018434955,1,0
0,0,-0.2354373176,-1.190317773,2,0
0,0,-0.4841561214,-2.487188038,1,0
0,0,-0.8197706651,-3.356145437,2,0
0,0,-1.316754232,-4.969835674,1,-1
1,1,-1.944536868,-6.277826351
0,0,0,0,2,0
0,0,-0.1001871754,-1.001871754,0,0
0,0,-0.1403851378,-0.4019796234,0,0
0,0,-0.1189865304,0.2139860737,2,0
0,0,-0.1915133543,-0.7252682394,2,0
0,0,-0.3992618387,-2.077484843,2,0
0,0,-0.7358126349,-3.365507962,2,0
0,0,-1.225025029,-4.892123939,0,-1
1,1,-1.81614687,-5.911218408
0,0,0,0,0,0
0,0,0.07490788391,0.7490788391,2,0
0,0,0.08704570671,0.121378228,1,0
0,0,0.1299460517,0.4290034503,2,0
0,0,0.1106618052,-0.1928424656,0,0
0,0,0.2061103968,0.9544859166,1,0
0,0,0.3326438349,1.265334381,1,0
0,0,0.5016023859,1.68958551,0,0
0,0,0.8362584084,3.346560225,1,0
0,0,1.287523401,4.51264993,2,-1
1,1,1.854288486,5.667650848
0,0,0,0,2,0
0,0,-0.07899062031,-0.7899062031,2,0
0,0,-0.2712371031,-1.922464828,1,0
0,0,-0.4923080938,-2.210709907,1,0
0,0,-0.7748147845,-2.825066907,2,0
0,0,-1.211454794,-4.366400098,0,-1
1,1,-1.7488108,-5.373560052
0,0,0,0,1,0
0,0,0.01285106617,0.1285106617,2,0
0,0,-0.04313294781,-0.5598401398,2,0
0,0,-0.1957772947,-1.526443469,0,0
0,0,-0.2973607907,-1.015834961,1,0
0,0,-0.4638400331,-1.664792424,1,0
0,0,-0.711329181,-2.474891478,2,0
0,0,-1.113692843,-4.023636624,0,-1
1,1,-1.602480698,-4.887878548
0,0,0,0,0,0
0,0,0.07088233577,0.7088233577,0,0
0,0,0.2474321482,1.765498125,1,0
0,0,0.461828388,2.143962397,0,0
0,0,0.8214970081,3.596686202,2,0
0,0,1.234731959,4.132349507,2,-1
1,1,1.760408184,5.25676225
0,0,0,0,1,0
0,0,-0.004030877568,-0.04030877568,0,0
0,0,0.06687756185,0.7090843942,0,0
0,0,0.2314063539,1.64528792,1,0
0,0,0.4467157052,2.153093513,1,0
0,0,0.7219622957,2.752465905,2,0
0,0,1.040681641,3.187193449,2,0
0,0,1.440404184,3.997225429,0,-1
1,1,1.991280695,5.508765116
0,0,0,0,2,0
0,0,-0.1001332749,-1.001332749,2,0
0,0,-0.3189750049,-2.1884173,2,0
0,0,-0.6736190481,-3.546440432,1,0
0,0,-1.127394265,-4.537752169,2,-1
1,1,-1.742703529,-6.153092641
0,0,0,0,0,0
0,0,0.0884123584,0.884123584,2,0
0,0,0.1062259001,0.178135417,0,0
0,0,0.235969816,1.297439159,2,0
0,0,0.3298099723,0.9384015624,0,0
0,0,0.5566690664,2.268590941,1,0
0,0,0.8783551112,3.216860448,2,0
0,0,1.264349693,3.859945813,2,-1
1,1,1.758546923,4.941972303
0,0,0,0,2,0
0,0,-0.09838353536,-0.9838353536,2,0
0,0,-0.2921865176,-1.938029822,1,0
0,0,-0.5229279131,-2.307413955,1,0
0,0,-0.8444347544,-3.215068413,0,0
0,0,-1.214910131,-3.704753765,0,-1
1,1,-1.691795465,-4.768853338
0,0,0,0,2,0
0,0,-0.08786658862,-0.8786658862,0,0
0,0,-0.1139758927,-0.2610930405,1,0
0,0,-0.1652123004,-0.5123640777,2,0
0,0,-0.3142606399,-1.490483394,2,0
0,0,-0.5817311689,-2.67470529,1,0
0,0,-0.938595907,-3.568647381,1,0
0,0,-1.418220763,-4.796248565,0,-1
1,1,-2.027074779,-6.088540158
0,0,0,0,1,0
0,0,-0.01561912039,-0.1561912039,1,0
0,0,-0.03626177949,-0.206426591,0,0
0,0,0.01207682096,0.4833860045,0,0
0,0,0.13694069,1.248638691,0,0
0,0,0.3706096294,2.336689394,1,0
0,0,0.6618458731,2.912362437,2,0
0,0,0.9875105452,3.256646721,1,0
0,0,1.428748816,4.412382712,2,-1
1,1,2.001123707,5.723748907
0,0,0,0,1,0
0,0,0.01178013876,0.1178013876,0,0
0,0,0.09646897273,0.8468883397,0,0
0,0,0.2823162561,1.858472833,1,0
0,0,0.5255005672,2.431843111,0,0
0,0,0.9065395444,3.810389772,0,0
0,0,1.45323563,5.466960855,2,-1
1,1,2.13105303,6.778174005
0,0,0,0,0,0
0,0,0.09581674227,0.9581674227,2,0
0,0,0.1098808185,0.1406407623,2,0
0,0,0.07109073963,-0.3879007887,2,0
0,0,-0.02954573182,-1.006364715,1,0
0,0,-0.1261146689,-0.965689371,0,0
0,0,-0.1720660465,-0.4595137758,1,0
0,0,-0.2429573807,-0.7089133417,0,0
0,0,-0.2676022533,-0.2464487267,0,0
0,0,-0.2397362904,0.278659629,2,0
0,0,-0.3490869975,-1.093507071,0,0
0,0,-0.4464076792,-0.9732068168,2,0
0,0,-0.6924352088,-2.460275296,1,0
0,0,-1.027830808,-3.353955991,0,0
0,0,-1.446242329,-4.184115208,1,-1
1,1,-2.006714564,-5.604722356
