2,1,1
0,0,0,0,1,0
0,0,0.003163323957,0.03163323957,0,0
0,0,0.1106538225,1.074904986,2,0
0,0,0.1354223378,0.2476851533,0,0
0,0,0.2633737475,1.279514096,2,0
0,0,0.3466481172,0.8327436977,0,0
0,0,0.5695704283,2.229223111,2,0
0,0,0.8197449218,2.501744935,2,0
0,0,1.132917366,3.131724439,0,-1
1,1,1.604842763,4.719253974
0,0,0,0,1,0
0,0,0.005367270995,0.05367270995,1,0
0,0,0.02497073266,0.1960346166,1,0
0,0,0.04929208221,0.2432134955,0,0
0,0,0.1559709365,1.066788543,0,0
0,0,0.3774063908,2.214354543,0,0
0,0,0.7236504207,3.462440299,1,0
0,0,1.164719462,4.410690418,2,-1
1,1,1.704921029,5.402015666
0,0,0,0,2,0
0,0,-0.07660619709,-0.7660619709,2,0
0,0,-0.2684990813,-1.918928842,1,0
0,0,-0.5101309098,-2.416318285,2,0
0,0,-0.9057885013,-3.956575915,0,0
0,0,-1.365301645,-4.595131436,2,-1
1,1,-1.979318647,-6.140170019
0,0,0,0,0,0
0,0,0.1018536925,1.018536925,1,0
0,0,0.2347665403,1.329128479,0,0
0,0,0.4907408806,2.559743402,0,0
0,0,0.8814143531,3.906734725,1,0
0,0,1.380084562,4.986702087,0,-1
1,1,2.031035012,6.509504506
0,0,0,0,2,0
0,0,-0.08435960281,-0.8435960281,0,0
0,0,-0.08305562041,0.01303982397,0,0
0,0,0.007674770348,0.9073039076,1,0
0,0,0.08474947211,0.7707470176,0,0
0,0,0.2797213103,1.949718382,1,0
0,0,0.5266707789,2.469494686,2,0
0,0,0.7934478136,2.667770347,0,0
0,0,1.221080663,4.27632849,2,-1
1,1,1.751375017,5.302943543
0,0,0,0,0,0
0,0,0.08191448857,0.8191448857,0,0
0,0,0.2642703397,1.823558512,0,0
0,0,0.5654122402,3.011419005,2,0
0,0,0.8832728834,3.178606432,0,0
0,0,1.369764328,4.864914449,0,-1
1,1,2.010749371,6.40985043
0,0,0,0,0,0
0,0,0.1026730557,1.026730557,0,0
0,0,0.2938530876,1.911800318,2,0
0,0,0.4420272886,1.481742011,2,0
0,0,0.5727456696,1.30718381,2,0
0,0,0.7111013623,1.383556927,0,0
0,0,1.021706644,3.106052822,0,0
0,0,1.502424531,4.807178867,0,-1
1,1,2.132881995,6.304574636
0,0,0,0,1,0
0,0,-0.01018142606,-0.1018142606,2,0
0,0,-0.1268751379,-1.166937118,1,0
0,0,-0.2586922652,-1.318171273,0,0
0,0,-0.3473973317,-0.8870506648,0,0
0,0,-0.4014478496,-0.5405051794,2,0
0,0,-0.6066941731,-2.052463235,0,0
0,0,-0.8262518561,-2.195576829,0,0
0,0,-1.095698657,-2.694468008,1,0
0,0,-1.497044248,-4.013455908,0,-1
1,1,-2.037700817,-5.406565694
0,0,0,0,2,0
0,0,-0.09846968285,-0.9846968285,2,0
0,0,-0.309662047,-2.111923641,1,0
0,0,-0.5543531879,-2.446911409,0,0
0,0,-0.8057142188,-2.513610309,1,0
0,0,-1.170676059,-3.649618407,2,-1
1,1,-1.697109759,-5.264336991
0,0,0,0,1,0
0,0,0.01518032503,0.1518032503,1,0
0,0,0.04772460806,0.3254428303,1,0
0,0,0.07648355779,0.2875894973,2,0
0,0,0.04003884153,-0.3644471625,1,0
0,0,0.006544986703,-0.3349385483,2,0
0,0,-0.1125928081,-1.191377948,1,0
0,0,-0.2616297736,-1.490369655,0,0
0,0,-0.3768938448,-1.152640712,1,0
0,0,-0.5628997822,-1.860059374,0,0
0,0,-0.7564745112,-1.93574729,2,0
0,0,-1.119596506,-3.631219948,1,-1
1,1,-1.606248735,-4.866522294
0,0,0,0,2,0
0,0,-0.07317907637,-0.7317907637,2,0
0,0,-0.2524938271,-1.793147507,2,0
0,0,-0.5469221967,-2.944283696,0,0
0,0,-0.8516061623,-3.046839656,2,0
0,0,-1.321564307,-4.699581446,2,-1
1,1,-1.947483998,-6.259196911
0,0,0,0,1,0
0,0,0.001098554923,0.01098554923,1,0
0,0,0.01418085783,0.1308230291,0,0
0,0,0.120302803,1.061219452,1,0
0,0,0.2505539927,1.302511897,1,0
0,0,0.4098377842,1.592837915,0,0
0,0,0.7179144912,3.08076707,0,0
0,0,1.193420663,4.755061721,0,-1
1,1,1.820422573,6.270019099
0,0,0,0,2,0
0,0,-0.09567489484,-0.9567489484,0,0
0,0,-0.1077137923,-0.1203889745,0,0
0,0,-0.04884796742,0.5886582488,1,0
0,0,0.006798260596,0.5564622802,2,0
0,0,-0.0302770285,-0.370752891,0,0
0,0,0.02086142028,0.5113844878,2,0
0,0,-0.01842546953,-0.3928688981,0,0
0,0,0.03292125369,0.5134672322,0,0
0,0,0.1658142427,1.32892989,1,0
0,0,0.3144743117,1.48660069,2,0
0,0,0.4460766694,1.316023577,1,0
0,0,0.6640472828,2.179706134,1,0
0,0,0.9712741161,3.072268333,2,0
0,0,1.362031795,3.907576794,2,-1
1,1,1.876232432,5.142006369
0,0,0,0,1,0
0,0,-0.004401762492,-0.04401762492,2,0
0,0,-0.1003692642,-0.9596750172,0,0
0,0,-0.1109582384,-0.1058897416,0,0
0,0,-0.04946746722,0.6149077116,0,0
0,0,0.08602667474,1.35494142,2,0
0,0,0.1321330258,0.4610635103,1,0
0,0,0.1983199916,0.6618696579,1,0
0,0,0.3036619815,1.053419899,1,0
0,0,0.4600859767,1.564239952,2,0
0,0,0.6226725827,1.62586606,1,0
0,0,0.8872156114,2.645430287,1,0
0,0,1.257933659,3.707180477,2,-1
1,1,1.740675349,4.827416898
0,0,0,0,1,0
0,0,0.00682169158,0.0682169158,0,0
0,0,0.09328364953,0.8646195795,2,0
0,0,0.1075725368,0.1428888725,2,0
0,0,0.04891014462,-0.5866239216,2,0
0,0,-0.09103262157,-1.399427662,1,0
0,0,-0.2352355577,-1.442029361,2,0
0,0,-0.5153243128,-2.800887551,1,0
0,0,-0.8843920619,-3.690677491,2,0
0,0,-1.412649671,-5.282576088,1,-1
1,1,-2.079191057,-6.665413867
0,0,0,0,0,0
0,0,0.07718616904,0.7718616904,0,0
0,0,0.2708979335,1.937117645,2,0
0,0,0.4250093676,1.541114341,1,0
0,0,0.6485586701,2.235493025,0,0
0,0,1.021071571,3.725129012,1,0
0,0,1.515887657,4.948160856,1,-1
1,1,2.156334631,6.404469739
0,0,0,0,0,0
0,0,0.07644794714,0.7644794714,1,0
0,0,0.1710803098,0.9463236261,2,0
0,0,0.1923618755,0.2128156575,1,0
0,0,0.242179845,0.4981796948,0,0
0,0,0.4138298745,1.716500295,0,0
0,0,0.7220633465,3.08233472,1,0
0,0,1.122973677,4.009103301,1,-1
1,1,1.655615683,5.326420066
0,0,0,0,1,0
0,0,0.008091586318,0.08091586318,0,0
0,0,0.09021921095,0.8212762463,1,0
0,0,0.1878755613,0.976563504,1,0
0,0,0.304731012,1.168554507,0,0
0,0,0.5520099355,2.472789235,1,0
0,0,0.8954469228,3.434369872,1,0
0,0,1.356932218,4.614852954,1,-1
1,1,1.953846672,5.96914454
0,0,0,0,1,0
0,0,-0.001070916654,-0.01070916654,1,0
0,0,-0.01249097974,-0.1142006308,2,0
0,0,-0.1101720065,-0.9768102673,0,0
0,0,-0.1440401207,-0.3386811425,1,0
0,0,-0.2152178173,-0.7117769661,1,0
0,0,-0.320067968,-1.048501507,1,0
0,0,-0.4866002885,-1.665323205,1,0
0,0,-0.7308887864,-2.442884979,0,0
0,0,-1.004281887,-2.733931007,1,0
0,0,-1.400279317,-3.959974303,0,-1
1,1,-1.925563545,-5.252842278
0,0,0,0,1,0
0,0,0.01487950717,0.1487950717,2,0
0,0,-0.04867426303,-0.635537702,2,0
0,0,-0.2134285271,-1.64754264,0,0
0,0,-0.3386598346,-1.252313075,1,0
0,0,-0.5307100198,-1.920501852,2,0
0,0,-0.8673366787,-3.36626659,1,0
0,0,-1.318696478,-4.513597991,1,-1
1,1,-1.907840614,-5.891441361
0,0,0,0,2,0
0,0,-0.07351929417,-0.7351929417,2,0
0,0,-0.2330383829,-1.595190887,2,0
0,0,-0.5258623739,-2.92823991,2,0
0,0,-0.9701816554,-4.443192815,0,0
0,0,-1.487370071,-5.171884155,1,-1
1,1,-2.148612943,-6.612428723
0,0,0,0,1,0
0,0,0.00766326331,0.0766326331,0,0
0,0,0.1047130591,0.9704979578,2,0
0,0,0.1373129447,0.3259988562,2,0
0,0,0.1212503854,-0.1606255933,0,0
0,0,0.2243313029,1.030809175,0,0
0,0,0.4363613676,2.120300648,2,0
0,0,0.6493171515,2.129557839,0,0
0,0,1.027750869,3.784337172,2,0
0,0,1.482921243,4.551703745,0,-1
1,1,2.089768655,6.068474114
0,0,0,0,2,0
0,0,-0.09258327922,-0.9258327922,0,0
0,0,-0.1042497272,-0.1166644799,0,0
0,0,-0.03837359536,0.6587613185,0,0
0,0,0.1124562814,1.508298768,1,0
0,0,0.2665049927,1.540487113,1,0
0,0,0.4716812868,2.051762941,0,0
0,0,0.8206888653,3.490075785,2,0
0,0,1.217765689,3.970768233,0,-1
1,1,1.778000988,5.602352991
0,0,0,0,2,0
0,0,-0.1047178861,-1.047178861,2,0
0,0,-0.3072085158,-2.024906297,1,0
0,0,-0.5567223433,-2.495138275,2,0
0,0,-0.9673022249,-4.105798816,2,0
0,0,-1.537764739,-5.704625143,0,-1
1,1,-2.251254961,-7.134902217
0,0,0,0,1,0
0,0,0.0003799949235,0.003799949235,2,0
0,0,-0.09011251495,-0.9049250988,1,0
0,0,-0.1792446656,-0.8913215062,0,0
0,0,-0.2113429844,-0.3209831882,2,0
0,0,-0.3773746732,-1.660316888,1,0
0,0,-0.6125870827,-2.352124095,1,0
0,0,-0.9343668879,-3.217798052,2,0
0,0,-1.42546787,-4.911009823,2,-1
1,1,-2.070063005,-6.445951346
0,0,0,0,1,0
0,0,-0.005083623529,-0.05083623529,2,0
0,0,-0.08402399407,-0.7894037054,2,0
0,0,-0.2812919748,-1.972679807,1,0
0,0,-0.5186163923,-2.373244175,1,0
0,0,-0.8291480981,-3.105317058,1,0
0,0,-1.249240634,-4.200925357,2,-1
1,1,-1.828332044,-5.790914105
0,0,0,0,2,0
0,0,-0.09781838827,-0.9781838827,0,0
0,0,-0.138031636,-0.4021324771,2,0
0,0,-0.3015563889,-1.635247529,2,0
0,0,-0.5903457103,-2.887893214,1,0
0,0,-0.9708141063,-3.804683959,2,0
0,0,-1.52084032,-5.500262134,0,-1
1,1,-2.211563225,-6.907229055
0,0,0,0,1,0
0,0,0.01262380521,0.1262380521,0,0
0,0,0.112677897,1.000540918,2,0
0,0,0.1286473106,0.159694136,0,0
0,0,0.2408514605,1.122041499,2,0
0,0,0.2936233374,0.5277187687,1,0
0,0,0.3814079671,0.8778462969,2,0
0,0,0.4666373662,0.8522939918,0,0
0,0,0.7057267415,2.390893753,0,0
0,0,1.095963323,3.902365817,0,-1
1,1,1.653106879,5.57143556
0,0,0,0,0,0
0,0,0.07427031689,0.7427031689,2,0
0,0,0.05765642601,-0.1661389088,1,0
0,0,0.03490141196,-0.2275501405,2,0
0,0,-0.08398149937,-1.188829113,1,0
0,0,-0.2112132635,-1.272317641,2,0
0,0,-0.473290136,-2.620768725,2,0
0,0,-0.878858129,-4.05567993,2,0
0,0,-1.44774668,-5.688885512,0,-1
1,1,-2.148623882,-7.008772015
0,0,0,0,2,0
0,0,-0.07731629206,-0.7731629206,0,0
0,0,-0.08180028593,-0.04483993867,1,0
0,0,-0.1012877103,-0.1948742442,1,0
0,0,-0.1276249648,-0.2633725441,0,0
0,0,-0.07982337673,0.4780158803,1,0
0,0,-0.04136569617,0.3845768056,2,0
0,0,-0.1038569829,-0.6249128677,2,0
0,0,-0.2704717618,-1.666147789,1,0
0,0,-0.4784263589,-2.079545971,0,0
0,0,-0.6991612739,-2.20734915,1,0
0,0,-1.011751549,-3.125902747,1,0
0,0,-1.444773611,-4.330220629,1,-1
1,1,-2.018894201,-5.741205891
0,0,0,0,2,0
0,0,-0.104649087,-1.04649087,2,0
0,0,-0.3018239082,-1.971748212,2,0
0,0,-0.6331354954,-3.313115872,2,0
0,0,-1.115022799,-4.818873037,2,-1
1,1,-1.752439027,-6.374162276
0,0,0,0,0,0
0,0,0.1049364722,1.049364722,2,0
0,0,0.1381041519,0.3316767968,2,0
0,0,0.1041505284,-0.3395362351,1,0
0,0,0.07566307236,-0.2848745606,0,0
0,0,0.1328741507,0.5721107835,0,0
0,0,0.3005605408,1.676863901,2,0
0,0,0.4240378758,1.23477335,0,0
0,0,0.6821820321,2.581441563,0,0
0,0,1.107171307,4.249892748,0,-1
1,1,1.697151748,5.89980441
0,0,0,0,1,0
0,0,-0.01664810833,-0.1664810833,0,0
0,0,0.05268279713,0.6933090546,1,0
0,0,0.1189620668,0.6627926965,0,0
0,0,0.2802628255,1.613007588,2,0
0,0,0.4141140479,1.338512224,1,0
0,0,0.6295540403,2.154399923,2,0
0,0,0.875954988,2.464009478,1,0
0,0,1.231223007,3.552680185,2,-1
1,1,1.691060158,4.598371513
0,0,0,0,0,0
0,0,0.08624352152,0.8624352152,0,0
0,0,0.2578145463,1.715710248,0,0
0,0,0.5479293333,2.901147871,2,0
0,0,0.8585714626,3.106421293,2,0
0,0,1.231350468,3.727790055,2,-1
1,1,1.712333454,4.809829858
0,0,0,0,0,0
0,0,0.08579679379,0.8579679379,1,0
0,0,0.1695071861,0.837103923,0,0
0,0,0.3537794195,1.842722334,0,0
0,0,0.6604178294,3.0663841,2,0
0,0,0.997452528,3.370346985,2,0
0,0,1.413489224,4.16036696,2,-1
1,1,1.961500991,5.48011767
0,0,0,0,0,0
0,0,0.07124784679,0.7124784679,2,0
0,0,0.05155102901,-0.1969681778,0,0
0,0,0.1262269143,0.7467588528,0,0
0,0,0.3249367677,1.987098534,1,0
0,0,0.589560746,2.646239783,1,0
0,0,0.9443938009,3.54833055,0,0
0,0,1.467894959,5.235011583,2,-1
1,1,2.126972009,6.590770502
0,0,0,0,0,0
0,0,0.09667984216,0.9667984216,2,0
0,0,0.1048638486,0.08184006455,0,0
0,0,0.2286708887,1.238070401,1,0
0,0,0.3903287214,1.616578327,1,0
0,0,0.6003157013,2.099869798,1,0
0,0,0.910509039,3.101933378,0,0
0,0,1.393446166,4.829371271,1,-1
1,1,2.016687851,6.232416843
0,0,0,0,0,0
0,0,0.09290182139,0.9290182139,2,0
0,0,0.1269168235,0.3401500209,2,0
0,0,0.1116937061,-0.152231174,0,0
0,0,0.218378518,1.066848119,0,0
0,0,0.4550817685,2.367032506,2,0
0,0,0.6809601745,2.25878406,1,0
0,0,1.007668238,3.267080632,0,0
0,0,1.496655063,4.889868249,0,-1
1,1,2.134591344,6.379362811
0,0,0,0,2,0
0,0,-0.1017667951,-1.017667951,0,0
0,0,-0.150714219,-0.489474239,1,0
0,0,-0.2125033499,-0.6178913092,1,0
0,0,-0.3031588188,-0.9065546882,2,0
0,0,-0.5214277054,-2.182688867,1,0
0,0,-0.8133296666,-2.919019612,1,0
0,0,-1.222848528,-4.095188615,1,-1
1,1,-1.762658316,-5.398097881
0,0,0,0,2,0
0,0,-0.08884412817,-0.8884412817,1,0
0,0,-0.2052037628,-1.163596347,0,0
0,0,-0.263561916,-0.5835815315,1,0
0,0,-0.3787343355,-1.151724195,2,0
0,0,-0.6308058815,-2.520715461,0,0
0,0,-0.9185173759,-2.877114944,0,0
0,0,-1.283340456,-3.6482308,2,-1
1,1,-1.803925129,-5.205846728
0,0,0,0,0,0
0,0,0.08039780057,0.8039780057,2,0
0,0,0.09131427031,0.1091646975,2,0
0,0,0.021752775,-0.6956149531,0,0
0,0,0.03295503958,0.1120226458,1,0
0,0,0.06600725374,0.3305221416,0,0
0,0,0.1834848769,1.174776231,2,0
0,0,0.2495476297,0.6606275278,0,0
0,0,0.4416431021,1.920954724,2,0
0,0,0.6383968272,1.967537251,0,0
0,0,0.9856414673,3.472446401,0,0
0,0,1.501768782,5.161273146,2,-1
1,1,2.155695741,6.539269593
0,0,0,0,2,0
0,0,-0.08908014469,-0.8908014469,2,0
0,0,-0.2751343418,-1.860541971,2,0
0,0,-0.5834919555,-3.083576137,2,0
0,0,-1.043908097,-4.604161415,0,-1
1,1,-1.589553032,-5.456449347
0,0,0,0,1,0
0,0,0.01487452119,0.1487452119,1,0
0,0,0.03494275303,0.2006823184,2,0
0,0,-0.01602155667,-0.509643097,2,0
0,0,-0.171619336,-1.555977794,2,0
0,0,-0.4419962138,-2.703768777,2,0
0,0,-0.8441165435,-4.021203297,0,0
0,0,-1.302184795,-4.580682516,0,-1
1,1,-1.875185275,-5.730004798
0,0,0,0,1,0
0,0,-0.006191406452,-0.06191406452,1,0
0,0,-0.03000155173,-0.2381014528,2,0
0,0,-0.1510525229,-1.210509711,0,0
0,0,-0.1969913894,-0.4593886655,1,0
0,0,-0.2705804762,-0.7358908683,0,0
0,0,-0.3049705433,-0.3439006701,1,0
0,0,-0.3944042002,-0.894336569,0,0
0,0,-0.4554172146,-0.6101301447,1,0
0,0,-0.5750680913,-1.196508767,0,0
0,0,-0.7102452192,-1.351771279,1,0
0,0,-0.948961054,-2.387158348,0,0
0,0,-1.261625245,-3.12664191,2,-1
1,1,-1.734157939,-4.725326938
0,0,0,0,2,0
0,0,-0.0774927961,-0.774927961,2,0
0,0,-0.2589434055,-1.814506094,1,0
0,0,-0.468503722,-2.095603164,1,0
0,0,-0.7588964715,-2.903927495,1,0
0,0,-1.157705107,-3.988086351,1,-1
1,1,-1.682137646,-5.244325389
0,0,0,0,1,0
0,0,-0.009906406059,-0.09906406059,1,0
0,0,-0.01970527965,-0.09798873596,2,0
0,0,-0.1056888203,-0.8598354067,2,0
0,0,-0.2970273158,-1.913384955,2,0
0,0,-0.6059399292,-3.089126134,1,0
0,0,-1.007758371,-4.018184417,2,-1
1,1,-1.571746272,-5.639879013
0,0,0,0,2,0
0,0,-0.1007077431,-1.007077431,2,0
0,0,-0.2991041826,-1.983964395,2,0
0,0,-0.6207243918,-3.216202092,1,0
0,0,-1.01679987,-3.960754778,2,-1
1,1,-1.577610853,-5.608109836
0,0,0,0,2,0
0,0,-0.09818689876,-0.9818689876,1,0
0,0,-0.2080492323,-1.098623336,0,0
0,0,-0.2726382075,-0.6458897514,2,0
0,0,-0.4669908941,-1.943526866,2,0
0,0,-0.8000200309,-3.330291368,2,0
0,0,-1.289534195,-4.895141639,1,-1
1,1,-1.910380422,-6.208462268
0,0,0,0,2,0
0,0,-0.09546229549,-0.9546229549,1,0
0,0,-0.2051062183,-1.096439228,1,0
0,0,-0.3520081499,-1.469019316,2,0
0,0,-0.6497848152,-2.977766654,1,0
0,0,-1.030819582,-3.810347669,0,0
0,0,-1.487765337,-4.569457547,0,-1
1,1,-2.081613012,-5.938476756
0,0,0,0,1,0
0,0,0.001594271448,0.01594271448,2,0
0,0,-0.07545620191,-0.7705047336,2,0
0,0,-0.2378973907,-1.624411888,1,0
0,0,-0.4476964336,-2.097990429,1,0
0,0,-0.7326627389,-2.849663053,1,0
0,0,-1.120518132,-3.878553934,0,-1
1,1,-1.602489296,-4.819711635
0,0,0,0,1,0
0,0,-0.01535203139,-0.1535203139,0,0
0,0,0.05709267677,0.7244470816,0,0
0,0,0.2432291736,1.861364969,2,0
0,0,0.3980728232,1.548436495,2,0
0,0,0.5392193829,1.411465597,2,0
0,0,0.7055558057,1.663364228,2,0
0,0,0.920865919,2.153101133,2,0
0,0,1.211538351,2.906724318,1,-1
1,1,1.640064758,4.285264072
0,0,0,0,0,0
0,0,0.08788302178,0.8788302178,2,0
0,0,0.1186889027,0.3080588092,0,0
0,0,0.2664103533,1.477214506,2,0
0,0,0.3777554901,1.113451368,2,0
0,0,0.4825869221,1.048314321,2,0
0,0,0.6019117384,1.193248163,1,0
0,0,0.8191834148,2.172716763,1,0
0,0,1.144410933,3.252275184,0,-1
1,1,1.632996783,4.8858585
0,0,0,0,1,0
0,0,-0.01022777359,-0.1022777359,1,0
0,0,-0.0294913187,-0.1926354511,1,0
0,0,-0.06305085724,-0.3355953854,1,0
0,0,-0.112776447,-0.497255898,2,0
0,0,-0.2651028176,-1.523263705,2,0
0,0,-0.5286532793,-2.635504617,2,0
0,0,-0.9499709988,-4.213177195,2,0
0,0,-1.535392927,-5.854219279,1,-1
1,1,-2.26586855,-7.304756232
0,0,0,0,0,0
0,0,0.08968426147,0.8968426147,2,0
0,0,0.1039539077,0.142696462,2,0
0,0,0.03248971656,-0.7146419111,2,0
0,0,-0.1066909281,-1.391806447,2,0
0,0,-0.360513178,-2.538222498,2,0
0,0,-0.7359439164,-3.754307384,2,0
0,0,-1.26702661,-5.310826935,2,-1
1,1,-1.951112868,-6.840862584
0,0,0,0,1,0
0,0,0.01338044514,0.1338044514,2,0
0,0,-0.04427587379,-0.5765631894,0,0
0,0,-0.02611309971,0.1816277408,1,0
0,0,-0.01857003132,0.07543068391,1,0
0,0,-0.006516625102,0.1205340621,0,0
0,0,0.1072835237,1.138001488,2,0
0,0,0.1521557291,0.448722054,1,0
0,0,0.2196474858,0.6749175672,1,0
0,0,0.3333461255,1.136986396,0,0
0,0,0.5739488076,2.406026821,2,0
0,0,0.8342763326,2.60327525,2,0
0,0,1.152153237,3.178769046,2,-1
1,1,1.573749326,4.215960885
0,0,0,0,2,0
0,0,-0.1006331989,-1.006331989,1,0
0,0,-0.2250128279,-1.24379629,0,0
0,0,-0.3046838208,-0.7967099292,0,0
0,0,-0.340068798,-0.3538497721,1,0
0,0,-0.4426070985,-1.025383005,0,0
0,0,-0.5240037368,-0.8139663828,1,0
0,0,-0.697408396,-1.734046593,0,0
0,0,-0.9092883577,-2.118799617,2,0
0,0,-1.289959687,-3.806713291,1,-1
1,1,-1.804944448,-5.149847616
0,0,0,0,2,0
0,0,-0.07092966481,-0.7092966481,0,0
0,0,-0.05231546642,0.1861419838,0,0
0,0,0.0543211423,1.066366087,1,0
0,0,0.1529095454,0.9858840314,1,0
0,0,0.2924466978,1.395371524,2,0
0,0,0.4115568893,1.191101914,1,0
0,0,0.5826772752,1.711203859,0,0
0,0,0.9098700926,3.271928175,2,0
0,0,1.303211212,3.933411197,1,-1
1,1,1.837126462,5.339152499
0,0,0,0,2,0
0,0,-0.1046128027,-1.046128027,2,0
0,0,-0.3226585794,-2.180457766,2,0
0,0,-0.6724627088,-3.498041294,1,0
0,0,-1.103773456,-4.313107468,0,-1
1,1,-1.62942734,-5.256538846
0,0,0,0,1,0
0,0,-0.001363904048,-0.01363904048,0,0
0,0,0.06823318291,0.6959708696,2,0
0,0,0.05295739022,-0.1527579269,2,0
0,0,-0.03594341402,-0.8890080424,0,0
0,0,-0.04164886804,-0.05705454027,0,0
0,0,0.02375853437,0.6540740241,1,0
0,0,0.07628255081,0.5252401644,1,0
0,0,0.1313657569,0.5508320606,0,0
0,0,0.2952547624,1.638890055,0,0
0,0,0.5829193683,2.876646059,0,0
0,0,1.010928637,4.280092683,0,-1
1,1,1.598644156,5.877155198
0,0,0,0,2,0
0,0,-0.0950610352,-0.950610352,1,0
0,0,-0.2138936729,-1.188326377,1,0
0,0,-0.3590762979,-1.45182625,0,0
0,0,-0.4851520014,-1.260757035,0,0
0,0,-0.6212733863,-1.36121385,2,0
0,0,-0.9219771928,-3.007038065,0,0
0,0,-1.28592081,-3.639436167,2,-1
1,1,-1.806648892,-5.207280827
0,0,0,0,0,0
0,0,0.09230003135,0.9230003135,1,0
0,0,0.2124130729,1.201130415,1,0
0,0,0.3517857005,1.393726276,2,0
0,0,0.468450011,1.166643105,2,0
0,0,0.5747330531,1.062830421,0,0
0,0,0.8463703875,2.716373344,0,0
0,0,1.285292461,4.389220734,0,-1
1,1,1.87698478,5.916923186
0,0,0,0,1,0
0,0,0.009469238015,0.09469238015,1,0
0,0,0.003971179004,-0.05498059011,1,0
0,0,0.01284964344,0.08878464436,0,0
0,0,0.1139032438,1.010536004,2,0
0,0,0.1583555165,0.4445227273,2,0
0,0,0.1515058627,-0.06849653869,0,0
0,0,0.2412724875,0.8976662482,1,0
0,0,0.3655145866,1.242420991,1,0
0,0,0.5370125614,1.714979747,0,0
0,0,0.8677614596,3.307488982,1,0
0,0,1.318351199,4.505897395,2,-1
1,1,1.889199902,5.708487028
0,0,0,0,2,0
0,0,-0.08604102929,-0.8604102929,0,0
0,0,-0.09456024824,-0.08519218956,1,0
0,0,-0.1058314963,-0.1127124802,0,0
0,0,-0.03303137241,0.7280012384,0,0
0,0,0.11376257,1.467939424,1,0
0,0,0.2731765209,1.594139509,0,0
0,0,0.5672478038,2.940712829,2,0
0,0,0.8840721799,3.168243761,0,0
0,0,1.357185033,4.731128535,2,-1
1,1,1.950889359,5.93704326
0,0,0,0,1,0
0,0,-0.008025462348,-0.08025462348,1,0
0,0,-0.01074764415,-0.02722181799,0,0
0,0,0.08537868613,0.9612633028,2,0
0,0,0.1060277654,0.2064907923,1,0
0,0,0.129755008,0.2372724267,2,0
0,0,0.09529085292,-0.3446415512,0,0
0,0,0.1677396865,0.724488336,1,0
0,0,0.2646454954,0.9690580883,2,0
0,0,0.3342561016,0.6961060623,2,0
0,0,0.3825252512,0.482691496,1,0
0,0,0.4968836514,1.143584003,2,0
0,0,0.6139652744,1.17081623,2,0
0,0,0.7561131833,1.421479089,2,0
0,0,0.9559902741,1.998770907,0,0
0,0,1.325802691,3.698124167,0,-1
1,1,1.856642784,5.308400928
0,0,0,0,2,0
0,0,-0.0793368581,-0.793368581,2,0
0,0,-0.2479223313,-1.685854732,0,0
0,0,-0.3841702143,-1.362478831,1,0
0,0,-0.5842938102,-2.001235958,1,0
0,0,-0.8628074729,-2.785136627,0,0
0,0,-1.197096304,-3.342888315,1,-1
1,1,-1.669822952,-4.727266471
0,0,0,0,2,0
0,0,-0.09085224833,-0.9085224833,0,0
0,0,-0.1118090471,-0.2095679882,1,0
0,0,-0.1471542,-0.3534515284,2,0
0,0,-0.3053022269,-1.581480269,0,0
0,0,-0.4407164224,-1.354141956,2,0
0,0,-0.7282922587,-2.875758362,0,0
0,0,-1.063817421,-3.355251624,2,0
0,0,-1.559845321,-4.960279,1,-1
1,1,-2.20253022,-6.426848991
0,0,0,0,2,0
0,0,-0.1042898202,-1.042898202,2,0
0,0,-0.3120114953,-2.077216751,0,0
0,0,-0.4869758858,-1.749643905,0,0
0,0,-0.6540028771,-1.670269913,2,0
0,0,-0.9945389965,-3.405361194,1,0
0,0,-1.458486404,-4.639474074,2,-1
1,1,-2.0728147,-6.143282958
0,0,0,0,0,0
0,0,0.08116834898,0.8116834898,0,0
0,0,0.2526076739,1.71439325,1,0
0,0,0.4636936023,2.110859284,0,0
0,0,0.8222710595,3.585774571,1,0
0,0,1.275674837,4.534037772,0,-1
1,1,1.888755447,6.130806109
0,0,0,0,1,0
0,0,-0.0149611123,-0.149611123,0,0
0,0,0.04710908824,0.6207020054,0,0
0,0,0.1898319042,1.42722816,2,0
0,0,0.2665993702,0.7676746593,2,0
0,0,0.2969038402,0.3030447008,0,0
0,0,0.4561297497,1.592259095,2,0
0,0,0.5978547584,1.417250087,1,0
0,0,0.8319454492,2.340906908,0,0
0,0,1.226335193,3.943897441,1,-1
1,1,1.752295143,5.259599499
0,0,0,0,2,0
0,0,-0.09871223802,-0.9871223802,0,0
0,0,-0.1429706407,-0.4425840271,2,0
0,0,-0.285264004,-1.422933633,1,0
0,0,-0.4896236008,-2.043595967,1,0
0,0,-0.7653556805,-2.757320797,1,0
0,0,-1.153193696,-3.878380157,2,-1
1,1,-1.698896158,-5.457024616
0,0,0,0,1,0
0,0,-0.002128132596,-0.02128132596,2,0
0,0,-0.1039720305,-1.018438979,0,0
0,0,-0.1463458495,-0.4237381903,1,0
0,0,-0.2280230948,-0.8167724525,1,0
0,0,-0.353540449,-1.255173543,1,0
0,0,-0.5252247452,-1.716842961,1,0
0,0,-0.7703718759,-2.451471307,0,0
0,0,-1.071009173,-3.006372974,1,0
0,0,-1.493763106,-4.227539331,1,-1
1,1,-2.061021406,-5.672582995
0,0,0,0,1,0
0,0,-0.01362745762,-0.1362745762,2,0
0,0,-0.1187954863,-1.051680287,1,0
0,0,-0.2437797428,-1.249842565,1,0
0,0,-0.4218938951,-1.781141523,0,0
0,0,-0.5764167165,-1.545228214,1,0
0,0,-0.8251263379,-2.487096214,0,0
0,0,-1.131587143,-3.064608051,1,0
0,0,-1.568512721,-4.36925578,0,-1
1,1,-2.152194334,-5.836816129
0,0,0,0,1,0
0,0,-0.004408944003,-0.04408944003,0,0
0,0,0.09489933164,0.9930827565,2,0
0,0,0.1349691099,0.4006977826,1,0
0,0,0.2037880403,0.6881893041,2,0
0,0,0.2295421937,0.2575415343,1,0
0,0,0.2842564828,0.5471428906,2,0
0,0,0.2983972002,0.1414071735,2,0
0,0,0.2913668978,-0.07030302397,1,0
0,0,0.3313322769,0.3996537916,2,0
0,0,0.3429999877,0.1166771076,2,0
0,0,0.3166062023,-0.2639378533,1,0
0,0,0.3312223871,0.1461618479,0,0
0,0,0.4870987887,1.558764016,2,0
0,0,0.6478232199,1.607244312,0,0
0,0,0.9620856129,3.14262393,2,0
0,0,1.343278656,3.811930432,0,-1
1,1,1.882974492,5.39695836
0,0,0,0,2,0
0,0,-0.08781829491,-0.8781829491,1,0
0,0,-0.1940988602,-1.062805653,2,0
0,0,-0.4309273374,-2.368284772,1,0
0,0,-0.7497144973,-3.187871599,1,0
0,0,-1.180542307,-4.308278098,2,-1
1,1,-1.766076287,-5.855339798
0,0,0,0,0,0
0,0,0.08812055216,0.8812055216,1,0
0,0,0.1815678633,0.9344731114,0,0
0,0,0.3993189727,2.177511094,1,0
0,0,0.6825744173,2.832554446,0,0
0,0,1.120810897,4.382364801,2,-1
1,1,1.652122017,5.313111193
0,0,0,0,2,0
0,0,-0.08798851699,-0.8798851699,1,0
0,0,-0.2063190751,-1.183305581,1,0
0,0,-0.3463335012,-1.400144261,0,0
0,0,-0.4583624669,-1.120289658,0,0
0,0,-0.564306487,-1.0594402,1,0
0,0,-0.756713587,-1.924071,2,0
0,0,-1.106287386,-3.495737988,2,-1
1,1,-1.617467131,-5.111797449
0,0,0,0,0,0
0,0,0.1035542604,1.035542604,1,0
0,0,0.2306501294,1.270958689,1,0
0,0,0.3909782501,1.603281208,1,0
0,0,0.6076855431,2.16707293,0,0
0,0,0.9776709476,3.699854045,0,0
0,0,1.517598061,5.399271137,2,-1
1,1,2.198680115,6.810820542
0,0,0,0,0,0
0,0,0.09885069161,0.9885069161,1,0
0,0,0.2122539536,1.13403262,1,0
0,0,0.3667679608,1.545140072,0,0
0,0,0.6564536883,2.896857275,2,0
0,0,0.9824969769,3.260432886,0,0
0,0,1.480674836,4.981778589,1,-1
1,1,2.121437456,6.407626204
0,0,0,0,0,0
0,0,0.1042784022,1.042784022,0,0
0,0,0.3211431645,2.168647622,2,0
0,0,0.5021223365,1.80979172,1,0
0,0,0.7667955729,2.646732364,1,0
0,0,1.147833717,3.810381446,1,-1
1,1,1.657664103,5.09830386
0,0,0,0,1,0
0,0,-0.005321423792,-0.05321423792,1,0
0,0,-0.001285325393,0.04036098399,0,0
0,0,0.09111216114,0.9239748653,1,0
0,0,0.1983988576,1.072866964,0,0
0,0,0.431097928,2.326990705,2,0
0,0,0.6421558562,2.110579281,2,0
0,0,0.8780508797,2.358950235,0,0
0,0,1.283726431,4.056755512,2,-1
1,1,1.802242167,5.185157366
0,0,0,0,0,0
0,0,0.09018052554,0.9018052554,0,0
0,0,0.2917589313,2.015784058,0,0
0,0,0.6157253346,3.239664032,2,0
0,0,0.9641049513,3.483796167,1,0
0,0,1.433281231,4.691762793,1,-1
1,1,2.042939012,6.096577809
0,0,0,0,2,0
0,0,-0.07339070955,-0.7339070955,1,0
0,0,-0.1508054188,-0.7741470921,0,0
0,0,-0.176739763,-0.2593434428,0,0
0,0,-0.1310895977,0.4565016533,0,0
0,0,-0.02383686403,1.072527337,1,0
0,0,0.0864839283,1.103207923,0,0
0,0,0.2907100825,2.042261542,2,0
0,0,0.4722999964,1.81589914,0,0
0,0,0.8001071687,3.278071723,2,0
0,0,1.170753801,3.706466323,2,-1
1,1,1.642636824,4.718830233
0,0,0,0,2,0
0,0,-0.08714998421,-0.8714998421,1,0
0,0,-0.1865643173,-0.9941433306,1,0
0,0,-0.3139822637,-1.274179464,1,0
0,0,-0.4967337656,-1.827515018,1,0
0,0,-0.7616667746,-2.64933009,1,0
0,0,-1.139343565,-3.776767904,0,-1
1,1,-1.618046739,-4.787031736
0,0,0,0,2,0
0,0,-0.07438513631,-0.7438513631,1,0
0,0,-0.1658404428,-0.9145530653,1,0
0,0,-0.2774162242,-1.115757813,2,0
0,0,-0.53357648,-2.561602559,0,0
0,0,-0.8047056335,-2.711291535,1,0
0,0,-1.17837704,-3.736714067,2,-1
1,1,-1.714729393,-5.363523531
0,0,0,0,0,0
0,0,0.0727251893,0.727251893,2,0
0,0,0.05481714697,-0.1790804233,1,0
0,0,0.03784607922,-0.1697106774,0,0
0,0,0.1312770891,0.9343100984,0,0
0,0,0.3370373097,2.057602206,1,0
0,0,0.6094407125,2.724034028,1,0
0,0,0.9730620507,3.636213382,2,0
0,0,1.412376398,4.393143471,0,-1
1,1,2.00591409,5.935376918
0,0,0,0,0,0
0,0,0.0786540182,0.786540182,2,0
0,0,0.07194302098,-0.06710997227,1,0
0,0,0.07550150998,0.03558489005,2,0
0,0,0.004133630817,-0.7136787916,0,0
0,0,0.006188990964,0.02055360148,0,0
0,0,0.1106081719,1.04419181,0,0
0,0,0.3327932567,2.221850848,2,0
0,0,0.5101605684,1.773673117,2,0
0,0,0.683208458,1.730478897,1,0
0,0,0.9684066417,2.851981837,0,0
0,0,1.426853603,4.584469615,2,-1
1,1,2.015674217,5.88820614
0,0,0,0,0,0
0,0,0.0848850894,0.848850894,0,0
0,0,0.2867972636,2.019121742,0,0
0,0,0.6195608742,3.327636106,1,0
0,0,1.02503951,4.054786362,2,0
0,0,1.51277421,4.877346994,1,-1
1,1,2.145572161,6.327979514
0,0,0,0,0,0
0,0,0.08745019935,0.8745019935,2,0
0,0,0.1040572635,0.1660706414,2,0
0,0,0.05807354899,-0.4598371449,1,0
0,0,0.01735980093,-0.4071374806,1,0
0,0,-0.03565418866,-0.530139896,1,0
0,0,-0.1056534399,-0.699992512,1,0
0,0,-0.1787242638,-0.7307082394,0,0
0,0,-0.1930186991,-0.1429443535,1,0
0,0,-0.2535391992,-0.6052050003,2,0
0,0,-0.4457613212,-1.92222122,0,0
0,0,-0.6274575311,-1.816962099,1,0
0,0,-0.8966177783,-2.691602471,2,0
0,0,-1.333368024,-4.367502456,2,-1
1,1,-1.923576879,-5.902088552
0,0,0,0,2,0
0,0,-0.1058552361,-1.058552361,1,0
0,0,-0.2177433675,-1.118881314,1,0
0,0,-0.378767095,-1.610237275,1,0
0,0,-0.5931566317,-2.143895367,1,0
0,0,-0.9092216413,-3.160650096,1,0
0,0,-1.339860892,-4.306392509,1,-1
1,1,-1.909585954,-5.69725062
0,0,0,0,0,0
0,0,0.09072650192,0.9072650192,0,0
0,0,0.2782000054,1.874735034,0,0
0,0,0.5960365917,3.178365864,1,0
0,0,1.005312628,4.09276036,2,0
0,0,1.498630454,4.933178258,1,-1
1,1,2.136684533,6.380540792
0,0,0,0,2,0
0,0,-0.08470455677,-0.8470455677,2,0
0,0,-0.2846246823,-1.999201255,2,0
0,0,-0.6002300667,-3.156053844,2,0
0,0,-1.067301258,-4.670711914,1,-1
1,1,-1.648565661,-5.812644027
0,0,0,0,0,0
0,0,0.1001976167,1.001976167,1,0
0,0,0.2300286172,1.298310005,0,0
0,0,0.4726599865,2.426313693,0,0
0,0,0.8554628255,3.82802839,0,0
0,0,1.40814017,5.52677344,0,-1
1,1,2.109875011,7.017348413
0,0,0,0,2,0
0,0,-0.0965321638,-0.965321638,1,0
0,0,-0.2047602965,-1.082281327,1,0
0,0,-0.3573291156,-1.525688192,0,0
0,0,-0.490928365,-1.335992493,2,0
0,0,-0.7743986587,-2.834702937,2,0
0,0,-1.22458178,-4.501831217,1,-1
1,1,-1.806798964,-5.822171836
0,0,0,0,2,0
0,0,-0.09390170375,-0.9390170375,1,0
0,0,-0.2055522439,-1.116505402,0,0
0,0,-0.2601370916,-0.5458484768,1,0
0,0,-0.3530607511,-0.9292365952,1,0
0,0,-0.501170133,-1.481093818,1,0
0,0,-0.7150630564,-2.138929235,1,0
0,0,-1.028161478,-3.130984221,2,0
0,0,-1.502209676,-4.740481972,0,-1
1,1,-2.116031096,-6.138214208
0,0,0,0,2,0
0,0,-0.09715920851,-0.9715920851,1,0
0,0,-0.224901342,-1.277421335,0,0
0,0,-0.2912156003,-0.663142583,1,0
0,0,-0.4085681867,-1.173525863,1,0
0,0,-0.5879427053,-1.793745186,1,0
0,0,-0.8475964145,-2.596537092,1,0
0,0,-1.212695625,-3.650992108,2,-1
1,1,-1.736335197,-5.23639572
0,0,0,0,2,0
0,0,-0.08713609311,-0.8713609311,2,0
0,0,-0.2917006877,-2.045645946,0,0
0,0,-0.4478909248,-1.561902371,0,0
0,0,-0.5887339273,-1.408430025,2,0
0,0,-0.8778816438,-2.891477165,0,0
0,0,-1.231468837,-3.535871928,1,-1
1,1,-1.720087116,-4.886182797
0,0,0,0,1,0
0,0,0.0001710317125,0.001710317125,0,0
0,0,0.07700116134,0.7683012962,0,0
0,0,0.2716601616,1.946590003,1,0
0,0,0.5166803536,2.45020192,0,0
0,0,0.9265291468,4.098487932,2,0
0,0,1.401435893,4.749067461,2,-1
1,1,2.003006243,6.015703502
0,0,0,0,1,0
0,0,-0.01555376141,-0.1555376141,1,0
0,0,-0.03045609822,-0.1490233681,1,0
0,0,-0.03681751262,-0.06361414399,2,0
0,0,-0.1408551958,-1.040376832,1,0
0,0,-0.2520366255,-1.111814297,1,0
0,0,-0.406858765,-1.548221395,1,0
0,0,-0.6151382304,-2.082794654,0,0
0,0,-0.8385107227,-2.233724923,2,0
0,0,-1.223778678,-3.852679552,0,-1
1,1,-1.721477678,-4.976989996
0,0,0,0,2,0
0,0,-0.1020843856,-1.020843856,2,0
0,0,-0.3170231244,-2.149387388,2,0
0,0,-0.6727187824,-3.556956579,0,0
0,0,-1.047362357,-3.746435747,1,0
0,0,-1.537189285,-4.898269282,1,-1
1,1,-2.172372825,-6.351835393
0,0,0,0,0,0
0,0,0.08839657321,0.8839657321,0,0
0,0,0.2932905883,2.048940151,1,0
0,0,0.5507305314,2.574399431,2,0
0,0,0.8184127425,2.676822112,1,0
0,0,1.19869137,3.802786278,0,-1
1,1,1.740575923,5.418845531
0,0,0,0,0,0
0,0,0.08346831204,0.8346831204,1,0
0,0,0.184317389,1.00849077,0,0
0,0,0.388296378,2.039789889,0,0
0,0,0.7217906873,3.334943094,2,0
0,0,1.084991378,3.632006904,1,0
0,0,1.569402434,4.84411056,0,-1
1,1,2.200885976,6.31483542
0,0,0,0,1,0
0,0,0.006618945554,0.06618945554,1,0
0,0,0.01513977223,0.08520826675,1,0
0,0,0.03642475084,0.2128497861,2,0
0,0,-0.02821699048,-0.6464174132,0,0
0,0,0.003698538605,0.3191552908,2,0
0,0,-0.05778687979,-0.614854184,2,0
0,0,-0.2295051401,-1.717182603,2,0
0,0,-0.5363944506,-3.068893105,0,0
0,0,-0.857910923,-3.215164724,1,0
0,0,-1.290124117,-4.322131943,2,-1
1,1,-1.878817324,-5.88693207
0,0,0,0,1,0
0,0,-0.003235624276,-0.03235624276,2,0
0,0,-0.100856864,-0.9762123969,1,0
0,0,-0.2204534255,-1.195965615,1,0
0,0,-0.3850325696,-1.645791441,1,0
0,0,-0.6048212079,-2.197886383,0,0
0,0,-0.8377896263,-2.329684184,2,0
0,0,-1.22688003,-3.890904037,0,-1
1,1,-1.719207307,-4.923272766
0,0,0,0,1,0
0,0,-0.01366730718,-0.1366730718,2,0
0,0,-0.1121257842,-0.9845847706,2,0
0,0,-0.3280619082,-2.15936124,0,0
0,0,-0.527625284,-1.995633758,0,0
0,0,-0.7357154632,-2.080901791,1,0
0,0,-1.058866599,-3.231511362,2,0
0,0,-1.542267664,-4.834010645,1,-1
1,1,-2.171531529,-6.292638652
0,0,0,0,0,0
0,0,0.09956761525,0.9956761525,2,0
0,0,0.1300363116,0.3046869631,0,0
0,0,0.2542660348,1.242297233,2,0
0,0,0.3503864089,0.9612037406,0,0
0,0,0.5938192521,2.434328432,2,0
0,0,0.8594550957,2.656358436,0,0
0,0,1.284235756,4.247806605,1,-1
1,1,1.842973668,5.587379116
0,0,0,0,0,0
0,0,0.09383823377,0.9383823377,0,0
0,0,0.2905479985,1.967097647,0,0
0,0,0.6142131137,3.236651152,1,0
0,0,1.036695376,4.224822619,1,-1
1,1,1.578256922,5.415615464
0,0,0,0,2,0
0,0,-0.0742152308,-0.742152308,0,0
0,0,-0.05671744986,0.1749778094,0,0
0,0,0.04462194171,1.013393916,0,0
0,0,0.2305137138,1.858917721,1,0
0,0,0.4663659777,2.358522639,2,0
0,0,0.7055056752,2.391396975,1,0
0,0,1.035940243,3.304345677,2,0
0,0,1.454546663,4.186064198,1,-1
1,1,2.015733674,5.611870115
0,0,0,0,2,0
0,0,-0.09566180472,-0.9566180472,0,0
0,0,-0.1246657809,-0.2900397618,2,0
0,0,-0.2732299116,-1.485641307,0,0
0,0,-0.3989302229,-1.257003113,2,0
0,0,-0.6532948102,-2.543645874,2,0
0,0,-1.060784478,-4.074896677,0,0
0,0,-1.545708855,-4.849243775,2,-1
1,1,-2.178358651,-6.326497959
0,0,0,0,0,0
0,0,0.09014748516,0.9014748516,1,0
0,0,0.1979183499,1.077708647,0,0
0,0,0.4295952409,2.31676891,1,0
0,0,0.7355422415,3.059470006,2,0
0,0,1.084222392,3.486801509,0,-1
1,1,1.595643884,5.114214919
0,0,0,0,2,0
0,0,-0.1017414913,-1.017414913,0,0
0,0,-0.1326043544,-0.308628631,0,0
0,0,-0.1030128583,0.2959149613,2,0
0,0,-0.1722295844,-0.6921672615,1,0
0,0,-0.2781902335,-1.059606491,1,0
0,0,-0.4206613925,-1.42471159,1,0
0,0,-0.6257122804,-2.050508879,2,0
0,0,-0.9931658336,-3.674535532,0,0
0,0,-1.439337428,-4.461715949,2,-1
1,1,-2.036723728,-5.973862999
0,0,0,0,2,0
0,0,-0.09616698977,-0.9616698977,1,0
0,0,-0.2218571605,-1.256901708,1,0
0,0,-0.3871198093,-1.652626488,1,0
0,0,-0.6197346092,-2.326147998,2,0
0,0,-1.019106705,-3.993720957,0,0
0,0,-1.502600378,-4.834936736,1,-1
1,1,-2.130327955,-6.277275768
0,0,0,0,0,0
0,0,0.08078132367,0.8078132367,2,0
0,0,0.07769431941,-0.03087004254,2,0
0,0,0.006454278576,-0.7124004084,1,0
0,0,-0.06390313278,-0.7035741135,0,0
0,0,-0.05573351656,0.08169616219,2,0
0,0,-0.1405255261,-0.8479200957,2,0
0,0,-0.3421195696,-2.015940435,1,0
0,0,-0.6076000347,-2.654804651,0,0
0,0,-0.8894321447,-2.8183211,1,0
0,0,-1.291472613,-4.020404683,0,-1
1,1,-1.807987992,-5.165153785
0,0,0,0,0,0
0,0,0.1013516116,1.013516116,1,0
0,0,0.2358279388,1.344763272,2,0
0,0,0.3196025892,0.837746504,1,0
0,0,0.4653998892,1.457972999,0,0
0,0,0.7464920769,2.810921878,1,0
0,0,1.118865874,3.72373797,0,-1
1,1,1.658381643,5.395157695
0,0,0,0,1,0
0,0,0.003300380398,0.03300380398,1,0
0,0,0.003616361177,0.003159807788,0,0
0,0,0.09609103389,0.9247467271,1,0
0,0,0.2080119076,1.119208737,1,0
0,0,0.3531888905,1.451769829,0,0
0,0,0.6272672185,2.74078328,1,0
0,0,0.9868823791,3.596151606,2,0
0,0,1.415987843,4.291054642,1,-1
1,1,1.985046963,5.690591201
0,0,0,0,2,0
0,0,-0.08049515326,-0.8049515326,1,0
0,0,-0.1798675652,-0.9937241195,2,0
0,0,-0.3829442126,-2.030766474,1,0
0,0,-0.6331567714,-2.502125588,2,0
0,0,-1.04381472,-4.10657949,2,-1
1,1,-1.616877092,-5.730623717
0,0,0,0,2,0
0,0,-0.07634228905,-0.7634228905,2,0
0,0,-0.2571029691,-1.8076068,0,0
0,0,-0.4009938621,-1.43890893,2,0
0,0,-0.6742425925,-2.732487304,0,0
0,0,-0.9748047696,-3.005621771,2,0
0,0,-1.439350015,-4.645452451,0,-1
1,1,-2.036042381,-5.966923662
0,0,0,0,2,0
0,0,-0.09364904075,-0.9364904075,0,0
0,0,-0.1259976027,-0.3234856193,2,0
0,0,-0.2611373275,-1.351397248,1,0
0,0,-0.4341949651,-1.730576376,2,0
0,0,-0.7503100295,-3.161150644,0,0
0,0,-1.113942732,-3.636327022,1,-1
1,1,-1.604569798,-4.906270659
0,0,0,0,0,0
0,0,0.08252210126,0.8252210126,0,0
0,0,0.2730911771,1.905690758,2,0
0,0,0.4349218338,1.618306568,2,0
0,0,0.5890580625,1.541362287,1,0
0,0,0.8299876675,2.409296051,1,0
0,0,1.18287968,3.528920126,0,-1
1,1,1.697435625,5.145559444
0,0,0,0,2,0
0,0,-0.1037176871,-1.037176871,1,0
0,0,-0.2420586052,-1.383409181,0,0
0,0,-0.3456281473,-1.035695421,0,0
0,0,-0.4319715846,-0.863434373,2,0
0,0,-0.6808840875,-2.489125028,1,0
0,0,-1.020573693,-3.39689606,0,0
0,0,-1.44876626,-4.281925667,0,-1
1,1,-2.011581675,-5.628154146
0,0,0,0,1,0
0,0,0.005322435436,0.05322435436,2,0
0,0,-0.08567388858,-0.9099632402,1,0
0,0,-0.1928478825,-1.071739939,2,0
0,0,-0.4015946907,-2.087468082,2,0
0,0,-0.749831183,-3.482364923,1,0
0,0,-1.208788692,-4.589575088,0,-1
1,1,-1.76523725,-5.564485578
0,0,0,0,0,0
0,0,0.1002409276,1.002409276,2,0
0,0,0.125843703,0.2560277541,1,0
0,0,0.1608866422,0.3504293923,0,0
0,0,0.304654379,1.437677368,1,0
0,0,0.4839125641,1.792581851,2,0
0,0,0.6489294656,1.650169015,2,0
0,0,0.8530830657,2.041536,0,0
0,0,1.231138957,3.78055891,2,-1
1,1,1.719303917,4.881649601
0,0,0,0,0,0
0,0,0.09902616632,0.9902616632,2,0
0,0,0.1410599749,0.4203380861,1,0
0,0,0.2041962517,0.6313627675,1,0
0,0,0.285969909,0.8177365734,2,0
0,0,0.347781749,0.6181184001,0,0
0,0,0.5425351128,1.947533637,0,0
0,0,0.9034904246,3.609553118,2,0
0,0,1.319002244,4.15511819,0,-1
1,1,1.891578298,5.725760546
0,0,0,0,1,0
0,0,0.01196137219,0.1196137219,2,0
0,0,-0.05806358186,-0.7002495405,0,0
0,0,-0.03327644153,0.2478714034,0,0
0,0,0.08138955382,1.146659953,1,0
0,0,0.2078105172,1.264209634,1,0
0,0,0.3738545289,1.660440117,2,0
0,0,0.5152895788,1.414350499,1,0
0,0,0.7347804286,2.194908498,0,0
0,0,1.119375831,3.845954029,0,-1
1,1,1.660006958,5.406311265
0,0,0,0,1,0
0,0,0.0002273032441,0.002273032441,2,0
0,0,-0.0859727504,-0.8620005364,1,0
0,0,-0.1715003223,-0.8552757186,2,0
0,0,-0.3626218218,-1.911214995,0,0
0,0,-0.534327597,-1.717057752,2,0
0,0,-0.8584067728,-3.240791757,2,0
0,0,-1.349347757,-4.909409844,0,-1
1,1,-1.961724325,-6.123765682
0,0,0,0,0,0
0,0,0.07774641672,0.7774641672,0,0
0,0,0.2614877298,1.837413131,2,0
0,0,0.4103537773,1.488660475,2,0
0,0,0.5312619686,1.209081912,2,0
0,0,0.6698026302,1.385406616,1,0
0,0,0.9003836867,2.305810565,2,0
0,0,1.208569481,3.081857939,1,-1
1,1,1.656012829,4.474433487
0,0,0,0,2,0
0,0,-0.0919746212,-0.919746212,0,0
0,0,-0.1104165167,-0.1844189549,2,0
0,0,-0.2499695611,-1.395530445,0,0
0,0,-0.3485850738,-0.9861551268,1,0
0,0,-0.4919293293,-1.433442555,2,0
0,0,-0.7769687763,-2.85039447,2,0
0,0,-1.22747388,-4.505051039,2,-1
1,1,-1.830334509,-6.028606291
0,0,0,0,2,0
0,0,-0.09761921865,-0.9761921865,1,0
0,0,-0.2049048537,-1.072856351,2,0
0,0,-0.4365836031,-2.316787494,1,0
0,0,-0.7392060172,-3.026224141,2,0
0,0,-1.208915885,-4.697098675,1,-1
1,1,-1.80916495,-6.002490658
0,0,0,0,2,0
0,0,-0.09740230373,-0.9740230373,1,0
0,0,-0.2113714696,-1.139691658,2,0
0,0,-0.4595691832,-2.481977136,2,0
0,0,-0.8429458264,-3.833766432,0,0
0,0,-1.268420461,-4.254746348,0,-1
1,1,-1.809419373,-5.409989117
0,0,0,0,2,0
0,0,-0.07256758197,-0.7256758197,2,0
0,0,-0.2507957312,-1.782281493,0,0
0,0,-0.3735251907,-1.227294595,0,0
0,0,-0.4786672193,-1.051420286,1,0
0,0,-0.6725273984,-1.938601791,2,0
0,0,-1.016161283,-3.436338845,0,0
0,0,-1.440280128,-4.241188453,2,-1
1,1,-2.015759054,-5.754789255
0,0,0,0,2,0
0,0,-0.1047470127,-1.047470127,0,0
0,0,-0.1314878752,-0.2674086245,2,0
0,0,-0.2708064095,-1.393185343,0,0
0,0,-0.3666065155,-0.9580010597,0,0
0,0,-0.436011491,-0.6940497551,0,0
0,0,-0.5076417225,-0.7163023147,0,0
0,0,-0.5764585716,-0.6881684916,1,0
0,0,-0.7341298776,-1.57671306,2,0
0,0,-1.063583557,-3.294536797,0,0
0,0,-1.483178332,-4.195947745,0,-1
1,1,-2.03964621,-5.564678783
0,0,0,0,2,0
0,0,-0.0775365774,-0.775365774,2,0
0,0,-0.2433104554,-1.657738779,0,0
0,0,-0.3782217163,-1.349112609,1,0
0,0,-0.5695725029,-1.913507866,0,0
0,0,-0.781504624,-2.119321211,2,0
0,0,-1.156425837,-3.749212132,1,-1
1,1,-1.658182497,-5.017566593
0,0,0,0,1,0
0,0,-0.01477804141,-0.1477804141,1,0
0,0,-0.02463386755,-0.09855826137,0,0
0,0,0.06098155098,0.8561541852,0,0
0,0,0.2384740965,1.774925455,0,0
0,0,0.5254955784,2.870214819,2,0
0,0,0.8113689803,2.858734019,2,0
0,0,1.157596185,3.462272047,1,-1
1,1,1.631971253,4.743750684
0,0,0,0,2,0
0,0,-0.0916713249,-0.916713249,0,0
0,0,-0.1042323664,-0.1256104148,2,0
0,0,-0.2237771352,-1.195447688,1,0
0,0,-0.3901838741,-1.664067389,0,0
0,0,-0.5472143719,-1.570304978,2,0
0,0,-0.8502430287,-3.030286568,0,0
0,0,-1.201520482,-3.512774529,0,-1
1,1,-1.662374527,-4.608540454
0,0,0,0,1,0
0,0,0.0090110428,0.090110428,2,0
0,0,-0.07345147372,-0.8246251652,2,0
0,0,-0.2693456145,-1.958941408,0,0
0,0,-0.4092682331,-1.399226186,0,0
0,0,-0.5313943662,-1.221261332,0,0
0,0,-0.6566061853,-1.252118191,0,0
0,0,-0.8135771811,-1.569709958,1,0
0,0,-1.073107775,-2.595305936,0,0
0,0,-1.42716238,-3.540546049,1,-1
1,1,-1.922520677,-4.953582978
0,0,0,0,0,0
0,0,0.08390546352,0.8390546352,0,0
0,0,0.2595793891,1.756739256,2,0
0,0,0.4035587564,1.439793673,1,0
0,0,0.623125266,2.195665096,2,0
0,0,0.8704082396,2.472829735,0,0
0,0,1.283160205,4.127519656,2,-1
1,1,1.814303787,5.311435815
0,0,0,0,2,0
0,0,-0.07118676824,-0.7118676824,2,0
0,0,-0.231086257,-1.598994887,1,0
0,0,-0.4253239137,-1.942376567,1,0
0,0,-0.6930119508,-2.676880371,2,0
0,0,-1.11772885,-4.247168997,1,-1
1,1,-1.666776523,-5.490476727
0,0,0,0,2,0
0,0,-0.08641870718,-0.8641870718,0,0
0,0,-0.1150591718,-0.2864046463,1,0
0,0,-0.1613144669,-0.4625529515,2,0
0,0,-0.3071564814,-1.458420144,1,0
0,0,-0.5093211394,-2.02164658,2,0
0,0,-0.8650366807,-3.557155413,1,0
0,0,-1.320591339,-4.555546579,2,-1
1,1,-1.930820365,-6.102290261
0,0,0,0,2,0
0,0,-0.1043459895,-1.043459895,0,0
0,0,-0.1365109428,-0.3216495323,0,0
0,0,-0.1182809898,0.18229953,0,0
0,0,-0.03631733082,0.8196365893,2,0
0,0,-0.03786461086,-0.01547280034,0,0
0,0,0.03995153113,0.7781614199,2,0
0,0,0.04634419621,0.06392665075,2,0
0,0,-0.04486079555,-0.9120499176,2,0
0,0,-0.2384873006,-1.93626505,0,0
0,0,-0.3764981963,-1.380108957,1,0
0,0,-0.5717196753,-1.95221479,0,0
0,0,-0.7823438055,-2.106241302,1,0
0,0,-1.103204464,-3.208606588,2,-1
1,1,-1.592895548,-4.896910834
0,0,0,0,2,0
0,0,-0.08000074268,-0.8000074268,2,0
0,0,-0.2443801945,-1.643794518,1,0
0,0,-0.4345162675,-1.90136073,1,0
0,0,-0.7075805598,-2.730642922,2,0
0,0,-1.134278331,-4.266977709,2,-1
1,1,-1.718189123,-5.839107928
0,0,0,0,1,0
0,0,0.008955767445,0.08955767445,1,0
0,0,0.03182892518,0.2287315774,2,0
0,0,-0.0331332197,-0.6496214489,0,0
0,0,-0.007365853236,0.2576736647,2,0
0,0,-0.07160269609,-0.6423684286,1,0
0,0,-0.1327401362,-0.6113744008,1,0
0,0,-0.2082857407,-0.755456045,1,0
0,0,-0.3096909088,-1.014051681,2,0
0,0,-0.5394250666,-2.297341578,1,0
0,0,-0.8623994147,-3.229743481,0,0
0,0,-1.242033973,-3.796345582,1,-1
1,1,-1.759721172,-5.176871993
0,0,0,0,2,0
0,0,-0.09302152572,-0.9302152572,0,0
0,0,-0.09852743422,-0.05505908499,0,0
0,0,-0.04705945233,0.5146798189,0,0
0,0,0.09549954786,1.425590002,1,0
0,0,0.2620277298,1.665281819,0,0
0,0,0.5548673631,2.928396334,1,0
0,0,0.9218623083,3.669949451,0,0
0,0,1.453867118,5.320048102,2,-1
1,1,2.11745895,6.635918317
0,0,0,0,0,0
0,0,0.08231632911,0.8231632911,0,0
0,0,0.272497778,1.901814489,0,0
0,0,0.5963237473,3.238259693,2,0
0,0,0.9397265889,3.434028416,1,0
0,0,1.392877652,4.531510635,0,-1
1,1,2.000435223,6.075575708
0,0,0,0,2,0
0,0,-0.09847023445,-0.9847023445,2,0
0,0,-0.3029464323,-2.044761978,1,0
0,0,-0.5459642628,-2.430178305,0,0
0,0,-0.7921220327,-2.4615777,2,0
0,0,-1.19877185,-4.066498171,0,-1
1,1,-1.707335347,-5.085634971
0,0,0,0,2,0
0,0,-0.07916809337,-0.7916809337,0,0
0,0,-0.07593278824,0.03235305129,2,0
0,0,-0.1695281692,-0.9359538092,2,0
0,0,-0.364732039,-1.952038698,2,0
0,0,-0.6867625861,-3.220305471,1,0
0,0,-1.090478198,-4.037156124,1,-1
1,1,-1.624071377,-5.335931786
0,0,0,0,1,0
0,0,-0.007111370188,-0.07111370188,1,0
0,0,-0.00769882297,-0.005874527824,1,0
0,0,0.006895619659,0.1459444263,1,0
0,0,0.007619405282,0.007237856233,2,0
0,0,-0.06908319112,-0.7670259641,1,0
0,0,-0.1575057321,-0.8842254098,0,0
0,0,-0.1951004277,-0.3759469558,2,0
0,0,-0.3518115988,-1.567111711,1,0
0,0,-0.5729096069,-2.210980081,2,0
0,0,-0.9544513178,-3.815417109,0,0
0,0,-1.402842804,-4.483914866,1,-1
1,1,-1.992508396,-5.89665592
0,0,0,0,0,0
0,0,0.09677238887,0.9677238887,0,0
0,0,0.292135876,1.953634871,2,0
0,0,0.442895782,1.50759906,1,0
0,0,0.6656335398,2.227377578,0,0
0,0,1.054248388,3.886148486,1,0
0,0,1.568282432,5.140340436,1,-1
1,1,2.229219194,6.609367619
0,0,0,0,0,0
0,0,0.07951406817,0.7951406817,2,0
0,0,0.08616648364,0.06652415471,0,0
0,0,0.1912575937,1.050911101,1,0
0,0,0.3282671938,1.370096,1,0
0,0,0.5264600091,1.981928153,1,0
0,0,0.8105489346,2.840889255,1,0
0,0,1.211085201,4.005362665,1,-1
1,1,1.741798111,5.307129094
0,0,0,0,0,0
0,0,0.08012953671,0.8012953671,1,0
0,0,0.1685002695,0.8837073277,1,0
0,0,0.2718388949,1.033386254,2,0
0,0,0.3368753614,0.6503646651,1,0
0,0,0.44635495,1.094795886,0,0
0,0,0.6912422349,2.448872849,0,0
0,0,1.104297684,4.130554495,0,-1
1,1,1.671329706,5.67032022
0,0,0,0,2,0
0,0,-0.08037607986,-0.8037607986,2,0
0,0,-0.248992353,-1.686162732,1,0
0,0,-0.4484222988,-1.994299458,0,0
0,0,-0.6382316117,-1.89809313,2,0
0,0,-0.9989022223,-3.606706106,0,0
0,0,-1.43976951,-4.408672877,2,-1
1,1,-2.031038172,-5.912686622
0,0,0,0,1,0
0,0,-0.008209346483,-0.08209346483,2,0
0,0,-0.09262936673,-0.8442002024,0,0
0,0,-0.1059430568,-0.1331369011,0,0
0,0,-0.05839109241,0.4755196443,1,0
0,0,-0.01266741168,0.4572368073,0,0
0,0,0.1213069808,1.339743925,2,0
0,0,0.1986437718,0.7733679104,1,0
0,0,0.3185360885,1.198923167,0,0
0,0,0.5783514447,2.598153562,0,0
0,0,0.9936534311,4.153019863,1,0
0,0,1.518228978,5.245755464,2,-1
1,1,2.183340591,6.651116138
0,0,0,0,2,0
0,0,-0.08326544823,-0.8326544823,0,0
0,0,-0.09311850273,-0.09853054496,0,0
0,0,-0.04736895718,0.4574954555,2,0
0,0,-0.08776886703,-0.4039990985,1,0
0,0,-0.1497435489,-0.619746819,2,0
0,0,-0.3287655525,-1.790220036,2,0
0,0,-0.6417810213,-3.130154689,1,0
0,0,-1.048787018,-4.070059962,0,0
0,0,-1.533216165,-4.844291476,2,-1
1,1,-2.165796494,-6.325803289
0,0,0,0,2,0
0,0,-0.09485340881,-0.9485340881,2,0
0,0,-0.2814862051,-1.866327963,1,0
0,0,-0.5095847175,-2.280985124,0,0
0,0,-0.7479968295,-2.38412112,0,0
0,0,-1.024798138,-2.768013084,1,0
0,0,-1.419915941,-3.951178027,0,-1
1,1,-1.945360255,-5.254443148
0,0,0,0,1,0
0,0,-0.01348642691,-0.1348642691,0,0
0,0,0.04603950371,0.5952593062,1,0
0,0,0.09847655975,0.5243705604,0,0
0,0,0.2495929184,1.511163587,1,0
0,0,0.4559859271,2.063930087,0,0
0,0,0.8107773077,3.547913806,1,0
0,0,1.259674834,4.488975267,2,-1
1,1,1.820289779,5.60614945
0,0,0,0,2,0
0,0,-0.1002904606,-1.002904606,2,0
0,0,-0.287977467,-1.876870064,1,0
0,0,-0.5369483009,-2.489708339,1,0
0,0,-0.8675598038,-3.306115029,2,0
0,0,-1.364066154,-4.965063499,0,-1
1,1,-1.983718021,-6.19651867
0,0,0,0,0,0
0,0,0.07586181668,0.7586181668,1,0
0,0,0.171085893,0.9522407636,2,0
0,0,0.1938643155,0.2277842251,2,0
0,0,0.1728524318,-0.2101188375,0,0
0,0,0.2568322453,0.8397981355,1,0
0,0,0.3976115147,1.407792694,1,0
0,0,0.6061033495,2.084918348,2,0
0,0,0.8313272728,2.252239233,2,0
0,0,1.107609805,2.762825324,2,0
0,0,1.484632234,3.770224289,2,-1
1,1,2.000196679,5.155644449
0,0,0,0,0,0
0,0,0.1015592688,1.015592688,0,0
0,0,0.3083305001,2.067712313,0,0
0,0,0.6589980774,3.506675773,2,0
0,0,1.035004916,3.760068385,1,0
0,0,1.528303318,4.932984019,0,-1
1,1,2.169658856,6.413555384
0,0,0,0,2,0
0,0,-0.1019455672,-1.019455672,1,0
0,0,-0.2224936602,-1.20548093,2,0
0,0,-0.4535594146,-2.310657544,1,0
0,0,-0.7530465087,-2.994870941,1,0
0,0,-1.160669407,-4.076228978,2,-1
1,1,-1.729266383,-5.685969765
0,0,0,0,0,0
0,0,0.07249783941,0.7249783941,0,0
0,0,0.2567216851,1.842238457,2,0
0,0,0.4005307518,1.438090667,1,0
0,0,0.6166134351,2.160826833,2,0
0,0,0.8660245027,2.494110676,0,0
0,0,1.274329268,4.083047652,0,-1
1,1,1.837299711,5.629704428
0,0,0,0,2,0
0,0,-0.08950920458,-0.8950920458,0,0
0,0,-0.1154903723,-0.2598116767,1,0
0,0,-0.1719098199,-0.5641944765,0,0
0,0,-0.1779235629,-0.06013742947,2,0
0,0,-0.2920309712,-1.141074084,2,0
0,0,-0.5276183668,-2.355873956,0,0
0,0,-0.7823838479,-2.54765481,0,0
0,0,-1.091341719,-3.089578708,2,0
0,0,-1.559243083,-4.67901364,2,-1
1,1,-2.17460307,-6.153599873
0,0,0,0,0,0
0,0,0.1043667483,1.043667483,2,0
0,0,0.1549516178,0.5058486947,1,0
0,0,0.2430760055,0.8812438766,0,0
0,0,0.4443398696,2.012638641,1,0
0,0,0.7289558491,2.846159795,0,0
0,0,1.171398747,4.424428975,1,-1
1,1,1.736226104,5.648273572
0,0,0,0,1,0
0,0,0.01506026707,0.1506026707,0,0
0,0,0.1327992548,1.177389877,2,0
0,0,0.1982473995,0.6544814474,2,0
0,0,0.1999258574,0.01678457899,1,0
0,0,0.2452997131,0.4537385571,0,0
0,0,0.4097618942,1.644621811,1,0
0,0,0.6534336919,2.436717977,2,0
0,0,0.9170568264,2.636231345,1,0
0,0,1.296620655,3.795638283,1,-1
1,1,1.809484685,5.128640301
0,0,0,0,1,0
0,0,-0.01449013251,-0.1449013251,1,0
0,0,-0.03095238769,-0.1646225519,0,0
0,0,0.02753485465,0.5848724235,1,0
0,0,0.1021642164,0.7462936175,0,0
0,0,0.2980548695,1.958906531,1,0
0,0,0.5430163649,2.449614954,1,0
0,0,0.8612524169,3.18236052,2,0
0,0,1.239233317,3.779809003,1,-1
1,1,1.754660116,5.15426799
0,0,0,0,0,0
0,0,0.07997856416,0.7997856416,1,0
0,0,0.1836981395,1.037195754,0,0
0,0,0.4186524576,2.349543181,0,0
0,0,0.7954830905,3.768306329,2,0
0,0,1.224919905,4.294368143,2,-1
1,1,1.760193459,5.352735543
0,0,0,0,1,0
0,0,-0.01641811556,-0.1641811556,1,0
0,0,-0.03847910164,-0.2206098607,1,0
0,0,-0.06673021662,-0.2825111498,2,0
0,0,-0.2081289013,-1.413986846,0,0
0,0,-0.297355128,-0.8922622676,1,0
0,0,-0.4389060837,-1.415509556,2,0
0,0,-0.7393364375,-3.004303539,2,0
0,0,-1.193611449,-4.542750115,1,-1
1,1,-1.777255052,-5.836436032
0,0,0,0,1,0
0,0,-0.001509545363,-0.01509545363,2,0
0,0,-0.1048924071,-1.033828617,0,0
0,0,-0.1398841511,-0.3499174403,1,0
0,0,-0.2065015059,-0.666173548,0,0
0,0,-0.2181565732,-0.1165506728,0,0
0,0,-0.1711062665,0.4705030675,0,0
0,0,-0.07230622033,0.9880004613,0,0
0,0,0.1188611012,1.911673215,2,0
0,0,0.249734049,1.308729478,2,0
0,0,0.3438548815,0.9412083251,0,0
0,0,0.5664641569,2.226092754,1,0
0,0,0.8736877917,3.072236348,0,0
0,0,1.336928995,4.632412035,0,-1
1,1,1.957321276,6.20392281
0,0,0,0,2,0
0,0,-0.08526012721,-0.8526012721,0,0
0,0,-0.0860198557,-0.007597284832,2,0
0,0,-0.1773123208,-0.9129246507,1,0
0,0,-0.2998548696,-1.225425489,1,0
0,0,-0.4560611433,-1.562062736,0,0
0,0,-0.6224855616,-1.664244183,2,0
0,0,-0.9626515347,-3.401659732,0,0
0,0,-1.377817361,-4.151658259,1,-1
1,1,-1.931528834,-5.537114735
0,0,0,0,0,0
0,0,0.1044664908,1.044664908,2,0
0,0,0.1305840613,0.2611757055,1,0
0,0,0.1617712699,0.3118720862,1,0
0,0,0.2341074612,0.7233619123,2,0
0,0,0.2548516913,0.2074423009,1,0
0,0,0.3299980541,0.7514636283,2,0
0,0,0.3865984895,0.5660043544,2,0
0,0,0.4335270884,0.4692859889,1,0
0,0,0.5627830701,1.292559817,2,0
0,0,0.693544651,1.307615809,0,0
0,0,0.999467455,3.05922804,0,0
0,0,1.468393406,4.689259508,2,-1
1,1,2.072418177,6.040247716
0,0,0,0,1,0
0,0,-0.007817294258,-0.07817294258,0,0
0,0,0.08361094809,0.9142824234,1,0
0,0,0.1754015369,0.9179058881,1,0
0,0,0.3088094716,1.334079347,0,0
0,0,0.5648316823,2.560222107,2,0
0,0,0.8465022329,2.816705506,1,0
0,0,1.242544206,3.960419733,2,-1
1,1,1.747998693,5.054544868
0,0,0,0,2,0
0,0,-0.1024884797,-1.024884797,1,0
0,0,-0.2118309472,-1.093424675,1,0
0,0,-0.3732114284,-1.613804812,2,0
0,0,-0.659154476,-2.859430476,1,0
0,0,-1.027532488,-3.683780117,0,0
0,0,-1.475806312,-4.482738239,2,-1
1,1,-2.076187736,-6.003814247
0,0,0,0,1,0
0,0,-0.01215706551,-0.1215706551,2,0
0,0,-0.128278684,-1.161216185,2,0
0,0,-0.3374362863,-2.091576023,1,0
0,0,-0.6042303062,-2.667940199,1,0
0,0,-0.9450879452,-3.40857639,1,0
0,0,-1.401791141,-4.567031963,1,-1
1,1,-2.001274523,-5.994833816
0,0,0,0,0,0
0,0,0.09852464397,0.9852464397,0,0
0,0,0.3030772491,2.045526051,2,0
0,0,0.4742391287,1.711618797,0,0
0,0,0.8091376937,3.34898565,0,0
0,0,1.316125404,5.069877098,1,-1
1,1,1.956620688,6.404952849
0,0,0,0,1,0
0,0,-0.009383052904,-0.09383052904,2,0
0,0,-0.099665782,-0.9028272909,2,0
0,0,-0.2818807549,-1.822149729,2,0
0,0,-0.5817640628,-2.998833079,2,0
0,0,-1.035695492,-4.539314297,2,-1
1,1,-1.64356429,-6.078687979
0,0,0,0,1,0
0,0,0.01193135086,0.1193135086,0,0
0,0,0.1200309927,1.080996419,0,0
0,0,0.3430364587,2.230054659,1,0
0,0,0.6172812906,2.742448319,2,0
0,0,0.9247428247,3.074615341,1,0
0,0,1.354289151,4.295463265,2,-1
1,1,1.903812875,5.495237242
0,0,0,0,2,0
0,0,-0.09253789261,-0.9253789261,2,0
0,0,-0.2793262871,-1.867883945,2,0
0,0,-0.6059248561,-3.26598569,0,0
0,0,-0.9514576278,-3.455327717,1,0
0,0,-1.418923118,-4.674654903,0,-1
1,1,-2.015593397,-5.966702794
0,0,0,0,1,0
0,0,0.009259567856,0.09259567856,0,0
0,0,0.09650827962,0.8724871177,1,0
0,0,0.1965862915,1.000780118,2,0
0,0,0.2501012841,0.5351499269,2,0
0,0,0.2543509738,0.04249689671,0,0
0,0,0.3905763133,1.362253395,0,0
0,0,0.655487856,2.649115427,0,0
0,0,1.075237286,4.197494295,2,-1
1,1,1.582458166,5.072208809
0,0,0,0,0,0
0,0,0.09621017094,0.9621017094,2,0
0,0,0.1315749385,0.3536476757,0,0
0,0,0.2810010999,1.494261614,2,0
0,0,0.4008497092,1.198486093,2,0
0,0,0.491578093,0.9072838379,0,0
0,0,0.7465002098,2.549221168,2,0
0,0,1.050747345,3.042471356,2,0
0,0,1.448293039,3.975456933,1,-1
1,1,1.989185566,5.408925276
0,0,0,0,2,0
0,0,-0.1051516165,-1.051516165,1,0
0,0,-0.2429878766,-1.378362602,0,0
0,0,-0.3482793097,-1.052914331,1,0
0,0,-0.5168533679,-1.685740582,1,0
0,0,-0.7774252567,-2.605718888,1,0
0,0,-1.141372884,-3.639476276,2,-1
1,1,-1.671726164,-5.303532795
0,0,0,0,2,0
0,0,-0.09403405976,-0.9403405976,2,0
0,0,-0.3069581399,-2.129240801,1,0
0,0,-0.5671803991,-2.602222592,2,0
0,0,-0.988875157,-4.216947579,0,0
0,0,-1.484091892,-4.952167346,2,-1
1,1,-2.128133971,-6.440420798
0,0,0,0,1,0
0,0,-0.01401238421,-0.1401238421,0,0
0,0,0.06027851241,0.7429089662,1,0
0,0,0.1282506214,0.6797210904,1,0
0,0,0.2330514455,1.048008241,0,0
0,0,0.4780115448,2.449600993,0,0
0,0,0.862061977,3.840504322,0,0
0,0,1.405849958,5.437879813,0,-1
1,1,2.098414449,6.925644905
0,0,0,0,2,0
0,0,-0.08051286174,-0.8051286174,0,0
0,0,-0.09438643026,-0.1387356852,0,0
0,0,-0.0381518298,0.5623460046,0,0
0,0,0.1065256362,1.44677466,0,0
0,0,0.3660889616,2.595633254,0,0
0,0,0.7567757959,3.906868343,0,0
0,0,1.314483043,5.577072472,2,-1
1,1,1.987420457,6.729374136
0,0,0,0,2,0
0,0,-0.1005463669,-1.005463669,0,0
0,0,-0.1352545831,-0.3470821616,1,0
0,0,-0.2099470974,-0.7469251432,1,0
0,0,-0.3303246598,-1.203775624,1,0
0,0,-0.5056751456,-1.753504857,1,0
0,0,-0.7664780689,-2.608029233,2,0
0,0,-1.184167202,-4.176891326,2,-1
1,1,-1.758316853,-5.741496515
0,0,0,0,2,0
0,0,-0.08233154538,-0.8233154538,0,0
0,0,-0.1025055711,-0.2017402571,1,0
0,0,-0.1494685117,-0.4696294064,0,0
0,0,-0.141887911,0.07580600727,1,0
0,0,-0.1476429203,-0.05755009337,1,0
0,0,-0.1869941789,-0.3935125851,0,0
0,0,-0.1561421547,0.3085202419,1,0
0,0,-0.1567769673,-0.006348126644,2,0
0,0,-0.2812155164,-1.244385491,1,0
0,0,-0.4506629976,-1.694474812,2,0
0,0,-0.7737299535,-3.230669559,1,0
0,0,-1.194903972,-4.211740186,2,-1
1,1,-1.772522978,-5.77619006
0,0,0,0,2,0
0,0,-0.09387939964,-0.9387939964,2,0
0,0,-0.2882534866,-1.943740869,1,0
0,0,-0.5287110497,-2.404575632,2,0
0,0,-0.9320253586,-4.033143089,2,0
0,0,-1.488835353,-5.568099945,0,-1
1,1,-2.183291261,-6.944559075
0,0,0,0,0,0
0,0,0.07745146429,0.7745146429,2,0
0,0,0.08295691982,0.05505455534,2,0
0,0,0.0003905755274,-0.8256634429,1,0
0,0,-0.06744686768,-0.678374432,0,0
0,0,-0.06083294146,0.06613926214,0,0
0,0,0.0289698122,0.8980275366,0,0
0,0,0.2028861895,1.739163773,2,0
0,0,0.3238841439,1.209979544,2,0
0,0,0.4097003242,0.8581618031,2,0
0,0,0.4909171193,0.8121679517,2,0
0,0,0.5702566561,0.7933953674,2,0
0,0,0.6735701829,1.033135269,2,0
0,0,0.803360033,1.297898501,0,0
0,0,1.090899225,2.87539192,2,0
0,0,1.469130809,3.782315842,2,-1
1,1,1.984299513,5.15168704
0,0,0,0,1,0
0,0,-0.008529184015,-0.08529184015,0,0
0,0,0.07075439918,0.792835832,2,0
0,0,0.06464291956,-0.06111479624,0,0
0,0,0.1671566496,1.025137301,0,0
0,0,0.374429213,2.072725634,2,0
0,0,0.5641205265,1.896913136,0,0
0,0,0.9218965876,3.577760611,1,0
0,0,1.397530049,4.756334618,0,-1
1,1,2.024782416,6.272523671
0,0,0,0,0,0
0,0,0.09329387213,0.9329387213,1,0
0,0,0.1862330414,0.9293916925,2,0
0,0,0.2177633918,0.3153035039,0,0
0,0,0.3591035496,1.413401579,2,0
0,0,0.4783013192,1.191977696,1,0
0,0,0.6670897052,1.88788386,0,0
0,0,1.011300043,3.442103376,2,0
0,0,1.440615824,4.293157808,1,-1
1,1,2.012591623,5.719757995
0,0,0,0,1,0
0,0,-0.005586210888,-0.05586210888,0,0
0,0,0.07668890015,0.8227511104,1,0
0,0,0.169644701,0.9295580088,1,0
0,0,0.2902609511,1.206162501,0,0
0,0,0.5500709646,2.598100135,2,0
0,0,0.8141593077,2.64088343,1,0
0,0,1.19515859,3.80999282,0,-1
1,1,1.738356208,5.431976187
0,0,0,0,0,0
0,0,0.09656714703,0.9656714703,1,0
0,0,0.2031248672,1.065577201,1,0
0,0,0.3532601607,1.501352935,1,0
0,0,0.5604448378,2.071846771,1,0
0,0,0.8400576652,2.796128274,0,0
0,0,1.279054981,4.389973154,0,-1
1,1,1.874607601,5.955526208
0,0,0,0,0,0
0,0,0.09929053844,0.9929053844,1,0
0,0,0.2062673223,1.069767839,1,0
0,0,0.337289656,1.310223337,0,0
0,0,0.6138168004,2.765271444,1,0
0,0,0.98310598,3.692891796,1,0
0,0,1.465411423,4.823054432,0,-1
1,1,2.097308741,6.318973179
0,0,0,0,2,0
0,0,-0.1043832352,-1.043832352,1,0
0,0,-0.2304802653,-1.260970302,2,0
0,0,-0.4642539884,-2.337737231,1,0
0,0,-0.7592238084,-2.9496982,1,0
0,0,-1.16659938,-4.073755714,1,-1
1,1,-1.699357053,-5.327576732
0,0,0,0,0,0
0,0,0.07348552609,0.7348552609,0,0
0,0,0.2300791929,1.565936668,0,0
0,0,0.4975855734,2.675063805,1,0
0,0,0.8446392669,3.470536935,1,0
0,0,1.290292869,4.456536018,1,-1
1,1,1.871719793,5.814269246
0,0,0,0,2,0
0,0,-0.1047590995,-1.047590995,1,0
0,0,-0.2151146598,-1.103555604,0,0
0,0,-0.2825681849,-0.6745352507,2,0
0,0,-0.4869520108,-2.043838259,2,0
0,0,-0.8527748071,-3.658227963,2,0
0,0,-1.369176058,-5.16401251,2,-1
1,1,-2.037006277,-6.678302186
0,0,0,0,1,0
0,0,0.008610905299,0.08610905299,1,0
0,0,0.008328010798,-0.002828945009,0,0
0,0,0.1044621107,0.9613409988,2,0
0,0,0.1137191056,0.09256994883,0,0
0,0,0.2403053361,1.265862305,2,0
0,0,0.3167314426,0.7642610648,1,0
0,0,0.4320868056,1.15355363,0,0
0,0,0.679592626,2.475058205,1,0
0,0,1.033241865,3.536492386,1,0
0,0,1.503419445,4.701775806,0,-1
1,1,2.123932745,6.205133003
0,0,0,0,2,0
0,0,-0.08813618765,-0.8813618765,2,0
0,0,-0.2806969641,-1.925607764,1,0
0,0,-0.5251272829,-2.444303188,1,0
0,0,-0.8478511807,-3.227238979,1,0
0,0,-1.274524887,-4.26673706,0,-1
1,1,-1.813964822,-5.394399354
0,0,0,0,0,0
0,0,0.09260899823,0.9260899823,2,0
0,0,0.1245170665,0.3190806832,2,0
0,0,0.07379165274,-0.5072541381,0,0
0,0,0.1324883379,0.5869668519,1,0
0,0,0.2256189439,0.9313060601,0,0
0,0,0.4343994225,2.087804786,0,0
0,0,0.7962707816,3.618713591,2,0
0,0,1.208561619,4.122908374,0,-1
1,1,1.776166404,5.676047846
0,0,0,0,2,0
0,0,-0.07511676949,-0.7511676949,2,0
0,0,-0.2431296895,-1.6801292,2,0
0,0,-0.534724949,-2.915952595,1,0
0,0,-0.9019146314,-3.671896824,0,0
0,0,-1.327066349,-4.251517175,2,-1
1,1,-1.908994638,-5.819282888
0,0,0,0,2,0
0,0,-0.08407604555,-0.8407604555,0,0
0,0,-0.1074232525,-0.2334720695,0,0
0,0,-0.06991454047,0.3750871204,1,0
0,0,-0.0341289998,0.3578554067,2,0
0,0,-0.08278819273,-0.4865919293,1,0
0,0,-0.1391773753,-0.5638918252,2,0
0,0,-0.3165390295,-1.773616543,2,0
0,0,-0.6345095841,-3.179705546,0,0
0,0,-0.9857530105,-3.512434264,2,0
0,0,-1.505997373,-5.202443626,1,-1
1,1,-2.170987675,-6.649903024
0,0,0,0,0,0
0,0,0.09786913166,0.9786913166,0,0
0,0,0.3078478147,2.09978683,2,0
0,0,0.4774156057,1.69567791,2,0
0,0,0.6596934289,1.822778233,1,0
0,0,0.9384263643,2.787329354,2,0
0,0,1.287391201,3.489648368,1,-1
1,1,1.770918518,4.835273171
0,0,0,0,1,0
0,0,0.01094877252,0.1094877252,2,0
0,0,-0.07176294673,-0.8271171925,0,0
0,0,-0.07925755922,-0.07494612497,0,0
0,0,-0.006255306973,0.7300225225,0,0
0,0,0.1680621616,1.743174685,1,0
0,0,0.3755040629,2.074419013,2,0
0,0,0.5604118856,1.849078227,1,0
0,0,0.8333454983,2.729336127,1,0
0,0,1.225767665,3.92422167,0,-1
1,1,1.77239983,5.466321643
0,0,0,0,2,0
0,0,-0.07628202435,-0.7628202435,0,0
0,0,-0.09002209832,-0.1374007396,0,0
0,0,-0.04680890712,0.4321319119,0,0
0,0,0.08269629204,1.295051992,2,0
0,0,0.1210815245,0.3838523244,0,0
0,0,0.257847066,1.367655415,2,0
0,0,0.3540637548,0.9621668886,0,0
0,0,0.5915931142,2.375293593,0,0
0,0,0.9777976331,3.86204519,2,0
0,0,1.429709149,4.519115162,1,-1
1,1,2.025234267,5.955251178
