2,1,1
0,0,0,0,2,0
0,0,-0.09730927291,-0.9730927291,1,0
0,0,-0.2196303527,-1.223210798,0,0
0,0,-0.3094665614,-0.8983620876,0,0
0,0,-0.3620158978,-0.5254933637,1,0
0,0,-0.4634917984,-1.014759006,2,0
0,0,-0.7293427384,-2.6585094,2,0
0,0,-1.15669015,-4.273474112,2,-1
1,1,-1.746264445,-5.895742954
0,0,0,0,0,0
0,0,0.07475422755,0.7475422755,1,0
0,0,0.1591204917,0.8436626412,2,0
0,0,0.1994174864,0.402969947,0,0
0,0,0.3643941437,1.649766573,2,0
0,0,0.512693041,1.482988973,2,0
0,0,0.6806547245,1.679616836,0,0
0,0,1.001428783,3.207740581,1,0
0,0,1.439246567,4.378177845,2,-1
1,1,2.008919884,5.696733166
0,0,0,0,2,0
0,0,-0.07400936724,-0.7400936724,1,0
0,0,-0.1440815416,-0.7007217438,1,0
0,0,-0.2403092325,-0.9622769085,1,0
0,0,-0.3857529571,-1.454437246,1,0
0,0,-0.5804626305,-1.947096734,0,0
0,0,-0.7816622864,-2.011996559,1,0
0,0,-1.087028087,-3.053658002,1,0
0,0,-1.52625299,-4.392249035,2,-1
1,1,-2.114286973,-5.880339826
0,0,0,0,0,0
0,0,0.1023740969,1.023740969,2,0
0,0,0.1436584039,0.4128430698,1,0
0,0,0.2011043208,0.5744591694,0,0
0,0,0.3851939272,1.840896064,1,0
0,0,0.6448867518,2.596928246,0,0
0,0,1.060348313,4.154615616,0,-1
1,1,1.640872573,5.805242596
0,0,0,0,0,0
0,0,0.08046269756,0.8046269756,0,0
0,0,0.2616099146,1.811472171,0,0
0,0,0.5596700659,2.980601513,1,0
0,0,0.9323532848,3.726832189,0,0
0,0,1.466563533,5.34210248,1,-1
1,1,2.142095636,6.755321033
0,0,0,0,0,0
0,0,0.0814482794,0.814482794,1,0
0,0,0.1817501152,1.003018358,1,0
0,0,0.3040913042,1.22341189,1,0
0,0,0.4784081558,1.743168516,0,0
0,0,0.7931939619,3.147858062,2,0
0,0,1.166729583,3.735356214,0,-1
1,1,1.70568964,5.38960057
0,0,0,0,0,0
0,0,0.1029303483,1.029303483,0,0
0,0,0.3263531622,2.234228139,0,0
0,0,0.6930229146,3.666697524,1,0
0,0,1.158958588,4.659356729,0,-1
1,1,1.775451584,6.164929965
0,0,0,0,2,0
0,0,-0.09712871325,-0.9712871325,2,0
0,0,-0.3115488832,-2.1442017,1,0
0,0,-0.5649367814,-2.533878982,1,0
0,0,-0.9062990207,-3.413622393,1,0
0,0,-1.369974882,-4.636758609,1,-1
1,1,-1.974177049,-6.042021671
0,0,0,0,0,0
0,0,0.1043060891,1.043060891,2,0
0,0,0.145913003,0.4160691392,0,0
0,0,0.3125923296,1.666793265,2,0
0,0,0.4554685929,1.428762634,0,0
0,0,0.7583814668,3.029128738,1,0
0,0,1.163099045,4.047175783,2,-1
1,1,1.66240597,4.993069246
0,0,0,0,1,0
0,0,0.01310549301,0.1310549301,0,0
0,0,0.1255474725,1.124419794,2,0
0,0,0.1773152221,0.5176774966,2,0
0,0,0.1778202435,0.005050214158,2,0
0,0,0.1307708658,-0.4704937773,1,0
0,0,0.1205179554,-0.1025291036,2,0
0,0,0.04933697432,-0.7118098112,0,0
0,0,0.07705443121,0.2771745689,2,0
0,0,0.02885734731,-0.481970839,2,0
0,0,-0.1200833518,-1.489406991,0,0
0,0,-0.1927061216,-0.7262276975,0,0
0,0,-0.2184394061,-0.2573328448,1,0
0,0,-0.2672746246,-0.488352185,2,0
0,0,-0.442204854,-1.749302294,1,0
0,0,-0.694132203,-2.519273491,1,0
0,0,-1.036888919,-3.42756716,2,0
0,0,-1.548667236,-5.117783169,2,-1
1,1,-2.208013315,-6.593460787
0,0,0,0,2,0
0,0,-0.1055139102,-1.055139102,2,0
0,0,-0.3267434902,-2.2122958,2,0
0,0,-0.6982744908,-3.715310006,2,0
0,0,-1.225778215,-5.275037237,2,-1
1,1,-1.904411261,-6.786330467
0,0,0,0,1,0
0,0,0.001858449158,0.01858449158,2,0
0,0,-0.0749581824,-0.7681663156,2,0
0,0,-0.2529719385,-1.780137561,0,0
0,0,-0.3889031283,-1.359311897,0,0
0,0,-0.507997158,-1.190940297,0,0
0,0,-0.6283958036,-1.203986455,1,0
0,0,-0.8396675535,-2.112717499,0,0
0,0,-1.120221218,-2.805536641,1,0
0,0,-1.536965441,-4.167442236,1,-1
1,1,-2.099819933,-5.62854492
0,0,0,0,0,0
0,0,0.09716621495,0.9716621495,0,0
0,0,0.2882466512,1.910804362,1,0
0,0,0.5094661668,2.212195156,2,0
0,0,0.7335107438,2.24044577,2,0
0,0,0.9936102059,2.600994621,2,0
0,0,1.331412707,3.378025006,2,-1
1,1,1.78963449,4.582217838
0,0,0,0,1,0
0,0,0.00185990315,0.0185990315,0,0
0,0,0.08779809434,0.8593819119,0,0
0,0,0.2791975569,1.913994625,2,0
0,0,0.4171525514,1.379549946,0,0
0,0,0.7021379469,2.849853955,0,0
0,0,1.13765738,4.355194327,2,-1
1,1,1.666108293,5.284509136
0,0,0,0,1,0
0,0,0.003577302543,0.03577302543,1,0
0,0,0.003535659905,-0.0004164263846,2,0
0,0,-0.07708168031,-0.8061734022,2,0
0,0,-0.2510178461,-1.739361658,0,0
0,0,-0.3826179535,-1.316001074,2,0
0,0,-0.6625674661,-2.799495126,0,0
0,0,-0.9741072119,-3.115397458,2,0
0,0,-1.442311845,-4.682046331,0,-1
1,1,-2.042936051,-6.006242065
0,0,0,0,0,0
0,0,0.08199448006,0.8199448006,1,0
0,0,0.1902020692,1.082075891,2,0
0,0,0.248989637,0.5878756787,2,0
0,0,0.2761365665,0.2714692948,1,0
0,0,0.3648393563,0.8870278973,1,0
0,0,0.5098609319,1.450215757,2,0
0,0,0.6650402603,1.551793283,0,0
0,0,0.9959895072,3.309492469,0,0
0,0,1.496923992,5.009344847,1,-1
1,1,2.1417433,6.44819308
0,0,0,0,1,0
0,0,-0.01173582509,-0.1173582509,2,0
0,0,-0.1259102623,-1.141744373,0,0
0,0,-0.1659259989,-0.4001573653,0,0
0,0,-0.1640770329,0.01848965924,0,0
0,0,-0.1125829596,0.5149407336,2,0
0,0,-0.1649594107,-0.5237645115,1,0
0,0,-0.2437255292,-0.787661185,0,0
0,0,-0.2954930086,-0.5176747937,2,0
0,0,-0.4726738159,-1.771808073,0,0
0,0,-0.6447960121,-1.721221962,0,0
0,0,-0.841383955,-1.965879429,2,0
0,0,-1.213562958,-3.721790026,0,-1
1,1,-1.692269622,-4.787066648
0,0,0,0,2,0
0,0,-0.08889421369,-0.8889421369,1,0
0,0,-0.2057204024,-1.168261887,1,0
0,0,-0.3741378758,-1.684174734,0,0
0,0,-0.525136609,-1.509987332,2,0
0,0,-0.8288750721,-3.037384631,0,0
0,0,-1.182652684,-3.537776119,0,-1
1,1,-1.636087931,-4.534352472
0,0,0,0,1,0
0,0,-0.001586852027,-0.01586852027,1,0
0,0,0.0006534887038,0.02240340731,1,0
0,0,0.01237793431,0.1172444561,1,0
0,0,0.01447797715,0.02100042833,0,0
0,0,0.104184278,0.8970630087,1,0
0,0,0.2229495443,1.187652663,1,0
0,0,0.3802095908,1.572600465,1,0
0,0,0.5850644903,2.048548995,0,0
0,0,0.9604159763,3.753514861,1,0
0,0,1.45325024,4.928342633,1,-1
1,1,2.086770064,6.335198243
0,0,0,0,0,0
0,0,0.07782458902,0.7782458902,0,0
0,0,0.2660074542,1.881828652,2,0
0,0,0.4046151096,1.386076554,1,0
0,0,0.6133885269,2.087734172,2,0
0,0,0.8493227587,2.359342318,0,0
0,0,1.249723408,4.004006496,0,-1
1,1,1.810543395,5.608199868
0,0,0,0,2,0
0,0,-0.09057486741,-0.9057486741,2,0
0,0,-0.2819391444,-1.91364277,2,0
0,0,-0.6041432659,-3.222041214,1,0
0,0,-1.004708933,-4.005656673,2,-1
1,1,-1.57281624,-5.681073073
0,0,0,0,0,0
0,0,0.0871805652,0.871805652,2,0
0,0,0.1123106969,0.2513013173,1,0
0,0,0.1732921551,0.6098145818,2,0
0,0,0.1894750525,0.1618289736,1,0
0,0,0.246163449,0.5668839653,2,0
0,0,0.2671328901,0.2096944113,0,0
0,0,0.4315671636,1.644342734,1,0
0,0,0.6614504493,2.298832857,0,0
0,0,1.052961436,3.915109868,0,-1
1,1,1.603249935,5.502884987
0,0,0,0,1,0
0,0,-0.01655791938,-0.1655791938,1,0
0,0,-0.0340627758,-0.1750485642,2,0
0,0,-0.1581134778,-1.24050702,0,0
0,0,-0.2132331536,-0.5511967581,2,0
0,0,-0.3793787384,-1.661455849,2,0
0,0,-0.6723584162,-2.929796778,0,0
0,0,-0.9874510519,-3.150926357,1,0
0,0,-1.419554133,-4.321030815,0,-1
1,1,-1.983424884,-5.638707505
0,0,0,0,1,0
0,0,0.009995837983,0.09995837983,2,0
0,0,-0.08061514334,-0.9061098132,1,0
0,0,-0.1975454984,-1.169303551,1,0
0,0,-0.3493016675,-1.517561691,0,0
0,0,-0.4718227309,-1.225210634,2,0
0,0,-0.7486573479,-2.76834617,1,0
0,0,-1.132326573,-3.836692256,0,-1
1,1,-1.61313213,-4.808055562
0,0,0,0,2,0
0,0,-0.08968038395,-0.8968038395,0,0
0,0,-0.1195784587,-0.2989807478,0,0
0,0,-0.06688717083,0.526912879,0,0
0,0,0.05015667073,1.170438416,1,0
0,0,0.1674969323,1.173402616,1,0
0,0,0.2986357363,1.31138804,1,0
0,0,0.4644733565,1.658376202,0,0
0,0,0.7811343538,3.166609972,0,0
0,0,1.251372925,4.702385709,0,-1
1,1,1.877794617,6.26421692
0,0,0,0,1,0
0,0,-0.001308170966,-0.01308170966,1,0
0,0,-0.0005832613862,0.007249095797,1,0
0,0,-0.007775915465,-0.07192654079,2,0
0,0,-0.09097888996,-0.832029745,0,0
0,0,-0.08828892814,0.02689961822,1,0
0,0,-0.08844628367,-0.001573555302,1,0
0,0,-0.1093995161,-0.209532324,1,0
0,0,-0.1369709442,-0.275714281,1,0
0,0,-0.1973333469,-0.6036240269,0,0
0,0,-0.2131872308,-0.1585388393,0,0
0,0,-0.1843543361,0.2883289466,0,0
0,0,-0.1101522705,0.7420206561,2,0
0,0,-0.1368521701,-0.266998996,0,0
0,0,-0.08304752852,0.5380464161,2,0
0,0,-0.1145518693,-0.3150434073,1,0
0,0,-0.1615201893,-0.4696832008,0,0
0,0,-0.1507903011,0.1072988819,2,0
0,0,-0.2665295749,-1.157392737,0,0
0,0,-0.3570246515,-0.9049507658,1,0
0,0,-0.4977293901,-1.407047386,0,0
0,0,-0.6437941843,-1.460647942,1,0
0,0,-0.8725793057,-2.287851215,1,0
0,0,-1.208083461,-3.355041548,1,-1
1,1,-1.675038494,-4.669550339
0,0,0,0,0,0
0,0,0.07755438447,0.7755438447,0,0
0,0,0.2645932786,1.870388941,2,0
0,0,0.3968576724,1.322643937,2,0
0,0,0.528226237,1.313685646,1,0
0,0,0.7473002567,2.190740197,1,0
0,0,1.073912893,3.266126359,0,0
0,0,1.558602445,4.846895527,2,-1
1,1,2.188961682,6.303592363
0,0,0,0,1,0
0,0,0.008936368104,0.08936368104,1,0
0,0,0.02727089537,0.1833452726,1,0
0,0,0.06362151599,0.3635062062,1,0
0,0,0.09607359477,0.3245207878,1,0
0,0,0.1398594899,0.4378589515,1,0
0,0,0.1989570878,0.5909759789,2,0
0,0,0.1890062456,-0.09950842187,0,0
0,0,0.2845804583,0.9557421265,1,0
0,0,0.4403776353,1.55797177,2,0
0,0,0.5915605999,1.511829647,2,0
0,0,0.7738217773,1.822611774,2,0
0,0,1.000019789,2.261980117,1,0
0,0,1.350542713,3.505229242,1,-1
1,1,1.841085368,4.905426544
0,0,0,0,1,0
0,0,-0.0002278534832,-0.002278534832,2,0
0,0,-0.07820159227,-0.7797373879,0,0
0,0,-0.08752984556,-0.09328253285,2,0
0,0,-0.2127729548,-1.252431092,0,0
0,0,-0.2901817361,-0.7740878134,1,0
0,0,-0.4002767811,-1.10095045,1,0
0,0,-0.5618125412,-1.6153576,1,0
0,0,-0.8206192867,-2.588067455,0,0
0,0,-1.133507021,-3.128877343,0,0
0,0,-1.542943212,-4.094361909,0,-1
1,1,-2.096873332,-5.539301203
0,0,0,0,2,0
0,0,-0.07160392306,-0.7160392306,0,0
0,0,-0.07682722419,-0.05223301133,1,0
0,0,-0.1117371343,-0.3490991011,2,0
0,0,-0.2561221733,-1.44385039,0,0
0,0,-0.3737826254,-1.176604521,1,0
0,0,-0.5490803532,-1.752977279,2,0
0,0,-0.8695480596,-3.204677064,1,0
0,0,-1.303734667,-4.341866072,1,-1
1,1,-1.877313963,-5.735792958
0,0,0,0,0,0
0,0,0.0882621279,0.882621279,0,0
0,0,0.2742605368,1.859984089,0,0
0,0,0.593968661,3.197081242,2,0
0,0,0.9255699888,3.316013278,0,0
0,0,1.420047198,4.944772092,2,-1
1,1,2.045173855,6.251266575
0,0,0,0,0,0
0,0,0.08747526482,0.8747526482,1,0
0,0,0.1924969693,1.050217044,0,0
0,0,0.4214577304,2.289607612,1,0
0,0,0.7174476808,2.959899504,2,0
0,0,1.047742173,3.302944918,0,0
0,0,1.548490764,5.007485911,1,-1
1,1,2.195331106,6.468403425
0,0,0,0,2,0
0,0,-0.08793937537,-0.8793937537,1,0
0,0,-0.177300552,-0.8936117663,2,0
0,0,-0.3676458316,-1.903452796,1,0
0,0,-0.6038334921,-2.361876605,1,0
0,0,-0.9196633191,-3.15829827,0,0
0,0,-1.297859086,-3.781957669,0,-1
1,1,-1.795320826,-4.974617402
0,0,0,0,2,0
0,0,-0.08237545575,-0.8237545575,0,0
0,0,-0.09694662894,-0.1457117319,2,0
0,0,-0.2025105317,-1.055639028,2,0
0,0,-0.4120662851,-2.095557534,0,0
0,0,-0.6179381537,-2.058718686,0,0
0,0,-0.8574885142,-2.395503605,2,0
0,0,-1.264815508,-4.073269935,1,-1
1,1,-1.807937014,-5.43121506
0,0,0,0,2,0
0,0,-0.09545956404,-0.9545956404,2,0
0,0,-0.3066810893,-2.112215252,0,0
0,0,-0.4830993196,-1.764182303,2,0
0,0,-0.7977075284,-3.146082088,2,0
0,0,-1.265875786,-4.681682578,1,-1
1,1,-1.867837615,-6.019618289
0,0,0,0,2,0
0,0,-0.07183162273,-0.7183162273,1,0
0,0,-0.1394657842,-0.6763416148,0,0
0,0,-0.1478729307,-0.08407146518,0,0
0,0,-0.1032061933,0.4466673738,2,0
0,0,-0.1616172049,-0.5841101158,2,0
0,0,-0.3307164065,-1.690992016,0,0
0,0,-0.4804371152,-1.497207087,0,0
0,0,-0.6170202034,-1.365830882,2,0
0,0,-0.9168243117,-2.998041084,1,0
0,0,-1.338486772,-4.216624602,0,-1
1,1,-1.88412167,-5.456348977
0,0,0,0,0,0
0,0,0.07250367767,0.7250367767,0,0
0,0,0.2357224434,1.632187657,2,0
0,0,0.3388072757,1.030848324,1,0
0,0,0.510185241,1.713779653,2,0
0,0,0.6771203003,1.669350594,1,0
0,0,0.949240278,2.721199777,0,0
0,0,1.395971799,4.467315208,1,-1
1,1,1.981980333,5.860085345
0,0,0,0,2,0
0,0,-0.08510556512,-0.8510556512,2,0
0,0,-0.2734482079,-1.883426428,1,0
0,0,-0.4998643492,-2.264161413,2,0
0,0,-0.877460456,-3.775961068,0,0
0,0,-1.310901988,-4.334415324,1,-1
1,1,-1.881206709,-5.703047204
0,0,0,0,1,0
0,0,-0.0110562937,-0.110562937,2,0
0,0,-0.1167665137,-1.0571022,2,0
0,0,-0.326926691,-2.101601773,1,0
0,0,-0.5992484107,-2.723217196,0,0
0,0,-0.8874164758,-2.881680651,0,0
0,0,-1.244451742,-3.570352665,0,-1
1,1,-1.710838665,-4.66386923
0,0,0,0,0,0
0,0,0.079210887,0.79210887,2,0
0,0,0.0742145785,-0.049963085,1,0
0,0,0.08720363903,0.1298906053,1,0
0,0,0.1125604233,0.2535678427,2,0
0,0,0.08247574611,-0.3008467719,2,0
0,0,-0.03637633614,-1.188520822,0,0
0,0,-0.06872588835,-0.3234955221,0,0
0,0,-0.0423233399,0.2640254845,0,0
0,0,0.06222359973,1.045469396,1,0
0,0,0.1910960843,1.288724846,2,0
0,0,0.2603821538,0.6928606945,0,0
0,0,0.4427270557,1.82344902,1,0
0,0,0.6800064061,2.372793503,1,0
0,0,1.02482987,3.448234635,2,0
0,0,1.457973503,4.331436337,2,-1
1,1,2.025568145,5.675946421
0,0,0,0,0,0
0,0,0.07918432388,0.7918432388,1,0
0,0,0.1634063253,0.8422200142,0,0
0,0,0.3487685741,1.853622488,0,0
0,0,0.6750307894,3.262622153,0,0
0,0,1.149946701,4.749159119,1,-1
1,1,1.748207744,5.98261043
0,0,0,0,2,0
0,0,-0.07219916493,-0.7219916493,2,0
0,0,-0.249804605,-1.776054401,0,0
0,0,-0.3751261585,-1.253215535,0,0
0,0,-0.4704144987,-0.9528834017,1,0
0,0,-0.6281470474,-1.577325487,2,0
0,0,-0.9389613866,-3.108143393,1,0
0,0,-1.374021465,-4.350600785,1,-1
1,1,-1.951482231,-5.774607661
0,0,0,0,1,0
0,0,-0.0008318200936,-0.008318200936,0,0
0,0,0.09493796546,0.9576978556,0,0
0,0,0.2790734063,1.841354409,2,0
0,0,0.4251232358,1.460498295,2,0
0,0,0.5483099684,1.231867327,2,0
0,0,0.6706346079,1.223246395,1,0
0,0,0.8882957343,2.176611264,1,0
0,0,1.224342749,3.360470149,1,-1
1,1,1.695988731,4.716459814
0,0,0,0,2,0
0,0,-0.08841784218,-0.8841784218,2,0
0,0,-0.2633779867,-1.749601445,2,0
0,0,-0.5607853889,-2.974074022,2,0
0,0,-0.9985974115,-4.378120227,0,0
0,0,-1.516816748,-5.182193362,2,-1
1,1,-2.183297528,-6.664807804
0,0,0,0,0,0
0,0,0.07933188471,0.7933188471,2,0
0,0,0.08997012499,0.1063824028,2,0
0,0,0.03434022617,-0.5562989882,2,0
0,0,-0.1208832513,-1.552234774,0,0
0,0,-0.2042127503,-0.83329499,1,0
0,0,-0.3092721195,-1.050593692,0,0
0,0,-0.3732991366,-0.6402701713,1,0
0,0,-0.5000502369,-1.267511003,0,0
0,0,-0.6167002898,-1.16650053,1,0
0,0,-0.8238216712,-2.071213813,1,0
0,0,-1.14795233,-3.241306588,2,-1
1,1,-1.639055195,-4.91102865
0,0,0,0,1,0
0,0,-0.01020042891,-0.1020042891,1,0
0,0,-0.008319951051,0.01880477861,1,0
0,0,0.006900270857,0.1522022191,1,0
0,0,0.02961866055,0.2271838969,2,0
0,0,-0.01543798954,-0.4505665009,0,0
0,0,0.02970888068,0.4514687023,0,0
0,0,0.1799003607,1.5019148,0,0
0,0,0.4424825265,2.625821658,1,0
0,0,0.7836180448,3.411355183,1,0
0,0,1.221085789,4.374677445,0,-1
1,1,1.810814954,5.897291646
0,0,0,0,1,0
0,0,-0.005609237056,-0.05609237056,0,0
0,0,0.05933334402,0.6494258108,2,0
0,0,0.05032140334,-0.09011940682,1,0
0,0,0.04524839264,-0.05073010695,2,0
0,0,-0.03170719663,-0.7695558927,0,0
0,0,-0.02843471501,0.03272481624,1,0
0,0,-0.0382556906,-0.09820975594,1,0
0,0,-0.07021905368,-0.3196336308,1,0
0,0,-0.1271291558,-0.5691010217,0,0
0,0,-0.1281859985,-0.01056842665,0,0
0,0,-0.07465909256,0.5352690595,2,0
0,0,-0.114270488,-0.3961139543,1,0
0,0,-0.1595656469,-0.4529515888,1,0
0,0,-0.2422315604,-0.8266591349,1,0
0,0,-0.3708134536,-1.285818933,1,0
0,0,-0.5512402404,-1.804267868,2,0
0,0,-0.8959613418,-3.447211013,2,0
0,0,-1.409833519,-5.138721768,0,-1
1,1,-2.048872926,-6.390394069
0,0,0,0,1,0
0,0,-0.01320307731,-0.1320307731,2,0
0,0,-0.1287140215,-1.155109442,2,0
0,0,-0.3444978292,-2.157838077,2,0
0,0,-0.695098485,-3.506006559,0,0
0,0,-1.07065088,-3.755523953,0,0
0,0,-1.531651958,-4.610010776,2,-1
1,1,-2.141560291,-6.099083327
0,0,0,0,1,0
0,0,0.001997036762,0.01997036762,0,0
0,0,0.1000501426,0.980531058,0,0
0,0,0.3069775878,2.069274452,1,0
0,0,0.556913887,2.499362992,2,0
0,0,0.8285389821,2.716250951,1,0
0,0,1.210388357,3.818493752,0,-1
1,1,1.754268275,5.438799178
0,0,0,0,1,0
0,0,0.003715561539,0.03715561539,1,0
0,0,-0.008357766621,-0.1207332816,2,0
0,0,-0.09826023564,-0.8990246902,0,0
0,0,-0.1250669297,-0.2680669403,0,0
0,0,-0.07447802154,0.5058890813,0,0
0,0,0.06143639551,1.359144171,1,0
0,0,0.2019764015,1.40540006,1,0
0,0,0.3673021368,1.653257353,1,0
0,0,0.5910368356,2.237346989,1,0
0,0,0.9140140775,3.229772419,2,0
0,0,1.31130963,3.972955521,0,-1
1,1,1.865134926,5.538252968
0,0,0,0,0,0
0,0,0.08200575243,0.8200575243,2,0
0,0,0.07701456026,-0.04991192169,0,0
0,0,0.1599923941,0.8297783387,1,0
0,0,0.2730705237,1.130781296,1,0
0,0,0.4362104598,1.631399361,1,0
0,0,0.6734434113,2.372329515,2,0
0,0,0.9349189743,2.61475563,2,0
0,0,1.277974754,3.430557801,2,-1
1,1,1.738862843,4.608880882
0,0,0,0,0,0
0,0,0.09940690891,0.9940690891,1,0
0,0,0.2019609728,1.025540639,1,0
0,0,0.3272945831,1.253336103,2,0
0,0,0.4170634991,0.8976891595,0,0
0,0,0.65971712,2.426536209,2,0
0,0,0.9376366762,2.779195562,2,0
0,0,1.287021441,3.49384765,0,-1
1,1,1.796610743,5.095893021
0,0,0,0,0,0
0,0,0.1040966501,1.040966501,1,0
0,0,0.2126719196,1.085752696,2,0
0,0,0.268209692,0.5553777233,1,0
0,0,0.3732951662,1.050854742,2,0
0,0,0.4502813331,0.7698616695,2,0
0,0,0.532300992,0.8201965894,0,0
0,0,0.7612411732,2.289401812,0,0
0,0,1.16605834,4.048171666,1,-1
1,1,1.699614883,5.33556543
0,0,0,0,2,0
0,0,-0.09862246092,-0.9862246092,2,0
0,0,-0.3066153846,-2.079929237,2,0
0,0,-0.6526772333,-3.460618487,1,0
0,0,-1.076783979,-4.241067453,0,-1
1,1,-1.59338409,-5.166001116
0,0,0,0,2,0
0,0,-0.1035551252,-1.035551252,0,0
0,0,-0.1515518427,-0.4799671752,0,0
0,0,-0.1459889629,0.05562879848,1,0
0,0,-0.1589974964,-0.1300853349,2,0
0,0,-0.2960220816,-1.370245852,1,0
0,0,-0.4886322677,-1.926101861,1,0
0,0,-0.7680332644,-2.794009967,0,0
0,0,-1.094752421,-3.267191565,0,0
0,0,-1.515289854,-4.20537433,0,-1
1,1,-2.076309845,-5.610199908
0,0,0,0,0,0
0,0,0.09992262661,0.9992262661,0,0
0,0,0.3131054453,2.131828187,2,0
0,0,0.4818511016,1.687456563,1,0
0,0,0.7319391337,2.500880322,0,0
0,0,1.13409363,4.021544964,0,-1
1,1,1.692803331,5.587097014
0,0,0,0,2,0
0,0,-0.08113614231,-0.8113614231,1,0
0,0,-0.1773786563,-0.9624251397,0,0
0,0,-0.2093491878,-0.3197053151,2,0
0,0,-0.3779377168,-1.68588529,0,0
0,0,-0.5322825736,-1.543448568,2,0
0,0,-0.8320340324,-2.997514587,0,0
0,0,-1.191116985,-3.59082953,0,-1
1,1,-1.652125417,-4.610084315
0,0,0,0,2,0
0,0,-0.103738929,-1.03738929,2,0
0,0,-0.3158949857,-2.121560567,2,0
0,0,-0.6671549479,-3.512599622,1,0
0,0,-1.096103692,-4.289487446,2,-1
1,1,-1.678037154,-5.819334614
0,0,0,0,0,0
0,0,0.07795524997,0.7795524997,0,0
0,0,0.2576172756,1.796620256,1,0
0,0,0.4936869182,2.360696426,1,0
0,0,0.800325447,3.066385288,2,0
0,0,1.163121744,3.627962966,2,-1
1,1,1.6302957,4.671739562
0,0,0,0,1,0
0,0,0.01414132467,0.1414132467,1,0
0,0,0.02366469163,0.09523366959,2,0
0,0,-0.06112107179,-0.8478576341,1,0
0,0,-0.1492585631,-0.8813749136,0,0
0,0,-0.1623028579,-0.1304429475,0,0
0,0,-0.1151026721,0.4720018575,1,0
0,0,-0.09335875977,0.2174391238,1,0
0,0,-0.0884157154,0.04943044368,2,0
0,0,-0.1810703496,-0.9265463421,2,0
0,0,-0.3934940454,-2.124236957,1,0
0,0,-0.6718180172,-2.783239718,2,0
0,0,-1.10925413,-4.374361127,0,-1
1,1,-1.629887083,-5.206329535
0,0,0,0,0,0
0,0,0.09553382615,0.9553382615,2,0
0,0,0.1267053383,0.3117151217,2,0
0,0,0.08035461536,-0.4635072295,0,0
0,0,0.1401962849,0.5984166957,0,0
0,0,0.3094431892,1.692469043,2,0
0,0,0.4496948501,1.402516608,0,0
0,0,0.7272799622,2.775851121,2,0
0,0,1.037138861,3.098588988,0,0
0,0,1.512330259,4.751913977,0,-1
1,1,2.137374337,6.250440782
0,0,0,0,1,0
0,0,-0.0005421412377,-0.005421412377,1,0
0,0,-0.01480795514,-0.142658139,1,0
0,0,-0.03651055795,-0.2170260282,2,0
0,0,-0.1458984334,-1.093878755,1,0
0,0,-0.2699972622,-1.240988288,1,0
0,0,-0.4535107036,-1.835134414,1,0
0,0,-0.7230454419,-2.695347383,1,0
0,0,-1.104988523,-3.819430811,0,-1
1,1,-1.585125748,-4.801372255
0,0,0,0,0,0
0,0,0.07226400449,0.7226400449,0,0
0,0,0.2381661432,1.659021387,2,0
0,0,0.3650571032,1.2689096,1,0
0,0,0.5671849092,2.02127806,0,0
0,0,0.9248528506,3.576679414,2,0
0,0,1.348345158,4.234923073,2,-1
1,1,1.896953056,5.486078985
0,0,0,0,2,0
0,0,-0.07629635493,-0.7629635493,0,0
0,0,-0.0925345799,-0.1623822496,0,0
0,0,-0.03037957508,0.6215500482,0,0
0,0,0.1027267147,1.331062898,1,0
0,0,0.2467746486,1.44047934,2,0
0,0,0.3564647732,1.096901246,1,0
0,0,0.5115636646,1.550988914,1,0
0,0,0.7331029541,2.215392895,1,0
0,0,1.06436487,3.312619162,2,0
0,0,1.488256649,4.23891779,0,-1
1,1,2.062917639,5.746609895
0,0,0,0,1,0
0,0,0.005157359916,0.05157359916,1,0
0,0,-0.004903502064,-0.1006086198,0,0
0,0,0.06735398256,0.7225748463,1,0
0,0,0.1478892964,0.805353138,2,0
0,0,0.1621958865,0.143065901,2,0
0,0,0.1097682656,-0.5242762089,1,0
0,0,0.08696475669,-0.2280350889,2,0
0,0,0.003297275824,-0.8366748086,2,0
0,0,-0.1785036035,-1.818008793,0,0
0,0,-0.2967382477,-1.182346442,1,0
0,0,-0.4505291831,-1.537909354,1,0
0,0,-0.6869219706,-2.363927875,0,0
0,0,-0.9502837923,-2.633618217,2,0
0,0,-1.371965808,-4.216820159,1,-1
1,1,-1.93452998,-5.625641721
0,0,0,0,0,0
0,0,0.09824084977,0.9824084977,2,0
0,0,0.1321181714,0.3387732162,0,0
0,0,0.283717097,1.515989256,0,0
0,0,0.5544137971,2.706967001,0,0
0,0,0.9659202516,4.115064545,2,0
0,0,1.438671974,4.727517225,2,-1
1,1,2.042398571,6.037265968
0,0,0,0,0,0
0,0,0.09231067772,0.9231067772,1,0
0,0,0.1970112616,1.047005839,0,0
0,0,0.4282296333,2.312183717,2,0
0,0,0.6354818485,2.072522153,2,0
0,0,0.8810628453,2.455809968,2,0
0,0,1.192162796,3.110999511,0,-1
1,1,1.669794258,4.776314615
0,0,0,0,2,0
0,0,-0.08952206905,-0.8952206905,2,0
0,0,-0.2817775892,-1.922555201,0,0
0,0,-0.448030727,-1.662531378,0,0
0,0,-0.6026130157,-1.545822887,0,0
0,0,-0.7897674996,-1.871544839,0,0
0,0,-1.039263639,-2.494961389,2,0
0,0,-1.461826852,-4.22563213,0,-1
1,1,-2.018715212,-5.5688836
0,0,0,0,2,0
0,0,-0.07126129376,-0.7126129376,0,0
0,0,-0.07210827324,-0.008469794816,1,0
0,0,-0.08883665761,-0.1672838437,1,0
0,0,-0.1049372783,-0.1610062069,0,0
0,0,-0.03412347819,0.708138001,1,0
0,0,0.02619171129,0.6031518948,1,0
0,0,0.0769492901,0.507575788,2,0
0,0,0.06726300225,-0.09686287848,1,0
0,0,0.07334529287,0.06082290626,2,0
0,0,0.01050710598,-0.6283818689,0,0
0,0,0.04212057681,0.3161347083,1,0
0,0,0.08136528965,0.3924471283,2,0
0,0,0.04670779206,-0.3465749759,2,0
0,0,-0.06901629085,-1.157240829,0,0
0,0,-0.1188088499,-0.497925591,1,0
0,0,-0.1831246089,-0.6431575891,2,0
0,0,-0.3712301838,-1.88105575,2,0
0,0,-0.6992085894,-3.279784056,1,0
0,0,-1.127059064,-4.278504742,0,-1
1,1,-1.651087263,-5.24028199
0,0,0,0,0,0
0,0,0.07185522831,0.7185522831,0,0
0,0,0.2279932635,1.561380352,0,0
0,0,0.4961895118,2.681962483,0,0
0,0,0.898293782,4.021042702,1,0
0,0,1.405407774,5.071139922,0,-1
1,1,2.066499566,6.61091792
0,0,0,0,2,0
0,0,-0.09513309663,-0.9513309663,2,0
0,0,-0.306266019,-2.111329224,1,0
0,0,-0.5578225163,-2.515564973,0,0
0,0,-0.8228903875,-2.650678712,1,0
0,0,-1.200739993,-3.778496053,1,-1
1,1,-1.710444634,-5.097046408
0,0,0,0,2,0
0,0,-0.1002685245,-1.002685245,2,0
0,0,-0.3218242917,-2.215557672,0,0
0,0,-0.5043733571,-1.825490654,1,0
0,0,-0.758955464,-2.545821069,2,0
0,0,-1.173590422,-4.14634958,1,-1
1,1,-1.720675529,-5.470851072
0,0,0,0,1,0
0,0,0.004672897687,0.04672897687,2,0
0,0,-0.06589870805,-0.7057160573,2,0
0,0,-0.221218467,-1.55319759,1,0
0,0,-0.4074665023,-1.862480353,1,0
0,0,-0.6542086379,-2.467421356,0,0
0,0,-0.9243882771,-2.701796392,1,0
0,0,-1.311121919,-3.867336414,0,-1
1,1,-1.820152097,-5.090301784
0,0,0,0,1,0
0,0,-0.01256952737,-0.1256952737,2,0
0,0,-0.1035524803,-0.9098295291,1,0
0,0,-0.2172281295,-1.136756492,2,0
0,0,-0.4683683699,-2.511402405,1,0
0,0,-0.7809703029,-3.126019329,0,0
0,0,-1.133835341,-3.528650379,1,-1
1,1,-1.617025002,-4.831896611
0,0,0,0,1,0
0,0,0.007919075018,0.07919075018,1,0
0,0,0.001805758111,-0.06113316907,2,0
0,0,-0.1080962921,-1.099020502,2,0
0,0,-0.3361674034,-2.280711112,1,0
0,0,-0.6328112474,-2.96643844,2,0
0,0,-1.094888614,-4.620773664,0,-1
1,1,-1.64785426,-5.529656466
0,0,0,0,1,0
0,0,0.00899635814,0.0899635814,1,0
0,0,0.03177745233,0.2278109419,0,0
0,0,0.1652514454,1.334739931,2,0
0,0,0.2274430056,0.6219156024,2,0
0,0,0.2329267924,0.054837868,2,0
0,0,0.1844484891,-0.4847830331,1,0
0,0,0.181512452,-0.02936037055,0,0
0,0,0.2880920348,1.065795828,1,0
0,0,0.4341805817,1.460885469,1,0
0,0,0.6580169881,2.238364064,2,0
0,0,0.9155391071,2.57522119,1,0
0,0,1.285783105,3.70243998,2,-1
1,1,1.768863465,4.830803598
0,0,0,0,1,0
0,0,0.01393240747,0.1393240747,0,0
0,0,0.1329441542,1.190117468,1,0
0,0,0.2794477459,1.465035917,1,0
0,0,0.4617545465,1.823068007,1,0
0,0,0.7143748837,2.526203371,0,0
0,0,1.123979686,4.096048026,0,-1
1,1,1.693557,5.695773136
0,0,0,0,2,0
0,0,-0.09164639689,-0.9164639689,1,0
0,0,-0.2086620895,-1.170156927,0,0
0,0,-0.2771414698,-0.684793802,1,0
0,0,-0.3932371349,-1.160956651,2,0
0,0,-0.6464807172,-2.532435823,0,0
0,0,-0.9235148001,-2.770340828,0,0
0,0,-1.274813665,-3.51298865,1,-1
1,1,-1.766551597,-4.917379324
0,0,0,0,1,0
0,0,0.01721501264,0.1721501264,1,0
0,0,0.04955294346,0.3233793083,0,0
0,0,0.1612816191,1.117286756,1,0
0,0,0.3117273611,1.50445742,0,0
0,0,0.585577892,2.738505309,1,0
0,0,0.9304642303,3.448863383,1,0
0,0,1.382603553,4.521393225,2,-1
1,1,1.962246029,5.796424759
0,0,0,0,2,0
0,0,-0.09823258947,-0.9823258947,0,0
0,0,-0.1119448232,-0.1371223371,0,0
0,0,-0.05554637706,0.5639844613,2,0
0,0,-0.1086335412,-0.5308716414,2,0
0,0,-0.2637844087,-1.551508675,0,0
0,0,-0.3831654341,-1.193810254,2,0
0,0,-0.6342338153,-2.510683812,2,0
0,0,-1.047752187,-4.135183719,2,-1
1,1,-1.615342005,-5.675898178
0,0,0,0,2,0
0,0,-0.09319940083,-0.9319940083,2,0
0,0,-0.2860673509,-1.9286795,2,0
0,0,-0.613692908,-3.276255571,1,0
0,0,-1.027904757,-4.142118486,0,0
0,0,-1.517479191,-4.895744345,0,-1
1,1,-2.148578952,-6.310997614
0,0,0,0,2,0
0,0,-0.09821952364,-0.9821952364,1,0
0,0,-0.2223796136,-1.2416009,2,0
0,0,-0.4664669463,-2.440873327,0,0
0,0,-0.706164673,-2.396977266,1,0
0,0,-1.043727499,-3.375628265,2,0
0,0,-1.54257882,-4.988513206,1,-1
1,1,-2.187183988,-6.446051685
0,0,0,0,0,0
0,0,0.09523081657,0.9523081657,1,0
0,0,0.1947931516,0.9956233503,0,0
0,0,0.4096802504,2.148870988,0,0
0,0,0.7621063979,3.524261475,0,0
0,0,1.274522154,5.124157561,1,-1
1,1,1.9149825,6.404603462
0,0,0,0,0,0
0,0,0.07418692716,0.7418692716,2,0
0,0,0.05863579063,-0.1555113653,0,0
0,0,0.13227284,0.736370494,1,0
0,0,0.2423523315,1.100794915,0,0
0,0,0.473820801,2.314684695,0,0
0,0,0.8523998145,3.785790136,1,0
0,0,1.32824679,4.758469759,2,-1
1,1,1.921316307,5.93069517
0,0,0,0,1,0
0,0,-0.002309246279,-0.02309246279,2,0
0,0,-0.103396592,-1.010873457,2,0
0,0,-0.3029849588,-1.995883668,2,0
0,0,-0.6287313981,-3.257464394,0,0
0,0,-0.9731058745,-3.443744764,2,0
0,0,-1.488612824,-5.155069496,1,-1
1,1,-2.146374217,-6.577613925
0,0,0,0,1,0
0,0,0.01583609544,0.1583609544,1,0
0,0,0.01933304602,0.03496950581,1,0
0,0,0.02040241299,0.01069366965,0,0
0,0,0.1254264048,1.050239919,0,0
0,0,0.3437240076,2.182976027,0,0
0,0,0.7142381117,3.705141041,0,0
0,0,1.247778386,5.335402744,2,-1
1,1,1.89006781,6.422894243
0,0,0,0,1,0
0,0,-0.005580268346,-0.05580268346,2,0
0,0,-0.09231344293,-0.8673317458,0,0
0,0,-0.1207416622,-0.284282193,0,0
0,0,-0.06718525996,0.5355640227,0,0
0,0,0.0625299869,1.297152469,2,0
0,0,0.1024670462,0.3993705927,0,0
0,0,0.2351043071,1.32637261,2,0
0,0,0.3329852049,0.9788089778,0,0
0,0,0.5668309879,2.33845783,0,0
0,0,0.9621526824,3.953216945,1,0
0,0,1.472718634,5.105659513,0,-1
1,1,2.133499379,6.607807456
0,0,0,0,0,0
0,0,0.1043793096,1.043793096,1,0
0,0,0.2270532757,1.226739661,0,0
0,0,0.4841921662,2.571388904,0,0
0,0,0.8861209299,4.019287638,0,0
0,0,1.447742529,5.616215993,2,-1
1,1,2.139606022,6.918634922
0,0,0,0,2,0
0,0,-0.09785180103,-0.9785180103,2,0
0,0,-0.3066773856,-2.088255846,1,0
0,0,-0.5734842972,-2.668069116,0,0
0,0,-0.8549972762,-2.81512979,1,0
0,0,-1.244626048,-3.896287716,0,-1
1,1,-1.741655779,-4.970297315
0,0,0,0,2,0
0,0,-0.07105718769,-0.7105718769,0,0
0,0,-0.08069179295,-0.09634605264,0,0
0,0,-0.03188810419,0.4880368877,1,0
0,0,0.008904766154,0.4079287034,0,0
0,0,0.1284975383,1.195927721,0,0
0,0,0.3530896789,2.245921407,2,0
0,0,0.5485667719,1.95477093,2,0
0,0,0.7481958228,1.996290509,1,0
0,0,1.061805092,3.13609269,1,0
0,0,1.506527865,4.447227731,2,-1
1,1,2.092037902,5.855100368
0,0,0,0,1,0
0,0,0.01287423199,0.1287423199,1,0
0,0,0.0236736708,0.1079943881,0,0
0,0,0.1341318514,1.104581806,0,0
0,0,0.3468036198,2.126717684,2,0
0,0,0.5404454266,1.936418068,0,0
0,0,0.9005824625,3.601370359,2,0
0,0,1.331661286,4.310788233,0,-1
1,1,1.917582407,5.85921121
0,0,0,0,0,0
0,0,0.08870264713,0.8870264713,2,0
0,0,0.102296801,0.1359415382,1,0
0,0,0.1341526425,0.318558415,0,0
0,0,0.2847632217,1.506105792,2,0
0,0,0.3878906038,1.031273822,2,0
0,0,0.4639592481,0.7606864428,2,0
0,0,0.5486125425,0.8465329441,1,0
0,0,0.7193383109,1.707257684,1,0
0,0,1.000806008,2.814676974,1,0
0,0,1.405335711,4.045297025,1,-1
1,1,1.949033666,5.436979551
0,0,0,0,1,0
0,0,-0.01601967132,-0.1601967132,0,0
0,0,0.04227808085,0.5829775217,2,0
0,0,0.003208617156,-0.3906946369,1,0
0,0,-0.04832281817,-0.5153143533,1,0
0,0,-0.1179527761,-0.6962995796,1,0
0,0,-0.2019522019,-0.8399942572,1,0
0,0,-0.3201152685,-1.181630667,1,0
0,0,-0.4966195841,-1.765043156,0,0
0,0,-0.6897430012,-1.93123417,0,0
0,0,-0.9113520026,-2.216090014,1,0
0,0,-1.251743609,-3.403916061,2,-1
1,1,-1.749218679,-4.974750705
0,0,0,0,0,0
0,0,0.1032324485,1.032324485,1,0
0,0,0.2155951608,1.123627123,1,0
0,0,0.3474357906,1.318406297,0,0
0,0,0.6224186213,2.749828308,1,0
0,0,0.985952705,3.635340837,2,0
0,0,1.416681734,4.307290288,1,-1
1,1,1.986723841,5.700421068
0,0,0,0,1,0
0,0,0.0008500506798,0.008500506798,0,0
0,0,0.09086159385,0.9001154317,0,0
0,0,0.2957073596,2.048457658,0,0
0,0,0.6292512527,3.33543893,2,0
0,0,0.9769186991,3.476674465,1,0
0,0,1.435564834,4.586461351,1,-1
1,1,2.036710589,6.011457547
0,0,0,0,0,0
0,0,0.08434732582,0.8434732582,2,0
0,0,0.1042790827,0.1993175683,0,0
0,0,0.2141025555,1.098234729,1,0
0,0,0.3711268736,1.570243181,1,0
0,0,0.5808437401,2.097168665,1,0
0,0,0.8890327571,3.08189017,1,0
0,0,1.320349752,4.313169948,0,-1
1,1,1.907398363,5.870486109
0,0,0,0,0,0
0,0,0.09467162096,0.9467162096,1,0
0,0,0.1962201493,1.015485284,2,0
0,0,0.2312464735,0.350263242,2,0
0,0,0.225570708,-0.05675765508,0,0
0,0,0.326562667,1.00991959,2,0
0,0,0.3981499457,0.7158727872,2,0
0,0,0.4656346078,0.6748466209,2,0
0,0,0.5396678274,0.7403321962,2,0
0,0,0.6152265535,0.7555872606,1,0
0,0,0.7811478749,1.659213214,2,0
0,0,0.9882872277,2.071393528,0,0
0,0,1.355886489,3.675992614,0,-1
1,1,1.880511499,5.246250097
0,0,0,0,2,0
0,0,-0.1023973702,-1.023973702,1,0
0,0,-0.2050080178,-1.026106477,1,0
0,0,-0.3336833976,-1.286753797,0,0
0,0,-0.4474754477,-1.137920501,0,0
0,0,-0.5627880685,-1.153126208,0,0
0,0,-0.6813413045,-1.185532359,1,0
0,0,-0.8964924739,-2.151511695,0,0
0,0,-1.17927711,-2.827846357,1,-1
1,1,-1.599029827,-4.197527177
0,0,0,0,0,0
0,0,0.07180928027,0.7180928027,1,0
0,0,0.1491616249,0.7735234465,1,0
0,0,0.244114712,0.9495308711,0,0
0,0,0.4596891495,2.155744375,0,0
0,0,0.8083877353,3.486985858,1,0
0,0,1.25313932,4.447515847,0,-1
1,1,1.858729286,6.055899663
0,0,0,0,2,0
0,0,-0.08494869462,-0.8494869462,1,0
0,0,-0.1737403014,-0.8879160682,1,0
0,0,-0.2754961801,-1.017558786,0,0
0,0,-0.3481608628,-0.7266468272,0,0
0,0,-0.3847162115,-0.3655534871,2,0
0,0,-0.5769248272,-1.922086157,1,0
0,0,-0.8602664641,-2.83341637,2,0
0,0,-1.31222191,-4.519554458,1,-1
1,1,-1.896916479,-5.846945692
0,0,0,0,0,0
0,0,0.09547392559,0.9547392559,2,0
0,0,0.1206917554,0.2521782979,0,0
0,0,0.2397587028,1.190669474,1,0
0,0,0.403045174,1.632864711,1,0
0,0,0.6225302574,2.194850835,2,0
0,0,0.8585195697,2.359893123,1,0
0,0,1.206643826,3.481242567,1,-1
1,1,1.687925606,4.812817792
0,0,0,0,1,0
0,0,0.01165062832,0.1165062832,2,0
0,0,-0.05452970765,-0.6618033597,2,0
0,0,-0.2137700317,-1.592403241,1,0
0,0,-0.3994048788,-1.856348471,0,0
0,0,-0.561696822,-1.622919431,1,0
0,0,-0.7997390312,-2.380422092,0,0
0,0,-1.089197647,-2.894586161,0,0
0,0,-1.469513991,-3.803163433,0,-1
1,1,-1.987725534,-5.18211543
0,0,0,0,1,0
0,0,0.01553325479,0.1553325479,2,0
0,0,-0.04121806315,-0.5675131794,1,0
0,0,-0.107743977,-0.6652591385,1,0
0,0,-0.1820604244,-0.7431644736,0,0
0,0,-0.2033113559,-0.2125093154,2,0
0,0,-0.3586654825,-1.553541266,2,0
0,0,-0.638800193,-2.801347104,2,0
0,0,-1.083300585,-4.445003922,0,-1
1,1,-1.617093506,-5.337929208
0,0,0,0,1,0
0,0,-0.005902811,-0.05902811,1,0
0,0,-0.02889746519,-0.2299465419,2,0
0,0,-0.1514481279,-1.225506627,1,0
0,0,-0.283007078,-1.315589501,0,0
0,0,-0.3933954584,-1.103883805,2,0
0,0,-0.650749278,-2.573538196,1,0
0,0,-1.009566222,-3.588169438,2,0
0,0,-1.529951014,-5.203847925,2,-1
1,1,-2.198839106,-6.688880919
0,0,0,0,2,0
0,0,-0.09768424379,-0.9768424379,2,0
0,0,-0.3127492609,-2.150650171,1,0
0,0,-0.5618363254,-2.490870645,1,0
0,0,-0.8962797127,-3.344433872,1,0
0,0,-1.34618276,-4.49903047,1,-1
1,1,-1.936189877,-5.900071177
0,0,0,0,0,0
0,0,0.0802192987,0.802192987,1,0
0,0,0.168921942,0.8870264329,1,0
0,0,0.2765813081,1.076593661,1,0
0,0,0.4351612309,1.585799228,2,0
0,0,0.5736281097,1.384668788,0,0
0,0,0.878905551,3.052774413,0,0
0,0,1.348357748,4.694521967,1,-1
1,1,1.954369197,6.06011449
0,0,0,0,0,0
0,0,0.08989562227,0.8989562227,1,0
0,0,0.2040233555,1.141277332,2,0
0,0,0.2557964484,0.5177309287,0,0
0,0,0.4409871126,1.851906643,0,0
0,0,0.7582183071,3.172311944,0,0
0,0,1.23653978,4.783214727,1,-1
1,1,1.849760744,6.132209647
0,0,0,0,0,0
0,0,0.09582516942,0.9582516942,2,0
0,0,0.1171775067,0.2135233731,0,0
0,0,0.2295224023,1.123448956,2,0
0,0,0.2890163229,0.5949392054,0,0
0,0,0.4773832182,1.883668953,2,0
0,0,0.6666920986,1.893088804,2,0
0,0,0.8801132624,2.134211638,0,0
0,0,1.256495179,3.76381917,0,-1
1,1,1.78857598,5.320808004
0,0,0,0,1,0
0,0,-1.88759879e-05,-0.000188759879,1,0
0,0,-0.004595709911,-0.04576833923,0,0
0,0,0.08234673253,0.8694244244,2,0
0,0,0.08267676516,0.003300326258,2,0
0,0,0.004115018477,-0.7856174668,1,0
0,0,-0.06771945864,-0.7183447712,1,0
0,0,-0.162632259,-0.949128004,2,0
0,0,-0.3732301961,-2.105979371,2,0
0,0,-0.7179574091,-3.447272129,2,0
0,0,-1.218135027,-5.001776179,1,-1
1,1,-1.851242435,-6.331074081
0,0,0,0,0,0
0,0,0.08461593629,0.8461593629,1,0
0,0,0.19488471,1.102687737,1,0
0,0,0.3530296129,1.581449029,1,0
0,0,0.5603243397,2.072947268,0,0
0,0,0.9349952425,3.746709028,2,0
0,0,1.376606102,4.416108599,1,-1
1,1,1.959560646,5.829545434
0,0,0,0,1,0
0,0,0.008490098865,0.08490098865,1,0
0,0,0.006168602088,-0.02321496777,0,0
0,0,0.08651275551,0.8034415342,1,0
0,0,0.1747264256,0.8821367005,0,0
0,0,0.3738182254,1.990917998,1,0
0,0,0.6266463252,2.528280999,1,0
0,0,0.9814512074,3.548048822,0,0
0,0,1.498793614,5.173424064,0,-1
1,1,2.165405115,6.66611501
0,0,0,0,0,0
0,0,0.1037999711,1.037999711,0,0
0,0,0.3180923445,2.142923734,2,0
0,0,0.5063034539,1.882111094,0,0
0,0,0.8563446776,3.500412236,2,0
0,0,1.272721588,4.163769109,2,-1
1,1,1.804358679,5.316370908
0,0,0,0,2,0
0,0,-0.1052723924,-1.052723924,0,0
0,0,-0.1404003083,-0.3512791585,0,0
0,0,-0.09783554302,0.4256476525,2,0
0,0,-0.1530534845,-0.5521794144,0,0
0,0,-0.1322143277,0.2083915678,1,0
0,0,-0.13298488,-0.007705522927,1,0
0,0,-0.1508804206,-0.1789554062,0,0
0,0,-0.09463958625,0.5624083434,1,0
0,0,-0.05278187156,0.418577147,1,0
0,0,-0.007209541792,0.4557232976,2,0
0,0,-0.04846871042,-0.4125916862,0,0
0,0,0.005728119833,0.5419683025,1,0
0,0,0.06288541202,0.5715729219,0,0
0,0,0.2241656598,1.612802478,1,0
0,0,0.4107288284,1.865631685,2,0
0,0,0.5832245611,1.724957328,2,0
0,0,0.7758518468,1.926272856,0,0
0,0,1.128590381,3.527385339,1,-1
1,1,1.608859915,4.802695345
0,0,0,0,1,0
0,0,-0.009901073076,-0.09901073076,0,0
0,0,0.05579543238,0.6569650546,1,0
0,0,0.1182703811,0.6247494872,1,0
0,0,0.1861834784,0.6791309731,2,0
0,0,0.2134515026,0.2726802418,1,0
0,0,0.2912510217,0.777995191,0,0
0,0,0.5050197395,2.137687178,1,0
0,0,0.7981941939,2.931744545,1,0
0,0,1.204337983,4.061437886,0,-1
1,1,1.770695618,5.663576358
0,0,0,0,2,0
0,0,-0.1052713714,-1.052713714,1,0
0,0,-0.2203242544,-1.15052883,1,0
0,0,-0.3741633298,-1.538390755,2,0
0,0,-0.6830213035,-3.088579736,2,0
0,0,-1.143863162,-4.608418581,2,-1
1,1,-1.765420201,-6.215570392
0,0,0,0,1,0
0,0,0.00367479083,0.0367479083,1,0
0,0,-0.0008473972087,-0.04522188039,0,0
0,0,0.08404064834,0.8488804555,2,0
0,0,0.08765507756,0.03614429226,0,0
0,0,0.1820225799,0.9436750238,0,0
0,0,0.3915415776,2.095189977,0,0
0,0,0.7406986478,3.491570702,2,0
0,0,1.134219372,3.935207244,1,-1
1,1,1.660624896,5.264055242
0,0,0,0,2,0
0,0,-0.07333697424,-0.7333697424,2,0
0,0,-0.2383100791,-1.649731049,2,0
0,0,-0.5218156892,-2.835056101,1,0
0,0,-0.8769762879,-3.551605987,0,0
0,0,-1.299564886,-4.225885986,1,-1
1,1,-1.860703768,-5.611388819
0,0,0,0,1,0
0,0,0.004456909411,0.04456909411,1,0
0,0,0.02005431063,0.1559740122,1,0
0,0,0.02302834733,0.02974036699,0,0
0,0,0.10775493,0.8472658269,0,0
0,0,0.2816541353,1.738992053,1,0
0,0,0.4890102081,2.073560728,1,0
0,0,0.7711631453,2.821529373,1,0
0,0,1.148193311,3.770301655,0,-1
1,1,1.685214094,5.370207833
0,0,0,0,1,0
0,0,0.01512361594,0.1512361594,2,0
0,0,-0.07022219352,-0.8534580947,1,0
0,0,-0.1836505258,-1.134283323,1,0
0,0,-0.3440126672,-1.603621414,0,0
0,0,-0.4860471359,-1.420344688,0,0
0,0,-0.6440966698,-1.580495338,2,0
0,0,-0.9577388095,-3.136421397,1,0
0,0,-1.394306431,-4.36567622,0,-1
1,1,-1.959869425,-5.655629935
0,0,0,0,2,0
0,0,-0.1048536204,-1.048536204,1,0
0,0,-0.2247378571,-1.198842367,2,0
0,0,-0.4737845447,-2.490466876,1,0
0,0,-0.8062113695,-3.324268247,2,0
0,0,-1.292426527,-4.862151575,1,-1
1,1,-1.914684339,-6.222578122
0,0,0,0,0,0
0,0,0.08735767503,0.8735767503,1,0
0,0,0.198585606,1.11227931,1,0
0,0,0.3489183475,1.503327415,2,0
0,0,0.463212964,1.142946165,1,0
0,0,0.6619895573,1.987765933,1,0
0,0,0.9508618396,2.888722823,1,0
0,0,1.367927482,4.170656428,0,-1
1,1,1.93927955,5.713520674
0,0,0,0,0,0
0,0,0.1017735145,1.017735145,1,0
0,0,0.211540039,1.097665245,2,0
0,0,0.2683852857,0.5684524671,1,0
0,0,0.3755772873,1.071920016,1,0
0,0,0.5592763269,1.836990396,2,0
0,0,0.7570930288,1.978167019,0,0
0,0,1.122371268,3.652782388,2,-1
1,1,1.575975725,4.536044573
0,0,0,0,1,0
0,0,0.0005579269921,0.005579269921,2,0
0,0,-0.08248178691,-0.830397139,2,0
0,0,-0.2748607025,-1.923789156,2,0
0,0,-0.60302482,-3.281641175,2,0
0,0,-1.093853355,-4.90828535,0,-1
1,1,-1.662719421,-5.688660665
0,0,0,0,1,0
0,0,0.007938467598,0.07938467598,0,0
0,0,0.1187092455,1.107707779,2,0
0,0,0.170780999,0.5207175348,1,0
0,0,0.2505552718,0.7977427277,2,0
0,0,0.286636915,0.3608164323,1,0
0,0,0.3693972229,0.8276030786,1,0
0,0,0.5117334371,1.423362142,1,0
0,0,0.7358475737,2.241141366,0,0
0,0,1.119979061,3.841314876,1,-1
1,1,1.635508374,5.155293132
0,0,0,0,1,0
0,0,-0.006944985324,-0.06944985324,2,0
0,0,-0.1065770879,-0.9963210261,2,0
0,0,-0.3255670638,-2.189899759,0,0
0,0,-0.5303495787,-2.047825149,2,0
0,0,-0.8740343189,-3.436847403,1,0
0,0,-1.327185664,-4.531513447,0,-1
1,1,-1.899887143,-5.72701479
0,0,0,0,1,0
0,0,0.007724315347,0.07724315347,0,0
0,0,0.1222730761,1.145487608,0,0
0,0,0.3440715395,2.217984633,0,0
0,0,0.7041547574,3.600832179,2,0
0,0,1.093567709,3.894129521,2,-1
1,1,1.579180237,4.856125272
0,0,0,0,2,0
0,0,-0.07088433848,-0.7088433848,2,0
0,0,-0.2466856575,-1.758013191,0,0
0,0,-0.3654471723,-1.187615148,0,0
0,0,-0.4490837069,-0.8363653456,0,0
0,0,-0.5206363612,-0.7155265435,2,0
0,0,-0.7350267477,-2.143903864,1,0
0,0,-1.05767941,-3.22652662,0,0
0,0,-1.463965775,-4.062863649,2,-1
1,1,-2.02195927,-5.579934952
0,0,0,0,1,0
0,0,-0.002725505248,-0.02725505248,2,0
0,0,-0.1072768677,-1.045513625,2,0
0,0,-0.3109069547,-2.03630087,1,0
0,0,-0.5798807637,-2.68973809,2,0
0,0,-1.012128847,-4.322480832,0,0
0,0,-1.524020342,-5.118914955,1,-1
1,1,-2.181620852,-6.576005093
0,0,0,0,1,0
0,0,0.007100734709,0.07100734709,0,0
0,0,0.1014202135,0.9431947877,0,0
0,0,0.3176211957,2.162009822,0,0
0,0,0.6784484694,3.608272736,1,0
0,0,1.120857199,4.424087293,1,-1
1,1,1.689506496,5.686492973
0,0,0,0,0,0
0,0,0.09675855194,0.9675855194,1,0
0,0,0.2130758473,1.163172954,0,0
0,0,0.467704302,2.546284547,0,0
0,0,0.8772860391,4.095817371,1,0
0,0,1.400989157,5.237031182,0,-1
1,1,2.076167235,6.751780773
0,0,0,0,1,0
0,0,-0.005121894602,-0.05121894602,1,0
0,0,-0.007112400124,-0.01990505521,2,0
0,0,-0.09831315771,-0.9120075759,2,0
0,0,-0.2787371973,-1.804240395,1,0
0,0,-0.5054912,-2.267540028,2,0
0,0,-0.8885581578,-3.830669578,2,0
0,0,-1.424679874,-5.361217159,1,-1
1,1,-2.098396705,-6.737168308
0,0,0,0,0,0
0,0,0.07809260617,0.7809260617,0,0
0,0,0.2602277276,1.821351214,2,0
0,0,0.4108195424,1.505918149,0,0
0,0,0.6957416345,2.849220921,0,0
0,0,1.15090992,4.551682855,1,-1
1,1,1.737152969,5.862430495
0,0,0,0,2,0
0,0,-0.07848337376,-0.7848337376,1,0
0,0,-0.1866391801,-1.081558064,2,0
0,0,-0.4198557277,-2.332165476,2,0
0,0,-0.7914345787,-3.71578851,2,0
0,0,-1.31627859,-5.248440111,0,-1
1,1,-1.95241498,-6.361363903
0,0,0,0,2,0
0,0,-0.09053374232,-0.9053374232,0,0
0,0,-0.1022313982,-0.1169765592,2,0
0,0,-0.2151196078,-1.128882096,2,0
0,0,-0.441771093,-2.266514851,1,0
0,0,-0.7510948003,-3.093237074,1,0
0,0,-1.157262774,-4.06167974,1,-1
1,1,-1.688643088,-5.313803133
0,0,0,0,0,0
0,0,0.08086526806,0.8086526806,0,0
0,0,0.2489050772,1.680398092,0,0
0,0,0.5276267987,2.787217214,0,0
0,0,0.9579604803,4.303336816,1,0
0,0,1.504364874,5.464043938,1,-1
1,1,2.195173927,6.908090532
0,0,0,0,1,0
0,0,-0.007689483338,-0.07689483338,2,0
0,0,-0.1042314637,-0.9654198039,0,0
0,0,-0.130788955,-0.2655749124,2,0
0,0,-0.281302532,-1.505135771,0,0
0,0,-0.3964938076,-1.151912756,1,0
0,0,-0.58360952,-1.871157123,1,0
0,0,-0.8715739699,-2.879644499,1,0
0,0,-1.276312508,-4.047385382,0,-1
1,1,-1.795167577,-5.188550686
0,0,0,0,1,0
0,0,0.0147064359,0.147064359,2,0
0,0,-0.0519668822,-0.6667331811,1,0
0,0,-0.1359043093,-0.839374271,0,0
0,0,-0.1662284489,-0.3032413957,2,0
0,0,-0.3206354681,-1.544070192,2,0
0,0,-0.5993460933,-2.787106252,0,0
0,0,-0.9084002589,-3.090541655,1,0
0,0,-1.332852429,-4.244521698,0,-1
1,1,-1.87939517,-5.465427409
0,0,0,0,1,0
0,0,0.004754536125,0.04754536125,2,0
0,0,-0.07848615359,-0.8324068972,0,0
0,0,-0.1022968247,-0.2381067113,1,0
0,0,-0.1280241994,-0.2572737467,2,0
0,0,-0.2551237042,-1.270995048,0,0
0,0,-0.3413309288,-0.8620722461,1,0
0,0,-0.4678018741,-1.264709453,1,0
0,0,-0.6756869702,-2.078850961,2,0
0,0,-1.050411673,-3.747247026,2,-1
1,1,-1.581531972,-5.311202991
0,0,0,0,2,0
0,0,-0.1040125205,-1.040125205,1,0
0,0,-0.220767195,-1.167546746,1,0
0,0,-0.3745663472,-1.537991522,2,0
0,0,-0.6808655245,-3.062991773,0,0
0,0,-1.017915036,-3.370495117,0,0
0,0,-1.431952599,-4.140375628,0,-1
1,1,-1.979896273,-5.47943674
0,0,0,0,1,0
0,0,-0.006574256384,-0.06574256384,1,0
0,0,-0.009137589989,-0.02563333605,0,0
0,0,0.0756079296,0.8474551959,1,0
0,0,0.1729363354,0.9732840578,1,0
0,0,0.2846920826,1.117557472,2,0
0,0,0.3758023332,0.911102506,1,0
0,0,0.5241786909,1.483763577,1,0
0,0,0.7616586774,2.374799865,0,0
0,0,1.166825218,4.051665402,0,-1
1,1,1.733177185,5.663519675
0,0,0,0,0,0
0,0,0.09020192652,0.9020192652,1,0
0,0,0.1999792286,1.097773021,2,0
0,0,0.2461200564,0.4614082782,2,0
0,0,0.2472673848,0.0114732839,0,0
0,0,0.3718813231,1.246139383,1,0
0,0,0.5493526505,1.774713273,1,0
0,0,0.8067028371,2.573501867,2,0
0,0,1.111830987,3.051281498,0,-1
1,1,1.582802055,4.709710685
0,0,0,0,1,0
0,0,-0.004732292092,-0.04732292092,2,0
0,0,-0.1132966551,-1.08564363,0,0
0,0,-0.1630004988,-0.4970384364,2,0
0,0,-0.3418550636,-1.788545648,0,0
0,0,-0.4992248231,-1.573697596,0,0
0,0,-0.6718930071,-1.72668184,0,0
0,0,-0.8833596002,-2.114665931,1,0
0,0,-1.207569423,-3.242098229,2,-1
1,1,-1.694146915,-4.865774922
0,0,0,0,0,0
0,0,0.09132191893,0.9132191893,0,0
0,0,0.3007830971,2.094611781,2,0
0,0,0.4908729107,1.900898136,0,0
0,0,0.8286132368,3.377403261,1,0
0,0,1.269074967,4.404617301,0,-1
1,1,1.862959883,5.938849163
0,0,0,0,0,0
0,0,0.07766177376,0.7766177376,2,0
0,0,0.0740524408,-0.03609332963,1,0
0,0,0.08709049931,0.1303805851,2,0
0,0,0.02548884176,-0.6160165755,0,0
0,0,0.06892051489,0.4343167313,0,0
0,0,0.2017380795,1.328175646,0,0
0,0,0.4708927172,2.691546377,0,0
0,0,0.8826324026,4.117396854,1,0
0,0,1.395157107,5.125247041,2,-1
1,1,2.033649208,6.384921018
0,0,0,0,2,0
0,0,-0.07393470956,-0.7393470956,2,0
0,0,-0.2625923295,-1.8865762,0,0
0,0,-0.3959231209,-1.333307914,0,0
0,0,-0.5221464593,-1.262233384,0,0
0,0,-0.6552451791,-1.330987198,1,0
0,0,-0.8919504077,-2.367052286,1,0
0,0,-1.245046184,-3.53095776,0,-1
1,1,-1.714153075,-4.69106891
0,0,0,0,2,0
0,0,-0.07187227171,-0.7187227171,2,0
0,0,-0.2326975154,-1.608252437,1,0
0,0,-0.41911188,-1.864143646,0,0
0,0,-0.6002842536,-1.811723736,1,0
0,0,-0.8672342752,-2.669500216,0,0
0,0,-1.197540032,-3.303057565,2,-1
1,1,-1.688000018,-4.904599863
0,0,0,0,2,0
0,0,-0.07414874805,-0.7414874805,2,0
0,0,-0.2575995881,-1.8345084,0,0
0,0,-0.4064093884,-1.488098004,1,0
0,0,-0.6178122511,-2.114028626,1,0
0,0,-0.9325963665,-3.147841155,0,0
0,0,-1.30899023,-3.763938635,2,-1
1,1,-1.83947816,-5.304879302
0,0,0,0,1,0
0,0,0.006965955628,0.06965955628,2,0
0,0,-0.08344955438,-0.9041551001,1,0
0,0,-0.174196855,-0.9074730058,2,0
0,0,-0.3664124982,-1.922156432,1,0
0,0,-0.6291919342,-2.627794361,1,0
0,0,-0.9899833362,-3.607914019,2,0
0,0,-1.509014996,-5.190316596,2,-1
1,1,-2.177007635,-6.679926397
0,0,0,0,0,0
0,0,0.0825659036,0.825659036,1,0
0,0,0.1918862191,1.093203155,1,0
0,0,0.3338837271,1.419975081,0,0
0,0,0.6077933693,2.739096422,2,0
0,0,0.9133173846,3.055240153,1,0
0,0,1.33337979,4.200624058,2,-1
1,1,1.876483955,5.431041641
0,0,0,0,1,0
0,0,0.015658669,0.15658669,0,0
0,0,0.1154590198,0.9980035079,0,0
0,0,0.3322163984,2.167573787,1,0
0,0,0.6084927051,2.762763066,2,0
0,0,0.9098808122,3.013881071,2,0
0,0,1.278954271,3.690734587,0,-1
1,1,1.802635581,5.2368131
0,0,0,0,1,0
0,0,-0.003067720526,-0.03067720526,2,0
0,0,-0.1046211871,-1.015534666,2,0
0,0,-0.2954050746,-1.907838874,1,0
0,0,-0.5363819456,-2.409768711,2,0
0,0,-0.9432544449,-4.068724993,2,0
0,0,-1.51749426,-5.742398146,1,-1
1,1,-2.235922644,-7.184283841
0,0,0,0,0,0
0,0,0.07222993909,0.7222993909,1,0
0,0,0.1555759292,0.8334599011,1,0
0,0,0.273580584,1.180046548,0,0
0,0,0.5345980329,2.610174488,0,0
0,0,0.9449231303,4.103250975,1,0
0,0,1.465159423,5.202362922,1,-1
1,1,2.127423002,6.622635797
0,0,0,0,2,0
0,0,-0.09463122471,-0.9463122471,1,0
0,0,-0.2193682289,-1.247370042,1,0
0,0,-0.3949320861,-1.755638572,1,0
0,0,-0.641177843,-2.462457569,1,0
0,0,-0.9700733203,-3.288954772,1,0
0,0,-1.418561004,-4.484876837,2,-1
1,1,-2.018617863,-6.00056859
0,0,0,0,1,0
0,0,0.0156012709,0.156012709,1,0
0,0,0.04111001375,0.2550874285,1,0
0,0,0.0670418921,0.2593187836,0,0
0,0,0.2058972844,1.388553923,2,0
0,0,0.2952425543,0.893452699,0,0
0,0,0.5087905798,2.135480255,0,0
0,0,0.8666912521,3.579006723,2,0
0,0,1.276400705,4.097094527,2,-1
1,1,1.795302369,5.18901664
0,0,0,0,0,0
0,0,0.09544226952,0.9544226952,0,0
0,0,0.3056982253,2.102559557,0,0
0,0,0.6517960708,3.460978456,0,0
0,0,1.155983027,5.041869563,1,-1
1,1,1.783595955,6.276129278
0,0,0,0,2,0
0,0,-0.08948277881,-0.8948277881,1,0
0,0,-0.1908518251,-1.013690463,1,0
0,0,-0.3296495406,-1.387977155,0,0
0,0,-0.4362249421,-1.065754015,2,0
0,0,-0.6810919947,-2.448670526,1,0
0,0,-1.021065917,-3.399739218,2,0
0,0,-1.522698862,-5.016329454,1,-1
1,1,-2.168833513,-6.46134651
0,0,0,0,1,0
0,0,-0.01748050068,-0.1748050068,0,0
0,0,0.05541793952,0.7289844019,0,0
0,0,0.2102069021,1.547889626,1,0
0,0,0.4162187411,2.060118391,0,0
0,0,0.7719014057,3.556826646,0,0
0,0,1.291724842,5.198234362,1,-1
1,1,1.946309576,6.545847344
0,0,0,0,2,0
0,0,-0.09468033881,-0.9468033881,2,0
0,0,-0.3086151578,-2.13934819,1,0
0,0,-0.564839838,-2.562246801,2,0
0,0,-0.9865746868,-4.217348488,0,0
0,0,-1.472535591,-4.859609043,2,-1
1,1,-2.108724343,-6.361887516
0,0,0,0,1,0
0,0,0.001042950354,0.01042950354,1,0
0,0,-0.01001436078,-0.1105731113,0,0
0,0,0.0776466375,0.8766099828,1,0
0,0,0.1617055364,0.8405889887,1,0
0,0,0.2721371594,1.10431623,2,0
0,0,0.3509741614,0.7883700197,2,0
0,0,0.4201108361,0.691366747,0,0
0,0,0.646785803,2.266749669,1,0
0,0,0.9794805929,3.326947899,0,0
0,0,1.479007986,4.995273935,2,-1
1,1,2.11523549,6.362275031
0,0,0,0,0,0
0,0,0.07597633227,0.7597633227,1,0
0,0,0.1545192938,0.7854296152,0,0
0,0,0.3548689768,2.00349683,0,0
0,0,0.698643005,3.437740283,2,0
0,0,1.062728841,3.64085836,1,0
0,0,1.550641625,4.879127839,1,-1
1,1,2.184630368,6.339887435
0,0,0,0,2,0
0,0,-0.08985608637,-0.8985608637,0,0
0,0,-0.1204203628,-0.3056427644,2,0
0,0,-0.2743063407,-1.538859779,1,0
0,0,-0.4812991296,-2.069927889,1,0
0,0,-0.7566118503,-2.753127206,0,0
0,0,-1.065062074,-3.084502235,1,0
0,0,-1.498799569,-4.337374955,1,-1
1,1,-2.077253091,-5.784535216
0,0,0,0,1,0
0,0,0.007485500122,0.07485500122,2,0
0,0,-0.0860529792,-0.9353847932,1,0
0,0,-0.2098726713,-1.238196921,2,0
0,0,-0.442511428,-2.326387566,0,0
0,0,-0.6646901029,-2.221786749,1,0
0,0,-0.9730905517,-3.084004488,1,0
0,0,-1.402558075,-4.294675233,1,-1
1,1,-1.975248213,-5.726901384
0,0,0,0,2,0
0,0,-0.07448496145,-0.7448496145,2,0
0,0,-0.2517925804,-1.773076189,0,0
0,0,-0.3929529937,-1.411604133,1,0
0,0,-0.5858307141,-1.928777204,2,0
0,0,-0.9425263105,-3.566955964,0,0
0,0,-1.369712461,-4.271861507,2,-1
1,1,-1.949296408,-5.79583947
0,0,0,0,0,0
0,0,0.1014208192,1.014208192,2,0
0,0,0.1384339804,0.3701316128,1,0
0,0,0.2050822907,0.6664831029,2,0
0,0,0.2191450688,0.140627781,0,0
0,0,0.3403384287,1.211933599,2,0
0,0,0.4253830771,0.8504464833,2,0
0,0,0.5098127286,0.8442965156,2,0
0,0,0.6110223938,1.012096652,2,0
0,0,0.7463943493,1.353719554,0,0
0,0,1.044511222,2.981168727,1,0
0,0,1.470643858,4.261326359,1,-1
1,1,2.039463208,5.688193503
0,0,0,0,1,0
0,0,-0.01596140274,-0.1596140274,1,0
0,0,-0.03774581197,-0.2178440923,0,0
0,0,0.03480663505,0.7255244702,1,0
0,0,0.1204408071,0.8563417207,2,0
0,0,0.1449392242,0.2449841704,0,0
0,0,0.2829323025,1.379930783,2,0
0,0,0.3795459442,0.9661364176,0,0
0,0,0.6106676293,2.311216851,1,0
0,0,0.9249912754,3.143236461,2,0
0,0,1.317246843,3.922555677,2,-1
1,1,1.830422379,5.131755363
0,0,0,0,1,0
0,0,-0.01243583655,-0.1243583655,0,0
0,0,0.05060427019,0.6304010674,1,0
0,0,0.1232752949,0.7267102467,2,0
0,0,0.1298942159,0.06618921018,1,0
0,0,0.1550913543,0.2519713837,0,0
0,0,0.2868664956,1.317751414,1,0
0,0,0.4709447138,1.840782182,0,0
0,0,0.7958487129,3.249039991,1,0
0,0,1.234754028,4.389053152,2,-1
1,1,1.776737628,5.419835999
0,0,0,0,1,0
0,0,0.007328382329,0.07328382329,2,0
0,0,-0.06791187369,-0.7524025602,2,0
0,0,-0.2255300234,-1.576181497,2,0
0,0,-0.5098289162,-2.842988928,1,0
0,0,-0.8642059282,-3.54377012,0,0
0,0,-1.284469546,-4.202636174,2,-1
1,1,-1.858203391,-5.737338451
0,0,0,0,1,0
0,0,0.01551458688,0.1551458688,0,0
0,0,0.1280024349,1.12487848,2,0
0,0,0.175270838,0.4726840308,0,0
0,0,0.3527852116,1.775143736,0,0
0,0,0.6811752461,3.283900345,1,0
0,0,1.093522575,4.123473288,2,-1
1,1,1.598796088,5.052735135
0,0,0,0,0,0
0,0,0.07425591257,0.7425591257,2,0
0,0,0.06954463416,-0.04711278404,1,0
0,0,0.08949757928,0.1995294512,2,0
0,0,0.045772748,-0.4372483129,1,0
0,0,0.01089510951,-0.3487763849,0,0
0,0,0.07747102687,0.6657591737,0,0
0,0,0.2575600963,1.800890694,1,0
0,0,0.4904728286,2.329127324,1,0
0,0,0.7924666145,3.019937858,2,0
0,0,1.132429865,3.399632508,2,0
0,0,1.564743866,4.323140006,1,-1
1,1,2.143852937,5.791090707
0,0,0,0,2,0
0,0,-0.08206101002,-0.8206101002,1,0
0,0,-0.1860484824,-1.039874724,1,0
0,0,-0.3066590105,-1.206105281,2,0
0,0,-0.5482966954,-2.416376849,2,0
0,0,-0.9373898783,-3.89093183,1,0
0,0,-1.446980339,-5.09590461,1,-1
1,1,-2.098073449,-6.510931098
0,0,0,0,1,0
0,0,-0.01429985612,-0.1429985612,0,0
0,0,0.04886055015,0.6316040626,2,0
0,0,0.02578814796,-0.2307240219,1,0
0,0,-0.007242439963,-0.3303058793,2,0
0,0,-0.1301403012,-1.228978612,2,0
0,0,-0.3719369308,-2.417966296,1,0
0,0,-0.6690845361,-2.971476053,0,0
0,0,-0.9886509598,-3.195664237,1,0
0,0,-1.436431667,-4.477807068,0,-1
1,1,-2.01752524,-5.810935733
0,0,0,0,1,0
0,0,0.01647314038,0.1647314038,2,0
0,0,-0.06349626264,-0.7996940301,0,0
0,0,-0.08357472856,-0.2007846593,2,0
0,0,-0.2028817328,-1.193070043,0,0
0,0,-0.2658847117,-0.6300297885,2,0
0,0,-0.4567274273,-1.908427156,0,0
0,0,-0.6324705906,-1.757431633,0,0
0,0,-0.8385104782,-2.060398876,2,0
0,0,-1.203637067,-3.651265892,2,-1
1,1,-1.726603645,-5.229665779
0,0,0,0,1,0
0,0,-0.00633949241,-0.0633949241,1,0
0,0,-0.02782745889,-0.2148796648,2,0
0,0,-0.1408241774,-1.129967185,2,0
0,0,-0.3639480583,-2.231238809,1,0
0,0,-0.6594585376,-2.955104793,1,0
0,0,-1.03581199,-3.763534525,2,0
0,0,-1.569212821,-5.334008309,0,-1
1,1,-2.249447527,-6.80234706
0,0,0,0,1,0
0,0,0.002373821635,0.02373821635,0,0
0,0,0.08050291697,0.7812909534,1,0
0,0,0.1634003697,0.8289745269,2,0
0,0,0.2015630284,0.381626587,2,0
0,0,0.2034107351,0.01847706694,2,0
0,0,0.1521218111,-0.5128892394,2,0
0,0,0.03265453687,-1.194672742,2,0
0,0,-0.1688074183,-2.014619552,2,0
0,0,-0.4874712326,-3.186638143,1,0
0,0,-0.8724129971,-3.849417646,1,0
0,0,-1.361164104,-4.887511069,0,-1
1,1,-1.968824326,-6.076602217
0,0,0,0,0,0
0,0,0.09556383127,0.9556383127,2,0
0,0,0.1079413009,0.1237746967,2,0
0,0,0.04576247838,-0.6217882256,2,0
0,0,-0.1007207518,-1.464832302,0,0
0,0,-0.1889623666,-0.8824161475,1,0
0,0,-0.3057015051,-1.167391386,2,0
0,0,-0.5632144826,-2.575129775,1,0
0,0,-0.8911264401,-3.279119574,2,0
0,0,-1.384580969,-4.934545284,2,-1
1,1,-2.030604505,-6.460235361
0,0,0,0,1,0
0,0,-0.01064422281,-0.1064422281,0,0
0,0,0.07044035962,0.8108458243,1,0
0,0,0.1675744422,0.9713408258,0,0
0,0,0.3788598782,2.11285436,1,0
0,0,0.6392095839,2.603497057,0,0
0,0,1.070789877,4.31580293,0,-1
1,1,1.659483247,5.886933701
0,0,0,0,0,0
0,0,0.08859507556,0.8859507556,1,0
0,0,0.1751255486,0.8653047306,0,0
0,0,0.3806053896,2.05479841,0,0
0,0,0.7411665759,3.605611863,0,0
0,0,1.248779996,5.076134197,2,-1
1,1,1.866075858,6.172958623
0,0,0,0,0,0
0,0,0.07419879985,0.7419879985,1,0
0,0,0.1580671116,0.838683117,2,0
0,0,0.1885399706,0.3047285904,2,0
0,0,0.1495536096,-0.3898636096,1,0
0,0,0.1230954069,-0.2645820269,2,0
0,0,0.02423959445,-0.9885581249,2,0
0,0,-0.1688986945,-1.931382889,2,0
0,0,-0.4737035936,-3.048048991,0,0
0,0,-0.7585464234,-2.848428298,2,0
0,0,-1.196582925,-4.380365016,0,-1
1,1,-1.733807574,-5.372246489
0,0,0,0,2,0
0,0,-0.07112906283,-0.7112906283,1,0
0,0,-0.1388871891,-0.677581263,1,0
0,0,-0.244924831,-1.060376419,0,0
0,0,-0.3078719377,-0.6294710668,0,0
0,0,-0.3548839695,-0.4701203178,0,0
0,0,-0.3688763827,-0.139924132,1,0
0,0,-0.4573375641,-0.884611814,0,0
0,0,-0.5273239655,-0.6998640142,1,0
0,0,-0.6874026098,-1.600786443,1,0
0,0,-0.9485120129,-2.611094031,1,0
0,0,-1.322145997,-3.736339843,2,-1
1,1,-1.854577166,-5.324311692
0,0,0,0,0,0
0,0,0.07510201358,0.7510201358,2,0
0,0,0.0779260917,0.0282407812,1,0
0,0,0.09853437571,0.2060828401,0,0
0,0,0.2305184318,1.319840561,0,0
0,0,0.4814418769,2.509234451,0,0
0,0,0.8898551301,4.084132532,2,0
0,0,1.348986694,4.59131564,2,-1
1,1,1.928863732,5.798770376
0,0,0,0,1,0
0,0,0.001722289047,0.01722289047,2,0
0,0,-0.08347865259,-0.8520094164,2,0
0,0,-0.2816105702,-1.981319176,0,0
0,0,-0.4462293912,-1.64618821,1,0
0,0,-0.6956886653,-2.494592741,2,0
0,0,-1.106654369,-4.109657041,0,-1
1,1,-1.604579035,-4.979246654
0,0,0,0,2,0
0,0,-0.09623111544,-0.9623111544,0,0
0,0,-0.1066422351,-0.1041111964,2,0
0,0,-0.2067844639,-1.001422288,2,0
0,0,-0.4218340527,-2.150495888,2,0
0,0,-0.7938845481,-3.720504955,1,0
0,0,-1.278581078,-4.846965296,0,-1
1,1,-1.876316573,-5.977354954
0,0,0,0,1,0
0,0,0.01449785561,0.1449785561,0,0
0,0,0.1158937522,1.013958966,1,0
0,0,0.2497882379,1.338944857,0,0
0,0,0.5206422891,2.708540511,0,0
0,0,0.9299172325,4.092749434,2,0
0,0,1.407504997,4.775877645,0,-1
1,1,2.037611454,6.301064569
0,0,0,0,0,0
0,0,0.09304303144,0.9304303144,0,0
0,0,0.2910203021,1.979772707,2,0
0,0,0.4555969862,1.645766841,2,0
0,0,0.6160626554,1.604656692,2,0
0,0,0.7900517869,1.739891315,1,0
0,0,1.064337118,2.742853315,0,0
0,0,1.505247784,4.40910666,0,-1
1,1,2.094990458,5.897426736
0,0,0,0,2,0
0,0,-0.08230699812,-0.8230699812,0,0
0,0,-0.07882899854,0.03477999582,0,0
0,0,0.01106794912,0.8989694767,0,0
0,0,0.1852126681,1.74144719,0,0
0,0,0.4677429586,2.825302905,0,0
0,0,0.9071353282,4.393923696,2,0
0,0,1.412085443,5.049501144,2,-1
1,1,2.045010204,6.329247614
0,0,0,0,2,0
0,0,-0.07818545128,-0.7818545128,1,0
0,0,-0.1782989956,-1.001135444,0,0
0,0,-0.2155319988,-0.3723300316,2,0
0,0,-0.3899739301,-1.744419313,2,0
0,0,-0.6985307474,-3.085568173,1,0
0,0,-1.107329171,-4.087984235,0,-1
1,1,-1.610018756,-5.026895849
0,0,0,0,0,0
0,0,0.08857809746,0.8857809746,1,0
0,0,0.176346621,0.8776852351,0,0
0,0,0.3799551159,2.036084949,1,0
0,0,0.6549901988,2.75035083,1,0
0,0,1.017403083,3.62412884,1,0
0,0,1.502269582,4.848664987,1,-1
1,1,2.131910895,6.296413133
0,0,0,0,1,0
0,0,0.009992422905,0.09992422905,0,0
0,0,0.1018423208,0.9184989788,2,0
0,0,0.1095471171,0.07704796271,0,0
0,0,0.2398536585,1.303065414,2,0
0,0,0.3200414327,0.8018777425,1,0
0,0,0.4606245435,1.405831108,0,0
0,0,0.7537466902,2.931221467,0,0
0,0,1.203314231,4.495675408,1,-1
1,1,1.783791205,5.80476974
0,0,0,0,0,0
0,0,0.08569238522,0.8569238522,1,0
0,0,0.1863877891,1.006954039,0,0
0,0,0.4087274105,2.223396214,0,0
0,0,0.7591363649,3.504089543,1,0
0,0,1.200452133,4.413157685,2,-1
1,1,1.739109048,5.386569146
0,0,0,0,1,0
0,0,-0.002870310069,-0.02870310069,0,0
0,0,0.07555412744,0.7842443751,1,0
0,0,0.1720418496,0.9648772216,1,0
0,0,0.3036153198,1.315734702,1,0
0,0,0.487305464,1.836901442,0,0
0,0,0.8193451521,3.32039688,1,0
0,0,1.25105552,4.317103676,2,-1
1,1,1.787457317,5.364017974
0,0,0,0,2,0
0,0,-0.08139482167,-0.8139482167,2,0
0,0,-0.2530561141,-1.716612925,1,0
0,0,-0.47975993,-2.267038158,2,0
0,0,-0.8649338626,-3.851739326,0,0
0,0,-1.31434115,-4.494072878,1,-1
1,1,-1.896575923,-5.822347726
0,0,0,0,1,0
0,0,-0.0110985922,-0.110985922,2,0
0,0,-0.09536498135,-0.8426638915,2,0
0,0,-0.3001978228,-2.048328415,2,0
0,0,-0.6498481025,-3.496502797,1,0
0,0,-1.097378331,-4.475302282,1,-1
1,1,-1.672094442,-5.747161112
0,0,0,0,0,0
0,0,0.1004569573,1.004569573,0,0
0,0,0.2961973959,1.957404385,1,0
0,0,0.5494239258,2.5322653,0,0
0,0,0.9680419118,4.18617986,2,0
0,0,1.465228287,4.971863749,2,-1
1,1,2.095817293,6.305890062
0,0,0,0,0,0
0,0,0.1033153863,1.033153863,0,0
0,0,0.3078636562,2.045482698,0,0
0,0,0.6600436907,3.521800346,0,0
0,0,1.167584319,5.075406282,0,-1
1,1,1.825677079,6.580927601
0,0,0,0,0,0
0,0,0.09721968261,0.9721968261,2,0
0,0,0.1219400307,0.2472034806,0,0
0,0,0.2717189305,1.497788998,0,0
0,0,0.544605226,2.728862955,2,0
0,0,0.8358199114,2.912146854,0,0
0,0,1.298338251,4.625183394,2,-1
1,1,1.877583951,5.792457005
0,0,0,0,2,0
0,0,-0.08897114015,-0.8897114015,1,0
0,0,-0.1970179436,-1.080468035,1,0
0,0,-0.3238534847,-1.268355411,2,0
0,0,-0.5992924269,-2.754389422,0,0
0,0,-0.8949072853,-2.956148584,2,0
0,0,-1.360170068,-4.652627828,0,-1
1,1,-1.950272651,-5.901025833
0,0,0,0,0,0
0,0,0.1023491112,1.023491112,2,0
0,0,0.1381729066,0.358237954,2,0
0,0,0.1128647343,-0.2530817237,2,0
0,0,0.03348539395,-0.793793403,1,0
0,0,-0.04184297386,-0.7532836781,1,0
0,0,-0.1413363015,-0.9949332759,0,0
0,0,-0.1756511386,-0.3431483716,2,0
0,0,-0.3322906742,-1.566395356,1,0
0,0,-0.5357913698,-2.035006955,2,0
0,0,-0.9058098433,-3.700184735,2,0
0,0,-1.437208675,-5.313988316,0,-1
1,1,-2.097501116,-6.602924414
0,0,0,0,0,0
0,0,0.07385102016,0.7385102016,0,0
0,0,0.233236532,1.593855118,2,0
0,0,0.3312733898,0.9803685786,0,0
0,0,0.5539551813,2.226817915,2,0
0,0,0.7978781476,2.439229663,2,0
0,0,1.093624671,2.95746523,1,0
0,0,1.515587125,4.21962454,1,-1
1,1,2.083548769,5.679616441
0,0,0,0,1,0
0,0,0.002947686284,0.02947686284,0,0
0,0,0.08717181478,0.8422412849,2,0
0,0,0.09476794178,0.07596127001,1,0
0,0,0.1324676292,0.3769968745,2,0
0,0,0.1206543549,-0.1181327435,2,0
0,0,0.05603049108,-0.6462386381,1,0
0,0,0.007947586458,-0.4808290462,0,0
0,0,0.04904353072,0.4109594426,1,0
0,0,0.1021925733,0.5314904256,1,0
0,0,0.167606181,0.6541360771,0,0
0,0,0.3528649884,1.852588074,1,0
0,0,0.6083783857,2.555133973,0,0
0,0,1.016574874,4.081964883,1,0
0,0,1.535387575,5.188127012,1,-1
1,1,2.199665435,6.642778594
0,0,0,0,2,0
0,0,-0.09190225504,-0.9190225504,0,0
0,0,-0.09578695833,-0.03884703287,2,0
0,0,-0.1969424788,-1.011555204,1,0
0,0,-0.3363938771,-1.394513983,0,0
0,0,-0.4560321017,-1.196382246,2,0
0,0,-0.7110733872,-2.550412855,1,0
0,0,-1.055054637,-3.439812501,0,0
0,0,-1.481115278,-4.260606404,1,-1
1,1,-2.050042315,-5.689270372
