2,1,1
0,0,0,0,2,0
0,0,-0.09860891663,-0.9860891663,2,0
0,0,-0.2975241155,-1.989151989,0,0
0,0,-0.4695344053,-1.720102898,1,0
0,0,-0.7240024616,-2.544680563,0,0
0,0,-1.023325176,-2.993227141,2,0
0,0,-1.48631067,-4.629854942,0,-1
1,1,-2.087902335,-6.015916649
0,0,0,0,1,0
0,0,-0.01329234632,-0.1329234632,1,0
0,0,-0.04543145907,-0.3213911274,1,0
0,0,-0.07044855587,-0.250170968,2,0
0,0,-0.2083346533,-1.378860974,0,0
0,0,-0.3091292783,-1.007946251,1,0
0,0,-0.447815752,-1.386864737,2,0
0,0,-0.7203446409,-2.725288888,2,0
0,0,-1.146480289,-4.261356479,0,-1
1,1,-1.664100797,-5.176205084
0,0,0,0,2,0
0,0,-0.08055485316,-0.8055485316,2,0
0,0,-0.2641046544,-1.835498013,1,0
0,0,-0.500478383,-2.363737286,0,0
0,0,-0.7251747678,-2.246963848,1,0
0,0,-1.043564053,-3.183892853,1,0
0,0,-1.494554505,-4.509904514,1,-1
1,1,-2.089364193,-5.948096888
0,0,0,0,2,0
0,0,-0.08285240217,-0.8285240217,1,0
0,0,-0.1953896301,-1.125372279,2,0
0,0,-0.4407413537,-2.453517237,0,0
0,0,-0.666839787,-2.260984332,0,0
0,0,-0.9197488803,-2.529090933,1,0
0,0,-1.296177622,-3.764287421,0,-1
1,1,-1.786986659,-4.908090365
0,0,0,0,1,0
0,0,0.009503740323,0.09503740323,1,0
0,0,0.006637141129,-0.02866599194,0,0
0,0,0.0762697242,0.6963258307,2,0
0,0,0.05961346973,-0.1665625447,1,0
0,0,0.05910888228,-0.005045874495,0,0
0,0,0.1471783425,0.880694602,0,0
0,0,0.3561422168,2.089638743,2,0
0,0,0.5415281215,1.853859047,0,0
0,0,0.8677250256,3.261969041,1,0
0,0,1.311669632,4.439446064,2,-1
1,1,1.869509307,5.578396746
0,0,0,0,1,0
0,0,0.01639263372,0.1639263372,2,0
0,0,-0.05927136446,-0.7566399818,0,0
0,0,-0.05441430371,0.04857060751,1,0
0,0,-0.07267516575,-0.1826086204,2,0
0,0,-0.2028332528,-1.30158087,0,0
0,0,-0.2821339307,-0.793006779,2,0
0,0,-0.4911607242,-2.090267935,0,0
0,0,-0.6864244359,-1.952637117,0,0
0,0,-0.9216558578,-2.352314219,0,0
0,0,-1.236638012,-3.149821545,2,-1
1,1,-1.708215874,-4.715778619
0,0,0,0,2,0
0,0,-0.08922372357,-0.8922372357,2,0
0,0,-0.2710881319,-1.818644083,2,0
0,0,-0.5665264259,-2.954382941,0,0
0,0,-0.8660720351,-2.995456092,1,0
0,0,-1.280731624,-4.146595891,0,-1
1,1,-1.813096558,-5.323649337
0,0,0,0,1,0
0,0,0.01627133225,0.1627133225,0,0
0,0,0.1272062724,1.109349402,2,0
0,0,0.1771345236,0.4992825122,1,0
0,0,0.2497006241,0.7256610048,2,0
0,0,0.2883027513,0.3860212713,1,0
0,0,0.3635549754,0.752522241,2,0
0,0,0.4037730227,0.4021804733,2,0
0,0,0.4310477882,0.2727476547,0,0
0,0,0.6047039311,1.73656143,0,0
0,0,0.9416874897,3.369835585,0,0
0,0,1.444937379,5.032498897,1,-1
1,1,2.0893605,6.444231207
0,0,0,0,2,0
0,0,-0.08707159148,-0.8707159148,0,0
0,0,-0.1175624448,-0.3049085331,1,0
0,0,-0.1752732536,-0.5771080877,2,0
0,0,-0.3449874253,-1.697141717,1,0
0,0,-0.5818985097,-2.369110844,2,0
0,0,-0.962933844,-3.810353343,0,0
0,0,-1.411832237,-4.488983931,1,-1
1,1,-2.001583879,-5.897516415
0,0,0,0,2,0
0,0,-0.08979260912,-0.8979260912,0,0
0,0,-0.1227418008,-0.3294919169,1,0
0,0,-0.165143848,-0.4240204718,1,0
0,0,-0.231922996,-0.6677914801,2,0
0,0,-0.4257898202,-1.938668242,1,0
0,0,-0.6777252404,-2.519354202,0,0
0,0,-0.9561245108,-2.783992704,2,0
0,0,-1.394990508,-4.388659967,2,-1
1,1,-1.985779885,-5.907893771
0,0,0,0,1,0
0,0,-0.01452210302,-0.1452210302,0,0
0,0,0.05905012025,0.7357222327,0,0
0,0,0.2339336081,1.748834879,2,0
0,0,0.3761295284,1.421959203,2,0
0,0,0.4943076312,1.181781028,0,0
0,0,0.7674058948,2.730982636,2,0
0,0,1.082851488,3.154455936,1,0
0,0,1.522568607,4.397171191,2,-1
1,1,2.104277546,5.817089381
0,0,0,0,2,0
0,0,-0.1041983651,-1.041983651,2,0
0,0,-0.3231291856,-2.189308205,1,0
0,0,-0.6050126865,-2.818835009,1,0
0,0,-0.9784329145,-3.73420228,1,0
0,0,-1.470312916,-4.918800019,2,-1
1,1,-2.112567404,-6.422544877
0,0,0,0,1,0
0,0,0.009809160114,0.09809160114,1,0
0,0,0.01027428236,0.004651222447,2,0
0,0,-0.07216478681,-0.8243906916,0,0
0,0,-0.09483350517,-0.2266871836,2,0
0,0,-0.2280878183,-1.332543131,0,0
0,0,-0.3254110283,-0.9732321001,1,0
0,0,-0.4631089688,-1.376979405,0,0
0,0,-0.5856509589,-1.225419901,1,0
0,0,-0.7931077364,-2.074567775,0,0
0,0,-1.051963894,-2.58856158,2,0
0,0,-1.47443102,-4.224671253,2,-1
1,1,-2.047252972,-5.728219522
0,0,0,0,2,0
0,0,-0.09063407182,-0.9063407182,0,0
0,0,-0.1017527451,-0.1111867328,1,0
0,0,-0.1459340511,-0.4418130598,1,0
0,0,-0.1988968375,-0.529627864,2,0
0,0,-0.3694779121,-1.705810746,2,0
0,0,-0.6766231309,-3.071452189,0,0
0,0,-1.025802246,-3.491791152,1,0
0,0,-1.499476304,-4.736740578,2,-1
1,1,-2.122966945,-6.234906413
0,0,0,0,2,0
0,0,-0.08907653044,-0.8907653044,2,0
0,0,-0.2803536771,-1.912771467,1,0
0,0,-0.5033053269,-2.229516497,0,0
0,0,-0.7248995491,-2.215942223,2,0
0,0,-1.112055354,-3.871558049,0,-1
1,1,-1.586408562,-4.743532083
0,0,0,0,1,0
0,0,-0.00626921166,-0.0626921166,2,0
0,0,-0.1189107548,-1.126415432,0,0
0,0,-0.1582309716,-0.3932021682,2,0
0,0,-0.3032484118,-1.450174401,2,0
0,0,-0.5720441877,-2.687957759,2,0
0,0,-0.997371528,-4.253273404,0,0
0,0,-1.500361964,-5.029904356,1,-1
1,1,-2.147557046,-6.471950826
0,0,0,0,1,0
0,0,0.003399757595,0.03399757595,2,0
0,0,-0.08038315675,-0.8378291434,1,0
0,0,-0.1798401972,-0.9945704047,1,0
0,0,-0.2942308784,-1.143906811,0,0
0,0,-0.3864062872,-0.9217540882,0,0
0,0,-0.464541572,-0.7813528486,2,0
0,0,-0.6938200993,-2.292785272,1,0
0,0,-1.019488229,-3.2566813,0,0
0,0,-1.432605424,-4.131171945,2,-1
1,1,-1.99912751,-5.665220859
0,0,0,0,2,0
0,0,-0.103458647,-1.03458647,1,0
0,0,-0.2209576374,-1.174989904,0,0
0,0,-0.3067030415,-0.8574540414,0,0
0,0,-0.3630162199,-0.5631317836,2,0
0,0,-0.5600485018,-1.970322819,1,0
0,0,-0.8536596501,-2.936111483,2,0
0,0,-1.301181018,-4.475213684,0,-1
1,1,-1.860160081,-5.589790629
0,0,0,0,0,0
0,0,0.09385423323,0.9385423323,2,0
0,0,0.1288566882,0.3500245502,0,0
0,0,0.2559096029,1.270529146,1,0
0,0,0.4357650553,1.798554524,0,0
0,0,0.7695360059,3.337709506,2,0
0,0,1.15090465,3.813686437,2,-1
1,1,1.633400212,4.824955628
0,0,0,0,0,0
0,0,0.09490824956,0.9490824956,2,0
0,0,0.1342091436,0.3930089401,1,0
0,0,0.1900024318,0.5579328821,0,0
0,0,0.3719715617,1.819691299,2,0
0,0,0.5207409779,1.487694163,2,0
0,0,0.6816065066,1.608655287,0,0
0,0,1.010836715,3.292302087,2,0
0,0,1.429095063,4.182583473,0,-1
1,1,2.001595739,5.725006766
0,0,0,0,0,0
0,0,0.1052985154,1.052985154,1,0
0,0,0.2332628856,1.279643702,1,0
0,0,0.4085312052,1.752683197,2,0
0,0,0.5693039744,1.607727692,1,0
0,0,0.811278684,2.419747096,0,0
0,0,1.222152494,4.108738102,2,-1
1,1,1.741527922,5.193754276
0,0,0,0,0,0
0,0,0.07728026518,0.7728026518,0,0
0,0,0.2608114262,1.83531161,2,0
0,0,0.396602461,1.357910348,2,0
0,0,0.5066364374,1.100339763,1,0
0,0,0.7028883948,1.962519574,2,0
0,0,0.9259038923,2.230154975,1,0
0,0,1.270944423,3.450405305,1,-1
1,1,1.750389899,4.794454766
0,0,0,0,2,0
0,0,-0.1001213673,-1.001213673,0,0
0,0,-0.1252391922,-0.2511782484,0,0
0,0,-0.07560444663,0.4963474555,1,0
0,0,-0.05282415172,0.2278029491,0,0
0,0,0.06310019172,1.159243434,2,0
0,0,0.1191843152,0.5608412351,2,0
0,0,0.1074752157,-0.1170909956,0,0
0,0,0.1899238401,0.8244862439,2,0
0,0,0.2338444999,0.4392065982,1,0
0,0,0.3297530824,0.9590858257,2,0
0,0,0.3985833379,0.6883025548,1,0
0,0,0.5376455543,1.390622164,1,0
0,0,0.7524150117,2.147694573,2,0
0,0,1.014273399,2.618583871,0,0
0,0,1.450954163,4.366807645,1,-1
1,1,2.03189988,5.809457171
0,0,0,0,0,0
0,0,0.09395997178,0.9395997178,0,0
0,0,0.2767407189,1.827807471,1,0
0,0,0.4993017698,2.225610509,1,0
0,0,0.7982628555,2.989610857,0,0
0,0,1.262125369,4.638625133,1,-1
1,1,1.854308221,5.921828526
0,0,0,0,0,0
0,0,0.09918612824,0.9918612824,0,0
0,0,0.3094376276,2.102514994,0,0
0,0,0.6552474083,3.458097807,2,0
0,0,1.021604302,3.663568933,0,0
0,0,1.549664875,5.280605732,1,-1
1,1,2.223645646,6.739807707
0,0,0,0,2,0
0,0,-0.08906024508,-0.8906024508,1,0
0,0,-0.1966926575,-1.076324125,1,0
0,0,-0.3268820106,-1.301893531,1,0
0,0,-0.525340082,-1.984580715,2,0
0,0,-0.8904488851,-3.65108803,0,0
0,0,-1.306727476,-4.162785905,2,-1
1,1,-1.87651003,-5.697825545
0,0,0,0,1,0
0,0,0.0169590752,0.169590752,0,0
0,0,0.1397741848,1.228151096,0,0
0,0,0.3785792653,2.388050806,0,0
0,0,0.7623723463,3.837930809,2,0
0,0,1.187082325,4.247099783,0,-1
1,1,1.772000406,5.849180812
0,0,0,0,2,0
0,0,-0.0733103117,-0.733103117,0,0
0,0,-0.08197456839,-0.08664256692,2,0
0,0,-0.2071540174,-1.25179449,0,0
0,0,-0.2725170352,-0.6536301778,0,0
0,0,-0.3136235054,-0.4110647027,2,0
0,0,-0.5059228849,-1.922993795,2,0
0,0,-0.8530287461,-3.471058612,1,0
0,0,-1.304929864,-4.519011182,1,-1
1,1,-1.89485843,-5.899285659
0,0,0,0,1,0
0,0,-0.005378181136,-0.05378181136,0,0
0,0,0.07648007623,0.8185825737,1,0
0,0,0.16461341,0.881333338,1,0
0,0,0.2874490469,1.228356369,2,0
0,0,0.3869232792,0.9947423224,2,0
0,0,0.4659164846,0.7899320541,2,0
0,0,0.5494066733,0.8349018876,1,0
0,0,0.7104045949,1.609979216,0,0
0,0,1.025246024,3.148414291,0,0
0,0,1.503917977,4.786719533,2,-1
1,1,2.12144441,6.175264325
0,0,0,0,2,0
0,0,-0.07878053601,-0.7878053601,0,0
0,0,-0.0971099074,-0.1832937139,0,0
0,0,-0.03055679742,0.6655310998,2,0
0,0,-0.05614388385,-0.2558708643,2,0
0,0,-0.1889915399,-1.328476561,2,0
0,0,-0.4532617506,-2.642702107,1,0
0,0,-0.7799003166,-3.26638566,2,0
0,0,-1.270645997,-4.907456805,2,-1
1,1,-1.918056369,-6.474103723
0,0,0,0,2,0
0,0,-0.08997483241,-0.8997483241,0,0
0,0,-0.1086576519,-0.1868281944,0,0
0,0,-0.04123875181,0.6741890005,2,0
0,0,-0.06473954966,-0.2350079785,1,0
0,0,-0.1003928018,-0.3565325214,0,0
0,0,-0.08224116545,0.1815163635,2,0
0,0,-0.1757511747,-0.9351000927,0,0
0,0,-0.2035230547,-0.2777187993,2,0
0,0,-0.3546319536,-1.51108899,2,0
0,0,-0.6467801172,-2.921481636,1,0
0,0,-1.041314939,-3.945348216,0,0
0,0,-1.511876248,-4.705613089,2,-1
1,1,-2.131443871,-6.195676238
0,0,0,0,1,0
0,0,0.003738772377,0.03738772377,1,0
0,0,0.008518798048,0.04780025671,2,0
0,0,-0.06675711279,-0.7527591084,0,0
0,0,-0.08137585702,-0.1461874423,0,0
0,0,-0.03232072284,0.4905513418,1,0
0,0,0.02707757769,0.5939830053,2,0
0,0,0.01061059133,-0.1646698636,0,0
0,0,0.07731779105,0.6670719972,2,0
0,0,0.08116989333,0.03852102285,0,0
0,0,0.1722413913,0.9107149792,0,0
0,0,0.3789392483,2.06697857,2,0
0,0,0.5656638717,1.867246234,0,0
0,0,0.9082558856,3.425920139,0,0
0,0,1.418389991,5.101341057,0,-1
1,1,2.081791106,6.634011148
0,0,0,0,0,0
0,0,0.07144274613,0.7144274613,0,0
0,0,0.2588724764,1.874297302,2,0
0,0,0.4205850296,1.617125532,1,0
0,0,0.6575739058,2.369888762,2,0
0,0,0.9158225382,2.582486324,1,0
0,0,1.285629582,3.698070435,0,-1
1,1,1.816121913,5.304923312
0,0,0,0,1,0
0,0,-0.0125131212,-0.125131212,2,0
0,0,-0.1094130395,-0.9689991827,2,0
0,0,-0.2977697667,-1.883567272,0,0
0,0,-0.4535345653,-1.557647985,0,0
0,0,-0.6189172107,-1.653826455,2,0
0,0,-0.9560442049,-3.371269942,2,0
0,0,-1.448251786,-4.922075809,0,-1
1,1,-2.072377026,-6.241252399
0,0,0,0,0,0
0,0,0.09834540801,0.9834540801,0,0
0,0,0.2845127866,1.861673786,1,0
0,0,0.5015339733,2.170211867,2,0
0,0,0.7109903131,2.094563398,2,0
0,0,0.957302939,2.463126259,0,0
0,0,1.37043985,4.131369114,0,-1
1,1,1.935746899,5.653070488
0,0,0,0,2,0
0,0,-0.09946110267,-0.9946110267,2,0
0,0,-0.3172827709,-2.178216682,0,0
0,0,-0.5068848448,-1.896020739,0,0
0,0,-0.7079654275,-2.010805827,2,0
0,0,-1.084172095,-3.762066677,0,0
0,0,-1.544984925,-4.608128299,0,-1
1,1,-2.150383414,-6.053984889
0,0,0,0,1,0
0,0,0.00160584706,0.0160584706,2,0
0,0,-0.07216580352,-0.7377165058,2,0
0,0,-0.2579252692,-1.857594657,0,0
0,0,-0.3855902408,-1.276649716,2,0
0,0,-0.6700461542,-2.844559133,0,0
0,0,-0.9849407654,-3.148946112,2,0
0,0,-1.470268322,-4.853275571,2,-1
1,1,-2.105936014,-6.356676914
0,0,0,0,0,0
0,0,0.08819734306,0.8819734306,0,0
0,0,0.2891730606,2.009757176,2,0
0,0,0.4631689801,1.739959195,2,0
0,0,0.6328726596,1.697036796,0,0
0,0,0.9602739072,3.274012475,1,0
0,0,1.41387834,4.53604433,2,-1
1,1,1.997915583,5.840372427
0,0,0,0,0,0
0,0,0.07678275258,0.7678275258,0,0
0,0,0.2483892381,1.716064855,1,0
0,0,0.4625137936,2.141245555,0,0
0,0,0.8296686192,3.671548255,1,0
0,0,1.307991686,4.78323067,1,-1
1,1,1.918762951,6.107712647
0,0,0,0,2,0
0,0,-0.09080003506,-0.9080003506,2,0
0,0,-0.2740500358,-1.832500007,1,0
0,0,-0.5079966544,-2.339466187,0,0
0,0,-0.7531328238,-2.451361693,2,0
0,0,-1.164815915,-4.116830915,0,-1
1,1,-1.672869835,-5.080539196
0,0,0,0,0,0
0,0,0.103024862,1.03024862,2,0
0,0,0.1278666605,0.2484179842,1,0
0,0,0.1633792703,0.3551260987,2,0
0,0,0.1257259189,-0.3765335144,1,0
0,0,0.1108246271,-0.1490129179,0,0
0,0,0.1864315914,0.7560696432,0,0
0,0,0.3836310818,1.971994903,0,0
0,0,0.7130801517,3.2944907,2,0
0,0,1.073511277,3.604311251,0,-1
1,1,1.590321379,5.168101023
0,0,0,0,2,0
0,0,-0.07569734571,-0.7569734571,2,0
0,0,-0.2570333316,-1.813359859,0,0
0,0,-0.3858484805,-1.288151489,1,0
0,0,-0.5657012493,-1.798527688,2,0
0,0,-0.9108291622,-3.451279128,1,0
0,0,-1.360305435,-4.494762725,2,-1
1,1,-1.966445451,-6.061400166
0,0,0,0,0,0
0,0,0.09239129952,0.9239129952,1,0
0,0,0.2049711933,1.125798938,1,0
0,0,0.3622071689,1.572359756,1,0
0,0,0.5741120701,2.119049011,2,0
0,0,0.7913893499,2.172772799,0,0
0,0,1.176255604,3.848662539,2,-1
1,1,1.661310234,4.850546299
0,0,0,0,1,0
0,0,-0.002545194408,-0.02545194408,1,0
0,0,-0.002794064005,-0.002488695977,2,0
0,0,-0.0932951513,-0.905010873,1,0
0,0,-0.1882007584,-0.9490560705,2,0
0,0,-0.4114557692,-2.232550109,0,0
0,0,-0.6300484448,-2.185926756,2,0
0,0,-0.9954661298,-3.65417685,2,0
0,0,-1.526237931,-5.307718014,1,-1
1,1,-2.201746061,-6.755081302
0,0,0,0,2,0
0,0,-0.09522895064,-0.9522895064,1,0
0,0,-0.1898238013,-0.9459485069,2,0
0,0,-0.4082318951,-2.184080938,0,0
0,0,-0.6092336869,-2.010017918,0,0
0,0,-0.8313941151,-2.221604282,1,0
0,0,-1.17308511,-3.416909953,1,-1
1,1,-1.6519778,-4.788926892
0,0,0,0,1,0
0,0,-0.0005502748982,-0.005502748982,2,0
0,0,-0.09458944756,-0.9403917266,0,0
0,0,-0.1117174781,-0.1712803055,1,0
0,0,-0.1423959937,-0.3067851555,1,0
0,0,-0.2014171056,-0.5902111193,0,0
0,0,-0.1960335874,0.0538351822,2,0
0,0,-0.3226624019,-1.266288146,2,0
0,0,-0.5930116232,-2.703492212,1,0
0,0,-0.952929978,-3.599183548,0,0
0,0,-1.388445553,-4.355155745,0,-1
1,1,-1.949062118,-5.606165658
0,0,0,0,1,0
0,0,0.006672267051,0.06672267051,1,0
0,0,0.00936887459,0.02696607539,2,0
0,0,-0.06872693159,-0.7809580618,1,0
0,0,-0.1491832063,-0.804562747,1,0
0,0,-0.2412354201,-0.920522138,0,0
0,0,-0.2966548609,-0.5541944081,0,0
0,0,-0.3177114394,-0.2105657854,0,0
0,0,-0.3137362858,0.03975153646,1,0
0,0,-0.3524593927,-0.387231069,1,0
0,0,-0.4381752529,-0.8571586019,1,0
0,0,-0.5816369671,-1.434617142,0,0
0,0,-0.7378503806,-1.562134135,1,0
0,0,-1.00173077,-2.638803895,1,0
0,0,-1.384279887,-3.825491169,0,-1
1,1,-1.895989695,-5.117098077
0,0,0,0,1,0
0,0,8.75904492e-05,0.000875904492,0,0
0,0,0.1004536541,1.003660636,1,0
0,0,0.2281004862,1.276468321,0,0
0,0,0.4641535705,2.360530843,2,0
0,0,0.7083821837,2.442286132,0,0
0,0,1.102737763,3.943555792,0,-1
1,1,1.65299021,5.50252447
0,0,0,0,2,0
0,0,-0.08340056675,-0.8340056675,0,0
0,0,-0.1072044492,-0.2380388245,1,0
0,0,-0.1390814792,-0.3187703001,2,0
0,0,-0.2744040721,-1.353225929,1,0
0,0,-0.4600125049,-1.856084329,2,0
0,0,-0.8078289766,-3.478164717,1,0
0,0,-1.250042222,-4.422132455,2,-1
1,1,-1.853425148,-6.033829259
0,0,0,0,1,0
0,0,-0.0102079691,-0.102079691,2,0
0,0,-0.1206126003,-1.104046312,1,0
0,0,-0.2476545713,-1.27041971,0,0
0,0,-0.3338065395,-0.8615196824,2,0
0,0,-0.5464480616,-2.126415221,1,0
0,0,-0.8376935164,-2.912454548,1,0
0,0,-1.248760265,-4.11066749,2,-1
1,1,-1.816193977,-5.674337112
0,0,0,0,0,0
0,0,0.1013516985,1.013516985,1,0
0,0,0.224033204,1.226815055,1,0
0,0,0.3717430351,1.477098311,1,0
0,0,0.5845225761,2.12779541,2,0
0,0,0.8099960796,2.254735035,2,0
0,0,1.097754231,2.877581516,2,0
0,0,1.484423739,3.866695077,0,-1
1,1,2.02113411,5.367103712
0,0,0,0,1,0
0,0,-0.005255262062,-0.05255262062,0,0
0,0,0.0910195515,0.9627481356,1,0
0,0,0.192269845,1.012502935,0,0
0,0,0.4046309814,2.123611363,1,0
0,0,0.6726186912,2.679877098,2,0
0,0,0.969310354,2.966916628,0,0
0,0,1.430543071,4.612327166,2,-1
1,1,2.021660557,5.911174866
0,0,0,0,0,0
0,0,0.09475483684,0.9475483684,2,0
0,0,0.1307044639,0.3594962702,1,0
0,0,0.2044374777,0.7373301382,2,0
0,0,0.2303800903,0.2594261264,2,0
0,0,0.206702534,-0.2367755635,2,0
0,0,0.1224832116,-0.8421932236,0,0
0,0,0.1329125503,0.104293387,2,0
0,0,0.07471408489,-0.5819846542,0,0
0,0,0.1271622549,0.5244817001,2,0
0,0,0.1269037974,-0.002584574682,1,0
0,0,0.1349857021,0.08081904662,2,0
0,0,0.07771962897,-0.5726607313,2,0
0,0,-0.06323761469,-1.409572437,2,0
0,0,-0.3194249338,-2.561873191,2,0
0,0,-0.7022904839,-3.828655501,1,0
0,0,-1.187071873,-4.847813893,0,-1
1,1,-1.764203217,-5.771313439
0,0,0,0,0,0
0,0,0.08466106743,0.8466106743,1,0
0,0,0.1672181171,0.8255704969,1,0
0,0,0.2811151068,1.138969897,1,0
0,0,0.4494566954,1.683415885,0,0
0,0,0.7597494535,3.102927581,1,0
0,0,1.166861169,4.071117151,1,-1
1,1,1.707908917,5.410477481
0,0,0,0,1,0
0,0,-0.0004585482601,-0.004585482601,2,0
0,0,-0.1054781058,-1.050195575,2,0
0,0,-0.3295463949,-2.240682891,2,0
0,0,-0.6829538674,-3.534074726,1,0
0,0,-1.131769522,-4.488156541,0,-1
1,1,-1.670371621,-5.386020994
0,0,0,0,2,0
0,0,-0.09212368283,-0.9212368283,2,0
0,0,-0.2771217612,-1.849980783,1,0
0,0,-0.4989284238,-2.218066627,2,0
0,0,-0.863904807,-3.649763832,2,0
0,0,-1.3864909,-5.225860933,0,-1
1,1,-2.034725157,-6.482342563
0,0,0,0,1,0
0,0,-0.004945684117,-0.04945684117,0,0
0,0,0.07013121592,0.7507690004,0,0
0,0,0.239908202,1.697769861,0,0
0,0,0.524058093,2.84149891,1,0
0,0,0.8801390359,3.560809429,0,0
0,0,1.403415618,5.232765817,2,-1
1,1,2.053161109,6.497454913
0,0,0,0,0,0
0,0,0.07356563695,0.7356563695,1,0
0,0,0.1447579217,0.7119228471,0,0
0,0,0.3345787818,1.898208602,2,0
0,0,0.4961332956,1.615545138,0,0
0,0,0.8147950001,3.186617045,2,0
0,0,1.192047814,3.772528141,1,-1
1,1,1.698056714,5.060088997
0,0,0,0,2,0
0,0,-0.09983844997,-0.9983844997,1,0
0,0,-0.2130536358,-1.132151858,2,0
0,0,-0.4372005382,-2.241469024,1,0
0,0,-0.7147449971,-2.77544459,1,0
0,0,-1.099781313,-3.85036316,0,-1
1,1,-1.580619273,-4.808379599
0,0,0,0,0,0
0,0,0.08638781851,0.8638781851,2,0
0,0,0.08469814829,-0.01689670223,2,0
0,0,0.02200727892,-0.6269086936,1,0
0,0,-0.04684357556,-0.6885085448,0,0
0,0,-0.02075024453,0.2609333103,1,0
0,0,-0.005593494529,0.1515675,0,0
0,0,0.08070648059,0.8629997512,1,0
0,0,0.1722985458,0.9159206517,2,0
0,0,0.1947031951,0.2240464935,1,0
0,0,0.2568161213,0.6211292621,0,0
0,0,0.4621259409,2.053098196,2,0
0,0,0.6679272899,2.05801349,2,0
0,0,0.9183747998,2.504475099,1,0
0,0,1.280609739,3.622349389,2,-1
1,1,1.760707734,4.800979954
0,0,0,0,0,0
0,0,0.1054153488,1.054153488,2,0
0,0,0.130399089,0.2498374023,1,0
0,0,0.184012607,0.5361351794,1,0
0,0,0.2759647861,0.9195217912,0,0
0,0,0.4987290541,2.22764268,0,0
0,0,0.8852877711,3.86558717,1,0
0,0,1.374043344,4.887555729,1,-1
1,1,2.001940183,6.278968393
0,0,0,0,1,0
0,0,0.01035609415,0.1035609415,2,0
0,0,-0.05971377506,-0.7006986921,1,0
0,0,-0.1389471358,-0.7923336072,0,0
0,0,-0.160474568,-0.215274322,0,0
0,0,-0.1358718765,0.2460269148,0,0
0,0,-0.03676049538,0.9911138112,0,0
0,0,0.1425360456,1.79296541,2,0
0,0,0.2686135117,1.260774661,1,0
0,0,0.4543610618,1.857475501,2,0
0,0,0.6355801549,1.812190931,2,0
0,0,0.8358718808,2.002917259,2,0
0,0,1.100105652,2.642337715,2,0
0,0,1.459990135,3.598844824,1,-1
1,1,1.96555556,5.055654249
0,0,0,0,1,0
0,0,-0.004252486071,-0.04252486071,0,0
0,0,0.08355640746,0.8780889353,2,0
0,0,0.08345397405,-0.001024334161,1,0
0,0,0.08052593475,-0.029280393,2,0
0,0,0.004256075774,-0.7626985897,2,0
0,0,-0.1491878049,-1.534438807,2,0
0,0,-0.4227976684,-2.736098635,2,0
0,0,-0.8423631162,-4.195654477,1,0
0,0,-1.355353098,-5.129899819,2,-1
1,1,-2.018841924,-6.634888256
0,0,0,0,1,0
0,0,0.01066557648,0.1066557648,2,0
0,0,-0.05016694149,-0.6083251797,2,0
0,0,-0.1962270002,-1.460600587,1,0
0,0,-0.3655410546,-1.693140545,0,0
0,0,-0.5268830749,-1.613420203,2,0
0,0,-0.8466407833,-3.197577084,2,0
0,0,-1.329176392,-4.825356089,1,-1
1,1,-1.948103643,-6.189272505
0,0,0,0,0,0
0,0,0.07655509526,0.7655509526,0,0
0,0,0.2559698426,1.794147474,0,0
0,0,0.5519371473,2.959673047,2,0
0,0,0.846106334,2.941691867,0,0
0,0,1.303482072,4.573757382,0,-1
1,1,1.914792472,6.113104
0,0,0,0,1,0
0,0,0.01299263871,0.1299263871,2,0
0,0,-0.04643148973,-0.5942412844,1,0
0,0,-0.1277554813,-0.8132399162,2,0
0,0,-0.333237405,-2.054819237,1,0
0,0,-0.6054843684,-2.722469633,1,0
0,0,-0.9697899188,-3.643055504,0,0
0,0,-1.408175009,-4.383850906,1,-1
1,1,-1.985575521,-5.774005121
0,0,0,0,1,0
0,0,-0.007546547558,-0.07546547558,1,0
0,0,-0.02184446863,-0.1429792108,0,0
0,0,0.06480945156,0.866539202,0,0
0,0,0.2396707662,1.748613146,1,0
0,0,0.4687253991,2.290546329,1,0
0,0,0.7587495569,2.900241578,2,0
0,0,1.081698016,3.229484592,0,0
0,0,1.563620655,4.819226384,0,-1
1,1,2.192814435,6.291937804
0,0,0,0,0,0
0,0,0.07151884535,0.7151884535,1,0
0,0,0.1501190963,0.7860025092,2,0
0,0,0.1619583577,0.118392614,0,0
0,0,0.2852776026,1.233192449,2,0
0,0,0.3876182989,1.023406963,2,0
0,0,0.4838061113,0.9618781246,1,0
0,0,0.6699917469,1.861856356,2,0
0,0,0.8924662755,2.224745285,1,0
0,0,1.229852444,3.373861683,2,-1
1,1,1.673492532,4.436400884
0,0,0,0,0,0
0,0,0.08699976124,0.8699976124,1,0
0,0,0.2063260315,1.193262703,0,0
0,0,0.4342117984,2.278857669,2,0
0,0,0.6373988352,2.031870368,2,0
0,0,0.8561077859,2.187089507,0,0
0,0,1.247617342,3.915095564,1,-1
1,1,1.775744758,5.281274153
0,0,0,0,2,0
0,0,-0.07603098826,-0.7603098826,1,0
0,0,-0.1618947226,-0.8586373438,2,0
0,0,-0.3651594815,-2.032647589,1,0
0,0,-0.6271569314,-2.619974498,0,0
0,0,-0.916954646,-2.897977146,1,0
0,0,-1.332723452,-4.15768806,2,-1
1,1,-1.903397439,-5.70673987
0,0,0,0,0,0
0,0,0.07724771491,0.7724771491,0,0
0,0,0.2563899451,1.791422302,1,0
0,0,0.4772132283,2.208232833,0,0
0,0,0.8398082171,3.625949887,2,0
0,0,1.265899834,4.260916168,2,-1
1,1,1.800115578,5.34215744
0,0,0,0,0,0
0,0,0.07867370884,0.7867370884,0,0
0,0,0.2602022382,1.815285294,2,0
0,0,0.3913433374,1.311410992,2,0
0,0,0.5109574669,1.196141295,0,0
0,0,0.7745817867,2.636243198,2,0
0,0,1.090847272,3.162654848,2,0
0,0,1.501854383,4.110071112,1,-1
1,1,2.057135943,5.552815605
0,0,0,0,0,0
0,0,0.1048515373,1.048515373,2,0
0,0,0.1454387356,0.4058719832,2,0
0,0,0.1152169848,-0.3022175077,2,0
0,0,0.00274064156,-1.124763432,2,0
0,0,-0.1889889003,-1.917295419,0,0
0,0,-0.3088947429,-1.199058426,0,0
0,0,-0.3820662437,-0.7317150076,2,0
0,0,-0.5831808486,-2.011146049,1,0
0,0,-0.8838724932,-3.006916446,1,0
0,0,-1.30256423,-4.186917365,1,-1
1,1,-1.855524192,-5.529599624
0,0,0,0,2,0
0,0,-0.09271885737,-0.9271885737,1,0
0,0,-0.217786059,-1.250672016,0,0
0,0,-0.2954510261,-0.7766496711,1,0
0,0,-0.4288919862,-1.334409601,0,0
0,0,-0.5537539334,-1.248619472,0,0
0,0,-0.7067070571,-1.529531237,2,0
0,0,-1.012744141,-3.060370835,0,0
0,0,-1.393875343,-3.811312023,0,-1
1,1,-1.904687374,-5.108120314
0,0,0,0,2,0
0,0,-0.07491916985,-0.7491916985,2,0
0,0,-0.2675287079,-1.92609538,0,0
0,0,-0.4285481976,-1.610194897,1,0
0,0,-0.6716151203,-2.430669228,2,0
0,0,-1.081116831,-4.095017107,1,-1
1,1,-1.609704287,-5.285874563
0,0,0,0,2,0
0,0,-0.09515009419,-0.9515009419,0,0
0,0,-0.1078252564,-0.1267516225,2,0
0,0,-0.2131045245,-1.052792681,2,0
0,0,-0.4463080849,-2.332035604,2,0
0,0,-0.8283735329,-3.82065448,1,0
0,0,-1.323250084,-4.948765514,0,-1
1,1,-1.931746806,-6.084967221
0,0,0,0,2,0
0,0,-0.09738863619,-0.9738863619,0,0
0,0,-0.1287810486,-0.3139241245,0,0
0,0,-0.09383358764,0.3494746101,2,0
0,0,-0.1487537631,-0.5492017542,0,0
0,0,-0.1267482556,0.2200550748,0,0
0,0,-0.04980599655,0.7694225903,2,0
0,0,-0.07581379744,-0.2600780089,1,0
0,0,-0.1147142373,-0.3890043981,2,0
0,0,-0.243596719,-1.288824818,2,0
0,0,-0.4898269844,-2.462302654,0,0
0,0,-0.7220995155,-2.322725311,1,0
0,0,-1.044486652,-3.223871364,1,0
0,0,-1.49024707,-4.457604182,0,-1
1,1,-2.073320894,-5.830738239
0,0,0,0,0,0
0,0,0.1053459602,1.053459602,0,0
0,0,0.3061676833,2.00821723,0,0
0,0,0.6340539538,3.278862705,2,0
0,0,0.9707941201,3.367401663,0,0
0,0,1.479676608,5.088824878,1,-1
1,1,2.130786485,6.511098774
0,0,0,0,0,0
0,0,0.1054978698,1.054978698,0,0
0,0,0.3021645258,1.96666656,0,0
0,0,0.6459718186,3.438072928,2,0
0,0,1.014408755,3.684369365,2,0
0,0,1.464423171,4.500144159,1,-1
1,1,2.057579524,5.931563532
0,0,0,0,2,0
0,0,-0.07498508745,-0.7498508745,1,0
0,0,-0.1690329125,-0.9404782502,1,0
0,0,-0.3046090659,-1.355761534,0,0
0,0,-0.4002080655,-0.9559899961,0,0
0,0,-0.4788336786,-0.7862561312,0,0
0,0,-0.5586059753,-0.7977229667,1,0
0,0,-0.7345225536,-1.759165783,0,0
0,0,-0.9442153491,-2.096927955,1,0
0,0,-1.273730694,-3.295153445,2,-1
1,1,-1.760400271,-4.866695778
0,0,0,0,0,0
0,0,0.1045698191,1.045698191,2,0
0,0,0.1347630735,0.3019325441,0,0
0,0,0.263538612,1.287755385,2,0
0,0,0.3659375032,1.023988912,1,0
0,0,0.5355989638,1.696614606,2,0
0,0,0.7095131476,1.739141838,0,0
0,0,1.055690023,3.461768758,2,0
0,0,1.495019769,4.393297453,1,-1
1,1,2.078003312,5.82983543
0,0,0,0,2,0
0,0,-0.08140522992,-0.8140522992,0,0
0,0,-0.09535372414,-0.1394849422,0,0
0,0,-0.04074579086,0.5460793328,0,0
0,0,0.1043984874,1.451442782,1,0
0,0,0.2608109461,1.564124587,1,0
0,0,0.4562213514,1.954104053,1,0
0,0,0.7188198664,2.62598515,0,0
0,0,1.147795947,4.289760807,0,-1
1,1,1.740602234,5.928062865
0,0,0,0,1,0
0,0,0.01034178496,0.1034178496,1,0
0,0,0.009382793087,-0.009589918699,0,0
0,0,0.0920924624,0.8270966931,0,0
0,0,0.263291084,1.711986216,2,0
0,0,0.4018836434,1.385925594,0,0
0,0,0.6892870182,2.874033748,0,0
0,0,1.129705361,4.404183433,0,-1
1,1,1.733349188,6.036438264
0,0,0,0,0,0
0,0,0.08608934717,0.8608934717,1,0
0,0,0.200689158,1.145998108,0,0
0,0,0.4291409071,2.284517491,0,0
0,0,0.789919067,3.607781599,1,0
0,0,1.261851199,4.719321322,1,-1
1,1,1.870338995,6.084877957
0,0,0,0,0,0
0,0,0.09670976026,0.9670976026,1,0
0,0,0.2266934348,1.299836746,0,0
0,0,0.4769162875,2.502228527,2,0
0,0,0.7304470461,2.535307585,0,0
0,0,1.136873268,4.064262222,1,-1
1,1,1.672113056,5.352397881
0,0,0,0,1,0
0,0,0.001371339845,0.01371339845,2,0
0,0,-0.07164399669,-0.7301533653,2,0
0,0,-0.2610290986,-1.893851019,2,0
0,0,-0.5759395831,-3.149104845,0,0
0,0,-0.8926729668,-3.167333837,0,0
0,0,-1.283036751,-3.903637839,2,-1
1,1,-1.832208742,-5.491719913
0,0,0,0,2,0
0,0,-0.09227781143,-0.9227781143,1,0
0,0,-0.1904969879,-0.982191765,2,0
0,0,-0.4234150216,-2.329180337,0,0
0,0,-0.6584380827,-2.35023061,2,0
0,0,-1.045110367,-3.866722841,1,0
0,0,-1.561476036,-5.163656692,0,-1
1,1,-2.223795035,-6.623189988
0,0,0,0,0,0
0,0,0.09805518675,0.9805518675,2,0
0,0,0.1351400374,0.3708485065,1,0
0,0,0.1888496518,0.5370961439,1,0
0,0,0.2906144966,1.017648448,2,0
0,0,0.3550691376,0.6445464102,2,0
0,0,0.3963989551,0.4132981743,0,0
0,0,0.5821808142,1.857818591,2,0
0,0,0.7986031956,2.164223814,0,0
0,0,1.170908597,3.723054009,1,-1
1,1,1.674239219,5.033306223
0,0,0,0,2,0
0,0,-0.09304249339,-0.9304249339,0,0
0,0,-0.1135907073,-0.2054821393,2,0
0,0,-0.2478012851,-1.342105778,2,0
0,0,-0.5100921214,-2.622908363,0,0
0,0,-0.7614096889,-2.513175674,2,0
0,0,-1.175396712,-4.139870232,2,-1
1,1,-1.748154833,-5.727581211
0,0,0,0,2,0
0,0,-0.07067104404,-0.7067104404,0,0
0,0,-0.04956087288,0.2111017115,0,0
0,0,0.05765834417,1.07219217,0,0
0,0,0.2649082668,2.072499227,1,0
0,0,0.5094082141,2.444999473,1,0
0,0,0.8208754746,3.114672605,0,0
0,0,1.303679888,4.828044133,2,-1
1,1,1.903491269,5.998113811
0,0,0,0,0,0
0,0,0.102778746,1.02778746,0,0
0,0,0.30230108,1.99522334,1,0
0,0,0.5552059676,2.529048876,1,0
0,0,0.8965213546,3.413153869,0,0
0,0,1.397742901,5.012215461,0,-1
1,1,2.050384224,6.526413231
0,0,0,0,0,0
0,0,0.09838175576,0.9838175576,1,0
0,0,0.1995009049,1.011191492,1,0
0,0,0.3461326058,1.466317009,2,0
0,0,0.4537942262,1.076616204,2,0
0,0,0.5719985833,1.18204357,1,0
0,0,0.7718208963,1.99822313,2,0
0,0,1.019813283,2.479923871,2,0
0,0,1.360716171,3.409028874,1,-1
1,1,1.843068164,4.823519935
0,0,0,0,0,0
0,0,0.08451812641,0.8451812641,1,0
0,0,0.1728147148,0.8829658838,2,0
0,0,0.1995272728,0.2671255805,2,0
0,0,0.1821532008,-0.1737407206,1,0
0,0,0.2067318097,0.2457860892,0,0
0,0,0.3352132872,1.284814775,0,0
0,0,0.5848204536,2.496071664,0,0
0,0,1.003651872,4.188314186,2,0
0,0,1.500572722,4.969208502,0,-1
1,1,2.14667213,6.460994077
0,0,0,0,2,0
0,0,-0.08538888128,-0.8538888128,2,0
0,0,-0.2563702694,-1.709813881,0,0
0,0,-0.389974207,-1.336039376,0,0
0,0,-0.4959630059,-1.059887989,0,0
0,0,-0.6085339358,-1.125709299,0,0
0,0,-0.7498571461,-1.413232103,0,0
0,0,-0.9302126107,-1.803554646,1,0
0,0,-1.228927049,-2.987144385,0,-1
1,1,-1.637199236,-4.08272187
0,0,0,0,0,0
0,0,0.08905477429,0.8905477429,0,0
0,0,0.2821105072,1.930557329,2,0
0,0,0.4377636149,1.556531077,2,0
0,0,0.5910059142,1.532422993,1,0
0,0,0.8397070343,2.487011201,1,0
0,0,1.198584758,3.588777232,2,-1
1,1,1.666558677,4.679739197
0,0,0,0,0,0
0,0,0.08606872557,0.8606872557,0,0
0,0,0.2725490181,1.864802925,0,0
0,0,0.5734089427,3.008599246,1,0
0,0,0.9474836399,3.740746971,2,0
0,0,1.399663483,4.521798433,1,-1
1,1,1.994171435,5.945079516
0,0,0,0,1,0
0,0,-0.008925356142,-0.08925356142,2,0
0,0,-0.0966329433,-0.8770758716,1,0
0,0,-0.2002332802,-1.036003369,1,0
0,0,-0.352941577,-1.527082969,0,0
0,0,-0.4902657717,-1.373241947,1,0
0,0,-0.694334094,-2.040683223,2,0
0,0,-1.064405559,-3.700714646,2,-1
1,1,-1.594776761,-5.303712025
0,0,0,0,0,0
0,0,0.1034870387,1.034870387,1,0
0,0,0.2289642185,1.254771798,1,0
0,0,0.3932864415,1.64322223,2,0
0,0,0.5543514788,1.610650373,1,0
0,0,0.7931770584,2.388255796,0,0
0,0,1.208268754,4.150916952,0,-1
1,1,1.785295901,5.770271479
0,0,0,0,0,0
0,0,0.102319924,1.02319924,1,0
0,0,0.2369215625,1.346016385,1,0
0,0,0.4228933458,1.859717832,0,0
0,0,0.7555538322,3.326604865,2,0
0,0,1.138462902,3.829090695,2,-1
1,1,1.614467995,4.760050937
0,0,0,0,2,0
0,0,-0.08527353179,-0.8527353179,0,0
0,0,-0.09575115468,-0.104776229,0,0
0,0,-0.04405671824,0.5169443645,2,0
0,0,-0.07961095534,-0.355542371,0,0
0,0,-0.05587790388,0.2373305146,1,0
0,0,-0.0526496242,0.0322827968,1,0
0,0,-0.06616779505,-0.1351817085,1,0
0,0,-0.09296574896,-0.2679795391,2,0
0,0,-0.2397504976,-1.467847486,0,0
0,0,-0.3523362497,-1.125857521,1,0
0,0,-0.5192022307,-1.66865981,1,0
0,0,-0.7635283132,-2.443260825,1,0
0,0,-1.111020114,-3.474918011,2,-1
1,1,-1.626199704,-5.151795899
0,0,0,0,0,0
0,0,0.09872531314,0.9872531314,2,0
0,0,0.1169453804,0.1822006731,1,0
0,0,0.167986738,0.5104135758,1,0
0,0,0.2555665009,0.8757976288,1,0
0,0,0.3962786442,1.407121433,1,0
0,0,0.5946071213,1.98328477,1,0
0,0,0.8878670499,2.932599286,0,0
0,0,1.353171191,4.653041411,0,-1
1,1,1.972133501,6.1896231
0,0,0,0,0,0
0,0,0.07533605984,0.7533605984,2,0
0,0,0.07815818018,0.02822120337,0,0
0,0,0.1892756609,1.111174807,2,0
0,0,0.2422537163,0.5297805544,2,0
0,0,0.2444976839,0.02243967529,1,0
0,0,0.2804725149,0.3597483105,2,0
0,0,0.2797749205,-0.006975944513,0,0
0,0,0.4165252144,1.367502939,2,0
0,0,0.5501362446,1.336110302,2,0
0,0,0.7008866534,1.507504088,0,0
0,0,1.007853601,3.069669473,0,0
0,0,1.485428169,4.775745687,2,-1
1,1,2.100367308,6.149391383
0,0,0,0,0,0
0,0,0.08471329464,0.8471329464,2,0
0,0,0.08289931178,-0.0181398286,1,0
0,0,0.09876947219,0.1587016041,2,0
0,0,0.03352808371,-0.6524138848,0,0
0,0,0.05738135196,0.2385326825,1,0
0,0,0.07417720523,0.1679585328,1,0
0,0,0.1076686839,0.3349147865,2,0
0,0,0.08945425712,-0.1821442676,2,0
0,0,0.01610218491,-0.7335207221,2,0
0,0,-0.133043108,-1.491452929,1,0
0,0,-0.3133667156,-1.803236076,1,0
0,0,-0.53824447,-2.248777543,0,0
0,0,-0.7818878167,-2.436433467,2,0
0,0,-1.199265975,-4.173781582,0,-1
1,1,-1.722065709,-5.227997336
0,0,0,0,0,0
0,0,0.1015440697,1.015440697,1,0
0,0,0.2281421752,1.265981055,0,0
0,0,0.4810469419,2.529047667,0,0
0,0,0.880654544,3.99607602,2,0
0,0,1.337837771,4.571832266,0,-1
1,1,1.947325872,6.09488101
0,0,0,0,1,0
0,0,0.01406399701,0.1406399701,2,0
0,0,-0.05050161556,-0.6456561256,2,0
0,0,-0.2168483445,-1.663467289,1,0
0,0,-0.4050283644,-1.881800199,1,0
0,0,-0.6485127011,-2.434843367,2,0
0,0,-1.055449869,-4.069371676,1,-1
1,1,-1.58288692,-5.274370512
0,0,0,0,1,0
0,0,-0.01116278013,-0.1116278013,0,0
0,0,0.07748139418,0.886441743,0,0
0,0,0.2706591163,1.931777221,2,0
0,0,0.4206863784,1.500272621,0,0
0,0,0.711036892,2.903505136,0,0
0,0,1.167359722,4.563228302,1,-1
1,1,1.755812647,5.884529251
0,0,0,0,1,0
0,0,-0.0133517753,-0.133517753,2,0
0,0,-0.108995224,-0.9564344874,0,0
0,0,-0.1245914062,-0.1559618216,1,0
0,0,-0.1530567805,-0.2846537433,2,0
0,0,-0.3039710783,-1.509142978,2,0
0,0,-0.5774104297,-2.734393514,1,0
0,0,-0.9446128405,-3.672024107,1,0
0,0,-1.430750706,-4.861378658,0,-1
1,1,-2.049414031,-6.186633248
0,0,0,0,2,0
0,0,-0.07503463665,-0.7503463665,0,0
0,0,-0.09148580395,-0.164511673,0,0
0,0,-0.05309532227,0.3839048168,0,0
0,0,0.07725337616,1.303486984,1,0
0,0,0.2163185133,1.390651372,0,0
0,0,0.4647702122,2.484516989,2,0
0,0,0.7053448935,2.405746813,2,0
0,0,0.9881346455,2.82789752,1,0
0,0,1.390715258,4.025806123,0,-1
1,1,1.949683387,5.589681291
0,0,0,0,1,0
0,0,0.0123423157,0.123423157,0,0
0,0,0.1141982511,1.018559354,2,0
0,0,0.142052329,0.2785407799,2,0
0,0,0.1178137247,-0.2423860438,1,0
0,0,0.1220365512,0.04222826561,0,0
0,0,0.2512402887,1.292037375,1,0
0,0,0.4228306768,1.715903881,1,0
0,0,0.6548939952,2.320633183,0,0
0,0,1.055326258,4.004322632,0,-1
1,1,1.612191415,5.568651569
0,0,0,0,1,0
0,0,0.007162142474,0.07162142474,2,0
0,0,-0.07612783585,-0.8328997833,0,0
0,0,-0.07864086326,-0.02513027401,2,0
0,0,-0.1663582474,-0.8771738413,0,0
0,0,-0.1962660957,-0.2990784833,2,0
0,0,-0.3314690996,-1.352030039,1,0
0,0,-0.5266615321,-1.951924325,2,0
0,0,-0.8769296808,-3.502681487,1,0
0,0,-1.342626487,-4.656968066,0,-1
1,1,-1.928304242,-5.856777548
0,0,0,0,1,0
0,0,0.009548976736,0.09548976736,0,0
0,0,0.1237551085,1.142061317,1,0
0,0,0.2471460484,1.233909399,2,0
0,0,0.3429703361,0.9582428774,0,0
0,0,0.5811737431,2.38203407,0,0
0,0,0.9877200325,4.065462894,1,0
0,0,1.516143182,5.284231493,0,-1
1,1,2.193473104,6.773299224
0,0,0,0,0,0
0,0,0.07167812642,0.7167812642,0,0
0,0,0.2534449567,1.817668303,0,0
0,0,0.5491882736,2.957433169,2,0
0,0,0.8581959253,3.090076516,2,0
0,0,1.225622943,3.674270181,2,-1
1,1,1.704723404,4.791004611
0,0,0,0,2,0
0,0,-0.09789074236,-0.9789074236,2,0
0,0,-0.2873720105,-1.894812682,1,0
0,0,-0.5239424594,-2.365704488,2,0
0,0,-0.899041017,-3.750985576,2,0
0,0,-1.440048107,-5.410070896,2,-1
1,1,-2.129818324,-6.897702176
0,0,0,0,1,0
0,0,-0.01331643706,-0.1331643706,1,0
0,0,-0.03398759738,-0.2067116032,1,0
0,0,-0.06121949598,-0.272318986,2,0
0,0,-0.1880268343,-1.268073383,0,0
0,0,-0.2519108616,-0.6388402727,2,0
0,0,-0.4536670802,-2.017562187,0,0
0,0,-0.6535986981,-1.999316179,2,0
0,0,-1.005909313,-3.523106145,0,0
0,0,-1.445210867,-4.393015541,2,-1
1,1,-2.038133508,-5.929226416
0,0,0,0,0,0
0,0,0.1006545271,1.006545271,2,0
0,0,0.1330640452,0.3240951808,1,0
0,0,0.1850166995,0.5195265436,0,0
0,0,0.3661333072,1.811166077,1,0
0,0,0.6071614446,2.410281374,2,0
0,0,0.8579994105,2.508379659,0,0
0,0,1.273045279,4.150458687,1,-1
1,1,1.822740631,5.496953521
0,0,0,0,0,0
0,0,0.07754888354,0.7754888354,2,0
0,0,0.06679181312,-0.1075707041,0,0
0,0,0.1511715893,0.8437977615,1,0
0,0,0.2606934099,1.095218207,0,0
0,0,0.5008670715,2.401736616,1,0
0,0,0.8142149753,3.133479038,1,0
0,0,1.233298162,4.190831869,0,-1
1,1,1.814218297,5.809201348
0,0,0,0,1,0
0,0,0.01061270483,0.1061270483,2,0
0,0,-0.05716669728,-0.677794021,1,0
0,0,-0.138582311,-0.8141561373,2,0
0,0,-0.333940903,-1.953585919,0,0
0,0,-0.5064745853,-1.725336824,1,0
0,0,-0.7684642244,-2.619896391,2,0
0,0,-1.205193716,-4.367294912,0,-1
1,1,-1.744721774,-5.395280586
0,0,0,0,2,0
0,0,-0.09384877035,-0.9384877035,0,0
0,0,-0.1274177077,-0.3356893732,0,0
0,0,-0.1050783893,0.2233931833,2,0
0,0,-0.1794032738,-0.7432488442,0,0
0,0,-0.1832776559,-0.03874382163,1,0
0,0,-0.2130144593,-0.2973680338,2,0
0,0,-0.3788559887,-1.658415294,1,0
0,0,-0.6139010828,-2.350450941,1,0
0,0,-0.9519036651,-3.380025823,1,0
0,0,-1.411897225,-4.599935599,1,-1
1,1,-2.013385917,-6.014886922
0,0,0,0,1,0
0,0,-0.01279004352,-0.1279004352,2,0
0,0,-0.1086842284,-0.9589418492,0,0
0,0,-0.1194813328,-0.1079710439,2,0
0,0,-0.2522089629,-1.327276301,1,0
0,0,-0.414189228,-1.61980265,2,0
0,0,-0.7173627675,-3.031735396,1,0
0,0,-1.120856724,-4.034939564,2,-1
1,1,-1.687180464,-5.663237404
0,0,0,0,0,0
0,0,0.08343880799,0.8343880799,0,0
0,0,0.2583505138,1.749117058,0,0
0,0,0.5766760619,3.183255481,1,0
0,0,0.9662456414,3.895695794,0,0
0,0,1.525351972,5.591063303,1,-1
1,1,2.229386136,7.040341648
0,0,0,0,1,0
0,0,0.01391791328,0.1391791328,1,0
0,0,0.031138533,0.1722061972,2,0
0,0,-0.03053492266,-0.6167345567,2,0
0,0,-0.1969271449,-1.663922222,2,0
0,0,-0.4826284388,-2.85701294,1,0
0,0,-0.8404624811,-3.578340423,1,0
0,0,-1.303353875,-4.628913935,1,-1
1,1,-1.901940276,-5.98586401
0,0,0,0,0,0
0,0,0.07246347654,0.7246347654,1,0
0,0,0.144800389,0.7233691244,2,0
0,0,0.164433814,0.1963342503,1,0
0,0,0.2140759616,0.4964214764,0,0
0,0,0.3959163231,1.818403615,0,0
0,0,0.7105990677,3.146827445,1,0
0,0,1.122023615,4.114245476,2,-1
1,1,1.619610605,4.975869897
0,0,0,0,0,0
0,0,0.07611138193,0.7611138193,1,0
0,0,0.1546940756,0.785826937,0,0
0,0,0.3505334211,1.958393455,2,0
0,0,0.5309268638,1.803934427,0,0
0,0,0.8526489838,3.2172212,1,0
0,0,1.290819488,4.381705044,2,-1
1,1,1.845359636,5.545401475
0,0,0,0,1,0
0,0,0.002582551744,0.02582551744,2,0
0,0,-0.07796267427,-0.8054522601,1,0
0,0,-0.1851517995,-1.071891253,2,0
0,0,-0.4168857561,-2.317339566,2,0
0,0,-0.7858165816,-3.689308254,1,0
0,0,-1.265746114,-4.799295319,2,-1
1,1,-1.902526432,-6.367803187
0,0,0,0,2,0
0,0,-0.07551990007,-0.7551990007,1,0
0,0,-0.1636144272,-0.8809452713,0,0
0,0,-0.1777807525,-0.141663253,2,0
0,0,-0.3003693844,-1.225886319,0,0
0,0,-0.388164067,-0.8779468259,0,0
0,0,-0.4679029642,-0.7973889723,1,0
0,0,-0.6099847298,-1.420817656,0,0
0,0,-0.7632791539,-1.532944241,2,0
0,0,-1.090894872,-3.276157177,2,-1
1,1,-1.580308318,-4.894134467
0,0,0,0,0,0
0,0,0.08941873475,0.8941873475,0,0
0,0,0.2660282997,1.766095649,1,0
0,0,0.4809099095,2.148816098,1,0
0,0,0.7801103892,2.992004797,0,0
0,0,1.236817219,4.567068302,2,-1
1,1,1.796268331,5.594511114
0,0,0,0,2,0
0,0,-0.09492755023,-0.9492755023,2,0
0,0,-0.2910435174,-1.961159672,0,0
0,0,-0.4457066942,-1.546631768,2,0
0,0,-0.7358064436,-2.900997494,0,0
0,0,-1.071727586,-3.359211428,1,0
0,0,-1.530864292,-4.59136706,0,-1
1,1,-2.133151154,-6.022868618
0,0,0,0,1,0
0,0,-0.0005584592896,-0.005584592896,0,0
0,0,0.09237885283,0.9293731212,0,0
0,0,0.2741268602,1.817480074,1,0
0,0,0.506352694,2.322258337,1,0
0,0,0.8240641681,3.177114742,0,0
0,0,1.307345785,4.832816167,1,-1
1,1,1.923355685,6.160099006
0,0,0,0,0,0
0,0,0.08550721794,0.8550721794,1,0
0,0,0.1751046042,0.8959738626,1,0
0,0,0.3088109009,1.337062967,0,0
0,0,0.5876913878,2.788804869,2,0
0,0,0.8816528004,2.939614127,0,0
0,0,1.332729589,4.510767888,1,-1
1,1,1.9203315,5.876019106
0,0,0,0,2,0
0,0,-0.1017526286,-1.017526286,1,0
0,0,-0.2288170176,-1.27064389,0,0
0,0,-0.3178926466,-0.8907562905,0,0
0,0,-0.3688503059,-0.5095765929,1,0
0,0,-0.4871558923,-1.183055863,2,0
0,0,-0.7674446782,-2.802887859,2,0
0,0,-1.220809726,-4.533650482,0,-1
1,1,-1.782814672,-5.620049455
0,0,0,0,1,0
0,0,0.01555491908,0.1555491908,1,0
0,0,0.02106279056,0.05507871481,1,0
0,0,0.03357882839,0.1251603783,0,0
0,0,0.1435861946,1.100073662,1,0
0,0,0.2660510205,1.224648259,1,0
0,0,0.4367119392,1.706609186,1,0
0,0,0.6739674645,2.372555253,0,0
0,0,1.072379275,3.984118102,1,-1
1,1,1.590494773,5.181154983
0,0,0,0,1,0
0,0,-0.006192569229,-0.06192569229,2,0
0,0,-0.08602549747,-0.7983292824,2,0
0,0,-0.2757370418,-1.897115443,2,0
0,0,-0.6068317044,-3.310946627,1,0
0,0,-1.014711893,-4.078801889,1,0
0,0,-1.5472512,-5.325393069,2,-1
1,1,-2.227587209,-6.803360087
0,0,0,0,0,0
0,0,0.1036558262,1.036558262,0,0
0,0,0.3239133686,2.202575424,0,0
0,0,0.6702310914,3.463177228,1,0
0,0,1.103980854,4.337497621,0,-1
1,1,1.690870161,5.868893071
0,0,0,0,0,0
0,0,0.1024126256,1.024126256,1,0
0,0,0.2124038168,1.099911911,2,0
0,0,0.2888524069,0.7644859011,2,0
0,0,0.3318796935,0.4302728666,2,0
0,0,0.3483236426,0.164439491,1,0
0,0,0.4175895851,0.6926594249,0,0
0,0,0.6441656423,2.265760572,2,0
0,0,0.9055348618,2.613692195,0,0
0,0,1.331859944,4.263250822,0,-1
1,1,1.911823333,5.799633894
0,0,0,0,2,0
0,0,-0.1027014576,-1.027014576,0,0
0,0,-0.1444939614,-0.4179250387,1,0
0,0,-0.1962965885,-0.5180262703,2,0
0,0,-0.3713645856,-1.750679972,1,0
0,0,-0.6132233875,-2.418588019,0,0
0,0,-0.8705040013,-2.572806138,2,0
0,0,-1.286753845,-4.162498435,2,-1
1,1,-1.864182287,-5.774284419
0,0,0,0,0,0
0,0,0.1048182268,1.048182268,2,0
0,0,0.1461210067,0.4130277991,1,0
0,0,0.2146074904,0.6848648372,0,0
0,0,0.3924805755,1.778730851,1,0
0,0,0.6455871541,2.531065786,0,0
0,0,1.052233742,4.06646588,0,-1
1,1,1.626170174,5.739364322
0,0,0,0,2,0
0,0,-0.08845749569,-0.8845749569,0,0
0,0,-0.1090392632,-0.2058176755,1,0
0,0,-0.1634969921,-0.5445772886,0,0
0,0,-0.1669102366,-0.03413244544,2,0
0,0,-0.2917391071,-1.248288705,2,0
0,0,-0.5472818971,-2.5554279,1,0
0,0,-0.8797371504,-3.324552533,1,0
0,0,-1.328007837,-4.482706866,0,-1
1,1,-1.892222107,-5.642142696
0,0,0,0,1,0
0,0,0.01710285985,0.1710285985,1,0
0,0,0.02044982379,0.03346963942,0,0
0,0,0.1056930285,0.852432047,1,0
0,0,0.2081521057,1.024590772,0,0
0,0,0.4419604358,2.338083301,1,0
0,0,0.7535708211,3.116103853,0,0
0,0,1.219064758,4.654939368,2,-1
1,1,1.792705109,5.73640351
0,0,0,0,0,0
0,0,0.08981750728,0.8981750728,1,0
0,0,0.1988914214,1.090739141,1,0
0,0,0.3361077844,1.37216363,1,0
0,0,0.5424396392,2.063318548,0,0
0,0,0.8967531592,3.5431352,2,0
0,0,1.30825657,4.115034112,0,-1
1,1,1.874737881,5.664813107
0,0,0,0,1,0
0,0,-0.005668373794,-0.05668373794,1,0
0,0,-0.0078000266,-0.02131652806,0,0
0,0,0.08879916379,0.9659919039,2,0
0,0,0.09710752464,0.08308360848,1,0
0,0,0.1291201873,0.3201266268,1,0
0,0,0.1775212522,0.4840106493,0,0
0,0,0.352334825,1.748135727,2,0
0,0,0.4911399508,1.388051258,2,0
0,0,0.6286338204,1.374938696,1,0
0,0,0.8706461422,2.420123218,1,0
0,0,1.232689286,3.620431438,0,-1
1,1,1.75893941,5.262501236
0,0,0,0,2,0
0,0,-0.08332176356,-0.8332176356,1,0
0,0,-0.1905151923,-1.071934287,1,0
0,0,-0.3302597595,-1.397445672,2,0
0,0,-0.5902473863,-2.599876268,1,0
0,0,-0.9407368603,-3.50489474,2,0
0,0,-1.456067394,-5.153305335,2,-1
1,1,-2.121281058,-6.652136643
0,0,0,0,0,0
0,0,0.09273697548,0.9273697548,0,0
0,0,0.2889470615,1.96210086,1,0
0,0,0.5230523974,2.341053359,2,0
0,0,0.7572279643,2.341755669,2,0
0,0,1.035053754,2.778257894,0,0
0,0,1.477196627,4.421428736,0,-1
1,1,2.070629988,5.934333606
0,0,0,0,0,0
0,0,0.09050458828,0.9050458828,0,0
0,0,0.2677563532,1.772517649,0,0
0,0,0.5573147672,2.89558414,2,0
0,0,0.8608717789,3.035570117,0,0
0,0,1.330928081,4.700563018,0,-1
1,1,1.955762934,6.248348535
0,0,0,0,0,0
0,0,0.07975839115,0.7975839115,1,0
0,0,0.1675482446,0.8778985344,0,0
0,0,0.3542212012,1.866729566,0,0
0,0,0.6937384476,3.395172465,0,0
0,0,1.193452592,4.997141448,2,-1
1,1,1.795046188,6.015935954
0,0,0,0,2,0
0,0,-0.1039525509,-1.039525509,0,0
0,0,-0.1312883676,-0.2733581674,2,0
0,0,-0.2762767375,-1.449883698,1,0
0,0,-0.4712049492,-1.949282118,1,0
0,0,-0.7385446138,-2.673396645,2,0
0,0,-1.180053447,-4.415088334,2,-1
1,1,-1.780651505,-6.005980575
0,0,0,0,1,0
0,0,-0.01762935129,-0.1762935129,0,0
0,0,0.05932921651,0.769585678,1,0
0,0,0.1615112857,1.021820692,0,0
0,0,0.3900750901,2.285638044,0,0
0,0,0.7482192934,3.581442033,2,0
0,0,1.151227514,4.030082201,0,-1
1,1,1.712190923,5.609634092
0,0,0,0,1,0
0,0,-0.004145532815,-0.04145532815,0,0
0,0,0.07024398408,0.743895169,1,0
0,0,0.1510638746,0.808198905,2,0
0,0,0.154300603,0.03236728419,1,0
0,0,0.1901857974,0.3588519437,2,0
0,0,0.1602547911,-0.299310063,2,0
0,0,0.05649518267,-1.037596084,2,0
0,0,-0.1341910699,-1.906862526,1,0
0,0,-0.357046714,-2.228556441,2,0
0,0,-0.7024414079,-3.453946939,2,0
0,0,-1.194883452,-4.924420443,1,-1
1,1,-1.815667066,-6.207836138
0,0,0,0,0,0
0,0,0.09972187488,0.9972187488,2,0
0,0,0.1339247517,0.3420287686,2,0
0,0,0.08666705639,-0.4725769534,0,0
0,0,0.1355165392,0.4884948279,2,0
0,0,0.1208866393,-0.146298999,1,0
0,0,0.1127766477,-0.08109991549,2,0
0,0,0.05303492548,-0.5974172226,1,0
0,0,-0.002615569849,-0.5565049533,1,0
0,0,-0.05336370451,-0.5074813466,1,0
0,0,-0.1197218719,-0.6635816741,2,0
0,0,-0.2945287375,-1.748068656,2,0
0,0,-0.5841013303,-2.895725928,1,0
0,0,-0.9481612257,-3.640598954,2,0
0,0,-1.47534492,-5.271836945,2,-1
1,1,-2.152349373,-6.770044529
0,0,0,0,0,0
0,0,0.0869860045,0.869860045,0,0
0,0,0.2833428338,1.963568293,2,0
0,0,0.4402104381,1.568676043,0,0
0,0,0.7290114341,2.88800996,1,0
0,0,1.11727205,3.882606163,1,-1
1,1,1.634814029,5.175419784
0,0,0,0,0,0
0,0,0.1056389493,1.056389493,2,0
0,0,0.1298535909,0.2421464159,2,0
0,0,0.1040995094,-0.2575408146,0,0
0,0,0.1706323055,0.6653279611,2,0
0,0,0.1707916289,0.001593233541,2,0
0,0,0.1245068605,-0.4628476838,2,0
0,0,-0.002258264195,-1.267651247,2,0
0,0,-0.2033698352,-2.01111571,1,0
0,0,-0.4252335573,-2.218637221,0,0
0,0,-0.6294742533,-2.042406961,2,0
0,0,-0.9886772198,-3.592029665,1,0
0,0,-1.46209689,-4.7341967,1,-1
1,1,-2.077476537,-6.153796472
0,0,0,0,0,0
0,0,0.0753598864,0.753598864,1,0
0,0,0.1549296922,0.7956980582,1,0
0,0,0.2518449049,0.9691521268,2,0
0,0,0.3157783886,0.6393348366,1,0
0,0,0.4172448722,1.014664836,2,0
0,0,0.4940751121,0.7683023997,0,0
0,0,0.7352177076,2.411425954,0,0
0,0,1.144276743,4.090590351,2,-1
1,1,1.648273605,5.03996862
0,0,0,0,2,0
0,0,-0.07690348795,-0.7690348795,0,0
0,0,-0.07015742311,0.06746064842,0,0
0,0,0.02335262574,0.9351004885,2,0
0,0,0.03812907823,0.1477645248,2,0
0,0,-0.02265450916,-0.6078358739,2,0
0,0,-0.1914667944,-1.688122852,2,0
0,0,-0.4790884739,-2.876216795,1,0
0,0,-0.8328179652,-3.537294912,1,0
0,0,-1.29811467,-4.652967053,1,-1
1,1,-1.898198806,-6.000841351
0,0,0,0,0,0
0,0,0.1052506297,1.052506297,1,0
0,0,0.2186530686,1.134024389,2,0
0,0,0.2967318408,0.7807877217,2,0
0,0,0.3503099746,0.535781338,2,0
0,0,0.3683689585,0.1805898395,0,0
0,0,0.5402392583,1.718702998,2,0
0,0,0.7367349574,1.964956991,2,0
0,0,0.9784789953,2.417440378,0,0
0,0,1.393205869,4.147268734,0,-1
1,1,1.962514383,5.693085141
0,0,0,0,2,0
0,0,-0.09924438161,-0.9924438161,0,0
0,0,-0.1168969053,-0.176525237,2,0
0,0,-0.25747496,-1.405780547,1,0
0,0,-0.4249641376,-1.674891776,1,0
0,0,-0.6718543923,-2.468902547,0,0
0,0,-0.9589292201,-2.870748277,2,0
0,0,-1.407121331,-4.48192111,1,-1
1,1,-1.997056958,-5.899356271
0,0,0,0,2,0
0,0,-0.09603342391,-0.9603342391,0,0
0,0,-0.1125625434,-0.1652911951,2,0
0,0,-0.2343374947,-1.217749513,1,0
0,0,-0.398442484,-1.641049893,2,0
0,0,-0.7175251356,-3.190826515,2,0
0,0,-1.191446389,-4.739212529,1,-1
1,1,-1.795097441,-6.036510522
0,0,0,0,0,0
0,0,0.09798541323,0.9798541323,0,0
0,0,0.3162415842,2.18256171,2,0
0,0,0.4889230566,1.726814724,0,0
0,0,0.8224662041,3.335431476,1,0
0,0,1.272458158,4.499919542,1,-1
1,1,1.858523322,5.860651637
0,0,0,0,2,0
0,0,-0.07949767161,-0.7949767161,1,0
0,0,-0.1893797656,-1.09882094,0,0
0,0,-0.2586747622,-0.6929499661,0,0
0,0,-0.2865573092,-0.2788254696,2,0
0,0,-0.4570627951,-1.705054859,2,0
0,0,-0.767603443,-3.105406479,1,0
0,0,-1.179499291,-4.118958483,1,-1
1,1,-1.723812769,-5.443134773
0,0,0,0,0,0
0,0,0.1048164348,1.048164348,0,0
0,0,0.3088992251,2.040827903,1,0
0,0,0.5761064436,2.672072185,2,0
0,0,0.8499509477,2.73844504,1,0
0,0,1.226181041,3.762300936,0,-1
1,1,1.757302004,5.311209625
0,0,0,0,1,0
0,0,-0.002748618519,-0.02748618519,1,0
0,0,0.008245735634,0.1099435415,0,0
0,0,0.1025813119,0.9433557623,1,0
0,0,0.2174397481,1.148584362,1,0
0,0,0.3603154023,1.428756542,1,0
0,0,0.5711176195,2.108022172,1,0
0,0,0.8791787947,3.080611752,0,0
0,0,1.353433992,4.742551968,1,-1
1,1,1.965806204,6.123722126
0,0,0,0,1,0
0,0,-0.01158532101,-0.1158532101,1,0
0,0,-0.01621549019,-0.04630169183,2,0
0,0,-0.1285739481,-1.123584579,2,0
0,0,-0.3614431745,-2.328692264,0,0
0,0,-0.5607024485,-1.99259274,0,0
0,0,-0.7855483342,-2.248458857,1,0
0,0,-1.126595514,-3.4104718,1,-1
1,1,-1.593191101,-4.665955867
0,0,0,0,1,0
0,0,-0.009132387582,-0.09132387582,2,0
0,0,-0.107438739,-0.9830635145,1,0
0,0,-0.2281576735,-1.207189345,0,0
0,0,-0.3144133179,-0.862556444,1,0
0,0,-0.4653987582,-1.509854402,2,0
0,0,-0.7677376497,-3.023388916,2,0
0,0,-1.230790129,-4.630524797,0,-1
1,1,-1.799607472,-5.688173426
0,0,0,0,0,0
0,0,0.07884385836,0.7884385836,2,0
0,0,0.08084591557,0.02002057212,0,0
0,0,0.1992705861,1.184246705,0,0
0,0,0.43862736,2.393567739,1,0
0,0,0.7487294878,3.101021278,1,0
0,0,1.149306995,4.005775071,0,-1
1,1,1.709848527,5.605415318
0,0,0,0,2,0
0,0,-0.08131966034,-0.8131966034,1,0
0,0,-0.1930227466,-1.117030863,0,0
0,0,-0.2441696237,-0.5114687704,1,0
0,0,-0.3225801847,-0.7841056109,1,0
0,0,-0.455326503,-1.327463182,1,0
0,0,-0.6572412484,-2.019147455,0,0
0,0,-0.8927380962,-2.354968477,0,0
0,0,-1.191814662,-2.990765657,2,-1
1,1,-1.657155339,-4.653406776
0,0,0,0,0,0
0,0,0.1052436649,1.052436649,0,0
0,0,0.3243502484,2.191065835,0,0
0,0,0.6710639928,3.467137444,2,0
0,0,1.03168645,3.60622457,1,0
0,0,1.521294537,4.896080871,2,-1
1,1,2.151805951,6.305114144
0,0,0,0,0,0
0,0,0.08836565778,0.8836565778,2,0
0,0,0.08725496702,-0.01110690756,0,0
0,0,0.1892426937,1.019877267,1,0
0,0,0.3121641979,1.229215042,2,0
0,0,0.4071125762,0.9494837835,1,0
0,0,0.5680901376,1.609775614,2,0
0,0,0.7454588278,1.773686902,1,0
0,0,1.02295167,2.774928426,1,0
0,0,1.423015447,4.000637768,0,-1
1,1,1.978582581,5.555671342
0,0,0,0,0,0
0,0,0.07207279719,0.7207279719,2,0
0,0,0.07892525276,0.06852455574,0,0
0,0,0.1737843146,0.9485906179,2,0
0,0,0.2264925013,0.5270818678,1,0
0,0,0.328575953,1.020834516,1,0
0,0,0.4738347779,1.452588249,2,0
0,0,0.6046649578,1.308301799,0,0
0,0,0.8985165838,2.93851626,0,0
0,0,1.353643216,4.55126632,2,-1
1,1,1.929893439,5.762502228
0,0,0,0,1,0
0,0,-0.01606916,-0.1606916,1,0
0,0,-0.03851085279,-0.224416928,0,0
0,0,0.03324653679,0.7175738958,0,0
0,0,0.1855373418,1.52290805,1,0
0,0,0.3680617565,1.825244147,1,0
0,0,0.6158567546,2.477949981,2,0
0,0,0.8737552666,2.57898512,1,0
0,0,1.242294553,3.685392868,1,-1
1,1,1.745459188,5.031646345
0,0,0,0,0,0
0,0,0.08495350934,0.8495350934,1,0
0,0,0.1710391042,0.8608559487,1,0
0,0,0.3024360421,1.313969379,2,0
0,0,0.3979334484,0.9549740632,2,0
0,0,0.4830359645,0.8510251607,0,0
0,0,0.7156815268,2.326455624,0,0
0,0,1.105519109,3.898375822,0,-1
1,1,1.659007838,5.534887286
0,0,0,0,2,0
0,0,-0.08375832822,-0.8375832822,1,0
0,0,-0.1654096396,-0.8165131138,2,0
0,0,-0.3616342303,-1.962245907,2,0
0,0,-0.689395813,-3.277615827,2,0
0,0,-1.165626029,-4.762302156,0,-1
1,1,-1.732868625,-5.672425969
0,0,0,0,1,0
0,0,0.01508707873,0.1508707873,2,0
0,0,-0.04948068255,-0.6456776128,1,0
0,0,-0.1123863736,-0.6290569101,2,0
0,0,-0.2973890006,-1.850026271,1,0
0,0,-0.5351714603,-2.377824597,1,0
0,0,-0.8445351981,-3.093637378,1,0
0,0,-1.26095282,-4.164176217,1,-1
1,1,-1.814024425,-5.530716053
0,0,0,0,1,0
0,0,0.01149923039,0.1149923039,1,0
0,0,0.01939792259,0.07898692207,2,0
0,0,-0.0525045654,-0.71902488,2,0
0,0,-0.2093216449,-1.568170795,1,0
0,0,-0.4154935881,-2.061719432,1,0
0,0,-0.6811250979,-2.656315097,0,0
0,0,-0.9740341209,-2.92909023,0,0
0,0,-1.343956042,-3.699219214,2,-1
1,1,-1.870332813,-5.263767705
0,0,0,0,0,0
0,0,0.104372277,1.04372277,0,0
0,0,0.2991323342,1.947600572,0,0
0,0,0.6330868774,3.339545432,1,0
0,0,1.045025543,4.119386652,2,0
0,0,1.539728508,4.947029655,0,-1
1,1,2.182475242,6.427467338
0,0,0,0,2,0
0,0,-0.1035844539,-1.035844539,2,0
0,0,-0.3009122756,-1.973278217,0,0
0,0,-0.4770320931,-1.761198175,0,0
0,0,-0.6543233658,-1.772912728,1,0
0,0,-0.9168564869,-2.62533121,1,0
0,0,-1.293322625,-3.764661381,0,-1
1,1,-1.786533795,-4.932111696
0,0,0,0,2,0
0,0,-0.07760472062,-0.7760472062,1,0
0,0,-0.1837103906,-1.061056699,0,0
0,0,-0.2265078424,-0.4279745188,0,0
0,0,-0.2085701583,0.1793768414,0,0
0,0,-0.1442115347,0.643586236,2,0
0,0,-0.1798590844,-0.3564754968,0,0
0,0,-0.1486260288,0.3123305561,2,0
0,0,-0.2342577699,-0.8563174111,1,0
0,0,-0.3632645455,-1.290067756,1,0
0,0,-0.5524028751,-1.891383296,1,0
0,0,-0.8232251109,-2.708222358,2,0
0,0,-1.265930813,-4.427057019,1,-1
1,1,-1.84244281,-5.765119972
0,0,0,0,1,0
0,0,0.01147452903,0.1147452903,1,0
0,0,0.03458769015,0.2311316112,2,0
0,0,-0.02227700025,-0.568646904,1,0
0,0,-0.09551358027,-0.7323658002,0,0
0,0,-0.1109032909,-0.153897106,2,0
0,0,-0.2333197157,-1.224164248,2,0
0,0,-0.4781595142,-2.448397986,1,0
0,0,-0.8061405009,-3.279809867,0,0
0,0,-1.190600973,-3.844604717,1,-1
1,1,-1.711791452,-5.21190479
0,0,0,0,1,0
0,0,0.002932600576,0.02932600576,1,0
0,0,0.01226373167,0.09331131091,2,0
0,0,-0.07671834654,-0.889820782,2,0
0,0,-0.2520148128,-1.752964663,1,0
0,0,-0.4555628901,-2.035480773,1,0
0,0,-0.7434494586,-2.878865684,1,0
0,0,-1.126654536,-3.832050779,2,-1
1,1,-1.672072128,-5.454175913
0,0,0,0,0,0
0,0,0.1001089521,1.001089521,1,0
0,0,0.2217508646,1.216419125,1,0
0,0,0.3780610999,1.563102353,1,0
0,0,0.5796405104,2.015794105,0,0
0,0,0.939926845,3.602863346,1,0
0,0,1.416634109,4.767072644,1,-1
1,1,2.032633979,6.159998697
0,0,0,0,2,0
0,0,-0.07803571452,-0.7803571452,1,0
0,0,-0.174832406,-0.9679669146,0,0
0,0,-0.2106706375,-0.3583823156,2,0
0,0,-0.3639577078,-1.532870703,1,0
0,0,-0.5810088999,-2.170511921,0,0
0,0,-0.8193015162,-2.382926164,0,0
0,0,-1.112785089,-2.934835726,2,-1
1,1,-1.571405327,-4.586202384
0,0,0,0,2,0
0,0,-0.0936756572,-0.936756572,0,0
0,0,-0.1018248764,-0.08149219203,0,0
0,0,-0.02431634137,0.7750853503,1,0
0,0,0.04736997458,0.7168631595,0,0
0,0,0.2209886135,1.736186389,2,0
0,0,0.3603041129,1.393154994,2,0
0,0,0.4706768242,1.103727113,0,0
0,0,0.7392752727,2.685984485,0,0
0,0,1.168972625,4.296973521,0,-1
1,1,1.755788017,5.868153924
0,0,0,0,0,0
0,0,0.07926454037,0.7926454037,2,0
0,0,0.07150968994,-0.0775485043,2,0
0,0,-0.01719289422,-0.8870258415,1,0
0,0,-0.09900403539,-0.8181114118,2,0
0,0,-0.2774599691,-1.784559337,2,0
0,0,-0.5684356902,-2.909757211,0,0
0,0,-0.8622091199,-2.937734297,2,0
0,0,-1.312183516,-4.499743966,2,-1
1,1,-1.918974189,-6.067906722
0,0,0,0,2,0
0,0,-0.08668078958,-0.8668078958,1,0
0,0,-0.1747969045,-0.881161149,2,0
0,0,-0.366105068,-1.913081635,0,0
0,0,-0.5356514258,-1.695463578,0,0
0,0,-0.7269588818,-1.91307456,0,0
0,0,-0.9562936311,-2.293347493,2,0
0,0,-1.345803621,-3.895099896,1,-1
1,1,-1.872826516,-5.270228958
0,0,0,0,2,0
0,0,-0.07361318033,-0.7361318033,0,0
0,0,-0.06057454862,0.130386317,2,0
0,0,-0.1304412604,-0.6986671176,2,0
0,0,-0.3228370912,-1.923958308,1,0
0,0,-0.5724836453,-2.496465541,0,0
0,0,-0.8268038049,-2.543201596,2,0
0,0,-1.236362754,-4.095589491,2,-1
1,1,-1.808374847,-5.720120934
0,0,0,0,0,0
0,0,0.09866926801,0.9866926801,2,0
0,0,0.1240610737,0.2539180569,0,0
0,0,0.2428722166,1.188111429,1,0
0,0,0.4136147882,1.707425716,1,0
0,0,0.6345329203,2.209181321,1,0
0,0,0.9587018466,3.241689263,1,0
0,0,1.40349741,4.447955632,0,-1
1,1,2.00093321,5.974358004
0,0,0,0,2,0
0,0,-0.08762917154,-0.8762917154,0,0
0,0,-0.1083299331,-0.2070076153,1,0
0,0,-0.1543372029,-0.4600726984,1,0
0,0,-0.225050886,-0.7071368306,2,0
0,0,-0.422421748,-1.973708621,0,0
0,0,-0.6088796555,-1.864579075,0,0
0,0,-0.8230869272,-2.142072717,2,0
0,0,-1.199574686,-3.764877585,0,-1
1,1,-1.675952018,-4.763773318
0,0,0,0,1,0
0,0,0.001891427328,0.01891427328,0,0
0,0,0.07987523886,0.7798381153,2,0
0,0,0.09500949443,0.1513425557,0,0
0,0,0.2035278629,1.085183685,1,0
0,0,0.3577993414,1.542714785,0,0
0,0,0.6540233963,2.962240549,0,0
0,0,1.104350464,4.503270681,1,-1
1,1,1.676374889,5.720244245
0,0,0,0,2,0
0,0,-0.08861883717,-0.8861883717,2,0
0,0,-0.2685835724,-1.799647353,1,0
0,0,-0.5067983007,-2.382147282,1,0
0,0,-0.8107321001,-3.039337994,2,0
0,0,-1.28709954,-4.763674395,0,-1
1,1,-1.87154547,-5.844459303
0,0,0,0,1,0
0,0,-0.005967474893,-0.05967474893,2,0
0,0,-0.1185221948,-1.125547199,1,0
0,0,-0.255615777,-1.370935823,2,0
0,0,-0.5072433467,-2.516275697,1,0
0,0,-0.8404372519,-3.331939052,0,0
0,0,-1.219860175,-3.794229226,0,-1
1,1,-1.701328458,-4.81468283
0,0,0,0,2,0
0,0,-0.08780170924,-0.8780170924,0,0
0,0,-0.1150401956,-0.2723848634,2,0
0,0,-0.234733099,-1.196929034,1,0
0,0,-0.400592766,-1.65859667,0,0
0,0,-0.5599468961,-1.593541301,1,0
0,0,-0.8185486879,-2.586017918,2,0
0,0,-1.233068019,-4.14519331,1,-1
1,1,-1.77925681,-5.461887916
0,0,0,0,0,0
0,0,0.1053410822,1.053410822,2,0
0,0,0.1564313827,0.5109030049,0,0
0,0,0.3212713587,1.648399759,2,0
0,0,0.4571112657,1.35839907,2,0
0,0,0.5995150667,1.42403801,1,0
0,0,0.8273343645,2.278192978,2,0
0,0,1.102109894,2.747755293,1,0
0,0,1.508290316,4.061804218,0,-1
1,1,2.065226317,5.569360012
0,0,0,0,2,0
0,0,-0.08669467332,-0.8669467332,2,0
0,0,-0.2693387427,-1.826440694,2,0
0,0,-0.5761919387,-3.068531961,0,0
0,0,-0.8996102814,-3.234183426,1,0
0,0,-1.344519641,-4.4490936,2,-1
1,1,-1.942359349,-5.978397072
0,0,0,0,1,0
0,0,-0.003483347301,-0.03483347301,1,0
0,0,0.006123127924,0.09606475225,2,0
0,0,-0.06736379852,-0.7348692644,2,0
0,0,-0.2318753196,-1.645115211,1,0
0,0,-0.4405336827,-2.086583632,0,0
0,0,-0.6325860154,-1.920523327,0,0
0,0,-0.8484392415,-2.158532261,1,0
0,0,-1.187489303,-3.390500618,1,-1
1,1,-1.656983945,-4.694946414
0,0,0,0,0,0
0,0,0.07560395435,0.7560395435,2,0
0,0,0.08828286897,0.1267891462,2,0
0,0,0.04075453786,-0.475283311,0,0
0,0,0.07673086219,0.3597632433,0,0
0,0,0.2267758876,1.500450254,1,0
0,0,0.4093591851,1.825832975,1,0
0,0,0.6444072654,2.350480803,2,0
0,0,0.9143309412,2.699236759,0,0
0,0,1.351163186,4.368322444,1,-1
1,1,1.923526396,5.7236321
0,0,0,0,1,0
0,0,-0.00517035606,-0.0517035606,2,0
0,0,-0.08794198378,-0.8277162772,1,0
0,0,-0.1881131423,-1.001711585,0,0
0,0,-0.2343262936,-0.4621315131,1,0
0,0,-0.3360530592,-1.017267656,1,0
0,0,-0.4772035673,-1.411505082,2,0
0,0,-0.7633112635,-2.861076961,0,0
0,0,-1.084196845,-3.208855818,1,0
0,0,-1.531886112,-4.476892665,1,-1
1,1,-2.125703448,-5.938173366
0,0,0,0,0,0
0,0,0.08276777633,0.8276777633,1,0
0,0,0.1723949538,0.8962717747,0,0
0,0,0.379753069,2.073581152,2,0
0,0,0.5685698596,1.888167906,0,0
0,0,0.9081470278,3.395771682,0,0
0,0,1.403194983,4.950479556,1,-1
1,1,2.039871454,6.366764708
0,0,0,0,0,0
0,0,0.09498735704,0.9498735704,0,0
0,0,0.3033628998,2.083755428,0,0
0,0,0.6587437493,3.553808495,2,0
0,0,1.033523094,3.747793449,0,0
0,0,1.567436908,5.339138137,2,-1
1,1,2.247917855,6.804809468
0,0,0,0,1,0
0,0,-0.008774306501,-0.08774306501,1,0
0,0,-0.02702089295,-0.1824658645,0,0
0,0,0.03046320158,0.5748409453,1,0
0,0,0.09951424341,0.6905104183,2,0
0,0,0.08512636778,-0.1438787563,2,0
0,0,-0.006500003372,-0.9162637115,1,0
0,0,-0.1007627948,-0.9426279144,1,0
0,0,-0.2154483694,-1.146855746,2,0
0,0,-0.4460862897,-2.306379203,2,0
0,0,-0.8099682653,-3.638819756,1,0
0,0,-1.274123789,-4.641555233,1,-1
1,1,-1.872037936,-5.97914147
0,0,0,0,1,0
0,0,-0.01235871277,-0.1235871277,1,0
0,0,-0.0283927704,-0.1603405763,2,0
0,0,-0.1313936197,-1.030008493,1,0
0,0,-0.2473183871,-1.159247675,2,0
0,0,-0.4956049738,-2.482865867,2,0
0,0,-0.8845349469,-3.889299731,1,0
0,0,-1.392296895,-5.077619479,0,-1
1,1,-2.023427508,-6.311306131
0,0,0,0,2,0
0,0,-0.08806392728,-0.8806392728,2,0
0,0,-0.2704101618,-1.823462345,0,0
0,0,-0.422851028,-1.524408662,2,0
0,0,-0.7360436209,-3.131925929,1,0
0,0,-1.149446355,-4.134027343,1,-1
1,1,-1.694097766,-5.446514109
0,0,0,0,2,0
0,0,-0.07107950637,-0.7107950637,1,0
0,0,-0.157114396,-0.8603488964,0,0
0,0,-0.174095925,-0.1698152902,1,0
0,0,-0.2361619615,-0.6206603645,1,0
0,0,-0.3409564576,-1.047944961,1,0
0,0,-0.493305089,-1.523486314,1,0
0,0,-0.7305454407,-2.372403518,0,0
0,0,-1.004257793,-2.737123518,2,0
0,0,-1.452234282,-4.479764892,1,-1
1,1,-2.04303643,-5.908021483
0,0,0,0,2,0
0,0,-0.0968589572,-0.968589572,2,0
0,0,-0.2968639515,-2.000049943,2,0
0,0,-0.6269558063,-3.300918548,1,0
0,0,-1.045710694,-4.187548875,2,-1
1,1,-1.628433892,-5.827231986
