2,1,1
0,0,0,0,0,0
0,0,0.09450412883,0.9450412883,0,0
0,0,0.3070574539,2.125533251,2,0
0,0,0.4766841061,1.696266522,0,0
0,0,0.7861051869,3.094210809,0,0
0,0,1.251373315,4.652681283,2,-1
1,1,1.823949156,5.725758408
0,0,0,0,0,0
0,0,0.08536993587,0.8536993587,1,0
0,0,0.173896291,0.8852635517,1,0
0,0,0.2802953486,1.063990576,0,0
0,0,0.5316577493,2.513624007,2,0
0,0,0.7768837542,2.452260049,2,0
0,0,1.069456164,2.925724101,0,0
0,0,1.525895113,4.564389482,1,-1
1,1,2.127187905,6.012927923
0,0,0,0,0,0
0,0,0.09507387115,0.9507387115,0,0
0,0,0.3107111037,2.156372325,2,0
0,0,0.5089986174,1.982875137,0,0
0,0,0.87268626,3.636876426,2,0
0,0,1.29951618,4.268299195,1,-1
1,1,1.863838997,5.643228172
0,0,0,0,1,0
0,0,0.007601626125,0.07601626125,0,0
0,0,0.09605932881,0.8845770269,2,0
0,0,0.1151086469,0.1904931813,2,0
0,0,0.07320279146,-0.4190585549,1,0
0,0,0.02643577328,-0.4676701818,1,0
0,0,-0.01598466854,-0.4242044182,1,0
0,0,-0.06531689723,-0.4933222869,0,0
0,0,-0.0325271038,0.3278979343,2,0
0,0,-0.1024658233,-0.6993871951,1,0
0,0,-0.1898466782,-0.8738085492,0,0
0,0,-0.2157802973,-0.2593361905,0,0
0,0,-0.2043384719,0.1144182537,1,0
0,0,-0.2333486672,-0.2901019528,2,0
0,0,-0.3718585123,-1.385098451,1,0
0,0,-0.5670121085,-1.951535962,1,0
0,0,-0.8613543556,-2.94342247,1,0
0,0,-1.276353931,-4.14999575,0,-1
1,1,-1.807241389,-5.30887458
0,0,0,0,1,0
0,0,0.004115440695,0.04115440695,2,0
0,0,-0.06875450478,-0.7286994548,2,0
0,0,-0.2582036148,-1.8944911,0,0
0,0,-0.3895893945,-1.313857797,0,0
0,0,-0.492376964,-1.027875696,2,0
0,0,-0.7388829597,-2.465059957,0,0
0,0,-1.027985369,-2.891024094,0,0
0,0,-1.405140665,-3.771552958,0,-1
1,1,-1.912562164,-5.074214988
0,0,0,0,1,0
0,0,-0.005663098965,-0.05663098965,1,0
0,0,-0.0213895535,-0.1572645454,1,0
0,0,-0.04927545556,-0.2788590205,1,0
0,0,-0.09376352916,-0.444880736,1,0
0,0,-0.1463893354,-0.5262580621,1,0
0,0,-0.2299382617,-0.8354892632,1,0
0,0,-0.3658633224,-1.359250607,1,0
0,0,-0.5753444054,-2.094810829,0,0
0,0,-0.796289104,-2.209446986,2,0
0,0,-1.176833716,-3.80544612,0,-1
1,1,-1.6636151,-4.867813843
0,0,0,0,2,0
0,0,-0.09629801896,-0.9629801896,2,0
0,0,-0.2920142254,-1.957162064,1,0
0,0,-0.5330397823,-2.410255569,0,0
0,0,-0.7721717491,-2.391319667,0,0
0,0,-1.068522792,-2.963510431,2,0
0,0,-1.534676543,-4.661537505,2,-1
1,1,-2.148845225,-6.141686821
0,0,0,0,1,0
0,0,0.01292684626,0.1292684626,0,0
0,0,0.1254051449,1.124782986,1,0
0,0,0.2641314037,1.387262588,0,0
0,0,0.5227426435,2.586112398,0,0
0,0,0.9257431151,4.030004716,1,0
0,0,1.435468091,5.09724976,1,-1
1,1,2.086675177,6.512070854
0,0,0,0,1,0
0,0,0.01518176502,0.1518176502,0,0
0,0,0.118514713,1.03332948,0,0
0,0,0.3352805556,2.167658425,1,0
0,0,0.6185746595,2.832941039,1,0
0,0,1.002918434,3.843437745,0,0
0,0,1.551247604,5.483291701,0,-1
1,1,2.246926786,6.956791818
0,0,0,0,0,0
0,0,0.09326168791,0.9326168791,1,0
0,0,0.1998970812,1.066353933,1,0
0,0,0.3499164933,1.500194121,0,0
0,0,0.6336504085,2.837339152,0,0
0,0,1.067044495,4.33394086,1,-1
1,1,1.623526998,5.564825035
0,0,0,0,1,0
0,0,0.004367544866,0.04367544866,1,0
0,0,-0.003921397832,-0.08288942697,2,0
0,0,-0.09372377279,-0.8980237496,0,0
0,0,-0.09574133201,-0.02017559223,1,0
0,0,-0.1016362458,-0.05894913816,0,0
0,0,-0.02173823173,0.798980141,2,0
0,0,-0.02530294461,-0.03564712886,2,0
0,0,-0.1196938727,-0.9439092808,0,0
0,0,-0.1524609746,-0.3276710188,2,0
0,0,-0.2861006771,-1.336397025,1,0
0,0,-0.4637961558,-1.776954787,1,0
0,0,-0.7156391724,-2.518430166,2,0
0,0,-1.135095862,-4.1945669,0,-1
1,1,-1.642225722,-5.071298598
0,0,0,0,1,0
0,0,-0.01531969976,-0.1531969976,2,0
0,0,-0.1280241687,-1.12704469,0,0
0,0,-0.1661789961,-0.3815482735,2,0
0,0,-0.3095474231,-1.43368427,1,0
0,0,-0.509172847,-1.99625424,1,0
0,0,-0.7981620486,-2.889892016,2,0
0,0,-1.255634728,-4.574726793,2,-1
1,1,-1.873041846,-6.174071184
0,0,0,0,1,0
0,0,-0.006800874648,-0.06800874648,0,0
0,0,0.0808680166,0.8766889125,1,0
0,0,0.1837828599,1.029148433,0,0
0,0,0.4029188895,2.191360296,1,0
0,0,0.7006999358,2.977810463,1,0
0,0,1.095507547,3.948076111,1,-1
1,1,1.620305174,5.247976275
0,0,0,0,2,0
0,0,-0.0876774979,-0.876774979,0,0
0,0,-0.100868037,-0.131905391,2,0
0,0,-0.2211931364,-1.203250994,1,0
0,0,-0.3827621522,-1.615690158,1,0
0,0,-0.6037611557,-2.209990035,1,0
0,0,-0.9149615352,-3.112003795,2,0
0,0,-1.382854493,-4.678929579,0,-1
1,1,-1.976503315,-5.936488224
0,0,0,0,1,0
0,0,0.01512589931,0.1512589931,0,0
0,0,0.1291825985,1.140566992,0,0
0,0,0.3509910713,2.218084727,0,0
0,0,0.7126785266,3.616874553,0,0
0,0,1.242184333,5.295058067,0,-1
1,1,1.920892439,6.787081057
0,0,0,0,0,0
0,0,0.1032057843,1.032057843,2,0
0,0,0.1321760807,0.2897029638,1,0
0,0,0.1873009373,0.5512485659,2,0
0,0,0.1932704093,0.05969472016,2,0
0,0,0.1308835765,-0.6238683278,2,0
0,0,0.003114120913,-1.277694556,0,0
0,0,-0.04407532194,-0.4718944285,0,0
0,0,-0.01999614476,0.2407917719,2,0
0,0,-0.08401315679,-0.6401701204,0,0
0,0,-0.08177125181,0.02241904981,2,0
0,0,-0.1656307562,-0.8385950441,1,0
0,0,-0.2605769855,-0.9494622932,2,0
0,0,-0.4924713876,-2.31894402,0,0
0,0,-0.7192574282,-2.267860407,0,0
0,0,-0.9911722459,-2.719148177,0,0
0,0,-1.339176846,-3.480046003,2,-1
1,1,-1.84328443,-5.041075842
0,0,0,0,1,0
0,0,0.006477009204,0.06477009204,2,0
0,0,-0.08060241877,-0.8707942798,2,0
0,0,-0.2794003692,-1.987979505,2,0
0,0,-0.5922062933,-3.128059241,1,0
0,0,-0.9849637597,-3.927574663,2,0
0,0,-1.544962017,-5.599982574,0,-1
1,1,-2.24849005,-7.035280327
0,0,0,0,2,0
0,0,-0.07414040568,-0.7414040568,0,0
0,0,-0.08536730401,-0.1122689833,0,0
0,0,-0.01391131786,0.7145598616,0,0
0,0,0.13554624,1.494575578,2,0
0,0,0.2308426276,0.9529638761,0,0
0,0,0.4635562153,2.327135877,1,0
0,0,0.7670463002,3.03490085,0,0
0,0,1.240031154,4.729848533,1,-1
1,1,1.843662629,6.036314754
0,0,0,0,2,0
0,0,-0.08629315766,-0.8629315766,1,0
0,0,-0.1702837968,-0.8399063909,0,0
0,0,-0.1831856466,-0.1290184981,1,0
0,0,-0.2260952646,-0.4290961804,2,0
0,0,-0.3870260056,-1.60930741,2,0
0,0,-0.6986090865,-3.115830809,2,0
0,0,-1.170920601,-4.723115149,2,-1
1,1,-1.801263292,-6.303426906
0,0,0,0,0,0
0,0,0.07516704327,0.7516704327,0,0
0,0,0.2625965943,1.87429551,1,0
0,0,0.4960919193,2.33495325,1,0
0,0,0.8057364564,3.09644537,1,0
0,0,1.232032207,4.262957509,0,-1
1,1,1.818619591,5.86587384
0,0,0,0,0,0
0,0,0.08252771395,0.8252771395,0,0
0,0,0.2760923376,1.935646237,0,0
0,0,0.5944188689,3.183265313,0,0
0,0,1.076988741,4.825698722,2,-1
1,1,1.639852434,5.628636933
0,0,0,0,2,0
0,0,-0.08702201087,-0.8702201087,0,0
0,0,-0.09006029651,-0.0303828564,1,0
0,0,-0.09495343794,-0.04893141429,1,0
0,0,-0.1064500378,-0.1149659991,0,0
0,0,-0.06427464913,0.4217538872,0,0
0,0,0.07037444161,1.346490907,1,0
0,0,0.2111933741,1.408189325,0,0
0,0,0.4769243744,2.657310003,1,0
0,0,0.8231292416,3.462048673,1,0
0,0,1.273269563,4.501403213,2,-1
1,1,1.839031804,5.657622413
0,0,0,0,0,0
0,0,0.09888205053,0.9888205053,2,0
0,0,0.1108158747,0.119338242,1,0
0,0,0.1455052737,0.3468939898,1,0
0,0,0.2205156736,0.7501039988,2,0
0,0,0.2526160266,0.3210035297,0,0
0,0,0.3957698364,1.431538098,0,0
0,0,0.6755788367,2.798090004,2,0
0,0,0.9860004749,3.104216381,2,0
0,0,1.373785436,3.877849614,2,-1
1,1,1.885521941,5.117365051
0,0,0,0,1,0
0,0,-0.01355814018,-0.1355814018,2,0
0,0,-0.1217757563,-1.082176161,2,0
0,0,-0.3430515216,-2.212757653,2,0
0,0,-0.7164144204,-3.733628988,2,0
0,0,-1.234622256,-5.182078359,2,-1
1,1,-1.908833223,-6.742109663
0,0,0,0,1,0
0,0,-0.01266252911,-0.1266252911,1,0
0,0,-0.01817331423,-0.05510785119,1,0
0,0,-0.03731120891,-0.1913789468,1,0
0,0,-0.05896797279,-0.2165676388,1,0
0,0,-0.08561758105,-0.2664960827,2,0
0,0,-0.2294797108,-1.438621298,1,0
0,0,-0.4187908883,-1.893111775,2,0
0,0,-0.7603639361,-3.415730478,0,0
0,0,-1.153704846,-3.933409102,0,-1
1,1,-1.641050488,-4.873456417
0,0,0,0,2,0
0,0,-0.1018529494,-1.018529494,2,0
0,0,-0.3148171003,-2.129641508,1,0
0,0,-0.581691574,-2.668744737,0,0
0,0,-0.8770423335,-2.953507596,2,0
0,0,-1.340721817,-4.636794833,1,-1
1,1,-1.943741894,-6.030200769
0,0,0,0,2,0
0,0,-0.0763137766,-0.763137766,1,0
0,0,-0.1535338322,-0.7722005563,1,0
0,0,-0.2427604599,-0.8922662763,2,0
0,0,-0.4449688581,-2.022083982,1,0
0,0,-0.7275055038,-2.825366457,0,0
0,0,-1.054379323,-3.268738193,2,0
0,0,-1.540021274,-4.85641951,0,-1
1,1,-2.168837038,-6.288157638
0,0,0,0,0,0
0,0,0.07470807108,0.7470807108,0,0
0,0,0.2325765573,1.578684863,2,0
0,0,0.3349755135,1.023989561,2,0
0,0,0.408778123,0.7380260957,1,0
0,0,0.5513367627,1.425586397,2,0
0,0,0.7173324745,1.659957118,0,0
0,0,1.046565932,3.292334578,0,0
0,0,1.545382198,4.988162657,2,-1
1,1,2.188362457,6.429802593
0,0,0,0,0,0
0,0,0.09673253979,0.9673253979,2,0
0,0,0.1346434018,0.3791086204,2,0
0,0,0.1195390384,-0.1510436342,1,0
0,0,0.1094395816,-0.1009945682,0,0
0,0,0.1963596429,0.8692006131,2,0
0,0,0.2221084707,0.2574882777,0,0
0,0,0.3657961456,1.436876749,2,0
0,0,0.4767373953,1.109412497,2,0
0,0,0.5742339627,0.9749656743,0,0
0,0,0.817539314,2.433053513,0,0
0,0,1.223442106,4.059027922,0,-1
1,1,1.785819199,5.623770927
0,0,0,0,1,0
0,0,-0.01163014677,-0.1163014677,2,0
0,0,-0.1104929937,-0.9886284697,0,0
0,0,-0.1277288212,-0.1723582748,2,0
0,0,-0.2619354747,-1.342066534,2,0
0,0,-0.5318403843,-2.699049097,1,0
0,0,-0.8659495901,-3.341092057,1,0
0,0,-1.307936165,-4.419865751,1,-1
1,1,-1.886344588,-5.784084231
0,0,0,0,0,0
0,0,0.07664158909,0.7664158909,0,0
0,0,0.2394775676,1.628359785,0,0
0,0,0.5317737134,2.922961458,0,0
0,0,0.9840244656,4.522507522,0,-1
1,1,1.591111039,6.070865737
0,0,0,0,0,0
0,0,0.0884891109,0.884891109,0,0
0,0,0.2883819756,1.998928647,2,0
0,0,0.442658804,1.542768285,0,0
0,0,0.7594199575,3.167611534,1,0
0,0,1.184025465,4.246055079,0,-1
1,1,1.762657967,5.786325015
0,0,0,0,0,0
0,0,0.09440356404,0.9440356404,1,0
0,0,0.2219417265,1.275381625,1,0
0,0,0.3786135547,1.566718281,1,0
0,0,0.5975395216,2.18925967,0,0
0,0,0.9684618067,3.709222851,0,0
0,0,1.496960061,5.284982546,1,-1
1,1,2.168020518,6.710604562
0,0,0,0,1,0
0,0,-0.005108261121,-0.05108261121,0,0
0,0,0.09397642707,0.9908468819,1,0
0,0,0.223850203,1.298737759,2,0
0,0,0.2889317706,0.6508156762,2,0
0,0,0.3250746552,0.3614288458,2,0
0,0,0.3402279242,0.1515326898,1,0
0,0,0.4086824495,0.6845452531,0,0
0,0,0.6254207677,2.167383182,0,0
0,0,0.9985619464,3.731411786,1,0
0,0,1.488596888,4.900349418,0,-1
1,1,2.12825336,6.396564718
0,0,0,0,2,0
0,0,-0.08269944691,-0.8269944691,2,0
0,0,-0.2674793486,-1.847799017,2,0
0,0,-0.5736979897,-3.062186411,0,0
0,0,-0.8914612341,-3.177632443,1,0
0,0,-1.322879944,-4.314187104,1,-1
1,1,-1.891506962,-5.686270175
0,0,0,0,1,0
0,0,0.01508801833,0.1508801833,1,0
0,0,0.0279844934,0.1289647507,2,0
0,0,-0.03793790439,-0.659223978,0,0
0,0,-0.02205715851,0.1588074589,1,0
0,0,-0.01931771295,0.0273944556,2,0
0,0,-0.1029262529,-0.8360853995,2,0
0,0,-0.30766151,-2.047352572,1,0
0,0,-0.5475405618,-2.398790518,1,0
0,0,-0.8823043183,-3.347637565,2,0
0,0,-1.377661445,-4.953571262,0,-1
1,1,-1.998014025,-6.203525808
0,0,0,0,1,0
0,0,0.001696529674,0.01696529674,1,0
0,0,-0.0138261922,-0.1552272187,1,0
0,0,-0.03690192198,-0.2307572978,0,0
0,0,0.02287845605,0.5978037803,0,0
0,0,0.1839708485,1.610923925,0,0
0,0,0.4576681817,2.736973332,0,0
0,0,0.8756374508,4.179692691,2,0
0,0,1.351908794,4.762713432,1,-1
1,1,1.967250681,6.153418869
0,0,0,0,2,0
0,0,-0.07690345992,-0.7690345992,0,0
0,0,-0.08724079968,-0.1033733976,2,0
0,0,-0.1865116546,-0.9927085493,2,0
0,0,-0.3923630556,-2.05851401,1,0
0,0,-0.6757695462,-2.834064906,2,0
0,0,-1.106203513,-4.304339666,1,-1
1,1,-1.656363742,-5.501602294
0,0,0,0,2,0
0,0,-0.07621815734,-0.7621815734,2,0
0,0,-0.2442425573,-1.680243999,1,0
0,0,-0.4544121768,-2.101696195,0,0
0,0,-0.6524047497,-1.97992573,0,0
0,0,-0.8803911087,-2.279863589,0,0
0,0,-1.169315711,-2.889246024,1,-1
1,1,-1.595841163,-4.265254517
0,0,0,0,0,0
0,0,0.098313433,0.98313433,2,0
0,0,0.1214088609,0.2309542786,0,0
0,0,0.2663250611,1.449162003,2,0
0,0,0.3565365167,0.902114556,0,0
0,0,0.6008267636,2.442902469,2,0
0,0,0.8734614477,2.72634684,1,0
0,0,1.261924344,3.884628958,2,-1
1,1,1.762851733,5.009273892
0,0,0,0,2,0
0,0,-0.08917152138,-0.8917152138,1,0
0,0,-0.1837181694,-0.9454664799,2,0
0,0,-0.4090743518,-2.253561825,2,0
0,0,-0.7638273783,-3.547530265,2,0
0,0,-1.269994469,-5.061670908,1,-1
1,1,-1.903997349,-6.3400288
0,0,0,0,1,0
0,0,-0.01030093434,-0.1030093434,1,0
0,0,-0.03813708559,-0.2783615125,0,0
0,0,0.0001008385388,0.3823792413,1,0
0,0,0.03581745668,0.3571661814,2,0
0,0,-0.02028642786,-0.5610388454,2,0
0,0,-0.1686780487,-1.483916208,1,0
0,0,-0.3419364383,-1.732583896,1,0
0,0,-0.5617929807,-2.198565424,1,0
0,0,-0.8672193438,-3.054263632,0,0
0,0,-1.240175965,-3.72956621,2,-1
1,1,-1.769016799,-5.288408341
0,0,0,0,1,0
0,0,-0.006229009498,-0.06229009498,1,0
0,0,-0.03045788422,-0.2422887473,2,0
0,0,-0.1561248534,-1.256669691,1,0
0,0,-0.3148210886,-1.586962353,2,0
0,0,-0.6178335437,-3.030124551,2,0
0,0,-1.083758651,-4.659251071,1,-1
1,1,-1.674321951,-5.905632996
0,0,0,0,0,0
0,0,0.09357667326,0.9357667326,2,0
0,0,0.1291037295,0.3552705625,0,0
0,0,0.2631066703,1.340029408,1,0
0,0,0.448910667,1.858039967,0,0
0,0,0.7919582302,3.430475632,2,0
0,0,1.175983533,3.840253029,2,-1
1,1,1.656398323,4.804147903
0,0,0,0,2,0
0,0,-0.1029562741,-1.029562741,1,0
0,0,-0.2346001652,-1.316438911,2,0
0,0,-0.479518345,-2.449181798,1,0
0,0,-0.8022639828,-3.227456377,2,0
0,0,-1.275815765,-4.735517823,2,-1
1,1,-1.900996609,-6.251808439
0,0,0,0,1,0
0,0,0.004561663215,0.04561663215,0,0
0,0,0.09004698646,0.8548532324,2,0
0,0,0.1075437847,0.1749679825,2,0
0,0,0.05000470107,-0.5753908364,2,0
0,0,-0.08975100624,-1.397557073,1,0
0,0,-0.2618650402,-1.72114034,2,0
0,0,-0.5529039376,-2.910388974,0,0
0,0,-0.8558431509,-3.029392133,1,0
0,0,-1.263733523,-4.078903718,2,-1
1,1,-1.832371749,-5.686382262
0,0,0,0,0,0
0,0,0.09999619908,0.9999619908,0,0
0,0,0.3023862027,2.023900036,2,0
0,0,0.4749387396,1.72552537,2,0
0,0,0.638469353,1.635306133,1,0
0,0,0.888411356,2.49942003,0,0
0,0,1.30147224,4.130608842,1,-1
1,1,1.853552623,5.520803833
0,0,0,0,0,0
0,0,0.0845244547,0.845244547,1,0
0,0,0.1840024111,0.9947795636,2,0
0,0,0.2226829609,0.3868054989,0,0
0,0,0.3906129839,1.67930023,1,0
0,0,0.6184543564,2.278413724,0,0
0,0,1.005891993,3.874376362,1,0
0,0,1.51246089,5.065688971,0,-1
1,1,2.167379349,6.549184596
0,0,0,0,2,0
0,0,-0.07865563618,-0.7865563618,0,0
0,0,-0.08124940024,-0.02593764053,2,0
0,0,-0.1858872168,-1.046378165,0,0
0,0,-0.2500136087,-0.641263919,0,0
0,0,-0.285559853,-0.3554624429,2,0
0,0,-0.4476725032,-1.621126503,1,0
0,0,-0.6713245468,-2.236520435,0,0
0,0,-0.9247466842,-2.534221374,2,0
0,0,-1.354667806,-4.299211215,2,-1
1,1,-1.938237197,-5.835693915
0,0,0,0,0,0
0,0,0.09788630278,0.9788630278,0,0
0,0,0.3032516535,2.053653507,1,0
0,0,0.561352611,2.581009575,1,0
0,0,0.9116048617,3.502522507,1,0
0,0,1.366456612,4.548517505,2,-1
1,1,1.947659133,5.812025209
0,0,0,0,0,0
0,0,0.08875343958,0.8875343958,1,0
0,0,0.1886383311,0.9988489155,2,0
0,0,0.2229446033,0.3430627216,2,0
0,0,0.1964703326,-0.2647427067,1,0
0,0,0.1863479686,-0.10122364,2,0
0,0,0.1092474402,-0.7710052838,1,0
0,0,0.04424451403,-0.6500292621,2,0
0,0,-0.08468417438,-1.289286884,2,0
0,0,-0.3145211367,-2.298369624,0,0
0,0,-0.5232826111,-2.087614743,0,0
0,0,-0.7410121773,-2.177295662,1,0
0,0,-1.058607206,-3.175950286,2,0
0,0,-1.546751009,-4.881438028,0,-1
1,1,-2.179084895,-6.323338868
0,0,0,0,1,0
0,0,0.006587887853,0.06587887853,0,0
0,0,0.1062425572,0.9965466936,2,0
0,0,0.1192562453,0.1301368811,1,0
0,0,0.1408687185,0.2161247319,1,0
0,0,0.1764186516,0.3554993313,1,0
0,0,0.2357257913,0.5930713965,2,0
0,0,0.2648301015,0.2910431022,1,0
0,0,0.3531430864,0.8831298488,2,0
0,0,0.4028786625,0.4973557613,1,0
0,0,0.512979391,1.101007285,2,0
0,0,0.6157473936,1.027680027,2,0
0,0,0.7514686654,1.357212717,0,0
0,0,1.053296088,3.018274222,0,0
0,0,1.513603204,4.603071168,0,-1
1,1,2.123068193,6.094649883
0,0,0,0,1,0
0,0,0.003234201775,0.03234201775,0,0
0,0,0.1124603866,1.092261848,2,0
0,0,0.1606672374,0.4820685077,2,0
0,0,0.1443618895,-0.1630534787,2,0
0,0,0.05129379641,-0.9306809308,0,0
0,0,0.05170470112,0.004109047053,1,0
0,0,0.0778389818,0.2613428068,1,0
0,0,0.1066396209,0.2880063909,0,0
0,0,0.2576778547,1.510382338,0,0
0,0,0.5343826518,2.767047971,0,0
0,0,0.9655482875,4.311656357,0,0
0,0,1.547512818,5.819645301,0,-1
1,1,2.277065943,7.295531254
0,0,0,0,2,0
0,0,-0.08751388251,-0.8751388251,1,0
0,0,-0.1945052846,-1.06991402,0,0
0,0,-0.2435415541,-0.490362695,2,0
0,0,-0.4099074991,-1.663659451,1,0
0,0,-0.6366521683,-2.267446692,2,0
0,0,-1.012365816,-3.757136474,0,0
0,0,-1.466740561,-4.543747449,1,-1
1,1,-2.06589318,-5.991526198
0,0,0,0,0,0
0,0,0.09249910863,0.9249910863,0,0
0,0,0.296990624,2.044915154,2,0
0,0,0.4534237058,1.564330818,2,0
0,0,0.6082589033,1.548351976,1,0
0,0,0.8570736562,2.488147529,2,0
0,0,1.177187898,3.201142415,0,-1
1,1,1.66504106,4.878531618
0,0,0,0,2,0
0,0,-0.0996230748,-0.996230748,2,0
0,0,-0.309671881,-2.100488062,1,0
0,0,-0.5761608712,-2.664889901,1,0
0,0,-0.918446614,-3.422857428,2,0
0,0,-1.430446722,-5.120001076,2,-1
1,1,-2.09386991,-6.634231883
0,0,0,0,1,0
0,0,0.01151203999,0.1151203999,1,0
0,0,0.04259222941,0.3108018942,2,0
0,0,0.00621572195,-0.3637650746,1,0
0,0,-0.02209771824,-0.2831344019,1,0
0,0,-0.04835362084,-0.262559026,1,0
0,0,-0.08421866206,-0.3586504122,1,0
0,0,-0.1185700838,-0.3435142172,1,0
0,0,-0.1814189089,-0.6284882509,1,0
0,0,-0.2891796187,-1.077607098,1,0
0,0,-0.4520992811,-1.629196625,2,0
0,0,-0.750609678,-2.985103969,0,0
0,0,-1.085939971,-3.353302935,0,0
0,0,-1.510806423,-4.248664518,1,-1
1,1,-2.081621566,-5.708151428
0,0,0,0,0,0
0,0,0.07460018965,0.7460018965,1,0
0,0,0.1588435764,0.8424338676,0,0
0,0,0.3571890916,1.983455152,1,0
0,0,0.6038640389,2.466749473,1,0
0,0,0.9274570083,3.235929693,2,0
0,0,1.31048881,3.830318016,1,-1
1,1,1.828933903,5.184450927
0,0,0,0,1,0
0,0,0.01760516536,0.1760516536,0,0
0,0,0.1286070087,1.110018433,0,0
0,0,0.3607315845,2.321245758,1,0
0,0,0.6385670407,2.778354562,2,0
0,0,0.9416287909,3.030617502,2,0
0,0,1.321438568,3.798097768,0,-1
1,1,1.8613501,5.39911532
0,0,0,0,0,0
0,0,0.09104518249,0.9104518249,0,0
0,0,0.3013905202,2.103453377,2,0
0,0,0.4631718852,1.61781365,2,0
0,0,0.6085497407,1.453778556,0,0
0,0,0.9109586065,3.024088658,0,0
0,0,1.37308909,4.621304834,1,-1
1,1,1.972082911,5.989938207
0,0,0,0,2,0
0,0,-0.07640583762,-0.7640583762,0,0
0,0,-0.06086325102,0.155425866,1,0
0,0,-0.05355146915,0.07311781871,0,0
0,0,0.04981248583,1.03363955,1,0
0,0,0.1464488772,0.966363914,2,0
0,0,0.1783549257,0.3190604847,0,0
0,0,0.3267569685,1.484020428,0,0
0,0,0.6032360018,2.764790333,2,0
0,0,0.8908521805,2.876161786,1,0
0,0,1.293025532,4.021733516,2,-1
1,1,1.811913913,5.188883812
0,0,0,0,1,0
0,0,-0.003021018769,-0.03021018769,1,0
0,0,-0.02194844634,-0.1892742757,1,0
0,0,-0.03813898847,-0.1619054213,0,0
0,0,0.02092790559,0.5906689406,2,0
0,0,-0.01786981282,-0.3879771841,1,0
0,0,-0.0640733654,-0.4620355259,0,0
0,0,-0.03180353249,0.3226983291,0,0
0,0,0.07488013788,1.066836704,2,0
0,0,0.09830443598,0.234242981,0,0
0,0,0.2139452566,1.156408206,0,0
0,0,0.4605408208,2.465955642,0,0
0,0,0.841686775,3.811459543,1,0
0,0,1.320603287,4.789165116,2,-1
1,1,1.919529839,5.989265523
0,0,0,0,0,0
0,0,0.08677953359,0.8677953359,2,0
0,0,0.08615112081,-0.006284127826,0,0
0,0,0.1729563873,0.8680526654,2,0
0,0,0.2188551806,0.4589879322,2,0
0,0,0.2234684681,0.04613287568,0,0
0,0,0.3588254072,1.35356939,0,0
0,0,0.627890592,2.690651848,0,0
0,0,1.060757908,4.32867316,2,-1
1,1,1.57498753,5.142296222
0,0,0,0,2,0
0,0,-0.07581043904,-0.7581043904,0,0
0,0,-0.07020253588,0.05607903162,2,0
0,0,-0.1815207125,-1.113181766,0,0
0,0,-0.247222954,-0.6570224148,0,0
0,0,-0.2635861053,-0.163631513,0,0
0,0,-0.2548900254,0.08696079873,1,0
0,0,-0.2928265641,-0.3793653869,0,0
0,0,-0.3097165883,-0.1689002417,1,0
0,0,-0.3621931382,-0.5247654998,0,0
0,0,-0.4074894456,-0.4529630732,2,0
0,0,-0.6135471429,-2.060576974,2,0
0,0,-0.969464114,-3.559169711,2,0
0,0,-1.489001387,-5.195372732,1,-1
1,1,-2.15214843,-6.631470433
0,0,0,0,1,0
0,0,0.009600273995,0.09600273995,1,0
0,0,0.03793675968,0.2833648568,0,0
0,0,0.1609699821,1.230332224,2,0
0,0,0.2361544905,0.7518450845,2,0
0,0,0.2785861321,0.4243164152,2,0
0,0,0.2995884814,0.2100234932,1,0
0,0,0.37667091,0.7708242858,2,0
0,0,0.429382559,0.5271164907,0,0
0,0,0.6400119563,2.106293973,0,0
0,0,1.006958372,3.669464158,0,0
0,0,1.534227846,5.272694734,2,-1
1,1,2.20439215,6.70164304
0,0,0,0,2,0
0,0,-0.08796934351,-0.8796934351,0,0
0,0,-0.1146965262,-0.2672718265,1,0
0,0,-0.1682276644,-0.5353113825,2,0
0,0,-0.338103061,-1.698753966,2,0
0,0,-0.640141581,-3.0203852,0,0
0,0,-0.9653262704,-3.251846893,1,0
0,0,-1.406415892,-4.410896213,0,-1
1,1,-1.974092248,-5.676763562
0,0,0,0,1,0
0,0,-0.002331677427,-0.02331677427,0,0
0,0,0.09775971511,1.000913925,0,0
0,0,0.2972275643,1.994678492,0,0
0,0,0.6422298603,3.450022959,1,0
0,0,1.084402336,4.421724762,1,-1
1,1,1.644849515,5.604471786
0,0,0,0,2,0
0,0,-0.08405212794,-0.8405212794,2,0
0,0,-0.2727431217,-1.886909938,0,0
0,0,-0.4336914301,-1.609483084,1,0
0,0,-0.6734572757,-2.397658456,0,0
0,0,-0.9538011602,-2.803438845,0,0
0,0,-1.304857974,-3.510568138,1,-1
1,1,-1.792142911,-4.872849366
0,0,0,0,0,0
0,0,0.09575740959,0.9575740959,0,0
0,0,0.2831853482,1.874279386,1,0
0,0,0.5016484381,2.184630899,1,0
0,0,0.7863607808,2.847123427,0,0
0,0,1.230105003,4.437442221,0,-1
1,1,1.832360584,6.022555808
0,0,0,0,2,0
0,0,-0.09424133146,-0.9424133146,0,0
0,0,-0.1056522278,-0.1141089636,2,0
0,0,-0.2089155347,-1.032633069,2,0
0,0,-0.4164712933,-2.075557585,1,0
0,0,-0.6762738091,-2.598025158,0,0
0,0,-0.9601926267,-2.839188176,0,0
0,0,-1.319816753,-3.596241259,1,-1
1,1,-1.819045717,-4.992289639
0,0,0,0,1,0
0,0,0.008485255314,0.08485255314,0,0
0,0,0.09179023659,0.8330498128,1,0
0,0,0.1947209533,1.029307167,0,0
0,0,0.4012685143,2.06547561,2,0
0,0,0.5840817357,1.828132213,1,0
0,0,0.8428958821,2.588141465,2,0
0,0,1.157916102,3.150202203,2,0
0,0,1.569039176,4.111230738,2,-1
1,1,2.127008954,5.579697779
0,0,0,0,0,0
0,0,0.09298283107,0.9298283107,2,0
0,0,0.1032480274,0.1026519631,0,0
0,0,0.2099051101,1.066570827,0,0
0,0,0.4398570573,2.299519473,1,0
0,0,0.7355322001,2.956751428,2,0
0,0,1.06169798,3.261657802,0,0
0,0,1.550031768,4.883337876,0,-1
1,1,2.185954261,6.359224932
0,0,0,0,0,0
0,0,0.09435953619,0.9435953619,2,0
0,0,0.1084267703,0.1406723408,2,0
0,0,0.05953824897,-0.488885213,2,0
0,0,-0.05988665529,-1.194249043,1,0
0,0,-0.1768265643,-1.16939909,0,0
0,0,-0.2363760163,-0.5954945202,1,0
0,0,-0.325041464,-0.8866544776,1,0
0,0,-0.4571583955,-1.321169315,0,0
0,0,-0.5955758861,-1.384174905,2,0
0,0,-0.9065684124,-3.109925263,2,0
0,0,-1.391591133,-4.850227209,0,-1
1,1,-2.000888079,-6.09296946
0,0,0,0,0,0
0,0,0.1023147393,1.023147393,0,0
0,0,0.3186820219,2.163672826,2,0
0,0,0.4919044605,1.732224386,0,0
0,0,0.8205855755,3.28681115,0,0
0,0,1.320456635,4.998710592,0,-1
1,1,1.975445506,6.549888712
0,0,0,0,0,0
0,0,0.09625455609,0.9625455609,2,0
0,0,0.1259345153,0.2967995922,2,0
0,0,0.09619514211,-0.297393732,2,0
0,0,-0.005778406469,-1.019735486,1,0
0,0,-0.1003592694,-0.9458086288,1,0
0,0,-0.2071758814,-1.06816612,1,0
0,0,-0.3520854628,-1.449095814,0,0
0,0,-0.4775486444,-1.254631816,1,0
0,0,-0.6924736784,-2.149250341,1,0
0,0,-1.014004849,-3.215311709,2,0
0,0,-1.493027332,-4.790224823,2,-1
1,1,-2.121956799,-6.289294677
0,0,0,0,0,0
0,0,0.0744687261,0.744687261,1,0
0,0,0.1496783625,0.7520963637,2,0
0,0,0.177208877,0.2753051453,2,0
0,0,0.1330216387,-0.4418723833,0,0
0,0,0.1838213432,0.507997045,1,0
0,0,0.2517594029,0.679380597,1,0
0,0,0.374040325,1.222809221,2,0
0,0,0.4847355086,1.106951836,0,0
0,0,0.7610994314,2.763639228,1,0
0,0,1.132149602,3.710501703,0,-1
1,1,1.662668698,5.305190965
0,0,0,0,0,0
0,0,0.07101136532,0.7101136532,1,0
0,0,0.1410384789,0.7002711357,1,0
0,0,0.2190970858,0.7805860691,0,0
0,0,0.4060120451,1.869149593,1,0
0,0,0.6600396609,2.540276158,0,0
0,0,1.078007997,4.179683363,0,-1
1,1,1.65008551,5.720775125
0,0,0,0,2,0
0,0,-0.08987013594,-0.8987013594,2,0
0,0,-0.2798707184,-1.900005825,2,0
0,0,-0.5983178479,-3.184471295,0,0
0,0,-0.9213803475,-3.230624996,0,0
0,0,-1.307813698,-3.864333507,2,-1
1,1,-1.847757855,-5.39944157
0,0,0,0,2,0
0,0,-0.07578928539,-0.7578928539,2,0
0,0,-0.2395782856,-1.637890002,0,0
0,0,-0.368315505,-1.287372194,0,0
0,0,-0.4912804941,-1.22964989,2,0
0,0,-0.7748394319,-2.835589378,2,0
0,0,-1.221077083,-4.462376508,1,-1
1,1,-1.797157253,-5.760801701
0,0,0,0,0,0
0,0,0.09375211544,0.9375211544,1,0
0,0,0.216294596,1.225424805,0,0
0,0,0.4673538858,2.510592898,1,0
0,0,0.8023116214,3.349577357,1,0
0,0,1.232980104,4.306684823,1,-1
1,1,1.796386014,5.634059106
0,0,0,0,0,0
0,0,0.08120220629,0.8120220629,1,0
0,0,0.1849716662,1.037694599,2,0
0,0,0.2373098126,0.5233814639,2,0
0,0,0.2574636483,0.2015383572,1,0
0,0,0.3153761771,0.5791252878,2,0
0,0,0.3561021066,0.4072592953,2,0
0,0,0.3753302586,0.1922815203,2,0
0,0,0.3634154291,-0.1191482949,1,0
0,0,0.4100168253,0.4660139613,0,0
0,0,0.5902722607,1.802554354,1,0
0,0,0.8589393304,2.686670697,2,0
0,0,1.189041888,3.301025573,0,-1
1,1,1.682408333,4.933664448
0,0,0,0,2,0
0,0,-0.07251018398,-0.7251018398,0,0
0,0,-0.05785285201,0.1465733196,0,0
0,0,0.04464895556,1.025018076,1,0
0,0,0.1392020027,0.9455304716,1,0
0,0,0.2734543583,1.342523555,2,0
0,0,0.368758405,0.9530404679,0,0
0,0,0.6161564188,2.473980137,1,0
0,0,0.9507065571,3.345501384,1,0
0,0,1.398398323,4.476917657,0,-1
1,1,1.997146626,5.987483034
0,0,0,0,1,0
0,0,-0.01229991039,-0.1229991039,2,0
0,0,-0.1106423138,-0.9834240344,1,0
0,0,-0.2109378394,-1.002955255,0,0
0,0,-0.2494503587,-0.3851251935,2,0
0,0,-0.4193741601,-1.699238014,1,0
0,0,-0.6554928755,-2.361187155,2,0
0,0,-1.048719382,-3.93226506,1,0
0,0,-1.563750268,-5.15030886,0,-1
1,1,-2.224946196,-6.611959286
0,0,0,0,0,0
0,0,0.07793828053,0.7793828053,0,0
0,0,0.2501353628,1.721970823,2,0
0,0,0.3702440915,1.201087287,0,0
0,0,0.6250139388,2.547698473,1,0
0,0,0.9729072921,3.478933534,0,0
0,0,1.485904342,5.129970496,1,-1
1,1,2.142738004,6.568336628
0,0,0,0,2,0
0,0,-0.08124978019,-0.8124978019,2,0
0,0,-0.2747773724,-1.935275922,0,0
0,0,-0.4151469011,-1.403695287,2,0
0,0,-0.702089643,-2.869427419,0,0
0,0,-1.027222469,-3.251328262,0,0
0,0,-1.432769054,-4.055465845,1,-1
1,1,-1.982347641,-5.495785871
0,0,0,0,2,0
0,0,-0.09078387228,-0.9078387228,1,0
0,0,-0.2033549776,-1.125711053,1,0
0,0,-0.3515482206,-1.48193243,0,0
0,0,-0.4899272538,-1.383790333,2,0
0,0,-0.7843774481,-2.944501943,2,0
0,0,-1.238449798,-4.540723498,0,-1
1,1,-1.801382726,-5.629329279
0,0,0,0,0,0
0,0,0.09088932484,0.9088932484,1,0
0,0,0.1802130733,0.8932374842,2,0
0,0,0.220541425,0.4032835175,2,0
0,0,0.2041275165,-0.1641390853,2,0
0,0,0.1526296068,-0.5149790972,2,0
0,0,0.03651912141,-1.161104854,0,0
0,0,-0.001597597748,-0.3811671916,0,0
0,0,0.06112063355,0.627182313,2,0
0,0,0.03432901993,-0.2679161362,2,0
0,0,-0.0865044853,-1.208335052,0,0
0,0,-0.1243894498,-0.378849645,2,0
0,0,-0.2662311143,-1.418416645,1,0
0,0,-0.4369223842,-1.706912699,2,0
0,0,-0.7554336264,-3.185112422,1,0
0,0,-1.170346933,-4.149133062,2,-1
1,1,-1.744791276,-5.74444343
0,0,0,0,2,0
0,0,-0.07774526488,-0.7774526488,1,0
0,0,-0.1694687314,-0.9172346648,2,0
0,0,-0.3913350979,-2.218663666,1,0
0,0,-0.6722688271,-2.809337292,0,0
0,0,-0.995491679,-3.232228519,2,0
0,0,-1.482981244,-4.874895651,1,-1
1,1,-2.114103339,-6.311220948
0,0,0,0,2,0
0,0,-0.1051750769,-1.051750769,1,0
0,0,-0.2260998034,-1.209247265,0,0
0,0,-0.2828072812,-0.5670747773,2,0
0,0,-0.4580101239,-1.752028427,0,0
0,0,-0.6236597219,-1.65649598,0,0
0,0,-0.8133822175,-1.897224957,1,0
0,0,-1.108949813,-2.955675956,0,0
0,0,-1.499763102,-3.908132887,2,-1
1,1,-2.041913931,-5.421508292
0,0,0,0,1,0
0,0,-0.01572668562,-0.1572668562,2,0
0,0,-0.1091982577,-0.9347157205,2,0
0,0,-0.3018396472,-1.926413895,1,0
0,0,-0.5550274214,-2.531877742,2,0
0,0,-0.9595027352,-4.044753138,1,0
0,0,-1.479290862,-5.197881268,2,-1
1,1,-2.148333776,-6.690429135
0,0,0,0,2,0
0,0,-0.09784209972,-0.9784209972,0,0
0,0,-0.1367349887,-0.3889288898,2,0
0,0,-0.2876580391,-1.509230504,1,0
0,0,-0.4772724811,-1.896144421,1,0
0,0,-0.7345317774,-2.572592963,2,0
0,0,-1.158076548,-4.235447708,0,-1
1,1,-1.682496636,-5.244200879
0,0,0,0,0,0
0,0,0.1051871296,1.051871296,2,0
0,0,0.140848205,0.3566107536,1,0
0,0,0.1940398312,0.531916262,2,0
0,0,0.1909926794,-0.03047151784,2,0
0,0,0.1207229666,-0.7026971283,2,0
0,0,-0.0006773241552,-1.214002907,0,0
0,0,-0.01968425282,-0.1900692867,1,0
0,0,-0.04117514592,-0.214908931,1,0
0,0,-0.06403156891,-0.2285642299,1,0
0,0,-0.09719809501,-0.331665261,1,0
0,0,-0.1329621747,-0.357640797,0,0
0,0,-0.1112647079,0.2169746676,2,0
0,0,-0.2059418861,-0.9467717819,1,0
0,0,-0.3467632178,-1.408213317,0,0
0,0,-0.4738736089,-1.271103911,0,0
0,0,-0.5881749933,-1.143013844,1,0
0,0,-0.7854393021,-1.972643088,1,0
0,0,-1.081793622,-2.963543195,1,0
0,0,-1.508100235,-4.263066136,1,-1
1,1,-2.080203627,-5.721033923
0,0,0,0,2,0
0,0,-0.0742160343,-0.742160343,0,0
0,0,-0.09018543291,-0.1596939861,1,0
0,0,-0.109420597,-0.1923516411,1,0
0,0,-0.1419630692,-0.3254247222,0,0
0,0,-0.1170594998,0.2490356943,0,0
0,0,-0.01489621359,1.021632862,1,0
0,0,0.09301336651,1.079095801,1,0
0,0,0.2076007754,1.145874089,0,0
0,0,0.4514019227,2.438011473,2,0
0,0,0.6926960499,2.412941272,2,0
0,0,0.9576734309,2.64977381,2,0
0,0,1.290008199,3.323347684,2,-1
1,1,1.740391096,4.503828964
0,0,0,0,2,0
0,0,-0.08465251385,-0.8465251385,2,0
0,0,-0.2608390525,-1.761865387,1,0
0,0,-0.4797853478,-2.189462953,2,0
0,0,-0.8335345331,-3.537491854,1,0
0,0,-1.299364844,-4.658303113,2,-1
1,1,-1.92210616,-6.227413153
0,0,0,0,0,0
0,0,0.07562716108,0.7562716108,1,0
0,0,0.1518485936,0.7622143249,1,0
0,0,0.2540019503,1.021533567,2,0
0,0,0.3243348903,0.7033294004,0,0
0,0,0.5197822386,1.954473483,0,0
0,0,0.8662192726,3.46437034,2,0
0,0,1.275123974,4.089047011,1,-1
1,1,1.818882607,5.437586331
0,0,0,0,0,0
0,0,0.08415163785,0.8415163785,1,0
0,0,0.1670778855,0.829262477,2,0
0,0,0.1873081504,0.202302648,2,0
0,0,0.1361406993,-0.51167451,1,0
0,0,0.1143135439,-0.2182715541,2,0
0,0,0.03985523665,-0.7445830729,0,0
0,0,0.061406232,0.2155099535,2,0
0,0,0.0155076116,-0.4589862039,2,0
0,0,-0.116698451,-1.322060626,2,0
0,0,-0.3443678557,-2.276694047,1,0
0,0,-0.6176762883,-2.733084326,0,0
0,0,-0.904486372,-2.868100838,1,0
0,0,-1.308443873,-4.039575009,2,-1
1,1,-1.867417121,-5.589732483
0,0,0,0,0,0
0,0,0.1036560973,1.036560973,1,0
0,0,0.2205335984,1.168775011,0,0
0,0,0.4563752623,2.358416639,2,0
0,0,0.6814932589,2.251179966,1,0
0,0,1.014437944,3.329446851,2,0
0,0,1.429281548,4.148436039,1,-1
1,1,1.986822212,5.575406639
0,0,0,0,1,0
0,0,-0.0105493315,-0.105493315,2,0
0,0,-0.126529131,-1.159797995,2,0
0,0,-0.3644701779,-2.379410469,2,0
0,0,-0.752038889,-3.875687111,2,0
0,0,-1.306952656,-5.549137667,1,-1
1,1,-1.99373768,-6.867850247
0,0,0,0,2,0
0,0,-0.08742138892,-0.8742138892,2,0
0,0,-0.261014279,-1.735928901,0,0
0,0,-0.3875228943,-1.265086153,0,0
0,0,-0.5059470604,-1.184241661,1,0
0,0,-0.6960838301,-1.901367697,1,0
0,0,-0.979907789,-2.838239589,0,0
0,0,-1.345858198,-3.659504088,2,-1
1,1,-1.869723731,-5.23865533
0,0,0,0,2,0
0,0,-0.07350110961,-0.7350110961,2,0
0,0,-0.2470689412,-1.735678316,0,0
0,0,-0.3893147104,-1.422457692,0,0
0,0,-0.5034376793,-1.141229689,1,0
0,0,-0.6862905733,-1.82852894,0,0
0,0,-0.9007447139,-2.144541406,0,0
0,0,-1.188667272,-2.879225581,0,-1
1,1,-1.578515626,-3.898483537
0,0,0,0,0,0
0,0,0.07607920809,0.7607920809,0,0
0,0,0.2483064116,1.722272035,1,0
0,0,0.471010048,2.227036364,1,0
0,0,0.7681402201,2.971301721,0,0
0,0,1.220132896,4.51992676,1,-1
1,1,1.802631747,5.824988506
0,0,0,0,1,0
0,0,0.01735223195,0.1735223195,0,0
0,0,0.1215672937,1.042150618,2,0
0,0,0.143133444,0.2156615029,0,0
0,0,0.2827475371,1.396140931,2,0
0,0,0.3804217392,0.9767420206,1,0
0,0,0.5546559305,1.742341913,0,0
0,0,0.8755388917,3.208829612,2,0
0,0,1.258244768,3.827058758,2,-1
1,1,1.754907275,4.966625077
0,0,0,0,1,0
0,0,-0.01535790654,-0.1535790654,1,0
0,0,-0.05087166643,-0.3551375988,2,0
0,0,-0.196225619,-1.453539526,0,0
0,0,-0.3017594411,-1.055338221,1,0
0,0,-0.4614145385,-1.596550973,0,0
0,0,-0.6184454768,-1.570309383,0,0
0,0,-0.7988615195,-1.804160427,2,0
0,0,-1.147367043,-3.485055239,0,-1
1,1,-1.598209198,-4.508421548
0,0,0,0,2,0
0,0,-0.09870082231,-0.9870082231,2,0
0,0,-0.2997017907,-2.010009683,1,0
0,0,-0.5478283958,-2.481266051,2,0
0,0,-0.9383906719,-3.905622761,1,0
0,0,-1.437890253,-4.994995807,2,-1
1,1,-2.087636171,-6.497459189
0,0,0,0,2,0
0,0,-0.1041564605,-1.041564605,1,0
0,0,-0.2281510094,-1.239945489,1,0
0,0,-0.4056169474,-1.77465938,1,0
0,0,-0.6551604045,-2.495434571,2,0
0,0,-1.065162765,-4.100023609,1,-1
1,1,-1.601689605,-5.365268396
0,0,0,0,1,0
0,0,0.00221106851,0.0221106851,2,0
0,0,-0.07298042503,-0.7519149354,1,0
0,0,-0.155439653,-0.8245922801,0,0
0,0,-0.1615702694,-0.06130616342,1,0
0,0,-0.2109093267,-0.4933905736,2,0
0,0,-0.3773147696,-1.664054428,1,0
0,0,-0.5910533818,-2.137386123,0,0
0,0,-0.8273688813,-2.363154995,1,0
0,0,-1.166854258,-3.394853769,0,-1
1,1,-1.609630828,-4.4277657
0,0,0,0,1,0
0,0,0.003914694151,0.03914694151,1,0
0,0,0.01142467941,0.07509985262,2,0
0,0,-0.05818385362,-0.6960853303,2,0
0,0,-0.2149720875,-1.567882339,1,0
0,0,-0.4082514122,-1.932793246,1,0
0,0,-0.6780660785,-2.698146663,0,0
0,0,-0.97406097,-2.959948915,0,0
0,0,-1.355120265,-3.810592955,1,-1
1,1,-1.877603508,-5.224832426
0,0,0,0,0,0
0,0,0.09671513635,0.9671513635,2,0
0,0,0.1200755524,0.2336041605,2,0
0,0,0.08831237047,-0.3176318193,1,0
0,0,0.0890537985,0.007414280302,2,0
0,0,0.004689133265,-0.8436466523,0,0
0,0,0.0197043504,0.1501521714,1,0
0,0,0.03111138874,0.1140703834,1,0
0,0,0.03341507155,0.02303682807,1,0
0,0,0.05632722711,0.2291215556,0,0
0,0,0.1774104868,1.210832597,2,0
0,0,0.2483197927,0.7090930584,0,0
0,0,0.4454021201,1.970823274,0,0
0,0,0.7949349237,3.495328036,0,0
0,0,1.309427813,5.144928898,1,-1
1,1,1.957500539,6.480727259
0,0,0,0,2,0
0,0,-0.1040077077,-1.040077077,1,0
0,0,-0.2102380819,-1.062303742,1,0
0,0,-0.3579962606,-1.477581787,0,0
0,0,-0.4987082552,-1.407119946,2,0
0,0,-0.7880205374,-2.893122822,1,0
0,0,-1.194404597,-4.063840597,1,-1
1,1,-1.728622845,-5.342182483
0,0,0,0,1,0
0,0,0.01324148473,0.1324148473,0,0
0,0,0.1276352126,1.143937278,2,0
0,0,0.1665812857,0.3894607308,0,0
0,0,0.3248242214,1.582429358,2,0
0,0,0.4627646588,1.379404374,2,0
0,0,0.6126618043,1.498971456,0,0
0,0,0.9162399718,3.035781674,1,0
0,0,1.341377293,4.251373214,2,-1
1,1,1.888095438,5.467181452
0,0,0,0,0,0
0,0,0.09828425657,0.9828425657,2,0
0,0,0.1108508747,0.1256661816,2,0
0,0,0.04533112518,-0.6551974954,1,0
0,0,-0.02093941892,-0.662705441,2,0
0,0,-0.1893527086,-1.684132896,0,0
0,0,-0.2880784178,-0.987257092,0,0
0,0,-0.3497242627,-0.6164584498,1,0
0,0,-0.4820114359,-1.322871732,2,0
0,0,-0.7778527224,-2.958412865,1,0
0,0,-1.17596599,-3.981132672,1,-1
1,1,-1.708868317,-5.329023271
0,0,0,0,1,0
0,0,0.006889952045,0.06889952045,1,0
0,0,0.03065515604,0.2376520399,1,0
0,0,0.0467976582,0.1614250216,0,0
0,0,0.1742736409,1.274759827,2,0
0,0,0.2275788351,0.5330519415,1,0
0,0,0.3030819517,0.7550311661,1,0
0,0,0.4434269639,1.403450122,0,0
0,0,0.7225956155,2.791686516,0,0
0,0,1.158044301,4.354486855,0,-1
1,1,1.745809911,5.877656097
0,0,0,0,1,0
0,0,-0.01121130416,-0.1121130416,0,0
0,0,0.04995861619,0.6116992035,1,0
0,0,0.1212572191,0.7129860294,1,0
0,0,0.2029021744,0.8164495528,2,0
0,0,0.2363885116,0.3348633723,1,0
0,0,0.297469785,0.610812734,0,0
0,0,0.4921056808,1.946358958,0,0
0,0,0.8302253019,3.381196211,0,0
0,0,1.325798037,4.955727354,1,-1
1,1,1.957041319,6.312432816
0,0,0,0,0,0
0,0,0.08377201018,0.8377201018,1,0
0,0,0.1834897585,0.9971774836,1,0
0,0,0.2976039329,1.141141744,1,0
0,0,0.4571008919,1.59496959,1,0
0,0,0.700583832,2.4348294,2,0
0,0,0.9900011345,2.894173025,0,0
0,0,1.438835447,4.488343122,0,-1
1,1,2.041049108,6.022136614
0,0,0,0,0,0
0,0,0.1011970433,1.011970433,2,0
0,0,0.1456197518,0.4442270849,1,0
0,0,0.2239366295,0.7831687765,0,0
0,0,0.4244851931,2.005485636,0,0
0,0,0.7600802493,3.355950562,0,0
0,0,1.248659958,4.885797089,0,-1
1,1,1.887531271,6.388713125
0,0,0,0,0,0
0,0,0.09812458634,0.9812458634,2,0
0,0,0.1102018369,0.1207725061,1,0
0,0,0.1425526716,0.3235083463,0,0
0,0,0.2769885288,1.344358572,0,0
0,0,0.5409622343,2.639737056,1,0
0,0,0.8922271591,3.512649247,2,0
0,0,1.304020307,4.117931478,1,-1
1,1,1.855764311,5.517440037
0,0,0,0,0,0
0,0,0.09540799848,0.9540799848,2,0
0,0,0.1187218972,0.2331389875,2,0
0,0,0.0674675402,-0.5125435703,1,0
0,0,0.01925250946,-0.4821503073,1,0
0,0,-0.02187615278,-0.4112866224,2,0
0,0,-0.1559634501,-1.340872973,2,0
0,0,-0.3995231292,-2.435596791,2,0
0,0,-0.7902486643,-3.907255351,2,0
0,0,-1.349566558,-5.593178935,0,-1
1,1,-2.025004207,-6.754376491
0,0,0,0,1,0
0,0,-0.01510963436,-0.1510963436,2,0
0,0,-0.132926659,-1.178170247,2,0
0,0,-0.3501577203,-2.172310612,0,0
0,0,-0.5537507357,-2.035930154,1,0
0,0,-0.833725099,-2.799743633,2,0
0,0,-1.285481693,-4.51756594,0,-1
1,1,-1.851136695,-5.656550023
0,0,0,0,1,0
0,0,-0.009857370795,-0.09857370795,1,0
0,0,-0.006173063378,0.03684307417,2,0
0,0,-0.1032260541,-0.9705299071,1,0
0,0,-0.2128798655,-1.096538114,2,0
0,0,-0.4436888026,-2.308089371,2,0
0,0,-0.8116157188,-3.679269162,0,0
0,0,-1.23196351,-4.203477913,0,-1
1,1,-1.758010745,-5.26047235
0,0,0,0,1,0
0,0,0.01116462192,0.1116462192,1,0
0,0,0.02474110284,0.1357648092,1,0
0,0,0.03736469335,0.1262359051,1,0
0,0,0.06721707928,0.2985238593,2,0
0,0,0.02628051883,-0.4093656045,1,0
0,0,-0.01485580984,-0.4113632867,1,0
0,0,-0.04410893344,-0.292531236,1,0
0,0,-0.08286742712,-0.3875849368,2,0
0,0,-0.236985125,-1.541176979,2,0
0,0,-0.5126246648,-2.756395398,2,0
0,0,-0.9266602838,-4.14035619,2,0
0,0,-1.505737408,-5.790771241,2,-1
1,1,-2.233153902,-7.274164945
0,0,0,0,1,0
0,0,-0.01158696582,-0.1158696582,2,0
0,0,-0.09812973381,-0.8654276799,2,0
0,0,-0.3029067628,-2.04777029,1,0
0,0,-0.5493938485,-2.464870857,2,0
0,0,-0.9402572633,-3.908634148,1,0
0,0,-1.446541173,-5.062839101,1,-1
1,1,-2.095865306,-6.493241324
0,0,0,0,1,0
0,0,8.118777567e-05,0.0008118777567,1,0
0,0,0.0006826328205,0.006014450449,0,0
0,0,0.09207462699,0.9139199417,0,0
0,0,0.2927589918,2.006843648,0,0
0,0,0.612854726,3.200957342,1,0
0,0,1.008388904,3.955341782,2,0
0,0,1.474788897,4.663999927,0,-1
1,1,2.092271374,6.174824768
0,0,0,0,0,0
0,0,0.08817644849,0.8817644849,1,0
0,0,0.2087587878,1.205823393,2,0
0,0,0.2725681468,0.6380935903,2,0
0,0,0.3023714694,0.2980332261,2,0
0,0,0.3132330292,0.1086155978,1,0
0,0,0.3838661647,0.706331355,2,0
0,0,0.4456223509,0.6175618622,1,0
0,0,0.5824986609,1.3687631,2,0
0,0,0.7502168626,1.677182017,1,0
0,0,1.017391682,2.671748197,2,0
0,0,1.369602339,3.52210657,0,-1
1,1,1.87535037,5.057480306
0,0,0,0,2,0
0,0,-0.09188678246,-0.9188678246,0,0
0,0,-0.1207426511,-0.2885586861,2,0
0,0,-0.2482846585,-1.275420074,1,0
0,0,-0.405855124,-1.575704655,1,0
0,0,-0.6407106845,-2.348555605,1,0
0,0,-0.9740075564,-3.332968719,1,0
0,0,-1.432164595,-4.581570389,0,-1
1,1,-2.022351115,-5.901865195
0,0,0,0,0,0
0,0,0.09494108229,0.9494108229,2,0
0,0,0.1122419847,0.1730090243,0,0
0,0,0.2523109254,1.400689407,2,0
0,0,0.3402446986,0.8793377321,1,0
0,0,0.469325134,1.290804353,1,0
0,0,0.6842607799,2.14935646,1,0
0,0,1.008693076,3.244322964,1,0
0,0,1.447980682,4.392876052,2,-1
1,1,2.020536558,5.725558762
0,0,0,0,1,0
0,0,0.0008923162619,0.008923162619,2,0
0,0,-0.08995756532,-0.9084988158,2,0
0,0,-0.2916526178,-2.016950525,2,0
0,0,-0.6247578276,-3.331052098,1,0
0,0,-1.034168896,-4.094110686,1,0
0,0,-1.556988506,-5.228196094,2,-1
1,1,-2.227440403,-6.704518972
0,0,0,0,2,0
0,0,-0.08359539568,-0.8359539568,1,0
0,0,-0.1970006174,-1.134052217,2,0
0,0,-0.4166425263,-2.196419089,2,0
0,0,-0.7799855334,-3.633430071,2,0
0,0,-1.300379859,-5.203943261,1,-1
1,1,-1.957076636,-6.566967764
0,0,0,0,0,0
0,0,0.09839630503,0.9839630503,0,0
0,0,0.296180411,1.97784106,0,0
0,0,0.6335770307,3.373966197,2,0
0,0,0.9938580889,3.602810582,1,0
0,0,1.478835564,4.849774753,2,-1
1,1,2.100751087,6.219155231
0,0,0,0,1,0
0,0,0.008804771307,0.08804771307,2,0
0,0,-0.08085564377,-0.8966041508,0,0
0,0,-0.09757305492,-0.1671741115,0,0
0,0,-0.0498547844,0.4771827052,2,0
0,0,-0.1103120682,-0.6045728379,1,0
0,0,-0.1882920459,-0.7797997775,2,0
0,0,-0.3795629784,-1.912709324,2,0
0,0,-0.7253779988,-3.458150205,1,0
0,0,-1.177429903,-4.520519045,0,-1
1,1,-1.733108832,-5.556789285
0,0,0,0,0,0
0,0,0.08704279141,0.8704279141,0,0
0,0,0.2596159919,1.725732005,2,0
0,0,0.3988196672,1.392036753,1,0
0,0,0.6077887617,2.089690945,2,0
0,0,0.8356105069,2.278217452,0,0
0,0,1.227038572,3.914280653,0,-1
1,1,1.78045064,5.53412068
0,0,0,0,1,0
0,0,0.002990293768,0.02990293768,0,0
0,0,0.07807718997,0.750868962,1,0
0,0,0.1597688847,0.816916947,1,0
0,0,0.2615378056,1.017689209,0,0
0,0,0.4791153707,2.175775651,1,0
0,0,0.7627715337,2.83656163,2,0
0,0,1.100946811,3.381752773,0,-1
1,1,1.601328343,5.003815321
0,0,0,0,2,0
0,0,-0.07462652698,-0.7462652698,0,0
0,0,-0.08549386711,-0.1086734012,1,0
0,0,-0.1263677179,-0.4087385078,2,0
0,0,-0.2919851407,-1.656174229,2,0
0,0,-0.5881142052,-2.961290645,0,0
0,0,-0.8993947096,-3.112805044,2,0
0,0,-1.369757364,-4.703626547,1,-1
1,1,-1.978126964,-6.083695997
0,0,0,0,1,0
0,0,0.003435754327,0.03435754327,2,0
0,0,-0.08596302439,-0.8939877871,1,0
0,0,-0.2048026178,-1.188395934,0,0
0,0,-0.2794410161,-0.7463839833,2,0
0,0,-0.4820508034,-2.026097873,0,0
0,0,-0.6730262024,-1.90975399,1,0
0,0,-0.9552473341,-2.822211317,2,0
0,0,-1.40226841,-4.47021076,2,-1
1,1,-2.001750639,-5.994822292
0,0,0,0,1,0
0,0,-0.002328878796,-0.02328878796,0,0
0,0,0.09693522275,0.9926410155,0,0
0,0,0.2833486092,1.864133864,2,0
0,0,0.4185307008,1.351820916,0,0
0,0,0.7050094807,2.864787799,0,0
0,0,1.142584488,4.375750073,2,-1
1,1,1.674298949,5.317144608
0,0,0,0,2,0
0,0,-0.1051378543,-1.051378543,1,0
0,0,-0.2431532745,-1.380154202,1,0
0,0,-0.4176730231,-1.745197486,0,0
0,0,-0.587299836,-1.696268129,0,0
0,0,-0.7711667996,-1.838669637,0,0
0,0,-1.006133182,-2.349663826,2,0
0,0,-1.415408263,-4.092750804,0,-1
1,1,-1.954551197,-5.391429346
0,0,0,0,0,0
0,0,0.1036803136,1.036803136,1,0
0,0,0.223835547,1.201552335,1,0
0,0,0.3757350001,1.518994531,1,0
0,0,0.6033016841,2.27566684,0,0
0,0,0.9933728091,3.90071125,0,0
0,0,1.538208334,5.448355252,2,-1
1,1,2.226457725,6.882493909
0,0,0,0,0,0
0,0,0.09754034228,0.9754034228,1,0
0,0,0.2265627728,1.290224305,1,0
0,0,0.4026159314,1.760531587,2,0
0,0,0.5628306838,1.602147524,1,0
0,0,0.8165202815,2.536895976,0,0
0,0,1.226514473,4.099941912,0,-1
1,1,1.790256374,5.637419013
0,0,0,0,1,0
0,0,-0.0118358788,-0.118358788,1,0
0,0,-0.01028701447,0.01548864332,2,0
0,0,-0.111450345,-1.011633306,0,0
0,0,-0.1480339208,-0.3658357579,2,0
0,0,-0.3037180439,-1.556841231,2,0
0,0,-0.6062814948,-3.025634509,0,0
0,0,-0.9253068045,-3.190253098,2,0
0,0,-1.399672922,-4.743661179,0,-1
1,1,-2.001366492,-6.016935697
0,0,0,0,2,0
0,0,-0.1008152808,-1.008152808,1,0
0,0,-0.214185151,-1.133698702,1,0
0,0,-0.3568033142,-1.426181632,0,0
0,0,-0.4679922498,-1.111889356,1,0
0,0,-0.6528368227,-1.848445729,0,0
0,0,-0.8611636162,-2.083267934,2,0
0,0,-1.247240229,-3.86076613,0,-1
1,1,-1.748584867,-5.013446375
0,0,0,0,2,0
0,0,-0.07565393865,-0.7565393865,0,0
0,0,-0.08461780166,-0.08963863006,2,0
0,0,-0.2114870067,-1.26869205,0,0
0,0,-0.2914652831,-0.7997827642,2,0
0,0,-0.4885243675,-1.970590844,0,0
0,0,-0.6972795687,-2.087552012,0,0
0,0,-0.9403794123,-2.430998436,0,0
0,0,-1.251060127,-3.106807152,2,-1
1,1,-1.726628244,-4.75568117
0,0,0,0,1,0
0,0,0.002140408263,0.02140408263,2,0
0,0,-0.08679774379,-0.8893815205,1,0
0,0,-0.1759830842,-0.8918534042,0,0
0,0,-0.2143115659,-0.3832848164,1,0
0,0,-0.28943217,-0.7512060414,1,0
0,0,-0.4109371983,-1.215050283,2,0
0,0,-0.6777663632,-2.668291649,0,0
0,0,-0.9649653269,-2.871989638,1,0
0,0,-1.366701774,-4.017364473,1,-1
1,1,-1.90678362,-5.400818456
0,0,0,0,2,0
0,0,-0.09406056541,-0.9406056541,2,0
0,0,-0.2995333109,-2.054727455,1,0
0,0,-0.5649199761,-2.653866652,1,0
0,0,-0.9142918078,-3.493718317,1,0
0,0,-1.37783198,-4.635401721,1,-1
1,1,-1.978966554,-6.011345738
0,0,0,0,2,0
0,0,-0.08930550689,-0.8930550689,1,0
0,0,-0.1813343905,-0.9202888364,2,0
0,0,-0.4046052436,-2.232708531,0,0
0,0,-0.6052245052,-2.006192616,0,0
0,0,-0.8369167112,-2.316922059,1,0
0,0,-1.19106928,-3.541525693,2,-1
1,1,-1.707128001,-5.160587206
0,0,0,0,2,0
0,0,-0.08450797462,-0.8450797462,1,0
0,0,-0.1708953724,-0.8638739783,1,0
0,0,-0.2995141416,-1.286187692,1,0
0,0,-0.4664368295,-1.669226879,1,0
0,0,-0.715619037,-2.491822075,2,0
0,0,-1.116611269,-4.00992232,0,-1
1,1,-1.604400191,-4.877889224
0,0,0,0,0,0
0,0,0.09296605868,0.9296605868,1,0
0,0,0.2107408907,1.17774832,1,0
0,0,0.3567013853,1.459604946,0,0
0,0,0.6253857726,2.686843873,1,0
0,0,0.9957441047,3.703583321,1,0
0,0,1.480768041,4.850239366,1,-1
1,1,2.109495933,6.287278915
0,0,0,0,1,0
0,0,0.00816686971,0.0816686971,1,0
0,0,0.02542792182,0.1726105211,0,0
0,0,0.1310863552,1.056584334,0,0
0,0,0.3372549214,2.061685662,0,0
0,0,0.6713586957,3.341037743,1,0
0,0,1.107129432,4.357707367,2,-1
1,1,1.636097921,5.289684891
0,0,0,0,2,0
0,0,-0.09119366823,-0.9119366823,2,0
0,0,-0.3027355393,-2.115418711,0,0
0,0,-0.4738467946,-1.711112554,0,0
0,0,-0.6454956146,-1.716488199,2,0
0,0,-0.9869527912,-3.414571766,2,0
0,0,-1.489218408,-5.022656165,0,-1
1,1,-2.129234893,-6.400164855
0,0,0,0,2,0
0,0,-0.08406851565,-0.8406851565,1,0
0,0,-0.1973472044,-1.132786887,1,0
0,0,-0.3354120093,-1.380648049,2,0
0,0,-0.6159221497,-2.805101404,0,0
0,0,-0.9253147898,-3.093926401,1,0
0,0,-1.353520447,-4.282056576,2,-1
1,1,-1.934449437,-5.809289898
0,0,0,0,0,0
0,0,0.07339990833,0.7339990833,0,0
0,0,0.2365391594,1.631392511,1,0
0,0,0.429877759,1.933385996,1,0
0,0,0.6966360537,2.667582947,2,0
0,0,1.001538178,3.04902124,1,0
0,0,1.436677131,4.351389536,1,-1
1,1,2.014643113,5.779659817
0,0,0,0,2,0
0,0,-0.1040397667,-1.040397667,0,0
0,0,-0.1553871137,-0.5134734702,2,0
0,0,-0.3258231806,-1.704360669,1,0
0,0,-0.5351272308,-2.093040502,1,0
0,0,-0.8146026441,-2.794754133,2,0
0,0,-1.257196781,-4.425941367,1,-1
1,1,-1.832784631,-5.755878498
0,0,0,0,2,0
0,0,-0.07538963351,-0.7538963351,0,0
0,0,-0.07488348337,0.005061501407,0,0
0,0,-0.008456763621,0.6642671975,1,0
0,0,0.05180049965,0.6025726327,0,0
0,0,0.2005016908,1.487011911,1,0
0,0,0.3739779223,1.734762315,1,0
0,0,0.6005749262,2.265970038,0,0
0,0,0.9836581872,3.83083261,1,0
0,0,1.479174844,4.95516657,0,-1
1,1,2.124993291,6.458184472
0,0,0,0,0,0
0,0,0.08516360491,0.8516360491,1,0
0,0,0.1786591827,0.9349557779,1,0
0,0,0.3063173093,1.276581266,0,0
0,0,0.5760981858,2.697808766,1,0
0,0,0.9166223243,3.405241384,2,0
0,0,1.317849922,4.012275979,0,-1
1,1,1.874879819,5.570298969
0,0,0,0,0,0
0,0,0.1014051211,1.014051211,0,0
0,0,0.2992875426,1.978824215,0,0
0,0,0.6221297351,3.228421925,2,0
0,0,0.9660314496,3.439017144,1,0
0,0,1.426699551,4.606681013,1,-1
1,1,2.028783285,6.02083734
0,0,0,0,0,0
0,0,0.101345819,1.01345819,2,0
0,0,0.1476053636,0.4625954457,2,0
0,0,0.122729852,-0.2487551159,2,0
0,0,0.03328717504,-0.8944267693,1,0
0,0,-0.03873622074,-0.7202339578,2,0
0,0,-0.2098237838,-1.71087563,1,0
0,0,-0.4021797742,-1.923559904,0,0
0,0,-0.5887595592,-1.86579785,1,0
0,0,-0.8546985628,-2.659390036,1,0
0,0,-1.229248889,-3.745503263,1,-1
1,1,-1.737995119,-5.087462296
0,0,0,0,1,0
0,0,0.002715807436,0.02715807436,0,0
0,0,0.1047729406,1.020571331,1,0
0,0,0.2138129568,1.090400163,0,0
0,0,0.4347449952,2.209320384,2,0
0,0,0.6351679175,2.004229223,1,0
0,0,0.9414047696,3.062368521,0,0
0,0,1.410894667,4.694898972,1,-1
1,1,2.022698466,6.118037988
0,0,0,0,1,0
0,0,-0.01674714752,-0.1674714752,0,0
0,0,0.04077250063,0.5751964815,2,0
0,0,-0.0003615482818,-0.4113404891,1,0
0,0,-0.03123060327,-0.3086905499,2,0
0,0,-0.1710359402,-1.398053369,2,0
0,0,-0.4246516542,-2.536157141,0,0
0,0,-0.6575185604,-2.328669062,2,0
0,0,-1.047428081,-3.899095203,2,-1
1,1,-1.59064229,-5.432142093
0,0,0,0,2,0
0,0,-0.09436369327,-0.9436369327,1,0
0,0,-0.2166828,-1.223191067,2,0
0,0,-0.4566568296,-2.399740296,2,0
0,0,-0.8413166169,-3.846597873,0,0
0,0,-1.269430058,-4.281134413,0,-1
1,1,-1.810085806,-5.406557481
0,0,0,0,2,0
0,0,-0.09232949001,-0.9232949001,2,0
0,0,-0.2749994543,-1.826699643,0,0
0,0,-0.4189172928,-1.439178385,2,0
0,0,-0.7110191105,-2.921018177,2,0
0,0,-1.174925335,-4.639062247,2,-1
1,1,-1.800585937,-6.256606015
0,0,0,0,2,0
0,0,-0.0761204349,-0.761204349,0,0
0,0,-0.09226489274,-0.1614445784,1,0
0,0,-0.1216778274,-0.2941293469,0,0
0,0,-0.09087233715,0.3080549027,2,0
0,0,-0.1639347896,-0.730624524,1,0
0,0,-0.2599886901,-0.960539005,0,0
0,0,-0.3071786225,-0.4718993244,2,0
0,0,-0.4738471136,-1.666684911,2,0
0,0,-0.7827999006,-3.089527871,1,0
0,0,-1.196635028,-4.138351276,2,-1
1,1,-1.774383452,-5.777484239
0,0,0,0,0,0
0,0,0.08672996043,0.8672996043,2,0
0,0,0.1023019121,0.1557195171,2,0
0,0,0.06473058418,-0.3757132796,0,0
0,0,0.1438530293,0.7912244509,1,0
0,0,0.2627899186,1.189368893,2,0
0,0,0.3477263457,0.8493642719,0,0
0,0,0.5671979317,2.194715859,0,0
0,0,0.9312076975,3.640097658,2,0
0,0,1.360723581,4.295158833,1,-1
1,1,1.928687147,5.67963566
0,0,0,0,0,0
0,0,0.08222554072,0.8222554072,2,0
0,0,0.08505764873,0.02832108007,2,0
0,0,0.009665459919,-0.7539218881,2,0
0,0,-0.1639195793,-1.735850392,2,0
0,0,-0.4499062222,-2.859866429,1,0
0,0,-0.8146256778,-3.647194557,1,0
0,0,-1.287475645,-4.728499676,2,-1
1,1,-1.919314947,-6.318393018
0,0,0,0,0,0
0,0,0.09830810362,0.9830810362,2,0
0,0,0.1294022577,0.3109415412,1,0
0,0,0.1731921424,0.4378988464,2,0
0,0,0.1545432229,-0.186489195,0,0
0,0,0.2540164468,0.9947322393,0,0
0,0,0.4913407646,2.373243178,2,0
0,0,0.7152353613,2.238945967,0,0
0,0,1.094442258,3.792068968,1,-1
1,1,1.598757602,5.043153438
0,0,0,0,0,0
0,0,0.08036659326,0.8036659326,2,0
0,0,0.07728563283,-0.0308096043,1,0
0,0,0.0969775745,0.1969194167,1,0
0,0,0.1194313469,0.2245377243,2,0
0,0,0.07061682435,-0.4881452258,1,0
0,0,0.02182145887,-0.4879536548,1,0
0,0,-0.01803329968,-0.3985475854,1,0
0,0,-0.06999336602,-0.5196006634,1,0
0,0,-0.137354657,-0.6736129097,2,0
0,0,-0.3283683286,-1.910136716,2,0
0,0,-0.6647625871,-3.363942585,1,0
0,0,-1.099133113,-4.343705254,1,-1
1,1,-1.651060703,-5.519275908
0,0,0,0,1,0
0,0,0.01752102555,0.1752102555,2,0
0,0,-0.05033246209,-0.6785348764,1,0
0,0,-0.1225545898,-0.7222212775,2,0
0,0,-0.3070105652,-1.844559753,1,0
0,0,-0.5492941198,-2.422835546,2,0
0,0,-0.9450316996,-3.957375798,1,0
0,0,-1.455623055,-5.105913557,1,-1
1,1,-2.107373177,-6.517501213
0,0,0,0,1,0
0,0,-0.01080541863,-0.1080541863,2,0
0,0,-0.1280402843,-1.172348657,2,0
0,0,-0.3655793026,-2.375390183,1,0
0,0,-0.6587924961,-2.932131935,0,0
0,0,-0.9840730546,-3.252805585,0,0
0,0,-1.385621292,-4.015482378,0,-1
1,1,-1.914148722,-5.285274302
0,0,0,0,0,0
0,0,0.1032909577,1.032909577,0,0
0,0,0.3185694106,2.152784529,1,0
0,0,0.5943018461,2.757324356,0,0
0,0,1.030365234,4.360633881,0,-1
1,1,1.631576987,6.012117527
0,0,0,0,0,0
0,0,0.09387552228,0.9387552228,2,0
0,0,0.1045111626,0.1063564031,0,0
0,0,0.2351102333,1.305990707,0,0
0,0,0.4816278274,2.465175941,2,0
0,0,0.7181206304,2.36492803,1,0
0,0,1.051957674,3.338370432,2,0
0,0,1.465661789,4.137041153,1,-1
1,1,2.023165282,5.575034929
0,0,0,0,0,0
0,0,0.1043601801,1.043601801,2,0
0,0,0.1522688228,0.4790864277,1,0
0,0,0.2281886684,0.7591984555,2,0
0,0,0.2515496753,0.2336100686,0,0
0,0,0.38840949,1.368598147,2,0
0,0,0.5188041074,1.303946174,0,0
0,0,0.8014978521,2.826937447,2,0
0,0,1.135736873,3.34239021,1,-1
1,1,1.59520749,4.594706165
0,0,0,0,2,0
0,0,-0.09363500832,-0.9363500832,1,0
0,0,-0.2003392408,-1.067042325,0,0
0,0,-0.2512056495,-0.5086640865,0,0
0,0,-0.2741052418,-0.2289959232,1,0
0,0,-0.3378084974,-0.6370325565,1,0
0,0,-0.4435047561,-1.056962586,1,0
0,0,-0.6143275042,-1.708227481,1,0
0,0,-0.8820776047,-2.677501005,1,0
0,0,-1.257712842,-3.75635237,2,-1
1,1,-1.792225943,-5.345131011
0,0,0,0,0,0
0,0,0.09909550773,0.9909550773,1,0
0,0,0.198101359,0.9900585124,1,0
0,0,0.3170458285,1.189444696,1,0
0,0,0.4744717525,1.57425924,0,0
0,0,0.7766215788,3.021498263,0,0
0,0,1.235226945,4.58605366,1,-1
1,1,1.828869476,5.936425312
0,0,0,0,0,0
0,0,0.07459657197,0.7459657197,2,0
0,0,0.06729537137,-0.07301200595,2,0
0,0,-0.02848120724,-0.9577657862,2,0
0,0,-0.2200099114,-1.915287041,1,0
0,0,-0.4432331656,-2.232232542,1,0
0,0,-0.7343760181,-2.911428525,2,0
0,0,-1.177894417,-4.435183988,1,-1
1,1,-1.745519355,-5.676249385
0,0,0,0,2,0
0,0,-0.09597859271,-0.9597859271,2,0
0,0,-0.293750548,-1.977719553,0,0
0,0,-0.4622447157,-1.684941677,0,0
0,0,-0.6155857414,-1.533410257,2,0
0,0,-0.9284114257,-3.128256843,0,0
0,0,-1.302356296,-3.739448699,0,-1
1,1,-1.795423027,-4.930667317
0,0,0,0,1,0
0,0,0.01548259546,0.1548259546,1,0
0,0,0.0329497204,0.1746712494,2,0
0,0,-0.02653465415,-0.5948437455,2,0
0,0,-0.191836799,-1.653021449,2,0
0,0,-0.474032444,-2.82195645,1,0
0,0,-0.8268812711,-3.528488271,2,0
0,0,-1.333447854,-5.06566583,2,-1
1,1,-1.993704422,-6.602565678
0,0,0,0,0,0
0,0,0.09601051184,0.9601051184,2,0
0,0,0.1289557377,0.3294522586,1,0
0,0,0.1899982961,0.610425584,0,0
0,0,0.3700300065,1.800317104,2,0
0,0,0.5321758367,1.621458302,1,0
0,0,0.7794231714,2.472473348,0,0
0,0,1.191047632,4.116244603,1,-1
1,1,1.732083416,5.410357846
0,0,0,0,1,0
0,0,-0.01282238896,-0.1282238896,1,0
0,0,-0.0352631828,-0.2244079384,1,0
0,0,-0.05660449732,-0.2134131452,2,0
0,0,-0.1589752149,-1.023707176,0,0
0,0,-0.1960019321,-0.3702671725,0,0
0,0,-0.1764990438,0.1950288834,1,0
0,0,-0.203327095,-0.2682805122,1,0
0,0,-0.2565793831,-0.5325228811,1,0
0,0,-0.357051234,-1.004718509,0,0
0,0,-0.4467156682,-0.8966443416,2,0
0,0,-0.6977752432,-2.51059575,1,0
0,0,-1.059527045,-3.617518022,0,0
0,0,-1.502591521,-4.430644753,2,-1
1,1,-2.095803854,-5.932123335
0,0,0,0,0,0
0,0,0.07636251648,0.7636251648,2,0
0,0,0.08575793463,0.09395418147,0,0
0,0,0.2061968447,1.204389101,2,0
0,0,0.2816791733,0.7548232853,2,0
0,0,0.3116723341,0.2999316079,2,0
0,0,0.3037028395,-0.07969494595,0,0
0,0,0.4222503129,1.185474734,1,0
0,0,0.6118076396,1.895573268,1,0
0,0,0.8973215117,2.855138721,1,0
0,0,1.298507047,4.011855354,0,-1
1,1,1.854505726,5.559986786
0,0,0,0,0,0
0,0,0.0756356335,0.756356335,0,0
0,0,0.2435959625,1.67960329,1,0
0,0,0.4428594895,1.99263527,2,0
0,0,0.6302824323,1.874229427,1,0
0,0,0.8998968818,2.696144495,2,0
0,0,1.245657239,3.457603569,0,-1
1,1,1.753462879,5.078056403
0,0,0,0,1,0
0,0,0.008095574537,0.08095574537,2,0
0,0,-0.07448541017,-0.8258098471,0,0
0,0,-0.07218456652,0.02300843656,0,0
0,0,0.01689280758,0.890773741,1,0
0,0,0.1198406889,1.029478814,2,0
0,0,0.1719155617,0.5207487279,0,0
0,0,0.348395838,1.764802762,2,0
0,0,0.4891020953,1.407062574,2,0
0,0,0.6199549465,1.308528511,2,0
0,0,0.7726432351,1.526882886,0,0
0,0,1.101122181,3.284789463,0,-1
1,1,1.593954488,4.928323062
0,0,0,0,1,0
0,0,0.01403813573,0.1403813573,2,0
0,0,-0.04014193919,-0.5418007492,1,0
0,0,-0.1139024318,-0.7376049258,0,0
0,0,-0.1199067249,-0.06004293177,0,0
0,0,-0.05843101663,0.6147570832,1,0
0,0,-0.008669910605,0.4976110602,2,0
0,0,-0.03129564912,-0.2262573852,1,0
0,0,-0.05737443782,-0.260787887,1,0
0,0,-0.08228499258,-0.2491055476,0,0
0,0,-0.0176440647,0.6464092788,0,0
0,0,0.1261641502,1.438082149,0,0
0,0,0.3746768758,2.485127256,2,0
0,0,0.5985286233,2.238517474,2,0
0,0,0.8318649296,2.333363063,1,0
0,0,1.175960637,3.440957071,1,-1
1,1,1.656586436,4.806257992
0,0,0,0,0,0
0,0,0.09054123835,0.9054123835,1,0
0,0,0.1946398316,1.040985932,0,0
0,0,0.4026091379,2.079693064,0,0
0,0,0.7672809092,3.646717713,1,0
0,0,1.228668138,4.613872288,1,-1
1,1,1.819873875,5.912057368
0,0,0,0,0,0
0,0,0.08347008402,0.8347008402,0,0
0,0,0.2835024007,2.000323167,1,0
0,0,0.5454813507,2.6197895,2,0
0,0,0.8096237597,2.641424091,1,0
0,0,1.174584728,3.649609686,0,-1
1,1,1.697178135,5.225934069
0,0,0,0,1,0
0,0,0.01727830475,0.1727830475,2,0
0,0,-0.04547081167,-0.6274911642,2,0
0,0,-0.1966892211,-1.512184094,0,0
0,0,-0.2889396227,-0.9225040163,2,0
0,0,-0.5010835962,-2.121439734,0,0
0,0,-0.7224925144,-2.214089182,1,0
0,0,-1.057510729,-3.350182142,0,0
0,0,-1.477305948,-4.197952194,0,-1
1,1,-2.034169654,-5.568637062
0,0,0,0,0,0
0,0,0.09301235504,0.9301235504,2,0
0,0,0.1290179874,0.3600563231,0,0
0,0,0.2841349321,1.551169447,1,0
0,0,0.4936800589,2.095451268,2,0
0,0,0.7074855624,2.138055035,2,0
0,0,0.9632889132,2.558033508,0,0
0,0,1.383350622,4.200617084,0,-1
1,1,1.958164592,5.748139707
0,0,0,0,0,0
0,0,0.09126120593,0.9126120593,1,0
0,0,0.2053458091,1.140846031,2,0
0,0,0.26603282,0.6068701094,1,0
0,0,0.3825859026,1.165530826,0,0
0,0,0.6389577717,2.563718691,0,0
0,0,1.04490889,4.059511178,1,0
0,0,1.569275979,5.243670897,2,-1
1,1,2.240478032,6.71202053
0,0,0,0,0,0
0,0,0.08210274175,0.8210274175,0,0
0,0,0.2715179113,1.894151696,2,0
0,0,0.4344733133,1.62955402,2,0
0,0,0.5736257167,1.391524034,0,0
0,0,0.8780095329,3.043838162,1,0
0,0,1.286022816,4.080132828,0,-1
1,1,1.853265898,5.672430824
0,0,0,0,0,0
0,0,0.09704355651,0.9704355651,2,0
0,0,0.1291158156,0.3207225907,1,0
0,0,0.1792089195,0.500931039,2,0
0,0,0.1673632798,-0.1184563968,1,0
0,0,0.2004553956,0.3309211582,0,0
0,0,0.3510543408,1.505989451,1,0
0,0,0.5575470343,2.064926935,1,0
0,0,0.8525108273,2.949637929,0,0
0,0,1.310186815,4.576759878,0,-1
1,1,1.919826552,6.096397367
0,0,0,0,0,0
0,0,0.08545629224,0.8545629224,0,0
0,0,0.2631735465,1.777172543,0,0
0,0,0.5781854958,3.150119492,2,0
0,0,0.9087873994,3.306019036,0,0
0,0,1.407074624,4.982872246,1,-1
1,1,2.04396059,6.368859663
0,0,0,0,0,0
0,0,0.07946675598,0.7946675598,2,0
0,0,0.09620586577,0.1673910979,2,0
0,0,0.04262577926,-0.5358008651,1,0
0,0,-0.006602793877,-0.4922857313,1,0
0,0,-0.07199059037,-0.6538779649,2,0
0,0,-0.2549226839,-1.829320935,0,0
0,0,-0.4025000336,-1.475773497,1,0
0,0,-0.6287879483,-2.262879147,2,0
0,0,-1.007913167,-3.79125219,0,0
0,0,-1.459224792,-4.513116249,0,-1
1,1,-2.043661283,-5.844364905
0,0,0,0,2,0
0,0,-0.1037727635,-1.037727635,1,0
0,0,-0.2335332866,-1.297605231,2,0
0,0,-0.4835402677,-2.500069811,2,0
0,0,-0.8766359025,-3.930956348,2,0
0,0,-1.422090956,-5.45455054,0,-1
1,1,-2.096819661,-6.747287043
0,0,0,0,1,0
0,0,-0.01187587857,-0.1187587857,1,0
0,0,-0.03603791807,-0.241620395,0,0
0,0,0.0282362711,0.6427418916,1,0
0,0,0.1120159812,0.8377971009,1,0
0,0,0.2267771901,1.147612089,2,0
0,0,0.2932211927,0.6644400252,2,0
0,0,0.3263702664,0.3314907374,2,0
0,0,0.3169992098,-0.09371056617,0,0
0,0,0.4440719296,1.270727198,0,0
0,0,0.7166697727,2.725978431,2,0
0,0,1.027026234,3.103564615,2,0
0,0,1.425533002,3.985067674,0,-1
1,1,1.977313176,5.517801746
0,0,0,0,1,0
0,0,0.003692608351,0.03692608351,1,0
0,0,0.002898713766,-0.007938945853,2,0
0,0,-0.0915838439,-0.9448255767,0,0
0,0,-0.1267954572,-0.3521161326,1,0
0,0,-0.1953376408,-0.6854218368,0,0
0,0,-0.2064791535,-0.1114151265,1,0
0,0,-0.2382299188,-0.3175076528,0,0
0,0,-0.2411643515,-0.0293443278,2,0
0,0,-0.3845630578,-1.433987063,2,0
0,0,-0.6646332744,-2.800702165,0,0
0,0,-0.9619091384,-2.97275864,0,0
0,0,-1.334037546,-3.721284073,1,-1
1,1,-1.8422388,-5.082012546
0,0,0,0,0,0
0,0,0.1012596811,1.012596811,2,0
0,0,0.1204999495,0.1924026837,2,0
0,0,0.0717951841,-0.487047654,1,0
0,0,0.0207582648,-0.510369193,0,0
0,0,0.0774619703,0.567037055,2,0
0,0,0.05681204316,-0.2064992713,0,0
0,0,0.1427316377,0.859195945,1,0
0,0,0.2601033231,1.173716854,2,0
0,0,0.3499654435,0.8986212041,2,0
0,0,0.4054292399,0.5546379641,2,0
0,0,0.454424715,0.4899547508,0,0
0,0,0.6592322676,2.048075526,1,0
0,0,0.9594395176,3.0020725,2,0
0,0,1.339330809,3.798912914,0,-1
1,1,1.874480459,5.351496497
0,0,0,0,0,0
0,0,0.08910219116,0.8910219116,0,0
0,0,0.2832486084,1.941464173,1,0
0,0,0.5248578152,2.416092068,2,0
0,0,0.7759661406,2.511083254,2,0
0,0,1.077415976,3.014498357,1,0
0,0,1.504107757,4.266917808,2,-1
1,1,2.071480898,5.673731411
0,0,0,0,0,0
0,0,0.08350965699,0.8350965699,0,0
0,0,0.27121365,1.87703993,0,0
0,0,0.5712755156,3.000618656,2,0
0,0,0.8730393103,3.017637948,0,0
0,0,1.342132834,4.690935233,1,-1
1,1,1.947111492,6.049786579
0,0,0,0,1,0
0,0,-0.005183126016,-0.05183126016,0,0
0,0,0.07284545261,0.7802857862,0,0
0,0,0.2463632825,1.735178298,0,0
0,0,0.5514447442,3.050814617,0,0
0,0,1.000782196,4.493374521,1,0
0,0,1.561328319,5.605461231,0,-1
1,1,2.269236308,7.079079887
0,0,0,0,0,0
0,0,0.07788303519,0.7788303519,1,0
0,0,0.1856589877,1.077759525,0,0
0,0,0.4208058246,2.351468369,2,0
0,0,0.6493835305,2.285777059,2,0
0,0,0.9074218377,2.580383072,2,0
0,0,1.243707993,3.362861553,0,-1
1,1,1.739474061,4.957660676
0,0,0,0,2,0
0,0,-0.07550592336,-0.7550592336,1,0
0,0,-0.1790619918,-1.035560685,1,0
0,0,-0.3250525824,-1.459905905,0,0
0,0,-0.4539151964,-1.28862614,1,0
0,0,-0.6598155353,-2.059003388,0,0
0,0,-0.8958254469,-2.360099116,1,0
0,0,-1.243259483,-3.474340358,2,-1
1,1,-1.751390678,-5.081311948
0,0,0,0,1,0
0,0,-0.001361853453,-0.01361853453,0,0
0,0,0.07301318095,0.743750344,2,0
0,0,0.08522889916,0.1221571821,1,0
0,0,0.1239216396,0.3869274046,1,0
0,0,0.1721948787,0.4827323913,0,0
0,0,0.3399850682,1.677901895,0,0
0,0,0.6533609822,3.13375914,2,0
0,0,0.9787849546,3.254239724,0,0
0,0,1.471738244,4.929532898,2,-1
1,1,2.099649313,6.27911069
0,0,0,0,0,0
0,0,0.09381003233,0.9381003233,1,0
0,0,0.1933430955,0.995330632,1,0
0,0,0.326346667,1.330035715,2,0
0,0,0.4161623553,0.8981568824,2,0
0,0,0.5016733097,0.855109544,0,0
0,0,0.7502913688,2.486180592,2,0
0,0,1.050180985,2.998896157,0,0
0,0,1.509424459,4.592434748,1,-1
1,1,2.112622854,6.031983949
0,0,0,0,0,0
0,0,0.08767103053,0.8767103053,1,0
0,0,0.1845079966,0.9683696606,1,0
0,0,0.3037396968,1.192317002,1,0
0,0,0.467268944,1.635292473,2,0
0,0,0.613987496,1.467185519,2,0
0,0,0.7943540719,1.803665759,1,0
0,0,1.079836276,2.85482204,2,0
0,0,1.464433748,3.845974721,0,-1
1,1,1.999896895,5.354631472
