2,1,1
0,0,0,0,2,0
0,0,-0.1041328905,-1.041328905,0,0
0,0,-0.1413012929,-0.3716840243,2,0
0,0,-0.304418237,-1.631169441,0,0
0,0,-0.4226627157,-1.182444786,1,0
0,0,-0.6019780213,-1.793153056,0,0
0,0,-0.8125712033,-2.105931819,1,0
0,0,-1.131177602,-3.186063983,1,-1
1,1,-1.580952548,-4.497749466
0,0,0,0,1,0
0,0,0.01080206527,0.1080206527,2,0
0,0,-0.05300359264,-0.6380565791,2,0
0,0,-0.2075614677,-1.54557875,2,0
0,0,-0.481814308,-2.742528403,1,0
0,0,-0.8324481086,-3.506338006,0,0
0,0,-1.243941367,-4.114932583,1,-1
1,1,-1.792763006,-5.488216386
0,0,0,0,2,0
0,0,-0.08394803326,-0.8394803326,0,0
0,0,-0.08489185348,-0.009438202249,2,0
0,0,-0.2016860112,-1.167941577,2,0
0,0,-0.4338348614,-2.321488503,0,0
0,0,-0.6468086011,-2.129737397,1,0
0,0,-0.9476886836,-3.008800825,2,0
0,0,-1.421179601,-4.734909177,2,-1
1,1,-2.048262693,-6.270830913
0,0,0,0,1,0
0,0,-0.005443108297,-0.05443108297,0,0
0,0,0.07138038016,0.7682348846,1,0
0,0,0.1708287175,0.9944833734,1,0
0,0,0.3048887605,1.34060043,0,0
0,0,0.5855513514,2.806625909,2,0
0,0,0.8910011502,3.054497988,1,0
0,0,1.3027568,4.117556501,1,-1
1,1,1.850912524,5.481557237
0,0,0,0,2,0
0,0,-0.09145746501,-0.9145746501,2,0
0,0,-0.2790503143,-1.875928493,1,0
0,0,-0.5242888502,-2.452385359,1,0
0,0,-0.8551501678,-3.308613176,1,0
0,0,-1.290706907,-4.355567392,1,-1
1,1,-1.858781687,-5.680747803
0,0,0,0,0,0
0,0,0.09697209404,0.9697209404,0,0
0,0,0.2842804581,1.873083641,0,0
0,0,0.605723605,3.214431469,0,0
0,0,1.082193507,4.764699021,0,-1
1,1,1.714569867,6.323763599
0,0,0,0,2,0
0,0,-0.1016770262,-1.016770262,2,0
0,0,-0.3134288271,-2.117518009,1,0
0,0,-0.5679142008,-2.544853736,0,0
0,0,-0.8235815715,-2.556673708,0,0
0,0,-1.145610186,-3.220286145,1,-1
1,1,-1.596342707,-4.507325212
0,0,0,0,1,0
0,0,0.002847377803,0.02847377803,2,0
0,0,-0.09911315259,-1.019605304,2,0
0,0,-0.3146501248,-2.155369723,2,0
0,0,-0.6481606818,-3.335105569,1,0
0,0,-1.069686524,-4.215258425,2,-1
1,1,-1.650154411,-5.804678869
0,0,0,0,1,0
0,0,-7.619882526e-05,-0.0007619882526,1,0
0,0,-0.003813419623,-0.03737220798,0,0
0,0,0.09180195671,0.9561537633,1,0
0,0,0.2016278877,1.09825931,1,0
0,0,0.3471032049,1.454753172,2,0
0,0,0.463846828,1.167436231,1,0
0,0,0.6617494743,1.979026463,0,0
0,0,1.01402547,3.522759956,1,0
0,0,1.481240571,4.672151009,2,-1
1,1,2.084970832,6.037302607
0,0,0,0,1,0
0,0,0.01015713903,0.1015713903,1,0
0,0,0.0199225947,0.09765455671,0,0
0,0,0.119749776,0.9982718129,2,0
0,0,0.1641003858,0.4435060984,2,0
0,0,0.1558491653,-0.08251220516,0,0
0,0,0.2603275624,1.044783971,0,0
0,0,0.4881032388,2.277756764,1,0
0,0,0.7922712216,3.041679828,1,0
0,0,1.207627016,4.153557947,2,-1
1,1,1.727908305,5.202812887
0,0,0,0,1,0
0,0,0.01110135394,0.1110135394,2,0
0,0,-0.0527461343,-0.6384748824,1,0
0,0,-0.1215911031,-0.6884496878,0,0
0,0,-0.1140428522,0.07548250843,0,0
0,0,-0.04973661856,0.6430623368,0,0
0,0,0.09552484041,1.45261459,1,0
0,0,0.2563526248,1.608277843,2,0
0,0,0.3890462036,1.326935789,2,0
0,0,0.5040188295,1.149726259,1,0
0,0,0.6946120321,1.905932025,1,0
0,0,0.9862257828,2.916137507,0,0
0,0,1.448973904,4.627481209,2,-1
1,1,2.043141304,5.941674003
0,0,0,0,1,0
0,0,-0.006870170406,-0.06870170406,2,0
0,0,-0.09195654904,-0.8508637863,1,0
0,0,-0.2060292768,-1.140727278,2,0
0,0,-0.4534443806,-2.474151038,2,0
0,0,-0.8429583784,-3.895139977,1,0
0,0,-1.330672265,-4.877138864,0,-1
1,1,-1.93251944,-6.018471747
0,0,0,0,2,0
0,0,-0.0993636807,-0.993636807,0,0
0,0,-0.1129340161,-0.1357033537,1,0
0,0,-0.1480534111,-0.3511939506,2,0
0,0,-0.3107942061,-1.627407949,0,0
0,0,-0.433019241,-1.22225035,1,0
0,0,-0.6367255707,-2.037063296,2,0
0,0,-0.9983090105,-3.615834398,1,0
0,0,-1.485822311,-4.875133008,1,-1
1,1,-2.116009935,-6.301876239
0,0,0,0,0,0
0,0,0.0791426459,0.791426459,0,0
0,0,0.2576363571,1.784937112,2,0
0,0,0.3840089397,1.263725826,2,0
0,0,0.4937501693,1.097412296,0,0
0,0,0.7526469821,2.588968128,0,0
0,0,1.179219636,4.265726541,1,-1
1,1,1.731772722,5.525530861
0,0,0,0,0,0
0,0,0.08438850973,0.8438850973,1,0
0,0,0.1714665151,0.8707800533,0,0
0,0,0.3626390631,1.911725481,1,0
0,0,0.6120658158,2.494267527,2,0
0,0,0.8796465206,2.675807048,1,0
0,0,1.271951176,3.923046558,1,-1
1,1,1.804447802,5.324966258
0,0,0,0,0,0
0,0,0.07595157337,0.7595157337,0,0
0,0,0.2636428389,1.876912656,1,0
0,0,0.4909635001,2.273206612,2,0
0,0,0.7034087714,2.124452713,2,0
0,0,0.9616108232,2.582020518,0,0
0,0,1.389451757,4.278409341,0,-1
1,1,1.969203205,5.797514473
0,0,0,0,0,0
0,0,0.08546219888,0.8546219888,1,0
0,0,0.1947020548,1.092398559,2,0
0,0,0.2523361891,0.5763413431,0,0
0,0,0.4314109581,1.79074769,2,0
0,0,0.6014237556,1.700127975,0,0
0,0,0.9289610244,3.275372689,2,0
0,0,1.329444239,4.004832142,1,-1
1,1,1.866862345,5.374181063
0,0,0,0,0,0
0,0,0.08465373742,0.8465373742,2,0
0,0,0.09654115044,0.1188741302,2,0
0,0,0.02372861523,-0.7281253521,2,0
0,0,-0.1181347531,-1.418633684,1,0
0,0,-0.2748988832,-1.567641301,0,0
0,0,-0.405735633,-1.308367498,1,0
0,0,-0.6127736453,-2.070380123,0,0
0,0,-0.8535705177,-2.407968724,2,0
0,0,-1.260550324,-4.06979806,0,-1
1,1,-1.78152221,-5.209718859
0,0,0,0,1,0
0,0,-0.000946747591,-0.00946747591,0,0
0,0,0.08747175729,0.8841850488,1,0
0,0,0.1880916271,1.006198698,1,0
0,0,0.3222638571,1.3417223,2,0
0,0,0.4300586311,1.077947741,0,0
0,0,0.6809521302,2.508934991,2,0
0,0,0.9641722026,2.832200723,2,0
0,0,1.322306361,3.581341586,0,-1
1,1,1.836891731,5.145853701
0,0,0,0,0,0
0,0,0.0759026064,0.759026064,2,0
0,0,0.06846451196,-0.07438094448,2,0
0,0,-0.02017356522,-0.8863807718,0,0
0,0,-0.01154941476,0.08624150463,1,0
0,0,0.00193136107,0.1348077583,1,0
0,0,0.01387427581,0.1194291474,0,0
0,0,0.1240816725,1.102073967,2,0
0,0,0.1762350083,0.5215333573,0,0
0,0,0.3443804972,1.681454889,0,0
0,0,0.6529085737,3.085280766,1,0
0,0,1.043788961,3.908803873,2,0
0,0,1.524348237,4.80559276,2,-1
1,1,2.146277618,6.219293813
0,0,0,0,2,0
0,0,-0.0854848225,-0.854848225,2,0
0,0,-0.2577095232,-1.722247007,1,0
0,0,-0.4589748115,-2.012652883,0,0
0,0,-0.6695922337,-2.106174221,1,0
0,0,-0.9662381408,-2.966459071,2,0
0,0,-1.43166014,-4.654219994,0,-1
1,1,-2.026227306,-5.945671655
0,0,0,0,2,0
0,0,-0.07535040891,-0.7535040891,2,0
0,0,-0.2598543868,-1.845039779,0,0
0,0,-0.3969408396,-1.370864528,2,0
0,0,-0.6837567069,-2.868158673,2,0
0,0,-1.137032027,-4.532753196,0,-1
1,1,-1.677984937,-5.409529101
0,0,0,0,1,0
0,0,0.009588935359,0.09588935359,2,0
0,0,-0.08352137087,-0.9311030623,0,0
0,0,-0.1044154731,-0.2089410224,2,0
0,0,-0.2331920056,-1.287765324,2,0
0,0,-0.4801365567,-2.469445511,0,0
0,0,-0.7269387186,-2.468021619,2,0
0,0,-1.128538913,-4.016001946,0,-1
1,1,-1.618076593,-4.895376795
0,0,0,0,0,0
0,0,0.07171438053,0.7171438053,0,0
0,0,0.2549638016,1.832494211,1,0
0,0,0.4956513315,2.406875299,1,0
0,0,0.8172229734,3.215716419,1,0
0,0,1.250681616,4.334586422,2,-1
1,1,1.796091512,5.454098965
0,0,0,0,0,0
0,0,0.07696252117,0.7696252117,2,0
0,0,0.06799489284,-0.08967628329,2,0
0,0,-0.03241125839,-1.004061512,1,0
0,0,-0.1519490305,-1.195377721,2,0
0,0,-0.3973128048,-2.453637743,0,0
0,0,-0.6160239359,-2.18711131,2,0
0,0,-1.005131362,-3.891074257,0,0
0,0,-1.472467489,-4.673361274,1,-1
1,1,-2.081847778,-6.093802887
0,0,0,0,1,0
0,0,0.004626766994,0.04626766994,0,0
0,0,0.09948598751,0.9485922052,1,0
0,0,0.2188378601,1.193518726,0,0
0,0,0.4520601005,2.332222404,0,0
0,0,0.8444928974,3.92432797,1,0
0,0,1.332559994,4.88067097,2,-1
1,1,1.940969336,6.084093412
0,0,0,0,2,0
0,0,-0.0999457834,-0.999457834,1,0
0,0,-0.2284158702,-1.284700868,1,0
0,0,-0.3820281995,-1.536123293,1,0
0,0,-0.5983455452,-2.163173457,2,0
0,0,-0.9773010648,-3.789555196,0,0
0,0,-1.430276226,-4.529751611,0,-1
1,1,-2.013010932,-5.827347064
0,0,0,0,2,0
0,0,-0.1035810243,-1.035810243,2,0
0,0,-0.3128039607,-2.092229364,1,0
0,0,-0.5656211854,-2.528172247,2,0
0,0,-0.9859168749,-4.202956895,2,0
0,0,-1.56305279,-5.771359148,2,-1
1,1,-2.287350546,-7.242977561
0,0,0,0,1,0
0,0,-0.0004925616039,-0.004925616039,2,0
0,0,-0.1042754576,-1.03782896,2,0
0,0,-0.3010449307,-1.967694731,2,0
0,0,-0.6314723691,-3.304274384,1,0
0,0,-1.047589958,-4.161175892,2,-1
1,1,-1.622336037,-5.747460784
0,0,0,0,2,0
0,0,-0.1033650734,-1.033650734,1,0
0,0,-0.2331286668,-1.297635934,1,0
0,0,-0.4012412737,-1.681126068,2,0
0,0,-0.6988926168,-2.976513432,0,0
0,0,-1.042641775,-3.437491578,1,0
0,0,-1.512925078,-4.70283303,2,-1
1,1,-2.132897737,-6.199726596
0,0,0,0,0,0
0,0,0.07703408925,0.7703408925,0,0
0,0,0.2387386495,1.617045603,1,0
0,0,0.4548358552,2.160972057,1,0
0,0,0.7259635263,2.711276711,0,0
0,0,1.15672913,4.307656041,0,-1
1,1,1.748529521,5.918003901
0,0,0,0,1,0
0,0,-0.01617075185,-0.1617075185,0,0
0,0,0.05782795777,0.7399870961,1,0
0,0,0.1245436564,0.6671569864,0,0
0,0,0.3049607595,1.804171031,2,0
0,0,0.450696162,1.457354025,2,0
0,0,0.6017263697,1.510302078,1,0
0,0,0.8436936167,2.41967247,2,0
0,0,1.13902866,2.953350434,0,-1
1,1,1.597581552,4.585528914
0,0,0,0,0,0
0,0,0.09013366417,0.9013366417,0,0
0,0,0.2685367232,1.784030591,1,0
0,0,0.4840880525,2.155513292,1,0
0,0,0.7771735382,2.930854858,0,0
0,0,1.222926334,4.457527954,2,-1
1,1,1.771171495,5.482451616
0,0,0,0,0,0
0,0,0.07341418669,0.7341418669,1,0
0,0,0.1703668819,0.9695269524,1,0
0,0,0.3034177068,1.330508249,2,0
0,0,0.3936349727,0.9021726589,0,0
0,0,0.6123065296,2.186715569,2,0
0,0,0.8512545545,2.389480249,2,0
0,0,1.152423298,3.011687436,2,0
0,0,1.55462539,4.022020915,1,-1
1,1,2.103537022,5.489116324
0,0,0,0,0,0
0,0,0.1014711276,1.014711276,1,0
0,0,0.2333127502,1.318416226,0,0
0,0,0.5023868702,2.690741199,2,0
0,0,0.757538644,2.551517739,0,0
0,0,1.186090458,4.285518144,2,-1
1,1,1.715867938,5.297774801
0,0,0,0,0,0
0,0,0.07903307109,0.7903307109,2,0
0,0,0.09111150125,0.1207843016,1,0
0,0,0.1101365637,0.1902506247,2,0
0,0,0.07468322082,-0.354533429,1,0
0,0,0.05092811315,-0.2375510767,2,0
0,0,-0.06560311665,-1.165312298,1,0
0,0,-0.1823395686,-1.167364519,0,0
0,0,-0.2424992501,-0.6015968155,1,0
0,0,-0.3416990012,-0.9919975107,1,0
0,0,-0.5025462287,-1.608472275,0,0
0,0,-0.6746408334,-1.720946047,0,0
0,0,-0.890825829,-2.161849956,0,0
0,0,-1.171836721,-2.810108922,2,-1
1,1,-1.617635249,-4.457985282
0,0,0,0,1,0
0,0,-0.005762127173,-0.05762127173,0,0
0,0,0.08987086829,0.9563299546,2,0
0,0,0.1246685836,0.3479771531,0,0
0,0,0.2607507309,1.360821473,2,0
0,0,0.3702023527,1.094516218,0,0
0,0,0.6273987892,2.571964365,0,0
0,0,1.055828366,4.284295765,2,0
0,0,1.569024713,5.131963473,0,-1
1,1,2.229294985,6.602702719
0,0,0,0,0,0
0,0,0.1024054899,1.024054899,2,0
0,0,0.1288467743,0.264412844,0,0
0,0,0.2814424718,1.525956975,0,0
0,0,0.5515716205,2.701291487,0,0
0,0,0.966242696,4.146710756,2,0
0,0,1.453910144,4.876674482,0,-1
1,1,2.092925055,6.390149112
0,0,0,0,1,0
0,0,-0.0002630347501,-0.002630347501,0,0
0,0,0.0977837534,0.9804678815,0,0
0,0,0.3036549837,2.058712303,1,0
0,0,0.5456805123,2.420255286,2,0
0,0,0.793706461,2.480259487,0,0
0,0,1.201070673,4.073642117,0,-1
1,1,1.771321446,5.702507728
0,0,0,0,2,0
0,0,-0.0777730384,-0.777730384,0,0
0,0,-0.06492911638,0.1284392202,2,0
0,0,-0.1410875232,-0.761584068,2,0
0,0,-0.3417806003,-2.006930771,0,0
0,0,-0.5271021794,-1.853215791,1,0
0,0,-0.8036529854,-2.76550806,0,0
0,0,-1.12536382,-3.217108349,0,0
0,0,-1.542999561,-4.176357404,0,-1
1,1,-2.104705288,-5.617057269
0,0,0,0,0,0
0,0,0.07102310336,0.7102310336,2,0
0,0,0.06973326823,-0.01289835136,1,0
0,0,0.08363334215,0.1390007392,1,0
0,0,0.1064713986,0.2283805642,2,0
0,0,0.04736682955,-0.5910456902,1,0
0,0,-0.01082446001,-0.5819128956,0,0
0,0,0.01961739529,0.3044185531,0,0
0,0,0.1557936722,1.36176277,1,0
0,0,0.3221505194,1.663568472,2,0
0,0,0.4496804343,1.275299149,2,0
0,0,0.5721483326,1.224678983,2,0
0,0,0.7084683667,1.363200342,2,0
0,0,0.8811312032,1.726628365,1,0
0,0,1.176341746,2.952105423,0,-1
1,1,1.639900719,4.635589739
0,0,0,0,1,0
0,0,0.01513130606,0.1513130606,1,0
0,0,0.0471783412,0.3204703514,1,0
0,0,0.08936244744,0.4218410623,2,0
0,0,0.07562699419,-0.1373545324,0,0
0,0,0.174437804,0.9881080985,2,0
0,0,0.2258159464,0.5137814238,1,0
0,0,0.3305717379,1.047557915,2,0
0,0,0.3958041574,0.6523241953,2,0
0,0,0.4552136767,0.5940951923,2,0
0,0,0.5050288896,0.4981521296,0,0
0,0,0.6961370103,1.911081207,2,0
0,0,0.9232058839,2.270688735,2,0
0,0,1.215730458,2.925245744,1,-1
1,1,1.647614327,4.318838685
0,0,0,0,2,0
0,0,-0.08902147045,-0.8902147045,0,0
0,0,-0.09149566948,-0.02474199026,2,0
0,0,-0.2118982913,-1.204026219,0,0
0,0,-0.2728789763,-0.6098068496,2,0
0,0,-0.4535774328,-1.806984565,2,0
0,0,-0.7941228496,-3.405454168,0,0
0,0,-1.189757288,-3.956344389,0,-1
1,1,-1.690799784,-5.01042495
0,0,0,0,0,0
0,0,0.1021229082,1.021229082,0,0
0,0,0.2958291892,1.93706281,2,0
0,0,0.4634398424,1.676106532,2,0
0,0,0.6220136506,1.585738082,1,0
0,0,0.8779980767,2.559844261,1,0
0,0,1.258654078,3.806560014,0,-1
1,1,1.802005097,5.433510188
0,0,0,0,1,0
0,0,0.003227373848,0.03227373848,2,0
0,0,-0.09687146716,-1.00098841,1,0
0,0,-0.199221946,-1.023504788,2,0
0,0,-0.409025474,-2.09803528,1,0
0,0,-0.6906546295,-2.816291554,2,0
0,0,-1.144609772,-4.539551422,0,-1
1,1,-1.69611767,-5.515078981
0,0,0,0,0,0
0,0,0.09597872745,0.9597872745,1,0
0,0,0.219822086,1.238433586,1,0
0,0,0.3771291067,1.573070207,2,0
0,0,0.5049991347,1.27870028,0,0
0,0,0.7996408032,2.946416685,2,0
0,0,1.145190788,3.455499848,2,-1
1,1,1.587705093,4.425143052
0,0,0,0,1,0
0,0,0.0005683167327,0.005683167327,1,0
0,0,0.001461035026,0.008927182931,0,0
0,0,0.07662598735,0.7516495232,2,0
0,0,0.08204060528,0.05414617934,0,0
0,0,0.1936211257,1.115805205,1,0
0,0,0.3534095256,1.597883998,1,0
0,0,0.5766747669,2.232652414,2,0
0,0,0.8174522671,2.407775002,0,0
0,0,1.216249031,3.987967635,1,-1
1,1,1.747111337,5.308623067
0,0,0,0,2,0
0,0,-0.09659799162,-0.9659799162,1,0
0,0,-0.2136752771,-1.170772855,0,0
0,0,-0.2891785023,-0.7550322519,2,0
0,0,-0.5105965954,-2.214180932,1,0
0,0,-0.8003427408,-2.897461454,2,0
0,0,-1.251695083,-4.513523418,2,-1
1,1,-1.854854575,-6.031594929
0,0,0,0,1,0
0,0,0.007329582744,0.07329582744,1,0
0,0,0.02497516218,0.1764557944,1,0
0,0,0.03635249192,0.1137732974,0,0
0,0,0.1340866721,0.9773418021,2,0
0,0,0.1587514402,0.246647681,1,0
0,0,0.2066442874,0.478928472,2,0
0,0,0.2109973778,0.04353090341,1,0
0,0,0.2393978303,0.2840045254,1,0
0,0,0.3006581812,0.6126035092,0,0
0,0,0.5049985313,2.043403501,2,0
0,0,0.7270623533,2.220638219,1,0
0,0,1.058396101,3.313337473,2,0
0,0,1.480925659,4.225295583,1,-1
1,1,2.048606076,5.676804173
0,0,0,0,2,0
0,0,-0.09838716422,-0.9838716422,0,0
0,0,-0.1288610851,-0.3047392087,0,0
0,0,-0.09088429031,0.3797679479,1,0
0,0,-0.07533388606,0.1555040425,0,0
0,0,0.02730167125,1.026355573,1,0
0,0,0.1187184102,0.9141673896,0,0
0,0,0.3131412697,1.944228595,2,0
0,0,0.4672437994,1.541025297,1,0
0,0,0.6996404338,2.323966344,0,0
0,0,1.084288333,3.846478996,1,-1
1,1,1.590874062,5.065857284
0,0,0,0,0,0
0,0,0.08968641313,0.8968641313,1,0
0,0,0.2114855867,1.217991736,1,0
0,0,0.37179342,1.603078332,2,0
0,0,0.5083537525,1.365603325,0,0
0,0,0.8001751982,2.918214457,1,0
0,0,1.198374131,3.98198933,1,-1
1,1,1.729420173,5.310460419
0,0,0,0,2,0
0,0,-0.1042829903,-1.042829903,2,0
0,0,-0.3145838029,-2.103008126,2,0
0,0,-0.658620535,-3.440367321,2,0
0,0,-1.16471747,-5.060969346,1,-1
1,1,-1.798174097,-6.334566278
0,0,0,0,1,0
0,0,0.01088727561,0.1088727561,1,0
0,0,0.01685753701,0.05970261402,2,0
0,0,-0.06566834168,-0.8252587869,1,0
0,0,-0.154692021,-0.8902367929,0,0
0,0,-0.1891825198,-0.3449049884,0,0
0,0,-0.1745522142,0.1463030564,1,0
0,0,-0.194824365,-0.2027215088,1,0
0,0,-0.248006037,-0.5318167193,2,0
0,0,-0.410811611,-1.62805574,0,0
0,0,-0.5695004953,-1.586888842,0,0
0,0,-0.7379794221,-1.684789269,1,0
0,0,-1.023579395,-2.855999727,0,0
0,0,-1.395757557,-3.721781626,0,-1
1,1,-1.897772765,-5.020152077
0,0,0,0,1,0
0,0,0.009188041044,0.09188041044,0,0
0,0,0.1207195104,1.115314693,1,0
0,0,0.256021799,1.353022886,2,0
0,0,0.3566103183,1.005885193,0,0
0,0,0.5894684435,2.328581252,0,0
0,0,0.9802622482,3.907938047,0,0
0,0,1.535571476,5.553092276,2,-1
1,1,2.233046879,6.974754035
0,0,0,0,1,0
0,0,-0.01575370568,-0.1575370568,0,0
0,0,0.03882924793,0.545829536,1,0
0,0,0.09172135637,0.5289210844,0,0
0,0,0.2342742859,1.425529296,2,0
0,0,0.3181522052,0.8387791924,2,0
0,0,0.3607201428,0.425679376,0,0
0,0,0.551717339,1.909971962,0,0
0,0,0.8874371073,3.357197683,2,0
0,0,1.286123744,3.986866372,0,-1
1,1,1.842678434,5.565546894
0,0,0,0,2,0
0,0,-0.08247794135,-0.8247794135,2,0
0,0,-0.2790857525,-1.966078111,0,0
0,0,-0.4300540521,-1.509682996,1,0
0,0,-0.639500363,-2.094463109,0,0
0,0,-0.8740116887,-2.345113257,1,0
0,0,-1.214615547,-3.406038588,0,-1
1,1,-1.659924664,-4.453091163
0,0,0,0,1,0
0,0,-0.01170683566,-0.1170683566,0,0
0,0,0.07700488455,0.8871172021,1,0
0,0,0.1674175883,0.9041270371,1,0
0,0,0.2877797407,1.203621525,2,0
0,0,0.3821958705,0.9441612982,1,0
0,0,0.5481176131,1.659217426,0,0
0,0,0.8826292415,3.345116284,1,0
0,0,1.338969452,4.563402101,0,-1
1,1,1.949773348,6.108038968
0,0,0,0,0,0
0,0,0.08850436498,0.8850436498,1,0
0,0,0.1777349566,0.8923059164,1,0
0,0,0.2963260105,1.185910539,0,0
0,0,0.5367791434,2.404531329,1,0
0,0,0.843828988,3.070498447,2,0
0,0,1.205270721,3.61441733,0,-1
1,1,1.72976657,5.24495849
0,0,0,0,0,0
0,0,0.105400479,1.05400479,0,0
0,0,0.3102670418,2.048665628,2,0
0,0,0.4925792824,1.823122406,1,0
0,0,0.7411691121,2.485898296,1,0
0,0,1.090014561,3.488454494,2,0
0,0,1.526257305,4.362427436,1,-1
1,1,2.108494703,5.822373976
0,0,0,0,2,0
0,0,-0.1051893917,-1.051893917,1,0
0,0,-0.226119954,-1.209305623,1,0
0,0,-0.3979182205,-1.717982664,2,0
0,0,-0.7267280977,-3.288098772,0,0
0,0,-1.089357364,-3.626292664,2,-1
1,1,-1.61718231,-5.278249457
0,0,0,0,0,0
0,0,0.080907544,0.80907544,0,0
0,0,0.2776713554,1.967638114,2,0
0,0,0.4423420345,1.646706791,2,0
0,0,0.6035818401,1.612398056,0,0
0,0,0.9133493766,3.097675364,0,0
0,0,1.391918526,4.785691496,1,-1
1,1,2.008795072,6.168765461
0,0,0,0,0,0
0,0,0.0852177348,0.852177348,0,0
0,0,0.27590619,1.906884552,0,0
0,0,0.5869892448,3.110830549,1,0
0,0,0.9804482246,3.934589798,1,0
0,0,1.48829933,5.07851105,0,-1
1,1,2.145288521,6.569891913
0,0,0,0,0,0
0,0,0.09020284974,0.9020284974,1,0
0,0,0.2002251633,1.100223135,0,0
0,0,0.4419588634,2.417337001,2,0
0,0,0.6746062046,2.326473412,1,0
0,0,1.008720191,3.341139868,0,0
0,0,1.514660437,5.059402456,2,-1
1,1,2.160537862,6.458774245
0,0,0,0,1,0
0,0,0.01750601386,0.1750601386,2,0
0,0,-0.0589377385,-0.7644375235,0,0
0,0,-0.07168836025,-0.1275062176,1,0
0,0,-0.09813188596,-0.2644352571,0,0
0,0,-0.04356057551,0.5457131045,2,0
0,0,-0.09589770643,-0.5233713092,0,0
0,0,-0.06998973819,0.2590796823,2,0
0,0,-0.1522791851,-0.8228944689,1,0
0,0,-0.2606798267,-1.084006416,0,0
0,0,-0.3218730819,-0.6119325517,2,0
0,0,-0.51101772,-1.891446381,0,0
0,0,-0.7049736321,-1.939559121,1,0
0,0,-1.005123285,-3.001496532,0,0
0,0,-1.391873001,-3.867497153,0,-1
1,1,-1.908383285,-5.165102844
0,0,0,0,0,0
0,0,0.07075790573,0.7075790573,2,0
0,0,0.07776167201,0.07003766284,2,0
0,0,0.02057546861,-0.571862034,0,0
0,0,0.05973025785,0.3915478924,2,0
0,0,0.02229943068,-0.3743082717,0,0
0,0,0.07584367264,0.5354424196,0,0
0,0,0.2236222484,1.477785757,1,0
0,0,0.4230106285,1.993883802,2,0
0,0,0.5993326673,1.763220388,0,0
0,0,0.9359756643,3.36642997,1,0
0,0,1.380199099,4.442234349,2,-1
1,1,1.947479084,5.672799847
0,0,0,0,2,0
0,0,-0.07279962959,-0.7279962959,1,0
0,0,-0.1612481254,-0.8844849582,1,0
0,0,-0.2820185921,-1.207704667,1,0
0,0,-0.4333553429,-1.513367508,2,0
0,0,-0.7200002123,-2.866448693,0,0
0,0,-1.053534567,-3.335343543,0,0
0,0,-1.467954316,-4.144197499,0,-1
1,1,-2.017442516,-5.494881992
0,0,0,0,2,0
0,0,-0.09192907358,-0.9192907358,2,0
0,0,-0.2750966871,-1.831676135,2,0
0,0,-0.5810180723,-3.059213852,0,0
0,0,-0.9043752077,-3.233571353,0,0
0,0,-1.292104164,-3.877289562,1,-1
1,1,-1.814899922,-5.227957579
0,0,0,0,1,0
0,0,0.01518544059,0.1518544059,1,0
0,0,0.02848214417,0.1329670358,2,0
0,0,-0.05789258035,-0.8637472452,0,0
0,0,-0.08114983084,-0.2325725049,1,0
0,0,-0.1079952124,-0.2684538154,1,0
0,0,-0.1450947358,-0.3709952347,2,0
0,0,-0.2930449065,-1.479501706,0,0
0,0,-0.4211980898,-1.281531833,0,0
0,0,-0.5416307629,-1.204326731,1,0
0,0,-0.7523278844,-2.106971215,0,0
0,0,-1.01147376,-2.591458755,1,0
0,0,-1.400077519,-3.886037588,2,-1
1,1,-1.942735016,-5.426574971
0,0,0,0,1,0
0,0,0.01378451184,0.1378451184,0,0
0,0,0.1223549226,1.085704108,1,0
0,0,0.2623209299,1.399660072,1,0
0,0,0.4566142483,1.942933184,2,0
0,0,0.6467262134,1.901119651,2,0
0,0,0.8739155321,2.271893187,0,0
0,0,1.278328049,4.044125167,1,-1
1,1,1.819256028,5.40927979
0,0,0,0,2,0
0,0,-0.09516394194,-0.9516394194,0,0
0,0,-0.1223261942,-0.2716225228,0,0
0,0,-0.07220520344,0.5012099078,2,0
0,0,-0.1393808509,-0.6717564747,0,0
0,0,-0.1526271917,-0.1324634076,2,0
0,0,-0.2700661229,-1.174389312,2,0
0,0,-0.5062773724,-2.362112495,1,0
0,0,-0.8303093885,-3.240320161,2,0
0,0,-1.325821477,-4.95512089,2,-1
1,1,-1.973538445,-6.477169671
0,0,0,0,0,0
0,0,0.07596640313,0.7596640313,2,0
0,0,0.08943823967,0.1347183654,0,0
0,0,0.217710808,1.282725684,2,0
0,0,0.2827717987,0.6506099069,0,0
0,0,0.4768036445,1.940318458,1,0
0,0,0.7306873944,2.538837499,0,0
0,0,1.149757746,4.190703516,0,-1
1,1,1.731440778,5.816830322
0,0,0,0,0,0
0,0,0.09955798497,0.9955798497,0,0
0,0,0.2937976343,1.942396493,0,0
0,0,0.624478659,3.306810247,1,0
0,0,1.03850653,4.140278707,0,-1
1,1,1.613815138,5.753086081
0,0,0,0,1,0
0,0,0.003761714684,0.03761714684,0,0
0,0,0.08906572377,0.8530400908,1,0
0,0,0.1959860423,1.069203185,1,0
0,0,0.3271283664,1.311423241,1,0
0,0,0.5204641696,1.933358032,2,0
0,0,0.7265949573,2.061307877,0,0
0,0,1.088842476,3.622475183,2,0
0,0,1.536377066,4.475345901,0,-1
1,1,2.132460375,5.960833098
0,0,0,0,2,0
0,0,-0.09633449315,-0.9633449315,1,0
0,0,-0.2246158006,-1.282813074,2,0
0,0,-0.4892973262,-2.646815256,0,0
0,0,-0.7392834187,-2.499860925,0,0
0,0,-1.035632974,-2.96349555,2,0
0,0,-1.497708598,-4.620756244,2,-1
1,1,-2.109760498,-6.120519001
0,0,0,0,0,0
0,0,0.09253782301,0.9253782301,1,0
0,0,0.1953482188,1.028103958,2,0
0,0,0.2335467392,0.3819852038,1,0
0,0,0.3191254369,0.8557869776,0,0
0,0,0.5496937612,2.305683242,0,0
0,0,0.9457217305,3.960279693,2,0
0,0,1.402865536,4.571438057,2,-1
1,1,1.986730544,5.838650076
0,0,0,0,0,0
0,0,0.0825171698,0.825171698,2,0
0,0,0.09923695104,0.1671978124,2,0
0,0,0.04359411213,-0.5564283892,0,0
0,0,0.0752577922,0.3166368007,0,0
0,0,0.2038594824,1.286016902,0,0
0,0,0.4485698312,2.447103488,0,0
0,0,0.8484970502,3.99927219,0,0
0,0,1.414362487,5.658654369,1,-1
1,1,2.118631299,7.04268812
0,0,0,0,2,0
0,0,-0.09485973754,-0.9485973754,1,0
0,0,-0.1941949542,-0.9933521665,1,0
0,0,-0.309597875,-1.154029208,2,0
0,0,-0.5668863022,-2.572884272,1,0
0,0,-0.919601721,-3.527154189,2,0
0,0,-1.428551411,-5.089496898,1,-1
1,1,-2.078422375,-6.498709644
0,0,0,0,1,0
0,0,-0.006945583604,-0.06945583604,2,0
0,0,-0.112070247,-1.051246634,1,0
0,0,-0.2314492621,-1.193790151,2,0
0,0,-0.4664389667,-2.349897047,0,0
0,0,-0.6838434276,-2.174044608,0,0
0,0,-0.9456229031,-2.617794755,2,0
0,0,-1.377825613,-4.322027096,1,-1
1,1,-1.948293211,-5.704675982
0,0,0,0,0,0
0,0,0.09348649005,0.9348649005,0,0
0,0,0.2844970769,1.910105869,1,0
0,0,0.5261687481,2.416716712,0,0
0,0,0.9222883298,3.961195816,0,0
0,0,1.479681475,5.573931449,0,-1
1,1,2.186461263,7.067797879
0,0,0,0,2,0
0,0,-0.0866599982,-0.866599982,1,0
0,0,-0.1729551063,-0.8629510811,1,0
0,0,-0.304993872,-1.320387657,2,0
0,0,-0.5637458978,-2.587520258,2,0
0,0,-0.9809189122,-4.171730144,0,0
0,0,-1.477606741,-4.966878291,0,-1
1,1,-2.110497236,-6.328904942
0,0,0,0,2,0
0,0,-0.09626763588,-0.9626763588,0,0
0,0,-0.1267416838,-0.3047404795,2,0
0,0,-0.2742944616,-1.475527778,0,0
0,0,-0.3882110746,-1.13916613,1,0
0,0,-0.5703365571,-1.821254825,1,0
0,0,-0.8525117537,-2.821751966,1,0
0,0,-1.251363227,-3.988514731,2,-1
1,1,-1.810903875,-5.59540648
0,0,0,0,1,0
0,0,-0.006428271407,-0.06428271407,0,0
0,0,0.06775057835,0.7417884976,2,0
0,0,0.05000004941,-0.1775052894,1,0
0,0,0.05322481373,0.0322476432,2,0
0,0,-0.03107740242,-0.8430221615,1,0
0,0,-0.1119880302,-0.8091062773,0,0
0,0,-0.1225381231,-0.1055009292,1,0
0,0,-0.1687649386,-0.4622681553,1,0
0,0,-0.2416010076,-0.7283606899,2,0
0,0,-0.4331208916,-1.91519884,0,0
0,0,-0.6096834119,-1.765625204,2,0
0,0,-0.9522907878,-3.426073759,0,0
0,0,-1.366484783,-4.141939954,1,-1
1,1,-1.918285246,-5.518004622
0,0,0,0,0,0
0,0,0.08594089742,0.8594089742,0,0
0,0,0.2593480746,1.734071772,0,0
0,0,0.5683959286,3.090478541,1,0
0,0,0.9547011335,3.863052049,2,0
0,0,1.415124048,4.604229141,1,-1
1,1,2.014943957,5.998199095
0,0,0,0,2,0
0,0,-0.07493093217,-0.7493093217,1,0
0,0,-0.1540259561,-0.7909502393,1,0
0,0,-0.2430295158,-0.890035597,0,0
0,0,-0.2949621829,-0.5193266714,1,0
0,0,-0.3907135183,-0.9575133531,1,0
0,0,-0.5566506223,-1.659371041,1,0
0,0,-0.8143954372,-2.577448149,2,0
0,0,-1.244352527,-4.299570896,0,-1
1,1,-1.786295926,-5.419433993
0,0,0,0,2,0
0,0,-0.07909264937,-0.7909264937,2,0
0,0,-0.2480544714,-1.689618221,1,0
0,0,-0.4418172094,-1.93762738,1,0
0,0,-0.7086998659,-2.668826565,2,0
0,0,-1.135104647,-4.26404781,0,-1
1,1,-1.65836399,-5.232593428
0,0,0,0,0,0
0,0,0.08257020629,0.8257020629,1,0
0,0,0.1967141727,1.141439664,2,0
0,0,0.2450026857,0.4828851305,2,0
0,0,0.2486271762,0.03624490412,0,0
0,0,0.3919178301,1.432906539,2,0
0,0,0.5034695634,1.115517334,2,0
0,0,0.6069100655,1.034405021,1,0
0,0,0.8051712207,1.982611552,2,0
0,0,1.052902461,2.477312401,0,0
0,0,1.468913023,4.16010562,2,-1
1,1,2.022290756,5.533777334
0,0,0,0,2,0
0,0,-0.09129978005,-0.9129978005,2,0
0,0,-0.280984321,-1.89684541,0,0
0,0,-0.4394268261,-1.584425051,0,0
0,0,-0.5964814506,-1.570546245,2,0
0,0,-0.9121160309,-3.156345804,1,0
0,0,-1.33713762,-4.250215894,1,-1
1,1,-1.899792493,-5.626548725
0,0,0,0,1,0
0,0,0.006840977242,0.06840977242,1,0
0,0,0.02187630029,0.1503532305,1,0
0,0,0.03854144138,0.1666514109,2,0
0,0,-0.0351426049,-0.7368404628,1,0
0,0,-0.1198304779,-0.8468787298,0,0
0,0,-0.131769231,-0.1193875308,2,0
0,0,-0.2437250732,-1.119558422,0,0
0,0,-0.2975456863,-0.5382061317,2,0
0,0,-0.4948586811,-1.973129947,2,0
0,0,-0.8457895579,-3.509308768,2,0
0,0,-1.367893214,-5.221036559,1,-1
1,1,-2.023816415,-6.55923201
0,0,0,0,2,0
0,0,-0.1047160854,-1.047160854,1,0
0,0,-0.2105726276,-1.058565423,2,0
0,0,-0.4250419807,-2.14469353,0,0
0,0,-0.6211270721,-1.960850914,0,0
0,0,-0.8294933224,-2.083662503,2,0
0,0,-1.200779159,-3.712858361,1,-1
1,1,-1.709315825,-5.085366664
0,0,0,0,1,0
0,0,0.00645222826,0.0645222826,2,0
0,0,-0.05910463746,-0.6555686572,2,0
0,0,-0.2131661454,-1.540615079,0,0
0,0,-0.3314528867,-1.182867413,2,0
0,0,-0.6005193923,-2.690665056,1,0
0,0,-0.9573606535,-3.568412612,2,0
0,0,-1.483081536,-5.257208829,2,-1
1,1,-2.157906659,-6.748251221
0,0,0,0,0,0
0,0,0.07665935199,0.7665935199,1,0
0,0,0.1730892734,0.9642992137,0,0
0,0,0.3919330558,2.188437825,1,0
0,0,0.6846831936,2.927501378,0,0
0,0,1.128745586,4.440623922,2,-1
1,1,1.669581994,5.408364083
0,0,0,0,1,0
0,0,-0.01270808965,-0.1270808965,2,0
0,0,-0.1244790406,-1.11770951,1,0
0,0,-0.2527516568,-1.282726161,2,0
0,0,-0.5172090142,-2.644573574,2,0
0,0,-0.9264647551,-4.092557409,0,0
0,0,-1.398319713,-4.71854958,2,-1
1,1,-2.022268841,-6.239491284
0,0,0,0,0,0
0,0,0.08617017136,0.8617017136,2,0
0,0,0.1158960034,0.2972583207,2,0
0,0,0.08337595299,-0.3252005044,2,0
0,0,-0.01890299338,-1.022789464,2,0
0,0,-0.2196094217,-2.007064283,0,0
0,0,-0.3711717892,-1.515623675,2,0
0,0,-0.6784703023,-3.072985131,0,0
0,0,-1.020309783,-3.41839481,2,0
0,0,-1.52015056,-4.998407763,0,-1
1,1,-2.16157487,-6.414243102
0,0,0,0,0,0
0,0,0.07409519223,0.7409519223,0,0
0,0,0.2319061112,1.578109189,2,0
0,0,0.3463894618,1.144833506,1,0
0,0,0.5076252397,1.612357779,2,0
0,0,0.6862069736,1.785817339,2,0
0,0,0.9105163823,2.243094087,2,0
0,0,1.204533492,2.940171094,1,-1
1,1,1.629658972,4.251254799
0,0,0,0,1,0
0,0,-0.001803843916,-0.01803843916,1,0
0,0,-0.003827302086,-0.0202345817,0,0
0,0,0.06786772877,0.7169503085,2,0
0,0,0.07058868205,0.02720953285,1,0
0,0,0.07829665951,0.07707977456,1,0
0,0,0.1148018219,0.3650516241,2,0
0,0,0.09395440358,-0.2084741834,1,0
0,0,0.07869469986,-0.1525970372,2,0
0,0,-0.02307588958,-1.017705894,1,0
0,0,-0.1322779821,-1.092020925,0,0
0,0,-0.1776607025,-0.4538272033,1,0
0,0,-0.2564382668,-0.7877756429,0,0
0,0,-0.2954997458,-0.3906147901,0,0
0,0,-0.286279582,0.09220163807,0,0
0,0,-0.2531978143,0.3308176765,1,0
0,0,-0.2503270243,0.02870790014,1,0
0,0,-0.3013535583,-0.5102653397,2,0
0,0,-0.4933221634,-1.919686051,1,0
0,0,-0.7665607017,-2.732385383,0,0
0,0,-1.080615181,-3.140544797,0,0
0,0,-1.486233657,-4.056184758,2,-1
1,1,-2.041790375,-5.555567179
0,0,0,0,0,0
0,0,0.07240616257,0.7240616257,2,0
0,0,0.05345637518,-0.1894978739,2,0
0,0,-0.04454932226,-0.9800569743,1,0
0,0,-0.158017582,-1.134682598,2,0
0,0,-0.371212173,-2.131945909,2,0
0,0,-0.7347287534,-3.635165804,2,0
0,0,-1.245725445,-5.10996692,2,-1
1,1,-1.909135601,-6.634101553
0,0,0,0,2,0
0,0,-0.0825576592,-0.825576592,1,0
0,0,-0.1786757897,-0.961181305,2,0
0,0,-0.3867430045,-2.080672148,2,0
0,0,-0.7502846664,-3.63541662,0,0
0,0,-1.153250665,-4.029659982,2,-1
1,1,-1.71088929,-5.576386252
0,0,0,0,0,0
0,0,0.1011716301,1.011716301,2,0
0,0,0.1485750371,0.4740340695,0,0
0,0,0.3036577286,1.550826915,2,0
0,0,0.4103491743,1.066914456,1,0
0,0,0.5911126568,1.807634825,1,0
0,0,0.8687125316,2.775998748,2,0
0,0,1.214748349,3.460358179,1,-1
1,1,1.696601723,4.818533738
0,0,0,0,0,0
0,0,0.07678334789,0.7678334789,2,0
0,0,0.0921099591,0.1532661121,1,0
0,0,0.1083391874,0.1622922828,0,0
0,0,0.2301031707,1.217639834,1,0
0,0,0.405005956,1.749027852,1,0
0,0,0.6399132691,2.349073132,2,0
0,0,0.8920609775,2.521477083,0,0
0,0,1.311224424,4.191634467,0,-1
1,1,1.888261544,5.770371202
0,0,0,0,0,0
0,0,0.07462980436,0.7462980436,2,0
0,0,0.07412893648,-0.005008678762,1,0
0,0,0.1009404677,0.2681153124,2,0
0,0,0.06905617123,-0.3188429649,1,0
0,0,0.05270496651,-0.1635120472,2,0
0,0,-0.04241563259,-0.9512059911,2,0
0,0,-0.2444356824,-2.020200498,1,0
0,0,-0.5010814038,-2.566457214,0,0
0,0,-0.7666840533,-2.656026495,0,0
0,0,-1.07757996,-3.108959068,2,0
0,0,-1.55828072,-4.807007604,2,-1
1,1,-2.186645397,-6.283646763
0,0,0,0,2,0
0,0,-0.08929192226,-0.8929192226,2,0
0,0,-0.2765254763,-1.872335541,0,0
0,0,-0.4173838179,-1.408583415,0,0
0,0,-0.5352811863,-1.178973684,0,0
0,0,-0.6750949681,-1.398137818,1,0
0,0,-0.9128596189,-2.377646508,2,0
0,0,-1.31057005,-3.977104313,1,-1
1,1,-1.8431893,-5.326192494
0,0,0,0,0,0
0,0,0.07561961281,0.7561961281,1,0
0,0,0.1516826591,0.760630463,1,0
0,0,0.2387842148,0.8710155572,1,0
0,0,0.3649798183,1.261956035,1,0
0,0,0.5365103887,1.715305703,1,0
0,0,0.783980161,2.474697723,2,0
0,0,1.085582523,3.016023625,2,0
0,0,1.480719601,3.951370776,1,-1
1,1,2.019587191,5.388675904
0,0,0,0,1,0
0,0,-0.01474758548,-0.1474758548,1,0
0,0,-0.03164957139,-0.1690198591,2,0
0,0,-0.1545563955,-1.229068241,1,0
0,0,-0.2967010493,-1.421446539,2,0
0,0,-0.5687079931,-2.720069438,0,0
0,0,-0.8540781196,-2.853701265,0,0
0,0,-1.208951179,-3.548730594,2,-1
1,1,-1.729232187,-5.202810078
0,0,0,0,1,0
0,0,0.01063962407,0.1063962407,2,0
0,0,-0.06760745457,-0.7824707865,1,0
0,0,-0.1523858031,-0.847783485,2,0
0,0,-0.3504161832,-1.980303801,1,0
0,0,-0.6206054721,-2.701892889,1,0
0,0,-0.9864689213,-3.658634492,2,0
0,0,-1.51007034,-5.236014187,1,-1
1,1,-2.178726757,-6.686564174
0,0,0,0,1,0
0,0,0.01566377194,0.1566377194,2,0
0,0,-0.0562698002,-0.7193357214,2,0
0,0,-0.2118218153,-1.555520151,1,0
0,0,-0.4088021975,-1.969803822,1,0
0,0,-0.6624531664,-2.536509689,0,0
0,0,-0.9526447709,-2.901916046,0,0
0,0,-1.321170498,-3.685257274,1,-1
1,1,-1.83212616,-5.109556621
0,0,0,0,0,0
0,0,0.07473485053,0.7473485053,1,0
0,0,0.1632770632,0.8854221263,2,0
0,0,0.1982167085,0.3493964533,0,0
0,0,0.3407682783,1.425515698,0,0
0,0,0.6122633829,2.714951046,0,0
0,0,1.053209353,4.4094597,0,-1
1,1,1.647444795,5.942354418
0,0,0,0,2,0
0,0,-0.08707403232,-0.8707403232,0,0
0,0,-0.08791214277,-0.008381104461,0,0
0,0,-0.0003849411762,0.8752720159,2,0
0,0,0.009744945535,0.1012988671,0,0
0,0,0.09472549532,0.8498054979,2,0
0,0,0.09156480708,-0.03160688244,2,0
0,0,0.01776261583,-0.7380219125,2,0
0,0,-0.1368252336,-1.545878494,1,0
0,0,-0.3258371547,-1.890119211,2,0
0,0,-0.6465448728,-3.20707718,1,0
0,0,-1.058378718,-4.118338454,0,0
0,0,-1.55969928,-5.013205623,2,-1
1,1,-2.208428546,-6.487292658
0,0,0,0,2,0
0,0,-0.08378542447,-0.8378542447,1,0
0,0,-0.1716722605,-0.87886836,2,0
0,0,-0.3841492313,-2.124769708,1,0
0,0,-0.65149896,-2.673497287,1,0
0,0,-1.01966344,-3.681644802,0,0
0,0,-1.461428583,-4.417651428,1,-1
1,1,-2.047103129,-5.856745457
0,0,0,0,1,0
0,0,-0.01535936999,-0.1535936999,1,0
0,0,-0.04703926434,-0.3167989435,2,0
0,0,-0.1606187246,-1.135794602,2,0
0,0,-0.3941315013,-2.335127768,1,0
0,0,-0.6751034146,-2.809719133,1,0
0,0,-1.061525353,-3.864219386,1,0
0,0,-1.564188202,-5.026628491,2,-1
1,1,-2.214077123,-6.49888921
0,0,0,0,1,0
0,0,-0.009135712101,-0.09135712101,2,0
0,0,-0.1096938517,-1.005581396,0,0
0,0,-0.1567661742,-0.4707232246,0,0
0,0,-0.1417957564,0.1497041779,1,0
0,0,-0.1637236467,-0.2192789035,2,0
0,0,-0.2896157433,-1.258920966,1,0
0,0,-0.4729412298,-1.833254865,0,0
0,0,-0.6605127442,-1.875715144,1,0
0,0,-0.9365855299,-2.760727857,0,0
0,0,-1.285329518,-3.487439876,2,-1
1,1,-1.789274071,-5.039445538
0,0,0,0,0,0
0,0,0.07291506299,0.7291506299,2,0
0,0,0.07209148108,-0.008235819058,1,0
0,0,0.09874225723,0.2665077614,0,0
0,0,0.2171992675,1.184570103,0,0
0,0,0.4470918775,2.2989261,2,0
0,0,0.6733286881,2.262368106,1,0
0,0,0.9905610469,3.172323588,2,0
0,0,1.379262317,3.887012701,1,-1
1,1,1.909399549,5.301372317
0,0,0,0,0,0
0,0,0.07969714789,0.7969714789,2,0
0,0,0.1024995816,0.228024337,1,0
0,0,0.1492676522,0.4676807061,1,0
0,0,0.2277432543,0.7847560209,1,0
0,0,0.350278914,1.225356597,0,0
0,0,0.6230686558,2.727897418,2,0
0,0,0.9060782488,2.83009593,0,0
0,0,1.360551771,4.544735223,0,-1
1,1,1.967968154,6.07416383
0,0,0,0,2,0
0,0,-0.07530013229,-0.7530013229,2,0
0,0,-0.2507393682,-1.75439236,0,0
0,0,-0.3813303704,-1.305910022,0,0
0,0,-0.498612306,-1.172819355,0,0
0,0,-0.6274717571,-1.288594511,2,0
0,0,-0.9073584281,-2.79886671,0,0
0,0,-1.248630063,-3.412716351,0,-1
1,1,-1.704702319,-4.56072256
0,0,0,0,1,0
0,0,-0.001092923509,-0.01092923509,0,0
0,0,0.07745402815,0.7854695166,1,0
0,0,0.17866471,1.012106819,1,0
0,0,0.3107513645,1.320866545,2,0
0,0,0.3968919841,0.8614061951,1,0
0,0,0.5572767249,1.603847408,1,0
0,0,0.806492737,2.492160121,0,0
0,0,1.22987698,4.23384243,2,-1
1,1,1.757297023,5.274200433
0,0,0,0,1,0
0,0,-0.005303397734,-0.05303397734,2,0
0,0,-0.08854582632,-0.8324242859,2,0
0,0,-0.2823187401,-1.937729138,2,0
0,0,-0.590243025,-3.079242849,2,0
0,0,-1.041393076,-4.511500511,1,-1
1,1,-1.613331991,-5.719389153
0,0,0,0,0,0
0,0,0.07857646984,0.7857646984,2,0
0,0,0.08282286842,0.04246398577,2,0
0,0,0.014937913,-0.6788495542,2,0
0,0,-0.1543371886,-1.692751016,1,0
0,0,-0.364579727,-2.102425384,0,0
0,0,-0.542487295,-1.77907568,1,0
0,0,-0.8095475464,-2.670602514,1,0
0,0,-1.178375882,-3.688283359,1,-1
1,1,-1.680296754,-5.01920872
0,0,0,0,2,0
0,0,-0.07914684641,-0.7914684641,0,0
0,0,-0.08712692751,-0.07980081093,0,0
0,0,-0.02794557521,0.591813523,0,0
0,0,0.121546194,1.494917692,2,0
0,0,0.2126979871,0.9115179302,1,0
0,0,0.3371998923,1.245019053,2,0
0,0,0.4192522511,0.820523587,1,0
0,0,0.5634361589,1.441839078,0,0
0,0,0.8562468054,2.928106465,2,0
0,0,1.201590229,3.453434234,2,-1
1,1,1.654419853,4.528296246
0,0,0,0,1,0
0,0,-0.01123090844,-0.1123090844,2,0
0,0,-0.1273326812,-1.161017727,0,0
0,0,-0.1844181362,-0.5708545499,0,0
0,0,-0.1718194158,0.1259872035,0,0
0,0,-0.1133104731,0.5850894274,0,0
0,0,0.008159213196,1.214696863,0,0
0,0,0.2217233317,2.135641185,0,0
0,0,0.5601525191,3.384291874,0,0
0,0,1.060716161,5.00563642,1,-1
1,1,1.680710364,6.199942028
0,0,0,0,1,0
0,0,-0.01315538459,-0.1315538459,2,0
0,0,-0.1146146797,-1.014592951,1,0
0,0,-0.2525878747,-1.379731951,0,0
0,0,-0.353285881,-1.006980062,0,0
0,0,-0.444442261,-0.9115637999,1,0
0,0,-0.6129116001,-1.684693391,1,0
0,0,-0.8680958865,-2.551842864,1,0
0,0,-1.240498984,-3.724030979,2,-1
1,1,-1.77075469,-5.302557053
0,0,0,0,0,0
0,0,0.07953566152,0.7953566152,2,0
0,0,0.09159512327,0.1205946174,1,0
0,0,0.1292925134,0.376973901,2,0
0,0,0.09224745715,-0.3704505622,1,0
0,0,0.06211010936,-0.3013734779,0,0
0,0,0.1472443256,0.8513421624,2,0
0,0,0.1591945751,0.1195024951,0,0
0,0,0.296831471,1.376368959,1,0
0,0,0.4892589081,1.924274372,2,0
0,0,0.6781932225,1.889343143,1,0
0,0,0.9592305124,2.810372899,0,0
0,0,1.39998486,4.40754348,2,-1
1,1,1.970227065,5.702422051
0,0,0,0,0,0
0,0,0.1053181915,1.053181915,0,0
0,0,0.3160064573,2.106882658,1,0
0,0,0.5677537327,2.517472754,1,0
0,0,0.9034362035,3.356824708,1,0
0,0,1.353803776,4.503675727,2,-1
1,1,1.926383818,5.725800413
0,0,0,0,2,0
0,0,-0.07396202867,-0.7396202867,0,0
0,0,-0.07751777373,-0.03555745061,0,0
0,0,-0.01893540193,0.585823718,2,0
0,0,-0.03665754915,-0.1772214723,2,0
0,0,-0.1560653579,-1.194078087,0,0
0,0,-0.2283190684,-0.7225371051,1,0
0,0,-0.3440692693,-1.15750201,0,0
0,0,-0.4326049921,-0.885357228,1,0
0,0,-0.5958120609,-1.632070688,1,0
0,0,-0.8395041429,-2.43692082,1,0
0,0,-1.189022661,-3.495185177,2,-1
1,1,-1.702768587,-5.137459264
0,0,0,0,0,0
0,0,0.09209257475,0.9209257475,0,0
0,0,0.2772835723,1.851909975,1,0
0,0,0.5164597445,2.391761722,0,0
0,0,0.9023906924,3.859309479,1,0
0,0,1.397838859,4.954481667,1,-1
1,1,2.034939371,6.371005115
0,0,0,0,1,0
0,0,0.0035654061,0.035654061,1,0
0,0,0.009725729683,0.06160323583,1,0
0,0,0.02284892417,0.1312319449,0,0
0,0,0.1242890586,1.014401344,2,0
0,0,0.1700486594,0.4575960081,1,0
0,0,0.2601479695,0.900993101,0,0
0,0,0.4931928686,2.330448991,2,0
0,0,0.727051461,2.338585924,0,0
0,0,1.125542429,3.984909677,2,-1
1,1,1.622358402,4.968159734
0,0,0,0,2,0
0,0,-0.08919428007,-0.8919428007,2,0
0,0,-0.2702701309,-1.810758509,1,0
0,0,-0.505710706,-2.354405751,0,0
0,0,-0.7317091442,-2.259984381,2,0
0,0,-1.117380782,-3.856716376,1,-1
1,1,-1.635394958,-5.180141759
0,0,0,0,0,0
0,0,0.07756648878,0.7756648878,1,0
0,0,0.1752294245,0.976629357,2,0
0,0,0.2095912677,0.3436184322,0,0
0,0,0.3805181903,1.709269226,0,0
0,0,0.6911089724,3.105907822,0,0
0,0,1.150381259,4.592722861,0,-1
1,1,1.771720831,6.213395727
0,0,0,0,1,0
0,0,0.002155998089,0.02155998089,0,0
0,0,0.09690865814,0.9475266005,2,0
0,0,0.1118581651,0.1494950693,1,0
0,0,0.1551069398,0.4324877472,2,0
0,0,0.1406549177,-0.1445202207,1,0
0,0,0.1626583723,0.220034546,1,0
0,0,0.218127032,0.5546865971,0,0
0,0,0.3943676736,1.762406415,0,0
0,0,0.725997054,3.316293804,1,0
0,0,1.160977904,4.349808504,2,-1
1,1,1.697897922,5.369200172
0,0,0,0,1,0
0,0,-0.01104299588,-0.1104299588,2,0
0,0,-0.09812458068,-0.870815848,1,0
0,0,-0.2060990063,-1.079744256,0,0
0,0,-0.2535052246,-0.4740621832,0,0
0,0,-0.2738973529,-0.2039212836,2,0
0,0,-0.4366860239,-1.627886709,1,0
0,0,-0.6759218006,-2.392357768,2,0
0,0,-1.078813989,-4.028921881,0,-1
1,1,-1.574034908,-4.952209191
0,0,0,0,2,0
0,0,-0.1001876414,-1.001876414,2,0
0,0,-0.3166104053,-2.164227639,1,0
0,0,-0.5950888583,-2.784784529,1,0
0,0,-0.9466789574,-3.515900991,0,0
0,0,-1.3677182,-4.210392431,1,-1
1,1,-1.927226479,-5.59508279
0,0,0,0,1,0
0,0,-0.01167718895,-0.1167718895,0,0
0,0,0.06057755657,0.7225474553,1,0
0,0,0.1350486653,0.7447110873,2,0
0,0,0.1623939646,0.2734529926,1,0
0,0,0.2284080252,0.6601406061,0,0
0,0,0.4242034471,1.957954219,1,0
0,0,0.6847273599,2.605239128,1,0
0,0,1.043080194,3.583528339,1,0
0,0,1.527560779,4.844805854,0,-1
1,1,2.161034466,6.334736869
0,0,0,0,1,0
0,0,0.01256596699,0.1256596699,0,0
0,0,0.1074504343,0.9488446729,0,0
0,0,0.2968983117,1.894478774,0,0
0,0,0.6186449545,3.217466428,1,0
0,0,1.025622432,4.069774778,0,-1
1,1,1.584640314,5.590178817
0,0,0,0,2,0
0,0,-0.09263267961,-0.9263267961,0,0
0,0,-0.1030351206,-0.1040244097,0,0
0,0,-0.02649412171,0.7654099888,1,0
0,0,0.03013393728,0.5662805898,1,0
0,0,0.1071578025,0.7702386521,1,0
0,0,0.2082972854,1.011394829,1,0
0,0,0.3457691183,1.374718329,0,0
0,0,0.6056586891,2.598895708,0,0
0,0,1.019172562,4.135138724,0,-1
1,1,1.596490298,5.773177369
0,0,0,0,1,0
0,0,0.01108934446,0.1108934446,2,0
0,0,-0.07317185502,-0.8426119949,0,0
0,0,-0.09187427331,-0.1870241828,2,0
0,0,-0.196768349,-1.048940757,0,0
0,0,-0.2594419081,-0.6267355912,0,0
0,0,-0.2740117371,-0.1456982905,1,0
0,0,-0.3234141399,-0.4940240271,2,0
0,0,-0.5182006456,-1.947865058,1,0
0,0,-0.7999709303,-2.817702847,2,0
0,0,-1.254789148,-4.548182173,2,-1
1,1,-1.865780888,-6.109917406
0,0,0,0,0,0
0,0,0.09972753396,0.9972753396,1,0
0,0,0.2309471972,1.312196632,1,0
0,0,0.398687663,1.677404658,1,0
0,0,0.6162668251,2.175791621,2,0
0,0,0.8647815171,2.48514692,0,0
0,0,1.282188722,4.174072044,0,-1
1,1,1.852521779,5.703330572
0,0,0,0,1,0
0,0,-0.0121908982,-0.121908982,2,0
0,0,-0.1277737798,-1.155828816,1,0
0,0,-0.2606888121,-1.329150323,2,0
0,0,-0.5127666158,-2.520778037,2,0
0,0,-0.9100168942,-3.972502784,0,0
0,0,-1.377628885,-4.676119906,1,-1
1,1,-1.984106711,-6.064778266
0,0,0,0,2,0
0,0,-0.07981669912,-0.7981669912,0,0
0,0,-0.09709386449,-0.1727716538,2,0
0,0,-0.2088302442,-1.117363797,2,0
0,0,-0.4262510898,-2.174208457,1,0
0,0,-0.7116804751,-2.854293852,1,0
0,0,-1.101809131,-3.901286564,2,-1
1,1,-1.64931624,-5.475071087
0,0,0,0,0,0
0,0,0.07739639372,0.7739639372,0,0
0,0,0.2613847248,1.839883311,2,0
0,0,0.3984257806,1.370410557,1,0
0,0,0.6133751529,2.149493724,2,0
0,0,0.8552848593,2.419097064,2,0
0,0,1.157374227,3.020893678,2,0
0,0,1.563469693,4.060954661,1,-1
1,1,2.116463807,5.529941136
0,0,0,0,2,0
0,0,-0.08888716757,-0.8888716757,2,0
0,0,-0.2658778143,-1.769906467,1,0
0,0,-0.4883790523,-2.22501238,0,0
0,0,-0.7089906967,-2.206116444,2,0
0,0,-1.084903203,-3.759125063,0,0
0,0,-1.553662132,-4.687589288,1,-1
1,1,-2.16870946,-6.150473282
0,0,0,0,2,0
0,0,-0.08152070033,-0.8152070033,2,0
0,0,-0.2592220246,-1.777013242,1,0
0,0,-0.4776106512,-2.183886266,2,0
0,0,-0.8413617217,-3.637510705,2,0
0,0,-1.36685855,-5.254968284,0,-1
1,1,-2.014510307,-6.476517568
0,0,0,0,1,0
0,0,0.0102605053,0.102605053,1,0
0,0,0.004704758945,-0.05555746358,1,0
0,0,0.01457873166,0.09873972711,0,0
0,0,0.121294552,1.067158204,2,0
0,0,0.1776387597,0.5634420765,2,0
0,0,0.1768107162,-0.008280434409,0,0
0,0,0.3038247574,1.270140412,0,0
0,0,0.5626485865,2.588238291,2,0
0,0,0.8331286481,2.704800616,2,0
0,0,1.163374296,3.302456474,1,-1
1,1,1.625646274,4.622719788
0,0,0,0,2,0
0,0,-0.08500183447,-0.8500183447,0,0
0,0,-0.08393680985,0.0106502462,0,0
0,0,0.003014812059,0.8695162191,2,0
0,0,0.01967168498,0.1665687292,0,0
0,0,0.1156739687,0.960022837,1,0
0,0,0.245293281,1.296193123,1,0
0,0,0.4089513277,1.636580467,0,0
0,0,0.7292056446,3.202543169,1,0
0,0,1.155807741,4.266020969,1,-1
1,1,1.703885059,5.480773177
0,0,0,0,1,0
0,0,-0.00968489291,-0.0968489291,1,0
0,0,-0.01429590868,-0.04611015774,1,0
0,0,-0.02060255159,-0.06306642903,1,0
0,0,-0.02245515828,-0.01852606689,1,0
0,0,-0.02293795024,-0.00482791962,2,0
0,0,-0.1062694156,-0.8333146532,2,0
0,0,-0.3111604765,-2.048910609,0,0
0,0,-0.4882542113,-1.770937348,1,0
0,0,-0.736372687,-2.481184757,0,0
0,0,-1.025897378,-2.895246905,0,0
0,0,-1.407418075,-3.815206976,1,-1
1,1,-1.930088986,-5.226709106
0,0,0,0,2,0
0,0,-0.07124578762,-0.7124578762,0,0
0,0,-0.0565082077,0.1473757992,1,0
0,0,-0.05231172653,0.04196481172,0,0
0,0,0.04357115893,0.9588288546,0,0
0,0,0.2427899671,1.992188082,1,0
0,0,0.4925035266,2.497135594,2,0
0,0,0.7378994786,2.45395952,0,0
0,0,1.156598423,4.186989448,2,-1
1,1,1.673856698,5.17258275
0,0,0,0,1,0
0,0,-0.006448041122,-0.06448041122,0,0
0,0,0.08730943859,0.9375747971,0,0
0,0,0.2740818572,1.867724186,0,0
0,0,0.5840725172,3.0999066,0,0
0,0,1.033349394,4.492768769,1,-1
1,1,1.605630452,5.72281058
0,0,0,0,2,0
0,0,-0.07161092298,-0.7161092298,0,0
0,0,-0.0828141547,-0.1120323173,2,0
0,0,-0.191735007,-1.089208523,1,0
0,0,-0.3327356708,-1.410006638,1,0
0,0,-0.5219569716,-1.892213008,0,0
0,0,-0.7286812238,-2.067242522,1,0
0,0,-1.027477514,-2.987962902,1,0
0,0,-1.452942414,-4.254649005,1,-1
1,1,-2.023256274,-5.703138594
0,0,0,0,1,0
0,0,-0.005762976255,-0.05762976255,0,0
0,0,0.06904262419,0.7480560045,1,0
0,0,0.1640007693,0.9495814508,2,0
0,0,0.2138302931,0.4982952387,0,0
0,0,0.3797633078,1.659330147,1,0
0,0,0.596306351,2.165430432,0,0
0,0,0.9766127968,3.803064458,2,0
0,0,1.433837799,4.572250022,1,-1
1,1,2.034207628,6.003698294
0,0,0,0,1,0
0,0,0.00918711385,0.0918711385,1,0
0,0,0.02097993759,0.1179282375,1,0
0,0,0.03816485725,0.1718491966,1,0
0,0,0.05959482308,0.2142996583,0,0
0,0,0.1956662086,1.360713856,2,0
0,0,0.2751537604,0.7948755171,1,0
0,0,0.4020446283,1.26890868,1,0
0,0,0.6064044167,2.043597884,0,0
0,0,0.9616826323,3.552782157,1,0
0,0,1.437592811,4.759101787,1,-1
1,1,2.056509953,6.189171424
0,0,0,0,1,0
0,0,-0.003864963839,-0.03864963839,0,0
0,0,0.08444916424,0.8831412807,0,0
0,0,0.2913668332,2.06917669,0,0
0,0,0.613319652,3.219528187,1,0
0,0,1.010343132,3.9702348,2,0
0,0,1.490295796,4.799526642,2,-1
1,1,2.108202359,6.17906563
0,0,0,0,0,0
0,0,0.09831147719,0.9831147719,2,0
0,0,0.1189462224,0.2063474525,2,0
0,0,0.06835683443,-0.5058938801,2,0
0,0,-0.05302996295,-1.213867974,1,0
0,0,-0.1799593433,-1.269293804,2,0
0,0,-0.4211271028,-2.411677595,2,0
0,0,-0.8111338761,-3.900067733,1,0
0,0,-1.3091157,-4.979818243,0,-1
1,1,-1.920275047,-6.111593464
0,0,0,0,1,0
0,0,9.02733363e-05,0.000902733363,2,0
0,0,-0.08496048832,-0.8505076166,1,0
0,0,-0.1902469591,-1.052864707,0,0
0,0,-0.2539167375,-0.6366977849,1,0
0,0,-0.3565516261,-1.026348886,1,0
0,0,-0.520658923,-1.641072968,2,0
0,0,-0.8461014085,-3.254424856,1,0
0,0,-1.271263201,-4.251617921,2,-1
1,1,-1.851572461,-5.803092604
0,0,0,0,0,0
0,0,0.0721730533,0.721730533,1,0
0,0,0.1431768493,0.71003796,1,0
0,0,0.2555256377,1.123487884,0,0
0,0,0.499289391,2.437637533,1,0
0,0,0.8288891857,3.295997947,0,0
0,0,1.315703833,4.868146475,0,-1
1,1,1.956289153,6.405853201
0,0,0,0,0,0
0,0,0.0993380379,0.993380379,1,0
0,0,0.2145796596,1.152416217,0,0
0,0,0.4391202905,2.245406309,2,0
0,0,0.6410069863,2.018866958,0,0
0,0,1.010368884,3.69361898,1,0
0,0,1.502999683,4.92630799,2,-1
1,1,2.135621576,6.326218931
0,0,0,0,1,0
0,0,0.01362450792,0.1362450792,1,0
0,0,0.04314466407,0.2952015615,2,0
0,0,0.0009175759133,-0.4222708815,2,0
0,0,-0.1298620247,-1.307796006,1,0
0,0,-0.2843431254,-1.544811007,1,0
0,0,-0.4919073332,-2.075642078,0,0
0,0,-0.700873685,-2.089663519,0,0
0,0,-0.9501021353,-2.492284502,0,0
0,0,-1.270755811,-3.20653676,0,-1
1,1,-1.70277644,-4.320206287
0,0,0,0,2,0
0,0,-0.1045810291,-1.045810291,1,0
0,0,-0.2259451108,-1.213640817,0,0
0,0,-0.304601954,-0.7865684322,1,0
0,0,-0.4396127395,-1.350107855,0,0
0,0,-0.5822666026,-1.426538631,1,0
0,0,-0.8077587713,-2.254921687,2,0
0,0,-1.196539902,-3.887811309,1,-1
1,1,-1.715502186,-5.189622834
0,0,0,0,1,0
0,0,0.0017826554,0.017826554,0,0
0,0,0.07765191888,0.7586926348,0,0
0,0,0.2416160432,1.639641243,1,0
0,0,0.4319151338,1.902990906,1,0
0,0,0.6927182386,2.608031048,1,0
0,0,1.051646911,3.58928672,1,0
0,0,1.541428202,4.897812916,2,-1
1,1,2.17484686,6.334186578
0,0,0,0,2,0
0,0,-0.07895263957,-0.7895263957,2,0
0,0,-0.2467610056,-1.678083661,0,0
0,0,-0.3537538564,-1.069928508,2,0
0,0,-0.613971208,-2.602173516,2,0
0,0,-1.019175045,-4.052038374,1,0
0,0,-1.542831857,-5.236568119,2,-1
1,1,-2.214109638,-6.712777807
0,0,0,0,2,0
0,0,-0.08214983339,-0.8214983339,1,0
0,0,-0.1826054056,-1.004555722,1,0
0,0,-0.3129261264,-1.303207208,0,0
0,0,-0.4226900467,-1.097639203,1,0
0,0,-0.6043784949,-1.816884482,2,0
0,0,-0.952534896,-3.481564012,1,0
0,0,-1.41201418,-4.594792842,2,-1
1,1,-2.024279627,-6.122654466
0,0,0,0,2,0
0,0,-0.08349394721,-0.8349394721,0,0
0,0,-0.1063817022,-0.2288775497,0,0
0,0,-0.05659542181,0.4978628037,1,0
0,0,-0.002201202415,0.543942194,1,0
0,0,0.04325174965,0.4545295207,1,0
0,0,0.08699913763,0.4374738798,0,0
0,0,0.2465842116,1.595850739,1,0
0,0,0.4339267115,1.873424999,0,0
0,0,0.7523015088,3.183747973,0,0
0,0,1.219457413,4.671559045,2,-1
1,1,1.786391525,5.669341116
0,0,0,0,0,0
0,0,0.07875443551,0.7875443551,0,0
0,0,0.2590814552,1.803270197,1,0
0,0,0.4710284853,2.119470301,1,0
0,0,0.7601731553,2.8914467,1,0
0,0,1.153746219,3.935730638,2,-1
1,1,1.645370297,4.916240777
0,0,0,0,2,0
0,0,-0.08603107995,-0.8603107995,1,0
0,0,-0.1953946917,-1.093636118,0,0
0,0,-0.2689047836,-0.735100919,1,0
0,0,-0.397352759,-1.284479754,2,0
0,0,-0.6616758762,-2.643231171,2,0
0,0,-1.097766335,-4.360904584,2,-1
1,1,-1.698353571,-6.005872368
0,0,0,0,0,0
0,0,0.08569550817,0.8569550817,1,0
0,0,0.1719811533,0.8628564514,0,0
0,0,0.3737643704,2.017832171,2,0
0,0,0.5564489762,1.826846058,1,0
0,0,0.8177903837,2.613414075,1,0
0,0,1.190884436,3.730940524,1,-1
1,1,1.693402886,5.025184502
0,0,0,0,2,0
0,0,-0.1001430393,-1.001430393,1,0
0,0,-0.2291187543,-1.28975715,2,0
0,0,-0.4719586387,-2.428398844,1,0
0,0,-0.7722782239,-3.003195852,2,0
0,0,-1.236808799,-4.645305755,1,-1
1,1,-1.832935155,-5.96126356
0,0,0,0,1,0
0,0,0.01574697669,0.1574697669,1,0
0,0,0.03682539543,0.2107841874,2,0
0,0,-0.03866416472,-0.7548956015,1,0
0,0,-0.1110518391,-0.7238767437,1,0
0,0,-0.2000409743,-0.8898913519,1,0
0,0,-0.3177209698,-1.176799956,2,0
0,0,-0.5636350388,-2.459140689,0,0
0,0,-0.8169827624,-2.533477236,0,0
0,0,-1.121932732,-3.049499695,0,0
0,0,-1.52899138,-4.070586477,1,-1
1,1,-2.081984966,-5.529935862
0,0,0,0,1,0
0,0,-0.01178149952,-0.1178149952,0,0
0,0,0.04581624453,0.5759774406,1,0
0,0,0.1132436131,0.6742736857,2,0
0,0,0.1050540798,-0.08189533341,2,0
0,0,0.03757107043,-0.6748300933,0,0
0,0,0.06819977183,0.3062870141,0,0
0,0,0.1826127984,1.144130266,1,0
0,0,0.3296234399,1.470106415,0,0
0,0,0.6094000665,2.797766266,1,0
0,0,0.9767590212,3.673589547,1,0
0,0,1.465541796,4.887827752,0,-1
1,1,2.104035181,6.384933848
0,0,0,0,1,0
0,0,-0.006097848467,-0.06097848467,2,0
0,0,-0.1142526502,-1.081548017,0,0
0,0,-0.1450502637,-0.3079761347,0,0
0,0,-0.1222332104,0.2281705325,1,0
0,0,-0.1309968668,-0.08763656334,2,0
0,0,-0.2550394322,-1.240425655,1,0
0,0,-0.4313016412,-1.76262209,2,0
0,0,-0.7514707138,-3.201690726,0,0
0,0,-1.109590345,-3.581196309,1,-1
1,1,-1.592173915,-4.825835708
0,0,0,0,1,0
0,0,0.01273683256,0.1273683256,0,0
0,0,0.1330425852,1.203057527,1,0
0,0,0.2865815796,1.535389944,1,0
0,0,0.4768434179,1.902618383,1,0
0,0,0.7318703139,2.55026896,1,0
0,0,1.081175173,3.493048593,2,0
0,0,1.513675981,4.325008083,1,-1
1,1,2.090924083,5.772481013
0,0,0,0,2,0
0,0,-0.0892027378,-0.892027378,1,0
0,0,-0.1824437299,-0.9324099211,2,0
0,0,-0.3840425701,-2.015988402,0,0
0,0,-0.571177117,-1.87134547,0,0
0,0,-0.769809667,-1.986325499,1,0
0,0,-1.071292902,-3.01483235,1,0
0,0,-1.496285017,-4.249921152,1,-1
1,1,-2.065927115,-5.696420978
0,0,0,0,1,0
0,0,0.01555090969,0.1555090969,1,0
0,0,0.03417294223,0.1862203253,0,0
0,0,0.1332400465,0.9906710426,1,0
0,0,0.2614761987,1.282361522,0,0
0,0,0.5106040627,2.49127864,2,0
0,0,0.7757077116,2.651036488,0,0
0,0,1.209345046,4.336373344,1,-1
1,1,1.772482259,5.631372126
0,0,0,0,2,0
0,0,-0.08012060358,-0.8012060358,2,0
0,0,-0.2542885383,-1.741679347,1,0
0,0,-0.4681342646,-2.138457263,0,0
0,0,-0.6651829496,-1.97048685,0,0
0,0,-0.8828254772,-2.176425276,1,0
0,0,-1.218550064,-3.357245872,0,-1
1,1,-1.667320584,-4.487705191
0,0,0,0,2,0
0,0,-0.1044424475,-1.044424475,2,0
0,0,-0.297387176,-1.929447285,2,0
0,0,-0.6374022949,-3.40015119,1,0
0,0,-1.052713068,-4.153107733,1,-1
1,1,-1.589172812,-5.364597442
0,0,0,0,1,0
0,0,-0.01023238858,-0.1023238858,0,0
0,0,0.06927428858,0.7950667716,2,0
0,0,0.07298676207,0.03712473489,0,0
0,0,0.1654999757,0.9251321364,1,0
0,0,0.2828493251,1.173493494,0,0
0,0,0.5361100235,2.532606984,1,0
0,0,0.8548029991,3.186929756,1,0
0,0,1.277067619,4.222646196,0,-1
1,1,1.851998746,5.749311273
0,0,0,0,2,0
0,0,-0.07564644556,-0.7564644556,0,0
0,0,-0.0928737621,-0.1722731654,2,0
0,0,-0.1996803188,-1.068065568,2,0
0,0,-0.4331540487,-2.334737298,1,0
0,0,-0.7203623785,-2.872083299,1,0
0,0,-1.114578192,-3.942158138,0,-1
1,1,-1.597480065,-4.829018729
0,0,0,0,1,0
0,0,-0.01169182643,-0.1169182643,0,0
0,0,0.06333026917,0.750220956,1,0
0,0,0.1431537064,0.7982343723,1,0
0,0,0.2630765195,1.199228131,0,0
0,0,0.5097086109,2.466320915,0,0
0,0,0.9084685251,3.987599142,2,0
0,0,1.36474659,4.56278065,1,-1
1,1,1.957305207,5.925586167
0,0,0,0,2,0
0,0,-0.07559161111,-0.7559161111,0,0
0,0,-0.08641524901,-0.1082363791,1,0
0,0,-0.09872854001,-0.12313291,0,0
0,0,-0.02794397424,0.7078456578,2,0
0,0,-0.03563610155,-0.07692127313,1,0
0,0,-0.04305976227,-0.07423660724,2,0
0,0,-0.1575642805,-1.145045183,2,0
0,0,-0.389695974,-2.321316935,0,0
0,0,-0.5875926562,-1.978966822,0,0
0,0,-0.7909644166,-2.033717603,0,0
0,0,-1.04745204,-2.564876238,1,0
0,0,-1.438464227,-3.910121871,1,-1
1,1,-1.971431555,-5.329673276
0,0,0,0,2,0
0,0,-0.08194505113,-0.8194505113,2,0
0,0,-0.2797850533,-1.978400021,0,0
0,0,-0.4449959394,-1.652108861,1,0
0,0,-0.6708638455,-2.258679061,2,0
0,0,-1.063441625,-3.925777796,0,0
0,0,-1.537692284,-4.742506585,0,-1
1,1,-2.154818573,-6.171262897
0,0,0,0,0,0
0,0,0.08363431661,0.8363431661,1,0
0,0,0.1753162802,0.9168196359,1,0
0,0,0.2910611993,1.157449191,2,0
0,0,0.3575961208,0.6653492148,2,0
0,0,0.4154360632,0.5783994247,0,0
0,0,0.6204000325,2.049639692,2,0
0,0,0.8490688549,2.286688224,0,0
0,0,1.250133253,4.010643976,1,-1
1,1,1.782481253,5.323480002
0,0,0,0,2,0
0,0,-0.09928781473,-0.9928781473,1,0
0,0,-0.2307439873,-1.314561725,0,0
0,0,-0.3066046765,-0.758606892,1,0
0,0,-0.4397577813,-1.331531048,1,0
0,0,-0.6318189617,-1.920611804,1,0
0,0,-0.9145846048,-2.827656431,0,0
0,0,-1.25823924,-3.436546357,0,-1
1,1,-1.716384167,-4.58144927
0,0,0,0,2,0
0,0,-0.09920236401,-0.9920236401,2,0
0,0,-0.3116340002,-2.124316362,0,0
0,0,-0.4815510646,-1.699170644,0,0
0,0,-0.6654183317,-1.838672671,1,0
0,0,-0.9435927336,-2.781744019,1,0
0,0,-1.344606965,-4.010142312,0,-1
1,1,-1.869352812,-5.24745847
0,0,0,0,0,0
0,0,0.09772621934,0.9772621934,1,0
0,0,0.223979527,1.262533077,2,0
0,0,0.2861884879,0.6220896089,2,0
0,0,0.3179370998,0.3174861195,2,0
0,0,0.3055759188,-0.1236118105,2,0
0,0,0.2765532382,-0.2902268058,2,0
0,0,0.2205548485,-0.5599838974,0,0
0,0,0.2900611159,0.6950626739,0,0
0,0,0.4786097029,1.885485871,2,0
0,0,0.6665500137,1.879403107,2,0
0,0,0.8890197947,2.22469781,2,0
0,0,1.172523261,2.835034664,1,-1
1,1,1.589983176,4.174599152
0,0,0,0,1,0
0,0,-5.64556111e-05,-0.000564556111,2,0
0,0,-0.07552588448,-0.7546942887,0,0
0,0,-0.08480093949,-0.09275055013,1,0
0,0,-0.102117647,-0.1731670753,0,0
0,0,-0.04612586508,0.5599178194,0,0
0,0,0.09723869825,1.433645633,1,0
0,0,0.248065525,1.508268267,2,0
0,0,0.3475946921,0.9952916707,1,0
0,0,0.5175197826,1.699250905,1,0
0,0,0.7545715071,2.370517245,1,0
0,0,1.084936537,3.303650304,1,0
0,0,1.537237175,4.523006371,0,-1
1,1,2.137494599,6.002574241
0,0,0,0,0,0
0,0,0.07577129977,0.7577129977,1,0
0,0,0.1620207596,0.8624945983,2,0
0,0,0.181953848,0.1993308836,0,0
0,0,0.3296280767,1.476742288,0,0
0,0,0.6139708143,2.843427376,0,0
0,0,1.05241759,4.384467754,2,-1
1,1,1.577119886,5.247022961
0,0,0,0,1,0
0,0,-0.001713482505,-0.01713482505,1,0
0,0,-0.01620067826,-0.1448719576,2,0
0,0,-0.1289632262,-1.127625479,1,0
0,0,-0.2705770501,-1.41613824,1,0
0,0,-0.4598627888,-1.892857386,1,0
0,0,-0.7244449392,-2.645821504,0,0
0,0,-1.018655116,-2.942101769,2,0
0,0,-1.475518642,-4.568635256,2,-1
1,1,-2.084380307,-6.088616649
0,0,0,0,2,0
0,0,-0.10358063,-1.0358063,2,0
0,0,-0.309235093,-2.05654463,2,0
0,0,-0.6624946588,-3.532595658,2,0
0,0,-1.180592658,-5.180979995,2,-1
1,1,-1.857635194,-6.770425362
0,0,0,0,2,0
0,0,-0.09559265173,-0.9559265173,2,0
0,0,-0.3032807028,-2.076880511,0,0
0,0,-0.484974457,-1.816937542,0,0
0,0,-0.651965524,-1.66991067,2,0
0,0,-0.975785759,-3.23820235,0,0
0,0,-1.374376267,-3.985905083,2,-1
1,1,-1.929245609,-5.548693413
0,0,0,0,1,0
0,0,0.004021312309,0.04021312309,1,0
0,0,0.006931837381,0.02910525073,2,0
0,0,-0.07250296356,-0.7943480094,2,0
0,0,-0.238119602,-1.656166384,1,0
0,0,-0.4351615292,-1.970419272,1,0
0,0,-0.6857555673,-2.505940382,1,0
0,0,-1.032456429,-3.467008614,2,0
0,0,-1.548620952,-5.161645233,0,-1
1,1,-2.209264617,-6.606436649
0,0,0,0,2,0
0,0,-0.09488855187,-0.9488855187,1,0
0,0,-0.2142984965,-1.194099446,0,0
0,0,-0.2705576723,-0.5625917581,0,0
0,0,-0.2852412557,-0.146835834,1,0
0,0,-0.3329400064,-0.4769875068,2,0
0,0,-0.53413722,-2.011972136,1,0
0,0,-0.8219134914,-2.877762714,2,0
0,0,-1.281112948,-4.591994571,0,-1
1,1,-1.855369659,-5.742567104
0,0,0,0,1,0
0,0,-0.00470986618,-0.0470986618,0,0
0,0,0.09510553249,0.9981539867,0,0
0,0,0.288189091,1.930835585,1,0
0,0,0.5215458476,2.333567566,0,0
0,0,0.9184505853,3.969047377,0,0
0,0,1.470929939,5.52479354,1,-1
1,1,2.166687091,6.957571521
0,0,0,0,0,0
0,0,0.07223495683,0.7223495683,2,0
0,0,0.05928351406,-0.1295144277,1,0
0,0,0.0524228249,-0.06860689158,1,0
0,0,0.04028430405,-0.1213852086,2,0
0,0,-0.05151536709,-0.9179967113,0,0
0,0,-0.05802961787,-0.06514250781,1,0
0,0,-0.06593412227,-0.07904504399,2,0
0,0,-0.1827348846,-1.168007623,0,0
0,0,-0.2426630011,-0.5992811654,1,0
0,0,-0.3347667838,-0.9210378265,2,0
0,0,-0.5490888186,-2.143220348,1,0
0,0,-0.8486918472,-2.996030286,1,0
0,0,-1.267978687,-4.192868396,2,-1
1,1,-1.842846079,-5.748673926
0,0,0,0,2,0
0,0,-0.09560647225,-0.9560647225,1,0
0,0,-0.2089189283,-1.13312456,1,0
0,0,-0.3530759221,-1.441569939,1,0
0,0,-0.5559568531,-2.02880931,1,0
0,0,-0.8554670923,-2.995102393,0,0
0,0,-1.210353398,-3.548863056,1,-1
1,1,-1.704161523,-4.938081252
0,0,0,0,1,0
0,0,0.01035874348,0.1035874348,0,0
0,0,0.1000462983,0.8968755481,1,0
0,0,0.1988801785,0.9883388022,2,0
0,0,0.2578055908,0.5892541226,1,0
0,0,0.3540447954,0.9623920458,1,0
0,0,0.5070288896,1.529840942,1,0
0,0,0.7530640438,2.460351542,2,0
0,0,1.034778128,2.81714084,1,0
0,0,1.446301444,4.115233166,2,-1
1,1,1.993367095,5.47065651
0,0,0,0,0,0
0,0,0.08069087931,0.8069087931,1,0
0,0,0.1903734978,1.096826185,2,0
0,0,0.2444543697,0.5408087191,1,0
0,0,0.3460304283,1.015760586,0,0
0,0,0.5893009119,2.432704836,1,0
0,0,0.9256203349,3.36319423,2,0
0,0,1.324291838,3.986715033,0,-1
1,1,1.878777075,5.544852366
0,0,0,0,2,0
0,0,-0.09189868354,-0.9189868354,2,0
0,0,-0.2915003102,-1.996016266,2,0
0,0,-0.6258645515,-3.343642413,2,0
0,0,-1.126431783,-5.005672317,1,-1
1,1,-1.751249568,-6.248177846
0,0,0,0,2,0
0,0,-0.08710744301,-0.8710744301,0,0
0,0,-0.08752731262,-0.0041986961,0,0
0,0,-0.01703707538,0.7049023724,1,0
0,0,0.03324404647,0.5028112185,2,0
0,0,-0.00983123309,-0.4307527956,2,0
0,0,-0.1368376336,-1.270064005,1,0
0,0,-0.2996962833,-1.628586498,2,0
0,0,-0.6035497886,-3.038535053,0,0
0,0,-0.9329208443,-3.293710557,2,0
0,0,-1.428233698,-4.953128536,1,-1
1,1,-2.06315652,-6.349228217
0,0,0,0,0,0
0,0,0.08522517212,0.8522517212,1,0
0,0,0.1778138206,0.9258864845,2,0
0,0,0.2216392371,0.4382541652,1,0
0,0,0.3124578195,0.9081858241,0,0
0,0,0.5367196749,2.242618554,2,0
0,0,0.7670708247,2.303511498,0,0
0,0,1.173025421,4.05954596,1,-1
1,1,1.710097674,5.370722531
0,0,0,0,0,0
0,0,0.08884636518,0.8884636518,1,0
0,0,0.2088519613,1.200055961,2,0
0,0,0.2713610261,0.6250906481,0,0
0,0,0.4572456243,1.858845982,1,0
0,0,0.6996865338,2.424409095,2,0
0,0,0.9884942038,2.888076701,1,0
0,0,1.393526022,4.050318183,1,-1
1,1,1.93727422,5.437481976
0,0,0,0,0,0
0,0,0.07402299927,0.7402299927,1,0
0,0,0.15183591,0.7781291076,1,0
0,0,0.2707092186,1.188733086,2,0
0,0,0.3550908261,0.8438160745,2,0
0,0,0.4104828192,0.5539199308,0,0
0,0,0.6114907094,2.010078902,1,0
0,0,0.8948732228,2.833825134,0,0
0,0,1.350643073,4.557698502,2,-1
1,1,1.930178439,5.795353662
0,0,0,0,0,0
0,0,0.07195991059,0.7195991059,1,0
0,0,0.1632132739,0.9125336335,2,0
0,0,0.191192504,0.2797923002,2,0
0,0,0.1620745265,-0.2911797748,2,0
0,0,0.077741816,-0.8433271048,1,0
0,0,0.006913289913,-0.7082852609,0,0
0,0,0.01791326015,0.1099997024,0,0
0,0,0.1258796847,1.079664245,1,0
0,0,0.2519822966,1.261026119,0,0
0,0,0.4914544461,2.394721496,2,0
0,0,0.7192768616,2.278224154,0,0
0,0,1.122650711,4.033738493,2,-1
1,1,1.624591318,5.019406071
0,0,0,0,0,0
0,0,0.09102296178,0.9102296178,0,0
0,0,0.2699638917,1.789409299,2,0
0,0,0.3926585851,1.226946934,1,0
0,0,0.5657663291,1.73107744,2,0
0,0,0.7468882369,1.811219078,0,0
0,0,1.087528056,3.406398188,2,0
0,0,1.523437832,4.359097767,0,-1
1,1,2.108311835,5.84874003
0,0,0,0,1,0
0,0,0.01014181506,0.1014181506,2,0
0,0,-0.0815080635,-0.9164987856,1,0
0,0,-0.1736466335,-0.9213857001,2,0
0,0,-0.3795421767,-2.058955432,1,0
0,0,-0.636943042,-2.574008653,0,0
0,0,-0.9144776961,-2.775346541,2,0
0,0,-1.357982995,-4.435052986,1,-1
1,1,-1.93700239,-5.790193949
0,0,0,0,0,0
0,0,0.07669178235,0.7669178235,0,0
0,0,0.247913866,1.712220836,2,0
0,0,0.3674193977,1.195055317,2,0
0,0,0.4536258996,0.8620650188,1,0
0,0,0.6156633144,1.620374148,0,0
0,0,0.9413657522,3.257024378,1,0
0,0,1.383387965,4.420222129,2,-1
1,1,1.953567462,5.701794967
