2,1,1
0,0,0,0,2,0
0,0,-0.09948958635,-0.9948958635,2,0
0,0,-0.291235429,-1.917458427,1,0
0,0,-0.5146231541,-2.23387725,2,0
0,0,-0.8762074961,-3.615843421,2,0
0,0,-1.390709866,-5.145023703,1,-1
1,1,-2.045066469,-6.543566026
0,0,0,0,1,0
0,0,0.01408815565,0.1408815565,0,0
0,0,0.1151719028,1.010837471,0,0
0,0,0.3099592188,1.94787316,0,0
0,0,0.6307627291,3.208035104,2,0
0,0,0.9704379806,3.396752515,1,0
0,0,1.433567455,4.631294746,0,-1
1,1,2.04786647,6.142990147
0,0,0,0,0,0
0,0,0.09514856486,0.9514856486,2,0
0,0,0.1266161857,0.3146762081,1,0
0,0,0.1717911175,0.4517493184,0,0
0,0,0.3298756527,1.580845352,1,0
0,0,0.5435238569,2.136482041,2,0
0,0,0.7531237844,2.095999276,1,0
0,0,1.059759403,3.066356185,0,0
0,0,1.533882546,4.741231432,0,-1
1,1,2.156969825,6.230872785
0,0,0,0,0,0
0,0,0.09573115351,0.9573115351,1,0
0,0,0.1991806944,1.034495409,0,0
0,0,0.4276647453,2.284840508,1,0
0,0,0.7118072681,2.841425228,0,0
0,0,1.154621975,4.42814707,2,-1
1,1,1.696667364,5.420453884
0,0,0,0,0,0
0,0,0.07544950351,0.7544950351,1,0
0,0,0.1696296259,0.9418012236,0,0
0,0,0.3667759211,1.971462953,2,0
0,0,0.5560066931,1.89230772,1,0
0,0,0.8247673335,2.687606404,0,0
0,0,1.250269742,4.255024081,1,-1
1,1,1.809890041,5.596202993
0,0,0,0,0,0
0,0,0.1023944126,1.023944126,1,0
0,0,0.2307479894,1.283535769,0,0
0,0,0.493455756,2.627077666,1,0
0,0,0.8438171359,3.503613799,2,0
0,0,1.257868554,4.140514178,2,-1
1,1,1.785106496,5.272379419
0,0,0,0,2,0
0,0,-0.09028693209,-0.9028693209,0,0
0,0,-0.1049525524,-0.1466562035,1,0
0,0,-0.1206817655,-0.157292131,0,0
0,0,-0.08162813498,0.3905363056,0,0
0,0,0.0225515338,1.041796688,2,0
0,0,0.02676937576,0.04217841966,0,0
0,0,0.11430748,0.8753810428,1,0
0,0,0.2176253982,1.033179182,0,0
0,0,0.4357341119,2.181087136,1,0
0,0,0.7098910123,2.741569005,1,0
0,0,1.072262456,3.623714439,0,-1
1,1,1.593082666,5.208202099
0,0,0,0,0,0
0,0,0.09525640301,0.9525640301,0,0
0,0,0.2952350744,1.999786713,2,0
0,0,0.4716304793,1.76395405,0,0
0,0,0.8109122722,3.392817928,1,0
0,0,1.257930899,4.470186263,0,-1
1,1,1.858975571,6.010446729
0,0,0,0,2,0
0,0,-0.09671388194,-0.9671388194,2,0
0,0,-0.3057423478,-2.090284658,2,0
0,0,-0.6451289485,-3.393866008,1,0
0,0,-1.064466317,-4.193373684,2,-1
1,1,-1.647386755,-5.829204377
0,0,0,0,2,0
0,0,-0.09398845899,-0.9398845899,0,0
0,0,-0.1069791708,-0.1299071178,0,0
0,0,-0.0455322956,0.6144687517,1,0
0,0,-0.008595981474,0.3693631413,0,0
0,0,0.1289631793,1.375591608,1,0
0,0,0.2755515198,1.465883405,0,0
0,0,0.537517031,2.619655112,1,0
0,0,0.8827278157,3.452107847,0,0
0,0,1.393110803,5.103829871,0,-1
1,1,2.057333745,6.64222942
0,0,0,0,2,0
0,0,-0.07873054431,-0.7873054431,1,0
0,0,-0.1546319857,-0.7590144141,0,0
0,0,-0.1773890755,-0.2275708973,1,0
0,0,-0.2393628091,-0.6197373369,0,0
0,0,-0.2564173745,-0.1705456539,1,0
0,0,-0.3138464459,-0.5742907133,2,0
0,0,-0.5215376641,-2.076912182,0,0
0,0,-0.7438530628,-2.223153987,1,0
0,0,-1.067192344,-3.23339281,1,0
0,0,-1.523900518,-4.567081739,2,-1
1,1,-2.129614542,-6.057140243
0,0,0,0,0,0
0,0,0.08242994657,0.8242994657,2,0
0,0,0.1068429377,0.2441299112,1,0
0,0,0.1326940049,0.2585106717,1,0
0,0,0.1929725471,0.6027854226,2,0
0,0,0.1986460129,0.05673465831,2,0
0,0,0.1355243471,-0.631216658,1,0
0,0,0.08761957602,-0.4790477112,1,0
0,0,0.04147683871,-0.4614273731,1,0
0,0,-0.01280395578,-0.5428079449,0,0
0,0,0.02707180306,0.3987575884,0,0
0,0,0.153243979,1.261721759,0,0
0,0,0.3782069626,2.249629837,0,0
0,0,0.7543498078,3.761428452,0,0
0,0,1.282188497,5.278386894,0,-1
1,1,1.961240363,6.790518658
0,0,0,0,1,0
0,0,0.009081867462,0.09081867462,1,0
0,0,0.03036481884,0.2128295138,2,0
0,0,-0.0140974725,-0.4446229134,2,0
0,0,-0.1375722781,-1.234748056,0,0
0,0,-0.1967812201,-0.5920894201,2,0
0,0,-0.3710514992,-1.742702791,1,0
0,0,-0.6010587296,-2.300072304,1,0
0,0,-0.9244635162,-3.234047865,0,0
0,0,-1.324625154,-4.001616382,1,-1
1,1,-1.860521909,-5.358967551
0,0,0,0,2,0
0,0,-0.08143106371,-0.8143106371,2,0
0,0,-0.2594469824,-1.780159187,0,0
0,0,-0.3912536046,-1.318066222,1,0
0,0,-0.5714879602,-1.802343556,2,0
0,0,-0.9201584158,-3.486704555,1,0
0,0,-1.38005774,-4.598993244,1,-1
1,1,-1.978877977,-5.988202371
0,0,0,0,2,0
0,0,-0.1050462665,-1.050462665,0,0
0,0,-0.1326058034,-0.275595369,1,0
0,0,-0.1886463427,-0.5604053925,1,0
0,0,-0.2715595179,-0.8291317522,0,0
0,0,-0.3062814591,-0.3472194122,1,0
0,0,-0.3896174953,-0.8333603619,0,0
0,0,-0.4669831221,-0.7736562682,1,0
0,0,-0.6190632105,-1.520800884,0,0
0,0,-0.7894483818,-1.703851713,2,0
0,0,-1.136651904,-3.472035221,0,-1
1,1,-1.578980978,-4.423290741
0,0,0,0,0,0
0,0,0.1009633989,1.009633989,0,0
0,0,0.32007514,2.191117411,0,0
0,0,0.678442991,3.583678509,0,0
0,0,1.184063313,5.056203217,2,-1
1,1,1.790125846,6.060625334
0,0,0,0,1,0
0,0,-0.01637103612,-0.1637103612,0,0
0,0,0.06530785889,0.8167889501,2,0
0,0,0.08410334938,0.1879549049,1,0
0,0,0.1147179916,0.3061464222,2,0
0,0,0.06075843479,-0.5395955681,0,0
0,0,0.09520742612,0.3444899133,1,0
0,0,0.1449083464,0.4970092025,0,0
0,0,0.292503137,1.475947906,0,0
0,0,0.5561339027,2.636307657,2,0
0,0,0.829910049,2.737761464,0,0
0,0,1.275188755,4.452787059,0,-1
1,1,1.880047227,6.048584723
0,0,0,0,2,0
0,0,-0.08909091926,-0.8909091926,0,0
0,0,-0.09242189704,-0.03330977787,0,0
0,0,-0.01841700903,0.7400488802,2,0
0,0,-0.05243929775,-0.3402228873,0,0
0,0,0.003793328273,0.5623262602,1,0
0,0,0.05978384409,0.5599051582,1,0
0,0,0.1317973074,0.7201346334,1,0
0,0,0.2091660431,0.7736873571,1,0
0,0,0.3142080574,1.050420142,1,0
0,0,0.4784757249,1.642676675,1,0
0,0,0.7102389113,2.317631864,0,0
0,0,1.092402516,3.821636048,2,0
0,0,1.56999474,4.775922234,0,-1
1,1,2.19462821,6.246334706
0,0,0,0,1,0
0,0,-0.008464843022,-0.08464843022,2,0
0,0,-0.09477162592,-0.8630678289,2,0
0,0,-0.287829481,-1.930578551,2,0
0,0,-0.6175088536,-3.296793726,1,0
0,0,-1.043474242,-4.259653888,0,0
0,0,-1.545770703,-5.022964601,1,-1
1,1,-2.194375625,-6.486049226
0,0,0,0,0,0
0,0,0.0760437622,0.760437622,2,0
0,0,0.08611455567,0.1007079347,0,0
0,0,0.1919435882,1.058290325,1,0
0,0,0.3155991035,1.236555153,2,0
0,0,0.4231343851,1.075352816,2,0
0,0,0.5240269891,1.00892604,0,0
0,0,0.7890555244,2.650285354,1,0
0,0,1.167600935,3.785454109,2,-1
1,1,1.649627001,4.820260657
0,0,0,0,1,0
0,0,0.005655210851,0.05655210851,2,0
0,0,-0.08322856053,-0.8888377138,2,0
0,0,-0.2913913978,-2.081628373,1,0
0,0,-0.5380439015,-2.466525037,2,0
0,0,-0.9350079856,-3.969640841,2,0
0,0,-1.493488687,-5.58480701,2,-1
1,1,-2.201163791,-7.076751043
0,0,0,0,0,0
0,0,0.07550128734,0.7550128734,1,0
0,0,0.1642880269,0.8878673958,2,0
0,0,0.205398242,0.4111021506,2,0
0,0,0.2127036239,0.07305381973,2,0
0,0,0.1826319053,-0.300717186,0,0
0,0,0.2817174556,0.9908555027,1,0
0,0,0.4155357909,1.338183353,2,0
0,0,0.5300513452,1.145155543,0,0
0,0,0.7976374101,2.675860649,2,0
0,0,1.122419302,3.247818916,2,0
0,0,1.550340368,4.279210667,2,-1
1,1,2.123234409,5.728940409
0,0,0,0,0,0
0,0,0.08809142427,0.8809142427,2,0
0,0,0.1171128228,0.2902139856,0,0
0,0,0.2396238574,1.225110346,0,0
0,0,0.4966437274,2.5701987,1,0
0,0,0.8155691288,3.189254014,0,0
0,0,1.288273731,4.727046023,2,-1
1,1,1.869404613,5.811308819
0,0,0,0,2,0
0,0,-0.09947613063,-0.9947613063,1,0
0,0,-0.2252348396,-1.257587089,2,0
0,0,-0.4752412573,-2.500064178,1,0
0,0,-0.7984830224,-3.23241765,2,0
0,0,-1.274465126,-4.759821036,0,-1
1,1,-1.863080343,-5.886152174
0,0,0,0,2,0
0,0,-0.1031252405,-1.031252405,1,0
0,0,-0.2323167853,-1.291915447,2,0
0,0,-0.5014902917,-2.691735064,1,0
0,0,-0.8587447592,-3.572544675,2,0
0,0,-1.367568007,-5.088232481,2,-1
1,1,-2.030845375,-6.632773676
0,0,0,0,0,0
0,0,0.09516862001,0.9516862001,1,0
0,0,0.2100059609,1.148373409,2,0
0,0,0.2668476841,0.5684172316,0,0
0,0,0.4475196801,1.80671996,2,0
0,0,0.6189494148,1.714297347,2,0
0,0,0.8270000946,2.080506798,0,0
0,0,1.208268074,3.812679789,0,-1
1,1,1.751600196,5.433321222
0,0,0,0,1,0
0,0,-0.01407370722,-0.1407370722,2,0
0,0,-0.104356722,-0.9028301474,1,0
0,0,-0.2250715877,-1.207148657,1,0
0,0,-0.37639212,-1.513205323,2,0
0,0,-0.6762541809,-2.998620609,1,0
0,0,-1.076475398,-4.002212166,1,-1
1,1,-1.600023805,-5.235484075
0,0,0,0,2,0
0,0,-0.07896708482,-0.7896708482,2,0
0,0,-0.2484996112,-1.695325264,2,0
0,0,-0.5309170127,-2.824174015,0,0
0,0,-0.8164260411,-2.855090284,0,0
0,0,-1.151070854,-3.346448127,0,-1
1,1,-1.585065462,-4.339946081
0,0,0,0,0,0
0,0,0.07356637208,0.7356637208,0,0
0,0,0.2552440596,1.816776876,0,0
0,0,0.549334983,2.940909234,1,0
0,0,0.933375135,3.84040152,2,0
0,0,1.38594397,4.525688348,0,-1
1,1,1.99024244,6.042984701
0,0,0,0,1,0
0,0,-0.01599068852,-0.1599068852,1,0
0,0,-0.03067938819,-0.1468869967,0,0
0,0,0.03424390545,0.6492329364,0,0
0,0,0.2090056735,1.747617681,1,0
0,0,0.434661574,2.256559005,0,0
0,0,0.8181444818,3.834829079,1,0
0,0,1.309327885,4.911834031,1,-1
1,1,1.938557915,6.292300306
0,0,0,0,1,0
0,0,0.01532823424,0.1532823424,2,0
0,0,-0.07253447417,-0.878627084,0,0
0,0,-0.08377030298,-0.1123582881,1,0
0,0,-0.0992955178,-0.1552521482,2,0
0,0,-0.21929079,-1.199952722,2,0
0,0,-0.4591832215,-2.398924315,2,0
0,0,-0.8589848543,-3.998016328,0,0
0,0,-1.317222462,-4.582376079,2,-1
1,1,-1.932010238,-6.147877762
0,0,0,0,1,0
0,0,-0.006850182961,-0.06850182961,0,0
0,0,0.07595615794,0.828063409,1,0
0,0,0.1806757408,1.047195828,0,0
0,0,0.4012378162,2.205620754,0,0
0,0,0.7713169211,3.700791049,1,0
0,0,1.241469499,4.701525778,1,-1
1,1,1.8458459,6.043764008
0,0,0,0,0,0
0,0,0.07985641165,0.7985641165,1,0
0,0,0.1831121389,1.032557272,0,0
0,0,0.4095577907,2.264456518,2,0
0,0,0.6276440295,2.180862388,0,0
0,0,1.009733038,3.82089009,2,0
0,0,1.462576916,4.528438776,1,-1
1,1,2.057456238,5.948793214
0,0,0,0,0,0
0,0,0.08661551242,0.8661551242,1,0
0,0,0.1947018527,1.080863402,0,0
0,0,0.4162690374,2.215671848,1,0
0,0,0.7112984796,2.950294422,1,0
0,0,1.098416458,3.871179784,1,-1
1,1,1.613250182,5.148337237
0,0,0,0,0,0
0,0,0.07858589641,0.7858589641,2,0
0,0,0.07944461959,0.008587231833,0,0
0,0,0.185702846,1.062582264,1,0
0,0,0.3330838797,1.473810338,0,0
0,0,0.6237794207,2.90695541,1,0
0,0,1.011956949,3.881775278,1,0
0,0,1.520891308,5.089343597,0,-1
1,1,2.178368853,6.574775451
0,0,0,0,1,0
0,0,0.002439529571,0.02439529571,0,0
0,0,0.0944094382,0.9196990863,0,0
0,0,0.299325006,2.049155678,2,0
0,0,0.4563955791,1.57070573,0,0
0,0,0.7484542174,2.920586384,0,0
0,0,1.210427989,4.619737712,0,-1
1,1,1.831226421,6.207984324
0,0,0,0,0,0
0,0,0.1045969573,1.045969573,1,0
0,0,0.2278820977,1.232851403,1,0
0,0,0.396332239,1.684501413,1,0
0,0,0.6348231407,2.384909017,1,0
0,0,0.9678579,3.330347594,1,0
0,0,1.424168251,4.563103507,1,-1
1,1,2.019871155,5.957029039
0,0,0,0,0,0
0,0,0.1011237648,1.011237648,0,0
0,0,0.3055051667,2.043814019,1,0
0,0,0.5663696045,2.608644378,1,0
0,0,0.9235382491,3.571686445,0,0
0,0,1.436063432,5.125251827,0,-1
1,1,2.100561769,6.644983373
0,0,0,0,2,0
0,0,-0.09144825166,-0.9144825166,1,0
0,0,-0.1987674742,-1.073192225,1,0
0,0,-0.3498927501,-1.511252759,2,0
0,0,-0.625716583,-2.758238329,1,0
0,0,-0.9999756264,-3.742590434,0,0
0,0,-1.458578862,-4.586032356,0,-1
1,1,-2.051111429,-5.925325666
0,0,0,0,2,0
0,0,-0.1019240645,-1.019240645,1,0
0,0,-0.2280767186,-1.261526541,1,0
0,0,-0.3872877936,-1.592110751,0,0
0,0,-0.5200952084,-1.328074148,1,0
0,0,-0.7349794316,-2.148842232,0,0
0,0,-1.004236044,-2.692566126,0,0
0,0,-1.350255857,-3.460198125,2,-1
1,1,-1.853011882,-5.027560258
0,0,0,0,2,0
0,0,-0.08360972975,-0.8360972975,2,0
0,0,-0.2809899762,-1.973802465,0,0
0,0,-0.4384317157,-1.574417395,1,0
0,0,-0.6566025295,-2.181708137,0,0
0,0,-0.8975642421,-2.409617127,0,0
0,0,-1.197420035,-2.998557928,2,-1
1,1,-1.658045802,-4.606257675
0,0,0,0,2,0
0,0,-0.07493682423,-0.7493682423,1,0
0,0,-0.1697959324,-0.9485910821,2,0
0,0,-0.3812698795,-2.11473947,1,0
0,0,-0.6593232495,-2.7805337,0,0
0,0,-0.9621099855,-3.02786736,2,0
0,0,-1.429426636,-4.673166505,0,-1
1,1,-2.027252405,-5.978257686
0,0,0,0,1,0
0,0,-0.0004933478051,-0.004933478051,0,0
0,0,0.09049828387,0.9099163167,2,0
0,0,0.1155492094,0.2505092551,0,0
0,0,0.2537240171,1.381748078,0,0
0,0,0.5227811937,2.690571766,1,0
0,0,0.8648024952,3.420213015,2,0
0,0,1.266709372,4.019068772,1,-1
1,1,1.803643093,5.369337202
0,0,0,0,0,0
0,0,0.08175119757,0.8175119757,1,0
0,0,0.1755909726,0.9383977506,2,0
0,0,0.2122362886,0.3664531599,2,0
0,0,0.1995370814,-0.1269920725,2,0
0,0,0.1299549018,-0.6958217956,0,0
0,0,0.171288902,0.4133400018,2,0
0,0,0.1592385085,-0.1205039349,2,0
0,0,0.08549915705,-0.7373935145,2,0
0,0,-0.0568775216,-1.423766786,2,0
0,0,-0.2967132019,-2.398356803,0,0
0,0,-0.4929069912,-1.961937893,1,0
0,0,-0.7793512163,-2.864442251,0,0
0,0,-1.109636924,-3.30285708,2,-1
1,1,-1.606333395,-4.966964712
0,0,0,0,0,0
0,0,0.07730190763,0.7730190763,0,0
0,0,0.256279202,1.789772944,2,0
0,0,0.3787973755,1.225181735,2,0
0,0,0.4983856362,1.195882607,0,0
0,0,0.7688368843,2.704512481,1,0
0,0,1.147941399,3.791045146,1,-1
1,1,1.654516764,5.065753654
0,0,0,0,0,0
0,0,0.08916615624,0.8916615624,2,0
0,0,0.09035665116,0.01190494914,1,0
0,0,0.1128895598,0.2253290867,2,0
0,0,0.06298868518,-0.4990087465,0,0
0,0,0.09445717237,0.3146848719,0,0
0,0,0.2241299359,1.296727635,1,0
0,0,0.405181264,1.810513281,1,0
0,0,0.6390742011,2.338929371,2,0
0,0,0.9008258807,2.617516796,0,0
0,0,1.321572454,4.207465736,2,-1
1,1,1.858034434,5.364619796
0,0,0,0,0,0
0,0,0.08518340755,0.8518340755,0,0
0,0,0.2804275928,1.952441853,0,0
0,0,0.6034103625,3.229827696,0,0
0,0,1.089049431,4.856390687,1,-1
1,1,1.692009852,6.029604207
0,0,0,0,2,0
0,0,-0.104704559,-1.04704559,1,0
0,0,-0.2247161713,-1.200116123,0,0
0,0,-0.3107549555,-0.8603878418,2,0
0,0,-0.5292947232,-2.185397678,2,0
0,0,-0.8899911882,-3.60696465,0,0
0,0,-1.303151093,-4.131599046,2,-1
1,1,-1.876561733,-5.734106407
0,0,0,0,2,0
0,0,-0.07271491736,-0.7271491736,1,0
0,0,-0.1487564553,-0.7604153793,1,0
0,0,-0.2661723058,-1.174158505,0,0
0,0,-0.3543695493,-0.8819724356,1,0
0,0,-0.4954408791,-1.410713298,0,0
0,0,-0.6345101544,-1.390692753,0,0
0,0,-0.8028630504,-1.68352896,0,0
0,0,-1.016802887,-2.139398369,1,0
0,0,-1.36362387,-3.468209825,0,-1
1,1,-1.838321595,-4.746977248
0,0,0,0,2,0
0,0,-0.07877515555,-0.7877515555,1,0
0,0,-0.1790822994,-1.003071439,0,0
0,0,-0.2370659161,-0.5798361672,0,0
0,0,-0.2660298217,-0.2896390554,1,0
0,0,-0.3306714595,-0.6464163776,0,0
0,0,-0.3568633211,-0.261918616,1,0
0,0,-0.4514729191,-0.9460959802,2,0
0,0,-0.7005339165,-2.490609974,0,0
0,0,-0.9806900015,-2.801560851,0,0
0,0,-1.34164502,-3.609550188,1,-1
1,1,-1.844639493,-5.029944724
0,0,0,0,2,0
0,0,-0.07135730222,-0.7135730222,2,0
0,0,-0.2536148444,-1.822575421,1,0
0,0,-0.4755438182,-2.219289738,0,0
0,0,-0.7087104092,-2.331665911,2,0
0,0,-1.102898975,-3.941885657,1,-1
1,1,-1.624632962,-5.217339872
0,0,0,0,1,0
0,0,-0.002553220368,-0.02553220368,1,0
0,0,-0.01849121637,-0.15937996,2,0
0,0,-0.139330445,-1.208392286,0,0
0,0,-0.1827440901,-0.4341364509,2,0
0,0,-0.3418507658,-1.591066757,0,0
0,0,-0.4847093849,-1.428586191,1,0
0,0,-0.7146403031,-2.299309182,1,0
0,0,-1.051146604,-3.365063013,1,0
0,0,-1.510216719,-4.590701143,2,-1
1,1,-2.118073033,-6.078563145
0,0,0,0,0,0
0,0,0.1058366553,1.058366553,2,0
0,0,0.1321643235,0.263276682,0,0
0,0,0.269433041,1.372687175,1,0
0,0,0.4346384468,1.652054057,1,0
0,0,0.6693279411,2.346894943,1,0
0,0,0.9915643948,3.222364538,0,0
0,0,1.484158697,4.92594302,2,-1
1,1,2.114723155,6.305644578
0,0,0,0,0,0
0,0,0.07767606426,0.7767606426,1,0
0,0,0.1854596201,1.077835558,0,0
0,0,0.411836747,2.263771269,0,0
0,0,0.7689444023,3.571076552,1,0
0,0,1.225950905,4.570065025,1,-1
1,1,1.811664196,5.857132915
0,0,0,0,0,0
0,0,0.09363868992,0.9363868992,0,0
0,0,0.2816053149,1.879666249,1,0
0,0,0.5032120585,2.216067437,1,0
0,0,0.7897563889,2.865443304,1,0
0,0,1.178252911,3.884965219,0,-1
1,1,1.726855957,5.486030457
0,0,0,0,0,0
0,0,0.0706584524,0.706584524,1,0
0,0,0.1557776532,0.8511920084,0,0
0,0,0.3642139866,2.084363334,0,0
0,0,0.7223118729,3.580978863,1,0
0,0,1.166163557,4.438516843,1,-1
1,1,1.733969463,5.678059054
0,0,0,0,0,0
0,0,0.07668701665,0.7668701665,0,0
0,0,0.2651545869,1.884675702,1,0
0,0,0.5044771978,2.393226109,0,0
0,0,0.906838336,4.023611382,0,0
0,0,1.465510476,5.586721399,2,-1
1,1,2.156999055,6.914885787
0,0,0,0,1,0
0,0,-0.008781030396,-0.08781030396,1,0
0,0,-0.01231904163,-0.0353801123,1,0
0,0,-0.0216541786,-0.09335136971,0,0
0,0,0.06488982043,0.8654399903,0,0
0,0,0.2370183583,1.721285378,0,0
0,0,0.5428810481,3.058626899,0,0
0,0,1.008354256,4.654732076,0,-1
1,1,1.623490276,6.151360208
0,0,0,0,1,0
0,0,0.006316278863,0.06316278863,0,0
0,0,0.1080949879,1.01778709,0,0
0,0,0.3292285959,2.21133608,0,0
0,0,0.6891653182,3.599367223,1,0
0,0,1.149137032,4.599717136,1,-1
1,1,1.738620469,5.894834373
0,0,0,0,2,0
0,0,-0.1042411328,-1.042411328,2,0
0,0,-0.3158063711,-2.115652383,2,0
0,0,-0.6494757303,-3.336693592,2,0
0,0,-1.142343813,-4.928680824,0,-1
1,1,-1.724090557,-5.817467439
0,0,0,0,0,0
0,0,0.1005208718,1.005208718,0,0
0,0,0.2990553277,1.985344559,2,0
0,0,0.4578666379,1.588113102,1,0
0,0,0.7028180209,2.44951383,1,0
0,0,1.050319716,3.475016947,2,0
0,0,1.488520158,4.382004426,0,-1
1,1,2.077086138,5.885659794
0,0,0,0,0,0
0,0,0.1021948981,1.021948981,0,0
0,0,0.3213894731,2.19194575,0,0
0,0,0.6759921737,3.546027005,0,0
0,0,1.195146282,5.191541084,2,-1
1,1,1.810386319,6.152400369
0,0,0,0,2,0
0,0,-0.1051376576,-1.051376576,0,0
0,0,-0.1511848302,-0.4604717254,0,0
0,0,-0.1273184915,0.2386633867,1,0
0,0,-0.1311096442,-0.03791152728,0,0
0,0,-0.05839766797,0.7271197624,1,0
0,0,0.002709990469,0.6110765844,0,0
0,0,0.1690319028,1.663219123,2,0
0,0,0.2644553319,0.9542342909,2,0
0,0,0.3230062858,0.5855095389,1,0
0,0,0.443656707,1.206504212,2,0
0,0,0.549472729,1.05816022,0,0
0,0,0.7984234297,2.489507007,2,0
0,0,1.095243871,2.968204418,0,0
0,0,1.563716334,4.684724624,1,-1
1,1,2.178868949,6.151526154
0,0,0,0,0,0
0,0,0.08213869051,0.8213869051,1,0
0,0,0.1764622783,0.9432358779,0,0
0,0,0.3873304226,2.108681443,1,0
0,0,0.6585791769,2.712487543,0,0
0,0,1.081422103,4.228429257,1,-1
1,1,1.62865201,5.472299072
0,0,0,0,2,0
0,0,-0.07082374031,-0.7082374031,2,0
0,0,-0.2401661715,-1.693424312,1,0
0,0,-0.4330313145,-1.92865143,1,0
0,0,-0.6988576658,-2.658263513,1,0
0,0,-1.050216321,-3.513586556,1,0
0,0,-1.530655353,-4.804390318,2,-1
1,1,-2.160016014,-6.293606605
0,0,0,0,2,0
0,0,-0.1028172338,-1.028172338,2,0
0,0,-0.315749866,-2.129326322,0,0
0,0,-0.4804958254,-1.647459594,1,0
0,0,-0.7119101712,-2.314143457,2,0
0,0,-1.112424746,-4.00514575,1,-1
1,1,-1.641800314,-5.293755678
0,0,0,0,1,0
0,0,0.0002541288705,0.002541288705,2,0
0,0,-0.0724504317,-0.7270456057,0,0
0,0,-0.0763643835,-0.03913951794,0,0
0,0,-0.007532299686,0.6883208381,1,0
0,0,0.07679660605,0.8432890574,2,0
0,0,0.09793531691,0.2113871086,1,0
0,0,0.1304916385,0.3255632163,1,0
0,0,0.199123843,0.686322045,0,0
0,0,0.3898707032,1.907468601,2,0
0,0,0.574665734,1.847950308,2,0
0,0,0.789726591,2.15060857,2,0
0,0,1.059434231,2.697076403,1,0
0,0,1.450575218,3.911409867,1,-1
1,1,1.983714205,5.331389873
0,0,0,0,1,0
0,0,-0.005134541985,-0.05134541985,1,0
0,0,-0.01103881668,-0.05904274695,2,0
0,0,-0.1140093331,-1.029705164,2,0
0,0,-0.3230001292,-2.089907961,0,0
0,0,-0.5079307606,-1.849306314,1,0
0,0,-0.7803279785,-2.723972178,1,0
0,0,-1.148104546,-3.677765679,0,-1
1,1,-1.618137657,-4.700331108
0,0,0,0,1,0
0,0,-0.01705117577,-0.1705117577,2,0
0,0,-0.138037621,-1.209864452,0,0
0,0,-0.1841026363,-0.4606501528,0,0
0,0,-0.174112828,0.09989808304,2,0
0,0,-0.2800656859,-1.059528579,0,0
0,0,-0.340325602,-0.6025991608,0,0
0,0,-0.3895467903,-0.4922118829,2,0
0,0,-0.5860609502,-1.9651416,2,0
0,0,-0.9512867166,-3.652257664,2,0
0,0,-1.470122604,-5.188358876,2,-1
1,1,-2.140118476,-6.69995872
0,0,0,0,2,0
0,0,-0.07802715137,-0.7802715137,2,0
0,0,-0.2491433166,-1.711161652,2,0
0,0,-0.5342614703,-2.851181537,1,0
0,0,-0.8919955148,-3.577340445,0,0
0,0,-1.305696172,-4.137006576,2,-1
1,1,-1.875598132,-5.699019594
0,0,0,0,2,0
0,0,-0.07353556312,-0.7353556312,2,0
0,0,-0.2333014028,-1.597658397,2,0
0,0,-0.5202467011,-2.869452984,2,0
0,0,-0.9582860085,-4.380393074,0,0
0,0,-1.462605804,-5.043197958,1,-1
1,1,-2.10928343,-6.466776256
0,0,0,0,1,0
0,0,-0.005292584897,-0.05292584897,1,0
0,0,-0.001382475337,0.0391010956,1,0
0,0,-0.009712737865,-0.08330262528,2,0
0,0,-0.1025324181,-0.9281968021,2,0
0,0,-0.2847882231,-1.82255805,0,0
0,0,-0.4368876633,-1.520994402,0,0
0,0,-0.5757773959,-1.388897326,2,0
0,0,-0.8784654637,-3.026880679,0,0
0,0,-1.24230298,-3.638375164,0,-1
1,1,-1.72045013,-4.781471493
0,0,0,0,1,0
0,0,-0.001194208753,-0.01194208753,0,0
0,0,0.09513709545,0.9633130421,2,0
0,0,0.1095066274,0.1436953199,0,0
0,0,0.2434649616,1.339583342,2,0
0,0,0.3475287803,1.040638187,2,0
0,0,0.4379488845,0.9042010415,1,0
0,0,0.6061431433,1.681942589,0,0
0,0,0.9432912542,3.371481108,1,0
0,0,1.404941452,4.616501981,2,-1
1,1,1.994343284,5.894018312
0,0,0,0,0,0
0,0,0.103657639,1.03657639,2,0
0,0,0.1360152742,0.3235763519,2,0
0,0,0.0909863352,-0.4502893899,1,0
0,0,0.07110660546,-0.1987972974,2,0
0,0,-0.01937096132,-0.9047756678,2,0
0,0,-0.2077822087,-1.884112474,1,0
0,0,-0.4355219495,-2.277397408,1,0
0,0,-0.7419539153,-3.064319658,2,0
0,0,-1.20522691,-4.632729948,0,-1
1,1,-1.771912351,-5.666854412
0,0,0,0,0,0
0,0,0.08707113181,0.8707113181,2,0
0,0,0.09840660254,0.1133547073,1,0
0,0,0.137744645,0.3933804241,2,0
0,0,0.1028270679,-0.3491757703,1,0
0,0,0.07081496503,-0.320121029,1,0
0,0,0.04641395323,-0.2440101179,2,0
0,0,-0.05257305368,-0.9898700691,1,0
0,0,-0.1547656581,-1.021926045,0,0
0,0,-0.2026065243,-0.478408662,1,0
0,0,-0.3014102633,-0.9880373899,2,0
0,0,-0.5498096099,-2.483993466,2,0
0,0,-0.9541227625,-4.043131526,1,0
0,0,-1.481130688,-5.270079259,2,-1
1,1,-2.158456594,-6.773259053
0,0,0,0,1,0
0,0,0.0141696345,0.141696345,2,0
0,0,-0.05931792157,-0.7348755608,2,0
0,0,-0.2309733715,-1.716554499,1,0
0,0,-0.4512944655,-2.20321094,2,0
0,0,-0.8172778078,-3.659833423,1,0
0,0,-1.285342381,-4.680645729,0,-1
1,1,-1.867565451,-5.822230705
0,0,0,0,1,0
0,0,-0.01400588314,-0.1400588314,2,0
0,0,-0.1307723897,-1.167665066,2,0
0,0,-0.3701073139,-2.393349242,0,0
0,0,-0.5714049885,-2.012976746,2,0
0,0,-0.9271367295,-3.557317409,1,0
0,0,-1.393186043,-4.660493133,2,-1
1,1,-2.011036953,-6.178509099
0,0,0,0,1,0
0,0,0.01676843706,0.1676843706,2,0
0,0,-0.04770858315,-0.6447702021,2,0
0,0,-0.2200653646,-1.723567815,2,0
0,0,-0.5128561865,-2.927908219,0,0
0,0,-0.8037740418,-2.909178552,0,0
0,0,-1.143343134,-3.395690923,1,-1
1,1,-1.610105481,-4.667623472
0,0,0,0,0,0
0,0,0.09357126414,0.9357126414,1,0
0,0,0.2079224962,1.143512321,2,0
0,0,0.2699908415,0.6206834528,1,0
0,0,0.3646001465,0.9460930496,1,0
0,0,0.5330005454,1.684003989,1,0
0,0,0.77033796,2.373374146,0,0
0,0,1.174890759,4.045527991,1,-1
1,1,1.713812012,5.389212528
0,0,0,0,2,0
0,0,-0.1001530487,-1.001530487,2,0
0,0,-0.2917169603,-1.915639116,1,0
0,0,-0.51443979,-2.227228297,1,0
0,0,-0.8156023039,-3.011625138,2,0
0,0,-1.279540542,-4.639382385,1,-1
1,1,-1.877099015,-5.975584725
0,0,0,0,0,0
0,0,0.08081941312,0.8081941312,2,0
0,0,0.1039738876,0.2315447448,0,0
0,0,0.2210276695,1.170537819,1,0
0,0,0.3773291195,1.5630145,0,0
0,0,0.6808043992,3.034752797,2,0
0,0,1.012208072,3.314036726,0,0
0,0,1.510498594,4.982905218,1,-1
1,1,2.153887547,6.433889534
0,0,0,0,2,0
0,0,-0.0931147859,-0.931147859,2,0
0,0,-0.2851525216,-1.920377357,1,0
0,0,-0.5228923547,-2.377398331,0,0
0,0,-0.7779261006,-2.550337458,2,0
0,0,-1.206484637,-4.285585366,0,-1
1,1,-1.73970069,-5.332160526
0,0,0,0,1,0
0,0,-0.01242884206,-0.1242884206,2,0
0,0,-0.1213251364,-1.088962944,2,0
0,0,-0.3555476844,-2.34222548,1,0
0,0,-0.6516030985,-2.96055414,0,0
0,0,-0.9683078358,-3.167047374,2,0
0,0,-1.449983226,-4.816753904,2,-1
1,1,-2.082805345,-6.328221187
0,0,0,0,0,0
0,0,0.09625031252,0.9625031252,2,0
0,0,0.1231804753,0.2693016281,1,0
0,0,0.1562703285,0.3308985315,2,0
0,0,0.1332319912,-0.2303833725,1,0
0,0,0.1219054977,-0.1132649358,1,0
0,0,0.1322244793,0.103189817,0,0
0,0,0.2628688165,1.306443372,1,0
0,0,0.4464267474,1.835579309,2,0
0,0,0.6161597195,1.697329721,2,0
0,0,0.8089967995,1.9283708,2,0
0,0,1.054537076,2.455402762,2,0
0,0,1.383139009,3.286019336,0,-1
1,1,1.866751805,4.836127958
0,0,0,0,2,0
0,0,-0.09855266338,-0.9855266338,1,0
0,0,-0.2236250162,-1.250723529,0,0
0,0,-0.3141923337,-0.9056731749,2,0
0,0,-0.5346394913,-2.204471575,2,0
0,0,-0.9045371805,-3.698976893,1,0
0,0,-1.395924927,-4.913877461,0,-1
1,1,-2.012544186,-6.16619259
0,0,0,0,0,0
0,0,0.09174000953,0.9174000953,2,0
0,0,0.1281754171,0.364354076,1,0
0,0,0.2003103316,0.7213491446,2,0
0,0,0.2177984773,0.174881457,0,0
0,0,0.367326485,1.495280077,2,0
0,0,0.5077348822,1.404083972,2,0
0,0,0.65131545,1.435805678,2,0
0,0,0.8130414832,1.617260332,0,0
0,0,1.138903238,3.258617545,2,0
0,0,1.569283212,4.303799743,2,-1
1,1,2.146488411,5.772051987
0,0,0,0,1,0
0,0,-0.0002302083966,-0.002302083966,0,0
0,0,0.08923256333,0.8946277173,0,0
0,0,0.2645208971,1.752883337,1,0
0,0,0.4889410581,2.24420161,2,0
0,0,0.6991332791,2.10192221,0,0
0,0,1.065862592,3.667293133,1,0
0,0,1.557692287,4.918296942,1,-1
1,1,2.196168992,6.384767057
0,0,0,0,0,0
0,0,0.08029400625,0.8029400625,0,0
0,0,0.2622995904,1.820055842,0,0
0,0,0.5821819284,3.198823379,0,0
0,0,1.044061924,4.61879996,1,-1
1,1,1.628595188,5.84533264
0,0,0,0,2,0
0,0,-0.07385523942,-0.7385523942,0,0
0,0,-0.06550823309,0.08347006329,2,0
0,0,-0.1672876645,-1.017794315,2,0
0,0,-0.3975415295,-2.302538649,0,0
0,0,-0.6058567022,-2.083151727,0,0
0,0,-0.8228889981,-2.170322959,1,0
0,0,-1.1429295,-3.200405024,1,-1
1,1,-1.595633669,-4.527041683
0,0,0,0,2,0
0,0,-0.07953507012,-0.7953507012,2,0
0,0,-0.2719088929,-1.923738228,0,0
0,0,-0.438171207,-1.66262314,1,0
0,0,-0.6760344726,-2.378632656,0,0
0,0,-0.9551556422,-2.791211696,1,0
0,0,-1.353394101,-3.982384585,0,-1
1,1,-1.873176285,-5.197821839
0,0,0,0,2,0
0,0,-0.07153265565,-0.7153265565,1,0
0,0,-0.1465230922,-0.7499043654,2,0
0,0,-0.3181957474,-1.716726552,1,0
0,0,-0.5456136137,-2.274178663,0,0
0,0,-0.7890366798,-2.434230661,2,0
0,0,-1.191301855,-4.022651752,0,-1
1,1,-1.695434366,-5.041325113
0,0,0,0,1,0
0,0,0.01456724799,0.1456724799,1,0
0,0,0.01449749177,-0.0006975622556,2,0
0,0,-0.06486005978,-0.7935755155,1,0
0,0,-0.1627044326,-0.9784437278,2,0
0,0,-0.387960925,-2.252564924,1,0
0,0,-0.6608506921,-2.728897671,1,0
0,0,-1.028326094,-3.674754019,1,0
0,0,-1.521225176,-4.928990817,0,-1
1,1,-2.155512497,-6.34287321
0,0,0,0,1,0
0,0,-0.01348703369,-0.1348703369,1,0
0,0,-0.04461478322,-0.3112774953,0,0
0,0,-0.0009574500104,0.4365733321,0,0
0,0,0.147991619,1.48949069,1,0
0,0,0.3162252738,1.682336547,1,0
0,0,0.5417400564,2.255147826,0,0
0,0,0.9082850574,3.665450011,1,0
0,0,1.386019264,4.777342064,2,-1
1,1,1.991342278,6.053230146
0,0,0,0,2,0
0,0,-0.08489614155,-0.8489614155,2,0
0,0,-0.2646541144,-1.797579729,2,0
0,0,-0.5643065134,-2.99652399,0,0
0,0,-0.8853695462,-3.210630327,1,0
0,0,-1.321505956,-4.3613641,2,-1
1,1,-1.915266366,-5.937604095
0,0,0,0,1,0
0,0,-0.01263846342,-0.1263846342,1,0
0,0,-0.03771793572,-0.250794723,0,0
0,0,0.007045688415,0.4476362413,1,0
0,0,0.04962083801,0.425751496,2,0
0,0,0.01832925161,-0.312915864,2,0
0,0,-0.114480334,-1.328095856,2,0
0,0,-0.346825738,-2.323454039,2,0
0,0,-0.7086791286,-3.618533907,0,0
0,0,-1.104793335,-3.961142062,0,-1
1,1,-1.590507434,-4.857140997
0,0,0,0,1,0
0,0,-0.006329817219,-0.06329817219,2,0
0,0,-0.1133734358,-1.070436186,1,0
0,0,-0.2311860768,-1.17812641,0,0
0,0,-0.3005091466,-0.6932306986,1,0
0,0,-0.4290330549,-1.285239083,2,0
0,0,-0.7074374675,-2.784044126,2,0
0,0,-1.146385005,-4.389475379,2,-1
1,1,-1.748561922,-6.021769165
0,0,0,0,1,0
0,0,0.00784425741,0.0784425741,2,0
0,0,-0.08215543992,-0.8999969733,0,0
0,0,-0.08192573166,0.002297082578,1,0
0,0,-0.09047088929,-0.08545157622,1,0
0,0,-0.1194618069,-0.2899091763,0,0
0,0,-0.0789106669,0.4055114002,0,0
0,0,0.02160549686,1.005161638,0,0
0,0,0.2087463914,1.871408945,1,0
0,0,0.4331849117,2.244385204,2,0
0,0,0.6576072719,2.244223602,2,0
0,0,0.919076777,2.614695051,2,0
0,0,1.244722874,3.25646097,2,-1
1,1,1.687246429,4.425235549
0,0,0,0,2,0
0,0,-0.08654603708,-0.8654603708,2,0
0,0,-0.2730936849,-1.865476479,1,0
0,0,-0.5073790919,-2.342854069,0,0
0,0,-0.7563189815,-2.489398896,0,0
0,0,-1.058406537,-3.020875558,1,0
0,0,-1.484456449,-4.260499114,2,-1
1,1,-2.061391991,-5.769355421
0,0,0,0,2,0
0,0,-0.1025260477,-1.025260477,0,0
0,0,-0.1348742793,-0.3234823158,0,0
0,0,-0.08682879692,0.480454824,1,0
0,0,-0.04896404848,0.3786474844,2,0
0,0,-0.1141847875,-0.6522073902,0,0
0,0,-0.0979061226,0.1627866491,2,0
0,0,-0.1971774963,-0.992713737,2,0
0,0,-0.4306828211,-2.335053248,1,0
0,0,-0.745721707,-3.150388859,1,0
0,0,-1.166905996,-4.211842888,1,-1
1,1,-1.722221671,-5.553156752
0,0,0,0,1,0
0,0,0.00904171626,0.0904171626,2,0
0,0,-0.0708578262,-0.7989954246,0,0
0,0,-0.08452361711,-0.136657909,0,0
0,0,-0.03915715966,0.4536645744,2,0
0,0,-0.07383853185,-0.3468137218,2,0
0,0,-0.2231564851,-1.493179533,1,0
0,0,-0.4070988084,-1.839423233,0,0
0,0,-0.5664197133,-1.593209049,2,0
0,0,-0.8928519914,-3.264322781,2,0
0,0,-1.380000153,-4.871481613,1,-1
1,1,-2.003629577,-6.23629424
0,0,0,0,1,0
0,0,-0.01399562023,-0.1399562023,0,0
0,0,0.06582241419,0.7981803442,2,0
0,0,0.070591547,0.04769132812,1,0
0,0,0.0785537509,0.07962203904,2,0
0,0,-0.001821879199,-0.803756301,1,0
0,0,-0.07601532185,-0.7419344265,2,0
0,0,-0.2578263733,-1.818110514,2,0
0,0,-0.5728044966,-3.149781233,2,0
0,0,-1.048264507,-4.754600108,0,-1
1,1,-1.594449788,-5.461852806
0,0,0,0,1,0
0,0,-0.01303609347,-0.1303609347,2,0
0,0,-0.1006512461,-0.8761515262,1,0
0,0,-0.2091278696,-1.084766235,1,0
0,0,-0.3591046972,-1.499768276,2,0
0,0,-0.6517939168,-2.926892196,1,0
0,0,-1.042742197,-3.909482804,1,0
0,0,-1.551400388,-5.086581908,0,-1
1,1,-2.20469728,-6.532968917
0,0,0,0,0,0
0,0,0.07151867626,0.7151867626,1,0
0,0,0.1585998512,0.8708117496,0,0
0,0,0.3474968052,1.88896954,2,0
0,0,0.525983838,1.784870328,2,0
0,0,0.7156350555,1.896512175,0,0
0,0,1.074809273,3.591742174,2,0
0,0,1.528016459,4.53207186,1,-1
1,1,2.126315822,5.982993627
0,0,0,0,1,0
0,0,-0.005454618872,-0.05454618872,1,0
0,0,-0.002972215455,0.02482403417,0,0
0,0,0.09539897504,0.9837119049,1,0
0,0,0.2213198488,1.259208738,1,0
0,0,0.3992857175,1.779658686,1,0
0,0,0.6467351653,2.474494478,2,0
0,0,0.9196534922,2.729183269,2,0
0,0,1.271089031,3.514355389,1,-1
1,1,1.760412023,4.893229921
0,0,0,0,2,0
0,0,-0.08478845398,-0.8478845398,2,0
0,0,-0.2616178567,-1.768294027,2,0
0,0,-0.5678806278,-3.062627711,2,0
0,0,-1.030345902,-4.624652746,0,0
0,0,-1.564999065,-5.346531625,2,-1
1,1,-2.246818755,-6.818196902
0,0,0,0,2,0
0,0,-0.08962892581,-0.8962892581,2,0
0,0,-0.2877959659,-1.981670401,1,0
0,0,-0.5197623233,-2.319663574,1,0
0,0,-0.8309208614,-3.111585381,0,0
0,0,-1.199066173,-3.681453117,1,-1
1,1,-1.698844482,-4.997783086
0,0,0,0,0,0
0,0,0.07563525695,0.7563525695,1,0
0,0,0.1770043328,1.013690759,0,0
0,0,0.3964654638,2.19461131,1,0
0,0,0.6937713061,2.973058423,2,0
0,0,1.018704758,3.249334523,0,0
0,0,1.505135585,4.86430827,0,-1
1,1,2.140031058,6.348954722
0,0,0,0,2,0
0,0,-0.1025752722,-1.025752722,2,0
0,0,-0.3235923307,-2.210170584,1,0
0,0,-0.5881923178,-2.645999872,2,0
0,0,-0.9982264616,-4.100341438,2,0
0,0,-1.569382057,-5.711555957,0,-1
1,1,-2.287360574,-7.179785171
0,0,0,0,0,0
0,0,0.1047625574,1.047625574,1,0
0,0,0.2404032414,1.35640684,1,0
0,0,0.4036006723,1.631974309,1,0
0,0,0.6297943959,2.261937237,2,0
0,0,0.8673141937,2.375197978,2,0
0,0,1.172732134,3.0541794,2,-1
1,1,1.576882583,4.041504497
0,0,0,0,1,0
0,0,0.0022262088,0.022262088,0,0
0,0,0.07958896706,0.7736275826,1,0
0,0,0.1879760807,1.083871137,1,0
0,0,0.3252065301,1.372304494,1,0
0,0,0.5054889673,1.802824372,2,0
0,0,0.6816367393,1.76147772,2,0
0,0,0.8828297701,2.011930308,2,0
0,0,1.152400565,2.695707952,0,-1
1,1,1.584545988,4.321454226
0,0,0,0,2,0
0,0,-0.1012460569,-1.012460569,2,0
0,0,-0.3026895057,-2.014434488,1,0
0,0,-0.5478299645,-2.451404588,2,0
0,0,-0.9540139141,-4.061839496,1,0
0,0,-1.480542167,-5.265282532,1,-1
1,1,-2.149605048,-6.690628806
0,0,0,0,1,0
0,0,0.01158683897,0.1158683897,0,0
0,0,0.1149447319,1.03357893,2,0
0,0,0.1352296209,0.2028488894,2,0
0,0,0.0810557426,-0.5417387827,0,0
0,0,0.1283855338,0.4732979123,0,0
0,0,0.2910967345,1.627112007,1,0
0,0,0.506610734,2.155139995,1,0
0,0,0.8106243561,3.040136221,1,0
0,0,1.216832382,4.062080263,0,-1
1,1,1.779652541,5.628201588
0,0,0,0,2,0
0,0,-0.09961162316,-0.9961162316,2,0
0,0,-0.2937102687,-1.940986455,2,0
0,0,-0.6213247893,-3.276145206,1,0
0,0,-1.039316013,-4.179912239,2,-1
1,1,-1.615707033,-5.763910195
0,0,0,0,1,0
0,0,-0.01759331002,-0.1759331002,1,0
0,0,-0.02163655479,-0.04043244773,1,0
0,0,-0.0321530929,-0.1051653811,1,0
0,0,-0.03384541813,-0.0169232523,0,0
0,0,0.0421403138,0.7598573193,0,0
0,0,0.2283393672,1.861990534,2,0
0,0,0.3619742714,1.336349041,2,0
0,0,0.4713411779,1.093669065,2,0
0,0,0.580103975,1.087627971,1,0
0,0,0.7902821108,2.101781358,1,0
0,0,1.108724226,3.184421156,1,0
0,0,1.551725633,4.430014065,0,-1
1,1,2.142520426,5.907947928
0,0,0,0,0,0
0,0,0.09166323213,0.9166323213,1,0
0,0,0.1873884672,0.9572523511,0,0
0,0,0.4175365261,2.301480588,2,0
0,0,0.6221452989,2.046087728,0,0
0,0,0.9743806067,3.522353079,1,0
0,0,1.447987357,4.736067501,0,-1
1,1,2.074102262,6.261149054
0,0,0,0,1,0
0,0,0.01029219872,0.1029219872,0,0
0,0,0.1248250253,1.145328265,1,0
0,0,0.2496210542,1.247960289,1,0
0,0,0.4304107166,1.807896624,1,0
0,0,0.6805954443,2.501847276,2,0
0,0,0.9728229551,2.922275108,1,0
0,0,1.393465144,4.206421888,2,-1
1,1,1.94417018,5.507050365
0,0,0,0,0,0
0,0,0.0914084128,0.914084128,0,0
0,0,0.2728984843,1.814900715,0,0
0,0,0.591082713,3.181842287,1,0
0,0,1.00330698,4.122242665,2,0
0,0,1.49232223,4.8901525,1,-1
1,1,2.125857417,6.335351878
0,0,0,0,2,0
0,0,-0.1047834161,-1.047834161,0,0
0,0,-0.1251339466,-0.2035053043,0,0
0,0,-0.09263174829,0.3250219828,0,0
0,0,0.005321076485,0.9795282477,1,0
0,0,0.1155140888,1.101930123,2,0
0,0,0.1575843396,0.4207025081,1,0
0,0,0.2288341614,0.7124982182,1,0
0,0,0.3466415406,1.178073791,2,0
0,0,0.4411124668,0.9447092623,0,0
0,0,0.6867468923,2.456344255,0,0
0,0,1.102025698,4.152788058,0,-1
1,1,1.681595846,5.795701478
0,0,0,0,2,0
0,0,-0.09656775176,-0.9656775176,2,0
0,0,-0.2939608803,-1.973931286,2,0
0,0,-0.630153367,-3.361924867,1,0
0,0,-1.048976446,-4.188230785,0,0
0,0,-1.545532989,-4.965565437,0,-1
1,1,-2.186071721,-6.405387323
0,0,0,0,2,0
0,0,-0.07830969492,-0.7830969492,0,0
0,0,-0.08047384358,-0.02164148663,2,0
0,0,-0.1973244416,-1.168505981,1,0
0,0,-0.347649183,-1.503247414,0,0
0,0,-0.4593648511,-1.117156681,1,0
0,0,-0.6385332826,-1.791684315,0,0
0,0,-0.8371206654,-1.985873827,1,0
0,0,-1.151329116,-3.142084511,2,-1
1,1,-1.634611487,-4.832823706
0,0,0,0,0,0
0,0,0.1000856548,1.000856548,0,0
0,0,0.2914394887,1.913538338,0,0
0,0,0.6155246286,3.240851399,2,0
0,0,0.9577003439,3.421757153,0,0
0,0,1.45436013,4.966597858,2,-1
1,1,2.084487988,6.301278585
0,0,0,0,0,0
0,0,0.09359653245,0.9359653245,0,0
0,0,0.2742700853,1.806735528,0,0
0,0,0.5829577926,3.086877073,0,0
0,0,1.044791488,4.618336957,1,-1
1,1,1.616545755,5.71754267
0,0,0,0,0,0
0,0,0.09013537209,0.9013537209,0,0
0,0,0.300335219,2.101998469,2,0
0,0,0.4818749389,1.815397199,1,0
0,0,0.7407057565,2.588308176,0,0
0,0,1.156661384,4.159556278,0,-1
1,1,1.73212739,5.754660061
0,0,0,0,1,0
0,0,0.008448765493,0.08448765493,2,0
0,0,-0.06849939666,-0.7694816216,1,0
0,0,-0.1407878823,-0.7228848566,2,0
0,0,-0.3227078183,-1.81919936,2,0
0,0,-0.6288091986,-3.061013803,1,0
0,0,-1.034578804,-4.057696057,0,0
0,0,-1.518600422,-4.840216179,2,-1
1,1,-2.151166924,-6.325665022
0,0,0,0,0,0
0,0,0.09617792635,0.9617792635,1,0
0,0,0.2243177064,1.281397801,0,0
0,0,0.4741033971,2.497856907,1,0
0,0,0.8076306035,3.335272064,0,0
0,0,1.306536079,4.989054753,1,-1
1,1,1.936725748,6.301896695
0,0,0,0,2,0
0,0,-0.07219070508,-0.7219070508,1,0
0,0,-0.1622036296,-0.9001292455,1,0
0,0,-0.2664612251,-1.042575955,1,0
0,0,-0.3989942264,-1.325330014,1,0
0,0,-0.585679883,-1.866856566,1,0
0,0,-0.8701203633,-2.844404802,1,0
0,0,-1.273773275,-4.036529117,0,-1
1,1,-1.79502879,-5.212555149
0,0,0,0,2,0
0,0,-0.07960355688,-0.7960355688,2,0
0,0,-0.2455728592,-1.659693023,2,0
0,0,-0.5202575053,-2.746846461,0,0
0,0,-0.7901088338,-2.698513285,1,0
0,0,-1.174622077,-3.845132428,1,-1
1,1,-1.685312411,-5.106903348
0,0,0,0,0,0
0,0,0.09903343555,0.9903343555,1,0
0,0,0.2079629707,1.089295352,2,0
0,0,0.2717181286,0.6375515787,1,0
0,0,0.3750452445,1.033271159,2,0
0,0,0.4738810419,0.9883579738,0,0
0,0,0.726008823,2.521277811,0,0
0,0,1.131972648,4.059638247,2,-1
1,1,1.638711215,5.067385672
0,0,0,0,2,0
0,0,-0.09620664595,-0.9620664595,0,0
0,0,-0.1249204204,-0.287137744,1,0
0,0,-0.1779708977,-0.5305047739,0,0
0,0,-0.1764503888,0.01520508913,1,0
0,0,-0.2207672645,-0.4431687565,2,0
0,0,-0.3893272183,-1.685599538,1,0
0,0,-0.6163049067,-2.269776884,2,0
0,0,-1.006204722,-3.898998155,2,0
0,0,-1.563943962,-5.577392396,0,-1
1,1,-2.267917407,-7.039734456
0,0,0,0,0,0
0,0,0.0731489637,0.731489637,0,0
0,0,0.2293964329,1.562474692,0,0
0,0,0.518800494,2.894040611,2,0
0,0,0.8093122989,2.90511805,1,0
0,0,1.218580458,4.09268159,2,-1
1,1,1.735332148,5.1675169
0,0,0,0,2,0
0,0,-0.08798740299,-0.8798740299,2,0
0,0,-0.2760605944,-1.880731915,2,0
0,0,-0.6049831795,-3.28922585,0,0
0,0,-0.960444526,-3.554613466,1,0
0,0,-1.434265908,-4.738213821,2,-1
1,1,-2.058832725,-6.245668168
0,0,0,0,2,0
0,0,-0.07727032222,-0.7727032222,2,0
0,0,-0.2568177785,-1.795474563,0,0
0,0,-0.3972732515,-1.40455473,0,0
0,0,-0.5283926394,-1.311193878,2,0
0,0,-0.8169836009,-2.885909615,2,0
0,0,-1.27639602,-4.594124191,0,-1
1,1,-1.849670756,-5.732747363
0,0,0,0,2,0
0,0,-0.08989238213,-0.8989238213,0,0
0,0,-0.1101076815,-0.202152994,0,0
0,0,-0.07686495268,0.3324272885,2,0
0,0,-0.1275598707,-0.5069491807,2,0
0,0,-0.293528879,-1.659690083,1,0
0,0,-0.4916372761,-1.98108397,2,0
0,0,-0.8326075731,-3.40970297,2,0
0,0,-1.333510152,-5.009025788,1,-1
1,1,-1.967648589,-6.341384375
0,0,0,0,0,0
0,0,0.090412862,0.90412862,0,0
0,0,0.2805390046,1.901261426,2,0
0,0,0.4165306176,1.35991613,1,0
0,0,0.6089493097,1.924186921,1,0
0,0,0.89881781,2.898685003,1,0
0,0,1.312953055,4.141352453,2,-1
1,1,1.847695437,5.347423821
0,0,0,0,0,0
0,0,0.08475841562,0.8475841562,2,0
0,0,0.0862351624,0.01476746782,0,0
0,0,0.2076203535,1.213851911,1,0
0,0,0.3729040685,1.65283715,0,0
0,0,0.6709288169,2.980247485,0,0
0,0,1.131422503,4.604936864,0,-1
1,1,1.750631302,6.192087986
0,0,0,0,1,0
0,0,-0.01295996474,-0.1295996474,2,0
0,0,-0.1000715791,-0.871116144,0,0
0,0,-0.1252914497,-0.2521987059,1,0
0,0,-0.1578725655,-0.325811158,2,0
0,0,-0.3154401169,-1.575675513,2,0
0,0,-0.615783967,-3.003438501,0,0
0,0,-0.9368406931,-3.210567261,1,0
0,0,-1.378833737,-4.419930443,0,-1
1,1,-1.946666312,-5.678325742
0,0,0,0,1,0
0,0,-0.002195369444,-0.02195369444,2,0
0,0,-0.09043449311,-0.8823912367,2,0
0,0,-0.2896483961,-1.99213903,1,0
0,0,-0.5321625345,-2.425141384,2,0
0,0,-0.919072293,-3.869097584,1,0
0,0,-1.41583643,-4.967641371,0,-1
1,1,-2.04023487,-6.243984403
0,0,0,0,1,0
0,0,0.002813086029,0.02813086029,1,0
0,0,0.004968789484,0.02155703455,2,0
0,0,-0.0882165336,-0.9318532308,1,0
0,0,-0.1875970863,-0.9938055267,1,0
0,0,-0.3158015689,-1.282044827,1,0
0,0,-0.5056664998,-1.898649309,1,0
0,0,-0.7753266308,-2.69660131,1,0
0,0,-1.154809912,-3.794832813,2,-1
1,1,-1.693060706,-5.382507938
0,0,0,0,0,0
0,0,0.1018879659,1.018879659,1,0
0,0,0.2208081167,1.189201507,1,0
0,0,0.3911033061,1.702951894,2,0
0,0,0.5573521224,1.662488163,2,0
0,0,0.7236961678,1.663440454,0,0
0,0,1.045045279,3.213491115,2,0
0,0,1.458103775,4.130584955,0,-1
1,1,2.023919482,5.658157068
0,0,0,0,0,0
0,0,0.1007697148,1.007697148,1,0
0,0,0.2103743729,1.096046581,2,0
0,0,0.2758195687,0.6544519581,1,0
0,0,0.3901602912,1.143407225,2,0
0,0,0.4923944237,1.022341325,1,0
0,0,0.6780556471,1.856612234,0,0
0,0,1.030784754,3.527291067,1,0
0,0,1.50301838,4.722336265,0,-1
1,1,2.125472672,6.224542916
0,0,0,0,2,0
0,0,-0.09172382865,-0.9172382865,2,0
0,0,-0.2721109212,-1.803870926,2,0
0,0,-0.5826528253,-3.105419041,1,0
0,0,-0.9794457745,-3.967929492,1,0
0,0,-1.4853143,-5.058685255,1,-1
1,1,-2.134807377,-6.494930771
0,0,0,0,2,0
0,0,-0.07628605583,-0.7628605583,2,0
0,0,-0.2516655104,-1.753794546,1,0
0,0,-0.4718587269,-2.201932165,1,0
0,0,-0.7688608202,-2.970020933,2,0
0,0,-1.217229388,-4.483685674,1,-1
1,1,-1.793264305,-5.760349175
0,0,0,0,0,0
0,0,0.1042246345,1.042246345,2,0
0,0,0.1212707172,0.170460827,1,0
0,0,0.1675710069,0.4630028965,1,0
0,0,0.2500996056,0.8252859874,1,0
0,0,0.3853328555,1.352332499,1,0
0,0,0.5708990023,1.855661468,0,0
0,0,0.9246154573,3.53716455,2,0
0,0,1.346900177,4.222847194,2,-1
1,1,1.889541399,5.426412219
0,0,0,0,2,0
0,0,-0.08940525909,-0.8940525909,1,0
0,0,-0.1911961384,-1.017908793,0,0
0,0,-0.2504750309,-0.5927889248,1,0
0,0,-0.3566972961,-1.062222652,2,0
0,0,-0.60645305,-2.497557539,0,0
0,0,-0.8855738412,-2.791207912,2,0
0,0,-1.329963028,-4.443891868,2,-1
1,1,-1.926654951,-5.966919234
0,0,0,0,2,0
0,0,-0.08855616132,-0.8855616132,2,0
0,0,-0.2666776877,-1.781215264,1,0
0,0,-0.4832868174,-2.166091297,0,0
0,0,-0.7025005972,-2.192137798,1,0
0,0,-1.024703702,-3.222031049,1,0
0,0,-1.4705547,-4.458509976,2,-1
1,1,-2.066857259,-5.963025594
0,0,0,0,0,0
0,0,0.09553747078,0.9553747078,2,0
0,0,0.1347204285,0.3918295769,0,0
0,0,0.2788479929,1.441275644,2,0
0,0,0.4008572912,1.220092983,1,0
0,0,0.5917068102,1.90849519,0,0
0,0,0.9491400471,3.574332369,2,0
0,0,1.385429079,4.362890318,2,-1
1,1,1.949342532,5.639134531
0,0,0,0,0,0
0,0,0.0957950827,0.957950827,2,0
0,0,0.1104491429,0.1465406024,1,0
0,0,0.1479597946,0.3751065164,2,0
0,0,0.1382770085,-0.09682786069,2,0
0,0,0.07523556992,-0.6304143859,2,0
0,0,-0.05464611727,-1.298816872,0,0
0,0,-0.1097944594,-0.551483421,0,0
0,0,-0.09788748764,0.1190697173,0,0
0,0,-0.020907656,0.7697983163,1,0
0,0,0.05364456609,0.7455222209,1,0
0,0,0.1400134675,0.8636890141,0,0
0,0,0.3527232464,2.127097789,2,0
0,0,0.5364685832,1.837453368,2,0
0,0,0.7313084002,1.94839817,1,0
0,0,1.018903176,2.875947759,1,0
0,0,1.437545587,4.186424107,2,-1
1,1,1.98767975,5.501341631
0,0,0,0,1,0
0,0,-0.01457178434,-0.1457178434,2,0
0,0,-0.1287737302,-1.142019459,1,0
0,0,-0.2821514473,-1.533777171,2,0
0,0,-0.568136152,-2.859847046,2,0
0,0,-0.9996393582,-4.315032062,2,-1
1,1,-1.597067875,-5.974285173
0,0,0,0,1,0
0,0,0.01764349912,0.1764349912,2,0
0,0,-0.04777360965,-0.6541710877,0,0
0,0,-0.03360046858,0.1417314107,2,0
0,0,-0.1219339056,-0.8833343705,1,0
0,0,-0.220837532,-0.9890362633,0,0
0,0,-0.2872568939,-0.664193619,0,0
0,0,-0.3310816419,-0.4382474804,2,0
0,0,-0.5261420388,-1.950603969,2,0
0,0,-0.8659578915,-3.398158527,2,0
0,0,-1.361778236,-4.958203447,1,-1
1,1,-1.993492743,-6.317145065
0,0,0,0,2,0
0,0,-0.09694773981,-0.9694773981,2,0
0,0,-0.2973856478,-2.00437908,1,0
0,0,-0.5573331372,-2.599474894,2,0
0,0,-0.9573341319,-4.000009947,1,0
0,0,-1.475212025,-5.178778934,2,-1
1,1,-2.143812617,-6.686005921
0,0,0,0,0,0
0,0,0.1021321804,1.021321804,1,0
0,0,0.2141826805,1.120505001,1,0
0,0,0.3702222976,1.560396171,0,0
0,0,0.6623864744,2.921641769,0,0
0,0,1.117592271,4.55205797,2,-1
1,1,1.660943675,5.433514032
0,0,0,0,0,0
0,0,0.1017204589,1.017204589,1,0
0,0,0.2264655979,1.24745139,0,0
0,0,0.4742369348,2.477713369,2,0
0,0,0.711905612,2.376686772,0,0
0,0,1.103613452,3.917078403,1,-1
1,1,1.627220456,5.236070033
0,0,0,0,0,0
0,0,0.08301332981,0.8301332981,1,0
0,0,0.1939101682,1.108968384,2,0
0,0,0.2602540976,0.6634392933,1,0
0,0,0.3761126685,1.158585709,2,0
0,0,0.4862515884,1.101389198,1,0
0,0,0.6730378344,1.867862461,0,0
0,0,1.019507437,3.464696022,0,0
0,0,1.533066313,5.13558876,1,-1
1,1,2.192240413,6.591741003
0,0,0,0,2,0
0,0,-0.1035368948,-1.035368948,1,0
0,0,-0.2204550554,-1.169181606,1,0
0,0,-0.3738013168,-1.533462614,2,0
0,0,-0.6707867078,-2.96985391,2,0
0,0,-1.12166273,-4.50876022,1,-1
1,1,-1.701909665,-5.802469352
0,0,0,0,1,0
0,0,-0.008390113514,-0.08390113514,2,0
0,0,-0.0926004711,-0.8421035759,0,0
0,0,-0.09737876354,-0.04778292439,1,0
0,0,-0.1198100596,-0.2243129605,1,0
0,0,-0.1494194959,-0.2960943635,2,0
0,0,-0.3075707184,-1.581512225,0,0
0,0,-0.4227631041,-1.151923856,2,0
0,0,-0.6736571646,-2.508940606,2,0
0,0,-1.087537805,-4.138806408,1,-1
1,1,-1.620270408,-5.327326024
0,0,0,0,1,0
0,0,0.009817578971,0.09817578971,1,0
0,0,0.0252353481,0.1541776913,1,0
0,0,0.02899682406,0.0376147596,2,0
0,0,-0.05793612496,-0.8693294901,2,0
0,0,-0.2302837518,-1.723476269,2,0
0,0,-0.5169819643,-2.866982124,0,0
0,0,-0.8176086923,-3.00626728,0,0
0,0,-1.166303564,-3.48694872,0,-1
1,1,-1.617896394,-4.5159283
0,0,0,0,0,0
0,0,0.07875706153,0.7875706153,0,0
0,0,0.2491143175,1.70357256,2,0
0,0,0.3834426245,1.343283069,1,0
0,0,0.5759849514,1.925423269,2,0
0,0,0.795355954,2.193710026,2,0
0,0,1.061715569,2.66359615,0,0
0,0,1.501480832,4.397652626,0,-1
1,1,2.091158144,5.896773121
0,0,0,0,0,0
0,0,0.07384148452,0.7384148452,0,0
0,0,0.2421530232,1.683115386,1,0
0,0,0.4434855095,2.013324863,0,0
0,0,0.7919001029,3.484145934,2,0
0,0,1.183157606,3.912575027,1,-1
1,1,1.700113193,5.169555878
0,0,0,0,2,0
0,0,-0.09483440388,-0.9483440388,2,0
0,0,-0.3074691621,-2.126347582,1,0
0,0,-0.5563678787,-2.488987166,2,0
0,0,-0.9546210712,-3.982531925,2,0
0,0,-1.510941935,-5.563208637,1,-1
1,1,-2.21164412,-7.007021846
0,0,0,0,1,0
0,0,-0.01715500531,-0.1715500531,1,0
0,0,-0.03157020456,-0.1441519925,2,0
0,0,-0.1529704596,-1.21400255,2,0
0,0,-0.3888284567,-2.358579972,0,0
0,0,-0.6037675629,-2.149391062,0,0
0,0,-0.8337484741,-2.299809112,1,0
0,0,-1.182080212,-3.483317378,2,-1
1,1,-1.686174998,-5.040947859
0,0,0,0,2,0
0,0,-0.07755619107,-0.7755619107,0,0
0,0,-0.0642556519,0.1330053917,0,0
0,0,0.04057509527,1.048307472,0,0
0,0,0.2575491391,2.169740439,0,0
0,0,0.5919013513,3.343522122,0,0
0,0,1.079112079,4.872107273,2,-1
1,1,1.645939808,5.668277299
0,0,0,0,1,0
0,0,0.005166809444,0.05166809444,0,0
0,0,0.09971988882,0.9455307937,1,0
0,0,0.2136222878,1.139023989,0,0
0,0,0.4553708126,2.417485249,0,0
0,0,0.8434624033,3.880915906,1,0
0,0,1.330083703,4.866212997,1,-1
1,1,1.955037458,6.249537554
0,0,0,0,0,0
0,0,0.08812228094,0.8812228094,0,0
0,0,0.2624871856,1.743649046,1,0
0,0,0.48382032,2.213331345,1,0
0,0,0.7734465648,2.896262448,1,0
0,0,1.165062854,3.91616289,0,-1
1,1,1.721376001,5.56313147
0,0,0,0,0,0
0,0,0.08899990375,0.8899990375,2,0
0,0,0.09828030225,0.09280398505,0,0
0,0,0.1958909033,0.9761060108,2,0
0,0,0.2353064332,0.3941552983,2,0
0,0,0.2153730946,-0.1993333861,0,0
0,0,0.3320424795,1.166693849,1,0
0,0,0.4996424265,1.67599947,1,0
0,0,0.7547773368,2.551349103,2,0
0,0,1.066110151,3.113328141,2,0
0,0,1.467296643,4.011864926,2,-1
1,1,2.004141913,5.368452697
0,0,0,0,0,0
0,0,0.09796613006,0.9796613006,0,0
0,0,0.2962312975,1.982651674,2,0
0,0,0.4634806182,1.672493208,2,0
0,0,0.6347792533,1.712986351,2,0
0,0,0.8263371611,1.915579078,0,0
0,0,1.179059075,3.527219143,0,-1
1,1,1.698345599,5.192865232
0,0,0,0,2,0
0,0,-0.09365425458,-0.9365425458,0,0
0,0,-0.114734438,-0.2108018345,0,0
0,0,-0.05915868643,0.555757516,1,0
0,0,-0.01057790377,0.4858078266,0,0
0,0,0.1171689598,1.277468636,2,0
0,0,0.1758966105,0.5872765065,0,0
0,0,0.3354177335,1.59521123,0,0
0,0,0.6324713392,2.970536057,0,0
0,0,1.084895247,4.524239082,1,-1
1,1,1.65897592,5.740806726
0,0,0,0,1,0
0,0,0.001748557846,0.01748557846,1,0
0,0,0.00139313324,-0.003554246059,1,0
0,0,-0.005434466107,-0.06827599347,2,0
0,0,-0.1109658539,-1.055313878,2,0
0,0,-0.3284974087,-2.175315548,2,0
0,0,-0.6803068434,-3.518094348,2,0
0,0,-1.177317988,-4.97011145,1,-1
1,1,-1.802689275,-6.253712862
0,0,0,0,2,0
0,0,-0.09354539399,-0.9354539399,1,0
0,0,-0.2125841196,-1.190387256,1,0
0,0,-0.36197032,-1.493862004,1,0
0,0,-0.5625082202,-2.005379002,1,0
0,0,-0.8502893933,-2.877811731,0,0
0,0,-1.202996815,-3.527074221,1,-1
1,1,-1.694373502,-4.913766867
0,0,0,0,0,0
0,0,0.07928865796,0.7928865796,1,0
0,0,0.1685327875,0.8924412958,1,0
0,0,0.2892354509,1.207026634,1,0
0,0,0.4496850305,1.604495796,1,0
0,0,0.6690238892,2.193388587,0,0
0,0,1.060638563,3.916146741,0,-1
1,1,1.615852834,5.552142705
0,0,0,0,0,0
0,0,0.07960853686,0.7960853686,2,0
0,0,0.09701804968,0.1740951281,2,0
0,0,0.05172909803,-0.4528895164,1,0
0,0,-0.0003941011128,-0.5212319915,0,0
0,0,0.03147654753,0.3187064864,1,0
0,0,0.08207799212,0.5060144459,1,0
0,0,0.138074484,0.5599649192,0,0
0,0,0.3050295895,1.669551055,0,0
0,0,0.6162419625,3.11212373,1,0
0,0,1.025589427,4.093474645,1,0
0,0,1.550725932,5.251365053,2,-1
1,1,2.220346264,6.696203314
0,0,0,0,0,0
0,0,0.0805487733,0.805487733,1,0
0,0,0.1574228191,0.7687404577,1,0
0,0,0.2576730202,1.002502011,1,0
0,0,0.3963638706,1.386908503,1,0
0,0,0.5997242752,2.033604046,1,0
0,0,0.9007146564,3.009903812,2,0
0,0,1.2749311,3.742164434,2,-1
1,1,1.761893949,4.869628496
0,0,0,0,0,0
0,0,0.08612709284,0.8612709284,2,0
0,0,0.1025241308,0.1639703799,2,0
0,0,0.0534937009,-0.4903042993,2,0
0,0,-0.08607387038,-1.395675713,0,0
0,0,-0.1445071316,-0.5843326124,2,0
0,0,-0.3048269985,-1.603198669,2,0
0,0,-0.6037706175,-2.98943619,0,0
0,0,-0.9116396219,-3.078690045,0,0
0,0,-1.279374524,-3.677349019,1,-1
1,1,-1.780995783,-5.01621259
0,0,0,0,1,0
0,0,0.01183654864,0.1183654864,0,0
0,0,0.1218324918,1.099959432,0,0
0,0,0.3285367006,2.067042088,1,0
0,0,0.5786744825,2.501377818,1,0
0,0,0.9005661463,3.218916638,1,0
0,0,1.332018958,4.314528118,2,-1
1,1,1.886175882,5.541569238
0,0,0,0,1,0
0,0,-0.01444758773,-0.1444758773,2,0
0,0,-0.1189817705,-1.045341828,0,0
0,0,-0.1730199587,-0.5403818821,1,0
0,0,-0.2490544663,-0.7603450762,0,0
0,0,-0.2741025188,-0.2504805253,0,0
0,0,-0.264393752,0.09708766866,1,0
0,0,-0.3058734368,-0.4147968484,0,0
0,0,-0.3034117045,0.02461732278,1,0
0,0,-0.3502325293,-0.4682082474,0,0
0,0,-0.3633639039,-0.131313746,1,0
0,0,-0.4394106605,-0.7604675662,1,0
0,0,-0.5725815212,-1.331708607,1,0
0,0,-0.8046063429,-2.320248216,0,0
0,0,-1.083827152,-2.792208095,2,0
0,0,-1.522101167,-4.382740146,0,-1
1,1,-2.102593524,-5.804923573
0,0,0,0,0,0
0,0,0.1013748688,1.013748688,0,0
0,0,0.2910923754,1.897175066,0,0
0,0,0.6209187241,3.298263487,1,0
0,0,1.035704424,4.147857001,1,0
0,0,1.562779017,5.270745925,2,-1
1,1,2.235965666,6.73186649
0,0,0,0,1,0
0,0,-0.01144434388,-0.1144434388,1,0
0,0,-0.02761344582,-0.1616910194,2,0
0,0,-0.1250883269,-0.9747488104,0,0
0,0,-0.1521208655,-0.2703253867,2,0
0,0,-0.2881866328,-1.360657673,0,0
0,0,-0.3756171807,-0.8743054789,0,0
0,0,-0.4461559369,-0.7053875621,0,0
0,0,-0.5250784385,-0.7892250158,1,0
0,0,-0.6840969312,-1.590184927,1,0
0,0,-0.9313572594,-2.472603282,0,0
0,0,-1.254660852,-3.233035925,2,-1
1,1,-1.735463145,-4.808022929
0,0,0,0,0,0
0,0,0.07720292319,0.7720292319,2,0
0,0,0.09231461877,0.1511169558,0,0
0,0,0.2133152877,1.210006689,2,0
0,0,0.2893624086,0.7604712093,0,0
0,0,0.5008977627,2.115353541,0,0
0,0,0.868019478,3.671217153,2,0
0,0,1.294749043,4.267295653,1,-1
1,1,1.860756423,5.660073799
0,0,0,0,2,0
0,0,-0.08579194668,-0.8579194668,1,0
0,0,-0.1762791382,-0.9048719151,2,0
0,0,-0.3869966939,-2.107175557,2,0
0,0,-0.7394930204,-3.524963266,2,0
0,0,-1.242676836,-5.031838159,1,-1
1,1,-1.879057653,-6.363808167
0,0,0,0,1,0
0,0,-0.004287070512,-0.04287070512,0,0
0,0,0.06534014345,0.6962721396,1,0
0,0,0.1553959767,0.9005583327,0,0
0,0,0.3496860715,1.942900948,2,0
0,0,0.5118253421,1.621392705,0,0
0,0,0.8233939248,3.115685827,0,0
0,0,1.294492046,4.710981212,0,-1
1,1,1.918804515,6.243124694
0,0,0,0,0,0
0,0,0.07737825538,0.7737825538,2,0
0,0,0.065340848,-0.1203740739,0,0
0,0,0.1641260941,0.9878524612,0,0
0,0,0.3766065255,2.124804313,0,0
0,0,0.7392380765,3.62631551,0,0
0,0,1.254059833,5.148217561,2,-1
1,1,1.877691026,6.236311929
0,0,0,0,1,0
0,0,0.008854150078,0.08854150078,1,0
0,0,0.01092967296,0.02075522886,1,0
0,0,0.003033169289,-0.07896503676,0,0
0,0,0.07810898843,0.7507581915,0,0
0,0,0.2578911791,1.797821906,2,0
0,0,0.4043254101,1.46434231,2,0
0,0,0.5255522684,1.212268583,1,0
0,0,0.7427082825,2.17156014,0,0
0,0,1.127202587,3.84494305,2,-1
1,1,1.60752423,4.80321642
0,0,0,0,0,0
0,0,0.1008194452,1.008194452,1,0
0,0,0.2084578998,1.076384546,1,0
0,0,0.3456966162,1.372387163,2,0
0,0,0.4713939239,1.256973077,1,0
0,0,0.6834064924,2.120125685,1,0
0,0,1.004979994,3.215735021,2,0
0,0,1.409380344,4.044003499,0,-1
1,1,1.967817502,5.584371577
0,0,0,0,0,0
0,0,0.08507388316,0.8507388316,2,0
0,0,0.09619995938,0.1112607622,2,0
0,0,0.02664613475,-0.6955382463,0,0
0,0,0.05172765539,0.2508152063,1,0
0,0,0.08363445226,0.3190679687,0,0
0,0,0.2345031437,1.508686915,0,0
0,0,0.5082945122,2.737913685,2,0
0,0,0.7772096802,2.689151679,2,0
0,0,1.091511281,3.143016011,2,0
0,0,1.495689278,4.041779969,2,-1
1,1,2.039487976,5.437986974
0,0,0,0,2,0
0,0,-0.08120687226,-0.8120687226,2,0
0,0,-0.2502810256,-1.690741534,0,0
0,0,-0.3864047153,-1.361236897,0,0
0,0,-0.4908937813,-1.04489066,0,0
0,0,-0.5919731478,-1.010793665,1,0
0,0,-0.774305777,-1.823326292,1,0
0,0,-1.058215384,-2.839096067,0,0
0,0,-1.435662216,-3.774468321,0,-1
1,1,-1.945239901,-5.095776849
0,0,0,0,2,0
0,0,-0.09456151622,-0.9456151622,2,0
0,0,-0.2860206996,-1.914591833,0,0
0,0,-0.4374445019,-1.514238024,0,0
0,0,-0.58165063,-1.442061281,2,0
0,0,-0.8841873531,-3.025367231,0,0
0,0,-1.255522534,-3.713351812,0,-1
1,1,-1.739561693,-4.840391588
0,0,0,0,2,0
0,0,-0.07885427073,-0.7885427073,0,0
0,0,-0.08968441568,-0.1083014494,2,0
0,0,-0.2011703442,-1.114859286,1,0
0,0,-0.3573402348,-1.561698905,1,0
0,0,-0.5697015783,-2.123613436,1,0
0,0,-0.881212387,-3.115108087,1,0
0,0,-1.302207559,-4.209951721,0,-1
1,1,-1.840971862,-5.387643029
0,0,0,0,1,0
0,0,-0.0005268504798,-0.005268504798,2,0
0,0,-0.09601064902,-0.9548379854,2,0
0,0,-0.2989991841,-2.029885351,2,0
0,0,-0.628367444,-3.2936826,1,0
0,0,-1.058320995,-4.299535508,1,-1
1,1,-1.605199033,-5.468780385
0,0,0,0,0,0
0,0,0.0759766368,0.759766368,0,0
0,0,0.2686374875,1.926608507,2,0
0,0,0.4191454351,1.505079476,0,0
0,0,0.7171831113,2.980376762,1,0
0,0,1.111920862,3.947377503,1,-1
1,1,1.637288458,5.253675965
0,0,0,0,0,0
0,0,0.1025288377,1.025288377,1,0
0,0,0.2373281295,1.347992918,2,0
0,0,0.325089336,0.8776120649,0,0
0,0,0.5344588237,2.093694877,0,0
0,0,0.9071550957,3.72696272,0,0
0,0,1.436661909,5.295068132,1,-1
1,1,2.108183669,6.715217598
0,0,0,0,2,0
0,0,-0.1027161811,-1.027161811,1,0
0,0,-0.2124454728,-1.097292917,2,0
0,0,-0.4525184866,-2.400730138,2,0
0,0,-0.8253836187,-3.728651321,0,0
0,0,-1.240268783,-4.148851644,1,-1
1,1,-1.78369981,-5.434310271
0,0,0,0,2,0
0,0,-0.09275197865,-0.9275197865,0,0
0,0,-0.1076931602,-0.1494118153,2,0
0,0,-0.2419422425,-1.342490823,2,0
0,0,-0.4851289147,-2.431866722,2,0
0,0,-0.8711606464,-3.860317317,0,0
0,0,-1.316464187,-4.453035402,2,-1
1,1,-1.919625789,-6.031616028
0,0,0,0,1,0
0,0,-0.008591532613,-0.08591532613,0,0
0,0,0.05876745428,0.673589869,0,0
0,0,0.2075964535,1.488289992,1,0
0,0,0.3956341342,1.880376807,2,0
0,0,0.5513770426,1.557429085,1,0
0,0,0.8010460456,2.49669003,1,0
0,0,1.160157655,3.591116093,1,-1
1,1,1.646643655,4.864860002
0,0,0,0,0,0
0,0,0.09399324969,0.9399324969,0,0
0,0,0.2772121295,1.832188798,1,0
0,0,0.5116263326,2.344142032,0,0
0,0,0.9111725818,3.995462492,1,0
0,0,1.429584817,5.184122348,0,-1
1,1,2.098137619,6.685528024
0,0,0,0,2,0
0,0,-0.1013385578,-1.013385578,2,0
0,0,-0.3244736235,-2.231350657,2,0
0,0,-0.6878747408,-3.634011173,1,0
0,0,-1.155503558,-4.676288168,0,-1
1,1,-1.718410747,-5.62907189
0,0,0,0,0,0
0,0,0.09360222855,0.9360222855,2,0
0,0,0.1157457822,0.2214355366,0,0
0,0,0.2335444191,1.177986369,1,0
0,0,0.399145864,1.656014448,1,0
0,0,0.6302259828,2.310801188,0,0
0,0,1.015215797,3.849898141,0,0
0,0,1.562006812,5.46791015,2,-1
1,1,2.254717632,6.927108199
0,0,0,0,1,0
0,0,-0.007447263366,-0.07447263366,2,0
0,0,-0.09486441437,-0.87417151,0,0
0,0,-0.117238876,-0.2237446165,2,0
0,0,-0.2596689881,-1.424301121,1,0
0,0,-0.4487422804,-1.890732923,1,0
0,0,-0.7097497884,-2.61007508,1,0
0,0,-1.063545115,-3.537953265,2,-1
1,1,-1.578475832,-5.149307167
0,0,0,0,2,0
0,0,-0.09170503389,-0.9170503389,2,0
0,0,-0.2713731925,-1.796681586,2,0
0,0,-0.5737766162,-3.024034237,2,0
0,0,-1.036359287,-4.625826711,0,-1
1,1,-1.578808486,-5.424491984
0,0,0,0,1,0
0,0,0.01425081168,0.1425081168,0,0
0,0,0.1258532834,1.116024717,1,0
0,0,0.2560592811,1.302059977,1,0
0,0,0.4125478135,1.564885324,2,0
0,0,0.5574311981,1.448833846,1,0
0,0,0.7775701568,2.201389587,0,0
0,0,1.171647585,3.940774287,1,-1
1,1,1.697042101,5.253945153
0,0,0,0,2,0
0,0,-0.08693849881,-0.8693849881,1,0
0,0,-0.183693377,-0.9675487821,1,0
0,0,-0.3171305008,-1.334371237,2,0
0,0,-0.6000391908,-2.829086901,2,0
0,0,-1.027903467,-4.278642766,0,0
0,0,-1.53677353,-5.088700623,0,-1
1,1,-2.188805895,-6.520323651
0,0,0,0,0,0
0,0,0.1023748773,1.023748773,0,0
0,0,0.3225582931,2.201834159,0,0
0,0,0.6666559046,3.440976115,0,0
0,0,1.178709097,5.120531924,0,-1
1,1,1.845296577,6.665874803
