2,1,1
0,0,0,0,0,0
0,0,0.07611194697,0.7611194697,2,0
0,0,0.07749320998,0.01381263002,0,0
0,0,0.1818384878,1.043452778,2,0
0,0,0.2301173227,0.4827883491,0,0
0,0,0.4185190927,1.8840177,0,0
0,0,0.7406108692,3.220917765,2,0
0,0,1.091864441,3.512535722,2,0
0,0,1.530622314,4.387578726,1,-1
1,1,2.115178588,5.845562735
0,0,0,0,1,0
0,0,-0.01213717507,-0.1213717507,1,0
0,0,-0.03527274366,-0.2313556859,0,0
0,0,0.02611822387,0.6139096753,0,0
0,0,0.1845250034,1.584067796,2,0
0,0,0.2942960607,1.097710573,1,0
0,0,0.4632387548,1.689426941,0,0
0,0,0.7794016324,3.161628776,2,0
0,0,1.138116413,3.587147808,1,-1
1,1,1.62059229,4.824758765
0,0,0,0,2,0
0,0,-0.07324332455,-0.7324332455,2,0
0,0,-0.2548545212,-1.816111967,2,0
0,0,-0.568338333,-3.134838118,0,0
0,0,-0.8837774634,-3.154391304,0,0
0,0,-1.266303828,-3.825263647,1,-1
1,1,-1.785436103,-5.191322746
0,0,0,0,2,0
0,0,-0.08452218404,-0.8452218404,1,0
0,0,-0.200722929,-1.16200745,1,0
0,0,-0.3554204336,-1.546975046,1,0
0,0,-0.5540787364,-1.986583028,1,0
0,0,-0.8280588128,-2.739800764,2,0
0,0,-1.258620594,-4.305617807,2,-1
1,1,-1.841763895,-5.831433018
0,0,0,0,2,0
0,0,-0.08259727967,-0.8259727967,1,0
0,0,-0.1714726957,-0.8887541601,1,0
0,0,-0.2826933135,-1.112206179,2,0
0,0,-0.5292907281,-2.465974145,1,0
0,0,-0.8673444754,-3.380537473,1,0
0,0,-1.321168504,-4.538240285,2,-1
1,1,-1.92995068,-6.087821758
0,0,0,0,1,0
0,0,-0.006971702973,-0.06971702973,1,0
0,0,0.0005329041108,0.07504607084,2,0
0,0,-0.06749588548,-0.6802878959,1,0
0,0,-0.1484811738,-0.8098528832,1,0
0,0,-0.2721465456,-1.236653718,0,0
0,0,-0.345133414,-0.7298686844,1,0
0,0,-0.4910244222,-1.458910082,1,0
0,0,-0.7142413501,-2.232169278,1,0
0,0,-1.03107531,-3.168339602,1,0
0,0,-1.469951617,-4.388763065,1,-1
1,1,-2.051742334,-5.81790717
0,0,0,0,2,0
0,0,-0.09259640348,-0.9259640348,2,0
0,0,-0.2831352097,-1.905388062,2,0
0,0,-0.6006684031,-3.175331934,0,0
0,0,-0.9350777775,-3.344093744,1,0
0,0,-1.392055489,-4.569777119,2,-1
1,1,-2.004295343,-6.122398541
0,0,0,0,0,0
0,0,0.07787819298,0.7787819298,2,0
0,0,0.08520457369,0.07326380708,2,0
0,0,0.03352662871,-0.5167794498,2,0
0,0,-0.1008549109,-1.343815396,1,0
0,0,-0.236749064,-1.358941531,2,0
0,0,-0.5091645179,-2.724154539,2,0
0,0,-0.9213995322,-4.122350143,1,0
0,0,-1.436554187,-5.151546547,0,-1
1,1,-2.083291041,-6.467368537
0,0,0,0,2,0
0,0,-0.07905661738,-0.7905661738,2,0
0,0,-0.2458206093,-1.667639919,2,0
0,0,-0.5474907184,-3.016701091,1,0
0,0,-0.9273746554,-3.79883937,2,0
0,0,-1.471521466,-5.441468105,1,-1
1,1,-2.158213422,-6.866919561
0,0,0,0,0,0
0,0,0.07901391029,0.7901391029,2,0
0,0,0.08839422722,0.09380316925,0,0
0,0,0.1923627419,1.039685147,2,0
0,0,0.2442088982,0.5184615636,0,0
0,0,0.4308574567,1.866485585,2,0
0,0,0.6075803013,1.767228446,0,0
0,0,0.9462874441,3.387071429,1,0
0,0,1.397612458,4.513250139,0,-1
1,1,2.000002659,6.023902012
0,0,0,0,2,0
0,0,-0.08719642063,-0.8719642063,0,0
0,0,-0.09367061415,-0.06474193522,1,0
0,0,-0.1136663776,-0.1999576344,0,0
0,0,-0.07035428006,0.4331209754,2,0
0,0,-0.1388725188,-0.6851823876,1,0
0,0,-0.2427344291,-1.038619103,1,0
0,0,-0.4027818464,-1.600474173,2,0
0,0,-0.7215026401,-3.187207937,2,0
0,0,-1.187950649,-4.664480085,2,-1
1,1,-1.81290996,-6.249593111
0,0,0,0,0,0
0,0,0.08149248659,0.8149248659,2,0
0,0,0.09030329628,0.08810809698,0,0
0,0,0.2014969509,1.111936546,2,0
0,0,0.2638267842,0.6232983326,0,0
0,0,0.4411469003,1.773201161,2,0
0,0,0.6069721771,1.658252768,0,0
0,0,0.9323153695,3.253431924,1,0
0,0,1.372491629,4.40176259,0,-1
1,1,1.966237409,5.937457802
0,0,0,0,2,0
0,0,-0.09851518917,-0.9851518917,1,0
0,0,-0.2137560365,-1.152408474,0,0
0,0,-0.2950361959,-0.8128015939,1,0
0,0,-0.4315668521,-1.365306561,1,0
0,0,-0.6291208118,-1.975539598,2,0
0,0,-0.9919432472,-3.628224354,2,0
0,0,-1.520372691,-5.284294434,1,-1
1,1,-2.193078058,-6.727053673
0,0,0,0,1,0
0,0,-0.01637929382,-0.1637929382,0,0
0,0,0.05734914492,0.7372843874,1,0
0,0,0.1286715172,0.7132237226,1,0
0,0,0.2328591825,1.041876653,0,0
0,0,0.4464409891,2.135818066,0,0
0,0,0.8087072635,3.622662744,1,0
0,0,1.276821028,4.681137647,1,-1
1,1,1.876169351,5.993483225
0,0,0,0,2,0
0,0,-0.07245740104,-0.7245740104,0,0
0,0,-0.0673909715,0.05066429541,1,0
0,0,-0.07445990049,-0.07068928994,1,0
0,0,-0.0821653387,-0.07705438206,1,0
0,0,-0.09968478344,-0.1751944474,0,0
0,0,-0.02980495446,0.6987982899,2,0
0,0,-0.05737806839,-0.2757311394,0,0
0,0,-0.007325312811,0.5005275558,0,0
0,0,0.1309756286,1.383009414,2,0
0,0,0.2138509796,0.8287535106,0,0
0,0,0.4135787686,1.99727789,2,0
0,0,0.5901640448,1.765852761,1,0
0,0,0.8513118628,2.611478181,1,0
0,0,1.219797969,3.684861058,2,-1
1,1,1.698722223,4.789242543
0,0,0,0,2,0
0,0,-0.07785979642,-0.7785979642,1,0
0,0,-0.1863353885,-1.08475592,2,0
0,0,-0.4235312418,-2.371958533,1,0
0,0,-0.7312000483,-3.076688065,1,0
0,0,-1.138427994,-4.072279452,1,-1
1,1,-1.673648149,-5.352201555
0,0,0,0,2,0
0,0,-0.07562908498,-0.7562908498,1,0
0,0,-0.1769024453,-1.012733603,2,0
0,0,-0.3893407877,-2.124383424,1,0
0,0,-0.6789565298,-2.89615742,2,0
0,0,-1.124470988,-4.455144583,1,-1
1,1,-1.693284239,-5.688132514
0,0,0,0,0,0
0,0,0.07326154338,0.7326154338,1,0
0,0,0.151468626,0.7820708259,2,0
0,0,0.1753749688,0.2390634278,0,0
0,0,0.3106815946,1.353066259,2,0
0,0,0.4062231714,0.955415768,0,0
0,0,0.6591262705,2.529030991,2,0
0,0,0.9442238526,2.85097582,0,0
0,0,1.396531876,4.523080236,0,-1
1,1,1.999822203,6.032903271
0,0,0,0,1,0
0,0,-0.008366664489,-0.08366664489,0,0
0,0,0.07589323894,0.8425990343,0,0
0,0,0.2496194964,1.737262575,2,0
0,0,0.3951382607,1.455187643,1,0
0,0,0.591356695,1.962184342,2,0
0,0,0.8054410902,2.140843953,1,0
0,0,1.139470324,3.340292333,2,-1
1,1,1.576564981,4.370946575
0,0,0,0,1,0
0,0,-0.01748603568,-0.1748603568,2,0
0,0,-0.1256839621,-1.081979264,1,0
0,0,-0.2598764854,-1.341925233,2,0
0,0,-0.514889022,-2.550125366,0,0
0,0,-0.7842846336,-2.693956116,0,0
0,0,-1.093281537,-3.089969037,1,0
0,0,-1.530763185,-4.374816475,2,-1
1,1,-2.117333298,-5.865701137
0,0,0,0,1,0
0,0,0.01279309208,0.1279309208,1,0
0,0,0.02866514272,0.1587205064,1,0
0,0,0.03901851346,0.1035337074,1,0
0,0,0.05133817486,0.1231966141,2,0
0,0,-0.01408134398,-0.6541951885,1,0
0,0,-0.08772648943,-0.7364514545,2,0
0,0,-0.2670299943,-1.793035048,0,0
0,0,-0.3996837509,-1.326537566,0,0
0,0,-0.5267641186,-1.270803677,1,0
0,0,-0.7499296446,-2.23165526,0,0
0,0,-1.026195024,-2.762653796,2,0
0,0,-1.474361303,-4.48166279,1,-1
1,1,-2.066393463,-5.920321601
0,0,0,0,0,0
0,0,0.1034599436,1.034599436,0,0
0,0,0.2989622493,1.955023057,2,0
0,0,0.4493780907,1.504158414,1,0
0,0,0.6648594401,2.154813494,0,0
0,0,1.041119082,3.762596417,2,0
0,0,1.505475916,4.64356834,0,-1
1,1,2.119591676,6.141157599
0,0,0,0,2,0
0,0,-0.08215464684,-0.8215464684,0,0
0,0,-0.0745017048,0.07652942049,1,0
0,0,-0.06760005785,0.06901646944,0,0
0,0,0.007131759654,0.747318175,1,0
0,0,0.09838530298,0.9125354333,1,0
0,0,0.2095112576,1.111259547,1,0
0,0,0.3430032798,1.334920222,1,0
0,0,0.5281990799,1.851958001,1,0
0,0,0.7913607447,2.631616648,1,0
0,0,1.16556673,3.742059849,0,-1
1,1,1.696085395,5.305186651
0,0,0,0,1,0
0,0,0.01011662938,0.1011662938,0,0
0,0,0.1123355115,1.022188821,1,0
0,0,0.2246106895,1.122751779,2,0
0,0,0.2772005594,0.5258986992,0,0
0,0,0.4506677969,1.734672376,2,0
0,0,0.6218800236,1.712122267,1,0
0,0,0.8765261047,2.546460811,1,0
0,0,1.256270639,3.797445339,1,-1
1,1,1.770660007,5.143893686
0,0,0,0,2,0
0,0,-0.102838441,-1.02838441,1,0
0,0,-0.2204315012,-1.175930602,2,0
0,0,-0.468621813,-2.481903118,0,0
0,0,-0.7226963958,-2.540745828,0,0
0,0,-1.025496591,-3.028001951,0,0
0,0,-1.413307248,-3.878106568,2,-1
1,1,-1.953312072,-5.400048244
0,0,0,0,0,0
0,0,0.1030722495,1.030722495,1,0
0,0,0.228835677,1.257634275,1,0
0,0,0.3942438095,1.654081324,1,0
0,0,0.620429125,2.261853156,2,0
0,0,0.8691799574,2.487508324,0,0
0,0,1.276988363,4.07808406,1,-1
1,1,1.82404031,5.470519464
0,0,0,0,1,0
0,0,-0.01252645748,-0.1252645748,1,0
0,0,-0.03447341284,-0.2194695535,2,0
0,0,-0.1348273542,-1.003539414,2,0
0,0,-0.3538375723,-2.190102181,2,0
0,0,-0.7136815304,-3.598439581,0,0
0,0,-1.098337245,-3.846557149,2,-1
1,1,-1.640640652,-5.423034066
0,0,0,0,1,0
0,0,0.01521509859,0.1521509859,1,0
0,0,0.03057105593,0.1535595734,0,0
0,0,0.1343326171,1.037615611,2,0
0,0,0.1636278675,0.2929525043,0,0
0,0,0.3191452088,1.555173413,0,0
0,0,0.5996704411,2.805252323,1,0
0,0,0.9725388324,3.728683913,1,0
0,0,1.470075291,4.975364584,2,-1
1,1,2.102203998,6.321287072
0,0,0,0,1,0
0,0,0.0003602035916,0.003602035916,2,0
0,0,-0.08531063141,-0.8567083501,2,0
0,0,-0.2864473342,-2.011367028,2,0
0,0,-0.6255937508,-3.391464166,0,0
0,0,-0.984932287,-3.593385362,2,0
0,0,-1.509015273,-5.240829861,0,-1
1,1,-2.172809561,-6.637942881
0,0,0,0,2,0
0,0,-0.07999200894,-0.7999200894,0,0
0,0,-0.07967319183,0.003188171069,0,0
0,0,0.002830687811,0.8250387964,0,0
0,0,0.1687426538,1.65911966,2,0
0,0,0.284330297,1.155876432,0,0
0,0,0.5320015739,2.476712769,0,0
0,0,0.9429153352,4.109137613,0,0
0,0,1.516266207,5.733508719,2,-1
1,1,2.230176686,7.139104791
0,0,0,0,2,0
0,0,-0.08300509021,-0.8300509021,2,0
0,0,-0.2597734608,-1.767683706,2,0
0,0,-0.5686853893,-3.089119285,1,0
0,0,-0.9566179259,-3.879325366,2,0
0,0,-1.512639259,-5.560213336,2,-1
1,1,-2.217200689,-7.045614296
0,0,0,0,0,0
0,0,0.09634098297,0.9634098297,0,0
0,0,0.2844610288,1.881200458,1,0
0,0,0.5205830276,2.361219987,0,0
0,0,0.9045494173,3.839663898,1,0
0,0,1.404622541,5.00073124,1,-1
1,1,2.044221582,6.395990402
0,0,0,0,1,0
0,0,0.01102430954,0.1102430954,1,0
0,0,0.02897932653,0.1795501699,0,0
0,0,0.1320870987,1.031077722,0,0
0,0,0.3367159755,2.046288768,0,0
0,0,0.660969741,3.242537655,0,0
0,0,1.147324837,4.863550959,0,-1
1,1,1.791908624,6.445837868
0,0,0,0,2,0
0,0,-0.09875731933,-0.9875731933,1,0
0,0,-0.214792956,-1.160356366,2,0
0,0,-0.4497878996,-2.349949436,0,0
0,0,-0.6858462784,-2.360583789,0,0
0,0,-0.9528286522,-2.669823737,0,0
0,0,-1.292911436,-3.400827834,1,-1
1,1,-1.774815977,-4.81904541
0,0,0,0,0,0
0,0,0.09309475987,0.9309475987,2,0
0,0,0.1053369385,0.1224217865,2,0
0,0,0.03976015275,-0.6557678577,0,0
0,0,0.06771633339,0.2795618064,0,0
0,0,0.181068071,1.133517376,1,0
0,0,0.3187126635,1.376445925,1,0
0,0,0.5133197416,1.946070781,2,0
0,0,0.7265254463,2.132057047,2,0
0,0,0.9862403069,2.597148606,0,0
0,0,1.418265252,4.320249447,2,-1
1,1,1.981048866,5.627836143
0,0,0,0,0,0
0,0,0.08041935673,0.8041935673,2,0
0,0,0.07125318782,-0.0916616891,2,0
0,0,-0.003882053586,-0.7513524141,2,0
0,0,-0.1516227285,-1.477406749,0,0
0,0,-0.239373432,-0.8775070356,1,0
0,0,-0.3690255918,-1.296521598,0,0
0,0,-0.4629700467,-0.9394445482,2,0
0,0,-0.7017873848,-2.388173382,2,0
0,0,-1.108420372,-4.066329868,1,-1
1,1,-1.638388204,-5.29967832
0,0,0,0,2,0
0,0,-0.07768045724,-0.7768045724,1,0
0,0,-0.1567069692,-0.7902651193,2,0
0,0,-0.3578976074,-2.011906382,0,0
0,0,-0.5485229775,-1.906253701,2,0
0,0,-0.8802023365,-3.31679359,1,0
0,0,-1.320380934,-4.401785972,1,-1
1,1,-1.898252194,-5.778712602
0,0,0,0,1,0
0,0,-0.001035680292,-0.01035680292,2,0
0,0,-0.07886201435,-0.7782633406,0,0
0,0,-0.06814068559,0.1072132877,2,0
0,0,-0.1610752785,-0.9293459292,1,0
0,0,-0.2850466625,-1.23971384,1,0
0,0,-0.4403486838,-1.553020213,2,0
0,0,-0.7377805779,-2.974318941,1,0
0,0,-1.134265047,-3.964844692,2,-1
1,1,-1.689355748,-5.550907006
0,0,0,0,0,0
0,0,0.07094616728,0.7094616728,2,0
0,0,0.08089974281,0.09953575533,0,0
0,0,0.2081121842,1.272124414,1,0
0,0,0.370385683,1.622734988,2,0
0,0,0.5101994954,1.398138124,0,0
0,0,0.8128194911,3.026199957,0,0
0,0,1.289061075,4.762415834,1,-1
1,1,1.89741783,6.083567551
0,0,0,0,0,0
0,0,0.08302165097,0.8302165097,1,0
0,0,0.1966519913,1.136303403,2,0
0,0,0.2692224013,0.7257041003,2,0
0,0,0.3140510731,0.4482867186,2,0
0,0,0.3178498964,0.03798823296,1,0
0,0,0.3841021847,0.6625228821,2,0
0,0,0.4208722049,0.3677002025,2,0
0,0,0.433450017,0.1257781213,2,0
0,0,0.4367112922,0.03261275142,1,0
0,0,0.4986727562,0.6196146403,0,0
0,0,0.7189727229,2.202999667,1,0
0,0,1.052168589,3.331958664,0,0
0,0,1.541964999,4.897964097,1,-1
1,1,2.177700489,6.357354896
0,0,0,0,2,0
0,0,-0.08319979467,-0.8319979467,2,0
0,0,-0.2615144625,-1.783146679,0,0
0,0,-0.3970657565,-1.355512939,2,0
0,0,-0.6858754251,-2.888096687,1,0
0,0,-1.058127678,-3.722522533,0,0
0,0,-1.5118187,-4.536910213,1,-1
1,1,-2.110477507,-5.986588073
0,0,0,0,1,0
0,0,0.001386309137,0.01386309137,0,0
0,0,0.09622461122,0.9483830209,2,0
0,0,0.1192392115,0.2301460024,1,0
0,0,0.1707878921,0.5154868059,1,0
0,0,0.2342860641,0.6349817206,1,0
0,0,0.3414719375,1.071858734,1,0
0,0,0.5014922079,1.600202704,1,0
0,0,0.7279055891,2.264133812,0,0
0,0,1.120977484,3.930718948,0,-1
1,1,1.675584506,5.546070225
0,0,0,0,1,0
0,0,-0.007069969463,-0.07069969463,2,0
0,0,-0.09390211706,-0.8683214759,0,0
0,0,-0.09350154558,0.004005714712,2,0
0,0,-0.1974432302,-1.039416846,1,0
0,0,-0.3331593343,-1.357161041,0,0
0,0,-0.4387125134,-1.055531792,0,0
0,0,-0.5494563812,-1.107438678,2,0
0,0,-0.8300537502,-2.80597369,1,0
0,0,-1.211748568,-3.816948181,2,-1
1,1,-1.754573744,-5.428251755
0,0,0,0,1,0
0,0,-0.01292090211,-0.1292090211,1,0
0,0,-0.01516904586,-0.0224814375,1,0
0,0,-0.02518557862,-0.1001653276,1,0
0,0,-0.03596689641,-0.1078131778,0,0
0,0,0.03450456061,0.7047145702,1,0
0,0,0.09453085943,0.6002629881,2,0
0,0,0.1006150035,0.06084144094,1,0
0,0,0.1237636594,0.2314865584,1,0
0,0,0.179202923,0.5543926365,0,0
0,0,0.3663069816,1.871040586,2,0
0,0,0.5221060982,1.557991166,0,0
0,0,0.8256122941,3.035061959,2,0
0,0,1.175133273,3.495209788,2,-1
1,1,1.63190113,4.567678573
0,0,0,0,0,0
0,0,0.09449936599,0.9449936599,0,0
0,0,0.2831246759,1.886253099,0,0
0,0,0.5879987422,3.048740663,1,0
0,0,0.9683570214,3.803582792,0,0
0,0,1.516852167,5.484951451,0,-1
1,1,2.213496131,6.966439641
0,0,0,0,2,0
0,0,-0.1034671309,-1.034671309,1,0
0,0,-0.2241054022,-1.206382714,2,0
0,0,-0.4652282859,-2.411228836,0,0
0,0,-0.7129836399,-2.47755354,1,0
0,0,-1.065443427,-3.524597868,2,-1
1,1,-1.5810674,-5.15623973
0,0,0,0,1,0
0,0,0.0150380993,0.150380993,1,0
0,0,0.04574624266,0.3070814336,2,0
0,0,0.0007401557388,-0.4500608692,1,0
0,0,-0.03882156499,-0.3956172073,1,0
0,0,-0.0771800605,-0.3835849551,0,0
0,0,-0.03868038193,0.3849967857,1,0
0,0,-0.005604538966,0.3307584296,2,0
0,0,-0.06395159094,-0.5834705198,1,0
0,0,-0.1231814703,-0.5922987932,2,0
0,0,-0.2954752622,-1.722937919,1,0
0,0,-0.527415518,-2.319402558,0,0
0,0,-0.7628266525,-2.354111344,2,0
0,0,-1.171586572,-4.087599195,2,-1
1,1,-1.737046403,-5.654598306
0,0,0,0,2,0
0,0,-0.09266068172,-0.9266068172,1,0
0,0,-0.2072669254,-1.146062437,0,0
0,0,-0.2786882805,-0.7142135503,2,0
0,0,-0.472897885,-1.942096046,2,0
0,0,-0.8272678387,-3.543699537,0,0
0,0,-1.231039087,-4.037712478,1,-1
1,1,-1.769891463,-5.388523767
0,0,0,0,2,0
0,0,-0.09503233528,-0.9503233528,1,0
0,0,-0.1942610931,-0.9922875778,0,0
0,0,-0.2350351474,-0.4077405429,1,0
0,0,-0.2994500714,-0.6441492408,0,0
0,0,-0.3316097938,-0.3215972238,2,0
0,0,-0.5044410636,-1.728312698,0,0
0,0,-0.6718046442,-1.673635807,0,0
0,0,-0.8756463845,-2.038417403,2,0
0,0,-1.244595193,-3.689488081,1,-1
1,1,-1.746721688,-5.021264953
0,0,0,0,1,0
0,0,-0.01117966772,-0.1117966772,1,0
0,0,-0.0243532197,-0.1317355198,1,0
0,0,-0.03768352126,-0.1333030157,0,0
0,0,0.03879944749,0.7648296875,0,0
0,0,0.2136832143,1.748837669,2,0
0,0,0.3267183427,1.130351284,2,0
0,0,0.4047954558,0.7807711307,1,0
0,0,0.5330466211,1.282511653,0,0
0,0,0.8216128635,2.885662424,1,0
0,0,1.228067971,4.064551075,2,-1
1,1,1.742323671,5.142557003
0,0,0,0,0,0
0,0,0.08436216473,0.8436216473,0,0
0,0,0.2720882925,1.877261278,0,0
0,0,0.5733663721,3.012780796,0,0
0,0,1.034316597,4.609502253,0,-1
1,1,1.647053525,6.127369275
0,0,0,0,2,0
0,0,-0.09498437557,-0.9498437557,1,0
0,0,-0.2020125195,-1.070281439,1,0
0,0,-0.3597018053,-1.576892859,1,0
0,0,-0.575698586,-2.159967807,1,0
0,0,-0.8882042998,-3.125057138,2,0
0,0,-1.357880194,-4.696758937,0,-1
1,1,-1.947181639,-5.893014458
0,0,0,0,1,0
0,0,0.01076436071,0.1076436071,0,0
0,0,0.1282058132,1.174414525,1,0
0,0,0.2605641247,1.323583115,1,0
0,0,0.4344429064,1.738787816,1,0
0,0,0.6834062321,2.489633257,0,0
0,0,1.088368977,4.049627449,2,-1
1,1,1.582205257,4.938362796
0,0,0,0,0,0
0,0,0.1039912402,1.039912402,1,0
0,0,0.2178166859,1.138254457,2,0
0,0,0.277768209,0.5995152312,1,0
0,0,0.3894084607,1.116402516,2,0
0,0,0.4856015439,0.9619308324,2,0
0,0,0.5899706557,1.043691118,1,0
0,0,0.7714127337,1.81442078,1,0
0,0,1.070038822,2.986260884,0,0
0,0,1.530147787,4.601089649,2,-1
1,1,2.133364428,6.032166413
0,0,0,0,2,0
0,0,-0.08608617616,-0.8608617616,1,0
0,0,-0.1845357259,-0.9844954976,2,0
0,0,-0.396842487,-2.12306761,0,0
0,0,-0.5923774287,-1.955349417,2,0
0,0,-0.9398342621,-3.474568335,0,0
0,0,-1.365373313,-4.255390505,2,-1
1,1,-1.944111184,-5.787378709
0,0,0,0,1,0
0,0,0.007353777698,0.07353777698,1,0
0,0,0.003416365253,-0.03937412445,1,0
0,0,0.0144712383,0.1105487305,0,0
0,0,0.114953614,1.004823757,0,0
0,0,0.3164480692,2.014944552,1,0
0,0,0.5691678032,2.52719734,0,0
0,0,0.9859542194,4.167864162,0,0
0,0,1.554883377,5.689291577,2,-1
1,1,2.268714402,7.138310253
0,0,0,0,1,0
0,0,0.002174776793,0.02174776793,2,0
0,0,-0.09081668261,-0.929914594,0,0
0,0,-0.1212568382,-0.3044015561,0,0
0,0,-0.07426922062,0.469876176,2,0
0,0,-0.1320674961,-0.5779827544,1,0
0,0,-0.2181909459,-0.8612344985,2,0
0,0,-0.4306781521,-2.124872062,0,0
0,0,-0.6372120071,-2.065338549,1,0
0,0,-0.9330092288,-2.957972218,2,0
0,0,-1.389881663,-4.568724338,0,-1
1,1,-1.97286233,-5.829806668
0,0,0,0,2,0
0,0,-0.08489356674,-0.8489356674,1,0
0,0,-0.1730493462,-0.8815577946,1,0
0,0,-0.295011234,-1.219618878,2,0
0,0,-0.5651772656,-2.701660316,2,0
0,0,-0.9765312593,-4.113539938,2,0
0,0,-1.548306276,-5.717750168,0,-1
1,1,-2.264183702,-7.158774257
0,0,0,0,0,0
0,0,0.08696827528,0.8696827528,2,0
0,0,0.08438254647,-0.02585728814,1,0
0,0,0.1055269922,0.2114444571,0,0
0,0,0.2373605607,1.318335685,2,0
0,0,0.324127084,0.8676652337,2,0
0,0,0.3740713489,0.4994426485,0,0
0,0,0.5652626145,1.911912656,0,0
0,0,0.9214676211,3.562050066,2,0
0,0,1.3450001,4.235324784,2,-1
1,1,1.889680683,5.446805835
0,0,0,0,0,0
0,0,0.1018080754,1.018080754,1,0
0,0,0.207665156,1.058570807,2,0
0,0,0.2641934955,0.5652833944,1,0
0,0,0.3507687931,0.8657529765,0,0
0,0,0.5752936516,2.245248585,1,0
0,0,0.8870360149,3.117423633,1,0
0,0,1.308336068,4.21300053,1,-1
1,1,1.866695683,5.583596148
0,0,0,0,1,0
0,0,-0.01736597168,-0.1736597168,2,0
0,0,-0.1168086239,-0.994426522,0,0
0,0,-0.1535822375,-0.3677361361,1,0
0,0,-0.2309799476,-0.7739771008,1,0
0,0,-0.3452665028,-1.142865552,1,0
0,0,-0.5134605466,-1.681940438,2,0
0,0,-0.841753129,-3.282925825,2,0
0,0,-1.334973865,-4.932207357,2,-1
1,1,-1.98000151,-6.450276452
0,0,0,0,1,0
0,0,-0.01500325701,-0.1500325701,0,0
0,0,0.04936992678,0.6437318379,0,0
0,0,0.2095788828,1.60208956,1,0
0,0,0.4085676676,1.989887848,2,0
0,0,0.6005107376,1.9194307,2,0
0,0,0.8005883999,2.000776623,0,0
0,0,1.177048297,3.764598975,0,-1
1,1,1.719684792,5.426364949
0,0,0,0,2,0
0,0,-0.07610070278,-0.7610070278,0,0
0,0,-0.08146338535,-0.05362682561,0,0
0,0,-0.01796313351,0.6350025183,0,0
0,0,0.1253447733,1.433079068,2,0
0,0,0.1930833268,0.6773855352,1,0
0,0,0.3040562754,1.109729486,0,0
0,0,0.5517700868,2.477138114,0,0
0,0,0.9454950134,3.937249266,2,0
0,0,1.399686413,4.541913999,1,-1
1,1,1.995015829,5.953294156
0,0,0,0,1,0
0,0,0.01649879077,0.1649879077,2,0
0,0,-0.05189393187,-0.6839272264,1,0
0,0,-0.1239397381,-0.7204580622,1,0
0,0,-0.2263105403,-1.023708022,1,0
0,0,-0.3514994805,-1.251889403,1,0
0,0,-0.5204387245,-1.689392439,2,0
0,0,-0.8443019963,-3.238632718,1,0
0,0,-1.268613168,-4.243111719,0,-1
1,1,-1.805765593,-5.371524247
0,0,0,0,0,0
0,0,0.07902401428,0.7902401428,0,0
0,0,0.2646636181,1.856396038,0,0
0,0,0.5671166377,3.024530196,2,0
0,0,0.8668933965,2.997767588,0,0
0,0,1.338663055,4.717696588,2,-1
1,1,1.929676933,5.91013878
0,0,0,0,0,0
0,0,0.0883444775,0.883444775,2,0
0,0,0.09619456135,0.07850083856,0,0
0,0,0.2058925612,1.096979998,1,0
0,0,0.3367855954,1.308930342,0,0
0,0,0.5891005711,2.523149757,1,0
0,0,0.9150758711,3.259753,2,0
0,0,1.298720582,3.836447105,1,-1
1,1,1.823414162,5.2469358
0,0,0,0,2,0
0,0,-0.09644795572,-0.9644795572,1,0
0,0,-0.1999306387,-1.03482683,2,0
0,0,-0.41159291,-2.116622713,2,0
0,0,-0.7804793232,-3.688864132,1,0
0,0,-1.258554994,-4.780756712,2,-1
1,1,-1.893570878,-6.350158835
0,0,0,0,1,0
0,0,0.004309202062,0.04309202062,2,0
0,0,-0.09594610137,-1.002553034,2,0
0,0,-0.3162550325,-2.203089311,2,0
0,0,-0.6615938322,-3.453387997,2,0
0,0,-1.170286483,-5.086926507,1,-1
1,1,-1.800192737,-6.299062542
0,0,0,0,2,0
0,0,-0.09656166448,-0.9656166448,0,0
0,0,-0.1330527633,-0.3649109878,0,0
0,0,-0.1182260619,0.1482670132,0,0
0,0,-0.0515075548,0.6671850715,0,0
0,0,0.0822746386,1.337821934,1,0
0,0,0.242573581,1.602989424,2,0
0,0,0.3625211044,1.199475233,0,0
0,0,0.6161230885,2.536019841,2,0
0,0,0.8821847357,2.660616472,0,0
0,0,1.314047382,4.318626459,2,-1
1,1,1.860855244,5.468078621
0,0,0,0,1,0
0,0,0.009893934917,0.09893934917,0,0
0,0,0.1131800479,1.032861129,0,0
0,0,0.3078429991,1.946629513,2,0
0,0,0.4546075169,1.467645178,0,0
0,0,0.7648327539,3.10225237,1,0
0,0,1.171075673,4.062429186,0,-1
1,1,1.731827034,5.607513613
0,0,0,0,0,0
0,0,0.0828383653,0.828383653,1,0
0,0,0.180098016,0.9725965067,2,0
0,0,0.208623469,0.2852545304,0,0
0,0,0.3463962228,1.377727538,0,0
0,0,0.6151210987,2.68724876,0,0
0,0,1.042509913,4.273888144,1,-1
1,1,1.594972724,5.524628107
0,0,0,0,1,0
0,0,-0.006015688903,-0.06015688903,2,0
0,0,-0.1075804053,-1.015647164,0,0
0,0,-0.1360501031,-0.2846969784,2,0
0,0,-0.2920621232,-1.560120201,2,0
0,0,-0.5861591497,-2.940970265,2,0
0,0,-1.046438782,-4.60279632,0,-1
1,1,-1.579721831,-5.332830493
0,0,0,0,2,0
0,0,-0.07871490697,-0.7871490697,0,0
0,0,-0.0855792579,-0.06864350928,0,0
0,0,-0.01377555479,0.7180370311,0,0
0,0,0.1491142616,1.628898164,0,0
0,0,0.4388540205,2.897397589,2,0
0,0,0.7319954291,2.931414086,1,0
0,0,1.118291458,3.862960288,0,-1
1,1,1.667752223,5.494607647
0,0,0,0,2,0
0,0,-0.0796736092,-0.796736092,2,0
0,0,-0.2753458641,-1.956722549,2,0
0,0,-0.5973665047,-3.220206406,1,0
0,0,-0.9908840057,-3.93517501,0,0
0,0,-1.455678045,-4.647940396,1,-1
1,1,-2.063845761,-6.081677156
0,0,0,0,2,0
0,0,-0.08059263761,-0.8059263761,2,0
0,0,-0.2576839968,-1.770913591,0,0
0,0,-0.3959666416,-1.382826448,1,0
0,0,-0.6096547188,-2.136880772,0,0
0,0,-0.8363356922,-2.266809734,0,0
0,0,-1.113291322,-2.769556294,1,0
0,0,-1.525430715,-4.121393936,2,-1
1,1,-2.086515033,-5.61084318
0,0,0,0,2,0
0,0,-0.1010581778,-1.010581778,0,0
0,0,-0.1400807225,-0.3902254475,1,0
0,0,-0.2119622281,-0.7188150557,0,0
0,0,-0.2478134399,-0.3585121181,1,0
0,0,-0.3248022892,-0.769888493,2,0
0,0,-0.5233290231,-1.985267339,2,0
0,0,-0.8684806029,-3.451515798,2,0
0,0,-1.384321577,-5.158409738,2,-1
1,1,-2.050682341,-6.663607646
0,0,0,0,1,0
0,0,-0.0001637615571,-0.001637615571,0,0
0,0,0.0763077694,0.7647153096,2,0
0,0,0.08575199739,0.09444227987,0,0
0,0,0.2129925443,1.272405469,2,0
0,0,0.2750353164,0.6204277208,2,0
0,0,0.3054073393,0.3037202295,0,0
0,0,0.4549352213,1.49527882,2,0
0,0,0.6073073604,1.52372139,2,0
0,0,0.7802176291,1.729102688,1,0
0,0,1.055368221,2.751505921,1,0
0,0,1.457661109,4.022928879,0,-1
1,1,2.010798995,5.531378856
0,0,0,0,2,0
0,0,-0.07750244962,-0.7750244962,0,0
0,0,-0.08679057422,-0.09288124597,2,0
0,0,-0.1995241479,-1.127335737,1,0
0,0,-0.3393030206,-1.397788728,1,0
0,0,-0.5333087225,-1.940057018,0,0
0,0,-0.7376241691,-2.043154466,0,0
0,0,-0.9800227537,-2.423985847,2,0
0,0,-1.392883044,-4.1286029,1,-1
1,1,-1.946150124,-5.532670803
0,0,0,0,1,0
0,0,-0.002039120764,-0.02039120764,0,0
0,0,0.09856401402,1.006031348,2,0
0,0,0.1320416116,0.334775976,1,0
0,0,0.1709413351,0.3889972347,0,0
0,0,0.3253305446,1.543892096,0,0
0,0,0.6290435012,3.037129565,2,0
0,0,0.9430808895,3.140373883,2,0
0,0,1.33529821,3.922173201,1,-1
1,1,1.865223219,5.299250095
0,0,0,0,0,0
0,0,0.07459341747,0.7459341747,1,0
0,0,0.1573163225,0.82722905,1,0
0,0,0.2835263898,1.262100674,0,0
0,0,0.5362606127,2.527342229,0,0
0,0,0.9512800442,4.150194315,2,0
0,0,1.441246724,4.899666801,0,-1
1,1,2.083908477,6.42661753
0,0,0,0,2,0
0,0,-0.08919781393,-0.8919781393,1,0
0,0,-0.1807427056,-0.9154489163,2,0
0,0,-0.4059119702,-2.251692646,0,0
0,0,-0.6274188127,-2.215068425,0,0
0,0,-0.8685936134,-2.411748007,0,0
0,0,-1.175736587,-3.071429735,0,-1
1,1,-1.58453645,-4.087998631
0,0,0,0,0,0
0,0,0.08321357508,0.8321357508,0,0
0,0,0.2789311958,1.957176207,2,0
0,0,0.4343733229,1.554421272,0,0
0,0,0.7446064121,3.102330891,2,0
0,0,1.104387301,3.597808894,1,-1
1,1,1.592022709,4.876354072
0,0,0,0,1,0
0,0,0.003655831627,0.03655831627,2,0
0,0,-0.08231323513,-0.8596906675,1,0
0,0,-0.1863307084,-1.040174733,1,0
0,0,-0.3367947828,-1.504640743,2,0
0,0,-0.6221368494,-2.853420666,0,0
0,0,-0.9264951495,-3.043583002,1,0
0,0,-1.341166971,-4.146718217,2,-1
1,1,-1.911410702,-5.702437307
0,0,0,0,2,0
0,0,-0.07930593989,-0.7930593989,1,0
0,0,-0.1719921037,-0.9268616384,1,0
0,0,-0.3027853362,-1.307932325,1,0
0,0,-0.4956455031,-1.928601669,1,0
0,0,-0.7536976886,-2.580521855,2,0
0,0,-1.185634023,-4.319363344,2,-1
1,1,-1.773456544,-5.878225209
0,0,0,0,0,0
0,0,0.07583023072,0.7583023072,2,0
0,0,0.07545064697,-0.003795837422,0,0
0,0,0.1645054947,0.8905484769,1,0
0,0,0.2768748906,1.123693959,1,0
0,0,0.4446712311,1.677963405,1,0
0,0,0.6712218442,2.265506131,2,0
0,0,0.930623042,2.594011977,1,0
0,0,1.300694995,3.700719526,1,-1
1,1,1.809285133,5.085901381
0,0,0,0,2,0
0,0,-0.09138719086,-0.9138719086,2,0
0,0,-0.2733578752,-1.819706844,0,0
0,0,-0.4140662376,-1.407083623,2,0
0,0,-0.689993215,-2.759269774,1,0
0,0,-1.054812017,-3.648188016,2,-1
1,1,-1.581514391,-5.267023744
0,0,0,0,0,0
0,0,0.1035696278,1.035696278,1,0
0,0,0.2298307181,1.262610903,1,0
0,0,0.390148942,1.60318224,0,0
0,0,0.683126312,2.9297737,1,0
0,0,1.071509922,3.883836103,1,-1
1,1,1.58668718,5.151772578
0,0,0,0,1,0
0,0,0.009280868583,0.09280868583,1,0
0,0,0.004914085312,-0.04366783271,1,0
0,0,0.01355936403,0.0864527872,1,0
0,0,0.02541735912,0.1185799509,0,0
0,0,0.1290419612,1.036246021,0,0
0,0,0.3337291945,2.046872333,2,0
0,0,0.5256405391,1.919113447,0,0
0,0,0.8680668287,3.424262896,1,0
0,0,1.327493501,4.594266719,0,-1
1,1,1.940470581,6.1297708
0,0,0,0,2,0
0,0,-0.07522302783,-0.7522302783,0,0
0,0,-0.08755339028,-0.1233036245,2,0
0,0,-0.2033754226,-1.158220323,2,0
0,0,-0.4334869915,-2.301115689,1,0
0,0,-0.7178270798,-2.843400883,0,0
0,0,-1.038899006,-3.210719263,0,0
0,0,-1.438715584,-3.998165775,1,-1
1,1,-1.98158174,-5.428661561
0,0,0,0,1,0
0,0,-0.009623209604,-0.09623209604,0,0
0,0,0.06008429299,0.6970750259,2,0
0,0,0.04183204391,-0.1825224908,1,0
0,0,0.02539807059,-0.1643397332,0,0
0,0,0.08913339317,0.6373532258,2,0
0,0,0.07088037177,-0.182530214,1,0
0,0,0.05838788251,-0.1249248926,0,0
0,0,0.1481782393,0.8979035676,0,0
0,0,0.3408252649,1.926470256,2,0
0,0,0.4998054752,1.589802104,2,0
0,0,0.6544905549,1.546850797,0,0
0,0,0.9679258991,3.134353442,0,0
0,0,1.438013728,4.700878285,0,-1
1,1,2.061442379,6.234286518
0,0,0,0,0,0
0,0,0.08485008162,0.8485008162,2,0
0,0,0.1049980367,0.201479551,1,0
0,0,0.1501320687,0.4513403202,0,0
0,0,0.2961614659,1.460293972,0,0
0,0,0.5594501947,2.632887287,1,0
0,0,0.8907791033,3.313289087,2,0
0,0,1.291343878,4.005647743,2,-1
1,1,1.805992209,5.146483312
0,0,0,0,0,0
0,0,0.07556106563,0.7556106563,2,0
0,0,0.0805832475,0.05022181872,0,0
0,0,0.1942591779,1.136759304,2,0
0,0,0.2710023459,0.7674316804,2,0
0,0,0.2953324301,0.2433008425,0,0
0,0,0.4463336927,1.510012625,1,0
0,0,0.6733978137,2.27064121,2,0
0,0,0.9302196886,2.56821875,1,0
0,0,1.308868678,3.786489893,1,-1
1,1,1.822226863,5.133581848
0,0,0,0,0,0
0,0,0.07659187993,0.7659187993,2,0
0,0,0.07651704871,-0.0007483122089,2,0
0,0,-0.01575585508,-0.9227290379,1,0
0,0,-0.1270778529,-1.113219978,2,0
0,0,-0.3627379809,-2.35660128,2,0
0,0,-0.724401597,-3.616636161,1,0
0,0,-1.175819504,-4.514179069,2,-1
1,1,-1.787943263,-6.121237593
0,0,0,0,2,0
0,0,-0.08162884159,-0.8162884159,2,0
0,0,-0.2630448563,-1.814160147,2,0
0,0,-0.5680889539,-3.050440976,0,0
0,0,-0.8961021968,-3.280132429,0,0
0,0,-1.285457817,-3.893556206,0,-1
1,1,-1.788938351,-5.034805337
0,0,0,0,0,0
0,0,0.08638876977,0.8638876977,2,0
0,0,0.1025971822,0.1620841238,2,0
0,0,0.05397190571,-0.4862527645,2,0
0,0,-0.06712800429,-1.2109991,1,0
0,0,-0.1889941119,-1.218661076,2,0
0,0,-0.4353463331,-2.463522212,2,0
0,0,-0.8283928691,-3.93046536,2,0
0,0,-1.387988718,-5.595958491,2,-1
1,1,-2.097963967,-7.099752489
0,0,0,0,2,0
0,0,-0.08741006425,-0.8741006425,2,0
0,0,-0.281338319,-1.939282547,1,0
0,0,-0.5345046164,-2.531662974,0,0
0,0,-0.7926020346,-2.580974183,1,0
0,0,-1.164705618,-3.721035835,0,-1
1,1,-1.639395608,-4.746899901
0,0,0,0,0,0
0,0,0.09725572785,0.9725572785,1,0
0,0,0.2204866713,1.232309435,1,0
0,0,0.3666586002,1.461719289,1,0
0,0,0.5772891161,2.106305159,0,0
0,0,0.9391364639,3.618473478,1,0
0,0,1.416283825,4.77147361,2,-1
1,1,2.021130976,6.048471509
0,0,0,0,1,0
0,0,0.01231605457,0.1231605457,2,0
0,0,-0.07797442291,-0.9029047748,2,0
0,0,-0.2572221783,-1.792477554,2,0
0,0,-0.5671156404,-3.098934621,1,0
0,0,-0.9566837965,-3.895681561,1,0
0,0,-1.468258898,-5.115751017,1,-1
1,1,-2.122699997,-6.544410992
0,0,0,0,0,0
0,0,0.0823524178,0.823524178,0,0
0,0,0.2689267311,1.865743133,1,0
0,0,0.5154500211,2.4652329,1,0
0,0,0.8359166057,3.204665846,1,0
0,0,1.266097174,4.301805687,0,-1
1,1,1.851922799,5.858256248
0,0,0,0,2,0
0,0,-0.08595059275,-0.8595059275,1,0
0,0,-0.1798969632,-0.9394637042,0,0
0,0,-0.2124989661,-0.3260200292,2,0
0,0,-0.3833182059,-1.708192398,0,0
0,0,-0.5276182591,-1.443000532,2,0
0,0,-0.8339959455,-3.063776864,1,0
0,0,-1.239048912,-4.050529663,2,-1
1,1,-1.806326948,-5.672780358
0,0,0,0,2,0
0,0,-0.10059345,-1.0059345,0,0
0,0,-0.1137816879,-0.1318823791,1,0
0,0,-0.1503160208,-0.3653433292,1,0
0,0,-0.2148934952,-0.6457747441,0,0
0,0,-0.2245146833,-0.09621188054,0,0
0,0,-0.1896773817,0.3483730157,0,0
0,0,-0.1149739865,0.7470339519,0,0
0,0,0.03393545514,1.489094416,1,0
0,0,0.1760522077,1.421167526,1,0
0,0,0.3422368581,1.661846503,2,0
0,0,0.4756612194,1.334243613,0,0
0,0,0.7711522538,2.954910344,1,0
0,0,1.172484493,4.013322388,1,-1
1,1,1.697652359,5.251678661
0,0,0,0,2,0
0,0,-0.09326964742,-0.9326964742,2,0
0,0,-0.307184701,-2.139150536,0,0
0,0,-0.4901269065,-1.829422055,1,0
0,0,-0.7599960592,-2.698691527,2,0
0,0,-1.192999899,-4.330038401,2,-1
1,1,-1.787571549,-5.945716496
0,0,0,0,1,0
0,0,0.003741057931,0.03741057931,2,0
0,0,-0.06339681576,-0.671378737,2,0
0,0,-0.2359388355,-1.725420198,1,0
0,0,-0.4623862996,-2.264474641,0,0
0,0,-0.6748469094,-2.124606098,0,0
0,0,-0.9317550353,-2.569081259,0,0
0,0,-1.254962528,-3.232074932,1,-1
1,1,-1.713318708,-4.583561793
0,0,0,0,2,0
0,0,-0.08217868018,-0.8217868018,0,0
0,0,-0.08678636064,-0.04607680455,1,0
0,0,-0.1199135124,-0.3312715176,2,0
0,0,-0.261027274,-1.411137616,0,0
0,0,-0.3707909089,-1.097636348,0,0
0,0,-0.4752013844,-1.044104756,0,0
0,0,-0.5712890119,-0.9608762744,2,0
0,0,-0.824563273,-2.532742611,0,0
0,0,-1.135499972,-3.109366989,0,0
0,0,-1.539373871,-4.03873899,1,-1
1,1,-2.089467871,-5.500940004
0,0,0,0,1,0
0,0,0.003495386384,0.03495386384,2,0
0,0,-0.0815338784,-0.8502926479,2,0
0,0,-0.2559591095,-1.744252311,1,0
0,0,-0.4607105379,-2.047514284,1,0
0,0,-0.7254576299,-2.64747092,0,0
0,0,-1.023844943,-2.983873135,2,0
0,0,-1.490088388,-4.662434444,2,-1
1,1,-2.105954585,-6.158661971
0,0,0,0,1,0
0,0,0.0134085072,0.134085072,1,0
0,0,0.04203281426,0.2862430707,2,0
0,0,-0.006980690188,-0.4901350445,2,0
0,0,-0.1338287723,-1.268480821,0,0
0,0,-0.1966139223,-0.6278514997,0,0
0,0,-0.2078221985,-0.1120827627,2,0
0,0,-0.3317890926,-1.239668941,1,0
0,0,-0.5092406645,-1.774515718,0,0
0,0,-0.6992411417,-1.900004773,2,0
0,0,-1.053846637,-3.546054955,1,0
0,0,-1.526498349,-4.726517115,1,-1
1,1,-2.144125789,-6.176274401
0,0,0,0,1,0
0,0,0.008271345856,0.08271345856,0,0
0,0,0.1235114619,1.152401161,1,0
0,0,0.2484220542,1.249105922,1,0
0,0,0.4222011144,1.737790602,2,0
0,0,0.5907175678,1.685164534,0,0
0,0,0.9314639956,3.407464279,2,0
0,0,1.342008228,4.105442324,1,-1
1,1,1.892638708,5.506304796
0,0,0,0,2,0
0,0,-0.0942493358,-0.942493358,2,0
0,0,-0.2854798967,-1.912305609,1,0
0,0,-0.5222971167,-2.3681722,2,0
0,0,-0.8978812825,-3.755841659,1,0
0,0,-1.382899625,-4.85018342,1,-1
1,1,-2.005201109,-6.223014841
0,0,0,0,0,0
0,0,0.09289840027,0.9289840027,2,0
0,0,0.1246001974,0.3170179713,1,0
0,0,0.1907556867,0.6615548928,1,0
0,0,0.2865020069,0.9574632024,2,0
0,0,0.3536037258,0.6710171884,0,0
0,0,0.555329702,2.017259763,2,0
0,0,0.7610287639,2.056990618,2,0
0,0,1.008421318,2.473925543,2,0
0,0,1.335860836,3.27439518,1,-1
1,1,1.804717272,4.688564357
0,0,0,0,0,0
0,0,0.08819913077,0.8819913077,0,0
0,0,0.282059727,1.938605962,0,0
0,0,0.610830373,3.287706459,0,0
0,0,1.090846513,4.800161405,0,-1
1,1,1.731243298,6.403967847
0,0,0,0,1,0
0,0,-0.01606002227,-0.1606002227,0,0
0,0,0.04348071823,0.595407405,1,0
0,0,0.1253030261,0.8182230784,0,0
0,0,0.3088840542,1.835810281,1,0
0,0,0.5341644061,2.252803519,0,0
0,0,0.9210914461,3.8692704,1,0
0,0,1.429523286,5.084318397,0,-1
1,1,2.08956948,6.600461947
0,0,0,0,1,0
0,0,0.001080024019,0.01080024019,2,0
0,0,-0.09777863046,-0.9885865448,2,0
0,0,-0.3120028241,-2.142241936,0,0
0,0,-0.4904122141,-1.7840939,0,0
0,0,-0.6603294773,-1.699172632,1,0
0,0,-0.9271083188,-2.667788415,2,0
0,0,-1.356175961,-4.290676424,0,-1
1,1,-1.906753136,-5.505771748
0,0,0,0,2,0
0,0,-0.09384710659,-0.9384710659,2,0
0,0,-0.3004170553,-2.065699487,0,0
0,0,-0.4725630233,-1.72145968,1,0
0,0,-0.7302077085,-2.576446852,0,0
0,0,-1.038426346,-3.082186372,2,0
0,0,-1.516626458,-4.782001125,2,-1
1,1,-2.143904117,-6.272776592
0,0,0,0,0,0
0,0,0.09872913354,0.9872913354,1,0
0,0,0.2015559655,1.02826832,0,0
0,0,0.4331708674,2.316149018,0,0
0,0,0.794272649,3.611017816,2,0
0,0,1.202252828,4.079801792,2,-1
1,1,1.71116472,5.089118914
0,0,0,0,2,0
0,0,-0.08946232495,-0.8946232495,1,0
0,0,-0.1911602591,-1.016979342,0,0
0,0,-0.2327092648,-0.4154900569,2,0
0,0,-0.3928563251,-1.601470603,2,0
0,0,-0.6922222296,-2.993659045,0,0
0,0,-1.033069235,-3.408470053,2,0
0,0,-1.53242681,-4.993575749,1,-1
1,1,-2.176768162,-6.443413517
0,0,0,0,2,0
0,0,-0.09984502944,-0.9984502944,0,0
0,0,-0.134708945,-0.3486391558,0,0
0,0,-0.0897126085,0.4499633652,1,0
0,0,-0.05409815088,0.3561445762,0,0
0,0,0.07250065853,1.265988094,0,0
0,0,0.2841307014,2.116300429,1,0
0,0,0.5361876971,2.520569957,0,0
0,0,0.9534516403,4.172639433,1,0
0,0,1.49082268,5.373710395,0,-1
1,1,2.177473449,6.866507692
0,0,0,0,0,0
0,0,0.08212107185,0.8212107185,2,0
0,0,0.09055316869,0.0843209684,1,0
0,0,0.1264887768,0.3593560816,1,0
0,0,0.1712862935,0.447975167,0,0
0,0,0.3316223263,1.603360328,0,0
0,0,0.6270100161,2.953876898,0,0
0,0,1.067124526,4.401145101,2,-1
1,1,1.593579712,5.264551857
0,0,0,0,0,0
0,0,0.09736685144,0.9736685144,1,0
0,0,0.2254322144,1.280653629,1,0
0,0,0.3888682946,1.634360802,0,0
0,0,0.6959666437,3.070983491,0,0
0,0,1.166432863,4.704662195,0,-1
1,1,1.791304891,6.248720282
0,0,0,0,1,0
0,0,-0.00852887924,-0.0852887924,0,0
0,0,0.07343154568,0.8196042492,0,0
0,0,0.2598218149,1.863902692,1,0
0,0,0.4903697991,2.305479842,2,0
0,0,0.707049656,2.166798569,2,0
0,0,0.9582600215,2.512103655,2,0
0,0,1.280371642,3.221116206,0,-1
1,1,1.763377316,4.830056736
0,0,0,0,2,0
0,0,-0.08492254339,-0.8492254339,2,0
0,0,-0.2705357907,-1.856132473,1,0
0,0,-0.5141368787,-2.436010881,1,0
0,0,-0.8459138325,-3.317769537,0,0
0,0,-1.237680534,-3.917667013,2,-1
1,1,-1.78619354,-5.485130063
0,0,0,0,1,0
0,0,-0.01514176281,-0.1514176281,1,0
0,0,-0.03903398532,-0.2389222251,2,0
0,0,-0.1515458527,-1.125118674,0,0
0,0,-0.2150114831,-0.6346563039,1,0
0,0,-0.3020156401,-0.8700415704,2,0
0,0,-0.5105205076,-2.085048675,2,0
0,0,-0.8830684716,-3.72547964,0,0
0,0,-1.321400989,-4.383325171,2,-1
1,1,-1.912995016,-5.915940275
0,0,0,0,2,0
0,0,-0.0939386703,-0.939386703,0,0
0,0,-0.1166765276,-0.2273785727,1,0
0,0,-0.1606730469,-0.4399651934,1,0
0,0,-0.2374263884,-0.7675334149,2,0
0,0,-0.4512603632,-2.138339748,2,0
0,0,-0.8150321171,-3.63771754,1,0
0,0,-1.279088138,-4.640560204,0,-1
1,1,-1.854001659,-5.749135211
0,0,0,0,1,0
0,0,0.003598532909,0.03598532909,0,0
0,0,0.0825078816,0.7890934869,0,0
0,0,0.2769256106,1.94417729,0,0
0,0,0.6088163206,3.3189071,2,0
0,0,0.9696851643,3.608688436,2,0
0,0,1.407540928,4.378557638,0,-1
1,1,1.999934988,5.923940601
0,0,0,0,2,0
0,0,-0.09816352483,-0.9816352483,1,0
0,0,-0.2070192209,-1.088556961,2,0
0,0,-0.431783703,-2.247644822,1,0
0,0,-0.7273187049,-2.955350018,1,0
0,0,-1.123142542,-3.958238369,2,-1
1,1,-1.685471855,-5.623293135
0,0,0,0,0,0
0,0,0.1022365991,1.022365991,0,0
0,0,0.3252443536,2.230077545,0,0
0,0,0.6941704235,3.689260698,0,0
0,0,1.215826279,5.216558556,2,-1
1,1,1.841385363,6.255590844
0,0,0,0,0,0
0,0,0.09214453454,0.9214453454,2,0
0,0,0.1239182673,0.3177373274,2,0
0,0,0.08935538998,-0.345628773,2,0
0,0,-0.001579739,-0.9093512898,0,0
0,0,-0.01759965645,-0.1601991745,1,0
0,0,-0.02404983632,-0.06450179871,1,0
0,0,-0.02530232886,-0.01252492539,1,0
0,0,-0.02022572836,0.050766005,1,0
0,0,-0.03259924793,-0.1237351957,2,0
0,0,-0.1551053996,-1.225061517,0,0
0,0,-0.2266945198,-0.7158912013,1,0
0,0,-0.3456344857,-1.18939966,1,0
0,0,-0.5276826574,-1.820481716,0,0
0,0,-0.726937573,-1.992549156,0,0
0,0,-0.9754082305,-2.484706575,0,0
0,0,-1.303780221,-3.283719904,0,-1
1,1,-1.755134536,-4.513543153
0,0,0,0,2,0
0,0,-0.08955837329,-0.8955837329,0,0
0,0,-0.1076978771,-0.1813950378,1,0
0,0,-0.1298724293,-0.2217455224,2,0
0,0,-0.2670479648,-1.371755355,1,0
0,0,-0.4474735346,-1.804255698,2,0
0,0,-0.7759614816,-3.28487947,1,0
0,0,-1.203562189,-4.276007075,2,-1
1,1,-1.785619067,-5.820568779
0,0,0,0,1,0
0,0,0.00993073465,0.0993073465,0,0
0,0,0.09735926867,0.8742853402,1,0
0,0,0.205749643,1.083903743,1,0
0,0,0.3613311083,1.555814654,1,0
0,0,0.5903571719,2.290260636,0,0
0,0,0.9645361997,3.741790278,0,0
0,0,1.494759763,5.30223563,2,-1
1,1,2.161932586,6.671728234
0,0,0,0,0,0
0,0,0.09460568044,0.9460568044,1,0
0,0,0.2206259673,1.260202869,1,0
0,0,0.3752374024,1.546114351,0,0
0,0,0.6686176527,2.933802503,2,0
0,0,0.9962804327,3.2766278,2,0
0,0,1.410980486,4.147000532,0,-1
1,1,1.978367649,5.673871631
0,0,0,0,0,0
0,0,0.0958770942,0.958770942,1,0
0,0,0.1989997373,1.031226431,2,0
0,0,0.2376504633,0.3865072604,1,0
0,0,0.3169087878,0.7925832447,0,0
0,0,0.5371750352,2.202662474,2,0
0,0,0.7659530007,2.287779656,0,0
0,0,1.155475583,3.895225819,0,-1
1,1,1.702422169,5.469465866
0,0,0,0,0,0
0,0,0.0914563832,0.914563832,2,0
0,0,0.1268186192,0.3536223597,2,0
0,0,0.09441844366,-0.3240017552,0,0
0,0,0.1603576947,0.6593925102,0,0
0,0,0.3239366309,1.635789362,1,0
0,0,0.5289882003,2.050515694,0,0
0,0,0.8745709966,3.455827963,1,0
0,0,1.331519546,4.569485496,2,-1
1,1,1.909511039,5.779914931
0,0,0,0,2,0
0,0,-0.1024044701,-1.024044701,1,0
0,0,-0.2130615425,-1.106570724,1,0
0,0,-0.3731048019,-1.600432593,2,0
0,0,-0.6810654409,-3.07960639,1,0
0,0,-1.078468692,-3.974032509,2,-1
1,1,-1.639866517,-5.613978255
0,0,0,0,0,0
0,0,0.08916991282,0.8916991282,2,0
0,0,0.109884889,0.2071497617,1,0
0,0,0.1424009939,0.3251610486,0,0
0,0,0.2927637527,1.503627589,0,0
0,0,0.5607291405,2.679653878,0,0
0,0,0.9863066823,4.255775417,1,0
0,0,1.528750496,5.424438135,2,-1
1,1,2.212688284,6.839377884
0,0,0,0,2,0
0,0,-0.07569902269,-0.7569902269,1,0
0,0,-0.1692332957,-0.9353427304,1,0
0,0,-0.2979355964,-1.287023006,1,0
0,0,-0.4869952572,-1.890596609,2,0
0,0,-0.8293073238,-3.423120666,2,0
0,0,-1.333669062,-5.043617378,2,-1
1,1,-1.990868876,-6.571998143
0,0,0,0,1,0
0,0,0.01080112732,0.1080112732,0,0
0,0,0.1187766067,1.079754794,0,0
0,0,0.3224300556,2.036534489,0,0
0,0,0.6516497041,3.292196484,1,0
0,0,1.058848308,4.071986035,0,-1
1,1,1.630482466,5.716341586
0,0,0,0,0,0
0,0,0.09926649099,0.9926649099,2,0
0,0,0.1184132752,0.1914678421,1,0
0,0,0.1519642966,0.3355102144,2,0
0,0,0.1291537644,-0.2281053226,0,0
0,0,0.2003719174,0.7121815307,0,0
0,0,0.3763182759,1.759463584,2,0
0,0,0.547472924,1.711546482,1,0
0,0,0.7940342601,2.46561336,1,0
0,0,1.153259493,3.592252328,1,-1
1,1,1.640596796,4.873373031
0,0,0,0,1,0
0,0,0.007164852843,0.07164852843,2,0
0,0,-0.06656895289,-0.7373380574,0,0
0,0,-0.06935632619,-0.02787373292,1,0
0,0,-0.06893299441,0.004233317774,0,0
0,0,0.006852203608,0.7578519802,0,0
0,0,0.184610798,1.777585944,1,0
0,0,0.4045867452,2.199759472,1,0
0,0,0.6802838537,2.756971085,2,0
0,0,0.987622838,3.073389844,2,0
0,0,1.37626486,3.886420225,2,-1
1,1,1.892512836,5.162479755
0,0,0,0,0,0
0,0,0.0917835553,0.917835553,2,0
0,0,0.124907109,0.3312355369,2,0
0,0,0.09952524491,-0.2538186408,1,0
0,0,0.08346968073,-0.1605556418,2,0
0,0,-0.00673946398,-0.9020914471,1,0
0,0,-0.1004027915,-0.9366332755,0,0
0,0,-0.1255648019,-0.2516201035,0,0
0,0,-0.09813580366,0.2742899821,2,0
0,0,-0.1869208286,-0.8878502491,1,0
0,0,-0.2993745989,-1.124537703,0,0
0,0,-0.3688641659,-0.6948956704,1,0
0,0,-0.5118886903,-1.430245244,2,0
0,0,-0.8029857605,-2.910970702,2,0
0,0,-1.255765825,-4.527800648,0,-1
1,1,-1.822283345,-5.665175201
0,0,0,0,1,0
0,0,-0.002949859756,-0.02949859756,2,0
0,0,-0.07826501718,-0.7531515743,2,0
0,0,-0.2484215159,-1.701564987,0,0
0,0,-0.3665733467,-1.181518308,2,0
0,0,-0.6116524515,-2.450791048,1,0
0,0,-0.9475014034,-3.35848952,1,0
0,0,-1.406519176,-4.590177723,2,-1
1,1,-2.018318487,-6.117993111
0,0,0,0,0,0
0,0,0.08329034972,0.8329034972,0,0
0,0,0.2723809001,1.890905504,0,0
0,0,0.5757891249,3.034082248,1,0
0,0,0.9476115912,3.718224663,1,0
0,0,1.427640335,4.800287439,2,-1
1,1,2.036772943,6.091326075
0,0,0,0,2,0
0,0,-0.1037092652,-1.037092652,2,0
0,0,-0.3196257452,-2.159164799,1,0
0,0,-0.5980845327,-2.784587875,0,0
0,0,-0.8971232699,-2.990387372,0,0
0,0,-1.261018076,-3.638948059,2,-1
1,1,-1.782143781,-5.211257048
0,0,0,0,1,0
0,0,-0.01214376058,-0.1214376058,0,0
0,0,0.06778458347,0.7992834404,0,0
0,0,0.2448754537,1.770908703,1,0
0,0,0.4694575488,2.24582095,2,0
0,0,0.7017163254,2.322587766,0,0
0,0,1.090171958,3.884556323,2,-1
1,1,1.574532022,4.843600648
0,0,0,0,2,0
0,0,-0.09880838212,-0.9880838212,0,0
0,0,-0.1414861885,-0.4267780636,2,0
0,0,-0.3043651893,-1.628790009,2,0
0,0,-0.6112235268,-3.068583374,2,0
0,0,-1.078968469,-4.677449419,1,-1
1,1,-1.668758336,-5.897898675
0,0,0,0,1,0
0,0,-0.01157424278,-0.1157424278,2,0
0,0,-0.1178376388,-1.06263396,2,0
0,0,-0.337182767,-2.193451283,1,0
0,0,-0.6087872171,-2.716044501,0,0
0,0,-0.9130013986,-3.042141815,0,0
0,0,-1.28330215,-3.703007511,2,-1
1,1,-1.809522145,-5.262199954
0,0,0,0,0,0
0,0,0.07938957424,0.7938957424,0,0
0,0,0.2773327344,1.979431602,2,0
0,0,0.441358254,1.640255195,2,0
0,0,0.6079961815,1.666379276,2,0
0,0,0.8054696277,1.974734462,0,0
0,0,1.166110532,3.606409044,2,-1
1,1,1.621973061,4.558625286
0,0,0,0,2,0
0,0,-0.0805663545,-0.805663545,1,0
0,0,-0.1884612185,-1.07894864,1,0
0,0,-0.3112619574,-1.228007389,2,0
0,0,-0.5626173793,-2.513554219,2,0
0,0,-0.9715204631,-4.089030838,1,0
0,0,-1.487932279,-5.164118162,2,-1
1,1,-2.153577283,-6.656450038
0,0,0,0,0,0
0,0,0.07597559575,0.7597559575,0,0
0,0,0.2611411101,1.851655143,0,0
0,0,0.5632902212,3.021491111,2,0
0,0,0.8714893921,3.081991709,2,0
0,0,1.249034606,3.775452141,1,-1
1,1,1.75712683,5.08092224
0,0,0,0,2,0
0,0,-0.08352761308,-0.8352761308,2,0
0,0,-0.2829584544,-1.994308413,0,0
0,0,-0.4549849953,-1.720265409,2,0
0,0,-0.7846686726,-3.296836773,2,0
0,0,-1.280926568,-4.962578957,0,-1
1,1,-1.887141585,-6.062150165
0,0,0,0,0,0
0,0,0.0970585442,0.970585442,2,0
0,0,0.1323830308,0.3532448657,0,0
0,0,0.292019693,1.596366622,0,0
0,0,0.5933394911,3.013197981,1,0
0,0,0.9661779144,3.728384233,2,0
0,0,1.418270963,4.520930484,0,-1
1,1,2.024501358,6.062303949
0,0,0,0,1,0
0,0,-0.009077566376,-0.09077566376,2,0
0,0,-0.09268411786,-0.8360655148,1,0
0,0,-0.2043252486,-1.116411308,0,0
0,0,-0.2474592405,-0.4313399188,2,0
0,0,-0.4121278303,-1.646685898,0,0
0,0,-0.5656455783,-1.53517748,0,0
0,0,-0.7385320807,-1.728865025,1,0
0,0,-1.028538124,-2.900060435,2,0
0,0,-1.47886201,-4.503238853,0,-1
1,1,-2.064970029,-5.861080192
0,0,0,0,0,0
0,0,0.09927584058,0.9927584058,2,0
0,0,0.1213377417,0.2206190116,1,0
0,0,0.1647254181,0.4338767632,0,0
0,0,0.3076105775,1.428851594,2,0
0,0,0.4225213888,1.149108113,1,0
0,0,0.6055200141,1.829986253,2,0
0,0,0.8238571931,2.18337179,1,0
0,0,1.145485606,3.216284133,1,-1
1,1,1.594459941,4.489743345
0,0,0,0,2,0
0,0,-0.0992355901,-0.992355901,0,0
0,0,-0.1264017955,-0.2716620535,1,0
0,0,-0.1903300785,-0.6392828304,0,0
0,0,-0.1970241804,-0.06694101951,2,0
0,0,-0.3118954905,-1.148713101,2,0
0,0,-0.5500679542,-2.381724637,2,0
0,0,-0.9510942686,-4.010263144,0,0
0,0,-1.416094552,-4.650002838,2,-1
1,1,-2.034342851,-6.182482981
0,0,0,0,0,0
0,0,0.09601301249,0.9601301249,1,0
0,0,0.2009615575,1.04948545,2,0
0,0,0.2557873809,0.5482582342,0,0
0,0,0.4390417634,1.832543825,0,0
0,0,0.7692170286,3.301752652,1,0
0,0,1.191516694,4.222996658,2,-1
1,1,1.716043624,5.245269295
0,0,0,0,2,0
0,0,-0.0892431086,-0.892431086,0,0
0,0,-0.104496468,-0.1525335942,0,0
0,0,-0.05484986574,0.4964660229,1,0
0,0,-0.02745329726,0.2739656847,0,0
0,0,0.09073711366,1.181904109,1,0
0,0,0.2399043274,1.491672138,2,0
0,0,0.3408551622,1.009508348,2,0
0,0,0.4214241601,0.8056899787,1,0
0,0,0.5678417217,1.464175616,2,0
0,0,0.7239680586,1.561263369,0,0
0,0,1.052770731,3.288026724,0,0
0,0,1.549311821,4.965410897,1,-1
1,1,2.192107733,6.427959125
0,0,0,0,0,0
0,0,0.09503021182,0.9503021182,2,0
0,0,0.1167610549,0.2173084305,1,0
0,0,0.1608903608,0.4412930589,2,0
0,0,0.1315745497,-0.2931581111,1,0
0,0,0.1256523025,-0.05922247185,0,0
0,0,0.2402782209,1.146259184,2,0
0,0,0.3210790638,0.8080084285,0,0
0,0,0.542427539,2.213484753,2,0
0,0,0.7821936843,2.397661453,0,0
0,0,1.180261235,3.980675507,2,-1
1,1,1.685151701,5.048904657
0,0,0,0,2,0
0,0,-0.08839291208,-0.8839291208,2,0
0,0,-0.2921348463,-2.037419342,1,0
0,0,-0.5593278425,-2.671929962,2,0
0,0,-0.9737261407,-4.143982982,2,0
0,0,-1.541327026,-5.676008856,0,-1
1,1,-2.252445619,-7.111185923
0,0,0,0,0,0
0,0,0.0994984843,0.994984843,1,0
0,0,0.2280734676,1.285749833,2,0
0,0,0.3261777996,0.9810433206,2,0
0,0,0.3870741336,0.6089633396,2,0
0,0,0.4319468632,0.4487272957,2,0
0,0,0.4796874773,0.4774061418,1,0
0,0,0.6127156057,1.330281284,2,0
0,0,0.7721534154,1.594378097,0,0
0,0,1.105823432,3.336700162,2,0
0,0,1.537674187,4.318507551,1,-1
1,1,2.115145958,5.77471771
0,0,0,0,0,0
0,0,0.08126832891,0.8126832891,2,0
0,0,0.1033484205,0.2208009155,2,0
0,0,0.06182858021,-0.4151984025,1,0
0,0,0.0160777314,-0.4575084881,2,0
0,0,-0.1085182233,-1.245959547,1,0
0,0,-0.2574227476,-1.489045243,2,0
0,0,-0.5310895894,-2.736668418,1,0
0,0,-0.8738555072,-3.427659178,0,0
0,0,-1.270301716,-3.96446209,0,-1
1,1,-1.779878034,-5.095763181
0,0,0,0,1,0
0,0,-0.00577717904,-0.0577717904,2,0
0,0,-0.10237716,-0.9659998099,1,0
0,0,-0.2210041037,-1.186269436,0,0
0,0,-0.2877956482,-0.667915445,2,0
0,0,-0.4730365485,-1.852409003,2,0
0,0,-0.8096455408,-3.366089923,2,0
0,0,-1.299857698,-4.902121569,1,-1
1,1,-1.921380172,-6.215224748
0,0,0,0,0,0
0,0,0.09959507219,0.9959507219,1,0
0,0,0.2163776136,1.167825414,0,0
0,0,0.4545759834,2.381983699,0,0
0,0,0.8432352233,3.886592399,1,0
0,0,1.344686572,5.014513484,1,-1
1,1,1.97895436,6.342677884
0,0,0,0,2,0
0,0,-0.09873099166,-0.9873099166,0,0
0,0,-0.1334466009,-0.3471560921,0,0
0,0,-0.09426527064,0.3918133023,1,0
0,0,-0.05668499385,0.3758027679,0,0
0,0,0.04504308715,1.01728081,2,0
0,0,0.07739606864,0.3235298149,2,0
0,0,0.04733745193,-0.3005861671,2,0
0,0,-0.05915407582,-1.064915277,1,0
0,0,-0.1866855264,-1.275314505,0,0
0,0,-0.2621332151,-0.7544768871,0,0
0,0,-0.3060821684,-0.4394895335,0,0
0,0,-0.3203087944,-0.1422662595,1,0
0,0,-0.396455354,-0.7614655962,1,0
0,0,-0.5525243587,-1.560690047,1,0
0,0,-0.7831184117,-2.30594053,2,0
0,0,-1.169473463,-3.863550517,0,-1
1,1,-1.655059731,-4.855862675
0,0,0,0,2,0
0,0,-0.08658775902,-0.8658775902,1,0
0,0,-0.1821481502,-0.9556039121,0,0
0,0,-0.2331957194,-0.5104756918,0,0
0,0,-0.2529212175,-0.1972549812,1,0
0,0,-0.3295532335,-0.7663201602,2,0
0,0,-0.5535339773,-2.239807437,2,0
0,0,-0.9213398899,-3.678059127,0,0
0,0,-1.360995083,-4.396551934,0,-1
1,1,-1.923251036,-5.622559526
0,0,0,0,2,0
0,0,-0.09329902394,-0.9329902394,0,0
0,0,-0.122090342,-0.287913181,2,0
0,0,-0.2706135714,-1.485232293,2,0
0,0,-0.5572683878,-2.866548165,2,0
0,0,-1.003416554,-4.46148166,1,0
0,0,-1.568213801,-5.64797247,0,-1
1,1,-2.279715911,-7.115021101
0,0,0,0,2,0
0,0,-0.07328966555,-0.7328966555,0,0
0,0,-0.08039668545,-0.071070199,1,0
0,0,-0.107472349,-0.270756635,0,0
0,0,-0.07732652378,0.3014582518,1,0
0,0,-0.07705827828,0.002682454994,0,0
0,0,-0.006728804626,0.7032947365,1,0
0,0,0.0581774896,0.6490629423,1,0
0,0,0.1171259523,0.5894846271,2,0
0,0,0.09689770227,-0.2022825005,2,0
0,0,0.009252327983,-0.8764537428,2,0
0,0,-0.1611088938,-1.703612218,2,0
0,0,-0.4346039337,-2.734950399,2,0
0,0,-0.8653718728,-4.307679391,0,0
0,0,-1.348920751,-4.835488784,1,-1
1,1,-1.967514946,-6.185941952
0,0,0,0,0,0
0,0,0.08865047967,0.8865047967,2,0
0,0,0.1150796894,0.2642920973,2,0
0,0,0.06411831198,-0.5096137742,2,0
0,0,-0.05516998305,-1.19288295,2,0
0,0,-0.2856933611,-2.30523378,0,0
0,0,-0.4861596453,-2.004662842,2,0
0,0,-0.8305359203,-3.44376275,1,0
0,0,-1.291531957,-4.609960365,1,-1
1,1,-1.890116298,-5.98584341
0,0,0,0,0,0
0,0,0.07169188228,0.7169188228,0,0
0,0,0.2260558227,1.543639404,0,0
0,0,0.4931443049,2.670884822,0,0
0,0,0.8990666719,4.05922367,0,0
0,0,1.460475138,5.614084665,0,-1
1,1,2.170927481,7.10452343
0,0,0,0,0,0
0,0,0.1027947602,1.027947602,2,0
0,0,0.1415360485,0.3874128828,0,0
0,0,0.2967446718,1.552086233,0,0
0,0,0.5989290268,3.02184355,1,0
0,0,0.9907917925,3.918627657,1,0
0,0,1.495169919,5.043781269,2,-1
1,1,2.13874141,6.43571491
0,0,0,0,0,0
0,0,0.08965122452,0.8965122452,1,0
0,0,0.1937710855,1.04119861,1,0
0,0,0.3279665829,1.341954974,1,0
0,0,0.5048261106,1.768595277,0,0
0,0,0.8214344423,3.166083317,0,0
0,0,1.30558702,4.841525774,0,-1
1,1,1.942567467,6.369804473
0,0,0,0,0,0
0,0,0.0732255975,0.732255975,1,0
0,0,0.1673379669,0.9411236939,2,0
0,0,0.203798066,0.3646009909,1,0
0,0,0.2612001182,0.5740205219,2,0
0,0,0.2899857081,0.2878558993,0,0
0,0,0.4547535647,1.647678566,0,0
0,0,0.7739192381,3.191656735,1,0
0,0,1.18845123,4.145319916,0,-1
1,1,1.766093734,5.776425047
0,0,0,0,0,0
0,0,0.104159503,1.04159503,1,0
0,0,0.2299285277,1.257690247,0,0
0,0,0.4782656222,2.483370945,2,0
0,0,0.737286699,2.590210768,2,0
0,0,1.038002304,3.007156046,0,0
0,0,1.497379582,4.593772789,0,-1
1,1,2.106615038,6.092354553
0,0,0,0,1,0
0,0,0.01178426988,0.1178426988,2,0
0,0,-0.06789950159,-0.7968377146,0,0
0,0,-0.06787696872,0.0002253286741,1,0
0,0,-0.07338826258,-0.05511293859,2,0
0,0,-0.1757172126,-1.0232895,2,0
0,0,-0.4091304377,-2.334132251,1,0
0,0,-0.7159255319,-3.067950942,1,0
0,0,-1.108947759,-3.930222272,2,-1
1,1,-1.667856331,-5.589085716
0,0,0,0,0,0
0,0,0.1047004888,1.047004888,1,0
0,0,0.2300725309,1.25372042,0,0
0,0,0.4686492276,2.385766967,0,0
0,0,0.8679451423,3.992959147,2,0
0,0,1.320081629,4.521364871,1,-1
1,1,1.90866482,5.885831903
0,0,0,0,0,0
0,0,0.09807210589,0.9807210589,1,0
0,0,0.2133050566,1.152329507,2,0
0,0,0.2681493437,0.5484428708,1,0
0,0,0.3846954961,1.165461524,1,0
0,0,0.561037197,1.763417009,0,0
0,0,0.8967918646,3.357546677,2,0
0,0,1.290078903,3.932870381,2,-1
1,1,1.7965863,5.06507397
0,0,0,0,1,0
0,0,-0.01294247263,-0.1294247263,0,0
0,0,0.05037635277,0.6331882541,0,0
0,0,0.211289414,1.609130612,2,0
0,0,0.3286865687,1.173971547,0,0
0,0,0.5983130287,2.6962646,1,0
0,0,0.9520199832,3.537069545,0,0
0,0,1.46427186,5.122518766,2,-1
1,1,2.111486931,6.472150711
0,0,0,0,0,0
0,0,0.07495127389,0.7495127389,1,0
0,0,0.1705695211,0.9561824719,2,0
0,0,0.2092715205,0.3870199938,2,0
0,0,0.18234734,-0.2692418047,1,0
0,0,0.1988524998,0.1650515976,2,0
0,0,0.1503519793,-0.4850052043,1,0
0,0,0.120112042,-0.3023993737,0,0
0,0,0.1936610128,0.7354897083,0,0
0,0,0.3960800162,2.024190034,0,0
0,0,0.7410439841,3.449639679,2,0
0,0,1.117673467,3.766294826,0,-1
1,1,1.652014269,5.343408027
0,0,0,0,2,0
0,0,-0.0880415646,-0.880415646,2,0
0,0,-0.2796121246,-1.9157056,1,0
0,0,-0.5270421631,-2.474300385,1,0
0,0,-0.8473236495,-3.202814864,1,0
0,0,-1.279445542,-4.321218923,0,-1
1,1,-1.821574949,-5.421294072
0,0,0,0,1,0
0,0,-0.01276276279,-0.1276276279,0,0
0,0,0.07811714825,0.9087991104,2,0
0,0,0.08552939324,0.07412244987,1,0
0,0,0.1214582952,0.3592890195,0,0
0,0,0.2611998287,1.397415336,2,0
0,0,0.3453379726,0.8413814384,2,0
0,0,0.4003179329,0.5497996028,2,0
0,0,0.4370335896,0.3671565679,1,0
0,0,0.5465127806,1.094791909,1,0
0,0,0.743023262,1.965104815,2,0
0,0,0.9837322287,2.407089666,1,0
0,0,1.349547545,3.658153167,1,-1
1,1,1.856258347,5.067108013
0,0,0,0,1,0
0,0,0.01515445355,0.1515445355,0,0
0,0,0.1277974475,1.126429939,0,0
0,0,0.3543215434,2.265240959,0,0
0,0,0.711948908,3.576273646,1,0
0,0,1.157238683,4.452897753,1,-1
1,1,1.724669895,5.674312113
0,0,0,0,0,0
0,0,0.09216879033,0.9216879033,0,0
0,0,0.2914140134,1.992452231,0,0
0,0,0.6085481236,3.171341101,0,0
0,0,1.088240499,4.796923752,2,-1
1,1,1.654396738,5.661562389
0,0,0,0,1,0
0,0,-0.005975254713,-0.05975254713,2,0
0,0,-0.09702855859,-0.9105330387,0,0
0,0,-0.1083164426,-0.1128788402,0,0
0,0,-0.03373235587,0.7458408673,1,0
0,0,0.03087602975,0.6460838562,0,0
0,0,0.184755159,1.538791292,0,0
0,0,0.4465613857,2.618062267,2,0
0,0,0.6911616423,2.446002567,0,0
0,0,1.089746944,3.985853015,1,-1
1,1,1.61774193,5.279949858
0,0,0,0,2,0
0,0,-0.1031311901,-1.031311901,2,0
0,0,-0.2966381963,-1.935070063,0,0
0,0,-0.4529129936,-1.562747973,2,0
0,0,-0.7586706726,-3.05757679,0,0
0,0,-1.099330952,-3.406602796,2,-1
1,1,-1.596395452,-4.970645002
0,0,0,0,2,0
0,0,-0.09754772323,-0.9754772323,0,0
0,0,-0.1073762187,-0.09828495474,2,0
0,0,-0.235964918,-1.285886993,2,0
0,0,-0.4890635443,-2.530986262,1,0
0,0,-0.8039759261,-3.149123818,2,0
0,0,-1.276897958,-4.729220321,1,-1
1,1,-1.885906937,-6.09008979
0,0,0,0,2,0
0,0,-0.1032081594,-1.032081594,2,0
0,0,-0.3158218439,-2.126136845,0,0
0,0,-0.5077822749,-1.91960431,0,0
0,0,-0.6996415832,-1.918593083,0,0
0,0,-0.9287061915,-2.290646083,2,0
0,0,-1.325420546,-3.96714355,1,-1
1,1,-1.858346181,-5.329256347
0,0,0,0,1,0
0,0,-0.01385815425,-0.1385815425,0,0
0,0,0.04828642194,0.6214457618,0,0
0,0,0.2125889361,1.643025142,0,0
0,0,0.4929217789,2.803328428,1,0
0,0,0.8358632732,3.429414943,2,0
0,0,1.226557253,3.906939794,1,-1
1,1,1.755618661,5.290614087
0,0,0,0,2,0
0,0,-0.08471026379,-0.8471026379,2,0
0,0,-0.2588813962,-1.741711324,0,0
0,0,-0.4063190926,-1.474376964,0,0
0,0,-0.5430451921,-1.367260995,2,0
0,0,-0.8436395368,-3.005943447,1,0
0,0,-1.262796918,-4.191573816,0,-1
1,1,-1.795460545,-5.326636261
0,0,0,0,1,0
0,0,0.008102745037,0.08102745037,2,0
0,0,-0.06391680457,-0.720195496,0,0
0,0,-0.04696557914,0.1695122543,1,0
0,0,-0.04397900403,0.02986575109,2,0
0,0,-0.1254567424,-0.8147773833,1,0
0,0,-0.2236102835,-0.9815354114,2,0
0,0,-0.4310970727,-2.074867892,1,0
0,0,-0.6942360286,-2.631389559,1,0
0,0,-1.066520801,-3.722847723,1,0
0,0,-1.564031846,-4.975110446,0,-1
1,1,-2.20774042,-6.437085742
0,0,0,0,1,0
0,0,0.01629165572,0.1629165572,2,0
0,0,-0.06879878247,-0.8509043819,1,0
0,0,-0.1658206898,-0.9702190735,2,0
0,0,-0.366383622,-2.005629322,0,0
0,0,-0.5440653845,-1.776817625,2,0
0,0,-0.8636179155,-3.19552531,2,0
0,0,-1.3472448,-4.836268842,1,-1
1,1,-1.965516556,-6.182717559
0,0,0,0,1,0
0,0,-0.01376592315,-0.1376592315,0,0
0,0,0.04211458519,0.5588050834,2,0
0,0,0.008816396647,-0.3329818854,1,0
0,0,-0.006650684467,-0.1546708111,1,0
0,0,-0.01656396873,-0.09913284259,0,0
0,0,0.05217268289,0.6873665162,2,0
0,0,0.03829298827,-0.1387969462,1,0
0,0,0.02884742779,-0.09445560481,2,0
0,0,-0.07782596831,-1.066733961,2,0
0,0,-0.2902187229,-2.123927546,1,0
0,0,-0.5639980444,-2.737793215,0,0
0,0,-0.8355031034,-2.71505059,0,0
0,0,-1.163103853,-3.276007498,2,-1
1,1,-1.653827405,-4.90723552
0,0,0,0,1,0
0,0,-0.01383222185,-0.1383222185,0,0
0,0,0.07561607521,0.8944829706,2,0
0,0,0.09728271894,0.2166664373,2,0
0,0,0.05772344641,-0.3955927253,0,0
0,0,0.1134991197,0.5577567331,0,0
0,0,0.2611712783,1.476721586,0,0
0,0,0.5415018405,2.803305622,2,0
0,0,0.8394555191,2.979536787,0,0
0,0,1.305275617,4.658200982,1,-1
1,1,1.908980653,6.037050362
0,0,0,0,0,0
0,0,0.07746807233,0.7746807233,2,0
0,0,0.06848395236,-0.08984119978,0,0
0,0,0.1447895466,0.763055942,0,0
0,0,0.330059867,1.852703205,0,0
0,0,0.6596698601,3.296099931,1,0
0,0,1.071624813,4.11954953,2,0
0,0,1.564789168,4.931643546,2,-1
1,1,2.20423409,6.394449218
0,0,0,0,2,0
0,0,-0.0798371078,-0.798371078,0,0
0,0,-0.08836629784,-0.08529190039,2,0
0,0,-0.2065555764,-1.181892786,1,0
0,0,-0.356565901,-1.500103246,2,0
0,0,-0.6609595718,-3.043936708,1,0
0,0,-1.046368347,-3.854087752,0,0
0,0,-1.508356987,-4.619886397,1,-1
1,1,-2.115570327,-6.072133399
0,0,0,0,0,0
0,0,0.0720217252,0.720217252,2,0
0,0,0.05664798606,-0.1537373915,2,0
0,0,-0.04140851545,-0.9805650151,0,0
0,0,-0.05287935546,-0.1147084,0,0
0,0,-0.0003001837471,0.5257917171,1,0
0,0,0.06312789124,0.6342807499,0,0
0,0,0.2110363934,1.479085022,2,0
0,0,0.3197354303,1.086990368,1,0
0,0,0.4790917732,1.593563429,2,0
0,0,0.6437310263,1.646392531,0,0
0,0,0.975884615,3.321535888,2,0
0,0,1.376382653,4.004980381,2,-1
1,1,1.901040448,5.246577946
0,0,0,0,1,0
0,0,0.01680459248,0.1680459248,2,0
0,0,-0.04817602483,-0.6498061731,1,0
0,0,-0.1163718788,-0.6819585397,0,0
0,0,-0.1242742568,-0.07902378005,1,0
0,0,-0.1701839257,-0.4590966885,1,0
0,0,-0.2599028452,-0.8971891954,1,0
0,0,-0.3977398158,-1.378369706,2,0
0,0,-0.6729651223,-2.752253065,2,0
0,0,-1.111519675,-4.385545528,2,-1
1,1,-1.70571032,-5.941906454
0,0,0,0,1,0
0,0,-0.006483204722,-0.06483204722,1,0
0,0,-0.0239719861,-0.1748878138,0,0
0,0,0.04837499322,0.7234697932,0,0
0,0,0.2316068475,1.832318543,2,0
0,0,0.3704838046,1.388769571,1,0
0,0,0.584686937,2.142031324,1,0
0,0,0.8943650678,3.096781308,0,0
0,0,1.368806483,4.744414156,2,-1
1,1,1.964079354,5.952728705
0,0,0,0,0,0
0,0,0.07607597865,0.7607597865,1,0
0,0,0.1814372572,1.053612785,0,0
0,0,0.3874387111,2.06001454,1,0
0,0,0.640777724,2.533390129,0,0
0,0,1.057866977,4.170892526,0,-1
1,1,1.632039764,5.741727878
0,0,0,0,0,0
0,0,0.08598505944,0.8598505944,1,0
0,0,0.1959757383,1.099906789,2,0
0,0,0.2597343809,0.6375864261,2,0
0,0,0.284585877,0.248514961,0,0
0,0,0.4402186419,1.556327649,0,0
0,0,0.7456600576,3.054414157,0,0
0,0,1.214647384,4.689873259,0,-1
1,1,1.839004946,6.24357562
0,0,0,0,2,0
0,0,-0.09437504209,-0.9437504209,2,0
0,0,-0.2793262274,-1.849511853,1,0
0,0,-0.5097040763,-2.303778489,0,0
0,0,-0.732814204,-2.231101277,1,0
0,0,-1.049176363,-3.163621589,2,0
0,0,-1.522866157,-4.736897936,2,-1
1,1,-2.144970063,-6.221039062
0,0,0,0,0,0
0,0,0.1046245164,1.046245164,1,0
0,0,0.2276284476,1.230039312,2,0
0,0,0.2958885654,0.6826011785,2,0
0,0,0.336758077,0.408695115,0,0
0,0,0.5061497312,1.693916542,2,0
0,0,0.6768763321,1.70726601,0,0
0,0,1.004419434,3.275431015,1,0
0,0,1.458442487,4.540230531,1,-1
1,1,2.055060199,5.966177118
0,0,0,0,1,0
0,0,-0.008826395778,-0.08826395778,2,0
0,0,-0.1127494321,-1.039230364,1,0
0,0,-0.222507388,-1.097579559,0,0
0,0,-0.2730449261,-0.5053753807,1,0
0,0,-0.3774609332,-1.044160072,2,0
0,0,-0.6305716526,-2.531107194,1,0
0,0,-0.9662691115,-3.356974588,1,0
0,0,-1.428256202,-4.619870903,2,-1
1,1,-2.043520877,-6.152646756
0,0,0,0,1,0
0,0,0.006723015738,0.06723015738,0,0
0,0,0.1108435221,1.041205063,2,0
0,0,0.1345298868,0.2368636479,1,0
0,0,0.1770827755,0.4255288863,1,0
0,0,0.2381967924,0.6111401689,1,0
0,0,0.3457982277,1.076014354,0,0
0,0,0.6013047758,2.55506548,1,0
0,0,0.946410714,3.451059382,2,0
0,0,1.367448636,4.210379225,1,-1
1,1,1.929569248,5.62120611
