2,1,1
0,0,0,0,0,0
0,0,0.08519203499,0.8519203499,1,0
0,0,0.1918754776,1.066834426,2,0
0,0,0.2569359571,0.6506047948,2,0
0,0,0.2646328647,0.07696907604,0,0
0,0,0.4154118955,1.507790308,0,0
0,0,0.7061817022,2.907698067,1,0
0,0,1.096003543,3.898218403,2,-1
1,1,1.582050839,4.860472967
0,0,0,0,0,0
0,0,0.08097187626,0.8097187626,1,0
0,0,0.177490665,0.9651878878,1,0
0,0,0.3210533485,1.435626835,2,0
0,0,0.4247303716,1.03677023,0,0
0,0,0.6805832656,2.55852894,1,0
0,0,1.022617969,3.420347031,1,0
0,0,1.482426178,4.598082094,1,-1
1,1,2.086083934,6.036577564
0,0,0,0,2,0
0,0,-0.1049126569,-1.049126569,0,0
0,0,-0.1459476618,-0.4103500481,0,0
0,0,-0.1327032987,0.1324436306,0,0
0,0,-0.06144854507,0.7125475363,0,0
0,0,0.09515072243,1.565992675,0,0
0,0,0.3491939394,2.54043217,2,0
0,0,0.5919129781,2.427190387,2,0
0,0,0.8464144846,2.545015065,2,0
0,0,1.167698704,3.212842194,0,-1
1,1,1.64891367,4.812149657
0,0,0,0,0,0
0,0,0.09393903818,0.9393903818,2,0
0,0,0.1075236368,0.1358459862,1,0
0,0,0.1352319495,0.2770831273,1,0
0,0,0.1861394693,0.5090751972,0,0
0,0,0.3441674446,1.580279753,0,0
0,0,0.6422443583,2.980769137,0,0
0,0,1.108670181,4.664258229,2,-1
1,1,1.658878781,5.502086
0,0,0,0,0,0
0,0,0.09338291448,0.9338291448,0,0
0,0,0.2782511987,1.848682842,1,0
0,0,0.4975931455,2.193419468,0,0
0,0,0.8662504263,3.686572808,2,0
0,0,1.297242281,4.309918552,0,-1
1,1,1.880577512,5.83335231
0,0,0,0,2,0
0,0,-0.09140402952,-0.9140402952,2,0
0,0,-0.2813730034,-1.899689739,2,0
0,0,-0.6051642728,-3.237912694,0,0
0,0,-0.9484847889,-3.433205161,0,0
0,0,-1.366406417,-4.179216282,0,-1
1,1,-1.909044122,-5.426377051
0,0,0,0,1,0
0,0,0.0131231277,0.131231277,2,0
0,0,-0.05941246696,-0.7253559466,0,0
0,0,-0.04305763979,0.1635482717,0,0
0,0,0.07135931475,1.144169545,0,0
0,0,0.2754182478,2.040589331,1,0
0,0,0.5376325367,2.622142889,0,0
0,0,0.9635128844,4.258803476,1,0
0,0,1.499104132,5.355912476,1,-1
1,1,2.178264501,6.791603691
0,0,0,0,0,0
0,0,0.09453968909,0.9453968909,0,0
0,0,0.2966822056,2.021425165,2,0
0,0,0.4794547073,1.827725017,1,0
0,0,0.7371832735,2.577285663,1,0
0,0,1.109088999,3.719057257,1,-1
1,1,1.605654064,4.965650652
0,0,0,0,1,0
0,0,-0.01160426753,-0.1160426753,0,0
0,0,0.07657259183,0.8817685937,2,0
0,0,0.1073809051,0.3080831322,1,0
0,0,0.153315859,0.4593495391,2,0
0,0,0.1294498177,-0.2386604125,0,0
0,0,0.230891185,1.014413673,0,0
0,0,0.4718285326,2.409373475,2,0
0,0,0.7029081076,2.31079575,0,0
0,0,1.10093065,3.980225425,1,-1
1,1,1.617658623,5.167279728
0,0,0,0,1,0
0,0,-0.01334840762,-0.1334840762,2,0
0,0,-0.1052325767,-0.9188416904,1,0
0,0,-0.2207596183,-1.155270416,2,0
0,0,-0.4651250236,-2.443654053,0,0
0,0,-0.710435658,-2.453106344,1,0
0,0,-1.065248747,-3.548130892,1,0
0,0,-1.541092766,-4.758440192,0,-1
1,1,-2.160457736,-6.193649698
0,0,0,0,2,0
0,0,-0.07488303879,-0.7488303879,1,0
0,0,-0.1612989987,-0.8641595992,0,0
0,0,-0.1959091921,-0.3461019338,0,0
0,0,-0.1653211305,0.3058806156,0,0
0,0,-0.07067914544,0.946419851,2,0
0,0,-0.0646393013,0.06039844142,2,0
0,0,-0.1734522209,-1.088129196,1,0
0,0,-0.2973776579,-1.23925437,0,0
0,0,-0.3789957146,-0.8161805676,2,0
0,0,-0.6053039058,-2.263081912,0,0
0,0,-0.840172429,-2.348685232,0,0
0,0,-1.14062515,-3.004527211,2,-1
1,1,-1.601327115,-4.607019648
0,0,0,0,0,0
0,0,0.07112177342,0.7112177342,1,0
0,0,0.1370308757,0.6590910231,1,0
0,0,0.2100736211,0.730427454,0,0
0,0,0.4104264922,2.00352871,0,0
0,0,0.7664024874,3.559759952,2,0
0,0,1.157609983,3.912074955,2,-1
1,1,1.650218227,4.926082444
0,0,0,0,0,0
0,0,0.09355070497,0.9355070497,0,0
0,0,0.2837279462,1.901772412,2,0
0,0,0.4380388898,1.543109436,1,0
0,0,0.6631240976,2.250852078,0,0
0,0,1.047322087,3.84197989,0,-1
1,1,1.596065204,5.487431175
0,0,0,0,2,0
0,0,-0.07614497678,-0.7614497678,1,0
0,0,-0.1525359398,-0.7639096304,0,0
0,0,-0.174619879,-0.2208393919,0,0
0,0,-0.1242307127,0.5038916632,2,0
0,0,-0.1739487885,-0.4971807577,1,0
0,0,-0.2559630573,-0.8201426887,1,0
0,0,-0.3731288372,-1.171657799,1,0
0,0,-0.5449655444,-1.718367071,2,0
0,0,-0.8599302,-3.149646556,1,0
0,0,-1.282848588,-4.22918388,1,-1
1,1,-1.839694217,-5.568456292
0,0,0,0,1,0
0,0,-0.001057467944,-0.01057467944,1,0
0,0,-0.002210696667,-0.01153228723,1,0
0,0,-0.01850421729,-0.1629352062,2,0
0,0,-0.1182097341,-0.997055168,1,0
0,0,-0.2456718436,-1.274621095,2,0
0,0,-0.5091755039,-2.635036604,2,0
0,0,-0.9128115193,-4.036360153,2,0
0,0,-1.484782415,-5.71970896,2,-1
1,1,-2.205272015,-7.204895997
0,0,0,0,1,0
0,0,-0.01013357334,-0.1013357334,1,0
0,0,-0.03731687051,-0.2718329717,2,0
0,0,-0.1492463441,-1.119294736,1,0
0,0,-0.2921932055,-1.429468614,0,0
0,0,-0.384198158,-0.920049525,2,0
0,0,-0.6204563639,-2.362582059,2,0
0,0,-1.01777159,-3.973152261,1,0
0,0,-1.528508271,-5.107366809,0,-1
1,1,-2.181307517,-6.527992464
0,0,0,0,1,0
0,0,-0.008601416911,-0.08601416911,1,0
0,0,-0.02899502139,-0.2039360448,2,0
0,0,-0.1502591449,-1.212641235,0,0
0,0,-0.2098258422,-0.5956669733,1,0
0,0,-0.2898210503,-0.7999520806,2,0
0,0,-0.4914954973,-2.016744471,2,0
0,0,-0.832914329,-3.414188316,1,0
0,0,-1.276973326,-4.440589968,1,-1
1,1,-1.855751134,-5.787778085
0,0,0,0,1,0
0,0,0.008295556752,0.08295556752,2,0
0,0,-0.06269451962,-0.7099007638,2,0
0,0,-0.2282678831,-1.655733635,1,0
0,0,-0.4274762155,-1.992083324,1,0
0,0,-0.7010632261,-2.735870106,2,0
0,0,-1.128410751,-4.273475253,0,-1
1,1,-1.649708098,-5.212973467
0,0,0,0,0,0
0,0,0.1028798184,1.028798184,1,0
0,0,0.2108657785,1.079859602,2,0
0,0,0.2699776625,0.5911188397,2,0
0,0,0.3005148893,0.3053722674,2,0
0,0,0.3080543374,0.07539448121,1,0
0,0,0.3659437185,0.5788938113,0,0
0,0,0.5778348566,2.118911381,2,0
0,0,0.7967045871,2.188697305,0,0
0,0,1.174809827,3.781052402,2,-1
1,1,1.654694649,4.798848214
0,0,0,0,2,0
0,0,-0.1020610189,-1.020610189,1,0
0,0,-0.2072716909,-1.052106721,1,0
0,0,-0.3313583461,-1.240866552,1,0
0,0,-0.4939996838,-1.626413377,2,0
0,0,-0.7937834336,-2.997837498,2,0
0,0,-1.254432914,-4.606494806,1,-1
1,1,-1.845773523,-5.913406092
0,0,0,0,0,0
0,0,0.09654787694,0.9654787694,1,0
0,0,0.2029566705,1.064087936,2,0
0,0,0.2460067543,0.4305008382,2,0
0,0,0.2336556946,-0.1235105976,2,0
0,0,0.1620301619,-0.7162553264,2,0
0,0,0.04674986724,-1.152802947,0,0
0,0,0.0402665788,-0.06483288443,2,0
0,0,-0.0464583104,-0.867248892,0,0
0,0,-0.05485352626,-0.08395215856,2,0
0,0,-0.1448003395,-0.8994681321,2,0
0,0,-0.3611558787,-2.163555393,0,0
0,0,-0.558781123,-1.976252443,0,0
0,0,-0.7591587535,-2.003776305,0,0
0,0,-1.017353648,-2.581948943,2,0
0,0,-1.450216733,-4.328630856,1,-1
1,1,-2.025676926,-5.754601927
0,0,0,0,0,0
0,0,0.0928273797,0.928273797,2,0
0,0,0.1054062656,0.1257888585,1,0
0,0,0.1238257423,0.1841947676,2,0
0,0,0.07389492264,-0.4993081968,0,0
0,0,0.135249683,0.6135476039,0,0
0,0,0.317529932,1.82280249,2,0
0,0,0.4837434816,1.662135496,0,0
0,0,0.8075792259,3.238357443,0,0
0,0,1.303644701,4.960654754,0,-1
1,1,1.952498408,6.488537072
0,0,0,0,0,0
0,0,0.07123607459,0.7123607459,1,0
0,0,0.1721343353,1.008982607,2,0
0,0,0.2184732449,0.4633890968,1,0
0,0,0.3008716416,0.8239839661,0,0
0,0,0.531627095,2.307554534,2,0
0,0,0.7834166099,2.51789515,0,0
0,0,1.1951505,4.117338899,0,-1
1,1,1.765471606,5.703211065
0,0,0,0,1,0
0,0,-0.002882271878,-0.02882271878,2,0
0,0,-0.08235564921,-0.7947337733,1,0
0,0,-0.1634951376,-0.8113948834,1,0
0,0,-0.2607462805,-0.9725114299,0,0
0,0,-0.3202824841,-0.5953620359,2,0
0,0,-0.5090899825,-1.888074984,1,0
0,0,-0.7675293434,-2.584393609,1,0
0,0,-1.122659097,-3.551297533,1,-1
1,1,-1.602919143,-4.80260046
0,0,0,0,0,0
0,0,0.09276877875,0.9276877875,1,0
0,0,0.1875604536,0.9479167482,1,0
0,0,0.305430418,1.178699645,1,0
0,0,0.46243284,1.57002422,0,0
0,0,0.7790017962,3.165689562,0,0
0,0,1.258433638,4.794318417,2,-1
1,1,1.850767936,5.92334298
0,0,0,0,2,0
0,0,-0.09566959517,-0.9566959517,1,0
0,0,-0.2229309638,-1.272613686,1,0
0,0,-0.3714221886,-1.484912248,2,0
0,0,-0.6525007005,-2.810785119,0,0
0,0,-0.9682990802,-3.157983798,0,0
0,0,-1.365986244,-3.97687164,1,-1
1,1,-1.905874936,-5.398886922
0,0,0,0,2,0
0,0,-0.09957762492,-0.9957762492,2,0
0,0,-0.315317779,-2.157401541,0,0
0,0,-0.4951519105,-1.798341315,2,0
0,0,-0.8395976849,-3.444457744,2,0
0,0,-1.353495508,-5.138978232,0,-1
1,1,-1.986305446,-6.328099382
0,0,0,0,0,0
0,0,0.07678162068,0.7678162068,0,0
0,0,0.2491413245,1.723597038,2,0
0,0,0.3668785278,1.177372033,2,0
0,0,0.4528285189,0.8594999107,0,0
0,0,0.6891521344,2.363236155,2,0
0,0,0.9603063629,2.711542286,2,0
0,0,1.311090137,3.507837743,2,-1
1,1,1.778045716,4.669555786
0,0,0,0,0,0
0,0,0.08510661473,0.8510661473,1,0
0,0,0.1707958114,0.8568919665,0,0
0,0,0.3740773529,2.032815415,2,0
0,0,0.5669529243,1.928755715,1,0
0,0,0.8489802915,2.820273672,0,0
0,0,1.298761824,4.497815327,0,-1
1,1,1.901191394,6.024295694
0,0,0,0,0,0
0,0,0.09595465164,0.9595465164,1,0
0,0,0.2128351765,1.168805248,2,0
0,0,0.2759767232,0.6314154673,1,0
0,0,0.3883186545,1.123419313,0,0
0,0,0.6546212966,2.663026421,0,0
0,0,1.070042164,4.15420867,0,-1
1,1,1.647035493,5.769933296
0,0,0,0,2,0
0,0,-0.09744607435,-0.9744607435,2,0
0,0,-0.3056835239,-2.082374496,0,0
0,0,-0.481360623,-1.756770991,0,0
0,0,-0.662541584,-1.81180961,0,0
0,0,-0.8861877265,-2.236461425,1,0
0,0,-1.217606492,-3.314187653,0,-1
1,1,-1.656766806,-4.391603143
0,0,0,0,0,0
0,0,0.100613619,1.00613619,1,0
0,0,0.2126911012,1.120774822,2,0
0,0,0.259996212,0.473051107,0,0
0,0,0.435559311,1.755630991,0,0
0,0,0.7468413208,3.112820097,0,0
0,0,1.226033067,4.791917461,2,-1
1,1,1.804660215,5.78627148
0,0,0,0,1,0
0,0,0.01394140371,0.1394140371,2,0
0,0,-0.05775616825,-0.7169757196,0,0
0,0,-0.04558142461,0.1217474363,0,0
0,0,0.03898332251,0.8456474713,0,0
0,0,0.2066976049,1.677142824,2,0
0,0,0.3226037121,1.159061072,0,0
0,0,0.5776175287,2.550138167,0,0
0,0,0.9869468455,4.093293167,0,0
0,0,1.557150519,5.702036732,1,-1
1,1,2.273671134,7.165206151
0,0,0,0,1,0
0,0,0.003342347023,0.03342347023,2,0
0,0,-0.0815808429,-0.8492318992,1,0
0,0,-0.1942232705,-1.126424276,0,0
0,0,-0.2689059632,-0.7468269275,2,0
0,0,-0.4768301413,-2.07924178,1,0
0,0,-0.7657457966,-2.889156554,1,0
0,0,-1.168909949,-4.031641528,0,-1
1,1,-1.673388627,-5.044786779
0,0,0,0,0,0
0,0,0.07469576404,0.7469576404,0,0
0,0,0.2430924951,1.683967311,1,0
0,0,0.4414201146,1.983276195,2,0
0,0,0.6386438421,1.972237275,1,0
0,0,0.9296842824,2.910404403,0,0
0,0,1.391524557,4.618402747,2,-1
1,1,1.979207085,5.876825276
0,0,0,0,2,0
0,0,-0.0715176851,-0.715176851,1,0
0,0,-0.1638726717,-0.9235498658,1,0
0,0,-0.2680078583,-1.041351866,0,0
0,0,-0.3407056863,-0.7269782802,2,0
0,0,-0.5610818413,-2.203761551,1,0
0,0,-0.8761235636,-3.150417223,0,0
0,0,-1.256877989,-3.807544253,2,-1
1,1,-1.799474742,-5.42596753
0,0,0,0,2,0
0,0,-0.09281642214,-0.9281642214,1,0
0,0,-0.2169831253,-1.241667031,2,0
0,0,-0.4785412882,-2.61558163,2,0
0,0,-0.8905745764,-4.120332882,1,0
0,0,-1.406640675,-5.160660982,0,-1
1,1,-2.050491854,-6.438511796
0,0,0,0,0,0
0,0,0.08896186479,0.8896186479,1,0
0,0,0.184950993,0.9598912823,2,0
0,0,0.2165321999,0.3158120685,2,0
0,0,0.2137765377,-0.02755662223,2,0
0,0,0.1747322318,-0.3904430586,1,0
0,0,0.1691040828,-0.05628149027,0,0
0,0,0.2865696365,1.174655537,1,0
0,0,0.4493962704,1.628266339,0,0
0,0,0.7614527883,3.120565179,0,0
0,0,1.225180017,4.637272288,2,-1
1,1,1.796977944,5.717979269
0,0,0,0,1,0
0,0,0.01345892053,0.1345892053,0,0
0,0,0.1245596412,1.111007206,1,0
0,0,0.2415827989,1.170231578,0,0
0,0,0.4925895003,2.510067014,0,0
0,0,0.9048889276,4.122994273,2,0
0,0,1.382148623,4.772596949,2,-1
1,1,1.986559954,6.044113313
0,0,0,0,0,0
0,0,0.09893623078,0.9893623078,1,0
0,0,0.2220319145,1.230956837,1,0
0,0,0.3969099727,1.748780583,2,0
0,0,0.5677954328,1.7088546,2,0
0,0,0.7460567428,1.7826131,1,0
0,0,1.021078922,2.750221797,2,0
0,0,1.378678412,3.575994898,0,-1
1,1,1.893825768,5.151473561
0,0,0,0,1,0
0,0,-0.00858962433,-0.0858962433,0,0
0,0,0.05485294316,0.6344256749,1,0
0,0,0.1419386845,0.8708574133,2,0
0,0,0.1761019777,0.341632932,0,0
0,0,0.3428160918,1.667141141,1,0
0,0,0.5730086609,2.301925691,1,0
0,0,0.8750386948,3.020300339,2,0
0,0,1.235222798,3.601841033,2,-1
1,1,1.704057818,4.688350194
0,0,0,0,0,0
0,0,0.07852294081,0.7852294081,1,0
0,0,0.183096643,1.045737022,0,0
0,0,0.4087239331,2.256272901,1,0
0,0,0.7123393401,3.036154069,1,0
0,0,1.101928913,3.895895725,2,-1
1,1,1.583836734,4.819078219
0,0,0,0,1,0
0,0,-0.01145368469,-0.1145368469,2,0
0,0,-0.1185325047,-1.0707882,0,0
0,0,-0.1529464243,-0.344139196,1,0
0,0,-0.196422093,-0.4347566868,0,0
0,0,-0.1919321998,0.04489893168,0,0
0,0,-0.1495226707,0.4240952917,1,0
0,0,-0.1375139007,0.1200876995,1,0
0,0,-0.1328155242,0.04698376527,1,0
0,0,-0.1364319833,-0.03616459081,2,0
0,0,-0.2455886848,-1.091567016,1,0
0,0,-0.3876921142,-1.421034294,2,0
0,0,-0.6817918937,-2.940997795,2,0
0,0,-1.122375507,-4.405836133,2,-1
1,1,-1.725744502,-6.033689949
0,0,0,0,2,0
0,0,-0.07326393486,-0.7326393486,0,0
0,0,-0.07308166976,0.001822651047,1,0
0,0,-0.09384782921,-0.2076615945,0,0
0,0,-0.04217184661,0.516759826,0,0
0,0,0.08294907756,1.251209242,1,0
0,0,0.2285933654,1.456442879,1,0
0,0,0.419307715,1.907143496,2,0
0,0,0.5966219744,1.773142594,0,0
0,0,0.9272963988,3.306744244,2,0
0,0,1.334746169,4.074497698,1,-1
1,1,1.883515471,5.487693026
0,0,0,0,1,0
0,0,-0.01473816287,-0.1473816287,2,0
0,0,-0.122436818,-1.076986552,1,0
0,0,-0.2603511036,-1.379142856,0,0
0,0,-0.3488370697,-0.8848596611,0,0
0,0,-0.4273171451,-0.7848007537,2,0
0,0,-0.6418552724,-2.145381273,0,0
0,0,-0.8791035853,-2.372483129,2,0
0,0,-1.279719347,-4.006157613,2,-1
1,1,-1.835079348,-5.553600011
0,0,0,0,1,0
0,0,0.001395880861,0.01395880861,1,0
0,0,0.01096407869,0.09568197833,0,0
0,0,0.12287058,1.119065013,2,0
0,0,0.1626668058,0.397962258,0,0
0,0,0.3191268714,1.564600657,1,0
0,0,0.5133747475,1.942478761,2,0
0,0,0.7045311988,1.911564513,2,0
0,0,0.9238622706,2.193310718,0,0
0,0,1.303965852,3.801035817,2,-1
1,1,1.800247206,4.962813534
0,0,0,0,1,0
0,0,0.0171419108,0.171419108,0,0
0,0,0.1219410296,1.047991188,2,0
0,0,0.1597381907,0.3779716102,1,0
0,0,0.2336714537,0.7393326299,0,0
0,0,0.4155357489,1.818642952,2,0
0,0,0.5834724627,1.679367138,2,0
0,0,0.7747874516,1.913149889,2,0
0,0,1.020212386,2.454249348,1,0
0,0,1.393086708,3.728743213,0,-1
1,1,1.92310864,5.300219326
0,0,0,0,1,0
0,0,-0.006932603742,-0.06932603742,0,0
0,0,0.06867296576,0.756055695,2,0
0,0,0.06854185437,-0.001311113842,1,0
0,0,0.07008669912,0.01544844752,1,0
0,0,0.09425003625,0.2416333713,0,0
0,0,0.2251440044,1.308939682,0,0
0,0,0.4787317738,2.535877694,2,0
0,0,0.7216235441,2.428917703,2,0
0,0,1.002156705,2.805331605,2,0
0,0,1.366817194,3.646604895,1,-1
1,1,1.871299305,5.044821112
0,0,0,0,2,0
0,0,-0.09861821855,-0.9861821855,0,0
0,0,-0.1121230254,-0.1350480687,2,0
0,0,-0.2205985244,-1.084754989,0,0
0,0,-0.2675436766,-0.4694515226,1,0
0,0,-0.370284143,-1.027404664,1,0
0,0,-0.5268937081,-1.566095651,1,0
0,0,-0.7780471857,-2.511534776,0,0
0,0,-1.067642447,-2.895952608,2,0
0,0,-1.529889053,-4.622466061,2,-1
1,1,-2.140417075,-6.105280226
0,0,0,0,1,0
0,0,0.002948562983,0.02948562983,1,0
0,0,0.01687583791,0.1392727493,1,0
0,0,0.03900508964,0.2212925172,0,0
0,0,0.1427189023,1.037138127,0,0
0,0,0.3576961826,2.149772803,1,0
0,0,0.6341136766,2.76417494,2,0
0,0,0.9318745996,2.97760923,0,0
0,0,1.389154225,4.572796253,1,-1
1,1,1.98377826,5.946240353
0,0,0,0,1,0
0,0,0.01055949549,0.1055949549,0,0
0,0,0.117621983,1.070624875,0,0
0,0,0.3208602251,2.032382421,0,0
0,0,0.6628402783,3.419800532,2,0
0,0,1.034183838,3.713435592,0,0
0,0,1.564011009,5.298271717,0,-1
1,1,2.241139889,6.771288794
0,0,0,0,0,0
0,0,0.09055531197,0.9055531197,2,0
0,0,0.1115499592,0.2099464727,1,0
0,0,0.151627644,0.4007768477,2,0
0,0,0.1209955093,-0.3063213468,0,0
0,0,0.1860168851,0.6502137572,0,0
0,0,0.3554965294,1.694796444,1,0
0,0,0.5736027841,2.181062547,1,0
0,0,0.8881925761,3.14589792,0,0
0,0,1.37234304,4.841504636,0,-1
1,1,2.009088714,6.367456737
0,0,0,0,1,0
0,0,-0.009159383302,-0.09159383302,0,0
0,0,0.05728587248,0.6644525578,0,0
0,0,0.2158469192,1.585610467,0,0
0,0,0.4927254715,2.768785523,1,0
0,0,0.8491558249,3.564303534,0,0
0,0,1.367852292,5.186964672,0,-1
1,1,2.037737041,6.698847486
0,0,0,0,0,0
0,0,0.07578573104,0.7578573104,1,0
0,0,0.1818300814,1.060443503,0,0
0,0,0.4140493161,2.322192348,2,0
0,0,0.6194620166,2.054127005,1,0
0,0,0.924004519,3.045425024,2,0
0,0,1.291687551,3.67683032,1,-1
1,1,1.797612174,5.059246234
0,0,0,0,1,0
0,0,0.01279105396,0.1279105396,2,0
0,0,-0.06206819728,-0.7485925124,0,0
0,0,-0.04417751559,0.1789068169,1,0
0,0,-0.03800950755,0.0616800804,1,0
0,0,-0.02446102414,0.135484834,2,0
0,0,-0.1167506443,-0.9228962019,0,0
0,0,-0.1369472817,-0.2019663735,2,0
0,0,-0.2761242225,-1.391769408,1,0
0,0,-0.4515171335,-1.753929111,2,0
0,0,-0.7780396758,-3.265225423,2,0
0,0,-1.274669818,-4.966301424,1,-1
1,1,-1.904422884,-6.297530655
0,0,0,0,2,0
0,0,-0.09607179087,-0.9607179087,0,0
0,0,-0.1097975057,-0.1372571486,0,0
0,0,-0.05715152572,0.5264598002,0,0
0,0,0.06224557405,1.193970998,2,0
0,0,0.1141616078,0.5191603378,0,0
0,0,0.2733062496,1.591446417,0,0
0,0,0.5613806384,2.880743889,2,0
0,0,0.85005822,2.886775815,2,0
0,0,1.188765279,3.38707059,1,-1
1,1,1.662415834,4.736505553
0,0,0,0,2,0
0,0,-0.08869742601,-0.8869742601,2,0
0,0,-0.2893107377,-2.006133117,0,0
0,0,-0.4628584461,-1.735477084,0,0
0,0,-0.6447798675,-1.819214214,2,0
0,0,-0.9783846069,-3.336047394,2,0
0,0,-1.47292979,-4.945451827,0,-1
1,1,-2.10330616,-6.303763699
0,0,0,0,1,0
0,0,-0.007938379912,-0.07938379912,0,0
0,0,0.08117746327,0.8911584318,1,0
0,0,0.1725018339,0.9132437067,1,0
0,0,0.3024138951,1.299120612,2,0
0,0,0.4086610343,1.062471391,2,0
0,0,0.5140338046,1.053727703,0,0
0,0,0.7781258489,2.640920443,1,0
0,0,1.154291916,3.761660669,0,-1
1,1,1.696674121,5.423822052
0,0,0,0,2,0
0,0,-0.09317961099,-0.9317961099,2,0
0,0,-0.2799430804,-1.867634694,1,0
0,0,-0.5174379064,-2.37494826,0,0
0,0,-0.7683665218,-2.509286154,0,0
0,0,-1.074039374,-3.056728525,1,0
0,0,-1.500224341,-4.261849672,0,-1
1,1,-2.065921179,-5.656968374
0,0,0,0,1,0
0,0,0.01335184885,0.1335184885,0,0
0,0,0.1267820779,1.13430229,0,0
0,0,0.335594441,2.088123632,2,0
0,0,0.5004464608,1.648520197,1,0
0,0,0.7366752231,2.362287623,2,0
0,0,1.008598472,2.719232491,2,0
0,0,1.368634122,3.600356499,1,-1
1,1,1.868002999,4.993688765
0,0,0,0,2,0
0,0,-0.08247414588,-0.8247414588,2,0
0,0,-0.2571308968,-1.74656751,0,0
0,0,-0.3734467152,-1.163158184,1,0
0,0,-0.5484652628,-1.750185476,2,0
0,0,-0.882378664,-3.339134012,1,0
0,0,-1.325000045,-4.426213814,1,-1
1,1,-1.907286939,-5.822868936
0,0,0,0,1,0
0,0,-0.001726258339,-0.01726258339,2,0
0,0,-0.0980324127,-0.9630615436,0,0
0,0,-0.1408390106,-0.428065979,2,0
0,0,-0.3098001329,-1.689611222,1,0
0,0,-0.5318425609,-2.220424281,0,0
0,0,-0.748678384,-2.168358231,1,0
0,0,-1.0703643,-3.216859163,2,0
0,0,-1.554374519,-4.840102183,0,-1
1,1,-2.183558179,-6.291836609
0,0,0,0,1,0
0,0,0.01284014438,0.1284014438,2,0
0,0,-0.06310439682,-0.759445412,1,0
0,0,-0.1571676406,-0.9406324381,0,0
0,0,-0.182988752,-0.2582111133,0,0
0,0,-0.141849326,0.4113942601,1,0
0,0,-0.1352804797,0.06568846284,2,0
0,0,-0.2469159604,-1.116354807,0,0
0,0,-0.3233249247,-0.7640896433,2,0
0,0,-0.5515617933,-2.282368686,1,0
0,0,-0.8690721965,-3.175104032,1,0
0,0,-1.288952445,-4.198802487,2,-1
1,1,-1.864781868,-5.758294226
0,0,0,0,1,0
0,0,-0.000358294169,-0.00358294169,0,0
0,0,0.09621254081,0.9657083498,0,0
0,0,0.3084229246,2.122103838,2,0
0,0,0.4954353437,1.870124192,1,0
0,0,0.7585718572,2.631365135,0,0
0,0,1.178867518,4.202956605,1,-1
1,1,1.722731396,5.438638778
0,0,0,0,1,0
0,0,0.01676058672,0.1676058672,2,0
0,0,-0.05221356709,-0.689741538,2,0
0,0,-0.2241981613,-1.719845942,0,0
0,0,-0.3512329114,-1.270347502,0,0
0,0,-0.4496727956,-0.9843988421,0,0
0,0,-0.54835428,-0.9868148438,0,0
0,0,-0.6462361716,-0.9788189156,1,0
0,0,-0.8286795218,-1.824433503,2,0
0,0,-1.18138097,-3.527014486,1,-1
1,1,-1.669739841,-4.883588707
0,0,0,0,1,0
0,0,-0.002421745021,-0.02421745021,0,0
0,0,0.08167747464,0.8409921966,2,0
0,0,0.07911562,-0.02561854648,0,0
0,0,0.1739200548,0.9480443476,0,0
0,0,0.3844394409,2.105193861,0,0
0,0,0.7466836656,3.622442247,0,0
0,0,1.275604834,5.289211685,1,-1
1,1,1.937394732,6.617898977
0,0,0,0,0,0
0,0,0.1026054644,1.026054644,1,0
0,0,0.2247651948,1.221597304,2,0
0,0,0.2886983246,0.6393312985,1,0
0,0,0.4086993357,1.200010111,1,0
0,0,0.6089395413,2.002402056,1,0
0,0,0.9021271479,2.931876066,0,0
0,0,1.360597484,4.58470336,2,-1
1,1,1.940390175,5.797926914
0,0,0,0,1,0
0,0,0.01133879394,0.1133879394,0,0
0,0,0.09558593711,0.8424714317,0,0
0,0,0.2724938253,1.769078882,2,0
0,0,0.4233744876,1.508806623,2,0
0,0,0.5527006056,1.29326118,2,0
0,0,0.7024567399,1.497561343,2,0
0,0,0.8926242508,1.901675109,2,0
0,0,1.152806209,2.601819582,1,0
0,0,1.546964685,3.941584759,1,-1
1,1,2.087750779,5.407860938
0,0,0,0,2,0
0,0,-0.08669979609,-0.8669979609,2,0
0,0,-0.2590227281,-1.72322932,2,0
0,0,-0.5546875717,-2.956648436,0,0
0,0,-0.8585345831,-3.038470114,1,0
0,0,-1.276229416,-4.176948326,2,-1
1,1,-1.849466265,-5.732368493
0,0,0,0,2,0
0,0,-0.08003895843,-0.8003895843,0,0
0,0,-0.08128134843,-0.01242390004,0,0
0,0,-0.00627786652,0.7500348192,2,0
0,0,-0.00506604421,0.0121182231,2,0
0,0,-0.1038915588,-0.9882551457,2,0
0,0,-0.2973356602,-1.934441014,0,0
0,0,-0.4438027481,-1.464670879,2,0
0,0,-0.743187387,-2.993846389,2,0
0,0,-1.198404753,-4.552173658,0,-1
1,1,-1.757763269,-5.593585158
0,0,0,0,0,0
0,0,0.1050829216,1.050829216,2,0
0,0,0.1543608889,0.4927796724,2,0
0,0,0.1393617803,-0.1499910857,2,0
0,0,0.0641331602,-0.752286201,2,0
0,0,-0.09320270397,-1.573358642,0,0
0,0,-0.1891461875,-0.9594348353,0,0
0,0,-0.2202170671,-0.3107087957,1,0
0,0,-0.3040797312,-0.8386266416,0,0
0,0,-0.3648914925,-0.6081176129,2,0
0,0,-0.5514625096,-1.865710171,2,0
0,0,-0.9010693791,-3.496068695,1,0
0,0,-1.362509605,-4.614402258,1,-1
1,1,-1.959269682,-5.967600769
0,0,0,0,0,0
0,0,0.07828553088,0.7828553088,2,0
0,0,0.09770906626,0.1942353538,1,0
0,0,0.1443401221,0.4663105581,1,0
0,0,0.2150656857,0.707255636,2,0
0,0,0.2475588075,0.3249312187,2,0
0,0,0.2347970851,-0.1276172245,1,0
0,0,0.2631565951,0.2835950998,0,0
0,0,0.4058201018,1.426635068,2,0
0,0,0.5498684155,1.440483137,1,0
0,0,0.7889825727,2.391141572,1,0
0,0,1.132268673,3.432861003,1,-1
1,1,1.609473654,4.772049809
0,0,0,0,0,0
0,0,0.09761801372,0.9761801372,0,0
0,0,0.3107466422,2.131286285,0,0
0,0,0.6477930267,3.370463845,1,0
0,0,1.072374898,4.245818712,0,-1
1,1,1.660657981,5.882830826
0,0,0,0,1,0
0,0,0.006496024979,0.06496024979,1,0
0,0,0.02419143502,0.1769541004,0,0
0,0,0.1422001644,1.180087294,1,0
0,0,0.271919734,1.297195696,2,0
0,0,0.3617459114,0.8982617742,1,0
0,0,0.5215289293,1.597830179,2,0
0,0,0.6930450637,1.715161344,0,0
0,0,1.0264678,3.334227367,2,0
0,0,1.442413184,4.159453835,0,-1
1,1,2.011967778,5.695545943
0,0,0,0,2,0
0,0,-0.07972439163,-0.7972439163,0,0
0,0,-0.101983547,-0.2225915534,1,0
0,0,-0.1282220229,-0.2623847593,0,0
0,0,-0.08094443887,0.4727758403,2,0
0,0,-0.1419026716,-0.6095823271,1,0
0,0,-0.2294127072,-0.8751003563,0,0
0,0,-0.2662532135,-0.3684050631,2,0
0,0,-0.4296641558,-1.634109423,2,0
0,0,-0.7509560458,-3.2129189,2,0
0,0,-1.240616663,-4.896606171,0,-1
1,1,-1.840546797,-5.999301338
0,0,0,0,2,0
0,0,-0.1037688925,-1.037688925,1,0
0,0,-0.2335986623,-1.298297698,2,0
0,0,-0.4790719165,-2.454732543,0,0
0,0,-0.7343321301,-2.552602136,1,0
0,0,-1.08055954,-3.4622741,1,0
0,0,-1.547453751,-4.668942106,0,-1
1,1,-2.158708162,-6.112544115
0,0,0,0,1,0
0,0,0.009660661907,0.09660661907,0,0
0,0,0.09442600017,0.8476533826,2,0
0,0,0.09513378258,0.007077824091,2,0
0,0,0.02066793252,-0.7446585006,0,0
0,0,0.02427510804,0.03607175519,1,0
0,0,0.03722820451,0.1295309648,2,0
0,0,-0.01926939319,-0.5649759771,1,0
0,0,-0.08835291063,-0.6908351743,2,0
0,0,-0.2581031195,-1.697502089,2,0
0,0,-0.5597669246,-3.016638051,1,0
0,0,-0.9309603236,-3.71193399,2,0
0,0,-1.466188444,-5.352281201,1,-1
1,1,-2.142038025,-6.758495814
0,0,0,0,0,0
0,0,0.07565053383,0.7565053383,2,0
0,0,0.08903792785,0.1338739403,0,0
0,0,0.2080838409,1.19045913,0,0
0,0,0.4336629061,2.255790652,2,0
0,0,0.6605826871,2.269197811,1,0
0,0,0.9808813636,3.202986764,0,0
0,0,1.465936263,4.85054899,1,-1
1,1,2.09222665,6.26290388
0,0,0,0,0,0
0,0,0.08039454316,0.8039454316,1,0
0,0,0.1632075366,0.828129934,1,0
0,0,0.2732298814,1.100223449,0,0
0,0,0.5080539515,2.348240701,1,0
0,0,0.8305692526,3.22515301,1,0
0,0,1.256410788,4.258415356,2,-1
1,1,1.793409337,5.369985488
0,0,0,0,2,0
0,0,-0.07256867933,-0.7256867933,1,0
0,0,-0.1521350005,-0.7956632119,1,0
0,0,-0.2406249498,-0.8848994926,0,0
0,0,-0.2934295933,-0.5280464357,2,0
0,0,-0.4728806027,-1.794510094,2,0
0,0,-0.8046086192,-3.317280165,1,0
0,0,-1.249890626,-4.452820072,2,-1
1,1,-1.848769746,-5.988791201
0,0,0,0,0,0
0,0,0.07504460883,0.7504460883,0,0
0,0,0.2676138584,1.925692496,2,0
0,0,0.4148623614,1.47248503,1,0
0,0,0.6390953117,2.242329504,2,0
0,0,0.9015142508,2.624189391,0,0
0,0,1.339947356,4.384331055,0,-1
1,1,1.934750527,5.948031711
0,0,0,0,2,0
0,0,-0.07126985873,-0.7126985873,0,0
0,0,-0.0769043833,-0.05634524562,1,0
0,0,-0.1052970864,-0.2839270315,0,0
0,0,-0.04713621961,0.5816086683,0,0
0,0,0.1080816292,1.552178488,0,0
0,0,0.3623045188,2.542228896,2,0
0,0,0.5916230695,2.293185507,1,0
0,0,0.9006816771,3.090586075,1,0
0,0,1.323029464,4.223477871,2,-1
1,1,1.860746179,5.37716715
0,0,0,0,1,0
0,0,-0.00234737328,-0.0234737328,0,0
0,0,0.08749349341,0.8984086669,1,0
0,0,0.1770533934,0.8955989999,1,0
0,0,0.2848201437,1.077667503,2,0
0,0,0.3481572163,0.6333707261,2,0
0,0,0.3954246825,0.4726746616,2,0
0,0,0.4166148811,0.2119019861,0,0
0,0,0.5851514613,1.685365802,0,0
0,0,0.8999935555,3.148420942,1,0
0,0,1.336861531,4.368679755,1,-1
1,1,1.912448423,5.75586892
0,0,0,0,1,0
0,0,-0.01027280121,-0.1027280121,0,0
0,0,0.07046912441,0.8074192562,2,0
0,0,0.08514936371,0.146802393,1,0
0,0,0.1244275406,0.3927817686,0,0
0,0,0.2811123344,1.566847938,0,0
0,0,0.5605645842,2.794522498,1,0
0,0,0.9210200612,3.604554771,0,0
0,0,1.445015582,5.239955209,0,-1
1,1,2.118819023,6.738034408
0,0,0,0,2,0
0,0,-0.07108270294,-0.7108270294,0,0
0,0,-0.05670277501,0.1437992793,2,0
0,0,-0.1412002528,-0.8449747784,1,0
0,0,-0.2661618396,-1.249615868,2,0
0,0,-0.5084012576,-2.42239418,1,0
0,0,-0.8230203903,-3.146191327,0,0
0,0,-1.192956541,-3.699361504,2,-1
1,1,-1.727602779,-5.346462384
0,0,0,0,1,0
0,0,-0.01363358625,-0.1363358625,0,0
0,0,0.07135525548,0.8498884174,2,0
0,0,0.09077783184,0.1942257636,2,0
0,0,0.0467185348,-0.4405929704,2,0
0,0,-0.09146747787,-1.381860127,1,0
0,0,-0.2431810106,-1.517135327,1,0
0,0,-0.4457498339,-2.025688233,1,0
0,0,-0.7190741679,-2.73324334,0,0
0,0,-1.037610832,-3.18536664,2,0
0,0,-1.527686847,-4.900760149,1,-1
1,1,-2.16255529,-6.348684431
0,0,0,0,0,0
0,0,0.09402147044,0.9402147044,2,0
0,0,0.1236443955,0.2962292509,0,0
0,0,0.2528052323,1.291608368,2,0
0,0,0.3354432766,0.8263804426,1,0
0,0,0.4764366085,1.409933319,1,0
0,0,0.6894263095,2.12989701,1,0
0,0,1.014116861,3.24690552,0,0
0,0,1.497439314,4.833224525,2,-1
1,1,2.118857722,6.214184085
0,0,0,0,0,0
0,0,0.09377892595,0.9377892595,0,0
0,0,0.2904205183,1.966415924,2,0
0,0,0.4646370451,1.742165267,0,0
0,0,0.7951183144,3.304812693,2,0
0,0,1.180820285,3.857019704,2,-1
1,1,1.671276777,4.90456492
0,0,0,0,2,0
0,0,-0.08680578632,-0.8680578632,0,0
0,0,-0.09312312994,-0.06317343624,2,0
0,0,-0.1858200042,-0.9269687426,0,0
0,0,-0.2102525879,-0.2443258371,2,0
0,0,-0.3453408184,-1.350882305,1,0
0,0,-0.5489473601,-2.036065417,1,0
0,0,-0.8393590475,-2.904116873,1,0
0,0,-1.230177161,-3.908181136,1,-1
1,1,-1.755129304,-5.249521427
0,0,0,0,2,0
0,0,-0.07214360779,-0.7214360779,2,0
0,0,-0.2465817723,-1.744381645,0,0
0,0,-0.365045619,-1.184638467,1,0
0,0,-0.5586165994,-1.935709803,1,0
0,0,-0.842576203,-2.839596036,1,0
0,0,-1.243745399,-4.011691965,0,-1
1,1,-1.751428975,-5.076835757
0,0,0,0,1,0
0,0,0.00500353979,0.0500353979,2,0
0,0,-0.07321564439,-0.7821918418,1,0
0,0,-0.1700894054,-0.9687376102,0,0
0,0,-0.1932289608,-0.2313955542,2,0
0,0,-0.3239299099,-1.30700949,2,0
0,0,-0.5920382418,-2.681083319,0,0
0,0,-0.8873418529,-2.953036111,2,0
0,0,-1.343169704,-4.55827851,1,-1
1,1,-1.936437365,-5.932676612
0,0,0,0,1,0
0,0,0.01417690118,0.1417690118,2,0
0,0,-0.07370944205,-0.8788634323,2,0
0,0,-0.264746469,-1.910370269,2,0
0,0,-0.5785082825,-3.137618136,0,0
0,0,-0.8974277797,-3.189194972,2,0
0,0,-1.376422636,-4.789948561,0,-1
1,1,-1.981581183,-6.051585474
0,0,0,0,0,0
0,0,0.09174089259,0.9174089259,0,0
0,0,0.2846998557,1.929589631,1,0
0,0,0.526221432,2.415215763,1,0
0,0,0.8389112983,3.126898664,2,0
0,0,1.207842552,3.689312534,0,-1
1,1,1.739097845,5.312552936
0,0,0,0,0,0
0,0,0.07751613423,0.7751613423,1,0
0,0,0.1711897849,0.9367365069,0,0
0,0,0.3867954749,2.156056899,2,0
0,0,0.5883816496,2.015861748,1,0
0,0,0.8880328613,2.996512116,2,0
0,0,1.257797203,3.697643413,0,-1
1,1,1.782248427,5.244512246
0,0,0,0,0,0
0,0,0.1018685234,1.018685234,2,0
0,0,0.1413666725,0.3949814917,2,0
0,0,0.1114499644,-0.2991670814,2,0
0,0,0.01352500402,-0.9792496037,1,0
0,0,-0.09045233709,-1.039773411,1,0
0,0,-0.2164574634,-1.260051263,2,0
0,0,-0.455621201,-2.391637376,2,0
0,0,-0.8476163217,-3.919951207,0,0
0,0,-1.289829271,-4.422129497,1,-1
1,1,-1.867805179,-5.77975907
0,0,0,0,2,0
0,0,-0.08746699056,-0.8746699056,0,0
0,0,-0.1125159819,-0.2504899135,0,0
0,0,-0.0714101634,0.4110581851,2,0
0,0,-0.1272505619,-0.5584039847,1,0
0,0,-0.2059772175,-0.7872665563,2,0
0,0,-0.4153659362,-2.093887187,1,0
0,0,-0.6969103368,-2.815444006,1,0
0,0,-1.075844681,-3.789343443,0,0
0,0,-1.54120782,-4.653631392,2,-1
1,1,-2.154355973,-6.131481525
0,0,0,0,2,0
0,0,-0.08509117783,-0.8509117783,1,0
0,0,-0.18283694,-0.9774576216,2,0
0,0,-0.3982675302,-2.154305902,2,0
0,0,-0.7445285249,-3.462609948,2,0
0,0,-1.243621061,-4.990925362,0,-1
1,1,-1.845170989,-6.015499282
0,0,0,0,2,0
0,0,-0.08714119656,-0.8714119656,0,0
0,0,-0.1024827446,-0.1534154805,2,0
0,0,-0.2366747325,-1.341919879,1,0
0,0,-0.4198340383,-1.831593058,0,0
0,0,-0.5872392448,-1.674052065,0,0
0,0,-0.7751659127,-1.879266679,2,0
0,0,-1.139378646,-3.642127336,2,-1
1,1,-1.669311515,-5.299328688
0,0,0,0,0,0
0,0,0.07211827226,0.7211827226,0,0
0,0,0.2296722852,1.57554013,2,0
0,0,0.3332128068,1.035405216,1,0
0,0,0.5051731106,1.719603038,2,0
0,0,0.6852225063,1.800493957,0,0
0,0,1.025294535,3.400720283,0,0
0,0,1.524746279,4.994517449,0,-1
1,1,2.173327075,6.485807953
0,0,0,0,2,0
0,0,-0.0859521513,-0.859521513,0,0
0,0,-0.08435020574,0.01601945559,2,0
0,0,-0.1942108738,-1.098606681,2,0
0,0,-0.432776783,-2.385659092,0,0
0,0,-0.6544320919,-2.216553089,2,0
0,0,-1.025796523,-3.713644306,2,0
0,0,-1.558005701,-5.322091788,2,-1
1,1,-2.237509391,-6.795036895
0,0,0,0,2,0
0,0,-0.07952744095,-0.7952744095,1,0
0,0,-0.1807586053,-1.012311643,1,0
0,0,-0.314819428,-1.340608227,1,0
0,0,-0.5150693407,-2.002499127,2,0
0,0,-0.85888553,-3.438161894,1,0
0,0,-1.310154125,-4.512685947,1,-1
1,1,-1.898858874,-5.887047496
0,0,0,0,2,0
0,0,-0.09474223369,-0.9474223369,0,0
0,0,-0.1135842501,-0.1884201637,2,0
0,0,-0.2376153971,-1.240311471,1,0
0,0,-0.3987646068,-1.611492096,2,0
0,0,-0.6999532263,-3.011886195,1,0
0,0,-1.090533127,-3.905799004,0,-1
1,1,-1.572456376,-4.819232494
0,0,0,0,0,0
0,0,0.07740143016,0.7740143016,1,0
0,0,0.1713316664,0.9393023625,2,0
0,0,0.2127023839,0.4137071754,0,0
0,0,0.366235307,1.53532923,0,0
0,0,0.6701332643,3.038979573,2,0
0,0,1.01013458,3.400013161,2,0
0,0,1.429116213,4.189816325,1,-1
1,1,1.989703196,5.605869833
0,0,0,0,2,0
0,0,-0.1000056114,-1.000056114,0,0
0,0,-0.1347900629,-0.3478445154,1,0
0,0,-0.2017093695,-0.6691930659,1,0
0,0,-0.3144905275,-1.12781158,0,0
0,0,-0.3853219861,-0.7083145862,1,0
0,0,-0.5199831954,-1.346612093,1,0
0,0,-0.7247263333,-2.047431379,2,0
0,0,-1.102870107,-3.781437736,1,-1
1,1,-1.607484064,-5.046139574
0,0,0,0,2,0
0,0,-0.08634940387,-0.8634940387,1,0
0,0,-0.1741142177,-0.877648138,0,0
0,0,-0.1980245355,-0.2391031785,1,0
0,0,-0.2606831659,-0.6265863041,0,0
0,0,-0.2887884657,-0.2810529973,0,0
0,0,-0.2793545642,0.09433901476,0,0
0,0,-0.232827088,0.4652747619,1,0
0,0,-0.2153726354,0.1745445263,2,0
0,0,-0.3286555904,-1.13282955,2,0
0,0,-0.5734879281,-2.448323377,2,0
0,0,-0.9620387219,-3.885507938,2,0
0,0,-1.506265702,-5.442269798,2,-1
1,1,-2.199911202,-6.936455
0,0,0,0,0,0
0,0,0.09333871198,0.9333871198,2,0
0,0,0.1298218181,0.3648310611,0,0
0,0,0.2814753181,1.516535001,2,0
0,0,0.383349616,1.018742978,0,0
0,0,0.6298994858,2.465498698,0,0
0,0,1.02846338,3.985638944,1,0
0,0,1.545474125,5.170107447,2,-1
1,1,2.206397705,6.609235797
0,0,0,0,0,0
0,0,0.09184558773,0.9184558773,2,0
0,0,0.1191570458,0.2731145803,2,0
0,0,0.07071173884,-0.4844530693,2,0
0,0,-0.06577175264,-1.364834915,2,0
0,0,-0.3049273066,-2.391555539,1,0
0,0,-0.5928803599,-2.879530534,0,0
0,0,-0.9007404622,-3.078601022,0,0
0,0,-1.274616102,-3.738756401,0,-1
1,1,-1.762433039,-4.878169369
0,0,0,0,1,0
0,0,0.01140044396,0.1140044396,2,0
0,0,-0.04708611999,-0.5848656395,0,0
0,0,-0.03169615438,0.1538996561,1,0
0,0,-0.0286150202,0.03081134173,2,0
0,0,-0.1261654483,-0.9755042808,2,0
0,0,-0.3191236511,-1.929582028,0,0
0,0,-0.4860749715,-1.669513204,0,0
0,0,-0.6596557318,-1.735807603,2,0
0,0,-0.9918319697,-3.321762379,0,0
0,0,-1.402898022,-4.110660522,1,-1
1,1,-1.954217095,-5.513190733
0,0,0,0,1,0
0,0,0.0009233152245,0.009233152245,0,0
0,0,0.1042588314,1.033355162,0,0
0,0,0.3275627615,2.233039301,1,0
0,0,0.5940859173,2.665231558,2,0
0,0,0.8715622165,2.774762992,1,0
0,0,1.254437794,3.828755776,1,-1
1,1,1.771960691,5.175228965
0,0,0,0,1,0
0,0,0.01442014256,0.1442014256,1,0
0,0,0.03608581759,0.2166567503,0,0
0,0,0.143678142,1.075923244,1,0
0,0,0.2681498248,1.244716828,0,0
0,0,0.5234399937,2.552901689,2,0
0,0,0.7972251988,2.737852051,0,0
0,0,1.240320527,4.430953287,0,-1
1,1,1.845179135,6.048586074
0,0,0,0,2,0
0,0,-0.1051434174,-1.051434174,1,0
0,0,-0.2447379005,-1.395944831,1,0
0,0,-0.4186671449,-1.739292443,0,0
0,0,-0.5655747504,-1.469076055,1,0
0,0,-0.8040190109,-2.384442606,1,0
0,0,-1.161722217,-3.577032065,1,-1
1,1,-1.654803081,-4.930808631
0,0,0,0,0,0
0,0,0.08154767768,0.8154767768,1,0
0,0,0.1755491848,0.9400150711,1,0
0,0,0.2890290711,1.134798863,0,0
0,0,0.5235107887,2.344817176,2,0
0,0,0.7758745391,2.523637504,2,0
0,0,1.074560335,2.986857958,0,0
0,0,1.541827042,4.672667074,1,-1
1,1,2.155399604,6.13572562
0,0,0,0,2,0
0,0,-0.07089318525,-0.7089318525,1,0
0,0,-0.1562485473,-0.85355362,0,0
0,0,-0.1652669138,-0.0901836654,0,0
0,0,-0.1329375754,0.3232933838,1,0
0,0,-0.1259182083,0.07019367112,0,0
0,0,-0.05382269661,0.720955117,2,0
0,0,-0.092263709,-0.3844101239,1,0
0,0,-0.147356708,-0.5509299899,2,0
0,0,-0.3261301022,-1.787733942,2,0
0,0,-0.633118991,-3.069888888,1,0
0,0,-1.020255879,-3.871368882,0,0
0,0,-1.481729866,-4.614739866,1,-1
1,1,-2.085660409,-6.039305428
0,0,0,0,0,0
0,0,0.07320454803,0.7320454803,0,0
0,0,0.2411495776,1.679450295,2,0
0,0,0.380921967,1.397723894,2,0
0,0,0.5086949587,1.277729917,1,0
0,0,0.7169284252,2.082334665,0,0
0,0,1.098846916,3.819184913,1,-1
1,1,1.60937799,5.105310735
0,0,0,0,1,0
0,0,-0.009948566209,-0.09948566209,0,0
0,0,0.08363889063,0.9358745684,1,0
0,0,0.1818959826,0.9825709193,1,0
0,0,0.3071872085,1.25291226,2,0
0,0,0.388916808,0.8172959945,1,0
0,0,0.5357443175,1.468275095,1,0
0,0,0.778331747,2.425874295,2,0
0,0,1.072393214,2.940614674,0,0
0,0,1.524851472,4.52458258,2,-1
1,1,2.119307663,5.944561902
0,0,0,0,0,0
0,0,0.07944253127,0.7944253127,0,0
0,0,0.2531459888,1.737034575,0,0
0,0,0.5658659159,3.127199271,2,0
0,0,0.9010096661,3.351437502,1,0
0,0,1.351872343,4.508626767,2,-1
1,1,1.921722214,5.698498715
0,0,0,0,2,0
0,0,-0.07156771713,-0.7156771713,1,0
0,0,-0.149813527,-0.7824580989,0,0
0,0,-0.1704471333,-0.2063360627,0,0
0,0,-0.1486465459,0.2180058737,0,0
0,0,-0.06131261644,0.8733392948,0,0
0,0,0.100331613,1.616442294,0,0
0,0,0.376986742,2.76655129,0,0
0,0,0.7850731928,4.080864508,0,0
0,0,1.341429171,5.563559784,1,-1
1,1,2.032129215,6.907000439
0,0,0,0,1,0
0,0,0.01741882808,0.1741882808,2,0
0,0,-0.04659796878,-0.6401679685,2,0
0,0,-0.2178123691,-1.712144003,0,0
0,0,-0.3463321725,-1.285198034,0,0
0,0,-0.4438668185,-0.9753464598,1,0
0,0,-0.6118397084,-1.679728899,0,0
0,0,-0.7927605721,-1.809208636,2,0
0,0,-1.150692805,-3.579322326,0,-1
1,1,-1.610092252,-4.593994475
0,0,0,0,1,0
0,0,0.01025844559,0.1025844559,2,0
0,0,-0.07940192659,-0.8966037218,1,0
0,0,-0.1744454727,-0.9504354612,2,0
0,0,-0.3992350135,-2.247895408,0,0
0,0,-0.6186413795,-2.19406366,0,0
0,0,-0.8733182403,-2.546768608,0,0
0,0,-1.194350402,-3.210321613,1,-1
1,1,-1.647416303,-4.530659011
0,0,0,0,1,0
0,0,-0.002117352615,-0.02117352615,0,0
0,0,0.07849806085,0.8061541347,2,0
0,0,0.07130661781,-0.07191443039,0,0
0,0,0.1781665033,1.068598855,0,0
0,0,0.4042763537,2.261098504,0,0
0,0,0.7836649433,3.793885896,2,0
0,0,1.198141264,4.144763202,1,-1
1,1,1.746437848,5.482965841
0,0,0,0,1,0
0,0,0.008221036685,0.08221036685,2,0
0,0,-0.06195779266,-0.7017882934,2,0
0,0,-0.2464137675,-1.844559748,1,0
0,0,-0.4822940392,-2.358802718,1,0
0,0,-0.7884427872,-3.06148748,1,0
0,0,-1.203704494,-4.152617066,2,-1
1,1,-1.780814475,-5.771099808
0,0,0,0,1,0
0,0,0.01688533947,0.1688533947,1,0
0,0,0.04417879371,0.2729345423,1,0
0,0,0.07988748933,0.3570869562,0,0
0,0,0.2054661518,1.255786625,0,0
0,0,0.4453279541,2.398618023,2,0
0,0,0.6868208778,2.414929237,2,0
0,0,0.9528314018,2.66010524,2,0
0,0,1.300417803,3.475864014,1,-1
1,1,1.787964248,4.875464444
0,0,0,0,1,0
0,0,-0.0006344500367,-0.006344500367,2,0
0,0,-0.1026755811,-1.02041131,2,0
0,0,-0.2924806937,-1.898051126,1,0
0,0,-0.5458344002,-2.533537065,0,0
0,0,-0.8121494585,-2.663150583,0,0
0,0,-1.137819352,-3.256698931,2,-1
1,1,-1.624669155,-4.868498036
0,0,0,0,0,0
0,0,0.08516044073,0.8516044073,2,0
0,0,0.1115337944,0.2637335372,1,0
0,0,0.1567139007,0.4518010627,1,0
0,0,0.2329604225,0.7624652184,1,0
0,0,0.3498662911,1.169058686,0,0
0,0,0.6184008999,2.685346088,2,0
0,0,0.897535816,2.791349161,2,0
0,0,1.251716649,3.541808331,2,-1
1,1,1.719280607,4.675639577
0,0,0,0,0,0
0,0,0.09665599131,0.9665599131,0,0
0,0,0.307395806,2.107398147,1,0
0,0,0.5536813893,2.462855834,1,0
0,0,0.8878703996,3.341890103,0,0
0,0,1.38231071,4.944403107,2,-1
1,1,2.002882519,6.205718084
0,0,0,0,0,0
0,0,0.09520040789,0.9520040789,1,0
0,0,0.2164655065,1.212650986,1,0
0,0,0.3600179232,1.435524167,0,0
0,0,0.6504869623,2.904690391,0,0
0,0,1.092336166,4.418492034,1,-1
1,1,1.652666126,5.603299605
0,0,0,0,0,0
0,0,0.07693945551,0.7693945551,2,0
0,0,0.09515583922,0.1821638371,2,0
0,0,0.04628484669,-0.4887099253,1,0
0,0,0.01673760386,-0.2954724283,1,0
0,0,-0.01899459878,-0.3573220264,2,0
0,0,-0.1530115469,-1.340169481,2,0
0,0,-0.3929760777,-2.399645309,2,0
0,0,-0.7724023267,-3.79426249,1,0
0,0,-1.261741614,-4.893392872,2,-1
1,1,-1.902757111,-6.410154967
0,0,0,0,0,0
0,0,0.07940037818,0.7940037818,0,0
0,0,0.2764052165,1.970048383,2,0
0,0,0.4333924143,1.569871977,2,0
0,0,0.5699764078,1.365839935,0,0
0,0,0.8531631227,2.831867149,2,0
0,0,1.204719569,3.515564466,2,-1
1,1,1.667941909,4.632223398
0,0,0,0,1,0
0,0,0.01022085258,0.1022085258,0,0
0,0,0.1115951907,1.013743381,2,0
0,0,0.1512903797,0.3969518901,1,0
0,0,0.2081803977,0.5689001797,1,0
0,0,0.3008059501,0.9262555245,2,0
0,0,0.3580958552,0.5728990505,2,0
0,0,0.3842769892,0.2618113398,1,0
0,0,0.4816912298,0.9741424068,1,0
0,0,0.6445414087,1.628501789,1,0
0,0,0.895035369,2.504939603,0,0
0,0,1.311737863,4.16702494,1,-1
1,1,1.867097071,5.553592079
0,0,0,0,0,0
0,0,0.09259015685,0.9259015685,2,0
0,0,0.1279687805,0.3537862361,2,0
0,0,0.1104862518,-0.1748252862,1,0
0,0,0.102942735,-0.07543516843,0,0
0,0,0.2109691337,1.080263987,2,0
0,0,0.2695079624,0.5853882865,2,0
0,0,0.2787417204,0.09233758032,0,0
0,0,0.4289128686,1.501711481,0,0
0,0,0.7229139584,2.940010899,2,0
0,0,1.05782448,3.349105218,1,0
0,0,1.522485839,4.646613584,2,-1
1,1,2.128449738,6.059638997
0,0,0,0,1,0
0,0,0.004407305917,0.04407305917,2,0
0,0,-0.09328870918,-0.976960151,1,0
0,0,-0.1953715276,-1.020828184,2,0
0,0,-0.4077508073,-2.123792797,1,0
0,0,-0.6744275654,-2.666767581,2,0
0,0,-1.110761702,-4.363341367,2,-1
1,1,-1.707926891,-5.971651893
0,0,0,0,1,0
0,0,-0.002141308441,-0.02141308441,2,0
0,0,-0.09648150687,-0.9434019843,0,0
0,0,-0.1370238269,-0.4054232004,0,0
0,0,-0.09792697675,0.3909685016,2,0
0,0,-0.1644703103,-0.665433336,0,0
0,0,-0.1684754835,-0.04005173138,0,0
0,0,-0.1255558503,0.4291963321,2,0
0,0,-0.2041213139,-0.7856546362,2,0
0,0,-0.3935358778,-1.894145639,2,0
0,0,-0.7382132852,-3.446774074,2,0
0,0,-1.240434854,-5.022215689,2,-1
1,1,-1.899344205,-6.589093512
0,0,0,0,1,0
0,0,0.003145208589,0.03145208589,0,0
0,0,0.09733207364,0.9418686505,2,0
0,0,0.1193473296,0.2201525592,0,0
0,0,0.2542554893,1.349081598,2,0
0,0,0.3531205563,0.9886506701,2,0
0,0,0.4372013147,0.8408075838,2,0
0,0,0.5012815826,0.6408026791,0,0
0,0,0.7254892608,2.242076782,0,0
0,0,1.115091189,3.896019277,1,-1
1,1,1.632941106,5.178499176
0,0,0,0,1,0
0,0,0.01435332566,0.1435332566,1,0
0,0,0.02065642593,0.06303100271,0,0
0,0,0.1121554982,0.914990723,1,0
0,0,0.2314177769,1.192622787,0,0
0,0,0.4670020632,2.355842862,0,0
0,0,0.846434938,3.794328748,2,0
0,0,1.286498013,4.400630753,2,-1
1,1,1.837178163,5.506801492
0,0,0,0,2,0
0,0,-0.09580508775,-0.9580508775,2,0
0,0,-0.2892002063,-1.933951185,1,0
0,0,-0.5355465902,-2.463463839,2,0
0,0,-0.9320231218,-3.964765315,0,0
0,0,-1.403091822,-4.710687004,0,-1
1,1,-1.999620131,-5.965283093
0,0,0,0,0,0
0,0,0.07231854708,0.7231854708,0,0
0,0,0.2447004985,1.723819515,0,0
0,0,0.5504417771,3.057412785,0,0
0,0,1.008974159,4.585323823,2,0
0,0,1.544856924,5.358827644,0,-1
1,1,2.22872119,6.838642661
0,0,0,0,2,0
0,0,-0.09009140094,-0.9009140094,0,0
0,0,-0.09161330621,-0.01521905268,2,0
0,0,-0.1916625243,-1.00049218,0,0
0,0,-0.2521356498,-0.6047312558,2,0
0,0,-0.4232917503,-1.711561005,2,0
0,0,-0.7300258413,-3.06734091,1,0
0,0,-1.136202441,-4.061766001,1,-1
1,1,-1.674592672,-5.38390231
0,0,0,0,0,0
0,0,0.0859758627,0.859758627,2,0
0,0,0.0872561235,0.01280260801,0,0
0,0,0.1819535961,0.9469747263,2,0
0,0,0.2383390843,0.563854882,1,0
0,0,0.3392362449,1.008971606,2,0
0,0,0.4164090697,0.7717282476,1,0
0,0,0.553380406,1.369713363,1,0
0,0,0.7719943126,2.186139066,1,0
0,0,1.092608589,3.206142767,0,-1
1,1,1.573154393,4.805458032
0,0,0,0,0,0
0,0,0.09944067471,0.9944067471,1,0
0,0,0.2153159854,1.158753107,0,0
0,0,0.469443065,2.541270796,2,0
0,0,0.7085044738,2.390614088,0,0
0,0,1.112054928,4.035504546,1,-1
1,1,1.646259866,5.342049373
0,0,0,0,0,0
0,0,0.08194523283,0.8194523283,0,0
0,0,0.2526783982,1.707331653,2,0
0,0,0.392149442,1.394710438,0,0
0,0,0.6869849193,2.948354774,2,0
0,0,1.016941699,3.299567793,2,0
0,0,1.431884651,4.149429526,0,-1
1,1,1.999819581,5.679349293
0,0,0,0,1,0
0,0,0.007457923596,0.07457923596,1,0
0,0,0.01874441624,0.1128649264,2,0
0,0,-0.06489203475,-0.8363645099,1,0
0,0,-0.14411275,-0.7922071522,1,0
0,0,-0.2452127085,-1.010999585,1,0
0,0,-0.3999224554,-1.547097469,0,0
0,0,-0.5435237574,-1.43601302,0,0
0,0,-0.6940124722,-1.504887148,0,0
0,0,-0.8893686159,-1.953561436,1,0
0,0,-1.211094363,-3.217257473,1,-1
1,1,-1.667366894,-4.562725309
0,0,0,0,2,0
0,0,-0.09852342209,-0.9852342209,0,0
0,0,-0.1341747586,-0.3565133655,2,0
0,0,-0.2828517737,-1.486770151,0,0
0,0,-0.4004275064,-1.175757326,0,0
0,0,-0.5161016979,-1.156741915,1,0
0,0,-0.6981055807,-1.820038828,2,0
0,0,-1.053193808,-3.550882272,2,0
0,0,-1.567956514,-5.147627058,2,-1
1,1,-2.229848745,-6.618922313
0,0,0,0,2,0
0,0,-0.07277908076,-0.7277908076,0,0
0,0,-0.07265835854,0.001207222263,2,0
0,0,-0.1798242328,-1.071658743,2,0
0,0,-0.3897555425,-2.099313097,0,0
0,0,-0.5860244714,-1.962689289,2,0
0,0,-0.9420082504,-3.55983779,1,0
0,0,-1.420928136,-4.789198852,0,-1
1,1,-2.029497639,-6.085695032
0,0,0,0,1,0
0,0,0.001045780541,0.01045780541,0,0
0,0,0.08285926073,0.8181348019,2,0
0,0,0.07636446603,-0.06494794701,1,0
0,0,0.08751626512,0.1115179909,2,0
0,0,0.03448276007,-0.5303350505,2,0
0,0,-0.0940981137,-1.285808738,1,0
0,0,-0.2453913006,-1.512931869,2,0
0,0,-0.5307322135,-2.853409129,0,0
0,0,-0.8231021114,-2.92369898,2,0
0,0,-1.278344373,-4.552422618,1,-1
1,1,-1.869727857,-5.913834833
0,0,0,0,0,0
0,0,0.1027845756,1.027845756,0,0
0,0,0.3175993353,2.148147598,2,0
0,0,0.4945067353,1.769074,0,0
0,0,0.8225601575,3.280534222,1,0
0,0,1.260154848,4.375946903,0,-1
1,1,1.851244116,5.910892678
0,0,0,0,2,0
0,0,-0.08344737348,-0.8344737348,0,0
0,0,-0.1043947617,-0.2094738824,2,0
0,0,-0.240572214,-1.361774523,1,0
0,0,-0.4187711505,-1.781989365,1,0
0,0,-0.6612716661,-2.425005156,2,0
0,0,-1.05459572,-3.933240539,2,-1
1,1,-1.602740337,-5.481446169
0,0,0,0,1,0
0,0,-0.001990281608,-0.01990281608,2,0
0,0,-0.1039462261,-1.019559445,0,0
0,0,-0.1493890855,-0.4544285941,0,0
0,0,-0.1478745685,0.01514516995,0,0
0,0,-0.07422851153,0.7364605698,2,0
0,0,-0.1117806159,-0.3755210435,0,0
0,0,-0.06591076973,0.4586984614,0,0
0,0,0.06124748633,1.271582561,1,0
0,0,0.2040168269,1.427693406,0,0
0,0,0.4657582004,2.617413735,2,0
0,0,0.7091209032,2.433627028,0,0
0,0,1.112826627,4.037057237,2,-1
1,1,1.601840593,4.890139659
0,0,0,0,2,0
0,0,-0.07568394363,-0.7568394363,2,0
0,0,-0.2531284357,-1.77444492,0,0
0,0,-0.3918597257,-1.3873129,1,0
0,0,-0.5885917147,-1.96731989,2,0
0,0,-0.9474846952,-3.588929805,1,0
0,0,-1.425429223,-4.779445276,1,-1
1,1,-2.042302081,-6.168728584
0,0,0,0,2,0
0,0,-0.08189909471,-0.8189909471,2,0
0,0,-0.2575210833,-1.756219886,0,0
0,0,-0.4002509527,-1.427298694,0,0
0,0,-0.5277433464,-1.274923937,0,0
0,0,-0.6563617793,-1.286184329,2,0
0,0,-0.9532469458,-2.968851665,1,0
0,0,-1.361632499,-4.083855534,0,-1
1,1,-1.891399801,-5.297673014
0,0,0,0,2,0
0,0,-0.08882924544,-0.8882924544,0,0
0,0,-0.09781069444,-0.08981449007,2,0
0,0,-0.2041785986,-1.063679041,1,0
0,0,-0.3602469158,-1.560683172,0,0
0,0,-0.4869105283,-1.266636125,2,0
0,0,-0.779186276,-2.922757477,0,0
0,0,-1.128316199,-3.491299233,0,0
0,0,-1.569354015,-4.410378157,1,-1
1,1,-2.15733663,-5.879826152
0,0,0,0,0,0
0,0,0.09203051625,0.9203051625,2,0
0,0,0.1282841913,0.3625367506,1,0
0,0,0.170661764,0.4237757265,0,0
0,0,0.3152964173,1.446346533,2,0
0,0,0.4344524395,1.191560222,1,0
0,0,0.6332881654,1.98835726,1,0
0,0,0.9315293488,2.982411834,1,0
0,0,1.338954386,4.074250371,0,-1
1,1,1.903151925,5.641975391
0,0,0,0,1,0
0,0,-0.009195747241,-0.09195747241,1,0
0,0,-0.03424953558,-0.2505378834,1,0
0,0,-0.07709816993,-0.4284863435,1,0
0,0,-0.1284698156,-0.5137164569,0,0
0,0,-0.1043234928,0.2414632285,0,0
0,0,-7.216496547e-05,1.042513278,2,0
0,0,0.007609369221,0.07681534187,0,0
0,0,0.0941922528,0.8658288358,1,0
0,0,0.1825247969,0.8833254406,1,0
0,0,0.3060174049,1.23492608,1,0
0,0,0.4760119163,1.699945114,2,0
0,0,0.6592284806,1.832165643,0,0
0,0,1.016345308,3.571168271,1,0
0,0,1.49590387,4.795585621,0,-1
1,1,2.124406522,6.285026523
0,0,0,0,2,0
0,0,-0.08494939817,-0.8494939817,1,0
0,0,-0.179911948,-0.9496254982,1,0
0,0,-0.2958888856,-1.159769377,0,0
0,0,-0.3848547484,-0.8896586271,0,0
0,0,-0.457028215,-0.7217346663,1,0
0,0,-0.5880010513,-1.309728364,1,0
0,0,-0.7973577938,-2.093567425,1,0
0,0,-1.118303889,-3.209460948,0,0
0,0,-1.540605092,-4.223012035,1,-1
1,1,-2.109009952,-5.684048598
0,0,0,0,2,0
0,0,-0.08995383166,-0.8995383166,2,0
0,0,-0.2953321601,-2.053783284,2,0
0,0,-0.6343638439,-3.390316838,0,0
0,0,-1.00600979,-3.716459461,2,0
0,0,-1.547155957,-5.411461666,1,-1
1,1,-2.234517238,-6.873612819
0,0,0,0,2,0
0,0,-0.1011449269,-1.011449269,2,0
0,0,-0.3078851855,-2.067402586,2,0
0,0,-0.649138879,-3.412536935,1,0
0,0,-1.085002968,-4.35864089,1,-1
1,1,-1.644255342,-5.592523744
0,0,0,0,1,0
0,0,-0.00483628074,-0.0483628074,0,0
0,0,0.0634263792,0.6826265994,1,0
0,0,0.1323388107,0.6891243153,2,0
0,0,0.1261364879,-0.06202322879,2,0
0,0,0.04408802521,-0.8204846264,0,0
0,0,0.04290489472,-0.01183130493,1,0
0,0,0.0537290468,0.1082415208,1,0
0,0,0.06906172042,0.1533267362,1,0
0,0,0.09909885892,0.300371385,2,0
0,0,0.06441149186,-0.3468736706,0,0
0,0,0.1430830621,0.786715702,1,0
0,0,0.2412108656,0.981278035,2,0
0,0,0.2917294062,0.5051854069,2,0
0,0,0.320085249,0.283558428,0,0
0,0,0.4677951422,1.477098931,1,0
0,0,0.7044808924,2.366857502,2,0
0,0,0.9836751378,2.791942454,2,0
0,0,1.340214984,3.565398462,0,-1
1,1,1.857310266,5.170952825
0,0,0,0,0,0
0,0,0.08319421549,0.8319421549,0,0
0,0,0.2592599025,1.76065687,2,0
0,0,0.4010304814,1.417705789,0,0
0,0,0.6956791378,2.946486564,2,0
0,0,1.021927208,3.262480697,2,0
0,0,1.432131346,4.102041386,1,-1
1,1,1.985898078,5.537667323
0,0,0,0,0,0
0,0,0.07270445435,0.7270445435,2,0
0,0,0.08067982171,0.07975367357,0,0
0,0,0.2000710766,1.193912549,1,0
0,0,0.3695455819,1.694745052,1,0
0,0,0.5832012272,2.136556453,2,0
0,0,0.8222742234,2.390729962,1,0
0,0,1.173644044,3.513698211,1,-1
1,1,1.657481786,4.838377415
0,0,0,0,0,0
0,0,0.104473888,1.04473888,0,0
0,0,0.307401962,2.02928074,1,0
0,0,0.5555494902,2.481475282,1,0
0,0,0.8844531904,3.289037002,2,0
0,0,1.267604022,3.831508316,2,-1
1,1,1.765242831,4.976388094
0,0,0,0,1,0
0,0,-0.008574140973,-0.08574140973,0,0
0,0,0.08313946123,0.917136022,2,0
0,0,0.1177684431,0.3462898187,1,0
0,0,0.1738498415,0.5608139837,0,0
0,0,0.3589418081,1.850919667,2,0
0,0,0.5060596918,1.471178837,0,0
0,0,0.8204360233,3.143763315,1,0
0,0,1.249787677,4.293516541,2,-1
1,1,1.792894619,5.431069416
0,0,0,0,1,0
0,0,0.007782064093,0.07782064093,0,0
0,0,0.09856303713,0.9078097304,2,0
0,0,0.1100300343,0.1146699719,0,0
0,0,0.2213602412,1.113302069,0,0
0,0,0.4557592271,2.343989859,0,0
0,0,0.8418450598,3.860858327,2,0
0,0,1.270343594,4.28498534,1,-1
1,1,1.829406431,5.590628367
0,0,0,0,1,0
0,0,0.007214057098,0.07214057098,1,0
0,0,0.03173996106,0.2452590396,2,0
0,0,-0.0235595658,-0.5529952686,1,0
0,0,-0.07411187961,-0.5055231381,1,0
0,0,-0.1213024949,-0.4719061527,0,0
0,0,-0.100322213,0.209802819,0,0
0,0,-0.008513203963,0.9180900902,0,0
0,0,0.1849555847,1.934687887,1,0
0,0,0.3952915376,2.103359529,2,0
0,0,0.5894978645,1.942063269,1,0
0,0,0.8664115837,2.769137193,1,0
0,0,1.263094532,3.966829487,2,-1
1,1,1.774136325,5.110417921
0,0,0,0,2,0
0,0,-0.09640008323,-0.9640008323,1,0
0,0,-0.2055038037,-1.091037205,2,0
0,0,-0.4223942471,-2.168904434,1,0
0,0,-0.7040356389,-2.816413918,0,0
0,0,-1.018544125,-3.145084859,1,0
0,0,-1.451556536,-4.330124116,2,-1
1,1,-2.038199355,-5.866428185
0,0,0,0,1,0
0,0,-0.005991177174,-0.05991177174,0,0
0,0,0.07843856461,0.8442974178,0,0
0,0,0.2797237991,2.012852345,2,0
0,0,0.437861551,1.581377519,0,0
0,0,0.7517198685,3.138583176,1,0
0,0,1.169029893,4.173100247,1,-1
1,1,1.720615409,5.515855156
0,0,0,0,2,0
0,0,-0.07687227808,-0.7687227808,1,0
0,0,-0.1618227487,-0.849504706,2,0
0,0,-0.3454452806,-1.836225319,1,0
0,0,-0.5728550878,-2.274098072,1,0
0,0,-0.8962368229,-3.233817351,1,0
0,0,-1.325790886,-4.295540629,1,-1
1,1,-1.890682816,-5.648919299
0,0,0,0,2,0
0,0,-0.09637242305,-0.9637242305,2,0
0,0,-0.2971241187,-2.007516957,0,0
0,0,-0.4766918181,-1.795676994,2,0
0,0,-0.8067584163,-3.300665981,0,0
0,0,-1.197001665,-3.902432485,0,-1
1,1,-1.69354954,-4.965478754
0,0,0,0,0,0
0,0,0.07909008595,0.7909008595,0,0
0,0,0.2722165225,1.931264365,2,0
0,0,0.4125868626,1.403703401,0,0
0,0,0.7021351763,2.895483137,0,0
0,0,1.145417097,4.432819205,2,-1
1,1,1.68413312,5.38716023
0,0,0,0,1,0
0,0,-0.003353521599,-0.03353521599,1,0
0,0,-0.02235709914,-0.1900357754,2,0
0,0,-0.1347008414,-1.123437423,1,0
0,0,-0.2538410225,-1.191401811,0,0
0,0,-0.3269180356,-0.7307701309,2,0
0,0,-0.5503438086,-2.23425773,1,0
0,0,-0.8553714634,-3.050276548,0,0
0,0,-1.228929919,-3.735584561,0,-1
1,1,-1.707882544,-4.789526242
0,0,0,0,1,0
0,0,0.008070330412,0.08070330412,0,0
0,0,0.09862987888,0.9055954847,2,0
0,0,0.1042899706,0.0566009167,0,0
0,0,0.227658886,1.233689155,2,0
0,0,0.3119644231,0.8430553707,0,0
0,0,0.5285277632,2.165633401,0,0
0,0,0.9085740504,3.800462872,0,0
0,0,1.446157475,5.375834242,2,-1
1,1,2.116040091,6.698826164
0,0,0,0,1,0
0,0,-0.008895424722,-0.08895424722,1,0
0,0,-0.02019135814,-0.1129593342,0,0
0,0,0.0439668437,0.6415820184,1,0
0,0,0.1016976129,0.5773076923,0,0
0,0,0.2489727893,1.472751763,0,0
0,0,0.5189221369,2.699493476,0,0
0,0,0.9282187759,4.092966391,1,0
0,0,1.448516371,5.202975952,0,-1
1,1,2.119997705,6.714813342
0,0,0,0,0,0
0,0,0.1039559379,1.039559379,1,0
0,0,0.2346540135,1.306980755,0,0
0,0,0.4977700639,2.631160504,1,0
0,0,0.8325565845,3.347865206,0,0
0,0,1.330816381,4.982597968,0,-1
1,1,1.979082266,6.482658849
0,0,0,0,1,0
0,0,0.01111763046,0.1111763046,1,0
0,0,0.04005012014,0.2893248967,2,0
0,0,-0.0124455338,-0.5249565394,1,0
0,0,-0.05263934991,-0.4019381611,1,0
0,0,-0.08453175369,-0.3189240378,0,0
0,0,-0.03264701172,0.5188474197,2,0
0,0,-0.06368936209,-0.3104235037,2,0
0,0,-0.1812193708,-1.175300087,0,0
0,0,-0.255696643,-0.7447727223,2,0
0,0,-0.4743391174,-2.186424745,0,0
0,0,-0.6843421079,-2.100029905,2,0
0,0,-1.069354331,-3.85012223,0,0
0,0,-1.543052641,-4.736983105,2,-1
1,1,-2.164724499,-6.216718574
0,0,0,0,0,0
0,0,0.07429522021,0.7429522021,2,0
0,0,0.08807502132,0.1377980111,1,0
0,0,0.1134116104,0.2533658906,0,0
0,0,0.2510956261,1.376840158,2,0
0,0,0.3517340224,1.006383963,1,0
0,0,0.5086728045,1.569387821,1,0
0,0,0.7407495525,2.32076748,2,0
0,0,1.011410789,2.706612368,0,0
0,0,1.450747056,4.393362666,0,-1
1,1,2.041931509,5.911844527
0,0,0,0,1,0
0,0,-0.00456313417,-0.0456313417,1,0
0,0,-0.02546891328,-0.2090577911,1,0
0,0,-0.04748667857,-0.2201776529,2,0
0,0,-0.1797098172,-1.322231386,1,0
0,0,-0.3393411096,-1.596312925,0,0
0,0,-0.45961409,-1.202729804,0,0
0,0,-0.5666135281,-1.069994381,2,0
0,0,-0.8192244557,-2.526109275,2,0
0,0,-1.234296721,-4.15072265,0,-1
1,1,-1.758300888,-5.24004167
0,0,0,0,1,0
0,0,0.008403397353,0.08403397353,2,0
0,0,-0.06378471988,-0.7218811723,1,0
0,0,-0.1553455582,-0.9156083835,1,0
0,0,-0.287233182,-1.318876238,2,0
0,0,-0.5612110609,-2.739778789,2,0
0,0,-0.990060926,-4.288498651,0,0
0,0,-1.499690957,-5.096300314,1,-1
1,1,-2.15249982,-6.528088627
0,0,0,0,2,0
0,0,-0.0750571115,-0.750571115,2,0
0,0,-0.258234341,-1.831772295,2,0
0,0,-0.5794701038,-3.212357628,1,0
0,0,-0.9769277602,-3.974576564,2,0
0,0,-1.53256399,-5.556362302,1,-1
1,1,-2.233220543,-7.006565528
0,0,0,0,1,0
0,0,-0.01201664579,-0.1201664579,1,0
0,0,-0.04182848893,-0.2981184314,1,0
0,0,-0.07590474996,-0.3407626103,2,0
0,0,-0.2226275333,-1.467227833,0,0
0,0,-0.312897591,-0.9027005776,0,0
0,0,-0.3871385325,-0.7424094144,2,0
0,0,-0.6007838903,-2.136453578,2,0
0,0,-0.9693413554,-3.685574651,1,0
0,0,-1.449330716,-4.799893606,1,-1
1,1,-2.07283686,-6.235061438
0,0,0,0,2,0
0,0,-0.1049115368,-1.049115368,0,0
0,0,-0.1383270146,-0.3341547785,0,0
0,0,-0.1143299534,0.2399706122,2,0
0,0,-0.1898706382,-0.7554068477,2,0
0,0,-0.3823874147,-1.925167766,1,0
0,0,-0.6452408848,-2.628534701,0,0
0,0,-0.9335499539,-2.883090691,0,0
0,0,-1.295604145,-3.620541907,1,-1
1,1,-1.792885195,-4.972810503
0,0,0,0,1,0
0,0,-0.01412692861,-0.1412692861,2,0
0,0,-0.1289293899,-1.148024613,0,0
0,0,-0.1628203898,-0.3389099994,0,0
0,0,-0.1238810345,0.3893935539,1,0
0,0,-0.09400753253,0.2987350192,1,0
0,0,-0.0926546014,0.01352931135,1,0
0,0,-0.09653787358,-0.0388327218,0,0
0,0,-0.04198446369,0.5455340989,1,0
0,0,0.007388518238,0.4937298193,2,0
0,0,-0.02716741261,-0.3455593085,2,0
0,0,-0.1397694619,-1.126020493,0,0
0,0,-0.1838780342,-0.4410857235,2,0
0,0,-0.341999161,-1.581211268,0,0
0,0,-0.4614681934,-1.194690323,1,0
0,0,-0.6405276039,-1.790594105,0,0
0,0,-0.8443367941,-2.038091902,0,0
0,0,-1.114532991,-2.70196197,2,0
0,0,-1.552610552,-4.380775609,2,-1
1,1,-2.138506509,-5.858959567
0,0,0,0,0,0
0,0,0.08968091672,0.8968091672,1,0
0,0,0.1993980412,1.097171245,2,0
0,0,0.2419738031,0.4257576192,2,0
0,0,0.25170234,0.09728536939,0,0
0,0,0.3848855187,1.331831787,0,0
0,0,0.6487788025,2.638932838,0,0
0,0,1.075227556,4.264487539,2,-1
1,1,1.59139163,5.161640738
0,0,0,0,0,0
0,0,0.07341133975,0.7341133975,0,0
0,0,0.2576020513,1.841907115,1,0
0,0,0.4918293336,2.342272823,0,0
0,0,0.8808454442,3.890161106,2,0
0,0,1.330595349,4.497499046,0,-1
1,1,1.932116638,6.015212891
0,0,0,0,2,0
0,0,-0.0996679579,-0.996679579,1,0
0,0,-0.2012335503,-1.015655924,2,0
0,0,-0.4155965304,-2.1436298,2,0
0,0,-0.7865210305,-3.709245002,0,0
0,0,-1.199769073,-4.132480424,1,-1
1,1,-1.746131728,-5.463626553
0,0,0,0,1,0
0,0,0.006225335545,0.06225335545,0,0
0,0,0.09397851913,0.8775318359,2,0
0,0,0.1126276843,0.1864916516,1,0
0,0,0.1413359917,0.2870830744,1,0
0,0,0.1794325659,0.3809657421,2,0
0,0,0.1670620905,-0.1237047549,0,0
0,0,0.2613805275,0.9431843702,2,0
0,0,0.3222228908,0.6084236334,0,0
0,0,0.5344942458,2.12271355,1,0
0,0,0.8201178315,2.856235857,0,0
0,0,1.260958264,4.408404324,2,-1
1,1,1.816235288,5.552770241
0,0,0,0,0,0
0,0,0.07398667157,0.7398667157,1,0
0,0,0.1560102665,0.8202359498,0,0
0,0,0.3593168204,2.033065538,2,0
0,0,0.5481294767,1.888126563,2,0
0,0,0.7545446226,2.06415146,2,0
0,0,1.003503646,2.489590236,2,0
0,0,1.339208256,3.357046097,0,-1
1,1,1.835912907,4.96704651
0,0,0,0,0,0
0,0,0.0806087649,0.806087649,1,0
0,0,0.1638247446,0.8321597967,1,0
0,0,0.2624107966,0.9858605208,2,0
0,0,0.317451608,0.5504081136,1,0
0,0,0.4342505764,1.167989684,0,0
0,0,0.6946666677,2.604160913,2,0
0,0,0.9792236402,2.845569725,0,0
0,0,1.435839811,4.566161704,2,-1
1,1,2.024506652,5.886668414
0,0,0,0,2,0
0,0,-0.1048948473,-1.048948473,0,0
0,0,-0.1254050505,-0.205102032,2,0
0,0,-0.2685761679,-1.431711174,2,0
0,0,-0.5292368273,-2.606606594,0,0
0,0,-0.7833134009,-2.540765737,0,0
0,0,-1.090574609,-3.072612078,1,0
0,0,-1.521827586,-4.312529771,0,-1
1,1,-2.094613864,-5.727862786
0,0,0,0,2,0
0,0,-0.08975981608,-0.8975981608,0,0
0,0,-0.1163092883,-0.2654947225,0,0
0,0,-0.07910693986,0.3720234847,1,0
0,0,-0.06527664575,0.1383029411,0,0
0,0,0.04023512,1.055117658,2,0
0,0,0.0657912894,0.255561694,0,0
0,0,0.1885333334,1.22742044,2,0
0,0,0.2572220348,0.686887014,2,0
0,0,0.2934866216,0.362645868,2,0
0,0,0.3105756205,0.1708899892,0,0
0,0,0.4676179827,1.570423622,0,0
0,0,0.7876075989,3.199896161,1,0
0,0,1.208600304,4.209927053,0,-1
1,1,1.789781905,5.811816006
0,0,0,0,2,0
0,0,-0.1022836109,-1.022836109,2,0
0,0,-0.3183580027,-2.160743919,1,0
0,0,-0.5795060317,-2.611480289,2,0
0,0,-0.9844391106,-4.04933079,1,0
0,0,-1.49862558,-5.141864697,0,-1
1,1,-2.150867306,-6.522417257
0,0,0,0,0,0
0,0,0.09998316512,0.9998316512,1,0
0,0,0.215972376,1.159892109,2,0
0,0,0.2793824706,0.6341009464,1,0
0,0,0.3859218436,1.06539373,2,0
0,0,0.4792964404,0.9337459676,1,0
0,0,0.6587024441,1.794060037,0,0
0,0,1.003215789,3.445133447,0,0
0,0,1.50328627,5.000704815,2,-1
1,1,2.143006207,6.397199362
0,0,0,0,2,0
0,0,-0.08737875621,-0.8737875621,1,0
0,0,-0.2003587353,-1.129799791,2,0
0,0,-0.4205075351,-2.201487997,1,0
0,0,-0.7160577845,-2.955502494,1,0
0,0,-1.118501125,-4.024433404,2,-1
1,1,-1.680119047,-5.61617922
0,0,0,0,2,0
0,0,-0.07583103965,-0.7583103965,1,0
0,0,-0.1793787064,-1.035476667,0,0
0,0,-0.2383604634,-0.5898175705,2,0
0,0,-0.4361228459,-1.977623824,1,0
0,0,-0.708871986,-2.727491402,2,0
0,0,-1.145674453,-4.368024672,1,-1
1,1,-1.712347491,-5.666730375
0,0,0,0,0,0
0,0,0.08623792373,0.8623792373,2,0
0,0,0.08545553593,-0.007823878055,1,0
0,0,0.1127341176,0.2727858163,1,0
0,0,0.1659022018,0.5316808423,0,0
0,0,0.3419632214,1.760610196,2,0
0,0,0.4754198476,1.334566262,0,0
0,0,0.7736684962,2.982486486,2,0
0,0,1.11561676,3.419482637,0,-1
1,1,1.625833684,5.102169242
0,0,0,0,2,0
0,0,-0.08792611231,-0.8792611231,0,0
0,0,-0.1185348565,-0.3060874416,0,0
0,0,-0.07938076825,0.3915408822,2,0
0,0,-0.1583327684,-0.7895200015,0,0
0,0,-0.1923548207,-0.3402205227,0,0
0,0,-0.1839813272,0.08373493477,0,0
0,0,-0.1281578984,0.5582342883,1,0
0,0,-0.08884931445,0.393085839,0,0
0,0,0.01174699219,1.005963066,1,0
0,0,0.1066236783,0.9487668614,1,0
0,0,0.2310645093,1.244408309,1,0
0,0,0.3954557607,1.643912514,0,0
0,0,0.6993057166,3.038499559,1,0
0,0,1.094424409,3.951186921,1,-1
1,1,1.613158169,5.187337599
0,0,0,0,0,0
0,0,0.07543300722,0.7543300722,1,0
0,0,0.1529873589,0.7755435172,0,0
0,0,0.3312237813,1.782364224,1,0
0,0,0.5665647782,2.353409969,0,0
0,0,0.9553561344,3.887913561,0,0
0,0,1.501722937,5.463668026,1,-1
1,1,2.190962388,6.892394515
0,0,0,0,1,0
0,0,-0.005456154868,-0.05456154868,2,0
0,0,-0.1110392631,-1.055831082,0,0
0,0,-0.1500495544,-0.3901029127,0,0
0,0,-0.1190946582,0.3095489618,0,0
0,0,-0.01465669052,1.044379677,0,0
0,0,0.1633360726,1.779927631,1,0
0,0,0.3813360418,2.179999692,0,0
0,0,0.7248088051,3.434727633,1,0
0,0,1.169640904,4.448320988,2,-1
1,1,1.713450368,5.438094641
0,0,0,0,0,0
0,0,0.07206701378,0.7206701378,2,0
0,0,0.05206028484,-0.2000672894,1,0
0,0,0.04765916711,-0.04401117732,0,0
0,0,0.1562855136,1.086263465,2,0
0,0,0.220632772,0.6434725833,0,0
0,0,0.4022323107,1.815995387,1,0
0,0,0.6564293607,2.5419705,1,0
0,0,1.004839392,3.484100316,0,0
0,0,1.508462251,5.036228591,0,-1
1,1,2.160372442,6.51910191
0,0,0,0,0,0
0,0,0.1032110982,1.032110982,2,0
0,0,0.1332596919,0.3004859376,1,0
0,0,0.1734072518,0.4014755988,1,0
0,0,0.2580338143,0.846265625,1,0
0,0,0.3976788337,1.396450194,0,0
0,0,0.6719102007,2.74231367,1,0
0,0,1.043881213,3.719710127,2,0
0,0,1.503838772,4.599575588,0,-1
1,1,2.114353838,6.105150654
0,0,0,0,1,0
0,0,-0.01423320863,-0.1423320863,0,0
0,0,0.06166748113,0.7590068976,2,0
0,0,0.04346687212,-0.1820060901,0,0
0,0,0.1091877337,0.6572086159,1,0
0,0,0.205337844,0.9615011033,0,0
0,0,0.434839437,2.29501593,2,0
0,0,0.6633759232,2.285364862,0,0
0,0,1.064645516,4.012695924,0,-1
1,1,1.631616558,5.669710421
0,0,0,0,1,0
0,0,7.685397029e-06,7.685397029e-05,1,0
0,0,-0.006512671543,-0.0652035694,0,0
0,0,0.07853459595,0.8504726749,0,0
0,0,0.2627700697,1.842354738,1,0
0,0,0.5031788554,2.404087857,2,0
0,0,0.7437708941,2.405920387,0,0
0,0,1.138973047,3.952021527,0,-1
1,1,1.695053708,5.560806615
0,0,0,0,0,0
0,0,0.08272209182,0.8272209182,0,0
0,0,0.277751778,1.950296862,1,0
0,0,0.5315252278,2.537734498,0,0
0,0,0.9512751834,4.197499556,1,0
0,0,1.492492291,5.412171077,0,-1
1,1,2.183406809,6.909145178
