2,1,1
0,0,0,0,2,0
0,0,-0.0950442887,-0.950442887,1,0
0,0,-0.2130869365,-1.180426478,1,0
0,0,-0.365654653,-1.525677165,2,0
0,0,-0.6528691741,-2.87214521,1,0
0,0,-1.022019562,-3.691503876,2,0
0,0,-1.551181219,-5.291616576,2,-1
1,1,-2.228174481,-6.769932614
0,0,0,0,1,0
0,0,-0.01134418226,-0.1134418226,2,0
0,0,-0.1021548818,-0.9081069954,0,0
0,0,-0.1366663096,-0.3451142779,0,0
0,0,-0.1205938991,0.1607241052,0,0
0,0,-0.03792647032,0.8266742875,2,0
0,0,-0.04817210054,-0.1024563022,2,0
0,0,-0.1508308981,-1.026587975,1,0
0,0,-0.2916502713,-1.408193732,2,0
0,0,-0.5502691027,-2.586188314,1,0
0,0,-0.9027523198,-3.524832171,0,0
0,0,-1.319198916,-4.164465958,0,-1
1,1,-1.851961212,-5.327622965
0,0,0,0,1,0
0,0,-0.01407562679,-0.1407562679,2,0
0,0,-0.1314882016,-1.174125749,2,0
0,0,-0.3623983404,-2.309101388,0,0
0,0,-0.5712045388,-2.088061983,2,0
0,0,-0.9239700619,-3.527655231,0,0
0,0,-1.335743661,-4.117735995,1,-1
1,1,-1.886687746,-5.509440848
0,0,0,0,0,0
0,0,0.09055343006,0.9055343006,1,0
0,0,0.188562236,0.9800880597,0,0
0,0,0.4120742297,2.235119937,2,0
0,0,0.631883636,2.198094063,2,0
0,0,0.8868834682,2.549998321,2,0
0,0,1.206031047,3.191475785,2,-1
1,1,1.634636157,4.286051099
0,0,0,0,0,0
0,0,0.09168941194,0.9168941194,0,0
0,0,0.2918200511,2.001306392,2,0
0,0,0.441222496,1.494024448,1,0
0,0,0.6487066416,2.074841456,2,0
0,0,0.8728553722,2.241487306,1,0
0,0,1.207755563,3.349001909,1,-1
1,1,1.672868315,4.651127519
0,0,0,0,1,0
0,0,-0.01655734107,-0.1655734107,1,0
0,0,-0.04293231285,-0.2637497178,0,0
0,0,0.009347164546,0.5227947739,2,0
0,0,-0.01464232861,-0.2398949315,2,0
0,0,-0.1334224793,-1.187801507,0,0
0,0,-0.1977756232,-0.643531439,0,0
0,0,-0.1987687875,-0.009931643074,0,0
0,0,-0.1510109374,0.4775785009,2,0
0,0,-0.2304224839,-0.7941154648,1,0
0,0,-0.3351201376,-1.046976536,0,0
0,0,-0.4248613337,-0.8974119612,1,0
0,0,-0.5831971392,-1.583358055,1,0
0,0,-0.8406851989,-2.574880597,0,0
0,0,-1.149174631,-3.084894323,1,-1
1,1,-1.595136615,-4.45961984
0,0,0,0,2,0
0,0,-0.1052007048,-1.052007048,2,0
0,0,-0.3089189919,-2.037182871,1,0
0,0,-0.5589484464,-2.500294546,2,0
0,0,-0.9539406144,-3.94992168,0,0
0,0,-1.421656389,-4.677157747,1,-1
1,1,-2.031473192,-6.098168032
0,0,0,0,2,0
0,0,-0.07494603183,-0.7494603183,0,0
0,0,-0.08464941214,-0.09703380317,2,0
0,0,-0.1796848794,-0.9503546726,0,0
0,0,-0.2027227218,-0.2303784238,2,0
0,0,-0.3330259617,-1.303032399,0,0
0,0,-0.4507534679,-1.177275062,1,0
0,0,-0.6294174732,-1.786640053,1,0
0,0,-0.9028664892,-2.73449016,1,0
0,0,-1.283534887,-3.806683981,0,-1
1,1,-1.780083026,-4.965481391
0,0,0,0,0,0
0,0,0.07110199859,0.7110199859,0,0
0,0,0.2458469282,1.747449296,1,0
0,0,0.4701011954,2.242542671,2,0
0,0,0.6811897866,2.110885913,0,0
0,0,1.044047188,3.628574011,0,0
0,0,1.566713798,5.226666101,1,-1
1,1,2.236171772,6.694579739
0,0,0,0,2,0
0,0,-0.08340413005,-0.8340413005,0,0
0,0,-0.09914842717,-0.1574429712,1,0
0,0,-0.1305514202,-0.3140299306,2,0
0,0,-0.2765655886,-1.460141684,2,0
0,0,-0.5602057968,-2.836402083,1,0
0,0,-0.9227200225,-3.625142257,1,0
0,0,-1.399186401,-4.764663786,0,-1
1,1,-2.00322067,-6.040342692
0,0,0,0,0,0
0,0,0.09719167854,0.9719167854,0,0
0,0,0.2990972182,2.019055396,1,0
0,0,0.5614709568,2.623737386,1,0
0,0,0.9049659101,3.434949533,2,0
0,0,1.312425281,4.074593706,2,-1
1,1,1.840599848,5.28174567
0,0,0,0,0,0
0,0,0.1006892867,1.006892867,2,0
0,0,0.1365022677,0.3581298103,1,0
0,0,0.2102849459,0.7378267816,0,0
0,0,0.4205367796,2.102518337,2,0
0,0,0.6263973888,2.058606092,1,0
0,0,0.9302826724,3.038852836,0,0
0,0,1.400205622,4.699229492,0,-1
1,1,2.024013846,6.238082245
0,0,0,0,0,0
0,0,0.1034244237,1.034244237,1,0
0,0,0.2145533842,1.111289605,2,0
0,0,0.2608686386,0.4631525438,0,0
0,0,0.4463425342,1.854738956,0,0
0,0,0.7821215627,3.357790285,2,0
0,0,1.163688922,3.815673589,2,-1
1,1,1.640602575,4.769136532
0,0,0,0,2,0
0,0,-0.07507017114,-0.7507017114,1,0
0,0,-0.1487219142,-0.7365174306,2,0
0,0,-0.3215300809,-1.728081667,0,0
0,0,-0.4568966791,-1.353665982,0,0
0,0,-0.5914857746,-1.345890956,2,0
0,0,-0.872140257,-2.806544824,1,0
0,0,-1.274505731,-4.023654738,2,-1
1,1,-1.830954662,-5.564489313
0,0,0,0,0,0
0,0,0.07685197962,0.7685197962,2,0
0,0,0.08203200741,0.05180027786,0,0
0,0,0.1960214344,1.13989427,2,0
0,0,0.2607482933,0.6472685894,1,0
0,0,0.3552759884,0.9452769505,0,0
0,0,0.5806466808,2.253706924,0,0
0,0,0.9514764191,3.708297383,2,0
0,0,1.383256962,4.317805426,0,-1
1,1,1.969521536,5.862645747
0,0,0,0,2,0
0,0,-0.07313863848,-0.7313863848,2,0
0,0,-0.256917001,-1.837783625,2,0
0,0,-0.5525393018,-2.956223008,1,0
0,0,-0.9343307335,-3.817914317,1,0
0,0,-1.423612027,-4.892812934,2,-1
1,1,-2.066387942,-6.427759146
0,0,0,0,2,0
0,0,-0.07481694881,-0.7481694881,2,0
0,0,-0.2512467335,-1.764297847,1,0
0,0,-0.473996639,-2.227499055,1,0
0,0,-0.7644047259,-2.904080869,1,0
0,0,-1.159705692,-3.953009662,0,-1
1,1,-1.650616263,-4.909105711
0,0,0,0,1,0
0,0,-0.01726694639,-0.1726694639,1,0
0,0,-0.04517922944,-0.2791228305,1,0
0,0,-0.07415158607,-0.2897235663,2,0
0,0,-0.2133955826,-1.392439965,0,0
0,0,-0.2965329317,-0.8313734915,0,0
0,0,-0.3300412663,-0.3350833455,2,0
0,0,-0.5152997115,-1.852584452,1,0
0,0,-0.7679828785,-2.52683167,0,0
0,0,-1.056098564,-2.881156855,1,0
0,0,-1.466147181,-4.10048617,1,-1
1,1,-2.018674999,-5.525278177
0,0,0,0,1,0
0,0,0.01727640906,0.1727640906,1,0
0,0,0.03843894703,0.2116253796,0,0
0,0,0.16283857,1.24399623,2,0
0,0,0.2331424421,0.7030387215,0,0
0,0,0.4395503806,2.064079385,1,0
0,0,0.7008998146,2.61349434,2,0
0,0,0.9892737487,2.883739341,2,0
0,0,1.35921035,3.699366008,0,-1
1,1,1.887007611,5.277972618
0,0,0,0,0,0
0,0,0.09322101184,0.9322101184,0,0
0,0,0.2951363333,2.019153215,0,0
0,0,0.6169269667,3.217906333,0,0
0,0,1.083619889,4.666929222,2,-1
1,1,1.641007602,5.573877136
0,0,0,0,1,0
0,0,0.003376165162,0.03376165162,1,0
0,0,0.0177508342,0.1437466904,0,0
0,0,0.1155256703,0.9777483608,2,0
0,0,0.1509192455,0.3539357522,2,0
0,0,0.142172529,-0.08746716474,0,0
0,0,0.2357689647,0.9359643562,2,0
0,0,0.2771840518,0.4141508711,0,0
0,0,0.4384830377,1.612989859,1,0
0,0,0.6789927083,2.405096706,1,0
0,0,1.012103198,3.331104893,2,0
0,0,1.420034268,4.079310702,2,-1
1,1,1.96054778,5.405135122
0,0,0,0,1,0
0,0,0.01138582679,0.1138582679,0,0
0,0,0.1099277988,0.9854197199,1,0
0,0,0.2299071837,1.199793849,1,0
0,0,0.3935001191,1.635929354,2,0
0,0,0.5261688114,1.326686923,1,0
0,0,0.7371881591,2.110193477,0,0
0,0,1.121095905,3.839077454,1,-1
1,1,1.634038596,5.129426912
0,0,0,0,0,0
0,0,0.08334750851,0.8334750851,1,0
0,0,0.1685978372,0.8525032872,1,0
0,0,0.285823198,1.172253608,2,0
0,0,0.3627232704,0.769000724,1,0
0,0,0.5105860097,1.478627393,1,0
0,0,0.7291131523,2.185271426,1,0
0,0,1.054374695,3.252615425,1,0
0,0,1.507555555,4.531808605,2,-1
1,1,2.101440468,5.93884913
0,0,0,0,0,0
0,0,0.1017979261,1.017979261,1,0
0,0,0.237537515,1.35739589,0,0
0,0,0.4991198546,2.615823396,2,0
0,0,0.7577329925,2.586131379,1,0
0,0,1.110325049,3.525920562,0,-1
1,1,1.627225886,5.169008377
0,0,0,0,1,0
0,0,-0.01033138583,-0.1033138583,0,0
0,0,0.07026660999,0.8059799582,1,0
0,0,0.1728057915,1.025391815,0,0
0,0,0.4042806281,2.314748367,2,0
0,0,0.6092298789,2.049492508,2,0
0,0,0.8305567898,2.213269109,0,0
0,0,1.22752815,3.969713602,2,-1
1,1,1.735179702,5.07651552
0,0,0,0,2,0
0,0,-0.1026122268,-1.026122268,1,0
0,0,-0.2379418349,-1.353296081,1,0
0,0,-0.4103306207,-1.723887859,1,0
0,0,-0.66157917,-2.512485492,2,0
0,0,-1.062242801,-4.006636306,2,-1
1,1,-1.616945236,-5.547024357
0,0,0,0,2,0
0,0,-0.1002506729,-1.002506729,0,0
0,0,-0.142032536,-0.4178186307,1,0
0,0,-0.2128588403,-0.7082630436,0,0
0,0,-0.2367333125,-0.238744722,0,0
0,0,-0.2053245236,0.3140878892,1,0
0,0,-0.2158099799,-0.1048545623,1,0
0,0,-0.2794192831,-0.636093032,0,0
0,0,-0.3141718101,-0.3475252703,1,0
0,0,-0.3874450058,-0.732731957,2,0
0,0,-0.6019576031,-2.145125973,2,0
0,0,-0.983303156,-3.813455529,0,0
0,0,-1.447066188,-4.637630319,0,-1
1,1,-2.043882178,-5.968159897
0,0,0,0,2,0
0,0,-0.1055043487,-1.055043487,2,0
0,0,-0.3066438564,-2.011395076,1,0
0,0,-0.556710732,-2.500668756,0,0
0,0,-0.8111732085,-2.544624765,0,0
0,0,-1.126654141,-3.154809329,0,0
0,0,-1.541437652,-4.147835103,0,-1
1,1,-2.100393711,-5.589560592
0,0,0,0,1,0
0,0,-0.01626022326,-0.1626022326,0,0
0,0,0.04773075137,0.6399097462,0,0
0,0,0.2001481539,1.524174025,1,0
0,0,0.3878858174,1.877376636,2,0
0,0,0.5509682037,1.630823863,2,0
0,0,0.7391789276,1.882107239,0,0
0,0,1.087745238,3.485663108,2,0
0,0,1.524226415,4.364811761,0,-1
1,1,2.109144801,5.849183863
0,0,0,0,0,0
0,0,0.09341534481,0.9341534481,2,0
0,0,0.1293012309,0.3588588611,0,0
0,0,0.2831856589,1.538844279,0,0
0,0,0.5776079062,2.944222473,2,0
0,0,0.894997064,3.173891578,0,0
0,0,1.383203245,4.88206181,1,-1
1,1,2.012448518,6.292452732
0,0,0,0,0,0
0,0,0.07924722313,0.7924722313,2,0
0,0,0.07227462572,-0.06972597418,1,0
0,0,0.07311634636,0.008417206458,2,0
0,0,0.001433461984,-0.7168288438,1,0
0,0,-0.0797951459,-0.8122860788,2,0
0,0,-0.2634880644,-1.836929185,1,0
0,0,-0.4783999229,-2.149118586,1,0
0,0,-0.7574894581,-2.790895352,0,0
0,0,-1.079215105,-3.217256469,0,0
0,0,-1.49597728,-4.167621752,1,-1
1,1,-2.057482391,-5.615051107
0,0,0,0,1,0
0,0,0.008272855518,0.08272855518,2,0
0,0,-0.07403956582,-0.8231242133,0,0
0,0,-0.06812426922,0.05915296594,1,0
0,0,-0.08623802852,-0.181137593,0,0
0,0,-0.03088188487,0.5535614365,2,0
0,0,-0.05680617625,-0.2592429137,1,0
0,0,-0.09820327813,-0.4139710188,1,0
0,0,-0.1566287072,-0.5842542908,1,0
0,0,-0.2559533418,-0.9932463458,2,0
0,0,-0.4957065884,-2.397532466,2,0
0,0,-0.8812477113,-3.85541123,2,0
0,0,-1.418732095,-5.374843836,1,-1
1,1,-2.095180008,-6.764479133
0,0,0,0,0,0
0,0,0.0820366305,0.820366305,0,0
0,0,0.2773777485,1.95341118,1,0
0,0,0.5298018283,2.524240797,0,0
0,0,0.9257013278,3.958994995,0,0
0,0,1.475787499,5.500861707,0,-1
1,1,2.176153158,7.003656595
0,0,0,0,2,0
0,0,-0.08836261903,-0.8836261903,2,0
0,0,-0.2898529393,-2.014903203,1,0
0,0,-0.5383362532,-2.484833139,1,0
0,0,-0.8720779011,-3.337416478,1,0
0,0,-1.31361338,-4.415354793,0,-1
1,1,-1.87169372,-5.580803394
0,0,0,0,0,0
0,0,0.07318629221,0.7318629221,0,0
0,0,0.2584616686,1.852753764,2,0
0,0,0.3867565395,1.282948709,1,0
0,0,0.5681259872,1.813694476,1,0
0,0,0.8307143499,2.625883627,0,0
0,0,1.247911567,4.171972174,1,-1
1,1,1.803240468,5.553289009
0,0,0,0,1,0
0,0,-0.0002791209631,-0.002791209631,1,0
0,0,0.01097817457,0.1125729553,1,0
0,0,0.03454559418,0.2356741961,0,0
0,0,0.1679211458,1.333755517,0,0
0,0,0.4099616747,2.420405288,2,0
0,0,0.6478383488,2.378766742,0,0
0,0,1.04759025,3.997519008,0,-1
1,1,1.613686235,5.660959858
0,0,0,0,2,0
0,0,-0.1055645553,-1.055645553,2,0
0,0,-0.3126911012,-2.071265459,2,0
0,0,-0.650252379,-3.375612778,2,0
0,0,-1.141338127,-4.910857484,0,-1
1,1,-1.719473223,-5.781350958
0,0,0,0,0,0
0,0,0.07636741125,0.7636741125,2,0
0,0,0.0764686706,0.001012593454,2,0
0,0,-0.005995131678,-0.8246380228,1,0
0,0,-0.08780838104,-0.8181324936,1,0
0,0,-0.1841885613,-0.9638018029,1,0
0,0,-0.3132445757,-1.290560144,2,0
0,0,-0.5627728349,-2.495282592,2,0
0,0,-0.9685335864,-4.057607515,1,0
0,0,-1.491369184,-5.228355975,1,-1
1,1,-2.156588956,-6.652197717
0,0,0,0,1,0
0,0,-0.007041759769,-0.07041759769,0,0
0,0,0.06029933054,0.6734109031,2,0
0,0,0.05960363581,-0.006956947359,0,0
0,0,0.1474492603,0.8784562446,2,0
0,0,0.1877823564,0.4033309618,1,0
0,0,0.2712388866,0.8345653012,2,0
0,0,0.309134327,0.378954404,1,0
0,0,0.4126430437,1.035087168,2,0
0,0,0.4896261282,0.7698308451,1,0
0,0,0.6457525471,1.561264189,2,0
0,0,0.8248810139,1.791284668,1,0
0,0,1.119881554,2.950005402,2,0
0,0,1.514873367,3.94991813,2,-1
1,1,2.050522028,5.356486607
0,0,0,0,2,0
0,0,-0.09667574219,-0.9667574219,1,0
0,0,-0.203115985,-1.064402428,1,0
0,0,-0.3280501565,-1.249341715,0,0
0,0,-0.4087488783,-0.8069872179,0,0
0,0,-0.4902138987,-0.8146502045,1,0
0,0,-0.6526695008,-1.624556021,0,0
0,0,-0.8338315734,-1.811620725,0,0
0,0,-1.084016612,-2.501850391,0,0
0,0,-1.427447094,-3.434304819,0,-1
1,1,-1.904367151,-4.769200567
0,0,0,0,0,0
0,0,0.08669845952,0.8669845952,0,0
0,0,0.2826249571,1.959264976,1,0
0,0,0.5407113737,2.580864166,0,0
0,0,0.9610530036,4.203416299,2,0
0,0,1.448087414,4.870344103,0,-1
1,1,2.084572211,6.364847975
0,0,0,0,0,0
0,0,0.07977799238,0.7977799238,0,0
0,0,0.2713814024,1.9160341,2,0
0,0,0.4191870501,1.478056477,0,0
0,0,0.6983433218,2.791562717,1,0
0,0,1.072381376,3.740380546,0,-1
1,1,1.603877399,5.314960229
0,0,0,0,1,0
0,0,-0.004785141161,-0.04785141161,1,0
0,0,-0.01830452728,-0.1351938612,2,0
0,0,-0.1292736044,-1.109690772,2,0
0,0,-0.3477777387,-2.185041343,2,0
0,0,-0.7017413465,-3.539636077,1,0
0,0,-1.13989073,-4.381493839,2,-1
1,1,-1.736654221,-5.967634907
0,0,0,0,2,0
0,0,-0.07840705783,-0.7840705783,0,0
0,0,-0.08018914805,-0.0178209022,1,0
0,0,-0.08518282427,-0.04993676222,1,0
0,0,-0.09466727919,-0.09484454917,1,0
0,0,-0.136715652,-0.4204837286,0,0
0,0,-0.1172692171,0.1944643496,0,0
0,0,-0.04401232708,0.7325689001,0,0
0,0,0.09651102285,1.405233499,2,0
0,0,0.1759756889,0.7946466601,2,0
0,0,0.1876122685,0.1163657964,0,0
0,0,0.3130538778,1.254416093,0,0
0,0,0.5767640881,2.637102103,2,0
0,0,0.8678954333,2.911313452,1,0
0,0,1.27373609,4.058406567,2,-1
1,1,1.790444795,5.167087046
0,0,0,0,2,0
0,0,-0.09749933782,-0.9749933782,2,0
0,0,-0.2906688287,-1.931694909,2,0
0,0,-0.6004704572,-3.098016285,2,0
0,0,-1.076887455,-4.764169981,1,-1
1,1,-1.671969143,-5.950816881
0,0,0,0,1,0
0,0,-0.001892816607,-0.01892816607,0,0
0,0,0.1011774488,1.030702654,2,0
0,0,0.1476330933,0.4645564449,2,0
0,0,0.1203194047,-0.2731368864,0,0
0,0,0.1954458321,0.7512642744,2,0
0,0,0.2257673846,0.3032155249,2,0
0,0,0.1977703173,-0.2799706725,0,0
0,0,0.2968340136,0.9906369631,1,0
0,0,0.4310218813,1.341878677,2,0
0,0,0.5691831497,1.381612684,0,0
0,0,0.8781921157,3.09008966,0,0
0,0,1.359544237,4.813521208,2,-1
1,1,1.959736123,6.001918865
0,0,0,0,1,0
0,0,-0.01059716622,-0.1059716622,1,0
0,0,-0.008459353843,0.02137812374,1,0
0,0,-0.02413154241,-0.1567218856,0,0
0,0,0.03235153166,0.5648307406,1,0
0,0,0.09089413813,0.5854260648,2,0
0,0,0.06605989286,-0.2483424528,1,0
0,0,0.06770926408,0.01649371222,2,0
0,0,-0.009221881247,-0.7693114533,2,0
0,0,-0.1695367704,-1.603148892,0,0
0,0,-0.2612383602,-0.9170158983,1,0
0,0,-0.4123433953,-1.511050351,0,0
0,0,-0.5551962981,-1.428529028,2,0
0,0,-0.8577698433,-3.025735452,2,0
0,0,-1.322135125,-4.643652815,0,-1
1,1,-1.903863165,-5.817280408
0,0,0,0,1,0
0,0,-0.01677382019,-0.1677382019,1,0
0,0,-0.02409949033,-0.07325670136,1,0
0,0,-0.02497603614,-0.008765458093,0,0
0,0,0.04862576171,0.7360179785,2,0
0,0,0.0409413851,-0.07684376612,2,0
0,0,-0.03342617629,-0.7436756139,0,0
0,0,-0.03976812695,-0.06341950656,1,0
0,0,-0.05411836204,-0.1435023509,0,0
0,0,0.02303035196,0.77148714,2,0
0,0,0.02132185084,-0.01708501117,0,0
0,0,0.1220641263,1.007422754,2,0
0,0,0.1670049983,0.4494087205,1,0
0,0,0.2352474295,0.6824243112,0,0
0,0,0.4348988143,1.996513849,2,0
0,0,0.6097955945,1.748967802,1,0
0,0,0.8648793113,2.550837168,2,0
0,0,1.172035933,3.071566218,2,-1
1,1,1.577650529,4.056145963
0,0,0,0,0,0
0,0,0.09763120707,0.9763120707,1,0
0,0,0.1961137066,0.9848249952,2,0
0,0,0.2576802266,0.6156651998,0,0
0,0,0.4497747627,1.920945362,0,0
0,0,0.7842477643,3.344730015,2,0
0,0,1.167292788,3.830450241,1,-1
1,1,1.686523588,5.192307995
0,0,0,0,1,0
0,0,0.003975747899,0.03975747899,0,0
0,0,0.1061884221,1.022126742,1,0
0,0,0.2374900023,1.313015802,0,0
0,0,0.4932635666,2.557735643,0,0
0,0,0.8972339334,4.039703668,0,0
0,0,1.455519628,5.582856948,2,-1
1,1,2.144680948,6.891613195
0,0,0,0,2,0
0,0,-0.0950022731,-0.950022731,2,0
0,0,-0.2975432353,-2.025409622,0,0
0,0,-0.4793541215,-1.818108862,1,0
0,0,-0.7285045325,-2.49150411,0,0
0,0,-1.008435342,-2.799308094,0,0
0,0,-1.373802111,-3.653667695,2,-1
1,1,-1.896727513,-5.229254017
0,0,0,0,0,0
0,0,0.07832398123,0.7832398123,0,0
0,0,0.2467248901,1.684009089,1,0
0,0,0.449348778,2.026238878,1,0
0,0,0.7220673932,2.727186152,2,0
0,0,1.026352369,3.04284976,2,0
0,0,1.41533162,3.889792506,0,-1
1,1,1.958107118,5.427754977
0,0,0,0,2,0
0,0,-0.09691983644,-0.9691983644,1,0
0,0,-0.2214129256,-1.244930892,2,0
0,0,-0.4696914433,-2.482785177,0,0
0,0,-0.7050732328,-2.353817895,1,0
0,0,-1.040449857,-3.353766238,1,0
0,0,-1.507150154,-4.667002978,2,-1
1,1,-2.122784007,-6.156338526
0,0,0,0,0,0
0,0,0.07577166898,0.7577166898,1,0
0,0,0.1534593869,0.7768771787,1,0
0,0,0.2403408662,0.8688147934,2,0
0,0,0.2965747208,0.5623385458,1,0
0,0,0.405224219,1.086494982,2,0
0,0,0.4968995831,0.9167536408,0,0
0,0,0.7425147886,2.456152055,2,0
0,0,1.031679577,2.891647881,1,0
0,0,1.442196526,4.105169491,1,-1
1,1,1.99409552,5.518989942
0,0,0,0,1,0
0,0,-0.007158024455,-0.07158024455,2,0
0,0,-0.09232584457,-0.8516782012,0,0
0,0,-0.1208931852,-0.2856734063,1,0
0,0,-0.1602997167,-0.3940653154,2,0
0,0,-0.3129667481,-1.526670313,1,0
0,0,-0.5147713438,-2.018045957,1,0
0,0,-0.8080824657,-2.933111219,0,0
0,0,-1.143852862,-3.357703963,0,-1
1,1,-1.579717018,-4.358641561
0,0,0,0,0,0
0,0,0.08028320257,0.8028320257,0,0
0,0,0.2585886055,1.783054029,0,0
0,0,0.5606930137,3.021044083,2,0
0,0,0.8665975507,3.05904537,1,0
0,0,1.293202187,4.266046359,1,-1
1,1,1.853427617,5.602254307
0,0,0,0,2,0
0,0,-0.07091469575,-0.7091469575,2,0
0,0,-0.2566715397,-1.857568439,2,0
0,0,-0.5688013791,-3.121298394,0,0
0,0,-0.8911501783,-3.223487992,1,0
0,0,-1.327375041,-4.362248624,0,-1
1,1,-1.883565487,-5.561904467
0,0,0,0,0,0
0,0,0.07461643591,0.7461643591,2,0
0,0,0.06936800875,-0.05248427165,0,0
0,0,0.1770437674,1.076757587,2,0
0,0,0.2189400773,0.4189630991,0,0
0,0,0.3866571324,1.677170551,0,0
0,0,0.683448326,2.967911936,1,0
0,0,1.078435873,3.949875468,2,0
0,0,1.564383855,4.859479823,1,-1
1,1,2.197061406,6.326775508
0,0,0,0,0,0
0,0,0.08404763047,0.8404763047,0,0
0,0,0.2538260806,1.697784501,0,0
0,0,0.5540129971,3.001869165,0,0
0,0,1.010559185,4.565461879,0,-1
1,1,1.618679767,6.081205816
0,0,0,0,1,0
0,0,-0.009692513117,-0.09692513117,0,0
0,0,0.07197888757,0.8167140068,2,0
0,0,0.06465368739,-0.07325200178,0,0
0,0,0.1427400115,0.7808632411,1,0
0,0,0.2622444564,1.195044449,1,0
0,0,0.4108362105,1.485917541,1,0
0,0,0.6264945149,2.156583044,1,0
0,0,0.9218660122,2.953714973,0,0
0,0,1.37885632,4.569903078,0,-1
1,1,1.988549358,6.096930379
0,0,0,0,2,0
0,0,-0.08131826503,-0.8131826503,1,0
0,0,-0.1920388965,-1.107206315,1,0
0,0,-0.3342745413,-1.422356448,2,0
0,0,-0.5996480521,-2.653735108,1,0
0,0,-0.9534349297,-3.537868776,0,0
0,0,-1.370060717,-4.166257877,2,-1
1,1,-1.944177979,-5.741172611
0,0,0,0,1,0
0,0,0.009847392882,0.09847392882,2,0
0,0,-0.06328616811,-0.73133561,0,0
0,0,-0.06479470019,-0.01508532075,0,0
0,0,0.02189686566,0.8669156585,1,0
0,0,0.1084035418,0.8650667611,2,0
0,0,0.1357802721,0.2737673035,0,0
0,0,0.256730054,1.209497819,0,0
0,0,0.5095612606,2.528312066,1,0
0,0,0.8387355057,3.291742451,2,0
0,0,1.227845187,3.891096811,2,-1
1,1,1.722297768,4.944525813
0,0,0,0,1,0
0,0,0.005849290301,0.05849290301,2,0
0,0,-0.06579298483,-0.7164227513,1,0
0,0,-0.146813381,-0.8102039618,0,0
0,0,-0.163207104,-0.1639372294,0,0
0,0,-0.1250324646,0.3817463932,1,0
0,0,-0.09803084095,0.2700162368,0,0
0,0,-0.01292376112,0.8510707983,2,0
0,0,-0.02866770731,-0.1574394619,0,0
0,0,0.03560447527,0.6427218258,1,0
0,0,0.106820768,0.7121629276,2,0
0,0,0.1044991658,-0.02321602253,0,0
0,0,0.2087652433,1.042660775,1,0
0,0,0.3642272118,1.554619685,0,0
0,0,0.6650131882,3.007859763,0,0
0,0,1.117026115,4.520129269,2,-1
1,1,1.663825431,5.467993156
0,0,0,0,1,0
0,0,0.01215956441,0.1215956441,2,0
0,0,-0.06211787855,-0.7427744296,2,0
0,0,-0.2345709754,-1.724530968,0,0
0,0,-0.3729708103,-1.383998349,0,0
0,0,-0.493954137,-1.209833267,1,0
0,0,-0.7057525089,-2.117983719,1,0
0,0,-1.015850543,-3.100980339,0,0
0,0,-1.409287229,-3.934366858,1,-1
1,1,-1.94298143,-5.33694201
0,0,0,0,1,0
0,0,-0.01371555883,-0.1371555883,0,0
0,0,0.06590306502,0.7961862385,2,0
0,0,0.05263451441,-0.1326855061,1,0
0,0,0.05067579498,-0.01958719426,2,0
0,0,-0.04696593268,-0.9764172766,2,0
0,0,-0.2305405497,-1.83574617,2,0
0,0,-0.522157947,-2.916173973,1,0
0,0,-0.8760847978,-3.539268508,0,0
0,0,-1.283827485,-4.077426874,1,-1
1,1,-1.827420734,-5.435932491
0,0,0,0,2,0
0,0,-0.09404010902,-0.9404010902,0,0
0,0,-0.111753744,-0.1771363501,2,0
0,0,-0.2522428106,-1.404890666,1,0
0,0,-0.4236502996,-1.71407489,0,0
0,0,-0.5696106299,-1.459603303,2,0
0,0,-0.8671237211,-2.975130912,1,0
0,0,-1.269278883,-4.021551617,0,-1
1,1,-1.786381819,-5.171029362
0,0,0,0,2,0
0,0,-0.08367259017,-0.8367259017,1,0
0,0,-0.1768291505,-0.9315656036,0,0
0,0,-0.2138035271,-0.3697437659,0,0
0,0,-0.2186263641,-0.04822836934,1,0
0,0,-0.2763074104,-0.5768104638,2,0
0,0,-0.4769429893,-2.006355789,2,0
0,0,-0.8174306386,-3.404876492,0,0
0,0,-1.216137395,-3.987067561,0,-1
1,1,-1.725599094,-5.094616998
0,0,0,0,1,0
0,0,-0.01223989785,-0.1223989785,2,0
0,0,-0.1028658046,-0.9062590676,1,0
0,0,-0.2180038369,-1.151380323,2,0
0,0,-0.4705494927,-2.525456558,0,0
0,0,-0.7296085581,-2.590590654,1,0
0,0,-1.097874459,-3.682659011,0,0
0,0,-1.550675012,-4.528005532,0,-1
1,1,-2.148112553,-5.974375401
0,0,0,0,1,0
0,0,0.006085955143,0.06085955143,1,0
0,0,-0.00139083127,-0.07476786413,0,0
0,0,0.08748255113,0.888733824,2,0
0,0,0.1121121844,0.2462963332,0,0
0,0,0.2603469772,1.482347927,2,0
0,0,0.3553389928,0.9499201564,1,0
0,0,0.5106773292,1.553383364,2,0
0,0,0.6745658063,1.638884772,1,0
0,0,0.9262926795,2.517268731,1,0
0,0,1.306954169,3.806614896,1,-1
1,1,1.822545456,5.155912865
0,0,0,0,2,0
0,0,-0.0986818921,-0.986818921,0,0
0,0,-0.1222395465,-0.2355765439,1,0
0,0,-0.172215308,-0.4997576149,2,0
0,0,-0.3281962986,-1.559809906,1,0
0,0,-0.5481394793,-2.199431807,2,0
0,0,-0.9119296264,-3.637901471,0,0
0,0,-1.337495668,-4.255660412,0,-1
1,1,-1.880222193,-5.427265258
0,0,0,0,0,0
0,0,0.0749619133,0.749619133,2,0
0,0,0.05963181182,-0.1533010148,1,0
0,0,0.04292994873,-0.1670186309,2,0
0,0,-0.06975178895,-1.126817377,2,0
0,0,-0.2709125084,-2.011607195,2,0
0,0,-0.587123903,-3.162113946,1,0
0,0,-0.9816688488,-3.945449458,0,0
0,0,-1.45145353,-4.697846814,0,-1
1,1,-2.053570775,-6.021172446
0,0,0,0,1,0
0,0,0.007851038523,0.07851038523,2,0
0,0,-0.08795402942,-0.9580506794,1,0
0,0,-0.1813428124,-0.9338878302,0,0
0,0,-0.2054968495,-0.2415403707,2,0
0,0,-0.3602140553,-1.547172058,1,0
0,0,-0.5864246729,-2.262106176,0,0
0,0,-0.8221435679,-2.35718895,0,0
0,0,-1.119456982,-2.973134139,0,0
0,0,-1.519383428,-3.999264462,2,-1
1,1,-2.068357521,-5.489740931
0,0,0,0,1,0
0,0,-0.01174400026,-0.1174400026,1,0
0,0,-0.03804666861,-0.2630266834,0,0
0,0,0.01944422799,0.5749089659,2,0
0,0,-0.0001825548313,-0.1962678282,2,0
0,0,-0.09907830726,-0.9889575243,2,0
0,0,-0.3026010525,-2.035227453,1,0
0,0,-0.561706222,-2.591051695,0,0
0,0,-0.8316308975,-2.699246755,1,0
0,0,-1.211848628,-3.802177309,0,-1
1,1,-1.700102687,-4.882540584
0,0,0,0,0,0
0,0,0.0774149512,0.774149512,2,0
0,0,0.08748304669,0.1006809549,0,0
0,0,0.2084020542,1.209190075,1,0
0,0,0.3489430176,1.405409634,2,0
0,0,0.4748337861,1.258907685,2,0
0,0,0.5855181207,1.106843346,2,0
0,0,0.7068404869,1.213223662,2,0
0,0,0.865647603,1.588071162,2,0
0,0,1.089948325,2.243007216,2,0
0,0,1.411314929,3.213666039,1,-1
1,1,1.877712651,4.663977228
0,0,0,0,0,0
0,0,0.08826834701,0.8826834701,0,0
0,0,0.2739353823,1.856670353,0,0
0,0,0.592922064,3.189866817,2,0
0,0,0.9378281511,3.449060871,1,0
0,0,1.392897586,4.550694347,1,-1
1,1,1.989584488,5.966869024
0,0,0,0,0,0
0,0,0.1057061431,1.057061431,0,0
0,0,0.3020122922,1.963061491,1,0
0,0,0.5500175292,2.48005237,2,0
0,0,0.8015034046,2.514858754,2,0
0,0,1.111449894,3.099464894,1,0
0,0,1.550164899,4.387150048,0,-1
1,1,2.13667725,5.865123513
0,0,0,0,0,0
0,0,0.1011743247,1.011743247,0,0
0,0,0.3188716291,2.176973045,0,0
0,0,0.6549179788,3.360463497,2,0
0,0,1.010354338,3.554363592,0,0
0,0,1.533020445,5.226661066,1,-1
1,1,2.200546734,6.675262896
0,0,0,0,1,0
0,0,0.01643244014,0.1643244014,0,0
0,0,0.1272057549,1.107733147,1,0
0,0,0.2692889598,1.420832049,2,0
0,0,0.3662899448,0.9700098507,1,0
0,0,0.5219297109,1.55639766,0,0
0,0,0.8274461338,3.055164229,1,0
0,0,1.2397044,4.12258266,0,-1
1,1,1.812202613,5.724982133
0,0,0,0,1,0
0,0,0.0008346383952,0.008346383952,1,0
0,0,0.01128130922,0.1044667082,0,0
0,0,0.1267291024,1.154477932,0,0
0,0,0.3616480942,2.349189918,2,0
0,0,0.5628642701,2.012161759,1,0
0,0,0.838999937,2.761356669,0,0
0,0,1.269837874,4.308379367,1,-1
1,1,1.835596305,5.657584314
0,0,0,0,0,0
0,0,0.09615252294,0.9615252294,0,0
0,0,0.2984571648,2.023046418,2,0
0,0,0.469707465,1.712503002,0,0
0,0,0.802231823,3.32524358,2,0
0,0,1.187218488,3.84986665,1,-1
1,1,1.699448743,5.122302545
0,0,0,0,0,0
0,0,0.07906708274,0.7906708274,2,0
0,0,0.07672856406,-0.02338518679,0,0
0,0,0.1922427924,1.155142283,2,0
0,0,0.2597666923,0.6752389988,2,0
0,0,0.2734459344,0.1367924214,2,0
0,0,0.2585413666,-0.1490456776,1,0
0,0,0.283428998,0.2488763135,2,0
0,0,0.2873879384,0.03958940382,2,0
0,0,0.2655576761,-0.2183026226,0,0
0,0,0.3559974924,0.9043981632,1,0
0,0,0.4919460547,1.359485623,2,0
0,0,0.6157788693,1.238328146,2,0
0,0,0.7630167369,1.472378675,1,0
0,0,1.01064443,2.476276936,2,0
0,0,1.346272712,3.356282811,1,-1
1,1,1.825827212,4.795545006
0,0,0,0,2,0
0,0,-0.07537265113,-0.7537265113,0,0
0,0,-0.06517018093,0.102024702,0,0
0,0,0.0322247952,0.9739497612,2,0
0,0,0.0535203982,0.21295603,1,0
0,0,0.1007489385,0.4722854034,2,0
0,0,0.09498773781,-0.05761200738,2,0
0,0,0.00573627202,-0.8925146579,1,0
0,0,-0.0802603543,-0.8599662632,0,0
0,0,-0.1087913601,-0.2853100584,1,0
0,0,-0.1527894988,-0.4399813862,0,0
0,0,-0.1265264339,0.2626306488,1,0
0,0,-0.1308809546,-0.04354520741,1,0
0,0,-0.1667984143,-0.3591745971,1,0
0,0,-0.2187448221,-0.5194640779,1,0
0,0,-0.3209274926,-1.021826705,1,0
0,0,-0.489372535,-1.684450424,1,0
0,0,-0.7473751138,-2.580025787,2,0
0,0,-1.174150427,-4.267753133,2,-1
1,1,-1.760367099,-5.862166719
0,0,0,0,0,0
0,0,0.09524214538,0.9524214538,0,0
0,0,0.3036398955,2.083977501,2,0
0,0,0.4826978392,1.790579437,1,0
0,0,0.7237535453,2.410557061,0,0
0,0,1.122039638,3.982860923,1,-1
1,1,1.652774305,5.307346673
0,0,0,0,2,0
0,0,-0.0842772609,-0.842772609,1,0
0,0,-0.1988441855,-1.145669246,1,0
0,0,-0.3368834087,-1.380392231,2,0
0,0,-0.6107774773,-2.738940686,1,0
0,0,-0.9816301853,-3.70852708,1,0
0,0,-1.470619543,-4.889893573,1,-1
1,1,-2.102310169,-6.316906264
0,0,0,0,0,0
0,0,0.09099261728,0.9099261728,0,0
0,0,0.2775729585,1.865803412,1,0
0,0,0.5042580722,2.266851138,1,0
0,0,0.8014383828,2.971803106,1,0
0,0,1.207141918,4.057035352,1,-1
1,1,1.746512965,5.393710474
0,0,0,0,2,0
0,0,-0.07913805209,-0.7913805209,2,0
0,0,-0.2606553193,-1.815172672,2,0
0,0,-0.5546831458,-2.940278265,0,0
0,0,-0.8442773884,-2.895942426,0,0
0,0,-1.193871028,-3.495936393,1,-1
1,1,-1.67558551,-4.817144825
0,0,0,0,0,0
0,0,0.07422566691,0.7422566691,2,0
0,0,0.06792438984,-0.06301277076,0,0
0,0,0.1479343774,0.8000998761,0,0
0,0,0.354363421,2.064290436,1,0
0,0,0.6079120994,2.535486784,1,0
0,0,0.9603486045,3.52436505,2,0
0,0,1.393510248,4.331616433,0,-1
1,1,1.980947457,5.874372092
0,0,0,0,2,0
0,0,-0.08310725688,-0.8310725688,0,0
0,0,-0.09112570362,-0.08018446743,2,0
0,0,-0.189877096,-0.9875139241,1,0
0,0,-0.3038837249,-1.140066288,2,0
0,0,-0.5493473769,-2.454636521,2,0
0,0,-0.9505922424,-4.012448654,1,0
0,0,-1.470746511,-5.201542689,2,-1
1,1,-2.139371094,-6.686245824
0,0,0,0,0,0
0,0,0.1026668366,1.026668366,2,0
0,0,0.1469823562,0.4431551963,2,0
0,0,0.1430217879,-0.03960568334,1,0
0,0,0.1596006126,0.1657882473,0,0
0,0,0.2755880052,1.159873926,1,0
0,0,0.4405549254,1.649669202,2,0
0,0,0.6023117131,1.617567876,1,0
0,0,0.8494066302,2.470949171,1,0
0,0,1.202346947,3.529403167,0,-1
1,1,1.719795356,5.174484089
0,0,0,0,2,0
0,0,-0.1045568685,-1.045568685,0,0
0,0,-0.1432130832,-0.3865621476,2,0
0,0,-0.2784650328,-1.352519496,0,0
0,0,-0.3625308564,-0.8406582355,0,0
0,0,-0.4363233904,-0.7379253406,1,0
0,0,-0.5725808297,-1.362574392,0,0
0,0,-0.7185056686,-1.459248389,0,0
0,0,-0.8972983838,-1.787927152,0,0
0,0,-1.152622438,-2.553240545,2,-1
1,1,-1.575473489,-4.228510504
0,0,0,0,0,0
0,0,0.09190679892,0.9190679892,2,0
0,0,0.1154381465,0.2353134761,0,0
0,0,0.2506733229,1.352351764,1,0
0,0,0.4425653944,1.918920714,0,0
0,0,0.7744752793,3.31909885,0,0
0,0,1.276501842,5.020265625,2,-1
1,1,1.89135437,6.148525281
0,0,0,0,2,0
0,0,-0.08714364496,-0.8714364496,0,0
0,0,-0.0965239027,-0.09380257733,2,0
0,0,-0.2030499261,-1.065260234,1,0
0,0,-0.3580380188,-1.549880927,2,0
0,0,-0.6414520091,-2.834139903,2,0
0,0,-1.074340899,-4.328888903,2,-1
1,1,-1.665880109,-5.915392097
0,0,0,0,2,0
0,0,-0.07155986142,-0.7155986142,0,0
0,0,-0.06916372535,0.02396136073,1,0
0,0,-0.0783866212,-0.09222895852,1,0
0,0,-0.109512663,-0.311260418,2,0
0,0,-0.2498711444,-1.403584814,0,0
0,0,-0.3475377127,-0.9766656823,0,0
0,0,-0.4078611267,-0.6032341402,1,0
0,0,-0.5261368561,-1.182757294,0,0
0,0,-0.6624321519,-1.362952957,1,0
0,0,-0.8941632488,-2.31731097,0,0
0,0,-1.192629465,-2.984662162,1,-1
1,1,-1.627484357,-4.348548923
0,0,0,0,0,0
0,0,0.09759532365,0.9759532365,2,0
0,0,0.141540416,0.4394509235,2,0
0,0,0.1162782496,-0.252621664,2,0
0,0,0.02796892954,-0.8830932007,1,0
0,0,-0.06679597836,-0.947649079,2,0
0,0,-0.2635505214,-1.96754543,1,0
0,0,-0.5052350463,-2.416845249,2,0
0,0,-0.8941684377,-3.889333914,1,0
0,0,-1.398544909,-5.043764712,2,-1
1,1,-2.052443079,-6.5389817
0,0,0,0,2,0
0,0,-0.08503151667,-0.8503151667,0,0
0,0,-0.09852179657,-0.1349027991,0,0
0,0,-0.04738875454,0.5113304204,0,0
0,0,0.09729970102,1.446884556,1,0
0,0,0.2643486803,1.670489793,0,0
0,0,0.5544144132,2.900657329,2,0
0,0,0.8591550879,3.047406746,2,0
0,0,1.228842411,3.696873232,1,-1
1,1,1.731298568,5.024561571
0,0,0,0,0,0
0,0,0.07378187099,0.7378187099,1,0
0,0,0.148296408,0.7451453697,1,0
0,0,0.2487694527,1.004730447,2,0
0,0,0.296249399,0.4747994631,1,0
0,0,0.3856847006,0.8943530162,0,0
0,0,0.6066484299,2.209637293,2,0
0,0,0.8582434439,2.515950139,0,0
0,0,1.282821059,4.245776151,2,-1
1,1,1.822669296,5.398482366
0,0,0,0,2,0
0,0,-0.0885501227,-0.885501227,1,0
0,0,-0.2069842077,-1.18434085,1,0
0,0,-0.3465573193,-1.395731116,1,0
0,0,-0.5330330377,-1.864757183,2,0
0,0,-0.8744524821,-3.414194445,2,0
0,0,-1.387862784,-5.134103021,0,-1
1,1,-2.027397973,-6.395351887
0,0,0,0,2,0
0,0,-0.07445401911,-0.7445401911,0,0
0,0,-0.05724155758,0.1721246152,1,0
0,0,-0.05684166616,0.003998914232,2,0
0,0,-0.1454730117,-0.8863134549,1,0
0,0,-0.2688964902,-1.234234786,1,0
0,0,-0.4351673554,-1.662708651,1,0
0,0,-0.6827343325,-2.475669771,2,0
0,0,-1.083217928,-4.004835958,0,0
0,0,-1.564774315,-4.815563866,0,-1
1,1,-2.19273382,-6.279595055
0,0,0,0,2,0
0,0,-0.09632400682,-0.9632400682,0,0
0,0,-0.1156547722,-0.1933076533,0,0
0,0,-0.07332112002,0.4233365213,1,0
0,0,-0.0575628214,0.1575829863,1,0
0,0,-0.06184746629,-0.04284644891,2,0
0,0,-0.1699568101,-1.081093439,2,0
0,0,-0.3834252321,-2.13468422,2,0
0,0,-0.729568054,-3.461428219,2,0
0,0,-1.231863351,-5.022952973,0,-1
1,1,-1.838081918,-6.062185667
0,0,0,0,2,0
0,0,-0.08093374409,-0.8093374409,2,0
0,0,-0.2590082863,-1.780745422,1,0
0,0,-0.4961609289,-2.371526427,2,0
0,0,-0.8862505313,-3.900896024,0,0
0,0,-1.336323686,-4.500731545,2,-1
1,1,-1.938081711,-6.017580249
0,0,0,0,1,0
0,0,0.01339713714,0.1339713714,2,0
0,0,-0.05101602791,-0.6441316505,2,0
0,0,-0.2225662056,-1.715501776,2,0
0,0,-0.5176201833,-2.950539777,1,0
0,0,-0.8994274861,-3.818073028,0,0
0,0,-1.339992056,-4.405645699,2,-1
1,1,-1.936893871,-5.969018154
0,0,0,0,0,0
0,0,0.0947992527,0.947992527,1,0
0,0,0.2077080693,1.129088166,1,0
0,0,0.3423342107,1.346261414,2,0
0,0,0.4384335492,0.9609933853,2,0
0,0,0.5170728209,0.7863927166,1,0
0,0,0.6663702663,1.492974454,1,0
0,0,0.9101880046,2.438177383,2,0
0,0,1.216082969,3.058949646,2,-1
1,1,1.630674532,4.145915628
0,0,0,0,1,0
0,0,-0.01232189108,-0.1232189108,0,0
0,0,0.05201193316,0.6433382424,2,0
0,0,0.03916682817,-0.1284510498,1,0
0,0,0.02028431757,-0.188825106,0,0
0,0,0.1081802758,0.8789595822,1,0
0,0,0.2245938308,1.16413555,1,0
0,0,0.3865210547,1.619272239,2,0
0,0,0.5178002968,1.312792421,2,0
0,0,0.6528816376,1.350813409,0,0
0,0,0.9458986818,2.930170441,1,0
0,0,1.349404217,4.035055357,2,-1
1,1,1.878213459,5.288092414
0,0,0,0,2,0
0,0,-0.08089456615,-0.8089456615,0,0
0,0,-0.078723787,0.02170779151,0,0
0,0,-0.002166911057,0.7655687594,2,0
0,0,0.001077849873,0.03244760931,2,0
0,0,-0.06939784794,-0.7047569782,1,0
0,0,-0.1501275695,-0.8072972153,1,0
0,0,-0.2438466766,-0.9371910714,0,0
0,0,-0.2776028695,-0.3375619288,2,0
0,0,-0.4266694553,-1.490665858,0,0
0,0,-0.5704152449,-1.437457896,2,0
0,0,-0.8796022713,-3.091870264,2,0
0,0,-1.345802698,-4.662004262,1,-1
1,1,-1.951612792,-6.05810094
0,0,0,0,0,0
0,0,0.1016766717,1.016766717,0,0
0,0,0.2924746538,1.907979821,1,0
0,0,0.5152226734,2.227480196,1,0
0,0,0.8074489865,2.922263131,1,0
0,0,1.199967059,3.925180725,0,-1
1,1,1.750313317,5.503462583
0,0,0,0,1,0
0,0,-0.01434559523,-0.1434559523,2,0
0,0,-0.1125264143,-0.981808191,0,0
0,0,-0.1249836408,-0.124572265,0,0
0,0,-0.06536222126,0.5962141957,2,0
0,0,-0.09291846493,-0.2755624367,1,0
0,0,-0.1525466305,-0.5962816561,2,0
0,0,-0.3150835369,-1.625369064,2,0
0,0,-0.5952482771,-2.801647402,0,0
0,0,-0.885718311,-2.904700338,0,0
0,0,-1.245266383,-3.595480719,2,-1
1,1,-1.767345204,-5.220788216
0,0,0,0,0,0
0,0,0.09108814728,0.9108814728,2,0
0,0,0.1119164522,0.2082830491,0,0
0,0,0.2526430939,1.407266417,2,0
0,0,0.3495946536,0.9695155975,0,0
0,0,0.5912911827,2.416965291,2,0
0,0,0.848670372,2.573791893,1,0
0,0,1.219436879,3.707665066,2,-1
1,1,1.700636816,4.811999377
0,0,0,0,0,0
0,0,0.07738138021,0.7738138021,0,0
0,0,0.2455989449,1.682175647,2,0
0,0,0.3712682331,1.256692882,0,0
0,0,0.640578115,2.693098818,1,0
0,0,1.005546655,3.649685396,2,0
0,0,1.447356008,4.418093535,1,-1
1,1,2.032273761,5.849177527
0,0,0,0,2,0
0,0,-0.08554598809,-0.8554598809,2,0
0,0,-0.2612359766,-1.756899885,0,0
0,0,-0.3818902681,-1.206542915,1,0
0,0,-0.5689953401,-1.87105072,2,0
0,0,-0.9250526339,-3.560572938,0,0
0,0,-1.356639261,-4.315866272,2,-1
1,1,-1.944870174,-5.882309132
0,0,0,0,2,0
0,0,-0.09937701567,-0.9937701567,0,0
0,0,-0.1292696266,-0.2989261096,0,0
0,0,-0.09333092722,0.3593869941,2,0
0,0,-0.148841055,-0.555101278,2,0
0,0,-0.3078917706,-1.590507156,2,0
0,0,-0.6022472058,-2.943554352,1,0
0,0,-0.9760752731,-3.738280673,2,0
0,0,-1.519828331,-5.437530578,1,-1
1,1,-2.207684583,-6.87856252
0,0,0,0,0,0
0,0,0.08993496741,0.8993496741,2,0
0,0,0.09290062459,0.02965657175,0,0
0,0,0.1929314784,1.000308538,2,0
0,0,0.2460552975,0.5312381908,2,0
0,0,0.2650846543,0.1902935687,2,0
0,0,0.2429473271,-0.2213732721,1,0
0,0,0.2696480113,0.2670068419,1,0
0,0,0.350176215,0.8052820365,1,0
0,0,0.4902103292,1.400341142,1,0
0,0,0.7050332521,2.148229229,0,0
0,0,1.075330842,3.702975896,1,-1
1,1,1.576608527,5.012776857
0,0,0,0,2,0
0,0,-0.09891475044,-0.9891475044,1,0
0,0,-0.2284670708,-1.295523204,0,0
0,0,-0.3058408122,-0.773737414,2,0
0,0,-0.5233136475,-2.174728353,2,0
0,0,-0.8963747583,-3.730611108,0,0
0,0,-1.332672772,-4.362980133,0,-1
1,1,-1.887994319,-5.553215476
0,0,0,0,1,0
0,0,-0.01382855955,-0.1382855955,0,0
0,0,0.05108986865,0.649184282,2,0
0,0,0.0408411667,-0.1024870195,0,0
0,0,0.1172829712,0.7644180453,2,0
0,0,0.1187139982,0.01431026969,0,0
0,0,0.2292710629,1.105570647,0,0
0,0,0.474096108,2.448250451,2,0
0,0,0.7127425031,2.386463951,1,0
0,0,1.039633514,3.268910112,0,0
0,0,1.527462289,4.878287748,1,-1
1,1,2.160776298,6.333140092
0,0,0,0,1,0
0,0,0.002216231256,0.02216231256,0,0
0,0,0.1045297644,1.023135332,1,0
0,0,0.2309882941,1.264585297,1,0
0,0,0.4098268476,1.788385535,0,0
0,0,0.7249517784,3.151249308,0,0
0,0,1.192033971,4.67082193,1,-1
1,1,1.788938232,5.969042603
0,0,0,0,0,0
0,0,0.07857835534,0.7857835534,2,0
0,0,0.0925771346,0.1399877926,2,0
0,0,0.04674497918,-0.4583215542,1,0
0,0,0.006940324775,-0.3980465441,0,0
0,0,0.07141111587,0.6447079109,0,0
0,0,0.2322397562,1.608286403,2,0
0,0,0.354706939,1.224671829,0,0
0,0,0.6237577388,2.690507998,2,0
0,0,0.9277453837,3.039876449,1,0
0,0,1.357993066,4.30247682,1,-1
1,1,1.926639367,5.686463014
0,0,0,0,0,0
0,0,0.1049202119,1.049202119,1,0
0,0,0.2164375613,1.115173495,1,0
0,0,0.3776866051,1.612490437,2,0
0,0,0.5080550577,1.303684526,1,0
0,0,0.7233519775,2.152969198,2,0
0,0,0.9820820672,2.587300897,2,0
0,0,1.322817755,3.407356878,2,-1
1,1,1.785210065,4.623923098
0,0,0,0,1,0
0,0,0.006485796005,0.06485796005,2,0
0,0,-0.08797434093,-0.9446013694,0,0
0,0,-0.09589261697,-0.07918276035,2,0
0,0,-0.216044974,-1.20152357,0,0
0,0,-0.2940208998,-0.7797592577,2,0
0,0,-0.4898181484,-1.957972486,1,0
0,0,-0.7595364983,-2.697183499,0,0
0,0,-1.063204309,-3.036678108,0,0
0,0,-1.454500484,-3.912961746,1,-1
1,1,-1.991091608,-5.36591124
0,0,0,0,0,0
0,0,0.09384705675,0.9384705675,0,0
0,0,0.2869350042,1.930879474,2,0
0,0,0.4337577797,1.468227755,1,0
0,0,0.6404539033,2.066961236,1,0
0,0,0.9519638397,3.115099364,2,0
0,0,1.3353346,3.833707605,0,-1
1,1,1.87275399,5.374193896
0,0,0,0,1,0
0,0,-0.001146040305,-0.01146040305,1,0
0,0,-0.01316853321,-0.120224929,1,0
0,0,-0.03516489821,-0.21996365,1,0
0,0,-0.0501026466,-0.149377484,1,0
0,0,-0.06168606462,-0.1158341801,1,0
0,0,-0.07317577409,-0.1148970947,2,0
0,0,-0.1701749809,-0.9699920686,1,0
0,0,-0.3058276585,-1.356526776,2,0
0,0,-0.5595742707,-2.537466122,1,0
0,0,-0.9025307155,-3.429564448,1,0
0,0,-1.357163577,-4.54632861,2,-1
1,1,-1.968627987,-6.114644104
0,0,0,0,2,0
0,0,-0.07335385538,-0.7335385538,1,0
0,0,-0.1519688754,-0.7861502001,1,0
0,0,-0.2666080236,-1.146391483,2,0
0,0,-0.5228709735,-2.562629498,0,0
0,0,-0.7797314047,-2.568604312,0,0
0,0,-1.087818,-3.080865949,1,0
0,0,-1.527478702,-4.396607025,2,-1
1,1,-2.115608008,-5.881293054
0,0,0,0,1,0
0,0,0.01065268301,0.1065268301,0,0
0,0,0.1007559135,0.9010323046,1,0
0,0,0.2207688871,1.200129736,0,0
0,0,0.4656547044,2.448858174,2,0
0,0,0.7181787737,2.525240693,2,0
0,0,1.015824602,2.976458281,2,0
0,0,1.396513508,3.806889065,1,-1
1,1,1.918457098,5.219435899
0,0,0,0,2,0
0,0,-0.08532677083,-0.8532677083,1,0
0,0,-0.1684668614,-0.831400906,1,0
0,0,-0.283256599,-1.147897376,1,0
0,0,-0.4533313082,-1.700747092,2,0
0,0,-0.7680432015,-3.147118933,0,0
0,0,-1.12586466,-3.578214583,1,-1
1,1,-1.607261179,-4.813965187
0,0,0,0,2,0
0,0,-0.09683516661,-0.9683516661,0,0
0,0,-0.1246562691,-0.2782110252,0,0
0,0,-0.08604068292,0.386155862,2,0
0,0,-0.1396080917,-0.5356740881,2,0
0,0,-0.3099975623,-1.703894706,2,0
0,0,-0.6248931889,-3.148956265,0,0
0,0,-0.9724661886,-3.475729997,2,0
0,0,-1.483703488,-5.112372996,1,-1
1,1,-2.137231294,-6.535278059
0,0,0,0,1,0
0,0,-0.01177246443,-0.1177246443,0,0
0,0,0.04547553038,0.572479948,2,0
0,0,0.03864025896,-0.06835271414,0,0
0,0,0.1332798959,0.9463963689,2,0
0,0,0.1643058897,0.310259938,1,0
0,0,0.207022529,0.4271663932,2,0
0,0,0.1880896625,-0.189328665,2,0
0,0,0.1216034119,-0.664862506,1,0
0,0,0.06825563145,-0.5334778042,2,0
0,0,-0.0679975191,-1.362531505,0,0
0,0,-0.115663107,-0.4766558787,0,0
0,0,-0.07856931962,0.3709378735,1,0
0,0,-0.05975853851,0.1881078111,1,0
0,0,-0.04930733289,0.1045120562,2,0
0,0,-0.1417430086,-0.924356757,0,0
0,0,-0.1855093085,-0.4376629995,2,0
0,0,-0.3468320427,-1.613227342,2,0
0,0,-0.6605982772,-3.137662345,0,0
0,0,-1.002564911,-3.419666342,2,0
0,0,-1.514193521,-5.116286091,1,-1
1,1,-2.170168126,-6.559746055
0,0,0,0,1,0
0,0,0.01293337179,0.1293337179,0,0
0,0,0.1121413054,0.9920793356,1,0
0,0,0.2253628477,1.132215424,0,0
0,0,0.460467428,2.351045803,0,0
0,0,0.8573129981,3.968455701,1,0
0,0,1.352404982,4.950919834,0,-1
1,1,1.999799547,6.473945658
0,0,0,0,1,0
0,0,0.01572647705,0.1572647705,1,0
0,0,0.02221527979,0.06488802739,1,0
0,0,0.03510272148,0.128874417,1,0
0,0,0.041256794,0.06154072515,2,0
0,0,-0.04470812756,-0.8596492156,2,0
0,0,-0.2226317985,-1.779236709,2,0
0,0,-0.5370821669,-3.144503684,1,0
0,0,-0.9395054551,-4.024232883,2,0
0,0,-1.50265541,-5.631499548,1,-1
1,1,-2.209456021,-7.068006111
0,0,0,0,1,0
0,0,-0.011175491,-0.11175491,2,0
0,0,-0.09570798947,-0.8453249847,1,0
0,0,-0.2004644535,-1.04756464,2,0
0,0,-0.4148325013,-2.143680479,0,0
0,0,-0.6081969142,-1.933644129,2,0
0,0,-0.9658165744,-3.576196602,2,0
0,0,-1.489168581,-5.233520064,2,-1
1,1,-2.161776768,-6.72608187
0,0,0,0,2,0
0,0,-0.09453324277,-0.9453324277,1,0
0,0,-0.2055660175,-1.110327748,2,0
0,0,-0.4235646419,-2.179986244,1,0
0,0,-0.6996678703,-2.761032284,1,0
0,0,-1.07330941,-3.736415401,2,-1
1,1,-1.609192789,-5.358833785
0,0,0,0,1,0
0,0,0.01171733448,0.1171733448,0,0
0,0,0.1246110169,1.128936824,1,0
0,0,0.2585900167,1.339789997,2,0
0,0,0.3626019667,1.0401195,0,0
0,0,0.6018804164,2.392784498,1,0
0,0,0.9174627782,3.155823617,0,0
0,0,1.403074433,4.856116551,0,-1
1,1,2.041056694,6.379822605
0,0,0,0,2,0
0,0,-0.0912964841,-0.912964841,0,0
0,0,-0.10214053,-0.1084404594,0,0
0,0,-0.03360882741,0.6853170264,1,0
0,0,0.03783892654,0.7144775395,2,0
0,0,0.01840333002,-0.1943559653,2,0
0,0,-0.08412894157,-1.025322716,0,0
0,0,-0.12509978,-0.4097083845,0,0
0,0,-0.08907836203,0.3602141799,1,0
0,0,-0.07577405589,0.1330430615,0,0
0,0,-0.0009376460235,0.7483640986,0,0
0,0,0.1560178302,1.569554763,1,0
0,0,0.3472178939,1.912000637,1,0
0,0,0.6039980147,2.567801208,1,0
0,0,0.942150212,3.381521972,2,0
0,0,1.35139468,4.092444685,2,-1
1,1,1.881876999,5.304823182
0,0,0,0,0,0
0,0,0.0771879443,0.771879443,2,0
0,0,0.07032987102,-0.06858073282,2,0
0,0,0.002895287087,-0.6743458393,0,0
0,0,0.03744740175,0.3455211467,2,0
0,0,-0.004803884899,-0.4225128665,2,0
0,0,-0.1391168122,-1.343129273,1,0
0,0,-0.2975234087,-1.584065964,0,0
0,0,-0.4290310769,-1.315076682,2,0
0,0,-0.7062244611,-2.771933842,0,0
0,0,-1.008643611,-3.0241915,2,0
0,0,-1.484079305,-4.754356937,2,-1
1,1,-2.11016303,-6.260837248
0,0,0,0,2,0
0,0,-0.07464976931,-0.7464976931,1,0
0,0,-0.1546842742,-0.8003450491,1,0
0,0,-0.2582776096,-1.035933354,1,0
0,0,-0.4174478076,-1.59170198,1,0
0,0,-0.6496734621,-2.322256545,2,0
0,0,-1.048841206,-3.991677437,1,-1
1,1,-1.576548288,-5.277070823
0,0,0,0,1,0
0,0,0.0006736486489,0.006736486489,0,0
0,0,0.0731777569,0.7250410825,2,0
0,0,0.05762886228,-0.1554889462,2,0
0,0,-0.02464502724,-0.8227388952,2,0
0,0,-0.1831803958,-1.585353685,0,0
0,0,-0.2736151777,-0.9043478191,0,0
0,0,-0.331793518,-0.5817834027,2,0
0,0,-0.5375155508,-2.057220329,2,0
0,0,-0.9075211835,-3.700056327,1,0
0,0,-1.382926236,-4.754050527,2,-1
1,1,-2.013961985,-6.310357491
0,0,0,0,2,0
0,0,-0.07417656724,-0.7417656724,2,0
0,0,-0.2385907879,-1.644142207,0,0
0,0,-0.3622121412,-1.236213533,0,0
0,0,-0.4759122194,-1.137000782,1,0
0,0,-0.6625070286,-1.865948092,2,0
0,0,-1.01888104,-3.563740116,0,0
0,0,-1.455227921,-4.36346881,2,-1
1,1,-2.043998436,-5.887705144
0,0,0,0,1,0
0,0,0.00114224033,0.0114224033,0,0
0,0,0.1027514534,1.016092131,1,0
0,0,0.2166339277,1.138824743,1,0
0,0,0.3759971645,1.593632368,0,0
0,0,0.686343383,3.103462185,0,0
0,0,1.146197924,4.598545414,1,-1
1,1,1.737176768,5.909788433
0,0,0,0,0,0
0,0,0.07685874121,0.7685874121,1,0
0,0,0.1589888675,0.8213012631,0,0
0,0,0.3612023745,2.02213507,2,0
0,0,0.5396439526,1.784415781,2,0
0,0,0.7290348461,1.893908934,0,0
0,0,1.079930824,3.50895978,1,0
0,0,1.563325901,4.833950768,0,-1
1,1,2.194128247,6.308023458
0,0,0,0,0,0
0,0,0.1043516673,1.043516673,1,0
0,0,0.2354672036,1.311155363,1,0
0,0,0.3923741772,1.569069736,0,0
0,0,0.7015650507,3.091908735,0,0
0,0,1.161393467,4.598284159,2,-1
1,1,1.718712151,5.573186839
0,0,0,0,1,0
0,0,0.007617314387,0.07617314387,2,0
0,0,-0.06095840444,-0.6857571883,0,0
0,0,-0.03965231703,0.2130608741,0,0
0,0,0.0453462915,0.8499860853,1,0
0,0,0.131624906,0.8627861453,2,0
0,0,0.166159833,0.3453492697,1,0
0,0,0.2430226517,0.7686281866,0,0
0,0,0.4499646898,2.069420381,2,0
0,0,0.653899398,2.039347083,0,0
0,0,1.027455612,3.735562143,1,0
0,0,1.521341958,4.938863452,1,-1
1,1,2.160671755,6.393297973
0,0,0,0,2,0
0,0,-0.0817167788,-0.817167788,0,0
0,0,-0.07460195104,0.0711482776,0,0
0,0,-0.006594645396,0.6800730564,2,0
0,0,-0.01137094215,-0.04776296753,2,0
0,0,-0.09154895297,-0.8017801083,1,0
0,0,-0.1890527077,-0.975037547,1,0
0,0,-0.3331431499,-1.440904423,1,0
0,0,-0.5427528674,-2.096097175,0,0
0,0,-0.7709206543,-2.281677869,2,0
0,0,-1.172986751,-4.020660962,0,-1
1,1,-1.673692343,-5.007055925
0,0,0,0,0,0
0,0,0.0716182155,0.716182155,0,0
0,0,0.2278236268,1.562054113,2,0
0,0,0.3256499927,0.9782636597,0,0
0,0,0.5643828567,2.38732864,0,0
0,0,0.9486093975,3.842265408,2,0
0,0,1.410555249,4.619458517,2,-1
1,1,1.999671288,5.89116039
0,0,0,0,1,0
0,0,0.01692495006,0.1692495006,1,0
0,0,0.04431587556,0.273909255,0,0
0,0,0.1790350702,1.347191946,2,0
0,0,0.2666344298,0.8759935956,0,0
0,0,0.4678566607,2.01222231,2,0
0,0,0.678755067,2.108984063,0,0
0,0,1.04178032,3.630252533,2,0
0,0,1.48348498,4.417046599,2,-1
1,1,2.062340881,5.788559004
0,0,0,0,0,0
0,0,0.09050110908,0.9050110908,1,0
0,0,0.2078300428,1.173289337,0,0
0,0,0.4585774887,2.507474459,0,0
0,0,0.8696375104,4.110600216,1,0
0,0,1.396016378,5.26378868,0,-1
1,1,2.075714096,6.79697718
0,0,0,0,0,0
0,0,0.08367452665,0.8367452665,2,0
0,0,0.09897845911,0.1530393245,2,0
0,0,0.04707063579,-0.5190782332,0,0
0,0,0.07752188095,0.3045124516,1,0
0,0,0.1182371258,0.407152449,2,0
0,0,0.106456909,-0.1178021689,1,0
0,0,0.1093363882,0.02879479269,2,0
0,0,0.03154660198,-0.7778978625,0,0
0,0,0.03419419023,0.02647588246,2,0
0,0,-0.04702738165,-0.8122157187,0,0
0,0,-0.03066260749,0.1636477416,0,0
0,0,0.05121647265,0.8187908014,1,0
0,0,0.1318182951,0.8060182242,0,0
0,0,0.3394645627,2.076462676,0,0
0,0,0.6859165392,3.464519765,2,0
0,0,1.070303563,3.843870241,2,0
0,0,1.542592337,4.722887733,2,-1
1,1,2.158971401,6.163790646
0,0,0,0,0,0
0,0,0.1036641169,1.036641169,2,0
0,0,0.124246893,0.2058277608,0,0
0,0,0.2438225114,1.195756184,0,0
0,0,0.4824420848,2.386195735,1,0
0,0,0.7862800888,3.038380039,0,0
0,0,1.257458189,4.711781004,1,-1
1,1,1.863787815,6.063296255
0,0,0,0,1,0
0,0,0.003591870709,0.03591870709,2,0
0,0,-0.08165548985,-0.8524736056,0,0
0,0,-0.08064766766,0.01007822195,2,0
0,0,-0.1643480991,-0.8370043149,1,0
0,0,-0.2875974007,-1.232493016,0,0
0,0,-0.3797843618,-0.9218696112,0,0
0,0,-0.4670185614,-0.8723419957,0,0
0,0,-0.5673236044,-1.00305043,1,0
0,0,-0.7619294078,-1.946058034,0,0
0,0,-0.9990134439,-2.370840361,1,0
0,0,-1.354682961,-3.556695172,0,-1
1,1,-1.835545323,-4.808623622
0,0,0,0,2,0
0,0,-0.07892842119,-0.7892842119,1,0
0,0,-0.1760023963,-0.9707397508,0,0
0,0,-0.2189037753,-0.4290137908,1,0
0,0,-0.2824574739,-0.6355369852,0,0
0,0,-0.3218914989,-0.3943402506,1,0
0,0,-0.4006277056,-0.787362067,0,0
0,0,-0.478756538,-0.7812883233,0,0
0,0,-0.5533334783,-0.7457694033,1,0
0,0,-0.7018262283,-1.4849275,0,0
0,0,-0.8896690794,-1.878428511,2,0
0,0,-1.244387485,-3.547184056,0,-1
1,1,-1.71322278,-4.688352949
0,0,0,0,1,0
0,0,4.816467789e-05,0.0004816467789,1,0
0,0,-0.006769079288,-0.06817243965,2,0
0,0,-0.1028755198,-0.9610644052,1,0
0,0,-0.2119567569,-1.090812371,2,0
0,0,-0.4449706896,-2.330139327,0,0
0,0,-0.6781426979,-2.331720083,1,0
0,0,-1.017705514,-3.395628157,2,0
0,0,-1.524221097,-5.065155836,0,-1
1,1,-2.172317836,-6.480967388
0,0,0,0,2,0
0,0,-0.1001494532,-1.001494532,1,0
0,0,-0.2102025063,-1.100530531,2,0
0,0,-0.4554286289,-2.452261226,0,0
0,0,-0.6995891567,-2.441605279,2,0
0,0,-1.104666822,-4.05077665,0,-1
1,1,-1.597880637,-4.932138149
0,0,0,0,2,0
0,0,-0.08960340958,-0.8960340958,2,0
0,0,-0.2798661626,-1.90262753,0,0
0,0,-0.4435834274,-1.637172648,1,0
0,0,-0.6662233469,-2.226399195,0,0
0,0,-0.9222208807,-2.559975338,2,0
0,0,-1.338711724,-4.164908436,0,-1
1,1,-1.878687804,-5.399760797
0,0,0,0,1,0
0,0,0.01668357991,0.1668357991,0,0
0,0,0.1291233069,1.12439727,2,0
0,0,0.1867593207,0.5763601382,2,0
0,0,0.1954613358,0.08702015099,2,0
0,0,0.1685736643,-0.2688767156,1,0
0,0,0.1681569812,-0.004166830239,1,0
0,0,0.1932223699,0.2506538862,0,0
0,0,0.3310922141,1.378698442,1,0
0,0,0.5257531808,1.946609667,2,0
0,0,0.7228873953,1.971342145,1,0
0,0,1.012384253,2.894968582,0,0
0,0,1.469783209,4.573989556,0,-1
1,1,2.07949651,6.097133005
0,0,0,0,0,0
0,0,0.0740756604,0.740756604,1,0
0,0,0.1578371132,0.8376145277,1,0
0,0,0.25191046,0.9407334681,0,0
0,0,0.4605684591,2.086579991,2,0
0,0,0.6501828069,1.896143478,2,0
0,0,0.8599310515,2.097482446,1,0
0,0,1.1748045,3.148734486,1,-1
1,1,1.618860763,4.440562632
0,0,0,0,0,0
0,0,0.07372226875,0.7372226875,1,0
0,0,0.1771462679,1.034239991,1,0
0,0,0.3145924299,1.37446162,1,0
0,0,0.5191581702,2.045657403,0,0
0,0,0.8753452745,3.561871043,2,0
0,0,1.283522709,4.081774345,2,-1
1,1,1.806828822,5.233061128
0,0,0,0,0,0
0,0,0.09610519603,0.9610519603,2,0
0,0,0.1230581769,0.269529809,2,0
0,0,0.09213722171,-0.3092095522,1,0
0,0,0.06793665426,-0.2420056745,2,0
0,0,-0.03008695736,-0.9802361163,0,0
0,0,-0.05170431182,-0.2161735445,1,0
0,0,-0.0969904916,-0.4528617979,2,0
0,0,-0.241720388,-1.447298964,1,0
0,0,-0.4410143196,-1.992939316,2,0
0,0,-0.779076779,-3.380624594,1,0
0,0,-1.210893386,-4.318166074,2,-1
1,1,-1.796551122,-5.856577354
0,0,0,0,2,0
0,0,-0.07300343272,-0.7300343272,1,0
0,0,-0.1424738747,-0.6947044201,2,0
0,0,-0.3326533337,-1.90179459,0,0
0,0,-0.4817214602,-1.490681265,2,0
0,0,-0.7961720914,-3.144506313,0,0
0,0,-1.161785752,-3.656136609,1,-1
1,1,-1.65799479,-4.962090377
0,0,0,0,1,0
0,0,-0.00557523151,-0.0557523151,0,0
0,0,0.08581495295,0.9139018446,2,0
0,0,0.09633039756,0.1051544461,0,0
0,0,0.2151892032,1.188588057,0,0
0,0,0.46583252,2.506433168,1,0
0,0,0.7734910115,3.076584915,2,0
0,0,1.129046166,3.555551547,1,-1
1,1,1.617948912,4.889027456
0,0,0,0,1,0
0,0,0.01260869994,0.1260869994,1,0
0,0,0.01261204742,3.347477011e-05,2,0
0,0,-0.06500352229,-0.7761556971,1,0
0,0,-0.1583733838,-0.9336986146,1,0
0,0,-0.2731215047,-1.14748121,1,0
0,0,-0.4401139198,-1.669924151,0,0
0,0,-0.5954146505,-1.553007307,0,0
0,0,-0.776592036,-1.811773854,2,0
0,0,-1.13150405,-3.549120139,1,-1
1,1,-1.616633095,-4.851290449
0,0,0,0,2,0
0,0,-0.0987077239,-0.987077239,1,0
0,0,-0.215947906,-1.172401821,0,0
0,0,-0.2870828356,-0.7113492966,1,0
0,0,-0.4090020658,-1.219192302,0,0
0,0,-0.5300349112,-1.210328454,2,0
0,0,-0.8165666269,-2.865317157,0,0
0,0,-1.152950776,-3.363841493,2,-1
1,1,-1.654199545,-5.012487689
0,0,0,0,2,0
0,0,-0.09904200518,-0.9904200518,2,0
0,0,-0.3156424577,-2.166004525,2,0
0,0,-0.6805554153,-3.649129576,0,0
0,0,-1.061718016,-3.811626005,2,-1
1,1,-1.608757849,-5.470398331
0,0,0,0,1,0
0,0,0.0006425636251,0.006425636251,1,0
0,0,0.004584182359,0.03941618734,2,0
0,0,-0.07810070948,-0.8268489184,2,0
0,0,-0.2635912253,-1.854905158,1,0
0,0,-0.4865372228,-2.229459975,2,0
0,0,-0.8646439765,-3.781067537,1,0
0,0,-1.346611545,-4.81967569,0,-1
1,1,-1.945516,-5.989044549
0,0,0,0,0,0
0,0,0.1039345727,1.039345727,0,0
0,0,0.3143510894,2.104165167,1,0
0,0,0.5781506573,2.637995679,2,0
0,0,0.8575837914,2.794331341,1,0
0,0,1.245618236,3.880344443,0,-1
1,1,1.796709238,5.510910023
0,0,0,0,1,0
0,0,0.00660004454,0.0660004454,1,0
0,0,-0.0002836987027,-0.06883743243,2,0
0,0,-0.09980258053,-0.9951888182,0,0
0,0,-0.1451758669,-0.4537328635,2,0
0,0,-0.3111241926,-1.659483257,2,0
0,0,-0.6073853859,-2.962611933,2,0
0,0,-1.050870055,-4.434846694,2,-1
1,1,-1.646154698,-5.952846425
0,0,0,0,1,0
0,0,0.00995169169,0.0995169169,0,0
0,0,0.1009165911,0.909648994,0,0
0,0,0.3013632619,2.004466708,0,0
0,0,0.6339316638,3.325684019,1,0
0,0,1.042921793,4.089901296,1,-1
1,1,1.571897337,5.289755437
0,0,0,0,2,0
0,0,-0.0849101455,-0.849101455,2,0
0,0,-0.2696796626,-1.847695171,0,0
0,0,-0.4201994194,-1.505197568,0,0
0,0,-0.5670671021,-1.468676828,0,0
0,0,-0.7193130164,-1.522459143,2,0
0,0,-1.044969663,-3.256566466,2,0
0,0,-1.538831467,-4.938618041,1,-1
1,1,-2.178661326,-6.398298586
0,0,0,0,0,0
0,0,0.09731552756,0.9731552756,1,0
0,0,0.194599144,0.9728361641,0,0
0,0,0.420770179,2.26171035,0,0
0,0,0.7895439016,3.687737226,2,0
0,0,1.198718774,4.091748724,0,-1
1,1,1.761683669,5.629648946
0,0,0,0,1,0
0,0,-0.005372440501,-0.05372440501,1,0
0,0,-0.01651552019,-0.1114307968,2,0
0,0,-0.1180157726,-1.015002524,1,0
0,0,-0.2247264845,-1.067107119,0,0
0,0,-0.2677403621,-0.4301387759,2,0
0,0,-0.4383035766,-1.705632145,0,0
0,0,-0.5910871546,-1.52783578,0,0
0,0,-0.7679100501,-1.768228955,2,0
0,0,-1.122566869,-3.546568186,0,-1
1,1,-1.577527417,-4.549605486
0,0,0,0,0,0
0,0,0.09686941797,0.9686941797,1,0
0,0,0.1928469358,0.9597751781,2,0
0,0,0.2425700814,0.4972314562,2,0
0,0,0.2393241058,-0.03245975597,2,0
0,0,0.1878599834,-0.5146412245,0,0
0,0,0.2551571374,0.67297154,1,0
0,0,0.3810663462,1.259092088,2,0
0,0,0.4953356938,1.142693476,1,0
0,0,0.6848324303,1.894967364,2,0
0,0,0.9215671284,2.367346981,2,0
0,0,1.235566808,3.139996801,0,-1
1,1,1.708072528,4.725057192
0,0,0,0,1,0
0,0,0.008065495995,0.08065495995,1,0
0,0,0.02845166704,0.2038617105,0,0
0,0,0.1355614288,1.071097617,2,0
0,0,0.1730720458,0.3751061709,0,0
0,0,0.3353969447,1.623248989,2,0
0,0,0.4628162519,1.274193071,2,0
0,0,0.589439413,1.266231611,2,0
0,0,0.7422728372,1.528334243,2,0
0,0,0.9335737702,1.913009329,1,0
0,0,1.243480135,3.099063646,2,-1
1,1,1.667598446,4.241183116
0,0,0,0,2,0
0,0,-0.08981119757,-0.8981119757,2,0
0,0,-0.275268728,-1.854575304,0,0
0,0,-0.4249303314,-1.496616034,0,0
0,0,-0.5546739672,-1.297436358,2,0
0,0,-0.8425737535,-2.878997863,1,0
0,0,-1.236737957,-3.941642033,1,-1
1,1,-1.762230009,-5.254920524
0,0,0,0,0,0
0,0,0.08573852088,0.8573852088,2,0
0,0,0.08279913523,-0.02939385641,1,0
0,0,0.08790710821,0.05107972975,1,0
0,0,0.1034107016,0.155035934,0,0
0,0,0.2231407308,1.197300292,0,0
0,0,0.469770704,2.466299732,1,0
0,0,0.7974317159,3.276610119,1,0
0,0,1.220716838,4.23285122,1,-1
1,1,1.773827804,5.531109661
0,0,0,0,1,0
0,0,-0.01458469626,-0.1458469626,1,0
0,0,-0.03189900915,-0.1731431289,0,0
0,0,0.03690179178,0.6880080094,1,0
0,0,0.1202471964,0.8334540459,0,0
0,0,0.3088535075,1.886063111,0,0
0,0,0.63915979,3.303062825,0,0
0,0,1.116248157,4.770883674,1,-1
1,1,1.715601405,5.993532479
0,0,0,0,2,0
0,0,-0.1005651778,-1.005651778,2,0
0,0,-0.2963700065,-1.958048287,0,0
0,0,-0.4608683546,-1.644983481,2,0
0,0,-0.7599949084,-2.991265538,1,0
0,0,-1.163449922,-4.034550132,0,-1
1,1,-1.665895979,-5.02446057
0,0,0,0,1,0
0,0,0.008334456817,0.08334456817,0,0
0,0,0.1036425587,0.9530810184,2,0
0,0,0.1440509034,0.4040834476,2,0
0,0,0.1341108628,-0.09940040591,1,0
0,0,0.1438324297,0.09721566895,0,0
0,0,0.2624208511,1.185884214,2,0
0,0,0.3352379064,0.7281705531,1,0
0,0,0.4517643012,1.165263948,2,0
0,0,0.5695613536,1.177970525,2,0
0,0,0.7130495975,1.434882438,1,0
0,0,0.9700225621,2.569729646,0,0
0,0,1.398813805,4.287912427,1,-1
1,1,1.968776404,5.69962599
0,0,0,0,0,0
0,0,0.1016981973,1.016981973,2,0
0,0,0.1177800747,0.1608187742,2,0
0,0,0.05650428902,-0.6127578569,0,0
0,0,0.1039213024,0.474170134,1,0
0,0,0.1561854981,0.5226419567,2,0
0,0,0.1631931446,0.07007646471,2,0
0,0,0.1067641727,-0.5642897184,2,0
0,0,-0.03093527008,-1.376994428,1,0
0,0,-0.1883902548,-1.574549847,1,0
0,0,-0.3831852226,-1.947949678,0,0
0,0,-0.5452708573,-1.620856347,1,0
0,0,-0.7837758275,-2.385049702,0,0
0,0,-1.063148584,-2.793727562,1,0
0,0,-1.472686668,-4.095380839,2,-1
1,1,-2.033958611,-5.612719432
0,0,0,0,1,0
0,0,-0.0005490425105,-0.005490425105,0,0
0,0,0.0924434653,0.9299250781,1,0
0,0,0.1936894709,1.012460056,0,0
0,0,0.4130601966,2.193707258,0,0
0,0,0.7774113191,3.643511224,1,0
0,0,1.251455586,4.740442669,0,-1
1,1,1.877061672,6.256060864
0,0,0,0,2,0
0,0,-0.07129485322,-0.7129485322,2,0
0,0,-0.2315004654,-1.602056122,0,0
0,0,-0.3316153794,-1.00114914,1,0
0,0,-0.4777137052,-1.460983259,1,0
0,0,-0.7131243361,-2.354106309,2,0
0,0,-1.102824184,-3.896998479,0,-1
1,1,-1.588950099,-4.861259153
0,0,0,0,2,0
0,0,-0.07639399892,-0.7639399892,1,0
0,0,-0.1599342111,-0.8354021222,0,0
0,0,-0.1737612267,-0.138270156,1,0
0,0,-0.2083420385,-0.3458081177,2,0
0,0,-0.3573731375,-1.49031099,1,0
0,0,-0.5774885686,-2.201154311,1,0
0,0,-0.8946623008,-3.171737322,1,0
0,0,-1.320697989,-4.260356885,1,-1
1,1,-1.885385329,-5.646873397
0,0,0,0,1,0
0,0,-0.005726270697,-0.05726270697,2,0
0,0,-0.09390907574,-0.8818280505,1,0
0,0,-0.1902314456,-0.9632236986,0,0
0,0,-0.2364204102,-0.4618896462,1,0
0,0,-0.326686586,-0.9026617576,2,0
0,0,-0.5431648882,-2.164783023,0,0
0,0,-0.7788966026,-2.357317143,0,0
0,0,-1.071825448,-2.929288454,2,0
0,0,-1.53696856,-4.651431124,0,-1
1,1,-2.145478834,-6.085102736
0,0,0,0,0,0
0,0,0.07847705034,0.7847705034,2,0
0,0,0.0804828082,0.02005757865,2,0
0,0,-0.001022942204,-0.815057504,0,0
0,0,0.01003933238,0.1106227458,2,0
0,0,-0.07305663355,-0.8309596593,1,0
0,0,-0.1715588119,-0.9850217832,0,0
0,0,-0.216310143,-0.4475133114,2,0
0,0,-0.3904285659,-1.741184229,0,0
0,0,-0.5378749111,-1.474463452,2,0
0,0,-0.8405728895,-3.026979784,1,0
0,0,-1.258383086,-4.178101968,1,-1
1,1,-1.806608821,-5.482257351
0,0,0,0,2,0
0,0,-0.1003845821,-1.003845821,1,0
0,0,-0.2172229876,-1.168384055,2,0
0,0,-0.4579394391,-2.407164515,2,0
0,0,-0.8524246603,-3.944852212,1,0
0,0,-1.351781809,-4.99357149,0,-1
1,1,-1.968134326,-6.16352517
0,0,0,0,1,0
0,0,-0.008806642415,-0.08806642415,1,0
0,0,-0.03426187375,-0.2545523134,1,0
0,0,-0.08304713553,-0.4878526178,0,0
0,0,-0.05968205058,0.2336508494,1,0
0,0,-0.05172019595,0.07961854639,0,0
0,0,0.04000171096,0.9172190691,2,0
0,0,0.05415729196,0.14155581,1,0
0,0,0.07966083301,0.2550354104,1,0
0,0,0.1147092918,0.350484588,2,0
0,0,0.09412980133,-0.2057949048,2,0
0,0,-0.007489601007,-1.016194023,2,0
0,0,-0.2028464013,-1.953568003,0,0
0,0,-0.3426500676,-1.398036664,0,0
0,0,-0.4661407351,-1.234906675,0,0
0,0,-0.5784234327,-1.122826975,1,0
0,0,-0.7864267059,-2.080032732,1,0
0,0,-1.100484493,-3.140577867,1,0
0,0,-1.542415077,-4.419305845,1,-1
1,1,-2.130627658,-5.882125805
0,0,0,0,1,0
0,0,-0.007518819884,-0.07518819884,0,0
0,0,0.08789249989,0.9541131978,1,0
0,0,0.1887183384,1.008258385,0,0
0,0,0.4056255402,2.169072019,0,0
0,0,0.778520241,3.728947008,0,0
0,0,1.321116591,5.4259635,1,-1
1,1,2.000055223,6.789386323
0,0,0,0,1,0
0,0,-0.01350432267,-0.1350432267,2,0
0,0,-0.1348032441,-1.212989214,1,0
0,0,-0.2888018287,-1.539985846,0,0
0,0,-0.4002038442,-1.114020155,1,0
0,0,-0.5787958749,-1.785920307,1,0
0,0,-0.8501357798,-2.713399049,2,0
0,0,-1.281775116,-4.316393364,2,-1
1,1,-1.867697734,-5.85922618
0,0,0,0,2,0
0,0,-0.08792783193,-0.8792783193,1,0
0,0,-0.1874669769,-0.9953914497,0,0
0,0,-0.2199989488,-0.3253197191,1,0
0,0,-0.2806579956,-0.6065904675,1,0
0,0,-0.4022955202,-1.216375247,1,0
0,0,-0.5912344729,-1.889389527,0,0
0,0,-0.8088184961,-2.175840233,1,0
0,0,-1.133778235,-3.249597389,0,0
0,0,-1.553900025,-4.201217897,1,-1
1,1,-2.120718497,-5.668184717
0,0,0,0,0,0
0,0,0.09806345362,0.9806345362,1,0
0,0,0.2148538664,1.167904128,2,0
0,0,0.2964043799,0.8155051349,2,0
0,0,0.3281814507,0.3177707075,2,0
0,0,0.3454753609,0.1729391022,2,0
0,0,0.3337744824,-0.1170087847,0,0
0,0,0.4538358082,1.200613258,0,0
0,0,0.7370945079,2.832586997,2,0
0,0,1.069095378,3.320008702,2,0
0,0,1.488437386,4.193420082,2,-1
1,1,2.046556827,5.581194408
0,0,0,0,0,0
0,0,0.07160870714,0.7160870714,1,0
0,0,0.145828914,0.7422020686,2,0
0,0,0.1532988124,0.07469898353,2,0
0,0,0.0908717765,-0.6242703585,1,0
0,0,0.0396257205,-0.51246056,0,0
0,0,0.09291573096,0.5329001046,2,0
0,0,0.06344853199,-0.2946719897,0,0
0,0,0.1161303244,0.5268179242,2,0
0,0,0.111383817,-0.04746507395,1,0
0,0,0.1372800696,0.2589625258,0,0
0,0,0.2616876767,1.244076071,2,0
0,0,0.3375959503,0.7590827358,1,0
0,0,0.477127117,1.395311667,0,0
0,0,0.779662515,3.02535398,2,0
0,0,1.120892238,3.412297232,0,-1
1,1,1.621198737,5.003064989
0,0,0,0,0,0
0,0,0.09889997722,0.9889997722,1,0
0,0,0.2085231939,1.096232166,1,0
0,0,0.3451994262,1.366762324,1,0
0,0,0.5362788265,1.910794002,0,0
0,0,0.8736670784,3.373882519,0,0
0,0,1.373180611,4.99513533,0,-1
1,1,2.02591791,6.527372986
0,0,0,0,2,0
0,0,-0.08160780039,-0.8160780039,0,0
0,0,-0.08048413707,0.01123663314,0,0
0,0,-0.003717400934,0.7676673614,2,0
0,0,-0.01240773777,-0.08690336839,0,0
0,0,0.05811700532,0.705247431,2,0
0,0,0.03474411325,-0.2337289207,1,0
0,0,0.002994203668,-0.3174990958,0,0
0,0,0.07214354968,0.6914934601,1,0
0,0,0.1374431287,0.6529957898,0,0
0,0,0.2980888208,1.606456921,1,0
0,0,0.5070911835,2.090023627,2,0
0,0,0.7261147156,2.190235321,0,0
0,0,1.104725403,3.786106879,2,-1
1,1,1.574697029,4.69971626
0,0,0,0,2,0
0,0,-0.1040646318,-1.040646318,2,0
0,0,-0.3235058451,-2.194412133,2,0
0,0,-0.6729233418,-3.494174967,2,0
0,0,-1.16854142,-4.956180782,1,-1
1,1,-1.783560559,-6.150191386
0,0,0,0,0,0
0,0,0.08782766341,0.8782766341,2,0
0,0,0.08910453908,0.01276875668,1,0
0,0,0.1156849044,0.2658036531,2,0
0,0,0.06602594375,-0.4965896064,2,0
0,0,-0.06878493098,-1.348108747,0,0
0,0,-0.1280437765,-0.5925884556,1,0
0,0,-0.2051510825,-0.77107306,1,0
0,0,-0.3050799522,-0.9992886966,2,0
0,0,-0.5300848308,-2.250048786,0,0
0,0,-0.7754342124,-2.453493816,1,0
0,0,-1.132480002,-3.5704579,0,-1
1,1,-1.587344042,-4.5486404
0,0,0,0,0,0
0,0,0.08418738312,0.8418738312,2,0
0,0,0.09764773428,0.1346035117,0,0
0,0,0.2144265753,1.16778841,0,0
0,0,0.4655981726,2.511715974,0,0
0,0,0.8491058703,3.835076977,0,0
0,0,1.392393764,5.432878937,2,-1
1,1,2.059921648,6.675278836
0,0,0,0,0,0
0,0,0.1028494709,1.028494709,2,0
0,0,0.1396438883,0.3679441737,2,0
0,0,0.1278510488,-0.1179283945,1,0
0,0,0.1468290081,0.1897795926,2,0
0,0,0.1069283714,-0.3990063672,2,0
0,0,-0.01408331429,-1.210116857,0,0
0,0,-0.03335744758,-0.1927413329,0,0
0,0,0.01773605891,0.5109350649,2,0
0,0,-0.005198799567,-0.2293485848,0,0
0,0,0.05694692071,0.6214572027,2,0
0,0,0.02479086892,-0.3215605179,2,0
0,0,-0.1050520255,-1.298428945,1,0
0,0,-0.2597077978,-1.546557723,0,0
0,0,-0.3845150286,-1.248072308,2,0
0,0,-0.6508196852,-2.663046565,1,0
0,0,-1.000755453,-3.49935768,2,0
0,0,-1.506877783,-5.061223298,0,-1
1,1,-2.151810234,-6.449324512
0,0,0,0,2,0
0,0,-0.08020456342,-0.8020456342,0,0
0,0,-0.08856577827,-0.08361214846,0,0
0,0,-0.01862787053,0.6993790774,0,0
0,0,0.1488688421,1.674967126,1,0
0,0,0.3513319516,2.024631095,1,0
0,0,0.608740806,2.574088545,1,0
0,0,0.9456459071,3.36905101,1,0
0,0,1.397102225,4.514563179,1,-1
1,1,1.987837499,5.907352745
0,0,0,0,2,0
0,0,-0.07672042563,-0.7672042563,0,0
0,0,-0.07807096718,-0.01350541552,0,0
0,0,0.006310707211,0.8438167439,0,0
0,0,0.1696801653,1.633694581,1,0
0,0,0.3496827128,1.800025476,1,0
0,0,0.5903973318,2.407146189,0,0
0,0,0.9936470363,4.032497046,0,0
0,0,1.55115742,5.575103833,0,-1
1,1,2.256283744,7.051263243
0,0,0,0,2,0
0,0,-0.09147612367,-0.9147612367,1,0
0,0,-0.2021572113,-1.106810876,0,0
0,0,-0.2719873233,-0.69830112,2,0
0,0,-0.4864845883,-2.14497265,0,0
0,0,-0.6893598842,-2.028752959,0,0
0,0,-0.9354714226,-2.461115384,1,0
0,0,-1.29886436,-3.633929374,2,-1
1,1,-1.821036638,-5.221722777
0,0,0,0,1,0
0,0,0.000612935498,0.00612935498,2,0
0,0,-0.09014583022,-0.9075876572,2,0
0,0,-0.2759281255,-1.857822953,0,0
0,0,-0.4167063063,-1.407781808,1,0
0,0,-0.6345113177,-2.178050114,1,0
0,0,-0.9320180379,-2.975067202,0,0
0,0,-1.295520827,-3.635027894,2,-1
1,1,-1.814532844,-5.190120165
0,0,0,0,1,0
0,0,0.017182779,0.17182779,0,0
0,0,0.1353363038,1.181535248,2,0
0,0,0.1999672493,0.6463094548,1,0
0,0,0.3072670178,1.072997685,2,0
0,0,0.3716433222,0.6437630436,0,0
0,0,0.5668060005,1.951626783,0,0
0,0,0.9314458,3.646397995,2,0
0,0,1.366335283,4.348894831,1,-1
1,1,1.939262036,5.729267527
0,0,0,0,2,0
0,0,-0.09297525076,-0.9297525076,0,0
0,0,-0.1249902373,-0.3201498655,0,0
0,0,-0.08767281281,0.373174245,1,0
0,0,-0.06394352755,0.2372928526,0,0
0,0,0.04246859514,1.064121227,1,0
0,0,0.1725082221,1.300396269,0,0
0,0,0.4033460697,2.308378476,1,0
0,0,0.6974751381,2.941290684,1,0
0,0,1.07678616,3.79311022,1,-1
1,1,1.579371684,5.025855238
0,0,0,0,1,0
0,0,0.008732360635,0.08732360635,0,0
0,0,0.1207773933,1.120450327,1,0
0,0,0.2658621452,1.450847518,0,0
0,0,0.5401675464,2.743054013,2,0
0,0,0.8177435057,2.775759593,1,0
0,0,1.212103017,3.943595113,0,-1
1,1,1.767526983,5.554239664
0,0,0,0,0,0
0,0,0.07207895512,0.7207895512,1,0
0,0,0.1635719959,0.9149304074,0,0
0,0,0.3625740915,1.990020956,1,0
0,0,0.6069112753,2.443371839,0,0
0,0,1.016399523,4.094882476,1,0
0,0,1.544372322,5.279727986,0,-1
1,1,2.220573462,6.762011409
0,0,0,0,2,0
0,0,-0.09009631314,-0.9009631314,0,0
0,0,-0.11478261,-0.2468629687,2,0
0,0,-0.2429006363,-1.281180263,0,0
0,0,-0.3234302869,-0.8052965057,1,0
0,0,-0.4443778771,-1.209475902,1,0
0,0,-0.6253488235,-1.809709465,0,0
0,0,-0.8256197941,-2.002709706,0,0
0,0,-1.077127863,-2.515080686,1,0
0,0,-1.456041824,-3.789139615,2,-1
1,1,-1.986157381,-5.301155571
