2,1,1
0,0,0,0,1,0
0,0,0.01006455198,0.1006455198,2,0
0,0,-0.0510031731,-0.6106772508,2,0
0,0,-0.1938751481,-1.42871975,2,0
0,0,-0.4422517557,-2.483766076,0,0
0,0,-0.6918069315,-2.495551758,2,0
0,0,-1.113036639,-4.212297076,2,-1
1,1,-1.694701771,-5.816651322
0,0,0,0,1,0
0,0,0.002658022684,0.02658022684,2,0
0,0,-0.08698637337,-0.8964439605,1,0
0,0,-0.1974957828,-1.105094094,0,0
0,0,-0.2528707813,-0.5537499854,1,0
0,0,-0.3371033275,-0.8423254619,0,0
0,0,-0.4042633635,-0.67160036,0,0
0,0,-0.4452392218,-0.4097585822,1,0
0,0,-0.5485624022,-1.033231804,0,0
0,0,-0.6561978734,-1.076354713,1,0
0,0,-0.8578220732,-2.016241997,0,0
0,0,-1.125113513,-2.672914394,2,0
0,0,-1.555937124,-4.308236112,0,-1
1,1,-2.132000738,-5.760636141
0,0,0,0,1,0
0,0,0.01069708457,0.1069708457,1,0
0,0,0.02524979546,0.145527109,1,0
0,0,0.03288367486,0.07633879394,1,0
0,0,0.03938730907,0.0650363421,1,0
0,0,0.03788996356,-0.01497345506,1,0
0,0,0.03049755116,-0.073924124,2,0
0,0,-0.06302202548,-0.9351957664,2,0
0,0,-0.2657751415,-2.02753116,0,0
0,0,-0.423601375,-1.578262335,0,0
0,0,-0.56515676,-1.41555385,0,0
0,0,-0.7263289777,-1.611722177,2,0
0,0,-1.052775066,-3.264460882,0,0
0,0,-1.459080675,-4.063056088,1,-1
1,1,-2.010008415,-5.509277399
0,0,0,0,0,0
0,0,0.1029187339,1.029187339,1,0
0,0,0.2372204201,1.343016862,0,0
0,0,0.4896684501,2.5244803,2,0
0,0,0.7379167441,2.48248294,1,0
0,0,1.090006151,3.520894072,1,-1
1,1,1.574282624,4.842764728
0,0,0,0,1,0
0,0,0.01204860737,0.1204860737,0,0
0,0,0.1100663532,0.9801774581,0,0
0,0,0.3279656092,2.17899256,1,0
0,0,0.6078681016,2.799024924,1,0
0,0,0.9880820856,3.80213984,1,0
0,0,1.491541898,5.034598129,0,-1
1,1,2.14383875,6.522968511
0,0,0,0,1,0
0,0,0.01680246666,0.1680246666,0,0
0,0,0.1188258554,1.020233888,1,0
0,0,0.2246048446,1.057789892,0,0
0,0,0.4383893838,2.137845392,0,0
0,0,0.8024396707,3.64050287,0,0
0,0,1.324612345,5.221726745,2,-1
1,1,1.963250116,6.386377706
0,0,0,0,0,0
0,0,0.08555463015,0.8555463015,0,0
0,0,0.2861258621,2.005712319,1,0
0,0,0.5455295327,2.594036707,2,0
0,0,0.8064486002,2.609190675,1,0
0,0,1.170510416,3.640618162,0,-1
1,1,1.691279553,5.207691362
0,0,0,0,1,0
0,0,-0.01290807549,-0.1290807549,1,0
0,0,-0.01635362972,-0.03445554227,1,0
0,0,-0.03771024399,-0.2135661427,0,0
0,0,0.03185208227,0.6956232626,2,0
0,0,0.003547716651,-0.2830436562,0,0
0,0,0.05040239408,0.4685467743,2,0
0,0,0.02546252375,-0.2493987033,2,0
0,0,-0.08500670689,-1.104692306,2,0
0,0,-0.2858520657,-2.008453588,0,0
0,0,-0.4436551264,-1.578030607,2,0
0,0,-0.7619463701,-3.182912437,0,0
0,0,-1.124243244,-3.622968744,1,-1
1,1,-1.616942718,-4.926994734
0,0,0,0,1,0
0,0,0.003858303554,0.03858303554,1,0
0,0,0.003510262187,-0.003480413671,0,0
0,0,0.08669809679,0.831878346,2,0
0,0,0.1020714971,0.153734003,1,0
0,0,0.136277496,0.3420599895,1,0
0,0,0.1858650968,0.4958760077,2,0
0,0,0.1950067738,0.09141677022,2,0
0,0,0.1552375142,-0.3976925964,0,0
0,0,0.2170155696,0.6177805541,2,0
0,0,0.2228916976,0.05876127962,0,0
0,0,0.3377137553,1.148220577,2,0
0,0,0.4400228002,1.023090449,2,0
0,0,0.5393271061,0.9930430591,2,0
0,0,0.640608293,1.012811869,0,0
0,0,0.8929560538,2.523477608,2,0
0,0,1.203152714,3.101966598,2,-1
1,1,1.620768204,4.176154901
0,0,0,0,0,0
0,0,0.08236975153,0.8236975153,2,0
0,0,0.07423897888,-0.08130772643,1,0
0,0,0.08641212412,0.1217314524,1,0
0,0,0.1280733186,0.4166119451,2,0
0,0,0.1187307197,-0.09342598912,1,0
0,0,0.114420131,-0.04310588726,0,0
0,0,0.2217444539,1.073243229,2,0
0,0,0.2698636552,0.4811920128,1,0
0,0,0.364077678,0.942140228,1,0
0,0,0.5055935374,1.415158594,0,0
0,0,0.8101147171,3.045211797,2,0
0,0,1.17358269,3.634679727,2,-1
1,1,1.636238589,4.626558996
0,0,0,0,1,0
0,0,0.01046550064,0.1046550064,0,0
0,0,0.1009285452,0.9046304459,0,0
0,0,0.2946341969,1.937056517,2,0
0,0,0.4435572923,1.489230954,1,0
0,0,0.6621137583,2.18556466,1,0
0,0,0.9870369909,3.249232326,1,0
0,0,1.435944223,4.489072317,2,-1
1,1,2.01665996,5.807157376
0,0,0,0,1,0
0,0,-0.01185785131,-0.1185785131,2,0
0,0,-0.1133554744,-1.014976231,2,0
0,0,-0.3232866199,-2.099311455,2,0
0,0,-0.6722727409,-3.48986121,2,0
0,0,-1.178934335,-5.066615939,2,-1
1,1,-1.840555646,-6.616213112
0,0,0,0,1,0
0,0,0.004787528445,0.04787528445,1,0
0,0,0.009008748613,0.04221220167,2,0
0,0,-0.08495483059,-0.9396357921,1,0
0,0,-0.1886870357,-1.037322051,1,0
0,0,-0.3155031084,-1.268160727,1,0
0,0,-0.481849784,-1.663466756,1,0
0,0,-0.7125668151,-2.307170311,0,0
0,0,-0.9772501989,-2.646833838,1,0
0,0,-1.356048603,-3.787984037,0,-1
1,1,-1.860883772,-5.048351698
0,0,0,0,2,0
0,0,-0.07683903615,-0.7683903615,1,0
0,0,-0.1777963596,-1.009573234,1,0
0,0,-0.3165055614,-1.387092018,2,0
0,0,-0.5913586286,-2.748530672,0,0
0,0,-0.886073605,-2.947149764,1,0
0,0,-1.299327036,-4.132534305,2,-1
1,1,-1.871519953,-5.721929174
0,0,0,0,0,0
0,0,0.07121175478,0.7121175478,1,0
0,0,0.1468197262,0.7560797143,2,0
0,0,0.154425179,0.07605452767,1,0
0,0,0.202196724,0.4777154504,0,0
0,0,0.3842149515,1.820182275,1,0
0,0,0.6347598477,2.505448963,1,0
0,0,0.9743072546,3.395474068,1,0
0,0,1.440394306,4.660870513,2,-1
1,1,2.039125246,5.987309403
0,0,0,0,2,0
0,0,-0.07892485648,-0.7892485648,2,0
0,0,-0.2705609515,-1.91636095,0,0
0,0,-0.4185762468,-1.480152952,1,0
0,0,-0.6404864698,-2.219102231,1,0
0,0,-0.9560001089,-3.155136391,1,0
0,0,-1.387007764,-4.310076554,1,-1
1,1,-1.957539009,-5.705312447
0,0,0,0,0,0
0,0,0.07428735878,0.7428735878,0,0
0,0,0.2506187029,1.763313441,2,0
0,0,0.3900693574,1.394506545,2,0
0,0,0.5286299158,1.385605583,1,0
0,0,0.7462403621,2.176104464,0,0
0,0,1.122430943,3.76190581,2,-1
1,1,1.591010152,4.685792087
0,0,0,0,1,0
0,0,0.01104912991,0.1104912991,2,0
0,0,-0.05544298147,-0.6649211138,1,0
0,0,-0.1268724591,-0.7142947767,1,0
0,0,-0.2221216026,-0.9524914341,1,0
0,0,-0.3604927048,-1.383711022,2,0
0,0,-0.6439380241,-2.834453193,0,0
0,0,-0.9422507805,-2.983127564,2,0
0,0,-1.405728337,-4.634775565,1,-1
1,1,-2.00940234,-6.036740035
0,0,0,0,2,0
0,0,-0.07349120537,-0.7349120537,1,0
0,0,-0.1763603119,-1.028691065,0,0
0,0,-0.226567131,-0.5020681912,0,0
0,0,-0.235555458,-0.08988326971,2,0
0,0,-0.3619179108,-1.263624528,1,0
0,0,-0.5351556069,-1.732376961,1,0
0,0,-0.8038992009,-2.687435939,1,0
0,0,-1.189265014,-3.853658136,2,-1
1,1,-1.738471395,-5.492063801
0,0,0,0,1,0
0,0,0.001347829651,0.01347829651,2,0
0,0,-0.09900511996,-1.003529496,1,0
0,0,-0.2269519344,-1.279468144,0,0
0,0,-0.3129098222,-0.8595788777,2,0
0,0,-0.5246776743,-2.117678521,0,0
0,0,-0.7377290764,-2.130514021,2,0
0,0,-1.124244481,-3.865154042,2,-1
1,1,-1.676035842,-5.517913617
0,0,0,0,0,0
0,0,0.07329606666,0.7329606666,1,0
0,0,0.1532350485,0.7993898189,0,0
0,0,0.3296672117,1.764321631,2,0
0,0,0.4794568138,1.497896022,0,0
0,0,0.7850400428,3.05583229,1,0
0,0,1.20598486,4.209448168,1,-1
1,1,1.758509531,5.525246713
0,0,0,0,2,0
0,0,-0.09063583133,-0.9063583133,2,0
0,0,-0.2681192836,-1.774834522,1,0
0,0,-0.5010015304,-2.328822469,1,0
0,0,-0.8009217492,-2.999202188,0,0
0,0,-1.142596786,-3.416750368,0,-1
1,1,-1.577877282,-4.352804959
0,0,0,0,2,0
0,0,-0.1053994654,-1.053994654,1,0
0,0,-0.2265590804,-1.21159615,2,0
0,0,-0.476821869,-2.502627886,1,0
0,0,-0.8109029715,-3.340811025,2,0
0,0,-1.295252584,-4.843496125,1,-1
1,1,-1.912040657,-6.167880733
0,0,0,0,0,0
0,0,0.07771841805,0.7771841805,2,0
0,0,0.09446496172,0.1674654366,1,0
0,0,0.1337490206,0.3928405887,0,0
0,0,0.2839465545,1.501975339,0,0
0,0,0.5798102364,2.958636819,1,0
0,0,0.9473168179,3.675065815,1,0
0,0,1.427110519,4.797937014,2,-1
1,1,2.039294534,6.121840147
0,0,0,0,2,0
0,0,-0.1018411902,-1.018411902,2,0
0,0,-0.319363274,-2.175220838,0,0
0,0,-0.4910279262,-1.716646522,1,0
0,0,-0.7304247494,-2.393968231,2,0
0,0,-1.122704544,-3.922797943,2,-1
1,1,-1.669843649,-5.471391057
0,0,0,0,1,0
0,0,-0.004724951285,-0.04724951285,0,0
0,0,0.08216201663,0.8688696792,2,0
0,0,0.08734261528,0.05180598647,2,0
0,0,0.003988068603,-0.8335454668,0,0
0,0,0.0260355204,0.220474518,2,0
0,0,-0.02383834906,-0.4987386947,0,0
0,0,0.002227659831,0.260660089,1,0
0,0,0.03308617569,0.3085851586,1,0
0,0,0.07450048327,0.4141430758,0,0
0,0,0.2067422048,1.322417215,1,0
0,0,0.3624464804,1.557042756,2,0
0,0,0.4899687228,1.275222424,1,0
0,0,0.6920359767,2.02067254,2,0
0,0,0.9336113116,2.415753349,0,0
0,0,1.345382527,4.117712155,1,-1
1,1,1.897065038,5.516825108
0,0,0,0,2,0
0,0,-0.09491459903,-0.9491459903,1,0
0,0,-0.2142675885,-1.193529895,1,0
0,0,-0.3571790286,-1.429114401,0,0
0,0,-0.4908247193,-1.336456907,1,0
0,0,-0.6948230254,-2.039983061,1,0
0,0,-1.003225654,-3.08402629,0,0
0,0,-1.386058583,-3.828329291,2,-1
1,1,-1.924472167,-5.384135835
0,0,0,0,1,0
0,0,-8.583079586e-05,-0.0008583079586,2,0
0,0,-0.073670571,-0.735847402,2,0
0,0,-0.245278251,-1.7160768,0,0
0,0,-0.3665005203,-1.212222693,1,0
0,0,-0.5369734466,-1.704729263,0,0
0,0,-0.716521502,-1.795480554,1,0
0,0,-0.9883108865,-2.717893846,1,0
0,0,-1.387502952,-3.991920655,1,-1
1,1,-1.930193413,-5.426904606
0,0,0,0,2,0
0,0,-0.1025257831,-1.025257831,1,0
0,0,-0.2266735109,-1.241477278,2,0
0,0,-0.4687140504,-2.420405394,2,0
0,0,-0.8484074086,-3.796933582,2,0
0,0,-1.397732264,-5.493248553,2,-1
1,1,-2.096980807,-6.992485432
0,0,0,0,1,0
0,0,-0.01458770352,-0.1458770352,2,0
0,0,-0.1308206813,-1.162329778,0,0
0,0,-0.1981349513,-0.6731426992,0,0
0,0,-0.2099376869,-0.1180273565,1,0
0,0,-0.244671074,-0.3473338709,1,0
0,0,-0.3366889109,-0.9201783693,2,0
0,0,-0.5566999017,-2.200109907,2,0
0,0,-0.9352521816,-3.785522799,1,0
0,0,-1.422074291,-4.868221099,0,-1
1,1,-2.04056487,-6.184905784
0,0,0,0,1,0
0,0,-0.01597541184,-0.1597541184,0,0
0,0,0.042777726,0.5875313784,1,0
0,0,0.1072111554,0.6443342939,0,0
0,0,0.2608017038,1.535905484,0,0
0,0,0.5404819811,2.796802773,2,0
0,0,0.8348449259,2.943629447,0,0
0,0,1.290855717,4.560107915,2,-1
1,1,1.860743721,5.698880035
0,0,0,0,2,0
0,0,-0.08934535594,-0.8934535594,1,0
0,0,-0.1925229634,-1.031776074,2,0
0,0,-0.4210410939,-2.285181305,2,0
0,0,-0.797961602,-3.769205081,0,0
0,0,-1.212400291,-4.144386892,2,-1
1,1,-1.785586176,-5.73185885
0,0,0,0,0,0
0,0,0.08304534374,0.8304534374,2,0
0,0,0.08650171629,0.03456372542,1,0
0,0,0.1011415597,0.1463984344,1,0
0,0,0.1298110858,0.286695261,2,0
0,0,0.1032998722,-0.2651121358,1,0
0,0,0.08765786701,-0.1564200523,2,0
0,0,-0.01158615725,-0.9924402426,0,0
0,0,-0.02845827491,-0.1687211766,0,0
0,0,0.03154205363,0.6000032854,2,0
0,0,0.01314102738,-0.1840102625,1,0
0,0,-0.01744672919,-0.3058775657,1,0
0,0,-0.04884657216,-0.3139984297,1,0
0,0,-0.1003989849,-0.5155241279,2,0
0,0,-0.2414958985,-1.410969136,0,0
0,0,-0.3534478016,-1.119519031,0,0
0,0,-0.4580346658,-1.045868641,2,0
0,0,-0.7159594997,-2.579248339,1,0
0,0,-1.067919463,-3.519599628,1,0
0,0,-1.550717477,-4.82798015,0,-1
1,1,-2.178234655,-6.275171777
0,0,0,0,1,0
0,0,-0.0145159193,-0.145159193,2,0
0,0,-0.1298210891,-1.153051698,0,0
0,0,-0.1844577252,-0.5463663613,1,0
0,0,-0.2759520226,-0.9149429732,2,0
0,0,-0.5083059031,-2.323538805,2,0
0,0,-0.9008619805,-3.925560775,1,0
0,0,-1.402007094,-5.011451132,1,-1
1,1,-2.040641679,-6.386345851
0,0,0,0,0,0
0,0,0.08443190228,0.8443190228,0,0
0,0,0.2820191136,1.975872113,1,0
0,0,0.5196227311,2.376036175,0,0
0,0,0.9154327736,3.958100425,2,0
0,0,1.383080454,4.676476808,2,-1
1,1,1.974686472,5.916060176
0,0,0,0,1,0
0,0,-0.01344531977,-0.1344531977,1,0
0,0,-0.01574104725,-0.02295727484,1,0
0,0,-0.02570572858,-0.09964681327,0,0
0,0,0.05358026976,0.7928599834,0,0
0,0,0.2462759853,1.926957155,0,0
0,0,0.5524019049,3.061259196,2,0
0,0,0.8680870582,3.156851532,1,0
0,0,1.297373915,4.292868571,0,-1
1,1,1.88353607,5.861621552
0,0,0,0,2,0
0,0,-0.08588587879,-0.8588587879,1,0
0,0,-0.1796260383,-0.9374015947,1,0
0,0,-0.3063850676,-1.267590294,1,0
0,0,-0.4723163452,-1.659312775,0,0
0,0,-0.6268063398,-1.544899946,0,0
0,0,-0.8004717626,-1.736654228,1,0
0,0,-1.094407119,-2.939353562,1,0
0,0,-1.523678946,-4.292718275,0,-1
1,1,-2.095029851,-5.713509045
0,0,0,0,0,0
0,0,0.09707368491,0.9707368491,0,0
0,0,0.2814163307,1.843426458,0,0
0,0,0.6055066256,3.240902949,0,0
0,0,1.079702553,4.741959277,0,-1
1,1,1.715150423,6.354478701
0,0,0,0,2,0
0,0,-0.1056849371,-1.056849371,1,0
0,0,-0.2287477898,-1.230628528,0,0
0,0,-0.3136320099,-0.8488422009,2,0
0,0,-0.5193255396,-2.056935297,1,0
0,0,-0.7918141705,-2.724886308,1,0
0,0,-1.16674037,-3.749261996,1,-1
1,1,-1.677292029,-5.105516587
0,0,0,0,2,0
0,0,-0.0866435758,-0.866435758,1,0
0,0,-0.191295226,-1.046516502,1,0
0,0,-0.3193880697,-1.280928437,1,0
0,0,-0.5153575236,-1.959694539,0,0
0,0,-0.72636093,-2.110034063,1,0
0,0,-1.05002106,-3.236601301,1,0
0,0,-1.496476354,-4.464552942,1,-1
1,1,-2.087533183,-5.910568285
0,0,0,0,2,0
0,0,-0.08533172812,-0.8533172812,0,0
0,0,-0.09531122984,-0.09979501721,1,0
0,0,-0.1118835109,-0.1657228109,1,0
0,0,-0.1349394026,-0.2305589165,0,0
0,0,-0.09213255016,0.4280685242,0,0
0,0,0.01482627189,1.069588221,1,0
0,0,0.1112976163,0.9647134444,2,0
0,0,0.1337306564,0.2243304008,2,0
0,0,0.1022154741,-0.3151518229,0,0
0,0,0.1737372447,0.7152177055,0,0
0,0,0.3493387622,1.756015176,1,0
0,0,0.5673351023,2.1799634,2,0
0,0,0.7907138317,2.233787295,1,0
0,0,1.115315455,3.246016231,2,0
0,0,1.540637759,4.253223043,0,-1
1,1,2.114526847,5.738890877
0,0,0,0,2,0
0,0,-0.08862911359,-0.8862911359,0,0
0,0,-0.09722285437,-0.08593740776,0,0
0,0,-0.03146923745,0.6575361692,1,0
0,0,0.02987519397,0.6134443142,2,0
0,0,0.01294029578,-0.1693489819,2,0
0,0,-0.08685731456,-0.9979761034,2,0
0,0,-0.2894374347,-2.025801201,2,0
0,0,-0.6219473968,-3.325099622,0,0
0,0,-0.9665483453,-3.446009485,1,0
0,0,-1.431882925,-4.653345801,1,-1
1,1,-2.037655584,-6.057726586
0,0,0,0,2,0
0,0,-0.08083703036,-0.8083703036,0,0
0,0,-0.07110031486,0.09736715504,0,0
0,0,0.007034951249,0.7813526611,0,0
0,0,0.1919729713,1.849380201,0,0
0,0,0.4931271158,3.011541445,2,0
0,0,0.804382024,3.112549082,2,0
0,0,1.163590214,3.592081896,2,-1
1,1,1.619399648,4.55809434
0,0,0,0,2,0
0,0,-0.09323825627,-0.9323825627,2,0
0,0,-0.2955747308,-2.023364745,1,0
0,0,-0.5360858321,-2.405111013,1,0
0,0,-0.8488293913,-3.127435591,2,0
0,0,-1.331857478,-4.83028087,1,-1
1,1,-1.948978222,-6.171207441
0,0,0,0,0,0
0,0,0.099686388,0.99686388,0,0
0,0,0.2881010092,1.884146212,1,0
0,0,0.5281522572,2.400512479,2,0
0,0,0.7720485027,2.438962455,2,0
0,0,1.069494513,2.974460108,1,0
0,0,1.497927887,4.284333736,0,-1
1,1,2.076828925,5.789010382
0,0,0,0,1,0
0,0,0.008187738564,0.08187738564,2,0
0,0,-0.07893482406,-0.8712256263,1,0
0,0,-0.1820160777,-1.030812536,0,0
0,0,-0.2308220553,-0.4880597766,1,0
0,0,-0.3048102211,-0.7398816578,1,0
0,0,-0.4458799639,-1.410697428,0,0
0,0,-0.5913099073,-1.454299434,2,0
0,0,-0.9076618072,-3.163518999,1,0
0,0,-1.340906961,-4.33245154,2,-1
1,1,-1.931141934,-5.902349732
0,0,0,0,2,0
0,0,-0.09548764971,-0.9548764971,1,0
0,0,-0.2239493948,-1.284617451,1,0
0,0,-0.3981543281,-1.742049333,1,0
0,0,-0.6379033825,-2.397490545,1,0
0,0,-0.9601470797,-3.222436971,0,0
0,0,-1.349132868,-3.889857888,2,-1
1,1,-1.891543285,-5.424104166
0,0,0,0,1,0
0,0,0.009416451249,0.09416451249,0,0
0,0,0.1102899462,1.008734949,2,0
0,0,0.1360307858,0.2574083966,2,0
0,0,0.09363245728,-0.4239832853,2,0
0,0,-0.02505178063,-1.186842379,2,0
0,0,-0.2307046474,-2.056528668,1,0
0,0,-0.4862123454,-2.55507698,2,0
0,0,-0.8979255758,-4.117132304,2,0
0,0,-1.473550592,-5.756250158,1,-1
1,1,-2.19204927,-7.184986787
0,0,0,0,0,0
0,0,0.08515724647,0.8515724647,2,0
0,0,0.1029863412,0.178290947,0,0
0,0,0.2134254644,1.104391232,1,0
0,0,0.3657186977,1.522932333,2,0
0,0,0.5045246289,1.388059312,1,0
0,0,0.7279164651,2.233918362,1,0
0,0,1.048726144,3.208096791,0,0
0,0,1.536559648,4.878335041,1,-1
1,1,2.169947486,6.333878378
0,0,0,0,0,0
0,0,0.1030557407,1.030557407,2,0
0,0,0.1471410986,0.440853579,2,0
0,0,0.1396779201,-0.07463178478,2,0
0,0,0.06343312867,-0.7624479141,2,0
0,0,-0.1027285199,-1.661616486,2,0
0,0,-0.3855197146,-2.827911947,0,0
0,0,-0.647616822,-2.620971074,1,0
0,0,-0.9919591557,-3.443423337,1,0
0,0,-1.457221231,-4.652620757,0,-1
1,1,-2.056153777,-5.989325456
0,0,0,0,0,0
0,0,0.1008175632,1.008175632,1,0
0,0,0.2179206144,1.171030512,0,0
0,0,0.4625691427,2.446485283,0,0
0,0,0.8604615156,3.978923729,1,0
0,0,1.359955783,4.994942675,0,-1
1,1,2.010564567,6.506087841
0,0,0,0,0,0
0,0,0.09795589098,0.9795589098,0,0
0,0,0.2874174272,1.894615362,1,0
0,0,0.5112556686,2.238382415,2,0
0,0,0.7310891367,2.198334681,2,0
0,0,1.004133113,2.73043976,2,0
0,0,1.357916821,3.537837082,0,-1
1,1,1.868464849,5.105480279
0,0,0,0,0,0
0,0,0.09444051148,0.9444051148,0,0
0,0,0.2781967272,1.837562157,0,0
0,0,0.5769537699,2.987570427,2,0
0,0,0.9007309041,3.237771342,2,0
0,0,1.285342916,3.846120118,2,-1
1,1,1.788223203,5.028802874
0,0,0,0,2,0
0,0,-0.07175605035,-0.7175605035,2,0
0,0,-0.2453410093,-1.73584959,2,0
0,0,-0.5451879905,-2.998469811,1,0
0,0,-0.9153286241,-3.701406337,2,0
0,0,-1.444477777,-5.291491526,2,-1
1,1,-2.124820259,-6.803424826
0,0,0,0,2,0
0,0,-0.09002711944,-0.9002711944,2,0
0,0,-0.2661953689,-1.761682495,1,0
0,0,-0.4891957448,-2.230003759,1,0
0,0,-0.7991372721,-3.099415273,0,0
0,0,-1.1502914,-3.511541277,2,-1
1,1,-1.661188935,-5.108975347
0,0,0,0,0,0
0,0,0.09429122963,0.9429122963,0,0
0,0,0.2993924977,2.051012681,0,0
0,0,0.6341471735,3.347546758,2,0
0,0,1.00062144,3.664742662,0,0
0,0,1.530726859,5.301054189,2,-1
1,1,2.203037083,6.723102249
0,0,0,0,2,0
0,0,-0.07153317817,-0.7153317817,2,0
0,0,-0.2481718309,-1.766386528,2,0
0,0,-0.545068738,-2.968969071,0,0
0,0,-0.8563813757,-3.113126377,2,0
0,0,-1.331318205,-4.749368296,1,-1
1,1,-1.945078998,-6.137607929
0,0,0,0,0,0
0,0,0.0760876951,0.760876951,1,0
0,0,0.1601471791,0.8405948398,1,0
0,0,0.2878286841,1.27681505,0,0
0,0,0.5537588847,2.659302006,2,0
0,0,0.8191925515,2.654336668,2,0
0,0,1.128544395,3.093518434,0,-1
1,1,1.607380537,4.788361416
0,0,0,0,2,0
0,0,-0.09796963092,-0.9796963092,1,0
0,0,-0.1983826136,-1.004129827,2,0
0,0,-0.4078750202,-2.094924066,0,0
0,0,-0.5942753939,-1.864003737,0,0
0,0,-0.7957922269,-2.01516833,0,0
0,0,-1.048164411,-2.523721845,1,0
0,0,-1.432985596,-3.848211843,1,-1
1,1,-1.962441127,-5.294555312
0,0,0,0,0,0
0,0,0.09938361372,0.9938361372,1,0
0,0,0.2140348297,1.14651216,0,0
0,0,0.4576641737,2.43629344,0,0
0,0,0.8493245477,3.91660374,0,0
0,0,1.39977621,5.504516624,0,-1
1,1,2.099003249,6.992270387
0,0,0,0,0,0
0,0,0.07131721516,0.7131721516,1,0
0,0,0.1667923486,0.9547513341,0,0
0,0,0.383229392,2.164370434,0,0
0,0,0.7387951356,3.555657436,1,0
0,0,1.185536697,4.467415614,0,-1
1,1,1.78406973,5.985330334
0,0,0,0,0,0
0,0,0.0959429173,0.959429173,0,0
0,0,0.2885931659,1.926502486,0,0
0,0,0.6130819323,3.244887664,0,0
0,0,1.078877278,4.657953453,0,-1
1,1,1.704651291,6.257740135
0,0,0,0,0,0
0,0,0.09205976254,0.9205976254,0,0
0,0,0.2997160697,2.076563071,2,0
0,0,0.4631917863,1.634757166,2,0
0,0,0.6155475998,1.523558136,2,0
0,0,0.7844718783,1.689242784,2,0
0,0,0.9945559171,2.100840389,2,0
0,0,1.284247122,2.896912051,1,-1
1,1,1.711919109,4.276719863
0,0,0,0,0,0
0,0,0.07937470754,0.7937470754,1,0
0,0,0.1863399081,1.069652006,1,0
0,0,0.3276301396,1.412902315,2,0
0,0,0.4347970684,1.071669288,0,0
0,0,0.7045040126,2.697069442,1,0
0,0,1.075416998,3.709129855,2,0
0,0,1.536869642,4.614526436,1,-1
1,1,2.143749471,6.068798289
0,0,0,0,1,0
0,0,-0.001034094214,-0.01034094214,0,0
0,0,0.07772600343,0.7876009765,0,0
0,0,0.2733574466,1.956314431,0,0
0,0,0.5815859081,3.082284615,1,0
0,0,0.9811563717,3.995704636,1,0
0,0,1.500134064,5.189776928,1,-1
1,1,2.162939405,6.628053403
0,0,0,0,0,0
0,0,0.08813639735,0.8813639735,1,0
0,0,0.177211459,0.8907506164,2,0
0,0,0.1996437085,0.2243224953,2,0
0,0,0.1641176528,-0.3552605569,0,0
0,0,0.2272948628,0.6317720995,1,0
0,0,0.3320835179,1.047886551,1,0
0,0,0.5053732564,1.732897384,2,0
0,0,0.6809939148,1.756206584,0,0
0,0,1.016839361,3.358454464,2,0
0,0,1.437132212,4.202928508,1,-1
1,1,2.001369936,5.642377238
0,0,0,0,2,0
0,0,-0.07063745043,-0.7063745043,1,0
0,0,-0.160064208,-0.8942675753,2,0
0,0,-0.3596420223,-1.995778144,1,0
0,0,-0.6127656149,-2.531235925,1,0
0,0,-0.9417573395,-3.289917246,0,0
0,0,-1.346289196,-4.045318562,0,-1
1,1,-1.873857942,-5.275687467
0,0,0,0,2,0
0,0,-0.1045208958,-1.045208958,1,0
0,0,-0.2163854754,-1.118645796,0,0
0,0,-0.2847897692,-0.6840429382,2,0
0,0,-0.4856089683,-2.00819199,2,0
0,0,-0.8305824825,-3.449735142,2,0
0,0,-1.341976947,-5.113944646,1,-1
1,1,-1.991565212,-6.495882649
0,0,0,0,0,0
0,0,0.0928328552,0.928328552,0,0
0,0,0.284461261,1.916284058,0,0
0,0,0.6122279573,3.277666964,2,0
0,0,0.9476148364,3.353868791,1,0
0,0,1.404685745,4.570709087,1,-1
1,1,2.003812587,5.99126842
0,0,0,0,0,0
0,0,0.1024639496,1.024639496,0,0
0,0,0.3267982765,2.243343269,1,0
0,0,0.5939091214,2.671108448,0,0
0,0,1.009991362,4.160822403,2,0
0,0,1.50263451,4.926431482,0,-1
1,1,2.143710453,6.410759431
0,0,0,0,1,0
0,0,-0.005008055411,-0.05008055411,2,0
0,0,-0.1030011099,-0.9799305448,1,0
0,0,-0.2116995535,-1.086984436,2,0
0,0,-0.4293154875,-2.17615934,2,0
0,0,-0.7964310077,-3.671155202,2,0
0,0,-1.312102902,-5.156718943,1,-1
1,1,-1.958776293,-6.466733909
0,0,0,0,2,0
0,0,-0.1042041789,-1.042041789,0,0
0,0,-0.1369419621,-0.3273778323,2,0
0,0,-0.276506299,-1.39564337,0,0
0,0,-0.3751558146,-0.9864951557,2,0
0,0,-0.6099605944,-2.348047798,2,0
0,0,-0.9987946235,-3.88834029,2,0
0,0,-1.545013854,-5.46219231,0,-1
1,1,-2.235012965,-6.899991108
0,0,0,0,0,0
0,0,0.1045413508,1.045413508,0,0
0,0,0.3013382395,1.967968886,2,0
0,0,0.4517313483,1.503931089,0,0
0,0,0.7450161633,2.932848149,0,0
0,0,1.197011329,4.519951653,1,-1
1,1,1.778726022,5.817146934
0,0,0,0,1,0
0,0,0.01455039711,0.1455039711,0,0
0,0,0.118206491,1.036560939,0,0
0,0,0.3185779557,2.003714647,2,0
0,0,0.4845804584,1.660025026,0,0
0,0,0.7873790087,3.027985504,0,0
0,0,1.254822479,4.674434699,2,-1
1,1,1.828450518,5.736280389
0,0,0,0,1,0
0,0,-0.005715564537,-0.05715564537,1,0
0,0,-0.009306708592,-0.03591144056,0,0
0,0,0.07774815126,0.8705485985,2,0
0,0,0.1075176199,0.2976946861,2,0
0,0,0.07921366343,-0.2830395644,2,0
0,0,-0.01883191745,-0.9804558089,0,0
0,0,-0.0381510534,-0.1931913595,2,0
0,0,-0.1506026558,-1.124516024,1,0
0,0,-0.2964644141,-1.458617583,1,0
0,0,-0.4962111671,-1.99746753,0,0
0,0,-0.6964212094,-2.002100423,2,0
0,0,-1.068305936,-3.718847267,1,0
0,0,-1.563753097,-4.954471614,2,-1
1,1,-2.206400844,-6.426477461
0,0,0,0,0,0
0,0,0.09126313468,0.9126313468,2,0
0,0,0.1273560741,0.360929394,0,0
0,0,0.2796216574,1.522655833,1,0
0,0,0.4860902843,2.064686269,0,0
0,0,0.8359500998,3.498598155,0,0
0,0,1.346164569,5.102144694,1,-1
1,1,1.991491619,6.453270497
0,0,0,0,2,0
0,0,-0.07675059024,-0.7675059024,2,0
0,0,-0.2461371454,-1.693865552,2,0
0,0,-0.5242697676,-2.781326222,0,0
0,0,-0.8141302307,-2.898604631,0,0
0,0,-1.147238733,-3.331085026,1,-1
1,1,-1.616795464,-4.695567303
0,0,0,0,0,0
0,0,0.08150612116,0.8150612116,2,0
0,0,0.08553049994,0.04024378784,2,0
0,0,0.009858113176,-0.7567238677,2,0
0,0,-0.1542041069,-1.640622201,0,0
0,0,-0.2457087528,-0.915046459,1,0
0,0,-0.3805648135,-1.348560607,0,0
0,0,-0.4890100125,-1.08445199,0,0
0,0,-0.5995712289,-1.105612164,0,0
0,0,-0.731382579,-1.3181135,1,0
0,0,-0.9737794615,-2.423968825,1,0
0,0,-1.346373721,-3.725942596,0,-1
1,1,-1.842286499,-4.959127775
0,0,0,0,0,0
0,0,0.08937511167,0.8937511167,2,0
0,0,0.1107091065,0.2133399479,0,0
0,0,0.2267140082,1.160049018,1,0
0,0,0.3710328174,1.443188092,0,0
0,0,0.6499519308,2.789191134,2,0
0,0,0.9434010043,2.934490734,2,0
0,0,1.316024045,3.726230405,0,-1
1,1,1.848418443,5.323943978
0,0,0,0,1,0
0,0,-0.002769396664,-0.02769396664,1,0
0,0,-0.02355900613,-0.2078960947,0,0
0,0,0.04844943161,0.7200843774,0,0
0,0,0.2140724772,1.656230456,0,0
0,0,0.5095049966,2.954325194,2,0
0,0,0.7919603316,2.82455335,2,0
0,0,1.122083835,3.301235037,1,-1
1,1,1.577066246,4.54982411
0,0,0,0,0,0
0,0,0.08846095449,0.8846095449,1,0
0,0,0.2075124288,1.190514743,0,0
0,0,0.4516332661,2.441208373,1,0
0,0,0.756483007,3.048497409,0,0
0,0,1.213653926,4.571709186,1,-1
1,1,1.800160997,5.865070715
0,0,0,0,1,0
0,0,0.004876840513,0.04876840513,1,0
0,0,0.005475786426,0.005989459127,1,0
0,0,0.0184895173,0.1301373087,2,0
0,0,-0.04292269011,-0.614122074,0,0
0,0,-0.008394658503,0.345280316,1,0
0,0,0.01217676299,0.2057142149,2,0
0,0,-0.04900786398,-0.6118462697,2,0
0,0,-0.2013650477,-1.523571837,1,0
0,0,-0.3837769903,-1.824119425,0,0
0,0,-0.551782897,-1.680059067,2,0
0,0,-0.8766758264,-3.248929294,2,0
0,0,-1.36483468,-4.88158854,2,-1
1,1,-2.009040719,-6.442060384
0,0,0,0,2,0
0,0,-0.09081502032,-0.9081502032,0,0
0,0,-0.1196184249,-0.2880340455,2,0
0,0,-0.2564346859,-1.36816261,0,0
0,0,-0.3610136585,-1.045789726,2,0
0,0,-0.593807634,-2.327939755,0,0
0,0,-0.8473124251,-2.53504791,1,0
0,0,-1.224225763,-3.769133377,2,-1
1,1,-1.763626712,-5.39400949
0,0,0,0,0,0
0,0,0.07623844537,0.7623844537,0,0
0,0,0.2410814713,1.648430259,0,0
0,0,0.52318615,2.821046787,0,0
0,0,0.9646521709,4.414660209,1,0
0,0,1.515326647,5.506744761,2,-1
1,1,2.206304429,6.909777818
0,0,0,0,2,0
0,0,-0.09897637724,-0.9897637724,1,0
0,0,-0.2070789187,-1.081025414,2,0
0,0,-0.4508726675,-2.437937488,2,0
0,0,-0.8426029735,-3.91730306,2,0
0,0,-1.385977992,-5.433750188,1,-1
1,1,-2.068495183,-6.825171905
0,0,0,0,2,0
0,0,-0.1008938301,-1.008938301,0,0
0,0,-0.1261507567,-0.2525692663,2,0
0,0,-0.2673032693,-1.411525126,2,0
0,0,-0.5278650936,-2.605618243,0,0
0,0,-0.8018156803,-2.739505866,1,0
0,0,-1.1899929,-3.881772199,1,-1
1,1,-1.706437703,-5.164448027
0,0,0,0,2,0
0,0,-0.08013820452,-0.8013820452,0,0
0,0,-0.06870654673,0.1143165779,1,0
0,0,-0.06733130968,0.01375237055,0,0
0,0,-0.004254850332,0.6307645935,2,0
0,0,-0.04604318946,-0.4178833913,1,0
0,0,-0.08580259029,-0.3975940083,1,0
0,0,-0.1413072823,-0.5550469206,2,0
0,0,-0.3121870602,-1.708797779,1,0
0,0,-0.5435265808,-2.313395206,1,0
0,0,-0.8531046923,-3.095781115,1,0
0,0,-1.278387387,-4.25282695,0,-1
1,1,-1.813755124,-5.353677365
0,0,0,0,2,0
0,0,-0.09662635074,-0.9662635074,2,0
0,0,-0.3004293785,-2.038030278,0,0
0,0,-0.4553815015,-1.54952123,1,0
0,0,-0.6947739063,-2.393924047,2,0
0,0,-1.098801697,-4.040277912,2,-1
1,1,-1.656478814,-5.576771168
0,0,0,0,2,0
0,0,-0.07081672208,-0.7081672208,0,0
0,0,-0.07318581352,-0.02369091441,0,0
0,0,-0.01666429292,0.565215206,1,0
0,0,0.02064398864,0.3730828156,1,0
0,0,0.04903415901,0.2839017037,1,0
0,0,0.09447656365,0.4544240465,0,0
0,0,0.250842804,1.563662404,1,0
0,0,0.459930491,2.09087687,0,0
0,0,0.8099481078,3.500176168,1,0
0,0,1.264891149,4.549430416,1,-1
1,1,1.855031349,5.901401997
0,0,0,0,0,0
0,0,0.09178599833,0.9178599833,2,0
0,0,0.1278209131,0.3603491475,1,0
0,0,0.1956876063,0.6786669326,0,0
0,0,0.3862595809,1.905719745,2,0
0,0,0.5524473584,1.661877775,2,0
0,0,0.7226377677,1.701904093,1,0
0,0,1.008268363,2.85630595,1,0
0,0,1.418284611,4.100162486,1,-1
1,1,1.96810211,5.498174983
0,0,0,0,1,0
0,0,0.01646490639,0.1646490639,0,0
0,0,0.1090437115,0.9257880515,1,0
0,0,0.222009967,1.129662555,2,0
0,0,0.2854774906,0.634675236,1,0
0,0,0.395279523,1.098020324,0,0
0,0,0.6571978543,2.619183314,2,0
0,0,0.9483181037,2.911202493,0,0
0,0,1.409264156,4.609460523,0,-1
1,1,2.021124512,6.118603565
0,0,0,0,0,0
0,0,0.08154147278,0.8154147278,1,0
0,0,0.1723024897,0.9076101695,1,0
0,0,0.2949871431,1.226846533,0,0
0,0,0.5431683126,2.481811695,0,0
0,0,0.9491443692,4.059760566,1,0
0,0,1.466625128,5.174807585,1,-1
1,1,2.125110851,6.584857237
0,0,0,0,0,0
0,0,0.07800317779,0.7800317779,0,0
0,0,0.2603982425,1.823950647,1,0
0,0,0.4899716288,2.295733863,0,0
0,0,0.8781465426,3.881749138,2,0
0,0,1.319286733,4.411401906,2,-1
1,1,1.881545627,5.622588941
0,0,0,0,2,0
0,0,-0.08479106668,-0.8479106668,0,0
0,0,-0.09213182691,-0.07340760229,1,0
0,0,-0.1118386155,-0.1970678855,0,0
0,0,-0.06017752139,0.5166109407,1,0
0,0,-0.02419290871,0.3598461268,0,0
0,0,0.09019461688,1.143875256,1,0
0,0,0.2134399802,1.232453633,2,0
0,0,0.2840780664,0.7063808622,1,0
0,0,0.4016147886,1.175367222,1,0
0,0,0.5834904679,1.818756792,2,0
0,0,0.7706138881,1.871234203,0,0
0,0,1.124499687,3.538857992,1,-1
1,1,1.608145738,4.836460507
0,0,0,0,2,0
0,0,-0.08418697302,-0.8418697302,2,0
0,0,-0.2560135199,-1.718265469,0,0
0,0,-0.3743567439,-1.18343224,1,0
0,0,-0.5405061344,-1.661493905,0,0
0,0,-0.7216682687,-1.811621343,1,0
0,0,-0.9995213821,-2.778531133,0,0
0,0,-1.364683431,-3.651620484,1,-1
1,1,-1.869548414,-5.048649834
0,0,0,0,0,0
0,0,0.102503228,1.02503228,2,0
0,0,0.1275559523,0.2505272436,2,0
0,0,0.09453289382,-0.3302305852,1,0
0,0,0.07592519418,-0.1860769965,2,0
0,0,-0.01172469406,-0.8764988824,2,0
0,0,-0.1792081251,-1.67483431,1,0
0,0,-0.3743227446,-1.951146195,2,0
0,0,-0.7005388929,-3.262161483,2,0
0,0,-1.187369882,-4.868309886,0,-1
1,1,-1.772037208,-5.846673267
0,0,0,0,2,0
0,0,-0.09894006461,-0.9894006461,1,0
0,0,-0.2166266345,-1.176865699,0,0
0,0,-0.2743088312,-0.5768219663,0,0
0,0,-0.2864218994,-0.1211306819,1,0
0,0,-0.3516159702,-0.6519407083,0,0
0,0,-0.3895765138,-0.3796054361,2,0
0,0,-0.5843576578,-1.94781144,2,0
0,0,-0.9265624588,-3.42204801,0,0
0,0,-1.32779911,-4.01236651,0,-1
1,1,-1.848460405,-5.206612953
0,0,0,0,1,0
0,0,-0.01663692638,-0.1663692638,1,0
0,0,-0.02336626254,-0.06729336165,1,0
0,0,-0.03722999137,-0.1386372883,2,0
0,0,-0.1394746548,-1.022446634,2,0
0,0,-0.3640759894,-2.246013345,1,0
0,0,-0.6380260014,-2.73950012,1,0
0,0,-0.9911902783,-3.531642769,1,0
0,0,-1.462477864,-4.712875854,1,-1
1,1,-2.077817134,-6.153392703
0,0,0,0,0,0
0,0,0.08829682265,0.8829682265,1,0
0,0,0.2045040925,1.162072699,0,0
0,0,0.4496026367,2.450985441,2,0
0,0,0.6779059466,2.283033099,2,0
0,0,0.9515712503,2.736653037,1,0
0,0,1.33757414,3.860028901,1,-1
1,1,1.865756996,5.28182856
0,0,0,0,1,0
0,0,-0.004837955862,-0.04837955862,0,0
0,0,0.07269640933,0.7753436519,1,0
0,0,0.169245511,0.9654910165,2,0
0,0,0.1921038405,0.2285832952,1,0
0,0,0.2647842579,0.7268041737,2,0
0,0,0.2896377022,0.2485344434,1,0
0,0,0.3567469464,0.6710924417,1,0
0,0,0.4726772072,1.159302609,0,0
0,0,0.7491129473,2.764357401,0,0
0,0,1.195351861,4.462389139,2,-1
1,1,1.742968097,5.476162362
0,0,0,0,0,0
0,0,0.09117651554,0.9117651554,2,0
0,0,0.1238451713,0.3266865572,1,0
0,0,0.1810965633,0.5725139209,1,0
0,0,0.2828234015,1.017268382,2,0
0,0,0.3611372872,0.7831388564,0,0
0,0,0.5722239724,2.110866853,2,0
0,0,0.7984265099,2.262025375,1,0
0,0,1.12573877,3.273122601,1,-1
1,1,1.586507349,4.607685792
0,0,0,0,1,0
0,0,0.004454850925,0.04454850925,1,0
0,0,0.02690936226,0.2245451134,1,0
0,0,0.04653242948,0.1962306721,2,0
0,0,-0.02590183034,-0.7243425982,1,0
0,0,-0.1125880799,-0.8668624958,0,0
0,0,-0.1190665542,-0.06478474287,0,0
0,0,-0.06232250656,0.5674404765,0,0
0,0,0.08214270477,1.444652113,1,0
0,0,0.2466714072,1.645287024,1,0
0,0,0.4494709617,2.027995545,1,0
0,0,0.7219444515,2.724734898,1,0
0,0,1.099471941,3.775274894,2,0
0,0,1.562859278,4.633873366,2,-1
1,1,2.172318006,6.094587282
0,0,0,0,1,0
0,0,0.0001490952066,0.001490952066,0,0
0,0,0.07435545429,0.7420635908,2,0
0,0,0.05875657819,-0.1559887609,1,0
0,0,0.06754758932,0.08791011133,2,0
0,0,-0.01210543972,-0.7965302905,0,0
0,0,-0.01625339,-0.04147950282,2,0
0,0,-0.1090842937,-0.9283090374,2,0
0,0,-0.3132729612,-2.041886675,0,0
0,0,-0.4724971987,-1.592242374,2,0
0,0,-0.7848281144,-3.123309157,0,0
0,0,-1.138048422,-3.53220308,0,-1
1,1,-1.591069896,-4.53021474
0,0,0,0,0,0
0,0,0.09912970517,0.9912970517,2,0
0,0,0.1289331922,0.2980348705,2,0
0,0,0.08357636806,-0.4535682416,1,0
0,0,0.06524525383,-0.1833111422,0,0
0,0,0.154578137,0.8933288314,1,0
0,0,0.2851165571,1.305384201,2,0
0,0,0.3771118175,0.9199526037,2,0
0,0,0.4437254834,0.6661366596,1,0
0,0,0.5911443897,1.474189063,2,0
0,0,0.751217495,1.600731053,0,0
0,0,1.087597729,3.363802336,0,-1
1,1,1.592326926,5.04729197
0,0,0,0,1,0
0,0,-0.007993595913,-0.07993595913,1,0
0,0,-0.02610823991,-0.18114644,1,0
0,0,-0.05613980686,-0.3003156695,1,0
0,0,-0.1099961707,-0.5385636384,0,0
0,0,-0.09414791594,0.1584825475,1,0
0,0,-0.09732560253,-0.03177686595,2,0
0,0,-0.1998035199,-1.024779174,0,0
0,0,-0.266802943,-0.6699942308,0,0
0,0,-0.310358273,-0.4355532999,2,0
0,0,-0.4842810652,-1.739227922,1,0
0,0,-0.7428823244,-2.586012592,2,0
0,0,-1.158117539,-4.152352144,2,-1
1,1,-1.732834708,-5.747171689
0,0,0,0,0,0
0,0,0.07154375579,0.7154375579,1,0
0,0,0.1640977909,0.9255403516,0,0
0,0,0.3740018571,2.099040661,0,0
0,0,0.7177907451,3.43788888,0,0
0,0,1.218822988,5.010322427,2,-1
1,1,1.82231706,6.03494072
0,0,0,0,0,0
0,0,0.07498227454,0.7498227454,2,0
0,0,0.08633681947,0.1135454493,0,0
0,0,0.2056350006,1.192981812,1,0
0,0,0.3516229021,1.459879015,0,0
0,0,0.628626356,2.770034539,2,0
0,0,0.9378696423,3.092432863,1,0
0,0,1.35932152,4.214518782,1,-1
1,1,1.920375532,5.610540117
0,0,0,0,0,0
0,0,0.08974800826,0.8974800826,2,0
0,0,0.09756294004,0.07814931776,2,0
0,0,0.02386017969,-0.7370276035,1,0
0,0,-0.04786764559,-0.7172782528,0,0
0,0,-0.04205141947,0.05816226124,2,0
0,0,-0.1156951087,-0.7364368921,2,0
0,0,-0.2791504778,-1.634553692,2,0
0,0,-0.5853417361,-3.061912583,1,0
0,0,-0.9848767336,-3.995349975,0,0
0,0,-1.465293138,-4.804164042,1,-1
1,1,-2.088596701,-6.233035636
0,0,0,0,1,0
0,0,-0.01620702924,-0.1620702924,0,0
0,0,0.0480719423,0.6427897154,2,0
0,0,0.03995151632,-0.08120425974,1,0
0,0,0.02842001571,-0.1153150061,0,0
0,0,0.1087761917,0.8035617601,1,0
0,0,0.2138730983,1.050969066,1,0
0,0,0.3475461953,1.33673097,1,0
0,0,0.5342391153,1.8669292,0,0
0,0,0.8893751425,3.551360272,0,0
0,0,1.399595255,5.102201128,2,-1
1,1,2.035924453,6.363291978
0,0,0,0,1,0
0,0,-0.01505478401,-0.1505478401,2,0
0,0,-0.131496105,-1.16441321,0,0
0,0,-0.1749905931,-0.4349448813,2,0
0,0,-0.3284178193,-1.534272261,0,0
0,0,-0.4508726512,-1.22454832,1,0
0,0,-0.6468440959,-1.959714447,0,0
0,0,-0.8730422799,-2.26198184,1,0
0,0,-1.205182791,-3.321405114,2,-1
1,1,-1.700294362,-4.951115708
0,0,0,0,0,0
0,0,0.08068407696,0.8068407696,1,0
0,0,0.1728078824,0.9212380539,0,0
0,0,0.3693973351,1.965894528,1,0
0,0,0.6213505548,2.519532197,2,0
0,0,0.8832797506,2.619291958,2,0
0,0,1.201972813,3.186930622,2,-1
1,1,1.632429607,4.304567937
0,0,0,0,2,0
0,0,-0.0895309492,-0.895309492,0,0
0,0,-0.1222548514,-0.3272390218,1,0
0,0,-0.1677536038,-0.4549875246,2,0
0,0,-0.3324718553,-1.647182515,0,0
0,0,-0.4581992689,-1.257274136,0,0
0,0,-0.5914703648,-1.332710959,2,0
0,0,-0.8811355753,-2.896652105,0,0
0,0,-1.241917607,-3.607820313,0,-1
1,1,-1.710186011,-4.682684043
0,0,0,0,1,0
0,0,-0.001943173481,-0.01943173481,0,0
0,0,0.09705742478,0.9900059826,2,0
0,0,0.114919989,0.178625642,1,0
0,0,0.1498221066,0.3490211764,1,0
0,0,0.2263580453,0.7653593869,0,0
0,0,0.4260117717,1.996537264,2,0
0,0,0.6265487404,2.005369686,1,0
0,0,0.9124327878,2.858840474,1,0
0,0,1.310255912,3.978231238,1,-1
1,1,1.843217028,5.329611167
0,0,0,0,1,0
0,0,-0.006498504054,-0.06498504054,1,0
0,0,-0.00820790985,-0.01709405796,0,0
0,0,0.09059681723,0.9880472708,2,0
0,0,0.1340020546,0.4340523738,0,0
0,0,0.3039272067,1.699251521,0,0
0,0,0.6089187097,3.04991503,1,0
0,0,0.9871769902,3.782582805,2,0
0,0,1.432816879,4.456398885,1,-1
1,1,2.02228043,5.894635515
0,0,0,0,2,0
0,0,-0.1048235017,-1.048235017,0,0
0,0,-0.1340817247,-0.2925822296,0,0
0,0,-0.08225219113,0.5182953358,0,0
0,0,0.05291416943,1.351663606,0,0
0,0,0.28039846,2.274842906,2,0
0,0,0.4827067364,2.023082764,2,0
0,0,0.678687854,1.959811176,1,0
0,0,0.9603684935,2.816806395,0,0
0,0,1.40752065,4.471521567,0,-1
1,1,2.007518382,5.999977316
0,0,0,0,0,0
0,0,0.09638364811,0.9638364811,2,0
0,0,0.1065596632,0.1017601505,0,0
0,0,0.2087271627,1.021674996,0,0
0,0,0.4177595533,2.090323906,1,0
0,0,0.7063865867,2.886270334,1,0
0,0,1.089578429,3.831918423,1,-1
1,1,1.60492951,5.15351081
0,0,0,0,1,0
0,0,0.004362953537,0.04362953537,1,0
0,0,-0.001093172579,-0.05456126116,2,0
0,0,-0.1093701061,-1.082769335,1,0
0,0,-0.2224590161,-1.1308891,2,0
0,0,-0.474453011,-2.519939949,2,0
0,0,-0.8797262005,-4.052731896,1,0
0,0,-1.39714032,-5.174141197,0,-1
1,1,-2.038662489,-6.415221687
0,0,0,0,1,0
0,0,0.005074279518,0.05074279518,0,0
0,0,0.1018055304,0.9673125089,2,0
0,0,0.1285323239,0.2672679351,1,0
0,0,0.1808900502,0.5235772626,0,0
0,0,0.3536854135,1.727953633,2,0
0,0,0.5002777567,1.465923432,0,0
0,0,0.8123226244,3.120448677,0,0
0,0,1.28868386,4.763612356,2,-1
1,1,1.873974303,5.852904427
0,0,0,0,2,0
0,0,-0.0875665367,-0.875665367,1,0
0,0,-0.1804211599,-0.9285462319,0,0
0,0,-0.2112772564,-0.3085609649,1,0
0,0,-0.2790471233,-0.6776986696,0,0
0,0,-0.3086267558,-0.2957963249,2,0
0,0,-0.4878471197,-1.792203639,0,0
0,0,-0.6779551263,-1.901080066,1,0
0,0,-0.9785188202,-3.005636939,0,0
0,0,-1.358422649,-3.799038288,2,-1
1,1,-1.894180968,-5.357583189
0,0,0,0,0,0
0,0,0.07772757771,0.7772757771,0,0
0,0,0.2706362258,1.929086481,0,0
0,0,0.5911466588,3.20510433,1,0
0,0,0.9857043774,3.945577186,2,0
0,0,1.447748385,4.620440079,2,-1
1,1,2.041164735,5.934163494
0,0,0,0,0,0
0,0,0.07065623766,0.7065623766,1,0
0,0,0.1433261176,0.7266987995,1,0
0,0,0.2299381899,0.8661207228,1,0
0,0,0.342761436,1.128232461,0,0
0,0,0.5771394145,2.343779785,2,0
0,0,0.8193397665,2.42200352,2,0
0,0,1.123956132,3.046163658,2,0
0,0,1.520436366,3.964802333,0,-1
1,1,2.066978668,5.465423027
0,0,0,0,0,0
0,0,0.08123226213,0.8123226213,0,0
0,0,0.2783957996,1.971635375,2,0
0,0,0.442165053,1.637692534,1,0
0,0,0.6770966384,2.349315854,0,0
0,0,1.070111481,3.930148421,0,-1
1,1,1.623476409,5.533649287
0,0,0,0,2,0
0,0,-0.09468949377,-0.9468949377,1,0
0,0,-0.2172573685,-1.225678748,1,0
0,0,-0.3815343413,-1.642769728,0,0
0,0,-0.5326281873,-1.51093846,2,0
0,0,-0.8329771983,-3.00349011,0,0
0,0,-1.192132647,-3.591554487,0,-1
1,1,-1.658921672,-4.667890252
0,0,0,0,2,0
0,0,-0.07550732362,-0.7550732362,1,0
0,0,-0.1525532401,-0.7704591646,2,0
0,0,-0.3349527092,-1.823994692,2,0
0,0,-0.6599059372,-3.249532279,2,0
0,0,-1.138074471,-4.781685336,2,-1
1,1,-1.76983042,-6.317559494
0,0,0,0,0,0
0,0,0.08028327037,0.8028327037,1,0
0,0,0.1824945528,1.022112824,2,0
0,0,0.2163274326,0.3383287981,0,0
0,0,0.3766486585,1.603212259,2,0
0,0,0.5046551941,1.280065357,1,0
0,0,0.7200553657,2.154001715,2,0
0,0,0.9699970597,2.499416941,1,0
0,0,1.350947444,3.809503839,1,-1
1,1,1.869969428,5.190219845
0,0,0,0,2,0
0,0,-0.08284627573,-0.8284627573,1,0
0,0,-0.1904492055,-1.076029298,2,0
0,0,-0.4265303877,-2.360811822,0,0
0,0,-0.6501826687,-2.23652281,2,0
0,0,-1.041326327,-3.911436586,0,0
0,0,-1.518903644,-4.775773164,0,-1
1,1,-2.137076089,-6.181724454
0,0,0,0,2,0
0,0,-0.08664873253,-0.8664873253,2,0
0,0,-0.2610573949,-1.744086623,1,0
0,0,-0.4619754173,-2.009180224,1,0
0,0,-0.7399873568,-2.780119395,0,0
0,0,-1.052629718,-3.126423608,0,0
0,0,-1.456426691,-4.037969731,1,-1
1,1,-2.002599167,-5.461724763
0,0,0,0,1,0
0,0,0.001977699242,0.01977699242,0,0
0,0,0.08922351214,0.872458129,0,0
0,0,0.2905128777,2.012893656,1,0
0,0,0.5521151188,2.61602241,0,0
0,0,0.9650528649,4.129377462,2,0
0,0,1.446961854,4.819089893,2,-1
1,1,2.063031343,6.160694884
0,0,0,0,0,0
0,0,0.07067661358,0.7067661358,2,0
0,0,0.07829976414,0.07623150557,1,0
0,0,0.0971205384,0.1882077426,2,0
0,0,0.0404334675,-0.566870709,2,0
0,0,-0.08741046792,-1.278439354,1,0
0,0,-0.2463915704,-1.589811024,1,0
0,0,-0.4500083889,-2.036168185,2,0
0,0,-0.7939471956,-3.439388067,1,0
0,0,-1.247409432,-4.534622359,2,-1
1,1,-1.861494711,-6.140852794
0,0,0,0,2,0
0,0,-0.07072352863,-0.7072352863,0,0
0,0,-0.07209210688,-0.01368578249,2,0
0,0,-0.1864216864,-1.143295795,2,0
0,0,-0.4310854458,-2.446637594,1,0
0,0,-0.7266586371,-2.955731913,1,0
0,0,-1.113542576,-3.868839385,1,-1
1,1,-1.623512488,-5.099699122
0,0,0,0,2,0
0,0,-0.08926716583,-0.8926716583,0,0
0,0,-0.1211493531,-0.3188218728,1,0
0,0,-0.1804637582,-0.5931440504,1,0
0,0,-0.2553670653,-0.7490330717,2,0
0,0,-0.4714984619,-2.161313966,0,0
0,0,-0.6737182503,-2.022197884,1,0
0,0,-0.9855164425,-3.117981922,0,0
0,0,-1.380604419,-3.950879764,0,-1
1,1,-1.903105821,-5.225014018
0,0,0,0,2,0
0,0,-0.1040534318,-1.040534318,2,0
0,0,-0.3198842871,-2.158308553,1,0
0,0,-0.594936565,-2.750522779,2,0
0,0,-1.031374684,-4.364381193,1,-1
1,1,-1.585825329,-5.544506452
0,0,0,0,0,0
0,0,0.08118419594,0.8118419594,2,0
0,0,0.1036978485,0.2251365259,1,0
0,0,0.1436608768,0.3996302825,2,0
0,0,0.111328677,-0.3233219981,1,0
0,0,0.1132258536,0.01897176582,2,0
0,0,0.06245911129,-0.5076674227,0,0
0,0,0.1213839361,0.5892482477,2,0
0,0,0.1049986347,-0.163853014,1,0
0,0,0.0991184454,-0.05880189251,1,0
0,0,0.11591939,0.1680094457,1,0
0,0,0.1571702733,0.4125088333,1,0
0,0,0.2113355776,0.5416530433,0,0
0,0,0.4034133211,1.920777435,1,0
0,0,0.6463674573,2.429541362,1,0
0,0,0.9921329154,3.457654581,0,0
0,0,1.49870925,5.065763348,0,-1
1,1,2.154022161,6.553129106
0,0,0,0,0,0
0,0,0.07078987154,0.7078987154,0,0
0,0,0.2359392416,1.651493701,0,0
0,0,0.5082988741,2.723596325,2,0
0,0,0.7679378774,2.596390033,2,0
0,0,1.085607724,3.176698469,1,0
0,0,1.526858995,4.412512711,1,-1
1,1,2.113619984,5.867609883
0,0,0,0,0,0
0,0,0.08383635558,0.8383635558,2,0
0,0,0.07697846632,-0.06857889253,0,0
0,0,0.1597340199,0.8275555362,1,0
0,0,0.2816789474,1.219449275,2,0
0,0,0.3503698644,0.6869091696,0,0
0,0,0.5732710947,2.229012303,0,0
0,0,0.9441088894,3.708377947,0,0
0,0,1.472498482,5.283895922,0,-1
1,1,2.150777897,6.782794149
0,0,0,0,2,0
0,0,-0.07506061711,-0.7506061711,2,0
0,0,-0.2643000047,-1.892393876,0,0
0,0,-0.4283424706,-1.640424659,1,0
0,0,-0.6521677208,-2.238252501,2,0
0,0,-1.038859345,-3.866916246,1,0
0,0,-1.54970693,-5.108475847,0,-1
1,1,-2.204971901,-6.552649705
0,0,0,0,2,0
0,0,-0.09305419637,-0.9305419637,1,0
0,0,-0.2035015534,-1.104473571,1,0
0,0,-0.3609042256,-1.574026721,0,0
0,0,-0.4830481056,-1.2214388,1,0
0,0,-0.6850910118,-2.020429062,1,0
0,0,-0.9968031575,-3.117121457,1,0
0,0,-1.436963914,-4.401607561,0,-1
1,1,-2.00902287,-5.720589562
0,0,0,0,1,0
0,0,-0.006632504318,-0.06632504318,0,0
0,0,0.0564332663,0.6306577062,2,0
0,0,0.0316157749,-0.248174914,0,0
0,0,0.1015802911,0.6996451622,2,0
0,0,0.09032671324,-0.1125357787,1,0
0,0,0.1120548593,0.2172814607,2,0
0,0,0.07682552613,-0.3522933319,0,0
0,0,0.1411508098,0.6432528366,2,0
0,0,0.1562466377,0.1509582787,1,0
0,0,0.1997812529,0.4353461523,0,0
0,0,0.3620008686,1.622196157,2,0
0,0,0.4884991608,1.264982922,1,0
0,0,0.6786076459,1.901084851,2,0
0,0,0.8932454236,2.146377777,2,0
0,0,1.172604678,2.793592546,2,0
0,0,1.558752062,3.861473836,0,-1
1,1,2.09256806,5.33815998
0,0,0,0,1,0
0,0,-0.01611580596,-0.1611580596,2,0
0,0,-0.1267813336,-1.106655277,2,0
0,0,-0.3621254691,-2.353441355,1,0
0,0,-0.6556405502,-2.935150811,2,0
0,0,-1.095120058,-4.394795082,2,-1
1,1,-1.698831038,-6.037109791
0,0,0,0,0,0
0,0,0.07328202844,0.7328202844,1,0
0,0,0.1589821105,0.8570008208,1,0
0,0,0.2838865882,1.249044777,1,0
0,0,0.4547820605,1.708954722,0,0
0,0,0.7649607574,3.101786969,1,0
0,0,1.17089223,4.059314727,2,-1
1,1,1.680258349,5.093661187
0,0,0,0,1,0
0,0,0.001002903764,0.01002903764,0,0
0,0,0.0738127724,0.7280986864,0,0
0,0,0.2479722694,1.74159497,0,0
0,0,0.5577887852,3.098165158,0,0
0,0,1.011351759,4.535629733,1,-1
1,1,1.580499245,5.69147486
0,0,0,0,0,0
0,0,0.07705400893,0.7705400893,0,0
0,0,0.2581368635,1.810828546,2,0
0,0,0.4048118678,1.466750042,2,0
0,0,0.5347442054,1.299323376,1,0
0,0,0.7552981603,2.205539549,1,0
0,0,1.088592586,3.332944253,2,0
0,0,1.518756828,4.301642421,1,-1
1,1,2.09499199,5.762351623
0,0,0,0,2,0
0,0,-0.09419904526,-0.9419904526,2,0
0,0,-0.305974751,-2.117757057,1,0
0,0,-0.5802958245,-2.743210736,2,0
0,0,-1.008542901,-4.282470762,2,-1
1,1,-1.591374261,-5.828313607
0,0,0,0,1,0
0,0,-0.007938782543,-0.07938782543,2,0
0,0,-0.1156514645,-1.077126819,1,0
0,0,-0.2298382287,-1.141867643,1,0
0,0,-0.3960376311,-1.661994023,2,0
0,0,-0.7116547605,-3.156171294,2,0
0,0,-1.184355385,-4.727006249,2,-1
1,1,-1.810276105,-6.259207196
0,0,0,0,0,0
0,0,0.08430301948,0.8430301948,1,0
0,0,0.1802715392,0.9596851972,2,0
0,0,0.2201711159,0.3989957671,1,0
0,0,0.3051130986,0.8494198266,2,0
0,0,0.3725894826,0.6747638407,2,0
0,0,0.4287559223,0.5616643969,1,0
0,0,0.544878645,1.161227227,1,0
0,0,0.742245356,1.973667109,0,0
0,0,1.110602798,3.683574419,2,0
0,0,1.56602789,4.554250917,2,-1
1,1,2.16799727,6.019693807
0,0,0,0,0,0
0,0,0.07909468643,0.7909468643,0,0
0,0,0.272218235,1.931235486,2,0
0,0,0.4218840592,1.496658242,0,0
0,0,0.7031726516,2.812885924,2,0
0,0,1.022996695,3.198240437,0,0
0,0,1.508622093,4.856253976,0,-1
1,1,2.143398911,6.347768179
0,0,0,0,0,0
0,0,0.08551234574,0.8551234574,1,0
0,0,0.1684153634,0.8290301767,0,0
0,0,0.3758051579,2.073897945,1,0
0,0,0.6434994732,2.676943154,0,0
0,0,1.061643582,4.181441086,2,0
0,0,1.55602664,4.943830581,2,-1
1,1,2.19569802,6.396713803
0,0,0,0,0,0
0,0,0.07237521682,0.7237521682,1,0
0,0,0.1643279619,0.9195274507,2,0
0,0,0.2053348518,0.4100688988,2,0
0,0,0.2044661134,-0.008687383555,2,0
0,0,0.160690118,-0.4377599537,1,0
0,0,0.1435440537,-0.1714606435,0,0
0,0,0.2241109528,0.8056689909,0,0
0,0,0.4386011161,2.144901633,0,0
0,0,0.7994554465,3.608543304,1,0
0,0,1.253039863,4.535844165,1,-1
1,1,1.840562311,5.875224476
0,0,0,0,1,0
0,0,-0.01688832274,-0.1688832274,0,0
0,0,0.04487943514,0.6176775788,0,0
0,0,0.2148629705,1.699835354,2,0
0,0,0.3182719163,1.034089458,0,0
0,0,0.5575232553,2.392513391,0,0
0,0,0.9381505284,3.80627273,2,0
0,0,1.391947869,4.537973408,1,-1
1,1,1.985272885,5.933250163
0,0,0,0,2,0
0,0,-0.09197405353,-0.9197405353,1,0
0,0,-0.210305403,-1.183313495,2,0
0,0,-0.4453097289,-2.350043259,2,0
0,0,-0.8231338074,-3.778240785,1,0
0,0,-1.296076948,-4.72943141,0,-1
1,1,-1.882939484,-5.868625357
0,0,0,0,0,0
0,0,0.08420474601,0.8420474601,0,0
0,0,0.2825478088,1.983430628,0,0
0,0,0.6229754562,3.404276474,1,0
0,0,1.046225201,4.232497453,2,0
0,0,1.550605918,5.043807161,2,-1
1,1,2.199487224,6.488813065
0,0,0,0,2,0
0,0,-0.07548831292,-0.7548831292,2,0
0,0,-0.2426112207,-1.671229077,2,0
0,0,-0.5290374508,-2.864262301,0,0
0,0,-0.8309485961,-3.019111453,1,0
0,0,-1.247476589,-4.165279934,0,-1
1,1,-1.773066255,-5.255896653
0,0,0,0,2,0
0,0,-0.0827946381,-0.827946381,0,0
0,0,-0.09203139658,-0.09236758482,1,0
0,0,-0.09971496459,-0.07683568004,0,0
0,0,-0.05015448238,0.495604822,0,0
0,0,0.08760115748,1.377556399,2,0
0,0,0.152495838,0.6489468051,0,0
0,0,0.347616231,1.95120393,1,0
0,0,0.6001415247,2.525252936,1,0
0,0,0.9519345422,3.517930175,2,0
0,0,1.379793216,4.278586738,1,-1
1,1,1.947399696,5.676064803
0,0,0,0,1,0
0,0,0.0113609152,0.113609152,1,0
0,0,0.01487422116,0.03513305956,0,0
0,0,0.1223951265,1.075209053,0,0
0,0,0.3293516769,2.069565504,1,0
0,0,0.5954861566,2.661344797,2,0
0,0,0.8840314004,2.885452438,2,0
0,0,1.234977351,3.509459503,2,-1
1,1,1.692764996,4.57787645
0,0,0,0,2,0
0,0,-0.1015586731,-1.015586731,0,0
0,0,-0.1190296521,-0.1747097904,2,0
0,0,-0.2434454202,-1.244157681,2,0
0,0,-0.5023302525,-2.588848323,1,0
0,0,-0.8263442759,-3.240140234,0,0
0,0,-1.195715915,-3.693716389,1,-1
1,1,-1.702659808,-5.069438929
0,0,0,0,1,0
0,0,0.001224485881,0.01224485881,1,0
0,0,0.0171596095,0.1593512362,1,0
0,0,0.04392685508,0.2676724558,0,0
0,0,0.1727983691,1.28871514,2,0
0,0,0.2360397139,0.6324134478,2,0
0,0,0.2494333842,0.1339367034,0,0
0,0,0.3996727798,1.502393956,2,0
0,0,0.5385140959,1.38841316,1,0
0,0,0.7663736285,2.278595326,2,0
0,0,1.032356657,2.659830282,0,0
0,0,1.472119984,4.397633271,1,-1
1,1,2.055095772,5.829757884
0,0,0,0,1,0
0,0,-0.001454614475,-0.01454614475,1,0
0,0,-0.007540565306,-0.0608595083,1,0
0,0,-0.03251930358,-0.2497873827,1,0
0,0,-0.07020649347,-0.3768718989,2,0
0,0,-0.2105392116,-1.403327182,2,0
0,0,-0.4601944787,-2.496552671,2,0
0,0,-0.8436414683,-3.834469896,0,0
0,0,-1.284594265,-4.409527963,0,-1
1,1,-1.83536524,-5.507709749
0,0,0,0,0,0
0,0,0.08275571013,0.8275571013,1,0
0,0,0.1623193084,0.7956359826,0,0
0,0,0.3401188805,1.777995721,0,0
0,0,0.6456870563,3.055681758,1,0
0,0,1.047782174,4.020951176,0,-1
1,1,1.616986906,5.692047321
0,0,0,0,0,0
0,0,0.09977002099,0.9977002099,1,0
0,0,0.2295701398,1.298001188,0,0
0,0,0.4942412851,2.646711453,1,0
0,0,0.8369905325,3.427492474,2,0
0,0,1.231859431,3.948688983,1,-1
1,1,1.763665715,5.318062839
0,0,0,0,1,0
0,0,-0.004768611188,-0.04768611188,1,0
0,0,-0.00662255092,-0.01853939731,2,0
0,0,-0.09861374231,-0.9199119139,0,0
0,0,-0.1186958886,-0.2008214625,0,0
0,0,-0.06063696562,0.5805892294,2,0
0,0,-0.1052664179,-0.4462945229,0,0
0,0,-0.07010296436,0.3516345355,1,0
0,0,-0.03357664442,0.3652631994,2,0
0,0,-0.09486328272,-0.612866383,2,0
0,0,-0.2638543154,-1.689910326,2,0
0,0,-0.5670386293,-3.031843139,1,0
0,0,-0.9399797625,-3.729411333,0,0
0,0,-1.3885783,-4.485985379,1,-1
1,1,-1.978997873,-5.904195728
0,0,0,0,0,0
0,0,0.07206655753,0.7206655753,0,0
0,0,0.2593166733,1.872501158,1,0
0,0,0.4788957609,2.195790876,1,0
0,0,0.7821568535,3.032610926,0,0
0,0,1.240442997,4.582861433,2,-1
1,1,1.806819205,5.66376208
0,0,0,0,1,0
0,0,0.007553893605,0.07553893605,2,0
0,0,-0.08391538612,-0.9146927973,1,0
0,0,-0.1836321629,-0.9971677681,0,0
0,0,-0.2323894416,-0.4875727864,0,0
0,0,-0.2243929184,0.07996523178,0,0
0,0,-0.1600497435,0.6434317491,2,0
0,0,-0.2254417751,-0.6539203163,2,0
0,0,-0.4147086514,-1.892668763,1,0
0,0,-0.6647404056,-2.500317542,1,0
0,0,-1.014608076,-3.498676706,1,0
0,0,-1.48537382,-4.707657443,1,-1
1,1,-2.100152115,-6.147782947
0,0,0,0,2,0
0,0,-0.0824115518,-0.824115518,2,0
0,0,-0.2559027532,-1.734912014,2,0
0,0,-0.5484640408,-2.925612876,2,0
0,0,-0.9909353803,-4.424713395,1,0
0,0,-1.542365628,-5.514302476,2,-1
1,1,-2.241496549,-6.991309213
0,0,0,0,0,0
0,0,0.07967082085,0.7967082085,0,0
0,0,0.2580278972,1.783570763,0,0
0,0,0.5657887779,3.077608807,1,0
0,0,0.9423520879,3.7656331,2,0
0,0,1.382491571,4.401394836,1,-1
1,1,1.96179466,5.79303088
0,0,0,0,0,0
0,0,0.07978209604,0.7978209604,1,0
0,0,0.1584175603,0.7863546421,2,0
0,0,0.1604316995,0.02014139239,0,0
0,0,0.2607159067,1.002842072,1,0
0,0,0.405124904,1.444089973,0,0
0,0,0.7072023287,3.020774247,0,0
0,0,1.167992647,4.607903185,0,-1
1,1,1.78575791,6.177652628
0,0,0,0,1,0
0,0,0.01706064226,0.1706064226,1,0
0,0,0.049188647,0.3212800475,0,0
0,0,0.1792778741,1.300892271,0,0
0,0,0.4280474826,2.487696085,1,0
0,0,0.7386191885,3.105717059,1,0
0,0,1.142520233,4.039010443,1,-1
1,1,1.675328473,5.328082403
0,0,0,0,0,0
0,0,0.09173689314,0.9173689314,0,0
0,0,0.2842465996,1.925097065,1,0
0,0,0.516391025,2.321444253,2,0
0,0,0.7425390904,2.261480654,0,0
0,0,1.137184002,3.946449114,1,-1
1,1,1.660173353,5.229893516
0,0,0,0,0,0
0,0,0.08342418655,0.8342418655,0,0
0,0,0.28358097,2.001567835,1,0
0,0,0.5321506626,2.485696925,0,0
0,0,0.9282069381,3.960562755,2,0
0,0,1.397874654,4.696677154,0,-1
1,1,2.018445516,6.205708621
0,0,0,0,1,0
0,0,-0.01521110622,-0.1521110622,2,0
0,0,-0.113302596,-0.9809148977,1,0
0,0,-0.2332356905,-1.199330945,0,0
0,0,-0.2994394176,-0.6620372713,1,0
0,0,-0.4089695362,-1.095301185,0,0
0,0,-0.518253972,-1.092844359,2,0
0,0,-0.7715514322,-2.532974602,0,0
0,0,-1.083535476,-3.119840439,0,0
0,0,-1.488366496,-4.048310204,0,-1
1,1,-2.031815296,-5.434487992
0,0,0,0,0,0
0,0,0.07942553811,0.7942553811,2,0
0,0,0.09108068656,0.1165514844,0,0
0,0,0.2126638325,1.215831459,2,0
0,0,0.27387197,0.6120813757,1,0
0,0,0.3782176724,1.043457024,0,0
0,0,0.6332685402,2.550508678,1,0
0,0,0.9678073967,3.345388565,1,0
0,0,1.423819873,4.56012476,0,-1
1,1,2.031591399,6.077715265
0,0,0,0,1,0
0,0,-0.01344216059,-0.1344216059,0,0
0,0,0.07056642013,0.8400858072,2,0
0,0,0.06914511069,-0.01421309441,0,0
0,0,0.1779920711,1.088469604,2,0
0,0,0.245730828,0.6773875692,0,0
0,0,0.4279800334,1.822492054,1,0
0,0,0.6639107434,2.3593071,0,0
0,0,1.051226583,3.873158393,0,-1
1,1,1.601559731,5.503331479
0,0,0,0,0,0
0,0,0.07092316152,0.7092316152,2,0
0,0,0.05275152876,-0.1817163276,1,0
0,0,0.05970800084,0.06956472078,1,0
0,0,0.07846215335,0.1875415251,2,0
0,0,0.009665311952,-0.687968414,0,0
0,0,0.03256421637,0.2289890442,0,0
0,0,0.1535631114,1.20998895,1,0
0,0,0.2908287962,1.372656848,0,0
0,0,0.5710606277,2.802318315,2,0
0,0,0.8642750267,2.93214399,1,0
0,0,1.27010431,4.058292836,2,-1
1,1,1.788528065,5.184237548
0,0,0,0,1,0
0,0,-0.0120167428,-0.120167428,2,0
0,0,-0.1091712226,-0.9715447983,0,0
0,0,-0.1438403257,-0.3466910306,1,0
0,0,-0.1890379505,-0.4519762477,1,0
0,0,-0.2602797911,-0.7124184067,1,0
0,0,-0.3650910773,-1.048112862,1,0
0,0,-0.5156810919,-1.505900145,0,0
0,0,-0.6680950173,-1.524139255,1,0
0,0,-0.9163561697,-2.482611523,1,0
0,0,-1.281081864,-3.647256939,1,-1
1,1,-1.784988076,-5.039062119
0,0,0,0,2,0
0,0,-0.07647856455,-0.7647856455,2,0
0,0,-0.2673491854,-1.908706208,1,0
0,0,-0.5161501308,-2.488009454,1,0
0,0,-0.8479240788,-3.31773948,1,0
0,0,-1.280128429,-4.322043506,2,-1
1,1,-1.871645187,-5.915167577
0,0,0,0,0,0
0,0,0.09784929904,0.9784929904,2,0
0,0,0.1401018839,0.4225258487,2,0
0,0,0.1351901021,-0.04911781817,0,0
0,0,0.2336447931,0.9845469104,0,0
0,0,0.4412269286,2.075821355,1,0
0,0,0.7129669393,2.717400107,1,0
0,0,1.095998544,3.830316048,2,-1
1,1,1.572064533,4.760659886
0,0,0,0,2,0
0,0,-0.1057871024,-1.057871024,0,0
0,0,-0.1336796515,-0.2789254914,0,0
0,0,-0.1019681499,0.3171150165,1,0
0,0,-0.07664320326,0.253249466,2,0
0,0,-0.1689187286,-0.9227552533,0,0
0,0,-0.1861304322,-0.1721170364,0,0
0,0,-0.1369264016,0.4920403061,1,0
0,0,-0.1027887335,0.3413766811,0,0
0,0,0.003425567819,1.062143013,1,0
0,0,0.1244762795,1.210507117,0,0
0,0,0.3375061362,2.130298567,0,0
0,0,0.6834726253,3.459664892,0,0
0,0,1.182840387,4.993677613,0,-1
1,1,1.838998375,6.561579882
0,0,0,0,1,0
0,0,-0.01697320587,-0.1697320587,1,0
0,0,-0.04145724127,-0.2448403541,1,0
0,0,-0.07837920551,-0.3692196424,0,0
0,0,-0.03844503803,0.3993416748,1,0
0,0,-0.0149032039,0.2354183413,2,0
0,0,-0.07679027513,-0.6188707123,0,0
0,0,-0.08019913507,-0.03408859946,1,0
0,0,-0.1027770145,-0.2257787942,2,0
0,0,-0.2282460686,-1.254690541,2,0
0,0,-0.4917255742,-2.634795056,2,0
0,0,-0.9066835086,-4.149579344,1,0
0,0,-1.429908679,-5.232251703,0,-1
1,1,-2.081935496,-6.52026817
0,0,0,0,0,0
0,0,0.08239023346,0.8239023346,0,0
0,0,0.2508370553,1.684468219,1,0
0,0,0.4746466101,2.238095547,0,0
0,0,0.8387235905,3.640769804,0,0
0,0,1.369205204,5.304816139,0,-1
1,1,2.05118573,6.819805256
0,0,0,0,0,0
0,0,0.07605206999,0.7605206999,2,0
0,0,0.07074625012,-0.05305819874,2,0
0,0,0.006697086196,-0.6404916392,1,0
0,0,-0.04055364845,-0.4725073465,0,0
0,0,-0.01336857512,0.2718507333,1,0
0,0,0.02187677293,0.3524534805,0,0
0,0,0.140724001,1.188472281,1,0
0,0,0.2736332102,1.329092092,1,0
0,0,0.4582797666,1.846465564,1,0
0,0,0.7025653314,2.442855648,0,0
0,0,1.116661248,4.140959166,1,-1
1,1,1.662418042,5.457567943
0,0,0,0,1,0
0,0,0.01051848542,0.1051848542,1,0
0,0,0.01681339684,0.06294911416,1,0
0,0,0.01939290128,0.0257950445,2,0
0,0,-0.05676336807,-0.7615626935,1,0
0,0,-0.1366252832,-0.7986191517,1,0
0,0,-0.2562671719,-1.196418886,1,0
0,0,-0.420920865,-1.646536931,0,0
0,0,-0.576028337,-1.551074721,0,0
0,0,-0.7394860961,-1.63457759,0,0
0,0,-0.9560430861,-2.165569901,1,0
0,0,-1.301388274,-3.453451876,1,-1
1,1,-1.78862959,-4.872413158
0,0,0,0,2,0
0,0,-0.09951316802,-0.9951316802,2,0
0,0,-0.3017881718,-2.022750038,1,0
0,0,-0.5577758039,-2.559876321,1,0
0,0,-0.8917968688,-3.340210649,1,0
0,0,-1.340137332,-4.483404632,0,-1
1,1,-1.911262954,-5.711256216
0,0,0,0,1,0
0,0,-0.01301026885,-0.1301026885,0,0
0,0,0.06949645794,0.8250672679,0,0
0,0,0.2376761206,1.681796627,1,0
0,0,0.4527543512,2.150782306,0,0
0,0,0.8129358603,3.601815091,2,0
0,0,1.228420073,4.15484213,0,-1
1,1,1.800673571,5.722534978
0,0,0,0,0,0
0,0,0.08932165429,0.8932165429,1,0
0,0,0.1977067341,1.083850798,1,0
0,0,0.3545983986,1.568916645,2,0
0,0,0.5015583944,1.469599958,2,0
0,0,0.665803327,1.642449326,0,0
0,0,0.9851785884,3.193752614,0,0
0,0,1.468272457,4.83093869,1,-1
1,1,2.094377449,6.261049912
0,0,0,0,1,0
0,0,0.005143227818,0.05143227818,0,0
0,0,0.09499397953,0.8985075171,2,0
0,0,0.1182097111,0.2321573158,2,0
0,0,0.08992216803,-0.2828754308,2,0
0,0,0.0005720990386,-0.8935006899,2,0
0,0,-0.1613038181,-1.618759172,0,0
0,0,-0.2763941372,-1.15090319,1,0
0,0,-0.4526205819,-1.762264448,0,0
0,0,-0.6101754059,-1.575548239,1,0
0,0,-0.8473150479,-2.37139642,2,0
0,0,-1.253936112,-4.066210638,2,-1
1,1,-1.820751885,-5.668157729
0,0,0,0,2,0
0,0,-0.08017413349,-0.8017413349,2,0
0,0,-0.2761571412,-1.959830077,0,0
0,0,-0.4240573414,-1.479002002,0,0
0,0,-0.5750299693,-1.509726279,2,0
0,0,-0.8922174456,-3.171874762,2,0
0,0,-1.367667685,-4.754502397,2,-1
1,1,-1.999115959,-6.314482735
0,0,0,0,1,0
0,0,0.01094493116,0.1094493116,0,0
0,0,0.1208789962,1.09934065,0,0
0,0,0.3267553821,2.058763859,1,0
0,0,0.5845462299,2.577908478,0,0
0,0,0.9855105996,4.009643697,0,0
0,0,1.554010272,5.684996726,0,-1
1,1,2.269757172,7.157468998
0,0,0,0,0,0
0,0,0.1040135437,1.040135437,1,0
0,0,0.2250984666,1.210849229,1,0
0,0,0.3859736029,1.608751363,1,0
0,0,0.6021524489,2.161788461,2,0
0,0,0.8257467034,2.235942545,1,0
0,0,1.164649384,3.389026807,1,-1
1,1,1.635729124,4.7107974
0,0,0,0,2,0
0,0,-0.1051361991,-1.051361991,2,0
0,0,-0.31172173,-2.06585531,1,0
0,0,-0.5745578842,-2.628361541,0,0
0,0,-0.8548221589,-2.802642748,2,0
0,0,-1.298422343,-4.436001841,1,-1
1,1,-1.880168966,-5.817466234
0,0,0,0,1,0
0,0,-0.003754246648,-0.03754246648,0,0
0,0,0.09090607264,0.9466031928,0,0
0,0,0.2859452269,1.950391543,1,0
0,0,0.5296237493,2.436785224,1,0
0,0,0.840623972,3.110002227,0,0
0,0,1.307402541,4.667785692,2,-1
1,1,1.888699343,5.81296802
0,0,0,0,0,0
0,0,0.0725195821,0.725195821,2,0
0,0,0.0734874864,0.009679042995,0,0
0,0,0.1588015255,0.8531403909,0,0
0,0,0.3564591157,1.976575902,2,0
0,0,0.5214599666,1.650008509,2,0
0,0,0.6917133097,1.702533431,0,0
0,0,1.023119345,3.314060357,2,0
0,0,1.435100126,4.119807811,1,-1
1,1,1.98791102,5.528108937
0,0,0,0,1,0
0,0,0.009640762579,0.09640762579,2,0
0,0,-0.06352273786,-0.7316350044,0,0
0,0,-0.06660003348,-0.03077295619,1,0
0,0,-0.08694235029,-0.2034231681,0,0
0,0,-0.03287291092,0.5406943937,0,0
0,0,0.09137075101,1.242436619,2,0
0,0,0.1420695798,0.5069882875,2,0
0,0,0.1148299178,-0.2723966194,2,0
0,0,0.02853005749,-0.8629986032,1,0
0,0,-0.05046053935,-0.7899059684,2,0
0,0,-0.2212619375,-1.708013981,2,0
0,0,-0.5122103095,-2.90948372,1,0
0,0,-0.8917592946,-3.795489852,0,0
0,0,-1.339665948,-4.479066534,2,-1
1,1,-1.943609558,-6.039436104
0,0,0,0,2,0
0,0,-0.09685977169,-0.9685977169,2,0
0,0,-0.297046944,-2.001871723,0,0
0,0,-0.4529314838,-1.558845399,1,0
0,0,-0.6690388334,-2.161073496,1,0
0,0,-0.973172751,-3.041339176,0,0
0,0,-1.350320762,-3.771480106,1,-1
1,1,-1.867301857,-5.169810952
0,0,0,0,2,0
0,0,-0.08826830535,-0.8826830535,0,0
0,0,-0.1075594199,-0.1929111456,2,0
0,0,-0.2277213469,-1.20161927,0,0
0,0,-0.2894349971,-0.617136502,1,0
0,0,-0.3972443182,-1.078093211,2,0
0,0,-0.6423995046,-2.451551864,2,0
0,0,-1.033785849,-3.913863449,1,0
0,0,-1.540379951,-5.065941016,2,-1
1,1,-2.1951371,-6.547571487
0,0,0,0,0,0
0,0,0.1017056904,1.017056904,0,0
0,0,0.3064307838,2.047250934,2,0
0,0,0.4623590648,1.55928281,0,0
0,0,0.7810497031,3.186906383,2,0
0,0,1.155309441,3.742597379,1,-1
1,1,1.664378933,5.090694918
0,0,0,0,2,0
0,0,-0.08886264737,-0.8886264737,2,0
0,0,-0.2907510352,-2.018883878,0,0
0,0,-0.4606224715,-1.698714363,2,0
0,0,-0.7940737003,-3.334512288,2,0
0,0,-1.290000557,-4.959268569,0,-1
1,1,-1.896157609,-6.061570517
0,0,0,0,1,0
0,0,0.01197591934,0.1197591934,1,0
0,0,0.03872593892,0.2675001958,2,0
0,0,-0.01429980448,-0.530257434,2,0
0,0,-0.1442822126,-1.299824081,0,0
0,0,-0.2285762828,-0.8429407021,2,0
0,0,-0.438981176,-2.104048931,0,0
0,0,-0.6282140386,-1.892328626,2,0
0,0,-0.9662177955,-3.380037569,1,0
0,0,-1.422248266,-4.560304704,0,-1
1,1,-2.009459168,-5.872109019
0,0,0,0,1,0
0,0,0.01135883983,0.1135883983,1,0
0,0,0.02818196549,0.1682312566,2,0
0,0,-0.0237499905,-0.5193195599,2,0
0,0,-0.1693440026,-1.455940121,1,0
0,0,-0.3402111165,-1.708671139,2,0
0,0,-0.6496528814,-3.094417649,0,0
0,0,-0.9745587885,-3.24905907,0,0
0,0,-1.381323102,-4.067643136,1,-1
1,1,-1.926331248,-5.45008146
0,0,0,0,2,0
0,0,-0.1010954444,-1.010954444,2,0
0,0,-0.2927812176,-1.916857732,0,0
0,0,-0.4456574067,-1.528761891,1,0
0,0,-0.6596633496,-2.140059429,1,0
0,0,-0.9699075638,-3.102442141,1,0
0,0,-1.402829586,-4.329220225,2,-1
1,1,-1.989999356,-5.871697697
0,0,0,0,0,0
0,0,0.08250457034,0.8250457034,0,0
0,0,0.2666738918,1.841693215,1,0
0,0,0.505953806,2.392799142,2,0
0,0,0.7525104592,2.465566532,2,0
0,0,1.04661018,2.940997212,2,0
0,0,1.426051664,3.794414834,2,-1
1,1,1.938498276,5.124466117
0,0,0,0,2,0
0,0,-0.07621040149,-0.7621040149,2,0
0,0,-0.2626620587,-1.864516572,1,0
0,0,-0.4754525281,-2.127904693,2,0
0,0,-0.8397578772,-3.643053492,1,0
0,0,-1.316395289,-4.766374118,1,-1
1,1,-1.926922632,-6.105273425
