2,1,1
0,0,0,0,0,0
0,0,0.08973163461,0.8973163461,2,0
0,0,0.1191966304,0.2946499578,2,0
0,0,0.06727664194,-0.5191998844,2,0
0,0,-0.07855188703,-1.45828529,1,0
0,0,-0.250223107,-1.7167122,1,0
0,0,-0.4567660912,-2.065429841,1,0
0,0,-0.7398300472,-2.830639561,2,0
0,0,-1.175159654,-4.353296071,2,-1
1,1,-1.764999002,-5.898393473
0,0,0,0,1,0
0,0,0.01744125267,0.1744125267,1,0
0,0,0.03273418479,0.1529293212,0,0
0,0,0.1334525901,1.007184053,2,0
0,0,0.1834093353,0.4995674518,2,0
0,0,0.1624159423,-0.2099339305,1,0
0,0,0.1703626407,0.07946698477,0,0
0,0,0.2793140852,1.089514445,0,0
0,0,0.5125504502,2.332363649,0,0
0,0,0.8860526129,3.735021628,1,0
0,0,1.370778601,4.847259876,2,-1
1,1,1.977813869,6.070352681
0,0,0,0,0,0
0,0,0.07200603552,0.7200603552,1,0
0,0,0.1621795266,0.9017349105,1,0
0,0,0.2681136971,1.059341705,1,0
0,0,0.410000445,1.418867479,2,0
0,0,0.5477673823,1.377669372,1,0
0,0,0.7575868932,2.098195109,2,0
0,0,1.00523996,2.476530667,2,0
0,0,1.334024147,3.287841871,1,-1
1,1,1.803344418,4.693202713
0,0,0,0,2,0
0,0,-0.09766074477,-0.9766074477,1,0
0,0,-0.2130407584,-1.153800136,0,0
0,0,-0.2835624069,-0.7052164856,2,0
0,0,-0.4716677707,-1.881053638,2,0
0,0,-0.8056332675,-3.339654967,1,0
0,0,-1.247309373,-4.416761058,0,-1
1,1,-1.799942721,-5.526333474
0,0,0,0,0,0
0,0,0.104004853,1.04004853,0,0
0,0,0.3107235027,2.067186497,1,0
0,0,0.5834180009,2.726944982,2,0
0,0,0.8696835247,2.862655239,0,0
0,0,1.326012243,4.563287178,2,-1
1,1,1.903488078,5.774758352
0,0,0,0,1,0
0,0,-0.006169671905,-0.06169671905,0,0
0,0,0.0620636934,0.6823336531,1,0
0,0,0.1582239172,0.9616022383,2,0
0,0,0.1930741419,0.3485022464,1,0
0,0,0.2478705111,0.5479636922,0,0
0,0,0.4204134672,1.725429561,2,0
0,0,0.5712677239,1.508542568,1,0
0,0,0.8006495685,2.293818446,2,0
0,0,1.089916276,2.892667079,0,0
0,0,1.539679989,4.497637128,0,-1
1,1,2.138086437,5.984064478
0,0,0,0,1,0
0,0,0.001319207224,0.01319207224,2,0
0,0,-0.1003518847,-1.01671092,0,0
0,0,-0.1408138714,-0.4046198668,2,0
0,0,-0.3098536385,-1.690397671,0,0
0,0,-0.4626875028,-1.528338643,0,0
0,0,-0.5993186071,-1.366311043,2,0
0,0,-0.9054394975,-3.061208904,2,0
0,0,-1.368257648,-4.628181506,0,-1
1,1,-1.952223542,-5.839658941
0,0,0,0,1,0
0,0,0.001796096799,0.01796096799,0,0
0,0,0.09047692322,0.8868082642,1,0
0,0,0.1927030198,1.022260966,0,0
0,0,0.4176211763,2.249181564,1,0
0,0,0.703071877,2.854507008,2,0
0,0,1.026199174,3.231272971,0,0
0,0,1.520628921,4.944297466,1,-1
1,1,2.160840137,6.402112163
0,0,0,0,2,0
0,0,-0.0974942858,-0.974942858,0,0
0,0,-0.1336062515,-0.3611196566,1,0
0,0,-0.1923557995,-0.5874954799,2,0
0,0,-0.3734418913,-1.810860918,0,0
0,0,-0.5460611741,-1.726192828,2,0
0,0,-0.867764356,-3.217031818,1,0
0,0,-1.310976524,-4.432121683,0,-1
1,1,-1.873840264,-5.6286374
0,0,0,0,1,0
0,0,-0.01300296499,-0.1300296499,0,0
0,0,0.05388620742,0.6688917241,0,0
0,0,0.2078381645,1.539519571,1,0
0,0,0.380069043,1.722308784,2,0
0,0,0.5458178703,1.657488273,0,0
0,0,0.8784883162,3.326704459,2,0
0,0,1.274728305,3.962399892,0,-1
1,1,1.83165231,5.569240048
0,0,0,0,2,0
0,0,-0.07937920472,-0.7937920472,2,0
0,0,-0.250720541,-1.713413363,1,0
0,0,-0.4596281055,-2.089075645,0,0
0,0,-0.6705638337,-2.109357282,1,0
0,0,-0.9679935293,-2.974296956,2,0
0,0,-1.436631076,-4.686375466,1,-1
1,1,-2.046854902,-6.102238264
0,0,0,0,0,0
0,0,0.09310359746,0.9310359746,0,0
0,0,0.2869033585,1.93799761,1,0
0,0,0.5357856474,2.488822889,0,0
0,0,0.9411077409,4.053220936,2,0
0,0,1.407255754,4.661480128,1,-1
1,1,2.013368377,6.061126235
0,0,0,0,1,0
0,0,-0.01372676644,-0.1372676644,0,0
0,0,0.07396664493,0.8769341138,1,0
0,0,0.1916268953,1.176602503,1,0
0,0,0.3364558813,1.44828986,1,0
0,0,0.5489004778,2.124445964,0,0
0,0,0.929813876,3.809133983,0,0
0,0,1.466748956,5.369350804,1,-1
1,1,2.144094306,6.7734535
0,0,0,0,1,0
0,0,-0.001597987439,-0.01597987439,1,0
0,0,-0.01619818937,-0.1460020194,0,0
0,0,0.06491150544,0.8110969482,2,0
0,0,0.08601719023,0.2110568479,1,0
0,0,0.1208986582,0.3488146795,2,0
0,0,0.1004772262,-0.2042143201,2,0
0,0,0.001243632181,-0.9923359399,1,0
0,0,-0.08886252984,-0.9010616202,1,0
0,0,-0.1994359034,-1.105733735,0,0
0,0,-0.2575451754,-0.5810927208,2,0
0,0,-0.4559694853,-1.984243098,1,0
0,0,-0.7302778539,-2.743083686,0,0
0,0,-1.036143337,-3.058654827,2,0
0,0,-1.503710416,-4.675670795,1,-1
1,1,-2.116562513,-6.128520969
0,0,0,0,2,0
0,0,-0.09149969215,-0.9149969215,1,0
0,0,-0.1989944068,-1.074947147,0,0
0,0,-0.2516193865,-0.526249797,2,0
0,0,-0.4281003781,-1.764809916,2,0
0,0,-0.7419063632,-3.138059851,0,0
0,0,-1.107167603,-3.652612399,0,0
0,0,-1.55878856,-4.516209569,0,-1
1,1,-2.15623762,-5.974490596
0,0,0,0,2,0
0,0,-0.09127469343,-0.9127469343,0,0
0,0,-0.1222389664,-0.3096427292,2,0
0,0,-0.2559069362,-1.336679698,0,0
0,0,-0.3369557837,-0.8104884752,1,0
0,0,-0.4578533473,-1.208975636,2,0
0,0,-0.7428861697,-2.850328224,0,0
0,0,-1.07622703,-3.333408607,1,0
0,0,-1.53400051,-4.577734795,1,-1
1,1,-2.137226508,-6.032259978
0,0,0,0,2,0
0,0,-0.08838149039,-0.8838149039,1,0
0,0,-0.1903376408,-1.019561504,2,0
0,0,-0.4138299339,-2.234922932,0,0
0,0,-0.6188875645,-2.050576306,2,0
0,0,-0.9804477271,-3.615601626,2,0
0,0,-1.509789254,-5.293415269,0,-1
1,1,-2.179341836,-6.695525819
0,0,0,0,1,0
0,0,0.00239534493,0.0239534493,1,0
0,0,-0.006733526132,-0.09128871062,2,0
0,0,-0.1224282883,-1.156947622,0,0
0,0,-0.1561571264,-0.3372883806,2,0
0,0,-0.3046829925,-1.485258662,1,0
0,0,-0.5069334193,-2.022504267,2,0
0,0,-0.8513786616,-3.444452423,2,0
0,0,-1.34703772,-4.956590583,2,-1
1,1,-1.992654829,-6.456171091
0,0,0,0,2,0
0,0,-0.07669144572,-0.7669144572,1,0
0,0,-0.1669979009,-0.9030645516,0,0
0,0,-0.2124906531,-0.4549275222,0,0
0,0,-0.2235773403,-0.1108668725,1,0
0,0,-0.2681563486,-0.4457900823,0,0
0,0,-0.2883688806,-0.2021253203,0,0
0,0,-0.2876415371,0.007273434684,2,0
0,0,-0.405669757,-1.180282198,2,0
0,0,-0.6657610892,-2.600913322,1,0
0,0,-1.012273933,-3.465128435,2,0
0,0,-1.517990408,-5.057164753,2,-1
1,1,-2.172728427,-6.547380192
0,0,0,0,2,0
0,0,-0.08192313789,-0.8192313789,2,0
0,0,-0.256249524,-1.743263862,1,0
0,0,-0.4563571113,-2.001075872,0,0
0,0,-0.6396893049,-1.833321936,2,0
0,0,-0.9864830805,-3.467937756,0,0
0,0,-1.402256868,-4.157737872,0,-1
1,1,-1.948577165,-5.463202976
0,0,0,0,1,0
0,0,-0.008945015699,-0.08945015699,1,0
0,0,-0.004741919623,0.04203096076,1,0
0,0,0.0008425033544,0.05584422978,1,0
0,0,-0.004693000973,-0.05535504327,2,0
0,0,-0.1006612055,-0.9596820453,0,0
0,0,-0.108787278,-0.0812607246,0,0
0,0,-0.04722718483,0.6156009314,1,0
0,0,0.00124672778,0.4847391261,2,0
0,0,-0.04901954272,-0.502662705,0,0
0,0,-0.03431170546,0.1470783725,1,0
0,0,-0.03232564768,0.0198605778,0,0
0,0,0.04899177711,0.8131742479,0,0
0,0,0.2313020674,1.823102903,1,0
0,0,0.4612899951,2.299879276,1,0
0,0,0.7733455921,3.12055597,0,0
0,0,1.252811246,4.794656535,2,-1
1,1,1.839877409,5.870661638
0,0,0,0,0,0
0,0,0.07341018308,0.7341018308,0,0
0,0,0.2353213591,1.619111761,0,0
0,0,0.5112493102,2.759279511,0,0
0,0,0.9291257341,4.178764238,2,0
0,0,1.405846069,4.76720335,0,-1
1,1,2.036386172,6.305401035
0,0,0,0,0,0
0,0,0.09164480794,0.9164480794,1,0
0,0,0.1999400388,1.082952309,2,0
0,0,0.2720272418,0.7208720296,0,0
0,0,0.4683928682,1.963656264,2,0
0,0,0.6766506001,2.082577318,2,0
0,0,0.9096856,2.33035,1,0
0,0,1.270729324,3.610437243,0,-1
1,1,1.786707412,5.159780878
0,0,0,0,2,0
0,0,-0.07473503882,-0.7473503882,2,0
0,0,-0.2426219339,-1.67886895,1,0
0,0,-0.4654615734,-2.228396396,2,0
0,0,-0.839258974,-3.737974006,2,0
0,0,-1.366852175,-5.275932008,2,-1
1,1,-2.046995807,-6.801436327
0,0,0,0,0,0
0,0,0.08809210042,0.8809210042,0,0
0,0,0.2841026843,1.960105839,2,0
0,0,0.4582608392,1.741581548,1,0
0,0,0.7165596059,2.582987668,0,0
0,0,1.131956174,4.153965679,0,-1
1,1,1.704975135,5.730189615
0,0,0,0,1,0
0,0,-0.007127233979,-0.07127233979,0,0
0,0,0.0786748349,0.8580206888,0,0
0,0,0.2790114861,2.003366512,1,0
0,0,0.5117336054,2.327221193,2,0
0,0,0.7570467174,2.45313112,0,0
0,0,1.155277364,3.982306462,1,-1
1,1,1.684568736,5.292913729
0,0,0,0,2,0
0,0,-0.08653253698,-0.8653253698,0,0
0,0,-0.1044922015,-0.1795966448,0,0
0,0,-0.04558229259,0.5890990887,1,0
0,0,0.004327708673,0.4991000126,0,0
0,0,0.1443773145,1.400496058,1,0
0,0,0.322428596,1.780512815,2,0
0,0,0.4839761869,1.615475909,1,0
0,0,0.7152985365,2.313223496,0,0
0,0,1.117591801,4.022932642,0,-1
1,1,1.676496763,5.589049622
0,0,0,0,1,0
0,0,-0.01282436271,-0.1282436271,0,0
0,0,0.0551875467,0.6801190941,0,0
0,0,0.2291999552,1.740124085,0,0
0,0,0.5397176969,3.105177417,1,0
0,0,0.9272898841,3.875721872,1,0
0,0,1.434168083,5.068781988,2,-1
1,1,2.07246405,6.382959672
0,0,0,0,2,0
0,0,-0.1007033586,-1.007033586,0,0
0,0,-0.1238769485,-0.231735899,1,0
0,0,-0.1582006986,-0.3432375018,1,0
0,0,-0.2055782361,-0.4737753746,0,0
0,0,-0.1906602147,0.1491802139,0,0
0,0,-0.1174359093,0.7322430538,2,0
0,0,-0.1532990216,-0.3586311227,2,0
0,0,-0.3192804499,-1.659814283,0,0
0,0,-0.4599266049,-1.406461549,2,0
0,0,-0.7483911118,-2.88464507,1,0
0,0,-1.141312304,-3.929211921,1,-1
1,1,-1.664707505,-5.233952011
0,0,0,0,2,0
0,0,-0.1034216747,-1.034216747,0,0
0,0,-0.1343589196,-0.309372449,0,0
0,0,-0.1168405582,0.1751836139,2,0
0,0,-0.2136937592,-0.9685320098,2,0
0,0,-0.4266999257,-2.130061665,2,0
0,0,-0.779581216,-3.528812903,2,0
0,0,-1.30119708,-5.216158638,1,-1
1,1,-1.953102855,-6.519057749
0,0,0,0,2,0
0,0,-0.07342822726,-0.7342822726,2,0
0,0,-0.2446393927,-1.712111654,1,0
0,0,-0.4442696295,-1.996302368,0,0
0,0,-0.6471677229,-2.028980934,1,0
0,0,-0.9579968891,-3.108291662,0,0
0,0,-1.341982716,-3.839858265,0,-1
1,1,-1.849680587,-5.076978709
0,0,0,0,2,0
0,0,-0.08766684,-0.8766684,1,0
0,0,-0.1947579195,-1.070910795,2,0
0,0,-0.419887997,-2.251300775,1,0
0,0,-0.7035440701,-2.836560731,1,0
0,0,-1.08679098,-3.832469099,0,0
0,0,-1.561845258,-4.750542784,0,-1
1,1,-2.182825083,-6.209798248
0,0,0,0,1,0
0,0,0.002480441716,0.02480441716,1,0
0,0,-0.004895780781,-0.07376222498,2,0
0,0,-0.1186084498,-1.13712669,2,0
0,0,-0.3407539409,-2.221454911,1,0
0,0,-0.6056857125,-2.649317715,1,0
0,0,-0.9587546247,-3.530689122,0,0
0,0,-1.392115374,-4.333607493,2,-1
1,1,-1.97823627,-5.861208957
0,0,0,0,1,0
0,0,0.01548052602,0.1548052602,0,0
0,0,0.1164642791,1.009837531,0,0
0,0,0.3254029619,2.089386828,0,0
0,0,0.6669379153,3.415349533,0,0
0,0,1.174494771,5.075568562,1,-1
1,1,1.805245262,6.307504902
0,0,0,0,2,0
0,0,-0.07778428474,-0.7778428474,1,0
0,0,-0.1573671898,-0.7958290504,2,0
0,0,-0.3460386537,-1.88671464,2,0
0,0,-0.6667533229,-3.207146691,0,0
0,0,-1.008165533,-3.414122102,0,0
0,0,-1.435209367,-4.270438334,1,-1
1,1,-2.00301179,-5.678024238
0,0,0,0,2,0
0,0,-0.07560423977,-0.7560423977,0,0
0,0,-0.06286912692,0.1273511285,2,0
0,0,-0.1591952501,-0.9632612322,0,0
0,0,-0.188815828,-0.2962057781,2,0
0,0,-0.3277575698,-1.389417418,2,0
0,0,-0.5942614329,-2.665038631,2,0
0,0,-1.00549024,-4.11228807,1,0
0,0,-1.542038625,-5.365483846,2,-1
1,1,-2.226714203,-6.846755787
0,0,0,0,0,0
0,0,0.08289593179,0.8289593179,2,0
0,0,0.1013909251,0.184949933,2,0
0,0,0.05301443806,-0.4837648702,1,0
0,0,0.01613579797,-0.3687864009,0,0
0,0,0.0552121076,0.3907630964,1,0
0,0,0.1025992471,0.4738713947,0,0
0,0,0.2650163394,1.624170923,1,0
0,0,0.4749446718,2.099283325,2,0
0,0,0.6815708542,2.066261824,1,0
0,0,0.9819580857,3.003872314,1,0
0,0,1.411865573,4.299074871,0,-1
1,1,1.993560353,5.816947802
0,0,0,0,0,0
0,0,0.1020551986,1.020551986,0,0
0,0,0.3040857179,2.020305192,1,0
0,0,0.5546743506,2.505886327,0,0
0,0,0.9705348759,4.158605253,1,0
0,0,1.494606605,5.240717293,2,-1
1,1,2.155400527,6.607939215
0,0,0,0,1,0
0,0,-0.005235324493,-0.05235324493,1,0
0,0,-0.003723487837,0.01511836655,2,0
0,0,-0.09827848398,-0.9455499614,2,0
0,0,-0.3088104348,-2.105319508,1,0
0,0,-0.5647035731,-2.558931383,2,0
0,0,-0.9879237356,-4.232201625,1,0
0,0,-1.521306917,-5.333831816,0,-1
1,1,-2.195643128,-6.74336211
0,0,0,0,0,0
0,0,0.0851818919,0.851818919,1,0
0,0,0.1848276875,0.9964579559,2,0
0,0,0.236076851,0.5124916352,2,0
0,0,0.2544302043,0.1835335328,2,0
0,0,0.2437963937,-0.1063381059,2,0
0,0,0.1980104802,-0.4578591354,1,0
0,0,0.1812533977,-0.1675708242,1,0
0,0,0.2093523645,0.2809896673,2,0
0,0,0.1987727532,-0.1057961125,0,0
0,0,0.3193457878,1.205730346,2,0
0,0,0.4231187793,1.037729915,2,0
0,0,0.5055789862,0.8246020688,2,0
0,0,0.5987482183,0.9316923204,1,0
0,0,0.7727755314,1.740273131,0,0
0,0,1.112800618,3.400250864,0,-1
1,1,1.609012649,4.962120314
0,0,0,0,2,0
0,0,-0.07873672941,-0.7873672941,0,0
0,0,-0.08382410066,-0.05087371248,0,0
0,0,-0.02238942324,0.6143467741,1,0
0,0,0.0216419232,0.4403134644,1,0
0,0,0.0567330738,0.3509115061,1,0
0,0,0.1018403494,0.4510727558,0,0
0,0,0.2471131262,1.452727768,0,0
0,0,0.521592054,2.744789278,1,0
0,0,0.8796367752,3.580447213,1,0
0,0,1.341273321,4.616365454,2,-1
1,1,1.921382488,5.801091672
0,0,0,0,0,0
0,0,0.1032176944,1.032176944,2,0
0,0,0.1426481182,0.3943042374,1,0
0,0,0.1934497868,0.5080166868,0,0
0,0,0.3556633211,1.622135342,2,0
0,0,0.4837585224,1.280952014,0,0
0,0,0.7503973009,2.666387785,0,0
0,0,1.190909438,4.405121371,2,-1
1,1,1.733134622,5.422251838
0,0,0,0,1,0
0,0,-0.003843582407,-0.03843582407,2,0
0,0,-0.09599684312,-0.9215326071,2,0
0,0,-0.3031176082,-2.071207651,1,0
0,0,-0.5687247487,-2.656071405,2,0
0,0,-0.9949926051,-4.262678564,1,0
0,0,-1.532556505,-5.375638998,2,-1
1,1,-2.218800729,-6.862442245
0,0,0,0,1,0
0,0,-0.00442093136,-0.0442093136,0,0
0,0,0.06800189475,0.7242282611,2,0
0,0,0.07161379357,0.03611898815,2,0
0,0,-0.008018993614,-0.7963278718,1,0
0,0,-0.1029264166,-0.9490742294,2,0
0,0,-0.289209155,-1.862827385,0,0
0,0,-0.4360001692,-1.467910142,0,0
0,0,-0.5621769558,-1.261767866,0,0
0,0,-0.6989740607,-1.367971049,0,0
0,0,-0.8746332019,-1.756591412,2,0
0,0,-1.213822958,-3.391897556,0,-1
1,1,-1.663477222,-4.496542646
0,0,0,0,0,0
0,0,0.09205770451,0.9205770451,0,0
0,0,0.3017678584,2.097101539,2,0
0,0,0.4727794546,1.710115962,1,0
0,0,0.706568691,2.337892364,2,0
0,0,0.9745099064,2.679412155,1,0
0,0,1.370087752,3.95577846,0,-1
1,1,1.921741664,5.516539112
0,0,0,0,0,0
0,0,0.1013842749,1.013842749,0,0
0,0,0.2996560994,1.982718245,1,0
0,0,0.5332005368,2.335444374,1,0
0,0,0.8570983144,3.238977776,1,0
0,0,1.28599163,4.288933157,1,-1
1,1,1.85163611,5.656444798
0,0,0,0,2,0
0,0,-0.08799180738,-0.8799180738,1,0
0,0,-0.1867395992,-0.987477918,1,0
0,0,-0.3042618245,-1.175222253,0,0
0,0,-0.3742457369,-0.6998391244,0,0
0,0,-0.435161647,-0.6091591011,0,0
0,0,-0.4861907042,-0.5102905718,1,0
0,0,-0.627294804,-1.411040998,1,0
0,0,-0.8617931782,-2.344983742,1,0
0,0,-1.214311981,-3.525188031,1,-1
1,1,-1.6983924,-4.84080419
0,0,0,0,2,0
0,0,-0.09926275971,-0.9926275971,1,0
0,0,-0.2196389584,-1.203761987,1,0
0,0,-0.3744137478,-1.547747894,0,0
0,0,-0.5038081536,-1.293944058,2,0
0,0,-0.7823943221,-2.785861685,1,0
0,0,-1.176987414,-3.945930918,1,-1
1,1,-1.702872996,-5.258855819
0,0,0,0,1,0
0,0,0.007688210934,0.07688210934,2,0
0,0,-0.066197794,-0.7388600494,2,0
0,0,-0.2254178588,-1.592200648,1,0
0,0,-0.4246053628,-1.99187504,2,0
0,0,-0.7641443196,-3.395389568,2,0
0,0,-1.267540513,-5.033961931,2,-1
1,1,-1.929263466,-6.617229533
0,0,0,0,2,0
0,0,-0.09937896292,-0.9937896292,1,0
0,0,-0.2302529436,-1.308739806,0,0
0,0,-0.3107240118,-0.804710682,2,0
0,0,-0.5304778777,-2.197538659,0,0
0,0,-0.7645833973,-2.341055196,1,0
0,0,-1.111253065,-3.466696679,0,0
0,0,-1.552181985,-4.409289197,0,-1
1,1,-2.13806491,-5.858829247
0,0,0,0,0,0
0,0,0.08445077116,0.8445077116,0,0
0,0,0.2791606426,1.947098714,1,0
0,0,0.5126677404,2.335070978,2,0
0,0,0.7605808576,2.479131172,2,0
0,0,1.064960561,3.043797033,2,0
0,0,1.459978231,3.950176706,0,-1
1,1,2.006084903,5.461066712
0,0,0,0,1,0
0,0,0.003582032503,0.03582032503,0,0
0,0,0.1066758727,1.030938402,2,0
0,0,0.1492460118,0.4257013913,0,0
0,0,0.2891869048,1.399408929,2,0
0,0,0.3904722342,1.012853294,2,0
0,0,0.4650093381,0.745371039,2,0
0,0,0.5407840544,0.757747163,1,0
0,0,0.6935008734,1.52716819,0,0
0,0,0.9986325906,3.051317172,2,0
0,0,1.384339702,3.857071114,1,-1
1,1,1.909204026,5.248643241
0,0,0,0,2,0
0,0,-0.09018115569,-0.9018115569,1,0
0,0,-0.2085307424,-1.183495867,0,0
0,0,-0.2777538147,-0.6922307235,2,0
0,0,-0.4626996188,-1.84945804,2,0
0,0,-0.8076047816,-3.449051629,0,0
0,0,-1.21257848,-4.04973698,2,-1
1,1,-1.774273847,-5.616953673
0,0,0,0,1,0
0,0,0.0004928534811,0.004928534811,1,0
0,0,-0.002211361816,-0.02704215297,0,0
0,0,0.06677129362,0.6898265544,0,0
0,0,0.2513880192,1.846167256,2,0
0,0,0.3860611038,1.346730846,0,0
0,0,0.6666174411,2.805563372,2,0
0,0,0.9650466821,2.984292411,0,0
0,0,1.425516627,4.604699444,2,-1
1,1,2.017956482,5.924398551
0,0,0,0,2,0
0,0,-0.07645355028,-0.7645355028,2,0
0,0,-0.2687112401,-1.922576898,1,0
0,0,-0.5139539575,-2.452427175,1,0
0,0,-0.8456022366,-3.316482791,2,0
0,0,-1.347183315,-5.015810788,1,-1
1,1,-1.983050206,-6.358668903
0,0,0,0,2,0
0,0,-0.09125552506,-0.9125552506,0,0
0,0,-0.1209951537,-0.2973962864,0,0
0,0,-0.06806594857,0.5292920512,0,0
0,0,0.05576703328,1.238329819,0,0
0,0,0.2609345202,2.05167487,1,0
0,0,0.500095852,2.391613317,1,0
0,0,0.8006708502,3.005749982,2,0
0,0,1.155768704,3.550978536,2,-1
1,1,1.612853363,4.570846592
0,0,0,0,0,0
0,0,0.1030123024,1.030123024,0,0
0,0,0.3149715139,2.119592116,1,0
0,0,0.5803296472,2.653581333,1,0
0,0,0.9374101229,3.570804757,2,0
0,0,1.366253629,4.288435058,1,-1
1,1,1.935135378,5.688817493
0,0,0,0,2,0
0,0,-0.07813233941,-0.7813233941,0,0
0,0,-0.08863985475,-0.1050751534,0,0
0,0,-0.02592469267,0.6271516209,0,0
0,0,0.1254902302,1.514149229,0,0
0,0,0.3990787955,2.735885653,2,0
0,0,0.6536143566,2.54535561,0,0
0,0,1.063691705,4.100773485,1,-1
1,1,1.591837691,5.281459856
0,0,0,0,1,0
0,0,-0.01660650634,-0.1660650634,0,0
0,0,0.06424105859,0.8084756492,0,0
0,0,0.2467060189,1.824649603,1,0
0,0,0.4621289968,2.15422978,2,0
0,0,0.6753524477,2.132234509,0,0
0,0,1.042291318,3.669388701,1,0
0,0,1.530183059,4.878917412,0,-1
1,1,2.166840743,6.366576839
0,0,0,0,0,0
0,0,0.08318336408,0.8318336408,0,0
0,0,0.2726320779,1.894487138,1,0
0,0,0.5143922126,2.417601346,0,0
0,0,0.9095279284,3.951357159,0,0
0,0,1.463197046,5.536691177,2,-1
1,1,2.149616156,6.864191097
0,0,0,0,0,0
0,0,0.07540183071,0.7540183071,2,0
0,0,0.07233768262,-0.03064148089,1,0
0,0,0.08710786752,0.147701849,2,0
0,0,0.02320423177,-0.6390363575,2,0
0,0,-0.1397098,-1.629140318,0,0
0,0,-0.2544705832,-1.147607832,1,0
0,0,-0.4080491587,-1.535785755,2,0
0,0,-0.7157901992,-3.077410405,2,0
0,0,-1.192993382,-4.772031831,2,-1
1,1,-1.826619576,-6.336261939
0,0,0,0,0,0
0,0,0.08497296796,0.8497296796,2,0
0,0,0.0920209244,0.07047956433,2,0
0,0,0.02657730538,-0.6544361901,1,0
0,0,-0.0498161572,-0.7639346258,0,0
0,0,-0.05288942274,-0.03073265538,0,0
0,0,0.0154930971,0.6838251983,2,0
0,0,0.01350128162,-0.01991815473,0,0
0,0,0.08865012969,0.7514884807,0,0
0,0,0.2580237854,1.693736557,2,0
0,0,0.3808383669,1.228145814,2,0
0,0,0.4723732252,0.9153485829,0,0
0,0,0.729085876,2.567126508,1,0
0,0,1.078180287,3.490944106,1,0
0,0,1.559813653,4.816333667,1,-1
1,1,2.188158074,6.28344421
0,0,0,0,2,0
0,0,-0.08140813647,-0.8140813647,2,0
0,0,-0.2576956663,-1.762875298,0,0
0,0,-0.4040952297,-1.463995635,2,0
0,0,-0.6904001841,-2.863049544,1,0
0,0,-1.067560973,-3.771607891,1,0
0,0,-1.570684194,-5.031232206,2,-1
1,1,-2.220810683,-6.501264887
0,0,0,0,2,0
0,0,-0.0991573208,-0.991573208,0,0
0,0,-0.1104933417,-0.1133602093,0,0
0,0,-0.0570706706,0.5342267113,1,0
0,0,-0.02263692255,0.3443374805,2,0
0,0,-0.08605279696,-0.6341587441,1,0
0,0,-0.1592413757,-0.7318857871,2,0
0,0,-0.3378385395,-1.785971638,2,0
0,0,-0.6435846399,-3.057461004,1,0
0,0,-1.045702901,-4.021182611,2,-1
1,1,-1.60906424,-5.633613386
0,0,0,0,2,0
0,0,-0.0796299814,-0.796299814,1,0
0,0,-0.178639663,-0.9900968159,1,0
0,0,-0.317461624,-1.38821961,1,0
0,0,-0.4941790364,-1.767174124,0,0
0,0,-0.6834461174,-1.89267081,2,0
0,0,-1.031869298,-3.484231802,2,0
0,0,-1.546261531,-5.143922329,2,-1
1,1,-2.208445396,-6.621838656
0,0,0,0,0,0
0,0,0.08640972464,0.8640972464,2,0
0,0,0.09335813969,0.06948415053,0,0
0,0,0.2114754596,1.181173199,0,0
0,0,0.4616904059,2.502149463,0,0
0,0,0.849648363,3.879579571,0,0
0,0,1.388535945,5.388875815,1,-1
1,1,2.064779593,6.762436483
0,0,0,0,1,0
0,0,0.008149811799,0.08149811799,1,0
0,0,0.02132026316,0.1317045136,1,0
0,0,0.03207014352,0.1074988035,2,0
0,0,-0.0540305202,-0.8610066372,0,0
0,0,-0.07020675666,-0.1617623646,0,0
0,0,0.0005499074689,0.7075666413,2,0
0,0,-0.02423923126,-0.2478913873,0,0
0,0,0.03358152571,0.5782075697,2,0
0,0,0.002076670189,-0.3150485552,1,0
0,0,-0.04339065786,-0.4546732805,0,0
0,0,0.00934289665,0.5273355451,1,0
0,0,0.07327898567,0.6393608902,2,0
0,0,0.05107286214,-0.2220612353,1,0
0,0,0.05389765999,0.0282479785,2,0
0,0,-0.02303764587,-0.7693530587,2,0
0,0,-0.2016767415,-1.786390957,0,0
0,0,-0.3413814234,-1.397046818,0,0
0,0,-0.4694564421,-1.280750188,0,0
0,0,-0.593078958,-1.236225159,0,0
0,0,-0.748894441,-1.55815483,2,0
0,0,-1.072184382,-3.232899408,1,0
0,0,-1.518506016,-4.463216343,1,-1
1,1,-2.109823071,-5.913170546
0,0,0,0,2,0
0,0,-0.1036939352,-1.036939352,0,0
0,0,-0.1360462166,-0.3235228137,1,0
0,0,-0.1956365139,-0.5959029729,0,0
0,0,-0.2037226078,-0.08086093913,1,0
0,0,-0.2455576561,-0.4183504827,1,0
0,0,-0.3344135426,-0.8885588648,0,0
0,0,-0.3826149579,-0.4820141538,1,0
0,0,-0.5002996773,-1.176847193,2,0
0,0,-0.7768156081,-2.765159308,0,0
0,0,-1.110931094,-3.341154858,2,-1
1,1,-1.605336539,-4.944054453
0,0,0,0,1,0
0,0,-0.001755971247,-0.01755971247,0,0
0,0,0.0872073304,0.8896330164,1,0
0,0,0.2037262072,1.165188768,2,0
0,0,0.2765054229,0.7277921567,0,0
0,0,0.4960016171,2.194961942,1,0
0,0,0.7827316857,2.867300687,2,0
0,0,1.106480059,3.237483737,1,0
0,0,1.562187292,4.557072327,0,-1
1,1,2.165390362,6.032030696
0,0,0,0,2,0
0,0,-0.09022114518,-0.9022114518,1,0
0,0,-0.1879073892,-0.9768624398,0,0
0,0,-0.2294802465,-0.4157285734,2,0
0,0,-0.4114586088,-1.819783623,2,0
0,0,-0.7512830188,-3.3982441,0,0
0,0,-1.127606431,-3.763234119,2,-1
1,1,-1.665111618,-5.375051877
0,0,0,0,1,0
0,0,0.007040506136,0.07040506136,2,0
0,0,-0.0742320703,-0.8127257644,1,0
0,0,-0.1762388314,-1.020067611,1,0
0,0,-0.3186856131,-1.424467817,1,0
0,0,-0.5086384829,-1.899528698,2,0
0,0,-0.8598695174,-3.512310345,0,0
0,0,-1.270919478,-4.110499603,0,-1
1,1,-1.79395155,-5.230320721
0,0,0,0,1,0
0,0,0.004535622672,0.04535622672,2,0
0,0,-0.08091843568,-0.8545405835,2,0
0,0,-0.2613494154,-1.804309798,0,0
0,0,-0.4039433515,-1.42593936,0,0
0,0,-0.5327104919,-1.287671405,2,0
0,0,-0.8186545387,-2.859440467,2,0
0,0,-1.272114009,-4.534594704,2,-1
1,1,-1.881587812,-6.094738027
0,0,0,0,2,0
0,0,-0.08736915012,-0.8736915012,2,0
0,0,-0.269173229,-1.818040789,2,0
0,0,-0.5781555561,-3.089823271,1,0
0,0,-0.9752101281,-3.97054572,2,0
0,0,-1.532994346,-5.577842181,1,-1
1,1,-2.235465784,-7.024714374
0,0,0,0,1,0
0,0,-0.008387286084,-0.08387286084,1,0
0,0,-0.01026952325,-0.01882237169,0,0
0,0,0.07785534538,0.8812486863,2,0
0,0,0.08976131544,0.1190597006,0,0
0,0,0.2105123751,1.207510597,0,0
0,0,0.435782734,2.252703589,2,0
0,0,0.6445937424,2.088110084,2,0
0,0,0.8788167332,2.342229908,0,0
0,0,1.277301242,3.984845091,2,-1
1,1,1.785631857,5.083306147
0,0,0,0,0,0
0,0,0.0879253103,0.879253103,2,0
0,0,0.1054965525,0.1757124219,0,0
0,0,0.2227173799,1.172208274,2,0
0,0,0.2821308828,0.5941350289,0,0
0,0,0.4838481133,2.017172305,0,0
0,0,0.8448333801,3.609852669,0,0
0,0,1.358699541,5.138661613,2,-1
1,1,1.99620141,6.375018681
0,0,0,0,1,0
0,0,0.01199403177,0.1199403177,0,0
0,0,0.09911562973,0.8712159796,2,0
0,0,0.1029042929,0.03788663135,0,0
0,0,0.2175112089,1.14606916,1,0
0,0,0.3546647177,1.371535088,0,0
0,0,0.6430674845,2.884027668,2,0
0,0,0.9692251283,3.261576438,2,0
0,0,1.379187662,4.099625338,1,-1
1,1,1.928817571,5.496299089
0,0,0,0,1,0
0,0,0.01012500364,0.1012500364,0,0
0,0,0.1028314918,0.9270648817,1,0
0,0,0.2221243193,1.192928275,0,0
0,0,0.4546891886,2.325648693,1,0
0,0,0.7455343438,2.908451551,0,0
0,0,1.195253603,4.497192589,0,-1
1,1,1.800379092,6.051254898
0,0,0,0,2,0
0,0,-0.09190899631,-0.9190899631,2,0
0,0,-0.2993479518,-2.074389555,0,0
0,0,-0.481808461,-1.824605092,2,0
0,0,-0.8215269858,-3.397185247,0,0
0,0,-1.208166288,-3.866393019,1,-1
1,1,-1.723382194,-5.152159063
0,0,0,0,2,0
0,0,-0.08603368888,-0.8603368888,1,0
0,0,-0.1832867781,-0.9725308927,1,0
0,0,-0.3167675517,-1.334807735,0,0
0,0,-0.4118905193,-0.9512296769,1,0
0,0,-0.570161935,-1.582714156,0,0
0,0,-0.754393372,-1.842314371,0,0
0,0,-0.9751992383,-2.208058663,0,0
0,0,-1.27617183,-3.009725919,0,-1
1,1,-1.691757714,-4.155858834
0,0,0,0,0,0
0,0,0.0780660269,0.780660269,1,0
0,0,0.1547181913,0.7665216441,0,0
0,0,0.3577861242,2.030679329,1,0
0,0,0.6029950225,2.452088982,2,0
0,0,0.8590421898,2.560471673,2,0
0,0,1.166329199,3.072870095,0,-1
1,1,1.64216931,4.758401107
0,0,0,0,0,0
0,0,0.1004061012,1.004061012,0,0
0,0,0.3067361717,2.063300706,1,0
0,0,0.5558278305,2.490916588,1,0
0,0,0.8797421509,3.239143203,0,0
0,0,1.37136254,4.916203889,2,-1
1,1,1.987827013,6.164644734
0,0,0,0,1,0
0,0,-0.001775168004,-0.01775168004,2,0
0,0,-0.107472345,-1.05697177,0,0
0,0,-0.1528339903,-0.4536164532,0,0
0,0,-0.1264437642,0.2639022617,2,0
0,0,-0.2019278104,-0.7548404619,1,0
0,0,-0.3231281139,-1.212003035,1,0
0,0,-0.507888476,-1.847603621,1,0
0,0,-0.7840535424,-2.761650664,2,0
0,0,-1.220518397,-4.36464855,1,-1
1,1,-1.789734181,-5.692157836
0,0,0,0,0,0
0,0,0.08488891631,0.8488891631,2,0
0,0,0.10730385,0.2241493371,0,0
0,0,0.2521023525,1.447985025,1,0
0,0,0.4299497273,1.778473748,0,0
0,0,0.7517203523,3.217706251,0,0
0,0,1.231257711,4.795373591,1,-1
1,1,1.837822474,6.065647624
0,0,0,0,0,0
0,0,0.09299887532,0.9299887532,2,0
0,0,0.1169885374,0.239896621,2,0
0,0,0.07732560573,-0.3966293169,1,0
0,0,0.06305891845,-0.1426668728,0,0
0,0,0.152707697,0.8964877857,1,0
0,0,0.2795660643,1.268583673,0,0
0,0,0.5489060617,2.693399973,0,0
0,0,0.9776018945,4.286958328,0,0
0,0,1.563647953,5.860460582,1,-1
1,1,2.29637595,7.327279973
0,0,0,0,1,0
0,0,-0.009650941591,-0.09650941591,0,0
0,0,0.06166742451,0.713183661,1,0
0,0,0.1274825565,0.6581513196,0,0
0,0,0.2906456187,1.631630623,1,0
0,0,0.4914727174,2.008270987,1,0
0,0,0.7808130477,2.893403303,0,0
0,0,1.229584078,4.4877103,0,-1
1,1,1.833332164,6.037480863
0,0,0,0,2,0
0,0,-0.08622377042,-0.8622377042,0,0
0,0,-0.08399635933,0.02227411088,1,0
0,0,-0.09092490517,-0.06928545843,1,0
0,0,-0.1258528718,-0.3492796667,1,0
0,0,-0.177382544,-0.5152967211,2,0
0,0,-0.3564976836,-1.791151397,2,0
0,0,-0.6713150335,-3.148173498,0,0
0,0,-1.012138368,-3.408233346,0,0
0,0,-1.441068625,-4.289302571,1,-1
1,1,-2.011705417,-5.706367916
0,0,0,0,1,0
0,0,0.01178474252,0.1178474252,2,0
0,0,-0.07194075044,-0.8372549296,0,0
0,0,-0.08579575653,-0.1385500608,0,0
0,0,-0.03858916156,0.4720659496,0,0
0,0,0.07736378312,1.159529447,0,0
0,0,0.2909466564,2.135828733,2,0
0,0,0.4600796833,1.691330269,0,0
0,0,0.7657962386,3.057165553,2,0
0,0,1.126339924,3.605436854,1,-1
1,1,1.6196274,4.93287476
0,0,0,0,2,0
0,0,-0.1046126286,-1.046126286,2,0
0,0,-0.3260371302,-2.214245017,0,0
0,0,-0.5319289196,-2.058917894,0,0
0,0,-0.7590140756,-2.27085156,0,0
0,0,-1.022757419,-2.637433437,1,0
0,0,-1.412145117,-3.893876977,2,-1
1,1,-1.955604883,-5.434597662
0,0,0,0,2,0
0,0,-0.07203027484,-0.7203027484,1,0
0,0,-0.1553653077,-0.8333503285,1,0
0,0,-0.257106074,-1.017407663,2,0
0,0,-0.4788741891,-2.217681152,0,0
0,0,-0.6857456135,-2.068714243,1,0
0,0,-0.9798839212,-2.941383078,1,0
0,0,-1.401456593,-4.215726715,1,-1
1,1,-1.964643178,-5.631865851
0,0,0,0,1,0
0,0,0.001252265912,0.01252265912,1,0
0,0,-0.0002771965636,-0.01529462476,0,0
0,0,0.06873846661,0.6901566317,1,0
0,0,0.1378891029,0.6915063626,2,0
0,0,0.1556156199,0.1772651698,0,0
0,0,0.287063344,1.314477242,2,0
0,0,0.3754957352,0.8843239114,0,0
0,0,0.5904288954,2.149331602,1,0
0,0,0.8879151785,2.974862831,0,0
0,0,1.340204522,4.522893434,1,-1
1,1,1.930386911,5.901823894
0,0,0,0,1,0
0,0,0.01695908479,0.1695908479,1,0
0,0,0.04704041516,0.3008133036,1,0
0,0,0.08918025515,0.4213983999,1,0
0,0,0.1635483347,0.7436807957,1,0
0,0,0.2659348723,1.023865376,1,0
0,0,0.4169287238,1.509938515,1,0
0,0,0.627955854,2.110271303,2,0
0,0,0.8759354339,2.479795799,0,0
0,0,1.296783027,4.208475928,0,-1
1,1,1.874673008,5.778899811
0,0,0,0,2,0
0,0,-0.09256222666,-0.9256222666,1,0
0,0,-0.2153988462,-1.228366196,0,0
0,0,-0.2819486443,-0.6654979802,2,0
0,0,-0.4798788984,-1.979302542,2,0
0,0,-0.8346219681,-3.547430697,2,0
0,0,-1.345140267,-5.105182992,2,-1
1,1,-2.009872158,-6.64731891
0,0,0,0,1,0
0,0,-0.005127166312,-0.05127166312,0,0
0,0,0.08821941581,0.9334658212,2,0
0,0,0.1189063601,0.306869443,2,0
0,0,0.08676326558,-0.3214309452,0,0
0,0,0.1549612618,0.6819799618,1,0
0,0,0.263596372,1.086351103,0,0
0,0,0.4973329034,2.337365314,1,0
0,0,0.8122577037,3.149248003,1,0
0,0,1.24021274,4.27955036,2,-1
1,1,1.773263502,5.330507619
0,0,0,0,2,0
0,0,-0.07159992995,-0.7159992995,0,0
0,0,-0.05351719564,0.1808273432,1,0
0,0,-0.05351195011,5.245522267e-05,2,0
0,0,-0.1493086462,-0.9579669605,0,0
0,0,-0.1774904987,-0.2818185251,0,0
0,0,-0.1393656173,0.3812488133,2,0
0,0,-0.1970445863,-0.5767896899,0,0
0,0,-0.1870217309,0.1002285547,2,0
0,0,-0.2994552355,-1.124335046,1,0
0,0,-0.4729552174,-1.734999819,0,0
0,0,-0.6594235857,-1.864683683,0,0
0,0,-0.8886296903,-2.292061045,1,0
0,0,-1.242503024,-3.53873334,0,-1
1,1,-1.703516309,-4.61013285
0,0,0,0,0,0
0,0,0.09555878586,0.9555878586,2,0
0,0,0.129868161,0.343093751,0,0
0,0,0.2887246233,1.588564624,1,0
0,0,0.5065316387,2.178070153,2,0
0,0,0.7313134211,2.247817825,1,0
0,0,1.052282005,3.209685843,2,0
0,0,1.452976126,4.006941202,1,-1
1,1,1.997285771,5.443096449
0,0,0,0,1,0
0,0,-0.001544131629,-0.01544131629,1,0
0,0,0.009305667543,0.1084979917,0,0
0,0,0.1081383439,0.9883267634,2,0
0,0,0.1550308153,0.4689247139,1,0
0,0,0.2449676843,0.8993686904,1,0
0,0,0.3859866129,1.410189286,0,0
0,0,0.6749317565,2.889451436,0,0
0,0,1.115512382,4.405806254,0,-1
1,1,1.713968778,5.984563961
0,0,0,0,2,0
0,0,-0.0743124259,-0.743124259,0,0
0,0,-0.07417095968,0.001414662182,1,0
0,0,-0.07835345213,-0.04182492453,2,0
0,0,-0.1724005958,-0.9404714363,0,0
0,0,-0.2062976505,-0.3389705476,0,0
0,0,-0.2008576135,0.05440036967,1,0
0,0,-0.2443742597,-0.4351664617,1,0
0,0,-0.3249312811,-0.8055702139,2,0
0,0,-0.5345752611,-2.0964398,1,0
0,0,-0.8217870393,-2.872117782,2,0
0,0,-1.276163886,-4.543768471,1,-1
1,1,-1.866533781,-5.903698942
0,0,0,0,1,0
0,0,-0.007721426317,-0.07721426317,0,0
0,0,0.07820143578,0.859228621,1,0
0,0,0.168962142,0.9076070617,2,0
0,0,0.1923094974,0.2334735545,2,0
0,0,0.1594675717,-0.3284192566,0,0
0,0,0.247710121,0.8824254924,1,0
0,0,0.3657116359,1.180015149,0,0
0,0,0.6380972407,2.723856048,0,0
0,0,1.06992765,4.318304089,0,-1
1,1,1.665172794,5.952451442
0,0,0,0,0,0
0,0,0.09803239314,0.9803239314,0,0
0,0,0.3055531257,2.075207326,2,0
0,0,0.476045405,1.704922793,2,0
0,0,0.6599184378,1.838730328,2,0
0,0,0.8784969494,2.185785115,1,0
0,0,1.214459856,3.359629066,2,-1
1,1,1.65548722,4.410273642
0,0,0,0,2,0
0,0,-0.09047251195,-0.9047251195,2,0
0,0,-0.2948106479,-2.043381359,0,0
0,0,-0.4591552659,-1.64344618,2,0
0,0,-0.7841857526,-3.250304868,0,0
0,0,-1.155331461,-3.711457082,1,-1
1,1,-1.661861602,-5.06530141
0,0,0,0,2,0
0,0,-0.08871880036,-0.8871880036,2,0
0,0,-0.2635348492,-1.748160488,1,0
0,0,-0.4738135649,-2.102787157,0,0
0,0,-0.6812754475,-2.074618826,1,0
0,0,-0.9758541734,-2.945787259,2,0
0,0,-1.443484663,-4.676304891,2,-1
1,1,-2.063312037,-6.198273743
0,0,0,0,2,0
0,0,-0.07241868086,-0.7241868086,2,0
0,0,-0.2617834634,-1.893647826,0,0
0,0,-0.3974002846,-1.356168211,2,0
0,0,-0.6616150809,-2.642147963,1,0
0,0,-1.023370558,-3.617554775,0,0
0,0,-1.470495033,-4.471244751,1,-1
1,1,-2.061148536,-5.906535021
0,0,0,0,1,0
0,0,-0.0005344728081,-0.005344728081,0,0
0,0,0.09047645927,0.9101093207,0,0
0,0,0.2928367144,2.023602551,0,0
0,0,0.6283389185,3.355022041,0,0
0,0,1.128789441,5.004505226,0,-1
1,1,1.785202092,6.564126509
0,0,0,0,1,0
0,0,-0.01139928813,-0.1139928813,0,0
0,0,0.05187358918,0.632728773,2,0
0,0,0.04233283858,-0.09540750596,2,0
0,0,-0.03564634007,-0.7797917866,1,0
0,0,-0.1190883589,-0.8344201886,0,0
0,0,-0.1216755032,-0.02587144243,1,0
0,0,-0.1459255332,-0.2425003,0,0
0,0,-0.1064128315,0.3951270167,2,0
0,0,-0.1752453369,-0.688325054,1,0
0,0,-0.2819223601,-1.066770232,1,0
0,0,-0.4230406544,-1.411182942,2,0
0,0,-0.7242502082,-3.012095539,2,0
0,0,-1.198017535,-4.737673272,0,-1
1,1,-1.770367776,-5.723502403
0,0,0,0,0,0
0,0,0.08087967279,0.8087967279,0,0
0,0,0.2534109508,1.72531278,2,0
0,0,0.3910043154,1.375933646,2,0
0,0,0.52387979,1.328754745,2,0
0,0,0.6587177999,1.348380099,0,0
0,0,0.9615161716,3.027983718,0,0
0,0,1.431850183,4.703340109,0,-1
1,1,2.056077006,6.242268235
0,0,0,0,0,0
0,0,0.0978408735,0.978408735,0,0
0,0,0.283227347,1.853864735,1,0
0,0,0.5091793492,2.259520021,1,0
0,0,0.8037005811,2.945212319,2,0
0,0,1.157088393,3.533878119,2,-1
1,1,1.60797722,4.508888272
0,0,0,0,1,0
0,0,-0.003592315778,-0.03592315778,0,0
0,0,0.06896162555,0.7255394133,1,0
0,0,0.140332382,0.7137075641,0,0
0,0,0.3389196049,1.985872229,0,0
0,0,0.674994735,3.360751301,2,0
0,0,1.048508539,3.735138044,1,0
0,0,1.541447679,4.929391396,1,-1
1,1,2.180631007,6.391833285
0,0,0,0,0,0
0,0,0.09238657108,0.9238657108,1,0
0,0,0.1896174931,0.97230922,0,0
0,0,0.4183239038,2.287064107,1,0
0,0,0.7178459816,2.995220778,0,0
0,0,1.174273248,4.564272665,2,-1
1,1,1.728855563,5.545823151
0,0,0,0,1,0
0,0,0.009746985335,0.09746985335,0,0
0,0,0.1197012288,1.099542434,2,0
0,0,0.1578842568,0.3818302807,0,0
0,0,0.3013972506,1.435129937,2,0
0,0,0.4194397554,1.180425049,2,0
0,0,0.5149441058,0.9550435035,1,0
0,0,0.6920194924,1.770753866,1,0
0,0,0.9662509424,2.7423145,2,0
0,0,1.3258701,3.596191571,1,-1
1,1,1.823899887,4.980297871
0,0,0,0,2,0
0,0,-0.1008067228,-1.008067228,0,0
0,0,-0.1364959892,-0.3568926646,1,0
0,0,-0.1816007795,-0.4510479031,2,0
0,0,-0.353433467,-1.718326875,0,0
0,0,-0.5117301021,-1.582966351,0,0
0,0,-0.6667494553,-1.550193533,0,0
0,0,-0.8632565552,-1.965070998,1,0
0,0,-1.184870222,-3.216136667,1,-1
1,1,-1.636153247,-4.512830249
0,0,0,0,2,0
0,0,-0.07917766918,-0.7917766918,0,0
0,0,-0.08463489482,-0.0545722564,1,0
0,0,-0.1077350127,-0.2310011792,2,0
0,0,-0.2361345842,-1.283995715,0,0
0,0,-0.3092943678,-0.731597836,2,0
0,0,-0.5200597011,-2.107653333,2,0
0,0,-0.8934020522,-3.733423511,0,0
0,0,-1.333679736,-4.40277684,0,-1
1,1,-1.893026069,-5.593463323
0,0,0,0,1,0
0,0,0.003576754593,0.03576754593,2,0
0,0,-0.0898429235,-0.9341967809,0,0
0,0,-0.09337803126,-0.03535107758,0,0
0,0,-0.02529956796,0.680784633,1,0
0,0,0.0452395011,0.7053906906,1,0
0,0,0.1240732912,0.788337901,2,0
0,0,0.1239235077,-0.001497835081,0,0
0,0,0.2300496857,1.06126178,2,0
0,0,0.2958933675,0.658436818,2,0
0,0,0.3431479184,0.4725455091,2,0
0,0,0.3782324159,0.3508449753,1,0
0,0,0.4801837519,1.019513359,0,0
0,0,0.7375610313,2.573772795,1,0
0,0,1.100885176,3.633241451,0,-1
1,1,1.625176308,5.242911316
0,0,0,0,0,0
0,0,0.08053038427,0.8053038427,1,0
0,0,0.1800495669,0.9951918259,1,0
0,0,0.3161926184,1.361430516,1,0
0,0,0.4896409444,1.73448326,2,0
0,0,0.6585563463,1.689154018,0,0
0,0,0.9967637619,3.382074157,1,0
0,0,1.453875553,4.571117911,2,-1
1,1,2.046024577,5.921490241
0,0,0,0,1,0
0,0,-0.001414315424,-0.01414315424,0,0
0,0,0.08981856692,0.9123288234,0,0
0,0,0.2824470522,1.926284852,1,0
0,0,0.5053633049,2.229162527,2,0
0,0,0.7338061692,2.284428643,2,0
0,0,0.9989735806,2.651674113,1,0
0,0,1.388604358,3.896307779,1,-1
1,1,1.920121255,5.315168963
0,0,0,0,0,0
0,0,0.100985849,1.00985849,1,0
0,0,0.2047892916,1.038034426,2,0
0,0,0.2496656786,0.4487638703,1,0
0,0,0.3295150409,0.7984936228,1,0
0,0,0.4552287865,1.257137457,1,0
0,0,0.6579742647,2.027454781,2,0
0,0,0.8955190213,2.375447566,0,0
0,0,1.306593408,4.110743866,0,-1
1,1,1.875357989,5.687645813
0,0,0,0,1,0
0,0,0.005190282718,0.05190282718,2,0
0,0,-0.06004861748,-0.652389002,2,0
0,0,-0.2316778202,-1.716292027,1,0
0,0,-0.4430306781,-2.113528579,1,0
0,0,-0.7312917257,-2.882610476,0,0
0,0,-1.051639829,-3.203481028,2,0
0,0,-1.528726843,-4.770870149,1,-1
1,1,-2.151335661,-6.226088179
0,0,0,0,0,0
0,0,0.07250569527,0.7250569527,2,0
0,0,0.08380164168,0.1129594642,1,0
0,0,0.09773347985,0.1393183817,0,0
0,0,0.2018663219,1.04132842,1,0
0,0,0.3304500759,1.285837541,0,0
0,0,0.589967364,2.595172881,2,0
0,0,0.8685773999,2.786100358,0,0
0,0,1.309429057,4.408516571,0,-1
1,1,1.903054851,5.936257936
0,0,0,0,1,0
0,0,0.01451246966,0.1451246966,0,0
0,0,0.1161919585,1.016794888,2,0
0,0,0.1666213629,0.5042940446,1,0
0,0,0.2589503469,0.9232898401,2,0
0,0,0.3108896446,0.519392977,0,0
0,0,0.4848633345,1.739736899,0,0
0,0,0.7994586518,3.145953173,2,0
0,0,1.15784376,3.583851082,0,-1
1,1,1.677940498,5.200967384
0,0,0,0,0,0
0,0,0.08625265951,0.8625265951,0,0
0,0,0.2669706182,1.807179586,1,0
0,0,0.4933406787,2.263700606,0,0
0,0,0.8641151757,3.70774497,0,0
0,0,1.390070826,5.259556501,0,-1
1,1,2.067169501,6.77098675
0,0,0,0,2,0
0,0,-0.07371703616,-0.7371703616,2,0
0,0,-0.2487174109,-1.750003747,1,0
0,0,-0.4700765261,-2.213591152,2,0
0,0,-0.8329581514,-3.628816253,2,0
0,0,-1.366466087,-5.335079356,0,-1
1,1,-2.022712101,-6.562460142
0,0,0,0,0,0
0,0,0.09732815353,0.9732815353,2,0
0,0,0.1401482868,0.4282013326,0,0
0,0,0.3014682704,1.613199836,1,0
0,0,0.4966058108,1.951375404,0,0
0,0,0.8344680404,3.378622296,0,0
0,0,1.328813929,4.943458888,0,-1
1,1,1.979927857,6.511139277
0,0,0,0,1,0
0,0,-0.006619601746,-0.06619601746,0,0
0,0,0.08433366426,0.90953266,2,0
0,0,0.1134327303,0.2909906608,0,0
0,0,0.2395092418,1.260765115,1,0
0,0,0.3981687833,1.586595415,2,0
0,0,0.544176623,1.460078397,0,0
0,0,0.8592336124,3.150569894,2,0
0,0,1.234447998,3.752143859,2,-1
1,1,1.713953178,4.795051793
0,0,0,0,0,0
0,0,0.08968928413,0.8968928413,0,0
0,0,0.288136657,1.984473729,2,0
0,0,0.4352094645,1.470728074,1,0
0,0,0.6667770553,2.315675908,0,0
0,0,1.0703519,4.035748445,0,-1
1,1,1.626796515,5.564446146
0,0,0,0,0,0
0,0,0.08032717674,0.8032717674,1,0
0,0,0.1584193102,0.7809213347,0,0
0,0,0.3388702648,1.804509546,1,0
0,0,0.5698456028,2.30975338,2,0
0,0,0.8084755869,2.386299841,2,0
0,0,1.102070731,2.935951445,1,0
0,0,1.529920768,4.278500363,1,-1
1,1,2.103163408,5.732426404
0,0,0,0,2,0
0,0,-0.07963816001,-0.7963816001,2,0
0,0,-0.2611917713,-1.815536113,2,0
0,0,-0.5548376123,-2.93645841,1,0
0,0,-0.9298964195,-3.750588071,1,0
0,0,-1.415297544,-4.854011248,0,-1
1,1,-2.030043185,-6.147456409
0,0,0,0,2,0
0,0,-0.08591815755,-0.8591815755,1,0
0,0,-0.1843092516,-0.9839109408,0,0
0,0,-0.215728921,-0.3141966933,2,0
0,0,-0.3552408837,-1.395119628,1,0
0,0,-0.5388893811,-1.836484974,2,0
0,0,-0.8713071755,-3.324177944,1,0
0,0,-1.305367074,-4.340598986,0,-1
1,1,-1.8539042,-5.485371262
0,0,0,0,2,0
0,0,-0.08714238152,-0.8714238152,2,0
0,0,-0.2612435842,-1.741012027,1,0
0,0,-0.4784285776,-2.171849935,0,0
0,0,-0.6906600691,-2.122314915,1,0
0,0,-0.9912567417,-3.005966726,0,0
0,0,-1.36516266,-3.739059185,1,-1
1,1,-1.878278456,-5.131157962
0,0,0,0,0,0
0,0,0.08287159327,0.8287159327,1,0
0,0,0.1672659917,0.8439439841,1,0
0,0,0.281713657,1.144476653,1,0
0,0,0.4531557946,1.714421376,0,0
0,0,0.7758389569,3.226831623,1,0
0,0,1.204110435,4.282714783,1,-1
1,1,1.76821235,5.641019143
0,0,0,0,0,0
0,0,0.07940288917,0.7940288917,0,0
0,0,0.2696391561,1.90236267,2,0
0,0,0.4034888757,1.338497196,0,0
0,0,0.6688270049,2.653381292,1,0
0,0,1.04063373,3.718067247,1,0
0,0,1.5283086,4.876748706,0,-1
1,1,2.164881297,6.365726968
0,0,0,0,2,0
0,0,-0.07765223136,-0.7765223136,2,0
0,0,-0.2634654423,-1.85813211,0,0
0,0,-0.3988600696,-1.353946272,1,0
0,0,-0.6002624118,-2.014023422,2,0
0,0,-0.9547417799,-3.54479368,2,0
0,0,-1.469948453,-5.152066729,0,-1
1,1,-2.120009704,-6.500612509
0,0,0,0,2,0
0,0,-0.08001816627,-0.8001816627,1,0
0,0,-0.1584280644,-0.7840989815,1,0
0,0,-0.274096269,-1.156682046,2,0
0,0,-0.5061735852,-2.320773162,1,0
0,0,-0.8041030022,-2.97929417,0,0
0,0,-1.163237305,-3.591343028,1,-1
1,1,-1.656208063,-4.929707583
0,0,0,0,1,0
0,0,0.009017821796,0.09017821796,0,0
0,0,0.106676259,0.9765843725,1,0
0,0,0.2369034221,1.302271631,0,0
0,0,0.4940032856,2.570998635,0,0
0,0,0.9024369337,4.084336481,2,0
0,0,1.37122122,4.687842866,0,-1
1,1,1.993481293,6.22260073
0,0,0,0,1,0
0,0,-0.00476635406,-0.0476635406,0,0
0,0,0.07375639869,0.7852275275,0,0
0,0,0.2380826442,1.643262455,2,0
0,0,0.3487062166,1.106235724,1,0
0,0,0.5083562215,1.596500049,1,0
0,0,0.751022578,2.426663565,1,0
0,0,1.093818918,3.427963401,1,0
0,0,1.563707032,4.698881138,1,-1
1,1,2.18030943,6.166023984
0,0,0,0,1,0
0,0,-0.00325735695,-0.0325735695,0,0
0,0,0.07231515945,0.755725164,1,0
0,0,0.1671845777,0.9486941821,1,0
0,0,0.3070979312,1.399133536,2,0
0,0,0.429885454,1.227875228,2,0
0,0,0.5378011565,1.079157024,0,0
0,0,0.810504938,2.727037815,1,0
0,0,1.190541837,3.800368991,0,-1
1,1,1.725740796,5.351989593
0,0,0,0,1,0
0,0,-0.0009252365838,-0.009252365838,2,0
0,0,-0.08489618346,-0.8397094688,1,0
0,0,-0.1696530181,-0.8475683465,1,0
0,0,-0.291367396,-1.217143778,1,0
0,0,-0.4553504309,-1.63983035,1,0
0,0,-0.7059621909,-2.5061176,2,0
0,0,-1.127849158,-4.218869671,1,-1
1,1,-1.673560086,-5.457109285
0,0,0,0,0,0
0,0,0.07824882288,0.7824882288,0,0
0,0,0.2701865403,1.919377175,1,0
0,0,0.4936147944,2.234282541,2,0
0,0,0.7313543691,2.377395747,2,0
0,0,1.016221531,2.848671615,0,0
0,0,1.460668072,4.444465419,2,-1
1,1,2.040929963,5.802618903
0,0,0,0,0,0
0,0,0.09207797028,0.9207797028,1,0
0,0,0.2041559606,1.120779904,0,0
0,0,0.4530549848,2.488990242,0,0
0,0,0.8608396322,4.077846474,0,0
0,0,1.418671997,5.57832365,1,-1
1,1,2.113703315,6.950313179
0,0,0,0,1,0
0,0,-0.01061597348,-0.1061597348,1,0
0,0,-0.01647013914,-0.05854165655,1,0
0,0,-0.0385035366,-0.2203339747,0,0
0,0,0.01690127045,0.5540480705,1,0
0,0,0.08732515091,0.7042388047,1,0
0,0,0.1557412874,0.6841613651,2,0
0,0,0.1533850211,-0.02356266344,1,0
0,0,0.1917736465,0.3838862537,1,0
0,0,0.2522255301,0.604518836,1,0
0,0,0.3597939148,1.075683847,2,0
0,0,0.4530215171,0.9322760233,2,0
0,0,0.5336042179,0.8058270074,0,0
0,0,0.7656508249,2.320466071,0,0
0,0,1.162450811,3.967999864,0,-1
1,1,1.723743755,5.61292944
0,0,0,0,2,0
0,0,-0.09774726339,-0.9774726339,0,0
0,0,-0.1147202931,-0.1697302975,1,0
0,0,-0.158807894,-0.4408760091,0,0
0,0,-0.1334704722,0.2533742184,2,0
0,0,-0.2293060336,-0.958355614,1,0
0,0,-0.3734621989,-1.441561653,2,0
0,0,-0.6455685839,-2.72106385,0,0
0,0,-0.9529734658,-3.074048819,2,0
0,0,-1.419315229,-4.66341763,0,-1
1,1,-2.016413381,-5.97098152
0,0,0,0,0,0
0,0,0.07353589919,0.7353589919,1,0
0,0,0.1652562853,0.9172038614,2,0
0,0,0.1959891084,0.3073282308,0,0
0,0,0.3524526187,1.564635103,2,0
0,0,0.4713379851,1.188853664,1,0
0,0,0.6781738201,2.06835835,1,0
0,0,0.9917707729,3.135969528,2,0
0,0,1.384835693,3.930649199,1,-1
1,1,1.918678978,5.338432852
0,0,0,0,0,0
0,0,0.09016531339,0.9016531339,1,0
0,0,0.211165104,1.209997906,0,0
0,0,0.4590179699,2.478528659,0,0
0,0,0.8501761856,3.911582157,1,0
0,0,1.339711801,4.895356154,2,-1
1,1,1.949812161,6.101003596
0,0,0,0,1,0
0,0,0.009314479876,0.09314479876,2,0
0,0,-0.06416867347,-0.7348315334,0,0
0,0,-0.05350594008,0.1066273339,2,0
0,0,-0.1235575139,-0.7005157386,2,0
0,0,-0.3088715415,-1.853140276,2,0
0,0,-0.6174541532,-3.085826117,0,0
0,0,-0.9542455395,-3.367913863,0,0
0,0,-1.365884886,-4.116393467,2,-1
1,1,-1.932005495,-5.661206083
0,0,0,0,0,0
0,0,0.07316810971,0.7316810971,0,0
0,0,0.2360768439,1.629087342,0,0
0,0,0.5124671507,2.763903068,0,0
0,0,0.928918576,4.164514253,2,0
0,0,1.401687762,4.727691862,0,-1
1,1,2.028948985,6.272612227
0,0,0,0,0,0
0,0,0.1041061029,1.041061029,0,0
0,0,0.3169535914,2.128474885,2,0
0,0,0.4990613657,1.821077744,2,0
0,0,0.677222866,1.781615003,1,0
0,0,0.9632595774,2.860367114,0,0
0,0,1.412832669,4.495730914,2,-1
1,1,1.99363657,5.808039016
0,0,0,0,1,0
0,0,-0.01377270269,-0.1377270269,0,0
0,0,0.04593313541,0.597058381,0,0
0,0,0.1924010924,1.46467957,1,0
0,0,0.3553332373,1.629321449,1,0
0,0,0.5879189353,2.32585698,2,0
0,0,0.8311802884,2.432613531,2,0
0,0,1.14039464,3.092143514,2,0
0,0,1.55080317,4.104085307,1,-1
1,1,2.107520663,5.567174922
0,0,0,0,0,0
0,0,0.08645023197,0.8645023197,2,0
0,0,0.09962376742,0.1317353545,2,0
0,0,0.05402186361,-0.4560190382,0,0
0,0,0.116031116,0.6200925244,0,0
0,0,0.2744082894,1.583771734,0,0
0,0,0.5760057386,3.015974492,2,0
0,0,0.8969763693,3.209706307,0,0
0,0,1.391328464,4.943520943,1,-1
1,1,2.027072965,6.357445013
0,0,0,0,2,0
0,0,-0.07149129609,-0.7149129609,0,0
0,0,-0.08145797673,-0.09966680646,2,0
0,0,-0.19960578,-1.181478033,1,0
0,0,-0.3571266154,-1.575208354,2,0
0,0,-0.6443234719,-2.871968564,0,0
0,0,-0.9609072451,-3.165837733,0,0
0,0,-1.344729055,-3.838218095,0,-1
1,1,-1.849353243,-5.046241885
0,0,0,0,1,0
0,0,0.01217700393,0.1217700393,0,0
0,0,0.1057236395,0.9354663557,1,0
0,0,0.2149166005,1.09192961,0,0
0,0,0.4292348828,2.143182822,1,0
0,0,0.7243113227,2.950764399,1,0
0,0,1.117774172,3.934628495,1,-1
1,1,1.63302622,5.152520483
0,0,0,0,0,0
0,0,0.09802116153,0.9802116153,2,0
0,0,0.1103226998,0.1230153827,2,0
0,0,0.05865231243,-0.5167038738,0,0
0,0,0.1150874558,0.5643514334,1,0
0,0,0.1867128162,0.7162536045,2,0
0,0,0.2051297511,0.1841693484,1,0
0,0,0.2695679487,0.6443819768,0,0
0,0,0.4764817335,2.069137847,1,0
0,0,0.7472266236,2.707448902,1,0
0,0,1.113829966,3.66603342,0,-1
1,1,1.647341249,5.335112833
0,0,0,0,2,0
0,0,-0.08121851279,-0.8121851279,2,0
0,0,-0.2791825991,-1.979640863,1,0
0,0,-0.5375764264,-2.583938273,0,0
0,0,-0.8093379819,-2.717615555,0,0
0,0,-1.129396621,-3.200586389,0,0
0,0,-1.546855738,-4.174591175,0,-1
1,1,-2.108867562,-5.620118238
0,0,0,0,1,0
0,0,-0.005796902313,-0.05796902313,1,0
0,0,-0.01401589961,-0.08218997298,0,0
0,0,0.06220351864,0.7621941825,2,0
0,0,0.06086338847,-0.01340130172,1,0
0,0,0.07347611345,0.1261272498,0,0
0,0,0.1764537418,1.029776284,2,0
0,0,0.2337503026,0.5729656077,1,0
0,0,0.3301176575,0.9636735489,1,0
0,0,0.4903599773,1.602423198,0,0
0,0,0.7938987503,3.03538773,2,0
0,0,1.143149962,3.492512115,1,-1
1,1,1.626816684,4.836667218
0,0,0,0,1,0
0,0,0.008892323465,0.08892323465,1,0
0,0,0.01066366754,0.01771344071,0,0
0,0,0.1066368237,0.9597315613,1,0
0,0,0.2157694087,1.091325851,0,0
0,0,0.4564965562,2.407271474,1,0
0,0,0.7759951213,3.194985652,2,0
0,0,1.135980229,3.599851074,2,-1
1,1,1.592328887,4.563486579
0,0,0,0,2,0
0,0,-0.08506494438,-0.8506494438,0,0
0,0,-0.08716661077,-0.0210166639,2,0
0,0,-0.1980921542,-1.109255435,1,0
0,0,-0.3458307038,-1.477385496,1,0
0,0,-0.5400092905,-1.941785867,2,0
0,0,-0.8790805134,-3.390712229,2,0
0,0,-1.37523391,-4.961533963,2,-1
1,1,-2.022917093,-6.476831831
0,0,0,0,2,0
0,0,-0.09975366762,-0.9975366762,2,0
0,0,-0.3173482634,-2.175945957,2,0
0,0,-0.6754067898,-3.580585264,2,0
0,0,-1.196941709,-5.215349191,0,-1
1,1,-1.820029017,-6.230873082
0,0,0,0,0,0
0,0,0.07508506473,0.7508506473,1,0
0,0,0.1535275199,0.7844245517,1,0
0,0,0.2549085694,1.013810496,2,0
0,0,0.3212489238,0.6634035432,1,0
0,0,0.4257805695,1.045316457,0,0
0,0,0.6614932372,2.357126678,0,0
0,0,1.051314363,3.898211257,2,0
0,0,1.526455566,4.751412028,1,-1
1,1,2.14712995,6.206743843
0,0,0,0,0,0
0,0,0.09489783309,0.9489783309,0,0
0,0,0.2941096588,1.992118257,2,0
0,0,0.4685909414,1.744812826,0,0
0,0,0.7867133789,3.181224375,1,0
0,0,1.206596377,4.198829979,0,-1
1,1,1.783272793,5.766764158
0,0,0,0,1,0
0,0,0.008765367271,0.08765367271,1,0
0,0,0.00186743195,-0.06897935321,2,0
0,0,-0.07591536689,-0.7778279884,0,0
0,0,-0.08942756531,-0.1351219842,1,0
0,0,-0.1037048179,-0.1427725254,1,0
0,0,-0.1529671742,-0.4926235639,1,0
0,0,-0.2384768164,-0.8550964214,0,0
0,0,-0.2797869194,-0.4131010304,1,0
0,0,-0.3745425048,-0.9475558535,0,0
0,0,-0.4517741095,-0.7723160475,0,0
0,0,-0.5146039698,-0.6282986027,0,0
0,0,-0.5739395847,-0.5933561489,0,0
0,0,-0.6624242683,-0.8848468358,0,0
0,0,-0.7767951543,-1.14370886,2,0
0,0,-1.050227418,-2.734322632,2,0
0,0,-1.488637339,-4.384099213,1,-1
1,1,-2.070360306,-5.817229675
0,0,0,0,2,0
0,0,-0.07205923478,-0.7205923478,0,0
0,0,-0.05969655835,0.1236267643,2,0
0,0,-0.1540569276,-0.9436036924,1,0
0,0,-0.2822530308,-1.281961032,2,0
0,0,-0.544674125,-2.624210941,2,0
0,0,-0.9509948742,-4.063207492,1,0
0,0,-1.475426896,-5.244320216,2,-1
1,1,-2.149448056,-6.740211602
0,0,0,0,1,0
0,0,0.01422874666,0.1422874666,2,0
0,0,-0.05108535043,-0.6531409709,1,0
0,0,-0.1371318106,-0.860464602,2,0
0,0,-0.3225000667,-1.85368256,0,0
0,0,-0.4834524808,-1.609524141,0,0
0,0,-0.6301651683,-1.467126875,0,0
0,0,-0.8072142931,-1.770491247,0,0
0,0,-1.036518582,-2.293042888,0,0
0,0,-1.355225902,-3.1870732,0,-1
1,1,-1.797591836,-4.423659343
0,0,0,0,2,0
0,0,-0.08667863933,-0.8667863933,0,0
0,0,-0.1157782705,-0.2909963113,2,0
0,0,-0.2631303753,-1.473521048,1,0
0,0,-0.4687628613,-2.05632486,2,0
0,0,-0.8114072846,-3.426444233,0,0
0,0,-1.194184101,-3.827768164,2,-1
1,1,-1.735978784,-5.417946833
0,0,0,0,2,0
0,0,-0.07490268934,-0.7490268934,0,0
0,0,-0.06361414551,0.1128854383,2,0
0,0,-0.1465997899,-0.8298564441,0,0
0,0,-0.1798004755,-0.3320068558,1,0
0,0,-0.2546584519,-0.7485797644,0,0
0,0,-0.2864922736,-0.3183382171,0,0
0,0,-0.2820892181,0.04403055585,1,0
0,0,-0.3087735051,-0.26684287,2,0
0,0,-0.4578489916,-1.490754865,2,0
0,0,-0.7706699784,-3.128209868,1,0
0,0,-1.197668611,-4.269986322,1,-1
1,1,-1.752509625,-5.548410144
0,0,0,0,1,0
0,0,0.0126049558,0.126049558,0,0
0,0,0.1203396308,1.07734675,1,0
0,0,0.250266935,1.299273042,0,0
0,0,0.5165978557,2.663309207,2,0
0,0,0.7777840615,2.611862058,1,0
0,0,1.133957551,3.561734893,2,-1
1,1,1.582349718,4.48392167
0,0,0,0,2,0
0,0,-0.09418296131,-0.9418296131,2,0
0,0,-0.2848067653,-1.90623804,2,0
0,0,-0.6140822885,-3.292755233,0,0
0,0,-0.9682809933,-3.541987048,0,0
0,0,-1.387635522,-4.193545287,2,-1
1,1,-1.960513303,-5.728777812
0,0,0,0,1,0
0,0,0.01270971472,0.1270971472,1,0
0,0,0.039595358,0.2688564327,1,0
0,0,0.0645911776,0.249958196,0,0
0,0,0.175563417,1.109722394,1,0
0,0,0.3010784901,1.255150731,0,0
0,0,0.5690201486,2.679416585,0,0
0,0,0.989734631,4.207144823,0,-1
1,1,1.57242223,5.826875986
0,0,0,0,1,0
0,0,-0.0006321960918,-0.006321960918,1,0
0,0,0.0002482901935,0.008804862853,0,0
0,0,0.09400968023,0.9376139004,1,0
0,0,0.2185680925,1.245584123,2,0
0,0,0.2920848483,0.7351675578,0,0
0,0,0.4843207022,1.92235854,0,0
0,0,0.8326839982,3.48363296,1,0
0,0,1.281537783,4.488537849,1,-1
1,1,1.866252619,5.847148356
0,0,0,0,2,0
0,0,-0.08737892535,-0.8737892535,2,0
0,0,-0.2824818115,-1.951028861,2,0
0,0,-0.608566788,-3.260849765,2,0
0,0,-1.089145709,-4.805789208,2,-1
1,1,-1.731710427,-6.425647178
0,0,0,0,1,0
0,0,-0.008501956146,-0.08501956146,2,0
0,0,-0.1105267264,-1.020247702,1,0
0,0,-0.2477099783,-1.371832519,2,0
0,0,-0.5246637372,-2.769537589,1,0
0,0,-0.8888559624,-3.641922252,0,0
0,0,-1.309334836,-4.204788738,0,-1
1,1,-1.843911761,-5.34576925
0,0,0,0,1,0
0,0,0.01733360899,0.1733360899,0,0
0,0,0.1408737811,1.235401721,1,0
0,0,0.2944443594,1.535705783,1,0
0,0,0.4905428359,1.960984765,1,0
0,0,0.7577025041,2.671596682,1,0
0,0,1.139094352,3.813918477,1,-1
1,1,1.649752892,5.106585405
0,0,0,0,2,0
0,0,-0.09859176735,-0.9859176735,1,0
0,0,-0.2044468264,-1.05855059,2,0
0,0,-0.4446579322,-2.402111059,1,0
0,0,-0.7614104645,-3.167525322,0,0
0,0,-1.130487175,-3.690767106,0,-1
1,1,-1.595029764,-4.645425889
0,0,0,0,1,0
0,0,-0.01278702244,-0.1278702244,0,0
0,0,0.0553186253,0.6810564774,2,0
0,0,0.06195306592,0.06634440616,1,0
0,0,0.08061594229,0.1866287637,2,0
0,0,0.02934945776,-0.5126648453,0,0
0,0,0.08161155646,0.522620987,1,0
0,0,0.1419721717,0.6036061526,0,0
0,0,0.2967273076,1.547551359,2,0
0,0,0.4139283,1.172009924,2,0
0,0,0.5075980786,0.9366977856,2,0
0,0,0.6035423353,0.9594425667,1,0
0,0,0.7904810293,1.86938694,0,0
0,0,1.143284679,3.528036494,2,-1
1,1,1.59050806,4.472233811
0,0,0,0,2,0
0,0,-0.07123438864,-0.7123438864,0,0
0,0,-0.06857334645,0.0266104219,1,0
0,0,-0.09093877424,-0.2236542779,2,0
0,0,-0.2240485284,-1.331097542,2,0
0,0,-0.4738320181,-2.497834896,2,0
0,0,-0.8726310853,-3.987990672,2,0
0,0,-1.434478169,-5.618470833,2,-1
1,1,-2.146105359,-7.116271906
0,0,0,0,1,0
0,0,-0.01004703403,-0.1004703403,2,0
0,0,-0.09407796402,-0.8403092999,1,0
0,0,-0.2092782287,-1.152002646,0,0
0,0,-0.2873256744,-0.7804744577,1,0
0,0,-0.4105796514,-1.232539769,0,0
0,0,-0.523110038,-1.125303867,2,0
0,0,-0.7973112006,-2.742011626,1,0
0,0,-1.169991151,-3.726799503,2,-1
1,1,-1.698889138,-5.288979875
0,0,0,0,2,0
0,0,-0.07336328208,-0.7336328208,1,0
0,0,-0.1461656161,-0.7280233406,1,0
0,0,-0.2468995398,-1.007339236,2,0
0,0,-0.4674084008,-2.20508861,1,0
0,0,-0.7729073503,-3.054989495,2,0
0,0,-1.241309484,-4.684021339,0,-1
1,1,-1.812495917,-5.711864324
0,0,0,0,0,0
0,0,0.1010168005,1.010168005,2,0
0,0,0.1352935368,0.3427673629,0,0
0,0,0.2763272009,1.410336641,1,0
0,0,0.4596177279,1.832905269,2,0
0,0,0.6420423056,1.824245777,1,0
0,0,0.9272631055,2.852207999,2,0
0,0,1.275303963,3.480408572,0,-1
1,1,1.778589769,5.032858064
0,0,0,0,1,0
0,0,0.001155114895,0.01155114895,1,0
0,0,0.01601687064,0.1486175574,2,0
0,0,-0.06129645621,-0.7731332685,0,0
0,0,-0.06718321073,-0.05886754512,0,0
0,0,-0.01084251516,0.5634069557,0,0
0,0,0.1476666507,1.585091659,2,0
0,0,0.25013701,1.024703593,1,0
0,0,0.3835407185,1.334037085,1,0
0,0,0.5921958719,2.086551534,0,0
0,0,0.947508098,3.553122261,0,0
0,0,1.472158151,5.246500528,2,-1
1,1,2.133154327,6.609961763
0,0,0,0,0,0
0,0,0.07277745196,0.7277745196,1,0
0,0,0.1726320598,0.9985460784,2,0
0,0,0.2073440456,0.3471198577,2,0
0,0,0.1747835261,-0.3256051947,2,0
0,0,0.08245164058,-0.9233188553,2,0
0,0,-0.06645162528,-1.489032659,1,0
0,0,-0.2272423612,-1.607907359,1,0
0,0,-0.4425907286,-2.153483675,2,0
0,0,-0.8017714695,-3.591807409,0,0
0,0,-1.210027247,-4.082557778,1,-1
1,1,-1.747867833,-5.37840586
0,0,0,0,0,0
0,0,0.07408945867,0.7408945867,1,0
0,0,0.1724136721,0.9832421339,1,0
0,0,0.3133192178,1.409055458,1,0
0,0,0.4947185668,1.81399349,0,0
0,0,0.8316535091,3.369349423,0,0
0,0,1.324483379,4.928298697,2,-1
1,1,1.937496405,6.130130264
0,0,0,0,2,0
0,0,-0.07633636113,-0.7633636113,0,0
0,0,-0.08957789369,-0.1324153256,0,0
0,0,-0.02965330318,0.5992459051,0,0
0,0,0.1248856051,1.545389083,2,0
0,0,0.2174033946,0.9251778948,0,0
0,0,0.418233529,2.008301344,1,0
0,0,0.6969445854,2.787110564,0,0
0,0,1.129031616,4.320870305,0,-1
1,1,1.719156016,5.901243996
0,0,0,0,0,0
0,0,0.07789764113,0.7789764113,1,0
0,0,0.1646996337,0.8680199261,0,0
0,0,0.3563725442,1.916729105,2,0
0,0,0.531190473,1.748179288,0,0
0,0,0.8516536985,3.204632254,0,0
0,0,1.325393298,4.737395999,2,-1
1,1,1.916146312,5.907530138
0,0,0,0,1,0
0,0,-0.001219637928,-0.01219637928,1,0
0,0,-0.0196017345,-0.1838209657,0,0
0,0,0.03131809185,0.5091982635,2,0
0,0,-0.008991710777,-0.4030980263,2,0
0,0,-0.1442236547,-1.35231944,2,0
0,0,-0.3788199691,-2.345963143,0,0
0,0,-0.5814478401,-2.02627871,1,0
0,0,-0.870050814,-2.886029739,1,0
0,0,-1.266628084,-3.965772705,2,-1
1,1,-1.821721698,-5.550936138
0,0,0,0,0,0
0,0,0.07851597998,0.7851597998,2,0
0,0,0.07845440459,-0.0006157539283,0,0
0,0,0.1666112096,0.8815680506,2,0
0,0,0.1895843959,0.2297318627,0,0
0,0,0.3229272237,1.333428278,0,0
0,0,0.5978672042,2.749399805,0,0
0,0,1.032309391,4.344421869,2,0
0,0,1.540456593,5.081472015,1,-1
1,1,2.194639957,6.541833645
0,0,0,0,1,0
0,0,0.01213091882,0.1213091882,1,0
0,0,0.02559020902,0.134592902,2,0
0,0,-0.0295005425,-0.5509075152,2,0
0,0,-0.1866396407,-1.571390982,2,0
0,0,-0.4559640544,-2.693244137,1,0
0,0,-0.8013284857,-3.453644312,1,0
0,0,-1.247434168,-4.46105682,0,-1
1,1,-1.802757718,-5.553235502
0,0,0,0,1,0
0,0,-0.01510772249,-0.1510772249,1,0
0,0,-0.02120997536,-0.06102252869,2,0
0,0,-0.1106797813,-0.8946980596,0,0
0,0,-0.1172839159,-0.06604134614,2,0
0,0,-0.2202430259,-1.029591099,0,0
0,0,-0.2754883618,-0.5524533595,2,0
0,0,-0.4528723608,-1.77383999,2,0
0,0,-0.7751590682,-3.222867074,2,0
0,0,-1.260974961,-4.85815893,2,-1
1,1,-1.900912012,-6.399370511
0,0,0,0,0,0
0,0,0.09916626726,0.9916626726,2,0
0,0,0.1297871526,0.3062088537,0,0
0,0,0.276169737,1.463825843,0,0
0,0,0.5678760955,2.917063585,1,0
0,0,0.9355737265,3.67697631,0,0
0,0,1.468448878,5.328751515,2,-1
1,1,2.135797206,6.673483275
0,0,0,0,1,0
0,0,-0.009238908992,-0.09238908992,1,0
0,0,-0.01255857129,-0.03319662299,1,0
0,0,-0.004904084658,0.07654486633,2,0
0,0,-0.06927708529,-0.6437300064,1,0
0,0,-0.140778246,-0.7150116074,2,0
0,0,-0.3064098853,-1.656316393,1,0
0,0,-0.5345789106,-2.281690253,2,0
0,0,-0.919336965,-3.847580544,1,0
0,0,-1.425656915,-5.063199496,2,-1
1,1,-2.082978033,-6.573211179
0,0,0,0,2,0
0,0,-0.07702914322,-0.7702914322,1,0
0,0,-0.1537473437,-0.7671820044,0,0
0,0,-0.1684311841,-0.1468384044,2,0
0,0,-0.2834510498,-1.150198657,0,0
0,0,-0.3701842432,-0.8673319336,2,0
0,0,-0.6010655335,-2.308812903,0,0
0,0,-0.8567179711,-2.556524376,1,0
0,0,-1.218315151,-3.615971799,1,-1
1,1,-1.718919064,-5.00603913
0,0,0,0,2,0
0,0,-0.08388358137,-0.8388358137,2,0
0,0,-0.2804728501,-1.965892687,1,0
0,0,-0.5190624136,-2.385895635,2,0
0,0,-0.9094714842,-3.904090706,1,0
0,0,-1.401744352,-4.922728682,0,-1
1,1,-2.023345425,-6.216010723
0,0,0,0,1,0
0,0,-0.01673227184,-0.1673227184,0,0
0,0,0.04062748086,0.573597527,0,0
0,0,0.2026221939,1.619947131,2,0
0,0,0.3100811477,1.074589538,0,0
0,0,0.5450107894,2.349296417,0,0
0,0,0.9356007087,3.905899192,0,0
0,0,1.477971927,5.423712184,0,-1
1,1,2.169577262,6.916053349
0,0,0,0,1,0
0,0,-0.00473988086,-0.0473988086,2,0
0,0,-0.09831088061,-0.9357099975,2,0
0,0,-0.2981222524,-1.998113718,0,0
0,0,-0.4591285148,-1.610062624,0,0
0,0,-0.6174589904,-1.583304756,1,0
0,0,-0.8766576288,-2.591986384,1,0
0,0,-1.250273621,-3.736159926,2,-1
1,1,-1.786166209,-5.358925872
0,0,0,0,1,0
0,0,-0.00960058448,-0.0960058448,1,0
0,0,-0.01987995093,-0.1027936645,0,0
0,0,0.0576059077,0.7748585863,1,0
0,0,0.1364395814,0.7883367368,0,0
0,0,0.3148055709,1.783659895,2,0
0,0,0.4739153611,1.591097902,1,0
0,0,0.6966676462,2.227522851,2,0
0,0,0.9680480111,2.713803648,1,0
0,0,1.358871192,3.908231809,1,-1
1,1,1.889672608,5.30801416
0,0,0,0,2,0
0,0,-0.08552631777,-0.8552631777,1,0
0,0,-0.1946669929,-1.091406751,2,0
0,0,-0.4363577231,-2.416907303,2,0
0,0,-0.8107539119,-3.743961888,2,0
0,0,-1.343833675,-5.330797633,2,-1
1,1,-2.029310204,-6.854765285
0,0,0,0,2,0
0,0,-0.1037736369,-1.037736369,0,0
0,0,-0.1542499257,-0.5047628886,1,0
0,0,-0.2264585274,-0.7220860168,0,0
0,0,-0.2360232316,-0.09564704245,0,0
0,0,-0.2153810977,0.2064213394,0,0
0,0,-0.1343453083,0.8103578939,2,0
0,0,-0.1532480143,-0.1890270596,1,0
0,0,-0.199347991,-0.4609997678,0,0
0,0,-0.1894640051,0.09883985954,0,0
0,0,-0.1152257618,0.7423824333,1,0
0,0,-0.05997278406,0.5525297769,2,0
0,0,-0.08851449528,-0.2854171122,1,0
0,0,-0.144358337,-0.5584384169,0,0
0,0,-0.1367133436,0.07644993386,2,0
0,0,-0.2420206631,-1.053073195,2,0
0,0,-0.4827979824,-2.407773193,0,0
0,0,-0.7082518942,-2.254539118,1,0
0,0,-1.040687854,-3.324359598,0,0
0,0,-1.453638737,-4.129508832,0,-1
1,1,-2.000851991,-5.47213254
0,0,0,0,0,0
0,0,0.1037537778,1.037537778,2,0
0,0,0.1219958202,0.182420424,0,0
0,0,0.2597893818,1.377935616,1,0
0,0,0.4484439997,1.886546178,0,0
0,0,0.7727479342,3.243039345,0,0
0,0,1.255323019,4.825750843,2,-1
1,1,1.849720168,5.943971491
0,0,0,0,2,0
0,0,-0.0783875577,-0.783875577,0,0
0,0,-0.07541199512,0.02975562579,0,0
0,0,-0.0001807966375,0.7523119849,2,0
0,0,-0.01044313574,-0.102623391,0,0
0,0,0.07533887758,0.8578201332,2,0
0,0,0.0945861757,0.1924729812,1,0
0,0,0.1183565206,0.2377034486,1,0
0,0,0.1692903932,0.5093387267,2,0
0,0,0.1683973869,-0.00893006303,1,0
0,0,0.2094612998,0.4106391286,2,0
0,0,0.1929721441,-0.1648915567,2,0
0,0,0.1223451073,-0.7062703686,1,0
0,0,0.06625429609,-0.5609081116,0,0
0,0,0.1172156582,0.5096136208,0,0
0,0,0.2608737749,1.436581168,1,0
0,0,0.4441906871,1.833169122,1,0
0,0,0.6962551038,2.520644167,1,0
0,0,1.042265149,3.460100454,2,0
0,0,1.478786451,4.365213018,0,-1
1,1,2.066448539,5.87662088
0,0,0,0,2,0
0,0,-0.1017745468,-1.017745468,0,0
0,0,-0.1348274412,-0.3305289438,2,0
0,0,-0.2706476514,-1.358202102,1,0
0,0,-0.4522601219,-1.816124705,1,0
0,0,-0.713134176,-2.608740541,1,0
0,0,-1.077402098,-3.642679224,2,-1
1,1,-1.607455378,-5.300532795
0,0,0,0,0,0
0,0,0.07381766166,0.7381766166,2,0
0,0,0.07187978859,-0.01937873069,2,0
0,0,-0.01755275048,-0.8943253907,0,0
0,0,-0.0330216005,-0.1546885002,0,0
0,0,0.03666972719,0.6969132769,0,0
0,0,0.1979364193,1.612666921,2,0
0,0,0.3170830393,1.1914662,1,0
0,0,0.4894987091,1.724156698,1,0
0,0,0.7468865291,2.5738782,2,0
0,0,1.046463752,2.995772231,0,0
0,0,1.513502836,4.670390835,1,-1
1,1,2.126288971,6.127861354
0,0,0,0,1,0
0,0,0.004110149588,0.04110149588,2,0
0,0,-0.0928173559,-0.9692750549,0,0
0,0,-0.1256338874,-0.3281653147,1,0
0,0,-0.1637804838,-0.381465964,1,0
0,0,-0.2396529564,-0.7587247259,2,0
0,0,-0.4350517338,-1.953987775,2,0
0,0,-0.7860650073,-3.510132735,1,0
0,0,-1.243800745,-4.577357381,1,-1
1,1,-1.836617653,-5.928169079
0,0,0,0,2,0
0,0,-0.07298802689,-0.7298802689,0,0
0,0,-0.07759784679,-0.04609819899,0,0
0,0,-0.02216104706,0.5543679973,2,0
0,0,-0.04214036058,-0.1997931352,2,0
0,0,-0.1608441221,-1.187037615,0,0
0,0,-0.2128183259,-0.5197420386,2,0
0,0,-0.3859532782,-1.731349523,0,0
0,0,-0.5386153206,-1.526620424,1,0
0,0,-0.7839531479,-2.453378273,0,0
0,0,-1.075561436,-2.916082878,1,0
0,0,-1.501660345,-4.260989094,2,-1
1,1,-2.077040434,-5.753800893
0,0,0,0,1,0
0,0,0.00809542216,0.0809542216,0,0
0,0,0.111862034,1.037666118,2,0
0,0,0.1369223998,0.2506036582,2,0
0,0,0.08315943748,-0.537629623,0,0
0,0,0.1222993502,0.3913991276,2,0
0,0,0.09791297486,-0.2438637537,1,0
0,0,0.07562959417,-0.2228338069,0,0
0,0,0.1445045475,0.6887495334,1,0
0,0,0.2308376168,0.8633306931,0,0
0,0,0.4294272233,1.985896065,2,0
0,0,0.6081165867,1.786893633,2,0
0,0,0.8082758086,2.001592219,2,0
0,0,1.059235073,2.509592649,2,0
0,0,1.401213477,3.419784038,1,-1
1,1,1.887259424,4.860459472
0,0,0,0,2,0
0,0,-0.1034399052,-1.034399052,0,0
0,0,-0.1208902452,-0.1745033999,1,0
0,0,-0.1756773519,-0.5478710669,0,0
0,0,-0.1852757176,-0.09598365755,1,0
0,0,-0.2295230171,-0.4424729943,2,0
0,0,-0.4043593157,-1.748362986,1,0
0,0,-0.655035569,-2.506762533,1,0
0,0,-1.008458938,-3.534233687,0,0
0,0,-1.438915729,-4.304567908,0,-1
1,1,-2.003080082,-5.64164353
