2,1,1
0,0,0,0,0,0
0,0,0.08213695787,0.8213695787,2,0
0,0,0.07405408201,-0.08082875855,2,0
0,0,0.003025367464,-0.7102871455,2,0
0,0,-0.1607992025,-1.6382457,1,0
0,0,-0.3638956144,-2.030964119,2,0
0,0,-0.7161437255,-3.522481112,0,0
0,0,-1.111231752,-3.950880266,1,-1
1,1,-1.632154443,-5.209226911
0,0,0,0,1,0
0,0,-0.003541171665,-0.03541171665,2,0
0,0,-0.09530023783,-0.9175906616,0,0
0,0,-0.1331833724,-0.3788313459,0,0
0,0,-0.1193775218,0.1380585064,2,0
0,0,-0.200319306,-0.8094178421,0,0
0,0,-0.2387436581,-0.384243521,0,0
0,0,-0.2469259907,-0.08182332644,0,0
0,0,-0.212269792,0.3465619875,1,0
0,0,-0.2093815863,0.02888205646,2,0
0,0,-0.3119017661,-1.025201798,1,0
0,0,-0.4629848059,-1.510830398,2,0
0,0,-0.7604742293,-2.974894234,1,0
0,0,-1.166710828,-4.062365989,2,-1
1,1,-1.732335115,-5.656242869
0,0,0,0,0,0
0,0,0.0736227387,0.736227387,1,0
0,0,0.1483199052,0.7469716653,1,0
0,0,0.2598503313,1.11530426,0,0
0,0,0.4938329437,2.339826125,1,0
0,0,0.8102473119,3.164143681,0,0
0,0,1.280870668,4.706233563,2,-1
1,1,1.861704373,5.808337051
0,0,0,0,2,0
0,0,-0.08737296109,-0.8737296109,1,0
0,0,-0.187470643,-1.000976819,1,0
0,0,-0.3253684968,-1.378978538,2,0
0,0,-0.613695669,-2.883271722,2,0
0,0,-1.044854827,-4.311591578,2,-1
1,1,-1.641555949,-5.967011224
0,0,0,0,1,0
0,0,-0.005868283179,-0.05868283179,2,0
0,0,-0.1164897398,-1.106214567,0,0
0,0,-0.1678185235,-0.513287837,1,0
0,0,-0.2382227836,-0.704042601,2,0
0,0,-0.4279947672,-1.897719835,0,0
0,0,-0.6006679308,-1.726731636,0,0
0,0,-0.793748674,-1.930807432,2,0
0,0,-1.162476732,-3.687280578,1,-1
1,1,-1.659926845,-4.974501131
0,0,0,0,0,0
0,0,0.07959564226,0.7959564226,1,0
0,0,0.1598789682,0.8028332596,1,0
0,0,0.2518057415,0.9192677323,2,0
0,0,0.2921586633,0.4035292186,0,0
0,0,0.4698015338,1.776428705,2,0
0,0,0.6538684811,1.840669473,2,0
0,0,0.8600795016,2.062110205,2,0
0,0,1.13389338,2.73813878,0,0
0,0,1.569022851,4.351294709,1,-1
1,1,2.15109626,5.820734098
0,0,0,0,0,0
0,0,0.08073592287,0.8073592287,0,0
0,0,0.2646285079,1.838925851,0,0
0,0,0.5703635826,3.057350747,0,0
0,0,1.037048022,4.66684439,2,-1
1,1,1.586397351,5.493493297
0,0,0,0,2,0
0,0,-0.0925512424,-0.925512424,1,0
0,0,-0.2003622144,-1.07810972,0,0
0,0,-0.2519409054,-0.5157869098,1,0
0,0,-0.3326369943,-0.8069608888,2,0
0,0,-0.5608879039,-2.282509096,2,0
0,0,-0.9538946594,-3.930067555,2,0
0,0,-1.506996175,-5.531015152,2,-1
1,1,-2.208565158,-7.015689832
0,0,0,0,0,0
0,0,0.08886281408,0.8886281408,1,0
0,0,0.1774817386,0.8861892455,1,0
0,0,0.2973194744,1.198377358,1,0
0,0,0.4655047575,1.681852831,0,0
0,0,0.78475327,3.192485125,0,0
0,0,1.261620382,4.768671121,0,-1
1,1,1.891581494,6.299611123
0,0,0,0,0,0
0,0,0.07109680766,0.7109680766,0,0
0,0,0.2437959133,1.726991056,0,0
0,0,0.5315355873,2.87739674,0,0
0,0,0.9633835971,4.318480098,2,0
0,0,1.460653883,4.972702864,2,-1
1,1,2.091023472,6.303695887
0,0,0,0,1,0
0,0,-0.01507538239,-0.1507538239,1,0
0,0,-0.04069533643,-0.2561995404,2,0
0,0,-0.1649337886,-1.242384522,1,0
0,0,-0.311384174,-1.464503854,2,0
0,0,-0.5931672438,-2.817830698,2,0
0,0,-1.027696935,-4.345296911,1,-1
1,1,-1.579991302,-5.522943673
0,0,0,0,1,0
0,0,0.003371626036,0.03371626036,1,0
0,0,0.003697882402,0.003262563657,1,0
0,0,0.009335471436,0.05637589034,1,0
0,0,0.01889015222,0.09554680784,0,0
0,0,0.1315971533,1.127070011,0,0
0,0,0.3701009202,2.385037669,1,0
0,0,0.6650227268,2.949218065,0,0
0,0,1.116414396,4.513916695,0,-1
1,1,1.720496996,6.040826002
0,0,0,0,0,0
0,0,0.09085613491,0.9085613491,0,0
0,0,0.2901423811,1.992862462,0,0
0,0,0.6174946493,3.273522682,2,0
0,0,0.9647364114,3.47241762,0,0
0,0,1.470815611,5.060791998,0,-1
1,1,2.127175931,6.563603201
0,0,0,0,0,0
0,0,0.08113666475,0.8113666475,0,0
0,0,0.2748647956,1.937281309,1,0
0,0,0.5090151171,2.341503215,1,0
0,0,0.8249747791,3.15959662,2,0
0,0,1.196267948,3.712931692,0,-1
1,1,1.731794521,5.355265724
0,0,0,0,1,0
0,0,-0.007900987588,-0.07900987588,0,0
0,0,0.08516237472,0.9306336231,0,0
0,0,0.2902597602,2.050973855,1,0
0,0,0.5396012763,2.493415161,2,0
0,0,0.7988332122,2.59231936,0,0
0,0,1.226369637,4.275364243,2,-1
1,1,1.764464285,5.380946489
0,0,0,0,0,0
0,0,0.08280217988,0.8280217988,2,0
0,0,0.1064742691,0.2367208923,0,0
0,0,0.2415690579,1.350947888,2,0
0,0,0.3153369412,0.7376788331,1,0
0,0,0.4329315757,1.175946345,0,0
0,0,0.6905188009,2.575872252,2,0
0,0,0.9744362736,2.839174727,0,0
0,0,1.424350783,4.499145093,0,-1
1,1,2.024840655,6.004898721
0,0,0,0,2,0
0,0,-0.08012981319,-0.8012981319,0,0
0,0,-0.0840933403,-0.03963527108,1,0
0,0,-0.08979369167,-0.05700351371,0,0
0,0,-0.01951663992,0.7027705175,0,0
0,0,0.147700528,1.672171679,2,0
0,0,0.2578366245,1.101360965,1,0
0,0,0.4060635326,1.482269081,1,0
0,0,0.6203176155,2.142540829,1,0
0,0,0.9214697356,3.011521201,2,0
0,0,1.300531429,3.790616936,1,-1
1,1,1.813289537,5.127581077
0,0,0,0,1,0
0,0,-0.002578198975,-0.02578198975,1,0
0,0,-0.01786079768,-0.1528259871,1,0
0,0,-0.05307956704,-0.3521876936,2,0
0,0,-0.173959863,-1.20880296,0,0
0,0,-0.2442171441,-0.702572811,2,0
0,0,-0.4280157242,-1.837985801,1,0
0,0,-0.671693784,-2.436780598,2,0
0,0,-1.081857461,-4.10163677,0,-1
1,1,-1.574932271,-4.930748102
0,0,0,0,0,0
0,0,0.07801246543,0.7801246543,1,0
0,0,0.1803737837,1.023613183,1,0
0,0,0.304351702,1.239779183,0,0
0,0,0.5703936891,2.660419871,1,0
0,0,0.9104755827,3.400818937,1,0
0,0,1.358153947,4.476783644,0,-1
1,1,1.959947361,6.017934142
0,0,0,0,0,0
0,0,0.08763951645,0.8763951645,0,0
0,0,0.2691859677,1.815464512,2,0
0,0,0.4083431419,1.391571742,0,0
0,0,0.7041927324,2.958495905,2,0
0,0,1.037088308,3.328955752,0,0
0,0,1.539920696,5.028323887,2,-1
1,1,2.186301447,6.463807503
0,0,0,0,2,0
0,0,-0.07362775943,-0.7362775943,0,0
0,0,-0.07601458787,-0.02386828443,1,0
0,0,-0.08097553512,-0.0496094725,0,0
0,0,0.00450108916,0.8547662428,0,0
0,0,0.1790696257,1.745685365,2,0
0,0,0.2867576342,1.076880086,2,0
0,0,0.3482173977,0.6145976347,1,0
0,0,0.4672370595,1.190196618,1,0
0,0,0.674780948,2.075438885,2,0
0,0,0.9189690024,2.441880544,0,0
0,0,1.331564257,4.125952542,2,-1
1,1,1.864441308,5.328770516
0,0,0,0,0,0
0,0,0.08149987133,0.8149987133,2,0
0,0,0.08301561469,0.01515743361,1,0
0,0,0.1045931048,0.2157749011,2,0
0,0,0.07313335204,-0.3145975276,1,0
0,0,0.04266880439,-0.3046454765,2,0
0,0,-0.07567450057,-1.18343305,2,0
0,0,-0.3120872414,-2.364127408,1,0
0,0,-0.6067425714,-2.9465533,1,0
0,0,-0.9914863559,-3.847437845,1,0
0,0,-1.485856413,-4.943700571,0,-1
1,1,-2.118152364,-6.322959512
0,0,0,0,1,0
0,0,0.006008934367,0.06008934367,1,0
0,0,0.00310479708,-0.02904137287,1,0
0,0,-0.00332184579,-0.0642664287,1,0
0,0,-0.01989221654,-0.1657037075,0,0
0,0,0.06235175332,0.8224396986,1,0
0,0,0.1490878572,0.8673610392,0,0
0,0,0.3583315931,2.092437359,0,0
0,0,0.7035950366,3.452634434,0,0
0,0,1.209499979,5.059049428,0,-1
1,1,1.873804207,6.64304228
0,0,0,0,1,0
0,0,0.005850764598,0.05850764598,1,0
0,0,0.006610617661,0.007598530638,1,0
0,0,0.01158901669,0.04978399027,1,0
0,0,0.0127539014,0.01164884711,2,0
0,0,-0.08501157966,-0.9776548106,1,0
0,0,-0.2146891994,-1.296776198,2,0
0,0,-0.4592160121,-2.445268126,2,0
0,0,-0.8423436049,-3.831275928,0,0
0,0,-1.275329676,-4.329860715,1,-1
1,1,-1.838461576,-5.631318999
0,0,0,0,1,0
0,0,-0.0160092722,-0.160092722,1,0
0,0,-0.04833601675,-0.3232674455,2,0
0,0,-0.1826379812,-1.343019644,1,0
0,0,-0.36315161,-1.805136289,2,0
0,0,-0.693534582,-3.30382972,2,0
0,0,-1.189444815,-4.959102328,2,-1
1,1,-1.84496048,-6.555156652
0,0,0,0,1,0
0,0,-0.00849687559,-0.0849687559,1,0
0,0,-0.007533002751,0.009638728385,1,0
0,0,-0.00936288527,-0.01829882519,2,0
0,0,-0.1175028509,-1.081399657,0,0
0,0,-0.1742758485,-0.5677299751,0,0
0,0,-0.1700392888,0.04236559663,2,0
0,0,-0.2893509031,-1.193116143,2,0
0,0,-0.525861623,-2.365107199,2,0
0,0,-0.9194912349,-3.936296119,1,0
0,0,-1.428358102,-5.08866867,0,-1
1,1,-2.068938332,-6.4058023
0,0,0,0,0,0
0,0,0.09647431895,0.9647431895,2,0
0,0,0.1390521042,0.4257778521,1,0
0,0,0.2165865478,0.7753444359,1,0
0,0,0.3440272015,1.274406537,2,0
0,0,0.4452259107,1.011987093,2,0
0,0,0.5410933606,0.9586744989,2,0
0,0,0.6583072888,1.172139282,2,0
0,0,0.8181282939,1.598210051,1,0
0,0,1.099761211,2.816329168,2,0
0,0,1.47711393,3.773527189,2,-1
1,1,1.992799814,5.156858849
0,0,0,0,0,0
0,0,0.09650339336,0.9650339336,2,0
0,0,0.1392081495,0.4270475615,1,0
0,0,0.2228856842,0.8367753471,2,0
0,0,0.2627206844,0.3983500021,0,0
0,0,0.4161171068,1.533964223,1,0
0,0,0.6300061875,2.138890808,1,0
0,0,0.9291714952,2.991653077,0,0
0,0,1.389742711,4.605712155,1,-1
1,1,1.991434793,6.016920824
0,0,0,0,0,0
0,0,0.09669287496,0.9669287496,2,0
0,0,0.1391980807,0.4250520573,0,0
0,0,0.3041457083,1.649476276,0,0
0,0,0.5937755644,2.896298561,0,0
0,0,1.039611864,4.458362995,2,0
0,0,1.563988731,5.243768675,2,-1
1,1,2.23448132,6.704925886
0,0,0,0,2,0
0,0,-0.08323873883,-0.8323873883,2,0
0,0,-0.2674638232,-1.842250843,1,0
0,0,-0.4907676186,-2.233037954,0,0
0,0,-0.7194836446,-2.28716026,2,0
0,0,-1.12269609,-4.032124452,1,-1
1,1,-1.656925939,-5.342298488
0,0,0,0,1,0
0,0,0.01381235353,0.1381235353,0,0
0,0,0.1146457529,1.008333994,1,0
0,0,0.2434136081,1.287678552,2,0
0,0,0.3369170788,0.9350347066,0,0
0,0,0.5567725681,2.198554893,0,0
0,0,0.9339455553,3.771729873,1,0
0,0,1.43389719,4.999516345,0,-1
1,1,2.086892101,6.529949114
0,0,0,0,1,0
0,0,0.01470588921,0.1470588921,2,0
0,0,-0.04637292541,-0.6107881461,1,0
0,0,-0.1248392144,-0.7846628895,0,0
0,0,-0.1525992985,-0.277600841,2,0
0,0,-0.3050971487,-1.524978503,0,0
0,0,-0.4166183146,-1.115211658,2,0
0,0,-0.6587807123,-2.421623978,0,0
0,0,-0.9304435113,-2.71662799,0,0
0,0,-1.281128376,-3.506848645,1,-1
1,1,-1.771753352,-4.90624976
0,0,0,0,2,0
0,0,-0.1025667476,-1.025667476,2,0
0,0,-0.2975204786,-1.949537311,0,0
0,0,-0.4478126225,-1.502921438,0,0
0,0,-0.5790642818,-1.312516593,0,0
0,0,-0.7410082412,-1.619439595,0,0
0,0,-0.9452581412,-2.042499,1,0
0,0,-1.280587108,-3.353289671,2,-1
1,1,-1.774244333,-4.936572248
0,0,0,0,2,0
0,0,-0.09448198051,-0.9448198051,0,0
0,0,-0.1068171669,-0.1233518635,1,0
0,0,-0.1344638945,-0.2764672764,0,0
0,0,-0.09121704802,0.4324684647,1,0
0,0,-0.06770866928,0.2350837874,1,0
0,0,-0.05761385821,0.1009481106,2,0
0,0,-0.1324611043,-0.7484724613,0,0
0,0,-0.1324462207,0.0001488369904,0,0
0,0,-0.06488828259,0.6755793806,1,0
0,0,-0.01682974312,0.4805853947,0,0
0,0,0.1275085867,1.443383298,1,0
0,0,0.3020791991,1.745706124,2,0
0,0,0.450414373,1.483351739,0,0
0,0,0.7449106014,2.944962284,1,0
0,0,1.141539955,3.966293535,0,-1
1,1,1.702021439,5.604814839
0,0,0,0,1,0
0,0,-0.002759212505,-0.02759212505,2,0
0,0,-0.1013196851,-0.9856047258,2,0
0,0,-0.3167816859,-2.154620008,1,0
0,0,-0.5794232378,-2.626415519,1,0
0,0,-0.9209008362,-3.414775984,2,0
0,0,-1.422372993,-5.014721564,1,-1
1,1,-2.064670196,-6.422972037
0,0,0,0,1,0
0,0,0.0144663013,0.144663013,0,0
0,0,0.1100668298,0.9560052853,0,0
0,0,0.3286148061,2.185479763,2,0
0,0,0.5096548026,1.810399966,0,0
0,0,0.8517277724,3.420729697,1,0
0,0,1.300970444,4.492426715,1,-1
1,1,1.887135119,5.861646747
0,0,0,0,2,0
0,0,-0.09745604736,-0.9745604736,2,0
0,0,-0.3057012425,-2.082451951,1,0
0,0,-0.5642593181,-2.585580756,1,0
0,0,-0.9146385954,-3.503792774,0,0
0,0,-1.332973936,-4.183353407,0,-1
1,1,-1.873407171,-5.404332347
0,0,0,0,2,0
0,0,-0.07842076367,-0.7842076367,0,0
0,0,-0.06969035394,0.08730409731,0,0
0,0,0.01641104386,0.861013978,0,0
0,0,0.2035496305,1.871385866,2,0
0,0,0.338780627,1.352309965,1,0
0,0,0.520089992,1.81309365,2,0
0,0,0.6951814489,1.750914569,0,0
0,0,1.042168515,3.469870663,0,0
0,0,1.560055022,5.178865064,1,-1
1,1,2.224565576,6.645105548
0,0,0,0,1,0
0,0,0.01690077185,0.1690077185,1,0
0,0,0.03500312358,0.1810235173,2,0
0,0,-0.04275563844,-0.7775876202,2,0
0,0,-0.2013998284,-1.5864419,2,0
0,0,-0.4729990072,-2.715991788,2,0
0,0,-0.8826982949,-4.096992877,2,0
0,0,-1.450391126,-5.676928313,2,-1
1,1,-2.167394672,-7.170035461
0,0,0,0,2,0
0,0,-0.0897212043,-0.897212043,0,0
0,0,-0.1165784284,-0.2685722413,0,0
0,0,-0.07647371335,0.4010471508,2,0
0,0,-0.1211549073,-0.4468119397,0,0
0,0,-0.1010143065,0.2014060082,0,0
0,0,0.005784827089,1.067991336,0,0
0,0,0.1843006542,1.785158271,1,0
0,0,0.3949272577,2.106266035,2,0
0,0,0.5809738259,1.860465682,2,0
0,0,0.7928941252,2.119202994,0,0
0,0,1.16308493,3.701908052,0,-1
1,1,1.700042844,5.369579135
0,0,0,0,1,0
0,0,0.009679793101,0.09679793101,1,0
0,0,0.03209137477,0.2241158167,0,0
0,0,0.1605286143,1.284372396,0,0
0,0,0.3989958072,2.384671929,1,0
0,0,0.6935316731,2.945358659,1,0
0,0,1.078335323,3.848036502,0,-1
1,1,1.618283149,5.399478254
0,0,0,0,2,0
0,0,-0.09718096792,-0.9718096792,0,0
0,0,-0.1125722657,-0.1539129783,0,0
0,0,-0.04645307838,0.6611918736,1,0
0,0,-0.003012127251,0.4344095113,2,0
0,0,-0.0514904985,-0.4847837125,1,0
0,0,-0.103096191,-0.5160569252,1,0
0,0,-0.1897578243,-0.8666163332,2,0
0,0,-0.3939707341,-2.042129098,2,0
0,0,-0.7554794195,-3.615086853,2,0
0,0,-1.277819692,-5.223402723,0,-1
1,1,-1.911994738,-6.341750463
0,0,0,0,2,0
0,0,-0.08266173223,-0.8266173223,0,0
0,0,-0.09524532399,-0.1258359176,2,0
0,0,-0.2266017188,-1.313563948,1,0
0,0,-0.3884515244,-1.618498057,0,0
0,0,-0.5184081902,-1.299566658,0,0
0,0,-0.6434399762,-1.25031786,0,0
0,0,-0.8032769607,-1.598369844,2,0
0,0,-1.141402635,-3.38125674,0,-1
1,1,-1.583349483,-4.419468483
0,0,0,0,0,0
0,0,0.09385977602,0.9385977602,0,0
0,0,0.2928342122,1.989744361,1,0
0,0,0.5274541575,2.346199453,2,0
0,0,0.777026726,2.495725685,2,0
0,0,1.07434762,2.973208939,1,0
0,0,1.506425844,4.320782239,1,-1
1,1,2.084451122,5.780252786
0,0,0,0,2,0
0,0,-0.07323773305,-0.7323773305,1,0
0,0,-0.1742900344,-1.010523014,1,0
0,0,-0.3201125912,-1.458225568,0,0
0,0,-0.4284350861,-1.083224949,2,0
0,0,-0.6683173363,-2.398822502,0,0
0,0,-0.9383662098,-2.700488736,2,0
0,0,-1.373627377,-4.352611674,2,-1
1,1,-1.961407699,-5.877803214
0,0,0,0,1,0
0,0,-0.001270918037,-0.01270918037,0,0
0,0,0.07470519544,0.7597611348,0,0
0,0,0.2451122155,1.704070201,0,0
0,0,0.5248162135,2.79703998,2,0
0,0,0.8003819055,2.755656921,1,0
0,0,1.182895477,3.825135719,2,-1
1,1,1.671170664,4.882751866
0,0,0,0,2,0
0,0,-0.09911626011,-0.9911626011,1,0
0,0,-0.2155899859,-1.164737258,2,0
0,0,-0.458009075,-2.424190891,1,0
0,0,-0.7791810105,-3.211719355,1,0
0,0,-1.211341757,-4.321607462,1,-1
1,1,-1.769224371,-5.578826142
0,0,0,0,0,0
0,0,0.07531666538,0.7531666538,1,0
0,0,0.1479334834,0.7261681805,0,0
0,0,0.3267616473,1.788281639,1,0
0,0,0.553384102,2.266224547,2,0
0,0,0.7952644229,2.418803209,2,0
0,0,1.091499613,2.9623519,1,0
0,0,1.513188366,4.216887528,2,-1
1,1,2.07574348,5.625551141
0,0,0,0,1,0
0,0,-0.0003230940228,-0.003230940228,1,0
0,0,-0.0006090192145,-0.002859251917,2,0
0,0,-0.08735121485,-0.8674219563,1,0
0,0,-0.18874951,-1.013982951,0,0
0,0,-0.2317369938,-0.429874838,1,0
0,0,-0.3277157923,-0.9597879856,2,0
0,0,-0.552256565,-2.245407726,2,0
0,0,-0.9380142368,-3.857576718,0,0
0,0,-1.3886729,-4.506586633,1,-1
1,1,-1.976812641,-5.881397415
0,0,0,0,1,0
0,0,0.0146440906,0.146440906,2,0
0,0,-0.06315841285,-0.7780250345,1,0
0,0,-0.157655222,-0.9449680913,1,0
0,0,-0.2824111466,-1.247559246,1,0
0,0,-0.4393803814,-1.569692348,0,0
0,0,-0.5962999171,-1.569195357,2,0
0,0,-0.9226904567,-3.263905396,1,0
0,0,-1.359243223,-4.365527661,1,-1
1,1,-1.932663964,-5.734207414
0,0,0,0,0,0
0,0,0.09585839209,0.9585839209,0,0
0,0,0.3082870868,2.124286947,2,0
0,0,0.4998517894,1.915647026,1,0
0,0,0.7552265333,2.55374744,1,0
0,0,1.108767048,3.535405145,0,-1
1,1,1.620855709,5.120886612
0,0,0,0,1,0
0,0,0.002951496764,0.02951496764,2,0
0,0,-0.07928548226,-0.8223697903,1,0
0,0,-0.1701486188,-0.9086313655,1,0
0,0,-0.3004967214,-1.303481026,2,0
0,0,-0.5485123478,-2.480156264,0,0
0,0,-0.8204383787,-2.719260309,2,0
0,0,-1.249586358,-4.291479798,0,-1
1,1,-1.791870866,-5.422845072
0,0,0,0,2,0
0,0,-0.1057986481,-1.057986481,0,0
0,0,-0.1373711742,-0.3157252602,0,0
0,0,-0.1190851133,0.1828606088,1,0
0,0,-0.11504309,0.04042023306,1,0
0,0,-0.1211719316,-0.06128841597,0,0
0,0,-0.06636491191,0.5480701965,0,0
0,0,0.05762426762,1.239891795,0,0
0,0,0.2687466042,2.111223366,0,0
0,0,0.6133088747,3.445622706,0,0
0,0,1.120395318,5.070864436,1,-1
1,1,1.742272725,6.218774065
0,0,0,0,2,0
0,0,-0.08647971087,-0.8647971087,1,0
0,0,-0.1893301347,-1.028504239,2,0
0,0,-0.41267916,-2.233490253,0,0
0,0,-0.6190074116,-2.063282516,2,0
0,0,-0.9735835569,-3.545761453,0,0
0,0,-1.406367928,-4.327843707,0,-1
1,1,-1.966273751,-5.599058229
0,0,0,0,2,0
0,0,-0.0876454176,-0.876454176,0,0
0,0,-0.09846243704,-0.1081701944,1,0
0,0,-0.1280465971,-0.2958416007,2,0
0,0,-0.2768943606,-1.488477635,2,0
0,0,-0.5482140493,-2.713196887,1,0
0,0,-0.9136905834,-3.654765341,1,0
0,0,-1.394993176,-4.81302593,0,-1
1,1,-2.000575443,-6.05582267
0,0,0,0,1,0
0,0,0.007034540791,0.07034540791,1,0
0,0,0.01040515204,0.03370611245,2,0
0,0,-0.07815148577,-0.8855663781,1,0
0,0,-0.1824856192,-1.043341334,1,0
0,0,-0.3044938859,-1.220082667,2,0
0,0,-0.5519328117,-2.474389258,1,0
0,0,-0.8930829037,-3.41150092,2,0
0,0,-1.394982567,-5.01899663,2,-1
1,1,-2.050802938,-6.558203711
0,0,0,0,1,0
0,0,-0.01362001228,-0.1362001228,0,0
0,0,0.04419094696,0.5781095924,2,0
0,0,0.03270735529,-0.1148359166,2,0
0,0,-0.06614833008,-0.9885568538,0,0
0,0,-0.08971315174,-0.2356482166,0,0
0,0,-0.05508625596,0.3462689578,0,0
0,0,0.05507030411,1.101565601,1,0
0,0,0.1627875596,1.077172555,1,0
0,0,0.3093932106,1.46605651,2,0
0,0,0.4260393722,1.166461616,1,0
0,0,0.6083001625,1.822607903,1,0
0,0,0.8903526912,2.820525287,0,0
0,0,1.33886347,4.485107791,2,-1
1,1,1.907123029,5.682595587
0,0,0,0,1,0
0,0,0.01312461935,0.1312461935,1,0
0,0,0.04073594207,0.2761132271,1,0
0,0,0.06016687972,0.1943093766,2,0
0,0,0.006413008232,-0.5375387149,0,0
0,0,0.02584475547,0.1943174724,0,0
0,0,0.1531695226,1.273247671,1,0
0,0,0.3066530522,1.534835296,0,0
0,0,0.5845774053,2.77924353,0,0
0,0,1.010017105,4.254396994,1,0
0,0,1.551562557,5.415454521,0,-1
1,1,2.240965459,6.894029026
0,0,0,0,0,0
0,0,0.0968283031,0.968283031,2,0
0,0,0.112463134,0.1563483087,2,0
0,0,0.0469062979,-0.6555683607,0,0
0,0,0.06214174946,0.1523545156,0,0
0,0,0.1612494693,0.991077198,2,0
0,0,0.1872691346,0.260196653,2,0
0,0,0.1460891957,-0.4117993884,1,0
0,0,0.1359182259,-0.1017096985,1,0
0,0,0.1615152228,0.2559699689,0,0
0,0,0.2875178725,1.260026497,1,0
0,0,0.467862792,1.803449195,0,0
0,0,0.795430319,3.27567527,2,0
0,0,1.175900699,3.804703798,0,-1
1,1,1.720090343,5.441896444
0,0,0,0,0,0
0,0,0.08483660605,0.8483660605,0,0
0,0,0.2651332759,1.802966699,1,0
0,0,0.4745850919,2.094518159,1,0
0,0,0.7661205497,2.915354578,1,0
0,0,1.166413931,4.002933815,0,-1
1,1,1.724385762,5.579718312
0,0,0,0,2,0
0,0,-0.08043576825,-0.8043576825,1,0
0,0,-0.1743402267,-0.9390445841,1,0
0,0,-0.2854771193,-1.111368927,0,0
0,0,-0.3697633433,-0.8428622398,2,0
0,0,-0.6067646865,-2.370013432,0,0
0,0,-0.8752919246,-2.685272381,1,0
0,0,-1.251929932,-3.766380076,0,-1
1,1,-1.735423307,-4.834933744
0,0,0,0,0,0
0,0,0.07883682494,0.7883682494,1,0
0,0,0.1632460625,0.8440923754,1,0
0,0,0.2692680304,1.060219679,1,0
0,0,0.4142841666,1.450161363,1,0
0,0,0.6109635816,1.966794149,1,0
0,0,0.907810574,2.968469924,0,0
0,0,1.360063872,4.522532977,1,-1
1,1,1.949873588,5.898097165
0,0,0,0,0,0
0,0,0.09434685726,0.9434685726,2,0
0,0,0.1295423149,0.3519545767,0,0
0,0,0.2905902418,1.610479268,2,0
0,0,0.4089214467,1.183312049,2,0
0,0,0.5290201139,1.200986672,1,0
0,0,0.7234636248,1.944435109,2,0
0,0,0.9679813788,2.44517754,1,0
0,0,1.335892499,3.679111206,1,-1
1,1,1.841863764,5.059712643
0,0,0,0,0,0
0,0,0.07334053906,0.7334053906,1,0
0,0,0.1506693389,0.773287998,2,0
0,0,0.1817579552,0.3108861637,2,0
0,0,0.148003363,-0.3375459227,2,0
0,0,0.03730698742,-1.106963755,2,0
0,0,-0.1601293569,-1.974363444,2,0
0,0,-0.4868022699,-3.266729129,2,0
0,0,-0.9453371015,-4.585348316,0,0
0,0,-1.462340563,-5.170034612,2,-1
1,1,-2.129676962,-6.673363995
0,0,0,0,1,0
0,0,-0.0104814681,-0.104814681,2,0
0,0,-0.098969899,-0.884884309,0,0
0,0,-0.1137233503,-0.1475345126,1,0
0,0,-0.1336837291,-0.1996037886,1,0
0,0,-0.1682743419,-0.3459061283,2,0
0,0,-0.3082123215,-1.399379795,2,0
0,0,-0.5783359547,-2.701236333,0,0
0,0,-0.8672185286,-2.888825738,1,0
0,0,-1.276720217,-4.095016889,0,-1
1,1,-1.79605622,-5.193360029
0,0,0,0,1,0
0,0,-0.01285714485,-0.1285714485,0,0
0,0,0.04402147881,0.5687862366,2,0
0,0,0.02854473353,-0.1547674528,1,0
0,0,0.0167453554,-0.1179937814,2,0
0,0,-0.07762967316,-0.9437502856,0,0
0,0,-0.1022330141,-0.2460334092,1,0
0,0,-0.1368414657,-0.3460845158,0,0
0,0,-0.09709999502,0.3974147064,1,0
0,0,-0.09126591657,0.0583407845,0,0
0,0,-0.0118077064,0.7945821017,2,0
0,0,-0.03596011781,-0.2415241141,2,0
0,0,-0.1447052543,-1.087451365,2,0
0,0,-0.3821791297,-2.374738753,1,0
0,0,-0.6678308541,-2.856517244,0,0
0,0,-0.9891452852,-3.213144311,2,0
0,0,-1.466378781,-4.772334962,2,-1
1,1,-2.094958776,-6.285799948
0,0,0,0,2,0
0,0,-0.07795895352,-0.7795895352,0,0
0,0,-0.08534162346,-0.07382669943,2,0
0,0,-0.2080693121,-1.227276886,1,0
0,0,-0.3499732321,-1.4190392,2,0
0,0,-0.6306201922,-2.806469601,2,0
0,0,-1.058292509,-4.276723168,0,0
0,0,-1.570088246,-5.11795737,1,-1
1,1,-2.228847416,-6.5875917
0,0,0,0,1,0
0,0,-0.01154549826,-0.1154549826,0,0
0,0,0.06993749389,0.8148299215,0,0
0,0,0.2544734626,1.845359687,2,0
0,0,0.4078617132,1.533882506,1,0
0,0,0.611090323,2.032286098,1,0
0,0,0.911537927,3.004476041,2,0
0,0,1.283177407,3.7163948,2,-1
1,1,1.771341985,4.88164578
0,0,0,0,2,0
0,0,-0.0810553608,-0.810553608,2,0
0,0,-0.2641781255,-1.831227647,1,0
0,0,-0.4960603028,-2.318821773,0,0
0,0,-0.727834372,-2.317740692,0,0
0,0,-1.000747211,-2.729128387,0,0
0,0,-1.351213688,-3.504664776,0,-1
1,1,-1.827323798,-4.761101095
0,0,0,0,1,0
0,0,-0.0149523668,-0.149523668,1,0
0,0,-0.04475748386,-0.2980511706,0,0
0,0,0.01966617319,0.6442365705,1,0
0,0,0.0818325451,0.6216637191,2,0
0,0,0.06753937892,-0.1429316617,0,0
0,0,0.1509415652,0.8340218626,2,0
0,0,0.175759647,0.248180818,0,0
0,0,0.316259608,1.40499961,0,0
0,0,0.5785987186,2.623391106,1,0
0,0,0.9202590833,3.416603647,0,0
0,0,1.422480444,5.022213603,0,-1
1,1,2.075584571,6.531041272
0,0,0,0,0,0
0,0,0.08217535827,0.8217535827,1,0
0,0,0.1821301481,0.9995478986,2,0
0,0,0.2373918813,0.552617332,0,0
0,0,0.4021287789,1.647368975,1,0
0,0,0.6239354194,2.218066405,1,0
0,0,0.9337227261,3.097873067,1,0
0,0,1.356823977,4.231012513,1,-1
1,1,1.916881013,5.60057036
0,0,0,0,0,0
0,0,0.08205343612,0.8205343612,0,0
0,0,0.2679122996,1.858588635,0,0
0,0,0.5814159875,3.135036879,1,0
0,0,0.9815939062,4.001779186,0,0
0,0,1.542767658,5.611737519,0,-1
1,1,2.251381046,7.08613388
0,0,0,0,0,0
0,0,0.0832729381,0.832729381,2,0
0,0,0.1048798691,0.2160693103,0,0
0,0,0.2409157524,1.360358832,1,0
0,0,0.4308841777,1.899684253,0,0
0,0,0.7818112517,3.50927074,0,0
0,0,1.283000365,5.011891132,2,-1
1,1,1.896105199,6.131048345
0,0,0,0,2,0
0,0,-0.1035910005,-1.035910005,2,0
0,0,-0.3282179795,-2.246269789,2,0
0,0,-0.6915081784,-3.63290199,0,0
0,0,-1.082373349,-3.908651702,2,-1
1,1,-1.636167526,-5.537941779
0,0,0,0,1,0
0,0,0.006559273887,0.06559273887,0,0
0,0,0.1188931865,1.123339126,2,0
0,0,0.1662025421,0.4730935568,0,0
0,0,0.3401131992,1.73910657,0,0
0,0,0.6523002903,3.121870911,1,0
0,0,1.06714763,4.148473402,1,-1
1,1,1.610891226,5.43743596
0,0,0,0,1,0
0,0,0.01520462065,0.1520462065,2,0
0,0,-0.06897538741,-0.8418000806,1,0
0,0,-0.1580898538,-0.8911446642,1,0
0,0,-0.2637191881,-1.056293343,0,0
0,0,-0.3267853526,-0.6306616448,2,0
0,0,-0.5111641512,-1.843787986,0,0
0,0,-0.7136523264,-2.024881753,2,0
0,0,-1.08354509,-3.698927636,1,-1
1,1,-1.576944226,-4.933991355
0,0,0,0,0,0
0,0,0.09669387467,0.9669387467,1,0
0,0,0.2018424623,1.051485876,1,0
0,0,0.3473118339,1.454693716,2,0
0,0,0.4778507962,1.305389623,2,0
0,0,0.5933734049,1.155226087,2,0
0,0,0.7252242432,1.318508383,1,0
0,0,0.9598135972,2.345893539,2,0
0,0,1.27969989,3.198862932,1,-1
1,1,1.735568725,4.558688351
0,0,0,0,2,0
0,0,-0.1055361327,-1.055361327,2,0
0,0,-0.3335012363,-2.279651036,2,0
0,0,-0.694258529,-3.607572927,1,0
0,0,-1.144616787,-4.503582577,2,-1
1,1,-1.75738473,-6.127679437
0,0,0,0,1,0
0,0,0.008842688986,0.08842688986,2,0
0,0,-0.08041814792,-0.8926083691,1,0
0,0,-0.1924042828,-1.119861349,0,0
0,0,-0.2534611676,-0.6105688478,1,0
0,0,-0.3725483446,-1.19087177,1,0
0,0,-0.5648126062,-1.922642616,1,0
0,0,-0.8431005577,-2.782879515,0,0
0,0,-1.186486502,-3.433859444,1,-1
1,1,-1.657089663,-4.706031611
0,0,0,0,2,0
0,0,-0.1023980226,-1.023980226,0,0
0,0,-0.1441574915,-0.417594689,0,0
0,0,-0.1261472601,0.1801023141,0,0
0,0,-0.04788963267,0.7825762747,1,0
0,0,0.01554532178,0.6343495445,0,0
0,0,0.1815483559,1.660030341,1,0
0,0,0.3903260764,2.087777205,2,0
0,0,0.5725615609,1.822354844,0,0
0,0,0.9043173365,3.317557757,1,0
0,0,1.356774573,4.524572362,2,-1
1,1,1.933464489,5.766899167
0,0,0,0,1,0
0,0,0.01738908521,0.1738908521,1,0
0,0,0.02814346623,0.1075438101,0,0
0,0,0.1294083336,1.012648673,0,0
0,0,0.3428792647,2.134709312,2,0
0,0,0.5231222039,1.802429392,0,0
0,0,0.8430401565,3.199179526,1,0
0,0,1.277441944,4.34401787,1,-1
1,1,1.843337066,5.658951228
0,0,0,0,1,0
0,0,-0.005243709539,-0.05243709539,0,0
0,0,0.07402159157,0.7926530111,2,0
0,0,0.08239052776,0.08368936195,0,0
0,0,0.1791381314,0.967476036,0,0
0,0,0.3797415051,2.006033737,2,0
0,0,0.5723858794,1.926443743,2,0
0,0,0.7745470087,2.021611293,2,0
0,0,1.02879064,2.542436312,2,0
0,0,1.375172904,3.463822638,1,-1
1,1,1.86405161,4.888787062
0,0,0,0,1,0
0,0,-0.003872994441,-0.03872994441,0,0
0,0,0.0892260622,0.9309905664,2,0
0,0,0.1027770126,0.1355095044,2,0
0,0,0.06067900077,-0.4209801187,2,0
0,0,-0.05844660635,-1.191256071,0,0
0,0,-0.08811000596,-0.2966339961,1,0
0,0,-0.1205085122,-0.3239850622,1,0
0,0,-0.1857530967,-0.6524458456,1,0
0,0,-0.2674810318,-0.8172793505,2,0
0,0,-0.4650075408,-1.975265091,0,0
0,0,-0.6577656206,-1.927580797,2,0
0,0,-1.021876749,-3.641111288,2,0
0,0,-1.54986654,-5.279897905,0,-1
1,1,-2.222318478,-6.724519381
0,0,0,0,0,0
0,0,0.07619706045,0.7619706045,2,0
0,0,0.08830265785,0.121055974,2,0
0,0,0.01414081708,-0.7416184077,1,0
0,0,-0.04879153419,-0.6293235127,2,0
0,0,-0.2014827481,-1.52691214,0,0
0,0,-0.2948231483,-0.9334040012,0,0
0,0,-0.3396410831,-0.4481793484,2,0
0,0,-0.5117225871,-1.72081504,1,0
0,0,-0.7550760171,-2.4335343,0,0
0,0,-1.033433901,-2.783578834,1,0
0,0,-1.44206563,-4.086317297,1,-1
1,1,-1.993601405,-5.515357752
0,0,0,0,0,0
0,0,0.09758020748,0.9758020748,2,0
0,0,0.1312650928,0.3368488537,0,0
0,0,0.2687191982,1.374541054,2,0
0,0,0.3797373773,1.110181791,1,0
0,0,0.5632233473,1.8348597,0,0
0,0,0.9021970511,3.389737038,2,0
0,0,1.314335403,4.121383514,1,-1
1,1,1.863054159,5.487187562
0,0,0,0,1,0
0,0,-0.004666382655,-0.04666382655,0,0
0,0,0.06536446829,0.7003085095,0,0
0,0,0.2198628882,1.544984199,1,0
0,0,0.4007464172,1.80883529,1,0
0,0,0.6481583475,2.474119303,1,0
0,0,1.000889886,3.527315388,0,0
0,0,1.51168009,5.107902032,0,-1
1,1,2.172019583,6.603394939
0,0,0,0,2,0
0,0,-0.09469430112,-0.9469430112,2,0
0,0,-0.301146892,-2.064525909,1,0
0,0,-0.5477409619,-2.465940699,0,0
0,0,-0.7965175665,-2.487766046,0,0
0,0,-1.098381345,-3.01863779,2,0
0,0,-1.56327836,-4.648970147,1,-1
1,1,-2.174882735,-6.116043748
0,0,0,0,1,0
0,0,-0.009474848807,-0.09474848807,0,0
0,0,0.06815619571,0.7763104451,1,0
0,0,0.1712965071,1.031403114,2,0
0,0,0.22879473,0.5749822297,2,0
0,0,0.2418664924,0.1307176239,1,0
0,0,0.2930483345,0.5118184205,0,0
0,0,0.4770197312,1.839713968,0,0
0,0,0.8147480767,3.377283455,1,0
0,0,1.253766682,4.390186052,0,-1
1,1,1.846040086,5.922734041
0,0,0,0,0,0
0,0,0.09305220284,0.9305220284,1,0
0,0,0.2170176414,1.239654386,1,0
0,0,0.3874830542,1.704654128,1,0
0,0,0.6219286067,2.344455525,2,0
0,0,0.8667967426,2.448681359,0,0
0,0,1.285529492,4.187327498,0,-1
1,1,1.862962935,5.774334429
0,0,0,0,1,0
0,0,0.003278378622,0.03278378622,2,0
0,0,-0.0740002911,-0.7727866972,2,0
0,0,-0.2475019826,-1.735016915,2,0
0,0,-0.5584557899,-3.109538073,2,0
0,0,-1.03179517,-4.733393803,2,-1
1,1,-1.660914895,-6.291197249
0,0,0,0,2,0
0,0,-0.09099181902,-0.9099181902,0,0
0,0,-0.09394914262,-0.02957323604,1,0
0,0,-0.1023219663,-0.08372823708,2,0
0,0,-0.2130715046,-1.107495382,1,0
0,0,-0.3595537585,-1.464822539,1,0
0,0,-0.5626164298,-2.030626713,1,0
0,0,-0.8469135892,-2.842971594,2,0
0,0,-1.294098136,-4.471845464,1,-1
1,1,-1.879075231,-5.849770954
0,0,0,0,2,0
0,0,-0.09267264571,-0.9267264571,2,0
0,0,-0.2844636109,-1.917909651,2,0
0,0,-0.5939681655,-3.095045547,0,0
0,0,-0.9049311717,-3.109630061,2,0
0,0,-1.380557938,-4.756267659,0,-1
1,1,-1.97820222,-5.976442827
0,0,0,0,1,0
0,0,0.001209098489,0.01209098489,1,0
0,0,-0.002600444279,-0.03809542768,1,0
0,0,0.01050060018,0.1310104446,1,0
0,0,0.01368727043,0.0318667025,2,0
0,0,-0.08228494787,-0.959722183,2,0
0,0,-0.2646907689,-1.824058211,0,0
0,0,-0.4053041626,-1.406133937,1,0
0,0,-0.6264902221,-2.211860595,2,0
0,0,-1.000968107,-3.744778844,0,0
0,0,-1.456057088,-4.550889812,1,-1
1,1,-2.053987666,-5.979305787
0,0,0,0,2,0
0,0,-0.0783546071,-0.783546071,1,0
0,0,-0.1537613112,-0.7540670411,1,0
0,0,-0.2513833754,-0.9762206421,2,0
0,0,-0.4598916907,-2.085083153,0,0
0,0,-0.6509973065,-1.911056158,2,0
0,0,-1.008099811,-3.571025041,2,0
0,0,-1.530705825,-5.226060148,0,-1
1,1,-2.195385126,-6.646793006
0,0,0,0,1,0
0,0,-0.001676746387,-0.01676746387,0,0
0,0,0.0804393503,0.8211609669,0,0
0,0,0.2657270872,1.852877369,2,0
0,0,0.4097202975,1.439932104,1,0
0,0,0.6332534464,2.235331488,2,0
0,0,0.8724783733,2.392249269,0,0
0,0,1.269646857,3.971684837,2,-1
1,1,1.781805415,5.121585585
0,0,0,0,0,0
0,0,0.1058422959,1.058422959,2,0
0,0,0.1434098075,0.3756751161,1,0
0,0,0.2153623482,0.7195254074,0,0
0,0,0.3944863762,1.791240279,2,0
0,0,0.5683185832,1.73832207,2,0
0,0,0.75787674,1.895581568,1,0
0,0,1.042791478,2.849147378,0,0
0,0,1.489133287,4.463418096,2,-1
1,1,2.07352158,5.843882926
0,0,0,0,1,0
0,0,0.01274282112,0.1274282112,1,0
0,0,0.01241349602,-0.003293250966,2,0
0,0,-0.08171928742,-0.9413278344,0,0
0,0,-0.08463450904,-0.02915221622,0,0
0,0,-0.0120132405,0.7262126854,2,0
0,0,-0.03814116825,-0.2612792775,0,0
0,0,0.01593655971,0.5407772796,2,0
0,0,0.0005463449646,-0.1539021475,1,0
0,0,-0.007429596961,-0.07975941926,1,0
0,0,-0.01654984194,-0.09120244983,2,0
0,0,-0.1072022015,-0.9065235957,2,0
0,0,-0.2899748304,-1.827726289,2,0
0,0,-0.6176527748,-3.276779444,2,0
0,0,-1.099379608,-4.817268329,1,-1
1,1,-1.703666402,-6.042867948
0,0,0,0,0,0
0,0,0.08871592244,0.8871592244,0,0
0,0,0.2866256288,1.979097064,1,0
0,0,0.5365457114,2.499200826,0,0
0,0,0.9272278572,3.906821457,2,0
0,0,1.387463158,4.602353005,2,-1
1,1,1.972060406,5.845972482
0,0,0,0,2,0
0,0,-0.09535722663,-0.9535722663,1,0
0,0,-0.2159325512,-1.205753246,1,0
0,0,-0.3565166439,-1.405840927,0,0
0,0,-0.4600856955,-1.035690516,0,0
0,0,-0.5683889101,-1.083032146,2,0
0,0,-0.8226245074,-2.542355973,2,0
0,0,-1.252477068,-4.298525606,2,-1
1,1,-1.84139105,-5.889139818
0,0,0,0,2,0
0,0,-0.09393444103,-0.9393444103,0,0
0,0,-0.1178120881,-0.2387764704,1,0
0,0,-0.1626529466,-0.4484085849,1,0
0,0,-0.2453908066,-0.8273786,0,0
0,0,-0.2817884153,-0.363976087,0,0
0,0,-0.2964890146,-0.1470059932,2,0
0,0,-0.4463540964,-1.498650818,0,0
0,0,-0.5962543532,-1.499002568,1,0
0,0,-0.8328676573,-2.366133041,2,0
0,0,-1.238564136,-4.056964784,0,-1
1,1,-1.757277894,-5.187137586
0,0,0,0,2,0
0,0,-0.09504793952,-0.9504793952,2,0
0,0,-0.2873664495,-1.9231851,2,0
0,0,-0.6072513031,-3.198848536,2,0
0,0,-1.083454439,-4.762031357,2,-1
1,1,-1.713746574,-6.302921352
0,0,0,0,1,0
0,0,-0.002158186024,-0.02158186024,0,0
0,0,0.08461558515,0.8677377117,2,0
0,0,0.09698593016,0.1237034501,2,0
0,0,0.0416554076,-0.5533052256,2,0
0,0,-0.08740364756,-1.290590552,0,0
0,0,-0.1369686492,-0.4956500168,1,0
0,0,-0.2241966787,-0.8722802947,1,0
0,0,-0.3493101208,-1.251134421,0,0
0,0,-0.4532351109,-1.039249901,2,0
0,0,-0.7197672569,-2.665321461,2,0
0,0,-1.154164911,-4.343976541,0,-1
1,1,-1.679681512,-5.255166013
0,0,0,0,2,0
0,0,-0.07608491292,-0.7608491292,2,0
0,0,-0.2506777505,-1.745928376,0,0
0,0,-0.3683545527,-1.176768023,2,0
0,0,-0.6242605196,-2.559059669,1,0
0,0,-0.979588447,-3.553279274,1,0
0,0,-1.462174514,-4.825860669,0,-1
1,1,-2.077715767,-6.155412534
0,0,0,0,0,0
0,0,0.07839822418,0.7839822418,2,0
0,0,0.09401375907,0.1561553489,2,0
0,0,0.0525937125,-0.4142004657,0,0
0,0,0.1005770321,0.4798331963,1,0
0,0,0.179028229,0.7845119688,2,0
0,0,0.2166313126,0.3760308359,1,0
0,0,0.293516471,0.7688515838,2,0
0,0,0.3512495865,0.5773311556,0,0
0,0,0.532948869,1.816992825,2,0
0,0,0.731328279,1.983794099,1,0
0,0,1.034997811,3.036695324,0,0
0,0,1.507415191,4.724173797,1,-1
1,1,2.124824709,6.174095176
0,0,0,0,1,0
0,0,0.005084006918,0.05084006918,0,0
0,0,0.0884815877,0.8339758078,0,0
0,0,0.2898009006,2.013193129,0,0
0,0,0.6080041876,3.182032871,2,0
0,0,0.937931684,3.299274963,2,0
0,0,1.335879354,3.979476697,1,-1
1,1,1.871762016,5.358826628
0,0,0,0,0,0
0,0,0.09129845794,0.9129845794,1,0
0,0,0.2099602994,1.186618414,1,0
0,0,0.3647612481,1.548009488,0,0
0,0,0.6658420298,3.010807816,0,0
0,0,1.1337761,4.679340703,0,-1
1,1,1.763862516,6.300864161
0,0,0,0,1,0
0,0,0.01002273265,0.1002273265,2,0
0,0,-0.0626585292,-0.7268126185,2,0
0,0,-0.2238443983,-1.611858691,1,0
0,0,-0.4076976189,-1.838532205,1,0
0,0,-0.6470428073,-2.393451884,1,0
0,0,-0.9757908362,-3.287480289,0,0
0,0,-1.378816702,-4.030258663,2,-1
1,1,-1.937521112,-5.587044094
0,0,0,0,0,0
0,0,0.08851711684,0.8851711684,0,0
0,0,0.2738831261,1.853660093,0,0
0,0,0.587200451,3.133173249,1,0
0,0,0.9924520598,4.052516088,0,0
0,0,1.550733475,5.582814149,2,-1
1,1,2.253652368,7.029188937
0,0,0,0,1,0
0,0,0.000131406705,0.00131406705,0,0
0,0,0.08114694617,0.8101553947,1,0
0,0,0.1586476777,0.7750073154,1,0
0,0,0.2648982561,1.062505784,1,0
0,0,0.4132189721,1.48320716,1,0
0,0,0.6277714342,2.145524621,2,0
0,0,0.8697550776,2.419836434,1,0
0,0,1.228802783,3.590477055,1,-1
1,1,1.724166106,4.953633226
0,0,0,0,2,0
0,0,-0.07278428822,-0.7278428822,2,0
0,0,-0.246787224,-1.740029358,1,0
0,0,-0.4717462152,-2.249589912,2,0
0,0,-0.8441155811,-3.72369366,0,0
0,0,-1.27991524,-4.357996592,1,-1
1,1,-1.850617988,-5.707027481
0,0,0,0,0,0
0,0,0.07217288072,0.7217288072,0,0
0,0,0.2329771827,1.608043019,1,0
0,0,0.4350007171,2.020235345,0,0
0,0,0.7757630473,3.407623301,1,0
0,0,1.220707458,4.449444109,2,-1
1,1,1.768282984,5.475755258
0,0,0,0,0,0
0,0,0.07571835812,0.7571835812,1,0
0,0,0.1511794033,0.7546104516,2,0
0,0,0.1532273909,0.02047987604,2,0
0,0,0.093179228,-0.6004816287,1,0
0,0,0.0405185547,-0.5266067331,0,0
0,0,0.06561825071,0.2509969601,2,0
0,0,0.003013303671,-0.6260494704,1,0
0,0,-0.07002461559,-0.7303791926,0,0
0,0,-0.05455565147,0.1546896412,0,0
0,0,0.0243154611,0.7887111257,2,0
0,0,0.03544672638,0.1113126528,0,0
0,0,0.1476715589,1.122248326,0,0
0,0,0.3746631422,2.269915833,1,0
0,0,0.6481988453,2.735357031,0,0
0,0,1.082503543,4.343046981,0,-1
1,1,1.669579625,5.870760812
0,0,0,0,0,0
0,0,0.07956648678,0.7956648678,0,0
0,0,0.2699564446,1.903899578,2,0
0,0,0.4332508377,1.632943931,1,0
0,0,0.6764279721,2.431771344,1,0
0,0,1.022337744,3.459097723,1,0
0,0,1.497409616,4.750718718,2,-1
1,1,2.110489399,6.130797828
0,0,0,0,0,0
0,0,0.09776654403,0.9776654403,0,0
0,0,0.2883927081,1.906261641,2,0
0,0,0.4589920786,1.705993705,2,0
0,0,0.6263951217,1.674030432,2,0
0,0,0.8197143685,1.933192468,1,0
0,0,1.131976243,3.122618743,1,-1
1,1,1.571549632,4.395733887
0,0,0,0,1,0
0,0,-0.01481820654,-0.1481820654,1,0
0,0,-0.02000302311,-0.05184816566,0,0
0,0,0.06187040645,0.8187342955,2,0
0,0,0.05477496042,-0.07095446023,0,0
0,0,0.1505651205,0.9579016011,0,0
0,0,0.3416064885,1.91041368,2,0
0,0,0.5133382749,1.717317864,0,0
0,0,0.8417991236,3.284608487,2,0
0,0,1.223282351,3.814832273,1,-1
1,1,1.738288625,5.150062744
0,0,0,0,1,0
0,0,-0.0006494555729,-0.006494555729,2,0
0,0,-0.07954755725,-0.7889810167,0,0
0,0,-0.1012246596,-0.2167710238,2,0
0,0,-0.2126633786,-1.11438719,2,0
0,0,-0.4530890207,-2.404256421,2,0
0,0,-0.8273415294,-3.742525087,0,0
0,0,-1.253784747,-4.264432178,1,-1
1,1,-1.817128214,-5.633434672
0,0,0,0,0,0
0,0,0.07672578693,0.7672578693,2,0
0,0,0.06479161745,-0.1193416949,0,0
0,0,0.1548162106,0.9002459316,0,0
0,0,0.3661802876,2.11364077,2,0
0,0,0.5525592289,1.863789414,2,0
0,0,0.7558623645,2.033031356,1,0
0,0,1.070754503,3.148921382,1,0
0,0,1.507053599,4.362990962,2,-1
1,1,2.083295743,5.762421443
0,0,0,0,1,0
0,0,0.007898508392,0.07898508392,1,0
0,0,0.01120272007,0.03304211676,0,0
0,0,0.1190197473,1.078170273,1,0
0,0,0.2453267726,1.263070253,1,0
0,0,0.4119474047,1.666206321,2,0
0,0,0.5795861353,1.676387306,0,0
0,0,0.9073905445,3.278044092,2,0
0,0,1.306886936,3.994963913,0,-1
1,1,1.862442098,5.555551625
0,0,0,0,1,0
0,0,-0.01222203828,-0.1222203828,0,0
0,0,0.04515428263,0.5737632092,2,0
0,0,0.03877891381,-0.06375368821,0,0
0,0,0.1276209601,0.888420463,0,0
0,0,0.3410627162,2.134417561,1,0
0,0,0.6212448107,2.801820944,1,0
0,0,0.9874913589,3.662465482,1,0
0,0,1.467903868,4.804125091,0,-1
1,1,2.099095677,6.31191809
0,0,0,0,1,0
0,0,-0.00948274549,-0.0948274549,1,0
0,0,-0.03450879614,-0.2502605065,1,0
0,0,-0.06804689742,-0.3353810128,1,0
0,0,-0.1163487815,-0.4830188406,2,0
0,0,-0.2555990018,-1.392502203,0,0
0,0,-0.3440922605,-0.8849325871,2,0
0,0,-0.5755637664,-2.314715059,2,0
0,0,-0.9691376003,-3.93573834,1,0
0,0,-1.474153211,-5.050156111,0,-1
1,1,-2.115563743,-6.414105315
0,0,0,0,0,0
0,0,0.07118273722,0.7118273722,0,0
0,0,0.2455475344,1.743647971,0,0
0,0,0.5382257079,2.926781736,2,0
0,0,0.8420231784,3.037974705,1,0
0,0,1.245903402,4.038802233,2,-1
1,1,1.756951419,5.110480176
0,0,0,0,2,0
0,0,-0.077328876,-0.77328876,1,0
0,0,-0.1630068266,-0.8567795058,2,0
0,0,-0.3663681683,-2.033613417,2,0
0,0,-0.7053819785,-3.390138102,0,0
0,0,-1.067709927,-3.623279484,1,0
0,0,-1.557724389,-4.900144619,2,-1
1,1,-2.1953287,-6.376043114
0,0,0,0,2,0
0,0,-0.09873164145,-0.9873164145,1,0
0,0,-0.2197763351,-1.210446936,2,0
0,0,-0.4483459617,-2.285696266,0,0
0,0,-0.6831151926,-2.347692309,2,0
0,0,-1.071495293,-3.883801009,1,-1
1,1,-1.584605842,-5.131105489
0,0,0,0,0,0
0,0,0.09365572907,0.9365572907,1,0
0,0,0.2017080545,1.080523254,0,0
0,0,0.4445166243,2.428085698,1,0
0,0,0.74095009,2.964334657,2,0
0,0,1.075135873,3.341857828,0,0
0,0,1.566991599,4.918557261,0,-1
1,1,2.206046291,6.390546919
0,0,0,0,0,0
0,0,0.09114803215,0.9114803215,2,0
0,0,0.1074386367,0.1629060459,2,0
0,0,0.06573144772,-0.4170718901,2,0
0,0,-0.04661605083,-1.123474985,2,0
0,0,-0.263733745,-2.171176942,0,0
0,0,-0.4516046169,-1.878708719,1,0
0,0,-0.714858709,-2.632540921,0,0
0,0,-1.007740529,-2.9288182,2,0
0,0,-1.473664694,-4.659241653,0,-1
1,1,-2.076288802,-6.026241074
0,0,0,0,0,0
0,0,0.07761529395,0.7761529395,0,0
0,0,0.2645442719,1.869289779,2,0
0,0,0.4126008335,1.480565616,0,0
0,0,0.7160275826,3.034267491,0,0
0,0,1.166965112,4.509375295,2,-1
1,1,1.709292129,5.42327017
0,0,0,0,1,0
0,0,-0.003111386511,-0.03111386511,2,0
0,0,-0.09623657667,-0.9312519015,1,0
0,0,-0.1938399338,-0.9760335713,1,0
0,0,-0.3274479629,-1.336080291,2,0
0,0,-0.6068325977,-2.793846348,2,0
0,0,-1.036584343,-4.297517449,2,-1
1,1,-1.62702026,-5.904359177
0,0,0,0,2,0
0,0,-0.09274905072,-0.9274905072,1,0
0,0,-0.205015999,-1.122669483,0,0
0,0,-0.2604302362,-0.5541423719,0,0
0,0,-0.2659297141,-0.05499477869,0,0
0,0,-0.2197727495,0.4615696457,0,0
0,0,-0.1264247811,0.9334796836,2,0
0,0,-0.1578956565,-0.3147087538,2,0
0,0,-0.2880929066,-1.3019725,1,0
0,0,-0.4812539092,-1.931610026,2,0
0,0,-0.8094619476,-3.282080384,1,0
0,0,-1.242778595,-4.333166475,0,-1
1,1,-1.785706649,-5.429280538
0,0,0,0,2,0
0,0,-0.09746345981,-0.9746345981,1,0
0,0,-0.2197659144,-1.223024546,2,0
0,0,-0.4562194006,-2.364534862,0,0
0,0,-0.6817648232,-2.255454226,2,0
0,0,-1.062844436,-3.810796129,0,0
0,0,-1.525332217,-4.624877804,1,-1
1,1,-2.133194892,-6.078626752
0,0,0,0,2,0
0,0,-0.09084484397,-0.9084484397,1,0
0,0,-0.1891493716,-0.9830452762,1,0
0,0,-0.3219754182,-1.328260466,1,0
0,0,-0.4971946027,-1.752191845,0,0
0,0,-0.6666485338,-1.694539311,1,0
0,0,-0.9412454233,-2.745968895,1,0
0,0,-1.326254485,-3.850090614,2,-1
1,1,-1.867101882,-5.408473971
0,0,0,0,1,0
0,0,0.005345972093,0.05345972093,1,0
0,0,-0.005916999145,-0.1126297124,1,0
0,0,-0.01132107214,-0.05404072993,2,0
0,0,-0.1222673682,-1.109462961,2,0
0,0,-0.3471877613,-2.249203931,0,0
0,0,-0.5466865397,-1.994987785,1,0
0,0,-0.8257947763,-2.791082366,1,0
0,0,-1.210107869,-3.843130927,0,-1
1,1,-1.695899293,-4.857914237
0,0,0,0,2,0
0,0,-0.1008437198,-1.008437198,2,0
0,0,-0.311197719,-2.103539992,0,0
0,0,-0.4759325085,-1.647347895,2,0
0,0,-0.7891031035,-3.13170595,1,0
0,0,-1.204453871,-4.153507676,2,-1
1,1,-1.775459656,-5.710057846
0,0,0,0,1,0
0,0,0.0003391462349,0.003391462349,0,0
0,0,0.08824400834,0.879048621,0,0
0,0,0.2684864593,1.80242451,2,0
0,0,0.4234110213,1.54924562,2,0
0,0,0.5593482286,1.359372073,0,0
0,0,0.8588282682,2.994800396,2,0
0,0,1.20784076,3.490124921,0,-1
1,1,1.712824678,5.049839175
0,0,0,0,2,0
0,0,-0.1010629863,-1.010629863,2,0
0,0,-0.2928311151,-1.917681288,1,0
0,0,-0.5179941597,-2.251630446,1,0
0,0,-0.8348104555,-3.168162958,0,0
0,0,-1.196682442,-3.618719863,2,-1
1,1,-1.718464439,-5.217819968
0,0,0,0,1,0
0,0,0.008079383756,0.08079383756,2,0
0,0,-0.0672205589,-0.7529994265,2,0
0,0,-0.2560938639,-1.88873305,0,0
0,0,-0.3993021533,-1.432082894,2,0
0,0,-0.6768372705,-2.775351172,0,0
0,0,-0.9822284357,-3.053911652,2,0
0,0,-1.448203025,-4.659745888,0,-1
1,1,-2.048553195,-6.003501707
0,0,0,0,1,0
0,0,0.004190161285,0.04190161285,0,0
0,0,0.09301251102,0.8882234973,0,0
0,0,0.2705628051,1.775502941,1,0
0,0,0.4923023887,2.217395836,2,0
0,0,0.7219569722,2.296545835,1,0
0,0,1.056079782,3.341228098,1,0
0,0,1.518741982,4.626621997,0,-1
1,1,2.130636719,6.118947371
0,0,0,0,0,0
0,0,0.09705356072,0.9705356072,2,0
0,0,0.1065627295,0.09509168795,1,0
0,0,0.145068367,0.385056375,2,0
0,0,0.1297182515,-0.1535011547,1,0
0,0,0.1239685088,-0.05749742716,2,0
0,0,0.03992579402,-0.8404271481,0,0
0,0,0.0438052679,0.03879473881,0,0
0,0,0.1487590439,1.04953776,1,0
0,0,0.2632144741,1.144554301,2,0
0,0,0.3423469546,0.7913248053,2,0
0,0,0.3943077962,0.5196084159,2,0
0,0,0.4192252831,0.2491748692,1,0
0,0,0.5113360651,0.9211078202,2,0
0,0,0.6135695102,1.022334451,1,0
0,0,0.7989779407,1.854084305,1,0
0,0,1.104455204,3.054772635,1,0
0,0,1.539561415,4.351062111,1,-1
1,1,2.120905085,5.813436699
0,0,0,0,0,0
0,0,0.1024086892,1.024086892,2,0
0,0,0.1342275281,0.3181883888,2,0
0,0,0.1030214482,-0.312060799,2,0
0,0,-0.003446407905,-1.064678561,0,0
0,0,-0.01829951949,-0.1485311159,0,0
0,0,0.04481774912,0.6311726861,0,0
0,0,0.2163401592,1.715224101,2,0
0,0,0.3493600334,1.330198742,1,0
0,0,0.5418031947,1.924431613,0,0
0,0,0.8748187452,3.330155505,0,0
0,0,1.364199643,4.893808982,1,-1
1,1,1.988294366,6.240947229
0,0,0,0,1,0
0,0,-0.0002989215439,-0.002989215439,0,0
0,0,0.1043084965,1.04607418,1,0
0,0,0.2211793583,1.168708619,2,0
0,0,0.2876857509,0.6650639262,1,0
0,0,0.4032505118,1.155647608,0,0
0,0,0.6573448521,2.540943403,2,0
0,0,0.9528091356,2.954642836,0,0
0,0,1.415251668,4.624425319,0,-1
1,1,2.032241869,6.169902014
0,0,0,0,2,0
0,0,-0.08902333372,-0.8902333372,1,0
0,0,-0.1800471943,-0.9102386061,1,0
0,0,-0.2938344898,-1.137872955,2,0
0,0,-0.5311962711,-2.373617813,2,0
0,0,-0.9299255518,-3.987292807,2,0
0,0,-1.486333513,-5.564079611,2,-1
1,1,-2.19283504,-7.065015268
0,0,0,0,1,0
0,0,-0.01616570725,-0.1616570725,0,0
0,0,0.06299461409,0.7916032134,1,0
0,0,0.1427736668,0.797790527,2,0
0,0,0.1431269283,0.003532614884,0,0
0,0,0.2488228567,1.056959284,0,0
0,0,0.4712765741,2.224537174,2,0
0,0,0.7037403145,2.324637404,2,0
0,0,0.9650740676,2.613337531,0,0
0,0,1.393507787,4.284337191,2,-1
1,1,1.949078191,5.555704047
0,0,0,0,2,0
0,0,-0.09711971979,-0.9711971979,0,0
0,0,-0.1344083517,-0.3728863191,0,0
0,0,-0.1149318469,0.1947650479,0,0
0,0,-0.0213556381,0.9357620881,0,0
0,0,0.1742463053,1.956019434,0,0
0,0,0.4938448496,3.195985443,0,0
0,0,0.9627752352,4.689303856,1,0
0,0,1.539963017,5.771877818,1,-1
1,1,2.262735658,7.227726407
0,0,0,0,1,0
0,0,0.0004008280974,0.004008280974,1,0
0,0,0.01121698746,0.1081615936,1,0
0,0,0.01846448992,0.0724750246,1,0
0,0,0.04344603149,0.2498154157,2,0
0,0,0.001888733077,-0.4155729841,0,0
0,0,0.05341812374,0.5152939066,0,0
0,0,0.2021663244,1.487482006,0,0
0,0,0.4744451743,2.722788499,0,0
0,0,0.8834948966,4.090497224,1,0
0,0,1.400315251,5.168203542,2,-1
1,1,2.040690691,6.403754403
0,0,0,0,2,0
0,0,-0.08052440828,-0.8052440828,1,0
0,0,-0.1751280964,-0.9460368813,1,0
0,0,-0.309610426,-1.344823296,0,0
0,0,-0.4031518758,-0.9354144974,2,0
0,0,-0.6260512322,-2.228993565,0,0
0,0,-0.8826186783,-2.565674461,0,0
0,0,-1.200873535,-3.182548572,2,-1
1,1,-1.683669303,-4.827957674
0,0,0,0,0,0
0,0,0.07918415842,0.7918415842,1,0
0,0,0.1756801157,0.9649595724,1,0
0,0,0.2966035117,1.20923396,2,0
0,0,0.371090739,0.744872273,0,0
0,0,0.5807143636,2.096236246,1,0
0,0,0.8750427634,2.943283997,0,0
0,0,1.340991687,4.659489239,0,-1
1,1,1.958082547,6.1709086
0,0,0,0,2,0
0,0,-0.07860271145,-0.7860271145,0,0
0,0,-0.09588961293,-0.1728690149,1,0
0,0,-0.1291727863,-0.3328317339,1,0
0,0,-0.1712282693,-0.4205548295,2,0
0,0,-0.3237085404,-1.524802712,0,0
0,0,-0.4568083838,-1.330998433,2,0
0,0,-0.7449228409,-2.881144571,0,0
0,0,-1.072199733,-3.272768918,2,0
0,0,-1.557865421,-4.856656886,1,-1
1,1,-2.190119665,-6.322542436
0,0,0,0,1,0
0,0,0.001421074195,0.01421074195,0,0
0,0,0.07570535515,0.7428428096,1,0
0,0,0.1763831421,1.006777869,0,0
0,0,0.3802086504,2.038255083,1,0
0,0,0.6562278996,2.760192492,1,0
0,0,1.027640422,3.714125221,1,0
0,0,1.517004315,4.893638931,2,-1
1,1,2.147293706,6.302893917
0,0,0,0,2,0
0,0,-0.09439289355,-0.9439289355,0,0
0,0,-0.1095396075,-0.1514671392,0,0
0,0,-0.0536306723,0.5590893517,2,0
0,0,-0.08549173046,-0.3186105816,1,0
0,0,-0.1369339133,-0.5144218283,0,0
0,0,-0.1409459409,-0.04012027572,0,0
0,0,-0.09226582464,0.4868011622,0,0
0,0,0.04467675208,1.369425767,1,0
0,0,0.1974962139,1.528194618,2,0
0,0,0.2935973154,0.9610110154,0,0
0,0,0.5276427081,2.340453927,0,0
0,0,0.9276294057,3.999866976,2,0
0,0,1.386130738,4.585013322,2,-1
1,1,1.971471872,5.853411344
0,0,0,0,2,0
0,0,-0.07736161215,-0.7736161215,0,0
0,0,-0.09711779244,-0.1975618028,2,0
0,0,-0.2257751971,-1.286574047,1,0
0,0,-0.3866663229,-1.608911257,2,0
0,0,-0.6959671281,-3.093008052,2,0
0,0,-1.166975968,-4.710088399,1,-1
1,1,-1.76479745,-5.978214817
0,0,0,0,2,0
0,0,-0.07825056576,-0.7825056576,1,0
0,0,-0.1617944515,-0.8354388572,0,0
0,0,-0.199985753,-0.381913015,2,0
0,0,-0.3509494279,-1.509636749,0,0
0,0,-0.4883410988,-1.373916709,2,0
0,0,-0.7821058872,-2.937647884,1,0
0,0,-1.175396206,-3.932903185,2,-1
1,1,-1.72340197,-5.480057645
0,0,0,0,1,0
0,0,0.001118102949,0.01118102949,2,0
0,0,-0.08085954387,-0.8197764682,1,0
0,0,-0.1925893383,-1.117297945,2,0
0,0,-0.4115163714,-2.189270331,2,0
0,0,-0.7651111605,-3.535947891,0,0
0,0,-1.156078544,-3.909673839,0,-1
1,1,-1.64596589,-4.898873458
0,0,0,0,1,0
0,0,-0.01712356201,-0.1712356201,1,0
0,0,-0.03534620457,-0.1822264256,1,0
0,0,-0.07563932052,-0.4029311595,2,0
0,0,-0.2135024786,-1.378631581,0,0
0,0,-0.3071643643,-0.9366188574,2,0
0,0,-0.5422643593,-2.35099995,2,0
0,0,-0.9446282033,-4.023638439,1,0
0,0,-1.454215708,-5.095875049,1,-1
1,1,-2.106960849,-6.527451404
0,0,0,0,2,0
0,0,-0.1036347303,-1.036347303,0,0
0,0,-0.1521611492,-0.4852641893,1,0
0,0,-0.2312244976,-0.790633484,1,0
0,0,-0.3657455994,-1.345211018,0,0
0,0,-0.4662380621,-1.004924628,0,0
0,0,-0.5621252609,-0.9588719874,2,0
0,0,-0.8041004216,-2.419751607,0,0
0,0,-1.106008713,-3.019082916,0,0
0,0,-1.499052972,-3.930442589,2,-1
1,1,-2.042730619,-5.436776467
0,0,0,0,1,0
0,0,-0.01050849253,-0.1050849253,1,0
0,0,-0.03979919607,-0.2929070355,0,0
0,0,-0.004962365249,0.3483683082,0,0
0,0,0.1323841881,1.373465533,2,0
0,0,0.1881866517,0.5580246365,0,0
0,0,0.3772096825,1.890230307,1,0
0,0,0.6320961613,2.548864789,1,0
0,0,0.9858765855,3.537804242,1,0
0,0,1.459891757,4.74015172,2,-1
1,1,2.067485451,6.075936939
0,0,0,0,0,0
0,0,0.08203288817,0.8203288817,2,0
0,0,0.08952143246,0.07488544292,0,0
0,0,0.2127556603,1.232342278,2,0
0,0,0.2903139879,0.775583276,2,0
0,0,0.3190806846,0.2876669676,0,0
0,0,0.493280089,1.741994043,0,0
0,0,0.8131615359,3.198814469,0,0
0,0,1.284906264,4.717447285,1,-1
1,1,1.890917143,6.060108786
0,0,0,0,1,0
0,0,0.01167391089,0.1167391089,2,0
0,0,-0.06604386619,-0.7771777707,2,0
0,0,-0.2313176458,-1.652737796,1,0
0,0,-0.4276012271,-1.962835813,2,0
0,0,-0.7813085587,-3.537073316,0,0
0,0,-1.176464503,-3.951559445,1,-1
1,1,-1.697692572,-5.212280688
0,0,0,0,2,0
0,0,-0.07672853442,-0.7672853442,0,0
0,0,-0.09148777939,-0.1475924498,2,0
0,0,-0.1976198803,-1.061321009,1,0
0,0,-0.3298832321,-1.322633517,2,0
0,0,-0.5998148459,-2.699316139,2,0
0,0,-1.018539255,-4.187244087,1,0
0,0,-1.560815558,-5.42276303,2,-1
1,1,-2.250507972,-6.89692414
0,0,0,0,1,0
0,0,0.009498116976,0.09498116976,2,0
0,0,-0.05665547869,-0.6615359567,0,0
0,0,-0.03429941961,0.2235605908,1,0
0,0,-0.01430645101,0.1999296861,0,0
0,0,0.08213571792,0.9644216893,1,0
0,0,0.1934047709,1.11269053,2,0
0,0,0.2477562118,0.5435144087,1,0
0,0,0.355431523,1.076753111,1,0
0,0,0.5161950763,1.607635533,0,0
0,0,0.8263260802,3.101310039,0,0
0,0,1.309894768,4.835686881,1,-1
1,1,1.92841443,6.185196617
0,0,0,0,2,0
0,0,-0.09655508064,-0.9655508064,1,0
0,0,-0.2170514097,-1.20496329,0,0
0,0,-0.2886707566,-0.7161934689,1,0
0,0,-0.4154838607,-1.268131042,2,0
0,0,-0.6819713875,-2.664875267,2,0
0,0,-1.112436815,-4.304654279,0,-1
1,1,-1.630426938,-5.179901225
0,0,0,0,1,0
0,0,-0.01250641991,-0.1250641991,1,0
0,0,-0.02833232849,-0.1582590858,0,0
0,0,0.03568988923,0.6402221773,2,0
0,0,0.02882562408,-0.06864265151,0,0
0,0,0.1275800809,0.9875445683,0,0
0,0,0.3249084212,1.973283403,0,0
0,0,0.6646729893,3.39764568,0,0
0,0,1.165314747,5.006417575,2,-1
1,1,1.756373209,5.910584625
0,0,0,0,0,0
0,0,0.07683306948,0.7683306948,2,0
0,0,0.0802182664,0.03385196915,1,0
0,0,0.1019083424,0.2169007599,2,0
0,0,0.04870168069,-0.532066617,2,0
0,0,-0.07997079621,-1.286724769,0,0
0,0,-0.1358115587,-0.5584076244,2,0
0,0,-0.2879381845,-1.521266259,0,0
0,0,-0.4136049664,-1.256667819,2,0
0,0,-0.6803135991,-2.667086328,2,0
0,0,-1.104279852,-4.239662525,1,-1
1,1,-1.647176626,-5.42896774
0,0,0,0,2,0
0,0,-0.1011499785,-1.011499785,1,0
0,0,-0.2105856696,-1.094356911,2,0
0,0,-0.4320027986,-2.21417129,1,0
0,0,-0.729733398,-2.977305994,1,0
0,0,-1.134162214,-4.044288159,1,-1
1,1,-1.665199668,-5.310374538
0,0,0,0,0,0
0,0,0.08562703833,0.8562703833,1,0
0,0,0.1895543503,1.03927312,2,0
0,0,0.2522857811,0.6273143079,2,0
0,0,0.2725141806,0.2022839948,1,0
0,0,0.3442938776,0.7177969708,2,0
0,0,0.3768008311,0.3250695342,1,0
0,0,0.4816055463,1.048047152,1,0
0,0,0.6766138818,1.950083355,1,0
0,0,0.9676107083,2.909968265,1,0
0,0,1.379743753,4.121330445,0,-1
1,1,1.945464255,5.657205022
0,0,0,0,2,0
0,0,-0.09654397367,-0.9654397367,2,0
0,0,-0.3006604801,-2.041165064,2,0
0,0,-0.6288315407,-3.281710606,1,0
0,0,-1.052772474,-4.239409336,2,-1
1,1,-1.638271926,-5.854994517
0,0,0,0,0,0
0,0,0.07079077822,0.7079077822,0,0
0,0,0.2542062116,1.834154333,0,0
0,0,0.5558442208,3.016380092,2,0
0,0,0.8627768433,3.069326225,0,0
0,0,1.330305319,4.675284756,0,-1
1,1,1.948684611,6.183792921
0,0,0,0,0,0
0,0,0.07586329386,0.7586329386,2,0
0,0,0.0794897446,0.03626450736,0,0
0,0,0.1986862341,1.191964895,0,0
0,0,0.4355630413,2.368768071,0,0
0,0,0.8043989862,3.688359449,1,0
0,0,1.266752783,4.62353797,0,-1
1,1,1.888757575,6.220047922
0,0,0,0,1,0
0,0,0.00760751881,0.0760751881,1,0
0,0,0.02436583467,0.1675831586,1,0
0,0,0.06019910014,0.3583326548,2,0
0,0,0.02439078402,-0.3580831612,2,0
0,0,-0.08739245391,-1.117832379,2,0
0,0,-0.2865312053,-1.991387514,1,0
0,0,-0.5445916537,-2.580604485,1,0
0,0,-0.8885008916,-3.439092379,2,0
0,0,-1.389161425,-5.00660533,0,-1
1,1,-2.015189215,-6.260277907
0,0,0,0,0,0
0,0,0.09970136044,0.9970136044,2,0
0,0,0.1194332435,0.1973188308,0,0
0,0,0.2549942945,1.355610509,0,0
0,0,0.5332552575,2.782609631,1,0
0,0,0.8849362895,3.516810319,2,0
0,0,1.299533338,4.145970486,2,-1
1,1,1.833385708,5.338523695
0,0,0,0,2,0
0,0,-0.1006457621,-1.006457621,0,0
0,0,-0.1249861275,-0.2434036541,0,0
0,0,-0.08571257042,0.3927355706,1,0
0,0,-0.0779657588,0.07746811621,2,0
0,0,-0.180783498,-1.028177392,2,0
0,0,-0.4081834179,-2.273999199,2,0
0,0,-0.7848267621,-3.766433442,2,0
0,0,-1.318011824,-5.331850623,2,-1
1,1,-2.006033399,-6.880215744
0,0,0,0,2,0
0,0,-0.102102689,-1.02102689,1,0
0,0,-0.2167024256,-1.145997365,1,0
0,0,-0.3748327592,-1.581303336,2,0
0,0,-0.6798139515,-3.049811923,1,0
0,0,-1.07556078,-3.957468284,2,-1
1,1,-1.637872759,-5.623119795
0,0,0,0,2,0
0,0,-0.1016013005,-1.016013005,0,0
0,0,-0.1495630967,-0.4796179625,0,0
0,0,-0.1396744054,0.09888691323,2,0
0,0,-0.2484627997,-1.087883943,0,0
0,0,-0.3225414984,-0.7407869864,0,0
0,0,-0.3727533763,-0.5021187794,1,0
0,0,-0.4746136871,-1.018603108,0,0
0,0,-0.5659144008,-0.9130071369,0,0
0,0,-0.6818641009,-1.159497001,2,0
0,0,-0.9622938086,-2.804297077,0,0
0,0,-1.325783946,-3.634901373,0,-1
1,1,-1.810612506,-4.8482856
0,0,0,0,1,0
0,0,0.001698219008,0.01698219008,1,0
0,0,-0.009276821849,-0.1097504086,1,0
0,0,-0.03086621478,-0.2158939293,1,0
0,0,-0.06848069657,-0.3761448179,2,0
0,0,-0.2209882265,-1.525075299,0,0
0,0,-0.3369577433,-1.159695168,0,0
0,0,-0.4256984261,-0.8874068281,2,0
0,0,-0.6615526573,-2.358542312,2,0
0,0,-1.056589222,-3.950365643,2,-1
1,1,-1.60832845,-5.517392279
0,0,0,0,0,0
0,0,0.09410784901,0.9410784901,0,0
0,0,0.2768460707,1.827382217,1,0
0,0,0.5006936047,2.23847534,1,0
0,0,0.8030691308,3.023755261,1,0
0,0,1.205253622,4.021844914,1,-1
1,1,1.737952814,5.326991919
0,0,0,0,0,0
0,0,0.09299327007,0.9299327007,0,0
0,0,0.2886369885,1.956437184,2,0
0,0,0.4571448829,1.685078944,1,0
0,0,0.6976483501,2.405034672,2,0
0,0,0.9837698347,2.861214846,1,0
0,0,1.390630419,4.068605846,0,-1
1,1,1.954161594,5.635311746
0,0,0,0,1,0
0,0,0.01669298375,0.1669298375,1,0
0,0,0.03629683742,0.1960385367,0,0
0,0,0.162910136,1.266132986,2,0
0,0,0.2448738406,0.8196370462,1,0
0,0,0.3790735177,1.34199677,1,0
0,0,0.5606111203,1.815376027,0,0
0,0,0.8872540071,3.266428868,2,0
0,0,1.2689635,3.817094924,0,-1
1,1,1.810953303,5.41989803
0,0,0,0,1,0
0,0,-0.002122183941,-0.02122183941,0,0
0,0,0.1010131858,1.031353697,2,0
0,0,0.1340285966,0.3301541079,1,0
0,0,0.1860092091,0.5198061248,1,0
0,0,0.2704219379,0.8441272881,0,0
0,0,0.4910647037,2.206427659,2,0
0,0,0.7011543223,2.100896186,0,0
0,0,1.073765045,3.726107228,1,-1
1,1,1.572953792,4.991887466
0,0,0,0,2,0
0,0,-0.09957582771,-0.9957582771,0,0
0,0,-0.1110132876,-0.1143745992,2,0
0,0,-0.2423318084,-1.313185207,1,0
0,0,-0.4188803299,-1.765485216,0,0
0,0,-0.5835519474,-1.646716175,1,0
0,0,-0.8400782272,-2.565262797,1,0
0,0,-1.215553072,-3.754748451,0,-1
1,1,-1.700139931,-4.845868589
0,0,0,0,0,0
0,0,0.07629591408,0.7629591408,0,0
0,0,0.2654241373,1.891282233,1,0
0,0,0.503881438,2.384573006,1,0
0,0,0.8333001484,3.294187104,2,0
0,0,1.222001456,3.887013077,0,-1
1,1,1.768728834,5.467273777
0,0,0,0,1,0
0,0,-0.01635421707,-0.1635421707,2,0
0,0,-0.1406804684,-1.243262513,0,0
0,0,-0.1982424888,-0.5756202039,0,0
0,0,-0.2100799902,-0.1183750143,2,0
0,0,-0.3477360546,-1.376560644,1,0
0,0,-0.5485538185,-2.008177639,1,0
0,0,-0.8453840765,-2.96830258,1,0
0,0,-1.254431594,-4.090475177,1,-1
1,1,-1.801036482,-5.466048878
0,0,0,0,1,0
0,0,0.001683268601,0.01683268601,1,0
0,0,0.02082818126,0.1914491266,1,0
0,0,0.03599662957,0.1516844831,1,0
0,0,0.05029102427,0.142943947,0,0
0,0,0.1705369481,1.202459238,1,0
0,0,0.3022637189,1.317267707,0,0
0,0,0.5770896456,2.748259267,1,0
0,0,0.9471710082,3.700813626,2,0
0,0,1.388973759,4.418027512,0,-1
1,1,1.983583996,5.946102369
0,0,0,0,0,0
0,0,0.09152229752,0.9152229752,0,0
0,0,0.2742266224,1.827043249,2,0
0,0,0.4236705766,1.494439542,0,0
0,0,0.7121439134,2.884733368,0,0
0,0,1.155351379,4.432074656,2,-1
1,1,1.691836223,5.364848437
0,0,0,0,0,0
0,0,0.08812865209,0.8812865209,2,0
0,0,0.09223587375,0.04107221663,0,0
0,0,0.2081626751,1.159268013,2,0
0,0,0.2712191421,0.63056467,1,0
0,0,0.3799094155,1.086902734,1,0
0,0,0.5544047959,1.744953805,1,0
0,0,0.8093838191,2.549790232,0,0
0,0,1.234775298,4.253914792,2,-1
1,1,1.765595937,5.308206386
0,0,0,0,1,0
0,0,-0.01308372071,-0.1308372071,1,0
0,0,-0.01817841299,-0.05094692282,2,0
0,0,-0.1228281772,-1.046497642,2,0
0,0,-0.3360983115,-2.132701343,1,0
0,0,-0.6146080846,-2.785097731,1,0
0,0,-0.9852324407,-3.706243561,2,0
0,0,-1.510732896,-5.255004556,1,-1
1,1,-2.180558786,-6.698258894
0,0,0,0,0,0
0,0,0.1048945478,1.048945478,0,0
0,0,0.3326569346,2.277623868,2,0
0,0,0.5305661583,1.979092237,2,0
0,0,0.7269634707,1.963973125,2,0
0,0,0.9684335757,2.41470105,2,0
0,0,1.295023911,3.265903357,2,-1
1,1,1.742743922,4.477200108
0,0,0,0,1,0
0,0,-0.01754847326,-0.1754847326,1,0
0,0,-0.03875434053,-0.2120586727,0,0
0,0,0.02439546106,0.6314980159,2,0
0,0,0.01725309235,-0.07142368703,1,0
0,0,0.01250015773,-0.04752934623,2,0
0,0,-0.06496199428,-0.7746215201,0,0
0,0,-0.05379742851,0.1116456577,2,0
0,0,-0.1447337183,-0.9093628978,2,0
0,0,-0.3566759657,-2.119422474,2,0
0,0,-0.7099789612,-3.533029955,2,0
0,0,-1.213983324,-5.040043624,0,-1
1,1,-1.816399175,-6.024158513
0,0,0,0,2,0
0,0,-0.1002889563,-1.002889563,1,0
0,0,-0.2065693324,-1.062803762,2,0
0,0,-0.4452565667,-2.386872343,2,0
0,0,-0.8439799016,-3.987233348,0,0
0,0,-1.294264319,-4.502844176,1,-1
1,1,-1.881698092,-5.874337728
0,0,0,0,2,0
0,0,-0.08735552276,-0.8735552276,0,0
0,0,-0.1024557012,-0.1510017847,0,0
0,0,-0.05495619717,0.4749950406,1,0
0,0,-0.0002260135569,0.5473018362,0,0
0,0,0.1457683381,1.459943516,0,0
0,0,0.4060477064,2.602793683,0,0
0,0,0.7968770866,3.908293802,2,0
0,0,1.222893869,4.260167828,2,-1
1,1,1.755497146,5.326032763
0,0,0,0,0,0
0,0,0.1041437971,1.041437971,1,0
0,0,0.2336407417,1.294969446,2,0
0,0,0.3160484736,0.8240773188,2,0
0,0,0.3761308784,0.6008240478,2,0
0,0,0.4123871649,0.3625628658,0,0
0,0,0.599699875,1.8731271,0,0
0,0,0.9515267846,3.518269097,0,0
0,0,1.474885286,5.23358501,0,-1
1,1,2.14893071,6.740454239
0,0,0,0,2,0
0,0,-0.08608594364,-0.8608594364,2,0
0,0,-0.2615719056,-1.754859619,2,0
0,0,-0.5725513779,-3.109794724,2,0
0,0,-1.023000662,-4.504492844,0,0
0,0,-1.542410062,-5.194094001,1,-1
1,1,-2.207371132,-6.649610698
0,0,0,0,2,0
0,0,-0.07334907453,-0.7334907453,0,0
0,0,-0.08017564243,-0.06826567899,0,0
0,0,-0.01505152272,0.651241197,1,0
0,0,0.0532751282,0.6832665093,2,0
0,0,0.0508329152,-0.02442213002,1,0
0,0,0.04153475415,-0.09298161049,1,0
0,0,0.0555636058,0.1402885164,1,0
0,0,0.09328427316,0.3772066737,1,0
0,0,0.1353129796,0.4202870646,1,0
0,0,0.215792674,0.8047969441,1,0
0,0,0.3160655564,1.002728824,2,0
0,0,0.388464635,0.7239907862,1,0
0,0,0.5383635228,1.498988878,2,0
0,0,0.6935967117,1.552331888,2,0
0,0,0.8803362074,1.867394957,2,0
0,0,1.129572031,2.492358241,2,0
0,0,1.47382539,3.442533585,0,-1
1,1,1.971255446,4.974300563
0,0,0,0,0,0
0,0,0.0777005279,0.777005279,0,0
0,0,0.24940157,1.717010421,0,0
0,0,0.5307528296,2.813512596,2,0
0,0,0.8066934516,2.75940622,1,0
0,0,1.185453375,3.787599238,0,-1
1,1,1.719901094,5.344477184
0,0,0,0,2,0
0,0,-0.09655383009,-0.9655383009,2,0
0,0,-0.2850823776,-1.885285475,0,0
0,0,-0.4450444933,-1.599621157,2,0
0,0,-0.7423385426,-2.972940494,0,0
0,0,-1.072867785,-3.305292425,0,0
0,0,-1.496793754,-4.239259686,2,-1
1,1,-2.07176009,-5.749663367
0,0,0,0,0,0
0,0,0.08454661245,0.8454661245,1,0
0,0,0.1897042161,1.051576036,0,0
0,0,0.3987761056,2.090718896,0,0
0,0,0.7547184236,3.55942318,1,0
0,0,1.219772135,4.650537109,2,-1
1,1,1.783456722,5.636845879
0,0,0,0,1,0
0,0,-0.009569539826,-0.09569539826,0,0
0,0,0.07302249719,0.8259203701,1,0
0,0,0.1707257866,0.977032894,0,0
0,0,0.3952020223,2.244762357,2,0
0,0,0.5880719398,1.928699175,1,0
0,0,0.8582965638,2.70224624,1,0
0,0,1.238535695,3.802391312,1,-1
1,1,1.75141816,5.128824655
0,0,0,0,0,0
0,0,0.1047094313,1.047094313,2,0
0,0,0.1329857031,0.2827627181,2,0
0,0,0.09765028288,-0.3533542025,0,0
0,0,0.1668868928,0.6923660995,2,0
0,0,0.1828869064,0.1600001361,0,0
0,0,0.30492458,1.220376735,2,0
0,0,0.3834154945,0.7849091453,2,0
0,0,0.4386272353,0.5521174076,2,0
0,0,0.4841688134,0.4554157812,1,0
0,0,0.6034608634,1.1929205,1,0
0,0,0.8164846089,2.130237455,0,0
0,0,1.19532813,3.78843521,1,-1
1,1,1.704646031,5.093179012
0,0,0,0,1,0
0,0,-0.009460470884,-0.09460470884,2,0
0,0,-0.1068372371,-0.9737676623,1,0
0,0,-0.2196940512,-1.128568141,2,0
0,0,-0.4538322493,-2.341381981,0,0
0,0,-0.6693811299,-2.155488806,1,0
0,0,-0.976053321,-3.06672191,2,0
0,0,-1.442553301,-4.6649998,2,-1
1,1,-2.05923326,-6.166799593
0,0,0,0,0,0
0,0,0.08547432038,0.8547432038,1,0
0,0,0.187856062,1.023817416,0,0
0,0,0.4057239539,2.178678919,2,0
0,0,0.6113912018,2.056672479,2,0
0,0,0.8516388927,2.402476909,0,0
0,0,1.250731651,3.990927579,2,-1
1,1,1.756733999,5.060023489
0,0,0,0,0,0
0,0,0.09712879361,0.9712879361,0,0
0,0,0.3022651997,2.05136406,1,0
0,0,0.5562091961,2.539439964,1,0
0,0,0.8818460954,3.256368993,1,0
0,0,1.321753954,4.399078582,0,-1
1,1,1.914613147,5.928591934
0,0,0,0,0,0
0,0,0.08993965621,0.8993965621,1,0
0,0,0.207976585,1.180369288,0,0
0,0,0.4558384301,2.478618452,1,0
0,0,0.7808005433,3.249621132,1,0
0,0,1.202582213,4.2178167,0,-1
1,1,1.785907575,5.833253612
0,0,0,0,1,0
0,0,0.008205489425,0.08205489425,2,0
0,0,-0.06700629127,-0.752117807,1,0
0,0,-0.1523862585,-0.8537996724,1,0
0,0,-0.2560988145,-1.03712556,1,0
0,0,-0.4124257574,-1.563269429,1,0
0,0,-0.642458415,-2.300326577,1,0
0,0,-0.971152056,-3.28693641,0,0
0,0,-1.3777941,-4.066420436,0,-1
1,1,-1.912597046,-5.348029466
