2,1,1
0,0,0,0,1,0
0,0,-0.01332337998,-0.1332337998,0,0
0,0,0.06154230311,0.7486568309,2,0
0,0,0.04781633705,-0.1372596606,0,0
0,0,0.1164652429,0.6864890585,0,0
0,0,0.2899996106,1.735343677,1,0
0,0,0.498165384,2.081657735,0,0
0,0,0.8680937523,3.699283683,0,0
0,0,1.396064596,5.279708432,1,-1
1,1,2.063200477,6.671358812
0,0,0,0,1,0
0,0,0.01711047408,0.1711047408,1,0
0,0,0.04456352765,0.2745305357,0,0
0,0,0.163005225,1.184416974,0,0
0,0,0.3905221654,2.275169404,0,0
0,0,0.7690496135,3.78527448,2,0
0,0,1.192698988,4.236493749,0,-1
1,1,1.778416314,5.857173253
0,0,0,0,1,0
0,0,-0.004288616695,-0.04288616695,1,0
0,0,-0.01559844734,-0.1130983065,0,0
0,0,0.07013116965,0.85729617,1,0
0,0,0.1694283471,0.9929717742,0,0
0,0,0.368489944,1.990615969,1,0
0,0,0.6351293438,2.666393998,0,0
0,0,1.071685688,4.365563438,0,-1
1,1,1.668710627,5.970249396
0,0,0,0,0,0
0,0,0.08052226062,0.8052226062,2,0
0,0,0.07483433165,-0.05687928973,2,0
0,0,-0.02285335963,-0.9768769128,0,0
0,0,-0.02712594962,-0.04272589998,2,0
0,0,-0.1401892391,-1.130632895,0,0
0,0,-0.1986427804,-0.5845354135,1,0
0,0,-0.2902157064,-0.9157292595,1,0
0,0,-0.4448939849,-1.546782785,0,0
0,0,-0.583440857,-1.385468722,1,0
0,0,-0.8214065393,-2.379656823,1,0
0,0,-1.164062545,-3.42656006,1,-1
1,1,-1.640122825,-4.7606028
0,0,0,0,0,0
0,0,0.0770100096,0.770100096,2,0
0,0,0.08346564677,0.06455637167,0,0
0,0,0.1918884516,1.084228048,1,0
0,0,0.3357916231,1.439031715,1,0
0,0,0.5398117047,2.040200816,2,0
0,0,0.7461554391,2.063437345,1,0
0,0,1.052160375,3.060049358,2,0
0,0,1.449529934,3.973695591,1,-1
1,1,1.991959908,5.424299738
0,0,0,0,2,0
0,0,-0.07122124309,-0.7122124309,2,0
0,0,-0.243140714,-1.719194709,2,0
0,0,-0.5511318259,-3.079911119,1,0
0,0,-0.9360995182,-3.849676923,0,0
0,0,-1.388407051,-4.523075329,1,-1
1,1,-1.979542831,-5.911357797
0,0,0,0,0,0
0,0,0.09228510448,0.9228510448,1,0
0,0,0.2173195914,1.250344869,0,0
0,0,0.470770348,2.534507566,0,0
0,0,0.872627999,4.01857651,0,0
0,0,1.437412997,5.647849982,0,-1
1,1,2.151827825,7.144148278
0,0,0,0,2,0
0,0,-0.07690650856,-0.7690650856,2,0
0,0,-0.2704108966,-1.93504388,0,0
0,0,-0.4262286344,-1.558177379,1,0
0,0,-0.6438789188,-2.176502843,0,0
0,0,-0.8788229924,-2.349440737,1,0
0,0,-1.229909028,-3.510860356,0,-1
1,1,-1.688520422,-4.586113937
0,0,0,0,2,0
0,0,-0.08168412836,-0.8168412836,2,0
0,0,-0.2649656293,-1.832815009,2,0
0,0,-0.5616640492,-2.966984199,1,0
0,0,-0.9257478501,-3.640838009,2,0
0,0,-1.453524717,-5.277768672,0,-1
1,1,-2.114652232,-6.611275151
0,0,0,0,0,0
0,0,0.09562157937,0.9562157937,2,0
0,0,0.1275647319,0.3194315251,1,0
0,0,0.1746940842,0.4712935237,1,0
0,0,0.2659646909,0.9127060668,0,0
0,0,0.4697379139,2.037732229,1,0
0,0,0.7554038685,2.856659546,2,0
0,0,1.085081051,3.29677183,1,0
0,0,1.544668702,4.595876501,0,-1
1,1,2.152234949,6.075662476
0,0,0,0,1,0
0,0,0.01313650358,0.1313650358,1,0
0,0,0.0399899629,0.2685345933,1,0
0,0,0.0723496267,0.3235966379,0,0
0,0,0.2172833156,1.449336889,0,0
0,0,0.4868828881,2.695995724,0,0
0,0,0.9111708181,4.242879301,1,0
0,0,1.446095531,5.349247131,0,-1
1,1,2.130544812,6.84449281
0,0,0,0,1,0
0,0,0.003234637516,0.03234637516,1,0
0,0,0.01458978401,0.1135514649,0,0
0,0,0.1076568076,0.9306702362,2,0
0,0,0.1392181012,0.3156129357,1,0
0,0,0.206943962,0.6772586083,0,0
0,0,0.4097456377,2.028016757,2,0
0,0,0.6054218942,1.956762565,2,0
0,0,0.835156268,2.297343738,1,0
0,0,1.166904617,3.317483492,1,-1
1,1,1.632730135,4.658255178
0,0,0,0,1,0
0,0,-0.00036816987,-0.0036816987,0,0
0,0,0.0995130254,0.9988119527,0,0
0,0,0.2874868476,1.879738222,1,0
0,0,0.5303976637,2.429108161,2,0
0,0,0.7942414468,2.638437831,1,0
0,0,1.170768586,3.765271395,0,-1
1,1,1.709994109,5.392255231
0,0,0,0,1,0
0,0,0.01612732648,0.1612732648,1,0
0,0,0.05152596376,0.3539863727,2,0
0,0,0.01254021892,-0.3898574483,2,0
0,0,-0.1277206779,-1.402608968,2,0
0,0,-0.3926840835,-2.649634056,1,0
0,0,-0.7035798668,-3.108957833,1,0
0,0,-1.10592491,-4.023450434,1,-1
1,1,-1.629259788,-5.233348777
0,0,0,0,2,0
0,0,-0.07179847014,-0.7179847014,1,0
0,0,-0.1398775812,-0.6807911104,1,0
0,0,-0.2229747319,-0.8309715069,2,0
0,0,-0.4210395168,-1.980647849,2,0
0,0,-0.7604464701,-3.394069533,0,0
0,0,-1.138082094,-3.77635624,0,-1
1,1,-1.615321759,-4.772396652
0,0,0,0,2,0
0,0,-0.08274063145,-0.8274063145,2,0
0,0,-0.2741611366,-1.914205052,2,0
0,0,-0.5839411335,-3.097799969,0,0
0,0,-0.8985621231,-3.146209896,2,0
0,0,-1.377337517,-4.787753939,1,-1
1,1,-1.996584535,-6.192470175
0,0,0,0,0,0
0,0,0.08784132094,0.8784132094,0,0
0,0,0.2792936259,1.91452305,1,0
0,0,0.5271910833,2.478974573,1,0
0,0,0.8658094396,3.386183564,2,0
0,0,1.260430228,3.946207888,0,-1
1,1,1.812207851,5.517776224
0,0,0,0,2,0
0,0,-0.08712030749,-0.8712030749,2,0
0,0,-0.269271613,-1.821513056,1,0
0,0,-0.4808313822,-2.115597691,2,0
0,0,-0.8548345879,-3.740032057,2,0
0,0,-1.378709891,-5.238753036,0,-1
1,1,-2.025628425,-6.469185331
0,0,0,0,2,0
0,0,-0.07270913742,-0.7270913742,2,0
0,0,-0.2551777898,-1.824686524,2,0
0,0,-0.5701922838,-3.15014494,0,0
0,0,-0.9021484246,-3.319561408,2,0
0,0,-1.388107769,-4.859593446,1,-1
1,1,-2.011684585,-6.235768157
0,0,0,0,1,0
0,0,0.00146367708,0.0146367708,1,0
0,0,0.01660221567,0.1513853859,0,0
0,0,0.1212073748,1.046051591,0,0
0,0,0.3408736184,2.196662436,1,0
0,0,0.6106411328,2.697675144,1,0
0,0,0.9643553506,3.537142178,0,0
0,0,1.476495142,5.121397913,1,-1
1,1,2.130892145,6.543970036
0,0,0,0,0,0
0,0,0.07709465015,0.7709465015,2,0
0,0,0.09326161531,0.1616696516,0,0
0,0,0.2085669322,1.153053169,0,0
0,0,0.449219813,2.406528808,2,0
0,0,0.6685871662,2.193673532,2,0
0,0,0.9237993533,2.552121871,2,0
0,0,1.255232321,3.314329675,0,-1
1,1,1.744580411,4.8934809
0,0,0,0,0,0
0,0,0.08392345168,0.8392345168,0,0
0,0,0.2591607798,1.752373281,2,0
0,0,0.3984092753,1.392484955,1,0
0,0,0.5890145251,1.906052498,0,0
0,0,0.9432646706,3.542501456,2,0
0,0,1.376106441,4.328417705,1,-1
1,1,1.951184714,5.750782726
0,0,0,0,0,0
0,0,0.1051499845,1.051499845,0,0
0,0,0.3322798718,2.271298873,2,0
0,0,0.5151155082,1.828356364,2,0
0,0,0.6970734161,1.819579079,2,0
0,0,0.9105586643,2.134852482,2,0
0,0,1.192800063,2.822413986,1,-1
1,1,1.613516755,4.20716692
0,0,0,0,1,0
0,0,0.0111326291,0.111326291,2,0
0,0,-0.06508116573,-0.7621379483,0,0
0,0,-0.06060014374,0.04481021989,1,0
0,0,-0.0806395832,-0.2003943946,0,0
0,0,-0.03180782371,0.4883175948,0,0
0,0,0.1110936942,1.429015179,0,0
0,0,0.3515316197,2.404379255,1,0
0,0,0.657375079,3.058434593,1,0
0,0,1.05708021,3.997051307,2,0
0,0,1.543975056,4.868948463,1,-1
1,1,2.176775782,6.328007261
0,0,0,0,0,0
0,0,0.08689578402,0.8689578402,2,0
0,0,0.1050441695,0.1814838546,1,0
0,0,0.1580062915,0.52962122,2,0
0,0,0.1543861263,-0.03620165195,0,0
0,0,0.251839922,0.9745379567,0,0
0,0,0.4709146892,2.190747672,0,0
0,0,0.8272437945,3.563291053,2,0
0,0,1.232406615,4.051628204,0,-1
1,1,1.798076697,5.656700819
0,0,0,0,1,0
0,0,0.00214055457,0.0214055457,2,0
0,0,-0.07554612471,-0.7768667928,1,0
0,0,-0.1551028379,-0.7955671323,2,0
0,0,-0.3615731662,-2.064703283,2,0
0,0,-0.7176671711,-3.560940049,1,0
0,0,-1.181155721,-4.634885497,1,-1
1,1,-1.775935296,-5.947795749
0,0,0,0,1,0
0,0,-0.008670264004,-0.08670264004,0,0
0,0,0.06808126598,0.7675152999,1,0
0,0,0.1735914867,1.055102207,2,0
0,0,0.2252482818,0.5165679508,0,0
0,0,0.4169985254,1.917502436,1,0
0,0,0.6709326527,2.539341273,1,0
0,0,1.02985571,3.589230576,2,0
0,0,1.473092062,4.432363517,2,-1
1,1,2.053492692,5.804006294
0,0,0,0,2,0
0,0,-0.0941463997,-0.941463997,0,0
0,0,-0.1171839896,-0.2303758991,0,0
0,0,-0.0579448384,0.592391512,2,0
0,0,-0.09814018575,-0.4019534735,2,0
0,0,-0.2378672902,-1.397271044,0,0
0,0,-0.330693165,-0.9282587485,1,0
0,0,-0.483964184,-1.53271019,1,0
0,0,-0.7061878536,-2.222236696,1,0
0,0,-1.01777841,-3.11590556,2,0
0,0,-1.493746973,-4.759685633,1,-1
1,1,-2.113835802,-6.200888293
0,0,0,0,1,0
0,0,-0.01219384545,-0.1219384545,1,0
0,0,-0.01526555159,-0.03071706146,1,0
0,0,-0.01028192202,0.04983629569,2,0
0,0,-0.1081812156,-0.9789929356,2,0
0,0,-0.3011442426,-1.92963027,0,0
0,0,-0.4582300015,-1.570857589,1,0
0,0,-0.6973539285,-2.39123927,0,0
0,0,-0.9810154476,-2.836615191,2,0
0,0,-1.426497675,-4.454822274,2,-1
1,1,-2.024900132,-5.984024573
0,0,0,0,0,0
0,0,0.08102380382,0.8102380382,0,0
0,0,0.2581409519,1.771171481,1,0
0,0,0.4905465633,2.324056114,0,0
0,0,0.8718318325,3.812852692,0,0
0,0,1.403772768,5.319409352,1,-1
1,1,2.075443771,6.716710037
0,0,0,0,2,0
0,0,-0.08779942003,-0.8779942003,0,0
0,0,-0.08651847538,0.01280944645,1,0
0,0,-0.09710789556,-0.1058942017,2,0
0,0,-0.2079222064,-1.108143108,1,0
0,0,-0.3368241827,-1.289019763,0,0
0,0,-0.4354991966,-0.9867501398,0,0
0,0,-0.5180692496,-0.8257005295,1,0
0,0,-0.6734092803,-1.553400307,1,0
0,0,-0.9165278692,-2.43118589,2,0
0,0,-1.317456538,-4.009286687,0,-1
1,1,-1.836708983,-5.192524447
0,0,0,0,2,0
0,0,-0.08785895916,-0.8785895916,0,0
0,0,-0.1188157133,-0.309567541,1,0
0,0,-0.1701916406,-0.5137592737,1,0
0,0,-0.2488694695,-0.7867782885,2,0
0,0,-0.4429623374,-1.940928679,2,0
0,0,-0.769488136,-3.265257986,0,0
0,0,-1.131156513,-3.616683774,0,-1
1,1,-1.588974446,-4.578179329
0,0,0,0,1,0
0,0,0.008010883825,0.08010883825,2,0
0,0,-0.06049603274,-0.6850691657,0,0
0,0,-0.05798025949,0.02515773252,1,0
0,0,-0.0817756683,-0.2379540881,2,0
0,0,-0.2187538958,-1.369782275,1,0
0,0,-0.4030363573,-1.842824615,2,0
0,0,-0.7434566504,-3.404202931,1,0
0,0,-1.178862348,-4.354056978,0,-1
1,1,-1.715608223,-5.367458748
0,0,0,0,0,0
0,0,0.1038851967,1.038851967,1,0
0,0,0.2249004621,1.210152654,1,0
0,0,0.3697478104,1.448473483,0,0
0,0,0.6457652951,2.760174848,1,0
0,0,1.014856686,3.690913905,2,0
0,0,1.462114673,4.472579875,1,-1
1,1,2.053365086,5.912504131
0,0,0,0,2,0
0,0,-0.07874744321,-0.7874744321,2,0
0,0,-0.2594893216,-1.807418784,1,0
0,0,-0.4725024118,-2.130130902,0,0
0,0,-0.6911025981,-2.186001863,2,0
0,0,-1.067969421,-3.768668226,2,-1
1,1,-1.601714659,-5.337452384
0,0,0,0,0,0
0,0,0.09140826644,0.9140826644,1,0
0,0,0.2148138368,1.234055704,0,0
0,0,0.4595312574,2.447174206,0,0
0,0,0.8523406512,3.928093938,0,0
0,0,1.407881617,5.555409661,2,-1
1,1,2.087701541,6.798199238
0,0,0,0,2,0
0,0,-0.09898138669,-0.9898138669,2,0
0,0,-0.3069455771,-2.079641904,1,0
0,0,-0.565299221,-2.583536439,2,0
0,0,-0.9866399975,-4.213407765,0,0
0,0,-1.487939305,-5.012993076,1,-1
1,1,-2.132074846,-6.44135541
0,0,0,0,1,0
0,0,-0.002414337893,-0.02414337893,0,0
0,0,0.09467367832,0.9708801621,2,0
0,0,0.1322739332,0.3760025486,1,0
0,0,0.1954427658,0.6316883267,2,0
0,0,0.2117756918,0.1633292594,0,0
0,0,0.3497333009,1.379576091,2,0
0,0,0.4678051701,1.180718692,1,0
0,0,0.6692322074,2.014270373,2,0
0,0,0.9017559459,2.325237385,1,0
0,0,1.25359684,3.518408946,1,-1
1,1,1.744924141,4.913273007
0,0,0,0,1,0
0,0,-0.006952692018,-0.06952692018,2,0
0,0,-0.09758401875,-0.9063132673,2,0
0,0,-0.2915483017,-1.939642829,2,0
0,0,-0.6280505804,-3.365022787,1,0
0,0,-1.056559028,-4.285084475,0,0
0,0,-1.569066093,-5.125070654,2,-1
1,1,-2.228652168,-6.595860745
0,0,0,0,1,0
0,0,-0.01028980858,-0.1028980858,0,0
0,0,0.08265729686,0.9294710544,2,0
0,0,0.1176902761,0.3503297927,1,0
0,0,0.1757488799,0.5805860375,2,0
0,0,0.1770334911,0.01284611195,0,0
0,0,0.3106921413,1.336586502,2,0
0,0,0.3997521347,0.8905999338,1,0
0,0,0.5574920646,1.5773993,1,0
0,0,0.8115345031,2.540424384,0,0
0,0,1.228343453,4.168089497,1,-1
1,1,1.778686753,5.503433007
0,0,0,0,1,0
0,0,-0.009318134541,-0.09318134541,0,0
0,0,0.08407456785,0.9339270239,0,0
0,0,0.2670316078,1.8295704,2,0
0,0,0.4227408692,1.557092614,1,0
0,0,0.6319218308,2.091809616,1,0
0,0,0.928970968,2.970491372,1,0
0,0,1.348083057,4.191120887,0,-1
1,1,1.925812925,5.777298682
0,0,0,0,2,0
0,0,-0.07433777065,-0.7433777065,1,0
0,0,-0.1514548756,-0.7711710499,2,0
0,0,-0.3273173598,-1.758624841,0,0
0,0,-0.4837286185,-1.564112587,2,0
0,0,-0.7922839609,-3.085553424,1,0
0,0,-1.211464169,-4.191802084,1,-1
1,1,-1.762388646,-5.509244768
0,0,0,0,2,0
0,0,-0.07401173337,-0.7401173337,0,0
0,0,-0.07992854614,-0.05916812769,1,0
0,0,-0.117007828,-0.3707928184,2,0
0,0,-0.2550385845,-1.380307566,2,0
0,0,-0.5126967327,-2.576581481,0,0
0,0,-0.767662605,-2.549658723,0,0
0,0,-1.070757472,-3.030948669,2,0
0,0,-1.545280993,-4.745235213,2,-1
1,1,-2.167860281,-6.225792879
0,0,0,0,1,0
0,0,0.01728915391,0.1728915391,1,0
0,0,0.02129766935,0.04008515444,1,0
0,0,0.03742974639,0.1613207703,1,0
0,0,0.07388065959,0.3645091321,2,0
0,0,0.04094281222,-0.3293784737,1,0
0,0,0.02439752525,-0.1654528697,1,0
0,0,0.005589085847,-0.188084394,1,0
0,0,-0.003875384199,-0.09464470046,1,0
0,0,0.0002654518011,0.04140836,0,0
0,0,0.07642651823,0.7616106643,0,0
0,0,0.2618805652,1.854540469,1,0
0,0,0.4857226701,2.238421049,1,0
0,0,0.7872082106,3.014855405,0,0
0,0,1.244556385,4.573481741,2,-1
1,1,1.804394192,5.598378072
0,0,0,0,2,0
0,0,-0.07243679984,-0.7243679984,1,0
0,0,-0.146654944,-0.7421814419,2,0
0,0,-0.3165800519,-1.699251079,0,0
0,0,-0.4697261547,-1.531461027,2,0
0,0,-0.7671371686,-2.97411014,1,0
0,0,-1.157788916,-3.906517471,0,-1
1,1,-1.642334864,-4.845459483
0,0,0,0,0,0
0,0,0.09856306978,0.9856306978,1,0
0,0,0.214319729,1.157566593,0,0
0,0,0.4395835834,2.252638544,2,0
0,0,0.6483898475,2.088062641,1,0
0,0,0.9423961733,2.940063258,2,0
0,0,1.31676671,3.743705362,2,-1
1,1,1.810209067,4.93442357
0,0,0,0,1,0
0,0,0.01380274385,0.1380274385,1,0
0,0,0.03774239335,0.239396495,2,0
0,0,-0.02908621723,-0.6682861057,1,0
0,0,-0.1142694979,-0.8518328068,1,0
0,0,-0.220431242,-1.061617441,0,0
0,0,-0.2747695972,-0.5433835518,1,0
0,0,-0.3901774362,-1.154078389,1,0
0,0,-0.5538242423,-1.636468061,0,0
0,0,-0.7349716955,-1.811474532,1,0
0,0,-1.018104931,-2.831332356,2,0
0,0,-1.469547627,-4.514426956,1,-1
1,1,-2.063286832,-5.937392056
0,0,0,0,1,0
0,0,-0.01633195236,-0.1633195236,2,0
0,0,-0.1258187408,-1.094867885,1,0
0,0,-0.2488195098,-1.23000769,1,0
0,0,-0.4209581643,-1.721386545,2,0
0,0,-0.7526486505,-3.316904862,2,0
0,0,-1.245434441,-4.92785791,1,-1
1,1,-1.867938828,-6.225043869
0,0,0,0,1,0
0,0,0.01295411131,0.1295411131,0,0
0,0,0.1007956992,0.8784158786,0,0
0,0,0.2803721393,1.795764402,2,0
0,0,0.4300874806,1.497153412,1,0
0,0,0.6578401214,2.277526409,2,0
0,0,0.9138943797,2.560542582,0,0
0,0,1.338558125,4.246637457,2,-1
1,1,1.883371018,5.448128925
0,0,0,0,2,0
0,0,-0.09148941108,-0.9148941108,2,0
0,0,-0.2846510444,-1.931616333,2,0
0,0,-0.6065481287,-3.218970844,1,0
0,0,-1.000815464,-3.942673354,2,0
0,0,-1.5584884,-5.576729354,2,-1
1,1,-2.263335253,-7.048468531
0,0,0,0,1,0
0,0,0.003265638542,0.03265638542,1,0
0,0,-0.005466957218,-0.0873259576,1,0
0,0,-0.02961010944,-0.2414315223,2,0
0,0,-0.146150745,-1.165406356,2,0
0,0,-0.3710504977,-2.248997527,1,0
0,0,-0.6483094022,-2.772589045,2,0
0,0,-1.08146229,-4.331528882,0,-1
1,1,-1.596150859,-5.14688569
0,0,0,0,2,0
0,0,-0.07404602438,-0.7404602438,0,0
0,0,-0.0650159542,0.09030070183,0,0
0,0,0.02048853402,0.8550448822,0,0
0,0,0.1911351125,1.706465784,0,0
0,0,0.4686380067,2.775028942,0,0
0,0,0.8820098584,4.133718517,1,0
0,0,1.410021043,5.280111847,2,-1
1,1,2.063746213,6.537251703
0,0,0,0,0,0
0,0,0.09348580028,0.9348580028,0,0
0,0,0.3033401627,2.098543624,1,0
0,0,0.5752548294,2.719146667,1,0
0,0,0.9227975505,3.475427211,1,0
0,0,1.380142759,4.573452081,1,-1
1,1,1.974311212,5.941684538
0,0,0,0,1,0
0,0,0.01043825639,0.1043825639,1,0
0,0,0.0356992246,0.252609682,2,0
0,0,-0.01256108469,-0.4826030929,2,0
0,0,-0.1452677651,-1.327066804,1,0
0,0,-0.2864345714,-1.411668063,2,0
0,0,-0.5460583562,-2.596237847,1,0
0,0,-0.8801902375,-3.341318814,2,0
0,0,-1.3743231,-4.941328621,2,-1
1,1,-2.01905957,-6.447364705
0,0,0,0,2,0
0,0,-0.08321079873,-0.8321079873,1,0
0,0,-0.170285334,-0.8707453528,1,0
0,0,-0.2727277737,-1.024424397,1,0
0,0,-0.4263619667,-1.53634193,0,0
0,0,-0.5629107448,-1.365487781,2,0
0,0,-0.869833077,-3.069223322,2,0
0,0,-1.334806985,-4.649739085,2,-1
1,1,-1.956692448,-6.218854629
0,0,0,0,2,0
0,0,-0.07286405908,-0.7286405908,1,0
0,0,-0.1461008081,-0.7323674902,2,0
0,0,-0.3281788111,-1.82078003,1,0
0,0,-0.554932552,-2.267537409,2,0
0,0,-0.9496518477,-3.947192957,1,0
0,0,-1.451282762,-5.016309142,1,-1
1,1,-2.096386415,-6.451036533
0,0,0,0,2,0
0,0,-0.07359022181,-0.7359022181,2,0
0,0,-0.2375244247,-1.639342028,2,0
0,0,-0.5299056423,-2.923812177,1,0
0,0,-0.8877859039,-3.578802615,2,0
0,0,-1.401858253,-5.140723492,0,-1
1,1,-2.043512678,-6.416544254
0,0,0,0,2,0
0,0,-0.08907659614,-0.8907659614,0,0
0,0,-0.1159138775,-0.2683728138,2,0
0,0,-0.2354012607,-1.194873832,1,0
0,0,-0.394789507,-1.593882463,0,0
0,0,-0.523690736,-1.28901229,1,0
0,0,-0.7366967596,-2.130060236,0,0
0,0,-0.9850500682,-2.483533086,1,0
0,0,-1.353768471,-3.687184023,2,-1
1,1,-1.87965378,-5.258853093
0,0,0,0,1,0
0,0,-0.00562664164,-0.0562664164,0,0
0,0,0.08209435369,0.8772099533,1,0
0,0,0.191209538,1.091151843,2,0
0,0,0.2480122556,0.5680271763,0,0
0,0,0.4207637491,1.727514935,2,0
0,0,0.5863462263,1.655824773,1,0
0,0,0.8532255094,2.668792831,2,0
0,0,1.170284691,3.170591812,1,-1
1,1,1.624666115,4.543814247
0,0,0,0,1,0
0,0,-0.007345415381,-0.07345415381,0,0
0,0,0.08684384781,0.9418926319,1,0
0,0,0.2102463694,1.234025216,1,0
0,0,0.3760141472,1.657677778,1,0
0,0,0.6109636397,2.349494925,2,0
0,0,0.8799417971,2.689781573,2,0
0,0,1.219360276,3.394184787,0,-1
1,1,1.717411209,4.980509336
0,0,0,0,2,0
0,0,-0.08641399161,-0.8641399161,2,0
0,0,-0.2693143931,-1.829004015,0,0
0,0,-0.4200497545,-1.507353614,1,0
0,0,-0.6322746071,-2.122248526,1,0
0,0,-0.9295478157,-2.972732085,1,0
0,0,-1.339566522,-4.100187068,2,-1
1,1,-1.906745698,-5.671791753
0,0,0,0,1,0
0,0,0.009242198325,0.09242198325,1,0
0,0,0.01910915087,0.09866952542,1,0
0,0,0.02436126083,0.05252109963,0,0
0,0,0.1047595476,0.8039828672,1,0
0,0,0.2035676336,0.9880808601,2,0
0,0,0.253956308,0.5038867441,0,0
0,0,0.4381035483,1.841472403,0,0
0,0,0.7809286934,3.428251451,0,0
0,0,1.290466418,5.095377242,0,-1
1,1,1.953754347,6.632879294
0,0,0,0,0,0
0,0,0.08356789888,0.8356789888,2,0
0,0,0.1068109385,0.2324303958,1,0
0,0,0.1432726449,0.3646170646,1,0
0,0,0.2148696083,0.7159696337,0,0
0,0,0.3978137752,1.829441669,2,0
0,0,0.5781760962,1.803623209,1,0
0,0,0.853237778,2.750616819,2,0
0,0,1.179599161,3.263613831,0,-1
1,1,1.66560747,4.860083092
0,0,0,0,0,0
0,0,0.08752920546,0.8752920546,2,0
0,0,0.0991971153,0.1166790984,2,0
0,0,0.04807222076,-0.5112489455,2,0
0,0,-0.07836240138,-1.264346221,0,0
0,0,-0.1273380031,-0.489756017,2,0
0,0,-0.2870487461,-1.59710743,2,0
0,0,-0.5659981153,-2.789493692,2,0
0,0,-0.9841767082,-4.181785929,2,0
0,0,-1.552849389,-5.686726805,2,-1
1,1,-2.268927534,-7.160781451
0,0,0,0,0,0
0,0,0.08119265591,0.8119265591,1,0
0,0,0.1853032569,1.041106009,0,0
0,0,0.4209462692,2.356430123,1,0
0,0,0.709717938,2.887716689,0,0
0,0,1.155869534,4.461515964,0,-1
1,1,1.755385027,5.995154927
0,0,0,0,0,0
0,0,0.1031873433,1.031873433,2,0
0,0,0.1215739301,0.1838658679,0,0
0,0,0.2339265724,1.123526423,2,0
0,0,0.3146346366,0.8070806419,0,0
0,0,0.527358114,2.127234774,0,0
0,0,0.8862268683,3.588687543,2,0
0,0,1.301204984,4.149781159,1,-1
1,1,1.850118434,5.489134493
0,0,0,0,0,0
0,0,0.08582941558,0.8582941558,2,0
0,0,0.09930917653,0.1347976095,1,0
0,0,0.1370143672,0.3770519062,2,0
0,0,0.101549627,-0.354647402,2,0
0,0,0.001821086766,-0.9972854018,0,0
0,0,0.002742820934,0.009217341674,1,0
0,0,0.0003167859636,-0.0242603497,2,0
0,0,-0.1070289877,-1.073457736,0,0
0,0,-0.1475152296,-0.4048624197,2,0
0,0,-0.3050682622,-1.575530326,2,0
0,0,-0.5861959604,-2.811276982,0,0
0,0,-0.8749051635,-2.887092031,0,0
0,0,-1.222277144,-3.473719807,2,-1
1,1,-1.731365263,-5.090881183
0,0,0,0,1,0
0,0,0.01236292083,0.1236292083,0,0
0,0,0.1058607452,0.9349782436,1,0
0,0,0.2253232617,1.194625165,1,0
0,0,0.3845635398,1.592402781,2,0
0,0,0.5366521263,1.520885865,1,0
0,0,0.7599241651,2.232720388,1,0
0,0,1.083760005,3.238358403,0,0
0,0,1.564357561,4.805975551,0,-1
1,1,2.192236019,6.27878458
0,0,0,0,2,0
0,0,-0.07354278192,-0.7354278192,0,0
0,0,-0.05472882588,0.1881395604,2,0
0,0,-0.1237260314,-0.689972055,2,0
0,0,-0.286278785,-1.625527537,1,0
0,0,-0.4987856132,-2.125068281,1,0
0,0,-0.8009025655,-3.021169523,1,0
0,0,-1.215827627,-4.149250615,2,-1
1,1,-1.793976811,-5.78149184
0,0,0,0,1,0
0,0,-0.01169606743,-0.1169606743,1,0
0,0,-0.0207007024,-0.09004634968,1,0
0,0,-0.02750964106,-0.0680893866,2,0
0,0,-0.1383849411,-1.108753001,0,0
0,0,-0.1727363976,-0.3435145648,1,0
0,0,-0.2521840839,-0.7944768628,2,0
0,0,-0.4458992605,-1.937151766,2,0
0,0,-0.7940272347,-3.481279742,0,0
0,0,-1.195142877,-4.011156421,2,-1
1,1,-1.750876738,-5.557338611
0,0,0,0,2,0
0,0,-0.08148232392,-0.8148232392,1,0
0,0,-0.1641852749,-0.8270295097,2,0
0,0,-0.3513836785,-1.871984037,1,0
0,0,-0.5923913642,-2.410076856,1,0
0,0,-0.9188875225,-3.264961584,1,0
0,0,-1.356297371,-4.374098481,0,-1
1,1,-1.915200691,-5.589033207
0,0,0,0,2,0
0,0,-0.09617518502,-0.9617518502,0,0
0,0,-0.121764242,-0.2558905697,1,0
0,0,-0.1825062706,-0.607420286,1,0
0,0,-0.281440305,-0.9893403439,2,0
0,0,-0.5055972705,-2.241569655,1,0
0,0,-0.8042734201,-2.986761496,2,0
0,0,-1.256942347,-4.526689269,0,-1
1,1,-1.823154432,-5.66212085
0,0,0,0,2,0
0,0,-0.07082230704,-0.7082230704,0,0
0,0,-0.08140193301,-0.1057962598,2,0
0,0,-0.2094755424,-1.280736094,2,0
0,0,-0.4587023975,-2.492268551,2,0
0,0,-0.8692440067,-4.105416092,0,0
0,0,-1.34435294,-4.751089332,1,-1
1,1,-1.957955978,-6.136030377
0,0,0,0,2,0
0,0,-0.07527702114,-0.7527702114,2,0
0,0,-0.2640438655,-1.887668444,1,0
0,0,-0.4830524992,-2.190086337,2,0
0,0,-0.8539828204,-3.709303212,1,0
0,0,-1.331693497,-4.777106769,2,-1
1,1,-1.962034524,-6.303410268
0,0,0,0,1,0
0,0,-0.009941458282,-0.09941458282,2,0
0,0,-0.09456157352,-0.8462011524,2,0
0,0,-0.2843507763,-1.897892028,2,0
0,0,-0.5918685946,-3.075178183,1,0
0,0,-0.9967709576,-4.049023629,1,0
0,0,-1.510912351,-5.141413933,1,-1
1,1,-2.170350976,-6.594386249
0,0,0,0,2,0
0,0,-0.08713361626,-0.8713361626,0,0
0,0,-0.09332085773,-0.06187241466,2,0
0,0,-0.2126999759,-1.193791182,2,0
0,0,-0.4617914144,-2.490914385,1,0
0,0,-0.7866993339,-3.249079195,0,0
0,0,-1.149872686,-3.631733522,0,-1
1,1,-1.609633239,-4.597605532
0,0,0,0,0,0
0,0,0.07728431307,0.7728431307,2,0
0,0,0.09664389258,0.1935957951,1,0
0,0,0.1358180301,0.3917413752,2,0
0,0,0.1107246781,-0.2509335202,0,0
0,0,0.2041345771,0.9340989904,2,0
0,0,0.261209272,0.5707469484,0,0
0,0,0.4340466964,1.728374244,2,0
0,0,0.5838807888,1.498340925,1,0
0,0,0.8221678787,2.382870899,0,0
0,0,1.221714896,3.995470175,1,-1
1,1,1.751044891,5.293299949
0,0,0,0,2,0
0,0,-0.09295125457,-0.9295125457,1,0
0,0,-0.2163676448,-1.234163903,1,0
0,0,-0.3597229957,-1.433553509,2,0
0,0,-0.655673962,-2.959509663,2,0
0,0,-1.120523054,-4.648490921,0,-1
1,1,-1.678165637,-5.576425827
0,0,0,0,0,0
0,0,0.09540790965,0.9540790965,2,0
0,0,0.1287168293,0.3330891963,2,0
0,0,0.1063312711,-0.2238555813,2,0
0,0,0.01013756358,-0.9619370757,2,0
0,0,-0.1611323112,-1.712698748,0,0
0,0,-0.2700646285,-1.089323173,2,0
0,0,-0.5096655113,-2.396008827,0,0
0,0,-0.7638575337,-2.541920224,1,0
0,0,-1.113859028,-3.500014945,0,0
0,0,-1.560495278,-4.4663625,0,-1
1,1,-2.152965237,-5.924699586
0,0,0,0,0,0
0,0,0.09489500377,0.9489500377,1,0
0,0,0.2196556727,1.24760669,1,0
0,0,0.3668450612,1.471893885,1,0
0,0,0.5800131411,2.131680799,1,0
0,0,0.8717332445,2.917201034,1,0
0,0,1.280247798,4.085145539,1,-1
1,1,1.820218083,5.399702848
0,0,0,0,1,0
0,0,0.001643391408,0.01643391408,1,0
0,0,-0.003477342222,-0.0512073363,2,0
0,0,-0.1126893302,-1.09211988,1,0
0,0,-0.2386793427,-1.259900125,0,0
0,0,-0.329445291,-0.907659483,0,0
0,0,-0.3768361066,-0.4739081562,0,0
0,0,-0.4089099752,-0.3207386856,2,0
0,0,-0.5715140974,-1.626041222,1,0
0,0,-0.8074229602,-2.359088628,1,0
0,0,-1.149271414,-3.418484534,2,-1
1,1,-1.650998531,-5.017271172
0,0,0,0,0,0
0,0,0.07485903671,0.7485903671,1,0
0,0,0.147440202,0.7258116528,2,0
0,0,0.1668465834,0.1940638139,0,0
0,0,0.2935071402,1.266605568,1,0
0,0,0.4577897688,1.642826287,2,0
0,0,0.6312140045,1.734242357,2,0
0,0,0.8428984012,2.116843967,0,0
0,0,1.214090168,3.711917666,0,-1
1,1,1.740772179,5.266820114
0,0,0,0,1,0
0,0,-0.01501604943,-0.1501604943,0,0
0,0,0.04516079466,0.6017684408,1,0
0,0,0.1186412895,0.7348049483,1,0
0,0,0.2047467028,0.8610541327,0,0
0,0,0.4088754819,2.041287792,0,0
0,0,0.7441023838,3.352269018,2,0
0,0,1.10852783,3.644254463,1,-1
1,1,1.606450399,4.979225687
0,0,0,0,1,0
0,0,0.001681281289,0.01681281289,2,0
0,0,-0.07380453805,-0.7548581934,1,0
0,0,-0.1775678576,-1.037633195,2,0
0,0,-0.4017713972,-2.242035396,1,0
0,0,-0.7040978138,-3.023264166,2,0
0,0,-1.174821857,-4.707240429,1,-1
1,1,-1.772928455,-5.981065988
0,0,0,0,1,0
0,0,0.01088772826,0.1088772826,2,0
0,0,-0.05062141089,-0.6150913915,2,0
0,0,-0.1941954145,-1.435740036,1,0
0,0,-0.3575166364,-1.63321222,1,0
0,0,-0.5760940711,-2.185774346,2,0
0,0,-0.962880625,-3.86786554,0,0
0,0,-1.414579803,-4.516991778,2,-1
1,1,-2.02129169,-6.067118871
0,0,0,0,2,0
0,0,-0.09504039223,-0.9504039223,0,0
0,0,-0.1301566495,-0.3511625725,1,0
0,0,-0.176767323,-0.4661067351,2,0
0,0,-0.3546037945,-1.778364715,1,0
0,0,-0.6023787446,-2.477749502,2,0
0,0,-1.002324387,-3.999456423,2,0
0,0,-1.554780146,-5.524557588,1,-1
1,1,-2.253331172,-6.985510257
0,0,0,0,1,0
0,0,0.0008515119059,0.008515119059,1,0
0,0,0.01208977584,0.1123826394,2,0
0,0,-0.067605969,-0.7969574485,2,0
0,0,-0.2421394883,-1.745335193,1,0
0,0,-0.4661388893,-2.239994011,0,0
0,0,-0.6719694775,-2.058305881,2,0
0,0,-1.047022552,-3.750530747,1,0
0,0,-1.551978861,-5.04956309,2,-1
1,1,-2.204515272,-6.52536411
0,0,0,0,1,0
0,0,-0.01075374603,-0.1075374603,2,0
0,0,-0.1024062255,-0.9165247945,2,0
0,0,-0.2931298938,-1.907236683,1,0
0,0,-0.5245769991,-2.314471053,1,0
0,0,-0.8253913732,-3.008143741,1,0
0,0,-1.241607394,-4.162160209,2,-1
1,1,-1.813112701,-5.715053071
0,0,0,0,2,0
0,0,-0.09914298968,-0.9914298968,0,0
0,0,-0.1438030071,-0.446600174,0,0
0,0,-0.1176848192,0.2611818788,0,0
0,0,-0.03312381261,0.8456100659,1,0
0,0,0.04619573003,0.7931954264,1,0
0,0,0.1201510414,0.7395531137,1,0
0,0,0.2083147331,0.881636917,2,0
0,0,0.2372522024,0.2893746927,0,0
0,0,0.3941987437,1.569465414,2,0
0,0,0.5395468574,1.453481136,1,0
0,0,0.7807853998,2.412385425,1,0
0,0,1.132265764,3.514803642,1,-1
1,1,1.612284507,4.800187429
0,0,0,0,2,0
0,0,-0.1040337083,-1.040337083,2,0
0,0,-0.3243339486,-2.203002403,1,0
0,0,-0.5912865248,-2.669525761,0,0
0,0,-0.8703134067,-2.790268819,0,0
0,0,-1.214559242,-3.44245835,2,-1
1,1,-1.719093262,-5.045340199
0,0,0,0,2,0
0,0,-0.09205073505,-0.9205073505,2,0
0,0,-0.2787254903,-1.866747552,0,0
0,0,-0.4165142645,-1.377887743,1,0
0,0,-0.630980004,-2.144657395,2,0
0,0,-1.008659852,-3.77679848,0,0
0,0,-1.469450855,-4.607910035,1,-1
1,1,-2.073304391,-6.03853535
0,0,0,0,2,0
0,0,-0.08599688345,-0.8599688345,1,0
0,0,-0.1792429825,-0.93246099,1,0
0,0,-0.3135138875,-1.34270905,2,0
0,0,-0.5840336765,-2.705197891,1,0
0,0,-0.9430843195,-3.59050643,2,0
0,0,-1.470539237,-5.274549179,0,-1
1,1,-2.132170082,-6.61630845
0,0,0,0,2,0
0,0,-0.09517369092,-0.9517369092,1,0
0,0,-0.2223465608,-1.271728698,2,0
0,0,-0.4646595404,-2.423129796,1,0
0,0,-0.774117792,-3.094582516,0,0
0,0,-1.123898374,-3.497805821,2,-1
1,1,-1.63890956,-5.150111858
0,0,0,0,0,0
0,0,0.08718326683,0.8718326683,0,0
0,0,0.2659934388,1.78810172,0,0
0,0,0.5587280006,2.927345618,1,0
0,0,0.9316613487,3.729333481,2,0
0,0,1.370048285,4.38386936,0,-1
1,1,1.964459738,5.944114531
0,0,0,0,1,0
0,0,-0.01211313711,-0.1211313711,0,0
0,0,0.06861227549,0.807254126,0,0
0,0,0.2549048198,1.862925444,1,0
0,0,0.491336008,2.364311882,1,0
0,0,0.817056851,3.25720843,1,0
0,0,1.249547387,4.324905355,1,-1
1,1,1.813522228,5.63974842
0,0,0,0,2,0
0,0,-0.1057840041,-1.057840041,1,0
0,0,-0.2439039832,-1.381199791,2,0
0,0,-0.497265779,-2.533617958,0,0
0,0,-0.7508729642,-2.536071852,2,0
0,0,-1.170144857,-4.192718925,0,-1
1,1,-1.689768765,-5.196239088
0,0,0,0,1,0
0,0,0.001546021906,0.01546021906,1,0
0,0,0.01719569972,0.1564967782,0,0
0,0,0.1203720794,1.031763797,2,0
0,0,0.1505338847,0.3016180534,0,0
0,0,0.3031523469,1.526184621,0,0
0,0,0.5739437818,2.707914349,0,0
0,0,0.98477894,4.108351582,1,0
0,0,1.504141946,5.193630063,1,-1
1,1,2.167896989,6.637550429
0,0,0,0,2,0
0,0,-0.09010986055,-0.9010986055,2,0
0,0,-0.2865142829,-1.964044223,1,0
0,0,-0.5285762392,-2.420619564,1,0
0,0,-0.8471834411,-3.186072019,1,0
0,0,-1.278575557,-4.313921156,0,-1
1,1,-1.82340645,-5.448308935
0,0,0,0,2,0
0,0,-0.09876480053,-0.9876480053,0,0
0,0,-0.1283448163,-0.2958001576,1,0
0,0,-0.1884715555,-0.6012673919,1,0
0,0,-0.2920803666,-1.036088111,0,0
0,0,-0.3536319894,-0.6155162279,0,0
0,0,-0.4063071307,-0.5267514134,1,0
0,0,-0.5354128558,-1.29105725,2,0
0,0,-0.8245114969,-2.890986411,1,0
0,0,-1.218062826,-3.935513295,1,-1
1,1,-1.747370217,-5.293073904
0,0,0,0,1,0
0,0,-0.003862681859,-0.03862681859,0,0
0,0,0.08803285032,0.9189553218,0,0
0,0,0.2837117055,1.956788552,2,0
0,0,0.4316420837,1.479303782,2,0
0,0,0.5820941159,1.504520321,2,0
0,0,0.7503508573,1.682567414,0,0
0,0,1.086346818,3.359959608,2,0
0,0,1.509873859,4.235270413,2,-1
1,1,2.073860789,5.639869301
0,0,0,0,1,0
0,0,0.01425193023,0.1425193023,0,0
0,0,0.1255536026,1.113016724,1,0
0,0,0.2514521963,1.258985937,2,0
0,0,0.3458929912,0.9444079489,2,0
0,0,0.4148438616,0.6895087039,0,0
0,0,0.6449756416,2.3013178,0,0
0,0,1.042552209,3.97576567,1,0
0,0,1.555270409,5.127182006,2,-1
1,1,2.213093692,6.578232828
0,0,0,0,2,0
0,0,-0.09795640797,-0.9795640797,0,0
0,0,-0.1117175258,-0.1376111783,2,0
0,0,-0.2495947334,-1.378772076,0,0
0,0,-0.3402096265,-0.9061489304,1,0
0,0,-0.4800197459,-1.398101194,1,0
0,0,-0.6872243306,-2.072045847,2,0
0,0,-1.061370078,-3.741457469,0,0
0,0,-1.527657537,-4.662874592,1,-1
1,1,-2.139233562,-6.115760255
0,0,0,0,1,0
0,0,0.0171592224,0.171592224,2,0
0,0,-0.05426776081,-0.7142698322,1,0
0,0,-0.1456867696,-0.9141900874,1,0
0,0,-0.260887192,-1.152004225,0,0
0,0,-0.335917226,-0.7503003394,2,0
0,0,-0.5582834318,-2.223662058,0,0
0,0,-0.7868397778,-2.28556346,0,0
0,0,-1.061081028,-2.742412503,2,0
0,0,-1.501930093,-4.408490653,2,-1
1,1,-2.093261858,-5.913317648
0,0,0,0,0,0
0,0,0.08057060314,0.8057060314,2,0
0,0,0.09453114633,0.1396054319,2,0
0,0,0.02919296755,-0.6533817878,0,0
0,0,0.05698895984,0.2779599229,1,0
0,0,0.08555273186,0.2856377202,0,0
0,0,0.2107779112,1.252251793,2,0
0,0,0.2917327202,0.8095480906,0,0
0,0,0.5175952521,2.258625318,2,0
0,0,0.7413792775,2.237840255,1,0
0,0,1.059412034,3.180327569,2,0
0,0,1.462750438,4.033384031,2,-1
1,1,2.000489773,5.37739335
0,0,0,0,2,0
0,0,-0.08537080845,-0.8537080845,1,0
0,0,-0.1870092021,-1.016383936,0,0
0,0,-0.2337916535,-0.467824514,1,0
0,0,-0.3294314498,-0.9563979633,1,0
0,0,-0.4853786139,-1.559471641,0,0
0,0,-0.6396973251,-1.543187112,1,0
0,0,-0.8804354533,-2.407381281,0,0
0,0,-1.178283514,-2.978480612,0,-1
1,1,-1.57653735,-3.98253835
0,0,0,0,1,0
0,0,-0.01002593152,-0.1002593152,1,0
0,0,-0.02651772075,-0.1649178924,1,0
0,0,-0.04618085079,-0.1966313004,0,0
0,0,0.002000565675,0.4818141646,1,0
0,0,0.04497177205,0.4297120637,0,0
0,0,0.17084429,1.258725179,0,0
0,0,0.4024251967,2.315809067,1,0
0,0,0.6998352211,2.974100245,1,0
0,0,1.101391903,4.015566817,0,-1
1,1,1.661425441,5.600335384
0,0,0,0,2,0
0,0,-0.09563553101,-0.9563553101,2,0
0,0,-0.305590626,-2.09955095,1,0
0,0,-0.5658591754,-2.602685493,1,0
0,0,-0.9132789321,-3.474197567,2,0
0,0,-1.425890224,-5.126112924,0,-1
1,1,-2.067114309,-6.412240844
0,0,0,0,2,0
0,0,-0.1027040827,-1.027040827,0,0
0,0,-0.1318781398,-0.2917405708,0,0
0,0,-0.1042104604,0.2766767939,1,0
0,0,-0.1039370822,0.002733782609,1,0
0,0,-0.1304925634,-0.2655548125,1,0
0,0,-0.18888183,-0.5838926654,0,0
0,0,-0.2098778988,-0.2099606884,2,0
0,0,-0.3454049064,-1.355270076,1,0
0,0,-0.5526681034,-2.072631971,1,0
0,0,-0.8381874688,-2.855193654,0,0
0,0,-1.190706965,-3.52519496,2,-1
1,1,-1.706081364,-5.153743992
0,0,0,0,1,0
0,0,-0.01014659167,-0.1014659167,0,0
0,0,0.05153177175,0.6167836342,0,0
0,0,0.2190835568,1.67551785,1,0
0,0,0.433952136,2.148685792,2,0
0,0,0.6247509512,1.907988152,0,0
0,0,0.9830991839,3.583482327,0,0
0,0,1.496991982,5.138927983,2,-1
1,1,2.149870487,6.528785049
0,0,0,0,1,0
0,0,-0.004536643704,-0.04536643704,1,0
0,0,-0.01203579357,-0.07499149869,0,0
0,0,0.04902861027,0.6106440385,0,0
0,0,0.2007319245,1.517033142,2,0
0,0,0.3067218167,1.059898922,2,0
0,0,0.3728836774,0.6616186072,0,0
0,0,0.5754812323,2.025975549,0,0
0,0,0.9368648631,3.613836308,0,0
0,0,1.458802101,5.21937238,0,-1
1,1,2.129924544,6.711224427
0,0,0,0,0,0
0,0,0.09366104501,0.9366104501,2,0
0,0,0.111736163,0.18075118,2,0
0,0,0.07065164894,-0.4108451406,2,0
0,0,-0.04794573902,-1.18597388,1,0
0,0,-0.1887488034,-1.408030644,0,0
0,0,-0.2684686448,-0.7971984142,1,0
0,0,-0.3844173152,-1.159486704,2,0
0,0,-0.6389056746,-2.544883594,2,0
0,0,-1.04158418,-4.026785057,0,0
0,0,-1.524611251,-4.830270711,1,-1
1,1,-2.152223049,-6.276117974
0,0,0,0,2,0
0,0,-0.1026196822,-1.026196822,1,0
0,0,-0.2164911632,-1.13871481,1,0
0,0,-0.3661119182,-1.49620755,1,0
0,0,-0.59099469,-2.248827718,2,0
0,0,-0.9611318275,-3.701371375,0,0
0,0,-1.402809616,-4.416777883,2,-1
1,1,-1.999299756,-5.964901406
0,0,0,0,1,0
0,0,-0.01151558711,-0.1151558711,1,0
0,0,-0.01925024274,-0.07734655628,1,0
0,0,-0.04095478755,-0.2170454481,2,0
0,0,-0.1655024514,-1.245476639,0,0
0,0,-0.2220477022,-0.5654525078,0,0
0,0,-0.2346526521,-0.1260494992,0,0
0,0,-0.1946039234,0.4004872875,1,0
0,0,-0.1734046039,0.2119931948,1,0
0,0,-0.19435233,-0.2094772613,1,0
0,0,-0.2647184179,-0.7036608785,0,0
0,0,-0.3052072705,-0.4048885261,0,0
0,0,-0.32439556,-0.1918828949,0,0
0,0,-0.3093307499,0.1506481007,0,0
0,0,-0.2482570681,0.6107368181,0,0
0,0,-0.1411703579,1.070867102,2,0
0,0,-0.1321234807,0.09046877175,0,0
0,0,-0.05148764964,0.8063583111,1,0
0,0,0.005613018258,0.571006679,0,0
0,0,0.169491028,1.638780098,0,0
0,0,0.4432027537,2.737117257,0,0
0,0,0.8488168822,4.056141285,0,0
0,0,1.408520753,5.597038712,1,-1
1,1,2.105574424,6.970536704
0,0,0,0,0,0
0,0,0.0902671001,0.902671001,1,0
0,0,0.1989515406,1.086844405,1,0
0,0,0.3338982729,1.349467323,1,0
0,0,0.5150826582,1.811843852,2,0
0,0,0.6971693164,1.820866582,0,0
0,0,1.044663759,3.474944428,1,0
0,0,1.511947703,4.672839437,2,-1
1,1,2.120476298,6.085285955
0,0,0,0,2,0
0,0,-0.1044078052,-1.044078052,0,0
0,0,-0.1362086051,-0.3180079991,2,0
0,0,-0.275154154,-1.389455489,0,0
0,0,-0.3871342423,-1.119800883,1,0
0,0,-0.5567081388,-1.695738965,0,0
0,0,-0.7262713297,-1.695631909,0,0
0,0,-0.9430337211,-2.167623914,1,0
0,0,-1.284148901,-3.411151795,1,-1
1,1,-1.759648431,-4.754995302
0,0,0,0,1,0
0,0,-0.001195234533,-0.01195234533,2,0
0,0,-0.09634715547,-0.9515192094,1,0
0,0,-0.223288763,-1.269416075,2,0
0,0,-0.4648063012,-2.415175382,1,0
0,0,-0.776067744,-3.112614428,2,0
0,0,-1.24737872,-4.713109759,1,-1
1,1,-1.852539336,-6.051606164
0,0,0,0,1,0
0,0,-0.0146309872,-0.146309872,2,0
0,0,-0.1070323176,-0.9240133042,2,0
0,0,-0.2910641415,-1.840318239,2,0
0,0,-0.596005051,-3.049409095,2,0
0,0,-1.064800515,-4.687954639,2,-1
1,1,-1.691847311,-6.270467966
0,0,0,0,1,0
0,0,-0.01283953475,-0.1283953475,1,0
0,0,-0.01398506624,-0.01145531487,0,0
0,0,0.07491708697,0.8890215322,1,0
0,0,0.1746812603,0.9976417333,0,0
0,0,0.3863832516,2.117019913,0,0
0,0,0.7493401762,3.629569246,1,0
0,0,1.200649217,4.513090406,1,-1
1,1,1.780389913,5.797406964
0,0,0,0,1,0
0,0,0.008886491358,0.08886491358,1,0
0,0,0.03433208011,0.2544558876,0,0
0,0,0.1381367781,1.03804698,0,0
0,0,0.3586372455,2.205004673,1,0
0,0,0.6300864324,2.71449187,0,0
0,0,1.051611557,4.215251244,0,-1
1,1,1.628159167,5.765476098
0,0,0,0,1,0
0,0,0.01698795358,0.1698795358,2,0
0,0,-0.03938340554,-0.5637135913,0,0
0,0,-0.0131507386,0.2623266694,2,0
0,0,-0.07903686015,-0.6588612155,0,0
0,0,-0.07902043603,0.0001642412664,0,0
0,0,-0.01214219566,0.6687824037,2,0
0,0,-0.03991359415,-0.2777139849,0,0
0,0,0.002598829483,0.4251242363,1,0
0,0,0.03406595627,0.3146712679,2,0
0,0,-0.01849729869,-0.5256325496,2,0
0,0,-0.1668503731,-1.483530744,1,0
0,0,-0.3585910823,-1.917407092,2,0
0,0,-0.6814660684,-3.228749861,2,0
0,0,-1.170676937,-4.892108689,0,-1
1,1,-1.753889527,-5.832125902
0,0,0,0,1,0
0,0,0.0101121688,0.101121688,2,0
0,0,-0.04929008416,-0.5940225297,1,0
0,0,-0.1321220682,-0.8283198407,1,0
0,0,-0.232838162,-1.007160938,2,0
0,0,-0.4711911501,-2.383529881,2,0
0,0,-0.8524353623,-3.812442122,0,0
0,0,-1.288700135,-4.362647724,1,-1
1,1,-1.863794375,-5.750942407
0,0,0,0,0,0
0,0,0.08858664216,0.8858664216,1,0
0,0,0.1958747927,1.072881505,2,0
0,0,0.2400078076,0.4413301494,1,0
0,0,0.3345399766,0.9453216899,2,0
0,0,0.4076976356,0.7315765892,2,0
0,0,0.4722239408,0.6452630521,0,0
0,0,0.6838748404,2.116508996,0,0
0,0,1.070433612,3.865587713,2,0
0,0,1.543608113,4.731745016,0,-1
1,1,2.165018445,6.214103314
0,0,0,0,2,0
0,0,-0.07330986177,-0.7330986177,2,0
0,0,-0.2421452856,-1.688354239,2,0
0,0,-0.5408570029,-2.987117173,0,0
0,0,-0.8439145787,-3.030575758,1,0
0,0,-1.254815378,-4.109007992,0,-1
1,1,-1.776373526,-5.215581481
0,0,0,0,2,0
0,0,-0.07394920381,-0.7394920381,2,0
0,0,-0.231284336,-1.573351322,1,0
0,0,-0.4370670845,-2.057827485,2,0
0,0,-0.8038668187,-3.667997342,0,0
0,0,-1.216827115,-4.129602965,2,-1
1,1,-1.78731778,-5.704906645
0,0,0,0,1,0
0,0,0.00595379729,0.0595379729,0,0
0,0,0.1164770905,1.105232932,0,0
0,0,0.3202748602,2.037977697,1,0
0,0,0.5654716042,2.45196744,1,0
0,0,0.8927525807,3.272809765,0,0
0,0,1.392079432,4.993268517,0,-1
1,1,2.043704874,6.516254414
0,0,0,0,0,0
0,0,0.07542503166,0.7542503166,2,0
0,0,0.07100716964,-0.04417862027,0,0
0,0,0.1799787409,1.089715713,0,0
0,0,0.4009334864,2.209547455,0,0
0,0,0.7516481753,3.50714689,1,0
0,0,1.202905741,4.512575657,2,-1
1,1,1.758303474,5.553977326
0,0,0,0,2,0
0,0,-0.08678500346,-0.8678500346,2,0
0,0,-0.2857572839,-1.989722804,2,0
0,0,-0.6200979166,-3.343406327,1,0
0,0,-1.039069316,-4.189713992,1,-1
1,1,-1.582256817,-5.431875017
0,0,0,0,1,0
0,0,-0.01483722366,-0.1483722366,0,0
0,0,0.06723285815,0.8207008181,2,0
0,0,0.05763405524,-0.09598802909,2,0
0,0,-0.04107690617,-0.9871096141,0,0
0,0,-0.06181136396,-0.2073445778,1,0
0,0,-0.1042579117,-0.4244654778,1,0
0,0,-0.165496601,-0.6123868924,2,0
0,0,-0.3377029384,-1.722063374,2,0
0,0,-0.6593836106,-3.216806722,0,0
0,0,-1.011994077,-3.526104659,2,0
0,0,-1.529098256,-5.171041796,0,-1
1,1,-2.18798023,-6.588819737
0,0,0,0,2,0
0,0,-0.09820825858,-0.9820825858,2,0
0,0,-0.3146087901,-2.164005315,2,0
0,0,-0.6478115808,-3.332027907,0,0
0,0,-0.9923315515,-3.445199706,0,0
0,0,-1.41447366,-4.221421082,0,-1
1,1,-1.967680378,-5.532067187
0,0,0,0,0,0
0,0,0.07723831557,0.7723831557,0,0
0,0,0.2647487365,1.875104209,2,0
0,0,0.4183425665,1.5359383,2,0
0,0,0.574333205,1.559906385,2,0
0,0,0.7519234039,1.775901989,2,0
0,0,0.979311158,2.273877541,2,0
0,0,1.294118111,3.148069534,2,-1
1,1,1.72760984,4.334917287
0,0,0,0,2,0
0,0,-0.0838221668,-0.838221668,1,0
0,0,-0.1782350751,-0.9441290833,1,0
0,0,-0.3089420109,-1.307069358,2,0
0,0,-0.583478777,-2.745367661,0,0
0,0,-0.8625250344,-2.790462574,1,0
0,0,-1.244801523,-3.822764882,0,-1
1,1,-1.733812816,-4.890112929
0,0,0,0,1,0
0,0,0.008355834321,0.08355834321,0,0
0,0,0.1063998948,0.9804406049,2,0
0,0,0.1379411914,0.3154129659,1,0
0,0,0.1882674695,0.5032627806,0,0
0,0,0.345785228,1.575177586,0,0
0,0,0.6406297428,2.948445148,0,0
0,0,1.096897163,4.562674204,0,-1
1,1,1.711246721,6.143495574
0,0,0,0,1,0
0,0,0.001728716983,0.01728716983,1,0
0,0,-0.009029038726,-0.1075775571,0,0
0,0,0.07580620331,0.8483524204,2,0
0,0,0.06881039391,-0.069958094,0,0
0,0,0.1459405218,0.7713012785,0,0
0,0,0.3515725816,2.056320598,1,0
0,0,0.6166061447,2.650335631,0,0
0,0,1.030659164,4.140530193,0,-1
1,1,1.611737997,5.810788332
0,0,0,0,0,0
0,0,0.09967093648,0.9967093648,2,0
0,0,0.1299076536,0.3023671713,1,0
0,0,0.1932717906,0.6336413698,1,0
0,0,0.3008539377,1.075821472,2,0
0,0,0.3871762656,0.8632232788,1,0
0,0,0.5525633796,1.65387114,0,0
0,0,0.8871214488,3.345580692,1,0
0,0,1.329233579,4.421121305,0,-1
1,1,1.926162666,5.969290864
0,0,0,0,0,0
0,0,0.07569754895,0.7569754895,1,0
0,0,0.1472718604,0.7157431141,1,0
0,0,0.2463380863,0.9906622598,1,0
0,0,0.3981981326,1.518600462,0,0
0,0,0.684903026,2.867048935,0,0
0,0,1.138599436,4.536964095,1,-1
1,1,1.716043575,5.774441392
0,0,0,0,2,0
0,0,-0.07201289974,-0.7201289974,1,0
0,0,-0.1519843407,-0.7997144098,0,0
0,0,-0.154606573,-0.02622232284,0,0
0,0,-0.1078713835,0.4673518954,2,0
0,0,-0.1622012559,-0.5432987241,0,0
0,0,-0.1587205979,0.0348065796,2,0
0,0,-0.2632559016,-1.045353037,2,0
0,0,-0.4989093302,-2.356534286,1,0
0,0,-0.8150640412,-3.161547109,0,0
0,0,-1.174779505,-3.597154642,0,-1
1,1,-1.63572844,-4.60948935
0,0,0,0,1,0
0,0,-0.009456245925,-0.09456245925,2,0
0,0,-0.1020785263,-0.9262228038,2,0
0,0,-0.3036094358,-2.015309095,1,0
0,0,-0.5413211008,-2.37711665,0,0
0,0,-0.7926920568,-2.51370956,0,0
0,0,-1.099525341,-3.068332844,0,0
0,0,-1.496917587,-3.973922456,2,-1
1,1,-2.045090845,-5.481732582
0,0,0,0,0,0
0,0,0.07343664613,0.7343664613,0,0
0,0,0.2644648401,1.910281939,2,0
0,0,0.4155623797,1.510975396,0,0
0,0,0.7108208643,2.952584846,1,0
0,0,1.111200004,4.0037914,0,-1
1,1,1.672076402,5.608763981
0,0,0,0,2,0
0,0,-0.08953825693,-0.8953825693,2,0
0,0,-0.298592727,-2.090544701,1,0
0,0,-0.5438649958,-2.452722688,1,0
0,0,-0.877896617,-3.340316211,1,0
0,0,-1.323698457,-4.458018399,0,-1
1,1,-1.888564394,-5.64865937
0,0,0,0,0,0
0,0,0.09567079922,0.9567079922,1,0
0,0,0.2235626723,1.278918731,1,0
0,0,0.3910447839,1.674821116,1,0
0,0,0.6093380151,2.182932312,1,0
0,0,0.9259002359,3.165622208,0,0
0,0,1.414075546,4.881753105,1,-1
1,1,2.041296372,6.272208255
0,0,0,0,0,0
0,0,0.08279883363,0.8279883363,0,0
0,0,0.2524932452,1.696944116,1,0
0,0,0.4713624009,2.188691557,2,0
0,0,0.6993993668,2.280369659,0,0
0,0,1.083526768,3.841274016,0,-1
1,1,1.623145198,5.396184296
0,0,0,0,2,0
0,0,-0.07534018247,-0.7534018247,1,0
0,0,-0.1637475349,-0.8840735244,0,0
0,0,-0.1972850414,-0.3353750646,0,0
0,0,-0.1629983006,0.3428674072,2,0
0,0,-0.2511648071,-0.8816650648,2,0
0,0,-0.4615325259,-2.103677188,2,0
0,0,-0.8118098112,-3.502772853,2,0
0,0,-1.331346208,-5.195363973,1,-1
1,1,-1.986347721,-6.550015123
0,0,0,0,1,0
0,0,-0.0141234279,-0.141234279,2,0
0,0,-0.1277035594,-1.135801315,2,0
0,0,-0.3499545475,-2.222509881,0,0
0,0,-0.5509171088,-2.009625613,1,0
0,0,-0.8296160203,-2.786989115,2,0
0,0,-1.274817398,-4.452013777,2,-1
1,1,-1.879354808,-6.045374097
0,0,0,0,1,0
0,0,0.01055300629,0.1055300629,0,0
0,0,0.1272834531,1.167304469,1,0
0,0,0.2765421931,1.492587399,1,0
0,0,0.4859852394,2.094430463,0,0
0,0,0.8479716712,3.619864319,1,0
0,0,1.313840683,4.658690119,1,-1
1,1,1.917404396,6.035637126
0,0,0,0,2,0
0,0,-0.08271362825,-0.8271362825,2,0
0,0,-0.2794695884,-1.967559602,2,0
0,0,-0.6155071953,-3.360376068,2,0
0,0,-1.105516639,-4.900094435,0,-1
1,1,-1.677809826,-5.722931874
0,0,0,0,2,0
0,0,-0.08168957254,-0.8168957254,0,0
0,0,-0.08283633312,-0.01146760584,2,0
0,0,-0.1968460651,-1.140097319,1,0
0,0,-0.3472757096,-1.504296446,1,0
0,0,-0.5438465079,-1.965707983,2,0
0,0,-0.8894275608,-3.455810529,1,0
0,0,-1.353450696,-4.640231355,1,-1
1,1,-1.951972555,-5.985218584
0,0,0,0,1,0
0,0,-0.008843783294,-0.08843783294,0,0
0,0,0.06721789114,0.7606167443,2,0
0,0,0.07127866023,0.04060769094,1,0
0,0,0.08216712128,0.1088846105,0,0
0,0,0.2043325757,1.221654545,0,0
0,0,0.443503106,2.391705303,2,0
0,0,0.6864568823,2.429537763,0,0
0,0,1.098011022,4.115541395,2,-1
1,1,1.594369426,4.963584037
0,0,0,0,1,0
0,0,0.009592467554,0.09592467554,1,0
0,0,0.02352276036,0.139302928,1,0
0,0,0.04449141212,0.2096865176,0,0
0,0,0.1454479727,1.009565606,1,0
0,0,0.2714721716,1.260241989,1,0
0,0,0.4378228397,1.663506681,2,0
0,0,0.6063082551,1.684854154,1,0
0,0,0.8664534425,2.601451874,0,0
0,0,1.291872839,4.254193969,1,-1
1,1,1.849708113,5.57835274
0,0,0,0,2,0
0,0,-0.07804072484,-0.7804072484,0,0
0,0,-0.08957556554,-0.115348407,0,0
0,0,-0.01286508942,0.7671047612,2,0
0,0,-0.03923495042,-0.26369861,1,0
0,0,-0.08238325205,-0.4314830162,0,0
0,0,-0.05353159194,0.2885166011,0,0
0,0,0.03835592301,0.9188751495,2,0
0,0,0.05657482476,0.1821890174,0,0
0,0,0.160986036,1.044112112,0,0
0,0,0.3901063564,2.291203204,0,0
0,0,0.7578356619,3.677293055,1,0
0,0,1.230734501,4.728988388,1,-1
1,1,1.830652379,5.999178787
0,0,0,0,2,0
0,0,-0.09372951441,-0.9372951441,2,0
0,0,-0.2878394159,-1.941099015,0,0
0,0,-0.4555030565,-1.676636406,1,0
0,0,-0.70643209,-2.509290335,0,0
0,0,-0.9897262285,-2.832941385,0,0
0,0,-1.347184782,-3.574585538,1,-1
1,1,-1.843618259,-4.964334764
0,0,0,0,1,0
0,0,0.0159473404,0.159473404,0,0
0,0,0.1154854686,0.9953812822,2,0
0,0,0.1552224811,0.3973701245,1,0
0,0,0.2335814401,0.7835895903,0,0
0,0,0.4221062212,1.885247811,0,0
0,0,0.7611680934,3.390618721,0,0
0,0,1.259390672,4.982225782,2,-1
1,1,1.861543861,6.021531898
0,0,0,0,0,0
0,0,0.08106268507,0.8106268507,2,0
0,0,0.09945618649,0.1839350142,2,0
0,0,0.03778208446,-0.6167410203,1,0
0,0,-0.03403098443,-0.7181306889,0,0
0,0,-0.0401570588,-0.06126074371,2,0
0,0,-0.1586761178,-1.18519059,2,0
0,0,-0.3932956693,-2.346195514,0,0
0,0,-0.6182893884,-2.249937191,0,0
0,0,-0.8624507149,-2.441613265,2,0
0,0,-1.267462673,-4.050119581,0,-1
1,1,-1.788615542,-5.211528695
0,0,0,0,2,0
0,0,-0.07541364309,-0.7541364309,2,0
0,0,-0.2398284089,-1.644147658,0,0
0,0,-0.3434861693,-1.036577604,0,0
0,0,-0.4135402319,-0.7005406263,1,0
0,0,-0.5399228477,-1.263826157,2,0
0,0,-0.8315971219,-2.916742742,0,0
0,0,-1.17766972,-3.460725977,2,-1
1,1,-1.68884765,-5.111779306
0,0,0,0,0,0
0,0,0.07933400991,0.7933400991,2,0
0,0,0.07027189661,-0.09062113307,2,0
0,0,-0.004780121225,-0.7505201783,1,0
0,0,-0.06852013509,-0.6374001386,1,0
0,0,-0.1275582428,-0.5903810774,0,0
0,0,-0.1210113387,0.06546904113,1,0
0,0,-0.1325509942,-0.1153965553,1,0
0,0,-0.1806953824,-0.4814438812,2,0
0,0,-0.3385621564,-1.57866774,2,0
0,0,-0.6323136071,-2.937514507,1,0
0,0,-1.024202917,-3.918893102,0,0
0,0,-1.503308921,-4.791060033,2,-1
1,1,-2.131801111,-6.284921899
0,0,0,0,2,0
0,0,-0.0764166821,-0.764166821,1,0
0,0,-0.1717115451,-0.9529486303,1,0
0,0,-0.3031433315,-1.314317864,2,0
0,0,-0.5614190083,-2.582756768,0,0
0,0,-0.8242801392,-2.628611308,1,0
0,0,-1.199848354,-3.755682152,0,-1
1,1,-1.680200854,-4.803525001
0,0,0,0,2,0
0,0,-0.07332618486,-0.7332618486,1,0
0,0,-0.1493670906,-0.7604090573,2,0
0,0,-0.3480383246,-1.98671234,1,0
0,0,-0.6033758516,-2.55337527,2,0
0,0,-1.023997435,-4.206215834,1,0
0,0,-1.558606894,-5.346094591,2,-1
1,1,-2.240760635,-6.821537411
0,0,0,0,2,0
0,0,-0.1020361491,-1.020361491,2,0
0,0,-0.3196814085,-2.176452593,0,0
0,0,-0.507025973,-1.873445646,2,0
0,0,-0.8324546675,-3.254286945,0,0
0,0,-1.209031798,-3.765771302,0,-1
1,1,-1.68735292,-4.78321122
0,0,0,0,2,0
0,0,-0.07952469189,-0.7952469189,2,0
0,0,-0.2640485169,-1.84523825,2,0
0,0,-0.5738968314,-3.098483146,1,0
0,0,-0.957183937,-3.832871055,1,0
0,0,-1.448648397,-4.914644599,0,-1
1,1,-2.073910885,-6.252624878
0,0,0,0,0,0
0,0,0.1042490906,1.042490906,1,0
0,0,0.2130793779,1.088302872,1,0
0,0,0.3691344094,1.560550316,1,0
0,0,0.5766188628,2.074844534,0,0
0,0,0.9434335439,3.668146811,0,0
0,0,1.47228873,5.288551859,2,-1
1,1,2.13698284,6.646941105
0,0,0,0,1,0
0,0,0.01330466304,0.1330466304,2,0
0,0,-0.06330994136,-0.766146044,1,0
0,0,-0.1443501943,-0.8104025292,1,0
0,0,-0.2571893134,-1.128391191,2,0
0,0,-0.501748259,-2.445589457,0,0
0,0,-0.7379479968,-2.361997377,1,0
0,0,-1.067644981,-3.296969844,1,0
0,0,-1.523115603,-4.554706217,2,-1
1,1,-2.128130882,-6.050152796
0,0,0,0,2,0
0,0,-0.07317191949,-0.7317191949,2,0
0,0,-0.240307716,-1.671357965,2,0
0,0,-0.5475373725,-3.072296566,1,0
0,0,-0.9350725483,-3.875351757,1,0
0,0,-1.436838048,-5.017654995,2,-1
1,1,-2.088380127,-6.515420796
0,0,0,0,1,0
0,0,0.004936228401,0.04936228401,0,0
0,0,0.08530851161,0.8037228321,0,0
0,0,0.2621283877,1.768198761,2,0
0,0,0.3961942392,1.340658515,2,0
0,0,0.5236654592,1.2747122,1,0
0,0,0.7209017665,1.972363073,0,0
0,0,1.077057256,3.5615549,1,0
0,0,1.558397328,4.81340072,0,-1
1,1,2.187319425,6.289220967
0,0,0,0,0,0
0,0,0.09477339152,0.9477339152,0,0
0,0,0.290173879,1.954004875,2,0
0,0,0.4630625843,1.728887053,2,0
0,0,0.6405924705,1.775298862,2,0
0,0,0.8568033735,2.162109029,1,0
0,0,1.193541706,3.367383325,2,-1
1,1,1.634041833,4.405001273
0,0,0,0,2,0
0,0,-0.1014817193,-1.014817193,2,0
0,0,-0.3039758702,-2.024941509,0,0
0,0,-0.4565575341,-1.525816639,1,0
0,0,-0.6813252167,-2.247676826,2,0
0,0,-1.08002825,-3.987030336,1,-1
1,1,-1.599557269,-5.195290189
0,0,0,0,1,0
0,0,0.00415577048,0.0415577048,1,0
0,0,0.02492978672,0.2077401624,1,0
0,0,0.06496355286,0.4003376614,2,0
0,0,0.04331102415,-0.2165252871,2,0
0,0,-0.0428180646,-0.8612908875,1,0
0,0,-0.1460119971,-1.031939325,1,0
0,0,-0.2686356695,-1.226236725,1,0
0,0,-0.4205694683,-1.519337988,1,0
0,0,-0.6483193121,-2.277498438,0,0
0,0,-0.9091304329,-2.608111208,2,0
0,0,-1.338639532,-4.295090996,2,-1
1,1,-1.926147201,-5.875076683
0,0,0,0,2,0
0,0,-0.08131512317,-0.8131512317,1,0
0,0,-0.1935051002,-1.12189977,2,0
0,0,-0.4083564483,-2.148513481,0,0
0,0,-0.6144643615,-2.061079132,2,0
0,0,-0.9875437975,-3.73079436,0,0
0,0,-1.436256109,-4.487123113,0,-1
1,1,-2.018234241,-5.819781323
0,0,0,0,0,0
0,0,0.0808484383,0.808484383,0,0
0,0,0.2509574323,1.70108994,2,0
0,0,0.3677798029,1.168223706,2,0
0,0,0.4621142045,0.9433440152,1,0
0,0,0.6262081624,1.64093958,2,0
0,0,0.8287152122,2.025070497,0,0
0,0,1.209351818,3.806366054,1,-1
1,1,1.725379288,5.160274702
0,0,0,0,1,0
0,0,-0.0137767485,-0.137767485,2,0
0,0,-0.1336660645,-1.19889316,1,0
0,0,-0.2932317084,-1.595656439,0,0
0,0,-0.4074593343,-1.142276259,2,0
0,0,-0.6770482931,-2.695889588,2,0
0,0,-1.109624243,-4.325759503,0,-1
1,1,-1.637594316,-5.279700721
0,0,0,0,0,0
0,0,0.1037959699,1.037959699,2,0
0,0,0.1282969108,0.2450094091,2,0
0,0,0.07460489148,-0.5369201928,1,0
0,0,0.02993541463,-0.4466947685,0,0
0,0,0.06999815198,0.4006273734,2,0
0,0,0.02226888293,-0.4772926905,2,0
0,0,-0.0943118053,-1.165806882,2,0
0,0,-0.3169094334,-2.225976281,1,0
0,0,-0.584909736,-2.680003026,0,0
0,0,-0.8686006736,-2.836909376,1,0
0,0,-1.270627478,-4.020268041,0,-1
1,1,-1.788999473,-5.183719953
0,0,0,0,1,0
0,0,-0.009220763117,-0.09220763117,0,0
0,0,0.06538015244,0.7460091556,1,0
0,0,0.1422940161,0.7691386368,1,0
0,0,0.2460883282,1.037943121,0,0
0,0,0.4669616808,2.208733526,2,0
0,0,0.6917008954,2.247392146,0,0
0,0,1.070496828,3.787959323,1,-1
1,1,1.572600593,5.02103765
0,0,0,0,1,0
0,0,-0.0004381267343,-0.004381267343,1,0
0,0,-0.01131658299,-0.1087845626,2,0
0,0,-0.1232014928,-1.118849098,0,0
0,0,-0.1520893029,-0.2888781017,1,0
0,0,-0.2150533999,-0.6296409696,2,0
0,0,-0.405131913,-1.900785132,0,0
0,0,-0.5838005123,-1.786685992,0,0
0,0,-0.7794625204,-1.956620081,2,0
0,0,-1.132404231,-3.52941711,0,-1
1,1,-1.588111594,-4.557073626
0,0,0,0,1,0
0,0,0.01619800905,0.1619800905,2,0
0,0,-0.06043123177,-0.7662924082,1,0
0,0,-0.1324927376,-0.7206150588,0,0
0,0,-0.1552112395,-0.2271850182,0,0
0,0,-0.1239378541,0.3127338532,2,0
0,0,-0.2031557102,-0.7921785608,2,0
0,0,-0.3876656963,-1.845099861,2,0
0,0,-0.7062371201,-3.185714238,0,0
0,0,-1.0611666,-3.549294802,2,-1
1,1,-1.572254942,-5.110883418
0,0,0,0,2,0
0,0,-0.09726771528,-0.9726771528,2,0
0,0,-0.3028537898,-2.055860745,2,0
0,0,-0.6373665133,-3.345127236,1,0
0,0,-1.062994873,-4.256283595,2,-1
1,1,-1.642205056,-5.792101834
0,0,0,0,0,0
0,0,0.09045469934,0.9045469934,1,0
0,0,0.1980745316,1.076198323,1,0
0,0,0.3328928264,1.348182948,0,0
0,0,0.5972765854,2.64383759,1,0
0,0,0.9418309792,3.445543937,2,0
0,0,1.347639335,4.058083556,0,-1
1,1,1.907381334,5.597419995
0,0,0,0,1,0
0,0,0.009833971287,0.09833971287,0,0
0,0,0.1239250229,1.140910516,0,0
0,0,0.3636022355,2.396772126,2,0
0,0,0.5829270011,2.193247656,2,0
0,0,0.8116943798,2.287673787,2,0
0,0,1.098011202,2.863168226,0,0
0,0,1.551175012,4.531638096,1,-1
1,1,2.150535489,5.993604775
0,0,0,0,2,0
0,0,-0.10058893,-1.0058893,0,0
0,0,-0.1194948976,-0.189059676,1,0
0,0,-0.1503689042,-0.3087400656,1,0
0,0,-0.2238106304,-0.7344172623,1,0
0,0,-0.3273281203,-1.035174899,0,0
0,0,-0.4074062875,-0.8007816728,1,0
0,0,-0.5631221252,-1.557158377,0,0
0,0,-0.7281722951,-1.650501698,0,0
0,0,-0.9456901269,-2.175178318,0,0
0,0,-1.23260553,-2.869154031,1,-1
1,1,-1.655072377,-4.224668472
0,0,0,0,1,0
0,0,0.0134605459,0.134605459,1,0
0,0,0.02676153409,0.133009882,2,0
0,0,-0.05798676074,-0.8474829484,2,0
0,0,-0.2468875212,-1.889007604,1,0
0,0,-0.4795880693,-2.327005481,2,0
0,0,-0.8640970219,-3.845089526,0,0
0,0,-1.308057102,-4.439600803,0,-1
1,1,-1.867659628,-5.596025258
0,0,0,0,1,0
0,0,-0.002181694305,-0.02181694305,2,0
0,0,-0.09882920105,-0.9664750674,0,0
0,0,-0.1145062452,-0.1567704415,2,0
0,0,-0.2492114769,-1.347052317,1,0
0,0,-0.4394141922,-1.902027153,2,0
0,0,-0.7653394611,-3.259252689,0,0
0,0,-1.135823391,-3.704839302,1,-1
1,1,-1.629792716,-4.939693248
0,0,0,0,0,0
0,0,0.08651369168,0.8651369168,1,0
0,0,0.1953313812,1.088176895,0,0
0,0,0.4123518386,2.170204574,1,0
0,0,0.6963266214,2.839747827,2,0
0,0,1.013047551,3.167209293,1,0
0,0,1.447133664,4.340861138,1,-1
1,1,2.025607111,5.784734465
0,0,0,0,0,0
0,0,0.07502562559,0.7502562559,2,0
0,0,0.08143248427,0.06406858677,1,0
0,0,0.08681103882,0.05378554552,0,0
0,0,0.1976670864,1.108560475,1,0
0,0,0.3495756498,1.519085634,0,0
0,0,0.6542559934,3.046803436,0,0
0,0,1.11787815,4.636221563,2,-1
1,1,1.674422162,5.565440119
0,0,0,0,2,0
0,0,-0.08496735059,-0.8496735059,1,0
0,0,-0.1953378815,-1.103705309,0,0
0,0,-0.2380664424,-0.4272856085,1,0
0,0,-0.3097293649,-0.7166292258,1,0
0,0,-0.424390467,-1.14661102,1,0
0,0,-0.6019142881,-1.775238211,1,0
0,0,-0.8699766815,-2.680623934,1,0
0,0,-1.252577904,-3.826012228,2,-1
1,1,-1.794793625,-5.422157208
0,0,0,0,1,0
0,0,0.004062975181,0.04062975181,0,0
0,0,0.07962125456,0.7555827938,2,0
0,0,0.08448119374,0.04859939181,2,0
0,0,0.005462753105,-0.7901844064,2,0
0,0,-0.17278842,-1.782511731,2,0
0,0,-0.4628396225,-2.900512025,0,0
0,0,-0.7470518326,-2.842122101,0,0
0,0,-1.081077808,-3.340259754,2,-1
1,1,-1.57582557,-4.947477621
0,0,0,0,2,0
0,0,-0.0728916084,-0.728916084,0,0
0,0,-0.07973946096,-0.06847852562,2,0
0,0,-0.1932227656,-1.134833047,1,0
0,0,-0.3241263054,-1.309035398,2,0
0,0,-0.5838326843,-2.597063788,0,0
0,0,-0.8608361702,-2.77003486,2,0
0,0,-1.298231704,-4.373955335,2,-1
1,1,-1.895131829,-5.969001257
0,0,0,0,2,0
0,0,-0.104770377,-1.04770377,2,0
0,0,-0.3149076869,-2.101373098,1,0
0,0,-0.5613195384,-2.464118515,2,0
0,0,-0.9717527118,-4.104331734,2,0
0,0,-1.533963888,-5.62211176,1,-1
1,1,-2.240817133,-7.068532457
0,0,0,0,1,0
0,0,0.01102290704,0.1102290704,0,0
0,0,0.1122597098,1.012368028,0,0
0,0,0.3310186237,2.187589139,0,0
0,0,0.6965972592,3.655786354,2,0
0,0,1.093788758,3.971914983,0,-1
1,1,1.652011473,5.58222715
0,0,0,0,1,0
0,0,-0.01286419139,-0.1286419139,2,0
0,0,-0.1098720352,-0.9700784382,0,0
0,0,-0.1375998597,-0.277278245,1,0
0,0,-0.191870391,-0.5427053126,1,0
0,0,-0.2734833991,-0.8161300813,1,0
0,0,-0.3878516731,-1.14368274,2,0
0,0,-0.6353488498,-2.474971768,1,0
0,0,-0.9703170165,-3.349681667,1,0
0,0,-1.420349749,-4.500327323,0,-1
1,1,-1.998622804,-5.78273055
0,0,0,0,1,0
0,0,0.0006575589595,0.006575589595,1,0
0,0,0.002483307963,0.01825749003,0,0
0,0,0.09090309528,0.8841978731,1,0
0,0,0.2046782162,1.137751209,1,0
0,0,0.3384456245,1.337674082,0,0
0,0,0.6020448922,2.635992678,2,0
0,0,0.8745675996,2.725227074,2,0
0,0,1.200755629,3.261880295,1,-1
1,1,1.665834785,4.650791554
0,0,0,0,1,0
0,0,-0.01043559733,-0.1043559733,0,0
0,0,0.05567747909,0.6611307642,0,0
0,0,0.226776357,1.710988779,0,0
0,0,0.5344887971,3.077124401,0,0
0,0,1.001895057,4.674062598,1,-1
1,1,1.58507983,5.831847729
0,0,0,0,1,0
0,0,0.01272520166,0.1272520166,0,0
0,0,0.09887861047,0.8615340881,2,0
0,0,0.106259127,0.07380516572,2,0
0,0,0.05730448298,-0.4895464406,2,0
0,0,-0.07988632637,-1.371908093,0,0
0,0,-0.1469298435,-0.6704351716,1,0
0,0,-0.2355509289,-0.8862108537,0,0
0,0,-0.2808014644,-0.4525053549,0,0
0,0,-0.3050847262,-0.2428326185,0,0
0,0,-0.2974764324,0.07608293811,0,0
0,0,-0.2730793643,0.2439706807,1,0
0,0,-0.2870611981,-0.1398183377,0,0
0,0,-0.2503314001,0.36729798,2,0
0,0,-0.3296385979,-0.793071978,1,0
0,0,-0.451464094,-1.218254961,1,0
0,0,-0.636377512,-1.84913418,2,0
0,0,-0.9949910302,-3.586135182,1,0
0,0,-1.470497551,-4.755065205,0,-1
1,1,-2.080932276,-6.104347251
0,0,0,0,2,0
0,0,-0.07308481494,-0.7308481494,1,0
0,0,-0.1609336903,-0.8784887534,2,0
0,0,-0.3551206703,-1.9418698,1,0
0,0,-0.6200671344,-2.649464641,2,0
0,0,-1.046538149,-4.264710149,0,0
0,0,-1.554799348,-5.082611984,1,-1
1,1,-2.209248037,-6.544486894
0,0,0,0,1,0
0,0,-0.01159516634,-0.1159516634,2,0
0,0,-0.1039838312,-0.9238866488,0,0
0,0,-0.1186413219,-0.1465749065,1,0
0,0,-0.1649678735,-0.4632655163,1,0
0,0,-0.2529226728,-0.8795479928,0,0
0,0,-0.3005526477,-0.4762997492,1,0
0,0,-0.4097054411,-1.091527934,2,0
0,0,-0.6484481498,-2.387427087,2,0
0,0,-1.037788176,-3.893400258,0,0
0,0,-1.501237112,-4.634489366,2,-1
1,1,-2.114642331,-6.134052191
0,0,0,0,2,0
0,0,-0.08777985188,-0.8777985188,0,0
0,0,-0.119719383,-0.3193953117,2,0
0,0,-0.2615039308,-1.417845478,1,0
0,0,-0.4384602447,-1.769563138,0,0
0,0,-0.5926864669,-1.542262222,1,0
0,0,-0.8349019228,-2.42215456,0,0
0,0,-1.141854913,-3.069529904,1,-1
1,1,-1.582112464,-4.402575505
0,0,0,0,0,0
0,0,0.0859259287,0.859259287,2,0
0,0,0.1080036352,0.2207770646,0,0
0,0,0.2239388837,1.159352485,0,0
0,0,0.4522881052,2.283492215,2,0
0,0,0.6852876182,2.32999513,2,0
0,0,0.9484217916,2.631341734,1,0
0,0,1.335956768,3.875349761,0,-1
1,1,1.883528202,5.475714346
0,0,0,0,0,0
0,0,0.09504615069,0.9504615069,2,0
0,0,0.120347454,0.2530130333,2,0
0,0,0.08191582557,-0.3843162845,2,0
0,0,-0.02178894832,-1.037047739,1,0
0,0,-0.1334032639,-1.116143156,0,0
0,0,-0.1910159226,-0.5761265866,1,0
0,0,-0.2746820316,-0.8366610906,2,0
0,0,-0.4999663323,-2.252843007,1,0
0,0,-0.8082475214,-3.08281189,1,0
0,0,-1.213978596,-4.057310742,2,-1
1,1,-1.781592454,-5.67613858
0,0,0,0,2,0
0,0,-0.0720100667,-0.720100667,1,0
0,0,-0.1391894899,-0.6717942323,1,0
0,0,-0.2247571056,-0.855676157,1,0
0,0,-0.3384670732,-1.137099676,1,0
0,0,-0.5240795568,-1.856124836,1,0
0,0,-0.7755242308,-2.51444674,0,0
0,0,-1.082132807,-3.066085759,1,0
0,0,-1.523831621,-4.416988139,0,-1
1,1,-2.107833322,-5.840017019
0,0,0,0,0,0
0,0,0.07090321599,0.7090321599,1,0
0,0,0.1548593886,0.8395617263,1,0
0,0,0.2738240996,1.18964711,0,0
0,0,0.5242528557,2.504287561,0,0
0,0,0.9213086456,3.970557899,2,0
0,0,1.376229644,4.549209981,1,-1
1,1,1.970465556,5.942359122
0,0,0,0,1,0
0,0,-0.006141303832,-0.06141303832,2,0
0,0,-0.1092901229,-1.031488191,2,0
0,0,-0.3311584921,-2.218683692,0,0
0,0,-0.5121394061,-1.80980914,2,0
0,0,-0.8600563563,-3.479169502,0,0
0,0,-1.26829137,-4.082350137,2,-1
1,1,-1.829876712,-5.615853424
0,0,0,0,1,0
0,0,0.004192862944,0.04192862944,0,0
0,0,0.08653264936,0.8233978641,2,0
0,0,0.1131548449,0.2662219553,1,0
0,0,0.1602531103,0.4709826546,2,0
0,0,0.1418648705,-0.1838823986,2,0
0,0,0.04799184132,-0.9387302917,0,0
0,0,0.04525500064,-0.02736840678,0,0
0,0,0.1457807859,1.005257853,2,0
0,0,0.1821120414,0.3633125555,1,0
0,0,0.2504644457,0.6835240427,0,0
0,0,0.4417741848,1.913097391,2,0
0,0,0.6396424001,1.978682152,1,0
0,0,0.9437894365,3.041470365,0,0
0,0,1.416914623,4.731251862,1,-1
1,1,2.0314488,6.145341776
0,0,0,0,1,0
0,0,-0.00291374013,-0.0291374013,2,0
0,0,-0.1055880787,-1.026743386,2,0
0,0,-0.3242434456,-2.186553669,0,0
0,0,-0.5075052475,-1.832618018,2,0
0,0,-0.846643449,-3.391382015,0,0
0,0,-1.250864123,-4.042206737,2,-1
1,1,-1.814559348,-5.63695225
0,0,0,0,1,0
0,0,0.01322584411,0.1322584411,2,0
0,0,-0.07279233521,-0.8601817932,1,0
0,0,-0.1718289383,-0.9903660305,1,0
0,0,-0.2934827156,-1.216537773,2,0
0,0,-0.5360057802,-2.425230646,1,0
0,0,-0.8604660703,-3.244602901,2,0
0,0,-1.339623174,-4.791571034,2,-1
1,1,-1.97481736,-6.351941864
