2,1,1
0,0,0,0,2,0
0,0,-0.07402318494,-0.7402318494,2,0
0,0,-0.2486619578,-1.746387729,2,0
0,0,-0.5612677248,-3.12605767,0,0
0,0,-0.8926683282,-3.314006033,0,0
0,0,-1.287934301,-3.952659731,0,-1
1,1,-1.800220742,-5.122864403
0,0,0,0,0,0
0,0,0.08787143617,0.8787143617,1,0
0,0,0.1982908047,1.104193685,0,0
0,0,0.4158610097,2.17570205,1,0
0,0,0.6865726633,2.707116536,1,0
0,0,1.047660032,3.610873691,1,0
0,0,1.534397726,4.867376939,1,-1
1,1,2.166527782,6.321300555
0,0,0,0,2,0
0,0,-0.08647704816,-0.8647704816,1,0
0,0,-0.2038045615,-1.173275133,1,0
0,0,-0.3499769927,-1.461724313,1,0
0,0,-0.5611866573,-2.112096645,2,0
0,0,-0.9175516298,-3.563649725,2,0
0,0,-1.434772736,-5.172211063,0,-1
1,1,-2.083319942,-6.485472055
0,0,0,0,0,0
0,0,0.1008285158,1.008285158,0,0
0,0,0.3067676085,2.059390927,2,0
0,0,0.4862967432,1.795291347,1,0
0,0,0.7365786313,2.502818881,2,0
0,0,1.025313773,2.887351422,1,0
0,0,1.441432049,4.161182754,0,-1
1,1,2.010381388,5.689493389
0,0,0,0,0,0
0,0,0.09376060597,0.9376060597,1,0
0,0,0.2002036513,1.064430454,0,0
0,0,0.4432944841,2.430908328,0,0
0,0,0.8270007156,3.837062315,2,0
0,0,1.25180274,4.248020245,1,-1
1,1,1.81163215,5.598294097
0,0,0,0,1,0
0,0,0.005587105769,0.05587105769,2,0
0,0,-0.07617811417,-0.8176521994,0,0
0,0,-0.07719479735,-0.01016683178,2,0
0,0,-0.1886637839,-1.114689865,1,0
0,0,-0.3164066503,-1.277428664,2,0
0,0,-0.5893727867,-2.729661364,2,0
0,0,-1.029038209,-4.396654225,1,-1
1,1,-1.587047773,-5.580095639
0,0,0,0,0,0
0,0,0.09180585366,0.9180585366,1,0
0,0,0.1920257308,1.002198771,1,0
0,0,0.3416793116,1.496535808,2,0
0,0,0.4641606591,1.224813475,1,0
0,0,0.6620786125,1.979179534,0,0
0,0,1.00996682,3.478882071,0,0
0,0,1.523016222,5.130494025,0,-1
1,1,2.184430874,6.614146516
0,0,0,0,2,0
0,0,-0.09632956874,-0.9632956874,0,0
0,0,-0.1142928498,-0.1796328101,0,0
0,0,-0.05463065634,0.5966219341,0,0
0,0,0.07455120645,1.291818628,2,0
0,0,0.1260732808,0.5152207436,1,0
0,0,0.2076536328,0.8158035198,2,0
0,0,0.2410596247,0.3340599196,2,0
0,0,0.2350045682,-0.06055056532,0,0
0,0,0.3524701638,1.174655956,0,0
0,0,0.5960534389,2.435832751,0,0
0,0,0.9979408802,4.018874413,1,0
0,0,1.512941669,5.150007892,2,-1
1,1,2.168660773,6.557191031
0,0,0,0,2,0
0,0,-0.08023807564,-0.8023807564,0,0
0,0,-0.07798762632,0.02250449314,0,0
0,0,0.0006821684074,0.7866979473,0,0
0,0,0.1805195921,1.798374237,2,0
0,0,0.3154400349,1.349204428,2,0
0,0,0.4268050417,1.113650068,2,0
0,0,0.5167175178,0.8991247612,1,0
0,0,0.6747249044,1.580073866,2,0
0,0,0.8655513795,1.908264751,2,0
0,0,1.112320758,2.467693782,0,0
0,0,1.526950669,4.146299109,0,-1
1,1,2.090516456,5.635657874
0,0,0,0,0,0
0,0,0.09312220932,0.9312220932,0,0
0,0,0.290445281,1.973230717,0,0
0,0,0.6282815651,3.37836284,0,0
0,0,1.128255138,4.999735728,2,-1
1,1,1.721600652,5.933455137
0,0,0,0,1,0
0,0,-0.0004411245744,-0.004411245744,0,0
0,0,0.09212535106,0.9256647563,2,0
0,0,0.1070504296,0.1492507851,2,0
0,0,0.05610199294,-0.5094843663,0,0
0,0,0.09616140596,0.4005941303,1,0
0,0,0.1662818522,0.7012044621,1,0
0,0,0.2510428331,0.8476098098,2,0
0,0,0.2965537998,0.4551096664,1,0
0,0,0.3796446804,0.8309088063,1,0
0,0,0.5282064812,1.485618008,0,0
0,0,0.839533831,3.113273498,1,0
0,0,1.268773406,4.292395754,2,-1
1,1,1.80557843,5.368050239
0,0,0,0,1,0
0,0,-0.00129733094,-0.0129733094,2,0
0,0,-0.1022957329,-1.00998402,1,0
0,0,-0.2271544839,-1.24858751,1,0
0,0,-0.4009107447,-1.737562608,2,0
0,0,-0.704868818,-3.039580733,1,0
0,0,-1.098710109,-3.93841291,0,-1
1,1,-1.589411367,-4.907012582
0,0,0,0,0,0
0,0,0.09577744466,0.9577744466,0,0
0,0,0.2924820074,1.967045627,0,0
0,0,0.6286218316,3.361398242,1,0
0,0,1.04074386,4.121220288,0,-1
1,1,1.615895743,5.751518822
0,0,0,0,2,0
0,0,-0.0920027858,-0.920027858,1,0
0,0,-0.1837702649,-0.9176747907,0,0
0,0,-0.2168614857,-0.3309122079,2,0
0,0,-0.3671412027,-1.50279717,1,0
0,0,-0.5693884035,-2.022472009,0,0
0,0,-0.7817277684,-2.123393649,1,0
0,0,-1.10501472,-3.232869513,1,0
0,0,-1.563697367,-4.586826471,2,-1
1,1,-2.169682135,-6.059847678
0,0,0,0,2,0
0,0,-0.07794564298,-0.7794564298,0,0
0,0,-0.07514660626,0.02799036712,2,0
0,0,-0.1845604379,-1.094138316,0,0
0,0,-0.2515153302,-0.6695489233,1,0
0,0,-0.364298412,-1.127830818,2,0
0,0,-0.6303885753,-2.660901633,0,0
0,0,-0.9215982653,-2.9120969,0,0
0,0,-1.275630417,-3.540321521,0,-1
1,1,-1.744459862,-4.688294444
0,0,0,0,2,0
0,0,-0.09785509898,-0.9785509898,1,0
0,0,-0.2172577597,-1.194026607,0,0
0,0,-0.2876583808,-0.7040062109,2,0
0,0,-0.486861013,-1.992026322,2,0
0,0,-0.8385300453,-3.516690322,0,0
0,0,-1.24186114,-4.033310949,1,-1
1,1,-1.775323339,-5.334621991
0,0,0,0,1,0
0,0,-0.0004564957787,-0.004564957787,0,0
0,0,0.1005351193,1.009916151,1,0
0,0,0.2201593987,1.196242794,1,0
0,0,0.3719432437,1.51783845,0,0
0,0,0.6562547498,2.843115061,2,0
0,0,0.9572055988,3.00950849,0,0
0,0,1.416836286,4.596306875,0,-1
1,1,2.030881077,6.14044791
0,0,0,0,2,0
0,0,-0.08787901002,-0.8787901002,2,0
0,0,-0.2680584383,-1.801794283,2,0
0,0,-0.5714075846,-3.033491463,2,0
0,0,-1.018409138,-4.470015532,0,0
0,0,-1.544691348,-5.262822106,1,-1
1,1,-2.217054634,-6.723632858
0,0,0,0,2,0
0,0,-0.07251730957,-0.7251730957,0,0
0,0,-0.06444350685,0.08073802719,1,0
0,0,-0.06826603335,-0.03822526503,0,0
0,0,0.008781315682,0.7704734903,0,0
0,0,0.1875517847,1.78770469,1,0
0,0,0.3991536778,2.116018932,2,0
0,0,0.5969623745,1.978086967,2,0
0,0,0.8024022273,2.054398528,0,0
0,0,1.185029755,3.826275273,1,-1
1,1,1.703286216,5.182564614
0,0,0,0,1,0
0,0,0.005077088224,0.05077088224,0,0
0,0,0.1135989078,1.085218196,2,0
0,0,0.1554365815,0.4183767375,0,0
0,0,0.3201063304,1.646697489,0,0
0,0,0.624773843,3.046675126,0,0
0,0,1.083204981,4.58431138,0,-1
1,1,1.703651795,6.204468137
0,0,0,0,1,0
0,0,-0.0119619533,-0.119619533,1,0
0,0,-0.01160121255,0.003607407477,0,0
0,0,0.0887459135,1.003471261,1,0
0,0,0.2074545025,1.18708589,0,0
0,0,0.4627674077,2.553129052,2,0
0,0,0.7011155191,2.383481114,0,0
0,0,1.091601115,3.904855963,1,-1
1,1,1.612502184,5.209010683
0,0,0,0,0,0
0,0,0.07936074249,0.7936074249,1,0
0,0,0.1799844628,1.006237203,0,0
0,0,0.4057103082,2.257258454,2,0
0,0,0.6126433051,2.069329969,1,0
0,0,0.9010213612,2.88378056,2,0
0,0,1.25211745,3.510960888,0,-1
1,1,1.767111575,5.149941252
0,0,0,0,0,0
0,0,0.1022286099,1.022286099,1,0
0,0,0.2049822351,1.027536251,0,0
0,0,0.4174922453,2.125100103,1,0
0,0,0.7034881386,2.859958933,2,0
0,0,1.01744748,3.139593409,0,0
0,0,1.491575293,4.741278139,0,-1
1,1,2.115872983,6.242976896
0,0,0,0,2,0
0,0,-0.09681593561,-0.9681593561,1,0
0,0,-0.2275880739,-1.307721383,0,0
0,0,-0.309860592,-0.8227251817,0,0
0,0,-0.3510151335,-0.4115454151,1,0
0,0,-0.4524833823,-1.014682488,1,0
0,0,-0.6405640222,-1.880806399,2,0
0,0,-0.9947922357,-3.542282135,1,0
0,0,-1.461061857,-4.662696216,0,-1
1,1,-2.062100601,-6.010387441
0,0,0,0,0,0
0,0,0.07257802888,0.7257802888,2,0
0,0,0.07939946337,0.06821434494,0,0
0,0,0.1959516873,1.16552224,1,0
0,0,0.3603469079,1.643952206,2,0
0,0,0.4912084399,1.30861532,0,0
0,0,0.7749875996,2.837791597,0,0
0,0,1.232888439,4.579008395,0,-1
1,1,1.851937796,6.190493569
0,0,0,0,1,0
0,0,0.006441598605,0.06441598605,1,0
0,0,0.02533499493,0.1889339632,1,0
0,0,0.06118023071,0.3584523578,2,0
0,0,0.02484219172,-0.3633803899,1,0
0,0,-0.02088821203,-0.4573040376,0,0
0,0,0.01597482912,0.3686304115,2,0
0,0,-0.04344394117,-0.5941877029,1,0
0,0,-0.1160842558,-0.7264031468,2,0
0,0,-0.3078707202,-1.917864644,1,0
0,0,-0.557848896,-2.499781758,0,0
0,0,-0.8090547943,-2.512058983,2,0
0,0,-1.234302704,-4.252479098,0,-1
1,1,-1.763224273,-5.289215686
0,0,0,0,0,0
0,0,0.1029713707,1.029713707,2,0
0,0,0.1213608956,0.1838952494,2,0
0,0,0.06790041681,-0.5346047883,1,0
0,0,0.02499859058,-0.4290182622,0,0
0,0,0.06028267504,0.3528408446,1,0
0,0,0.120641242,0.6035856694,2,0
0,0,0.1309064244,0.102651824,0,0
0,0,0.2585066942,1.276002698,0,0
0,0,0.5282294679,2.697227737,0,0
0,0,0.9404451847,4.122157169,1,0
0,0,1.463220954,5.227757693,1,-1
1,1,2.129065458,6.658445036
0,0,0,0,0,0
0,0,0.09666443221,0.9666443221,0,0
0,0,0.3133147426,2.166503104,0,0
0,0,0.6765318703,3.632171278,1,0
0,0,1.122813677,4.46281807,1,-1
1,1,1.698890363,5.760766859
0,0,0,0,2,0
0,0,-0.09702061587,-0.9702061587,1,0
0,0,-0.2027495204,-1.057289045,1,0
0,0,-0.3559743552,-1.532248348,2,0
0,0,-0.6527264288,-2.967520736,2,0
0,0,-1.109332133,-4.566057047,0,-1
1,1,-1.654737836,-5.454057021
0,0,0,0,0,0
0,0,0.1025269219,1.025269219,0,0
0,0,0.3058673931,2.033404712,1,0
0,0,0.5496850229,2.438176297,1,0
0,0,0.8699868902,3.203018674,0,0
0,0,1.34585185,4.758649596,0,-1
1,1,1.976120095,6.302682453
0,0,0,0,0,0
0,0,0.09600093218,0.9600093218,2,0
0,0,0.1281959461,0.3219501391,2,0
0,0,0.09535119575,-0.3284475033,1,0
0,0,0.0711280576,-0.2422313815,0,0
0,0,0.151877094,0.8074903639,1,0
0,0,0.2680555795,1.161784855,1,0
0,0,0.4442388282,1.761832487,0,0
0,0,0.7699520544,3.257132262,0,0
0,0,1.256675727,4.867236727,0,-1
1,1,1.894612794,6.379370664
0,0,0,0,0,0
0,0,0.0831657134,0.831657134,0,0
0,0,0.2635661648,1.804004514,0,0
0,0,0.569632173,3.060660081,0,0
0,0,1.015160876,4.455287026,2,0
0,0,1.528733135,5.135722594,2,-1
1,1,2.184495767,6.557626316
0,0,0,0,0,0
0,0,0.09572230955,0.9572230955,0,0
0,0,0.3088043022,2.130819927,0,0
0,0,0.6452113812,3.36407079,2,0
0,0,0.9940980796,3.488866984,2,0
0,0,1.424547887,4.304498078,1,-1
1,1,1.99684959,5.723017022
0,0,0,0,1,0
0,0,0.01571532818,0.1571532818,2,0
0,0,-0.07073360397,-0.8644893215,1,0
0,0,-0.176721696,-1.05988092,0,0
0,0,-0.2368061038,-0.6008440775,1,0
0,0,-0.3262275196,-0.8942141581,2,0
0,0,-0.5420667208,-2.158392012,0,0
0,0,-0.7810458828,-2.38979162,0,0
0,0,-1.076349893,-2.953040107,1,0
0,0,-1.496284591,-4.199346977,1,-1
1,1,-2.061791949,-5.655073581
0,0,0,0,0,0
0,0,0.07567469443,0.7567469443,0,0
0,0,0.258325523,1.826508286,2,0
0,0,0.411329574,1.530040509,1,0
0,0,0.6420454091,2.307158351,1,0
0,0,0.9658019973,3.237565882,1,0
0,0,1.40231728,4.365152826,0,-1
1,1,1.990730861,5.884135807
0,0,0,0,1,0
0,0,-0.0121238414,-0.121238414,1,0
0,0,-0.03986801715,-0.2774417575,2,0
0,0,-0.1571971166,-1.173290995,0,0
0,0,-0.2009447122,-0.4374759561,2,0
0,0,-0.3601393186,-1.591946064,2,0
0,0,-0.6613271239,-3.011878053,2,0
0,0,-1.122014952,-4.606878281,2,-1
1,1,-1.735475228,-6.134602759
0,0,0,0,1,0
0,0,-0.001695921502,-0.01695921502,2,0
0,0,-0.08535489693,-0.8365897543,1,0
0,0,-0.1767370326,-0.9138213562,0,0
0,0,-0.2147042528,-0.3796722028,0,0
0,0,-0.187042818,0.2766143483,0,0
0,0,-0.1027069169,0.8433590109,0,0
0,0,0.06846857064,1.711754876,0,0
0,0,0.3417225618,2.732539912,2,0
0,0,0.5975410734,2.558185116,1,0
0,0,0.9285899764,3.31048903,0,0
0,0,1.428829659,5.00239683,0,-1
1,1,2.078635755,6.49806096
0,0,0,0,2,0
0,0,-0.0708096671,-0.708096671,1,0
0,0,-0.1550081828,-0.8419851569,2,0
0,0,-0.3592315363,-2.042233535,1,0
0,0,-0.6066472377,-2.474157014,0,0
0,0,-0.8875233343,-2.808760965,2,0
0,0,-1.333064809,-4.455414743,1,-1
1,1,-1.914940904,-5.818760958
0,0,0,0,0,0
0,0,0.09667657662,0.9667657662,0,0
0,0,0.2830865347,1.86409958,1,0
0,0,0.5088321861,2.257456514,1,0
0,0,0.8194131699,3.105809838,0,0
0,0,1.29237561,4.729624399,2,-1
1,1,1.874579471,5.822038607
0,0,0,0,0,0
0,0,0.08382242075,0.8382242075,0,0
0,0,0.2801872533,1.963648325,2,0
0,0,0.4263232169,1.461359636,0,0
0,0,0.7138533604,2.875301435,1,0
0,0,1.110704233,3.968508729,2,-1
1,1,1.599271826,4.885675931
0,0,0,0,2,0
0,0,-0.09553271945,-0.9553271945,0,0
0,0,-0.1313705321,-0.3583781261,2,0
0,0,-0.2739555093,-1.425849773,1,0
0,0,-0.4766238194,-2.0266831,1,0
0,0,-0.7577431762,-2.811193568,0,0
0,0,-1.092488356,-3.347451799,1,0
0,0,-1.561957536,-4.694691797,0,-1
1,1,-2.177489094,-6.155315581
0,0,0,0,1,0
0,0,0.005693725151,0.05693725151,0,0
0,0,0.1074942785,1.018005534,0,0
0,0,0.3246889962,2.171947177,0,0
0,0,0.6607649951,3.360759989,0,0
0,0,1.162617803,5.018528076,1,-1
1,1,1.784213471,6.215956682
0,0,0,0,1,0
0,0,0.008388858036,0.08388858036,1,0
0,0,0.01395531575,0.05566457712,2,0
0,0,-0.06030376919,-0.7425908494,1,0
0,0,-0.1515670757,-0.9126330655,1,0
0,0,-0.2521731177,-1.00606042,2,0
0,0,-0.4701207116,-2.179475939,0,0
0,0,-0.6863079669,-2.161872553,2,0
0,0,-1.075074669,-3.887667026,2,-1
1,1,-1.62184237,-5.467677001
0,0,0,0,2,0
0,0,-0.0976879874,-0.976879874,1,0
0,0,-0.2144226957,-1.167347083,0,0
0,0,-0.2789974067,-0.6457471091,1,0
0,0,-0.4028553116,-1.238579049,1,0
0,0,-0.5839104826,-1.81055171,0,0
0,0,-0.7888047267,-2.048942441,1,0
0,0,-1.113820682,-3.250159552,0,0
0,0,-1.531043191,-4.172225087,2,-1
1,1,-2.096532399,-5.654892082
0,0,0,0,2,0
0,0,-0.09036625146,-0.9036625146,1,0
0,0,-0.197180614,-1.068143625,2,0
0,0,-0.4180182787,-2.208376647,1,0
0,0,-0.6923486864,-2.743304077,0,0
0,0,-0.9900082686,-2.976595822,0,0
0,0,-1.366475715,-3.76467446,0,-1
1,1,-1.86661677,-5.001410557
0,0,0,0,2,0
0,0,-0.09680348012,-0.9680348012,1,0
0,0,-0.2196773414,-1.228738612,0,0
0,0,-0.2973590584,-0.7768171703,0,0
0,0,-0.3522335699,-0.5487451155,1,0
0,0,-0.4768891442,-1.246555743,0,0
0,0,-0.6127291214,-1.358399772,0,0
0,0,-0.7655937653,-1.528646438,0,0
0,0,-0.9753560713,-2.09762306,2,0
0,0,-1.358187955,-3.828318833,1,-1
1,1,-1.880359062,-5.221711073
0,0,0,0,2,0
0,0,-0.07164931153,-0.7164931153,2,0
0,0,-0.2516065371,-1.799572256,0,0
0,0,-0.3946646389,-1.430581018,0,0
0,0,-0.507967658,-1.133030191,2,0
0,0,-0.7751441014,-2.671764434,2,0
0,0,-1.208221153,-4.330770521,0,-1
1,1,-1.746847895,-5.386267413
0,0,0,0,1,0
0,0,-0.003038766694,-0.03038766694,0,0
0,0,0.09148650993,0.9452527663,0,0
0,0,0.2756514637,1.841649538,0,0
0,0,0.600903075,3.252516113,2,0
0,0,0.9464865816,3.455835066,0,0
0,0,1.451100058,5.046134763,1,-1
1,1,2.097720224,6.466201661
0,0,0,0,2,0
0,0,-0.07794651684,-0.7794651684,2,0
0,0,-0.2712331093,-1.932865925,0,0
0,0,-0.4289992735,-1.577661642,0,0
0,0,-0.5644190902,-1.354198167,2,0
0,0,-0.8516896966,-2.872706064,2,0
0,0,-1.308870749,-4.57181052,0,-1
1,1,-1.885036591,-5.761658428
0,0,0,0,0,0
0,0,0.07439462207,0.7439462207,0,0
0,0,0.2614363096,1.870416875,1,0
0,0,0.4785507313,2.171144217,2,0
0,0,0.701066442,2.225157107,1,0
0,0,1.019137639,3.18071197,1,0
0,0,1.461962224,4.428245847,0,-1
1,1,2.055989409,5.940271855
0,0,0,0,0,0
0,0,0.07496970759,0.7496970759,2,0
0,0,0.08639949125,0.1142978366,2,0
0,0,0.04165934229,-0.4474014896,0,0
0,0,0.07807099914,0.3641165685,2,0
0,0,0.03006583988,-0.4800515926,1,0
0,0,-0.001556896645,-0.3162273653,2,0
0,0,-0.1137404587,-1.121835621,2,0
0,0,-0.3217931689,-2.080527102,2,0
0,0,-0.6791990037,-3.574058348,2,0
0,0,-1.197714785,-5.185157812,2,-1
1,1,-1.867934575,-6.702197906
0,0,0,0,0,0
0,0,0.09426017373,0.9426017373,2,0
0,0,0.1285481725,0.3428799882,0,0
0,0,0.2720998482,1.435516757,2,0
0,0,0.3686984205,0.9659857224,2,0
0,0,0.440519758,0.7182133751,2,0
0,0,0.5078650919,0.6734533394,0,0
0,0,0.7294597176,2.215946257,2,0
0,0,0.9852942549,2.558345374,1,0
0,0,1.365454709,3.801604544,0,-1
1,1,1.903151391,5.376966821
0,0,0,0,2,0
0,0,-0.07293065434,-0.7293065434,2,0
0,0,-0.2312403378,-1.583096835,1,0
0,0,-0.4254207699,-1.941804321,2,0
0,0,-0.759621257,-3.342004871,1,0
0,0,-1.188184104,-4.285628467,2,-1
1,1,-1.779974654,-5.9179055
0,0,0,0,1,0
0,0,0.01056795135,0.1056795135,2,0
0,0,-0.0651947558,-0.7576270714,2,0
0,0,-0.2430853306,-1.778905749,0,0
0,0,-0.3861066017,-1.43021271,1,0
0,0,-0.6069220109,-2.208154093,2,0
0,0,-0.9840361267,-3.771141158,2,0
0,0,-1.51850557,-5.344694431,1,-1
1,1,-2.197281043,-6.787754736
0,0,0,0,0,0
0,0,0.07833668991,0.7833668991,2,0
0,0,0.08700104007,0.08664350166,1,0
0,0,0.1133009864,0.2629994631,1,0
0,0,0.1555777948,0.4227680844,0,0
0,0,0.3255473966,1.699696017,1,0
0,0,0.5371742889,2.116268924,1,0
0,0,0.8346294774,2.974551885,2,0
0,0,1.188257318,3.536278409,2,-1
1,1,1.645418836,4.57161518
0,0,0,0,0,0
0,0,0.08898116138,0.8898116138,0,0
0,0,0.2762104413,1.872292799,0,0
0,0,0.5943460563,3.18135615,0,0
0,0,1.078152522,4.838064656,2,-1
1,1,1.640882971,5.627304489
0,0,0,0,2,0
0,0,-0.09966681499,-0.9966681499,1,0
0,0,-0.219616164,-1.19949349,1,0
0,0,-0.3869164498,-1.673002859,1,0
0,0,-0.6269657067,-2.400492568,2,0
0,0,-1.014318173,-3.873524663,1,0
0,0,-1.525082153,-5.107639797,0,-1
1,1,-2.177329763,-6.522476098
0,0,0,0,1,0
0,0,-0.009017029387,-0.09017029387,1,0
0,0,-0.02883945728,-0.198224279,1,0
0,0,-0.04208824072,-0.1324878344,2,0
0,0,-0.160479504,-1.183912633,2,0
0,0,-0.3887355346,-2.282560306,0,0
0,0,-0.591375796,-2.026402614,1,0
0,0,-0.8783370439,-2.869612479,0,0
0,0,-1.221133001,-3.427959575,0,-1
1,1,-1.67065608,-4.495230785
0,0,0,0,2,0
0,0,-0.0837469586,-0.837469586,0,0
0,0,-0.08723849652,-0.03491537926,2,0
0,0,-0.1813781075,-0.9413961102,0,0
0,0,-0.2109034011,-0.295252936,1,0
0,0,-0.2825715727,-0.7166817157,1,0
0,0,-0.4118601924,-1.292886197,1,0
0,0,-0.597780432,-1.859202397,1,0
0,0,-0.8661972747,-2.684168427,1,0
0,0,-1.241769985,-3.755727102,2,-1
1,1,-1.781612952,-5.398429671
0,0,0,0,1,0
0,0,0.005264191973,0.05264191973,1,0
0,0,0.01964395578,0.1437976381,0,0
0,0,0.1257306517,1.060866959,2,0
0,0,0.1633264719,0.375958202,1,0
0,0,0.2445833651,0.8125689316,0,0
0,0,0.4594479274,2.148645623,0,0
0,0,0.8368083855,3.773604581,0,0
0,0,1.379246648,5.424382622,2,-1
1,1,2.044811012,6.65564364
0,0,0,0,1,0
0,0,-0.01129926243,-0.1129926243,0,0
0,0,0.07388800739,0.8518726981,1,0
0,0,0.187254003,1.133659956,0,0
0,0,0.4219435901,2.346895871,0,0
0,0,0.8088880588,3.869444687,0,0
0,0,1.349790644,5.409025847,0,-1
1,1,2.042283913,6.924932697
0,0,0,0,2,0
0,0,-0.1011182994,-1.011182994,1,0
0,0,-0.2160275336,-1.149092342,0,0
0,0,-0.2829669925,-0.6693945885,2,0
0,0,-0.4826035767,-1.996365842,2,0
0,0,-0.8455760913,-3.629725146,0,0
0,0,-1.25742205,-4.118459589,1,-1
1,1,-1.804699107,-5.472770566
0,0,0,0,0,0
0,0,0.1058494991,1.058494991,0,0
0,0,0.3187548242,2.12905325,1,0
0,0,0.5877763297,2.690215055,2,0
0,0,0.8729823475,2.852060178,2,0
0,0,1.21241363,3.39431282,2,-1
1,1,1.656375315,4.439616858
0,0,0,0,0,0
0,0,0.08838163776,0.8838163776,2,0
0,0,0.08995523374,0.01573595986,1,0
0,0,0.1098648293,0.1990959554,1,0
0,0,0.1514538299,0.4158900057,1,0
0,0,0.2112139483,0.597601185,2,0
0,0,0.2216943908,0.1048044244,0,0
0,0,0.3602483604,1.385539696,2,0
0,0,0.4741959421,1.139475817,2,0
0,0,0.5819422962,1.077463541,2,0
0,0,0.712020048,1.300777518,1,0
0,0,0.9550591845,2.430391365,1,0
0,0,1.313908582,3.588493977,1,-1
1,1,1.813287648,4.993790653
0,0,0,0,1,0
0,0,0.01574864747,0.1574864747,1,0
0,0,0.0250230121,0.09274364627,2,0
0,0,-0.04713628947,-0.7215930157,1,0
0,0,-0.1149600417,-0.6782375221,2,0
0,0,-0.2885517471,-1.735917055,1,0
0,0,-0.5188735006,-2.303217534,1,0
0,0,-0.8181257945,-2.992522939,2,0
0,0,-1.284602953,-4.664771583,2,-1
1,1,-1.90676658,-6.221636274
0,0,0,0,0,0
0,0,0.07197512853,0.7197512853,0,0
0,0,0.236923474,1.649483454,0,0
0,0,0.5250212526,2.880977786,0,0
0,0,0.9713004877,4.462792351,2,0
0,0,1.49436103,5.230605424,2,-1
1,1,2.155692544,6.61331514
0,0,0,0,1,0
0,0,0.003503476087,0.03503476087,1,0
0,0,0.01792149057,0.1441801448,1,0
0,0,0.02551647861,0.07594988045,0,0
0,0,0.1400542927,1.145378141,1,0
0,0,0.2930795891,1.530252964,0,0
0,0,0.5694727498,2.763931607,2,0
0,0,0.85392605,2.844533002,2,0
0,0,1.20138432,3.474582697,1,-1
1,1,1.682689423,4.813051034
0,0,0,0,1,0
0,0,-0.00222135781,-0.0222135781,0,0
0,0,0.09478050878,0.9700186659,1,0
0,0,0.2237539615,1.289734528,0,0
0,0,0.486411037,2.626570754,1,0
0,0,0.8079631351,3.215520981,2,0
0,0,1.174464964,3.665018293,2,-1
1,1,1.647829201,4.733642364
0,0,0,0,2,0
0,0,-0.09513748517,-0.9513748517,1,0
0,0,-0.2181616256,-1.230241404,1,0
0,0,-0.3727279516,-1.54566326,0,0
0,0,-0.5117241753,-1.389962237,1,0
0,0,-0.7303757739,-2.186515986,2,0
0,0,-1.113438977,-3.83063203,1,-1
1,1,-1.622566845,-5.091278677
0,0,0,0,1,0
0,0,-0.008572191317,-0.08572191317,0,0
0,0,0.07107003341,0.7964222473,0,0
0,0,0.2481191441,1.770491107,0,0
0,0,0.5575402833,3.094211392,0,0
0,0,1.032205618,4.746653342,1,-1
1,1,1.623095223,5.908896055
0,0,0,0,1,0
0,0,0.007579943011,0.07579943011,0,0
0,0,0.1064752903,0.9889534726,1,0
0,0,0.2158010417,1.093257514,2,0
0,0,0.2853104741,0.6950943236,2,0
0,0,0.3229716895,0.3766121546,0,0
0,0,0.4972909242,1.743192347,0,0
0,0,0.8277157579,3.304248337,0,0
0,0,1.322325732,4.94609974,2,-1
1,1,1.93464602,6.123202884
0,0,0,0,1,0
0,0,0.00416173768,0.0416173768,1,0
0,0,0.008040958393,0.03879220713,2,0
0,0,-0.07021050175,-0.7825146014,0,0
0,0,-0.07456326484,-0.04352763095,1,0
0,0,-0.07564422474,-0.01080959894,2,0
0,0,-0.1686737585,-0.9302953379,1,0
0,0,-0.2883961695,-1.19722411,2,0
0,0,-0.5445622124,-2.561660429,1,0
0,0,-0.894185158,-3.496229456,1,0
0,0,-1.346157423,-4.519722646,1,-1
1,1,-1.934352548,-5.881951257
0,0,0,0,2,0
0,0,-0.0793267141,-0.793267141,0,0
0,0,-0.1016327613,-0.223060472,0,0
0,0,-0.0523382427,0.492945186,1,0
0,0,-0.01410839126,0.3822985143,1,0
0,0,0.004246376019,0.1835476728,0,0
0,0,0.1288579369,1.246115609,1,0
0,0,0.2860704772,1.572125403,0,0
0,0,0.5639669875,2.778965103,1,0
0,0,0.90989361,3.459266226,1,0
0,0,1.360094004,4.502003943,2,-1
1,1,1.930856506,5.707625012
0,0,0,0,2,0
0,0,-0.08689885122,-0.8689885122,2,0
0,0,-0.2901504969,-2.032516457,2,0
0,0,-0.6127066972,-3.225562003,0,0
0,0,-0.9462331648,-3.335264675,2,0
0,0,-1.439114239,-4.928810743,2,-1
1,1,-2.084216395,-6.451021558
0,0,0,0,1,0
0,0,-0.01151395511,-0.1151395511,2,0
0,0,-0.1145485329,-1.030345778,0,0
0,0,-0.1525679369,-0.3801940399,1,0
0,0,-0.2316825007,-0.7911456377,0,0
0,0,-0.2482750513,-0.1659255057,1,0
0,0,-0.2954634485,-0.4718839719,1,0
0,0,-0.4021449475,-1.066814991,1,0
0,0,-0.5640700235,-1.61925076,1,0
0,0,-0.8148148612,-2.507448377,1,0
0,0,-1.168685904,-3.538710427,1,-1
1,1,-1.65142363,-4.827377259
0,0,0,0,1,0
0,0,-0.006005886894,-0.06005886894,2,0
0,0,-0.1039480261,-0.9794213918,2,0
0,0,-0.3219173576,-2.179693315,0,0
0,0,-0.4991176066,-1.772002491,0,0
0,0,-0.6671446037,-1.680269971,0,0
0,0,-0.8561495998,-1.890049961,1,0
0,0,-1.161066168,-3.049165683,1,-1
1,1,-1.59353756,-4.324713914
0,0,0,0,2,0
0,0,-0.08008216558,-0.8008216558,0,0
0,0,-0.0911829905,-0.1110082493,1,0
0,0,-0.121216375,-0.3003338447,2,0
0,0,-0.2715241539,-1.503077789,2,0
0,0,-0.54833172,-2.768075661,1,0
0,0,-0.8968318597,-3.485001397,2,0
0,0,-1.416553004,-5.197211439,1,-1
1,1,-2.076583289,-6.600302855
0,0,0,0,1,0
0,0,0.00887609588,0.0887609588,0,0
0,0,0.1129235472,1.040474513,2,0
0,0,0.1460497531,0.3312620592,1,0
0,0,0.2184720818,0.7242232875,0,0
0,0,0.3989881129,1.805160311,2,0
0,0,0.559731638,1.60743525,0,0
0,0,0.8756913007,3.159596627,0,0
0,0,1.355839489,4.801481883,2,-1
1,1,1.954933945,5.990944559
0,0,0,0,1,0
0,0,-0.0004898195827,-0.004898195827,0,0
0,0,0.09065853668,0.9114835626,2,0
0,0,0.1162013492,0.2554281249,2,0
0,0,0.05990540996,-0.5629593921,2,0
0,0,-0.08130901873,-1.412144287,2,0
0,0,-0.3295407724,-2.482317536,2,0
0,0,-0.7080078362,-3.784670638,1,0
0,0,-1.188560062,-4.805522259,1,-1
1,1,-1.791923141,-6.033630785
0,0,0,0,2,0
0,0,-0.07429469063,-0.7429469063,0,0
0,0,-0.08934727609,-0.1505258546,1,0
0,0,-0.1109917478,-0.216444717,0,0
0,0,-0.06867439252,0.4231735527,1,0
0,0,-0.02981194613,0.3886244639,1,0
0,0,0.002179165417,0.3199111155,1,0
0,0,0.04253927318,0.4036010776,0,0
0,0,0.1652729531,1.227336799,1,0
0,0,0.300614983,1.353420299,0,0
0,0,0.5830723876,2.824574047,2,0
0,0,0.8758885337,2.928161461,2,0
0,0,1.235064147,3.591756129,1,-1
1,1,1.726197269,4.911331225
0,0,0,0,1,0
0,0,-0.01500214651,-0.1500214651,2,0
0,0,-0.1351100943,-1.201079478,0,0
0,0,-0.1926276641,-0.5751756981,1,0
0,0,-0.2827561814,-0.9012851735,1,0
0,0,-0.4154947098,-1.327385284,2,0
0,0,-0.7065195059,-2.91024796,0,0
0,0,-1.044904939,-3.383854328,2,0
0,0,-1.543935885,-4.990309458,0,-1
1,1,-2.187209558,-6.432736731
0,0,0,0,2,0
0,0,-0.102669318,-1.02669318,0,0
0,0,-0.1399371722,-0.3726785424,2,0
0,0,-0.2933101298,-1.533729576,0,0
0,0,-0.413194955,-1.198848252,2,0
0,0,-0.6691449797,-2.559500248,2,0
0,0,-1.076720013,-4.075750331,2,-1
1,1,-1.646036947,-5.693169339
0,0,0,0,0,0
0,0,0.09661091517,0.9661091517,1,0
0,0,0.1947950637,0.9818414855,2,0
0,0,0.233525295,0.3873023127,1,0
0,0,0.3029684751,0.6944318014,1,0
0,0,0.4296946087,1.267261336,0,0
0,0,0.7153262794,2.856316706,2,0
0,0,1.038193232,3.228669526,0,0
0,0,1.531527959,4.93334727,2,-1
1,1,2.167699808,6.361718489
0,0,0,0,2,0
0,0,-0.07897695935,-0.7897695935,0,0
0,0,-0.06850845556,0.1046850379,2,0
0,0,-0.1452256968,-0.7671724129,1,0
0,0,-0.2345690288,-0.8934333193,0,0
0,0,-0.2689547993,-0.3438577056,1,0
0,0,-0.3502567891,-0.8130198979,2,0
0,0,-0.5860747092,-2.3581792,0,0
0,0,-0.8416917757,-2.556170665,0,0
0,0,-1.160909597,-3.192178215,0,-1
1,1,-1.583624841,-4.227152443
0,0,0,0,1,0
0,0,0.005213271534,0.05213271534,0,0
0,0,0.1154904187,1.102771471,2,0
0,0,0.1474909149,0.3200049626,1,0
0,0,0.2156989646,0.6820804962,0,0
0,0,0.4227164498,2.070174852,2,0
0,0,0.6242638318,2.01547382,1,0
0,0,0.909667987,2.854041553,2,0
0,0,1.265904271,3.562362842,2,-1
1,1,1.737197621,4.712933494
0,0,0,0,2,0
0,0,-0.07719300988,-0.7719300988,0,0
0,0,-0.06441313361,0.1277987628,0,0
0,0,0.03162057228,0.9603370589,1,0
0,0,0.1194863126,0.8786574035,2,0
0,0,0.1514237389,0.3193742622,2,0
0,0,0.1165870398,-0.3483669905,1,0
0,0,0.09290750219,-0.2367953762,2,0
0,0,-0.002648174595,-0.9555567678,1,0
0,0,-0.1038736774,-1.012255028,1,0
0,0,-0.2355760336,-1.317023563,2,0
0,0,-0.4755165901,-2.399405564,1,0
0,0,-0.7935662394,-3.180496494,0,0
0,0,-1.154628126,-3.610618863,0,-1
1,1,-1.61434808,-4.597199546
0,0,0,0,0,0
0,0,0.07279503056,0.7279503056,0,0
0,0,0.2323718714,1.595768409,0,0
0,0,0.5220559933,2.896841219,2,0
0,0,0.8081172334,2.860612401,1,0
0,0,1.200905943,3.927887095,2,-1
1,1,1.701660958,5.007550148
0,0,0,0,0,0
0,0,0.1036125776,1.036125776,2,0
0,0,0.1319944663,0.2838188868,1,0
0,0,0.1704473722,0.384529059,1,0
0,0,0.2483794417,0.779320695,0,0
0,0,0.4601519833,2.117725416,2,0
0,0,0.6709056494,2.10753666,1,0
0,0,0.9872089502,3.163033008,1,0
0,0,1.424669138,4.374601881,1,-1
1,1,2.002097935,5.774287966
0,0,0,0,1,0
0,0,0.01700696859,0.1700696859,0,0
0,0,0.1261852903,1.091783217,0,0
0,0,0.3559634277,2.297781374,1,0
0,0,0.6325722454,2.766088177,0,0
0,0,1.079177702,4.466054566,1,-1
1,1,1.652232157,5.730544545
0,0,0,0,2,0
0,0,-0.09333962565,-0.9333962565,1,0
0,0,-0.1990347813,-1.056951557,2,0
0,0,-0.4389672156,-2.399324343,2,0
0,0,-0.8195527334,-3.805855178,0,0
0,0,-1.259942846,-4.403901125,1,-1
1,1,-1.834956739,-5.750138934
0,0,0,0,0,0
0,0,0.07802068016,0.7802068016,1,0
0,0,0.1608614672,0.8284078706,2,0
0,0,0.1763693911,0.1550792383,1,0
0,0,0.2168630608,0.4049366979,2,0
0,0,0.2160902322,-0.007728286431,2,0
0,0,0.179031466,-0.370587662,0,0
0,0,0.273038991,0.9400752498,0,0
0,0,0.5062510701,2.332120791,2,0
0,0,0.7459339825,2.396829123,2,0
0,0,1.032936715,2.870027324,2,0
0,0,1.399793418,3.668567034,1,-1
1,1,1.906316864,5.065234455
0,0,0,0,1,0
0,0,-0.01678993564,-0.1678993564,1,0
0,0,-0.04545678994,-0.286668543,2,0
0,0,-0.1776455398,-1.321887498,2,0
0,0,-0.4179694271,-2.403238874,2,0
0,0,-0.8109796969,-3.930102697,0,0
0,0,-1.248457885,-4.374781878,1,-1
1,1,-1.821031321,-5.725734367
0,0,0,0,2,0
0,0,-0.07532478538,-0.7532478538,2,0
0,0,-0.239321389,-1.639966036,0,0
0,0,-0.3664329695,-1.271115805,0,0
0,0,-0.482018568,-1.155855985,1,0
0,0,-0.6752036142,-1.931850462,1,0
0,0,-0.9651323397,-2.899287255,1,0
0,0,-1.381508865,-4.163765258,2,-1
1,1,-1.95208627,-5.705774048
0,0,0,0,1,0
0,0,-0.01278410905,-0.1278410905,0,0
0,0,0.05945113362,0.7223524267,0,0
0,0,0.2221529814,1.627018478,0,0
0,0,0.4961130601,2.739600786,2,0
0,0,0.782019907,2.859068469,2,0
0,0,1.106619129,3.245992218,0,-1
1,1,1.599995004,4.933758755
0,0,0,0,1,0
0,0,-0.01519988359,-0.1519988359,2,0
0,0,-0.126005337,-1.108054534,2,0
0,0,-0.3326113529,-2.066060158,1,0
0,0,-0.5956485364,-2.630371835,2,0
0,0,-1.007460882,-4.118123452,2,-1
1,1,-1.581065543,-5.736046616
0,0,0,0,2,0
0,0,-0.0837550258,-0.837550258,0,0
0,0,-0.08141868295,0.02336342851,0,0
0,0,-0.002581268059,0.7883741489,0,0
0,0,0.1627192936,1.653005617,1,0
0,0,0.3547101673,1.919908737,2,0
0,0,0.5372065873,1.8249642,2,0
0,0,0.7339733919,1.967668046,0,0
0,0,1.090588883,3.566154908,1,-1
1,1,1.57619835,4.856094675
0,0,0,0,0,0
0,0,0.07289039715,0.7289039715,1,0
0,0,0.1678097396,0.9491934243,2,0
0,0,0.1941827946,0.26373055,2,0
0,0,0.1694287524,-0.2475404217,0,0
0,0,0.2700919907,1.006632383,2,0
0,0,0.3402821728,0.7019018211,0,0
0,0,0.5549982562,2.147160834,1,0
0,0,0.8519371959,2.969389397,1,0
0,0,1.254161641,4.022244452,0,-1
1,1,1.81766273,5.635010884
0,0,0,0,1,0
0,0,-0.01618103608,-0.1618103608,2,0
0,0,-0.124155023,-1.07973987,2,0
0,0,-0.3462099081,-2.220548851,0,0
0,0,-0.5329448656,-1.867349575,2,0
0,0,-0.8708460739,-3.379012083,1,0
0,0,-1.329647591,-4.588015173,2,-1
1,1,-1.94330092,-6.136533291
0,0,0,0,1,0
0,0,0.003010030863,0.03010030863,0,0
0,0,0.09661034461,0.9360031375,2,0
0,0,0.1072571829,0.1064683824,0,0
0,0,0.2339850571,1.267278742,2,0
0,0,0.3001176652,0.661326081,0,0
0,0,0.4876728924,1.875552272,2,0
0,0,0.6802382446,1.925653522,1,0
0,0,0.9598983765,2.796601319,2,0
0,0,1.316796284,3.568979078,2,-1
1,1,1.791399551,4.74603267
0,0,0,0,0,0
0,0,0.08958737779,0.8958737779,1,0
0,0,0.2077362266,1.181488488,0,0
0,0,0.4485696333,2.408334067,1,0
0,0,0.7457615902,2.97191957,0,0
0,0,1.195447003,4.496854129,1,-1
1,1,1.77894,5.834929973
0,0,0,0,1,0
0,0,-0.009769579927,-0.09769579927,1,0
0,0,-0.03799728735,-0.2822770742,1,0
0,0,-0.08249817485,-0.445008875,0,0
0,0,-0.03779667852,0.4470149633,2,0
0,0,-0.07259422061,-0.3479754209,2,0
0,0,-0.2178160412,-1.452218206,1,0
0,0,-0.3881405567,-1.703245155,1,0
0,0,-0.6148208435,-2.266802868,0,0
0,0,-0.8675640305,-2.52743187,1,0
0,0,-1.234270244,-3.667062132,0,-1
1,1,-1.710873182,-4.766029379
0,0,0,0,2,0
0,0,-0.09065442851,-0.9065442851,0,0
0,0,-0.09401673441,-0.03362305901,1,0
0,0,-0.1146235734,-0.2060683897,1,0
0,0,-0.1554297942,-0.4080622082,1,0
0,0,-0.2376896622,-0.8225986799,0,0
0,0,-0.2721007478,-0.3441108562,0,0
0,0,-0.2536948227,0.1840592509,0,0
0,0,-0.2056897221,0.4800510065,0,0
0,0,-0.1203667552,0.8532296687,1,0
0,0,-0.07243766088,0.4792909432,1,0
0,0,-0.02801903164,0.4441862924,2,0
0,0,-0.0685729061,-0.4055387446,1,0
0,0,-0.1177178682,-0.4914496208,2,0
0,0,-0.2712564792,-1.53538611,1,0
0,0,-0.4562813428,-1.850248636,1,0
0,0,-0.6988185032,-2.425371605,1,0
0,0,-1.04683614,-3.480176367,1,0
0,0,-1.512511642,-4.656755017,0,-1
1,1,-2.118228598,-6.05716956
0,0,0,0,1,0
0,0,0.01263961937,0.1263961937,0,0
0,0,0.1307911288,1.181515094,0,0
0,0,0.3420761358,2.11285007,0,0
0,0,0.702728137,3.606520012,1,0
0,0,1.159669254,4.569411166,2,-1
1,1,1.710710076,5.510408222
0,0,0,0,2,0
0,0,-0.08831915681,-0.8831915681,0,0
0,0,-0.09397894413,-0.0565978732,2,0
0,0,-0.2094104508,-1.154315067,0,0
0,0,-0.2685828183,-0.5917236749,1,0
0,0,-0.3746285708,-1.060457524,1,0
0,0,-0.5565281739,-1.818996031,1,0
0,0,-0.8222260521,-2.656978782,1,0
0,0,-1.204827432,-3.826013795,1,-1
1,1,-1.722400052,-5.175726206
0,0,0,0,0,0
0,0,0.08835205755,0.8835205755,0,0
0,0,0.264766835,1.764147774,0,0
0,0,0.5653053797,3.005385448,0,0
0,0,1.030713613,4.654082331,2,0
0,0,1.568183775,5.374701623,2,-1
1,1,2.252379498,6.841957227
0,0,0,0,2,0
0,0,-0.1055535694,-1.055535694,1,0
0,0,-0.2215202991,-1.159667297,1,0
0,0,-0.3792617098,-1.577414107,2,0
0,0,-0.6936743651,-3.144126553,2,0
0,0,-1.173069186,-4.793948213,0,-1
1,1,-1.75130729,-5.782381037
0,0,0,0,1,0
0,0,-0.009386838715,-0.09386838715,2,0
0,0,-0.119946952,-1.105601133,0,0
0,0,-0.160157905,-0.4021095306,1,0
0,0,-0.235510007,-0.7535210195,2,0
0,0,-0.4186972552,-1.831872482,1,0
0,0,-0.6563477409,-2.376504858,1,0
0,0,-0.9781218625,-3.217741216,1,0
0,0,-1.423471923,-4.453500607,1,-1
1,1,-2.009327396,-5.858554727
0,0,0,0,1,0
0,0,-0.01665750783,-0.1665750783,0,0
0,0,0.04379615386,0.6045366169,2,0
0,0,0.01759211364,-0.2620404022,0,0
0,0,0.08912709499,0.7153498135,2,0
0,0,0.0839334568,-0.05193638188,0,0
0,0,0.1778617572,0.9392830044,2,0
0,0,0.2261037246,0.4824196737,0,0
0,0,0.3904695978,1.643658732,0,0
0,0,0.7018937794,3.114241816,0,0
0,0,1.173460982,4.715672024,0,-1
1,1,1.798732621,6.25271639
0,0,0,0,2,0
0,0,-0.08173262466,-0.8173262466,0,0
0,0,-0.08890813912,-0.07175514457,2,0
0,0,-0.187327918,-0.9841977889,2,0
0,0,-0.4161915204,-2.288636024,0,0
0,0,-0.6211022437,-2.049107233,0,0
0,0,-0.8446171952,-2.235149515,0,0
0,0,-1.121481967,-2.768647719,2,0
0,0,-1.56366631,-4.421843425,2,-1
1,1,-2.153199965,-5.895336556
0,0,0,0,2,0
0,0,-0.08544395645,-0.8544395645,1,0
0,0,-0.1831509649,-0.9770700847,1,0
0,0,-0.3286551112,-1.455041462,0,0
0,0,-0.436249356,-1.075942449,0,0
0,0,-0.5381724283,-1.019230723,1,0
0,0,-0.7135694848,-1.753970564,1,0
0,0,-1.003412748,-2.898432635,0,0
0,0,-1.381913193,-3.785004452,2,-1
1,1,-1.913732602,-5.318194089
0,0,0,0,1,0
0,0,-0.004269921352,-0.04269921352,1,0
0,0,-0.01649897242,-0.1222905106,2,0
0,0,-0.1257243327,-1.092253602,1,0
0,0,-0.2460297492,-1.203054166,2,0
0,0,-0.4929268869,-2.468971377,0,0
0,0,-0.7245544393,-2.316275524,2,0
0,0,-1.118889242,-3.943348029,1,-1
1,1,-1.641389631,-5.225003885
0,0,0,0,0,0
0,0,0.09833498753,0.9833498753,2,0
0,0,0.129249828,0.3091484048,2,0
0,0,0.1002002692,-0.2904955876,2,0
0,0,0.01288310925,-0.8731715999,0,0
0,0,0.02322449896,0.103413897,1,0
0,0,0.0211811363,-0.02043362659,2,0
0,0,-0.05884670923,-0.8002784553,0,0
0,0,-0.06456208169,-0.05715372456,0,0
0,0,-0.009697523728,0.5486455796,1,0
0,0,0.04834434621,0.5804186993,0,0
0,0,0.2183680945,1.700237483,2,0
0,0,0.32756853,1.092004355,0,0
0,0,0.5684870219,2.409184919,2,0
0,0,0.8251042275,2.566172056,0,0
0,0,1.24309911,4.179948826,0,-1
1,1,1.814260469,5.71161359
0,0,0,0,1,0
0,0,0.001867451206,0.01867451206,1,0
0,0,0.0002729106221,-0.01594540584,2,0
0,0,-0.07308781354,-0.7336072416,2,0
0,0,-0.2461382114,-1.730503979,1,0
0,0,-0.4497106862,-2.035724747,1,0
0,0,-0.7120352762,-2.623245901,1,0
0,0,-1.075843963,-3.638086863,1,0
0,0,-1.558158756,-4.823147934,2,-1
1,1,-2.187986476,-6.298277203
0,0,0,0,0,0
0,0,0.09598495013,0.9598495013,1,0
0,0,0.2078265749,1.118416247,2,0
0,0,0.2532860946,0.4545951974,2,0
0,0,0.2533940623,0.001079676594,2,0
0,0,0.2006599199,-0.5273414239,1,0
0,0,0.1716436799,-0.2901624001,0,0
0,0,0.2565217177,0.8487803784,0,0
0,0,0.4816917637,2.25170046,0,0
0,0,0.8623635431,3.806717793,2,0
0,0,1.305753716,4.433901725,1,-1
1,1,1.885983903,5.802301876
0,0,0,0,2,0
0,0,-0.08824509526,-0.8824509526,0,0
0,0,-0.1056543075,-0.1740921222,0,0
0,0,-0.05775459007,0.4789971742,0,0
0,0,0.06637359588,1.241281859,1,0
0,0,0.2144806904,1.481070945,1,0
0,0,0.3997598397,1.852791493,0,0
0,0,0.7201557734,3.203959337,2,0
0,0,1.068808146,3.486523722,1,0
0,0,1.535797941,4.669897951,0,-1
1,1,2.15091522,6.151172792
0,0,0,0,2,0
0,0,-0.08525384709,-0.8525384709,0,0
0,0,-0.1119731205,-0.2671927339,2,0
0,0,-0.2510602359,-1.390871155,0,0
0,0,-0.3609609959,-1.099007599,2,0
0,0,-0.6216253479,-2.60664352,2,0
0,0,-1.040011721,-4.183863729,1,-1
1,1,-1.57496,-5.349482795
0,0,0,0,2,0
0,0,-0.07651616587,-0.7651616587,0,0
0,0,-0.08300915195,-0.06492986082,0,0
0,0,-0.01574462928,0.6726452267,1,0
0,0,0.03363643418,0.4938106346,1,0
0,0,0.09647039311,0.6283395893,0,0
0,0,0.252188709,1.557183159,0,0
0,0,0.5395837635,2.873950545,2,0
0,0,0.8368900375,2.97306274,2,0
0,0,1.192424568,3.55534531,1,-1
1,1,1.685378999,4.929544303
0,0,0,0,1,0
0,0,0.002931734879,0.02931734879,1,0
0,0,0.0001320365894,-0.02799698289,0,0
0,0,0.06803920469,0.679071681,1,0
0,0,0.1482487363,0.8020953161,1,0
0,0,0.2514615657,1.032128294,1,0
0,0,0.4110629727,1.596014071,2,0
0,0,0.571113266,1.600502933,0,0
0,0,0.8862126229,3.150993569,1,0
0,0,1.313790107,4.275774839,2,-1
1,1,1.85925406,5.454639531
0,0,0,0,2,0
0,0,-0.09049831992,-0.9049831992,2,0
0,0,-0.2939792661,-2.034809462,2,0
0,0,-0.6255320939,-3.315528278,0,0
0,0,-0.9839059175,-3.583738236,1,0
0,0,-1.467940216,-4.840342982,0,-1
1,1,-2.087964408,-6.200241922
0,0,0,0,2,0
0,0,-0.08370224524,-0.8370224524,0,0
0,0,-0.08356921341,0.001330318344,2,0
0,0,-0.202688866,-1.191196526,0,0
0,0,-0.284230341,-0.8154147492,2,0
0,0,-0.4904363306,-2.062059897,1,0
0,0,-0.757844315,-2.674079843,0,0
0,0,-1.068854445,-3.110101296,1,0
0,0,-1.514086462,-4.452320175,0,-1
1,1,-2.099545731,-5.854592693
0,0,0,0,0,0
0,0,0.07655188883,0.7655188883,2,0
0,0,0.07431273146,-0.02239157371,2,0
0,0,0.01049629816,-0.638164333,0,0
0,0,0.03762812571,0.2713182755,0,0
0,0,0.1485597526,1.109316269,0,0
0,0,0.3794216077,2.308618551,1,0
0,0,0.6829928908,3.035712831,2,0
0,0,1.014345666,3.313527748,2,0
0,0,1.425198332,4.108526661,1,-1
1,1,1.978432067,5.532337357
0,0,0,0,2,0
0,0,-0.08123539754,-0.8123539754,2,0
0,0,-0.2730954117,-1.918600141,2,0
0,0,-0.6058215358,-3.327261241,0,0
0,0,-0.9534348641,-3.476133283,1,0
0,0,-1.415852181,-4.624173171,0,-1
1,1,-2.006397383,-5.905452014
0,0,0,0,2,0
0,0,-0.1049592635,-1.049592635,0,0
0,0,-0.147302967,-0.4234370356,2,0
0,0,-0.3165072764,-1.692043093,1,0
0,0,-0.5391187262,-2.226114499,1,0
0,0,-0.8404030444,-3.012843181,0,0
0,0,-1.204415929,-3.640128844,2,-1
1,1,-1.723705865,-5.192899361
0,0,0,0,0,0
0,0,0.09718567557,0.9718567557,1,0
0,0,0.1938632618,0.9667758625,1,0
0,0,0.3218451328,1.27981871,2,0
0,0,0.4311370197,1.092918869,0,0
0,0,0.6736858311,2.425488113,2,0
0,0,0.9584265625,2.847407314,2,0
0,0,1.314641431,3.562148683,2,-1
1,1,1.790903742,4.76262311
0,0,0,0,1,0
0,0,-0.00140223701,-0.0140223701,1,0
0,0,-0.003100597141,-0.01698360132,2,0
0,0,-0.07776779433,-0.7466719719,1,0
0,0,-0.1832384352,-1.054706409,2,0
0,0,-0.3899368216,-2.066983864,0,0
0,0,-0.5791343029,-1.891974813,2,0
0,0,-0.9297994908,-3.506651879,2,0
0,0,-1.448151856,-5.183523656,0,-1
1,1,-2.099454053,-6.513021968
0,0,0,0,2,0
0,0,-0.08717705405,-0.8717705405,1,0
0,0,-0.1794227062,-0.9224565212,1,0
0,0,-0.2923625662,-1.1293986,0,0
0,0,-0.3640661046,-0.7170353841,2,0
0,0,-0.5672860009,-2.032198963,1,0
0,0,-0.8592451491,-2.919591482,2,0
0,0,-1.325004815,-4.65759666,2,-1
1,1,-1.94261538,-6.176105648
0,0,0,0,2,0
0,0,-0.09450123038,-0.9450123038,1,0
0,0,-0.195269972,-1.007687416,0,0
0,0,-0.2576536922,-0.6238372015,0,0
0,0,-0.2731198414,-0.1546614922,0,0
0,0,-0.2582734207,0.1484642071,2,0
0,0,-0.3882661379,-1.299927172,1,0
0,0,-0.5743607556,-1.860946177,2,0
0,0,-0.9095563371,-3.351955815,2,0
0,0,-1.405360387,-4.958040502,0,-1
1,1,-2.029626705,-6.242663179
0,0,0,0,0,0
0,0,0.09135866347,0.9135866347,0,0
0,0,0.2856743157,1.943156522,0,0
0,0,0.6075845052,3.219101895,0,0
0,0,1.071815384,4.642308785,1,-1
1,1,1.654567062,5.827516784
0,0,0,0,2,0
0,0,-0.08565815339,-0.8565815339,0,0
0,0,-0.09682187857,-0.1116372518,0,0
0,0,-0.03279912249,0.6402275608,0,0
0,0,0.1198194419,1.526185644,0,0
0,0,0.3802121897,2.603927478,0,0
0,0,0.7902613105,4.100491208,1,0
0,0,1.293040313,5.027790027,2,-1
1,1,1.911620117,6.185798038
0,0,0,0,0,0
0,0,0.07252994384,0.7252994384,2,0
0,0,0.05219202112,-0.2033792272,1,0
0,0,0.05325272558,0.01060704458,1,0
0,0,0.0798820102,0.2662928462,0,0
0,0,0.2076723273,1.277903171,0,0
0,0,0.4459308891,2.382585618,0,0
0,0,0.8161486416,3.702177525,0,0
0,0,1.336429782,5.202811401,0,-1
1,1,2.008469841,6.72040059
0,0,0,0,1,0
0,0,0.01201321731,0.1201321731,0,0
0,0,0.1212128142,1.091995969,1,0
0,0,0.2644805572,1.43267743,1,0
0,0,0.4362388776,1.717583204,0,0
0,0,0.7395551833,3.033163057,0,0
0,0,1.208750252,4.691950683,2,-1
1,1,1.783189746,5.744394948
0,0,0,0,1,0
0,0,-0.006401782399,-0.06401782399,0,0
0,0,0.06578583181,0.7218761421,0,0
0,0,0.2347902237,1.690043919,0,0
0,0,0.5166934689,2.819032451,0,0
0,0,0.9424569615,4.257634927,2,0
0,0,1.428833701,4.86376739,2,-1
1,1,2.043527527,6.146938267
0,0,0,0,2,0
0,0,-0.08443249769,-0.8443249769,0,0
0,0,-0.1116313519,-0.271988542,0,0
0,0,-0.07111757529,0.405137766,2,0
0,0,-0.1145474022,-0.4342982693,1,0
0,0,-0.1674326814,-0.5288527914,1,0
0,0,-0.2472843653,-0.7985168396,2,0
0,0,-0.442281196,-1.949968306,1,0
0,0,-0.7135609272,-2.712797312,0,0
0,0,-1.019235929,-3.056750017,0,0
0,0,-1.408547151,-3.893112219,1,-1
1,1,-1.939978106,-5.314309554
0,0,0,0,1,0
0,0,-0.007285862227,-0.07285862227,1,0
0,0,-0.005664585276,0.01621276951,1,0
0,0,-0.01398910972,-0.08324524448,1,0
0,0,-0.01214959141,0.01839518312,2,0
0,0,-0.1154040734,-1.03254482,2,0
0,0,-0.338303067,-2.228989935,1,0
0,0,-0.6186034083,-2.803003414,1,0
0,0,-0.9992080891,-3.806046807,1,0
0,0,-1.501536483,-5.023283938,1,-1
1,1,-2.1478082,-6.462717173
0,0,0,0,1,0
0,0,-0.01461624301,-0.1461624301,2,0
0,0,-0.1372806701,-1.226644271,2,0
0,0,-0.3790983021,-2.41817632,1,0
0,0,-0.6766787517,-2.975804496,0,0
0,0,-1.007362486,-3.306837345,2,0
0,0,-1.494199233,-4.868367468,0,-1
1,1,-2.118498621,-6.242993882
0,0,0,0,2,0
0,0,-0.09299685314,-0.9299685314,1,0
0,0,-0.2132428143,-1.202459612,2,0
0,0,-0.4382967708,-2.250539565,2,0
0,0,-0.8019321019,-3.636353311,2,0
0,0,-1.333999217,-5.320671147,0,-1
1,1,-1.982449713,-6.48450496
0,0,0,0,1,0
0,0,0.01097498512,0.1097498512,2,0
0,0,-0.07280969158,-0.837846767,1,0
0,0,-0.1786585761,-1.058488846,2,0
0,0,-0.3958806727,-2.172220965,0,0
0,0,-0.5855242445,-1.896435719,0,0
0,0,-0.7896315299,-2.041072853,0,0
0,0,-1.038660771,-2.49029241,1,0
0,0,-1.416861425,-3.782006542,1,-1
1,1,-1.93768719,-5.208257652
0,0,0,0,0,0
0,0,0.0979672525,0.979672525,0,0
0,0,0.2873608747,1.893936222,0,0
0,0,0.6050648734,3.177039987,2,0
0,0,0.9388795288,3.338146554,0,0
0,0,1.427480817,4.88601288,2,-1
1,1,2.045202227,6.1772141
0,0,0,0,1,0
0,0,-0.007238898636,-0.07238898636,2,0
0,0,-0.1036115923,-0.9637269366,2,0
0,0,-0.3102951402,-2.06683548,2,0
0,0,-0.6502138339,-3.399186937,1,0
0,0,-1.070393013,-4.201791792,1,-1
1,1,-1.609749084,-5.39356071
0,0,0,0,1,0
0,0,0.00810967528,0.0810967528,1,0
0,0,0.002409082955,-0.05700592325,1,0
0,0,0.008511294566,0.0610221161,0,0
0,0,0.09341583423,0.8490453967,2,0
0,0,0.1191591642,0.2574333001,1,0
0,0,0.1636734648,0.445143006,0,0
0,0,0.3198301857,1.561567208,0,0
0,0,0.6065206032,2.866904175,1,0
0,0,0.9718790204,3.653584172,0,0
0,0,1.492956273,5.21077253,0,-1
1,1,2.16317502,6.702187466
0,0,0,0,0,0
0,0,0.1019462883,1.019462883,2,0
0,0,0.1242165617,0.2227027342,1,0
0,0,0.1590302792,0.3481371755,1,0
0,0,0.2067421543,0.4771187511,0,0
0,0,0.3722392758,1.654971215,2,0
0,0,0.5069647729,1.34725497,1,0
0,0,0.7139677921,2.070030192,2,0
0,0,0.9520979526,2.381301605,2,0
0,0,1.260252313,3.081543608,2,-1
1,1,1.678425709,4.181733959
0,0,0,0,1,0
0,0,0.01386735344,0.1386735344,0,0
0,0,0.1158292308,1.019618773,1,0
0,0,0.2373065814,1.214773506,2,0
0,0,0.3075269444,0.7022036304,2,0
0,0,0.3625361156,0.5500917121,0,0
0,0,0.5690258957,2.0648978,2,0
0,0,0.7858728783,2.168469826,0,0
0,0,1.166631997,3.807591189,0,-1
1,1,1.702537841,5.359058437
0,0,0,0,2,0
0,0,-0.1002133899,-1.002133899,1,0
0,0,-0.2091704628,-1.089570728,1,0
0,0,-0.3623778366,-1.532073738,2,0
0,0,-0.6672176582,-3.048398217,2,0
0,0,-1.123702107,-4.564844488,2,-1
1,1,-1.742186052,-6.184839448
0,0,0,0,1,0
0,0,0.0123345127,0.123345127,2,0
0,0,-0.04546528684,-0.5779979954,2,0
0,0,-0.1906748086,-1.452095217,1,0
0,0,-0.3776214476,-1.869466391,1,0
0,0,-0.6120230016,-2.34401554,1,0
0,0,-0.936948279,-3.249252774,2,0
0,0,-1.434505764,-4.975574847,0,-1
1,1,-2.064884376,-6.303786126
0,0,0,0,1,0
0,0,0.01196859654,0.1196859654,1,0
0,0,0.0256209848,0.1365238825,2,0
0,0,-0.04080341321,-0.6642439801,0,0
0,0,-0.02727365336,0.1352975985,2,0
0,0,-0.08912797886,-0.618543255,0,0
0,0,-0.07045178753,0.1867619133,1,0
0,0,-0.06180167042,0.08650117108,2,0
0,0,-0.135606077,-0.7380440657,0,0
0,0,-0.1309456558,0.04660421144,2,0
0,0,-0.2191914191,-0.8824576328,1,0
0,0,-0.3534390324,-1.342476133,2,0
0,0,-0.6120278871,-2.585888547,0,0
0,0,-0.8953863469,-2.833584597,2,0
0,0,-1.341994574,-4.466082272,1,-1
1,1,-1.929213277,-5.872187033
0,0,0,0,1,0
0,0,-0.002434010169,-0.02434010169,2,0
0,0,-0.08616308724,-0.8372907707,1,0
0,0,-0.1716087136,-0.8544562633,0,0
0,0,-0.2103704264,-0.3876171282,0,0
0,0,-0.2090611192,0.01309307141,2,0
0,0,-0.3175305152,-1.084693959,2,0
0,0,-0.5721999471,-2.546694319,2,0
0,0,-0.9758726576,-4.036727105,1,0
0,0,-1.493784265,-5.179116073,2,-1
1,1,-2.160328663,-6.66544398
0,0,0,0,0,0
0,0,0.0805012986,0.805012986,1,0
0,0,0.1665618632,0.8606056464,0,0
0,0,0.3775269718,2.109651085,2,0
0,0,0.5681053032,1.905783314,1,0
0,0,0.8490780918,2.809727887,0,0
0,0,1.290688841,4.416107495,0,-1
1,1,1.888150728,5.974618865
0,0,0,0,2,0
0,0,-0.07768641024,-0.7768641024,2,0
0,0,-0.2490671855,-1.713807753,1,0
0,0,-0.4728947617,-2.238275761,0,0
0,0,-0.7061714886,-2.332767269,1,0
0,0,-1.046499966,-3.403284773,0,0
0,0,-1.474848072,-4.283481062,2,-1
1,1,-2.054915459,-5.800673867
0,0,0,0,1,0
0,0,0.001208677743,0.01208677743,2,0
0,0,-0.08328710146,-0.844957792,2,0
0,0,-0.2757268615,-1.924397601,2,0
0,0,-0.5906971091,-3.149702475,1,0
0,0,-0.9867964553,-3.960993462,1,0
0,0,-1.500993528,-5.141970731,2,-1
1,1,-2.164964719,-6.63971191
0,0,0,0,0,0
0,0,0.1024126244,1.024126244,1,0
0,0,0.2178215761,1.154089517,0,0
0,0,0.4512463981,2.33424822,0,0
0,0,0.8348913544,3.836449562,1,0
0,0,1.313533243,4.786418888,2,-1
1,1,1.911547653,5.980144094
0,0,0,0,1,0
0,0,-0.01575103106,-0.1575103106,2,0
0,0,-0.1122458875,-0.9649485642,0,0
0,0,-0.12546737,-0.1322148247,0,0
0,0,-0.06067251303,0.6479485692,1,0
0,0,0.007498539754,0.6817105278,2,0
0,0,-0.02076930601,-0.2826784576,1,0
0,0,-0.05055625071,-0.2978694471,2,0
0,0,-0.1732585132,-1.227022625,1,0
0,0,-0.3162122529,-1.429537397,1,0
0,0,-0.5216755034,-2.054632505,0,0
0,0,-0.7443481049,-2.226726015,0,0
0,0,-1.021118911,-2.767708059,2,0
0,0,-1.46950656,-4.483876496,2,-1
1,1,-2.070367847,-6.008612861
0,0,0,0,1,0
0,0,-0.01082155177,-0.1082155177,0,0
0,0,0.05371706005,0.6453861181,2,0
0,0,0.02668565453,-0.2703140551,0,0
0,0,0.1098157046,0.8313005012,1,0
0,0,0.2106667006,1.00850996,1,0
0,0,0.357798925,1.471322244,0,0
0,0,0.6461301035,2.883311785,1,0
0,0,1.015753193,3.696230899,2,0
0,0,1.457478326,4.417251325,2,-1
1,1,2.035153552,5.77675226
0,0,0,0,1,0
0,0,0.01024253117,0.1024253117,0,0
0,0,0.1014787248,0.9123619365,0,0
0,0,0.3141900936,2.127113688,1,0
0,0,0.5774173732,2.632272795,2,0
0,0,0.8542254344,2.768080612,2,0
0,0,1.188881387,3.346559524,2,-1
1,1,1.622714249,4.338328626
0,0,0,0,1,0
0,0,-0.004151366233,-0.04151366233,2,0
0,0,-0.08199029816,-0.7783893193,0,0
0,0,-0.08711948119,-0.05129183028,1,0
0,0,-0.1079231785,-0.2080369727,1,0
0,0,-0.1626140061,-0.546908276,2,0
0,0,-0.3330662328,-1.704522267,0,0
0,0,-0.4664966645,-1.334304317,0,0
0,0,-0.5874068776,-1.209102131,2,0
0,0,-0.8732114234,-2.858045458,2,0
0,0,-1.325958417,-4.527469938,1,-1
1,1,-1.914681906,-5.88723489
0,0,0,0,1,0
0,0,0.0131163713,0.131163713,2,0
0,0,-0.05950436835,-0.7262073964,1,0
0,0,-0.1315292719,-0.7202490352,1,0
0,0,-0.2386385324,-1.071092605,2,0
0,0,-0.4859715901,-2.473330578,1,0
0,0,-0.8066578534,-3.206862633,2,0
0,0,-1.28945691,-4.827990562,2,-1
1,1,-1.926867121,-6.374102113
0,0,0,0,2,0
0,0,-0.08466910536,-0.8466910536,0,0
0,0,-0.09610066193,-0.1143155657,0,0
0,0,-0.02985449114,0.6624617078,2,0
0,0,-0.07050988735,-0.4065539621,2,0
0,0,-0.2068937551,-1.363838678,0,0
0,0,-0.3025389986,-0.9564524343,0,0
0,0,-0.3792563253,-0.7671732676,0,0
0,0,-0.435311677,-0.5605535172,0,0
0,0,-0.4699902656,-0.3467858854,0,0
0,0,-0.5192766889,-0.4928642329,0,0
0,0,-0.566673894,-0.4739720513,0,0
0,0,-0.6442499785,-0.7757608451,1,0
0,0,-0.8270656594,-1.828156809,0,0
0,0,-1.070755481,-2.436898213,1,0
0,0,-1.447459198,-3.767037171,0,-1
1,1,-1.958165163,-5.107059652
0,0,0,0,2,0
0,0,-0.07060559849,-0.7060559849,0,0
0,0,-0.07172341234,-0.01117813852,0,0
0,0,0.01842360481,0.9014701715,2,0
0,0,0.03985342997,0.2142982516,0,0
0,0,0.1652081406,1.253547106,1,0
0,0,0.3341892048,1.689810642,0,0
0,0,0.6309353595,2.967461548,2,0
0,0,0.9433812533,3.124458937,1,0
0,0,1.380300193,4.369189402,2,-1
1,1,1.941120294,5.608201001
0,0,0,0,0,0
0,0,0.07857839985,0.7857839985,1,0
0,0,0.1752344426,0.9665604273,2,0
0,0,0.213643794,0.3840935141,1,0
0,0,0.3052190027,0.9157520874,2,0
0,0,0.3550693023,0.4985029961,0,0
0,0,0.552530179,1.974608767,1,0
0,0,0.8196830501,2.671528711,1,0
0,0,1.191549443,3.71866393,1,-1
1,1,1.700318317,5.087688738
0,0,0,0,2,0
0,0,-0.1016064689,-1.016064689,1,0
0,0,-0.2143409169,-1.12734448,0,0
0,0,-0.2646765356,-0.5033561866,0,0
0,0,-0.279573784,-0.148972484,2,0
0,0,-0.4154083733,-1.358345893,1,0
0,0,-0.6106454261,-1.952370528,1,0
0,0,-0.909493594,-2.988481679,2,0
0,0,-1.381767574,-4.722739801,2,-1
1,1,-2.009399893,-6.276323189
0,0,0,0,0,0
0,0,0.09394371688,0.9394371688,2,0
0,0,0.1251159194,0.3117220256,2,0
0,0,0.08003602529,-0.4507989415,0,0
0,0,0.1413029546,0.6126692927,0,0
0,0,0.3131954072,1.718924526,0,0
0,0,0.6317349155,3.185395083,2,0
0,0,0.9677626373,3.360277218,1,0
0,0,1.421756271,4.539936336,0,-1
1,1,2.027327669,6.05571398
0,0,0,0,0,0
0,0,0.1009613514,1.009613514,2,0
0,0,0.1181438313,0.1718247989,2,0
0,0,0.07243678103,-0.4570705023,1,0
0,0,0.03317721475,-0.3925956627,1,0
0,0,-0.004989944942,-0.381671597,2,0
0,0,-0.1275381794,-1.225482345,2,0
0,0,-0.3474178182,-2.198796388,0,0
0,0,-0.5285186643,-1.811008461,0,0
0,0,-0.7123350814,-1.838164171,2,0
0,0,-1.05813266,-3.457975783,2,-1
1,1,-1.574648137,-5.165154775
0,0,0,0,0,0
0,0,0.09845912109,0.9845912109,0,0
0,0,0.2876831836,1.892240625,2,0
0,0,0.45185499,1.641718064,1,0
0,0,0.6802057331,2.283507431,0,0
0,0,1.06387524,3.836695064,2,0
0,0,1.53712129,4.732460509,1,-1
1,1,2.156376989,6.192556985
0,0,0,0,2,0
0,0,-0.08597374925,-0.8597374925,2,0
0,0,-0.2838681593,-1.9789441,0,0
0,0,-0.4512460508,-1.673778915,2,0
0,0,-0.7705619696,-3.193159188,2,0
0,0,-1.240789982,-4.702280123,1,-1
1,1,-1.843977388,-6.031874064
0,0,0,0,2,0
0,0,-0.08135498742,-0.8135498742,0,0
0,0,-0.07191133446,0.09443652955,0,0
0,0,0.01870602416,0.9061735863,0,0
0,0,0.18837171,1.696656858,0,0
0,0,0.4767115737,2.883398637,1,0
0,0,0.8342936685,3.575820948,0,0
0,0,1.360280623,5.259869542,1,-1
1,1,2.025287238,6.650066155
0,0,0,0,1,0
0,0,-0.004590470269,-0.04590470269,2,0
0,0,-0.08921467374,-0.8462420347,0,0
0,0,-0.1029481708,-0.1373349706,1,0
0,0,-0.136474428,-0.335262572,0,0
0,0,-0.1170282795,0.1944614845,1,0
0,0,-0.12967255,-0.1264427049,2,0
0,0,-0.2570247159,-1.273521659,1,0
0,0,-0.4361874886,-1.791627727,0,0
0,0,-0.6077999852,-1.716124966,1,0
0,0,-0.88150207,-2.737020848,1,0
0,0,-1.26202132,-3.8051925,2,-1
1,1,-1.797097613,-5.350762935
0,0,0,0,1,0
0,0,0.009771984961,0.09771984961,1,0
0,0,0.02446966354,0.1469767858,0,0
0,0,0.141304128,1.168344644,2,0
0,0,0.1987523606,0.5744823264,0,0
0,0,0.3910189681,1.922666075,0,0
0,0,0.7103872211,3.19368253,2,0
0,0,1.057158848,3.467716273,1,0
0,0,1.527051542,4.698926934,1,-1
1,1,2.142141251,6.150897094
0,0,0,0,0,0
0,0,0.0988442876,0.988442876,2,0
0,0,0.112665634,0.1382134641,0,0
0,0,0.2288107281,1.161450941,0,0
0,0,0.4824290321,2.53618304,1,0
0,0,0.8208292732,3.38400241,1,0
0,0,1.260752733,4.399234595,1,-1
1,1,1.832137089,5.713843565
0,0,0,0,1,0
0,0,0.004515194039,0.04515194039,0,0
0,0,0.1079862978,1.034711038,0,0
0,0,0.3082710671,2.002847692,0,0
0,0,0.6570786198,3.488075528,1,0
0,0,1.091105613,4.340269934,2,-1
1,1,1.60518416,5.140785463
0,0,0,0,2,0
0,0,-0.1023187649,-1.023187649,0,0
0,0,-0.1409430552,-0.3862429035,1,0
0,0,-0.1986321831,-0.5768912784,2,0
0,0,-0.3681099966,-1.694778135,1,0
0,0,-0.6102817667,-2.421717701,2,0
0,0,-1.008101815,-3.978200487,2,0
0,0,-1.561175493,-5.530736771,0,-1
1,1,-2.259966857,-6.987913642
0,0,0,0,0,0
0,0,0.08200581088,0.8200581088,0,0
0,0,0.2500050203,1.679992094,2,0
0,0,0.3620270473,1.120220271,0,0
0,0,0.6069508224,2.449237751,0,0
0,0,1.015522616,4.085717935,1,0
0,0,1.546325817,5.308032007,2,-1
1,1,2.221594108,6.752682915
0,0,0,0,0,0
0,0,0.07911235183,0.7911235183,2,0
0,0,0.09202133204,0.1290898021,1,0
0,0,0.1178753976,0.2585406553,2,0
0,0,0.07704931996,-0.4082607761,1,0
0,0,0.0612959928,-0.1575332716,1,0
0,0,0.05031807705,-0.1097791575,1,0
0,0,0.03638652574,-0.1393155131,1,0
0,0,0.03965199877,0.03265473028,0,0
0,0,0.1414649938,1.01812995,2,0
0,0,0.1831619553,0.4169696147,2,0
0,0,0.1526411888,-0.3052076651,2,0
0,0,0.05341453695,-0.9922665184,0,0
0,0,0.05821505408,0.04800517134,0,0
0,0,0.1651744045,1.069593505,1,0
0,0,0.3086261935,1.43451789,2,0
0,0,0.4261145653,1.174883717,2,0
0,0,0.5323181197,1.062035544,1,0
0,0,0.7177813667,1.854632471,1,0
0,0,1.013747788,2.959664211,0,0
0,0,1.467133736,4.533859485,0,-1
1,1,2.071546128,6.044123913
0,0,0,0,2,0
0,0,-0.07616963501,-0.7616963501,0,0
0,0,-0.08392916768,-0.07759532668,0,0
0,0,-0.01041665965,0.7351250802,1,0
0,0,0.06786417939,0.7828083904,2,0
0,0,0.07387153049,0.06007351105,2,0
0,0,-0.00460663665,-0.7847816714,2,0
0,0,-0.1764075465,-1.718009099,1,0
0,0,-0.3889180856,-2.125105391,1,0
0,0,-0.6575195587,-2.686014731,1,0
0,0,-1.026651113,-3.691315544,1,0
0,0,-1.518184777,-4.915336643,2,-1
1,1,-2.158515426,-6.403306489
0,0,0,0,0,0
0,0,0.09152753994,0.9152753994,0,0
0,0,0.3009512943,2.094237543,1,0
0,0,0.5730297885,2.720784942,1,0
0,0,0.9424295704,3.693997819,0,0
0,0,1.466705377,5.242758061,2,-1
1,1,2.126516698,6.598113218
0,0,0,0,1,0
0,0,-0.00400131312,-0.0400131312,2,0
0,0,-0.09884027858,-0.9483896546,2,0
0,0,-0.2940344139,-1.951941353,1,0
0,0,-0.5355369262,-2.415025123,2,0
0,0,-0.9185746039,-3.830376777,2,0
0,0,-1.471307902,-5.527332986,0,-1
1,1,-2.158831919,-6.875240165
0,0,0,0,2,0
0,0,-0.08990678211,-0.8990678211,1,0
0,0,-0.1892710088,-0.9936422667,2,0
0,0,-0.4207922336,-2.315212248,1,0
0,0,-0.7083352761,-2.875430426,0,0
0,0,-1.025491376,-3.171560994,2,0
0,0,-1.507749212,-4.822578365,0,-1
1,1,-2.128937667,-6.211884551
0,0,0,0,0,0
0,0,0.07410872936,0.7410872936,1,0
0,0,0.1463093938,0.7220066442,1,0
0,0,0.2433854619,0.9707606816,1,0
0,0,0.397502557,1.541170951,2,0
0,0,0.5416487116,1.441461545,2,0
0,0,0.6955492237,1.539005122,1,0
0,0,0.9417669536,2.462177299,0,0
0,0,1.349548843,4.077818889,1,-1
1,1,1.895508107,5.459592646
0,0,0,0,2,0
0,0,-0.1025973323,-1.025973323,1,0
0,0,-0.2353300455,-1.327327132,0,0
0,0,-0.3127916754,-0.7746162985,2,0
0,0,-0.5198567984,-2.070651231,0,0
0,0,-0.7413163442,-2.214595458,0,0
0,0,-1.006264929,-2.64948585,2,0
0,0,-1.437406971,-4.31142042,1,-1
1,1,-2.009333154,-5.719261827
0,0,0,0,0,0
0,0,0.09374080716,0.9374080716,2,0
0,0,0.1317348613,0.3799405413,0,0
0,0,0.2834398992,1.517050379,1,0
0,0,0.4869012077,2.034613085,0,0
0,0,0.8276125743,3.407113666,2,0
0,0,1.217829501,3.902169265,0,-1
1,1,1.768539598,5.507100967
0,0,0,0,2,0
0,0,-0.1057054585,-1.057054585,0,0
0,0,-0.1472773265,-0.41571868,1,0
0,0,-0.2129605401,-0.6568321364,2,0
0,0,-0.4121679197,-1.992073796,2,0
0,0,-0.7609328388,-3.487649191,1,0
0,0,-1.202030962,-4.410981232,1,-1
1,1,-1.774491181,-5.724602191
0,0,0,0,0,0
0,0,0.08536253029,0.8536253029,2,0
0,0,0.1097806771,0.2441814681,2,0
0,0,0.07224818477,-0.3753249234,0,0
0,0,0.1180732375,0.4582505277,2,0
0,0,0.1136891885,-0.04384049044,2,0
0,0,0.05228447486,-0.6140471363,2,0
0,0,-0.09423924958,-1.465237244,2,0
0,0,-0.3596639506,-2.654247011,1,0
0,0,-0.6720343811,-3.123704305,2,0
0,0,-1.152625926,-4.805915453,2,-1
1,1,-1.787333168,-6.347072417
0,0,0,0,2,0
0,0,-0.0891126658,-0.891126658,1,0
0,0,-0.1831505372,-0.9403787141,2,0
0,0,-0.3828154463,-1.99664909,0,0
0,0,-0.5480404127,-1.652249664,2,0
0,0,-0.8687447588,-3.207043461,1,0
0,0,-1.297771945,-4.290271863,0,-1
1,1,-1.846000373,-5.482284276
0,0,0,0,2,0
0,0,-0.1045880558,-1.045880558,0,0
0,0,-0.1533342925,-0.4874623672,2,0
0,0,-0.316151628,-1.628173355,1,0
0,0,-0.5219509448,-2.057993168,2,0
0,0,-0.886702522,-3.647515771,2,0
0,0,-1.416494148,-5.297916259,1,-1
1,1,-2.085027302,-6.685331538
0,0,0,0,0,0
0,0,0.08298152388,0.8298152388,2,0
0,0,0.09760867351,0.1462714964,1,0
0,0,0.1431209712,0.4551229766,2,0
0,0,0.1206788111,-0.2244216006,2,0
0,0,0.04262468817,-0.7805412294,1,0
0,0,-0.04571717275,-0.8834186092,0,0
0,0,-0.05584036273,-0.1012318998,2,0
0,0,-0.1769869363,-1.211465735,1,0
0,0,-0.3424815705,-1.654946343,1,0
0,0,-0.5730147071,-2.305331366,1,0
0,0,-0.8971326282,-3.241179211,2,0
0,0,-1.388674292,-4.915416637,0,-1
1,1,-2.002857957,-6.141836651
0,0,0,0,2,0
0,0,-0.07455335232,-0.7455335232,2,0
0,0,-0.2368684811,-1.623151288,0,0
0,0,-0.3400334564,-1.031649753,1,0
0,0,-0.49129124,-1.512577836,1,0
0,0,-0.7307805777,-2.394893377,1,0
0,0,-1.078416949,-3.476363716,0,0
0,0,-1.521253122,-4.428361728,1,-1
1,1,-2.109086937,-5.878338144
0,0,0,0,0,0
0,0,0.08526974144,0.8526974144,2,0
0,0,0.09040720622,0.0513746478,2,0
0,0,0.02184658167,-0.6856062454,2,0
0,0,-0.116818447,-1.386650286,1,0
0,0,-0.2918553846,-1.750369376,1,0
0,0,-0.5146280864,-2.227727019,2,0
0,0,-0.8774072874,-3.62779201,0,0
0,0,-1.304296377,-4.268890895,0,-1
1,1,-1.847580651,-5.432842745
0,0,0,0,0,0
0,0,0.08642144554,0.8642144554,2,0
0,0,0.100631048,0.1420960241,2,0
0,0,0.03229721739,-0.6833383056,0,0
0,0,0.04359095861,0.1129374122,1,0
0,0,0.0788497559,0.352587973,1,0
0,0,0.1267239588,0.4787420293,1,0
0,0,0.1839101453,0.5718618642,0,0
0,0,0.3453320341,1.614218889,1,0
0,0,0.5526205223,2.072884882,0,0
0,0,0.9177886982,3.651681758,0,0
0,0,1.452672009,5.348833108,1,-1
1,1,2.127656923,6.749849142
0,0,0,0,2,0
0,0,-0.08158924066,-0.8158924066,1,0
0,0,-0.1908651022,-1.092758615,0,0
0,0,-0.2556826152,-0.6481751301,2,0
0,0,-0.441997622,-1.863150068,1,0
0,0,-0.7114382759,-2.694406539,0,0
0,0,-1.022472984,-3.110347078,0,0
0,0,-1.421507887,-3.990349036,1,-1
1,1,-1.961080604,-5.395727164
0,0,0,0,1,0
0,0,0.01190110231,0.1190110231,0,0
0,0,0.1000136452,0.8811254289,0,0
0,0,0.2916916491,1.916780039,0,0
0,0,0.6277554204,3.360637713,2,0
0,0,0.9777112854,3.49955865,2,0
0,0,1.404098136,4.263868506,2,-1
1,1,1.958744128,5.546459919
0,0,0,0,1,0
0,0,0.01710383765,0.1710383765,0,0
0,0,0.1274075645,1.103037268,1,0
0,0,0.2625435611,1.351359966,1,0
0,0,0.4497411531,1.871975919,1,0
0,0,0.7201355873,2.703944342,1,0
0,0,1.102682412,3.825468249,0,-1
1,1,1.647835239,5.451528266
0,0,0,0,0,0
0,0,0.1021962202,1.021962202,2,0
0,0,0.1379257225,0.3572950234,0,0
0,0,0.2901476333,1.522219108,1,0
0,0,0.4808462403,1.906986071,0,0
0,0,0.8326952364,3.51848996,2,0
0,0,1.232850186,4.001549494,0,-1
1,1,1.795130929,5.622807437
0,0,0,0,0,0
0,0,0.09969929091,0.9969929091,0,0
0,0,0.2977903211,1.980910302,1,0
0,0,0.540725788,2.429354669,1,0
0,0,0.854856945,3.14131157,1,0
0,0,1.272213844,4.173568993,1,-1
1,1,1.824675021,5.524611767
0,0,0,0,0,0
0,0,0.0883572838,0.883572838,1,0
0,0,0.1973677171,1.090104333,2,0
0,0,0.2376214924,0.4025377526,1,0
0,0,0.3053791272,0.6775763481,1,0
0,0,0.4182179138,1.128387866,1,0
0,0,0.6061519714,1.879340576,2,0
0,0,0.8209381502,2.147861789,1,0
0,0,1.141327014,3.203888639,2,0
0,0,1.55458772,4.132607055,2,-1
1,1,2.112979317,5.583915969
0,0,0,0,0,0
0,0,0.09955409667,0.9955409667,2,0
0,0,0.1296053808,0.3005128417,1,0
0,0,0.1675985945,0.3799321368,1,0
0,0,0.2251501731,0.5755157855,1,0
0,0,0.3044429162,0.7929274308,0,0
0,0,0.5262955345,2.218526183,1,0
0,0,0.8232585952,2.969630607,0,0
0,0,1.293431419,4.70172824,0,-1
1,1,1.919905677,6.264742577
0,0,0,0,2,0
0,0,-0.1016139186,-1.016139186,0,0
0,0,-0.1390340315,-0.3742011283,0,0
0,0,-0.1136272597,0.2540677177,0,0
0,0,-0.008228524984,1.053987347,2,0
0,0,0.02437376848,0.3260229347,2,0
0,0,-0.02358677389,-0.4796054237,1,0
0,0,-0.0877948518,-0.6420807792,2,0
0,0,-0.2548518558,-1.67057004,2,0
0,0,-0.5422150913,-2.873632354,1,0
0,0,-0.9091836236,-3.669685324,0,0
0,0,-1.341357018,-4.321733948,0,-1
1,1,-1.895370824,-5.540138053
0,0,0,0,1,0
0,0,0.00754874124,0.0754874124,0,0
0,0,0.1073212895,0.9977254824,0,0
0,0,0.3246400557,2.173187662,2,0
0,0,0.5231710843,1.985310287,2,0
0,0,0.7312813382,2.081102538,2,0
0,0,0.979219823,2.479384848,2,0
0,0,1.310583694,3.313638713,0,-1
1,1,1.800155248,4.895715535
0,0,0,0,0,0
0,0,0.1038104406,1.038104406,0,0
0,0,0.3100773486,2.062669079,1,0
0,0,0.5601129412,2.500355926,0,0
0,0,0.9646617552,4.045488141,0,0
0,0,1.529593734,5.649319791,2,-1
1,1,2.236077133,7.064833982
0,0,0,0,0,0
0,0,0.07266299951,0.7266299951,0,0
0,0,0.2388651413,1.662021418,2,0
0,0,0.3715638863,1.32698745,0,0
0,0,0.6592710766,2.877071903,1,0
0,0,1.046742233,3.874711561,1,0
0,0,1.562750915,5.160086825,2,-1
1,1,2.224825121,6.62074206
0,0,0,0,2,0
0,0,-0.1030601463,-1.030601463,0,0
0,0,-0.1194480459,-0.1638789959,2,0
0,0,-0.2550058728,-1.355578269,2,0
0,0,-0.5030376414,-2.480317686,2,0
0,0,-0.8945751784,-3.91537537,0,0
0,0,-1.337787635,-4.432124562,2,-1
1,1,-1.937810221,-6.000225863
0,0,0,0,0,0
0,0,0.1058443862,1.058443862,0,0
0,0,0.3164997749,2.106553887,2,0
0,0,0.4986581082,1.821583333,1,0
0,0,0.7628253417,2.641672336,2,0
0,0,1.07031854,3.074931984,0,0
0,0,1.53980745,4.694889095,0,-1
1,1,2.15771111,6.179036601
0,0,0,0,2,0
0,0,-0.08986114174,-0.8986114174,1,0
0,0,-0.1844367639,-0.9457562211,2,0
0,0,-0.4125251211,-2.280883573,1,0
0,0,-0.7181648276,-3.056397065,2,0
0,0,-1.193438224,-4.752733966,2,-1
1,1,-1.826396942,-6.329587172
