2,1,1
0,0,0,0,1,0
0,0,0.01178693071,0.1178693071,0,0
0,0,0.1150906727,1.033037419,0,0
0,0,0.3204067272,2.053160545,1,0
0,0,0.5664299353,2.460232081,2,0
0,0,0.8348339217,2.684039864,1,0
0,0,1.205601694,3.707677726,1,-1
1,1,1.708387234,5.027855393
0,0,0,0,1,0
0,0,-0.01470003883,-0.1470003883,2,0
0,0,-0.1240949643,-1.093949254,1,0
0,0,-0.2552016129,-1.311066486,2,0
0,0,-0.5080292352,-2.528276224,0,0
0,0,-0.7671801989,-2.591509636,1,0
0,0,-1.132649006,-3.654688069,2,-1
1,1,-1.656337169,-5.236881628
0,0,0,0,1,0
0,0,-0.01738317183,-0.1738317183,0,0
0,0,0.04922645431,0.6660962614,2,0
0,0,0.02020588128,-0.2902057303,0,0
0,0,0.09251167665,0.7230579537,2,0
0,0,0.08330733058,-0.09204346068,1,0
0,0,0.09835051527,0.1504318469,2,0
0,0,0.04089761801,-0.5745289726,2,0
0,0,-0.1052402678,-1.461378858,2,0
0,0,-0.3635889709,-2.583487031,1,0
0,0,-0.6924146552,-3.288256843,1,0
0,0,-1.119581795,-4.271671396,1,-1
1,1,-1.671428037,-5.518462422
0,0,0,0,1,0
0,0,-0.001458241579,-0.01458241579,2,0
0,0,-0.1042945877,-1.028363461,1,0
0,0,-0.2363714836,-1.320768959,1,0
0,0,-0.4026252529,-1.662537692,1,0
0,0,-0.6264798064,-2.238545535,1,0
0,0,-0.9483556474,-3.218758411,2,0
0,0,-1.439236567,-4.908809193,1,-1
1,1,-2.070178987,-6.309424207
0,0,0,0,0,0
0,0,0.1003217745,1.003217745,0,0
0,0,0.2898062147,1.894844402,0,0
0,0,0.5988897437,3.09083529,1,0
0,0,0.9960821496,3.971924059,0,0
0,0,1.546525159,5.504430089,2,-1
1,1,2.240691542,6.94166384
0,0,0,0,1,0
0,0,0.007089335956,0.07089335956,0,0
0,0,0.09589464666,0.888053107,0,0
0,0,0.2779940209,1.820993743,0,0
0,0,0.5906143369,3.12620316,0,0
0,0,1.05805572,4.67441383,2,-1
1,1,1.603425698,5.453699777
0,0,0,0,2,0
0,0,-0.08584897814,-0.8584897814,0,0
0,0,-0.1003031405,-0.1445416232,0,0
0,0,-0.0343375417,0.6596559877,1,0
0,0,0.02158946298,0.5592700468,1,0
0,0,0.06928446462,0.4769500164,2,0
0,0,0.03990242613,-0.2938203848,1,0
0,0,0.008049409665,-0.3185301647,2,0
0,0,-0.1113763792,-1.194257888,0,0
0,0,-0.176507166,-0.651307868,0,0
0,0,-0.1801603898,-0.03653223877,2,0
0,0,-0.2927677031,-1.126073133,0,0
0,0,-0.3821696578,-0.8940195472,1,0
0,0,-0.5312823293,-1.491126715,2,0
0,0,-0.8209640468,-2.896817175,1,0
0,0,-1.215316972,-3.943529247,1,-1
1,1,-1.740784322,-5.254673506
0,0,0,0,0,0
0,0,0.08115494621,0.8115494621,2,0
0,0,0.08403004276,0.02875096545,1,0
0,0,0.08689643631,0.02866393557,2,0
0,0,0.02620603186,-0.6069040446,1,0
0,0,-0.03958376918,-0.6578980103,2,0
0,0,-0.2071517924,-1.675680232,0,0
0,0,-0.3298106088,-1.226588163,1,0
0,0,-0.5083315501,-1.785209414,1,0
0,0,-0.7788395811,-2.70508031,1,0
0,0,-1.166059189,-3.872196084,0,-1
1,1,-1.653078381,-4.870191918
0,0,0,0,2,0
0,0,-0.0910204034,-0.910204034,0,0
0,0,-0.1273821933,-0.3636178987,2,0
0,0,-0.2698302856,-1.424480923,2,0
0,0,-0.5275715567,-2.577412712,2,0
0,0,-0.933383315,-4.058117582,1,0
0,0,-1.446666153,-5.132828377,2,-1
1,1,-2.111861289,-6.651951364
0,0,0,0,1,0
0,0,-0.004348679149,-0.04348679149,1,0
0,0,-0.005406856696,-0.01058177547,0,0
0,0,0.0815022187,0.869090754,0,0
0,0,0.2860076423,2.045054236,2,0
0,0,0.4424986333,1.56490991,0,0
0,0,0.759229671,3.167310377,2,0
0,0,1.113125801,3.538961298,1,-1
1,1,1.590856059,4.777302579
0,0,0,0,1,0
0,0,0.01320701011,0.1320701011,2,0
0,0,-0.05419364714,-0.6740065726,0,0
0,0,-0.04217698391,0.1201666324,0,0
0,0,0.04452989835,0.8670688226,1,0
0,0,0.1357508321,0.9122093373,2,0
0,0,0.178646868,0.4289603592,0,0
0,0,0.3474734754,1.688266074,0,0
0,0,0.6375488424,2.900753669,2,0
0,0,0.940184445,3.026356026,1,0
0,0,1.359665884,4.194814387,2,-1
1,1,1.90529532,5.456294368
0,0,0,0,0,0
0,0,0.07836030346,0.7836030346,1,0
0,0,0.1866973985,1.08337095,1,0
0,0,0.3277230674,1.410256689,2,0
0,0,0.4244352617,0.9671219426,2,0
0,0,0.517542631,0.9310736932,2,0
0,0,0.6082921465,0.9074951551,0,0
0,0,0.8519522199,2.436600734,1,0
0,0,1.207760214,3.558079943,0,-1
1,1,1.721666463,5.139062486
0,0,0,0,2,0
0,0,-0.09956917272,-0.9956917272,1,0
0,0,-0.221332749,-1.217635763,1,0
0,0,-0.3858354212,-1.645026722,0,0
0,0,-0.5327427211,-1.469072999,1,0
0,0,-0.7690658623,-2.363231412,1,0
0,0,-1.115618011,-3.465521488,1,-1
1,1,-1.59688305,-4.812650394
0,0,0,0,1,0
0,0,0.004037132728,0.04037132728,2,0
0,0,-0.06389997848,-0.6793711121,0,0
0,0,-0.06126994225,0.02630036223,0,0
0,0,0.01240565245,0.736755947,0,0
0,0,0.1734771384,1.61071486,0,0
0,0,0.4577360245,2.842588861,1,0
0,0,0.8232400373,3.655040128,2,0
0,0,1.247615228,4.243751908,2,-1
1,1,1.785371929,5.377567012
0,0,0,0,0,0
0,0,0.09508222991,0.9508222991,0,0
0,0,0.2896756682,1.945934383,1,0
0,0,0.516808342,2.271326738,2,0
0,0,0.7592647072,2.424563652,2,0
0,0,1.042064715,2.828000079,2,0
0,0,1.418992904,3.769281892,2,-1
1,1,1.926085137,5.070922322
0,0,0,0,0,0
0,0,0.07973524076,0.7973524076,0,0
0,0,0.2631657036,1.834304628,0,0
0,0,0.5775017699,3.143360663,0,0
0,0,1.04746439,4.6996262,0,-1
1,1,1.679559828,6.320954378
0,0,0,0,2,0
0,0,-0.08297462568,-0.8297462568,0,0
0,0,-0.09778492052,-0.1481029485,1,0
0,0,-0.1449105674,-0.4712564686,2,0
0,0,-0.2867915408,-1.418809734,1,0
0,0,-0.4871150971,-2.003235564,0,0
0,0,-0.6895908355,-2.024757384,1,0
0,0,-0.9821773677,-2.925865322,2,0
0,0,-1.441969235,-4.59791867,1,-1
1,1,-2.043257881,-6.012886462
0,0,0,0,1,0
0,0,-0.01000626842,-0.1000626842,0,0
0,0,0.05503982976,0.6504609818,1,0
0,0,0.142712609,0.8767277927,0,0
0,0,0.3564339076,2.137212986,0,0
0,0,0.7043313283,3.478974207,1,0
0,0,1.134933182,4.30601854,1,-1
1,1,1.690615034,5.556818519
0,0,0,0,2,0
0,0,-0.0711895639,-0.711895639,0,0
0,0,-0.06421874615,0.06970817748,0,0
0,0,0.03162035523,0.9583910138,1,0
0,0,0.1228681685,0.9124781328,2,0
0,0,0.1645224644,0.4165429593,1,0
0,0,0.24045964,0.7593717558,2,0
0,0,0.256858664,0.1639902401,1,0
0,0,0.3147717332,0.5791306921,0,0
0,0,0.4997893524,1.850176191,1,0
0,0,0.7747381937,2.749488414,1,0
0,0,1.158971718,3.842335247,1,-1
1,1,1.669965221,5.109935026
0,0,0,0,0,0
0,0,0.09501099378,0.9501099378,0,0
0,0,0.2970248631,2.020138693,1,0
0,0,0.550004289,2.529794259,1,0
0,0,0.8847168322,3.347125432,0,0
0,0,1.382928292,4.982114598,2,-1
1,1,2.003102174,6.201738816
0,0,0,0,1,0
0,0,-0.01070269092,-0.1070269092,1,0
0,0,-0.02472499525,-0.1402230433,2,0
0,0,-0.117576518,-0.9285152278,2,0
0,0,-0.3019535899,-1.843770719,1,0
0,0,-0.5443452131,-2.423916232,2,0
0,0,-0.9274354552,-3.830902421,1,0
0,0,-1.416230312,-4.887948565,0,-1
1,1,-2.035307907,-6.190775952
0,0,0,0,2,0
0,0,-0.09199853465,-0.9199853465,1,0
0,0,-0.1969684651,-1.049699304,0,0
0,0,-0.251785005,-0.5481653994,0,0
0,0,-0.2566048109,-0.04819805853,2,0
0,0,-0.3891862457,-1.325814348,2,0
0,0,-0.6796768197,-2.90490574,1,0
0,0,-1.055318409,-3.756415893,2,-1
1,1,-1.594796882,-5.394784725
0,0,0,0,1,0
0,0,-0.0145995607,-0.145995607,1,0
0,0,-0.04760687202,-0.3300731131,1,0
0,0,-0.07311213208,-0.2550526006,1,0
0,0,-0.1092829042,-0.3617077212,0,0
0,0,-0.07286082042,0.3642208378,0,0
0,0,0.02246571917,0.953265396,1,0
0,0,0.1186461254,0.9618040626,2,0
0,0,0.1499759883,0.3132986287,0,0
0,0,0.303427597,1.534516086,2,0
0,0,0.4173086661,1.138810692,1,0
0,0,0.6018744225,1.845657564,1,0
0,0,0.8755467254,2.736723029,0,0
0,0,1.315110069,4.395633434,0,-1
1,1,1.909554926,5.944448569
0,0,0,0,1,0
0,0,0.005943810843,0.05943810843,2,0
0,0,-0.06539186344,-0.7133567429,2,0
0,0,-0.2311123535,-1.657204901,0,0
0,0,-0.3533061387,-1.221937852,0,0
0,0,-0.4508337556,-0.9752761694,2,0
0,0,-0.704791418,-2.539576624,1,0
0,0,-1.062965497,-3.581740792,2,-1
1,1,-1.585021046,-5.220555486
0,0,0,0,0,0
0,0,0.07880118451,0.7880118451,0,0
0,0,0.2712814852,1.924803007,2,0
0,0,0.4382887223,1.670072371,1,0
0,0,0.6675384434,2.292497211,1,0
0,0,0.9972115234,3.2967308,0,0
0,0,1.49748582,5.002742968,2,-1
1,1,2.136476237,6.389904166
0,0,0,0,1,0
0,0,-0.01053286352,-0.1053286352,1,0
0,0,-0.03087713067,-0.2034426714,2,0
0,0,-0.1570983188,-1.262211881,2,0
0,0,-0.4084316181,-2.513332993,2,0
0,0,-0.8012162372,-3.927846191,1,0
0,0,-1.292368484,-4.911522469,0,-1
1,1,-1.891850575,-5.994820908
0,0,0,0,0,0
0,0,0.1004762984,1.004762984,2,0
0,0,0.1173192333,0.1684293488,2,0
0,0,0.06092499043,-0.5639424289,1,0
0,0,-0.001612065354,-0.6253705579,2,0
0,0,-0.1614048192,-1.597927539,2,0
0,0,-0.4289949473,-2.67590128,2,0
0,0,-0.8330937561,-4.040988088,2,0
0,0,-1.387872585,-5.547788291,0,-1
1,1,-2.066045434,-6.781728488
0,0,0,0,1,0
0,0,0.01235738687,0.1235738687,1,0
0,0,0.03502300439,0.2266561752,2,0
0,0,-0.02515183059,-0.6017483498,1,0
0,0,-0.07565246137,-0.5050063078,2,0
0,0,-0.2297323239,-1.540798626,2,0
0,0,-0.5111579208,-2.814255969,1,0
0,0,-0.866789275,-3.556313541,1,0
0,0,-1.334244093,-4.674548178,1,-1
1,1,-1.941342482,-6.070983888
0,0,0,0,1,0
0,0,0.008726663707,0.08726663707,2,0
0,0,-0.0608564561,-0.695831198,1,0
0,0,-0.136130312,-0.7527385592,0,0
0,0,-0.1431716759,-0.07041363907,0,0
0,0,-0.07920429091,0.6396738502,1,0
0,0,-0.02725350109,0.5195078982,0,0
0,0,0.1028764866,1.301299876,2,0
0,0,0.1776706724,0.7479418581,1,0
0,0,0.270044452,0.9237377961,0,0
0,0,0.4780364661,2.079920141,2,0
0,0,0.6756330754,1.975966093,1,0
0,0,0.9794602671,3.038271917,2,0
0,0,1.35431678,3.748565126,2,-1
1,1,1.855333036,5.010162564
0,0,0,0,1,0
0,0,-0.01572602031,-0.1572602031,1,0
0,0,-0.04703545221,-0.3130943189,1,0
0,0,-0.0784516809,-0.3141622869,0,0
0,0,-0.05163233071,0.2681935019,1,0
0,0,-0.03876479984,0.1286753088,1,0
0,0,-0.04817100504,-0.09406205209,0,0
0,0,0.03533107941,0.8350208445,2,0
0,0,0.04283500756,0.07503928159,0,0
0,0,0.1451892656,1.02354258,0,0
0,0,0.3435104896,1.983212241,1,0
0,0,0.5819425714,2.384320818,2,0
0,0,0.847319887,2.653773156,0,0
0,0,1.286373834,4.390539466,1,-1
1,1,1.86237089,5.759970567
0,0,0,0,0,0
0,0,0.1047988465,1.047988465,1,0
0,0,0.2446194454,1.398205989,2,0
0,0,0.3290540199,0.8443457453,1,0
0,0,0.4575913181,1.285372981,2,0
0,0,0.5819180366,1.243267185,2,0
0,0,0.7365772807,1.546592441,1,0
0,0,1.006773975,2.701966944,1,0
0,0,1.398105384,3.913314092,0,-1
1,1,1.943501974,5.453965901
0,0,0,0,1,0
0,0,0.0001397586622,0.001397586622,1,0
0,0,-0.01264535254,-0.127851112,1,0
0,0,-0.02159939887,-0.08954046331,0,0
0,0,0.06865403979,0.9025343866,1,0
0,0,0.1561695669,0.8751552715,1,0
0,0,0.2615443174,1.053747504,1,0
0,0,0.3972890953,1.35744778,0,0
0,0,0.6775753624,2.802862671,0,0
0,0,1.119270097,4.416947343,0,-1
1,1,1.721788267,6.025181704
0,0,0,0,1,0
0,0,-0.006752779682,-0.06752779682,2,0
0,0,-0.1174633683,-1.107105886,2,0
0,0,-0.3221506844,-2.046873161,0,0
0,0,-0.5114858125,-1.893351281,2,0
0,0,-0.8591116265,-3.47625814,2,0
0,0,-1.371912845,-5.128012188,0,-1
1,1,-2.005867073,-6.33954228
0,0,0,0,2,0
0,0,-0.07833858109,-0.7833858109,2,0
0,0,-0.2537492276,-1.754106465,0,0
0,0,-0.3801427274,-1.263934998,2,0
0,0,-0.6578197914,-2.77677064,2,0
0,0,-1.095929135,-4.381093438,0,-1
1,1,-1.625402078,-5.294729432
0,0,0,0,0,0
0,0,0.09389163575,0.9389163575,0,0
0,0,0.2816255041,1.877338683,1,0
0,0,0.5072265761,2.25601072,0,0
0,0,0.891840113,3.84613537,2,0
0,0,1.328593122,4.367530094,2,-1
1,1,1.881854905,5.532617828
0,0,0,0,2,0
0,0,-0.07513421582,-0.7513421582,0,0
0,0,-0.08026778182,-0.05133566,0,0
0,0,-0.01711247668,0.6315530514,1,0
0,0,0.04029737893,0.574098556,0,0
0,0,0.2017270306,1.614296517,0,0
0,0,0.4957440995,2.940170689,2,0
0,0,0.7836802193,2.879361198,1,0
0,0,1.16912139,3.854411709,1,-1
1,1,1.682408051,5.132866608
0,0,0,0,2,0
0,0,-0.08526109916,-0.8526109916,1,0
0,0,-0.1683365769,-0.8307547778,2,0
0,0,-0.3535814111,-1.852448341,2,0
0,0,-0.6797051185,-3.261237075,0,0
0,0,-1.032683055,-3.529779366,0,0
0,0,-1.467795854,-4.35112799,2,-1
1,1,-2.054784279,-5.869884249
0,0,0,0,1,0
0,0,0.001865634579,0.01865634579,0,0
0,0,0.1042491232,1.023834887,0,0
0,0,0.2949728219,1.907236986,1,0
0,0,0.5391663143,2.441934924,2,0
0,0,0.7902065794,2.510402652,0,0
0,0,1.213847767,4.236411879,2,-1
1,1,1.737753664,5.239058964
0,0,0,0,1,0
0,0,-0.0042871117,-0.042871117,2,0
0,0,-0.08655691068,-0.8226979898,0,0
0,0,-0.1068122839,-0.202553732,2,0
0,0,-0.2343557405,-1.275434566,0,0
0,0,-0.3020418636,-0.6768612307,1,0
0,0,-0.4117048872,-1.096630237,2,0
0,0,-0.6723256795,-2.606207923,1,0
0,0,-1.022047377,-3.497216971,2,0
0,0,-1.542849969,-5.208025921,2,-1
1,1,-2.211395963,-6.685459947
0,0,0,0,1,0
0,0,0.01686623505,0.1686623505,1,0
0,0,0.04049264187,0.2362640682,2,0
0,0,-0.03055013639,-0.7104277826,0,0
0,0,-0.02979006892,0.007600674721,1,0
0,0,-0.02604805337,0.03742015555,1,0
0,0,-0.02630784512,-0.002597917548,0,0
0,0,0.05193551062,0.7824335574,0,0
0,0,0.2166725286,1.64737018,0,0
0,0,0.4992333207,2.825607921,2,0
0,0,0.7709439865,2.717106658,0,0
0,0,1.204741322,4.337973357,1,-1
1,1,1.773735095,5.689937733
0,0,0,0,1,0
0,0,0.001200211917,0.01200211917,2,0
0,0,-0.0833181485,-0.8451836042,1,0
0,0,-0.1870969577,-1.037788092,1,0
0,0,-0.3228469932,-1.357500354,2,0
0,0,-0.5860720976,-2.632251044,1,0
0,0,-0.9483291375,-3.622570399,2,0
0,0,-1.478897506,-5.305683686,0,-1
1,1,-2.144058635,-6.651611294
0,0,0,0,2,0
0,0,-0.07965182445,-0.7965182445,2,0
0,0,-0.2779219386,-1.982701142,0,0
0,0,-0.4267423591,-1.488204205,0,0
0,0,-0.5744499484,-1.477075893,0,0
0,0,-0.745723083,-1.712731346,1,0
0,0,-1.023452119,-2.777290361,0,0
0,0,-1.390233845,-3.667817257,1,-1
1,1,-1.89824357,-5.08009725
0,0,0,0,0,0
0,0,0.07195930717,0.7195930717,2,0
0,0,0.06563977756,-0.06319529615,0,0
0,0,0.1470476248,0.8140784725,2,0
0,0,0.1600675067,0.1301988185,0,0
0,0,0.2836324602,1.235649535,0,0
0,0,0.5535705157,2.699380555,1,0
0,0,0.8950748398,3.415043241,1,0
0,0,1.352942493,4.578676532,2,-1
1,1,1.93166125,5.787187569
0,0,0,0,2,0
0,0,-0.1041978428,-1.041978428,0,0
0,0,-0.1436985863,-0.3950074347,0,0
0,0,-0.1364999455,0.07198640723,0,0
0,0,-0.08136518812,0.5513475741,1,0
0,0,-0.03991867134,0.4144651679,1,0
0,0,0.002902236902,0.4282090824,0,0
0,0,0.1246039817,1.217017448,2,0
0,0,0.1701445798,0.4554059809,0,0
0,0,0.346737491,1.765929112,0,0
0,0,0.6560921511,3.093546601,2,0
0,0,0.9830391215,3.269469704,0,0
0,0,1.467140108,4.841009864,0,-1
1,1,2.103146179,6.360060715
0,0,0,0,2,0
0,0,-0.1010141493,-1.010141493,1,0
0,0,-0.2362715684,-1.352574191,0,0
0,0,-0.3103563837,-0.7408481529,0,0
0,0,-0.3559774749,-0.4562109128,2,0
0,0,-0.5495470775,-1.935696025,1,0
0,0,-0.8187380435,-2.69190966,1,0
0,0,-1.186856003,-3.681179596,0,-1
1,1,-1.653435862,-4.665798586
0,0,0,0,0,0
0,0,0.08131877562,0.8131877562,2,0
0,0,0.07561444849,-0.05704327133,1,0
0,0,0.08571026316,0.1009581467,2,0
0,0,0.02886868229,-0.5684158087,1,0
0,0,-0.03112347363,-0.5999215592,1,0
0,0,-0.08090935545,-0.4978588182,1,0
0,0,-0.1561906884,-0.7528133299,0,0
0,0,-0.1631020588,-0.06911370385,0,0
0,0,-0.09409750629,0.6900455254,2,0
0,0,-0.129846453,-0.3574894669,1,0
0,0,-0.1769046619,-0.4705820894,2,0
0,0,-0.3339632469,-1.57058585,0,0
0,0,-0.4551811236,-1.212178767,2,0
0,0,-0.7288889324,-2.737078089,1,0
0,0,-1.110168519,-3.812795864,2,-1
1,1,-1.650209233,-5.400407144
0,0,0,0,1,0
0,0,0.01383032221,0.1383032221,1,0
0,0,0.01253229,-0.0129803221,2,0
0,0,-0.07236194265,-0.8489423264,0,0
0,0,-0.08828133628,-0.1591939363,0,0
0,0,-0.03603680499,0.5224453129,1,0
0,0,0.006033173285,0.4206997828,2,0
0,0,-0.04990809778,-0.5594127106,0,0
0,0,-0.03630882799,0.1359926978,2,0
0,0,-0.1266702914,-0.9036146343,0,0
0,0,-0.1592108506,-0.3254055923,0,0
0,0,-0.1456360978,0.1357475281,1,0
0,0,-0.141346776,0.04289321882,2,0
0,0,-0.2398494722,-0.9850269624,0,0
0,0,-0.3100954305,-0.7024595834,2,0
0,0,-0.5123912213,-2.022957908,2,0
0,0,-0.8764188547,-3.640276334,0,0
0,0,-1.305198693,-4.287798387,0,-1
1,1,-1.848289784,-5.430910908
0,0,0,0,1,0
0,0,0.01462363457,0.1462363457,1,0
0,0,0.03205313017,0.174294956,0,0
0,0,0.1508382755,1.187851454,0,0
0,0,0.3865998457,2.357615701,0,0
0,0,0.7589400074,3.723401618,2,0
0,0,1.173308187,4.143681799,1,-1
1,1,1.711668932,5.383607447
0,0,0,0,1,0
0,0,0.006856568993,0.06856568993,0,0
0,0,0.1151519129,1.082953439,0,0
0,0,0.3380036567,2.228517439,0,0
0,0,0.6991694201,3.611657634,0,0
0,0,1.212802708,5.136332877,0,-1
1,1,1.880358671,6.67555963
0,0,0,0,0,0
0,0,0.09209626885,0.9209626885,2,0
0,0,0.1050833219,0.1298705305,0,0
0,0,0.2297538248,1.246705029,0,0
0,0,0.4680864197,2.383325949,0,0
0,0,0.8654511496,3.973647299,2,0
0,0,1.316253579,4.508024295,0,-1
1,1,1.919418606,6.031650264
0,0,0,0,0,0
0,0,0.08930975826,0.8930975826,1,0
0,0,0.2104393038,1.211295455,0,0
0,0,0.4558673954,2.454280916,1,0
0,0,0.7596713266,3.038039313,1,0
0,0,1.162025566,4.023542393,1,-1
1,1,1.690076057,5.280504912
0,0,0,0,2,0
0,0,-0.0984390419,-0.984390419,0,0
0,0,-0.1124747853,-0.1403574336,2,0
0,0,-0.2232022547,-1.107274695,2,0
0,0,-0.473320082,-2.501178273,0,0
0,0,-0.7143169719,-2.409968899,1,0
0,0,-1.067970594,-3.536536226,2,-1
1,1,-1.581490385,-5.135197906
0,0,0,0,2,0
0,0,-0.08752066924,-0.8752066924,2,0
0,0,-0.2873746056,-1.998539363,2,0
0,0,-0.6134946353,-3.261200297,1,0
0,0,-1.026976769,-4.13482134,2,-1
1,1,-1.597460647,-5.704838781
0,0,0,0,0,0
0,0,0.0847280309,0.847280309,1,0
0,0,0.1718975863,0.8716955536,1,0
0,0,0.2930394298,1.211418435,0,0
0,0,0.5423422994,2.493028697,0,0
0,0,0.9307859671,3.884436676,1,0
0,0,1.428538943,4.977529759,1,-1
1,1,2.06505868,6.365197375
0,0,0,0,2,0
0,0,-0.1018135753,-1.018135753,2,0
0,0,-0.2932124914,-1.913989161,1,0
0,0,-0.5481892888,-2.549767973,0,0
0,0,-0.8190475054,-2.708582166,2,0
0,0,-1.254190753,-4.351432478,2,-1
1,1,-1.846371467,-5.921807136
0,0,0,0,2,0
0,0,-0.08139692193,-0.8139692193,2,0
0,0,-0.276054394,-1.946574721,0,0
0,0,-0.4215252038,-1.454708098,0,0
0,0,-0.5517922795,-1.302670756,1,0
0,0,-0.7781216866,-2.263294071,2,0
0,0,-1.1704451,-3.923234138,0,-1
1,1,-1.664424435,-4.939793344
0,0,0,0,2,0
0,0,-0.07496761224,-0.7496761224,0,0
0,0,-0.06806229972,0.06905312522,2,0
0,0,-0.15139679,-0.8333449028,0,0
0,0,-0.1900891987,-0.3869240872,1,0
0,0,-0.2658032456,-0.7571404686,0,0
0,0,-0.3097626044,-0.4395935879,2,0
0,0,-0.4788433644,-1.6908076,0,0
0,0,-0.6387784031,-1.599350387,0,0
0,0,-0.8211746483,-1.823962452,2,0
0,0,-1.177734083,-3.565594343,0,-1
1,1,-1.632931431,-4.551973482
0,0,0,0,2,0
0,0,-0.0965758987,-0.965758987,1,0
0,0,-0.2059593404,-1.093834417,1,0
0,0,-0.3575934155,-1.516340751,2,0
0,0,-0.6590608382,-3.014674227,1,0
0,0,-1.046811954,-3.87751116,2,-1
1,1,-1.599511801,-5.526998465
0,0,0,0,2,0
0,0,-0.0711245122,-0.711245122,2,0
0,0,-0.249834877,-1.787103648,0,0
0,0,-0.3742143612,-1.243794842,0,0
0,0,-0.4794938381,-1.05279477,1,0
0,0,-0.6491857365,-1.696918983,2,0
0,0,-0.9783590497,-3.291733133,2,0
0,0,-1.46988542,-4.915263698,1,-1
1,1,-2.103030239,-6.331448191
0,0,0,0,0,0
0,0,0.09075853863,0.9075853863,0,0
0,0,0.2893613987,1.986028601,0,0
0,0,0.6070426906,3.176812919,2,0
0,0,0.937129296,3.300866054,0,0
0,0,1.424149246,4.870199503,0,-1
1,1,2.060905335,6.367560883
0,0,0,0,2,0
0,0,-0.08327498345,-0.8327498345,2,0
0,0,-0.2776451501,-1.943701666,0,0
0,0,-0.4333873632,-1.557422132,2,0
0,0,-0.7511513706,-3.177640073,2,0
0,0,-1.238268434,-4.87117063,1,-1
1,1,-1.855850493,-6.175820595
0,0,0,0,0,0
0,0,0.07066798959,0.7066798959,2,0
0,0,0.06406833344,-0.06599656156,1,0
0,0,0.07527321411,0.1120488067,2,0
0,0,0.024986368,-0.5028684611,1,0
0,0,-0.01474311235,-0.3972948035,1,0
0,0,-0.06154111397,-0.4679800163,1,0
0,0,-0.1269109557,-0.6536984173,1,0
0,0,-0.2299351704,-1.030242147,2,0
0,0,-0.4496550873,-2.197199169,0,0
0,0,-0.6763679158,-2.267128285,0,0
0,0,-0.9443790224,-2.680111066,1,0
0,0,-1.332237678,-3.878586557,2,-1
1,1,-1.879307281,-5.470696027
0,0,0,0,1,0
0,0,0.01425991749,0.1425991749,0,0
0,0,0.1338468838,1.195869663,2,0
0,0,0.2018503266,0.6800344283,2,0
0,0,0.210545862,0.08695535452,2,0
0,0,0.1575293285,-0.5301653354,1,0
0,0,0.1265215761,-0.3100775245,0,0
0,0,0.2120588785,0.8553730247,1,0
0,0,0.3429660657,1.309071872,1,0
0,0,0.5295079514,1.865418857,1,0
0,0,0.8016043118,2.720963605,0,0
0,0,1.249075579,4.47471267,1,-1
1,1,1.826210603,5.771350239
0,0,0,0,0,0
0,0,0.08036623024,0.8036623024,1,0
0,0,0.1693350701,0.8896883985,0,0
0,0,0.3886421472,2.193070771,1,0
0,0,0.6577834354,2.691412882,0,0
0,0,1.085499073,4.277156373,1,-1
1,1,1.637680471,5.521813985
0,0,0,0,2,0
0,0,-0.1052364215,-1.052364215,2,0
0,0,-0.3109623882,-2.057259667,2,0
0,0,-0.6613969486,-3.504345604,2,0
0,0,-1.173764038,-5.123670893,1,-1
1,1,-1.810423772,-6.366597339
0,0,0,0,1,0
0,0,0.01289827369,0.1289827369,2,0
0,0,-0.05450149806,-0.6739977175,1,0
0,0,-0.1319744773,-0.774729792,2,0
0,0,-0.3232569318,-1.912824545,2,0
0,0,-0.6417341286,-3.184771969,1,0
0,0,-1.057077755,-4.15343626,2,-1
1,1,-1.632420133,-5.753423787
0,0,0,0,2,0
0,0,-0.07785498248,-0.7785498248,2,0
0,0,-0.2580650465,-1.80210064,0,0
0,0,-0.4071556246,-1.490905781,0,0
0,0,-0.5311345162,-1.239788916,0,0
0,0,-0.6641467572,-1.330122409,1,0
0,0,-0.8875849748,-2.234382176,1,0
0,0,-1.228184284,-3.405993088,1,-1
1,1,-1.706766981,-4.785826973
0,0,0,0,1,0
0,0,-0.00608881695,-0.0608881695,0,0
0,0,0.05885967102,0.6494848797,1,0
0,0,0.1457161622,0.8685649117,2,0
0,0,0.1640123342,0.1829617199,1,0
0,0,0.1970922867,0.3307995247,1,0
0,0,0.2652945961,0.6820230946,0,0
0,0,0.4473925016,1.820979055,0,0
0,0,0.7730858149,3.256933133,1,0
0,0,1.192971046,4.198852314,1,-1
1,1,1.744403678,5.514326313
0,0,0,0,0,0
0,0,0.09942915454,0.9942915454,2,0
0,0,0.1445655997,0.4513644516,2,0
0,0,0.1206280938,-0.2393750595,0,0
0,0,0.2024099461,0.817818523,2,0
0,0,0.2311662295,0.287562834,0,0
0,0,0.3702257883,1.390595588,0,0
0,0,0.6414609927,2.712352044,0,0
0,0,1.075198902,4.337379098,2,-1
1,1,1.60022588,5.250269779
0,0,0,0,0,0
0,0,0.09186943939,0.9186943939,0,0
0,0,0.2981218245,2.062523851,0,0
0,0,0.6199929944,3.218711699,1,0
0,0,1.037088244,4.170952497,1,0
0,0,1.567869482,5.307812378,1,-1
1,1,2.245484871,6.776153895
0,0,0,0,2,0
0,0,-0.0910009992,-0.910009992,0,0
0,0,-0.1129407679,-0.2193976869,1,0
0,0,-0.1645250018,-0.5158423389,1,0
0,0,-0.2490743516,-0.845493498,2,0
0,0,-0.4509776421,-2.019032905,0,0
0,0,-0.6401523296,-1.891746875,2,0
0,0,-1.000165293,-3.600129631,1,0
0,0,-1.484455085,-4.842897923,2,-1
1,1,-2.119599674,-6.351445887
0,0,0,0,0,0
0,0,0.09727525399,0.9727525399,2,0
0,0,0.137056095,0.3978084101,2,0
0,0,0.1122979328,-0.2475816222,0,0
0,0,0.190320427,0.7802249418,2,0
0,0,0.1989304614,0.08610034412,2,0
0,0,0.1496835911,-0.4924687024,2,0
0,0,0.02351832081,-1.261652703,0,0
0,0,-0.01310364594,-0.3662196675,0,0
0,0,0.05025931783,0.6336296377,1,0
0,0,0.115813298,0.6555398012,0,0
0,0,0.2868316743,1.710183763,1,0
0,0,0.4901137858,2.032821115,0,0
0,0,0.8421564597,3.520426739,1,0
0,0,1.310145961,4.679895014,1,-1
1,1,1.916275821,6.061298596
0,0,0,0,1,0
0,0,-0.006018258904,-0.06018258904,0,0
0,0,0.0737908201,0.79809079,2,0
0,0,0.07868980705,0.04898986958,0,0
0,0,0.1819567751,1.032669681,2,0
0,0,0.2231327951,0.4117601993,2,0
0,0,0.2050605251,-0.1807226994,0,0
0,0,0.3016007233,0.9654019818,2,0
0,0,0.3545357259,0.5293500255,2,0
0,0,0.3737878738,0.1925214789,2,0
0,0,0.378462415,0.0467454121,2,0
0,0,0.3684486275,-0.1001378746,2,0
0,0,0.3334562094,-0.3499241812,1,0
0,0,0.3407406353,0.07284425958,2,0
0,0,0.3238492657,-0.1689136962,1,0
0,0,0.3522359392,0.2838667348,1,0
0,0,0.4335269276,0.8129098841,0,0
0,0,0.6538644557,2.203375281,1,0
0,0,0.9672098827,3.133454269,1,0
0,0,1.403411861,4.362019782,0,-1
1,1,1.993870396,5.90458535
0,0,0,0,1,0
0,0,0.0007429198171,0.007429198171,1,0
0,0,-0.01414762865,-0.1489054846,0,0
0,0,0.04615787663,0.6030550527,1,0
0,0,0.1191264052,0.7296852859,1,0
0,0,0.2169543559,0.9782795065,0,0
0,0,0.4418964813,2.249421255,2,0
0,0,0.6495283607,2.076318794,2,0
0,0,0.8852968525,2.357684917,1,0
0,0,1.240818301,3.555214485,2,-1
1,1,1.703298254,4.624799532
0,0,0,0,2,0
0,0,-0.08544196749,-0.8544196749,1,0
0,0,-0.1888519742,-1.034100067,2,0
0,0,-0.4152134874,-2.263615132,2,0
0,0,-0.7975734981,-3.823600108,0,0
0,0,-1.230853592,-4.332800941,1,-1
1,1,-1.79550041,-5.646468179
0,0,0,0,0,0
0,0,0.07670220224,0.7670220224,2,0
0,0,0.09580686767,0.1910466542,1,0
0,0,0.13214748,0.3634061232,0,0
0,0,0.2651460686,1.329985886,1,0
0,0,0.4255511545,1.604050859,2,0
0,0,0.571221008,1.456698535,0,0
0,0,0.883521496,3.123004879,1,0
0,0,1.311951319,4.284298231,2,-1
1,1,1.859328357,5.473770383
0,0,0,0,1,0
0,0,-0.01703321488,-0.1703321488,1,0
0,0,-0.0402490358,-0.2321582092,0,0
0,0,0.0320632298,0.723122656,0,0
0,0,0.2072799292,1.752166994,2,0
0,0,0.3433550783,1.360751491,0,0
0,0,0.6058876047,2.625325264,0,0
0,0,1.012853046,4.069654415,2,0
0,0,1.50208545,4.892324033,1,-1
1,1,2.135420428,6.333349789
0,0,0,0,0,0
0,0,0.09937103126,0.9937103126,0,0
0,0,0.3019741263,2.02603095,2,0
0,0,0.4637708247,1.617966984,0,0
0,0,0.7763750751,3.126042504,0,0
0,0,1.24703717,4.706620945,1,-1
1,1,1.847818672,6.007815025
0,0,0,0,1,0
0,0,-0.0155362129,-0.155362129,1,0
0,0,-0.04850694123,-0.3297072833,2,0
0,0,-0.1877325018,-1.392255605,1,0
0,0,-0.3692675638,-1.81535062,0,0
0,0,-0.5139911516,-1.447235878,2,0
0,0,-0.8107474498,-2.967562983,0,0
0,0,-1.169780577,-3.590331271,0,-1
1,1,-1.635183784,-4.654032069
0,0,0,0,0,0
0,0,0.09419673144,0.9419673144,2,0
0,0,0.1087107041,0.1451397266,0,0
0,0,0.2422683964,1.335576923,2,0
0,0,0.3306201424,0.8835174606,1,0
0,0,0.4638778787,1.332577363,0,0
0,0,0.758276494,2.943986153,1,0
0,0,1.167146113,4.088696191,2,-1
1,1,1.676859564,5.097134506
0,0,0,0,2,0
0,0,-0.1049291328,-1.049291328,1,0
0,0,-0.2125706506,-1.076415178,0,0
0,0,-0.2536386158,-0.4106796523,0,0
0,0,-0.2640088485,-0.1037023266,2,0
0,0,-0.4042271368,-1.402182883,2,0
0,0,-0.6893135246,-2.850863878,0,0
0,0,-0.9984727245,-3.091592,2,0
0,0,-1.479869779,-4.813970544,2,-1
1,1,-2.112788781,-6.329190019
0,0,0,0,0,0
0,0,0.08718064663,0.8718064663,0,0
0,0,0.274984006,1.878033594,2,0
0,0,0.4206206388,1.456366328,1,0
0,0,0.6224723043,2.018516655,2,0
0,0,0.8447330076,2.222607033,1,0
0,0,1.189825256,3.450922486,1,-1
1,1,1.665247666,4.754224097
0,0,0,0,2,0
0,0,-0.08670944924,-0.8670944924,2,0
0,0,-0.2630069836,-1.762975344,1,0
0,0,-0.4906232177,-2.276162341,2,0
0,0,-0.8703536045,-3.797303868,2,0
0,0,-1.411376623,-5.410230184,1,-1
1,1,-2.092985671,-6.816090478
0,0,0,0,1,0
0,0,-0.01741616825,-0.1741616825,1,0
0,0,-0.03964055405,-0.222243858,0,0
0,0,0.03455102152,0.7419157556,0,0
0,0,0.1867572147,1.522061932,0,0
0,0,0.4449983343,2.582411196,2,0
0,0,0.7000420285,2.550436942,2,0
0,0,0.9816813531,2.816393246,1,0
0,0,1.377557313,3.958759599,0,-1
1,1,1.929387642,5.518303292
0,0,0,0,1,0
0,0,-0.00196314597,-0.0196314597,0,0
0,0,0.0907276628,0.9269080877,0,0
0,0,0.2699497373,1.792220745,0,0
0,0,0.5915881428,3.216384055,2,0
0,0,0.9295088068,3.379206641,2,0
0,0,1.342087667,4.125788607,1,-1
1,1,1.889853507,5.477658392
0,0,0,0,2,0
0,0,-0.08906862855,-0.8906862855,2,0
0,0,-0.2799460245,-1.908773959,1,0
0,0,-0.5099611674,-2.300151429,1,0
0,0,-0.8262813455,-3.163201781,0,0
0,0,-1.20294219,-3.766608444,0,-1
1,1,-1.679943927,-4.770017368
0,0,0,0,1,0
0,0,-0.004082792913,-0.04082792913,0,0
0,0,0.06214262483,0.6622541774,2,0
0,0,0.0562942513,-0.0584837353,0,0
0,0,0.1495692492,0.9327499789,0,0
0,0,0.3465901584,1.970209092,2,0
0,0,0.5317499711,1.851598127,0,0
0,0,0.8836815378,3.519315668,1,0
0,0,1.33861103,4.549294917,1,-1
1,1,1.934048697,5.954376677
0,0,0,0,0,0
0,0,0.07787082295,0.7787082295,1,0
0,0,0.182374958,1.04504135,0,0
0,0,0.4062812157,2.239062578,0,0
0,0,0.7654518718,3.59170656,1,0
0,0,1.218764583,4.533127116,0,-1
1,1,1.831639036,6.12874453
0,0,0,0,2,0
0,0,-0.08637226388,-0.8637226388,0,0
0,0,-0.09319392734,-0.06821663459,0,0
0,0,-0.02291319104,0.702807363,1,0
0,0,0.03758825713,0.6050144817,1,0
0,0,0.08929012067,0.5170186354,1,0
0,0,0.1727089142,0.8341879356,2,0
0,0,0.2028064884,0.3009757415,1,0
0,0,0.2559533759,0.5314688751,0,0
0,0,0.4409620062,1.850086303,0,0
0,0,0.785713984,3.447519778,2,0
0,0,1.168700879,3.829868952,1,-1
1,1,1.682898288,5.141974087
0,0,0,0,1,0
0,0,0.01086215008,0.1086215008,0,0
0,0,0.1273617977,1.164996476,2,0
0,0,0.1711403246,0.4377852692,1,0
0,0,0.231060224,0.5991989934,1,0
0,0,0.3248367503,0.9377652635,0,0
0,0,0.5609530752,2.361163249,2,0
0,0,0.820902121,2.599490459,1,0
0,0,1.185616948,3.647148269,2,-1
1,1,1.653633611,4.68016663
0,0,0,0,1,0
0,0,-0.01731132635,-0.1731132635,0,0
0,0,0.04024524871,0.5755657505,2,0
0,0,0.01469287477,-0.2555237394,2,0
0,0,-0.1044812897,-1.191741645,1,0
0,0,-0.2254983991,-1.210171094,1,0
0,0,-0.3924208308,-1.669224317,2,0
0,0,-0.6938467299,-3.014258991,2,0
0,0,-1.163863765,-4.70017035,2,-1
1,1,-1.784889274,-6.210255094
0,0,0,0,2,0
0,0,-0.1018443171,-1.018443171,0,0
0,0,-0.1229843367,-0.2114001962,0,0
0,0,-0.07296459899,0.5001973773,1,0
0,0,-0.02311728819,0.4984731079,1,0
0,0,0.014664057,0.3778134519,0,0
0,0,0.1264308977,1.117668407,2,0
0,0,0.1848171851,0.5838628736,0,0
0,0,0.3530694464,1.682522614,1,0
0,0,0.5906245128,2.375550664,2,0
0,0,0.851164152,2.605396392,2,0
0,0,1.172883802,3.2171965,1,-1
1,1,1.625722858,4.528390561
0,0,0,0,0,0
0,0,0.08838517233,0.8838517233,1,0
0,0,0.1972502598,1.088650875,0,0
0,0,0.4138964794,2.166462195,1,0
0,0,0.7070905619,2.931940825,2,0
0,0,1.042330747,3.35240185,2,0
0,0,1.466088297,4.237575504,2,-1
1,1,2.024235334,5.581470367
0,0,0,0,1,0
0,0,0.01585660317,0.1585660317,0,0
0,0,0.1076012807,0.9174467754,0,0
0,0,0.3169536648,2.093523841,0,0
0,0,0.6494542135,3.325005486,2,0
0,0,1.014253139,3.647989256,2,0
0,0,1.45866216,4.44409021,1,-1
1,1,2.046283083,5.876209233
0,0,0,0,0,0
0,0,0.1045988062,1.045988062,1,0
0,0,0.2227415525,1.181427463,2,0
0,0,0.2848985087,0.6215695617,0,0
0,0,0.4768945757,1.91996067,0,0
0,0,0.8288688845,3.519743088,1,0
0,0,1.288428607,4.595597225,2,-1
1,1,1.865037108,5.766085007
0,0,0,0,1,0
0,0,-0.006693412453,-0.06693412453,2,0
0,0,-0.09659229017,-0.8989887772,2,0
0,0,-0.2913006155,-1.947083253,1,0
0,0,-0.519124991,-2.278243755,0,0
0,0,-0.7599067911,-2.407818001,2,0
0,0,-1.164414736,-4.045079448,2,-1
1,1,-1.729849851,-5.654351149
0,0,0,0,0,0
0,0,0.08155005184,0.8155005184,1,0
0,0,0.1871184239,1.055683721,1,0
0,0,0.3240503509,1.36931927,2,0
0,0,0.4363869849,1.12336634,1,0
0,0,0.6296376845,1.932506996,1,0
0,0,0.905823057,2.761853726,0,0
0,0,1.355579416,4.497563589,1,-1
1,1,1.941185209,5.856057936
0,0,0,0,0,0
0,0,0.08979720386,0.8979720386,2,0
0,0,0.116595406,0.2679820213,0,0
0,0,0.2527586954,1.361632894,0,0
0,0,0.5139253847,2.611666893,2,0
0,0,0.770032258,2.561068733,0,0
0,0,1.179386697,4.093544387,1,-1
1,1,1.724283095,5.448963979
0,0,0,0,0,0
0,0,0.1055278185,1.055278185,0,0
0,0,0.3019358845,1.96408066,0,0
0,0,0.6393359079,3.374000234,1,0
0,0,1.072899791,4.335638833,2,-1
1,1,1.584028797,5.111290053
0,0,0,0,1,0
0,0,-0.003448057404,-0.03448057404,1,0
0,0,0.006090938541,0.09538995945,0,0
0,0,0.09690881485,0.9081787631,1,0
0,0,0.2143849204,1.174761055,0,0
0,0,0.4404043319,2.260194115,2,0
0,0,0.6720162173,2.316118853,0,0
0,0,1.054262876,3.822466589,0,-1
1,1,1.592501117,5.38238241
0,0,0,0,0,0
0,0,0.08291313431,0.8291313431,1,0
0,0,0.1695267457,0.866136114,0,0
0,0,0.3831000378,2.135732921,2,0
0,0,0.5768297348,1.93729697,1,0
0,0,0.8529012162,2.760714814,2,0
0,0,1.195407184,3.425059674,1,-1
1,1,1.672872077,4.774648929
0,0,0,0,1,0
0,0,-0.01466962686,-0.1466962686,1,0
0,0,-0.02772887943,-0.1305925257,0,0
0,0,0.05337335617,0.811022356,1,0
0,0,0.157916187,1.045428309,0,0
0,0,0.3659170325,2.080008454,0,0
0,0,0.7054399862,3.395229537,1,0
0,0,1.144254623,4.388146367,2,-1
1,1,1.67165024,5.273956176
0,0,0,0,2,0
0,0,-0.08556529853,-0.8556529853,1,0
0,0,-0.1699093418,-0.8434404325,0,0
0,0,-0.2038091059,-0.3389976415,1,0
0,0,-0.2855332108,-0.8172410484,1,0
0,0,-0.4132636861,-1.277304753,0,0
0,0,-0.5320502138,-1.187865278,0,0
0,0,-0.6517476562,-1.196974424,2,0
0,0,-0.9330597909,-2.813121346,2,0
0,0,-1.387003046,-4.539432551,0,-1
1,1,-1.968165611,-5.811625653
0,0,0,0,1,0
0,0,0.0127419864,0.127419864,2,0
0,0,-0.06617110142,-0.7891308782,2,0
0,0,-0.2506418408,-1.844707394,2,0
0,0,-0.5592071575,-3.085653167,0,0
0,0,-0.8906128691,-3.314057116,2,0
0,0,-1.375619369,-4.850064995,1,-1
1,1,-1.999222437,-6.236030679
0,0,0,0,1,0
0,0,0.004592984883,0.04592984883,2,0
0,0,-0.06432100834,-0.6891399322,2,0
0,0,-0.242497887,-1.781768787,1,0
0,0,-0.4465576184,-2.040597314,2,0
0,0,-0.7983376579,-3.517800395,2,0
0,0,-1.303118928,-5.0478127,0,-1
1,1,-1.920445103,-6.173261748
0,0,0,0,1,0
0,0,0.01682718542,0.1682718542,2,0
0,0,-0.05821983803,-0.7504702344,0,0
0,0,-0.04349401799,0.1472582004,0,0
0,0,0.04814802441,0.916420424,0,0
0,0,0.242000276,1.938522516,0,0
0,0,0.5477225488,3.057222728,2,0
0,0,0.849055136,3.013325872,0,0
0,0,1.311032669,4.619775332,0,-1
1,1,1.931110004,6.200773344
0,0,0,0,2,0
0,0,-0.08752913849,-0.8752913849,1,0
0,0,-0.1751700141,-0.8764087559,0,0
0,0,-0.2102660762,-0.3509606214,0,0
0,0,-0.2038155589,0.06450517357,0,0
0,0,-0.1475441059,0.5627145295,0,0
0,0,-0.0208443191,1.266997868,1,0
0,0,0.0918578888,1.127022079,0,0
0,0,0.3181430051,2.262851163,2,0
0,0,0.504494656,1.863516509,1,0
0,0,0.7661444639,2.616498079,2,0
0,0,1.067587825,3.014433615,0,0
0,0,1.527434714,4.59846889,0,-1
1,1,2.136095128,6.086604132
0,0,0,0,2,0
0,0,-0.09975914237,-0.9975914237,1,0
0,0,-0.2080436969,-1.082845545,1,0
0,0,-0.3347605603,-1.267168633,0,0
0,0,-0.4450180724,-1.102575121,1,0
0,0,-0.6211133137,-1.760952413,0,0
0,0,-0.8093770507,-1.88263737,1,0
0,0,-1.106900213,-2.975231622,1,0
0,0,-1.528341231,-4.214410184,0,-1
1,1,-2.091923136,-5.635819042
0,0,0,0,1,0
0,0,-0.009943584598,-0.09943584598,1,0
0,0,-0.01042771363,-0.0048412903,0,0
0,0,0.06232107192,0.7274878555,0,0
0,0,0.2506008869,1.88279815,1,0
0,0,0.4964987775,2.458978906,0,0
0,0,0.9051485011,4.086497236,1,0
0,0,1.427883097,5.227345957,0,-1
1,1,2.103376132,6.754930349
0,0,0,0,2,0
0,0,-0.09028906918,-0.9028906918,0,0
0,0,-0.1019956091,-0.1170653992,1,0
0,0,-0.1383316903,-0.3633608115,0,0
0,0,-0.1052739522,0.3305773805,2,0
0,0,-0.1726158852,-0.6734193302,1,0
0,0,-0.2767540281,-1.041381429,1,0
0,0,-0.4262975063,-1.495434783,0,0
0,0,-0.5774550403,-1.511575339,0,0
0,0,-0.7371971866,-1.597421463,0,0
0,0,-0.9346212884,-1.974241018,2,0
0,0,-1.297890393,-3.63269105,1,-1
1,1,-1.803160915,-5.052705213
0,0,0,0,0,0
0,0,0.09483019613,0.9483019613,0,0
0,0,0.2772904968,1.824603006,2,0
0,0,0.4341178817,1.56827385,2,0
0,0,0.5834642395,1.493463577,1,0
0,0,0.8126558387,2.291915992,0,0
0,0,1.211384053,3.987282143,0,-1
1,1,1.769254761,5.578707079
0,0,0,0,2,0
0,0,-0.09405660835,-0.9405660835,2,0
0,0,-0.2965330871,-2.024764788,2,0
0,0,-0.6214845685,-3.249514813,0,0
0,0,-0.9624848819,-3.410003134,0,0
0,0,-1.382240059,-4.197551776,0,-1
1,1,-1.929309234,-5.470691748
0,0,0,0,1,0
0,0,0.01106371278,0.1106371278,2,0
0,0,-0.06007377492,-0.711374877,2,0
0,0,-0.243912761,-1.838389861,1,0
0,0,-0.4547573681,-2.108446071,0,0
0,0,-0.6462020974,-1.914447293,0,0
0,0,-0.8580405932,-2.118384958,1,0
0,0,-1.187094584,-3.290539904,2,-1
1,1,-1.675920399,-4.888258155
0,0,0,0,1,0
0,0,-0.01456030638,-0.1456030638,0,0
0,0,0.04466176523,0.592220716,2,0
0,0,0.007336273827,-0.373254914,2,0
0,0,-0.101058887,-1.083951609,1,0
0,0,-0.2436180379,-1.425591508,1,0
0,0,-0.4176353092,-1.740172713,0,0
0,0,-0.5765048048,-1.588694956,1,0
0,0,-0.8299830503,-2.534782455,0,0
0,0,-1.1495422,-3.195591495,2,-1
1,1,-1.626987032,-4.774448319
0,0,0,0,1,0
0,0,0.0126766177,0.126766177,0,0
0,0,0.1067512738,0.9407465609,0,0
0,0,0.2932956414,1.865443677,2,0
0,0,0.4415119277,1.482162863,2,0
0,0,0.5804734561,1.389615284,1,0
0,0,0.8197739187,2.393004626,2,0
0,0,1.106955491,2.871815722,1,0
0,0,1.520262535,4.133070438,0,-1
1,1,2.083275825,5.630132902
0,0,0,0,2,0
0,0,-0.08595115036,-0.8595115036,2,0
0,0,-0.2770514485,-1.911002982,2,0
0,0,-0.5884949586,-3.114435101,1,0
0,0,-0.9795730192,-3.910780605,2,0
0,0,-1.523740135,-5.441671159,2,-1
1,1,-2.215710283,-6.919701479
0,0,0,0,0,0
0,0,0.1028878573,1.028878573,2,0
0,0,0.1357549658,0.3286710847,1,0
0,0,0.1918963532,0.5614138739,2,0
0,0,0.1999796151,0.08083261897,2,0
0,0,0.1578027215,-0.4217689357,1,0
0,0,0.1394503396,-0.1835238197,0,0
0,0,0.2243328255,0.8488248591,0,0
0,0,0.4272274976,2.028946721,2,0
0,0,0.6290882122,2.018607146,0,0
0,0,0.986442733,3.573545208,1,0
0,0,1.462677134,4.762344012,0,-1
1,1,2.090360879,6.276837451
0,0,0,0,0,0
0,0,0.09062651668,0.9062651668,0,0
0,0,0.2971359945,2.065094778,2,0
0,0,0.4544872602,1.573512658,1,0
0,0,0.669194217,2.147069568,1,0
0,0,0.9783252935,3.091310765,0,0
0,0,1.457229476,4.789041823,0,-1
1,1,2.088218969,6.309894927
0,0,0,0,0,0
0,0,0.09183306982,0.9183306982,0,0
0,0,0.2806900036,1.888569338,2,0
0,0,0.4218256615,1.411356579,0,0
0,0,0.7142069125,2.92381251,2,0
0,0,1.03140263,3.171957173,0,0
0,0,1.505652914,4.742502841,2,-1
1,1,2.119659795,6.140068812
0,0,0,0,2,0
0,0,-0.09780008392,-0.9780008392,1,0
0,0,-0.2264390797,-1.286389958,1,0
0,0,-0.3902435151,-1.638044354,2,0
0,0,-0.6898041897,-2.995606745,1,0
0,0,-1.085831062,-3.960268719,0,-1
1,1,-1.573209504,-4.873784422
0,0,0,0,0,0
0,0,0.09135686471,0.9135686471,0,0
0,0,0.2819346991,1.905778344,1,0
0,0,0.5299456272,2.480109282,2,0
0,0,0.7723497878,2.424041606,0,0
0,0,1.174251996,4.019022084,0,-1
1,1,1.737457587,5.632055911
0,0,0,0,1,0
0,0,0.000719833156,0.00719833156,1,0
0,0,-0.01593496947,-0.1665480262,1,0
0,0,-0.02738615389,-0.1145118442,1,0
0,0,-0.04314200923,-0.1575585534,0,0
0,0,0.03692357241,0.8006558164,2,0
0,0,0.05223944093,0.1531586852,2,0
0,0,-0.008862242304,-0.6110168323,0,0
0,0,0.02650671564,0.3536895794,2,0
0,0,-0.01773650268,-0.4424321832,0,0
0,0,0.009526544144,0.2726304682,0,0
0,0,0.1195147213,1.099881772,0,0
0,0,0.3201736598,2.006589385,1,0
0,0,0.5707170434,2.505433836,2,0
0,0,0.8470307858,2.763137424,2,0
0,0,1.192032689,3.450019031,1,-1
1,1,1.66876203,4.767293412
0,0,0,0,0,0
0,0,0.1049061512,1.049061512,1,0
0,0,0.2402384185,1.353322672,2,0
0,0,0.3315672649,0.9132884647,2,0
0,0,0.3963372062,0.6476994132,1,0
0,0,0.538471634,1.421344278,1,0
0,0,0.7747015483,2.362299143,2,0
0,0,1.059158058,2.844565096,0,0
0,0,1.504469104,4.453110462,2,-1
1,1,2.089800572,5.853314681
0,0,0,0,2,0
0,0,-0.07765914262,-0.7765914262,2,0
0,0,-0.2467434808,-1.690843382,0,0
0,0,-0.3730041015,-1.262606207,0,0
0,0,-0.4909820507,-1.179779491,0,0
0,0,-0.62336149,-1.323794394,1,0
0,0,-0.8593622116,-2.360007216,1,0
0,0,-1.214767236,-3.554050244,0,-1
1,1,-1.682841302,-4.680740663
0,0,0,0,1,0
0,0,-0.01340580207,-0.1340580207,2,0
0,0,-0.1230614834,-1.096556814,1,0
0,0,-0.2708053841,-1.477439007,2,0
0,0,-0.5565861415,-2.857807574,2,0
0,0,-0.9916690934,-4.350829519,2,-1
1,1,-1.588115272,-5.964461782
0,0,0,0,0,0
0,0,0.08417317457,0.8417317457,2,0
0,0,0.08014563206,-0.04027542506,0,0
0,0,0.1897853038,1.096396718,1,0
0,0,0.3447537952,1.549684913,0,0
0,0,0.6231771395,2.784233444,1,0
0,0,0.999534562,3.763574225,0,0
0,0,1.537305867,5.377713053,2,-1
1,1,2.218114311,6.808084441
0,0,0,0,0,0
0,0,0.1055117165,1.055117165,0,0
0,0,0.3140895915,2.08577875,1,0
0,0,0.5872696201,2.731800286,0,0
0,0,1.005334033,4.180644129,2,0
0,0,1.493674119,4.883400865,2,-1
1,1,2.119242518,6.255683987
0,0,0,0,2,0
0,0,-0.08881338991,-0.8881338991,1,0
0,0,-0.1883752792,-0.9956188927,2,0
0,0,-0.3918261199,-2.034508408,2,0
0,0,-0.7452940912,-3.534679712,0,0
0,0,-1.136003308,-3.907092167,0,-1
1,1,-1.621995363,-4.859920554
0,0,0,0,0,0
0,0,0.07583986218,0.7583986218,0,0
0,0,0.2434957511,1.676558889,0,0
0,0,0.5344763607,2.909806096,2,0
0,0,0.8359307073,3.014543466,2,0
0,0,1.183805068,3.478743612,2,-1
1,1,1.639063262,4.552581935
0,0,0,0,2,0
0,0,-0.08295511478,-0.8295511478,0,0
0,0,-0.08040179662,0.02553318161,0,0
0,0,0.003255535694,0.8365733231,1,0
0,0,0.07948843527,0.7623289957,0,0
0,0,0.2412571287,1.617686934,0,0
0,0,0.5117774892,2.705203605,1,0
0,0,0.8645835893,3.528061001,2,0
0,0,1.282362709,4.177791194,2,-1
1,1,1.812695073,5.303323647
0,0,0,0,1,0
0,0,-0.01629759993,-0.1629759993,0,0
0,0,0.0552355246,0.7153312453,2,0
0,0,0.03413436386,-0.2110116074,0,0
0,0,0.0943741058,0.6023974194,2,0
0,0,0.09130972412,-0.03064381682,0,0
0,0,0.2005632886,1.092535644,0,0
0,0,0.4175802576,2.17016969,0,0
0,0,0.7843604804,3.667802228,2,0
0,0,1.202300315,4.179398344,2,-1
1,1,1.728792217,5.26491902
0,0,0,0,2,0
0,0,-0.09495714857,-0.9495714857,2,0
0,0,-0.2827201783,-1.877630297,2,0
0,0,-0.6063061594,-3.235859811,2,0
0,0,-1.084072103,-4.777659438,1,-1
1,1,-1.687429049,-6.033569463
0,0,0,0,1,0
0,0,-0.0110825979,-0.110825979,1,0
0,0,-0.01626699219,-0.05184394293,1,0
0,0,-0.02898338476,-0.1271639257,1,0
0,0,-0.06426618993,-0.3528280517,1,0
0,0,-0.1213033123,-0.5703712236,2,0
0,0,-0.2767867515,-1.554834392,2,0
0,0,-0.5676560195,-2.90869268,1,0
0,0,-0.9416623146,-3.74006295,1,0
0,0,-1.422482486,-4.808201715,0,-1
1,1,-2.032778782,-6.102962963
0,0,0,0,1,0
0,0,-0.01000702915,-0.1000702915,1,0
0,0,-0.01820793024,-0.08200901093,1,0
0,0,-0.04518102425,-0.2697309401,2,0
0,0,-0.1803572647,-1.351762405,1,0
0,0,-0.3397569152,-1.593996505,2,0
0,0,-0.6199669738,-2.802100587,1,0
0,0,-0.9772496249,-3.57282651,1,0
0,0,-1.445164157,-4.679145324,1,-1
1,1,-2.054556138,-6.093919808
0,0,0,0,0,0
0,0,0.09509127144,0.9509127144,1,0
0,0,0.2119954299,1.169041585,2,0
0,0,0.2864219117,0.7442648176,2,0
0,0,0.3376027137,0.5118080206,2,0
0,0,0.3543585992,0.1675588545,1,0
0,0,0.4207360393,0.6637744013,2,0
0,0,0.488105488,0.6736944865,0,0
0,0,0.6932620831,2.051565951,1,0
0,0,1.008152455,3.148903716,2,0
0,0,1.408274613,4.001221583,1,-1
1,1,1.949243254,5.409686408
0,0,0,0,2,0
0,0,-0.07171478195,-0.7171478195,0,0
0,0,-0.05676414323,0.1495063872,1,0
0,0,-0.05320069223,0.03563451,0,0
0,0,0.03227859636,0.8547928859,0,0
0,0,0.2027874468,1.705088504,1,0
0,0,0.3965896199,1.938021731,1,0
0,0,0.646650238,2.500606181,2,0
0,0,0.9300493418,2.833991039,0,0
0,0,1.37221487,4.421655281,2,-1
1,1,1.936616636,5.644017663
0,0,0,0,1,0
0,0,0.01196723162,0.1196723162,1,0
0,0,0.0386420259,0.2667479427,2,0
0,0,0.001012301102,-0.3762972479,2,0
0,0,-0.1395075383,-1.405198394,0,0
0,0,-0.2044457315,-0.649381933,2,0
0,0,-0.3748729105,-1.704271789,1,0
0,0,-0.6196704649,-2.447975544,0,0
0,0,-0.8840311498,-2.643606849,2,0
0,0,-1.314520667,-4.304895171,2,-1
1,1,-1.902890946,-5.883702787
0,0,0,0,2,0
0,0,-0.1014340785,-1.014340785,2,0
0,0,-0.3042005282,-2.027664498,2,0
0,0,-0.6323614715,-3.281609433,1,0
0,0,-1.049249769,-4.168882974,1,-1
1,1,-1.583916797,-5.346670276
0,0,0,0,0,0
0,0,0.1039744728,1.039744728,1,0
0,0,0.2274189085,1.234444358,1,0
0,0,0.3850660805,1.57647172,0,0
0,0,0.6897513467,3.046852662,0,0
0,0,1.16137671,4.716253636,0,-1
1,1,1.794840714,6.334640041
0,0,0,0,2,0
0,0,-0.1005098011,-1.005098011,2,0
0,0,-0.2974116639,-1.969018628,2,0
0,0,-0.6317658278,-3.343541639,1,0
0,0,-1.051084654,-4.193188267,0,0
0,0,-1.546606043,-4.955213888,2,-1
1,1,-2.190062194,-6.434561504
0,0,0,0,0,0
0,0,0.08744450015,0.8744450015,2,0
0,0,0.08970035244,0.02255852286,2,0
0,0,0.01387042747,-0.7582992497,2,0
0,0,-0.1317010951,-1.455715226,0,0
0,0,-0.2090072584,-0.7730616328,2,0
0,0,-0.4222748178,-2.132675594,0,0
0,0,-0.6278352068,-2.05560389,0,0
0,0,-0.8596247096,-2.317895028,1,0
0,0,-1.211143458,-3.515187483,2,-1
1,1,-1.726744861,-5.15601403
0,0,0,0,0,0
0,0,0.1055581216,1.055581216,1,0
0,0,0.2401611609,1.346030392,1,0
0,0,0.4062350725,1.660739116,1,0
0,0,0.6369354779,2.307004054,0,0
0,0,1.02483432,3.87898842,2,0
0,0,1.487292982,4.624586616,0,-1
1,1,2.099437749,6.121447679
0,0,0,0,1,0
0,0,0.004012060041,0.04012060041,1,0
0,0,1.529009462e-05,-0.03996769946,1,0
0,0,0.002703364953,0.02688074858,2,0
0,0,-0.09881553215,-1.015188971,0,0
0,0,-0.1408811312,-0.4206559903,1,0
0,0,-0.2072757182,-0.6639458704,0,0
0,0,-0.2103454641,-0.03069745874,0,0
0,0,-0.1558871926,0.5445827147,0,0
0,0,-0.03171914887,1.241680438,0,0
0,0,0.1724842156,2.042033644,0,0
0,0,0.5015045045,3.290202889,2,0
0,0,0.8406084263,3.391039218,1,0
0,0,1.295909744,4.553013182,2,-1
1,1,1.863909237,5.679994926
0,0,0,0,1,0
0,0,0.01110935301,0.1110935301,1,0
0,0,0.007619300591,-0.03490052419,1,0
0,0,0.01126245817,0.03643157579,0,0
0,0,0.1084823595,0.972199013,0,0
0,0,0.320033705,2.115513456,2,0
0,0,0.5026581368,1.826244318,0,0
0,0,0.8370165555,3.343584187,2,0
0,0,1.230954134,3.939375782,2,-1
1,1,1.737093409,5.061392756
0,0,0,0,1,0
0,0,-0.003329508445,-0.03329508445,1,0
0,0,0.005188842715,0.0851835116,1,0
0,0,0.02100137975,0.1581253704,0,0
0,0,0.1318703111,1.108689313,0,0
0,0,0.3602309644,2.283606534,2,0
0,0,0.5696750145,2.0944405,0,0
0,0,0.9393896272,3.697146128,0,0
0,0,1.476311936,5.369223092,1,-1
1,1,2.154417994,6.78106058
0,0,0,0,1,0
0,0,0.003017560735,0.03017560735,0,0
0,0,0.1106453025,1.076277417,0,0
0,0,0.3417307568,2.310854543,2,0
0,0,0.5603256566,2.185948998,0,0
0,0,0.9388626484,3.785369918,1,0
0,0,1.431837819,4.929751708,2,-1
1,1,2.056482618,6.24644799
0,0,0,0,2,0
0,0,-0.09179146298,-0.9179146298,2,0
0,0,-0.2831127609,-1.91321298,2,0
0,0,-0.5880684695,-3.049557085,2,0
0,0,-1.057046559,-4.689780891,1,-1
1,1,-1.647647677,-5.906011186
0,0,0,0,2,0
0,0,-0.1023371243,-1.023371243,2,0
0,0,-0.2950440429,-1.927069186,1,0
0,0,-0.5445104982,-2.494664553,2,0
0,0,-0.9543738168,-4.098633186,0,0
0,0,-1.434962739,-4.805889224,0,-1
1,1,-2.047789232,-6.128264927
0,0,0,0,0,0
0,0,0.09856206728,0.9856206728,0,0
0,0,0.3118475769,2.132855096,2,0
0,0,0.4898106008,1.779630239,1,0
0,0,0.7578398316,2.680292308,2,0
0,0,1.062248663,3.044088312,0,0
0,0,1.537829748,4.755810847,1,-1
1,1,2.159588751,6.217590032
0,0,0,0,0,0
0,0,0.08091171875,0.8091171875,0,0
0,0,0.2608073753,1.798956565,0,0
0,0,0.5761076113,3.15300236,1,0
0,0,0.9721731929,3.960655816,0,0
0,0,1.536744521,5.645713277,0,-1
1,1,2.24952622,7.12781699
0,0,0,0,1,0
0,0,0.002215051845,0.02215051845,1,0
0,0,0.002140716932,-0.000743349132,0,0
0,0,0.09808685125,0.9594613431,0,0
0,0,0.2932249416,1.951380904,0,0
0,0,0.6148983916,3.216734499,1,0
0,0,1.029279468,4.143810759,1,0
0,0,1.558300797,5.290213294,2,-1
1,1,2.232981023,6.746802261
0,0,0,0,1,0
0,0,-0.0042800705,-0.042800705,0,0
0,0,0.09441290358,0.9869297408,2,0
0,0,0.1137964268,0.1938352318,1,0
0,0,0.1687700361,0.5497360938,1,0
0,0,0.2567352421,0.8796520592,0,0
0,0,0.4877482669,2.310130248,2,0
0,0,0.7041955938,2.16447327,1,0
0,0,1.032158719,3.279631254,1,0
0,0,1.481006394,4.488476745,1,-1
1,1,2.074344028,5.933376346
0,0,0,0,0,0
0,0,0.07437600233,0.7437600233,1,0
0,0,0.1759548068,1.015788045,0,0
0,0,0.3819369668,2.0598216,1,0
0,0,0.6414795221,2.595425553,0,0
0,0,1.057424979,4.159454572,1,-1
1,1,1.598238564,5.408135848
0,0,0,0,2,0
0,0,-0.08733174788,-0.8733174788,1,0
0,0,-0.2003472814,-1.130155335,2,0
0,0,-0.4160811903,-2.157339089,1,0
0,0,-0.6891912989,-2.731101086,0,0
0,0,-0.9944510809,-3.05259782,1,0
0,0,-1.413913021,-4.194619402,1,-1
1,1,-1.975282009,-5.613689881
0,0,0,0,1,0
0,0,-0.007485581309,-0.07485581309,0,0
0,0,0.06914002905,0.7662561036,2,0
0,0,0.07472725022,0.05587221169,2,0
0,0,-0.0008686437612,-0.7559589398,2,0
0,0,-0.1553821088,-1.545134651,1,0
0,0,-0.3287231831,-1.733410743,0,0
0,0,-0.464263417,-1.355402338,2,0
0,0,-0.7477831983,-2.835197814,0,0
0,0,-1.082222601,-3.344394031,2,-1
1,1,-1.582885165,-5.006625636
0,0,0,0,1,0
0,0,0.01547079916,0.1547079916,0,0
0,0,0.1314962836,1.160254845,2,0
0,0,0.1760856434,0.4458935982,1,0
0,0,0.2444059712,0.6832032776,0,0
0,0,0.4529711864,2.085652152,1,0
0,0,0.7369453501,2.839741637,2,0
0,0,1.054866616,3.179212654,2,0
0,0,1.455074544,4.002079281,0,-1
1,1,2.006935807,5.518612636
0,0,0,0,2,0
0,0,-0.09071684968,-0.9071684968,2,0
0,0,-0.2840588135,-1.933419638,1,0
0,0,-0.5163684995,-2.32309686,2,0
0,0,-0.9082599354,-3.918914359,0,0
0,0,-1.362547485,-4.5428755,0,-1
1,1,-1.940670975,-5.781234898
0,0,0,0,0,0
0,0,0.09390831909,0.9390831909,1,0
0,0,0.2068490607,1.129407416,1,0
0,0,0.3524770574,1.456279967,2,0
0,0,0.4687430273,1.1626597,0,0
0,0,0.7408359631,2.720929358,1,0
0,0,1.106288513,3.654525502,2,0
0,0,1.567018645,4.60730132,0,-1
1,1,2.174948676,6.07930031
0,0,0,0,1,0
0,0,-0.01516988335,-0.1516988335,0,0
0,0,0.07217448,0.8734436335,2,0
0,0,0.07967864127,0.07504161275,2,0
0,0,0.02841800348,-0.5126063779,0,0
0,0,0.07762785365,0.4920985017,2,0
0,0,0.04488443524,-0.3274341841,0,0
0,0,0.1124105553,0.6752612007,0,0
0,0,0.294004573,1.815940177,1,0
0,0,0.5248912258,2.308866527,1,0
0,0,0.820598293,2.957070672,0,0
0,0,1.279052099,4.584538059,2,-1
1,1,1.852024497,5.729723978
0,0,0,0,2,0
0,0,-0.08423109849,-0.8423109849,2,0
0,0,-0.2720992427,-1.878681442,0,0
0,0,-0.4065107937,-1.34411551,2,0
0,0,-0.6976281176,-2.911173239,2,0
0,0,-1.151249022,-4.536209045,0,-1
1,1,-1.700636702,-5.493876799
0,0,0,0,2,0
0,0,-0.07558702043,-0.7558702043,0,0
0,0,-0.08235688635,-0.06769865915,1,0
0,0,-0.1207710855,-0.3841419916,1,0
0,0,-0.1972822428,-0.7651115724,1,0
0,0,-0.3144984018,-1.172161591,1,0
0,0,-0.4843920397,-1.698936379,2,0
0,0,-0.8121051215,-3.277130818,1,0
0,0,-1.241648595,-4.295434733,0,-1
1,1,-1.783488891,-5.418402959
0,0,0,0,2,0
0,0,-0.08454099055,-0.8454099055,1,0
0,0,-0.2000955937,-1.155546032,2,0
0,0,-0.4235777956,-2.234822019,2,0
0,0,-0.7937343927,-3.701565971,0,0
0,0,-1.201946557,-4.082121644,2,-1
1,1,-1.770546316,-5.68599759
0,0,0,0,1,0
0,0,0.005604579163,0.05604579163,1,0
0,0,0.006429576392,0.00824997229,1,0
0,0,0.02150404932,0.1507447292,0,0
0,0,0.1287778318,1.072737825,2,0
0,0,0.1547487596,0.2597092776,2,0
0,0,0.1233417938,-0.3140696573,1,0
0,0,0.1264733668,0.03131572914,2,0
0,0,0.04897830148,-0.7749506528,1,0
0,0,-0.005023186027,-0.540014875,2,0
0,0,-0.1455085146,-1.404853286,2,0
0,0,-0.3847034424,-2.391949277,0,0
0,0,-0.6179860483,-2.33282606,2,0
0,0,-1.019420677,-4.014346288,2,-1
1,1,-1.576724956,-5.573042785
0,0,0,0,0,0
0,0,0.08060899633,0.8060899633,1,0
0,0,0.1789034363,0.9829444001,0,0
0,0,0.4019469045,2.230434682,0,0
0,0,0.763999824,3.620529195,2,0
0,0,1.168752501,4.047526768,0,-1
1,1,1.72973343,5.609809288
0,0,0,0,2,0
0,0,-0.1026734457,-1.026734457,1,0
0,0,-0.225341401,-1.226679553,2,0
0,0,-0.4720015092,-2.466601082,1,0
0,0,-0.7866830801,-3.146815709,2,0
0,0,-1.273181127,-4.864980474,2,-1
1,1,-1.915186902,-6.42005775
0,0,0,0,0,0
0,0,0.07090320627,0.7090320627,2,0
0,0,0.05148431031,-0.1941889596,0,0
0,0,0.11287223,0.6138791965,2,0
0,0,0.1024594904,-0.1041273952,1,0
0,0,0.1084287446,0.05969254134,1,0
0,0,0.1354345249,0.2700578028,0,0
0,0,0.2627257927,1.272912678,1,0
0,0,0.428698477,1.659726843,0,0
0,0,0.746493329,3.177948519,1,0
0,0,1.161739216,4.152458873,0,-1
1,1,1.73242434,5.706851238
0,0,0,0,2,0
0,0,-0.1037740022,-1.037740022,2,0
0,0,-0.3188506215,-2.150766192,1,0
0,0,-0.5829350335,-2.640844121,2,0
0,0,-1.006839684,-4.239046502,0,0
0,0,-1.502365588,-4.95525904,0,-1
1,1,-2.137128851,-6.34763263
0,0,0,0,1,0
0,0,9.703853405e-06,9.703853405e-05,0,0
0,0,0.1026249488,1.02615245,0,0
0,0,0.3069452029,2.04320254,1,0
0,0,0.5569960829,2.500508801,1,0
0,0,0.8826670884,3.256710055,2,0
0,0,1.269480131,3.868130423,1,-1
1,1,1.792976356,5.234962258
0,0,0,0,1,0
0,0,-0.01647765166,-0.1647765166,2,0
0,0,-0.1193187045,-1.028410529,1,0
0,0,-0.2496947555,-1.30376051,2,0
0,0,-0.5157555787,-2.660608232,0,0
0,0,-0.7877896367,-2.72034058,1,0
0,0,-1.158155513,-3.703658761,2,-1
1,1,-1.686542345,-5.283868322
0,0,0,0,0,0
0,0,0.07619074839,0.7619074839,1,0
0,0,0.1488520099,0.7266126155,1,0
0,0,0.2364974115,0.8764540153,2,0
0,0,0.2946962217,0.5819881026,1,0
0,0,0.4048930138,1.101967921,2,0
0,0,0.4870386523,0.8214563852,0,0
0,0,0.7217789643,2.34740312,1,0
0,0,1.048453424,3.266744597,2,0
0,0,1.454240304,4.057868802,0,-1
1,1,2.010901914,5.566616098
0,0,0,0,1,0
0,0,0.01136839369,0.1136839369,1,0
0,0,0.01114631317,-0.002220805249,1,0
0,0,0.001457333738,-0.09688979432,2,0
0,0,-0.1087830179,-1.102403516,2,0
0,0,-0.3261851647,-2.174021468,1,0
0,0,-0.6024090688,-2.762239042,0,0
0,0,-0.9057988195,-3.033897507,0,0
0,0,-1.28288233,-3.770835106,0,-1
1,1,-1.774270858,-4.913885278
0,0,0,0,0,0
0,0,0.1002644688,1.002644688,0,0
0,0,0.3127923544,2.125278856,0,0
0,0,0.6486667613,3.358744069,1,0
0,0,1.084358535,4.356917732,2,-1
1,1,1.602455834,5.180972991
0,0,0,0,2,0
0,0,-0.09806854399,-0.9806854399,1,0
0,0,-0.2290351989,-1.309666549,1,0
0,0,-0.4045740478,-1.755388489,2,0
0,0,-0.7177803386,-3.132062908,1,0
0,0,-1.131825965,-4.140456269,0,-1
1,1,-1.636874392,-5.050484261
0,0,0,0,0,0
0,0,0.07147684918,0.7147684918,0,0
0,0,0.2469718712,1.75495022,2,0
0,0,0.384940612,1.379687409,2,0
0,0,0.4901394082,1.051987961,2,0
0,0,0.6093396233,1.192002151,0,0
0,0,0.9016845781,2.923449549,1,0
0,0,1.312981821,4.112972429,2,-1
1,1,1.845285298,5.323034766
0,0,0,0,1,0
0,0,-0.004999082374,-0.04999082374,2,0
0,0,-0.1017278328,-0.9672875042,0,0
0,0,-0.1234304734,-0.2170264058,0,0
0,0,-0.07038026072,0.5305021265,1,0
0,0,-0.01845086943,0.5192939129,2,0
0,0,-0.05836610336,-0.3991523393,0,0
0,0,-0.01826746321,0.4009864014,1,0
0,0,0.008046282502,0.2631374572,0,0
0,0,0.1406427673,1.325964848,0,0
0,0,0.3975603312,2.569175639,0,0
0,0,0.782558591,3.849982598,0,0
0,0,1.317435585,5.348769939,1,-1
1,1,1.984045792,6.666102067
0,0,0,0,2,0
0,0,-0.08047348658,-0.8047348658,0,0
0,0,-0.09879216807,-0.1831868149,2,0
0,0,-0.2370705853,-1.382784172,1,0
0,0,-0.4285744738,-1.915038885,2,0
0,0,-0.7709745101,-3.424000363,2,0
0,0,-1.277435357,-5.064608468,0,-1
1,1,-1.897895306,-6.204599488
0,0,0,0,2,0
0,0,-0.07176330795,-0.7176330795,0,0
0,0,-0.08487204251,-0.1310873456,2,0
0,0,-0.1940543453,-1.091823028,1,0
0,0,-0.3282816831,-1.342273378,0,0
0,0,-0.4471168235,-1.188351405,2,0
0,0,-0.7196379905,-2.72521167,0,0
0,0,-1.033407545,-3.137695541,0,0
0,0,-1.424728196,-3.913206518,0,-1
1,1,-1.946391824,-5.216636274
0,0,0,0,1,0
0,0,1.091852696e-05,0.0001091852696,2,0
0,0,-0.08532246064,-0.8533337917,1,0
0,0,-0.1916723724,-1.063499118,0,0
0,0,-0.2398987279,-0.4822635549,2,0
0,0,-0.4008623885,-1.609636606,0,0
0,0,-0.5391025757,-1.382401871,0,0
0,0,-0.6858695064,-1.467669308,0,0
0,0,-0.8656041645,-1.79734658,2,0
0,0,-1.20989464,-3.442904758,1,-1
1,1,-1.689087164,-4.79192524
0,0,0,0,0,0
0,0,0.09801990658,0.9801990658,1,0
0,0,0.2296084227,1.315885161,2,0
0,0,0.3158427557,0.8623433296,1,0
0,0,0.4708867966,1.550440409,0,0
0,0,0.7898822546,3.18995458,0,0
0,0,1.279688055,4.898058006,1,-1
1,1,1.901934541,6.222464856
0,0,0,0,0,0
0,0,0.07153109827,0.7153109827,2,0
0,0,0.06588735814,-0.05643740125,0,0
0,0,0.158740558,0.9285319982,2,0
0,0,0.1835218426,0.2478128463,1,0
0,0,0.2397404325,0.5621858992,1,0
0,0,0.3346484215,0.9490798896,0,0
0,0,0.5581759303,2.235275088,0,0
0,0,0.9405740557,3.823981254,0,0
0,0,1.47558577,5.350117147,0,-1
1,1,2.161260669,6.856748983
0,0,0,0,0,0
0,0,0.08968799105,0.8968799105,2,0
0,0,0.09637386357,0.06685872517,0,0
0,0,0.204258521,1.078846574,2,0
0,0,0.2511756382,0.4691711718,0,0
0,0,0.4278194258,1.766437876,1,0
0,0,0.6745248091,2.467053833,1,0
0,0,1.012331122,3.37806313,1,0
0,0,1.475283927,4.629528051,0,-1
1,1,2.088008821,6.127248936
0,0,0,0,1,0
0,0,0.001166225189,0.01166225189,0,0
0,0,0.08287583598,0.8170961079,1,0
0,0,0.1663270416,0.8345120567,0,0
0,0,0.3719127175,2.055856759,1,0
0,0,0.6494859345,2.77573217,2,0
0,0,0.9593895037,3.099035692,1,0
0,0,1.395973955,4.365844516,2,-1
1,1,1.958885839,5.629118837
0,0,0,0,2,0
0,0,-0.09274337669,-0.9274337669,0,0
0,0,-0.1181179624,-0.253745857,0,0
0,0,-0.08524433262,0.3287362976,1,0
0,0,-0.0656382622,0.1960607042,2,0
0,0,-0.1480349255,-0.8239666329,0,0
0,0,-0.1585152458,-0.1048032032,1,0
0,0,-0.179446773,-0.2093152721,0,0
0,0,-0.1534035424,0.2604323061,2,0
0,0,-0.2481870008,-0.9478345839,2,0
0,0,-0.4558621409,-2.076751401,2,0
0,0,-0.816225826,-3.603636851,0,0
0,0,-1.220293159,-4.040673326,0,-1
1,1,-1.734137402,-5.138442439
0,0,0,0,2,0
0,0,-0.0839807159,-0.839807159,1,0
0,0,-0.1769457775,-0.9296506163,0,0
0,0,-0.2210900226,-0.4414424506,2,0
0,0,-0.3849790788,-1.638890562,0,0
0,0,-0.5222759803,-1.372969016,0,0
0,0,-0.6769227124,-1.546467321,2,0
0,0,-0.9829903547,-3.060676423,2,0
0,0,-1.450768538,-4.67778183,0,-1
1,1,-2.050484929,-5.997163908
0,0,0,0,1,0
0,0,0.01100424056,0.1100424056,0,0
0,0,0.129340566,1.183363254,2,0
0,0,0.1783513099,0.4901074396,0,0
0,0,0.3449965152,1.666452052,0,0
0,0,0.6356163382,2.90619823,2,0
0,0,0.9496728465,3.140565083,1,0
0,0,1.377899821,4.282269747,0,-1
1,1,1.957867299,5.799674779
0,0,0,0,1,0
0,0,-0.002431570005,-0.02431570005,1,0
0,0,0.008936001105,0.1136757111,2,0
0,0,-0.06188785894,-0.7082386004,0,0
0,0,-0.07257737736,-0.1068951842,2,0
0,0,-0.177053915,-1.044765376,1,0
0,0,-0.2952878669,-1.182339519,0,0
0,0,-0.3645439474,-0.6925608047,1,0
0,0,-0.5092982704,-1.447543231,0,0
0,0,-0.6494605073,-1.401622369,2,0
0,0,-0.941105456,-2.916449487,2,0
0,0,-1.39684963,-4.557441739,2,-1
1,1,-2.006639369,-6.097897392
0,0,0,0,2,0
0,0,-0.1000869231,-1.000869231,0,0
0,0,-0.1254975476,-0.2541062452,2,0
0,0,-0.2768422821,-1.513447345,1,0
0,0,-0.4613798671,-1.84537585,2,0
0,0,-0.7818628945,-3.204830274,2,0
0,0,-1.261026595,-4.791637001,1,-1
1,1,-1.869999983,-6.089733888
0,0,0,0,1,0
0,0,0.01289972973,0.1289972973,2,0
0,0,-0.04581285311,-0.5871258284,1,0
0,0,-0.1011642221,-0.5535136904,0,0
0,0,-0.09722263338,0.03941588771,2,0
0,0,-0.2009197915,-1.036971581,0,0
0,0,-0.2425632165,-0.4164342506,2,0
0,0,-0.4070624663,-1.644992498,0,0
0,0,-0.5522651867,-1.452027204,0,0
0,0,-0.7130190203,-1.607538336,0,0
0,0,-0.9131343677,-2.001153475,2,0
0,0,-1.276924438,-3.637900707,0,-1
1,1,-1.755713207,-4.787887681
0,0,0,0,2,0
0,0,-0.09899376952,-0.9899376952,1,0
0,0,-0.2315021985,-1.32508429,0,0
0,0,-0.3065163405,-0.7501414195,0,0
0,0,-0.3574789138,-0.5096257333,0,0
0,0,-0.3720767678,-0.1459785394,1,0
0,0,-0.4598793648,-0.8780259707,0,0
0,0,-0.5347213634,-0.7484199857,1,0
0,0,-0.6801988824,-1.45477519,0,0
0,0,-0.8593621012,-1.791632188,0,0
0,0,-1.100847564,-2.414854629,0,0
0,0,-1.442816293,-3.419687287,2,-1
1,1,-1.936992324,-4.941760308
0,0,0,0,0,0
0,0,0.09253821843,0.9253821843,2,0
0,0,0.09702762408,0.04489405651,1,0
0,0,0.1044001238,0.07372499726,2,0
0,0,0.05235544048,-0.5204468333,1,0
0,0,0.01029586199,-0.4205957849,0,0
0,0,0.06254219917,0.5224633718,0,0
0,0,0.2112841496,1.487419504,0,0
0,0,0.4963230327,2.85038883,1,0
0,0,0.8479801587,3.51657126,0,0
0,0,1.370030938,5.220507795,1,-1
1,1,2.027094092,6.570631541
0,0,0,0,2,0
0,0,-0.09652494269,-0.9652494269,2,0
0,0,-0.2963238805,-1.997989378,0,0
0,0,-0.4725092057,-1.761853252,2,0
0,0,-0.8110186145,-3.385094088,2,0
0,0,-1.321154623,-5.101360089,2,-1
1,1,-1.983399281,-6.622446573
0,0,0,0,0,0
0,0,0.09833796549,0.9833796549,1,0
0,0,0.2130970737,1.147591082,1,0
0,0,0.3696144624,1.565173887,2,0
0,0,0.501762691,1.321482286,1,0
0,0,0.7060820271,2.043193361,2,0
0,0,0.954432828,2.483508009,2,0
0,0,1.272834759,3.184019315,2,-1
1,1,1.711083721,4.38248962
0,0,0,0,2,0
0,0,-0.08595059781,-0.8595059781,0,0
0,0,-0.1045631886,-0.1861259083,0,0
0,0,-0.03690288318,0.6766030546,2,0
0,0,-0.0588716085,-0.2196872532,0,0
0,0,-0.004112507657,0.5475910084,0,0
0,0,0.129076271,1.331887786,1,0
0,0,0.2880746608,1.589983898,2,0
0,0,0.4175389094,1.294642486,2,0
0,0,0.5322708368,1.147319274,1,0
0,0,0.7223127605,1.900419238,2,0
0,0,0.9463076785,2.23994918,0,0
0,0,1.334598676,3.882909978,1,-1
1,1,1.863357229,5.287585532
0,0,0,0,1,0
0,0,0.009007729913,0.09007729913,1,0
0,0,0.004804620039,-0.04203109873,1,0
0,0,0.01626793405,0.1146331401,2,0
0,0,-0.06612399572,-0.8239192977,1,0
0,0,-0.1631625893,-0.9703859357,2,0
0,0,-0.3664266628,-2.032640735,1,0
0,0,-0.6210107872,-2.545841244,0,0
0,0,-0.8946896563,-2.736788691,0,0
0,0,-1.237317068,-3.426274119,1,-1
1,1,-1.720299661,-4.829825929
0,0,0,0,0,0
0,0,0.08622641487,0.8622641487,1,0
0,0,0.1814858468,0.9525943193,1,0
0,0,0.3128835706,1.313977238,0,0
0,0,0.5727411225,2.598575519,2,0
0,0,0.8575024926,2.847613701,2,0
0,0,1.193040868,3.355383755,0,-1
1,1,1.69086471,4.978238418
0,0,0,0,2,0
0,0,-0.1027371714,-1.027371714,0,0
0,0,-0.1316909361,-0.2895376471,0,0
0,0,-0.1027851865,0.289057496,0,0
0,0,0.004234379196,1.070195657,0,0
0,0,0.2045547024,2.003203232,0,0
0,0,0.5377370365,3.331823341,2,0
0,0,0.8667569043,3.290198678,0,0
0,0,1.367643221,5.008863163,2,-1
1,1,1.992944322,6.253011013
0,0,0,0,0,0
0,0,0.0970909843,0.970909843,2,0
0,0,0.1097309962,0.1264001187,1,0
0,0,0.1464986779,0.3676768174,0,0
0,0,0.3081863516,1.616876737,0,0
0,0,0.6080760344,2.998896827,2,0
0,0,0.9394847429,3.314087086,2,0
0,0,1.346364036,4.068792935,0,-1
1,1,1.905657179,5.59293143
0,0,0,0,0,0
0,0,0.0995062813,0.995062813,2,0
0,0,0.1427696306,0.4326334925,1,0
0,0,0.1998603064,0.570906758,2,0
0,0,0.2149141218,0.1505381546,0,0
0,0,0.3430919891,1.281778673,0,0
0,0,0.6243880836,2.812960945,0,0
0,0,1.060680183,4.362920991,0,-1
1,1,1.660109204,5.994290209
0,0,0,0,0,0
0,0,0.07929340963,0.7929340963,2,0
0,0,0.1005666165,0.2127320686,2,0
0,0,0.04088817681,-0.5967843968,1,0
0,0,-0.02903416014,-0.6992233695,1,0
0,0,-0.1057668761,-0.7673271598,1,0
0,0,-0.1990991987,-0.9333232255,2,0
0,0,-0.4135580399,-2.144588413,1,0
0,0,-0.7029514285,-2.893933886,2,0
0,0,-1.153470081,-4.505186527,2,-1
1,1,-1.756506454,-6.030363726
0,0,0,0,2,0
0,0,-0.1035171238,-1.035171238,0,0
0,0,-0.1210758509,-0.1755872708,2,0
0,0,-0.2455973706,-1.245215197,2,0
0,0,-0.4863837166,-2.40786346,2,0
0,0,-0.8616931789,-3.753094623,2,0
0,0,-1.401675274,-5.399820956,1,-1
1,1,-2.077825382,-6.761501079
