2,1,1
0,0,0,0,2,0
0,0,-0.08182200196,-0.8182200196,0,0
0,0,-0.0791378208,0.02684181155,1,0
0,0,-0.08766963422,-0.08531813414,0,0
0,0,-0.006563368802,0.8110626541,2,0
0,0,-0.008911182416,-0.02347813614,1,0
0,0,-0.01180384388,-0.02892661466,1,0
0,0,-0.02373687012,-0.1193302623,2,0
0,0,-0.1328062412,-1.09069371,0,0
0,0,-0.1603634557,-0.2755721453,0,0
0,0,-0.124953461,0.3540999465,2,0
0,0,-0.1979240788,-0.7297061779,0,0
0,0,-0.2311990162,-0.3327493734,0,0
0,0,-0.2198951772,0.1130383893,2,0
0,0,-0.32224087,-1.023456928,1,0
0,0,-0.4621270264,-1.398861564,0,0
0,0,-0.6126840139,-1.505569875,1,0
0,0,-0.8423282144,-2.296442005,2,0
0,0,-1.230881902,-3.885536876,1,-1
1,1,-1.75467717,-5.237952678
0,0,0,0,1,0
0,0,0.01031403645,0.1031403645,0,0
0,0,0.1027373648,0.9242332831,2,0
0,0,0.132488646,0.2975128126,1,0
0,0,0.1749043542,0.4241570822,1,0
0,0,0.2526318598,0.7772750557,0,0
0,0,0.4665482611,2.139164013,1,0
0,0,0.7566690373,2.901207761,0,0
0,0,1.219373928,4.627048907,0,-1
1,1,1.839170448,6.197965204
0,0,0,0,2,0
0,0,-0.08032587772,-0.8032587772,2,0
0,0,-0.2741613732,-1.938354955,1,0
0,0,-0.5261996199,-2.520382466,0,0
0,0,-0.7902221754,-2.640225555,0,0
0,0,-1.100770541,-3.105483654,2,-1
1,1,-1.581085318,-4.803147774
0,0,0,0,1,0
0,0,-0.002928404549,-0.02928404549,0,0
0,0,0.06586366672,0.6879207127,0,0
0,0,0.2396214339,1.737577672,2,0
0,0,0.3633706271,1.237491933,1,0
0,0,0.53562434,1.722537129,0,0
0,0,0.8484680968,3.128437568,1,0
0,0,1.27100434,4.225362436,2,-1
1,1,1.810069142,5.390648014
0,0,0,0,0,0
0,0,0.09565131439,0.9565131439,1,0
0,0,0.2158893863,1.202380719,1,0
0,0,0.3787330766,1.628436903,2,0
0,0,0.5340578998,1.553248232,0,0
0,0,0.8463181187,3.12260219,0,0
0,0,1.325960114,4.796419954,2,-1
1,1,1.920485898,5.945257841
0,0,0,0,0,0
0,0,0.07231767803,0.7231767803,2,0
0,0,0.07353902591,0.01221347875,1,0
0,0,0.0916162435,0.180772176,1,0
0,0,0.1079863223,0.1637007881,1,0
0,0,0.1335465248,0.2556020253,0,0
0,0,0.2553906388,1.21844114,0,0
0,0,0.5008308572,2.454402184,0,0
0,0,0.8833347819,3.825039246,2,0
0,0,1.318302026,4.349672443,0,-1
1,1,1.910999663,5.926976368
0,0,0,0,2,0
0,0,-0.09670918776,-0.9670918776,0,0
0,0,-0.1110315041,-0.1432231637,2,0
0,0,-0.2358292992,-1.247977951,2,0
0,0,-0.4963970708,-2.605677716,0,0
0,0,-0.7659602435,-2.695631727,2,0
0,0,-1.193802032,-4.278417886,2,-1
1,1,-1.782237803,-5.884357709
0,0,0,0,0,0
0,0,0.09996756626,0.9996756626,1,0
0,0,0.2077095927,1.077420265,0,0
0,0,0.4448215858,2.37111993,2,0
0,0,0.6868470046,2.420254188,2,0
0,0,0.9533394976,2.66492493,2,0
0,0,1.302535314,3.491958161,2,-1
1,1,1.766468661,4.639333474
0,0,0,0,1,0
0,0,0.01134412447,0.1134412447,1,0
0,0,0.01580089067,0.04456766202,2,0
0,0,-0.04970789168,-0.6550878235,1,0
0,0,-0.1410736969,-0.9136580522,0,0
0,0,-0.1771420139,-0.3606831705,1,0
0,0,-0.2579508877,-0.8080887378,0,0
0,0,-0.3044763891,-0.4652550143,1,0
0,0,-0.3911362659,-0.866598768,2,0
0,0,-0.6310337241,-2.398974582,2,0
0,0,-1.031490047,-4.004563232,1,0
0,0,-1.560115918,-5.286258704,1,-1
1,1,-2.235289241,-6.751733234
0,0,0,0,1,0
0,0,0.01404589619,0.1404589619,2,0
0,0,-0.06213096355,-0.7617685974,2,0
0,0,-0.2252641873,-1.631332237,0,0
0,0,-0.3461349376,-1.208707503,2,0
0,0,-0.5951120631,-2.489771255,1,0
0,0,-0.9191895745,-3.240775114,1,0
0,0,-1.362781199,-4.435916246,0,-1
1,1,-1.930436377,-5.676551783
0,0,0,0,0,0
0,0,0.07098035627,0.7098035627,0,0
0,0,0.2562211445,1.852407883,1,0
0,0,0.4744463917,2.182252472,0,0
0,0,0.8339638295,3.595174378,1,0
0,0,1.289952794,4.559889646,0,-1
1,1,1.897480018,6.075272241
0,0,0,0,1,0
0,0,-0.003804694542,-0.03804694542,0,0
0,0,0.09328507875,0.9708977329,1,0
0,0,0.2006414138,1.07356335,2,0
0,0,0.2525009871,0.5185957333,0,0
0,0,0.4437443424,1.912433553,2,0
0,0,0.6359795298,1.922351874,0,0
0,0,0.9881597644,3.521802346,0,0
0,0,1.497022283,5.088625186,0,-1
1,1,2.155740866,6.587185826
0,0,0,0,1,0
0,0,0.004053433862,0.04053433862,0,0
0,0,0.1106086802,1.065552463,0,0
0,0,0.3236137454,2.130050653,2,0
0,0,0.5219003327,1.982865872,0,0
0,0,0.8740629253,3.521625926,0,0
0,0,1.393857712,5.197947869,0,-1
1,1,2.066671333,6.728136212
0,0,0,0,1,0
0,0,0.01688305065,0.1688305065,0,0
0,0,0.134187216,1.173041653,2,0
0,0,0.1968708894,0.6268367339,0,0
0,0,0.3856141638,1.887432744,2,0
0,0,0.5687861834,1.831720196,2,0
0,0,0.7544855412,1.856993578,2,0
0,0,0.9975249134,2.430393722,1,0
0,0,1.362857593,3.653326796,2,-1
1,1,1.851033706,4.881761133
0,0,0,0,1,0
0,0,0.004245986154,0.04245986154,2,0
0,0,-0.06932021607,-0.7356620222,1,0
0,0,-0.1680791066,-0.987588905,0,0
0,0,-0.1975142434,-0.2943513681,2,0
0,0,-0.3451811463,-1.476669029,2,0
0,0,-0.6371390953,-2.919579489,0,0
0,0,-0.9534528226,-3.163137274,0,0
0,0,-1.334304936,-3.808521137,0,-1
1,1,-1.835348535,-5.010435988
0,0,0,0,2,0
0,0,-0.07252164524,-0.7252164524,0,0
0,0,-0.08406039065,-0.1153874541,2,0
0,0,-0.192275767,-1.082153763,0,0
0,0,-0.2349275872,-0.4265182028,2,0
0,0,-0.3873654533,-1.524378661,0,0
0,0,-0.5093542827,-1.219888294,2,0
0,0,-0.780498826,-2.711445433,2,0
0,0,-1.213423729,-4.32924903,0,-1
1,1,-1.752761533,-5.393378038
0,0,0,0,1,0
0,0,0.005684076137,0.05684076137,2,0
0,0,-0.09105127979,-0.9673535593,1,0
0,0,-0.1876709457,-0.9661966589,1,0
0,0,-0.3200573491,-1.323864034,1,0
0,0,-0.5201401433,-2.000827941,0,0
0,0,-0.7310164205,-2.108762772,1,0
0,0,-1.041749824,-3.107334033,2,0
0,0,-1.52387493,-4.821251065,2,-1
1,1,-2.154434304,-6.305593741
0,0,0,0,0,0
0,0,0.08582263423,0.8582263423,2,0
0,0,0.09695708604,0.1113445181,0,0
0,0,0.2026819018,1.057248157,2,0
0,0,0.2454942619,0.4281236008,1,0
0,0,0.3129922748,0.6749801294,1,0
0,0,0.4461618062,1.331695314,1,0
0,0,0.6452108323,1.990490261,0,0
0,0,0.9967861072,3.515752749,2,0
0,0,1.426605651,4.298195439,2,-1
1,1,1.987901004,5.612953524
0,0,0,0,0,0
0,0,0.09446911174,0.9446911174,1,0
0,0,0.1990529001,1.045837884,0,0
0,0,0.4238433791,2.24790479,0,0
0,0,0.7834114633,3.595680842,0,0
0,0,1.293117308,5.097058447,2,-1
1,1,1.91662324,6.235059318
0,0,0,0,0,0
0,0,0.1028460577,1.028460577,2,0
0,0,0.1276513035,0.2480524586,0,0
0,0,0.250942836,1.232915325,2,0
0,0,0.3228193643,0.7187652825,1,0
0,0,0.4385370209,1.157176566,1,0
0,0,0.6259184863,1.873814653,1,0
0,0,0.9022680512,2.763495649,0,0
0,0,1.341861359,4.395933075,0,-1
1,1,1.939068721,5.972073624
0,0,0,0,0,0
0,0,0.08665641556,0.8665641556,1,0
0,0,0.2023520408,1.156956253,2,0
0,0,0.2616019949,0.5924995406,1,0
0,0,0.3532813795,0.9167938456,1,0
0,0,0.5152578783,1.619764989,1,0
0,0,0.7634291803,2.48171302,0,0
0,0,1.185211621,4.217824407,2,-1
1,1,1.71062813,5.254165087
0,0,0,0,1,0
0,0,0.0006425678493,0.006425678493,1,0
0,0,-0.01621357519,-0.1685614304,1,0
0,0,-0.02748433725,-0.1127076206,2,0
0,0,-0.1184446656,-0.9096032837,1,0
0,0,-0.2195311211,-1.010864555,2,0
0,0,-0.4509328853,-2.314017642,1,0
0,0,-0.7455224885,-2.945896033,0,0
0,0,-1.070712515,-3.251900265,2,0
0,0,-1.565339756,-4.946272409,2,-1
1,1,-2.207215195,-6.418754388
0,0,0,0,1,0
0,0,0.01508234543,0.1508234543,1,0
0,0,0.05015955919,0.3507721376,2,0
0,0,0.01100125266,-0.3915830652,1,0
0,0,-0.0159523211,-0.2695357376,2,0
0,0,-0.1221366327,-1.061843116,2,0
0,0,-0.3365243297,-2.14387697,0,0
0,0,-0.5239502362,-1.874259065,1,0
0,0,-0.7899528779,-2.660026417,1,0
0,0,-1.167078316,-3.771254379,0,-1
1,1,-1.639544266,-4.724659506
0,0,0,0,1,0
0,0,-0.009149195994,-0.09149195994,1,0
0,0,-0.03143936971,-0.2229017372,0,0
0,0,0.0150137377,0.4645310742,2,0
0,0,-0.008490600195,-0.235043379,0,0
0,0,0.04396443076,0.5245503095,0,0
0,0,0.1842209932,1.402565625,1,0
0,0,0.354253973,1.700329798,0,0
0,0,0.6574808953,3.032269222,2,0
0,0,0.9938007531,3.363198578,1,0
0,0,1.443985224,4.501844714,2,-1
1,1,2.027413837,5.834286121
0,0,0,0,1,0
0,0,0.003008912044,0.03008912044,1,0
0,0,-0.001544713796,-0.0455362584,1,0
0,0,-0.008146452259,-0.06601738463,2,0
0,0,-0.0886294546,-0.8048300234,1,0
0,0,-0.1830945128,-0.9446505816,0,0
0,0,-0.2208367479,-0.377422351,1,0
0,0,-0.285184367,-0.6434761918,0,0
0,0,-0.3131302421,-0.2794587502,0,0
0,0,-0.3049972356,0.08133006498,0,0
0,0,-0.274473382,0.3052385358,0,0
0,0,-0.220085104,0.5438827801,1,0
0,0,-0.2109583834,0.09126720573,2,0
0,0,-0.331256226,-1.202978426,0,0
0,0,-0.4303618356,-0.9910560965,2,0
0,0,-0.6825396405,-2.521778049,1,0
0,0,-1.030072119,-3.475324785,1,0
0,0,-1.494716338,-4.646442188,0,-1
1,1,-2.098471192,-6.037548544
0,0,0,0,2,0
0,0,-0.08411383457,-0.8411383457,1,0
0,0,-0.1952056437,-1.110918091,1,0
0,0,-0.3439559489,-1.487503053,2,0
0,0,-0.6376565378,-2.937005889,0,0
0,0,-0.9670391706,-3.293826329,2,0
0,0,-1.454617718,-4.875785471,2,-1
1,1,-2.091690329,-6.370726113
0,0,0,0,1,0
0,0,-0.003607143549,-0.03607143549,1,0
0,0,-0.02005318654,-0.1644604299,1,0
0,0,-0.0562650793,-0.3621189276,1,0
0,0,-0.1113699354,-0.5510485613,0,0
0,0,-0.0964623669,0.1490756853,2,0
0,0,-0.1868170824,-0.9035471553,0,0
0,0,-0.2360797291,-0.4926264669,0,0
0,0,-0.2534329039,-0.1735317479,1,0
0,0,-0.3256855698,-0.7225266593,0,0
0,0,-0.3654036145,-0.3971804464,2,0
0,0,-0.53964379,-1.742401755,1,0
0,0,-0.809188154,-2.69544364,0,0
0,0,-1.142664673,-3.334765194,1,-1
1,1,-1.609166342,-4.665016684
0,0,0,0,1,0
0,0,-0.002729312255,-0.02729312255,1,0
0,0,0.004167904711,0.06897216966,1,0
0,0,0.0031132598,-0.01054644911,2,0
0,0,-0.08127793153,-0.8439119133,2,0
0,0,-0.2538276639,-1.725497324,2,0
0,0,-0.5489252769,-2.95097613,2,0
0,0,-0.9869595677,-4.380342908,1,0
0,0,-1.539700978,-5.527414107,1,-1
1,1,-2.237957007,-6.98256029
0,0,0,0,2,0
0,0,-0.07245548113,-0.7245548113,2,0
0,0,-0.2299710583,-1.575155772,2,0
0,0,-0.4965351582,-2.665640999,1,0
0,0,-0.8426824592,-3.46147301,0,0
0,0,-1.23934745,-3.966649906,1,-1
1,1,-1.769660218,-5.303127679
0,0,0,0,1,0
0,0,0.002319877982,0.02319877982,2,0
0,0,-0.07274397051,-0.7506384849,2,0
0,0,-0.2477754426,-1.750314721,1,0
0,0,-0.4478757733,-2.001003307,1,0
0,0,-0.7071958819,-2.593201086,1,0
0,0,-1.055631451,-3.484355695,1,0
0,0,-1.533865087,-4.782336357,1,-1
1,1,-2.157472641,-6.236075534
0,0,0,0,1,0
0,0,-0.008500274963,-0.08500274963,1,0
0,0,-0.001544833923,0.0695544104,1,0
0,0,0.00600872969,0.07553563613,2,0
0,0,-0.07290439107,-0.7891312076,0,0
0,0,-0.09191159711,-0.1900720604,1,0
0,0,-0.1256446094,-0.3373301231,0,0
0,0,-0.1053894282,0.2025518125,1,0
0,0,-0.1128358847,-0.07446456536,2,0
0,0,-0.2445662105,-1.317303258,0,0
0,0,-0.3215129075,-0.7694669707,2,0
0,0,-0.5187837224,-1.972708149,2,0
0,0,-0.8746237801,-3.558400576,0,0
0,0,-1.284330512,-4.097067323,1,-1
1,1,-1.827675829,-5.433453161
0,0,0,0,2,0
0,0,-0.0919306104,-0.919306104,0,0
0,0,-0.1130813108,-0.211507004,2,0
0,0,-0.2270616451,-1.139803343,1,0
0,0,-0.3767116632,-1.496500181,0,0
0,0,-0.5037444109,-1.270327477,0,0
0,0,-0.6277250971,-1.239806862,1,0
0,0,-0.8546132742,-2.268881771,1,0
0,0,-1.192213753,-3.376004784,2,-1
1,1,-1.688352628,-4.961388755
0,0,0,0,2,0
0,0,-0.07087591784,-0.7087591784,1,0
0,0,-0.1665252254,-0.9564930756,2,0
0,0,-0.3650233043,-1.984980789,2,0
0,0,-0.7013498846,-3.363265803,0,0
0,0,-1.081762351,-3.804124665,0,0
0,0,-1.551066419,-4.693040677,1,-1
1,1,-2.166432069,-6.153656498
0,0,0,0,1,0
0,0,-0.008037007167,-0.08037007167,0,0
0,0,0.07450592154,0.825429287,2,0
0,0,0.07275228708,-0.01753634453,0,0
0,0,0.1890572889,1.163050018,0,0
0,0,0.4064287714,2.173714826,2,0
0,0,0.6031644638,1.967356924,2,0
0,0,0.809320944,2.061564802,2,0
0,0,1.059802954,2.5048201,1,0
0,0,1.43565828,3.758553257,1,-1
1,1,1.952931458,5.172731787
0,0,0,0,2,0
0,0,-0.09297987233,-0.9297987233,0,0
0,0,-0.1044516074,-0.1147173506,0,0
0,0,-0.03110692937,0.7334467802,2,0
0,0,-0.03990052458,-0.0879359521,1,0
0,0,-0.0420594782,-0.02158953622,1,0
0,0,-0.05786903962,-0.1580956141,2,0
0,0,-0.1876905492,-1.298215096,2,0
0,0,-0.4419967766,-2.543062274,0,0
0,0,-0.6754456657,-2.33448889,2,0
0,0,-1.080994813,-4.055491474,1,-1
1,1,-1.612939091,-5.319442783
0,0,0,0,2,0
0,0,-0.105517641,-1.05517641,2,0
0,0,-0.3013085397,-1.957908987,1,0
0,0,-0.5402106668,-2.389021271,1,0
0,0,-0.8563952038,-3.16184537,0,0
0,0,-1.234341298,-3.779460943,0,-1
1,1,-1.721847392,-4.875060937
0,0,0,0,2,0
0,0,-0.0837941157,-0.837941157,1,0
0,0,-0.1752814528,-0.9148733712,0,0
0,0,-0.2144662062,-0.3918475338,2,0
0,0,-0.3727144829,-1.582482767,1,0
0,0,-0.605429667,-2.32715184,0,0
0,0,-0.8477794712,-2.423498042,1,0
0,0,-1.208180713,-3.60401242,2,-1
1,1,-1.730809365,-5.226286521
0,0,0,0,0,0
0,0,0.07784284357,0.7784284357,0,0
0,0,0.2638451182,1.860022746,1,0
0,0,0.4786066775,2.147615594,0,0
0,0,0.8350363841,3.564297065,2,0
0,0,1.235660543,4.006241589,0,-1
1,1,1.790331942,5.546713992
0,0,0,0,2,0
0,0,-0.07402078031,-0.7402078031,2,0
0,0,-0.2337160593,-1.59695279,0,0
0,0,-0.3477981888,-1.140821295,0,0
0,0,-0.4298979262,-0.8209973734,0,0
0,0,-0.5005930492,-0.7069512303,1,0
0,0,-0.6448218116,-1.442287624,0,0
0,0,-0.8143357104,-1.695138988,2,0
0,0,-1.154630154,-3.402944433,2,-1
1,1,-1.655767466,-5.011373126
0,0,0,0,1,0
0,0,-0.009954132676,-0.09954132676,0,0
0,0,0.07559827395,0.8555240663,1,0
0,0,0.1758537783,1.002555043,0,0
0,0,0.3769259214,2.010721431,1,0
0,0,0.6339047961,2.569788747,1,0
0,0,0.9916161387,3.577113427,0,0
0,0,1.520356207,5.287400686,1,-1
1,1,2.193128154,6.727719469
0,0,0,0,1,0
0,0,0.01473309764,0.1473309764,1,0
0,0,0.02975317694,0.150200793,2,0
0,0,-0.04963892034,-0.7939209728,1,0
0,0,-0.1261407042,-0.7650178384,1,0
0,0,-0.2124106139,-0.8626990975,2,0
0,0,-0.4362516772,-2.238410632,1,0
0,0,-0.733504805,-2.972531278,0,0
0,0,-1.078536281,-3.450314761,0,0
0,0,-1.509286724,-4.307504434,0,-1
1,1,-2.081286606,-5.719998819
0,0,0,0,2,0
0,0,-0.1040651536,-1.040651536,0,0
0,0,-0.1457017007,-0.4163654709,1,0
0,0,-0.2228250881,-0.7712338742,1,0
0,0,-0.3283969213,-1.055718332,0,0
0,0,-0.4074377219,-0.790408006,0,0
0,0,-0.4680092543,-0.6057153232,1,0
0,0,-0.5955622741,-1.275530199,2,0
0,0,-0.877658427,-2.820961528,2,0
0,0,-1.323666421,-4.460079937,1,-1
1,1,-1.90428715,-5.806207292
0,0,0,0,0,0
0,0,0.08569095586,0.8569095586,2,0
0,0,0.08275227759,-0.02938678264,1,0
0,0,0.08063866296,-0.0211361463,0,0
0,0,0.1775811762,0.9694251324,1,0
0,0,0.3146029859,1.370218097,2,0
0,0,0.4214421995,1.068392136,1,0
0,0,0.5846118331,1.631696336,2,0
0,0,0.7619054106,1.772935775,0,0
0,0,1.102507268,3.406018572,2,0
0,0,1.535996617,4.33489349,2,-1
1,1,2.112956335,5.769597178
0,0,0,0,2,0
0,0,-0.07167678211,-0.7167678211,2,0
0,0,-0.2429951605,-1.713183784,2,0
0,0,-0.5482304234,-3.052352629,1,0
0,0,-0.9321963074,-3.83965884,0,0
0,0,-1.374873274,-4.426769665,0,-1
1,1,-1.945136923,-5.702636492
0,0,0,0,1,0
0,0,0.005258547181,0.05258547181,1,0
0,0,-0.006070967278,-0.1132951446,0,0
0,0,0.08432431193,0.9039527921,1,0
0,0,0.1885186578,1.041943459,2,0
0,0,0.2438600223,0.5534136443,1,0
0,0,0.3332924142,0.8943239199,2,0
0,0,0.3936462705,0.6035385621,0,0
0,0,0.6076706594,2.140243889,2,0
0,0,0.8359821092,2.283114498,2,0
0,0,1.127207033,2.912249235,1,0
0,0,1.543476149,4.162691164,2,-1
1,1,2.103823274,5.603471251
0,0,0,0,0,0
0,0,0.09012762133,0.9012762133,0,0
0,0,0.2891891475,1.990615261,2,0
0,0,0.4488666929,1.596775455,1,0
0,0,0.6932117141,2.443450212,0,0
0,0,1.110635183,4.17423469,2,-1
1,1,1.622358429,5.117232457
0,0,0,0,2,0
0,0,-0.09546575522,-0.9546575522,2,0
0,0,-0.3091446118,-2.136788566,0,0
0,0,-0.477352104,-1.682074922,0,0
0,0,-0.6361295224,-1.587774184,0,0
0,0,-0.8134885153,-1.773589929,1,0
0,0,-1.11178518,-2.982966645,0,0
0,0,-1.51093987,-3.991546899,2,-1
1,1,-2.059566032,-5.486261625
0,0,0,0,0,0
0,0,0.09791105727,0.9791105727,0,0
0,0,0.2890564881,1.911454309,2,0
0,0,0.4292422086,1.401857205,1,0
0,0,0.6261311087,1.968889001,2,0
0,0,0.8370656063,2.109344975,2,0
0,0,1.110714153,2.736485472,1,0
0,0,1.510234975,3.995208218,0,-1
1,1,2.059540447,5.493054715
0,0,0,0,0,0
0,0,0.09504543583,0.9504543583,1,0
0,0,0.1963260199,1.012805841,1,0
0,0,0.3419975042,1.456714844,2,0
0,0,0.4636810032,1.21683499,2,0
0,0,0.5974084201,1.337274169,2,0
0,0,0.7614142105,1.640057904,2,0
0,0,0.9627619132,2.013477027,0,0
0,0,1.326485611,3.637236979,0,-1
1,1,1.847610664,5.211250525
0,0,0,0,1,0
0,0,0.008915886656,0.08915886656,1,0
0,0,0.02987687915,0.209609925,1,0
0,0,0.07293309254,0.4305621339,0,0
0,0,0.2228043871,1.498712945,1,0
0,0,0.3986676381,1.75863251,0,0
0,0,0.7157279838,3.170603457,0,0
0,0,1.19974232,4.840143364,1,-1
1,1,1.811108411,6.113660904
0,0,0,0,1,0
0,0,0.006979931862,0.06979931862,0,0
0,0,0.09138729605,0.8440736419,2,0
0,0,0.1177874678,0.2640017179,1,0
0,0,0.1511599197,0.3337245191,2,0
0,0,0.1230323263,-0.281275934,2,0
0,0,0.0379727283,-0.8505959804,0,0
0,0,0.05994161914,0.2196889085,0,0
0,0,0.1631292736,1.031876544,1,0
0,0,0.2833208047,1.201915311,1,0
0,0,0.4484355699,1.651147652,1,0
0,0,0.6904409937,2.420054237,2,0
0,0,0.9740096454,2.835686517,2,0
0,0,1.338088058,3.640784128,0,-1
1,1,1.860571135,5.224830766
0,0,0,0,2,0
0,0,-0.09306328144,-0.9306328144,1,0
0,0,-0.2060345559,-1.129712744,2,0
0,0,-0.4493809555,-2.433463996,2,0
0,0,-0.8272297998,-3.778488443,1,0
0,0,-1.31773009,-4.905002904,0,-1
1,1,-1.927043387,-6.093132968
0,0,0,0,2,0
0,0,-0.08249327352,-0.8249327352,2,0
0,0,-0.2709592606,-1.884659871,1,0
0,0,-0.4978582227,-2.268989621,0,0
0,0,-0.7356162347,-2.37758012,1,0
0,0,-1.070224642,-3.346084073,0,0
0,0,-1.495146549,-4.249219068,2,-1
1,1,-2.071078873,-5.759323239
0,0,0,0,2,0
0,0,-0.07621462285,-0.7621462285,1,0
0,0,-0.1703662461,-0.9415162323,2,0
0,0,-0.3971673947,-2.268011486,2,0
0,0,-0.7698894904,-3.727220957,1,0
0,0,-1.249036276,-4.791467861,2,-1
1,1,-1.888079784,-6.390435075
0,0,0,0,1,0
0,0,0.01241650575,0.1241650575,2,0
0,0,-0.05315379295,-0.655702987,2,0
0,0,-0.2278169472,-1.746631543,2,0
0,0,-0.5365239446,-3.087069974,1,0
0,0,-0.9109913793,-3.744674347,1,0
0,0,-1.39075816,-4.797667805,2,-1
1,1,-2.022139622,-6.313814622
0,0,0,0,2,0
0,0,-0.08339165136,-0.8339165136,0,0
0,0,-0.100001806,-0.1661015459,0,0
0,0,-0.04570092032,0.5430088563,2,0
0,0,-0.08975535231,-0.4405443199,2,0
0,0,-0.2339179317,-1.441625794,1,0
0,0,-0.425661998,-1.917440662,0,0
0,0,-0.6026383519,-1.76976354,0,0
0,0,-0.7903279057,-1.876895537,1,0
0,0,-1.092471243,-3.021433375,1,0
0,0,-1.524156098,-4.316848546,0,-1
1,1,-2.097242471,-5.73086373
0,0,0,0,2,0
0,0,-0.07446059053,-0.7446059053,1,0
0,0,-0.1486167661,-0.7415617558,1,0
0,0,-0.2434250633,-0.9480829721,1,0
0,0,-0.3805157368,-1.370906735,0,0
0,0,-0.4966073593,-1.160916225,0,0
0,0,-0.6096290885,-1.130217292,0,0
0,0,-0.7425740518,-1.329449633,2,0
0,0,-1.034568424,-2.919943726,0,0
0,0,-1.408892184,-3.743237592,2,-1
1,1,-1.938526013,-5.296338294
0,0,0,0,1,0
0,0,-0.0163064552,-0.163064552,2,0
0,0,-0.1203974651,-1.040910099,0,0
0,0,-0.1735481383,-0.5315067313,0,0
0,0,-0.1603948185,0.1315331976,1,0
0,0,-0.1829224089,-0.2252759036,0,0
0,0,-0.1622872095,0.2063519939,0,0
0,0,-0.07599092877,0.8629628071,0,0
0,0,0.06900808351,1.449990123,0,0
0,0,0.3041842177,2.351761342,2,0
0,0,0.4970471977,1.928629799,0,0
0,0,0.8474679883,3.504207907,0,0
0,0,1.34970355,5.022355615,1,-1
1,1,1.99071778,6.4101423
0,0,0,0,1,0
0,0,-0.009653656781,-0.09653656781,0,0
0,0,0.06590327943,0.7555693621,1,0
0,0,0.1654945695,0.995912901,1,0
0,0,0.2957646985,1.30270129,2,0
0,0,0.3911420096,0.9537731104,2,0
0,0,0.4862092284,0.9506721885,0,0
0,0,0.742544633,2.563354046,1,0
0,0,1.105058483,3.625138499,1,-1
1,1,1.592588732,4.875302491
0,0,0,0,2,0
0,0,-0.07772582053,-0.7772582053,1,0
0,0,-0.1733194843,-0.955936638,1,0
0,0,-0.3035556038,-1.302361195,2,0
0,0,-0.5678816343,-2.643260305,2,0
0,0,-0.9869839458,-4.191023115,2,0
0,0,-1.57037081,-5.833868644,2,-1
1,1,-2.300772727,-7.304019164
0,0,0,0,2,0
0,0,-0.1011038522,-1.011038522,1,0
0,0,-0.2274716297,-1.263677775,0,0
0,0,-0.3229764271,-0.9550479738,1,0
0,0,-0.4705950635,-1.476186364,1,0
0,0,-0.6956722832,-2.250772198,2,0
0,0,-1.075785405,-3.801131216,1,-1
1,1,-1.586287067,-5.105016621
0,0,0,0,2,0
0,0,-0.1058275617,-1.058275617,0,0
0,0,-0.1349499118,-0.2912235007,1,0
0,0,-0.1948558016,-0.5990588978,0,0
0,0,-0.1888645106,0.05991290991,2,0
0,0,-0.3060824156,-1.17217905,0,0
0,0,-0.3985421099,-0.9245969436,2,0
0,0,-0.6211844849,-2.22642375,2,0
0,0,-1.012628257,-3.914437716,2,0
0,0,-1.568835872,-5.562076154,2,-1
1,1,-2.272118768,-7.032828964
0,0,0,0,2,0
0,0,-0.07632775094,-0.7632775094,2,0
0,0,-0.2586975037,-1.823697527,1,0
0,0,-0.4789559437,-2.2025844,2,0
0,0,-0.8556216641,-3.766657204,0,0
0,0,-1.287743246,-4.32121582,2,-1
1,1,-1.877464847,-5.897216012
0,0,0,0,0,0
0,0,0.08691261478,0.8691261478,0,0
0,0,0.2634073508,1.76494736,1,0
0,0,0.4786932768,2.15285926,2,0
0,0,0.6838219603,2.051286835,1,0
0,0,0.9843397792,3.00517819,1,0
0,0,1.41038271,4.260429308,0,-1
1,1,1.989932888,5.795501778
0,0,0,0,1,0
0,0,0.01316582696,0.1316582696,2,0
0,0,-0.05984962628,-0.7301545324,1,0
0,0,-0.1391645109,-0.7931488459,1,0
0,0,-0.2348026809,-0.9563817003,1,0
0,0,-0.3679338836,-1.331312027,1,0
0,0,-0.548168125,-1.802342414,2,0
0,0,-0.8723703852,-3.242022603,1,0
0,0,-1.313370337,-4.409999519,0,-1
1,1,-1.874029631,-5.606592936
0,0,0,0,2,0
0,0,-0.07601478514,-0.7601478514,2,0
0,0,-0.2643129645,-1.882981794,0,0
0,0,-0.4174163642,-1.531033997,1,0
0,0,-0.6220327781,-2.04616414,2,0
0,0,-0.9782272742,-3.56194496,0,0
0,0,-1.408362382,-4.301351082,2,-1
1,1,-1.989839395,-5.814770125
0,0,0,0,2,0
0,0,-0.09106902353,-0.9106902353,0,0
0,0,-0.09258875314,-0.01519729615,0,0
0,0,-0.01337791893,0.7921083422,2,0
0,0,-0.02159194718,-0.08214028254,0,0
0,0,0.05141695995,0.7300890714,0,0
0,0,0.2276762511,1.762592912,0,0
0,0,0.5157094846,2.880332335,0,0
0,0,0.9667193896,4.51009905,1,0
0,0,1.533459278,5.667398885,1,-1
1,1,2.245247142,7.117878635
0,0,0,0,1,0
0,0,0.006253471427,0.06253471427,0,0
0,0,0.1015566627,0.9530319132,1,0
0,0,0.2189598935,1.174032307,1,0
0,0,0.3806864181,1.617265246,2,0
0,0,0.5224516423,1.417652242,1,0
0,0,0.7359945262,2.135428839,0,0
0,0,1.103882832,3.678883056,2,0
0,0,1.568891723,4.650088913,2,-1
1,1,2.180714554,6.118228308
0,0,0,0,2,0
0,0,-0.09875111074,-0.9875111074,1,0
0,0,-0.2213441545,-1.225930438,1,0
0,0,-0.3782581025,-1.56913948,0,0
0,0,-0.5248819135,-1.46623811,0,0
0,0,-0.6655487787,-1.406668652,0,0
0,0,-0.8283072064,-1.627584278,1,0
0,0,-1.111043833,-2.827366267,2,0
0,0,-1.55574737,-4.447035364,2,-1
1,1,-2.148228332,-5.924809621
0,0,0,0,0,0
0,0,0.08911148577,0.8911148577,1,0
0,0,0.1997999279,1.106884421,2,0
0,0,0.2659957537,0.6619582576,0,0
0,0,0.4719907718,2.059950182,0,0
0,0,0.8236364455,3.516456737,1,0
0,0,1.273253532,4.496170862,2,-1
1,1,1.830657627,5.574040949
0,0,0,0,0,0
0,0,0.08903021318,0.8903021318,0,0
0,0,0.2672566004,1.782263872,2,0
0,0,0.4057642297,1.385076293,2,0
0,0,0.5179103178,1.121460881,2,0
0,0,0.6244025267,1.064922089,2,0
0,0,0.7605493854,1.361468587,1,0
0,0,0.9943611967,2.338118113,1,0
0,0,1.349552316,3.551911197,0,-1
1,1,1.862508663,5.129563468
0,0,0,0,0,0
0,0,0.09634278808,0.9634278808,2,0
0,0,0.109737769,0.1339498097,2,0
0,0,0.05989015597,-0.4984761307,2,0
0,0,-0.06732702055,-1.272171765,2,0
0,0,-0.3042778188,-2.369507982,2,0
0,0,-0.6815553521,-3.772775334,1,0
0,0,-1.139881514,-4.583261614,2,-1
1,1,-1.760871335,-6.209898217
0,0,0,0,1,0
0,0,0.01724061261,0.1724061261,0,0
0,0,0.1299700989,1.127294863,0,0
0,0,0.3402097382,2.102396393,1,0
0,0,0.6092045374,2.689947992,1,0
0,0,0.9532895562,3.440850188,0,0
0,0,1.452796487,4.995069306,0,-1
1,1,2.103859346,6.510628595
0,0,0,0,0,0
0,0,0.09879611215,0.9879611215,1,0
0,0,0.2071016445,1.083055323,2,0
0,0,0.2574136445,0.5031200005,2,0
0,0,0.2658364699,0.08422825334,2,0
0,0,0.2510648018,-0.1477166804,0,0
0,0,0.3477751644,0.9671036254,1,0
0,0,0.4977710863,1.49995922,2,0
0,0,0.6658164602,1.680453739,1,0
0,0,0.9355519262,2.69735466,2,0
0,0,1.280896075,3.453441491,1,-1
1,1,1.766815832,4.859197568
0,0,0,0,1,0
0,0,-0.01432491306,-0.1432491306,1,0
0,0,-0.04134833991,-0.2702342684,2,0
0,0,-0.1657537327,-1.244053928,0,0
0,0,-0.2368664471,-0.7111271448,0,0
0,0,-0.2511529639,-0.1428651674,1,0
0,0,-0.2992215624,-0.4806859855,1,0
0,0,-0.3894000934,-0.9017853095,0,0
0,0,-0.4677878651,-0.7838777175,1,0
0,0,-0.6090821344,-1.412942693,2,0
0,0,-0.8991288469,-2.900467124,0,0
0,0,-1.258589891,-3.594610437,2,-1
1,1,-1.779310937,-5.207210467
0,0,0,0,1,0
0,0,0.01200566079,0.1200566079,2,0
0,0,-0.06321025008,-0.7521591087,1,0
0,0,-0.1370523892,-0.7384213908,0,0
0,0,-0.1304732499,0.06579139291,1,0
0,0,-0.1518185752,-0.2134532533,1,0
0,0,-0.1962800344,-0.4446145918,1,0
0,0,-0.2820924806,-0.8581244627,0,0
0,0,-0.3423092645,-0.6021678387,2,0
0,0,-0.5558307729,-2.135215084,1,0
0,0,-0.8389236851,-2.830929122,2,0
0,0,-1.275886586,-4.369629011,0,-1
1,1,-1.824053645,-5.481670589
0,0,0,0,0,0
0,0,0.0989647578,0.989647578,2,0
0,0,0.1175484166,0.1858365878,0,0
0,0,0.2393881305,1.218397139,2,0
0,0,0.323485154,0.8409702354,1,0
0,0,0.4617777448,1.382925908,0,0
0,0,0.7502172177,2.884394729,1,0
0,0,1.151389853,4.011726352,0,-1
1,1,1.710471307,5.590814542
0,0,0,0,0,0
0,0,0.1044540692,1.044540692,1,0
0,0,0.221053008,1.165989388,1,0
0,0,0.3664212622,1.453682543,1,0
0,0,0.5839207668,2.174995046,2,0
0,0,0.809019129,2.250983622,2,0
0,0,1.083398281,2.74379152,1,0
0,0,1.49158781,4.081895293,0,-1
1,1,2.050379748,5.587919372
0,0,0,0,0,0
0,0,0.08662659429,0.8662659429,1,0
0,0,0.1817962385,0.9516964423,2,0
0,0,0.2101865749,0.2839033642,1,0
0,0,0.2642424366,0.5405586168,0,0
0,0,0.4309469791,1.667045424,2,0
0,0,0.5913589881,1.60412009,2,0
0,0,0.7815760701,1.902170821,1,0
0,0,1.073398776,2.918227061,1,0
0,0,1.497170336,4.237715599,2,-1
1,1,2.059125484,5.619551476
0,0,0,0,2,0
0,0,-0.08192036222,-0.8192036222,1,0
0,0,-0.1724224093,-0.9050204709,0,0
0,0,-0.1889780782,-0.1655566886,2,0
0,0,-0.3392986378,-1.503205596,2,0
0,0,-0.6361931883,-2.968945505,2,0
0,0,-1.100928843,-4.64735655,0,-1
1,1,-1.654631479,-5.537026362
0,0,0,0,1,0
0,0,-0.007983914898,-0.07983914898,1,0
0,0,-0.01453721507,-0.06553300175,0,0
0,0,0.05852511306,0.7306232813,0,0
0,0,0.231835287,1.733101739,2,0
0,0,0.3744753344,1.426400474,2,0
0,0,0.4824728557,1.079975213,0,0
0,0,0.7421067051,2.596338494,1,0
0,0,1.107168877,3.650621716,2,0
0,0,1.570051164,4.628822876,0,-1
1,1,2.179959054,6.099078899
0,0,0,0,1,0
0,0,0.002566641043,0.02566641043,2,0
0,0,-0.1001243764,-1.026910174,1,0
0,0,-0.2329141784,-1.32789802,2,0
0,0,-0.4785467265,-2.45632548,2,0
0,0,-0.8857286773,-4.071819508,0,0
0,0,-1.355902581,-4.701739041,2,-1
1,1,-1.981757039,-6.258544576
0,0,0,0,1,0
0,0,0.01149830827,0.1149830827,1,0
0,0,0.02696148835,0.1546318008,0,0
0,0,0.138171407,1.112099187,1,0
0,0,0.2683387465,1.301673395,1,0
0,0,0.4515008313,1.831620849,2,0
0,0,0.6173140932,1.658132619,0,0
0,0,0.9362444246,3.189303314,1,0
0,0,1.379643831,4.433994068,2,-1
1,1,1.948175083,5.685312515
0,0,0,0,1,0
0,0,0.01071984298,0.1071984298,2,0
0,0,-0.05517681746,-0.6589666044,2,0
0,0,-0.226607438,-1.714306206,0,0
0,0,-0.3600452413,-1.334378033,0,0
0,0,-0.4560431282,-0.9599788696,1,0
0,0,-0.6297135687,-1.736704404,0,0
0,0,-0.8174340231,-1.877204544,0,0
0,0,-1.069514773,-2.520807498,0,0
0,0,-1.410333593,-3.408188196,2,-1
1,1,-1.904651992,-4.943183995
0,0,0,0,0,0
0,0,0.09105286813,0.9105286813,2,0
0,0,0.1046374847,0.1358461658,2,0
0,0,0.05657005441,-0.480674303,2,0
0,0,-0.06707866345,-1.236487179,2,0
0,0,-0.2919107034,-2.248320399,0,0
0,0,-0.488359497,-1.964487937,0,0
0,0,-0.6994161287,-2.110566316,1,0
0,0,-1.002922557,-3.035064287,0,0
0,0,-1.379153204,-3.762306464,1,-1
1,1,-1.894707291,-5.155540872
0,0,0,0,1,0
0,0,0.004150018028,0.04150018028,1,0
0,0,-0.002950215596,-0.07100233624,1,0
0,0,0.00549935027,0.08449565866,0,0
0,0,0.1075338182,1.020344679,0,0
0,0,0.2982095831,1.906757649,0,0
0,0,0.6226904672,3.244808841,0,0
0,0,1.105994924,4.833044569,1,-1
1,1,1.70664549,6.00650566
0,0,0,0,2,0
0,0,-0.09949685205,-0.9949685205,1,0
0,0,-0.2006063716,-1.011095195,2,0
0,0,-0.4276362066,-2.270298351,1,0
0,0,-0.7204747119,-2.928385052,0,0
0,0,-1.061703301,-3.41228589,1,0
0,0,-1.529618979,-4.679156782,2,-1
1,1,-2.146194707,-6.165757277
0,0,0,0,2,0
0,0,-0.09870381217,-0.9870381217,1,0
0,0,-0.2313660675,-1.326622554,2,0
0,0,-0.479050752,-2.476846845,1,0
0,0,-0.7959436496,-3.168928976,0,0
0,0,-1.156373583,-3.604299337,1,-1
1,1,-1.649843666,-4.934700831
0,0,0,0,1,0
0,0,-0.01168067007,-0.1168067007,1,0
0,0,-0.03104270273,-0.1936203266,0,0
0,0,0.01667125211,0.4771395483,1,0
0,0,0.06574770042,0.4907644831,0,0
0,0,0.2309327312,1.651850308,2,0
0,0,0.351976207,1.210434758,0,0
0,0,0.6172780475,2.653018405,1,0
0,0,0.9619524777,3.446744302,1,0
0,0,1.415913098,4.539606199,1,-1
1,1,2.010875739,5.94962641
0,0,0,0,2,0
0,0,-0.08524974439,-0.8524974439,1,0
0,0,-0.2021157844,-1.1686604,1,0
0,0,-0.356282891,-1.541671066,2,0
0,0,-0.6527778364,-2.964949453,2,0
0,0,-1.099174862,-4.463970259,0,-1
1,1,-1.629614363,-5.304395009
0,0,0,0,1,0
0,0,-0.01423097912,-0.1423097912,0,0
0,0,0.04289388652,0.5712486564,2,0
0,0,0.02886554482,-0.140283417,2,0
0,0,-0.0722143142,-1.01079859,2,0
0,0,-0.2674477881,-1.95233474,2,0
0,0,-0.6059908229,-3.385430348,2,0
0,0,-1.109829186,-5.038383626,1,-1
1,1,-1.73782744,-6.27998254
0,0,0,0,0,0
0,0,0.08597970559,0.8597970559,0,0
0,0,0.2812131409,1.952334354,2,0
0,0,0.4270015029,1.457883619,1,0
0,0,0.6350024196,2.080009168,0,0
0,0,0.9955440189,3.605415993,1,0
0,0,1.471961702,4.764176835,2,-1
1,1,2.084684926,6.127232239
0,0,0,0,1,0
0,0,-0.005726930401,-0.05726930401,1,0
0,0,-0.004400756754,0.01326173647,1,0
0,0,0.0136961672,0.1809692395,0,0
0,0,0.1355375851,1.218414179,1,0
0,0,0.2693505061,1.33812921,2,0
0,0,0.3646460333,0.9529552722,2,0
0,0,0.4270453904,0.6239935711,2,0
0,0,0.4852530905,0.5820770012,1,0
0,0,0.6345836564,1.493305658,1,0
0,0,0.8897229166,2.551392603,1,0
0,0,1.271228579,3.815056619,0,-1
1,1,1.808385448,5.371568696
0,0,0,0,0,0
0,0,0.0926076517,0.926076517,0,0
0,0,0.2816287305,1.890210788,1,0
0,0,0.5309375807,2.493088502,0,0
0,0,0.9264322534,3.954946726,1,0
0,0,1.434975216,5.085429627,0,-1
1,1,2.093129116,6.581538999
0,0,0,0,2,0
0,0,-0.09027085976,-0.9027085976,2,0
0,0,-0.2750577635,-1.847869037,1,0
0,0,-0.4955351629,-2.204773994,0,0
0,0,-0.7048512762,-2.093161133,2,0
0,0,-1.086118689,-3.812674132,1,-1
1,1,-1.592372827,-5.062541375
0,0,0,0,2,0
0,0,-0.08596242788,-0.8596242788,0,0
0,0,-0.1051002555,-0.1913782761,0,0
0,0,-0.06702467036,0.3807558513,0,0
0,0,0.04517856377,1.122032341,1,0
0,0,0.1765140165,1.313354528,1,0
0,0,0.3524184338,1.759044173,0,0
0,0,0.6790762946,3.266578608,2,0
0,0,1.033662469,3.545861747,2,0
0,0,1.472148419,4.384859499,1,-1
1,1,2.054507471,5.823590517
0,0,0,0,1,0
0,0,-0.001474794177,-0.01474794177,0,0
0,0,0.06798277557,0.6945756975,1,0
0,0,0.1641010027,0.9611822717,0,0
0,0,0.3780045854,2.139035826,1,0
0,0,0.6602387692,2.822341838,2,0
0,0,0.9640683374,3.038295682,2,0
0,0,1.335595017,3.715266795,0,-1
1,1,1.8639945,5.283994826
0,0,0,0,2,0
0,0,-0.07577695373,-0.7577695373,2,0
0,0,-0.2395663843,-1.637894305,1,0
0,0,-0.4274413271,-1.878749429,1,0
0,0,-0.6853111955,-2.578698684,1,0
0,0,-1.045494422,-3.601832265,0,0
0,0,-1.495571474,-4.500770521,1,-1
1,1,-2.090244895,-5.946734212
0,0,0,0,1,0
0,0,-0.0003244634331,-0.003244634331,1,0
0,0,0.00344645008,0.03770913513,2,0
0,0,-0.06376398334,-0.6721043342,1,0
0,0,-0.1577206245,-0.9395664111,1,0
0,0,-0.2801099892,-1.223893647,1,0
0,0,-0.4374613448,-1.573513556,2,0
0,0,-0.7368048172,-2.993434723,0,0
0,0,-1.080757984,-3.439531672,0,0
0,0,-1.521552747,-4.407947631,2,-1
1,1,-2.111480199,-5.899274518
0,0,0,0,1,0
0,0,0.009740893599,0.09740893599,0,0
0,0,0.1150158345,1.052749409,0,0
0,0,0.3190853953,2.040695607,1,0
0,0,0.5699745593,2.50889164,0,0
0,0,0.9791854766,4.092109173,2,0
0,0,1.458085179,4.788997025,1,-1
1,1,2.079817936,6.217327573
0,0,0,0,0,0
0,0,0.08718981938,0.8718981938,1,0
0,0,0.1866745759,0.9948475653,0,0
0,0,0.388550779,2.018762031,2,0
0,0,0.5694474152,1.808966362,0,0
0,0,0.9105229393,3.410755241,1,0
0,0,1.365588856,4.550659171,2,-1
1,1,1.943238316,5.7764946
0,0,0,0,2,0
0,0,-0.0707783757,-0.707783757,1,0
0,0,-0.1521504182,-0.813720425,2,0
0,0,-0.3293251111,-1.771746929,1,0
0,0,-0.5550439814,-2.257188703,2,0
0,0,-0.9243939304,-3.69349949,0,0
0,0,-1.368781653,-4.443877228,1,-1
1,1,-1.954157684,-5.853760302
0,0,0,0,1,0
0,0,0.01717247921,0.1717247921,0,0
0,0,0.1175883058,1.004158265,0,0
0,0,0.3372343357,2.1964603,0,0
0,0,0.7033321462,3.660978105,0,0
0,0,1.222087462,5.187553163,2,-1
1,1,1.846272191,6.241847286
0,0,0,0,1,0
0,0,0.008759928728,0.08759928728,0,0
0,0,0.1079549223,0.9919499353,2,0
0,0,0.1338285931,0.2587367086,1,0
0,0,0.1745823453,0.4075375217,0,0
0,0,0.3176725402,1.430901949,1,0
0,0,0.5103977699,1.927252297,2,0
0,0,0.7016862998,1.912885298,0,0
0,0,1.045467825,3.437815252,1,0
0,0,1.507042965,4.615751399,0,-1
1,1,2.118781395,6.1173843
0,0,0,0,0,0
0,0,0.0766232767,0.766232767,1,0
0,0,0.1810769093,1.044536326,2,0
0,0,0.2363796739,0.5530276456,0,0
0,0,0.4150467001,1.786670263,0,0
0,0,0.7246512873,3.096045872,0,0
0,0,1.188928819,4.642775317,1,-1
1,1,1.784219385,5.952905659
0,0,0,0,2,0
0,0,-0.09369914048,-0.9369914048,0,0
0,0,-0.1310758485,-0.3737670803,2,0
0,0,-0.2688164648,-1.377406163,2,0
0,0,-0.5377156871,-2.688992223,0,0
0,0,-0.821792134,-2.840764468,1,0
0,0,-1.209440723,-3.876485891,2,-1
1,1,-1.755296499,-5.458557756
0,0,0,0,2,0
0,0,-0.07525164341,-0.7525164341,2,0
0,0,-0.2364557716,-1.612041282,0,0
0,0,-0.351236628,-1.147808564,2,0
0,0,-0.6034371972,-2.522005692,2,0
0,0,-0.9990206843,-3.955834871,0,0
0,0,-1.474283674,-4.752629895,0,-1
1,1,-2.085039625,-6.107559516
0,0,0,0,1,0
0,0,0.004686638312,0.04686638312,0,0
0,0,0.09843302896,0.9374639065,2,0
0,0,0.1126661134,0.1423308443,2,0
0,0,0.06513695493,-0.4752915846,0,0
0,0,0.1049288732,0.397919183,2,0
0,0,0.06128761197,-0.4364126125,0,0
0,0,0.1335513443,0.7226373231,2,0
0,0,0.1473788327,0.1382748846,1,0
0,0,0.1811530634,0.3377423062,2,0
0,0,0.1689326462,-0.1222041719,0,0
0,0,0.2576550238,0.8872237763,2,0
0,0,0.3078710372,0.5021601338,1,0
0,0,0.4035531001,0.9568206295,2,0
0,0,0.4802925915,0.7673949136,1,0
0,0,0.6480643605,1.67771769,2,0
0,0,0.8391726245,1.91108264,0,0
0,0,1.202827172,3.636545477,0,-1
1,1,1.725301851,5.224746793
0,0,0,0,0,0
0,0,0.09992814338,0.9992814338,2,0
0,0,0.1177641529,0.1783600956,0,0
0,0,0.226008026,1.082438731,1,0
0,0,0.3566976152,1.306895892,2,0
0,0,0.4547749994,0.980773842,1,0
0,0,0.6131544867,1.583794873,2,0
0,0,0.8066943528,1.93539866,1,0
0,0,1.116375322,3.096809692,1,0
0,0,1.553028989,4.36653667,1,-1
1,1,2.136165597,5.831366085
0,0,0,0,1,0
0,0,0.002814787332,0.02814787332,2,0
0,0,-0.09722663089,-1.000414182,2,0
0,0,-0.293658787,-1.964321562,0,0
0,0,-0.452377736,-1.58718949,1,0
0,0,-0.6799905166,-2.276127805,0,0
0,0,-0.9342609835,-2.54270467,0,0
0,0,-1.254430356,-3.201693727,1,-1
1,1,-1.707127966,-4.526976096
0,0,0,0,1,0
0,0,-0.009867559582,-0.09867559582,1,0
0,0,-0.01442219687,-0.04554637283,2,0
0,0,-0.1126122599,-0.9819006308,0,0
0,0,-0.1504630218,-0.3785076182,2,0
0,0,-0.3152864364,-1.648234147,0,0
0,0,-0.4345342049,-1.192477685,2,0
0,0,-0.6938836308,-2.593494259,0,0
0,0,-0.9940569485,-3.001733177,0,0
0,0,-1.379520326,-3.854633771,1,-1
1,1,-1.907275035,-5.277547094
0,0,0,0,0,0
0,0,0.10066856,1.0066856,2,0
0,0,0.125649459,0.2498089897,2,0
0,0,0.08418931198,-0.4146014702,0,0
0,0,0.1475427633,0.6335345132,1,0
0,0,0.2310142441,0.8347148075,0,0
0,0,0.4397593207,2.087450766,1,0
0,0,0.7309636481,2.912043274,0,0
0,0,1.175936291,4.449726431,2,-1
1,1,1.72177529,5.458389984
0,0,0,0,2,0
0,0,-0.07736562954,-0.7736562954,2,0
0,0,-0.2647965924,-1.874309629,2,0
0,0,-0.5928675533,-3.280709608,0,0
0,0,-0.9350446168,-3.421770635,0,0
0,0,-1.354839766,-4.19795149,0,-1
1,1,-1.895617443,-5.407776771
0,0,0,0,1,0
0,0,0.002699443986,0.02699443986,2,0
0,0,-0.07139938277,-0.7409882675,1,0
0,0,-0.1629895396,-0.915901568,2,0
0,0,-0.3764882585,-2.134987189,2,0
0,0,-0.7410480494,-3.645597909,2,0
0,0,-1.253025359,-5.119773094,0,-1
1,1,-1.874723006,-6.216976472
0,0,0,0,2,0
0,0,-0.08872454109,-0.8872454109,0,0
0,0,-0.09184093749,-0.03116396397,2,0
0,0,-0.1898448073,-0.9800386978,0,0
0,0,-0.2323056993,-0.4246089204,1,0
0,0,-0.3132279963,-0.8092229704,2,0
0,0,-0.5249662685,-2.117382721,0,0
0,0,-0.736500812,-2.115345436,1,0
0,0,-1.062641908,-3.261410956,1,0
0,0,-1.511905741,-4.492638337,1,-1
1,1,-2.106207493,-5.943017516
0,0,0,0,0,0
0,0,0.0993313736,0.993313736,1,0
0,0,0.2037707365,1.044393629,0,0
0,0,0.4442708211,2.405000846,1,0
0,0,0.7641460619,3.198752407,2,0
0,0,1.120336546,3.561904841,2,-1
1,1,1.57758752,4.572509742
0,0,0,0,2,0
0,0,-0.09487814733,-0.9487814733,2,0
0,0,-0.2954702242,-2.005920768,2,0
0,0,-0.6393670275,-3.438968033,0,0
0,0,-1.00699676,-3.676297327,0,0
0,0,-1.449219961,-4.422232004,0,-1
1,1,-2.026465414,-5.772454531
0,0,0,0,1,0
0,0,-0.001080679096,-0.01080679096,2,0
0,0,-0.1002882298,-0.9920755069,1,0
0,0,-0.232597917,-1.323096872,0,0
0,0,-0.3251154885,-0.9251757147,1,0
0,0,-0.4608834872,-1.357679987,1,0
0,0,-0.6564152614,-1.955317742,0,0
0,0,-0.8809189453,-2.24503684,0,0
0,0,-1.174713908,-2.93794963,0,-1
1,1,-1.572710439,-3.979965311
0,0,0,0,0,0
0,0,0.0711110628,0.711110628,0,0
0,0,0.256830824,1.857197612,0,0
0,0,0.5585498888,3.017190648,1,0
0,0,0.9313148974,3.727650085,2,0
0,0,1.364829061,4.335141635,1,-1
1,1,1.937065351,5.722362898
0,0,0,0,1,0
0,0,-0.001188505375,-0.01188505375,2,0
0,0,-0.1067203436,-1.055318382,1,0
0,0,-0.2446795726,-1.37959229,2,0
0,0,-0.4971771176,-2.52497545,1,0
0,0,-0.8384449848,-3.412678672,2,0
0,0,-1.347700997,-5.09256012,1,-1
1,1,-1.990621092,-6.429200954
0,0,0,0,1,0
0,0,-0.003714265676,-0.03714265676,0,0
0,0,0.06946179064,0.7317605631,1,0
0,0,0.1477095762,0.7824778554,0,0
0,0,0.3447059125,1.969963363,2,0
0,0,0.5029635988,1.582576863,1,0
0,0,0.743715726,2.407521272,1,0
0,0,1.089316131,3.456004052,2,0
0,0,1.522264959,4.329488275,1,-1
1,1,2.100344216,5.780792572
0,0,0,0,2,0
0,0,-0.08112995419,-0.8112995419,2,0
0,0,-0.2610216923,-1.798917381,1,0
0,0,-0.470868816,-2.098471237,1,0
0,0,-0.7654962376,-2.946274217,2,0
0,0,-1.219420697,-4.539244593,0,-1
1,1,-1.777027443,-5.576067463
0,0,0,0,1,0
0,0,-0.00146500633,-0.0146500633,2,0
0,0,-0.1040005473,-1.025355409,0,0
0,0,-0.1375215018,-0.3352095457,1,0
0,0,-0.1807274402,-0.4320593837,2,0
0,0,-0.3485429155,-1.678154753,2,0
0,0,-0.6387834583,-2.902405428,0,0
0,0,-0.960905974,-3.221225157,2,0
0,0,-1.45533518,-4.944292063,2,-1
1,1,-2.099596715,-6.442615348
0,0,0,0,1,0
0,0,0.01616968547,0.1616968547,1,0
0,0,0.04741966861,0.3124998314,0,0
0,0,0.1622980741,1.148784055,1,0
0,0,0.3047452221,1.424471479,0,0
0,0,0.5699699989,2.652247768,0,0
0,0,1.000105874,4.301358752,2,0
0,0,1.503521497,5.034156227,0,-1
1,1,2.155873211,6.523517143
0,0,0,0,0,0
0,0,0.08069550216,0.8069550216,2,0
0,0,0.09538087191,0.1468536976,2,0
0,0,0.03912582374,-0.5625504818,1,0
0,0,-0.01990608671,-0.5903191044,1,0
0,0,-0.07725402774,-0.5734794104,0,0
0,0,-0.07756261086,-0.003085831195,0,0
0,0,0.0127928373,0.9035544816,2,0
0,0,0.01167309911,-0.01119738184,0,0
0,0,0.1054555269,0.9378242777,0,0
0,0,0.2958208179,1.90365291,0,0
0,0,0.6310005608,3.351797429,2,0
0,0,0.9798278906,3.488273298,2,0
0,0,1.40157096,4.217430694,0,-1
1,1,1.979325074,5.777541143
0,0,0,0,1,0
0,0,-0.01301518367,-0.1301518367,2,0
0,0,-0.131230049,-1.182148653,2,0
0,0,-0.3483418599,-2.171118109,1,0
0,0,-0.6244781354,-2.761362754,2,0
0,0,-1.063459857,-4.389817212,0,-1
1,1,-1.587893753,-5.244338964
0,0,0,0,2,0
0,0,-0.09841051669,-0.9841051669,1,0
0,0,-0.2155627587,-1.17152242,2,0
0,0,-0.4677932497,-2.52230491,1,0
0,0,-0.7863565012,-3.185632515,0,0
0,0,-1.151008201,-3.646517001,0,-1
1,1,-1.612573614,-4.615654124
0,0,0,0,2,0
0,0,-0.1046141356,-1.046141356,1,0
0,0,-0.243783889,-1.391697533,0,0
0,0,-0.3399548662,-0.9617097722,0,0
0,0,-0.4163661154,-0.7641124922,1,0
0,0,-0.5684348438,-1.520687284,0,0
0,0,-0.7449990044,-1.765641606,2,0
0,0,-1.082787594,-3.377885897,0,0
0,0,-1.51591113,-4.331235363,2,-1
1,1,-2.098155178,-5.822440479
0,0,0,0,0,0
0,0,0.09196921741,0.9196921741,0,0
0,0,0.2919080706,1.999388532,0,0
0,0,0.6319644494,3.400563788,0,0
0,0,1.118662447,4.866979977,0,-1
1,1,1.75464101,6.359785631
0,0,0,0,0,0
0,0,0.1027828253,1.027828253,1,0
0,0,0.2348220153,1.320391901,0,0
0,0,0.4979115166,2.630895013,2,0
0,0,0.7669717063,2.690601897,2,0
0,0,1.070845539,3.038738325,0,0
0,0,1.538467871,4.676223319,0,-1
1,1,2.154859493,6.16391622
0,0,0,0,2,0
0,0,-0.1017943541,-1.017943541,0,0
0,0,-0.1320250709,-0.3023071682,2,0
0,0,-0.2567510424,-1.247259716,0,0
0,0,-0.3339723582,-0.7722131575,0,0
0,0,-0.3932141437,-0.5924178557,1,0
0,0,-0.5012782535,-1.080641098,0,0
0,0,-0.6079630194,-1.066847659,2,0
0,0,-0.8854339602,-2.774709408,0,0
0,0,-1.231881761,-3.464478008,1,-1
1,1,-1.711480272,-4.79598511
0,0,0,0,2,0
0,0,-0.1000712141,-1.000712141,0,0
0,0,-0.1330053013,-0.3293408718,2,0
0,0,-0.2589963098,-1.259910085,2,0
0,0,-0.5155531961,-2.565568863,2,0
0,0,-0.9348994277,-4.193462316,2,0
0,0,-1.504657348,-5.697579205,1,-1
1,1,-2.217986196,-7.133288478
0,0,0,0,2,0
0,0,-0.09935196088,-0.9935196088,1,0
0,0,-0.2172568402,-1.179048793,1,0
0,0,-0.387193125,-1.699362848,2,0
0,0,-0.7146117167,-3.274185918,1,0
0,0,-1.144281601,-4.296698842,2,-1
1,1,-1.731774309,-5.874927078
0,0,0,0,1,0
0,0,-0.00257737081,-0.0257737081,2,0
0,0,-0.1014646813,-0.9888731053,0,0
0,0,-0.1269814329,-0.2551675157,0,0
0,0,-0.07330515337,0.5367627955,2,0
0,0,-0.1242364726,-0.5093131921,1,0
0,0,-0.1846896072,-0.6045313461,2,0
0,0,-0.3575362301,-1.728466229,1,0
0,0,-0.6022347577,-2.446985276,1,0
0,0,-0.9281165661,-3.258818084,0,0
0,0,-1.315503212,-3.873866461,2,-1
1,1,-1.862909221,-5.474060084
0,0,0,0,0,0
0,0,0.1038385467,1.038385467,0,0
0,0,0.2988988002,1.950602536,2,0
0,0,0.4713609569,1.724621566,1,0
0,0,0.7129275696,2.415666127,2,0
0,0,0.9872264973,2.742989277,0,0
0,0,1.431739566,4.445130688,0,-1
1,1,2.028231695,5.964921284
0,0,0,0,2,0
0,0,-0.08057088764,-0.8057088764,1,0
0,0,-0.1790216453,-0.9845075767,2,0
0,0,-0.3929126834,-2.138910381,0,0
0,0,-0.5740835952,-1.811709118,1,0
0,0,-0.844119468,-2.700358728,2,0
0,0,-1.272284507,-4.281650389,1,-1
1,1,-1.830693625,-5.584091182
0,0,0,0,1,0
0,0,-0.0006121615398,-0.006121615398,2,0
0,0,-0.1038375715,-1.032254099,1,0
0,0,-0.22495827,-1.211206985,2,0
0,0,-0.4557966921,-2.308384221,1,0
0,0,-0.7685353982,-3.12738706,0,0
0,0,-1.114622919,-3.460875206,0,0
0,0,-1.55670013,-4.420772117,1,-1
1,1,-2.145283282,-5.885831517
0,0,0,0,0,0
0,0,0.102342708,1.02342708,2,0
0,0,0.12238751,0.2004480198,2,0
0,0,0.09282677811,-0.2956073188,0,0
0,0,0.159819011,0.669922329,0,0
0,0,0.3247631768,1.649441658,2,0
0,0,0.4460296623,1.212664855,1,0
0,0,0.6351948182,1.891651559,2,0
0,0,0.8425962523,2.074014341,0,0
0,0,1.220429752,3.778334999,2,-1
1,1,1.707194272,4.867645196
0,0,0,0,2,0
0,0,-0.09811807633,-0.9811807633,1,0
0,0,-0.2136220729,-1.155039966,2,0
0,0,-0.451188571,-2.375664981,2,0
0,0,-0.841914853,-3.90726282,0,0
0,0,-1.293393726,-4.514788727,1,-1
1,1,-1.875587829,-5.821941035
0,0,0,0,1,0
0,0,-0.01763224251,-0.1763224251,0,0
0,0,0.06349890159,0.8113114411,0,0
0,0,0.2310412507,1.675423491,0,0
0,0,0.5272438265,2.962025758,0,0
0,0,0.9629935652,4.357497388,1,0
0,0,1.515053967,5.520604016,2,-1
1,1,2.206401522,6.91347555
0,0,0,0,0,0
0,0,0.09530404084,0.9530404084,2,0
0,0,0.1047672775,0.0946323664,1,0
0,0,0.1254812895,0.2071401199,0,0
0,0,0.2691728114,1.436915219,0,0
0,0,0.5543833164,2.85210505,1,0
0,0,0.9276238235,3.732405071,1,0
0,0,1.417865474,4.902416508,2,-1
1,1,2.037204611,6.193391368
0,0,0,0,2,0
0,0,-0.08797774996,-0.8797774996,2,0
0,0,-0.2944016647,-2.064239147,0,0
0,0,-0.4790854446,-1.846837799,1,0
0,0,-0.7260483742,-2.469629296,0,0
0,0,-1.011485867,-2.854374927,2,0
0,0,-1.457768911,-4.462830436,1,-1
1,1,-2.046372197,-5.886032866
0,0,0,0,1,0
0,0,-0.002883164766,-0.02883164766,0,0
0,0,0.09145005298,0.9433321774,1,0
0,0,0.215425655,1.23975602,1,0
0,0,0.360800637,1.45374982,1,0
0,0,0.5519135666,1.911129296,0,0
0,0,0.9073274886,3.55413922,2,0
0,0,1.31708376,4.097562718,0,-1
1,1,1.881898376,5.648146158
0,0,0,0,0,0
0,0,0.07323621258,0.7323621258,1,0
0,0,0.1498419694,0.7660575681,2,0
0,0,0.1697128792,0.1987090977,0,0
0,0,0.322245988,1.525331089,0,0
0,0,0.6203816645,2.981356764,0,0
0,0,1.069194168,4.488125035,1,-1
1,1,1.635293718,5.660995505
0,0,0,0,2,0
0,0,-0.07374530534,-0.7374530534,0,0
0,0,-0.05663308751,0.1711221783,1,0
0,0,-0.04683663685,0.09796450657,2,0
0,0,-0.1385388977,-0.9170226087,2,0
0,0,-0.3376563011,-1.991174034,0,0
0,0,-0.503775198,-1.661188968,0,0
0,0,-0.662834448,-1.5905925,2,0
0,0,-0.9899424084,-3.271079605,0,0
0,0,-1.393431043,-4.034886345,0,-1
1,1,-1.925728456,-5.322974129
0,0,0,0,2,0
0,0,-0.09020926203,-0.9020926203,2,0
0,0,-0.289948552,-1.9973929,0,0
0,0,-0.4408062118,-1.508576598,2,0
0,0,-0.7343465892,-2.935403774,1,0
0,0,-1.140182283,-4.058356934,0,-1
1,1,-1.638517321,-4.983350379
0,0,0,0,0,0
0,0,0.08249596862,0.8249596862,1,0
0,0,0.1960172882,1.135213196,1,0
0,0,0.3275378214,1.315205332,2,0
0,0,0.4193994405,0.918616191,0,0
0,0,0.6691329029,2.497334623,1,0
0,0,1.015671871,3.465389679,1,0
0,0,1.484430202,4.687583315,1,-1
1,1,2.096731355,6.123011528
0,0,0,0,1,0
0,0,-0.01347561706,-0.1347561706,2,0
0,0,-0.1182501572,-1.047745401,1,0
0,0,-0.2533786703,-1.351285131,2,0
0,0,-0.5205242775,-2.671456073,1,0
0,0,-0.8669157942,-3.463915167,0,0
0,0,-1.265594193,-3.986783983,2,-1
1,1,-1.818877082,-5.53282889
0,0,0,0,2,0
0,0,-0.1027874135,-1.027874135,2,0
0,0,-0.3118136758,-2.090262623,1,0
0,0,-0.5639910138,-2.52177338,2,0
0,0,-0.9627729564,-3.987819426,2,0
0,0,-1.526942452,-5.641694953,0,-1
1,1,-2.232655895,-7.057134435
0,0,0,0,0,0
0,0,0.09215710524,0.9215710524,2,0
0,0,0.121983037,0.2982593181,0,0
0,0,0.2721715681,1.501885311,0,0
0,0,0.5657731258,2.936015576,2,0
0,0,0.8749128163,3.091396905,2,0
0,0,1.239637391,3.647245744,1,-1
1,1,1.736823465,4.971860744
0,0,0,0,0,0
0,0,0.09223730465,0.9223730465,2,0
0,0,0.1059225474,0.1368524277,2,0
0,0,0.05794405056,-0.4797849686,1,0
0,0,0.02789344434,-0.3005060622,0,0
0,0,0.1058409815,0.7794753715,1,0
0,0,0.1932625243,0.8742154286,1,0
0,0,0.3010299328,1.077674085,1,0
0,0,0.4581906562,1.571607233,2,0
0,0,0.6200754266,1.618847704,0,0
0,0,0.9482858121,3.282103855,2,0
0,0,1.341492171,3.932063585,0,-1
1,1,1.892792776,5.513006051
0,0,0,0,0,0
0,0,0.09740219678,0.9740219678,2,0
0,0,0.1322890426,0.3488684586,2,0
0,0,0.1032977087,-0.2899133389,1,0
0,0,0.1060920963,0.02794387596,1,0
0,0,0.1260304957,0.1993839938,0,0
0,0,0.2705639085,1.445334128,0,0
0,0,0.5417181615,2.71154253,0,0
0,0,0.9603374825,4.18619321,2,0
0,0,1.450176307,4.898388245,0,-1
1,1,2.090432584,6.402562772
0,0,0,0,2,0
0,0,-0.07261287071,-0.7261287071,0,0
0,0,-0.05712757295,0.1548529776,2,0
0,0,-0.1460502543,-0.8892268136,1,0
0,0,-0.2437490884,-0.9769883407,1,0
0,0,-0.3660935757,-1.223444873,2,0
0,0,-0.6441420523,-2.780484766,0,0
0,0,-0.9579328904,-3.137908381,1,0
0,0,-1.393680723,-4.357478326,1,-1
1,1,-1.969020269,-5.753395464
0,0,0,0,0,0
0,0,0.1021609984,1.021609984,2,0
0,0,0.1422227126,0.4006171414,2,0
0,0,0.1168914744,-0.2533123823,0,0
0,0,0.1909772388,0.7408576444,2,0
0,0,0.2174634283,0.2648618946,0,0
0,0,0.3519766506,1.345132223,2,0
0,0,0.4581548039,1.061781534,0,0
0,0,0.7246012424,2.664464384,1,0
0,0,1.082943414,3.583421719,0,-1
1,1,1.602190265,5.192468512
0,0,0,0,2,0
0,0,-0.08637156521,-0.8637156521,2,0
0,0,-0.2649660019,-1.785944367,2,0
0,0,-0.5704114356,-3.054454337,2,0
0,0,-1.018373607,-4.479621712,2,-1
1,1,-1.621865427,-6.034918206
0,0,0,0,2,0
0,0,-0.0848838381,-0.848838381,1,0
0,0,-0.1973070658,-1.124232277,0,0
0,0,-0.2402930467,-0.4298598097,0,0
0,0,-0.2408517152,-0.005586684652,0,0
0,0,-0.2033654821,0.3748623306,0,0
0,0,-0.1302850335,0.7308044864,1,0
0,0,-0.09642121715,0.3386381636,2,0
0,0,-0.154010663,-0.5758944582,0,0
0,0,-0.1390196388,0.1499102415,1,0
0,0,-0.1450547334,-0.06035094553,1,0
0,0,-0.1764477196,-0.3139298618,1,0
0,0,-0.2369779457,-0.6053022611,1,0
0,0,-0.3513387565,-1.143608109,0,0
0,0,-0.455597248,-1.042584915,2,0
0,0,-0.6988790148,-2.432817668,2,0
0,0,-1.097596625,-3.987176102,0,-1
1,1,-1.579937504,-4.823408788
0,0,0,0,2,0
0,0,-0.07248802513,-0.7248802513,2,0
0,0,-0.2404676818,-1.679796567,0,0
0,0,-0.3627840238,-1.22316342,2,0
0,0,-0.6258775368,-2.63093513,0,0
0,0,-0.9225652417,-2.966877049,2,0
0,0,-1.387812539,-4.652472974,1,-1
1,1,-1.991921573,-6.041090343
0,0,0,0,2,0
0,0,-0.09157525209,-0.9157525209,1,0
0,0,-0.19753637,-1.059611179,0,0
0,0,-0.2464151825,-0.4887881252,1,0
0,0,-0.3352704339,-0.8885525133,1,0
0,0,-0.4929447452,-1.576743114,1,0
0,0,-0.7132961216,-2.203513764,1,0
0,0,-1.023316293,-3.100201711,1,0
0,0,-1.458940545,-4.356242527,2,-1
1,1,-2.04511488,-5.861743349
0,0,0,0,2,0
0,0,-0.1037713776,-1.037713776,1,0
0,0,-0.2268637432,-1.230923656,0,0
0,0,-0.2943062402,-0.6744249695,1,0
0,0,-0.4049305628,-1.106243227,0,0
0,0,-0.5147902261,-1.098596632,2,0
0,0,-0.7785767484,-2.637865223,1,0
0,0,-1.153904194,-3.753274455,2,-1
1,1,-1.693163249,-5.392590554
0,0,0,0,0,0
0,0,0.09835465409,0.9835465409,2,0
0,0,0.1106253847,0.1227073061,2,0
0,0,0.03816311146,-0.7246227324,2,0
0,0,-0.1009974017,-1.391605131,1,0
0,0,-0.2657726874,-1.647752858,1,0
0,0,-0.4632346903,-1.974620029,0,0
0,0,-0.6620574515,-1.988227612,2,0
0,0,-1.015821839,-3.537643875,0,0
0,0,-1.453702936,-4.378810973,0,-1
1,1,-2.024076392,-5.703734559
0,0,0,0,0,0
0,0,0.08611330912,0.8611330912,1,0
0,0,0.1754282897,0.8931498057,2,0
0,0,0.2125320422,0.3710375252,0,0
0,0,0.366651124,1.541190818,2,0
0,0,0.5047715914,1.381204673,0,0
0,0,0.8030027053,2.982311139,0,0
0,0,1.263756412,4.607537066,1,-1
1,1,1.860949602,5.971931898
0,0,0,0,2,0
0,0,-0.08922674024,-0.8922674024,1,0
0,0,-0.2003048919,-1.110781517,2,0
0,0,-0.438343755,-2.380388631,0,0
0,0,-0.6738234585,-2.354797035,1,0
0,0,-1.009922289,-3.360988307,0,0
0,0,-1.42199749,-4.120752004,1,-1
1,1,-1.976979721,-5.549822311
0,0,0,0,0,0
0,0,0.08552640784,0.8552640784,2,0
0,0,0.09935563431,0.1382922647,1,0
0,0,0.1294419831,0.3008634876,2,0
0,0,0.07925465087,-0.501873322,1,0
0,0,0.03432514661,-0.4492950427,2,0
0,0,-0.1069260676,-1.412512142,0,0
0,0,-0.1836696094,-0.7674354176,0,0
0,0,-0.1976874646,-0.1401785517,0,0
0,0,-0.1732121569,0.2447530761,2,0
0,0,-0.2806249088,-1.074127518,2,0
0,0,-0.5150663537,-2.344414449,0,0
0,0,-0.7637173904,-2.486510368,2,0
0,0,-1.183012346,-4.192949551,2,-1
1,1,-1.763863268,-5.808509223
0,0,0,0,1,0
0,0,0.01690461099,0.1690461099,1,0
0,0,0.0194827549,0.02578143918,2,0
0,0,-0.06822219142,-0.8770494632,0,0
0,0,-0.09038239919,-0.2216020778,0,0
0,0,-0.02851334283,0.6186905637,2,0
0,0,-0.04855352015,-0.2004017733,0,0
0,0,0.02709680779,0.7565032794,2,0
0,0,0.006116545288,-0.209802625,2,0
0,0,-0.1140788474,-1.201953927,0,0
0,0,-0.1709324837,-0.5685363626,1,0
0,0,-0.2489906416,-0.7805815791,0,0
0,0,-0.290000735,-0.410100934,2,0
0,0,-0.4553045541,-1.653038192,1,0
0,0,-0.6825642959,-2.272597418,2,0
0,0,-1.061906019,-3.793417228,1,0
0,0,-1.563965752,-5.020597331,0,-1
1,1,-2.212342674,-6.483769224
0,0,0,0,1,0
0,0,0.0006427253309,0.006427253309,1,0
0,0,0.01057138265,0.09928657322,2,0
0,0,-0.05675875857,-0.6733014123,2,0
0,0,-0.2172681314,-1.605093729,2,0
0,0,-0.5140944856,-2.968263542,2,0
0,0,-0.9616962141,-4.476017285,0,0
0,0,-1.478556362,-5.168601484,1,-1
1,1,-2.137977422,-6.594210593
0,0,0,0,1,0
0,0,-0.002539759103,-0.02539759103,2,0
0,0,-0.1083430958,-1.058033367,0,0
0,0,-0.130607885,-0.2226478916,2,0
0,0,-0.2751663421,-1.445584571,2,0
0,0,-0.5607818176,-2.856154755,1,0
0,0,-0.941963735,-3.811819174,1,0
0,0,-1.433691468,-4.917277326,2,-1
1,1,-2.075519187,-6.418277191
0,0,0,0,1,0
0,0,0.002698923041,0.02698923041,2,0
0,0,-0.09426911262,-0.9696803566,2,0
0,0,-0.2915350823,-1.972659697,1,0
0,0,-0.5285154524,-2.369803701,1,0
0,0,-0.8571040537,-3.285886013,1,0
0,0,-1.30110033,-4.439962763,0,-1
1,1,-1.856611015,-5.555106854
0,0,0,0,1,0
0,0,0.002075429453,0.02075429453,0,0
0,0,0.1063838227,1.043083933,1,0
0,0,0.2339367376,1.275529148,1,0
0,0,0.4132165793,1.792798418,1,0
0,0,0.66393424,2.507176607,1,0
0,0,1.017845679,3.539114391,0,0
0,0,1.527163552,5.093178727,2,-1
1,1,2.178019529,6.508559777
0,0,0,0,2,0
0,0,-0.07159468967,-0.7159468967,0,0
0,0,-0.05059786809,0.2099682158,2,0
0,0,-0.1189707937,-0.6837292558,2,0
0,0,-0.3056216399,-1.866508463,2,0
0,0,-0.62331866,-3.176970201,1,0
0,0,-1.028741763,-4.054231034,0,0
0,0,-1.521428513,-4.9268675,2,-1
1,1,-2.162960182,-6.415316689
0,0,0,0,2,0
0,0,-0.09862444488,-0.9862444488,1,0
0,0,-0.1979265934,-0.9930214852,0,0
0,0,-0.2606354453,-0.6270885189,0,0
0,0,-0.2861552046,-0.255197593,0,0
0,0,-0.2698401688,0.1631503582,1,0
0,0,-0.302075011,-0.322348422,1,0
0,0,-0.3932338461,-0.9115883513,2,0
0,0,-0.6208376685,-2.276038224,2,0
0,0,-1.017430634,-3.965929651,1,0
0,0,-1.535699292,-5.182686584,2,-1
1,1,-2.202526034,-6.668267419
0,0,0,0,1,0
0,0,0.0008440711894,0.008440711894,0,0
0,0,0.099664386,0.9882031481,1,0
0,0,0.2053587804,1.056943944,2,0
0,0,0.2585479834,0.5318920302,0,0
0,0,0.4356700412,1.771220578,1,0
0,0,0.6714240627,2.357540214,1,0
0,0,1.013027696,3.41603633,2,0
0,0,1.430662268,4.176345728,0,-1
1,1,1.999782722,5.691204534
0,0,0,0,1,0
0,0,0.003770441167,0.03770441167,1,0
0,0,0.02565973245,0.2188929128,0,0
0,0,0.1448686746,1.192089422,0,0
0,0,0.3624420762,2.175734015,1,0
0,0,0.6303426264,2.679005502,2,0
0,0,0.9176281266,2.872855002,0,0
0,0,1.377946615,4.603184888,0,-1
1,1,1.991004083,6.130574672
0,0,0,0,2,0
0,0,-0.09278038126,-0.9278038126,1,0
0,0,-0.1919842658,-0.9920388456,0,0
0,0,-0.2319890326,-0.400047668,2,0
0,0,-0.4101014227,-1.781123901,0,0
0,0,-0.5608582005,-1.507567778,1,0
0,0,-0.8093899008,-2.485317003,1,0
0,0,-1.168282511,-3.588926106,1,-1
1,1,-1.654283698,-4.860011864
0,0,0,0,1,0
0,0,-0.01293232602,-0.1293232602,2,0
0,0,-0.1223883398,-1.094560138,1,0
0,0,-0.2628457297,-1.404573898,1,0
0,0,-0.4508959105,-1.880501809,0,0
0,0,-0.6212780276,-1.703821171,1,0
0,0,-0.8967328544,-2.754548268,0,0
0,0,-1.231259535,-3.345266803,2,-1
1,1,-1.723240328,-4.919807929
0,0,0,0,0,0
0,0,0.07142385614,0.7142385614,2,0
0,0,0.08125682949,0.09832973351,1,0
0,0,0.09353462682,0.1227779733,0,0
0,0,0.1988279751,1.052933483,1,0
0,0,0.3422046905,1.433767155,1,0
0,0,0.5320790422,1.898743517,2,0
0,0,0.7226960105,1.906169683,0,0
0,0,1.086701627,3.640056169,2,0
0,0,1.546962014,4.602603861,0,-1
1,1,2.155404179,6.084421655
0,0,0,0,0,0
0,0,0.09578988157,0.9578988157,0,0
0,0,0.3111799237,2.153900421,1,0
0,0,0.564782957,2.536030333,1,0
0,0,0.9086409017,3.438579447,1,0
0,0,1.369954537,4.613136356,1,-1
1,1,1.96711713,5.971625924
0,0,0,0,0,0
0,0,0.08623198922,0.8623198922,1,0
0,0,0.1739905363,0.8775854704,1,0
0,0,0.2869269769,1.129364407,1,0
0,0,0.4331718051,1.462448281,2,0
0,0,0.5768689845,1.436971794,1,0
0,0,0.7984212487,2.215522642,2,0
0,0,1.067925526,2.695042778,0,0
0,0,1.497762317,4.298367906,1,-1
1,1,2.071694431,5.739321134
0,0,0,0,2,0
0,0,-0.09729422518,-0.9729422518,1,0
0,0,-0.2133344279,-1.160402027,0,0
0,0,-0.2656254851,-0.5229105728,0,0
0,0,-0.2690707109,-0.034452258,0,0
0,0,-0.2349593263,0.3411138464,0,0
0,0,-0.1448965096,0.9006281672,1,0
0,0,-0.07910851897,0.6578799062,0,0
0,0,0.07255318237,1.516617013,0,0
0,0,0.3322239709,2.596707885,0,0
0,0,0.7132498796,3.810259087,2,0
0,0,1.133045553,4.197956732,2,-1
1,1,1.647448781,5.144032278
0,0,0,0,1,0
0,0,0.01083368604,0.1083368604,0,0
0,0,0.1159797557,1.051460697,1,0
0,0,0.2308209644,1.148412087,1,0
0,0,0.3740679098,1.432469454,0,0
0,0,0.6652129352,2.911450254,2,0
0,0,0.9749803812,3.097674461,1,0
0,0,1.410416309,4.354359278,0,-1
1,1,1.998464048,5.880477387
0,0,0,0,2,0
0,0,-0.09392727125,-0.9392727125,2,0
0,0,-0.301560927,-2.076336558,1,0
0,0,-0.5654558872,-2.638949602,0,0
0,0,-0.8440216372,-2.7856575,1,0
0,0,-1.235838093,-3.918164562,1,-1
1,1,-1.759420429,-5.235823352
0,0,0,0,1,0
0,0,0.003449557947,0.03449557947,0,0
0,0,0.08258280727,0.7913324932,1,0
0,0,0.1612983757,0.7871556845,1,0
0,0,0.2602026119,0.9890423614,1,0
0,0,0.4078095935,1.476069817,0,0
0,0,0.6987799151,2.909703216,2,0
0,0,1.036005726,3.372258112,2,0
0,0,1.456931612,4.209258861,2,-1
1,1,2.012126727,5.551951151
0,0,0,0,1,0
0,0,0.002218570203,0.02218570203,0,0
0,0,0.08961519623,0.8739662603,1,0
0,0,0.1936648556,1.040496594,2,0
0,0,0.2331215094,0.3945665373,2,0
0,0,0.2382589028,0.05137393443,0,0
0,0,0.3539613342,1.157024314,0,0
0,0,0.5997706359,2.458093017,0,0
0,0,1.009294113,4.095234773,0,-1
1,1,1.575707511,5.664133975
0,0,0,0,0,0
0,0,0.07502569744,0.7502569744,0,0
0,0,0.2536913651,1.786656677,2,0
0,0,0.395136757,1.414453919,1,0
0,0,0.5974616944,2.023249374,2,0
0,0,0.8247024187,2.272407243,2,0
0,0,1.101690075,2.769876566,1,0
0,0,1.504960711,4.032706352,1,-1
1,1,2.052442918,5.474822072
0,0,0,0,0,0
0,0,0.1006647971,1.006647971,0,0
0,0,0.3060388135,2.053740164,0,0
0,0,0.6320219607,3.259831472,2,0
0,0,0.984151374,3.521294132,0,0
0,0,1.50037811,5.162267363,0,-1
1,1,2.164806978,6.644288677
0,0,0,0,2,0
0,0,-0.09184711229,-0.9184711229,1,0
0,0,-0.1929623167,-1.011152044,0,0
0,0,-0.2421973477,-0.4923503102,2,0
0,0,-0.4219097319,-1.797123842,1,0
0,0,-0.6690438169,-2.47134085,1,0
0,0,-1.011653638,-3.426098209,0,0
0,0,-1.434066002,-4.224123639,2,-1
1,1,-2.007458946,-5.733929445
0,0,0,0,2,0
0,0,-0.09246477775,-0.9246477775,0,0
0,0,-0.1177477898,-0.2528301205,2,0
0,0,-0.2599260707,-1.421782809,1,0
0,0,-0.4556194494,-1.956933787,2,0
0,0,-0.792051783,-3.364323336,0,0
0,0,-1.176742315,-3.846905323,1,-1
1,1,-1.695406951,-5.18664636
0,0,0,0,1,0
0,0,-0.001849026924,-0.01849026924,2,0
0,0,-0.08297460493,-0.8112557801,0,0
0,0,-0.1048022261,-0.2182762112,2,0
0,0,-0.2467790971,-1.419768711,1,0
0,0,-0.4463107062,-1.995316091,1,0
0,0,-0.7184463291,-2.72135623,0,0
0,0,-1.023179829,-3.047334996,1,0
0,0,-1.445760967,-4.225811384,0,-1
1,1,-2.000247921,-5.544869541
0,0,0,0,0,0
0,0,0.09514419065,0.9514419065,0,0
0,0,0.2831128983,1.879687077,2,0
0,0,0.4374402623,1.54327364,2,0
0,0,0.5913531542,1.539128919,0,0
0,0,0.9175725913,3.262194371,1,0
0,0,1.358259792,4.40687201,0,-1
1,1,1.955562609,5.97302817
0,0,0,0,0,0
0,0,0.07923650191,0.7923650191,1,0
0,0,0.1883501846,1.091136827,2,0
0,0,0.2418854676,0.5353528304,1,0
0,0,0.3321674638,0.9028199614,0,0
0,0,0.5565042555,2.243367918,1,0
0,0,0.8534663745,2.96962119,0,0
0,0,1.304269379,4.508030048,1,-1
1,1,1.888523728,5.842543486
0,0,0,0,0,0
0,0,0.09868255126,0.9868255126,0,0
0,0,0.3006942773,2.02011726,0,0
0,0,0.6351881868,3.344939095,2,0
0,0,0.9872789929,3.520908061,2,0
0,0,1.413949288,4.266702952,0,-1
1,1,1.993011385,5.790620973
0,0,0,0,2,0
0,0,-0.09778464955,-0.9778464955,2,0
0,0,-0.2953595951,-1.975749456,2,0
0,0,-0.6324686062,-3.37109011,0,0
0,0,-0.9990301432,-3.66561537,1,0
0,0,-1.48439624,-4.853660966,2,-1
1,1,-2.118642473,-6.342462328
0,0,0,0,0,0
0,0,0.104723081,1.04723081,1,0
0,0,0.2172083241,1.124852431,0,0
0,0,0.4492135502,2.320052261,0,0
0,0,0.8418104314,3.925968811,1,0
0,0,1.337734986,4.959245542,0,-1
1,1,1.984028121,6.462931353
0,0,0,0,1,0
0,0,-0.004882035069,-0.04882035069,0,0
0,0,0.08013843152,0.8502046659,2,0
0,0,0.1078177922,0.2767936065,2,0
0,0,0.06944537052,-0.3837242164,0,0
0,0,0.1179290316,0.4848366108,1,0
0,0,0.197126822,0.7919779043,2,0
0,0,0.2169548368,0.1982801476,0,0
0,0,0.3506040275,1.336491907,2,0
0,0,0.471420185,1.208161575,1,0
0,0,0.6648239893,1.934038043,2,0
0,0,0.9017811411,2.369571518,1,0
0,0,1.254988098,3.532069566,1,-1
1,1,1.748505792,4.935176941
0,0,0,0,1,0
0,0,-0.01335013921,-0.1335013921,2,0
0,0,-0.122953478,-1.096033388,0,0
0,0,-0.1793450817,-0.5639160375,0,0
0,0,-0.184173776,-0.04828694238,1,0
0,0,-0.2270145944,-0.4284081839,1,0
0,0,-0.2976129747,-0.7059838035,2,0
0,0,-0.5175102944,-2.198973197,2,0
0,0,-0.8836426282,-3.661323338,2,0
0,0,-1.412899157,-5.292565291,1,-1
1,1,-2.083402274,-6.70503117
0,0,0,0,2,0
0,0,-0.07672893278,-0.7672893278,0,0
0,0,-0.0771465715,-0.004176387259,1,0
0,0,-0.09021812386,-0.1307155236,2,0
0,0,-0.2001964882,-1.099783644,2,0
0,0,-0.4269776434,-2.267811551,2,0
0,0,-0.800892784,-3.739151407,2,0
0,0,-1.343582333,-5.426895487,2,-1
1,1,-2.036177578,-6.925952449
0,0,0,0,1,0
0,0,0.004968297101,0.04968297101,1,0
0,0,0.003768315291,-0.0119998181,0,0
0,0,0.07964375667,0.7587544137,2,0
0,0,0.06869868677,-0.109450699,1,0
0,0,0.08688099149,0.1818230473,2,0
0,0,0.02621685219,-0.606641393,2,0
0,0,-0.1231488923,-1.493657445,0,0
0,0,-0.1933436911,-0.701947988,1,0
0,0,-0.2851168529,-0.9177316187,1,0
0,0,-0.4268176128,-1.417007599,1,0
0,0,-0.6512340522,-2.244164394,2,0
0,0,-1.042721841,-3.914877885,0,0
0,0,-1.523347304,-4.806254635,2,-1
1,1,-2.153012297,-6.296649926
0,0,0,0,1,0
0,0,0.009228966926,0.09228966926,2,0
0,0,-0.05281783424,-0.6204680116,1,0
0,0,-0.119367504,-0.6654966978,0,0
0,0,-0.1289927945,-0.0962529044,1,0
0,0,-0.1582991207,-0.2930632624,2,0
0,0,-0.2928345623,-1.345354416,1,0
0,0,-0.4811850705,-1.883505082,1,0
0,0,-0.7446980799,-2.635130095,2,0
0,0,-1.182005832,-4.373077523,2,-1
1,1,-1.778916252,-5.969104196
0,0,0,0,0,0
0,0,0.08458090664,0.8458090664,2,0
0,0,0.100632106,0.1605119939,0,0
0,0,0.2090127635,1.083806575,0,0
0,0,0.4440982175,2.35085454,1,0
0,0,0.733188249,2.890900314,0,0
0,0,1.180522033,4.473337845,0,-1
1,1,1.784028018,6.035059846
0,0,0,0,2,0
0,0,-0.09648797099,-0.9648797099,0,0
0,0,-0.1386022759,-0.4211430494,1,0
0,0,-0.2155630683,-0.769607924,0,0
0,0,-0.2381443696,-0.2258130128,1,0
0,0,-0.3075941442,-0.694497746,2,0
0,0,-0.5139281812,-2.06334037,2,0
0,0,-0.8679124269,-3.539842457,1,0
0,0,-1.336084733,-4.681723059,0,-1
1,1,-1.926780881,-5.90696148
0,0,0,0,2,0
0,0,-0.09538679289,-0.9538679289,1,0
0,0,-0.1995363539,-1.04149561,0,0
0,0,-0.2449302474,-0.4539389353,1,0
0,0,-0.3467386586,-1.018084112,1,0
0,0,-0.4914338953,-1.446952368,2,0
0,0,-0.7935855443,-3.02151649,0,0
0,0,-1.137146455,-3.435609106,0,-1
1,1,-1.578156685,-4.410102301
