2,1,1
0,0,0,0,2,0
0,0,-0.07803477613,-0.7803477613,2,0
0,0,-0.2742703642,-1.962355881,0,0
0,0,-0.4152421485,-1.409717843,2,0
0,0,-0.6938957754,-2.786536269,2,0
0,0,-1.123068406,-4.291726303,0,-1
1,1,-1.646664581,-5.235961754
0,0,0,0,0,0
0,0,0.0968640077,0.968640077,0,0
0,0,0.2849886607,1.88124653,1,0
0,0,0.5150590945,2.300704338,2,0
0,0,0.7495163347,2.344572402,0,0
0,0,1.142618537,3.93102202,0,-1
1,1,1.701108735,5.584901988
0,0,0,0,0,0
0,0,0.0994186558,0.994186558,0,0
0,0,0.2956357207,1.962170649,0,0
0,0,0.6132683982,3.176326774,1,0
0,0,1.010435866,3.971674678,0,0
0,0,1.561810112,5.513742455,2,-1
1,1,2.259173126,6.973630142
0,0,0,0,1,0
0,0,-0.001992845111,-0.01992845111,0,0
0,0,0.06778930342,0.6978214853,0,0
0,0,0.2200436286,1.522543252,2,0
0,0,0.3230365138,1.029928853,0,0
0,0,0.558738046,2.357015322,1,0
0,0,0.8829174049,3.241793589,0,0
0,0,1.373241922,4.903245173,2,-1
1,1,1.989406863,6.161649405
0,0,0,0,2,0
0,0,-0.09778899398,-0.9778899398,0,0
0,0,-0.1104332427,-0.1264424867,1,0
0,0,-0.1422483302,-0.3181508758,2,0
0,0,-0.287540354,-1.452920237,2,0
0,0,-0.5738614475,-2.863210936,0,0
0,0,-0.8798268535,-3.05965406,2,0
0,0,-1.351762395,-4.719355418,1,-1
1,1,-1.96379455,-6.120321547
0,0,0,0,2,0
0,0,-0.09860577423,-0.9860577423,0,0
0,0,-0.1249199276,-0.2631415332,0,0
0,0,-0.08131173117,0.4360819638,2,0
0,0,-0.1462213126,-0.6490958139,2,0
0,0,-0.3285033135,-1.82282001,1,0
0,0,-0.55402453,-2.255212165,0,0
0,0,-0.7786161524,-2.245916224,1,0
0,0,-1.114627911,-3.360117587,0,0
0,0,-1.546825069,-4.321971582,1,-1
1,1,-2.125623003,-5.787979337
0,0,0,0,1,0
0,0,-0.007626844106,-0.07626844106,0,0
0,0,0.06083057204,0.6845741614,0,0
0,0,0.2312793869,1.704488149,0,0
0,0,0.5180982473,2.868188604,2,0
0,0,0.8137701663,2.95671919,2,0
0,0,1.164564537,3.507943708,2,-1
1,1,1.618625076,4.540605385
0,0,0,0,2,0
0,0,-0.09246233653,-0.9246233653,0,0
0,0,-0.1010786817,-0.08616345159,1,0
0,0,-0.1102414445,-0.09162762808,1,0
0,0,-0.1307947137,-0.205532692,1,0
0,0,-0.1745821235,-0.4378740977,2,0
0,0,-0.3500972367,-1.755151132,2,0
0,0,-0.6712319891,-3.211347524,1,0
0,0,-1.083390169,-4.121581795,2,-1
1,1,-1.652536962,-5.691467937
0,0,0,0,0,0
0,0,0.1041894797,1.041894797,2,0
0,0,0.1334428126,0.2925333289,0,0
0,0,0.2588524383,1.254096257,0,0
0,0,0.5101213781,2.512689398,1,0
0,0,0.8422162632,3.320948851,1,0
0,0,1.283005646,4.407893832,1,-1
1,1,1.856684394,5.736787478
0,0,0,0,1,0
0,0,-0.008223685577,-0.08223685577,0,0
0,0,0.07008053353,0.7830421911,2,0
0,0,0.08449989179,0.1441935826,0,0
0,0,0.2079379098,1.23438018,0,0
0,0,0.4361043671,2.281664573,1,0
0,0,0.7320867044,2.959823372,0,0
0,0,1.197758466,4.656717617,2,-1
1,1,1.763779182,5.66020716
0,0,0,0,1,0
0,0,0.01045428794,0.1045428794,1,0
0,0,0.01961065253,0.09156364584,1,0
0,0,0.04040186344,0.2079121092,0,0
0,0,0.1627167695,1.22314906,2,0
0,0,0.2108730689,0.4815629944,2,0
0,0,0.2001268982,-0.1074617067,1,0
0,0,0.2124681522,0.1234125394,0,0
0,0,0.3628756536,1.504075014,1,0
0,0,0.5588822858,1.960066322,0,0
0,0,0.9029791835,3.440968977,2,0
0,0,1.311185033,4.082058497,2,-1
1,1,1.839980588,5.28795555
0,0,0,0,1,0
0,0,0.01048657186,0.1048657186,1,0
0,0,0.02391402773,0.1342745587,0,0
0,0,0.1286407887,1.047267609,0,0
0,0,0.349234167,2.205933783,2,0
0,0,0.5483944714,1.991603044,2,0
0,0,0.7601621288,2.117676574,0,0
0,0,1.130716825,3.705546966,1,-1
1,1,1.627994023,4.972771972
0,0,0,0,0,0
0,0,0.09927476018,0.9927476018,1,0
0,0,0.202680909,1.034061488,2,0
0,0,0.2611216514,0.5844074238,1,0
0,0,0.3488469133,0.8772526197,1,0
0,0,0.4971631728,1.483162594,2,0
0,0,0.6429927245,1.458295517,0,0
0,0,0.9399962676,2.970035431,0,0
0,0,1.399993469,4.599972018,1,-1
1,1,1.998093269,5.980997998
0,0,0,0,0,0
0,0,0.08468077329,0.8468077329,2,0
0,0,0.0930860498,0.08405276507,1,0
0,0,0.1228876456,0.2980159577,1,0
0,0,0.1837929991,0.6090535352,0,0
0,0,0.3779371696,1.941441705,2,0
0,0,0.5381477145,1.602105449,0,0
0,0,0.8522997251,3.141520106,2,0
0,0,1.229490192,3.771904667,1,-1
1,1,1.736334219,5.068440268
0,0,0,0,0,0
0,0,0.08803983802,0.8803983802,1,0
0,0,0.2010832558,1.130434178,2,0
0,0,0.2661243772,0.6504112134,0,0
0,0,0.462509797,1.963854198,2,0
0,0,0.6521510832,1.896412863,0,0
0,0,0.9989101685,3.467590853,1,0
0,0,1.465177115,4.662669464,2,-1
1,1,2.065728547,6.005514318
0,0,0,0,0,0
0,0,0.07496346318,0.7496346318,0,0
0,0,0.2468823365,1.719188734,1,0
0,0,0.4531044635,2.06222127,1,0
0,0,0.7211259202,2.680214567,2,0
0,0,1.016946907,2.958209864,1,0
0,0,1.432591618,4.156447111,1,-1
1,1,1.992107528,5.595159105
0,0,0,0,1,0
0,0,-0.002236107985,-0.02236107985,0,0
0,0,0.0817152074,0.8395131539,2,0
0,0,0.1042173159,0.2250210845,2,0
0,0,0.04275922977,-0.6145808608,0,0
0,0,0.09039380639,0.4763457662,0,0
0,0,0.2578728145,1.674790081,1,0
0,0,0.4833426224,2.254698079,2,0
0,0,0.7070363568,2.236937344,1,0
0,0,1.038366791,3.31330434,1,0
0,0,1.497683815,4.593170245,1,-1
1,1,2.101608908,6.039250927
0,0,0,0,0,0
0,0,0.09823118858,0.9823118858,1,0
0,0,0.1963635341,0.981323455,0,0
0,0,0.4250919171,2.28728383,2,0
0,0,0.6505889067,2.254969896,1,0
0,0,0.9625732271,3.119843203,1,0
0,0,1.386041818,4.234685909,0,-1
1,1,1.965175966,5.791341481
0,0,0,0,2,0
0,0,-0.1048500033,-1.048500033,0,0
0,0,-0.1326623068,-0.2781230344,1,0
0,0,-0.1789369465,-0.4627463976,1,0
0,0,-0.2434537648,-0.6451681828,0,0
0,0,-0.2535973843,-0.1014361948,2,0
0,0,-0.3844542564,-1.308568721,0,0
0,0,-0.4874219268,-1.029676704,2,0
0,0,-0.7449500388,-2.57528112,1,0
0,0,-1.096076873,-3.511268345,2,-1
1,1,-1.615932515,-5.198556414
0,0,0,0,1,0
0,0,0.01295639353,0.1295639353,1,0
0,0,0.03265429383,0.196979003,0,0
0,0,0.1358273443,1.031730505,1,0
0,0,0.2467393852,1.109120409,0,0
0,0,0.4708431007,2.241037155,0,0
0,0,0.8384995331,3.676564324,2,0
0,0,1.252221475,4.13721942,0,-1
1,1,1.825238793,5.730173181
0,0,0,0,0,0
0,0,0.1030942811,1.030942811,2,0
0,0,0.128072138,0.2497785692,1,0
0,0,0.1809996016,0.5292746358,0,0
0,0,0.3532253254,1.722257239,2,0
0,0,0.4989607145,1.45735389,2,0
0,0,0.6406970628,1.417363483,2,0
0,0,0.8079618976,1.672648348,2,0
0,0,1.023354578,2.153926805,2,0
0,0,1.324713137,3.013585587,1,-1
1,1,1.765066397,4.403532604
0,0,0,0,1,0
0,0,-0.01562744821,-0.1562744821,1,0
0,0,-0.03920053581,-0.235730876,2,0
0,0,-0.1470082915,-1.078077557,0,0
0,0,-0.1809813074,-0.3397301583,2,0
0,0,-0.3460606638,-1.650793564,0,0
0,0,-0.4852242735,-1.391636097,2,0
0,0,-0.7643855234,-2.791612499,2,0
0,0,-1.19933055,-4.349450265,0,-1
1,1,-1.736791297,-5.374607469
0,0,0,0,1,0
0,0,0.004821414721,0.04821414721,2,0
0,0,-0.0723145394,-0.7713595412,2,0
0,0,-0.2332827907,-1.609682513,1,0
0,0,-0.4336002583,-2.003174676,2,0
0,0,-0.779928244,-3.463279857,0,0
0,0,-1.163162862,-3.832346181,0,-1
1,1,-1.646563995,-4.834011332
0,0,0,0,0,0
0,0,0.08544677892,0.8544677892,2,0
0,0,0.0864358032,0.009890242743,1,0
0,0,0.1158483944,0.2941259116,2,0
0,0,0.082233782,-0.3361461236,1,0
0,0,0.07403910351,-0.0819467849,1,0
0,0,0.07271375845,-0.01325345063,0,0
0,0,0.1881644919,1.154507335,2,0
0,0,0.255809808,0.6764531606,2,0
0,0,0.2921502646,0.3634045662,2,0
0,0,0.2829912459,-0.0915901868,1,0
0,0,0.3086468304,0.2565558454,1,0
0,0,0.4009214597,0.922746293,0,0
0,0,0.6280744327,2.27152973,0,0
0,0,1.018020462,3.899460297,0,-1
1,1,1.5726133,5.545928375
0,0,0,0,0,0
0,0,0.09235257433,0.9235257433,2,0
0,0,0.1134076389,0.2105506455,1,0
0,0,0.1508970124,0.3748937348,0,0
0,0,0.3170247914,1.66127779,2,0
0,0,0.4401866448,1.231618534,1,0
0,0,0.6321174676,1.919308228,2,0
0,0,0.8456342741,2.135168065,0,0
0,0,1.220099502,3.744652278,0,-1
1,1,1.752042759,5.319432572
0,0,0,0,1,0
0,0,0.01515938844,0.1515938844,2,0
0,0,-0.0593732644,-0.7453265284,2,0
0,0,-0.2436734688,-1.843002044,2,0
0,0,-0.5653401949,-3.216667261,0,0
0,0,-0.8865375632,-3.211973684,1,0
0,0,-1.317132138,-4.305945744,2,-1
1,1,-1.902482115,-5.853499771
0,0,0,0,0,0
0,0,0.100766811,1.00766811,2,0
0,0,0.1205700856,0.1980327459,2,0
0,0,0.06523924358,-0.5533084202,0,0
0,0,0.1098468014,0.4460755782,1,0
0,0,0.1880235497,0.7817674835,1,0
0,0,0.302972214,1.149486643,2,0
0,0,0.3719762177,0.6900400371,2,0
0,0,0.410268625,0.3829240727,2,0
0,0,0.4383725143,0.2810388929,2,0
0,0,0.4564704959,0.1809798158,0,0
0,0,0.62691591,1.704454141,1,0
0,0,0.8945768986,2.676609887,2,0
0,0,1.219580851,3.250039522,1,-1
1,1,1.678563562,4.589827112
0,0,0,0,0,0
0,0,0.07515032181,0.7515032181,0,0
0,0,0.2397336506,1.645833288,0,0
0,0,0.5398542217,3.001205711,0,0
0,0,0.9882659314,4.484117097,0,-1
1,1,1.585355693,5.970897613
0,0,0,0,0,0
0,0,0.09387834209,0.9387834209,1,0
0,0,0.2046498363,1.107714942,0,0
0,0,0.4227793685,2.181295322,2,0
0,0,0.6198802595,1.97100891,2,0
0,0,0.8536303192,2.337500597,1,0
0,0,1.193509141,3.398788219,2,-1
1,1,1.64017874,4.466695994
0,0,0,0,2,0
0,0,-0.09643005551,-0.9643005551,1,0
0,0,-0.2182320278,-1.218019723,2,0
0,0,-0.4657879105,-2.475558827,1,0
0,0,-0.7709073505,-3.0511944,0,0
0,0,-1.110614966,-3.39707615,0,0
0,0,-1.539877493,-4.292625272,2,-1
1,1,-2.117555321,-5.77677828
0,0,0,0,2,0
0,0,-0.07266082489,-0.7266082489,2,0
0,0,-0.2359222024,-1.632613775,2,0
0,0,-0.5368432892,-3.009210869,2,0
0,0,-1.000117133,-4.632738435,1,-1
1,1,-1.579079641,-5.789625081
0,0,0,0,1,0
0,0,0.005902068546,0.05902068546,2,0
0,0,-0.07009395636,-0.759960249,1,0
0,0,-0.1585632066,-0.8846925025,0,0
0,0,-0.1710239665,-0.124607599,0,0
0,0,-0.1399396873,0.310842792,2,0
0,0,-0.2100475841,-0.7010789676,1,0
0,0,-0.3184765334,-1.084289493,0,0
0,0,-0.399376251,-0.8089971765,2,0
0,0,-0.6316401076,-2.322638566,0,0
0,0,-0.8995325861,-2.678924785,0,0
0,0,-1.243547971,-3.44015385,2,-1
1,1,-1.749873694,-5.06325723
0,0,0,0,0,0
0,0,0.09281952779,0.9281952779,0,0
0,0,0.2854786083,1.926590805,0,0
0,0,0.6076121241,3.221335158,2,0
0,0,0.9374696302,3.29857506,0,0
0,0,1.435489292,4.98019662,1,-1
1,1,2.076501037,6.410117445
0,0,0,0,1,0
0,0,0.01108735477,0.1108735477,1,0
0,0,0.00803375834,-0.03053596427,0,0
0,0,0.0843288405,0.7629508216,2,0
0,0,0.07051030497,-0.1381853554,2,0
0,0,-0.005640694319,-0.7615099928,2,0
0,0,-0.1589494382,-1.533087439,2,0
0,0,-0.4097954457,-2.508460074,0,0
0,0,-0.6489975369,-2.392020913,2,0
0,0,-1.050767633,-4.017700956,1,-1
1,1,-1.577492732,-5.267250996
0,0,0,0,1,0
0,0,-0.001001963112,-0.01001963112,2,0
0,0,-0.09525104977,-0.9424908666,2,0
0,0,-0.2808359634,-1.855849136,2,0
0,0,-0.5909006973,-3.100647339,2,0
0,0,-1.049989521,-4.590888233,2,-1
1,1,-1.662180378,-6.121908574
0,0,0,0,1,0
0,0,0.01519247078,0.1519247078,0,0
0,0,0.11473202,0.9953954917,1,0
0,0,0.2341571969,1.19425177,2,0
0,0,0.3066608455,0.7250364857,1,0
0,0,0.4316118145,1.24950969,2,0
0,0,0.5605754208,1.289636062,1,0
0,0,0.773516888,2.129414673,1,0
0,0,1.090942271,3.174253832,0,-1
1,1,1.579285596,4.883433249
0,0,0,0,1,0
0,0,0.01184721359,0.1184721359,2,0
0,0,-0.07859044684,-0.9043766042,2,0
0,0,-0.2591817742,-1.805913273,1,0
0,0,-0.4728574185,-2.136756444,1,0
0,0,-0.7724638665,-2.99606448,0,0
0,0,-1.10704028,-3.345764134,0,0
0,0,-1.532230638,-4.251903576,2,-1
1,1,-2.10583556,-5.73604922
0,0,0,0,1,0
0,0,-0.01064721459,-0.1064721459,0,0
0,0,0.05713082737,0.6777804196,0,0
0,0,0.222588373,1.654575456,2,0
0,0,0.3412019141,1.186135412,2,0
0,0,0.4190521732,0.7785025904,0,0
0,0,0.6352115737,2.161594005,1,0
0,0,0.9436583404,3.084467668,2,0
0,0,1.315339042,3.716807012,0,-1
1,1,1.840913651,5.255746092
0,0,0,0,0,0
0,0,0.07660085807,0.7660085807,2,0
0,0,0.08423225239,0.07631394321,0,0
0,0,0.2085697558,1.243375034,1,0
0,0,0.3688437539,1.602739982,2,0
0,0,0.5210182364,1.521744825,2,0
0,0,0.68832913,1.673108936,0,0
0,0,1.016724191,3.283950609,1,0
0,0,1.461717061,4.449928699,1,-1
1,1,2.051184578,5.89467517
0,0,0,0,0,0
0,0,0.07731155363,0.7731155363,2,0
0,0,0.06868687584,-0.08624677791,1,0
0,0,0.07402770344,0.05340827601,0,0
0,0,0.1954359787,1.214082752,2,0
0,0,0.2466837584,0.5124777977,1,0
0,0,0.3362927253,0.8960896682,0,0
0,0,0.5482953665,2.120026412,0,0
0,0,0.9283248413,3.800294748,2,0
0,0,1.366630201,4.383053594,0,-1
1,1,1.957777641,5.911474405
0,0,0,0,2,0
0,0,-0.08207626855,-0.8207626855,1,0
0,0,-0.1665412748,-0.8446500624,0,0
0,0,-0.1865269434,-0.1998566859,0,0
0,0,-0.1665610101,0.1996593325,0,0
0,0,-0.08511700262,0.8144400751,2,0
0,0,-0.1098838705,-0.2476686785,2,0
0,0,-0.2299945774,-1.20110707,2,0
0,0,-0.466559329,-2.365647516,0,0
0,0,-0.6955033525,-2.289440235,1,0
0,0,-1.020396931,-3.248935781,1,0
0,0,-1.472226919,-4.518299886,2,-1
1,1,-2.076094594,-6.038676745
0,0,0,0,1,0
0,0,0.007464098407,0.07464098407,2,0
0,0,-0.06361312569,-0.710772241,0,0
0,0,-0.04742236256,0.1619076313,2,0
0,0,-0.1213955827,-0.7397322016,2,0
0,0,-0.3045889889,-1.831934062,1,0
0,0,-0.5402524524,-2.356634635,0,0
0,0,-0.7815563304,-2.41303878,0,0
0,0,-1.06147628,-2.799199493,1,0
0,0,-1.474927799,-4.13451519,2,-1
1,1,-2.040634104,-5.657063051
0,0,0,0,1,0
0,0,-0.006142306403,-0.06142306403,0,0
0,0,0.06519243513,0.7133474153,0,0
0,0,0.2301264302,1.64933995,2,0
0,0,0.3593610719,1.292346418,0,0
0,0,0.6375256271,2.781645552,0,0
0,0,1.072432371,4.349067434,0,-1
1,1,1.662338872,5.899065015
0,0,0,0,2,0
0,0,-0.08435940703,-0.8435940703,0,0
0,0,-0.1101136182,-0.2575421121,1,0
0,0,-0.1489914132,-0.3887779497,0,0
0,0,-0.1136386382,0.3535277505,2,0
0,0,-0.175684616,-0.6204597779,2,0
0,0,-0.3681099491,-1.924253331,2,0
0,0,-0.6915493716,-3.234394225,2,0
0,0,-1.18377775,-4.922283787,0,-1
1,1,-1.773272669,-5.894949184
0,0,0,0,0,0
0,0,0.09592529671,0.9592529671,1,0
0,0,0.1944304054,0.9850510869,2,0
0,0,0.2547685262,0.6033812083,1,0
0,0,0.3624956329,1.077271067,1,0
0,0,0.5310655426,1.685699097,2,0
0,0,0.7195686375,1.885030948,2,0
0,0,0.9401224376,2.205538001,0,0
0,0,1.326635568,3.865131308,1,-1
1,1,1.852492168,5.258565995
0,0,0,0,1,0
0,0,-0.00516001466,-0.0516001466,1,0
0,0,-0.005870887916,-0.007108732564,2,0
0,0,-0.08810926686,-0.8223837894,1,0
0,0,-0.1869858503,-0.9887658343,1,0
0,0,-0.3327020494,-1.457161991,1,0
0,0,-0.5221547693,-1.894527199,0,0
0,0,-0.7205781355,-1.984233662,1,0
0,0,-1.032944071,-3.123659354,2,0
0,0,-1.503070429,-4.701263577,1,-1
1,1,-2.117572929,-6.145025005
0,0,0,0,0,0
0,0,0.1008705853,1.008705853,1,0
0,0,0.2098388478,1.089682625,2,0
0,0,0.2550799521,0.4524110427,2,0
0,0,0.2690679353,0.1398798324,1,0
0,0,0.3135978633,0.4452992797,2,0
0,0,0.3235236604,0.09925797119,0,0
0,0,0.4595395307,1.360158703,2,0
0,0,0.5960199007,1.3648037,1,0
0,0,0.8334867914,2.374668907,0,0
0,0,1.241614824,4.08128033,0,-1
1,1,1.807279631,5.656648064
0,0,0,0,0,0
0,0,0.09962095051,0.9962095051,1,0
0,0,0.2305177421,1.308967916,0,0
0,0,0.4698019264,2.392841843,0,0
0,0,0.8706508658,4.008489394,1,0
0,0,1.387497482,5.16846616,0,-1
1,1,2.056037836,6.685403547
0,0,0,0,1,0
0,0,-0.007255554833,-0.07255554833,2,0
0,0,-0.107900679,-1.006451242,0,0
0,0,-0.1485786033,-0.406779242,0,0
0,0,-0.1415976945,0.06980908711,1,0
0,0,-0.1533321347,-0.1173444013,0,0
0,0,-0.09816976683,0.5516236784,1,0
0,0,-0.07239087209,0.2577889475,1,0
0,0,-0.05175904814,0.2063182395,1,0
0,0,-0.05351131238,-0.01752264246,2,0
0,0,-0.163150037,-1.096387246,0,0
0,0,-0.2176329072,-0.5448287024,1,0
0,0,-0.2956238292,-0.7799092199,2,0
0,0,-0.5035655153,-2.079416861,1,0
0,0,-0.7853808534,-2.818153381,1,0
0,0,-1.179270346,-3.938894928,0,-1
1,1,-1.674075971,-4.948056251
0,0,0,0,2,0
0,0,-0.09697005726,-0.9697005726,2,0
0,0,-0.298849558,-2.018795008,0,0
0,0,-0.4642898687,-1.654403107,1,0
0,0,-0.6931671806,-2.288773119,2,0
0,0,-1.074026754,-3.80859573,2,-1
1,1,-1.616991604,-5.4296485
0,0,0,0,1,0
0,0,0.01442026117,0.1442026117,0,0
0,0,0.121804589,1.073843278,2,0
0,0,0.1743576057,0.5255301668,0,0
0,0,0.339250974,1.648933683,0,0
0,0,0.6258881106,2.866371366,2,0
0,0,0.9379481331,3.120600225,2,0
0,0,1.322334642,3.84386509,0,-1
1,1,1.861234372,5.388997305
0,0,0,0,1,0
0,0,-0.004885338379,-0.04885338379,2,0
0,0,-0.1155938874,-1.10708549,0,0
0,0,-0.1647915981,-0.4919771067,1,0
0,0,-0.2427602282,-0.779686301,0,0
0,0,-0.2873908162,-0.4463058801,1,0
0,0,-0.3749729398,-0.8758212362,0,0
0,0,-0.4385666951,-0.6359375531,2,0
0,0,-0.6390930745,-2.005263794,0,0
0,0,-0.8611100599,-2.220169854,2,0
0,0,-1.254142054,-3.930319941,2,-1
1,1,-1.806254383,-5.521123285
0,0,0,0,2,0
0,0,-0.09224748993,-0.9224748993,0,0
0,0,-0.0961701428,-0.03922652874,0,0
0,0,-0.02826019636,0.6790994644,1,0
0,0,0.03649948347,0.6475967983,0,0
0,0,0.1817540837,1.452546003,0,0
0,0,0.4370427333,2.552886496,0,0
0,0,0.8343677559,3.973250226,2,0
0,0,1.275058385,4.406906287,2,-1
1,1,1.827383076,5.523246915
0,0,0,0,2,0
0,0,-0.07849746886,-0.7849746886,2,0
0,0,-0.2729891352,-1.944916664,1,0
0,0,-0.5183749023,-2.453857671,2,0
0,0,-0.9012236641,-3.828487617,2,0
0,0,-1.436499293,-5.352756292,2,-1
1,1,-2.122959181,-6.864598883
0,0,0,0,2,0
0,0,-0.07263698303,-0.7263698303,2,0
0,0,-0.2550987017,-1.824617186,0,0
0,0,-0.3843237207,-1.29225019,2,0
0,0,-0.6472581319,-2.629344112,1,0
0,0,-0.9990428604,-3.517847285,0,0
0,0,-1.435090802,-4.360479414,0,-1
1,1,-2.003052654,-5.679618519
0,0,0,0,2,0
0,0,-0.1008128439,-1.008128439,1,0
0,0,-0.2314390289,-1.30626185,1,0
0,0,-0.3895204497,-1.580814208,0,0
0,0,-0.5445707198,-1.550502702,0,0
0,0,-0.7116016654,-1.670309456,1,0
0,0,-0.9824008803,-2.707992149,1,0
0,0,-1.374064248,-3.916633681,1,-1
1,1,-1.907944802,-5.338805539
0,0,0,0,2,0
0,0,-0.08664987326,-0.8664987326,2,0
0,0,-0.2621265455,-1.754766722,2,0
0,0,-0.5724548349,-3.103282894,0,0
0,0,-0.8978196486,-3.253648137,2,0
0,0,-1.395922217,-4.981025688,0,-1
1,1,-2.018181951,-6.222597337
0,0,0,0,2,0
0,0,-0.1040910107,-1.040910107,1,0
0,0,-0.2251757194,-1.210847086,0,0
0,0,-0.3070684029,-0.8189268357,2,0
0,0,-0.5147935696,-2.077251667,2,0
0,0,-0.8773134157,-3.625198461,0,0
0,0,-1.296481877,-4.191684616,1,-1
1,1,-1.854104397,-5.576225193
0,0,0,0,2,0
0,0,-0.09001330705,-0.9001330705,2,0
0,0,-0.2835484199,-1.935351128,1,0
0,0,-0.5324925078,-2.489440879,1,0
0,0,-0.8636069452,-3.311144374,1,0
0,0,-1.297001341,-4.333943958,2,-1
1,1,-1.884650726,-5.876493849
0,0,0,0,0,0
0,0,0.07196876426,0.7196876426,1,0
0,0,0.1579875282,0.8601876389,1,0
0,0,0.2614828247,1.034952966,2,0
0,0,0.3330238385,0.715410138,1,0
0,0,0.4540005968,1.209767583,0,0
0,0,0.7214337061,2.674331093,1,0
0,0,1.094408876,3.729751697,1,-1
1,1,1.592933934,4.985250586
0,0,0,0,0,0
0,0,0.08161270538,0.8161270538,1,0
0,0,0.1768378012,0.9522509584,1,0
0,0,0.3106573799,1.338195787,0,0
0,0,0.5778464073,2.671890274,2,0
0,0,0.8493931552,2.715467479,2,0
0,0,1.185666371,3.362732157,0,-1
1,1,1.686335352,5.00668981
0,0,0,0,2,0
0,0,-0.08024177714,-0.8024177714,1,0
0,0,-0.1701222087,-0.8988043159,0,0
0,0,-0.2137880625,-0.436658538,0,0
0,0,-0.2237052936,-0.09917231056,0,0
0,0,-0.1724428254,0.5126246821,2,0
0,0,-0.2531750537,-0.8073222835,0,0
0,0,-0.303706518,-0.505314643,0,0
0,0,-0.3176896477,-0.1398312968,2,0
0,0,-0.4570065894,-1.393169417,0,0
0,0,-0.5791085655,-1.221019761,1,0
0,0,-0.7941289603,-2.150203948,2,0
0,0,-1.167652737,-3.735237762,0,-1
1,1,-1.637048706,-4.693959694
0,0,0,0,2,0
0,0,-0.08135727633,-0.8135727633,2,0
0,0,-0.2681186181,-1.867613418,1,0
0,0,-0.5095227692,-2.414041511,2,0
0,0,-0.9147621946,-4.052394254,1,0
0,0,-1.421468144,-5.067059495,2,-1
1,1,-2.078048322,-6.56580178
0,0,0,0,1,0
0,0,-0.01689525013,-0.1689525013,1,0
0,0,-0.03511109676,-0.1821584662,1,0
0,0,-0.04590680294,-0.1079570619,2,0
0,0,-0.1501626786,-1.042558756,0,0
0,0,-0.1797671053,-0.2960442673,0,0
0,0,-0.1385842512,0.4118285409,1,0
0,0,-0.1228475702,0.1573668098,2,0
0,0,-0.2278526691,-1.050050989,0,0
0,0,-0.3023341115,-0.7448144238,2,0
0,0,-0.5264359123,-2.241018007,1,0
0,0,-0.8178615562,-2.914256439,1,0
0,0,-1.219317946,-4.014563903,2,-1
1,1,-1.776743848,-5.574259014
0,0,0,0,0,0
0,0,0.078746967,0.78746967,1,0
0,0,0.1591124892,0.8036552215,0,0
0,0,0.3381916044,1.790791152,2,0
0,0,0.4906585127,1.524669084,0,0
0,0,0.7846230977,2.939645849,0,0
0,0,1.24725872,4.626356227,2,-1
1,1,1.815879974,5.686212537
0,0,0,0,1,0
0,0,-0.008389954877,-0.08389954877,2,0
0,0,-0.1127617192,-1.043717643,1,0
0,0,-0.2495886072,-1.368268881,2,0
0,0,-0.5168032957,-2.672146884,2,0
0,0,-0.9329617648,-4.161584692,1,0
0,0,-1.455235599,-5.222738344,0,-1
1,1,-2.109154324,-6.539187251
0,0,0,0,1,0
0,0,0.0009839331278,0.009839331278,0,0
0,0,0.08615685585,0.8517292272,1,0
0,0,0.1855379433,0.993810874,1,0
0,0,0.3130461634,1.275082201,0,0
0,0,0.5843408262,2.712946629,0,0
0,0,0.9973940312,4.13053205,0,0
0,0,1.570542918,5.731488872,2,-1
1,1,2.29066368,7.201207613
0,0,0,0,2,0
0,0,-0.09271986996,-0.9271986996,0,0
0,0,-0.1210457894,-0.2832591945,0,0
0,0,-0.09342606614,0.2761972327,2,0
0,0,-0.1543191483,-0.6089308211,0,0
0,0,-0.1647180069,-0.1039885867,2,0
0,0,-0.3033423841,-1.386243772,0,0
0,0,-0.4067280491,-1.03385665,0,0
0,0,-0.5070505808,-1.003225317,1,0
0,0,-0.6838194653,-1.767688845,0,0
0,0,-0.8991010489,-2.152815836,1,0
0,0,-1.231013978,-3.31912929,1,-1
1,1,-1.700740739,-4.697267615
0,0,0,0,1,0
0,0,0.00743067207,0.0743067207,2,0
0,0,-0.0711500286,-0.7858070067,0,0
0,0,-0.06696300967,0.04187018935,2,0
0,0,-0.1571950662,-0.9023205651,0,0
0,0,-0.1753938194,-0.1819875323,2,0
0,0,-0.3051008138,-1.297069944,0,0
0,0,-0.3902233158,-0.8512250198,2,0
0,0,-0.6283020668,-2.38078751,1,0
0,0,-0.9483496811,-3.200476143,1,0
0,0,-1.384356662,-4.360069805,0,-1
1,1,-1.944355087,-5.599984258
0,0,0,0,0,0
0,0,0.1016535644,1.016535644,1,0
0,0,0.2168065127,1.151529483,0,0
0,0,0.4461558768,2.293493641,0,0
0,0,0.8244437579,3.782878811,2,0
0,0,1.253945653,4.295018956,1,-1
1,1,1.817015316,5.630696629
0,0,0,0,2,0
0,0,-0.07733612841,-0.7733612841,2,0
0,0,-0.2493311433,-1.719950149,2,0
0,0,-0.5540585617,-3.047274184,2,0
0,0,-1.013765972,-4.597074105,0,0
0,0,-1.545936281,-5.321703089,2,-1
1,1,-2.226102543,-6.801662616
0,0,0,0,1,0
0,0,0.0151840861,0.151840861,0,0
0,0,0.1227499332,1.075658471,1,0
0,0,0.2400130051,1.172630719,0,0
0,0,0.4746416338,2.346286287,0,0
0,0,0.8434897593,3.688481255,2,0
0,0,1.275522735,4.320329758,1,-1
1,1,1.837836285,5.623135498
0,0,0,0,0,0
0,0,0.09365219993,0.9365219993,1,0
0,0,0.2201656361,1.265134362,0,0
0,0,0.4541209646,2.339553285,2,0
0,0,0.675977575,2.218566103,1,0
0,0,0.9869982333,3.110206583,0,0
0,0,1.463733846,4.767356128,0,-1
1,1,2.090417529,6.266836828
0,0,0,0,2,0
0,0,-0.08152741983,-0.8152741983,1,0
0,0,-0.1882545397,-1.067271199,2,0
0,0,-0.4154613823,-2.272068426,2,0
0,0,-0.7764771724,-3.610157901,0,0
0,0,-1.171516337,-3.950391643,0,-1
1,1,-1.669880063,-4.983637258
0,0,0,0,2,0
0,0,-0.100451799,-1.00451799,1,0
0,0,-0.2257372048,-1.252854058,2,0
0,0,-0.4586679408,-2.329307361,1,0
0,0,-0.7718397001,-3.131717593,1,0
0,0,-1.179338258,-4.074985584,2,-1
1,1,-1.74681172,-5.674734611
0,0,0,0,1,0
0,0,0.003937610391,0.03937610391,1,0
0,0,0.01202750293,0.0808989254,2,0
0,0,-0.07594704183,-0.8797454476,1,0
0,0,-0.1658766443,-0.8992960246,2,0
0,0,-0.3765943014,-2.107176571,1,0
0,0,-0.6356528175,-2.590585161,2,0
0,0,-1.041830015,-4.061771974,0,0
0,0,-1.526700938,-4.848709232,0,-1
1,1,-2.153208473,-6.265075346
0,0,0,0,2,0
0,0,-0.09463763968,-0.9463763968,1,0
0,0,-0.2086807327,-1.140430931,1,0
0,0,-0.3719243659,-1.632436332,1,0
0,0,-0.5916881675,-2.197638015,2,0
0,0,-0.9583029356,-3.666147681,1,0
0,0,-1.434943284,-4.76640348,2,-1
1,1,-2.064391563,-6.294482799
0,0,0,0,2,0
0,0,-0.07256733042,-0.7256733042,1,0
0,0,-0.1460070666,-0.7343973621,2,0
0,0,-0.3481955154,-2.021884488,0,0
0,0,-0.5243616848,-1.761661694,0,0
0,0,-0.6979755992,-1.736139144,1,0
0,0,-0.9669639274,-2.689883282,2,0
0,0,-1.400397083,-4.334331561,1,-1
1,1,-1.977101222,-5.767041381
0,0,0,0,2,0
0,0,-0.09924494712,-0.9924494712,0,0
0,0,-0.1220182438,-0.2277329669,0,0
0,0,-0.08929112767,0.3272711614,0,0
0,0,0.009928116255,0.9921924392,0,0
0,0,0.2032523693,1.933242531,0,0
0,0,0.5110572471,3.078048778,0,0
0,0,0.9737777697,4.627205226,0,-1
1,1,1.588300854,6.14523084
0,0,0,0,0,0
0,0,0.09465939658,0.9465939658,1,0
0,0,0.2006501491,1.059907526,0,0
0,0,0.4308943112,2.30244162,2,0
0,0,0.66306537,2.321710588,1,0
0,0,0.9829061094,3.198407394,2,0
0,0,1.378672765,3.957666557,0,-1
1,1,1.927581253,5.489084875
0,0,0,0,0,0
0,0,0.08608324369,0.8608324369,1,0
0,0,0.2030386467,1.16955403,2,0
0,0,0.2717689849,0.6873033821,1,0
0,0,0.3883992683,1.166302834,2,0
0,0,0.4941019848,1.057027164,1,0
0,0,0.687491146,1.933891612,2,0
0,0,0.9147505929,2.272594469,0,0
0,0,1.306277554,3.915269609,1,-1
1,1,1.836113892,5.298363378
0,0,0,0,1,0
0,0,-0.007288201697,-0.07288201697,1,0
0,0,-0.02775336851,-0.2046516682,2,0
0,0,-0.1461581469,-1.184047784,0,0
0,0,-0.2134820544,-0.6732390751,0,0
0,0,-0.2248314691,-0.1134941471,0,0
0,0,-0.1929489558,0.3188251335,1,0
0,0,-0.1942000653,-0.0125110948,0,0
0,0,-0.1504310907,0.4376897462,0,0
0,0,-0.05141938228,0.9901170838,2,0
0,0,-0.0391735972,0.1224578507,1,0
0,0,-0.04640325908,-0.07229661877,1,0
0,0,-0.05662866422,-0.1022540515,0,0
0,0,0.01089295996,0.6752162419,0,0
0,0,0.1825332769,1.716403169,0,0
0,0,0.4768609268,2.943276499,1,0
0,0,0.8418858936,3.650249668,0,0
0,0,1.357374499,5.154886051,2,-1
1,1,1.990712971,6.333384724
0,0,0,0,1,0
0,0,0.01669743864,0.1669743864,0,0
0,0,0.1179735614,1.012761227,1,0
0,0,0.2503395859,1.323660245,2,0
0,0,0.3349629322,0.8462334628,1,0
0,0,0.487953301,1.529903689,1,0
0,0,0.7050137377,2.170604367,0,0
0,0,1.08876748,3.837537421,2,0
0,0,1.559634766,4.708672865,0,-1
1,1,2.177906984,6.182722177
0,0,0,0,0,0
0,0,0.1008822578,1.008822578,1,0
0,0,0.2320511967,1.311689389,2,0
0,0,0.3139419362,0.8189073954,2,0
0,0,0.3500436022,0.3610166597,1,0
0,0,0.4430827037,0.9303910153,1,0
0,0,0.6081636723,1.650809685,0,0
0,0,0.9354450738,3.272814015,1,0
0,0,1.375962272,4.405171978,1,-1
1,1,1.957506704,5.815444328
0,0,0,0,0,0
0,0,0.07110338441,0.7110338441,2,0
0,0,0.07075099552,-0.003523888881,0,0
0,0,0.1619476563,0.9119666075,0,0
0,0,0.3611916069,1.992439506,0,0
0,0,0.7038540157,3.426624088,1,0
0,0,1.129766139,4.259121234,1,-1
1,1,1.680644469,5.508783303
0,0,0,0,2,0
0,0,-0.08529896065,-0.8529896065,2,0
0,0,-0.256318758,-1.710197974,0,0
0,0,-0.3762162445,-1.198974865,2,0
0,0,-0.6435687195,-2.67352475,1,0
0,0,-1.011600183,-3.680314634,2,0
0,0,-1.534613044,-5.230128606,2,-1
1,1,-2.206062803,-6.714497596
0,0,0,0,2,0
0,0,-0.09170212319,-0.9170212319,1,0
0,0,-0.188700022,-0.9699789877,0,0
0,0,-0.2190551125,-0.3035509057,2,0
0,0,-0.3718152017,-1.527600891,2,0
0,0,-0.6620021742,-2.901869725,1,0
0,0,-1.03409411,-3.72091936,1,0
0,0,-1.531870527,-4.977764171,0,-1
1,1,-2.172488332,-6.406178044
0,0,0,0,1,0
0,0,-0.01712117641,-0.1712117641,2,0
0,0,-0.1271451116,-1.100239352,0,0
0,0,-0.1641988838,-0.3705377225,0,0
0,0,-0.140201132,0.2399775184,2,0
0,0,-0.2158021532,-0.7560102117,2,0
0,0,-0.4163733043,-2.005711511,1,0
0,0,-0.6753988522,-2.590255479,2,0
0,0,-1.08541364,-4.100147882,0,-1
1,1,-1.589362164,-5.039485235
0,0,0,0,1,0
0,0,-0.01251435899,-0.1251435899,2,0
0,0,-0.1194181378,-1.069037788,0,0
0,0,-0.1701681902,-0.5075005235,2,0
0,0,-0.3505181497,-1.803499595,2,0
0,0,-0.6634907224,-3.129725727,2,0
0,0,-1.139334054,-4.75843332,0,-1
1,1,-1.710577128,-5.712430736
0,0,0,0,1,0
0,0,-0.001776785735,-0.01776785735,2,0
0,0,-0.08371751195,-0.8194072621,1,0
0,0,-0.1722527194,-0.8853520747,1,0
0,0,-0.277043342,-1.047906226,1,0
0,0,-0.434705814,-1.57662472,0,0
0,0,-0.5697872009,-1.35081387,1,0
0,0,-0.7966539368,-2.268667359,2,0
0,0,-1.184596342,-3.879424053,1,-1
1,1,-1.700036596,-5.154402538
0,0,0,0,2,0
0,0,-0.08648149579,-0.8648149579,0,0
0,0,-0.09392714847,-0.07445652676,1,0
0,0,-0.1203469044,-0.2641975589,0,0
0,0,-0.090242315,0.3010458936,2,0
0,0,-0.1753195712,-0.8507725624,1,0
0,0,-0.2956002214,-1.202806502,1,0
0,0,-0.4667843327,-1.711841113,0,0
0,0,-0.6500642775,-1.832799448,2,0
0,0,-0.988960986,-3.388967085,1,0
0,0,-1.455961463,-4.670004769,0,-1
1,1,-2.056116747,-6.001552842
0,0,0,0,0,0
0,0,0.07993170689,0.7993170689,2,0
0,0,0.08251450012,0.02582793222,1,0
0,0,0.0993097789,0.1679527878,1,0
0,0,0.1482089533,0.488991744,1,0
0,0,0.2390236949,0.9081474165,2,0
0,0,0.2815671324,0.4254343742,2,0
0,0,0.2853273579,0.03760225535,1,0
0,0,0.3213727805,0.3604542261,2,0
0,0,0.334011114,0.1263833351,2,0
0,0,0.3271528993,-0.06858214668,2,0
0,0,0.2989384476,-0.2821445176,1,0
0,0,0.3365375342,0.3759908665,1,0
0,0,0.4445330527,1.079955185,2,0
0,0,0.5366152642,0.9208221147,1,0
0,0,0.7009497249,1.643344607,1,0
0,0,0.967381709,2.664319841,1,0
0,0,1.352043036,3.84661327,1,-1
1,1,1.878329543,5.262865075
0,0,0,0,1,0
0,0,0.008151679116,0.08151679116,2,0
0,0,-0.07029516599,-0.7844684511,0,0
0,0,-0.08449933165,-0.1420416566,1,0
0,0,-0.1241073918,-0.3960806011,0,0
0,0,-0.09171721966,0.323901721,2,0
0,0,-0.1577191824,-0.6600196277,2,0
0,0,-0.3431510632,-1.854318807,1,0
0,0,-0.5778707815,-2.347197184,0,0
0,0,-0.8237374634,-2.458666819,0,0
0,0,-1.124484092,-3.00746629,1,0
0,0,-1.561078774,-4.365946815,0,-1
1,1,-2.143585972,-5.825071977
0,0,0,0,0,0
0,0,0.08729707611,0.8729707611,0,0
0,0,0.2903582213,2.030611452,0,0
0,0,0.6113570643,3.20998843,0,0
0,0,1.085796627,4.744395623,2,-1
1,1,1.647661757,5.618651309
0,0,0,0,1,0
0,0,-0.01033413779,-0.1033413779,0,0
0,0,0.05458159822,0.6491573601,1,0
0,0,0.131188454,0.7660685576,2,0
0,0,0.1458032549,0.1461480094,0,0
0,0,0.2714817541,1.256784992,0,0
0,0,0.5124222251,2.40940471,1,0
0,0,0.8338818107,3.214595857,2,0
0,0,1.200095858,3.662140474,2,-1
1,1,1.666405461,4.663096025
0,0,0,0,0,0
0,0,0.07148466727,0.7148466727,1,0
0,0,0.1443249653,0.7284029804,2,0
0,0,0.1424626277,-0.01862337579,0,0
0,0,0.2641396697,1.216770419,1,0
0,0,0.4147561951,1.506165255,1,0
0,0,0.625122277,2.103660819,2,0
0,0,0.8690763338,2.439540568,2,0
0,0,1.18021546,3.111391261,0,-1
1,1,1.658740688,4.785252285
0,0,0,0,2,0
0,0,-0.08108159406,-0.8108159406,0,0
0,0,-0.08538748736,-0.04305893292,2,0
0,0,-0.1858400384,-1.004525511,0,0
0,0,-0.2453372573,-0.5949721883,1,0
0,0,-0.3374577566,-0.9212049934,2,0
0,0,-0.5534551681,-2.159974115,0,0
0,0,-0.7820534202,-2.285982522,1,0
0,0,-1.113731117,-3.316776964,1,-1
1,1,-1.574371643,-4.606405267
0,0,0,0,1,0
0,0,0.01297435275,0.1297435275,0,0
0,0,0.131434148,1.184597953,1,0
0,0,0.280553373,1.49119225,1,0
0,0,0.4733929189,1.928395459,2,0
0,0,0.6758469681,2.024540493,0,0
0,0,1.039812819,3.639658507,1,0
0,0,1.51988619,4.800733712,0,-1
1,1,2.14909644,6.292102497
0,0,0,0,1,0
0,0,0.00555144549,0.0555144549,2,0
0,0,-0.07354450038,-0.7909594587,0,0
0,0,-0.07643888205,-0.02894381663,0,0
0,0,-0.00461715967,0.7182172238,2,0
0,0,-0.02356745629,-0.1895029662,0,0
0,0,0.03416022452,0.5772768081,1,0
0,0,0.1115400728,0.7737984833,2,0
0,0,0.1127194742,0.01179401379,2,0
0,0,0.04504477609,-0.6767469814,1,0
0,0,-0.03143518586,-0.7647996194,2,0
0,0,-0.1971328848,-1.656976989,2,0
0,0,-0.4980550282,-3.009221434,2,0
0,0,-0.9554591953,-4.574041671,0,0
0,0,-1.470372216,-5.149130203,2,-1
1,1,-2.134026122,-6.636539062
0,0,0,0,2,0
0,0,-0.09723442893,-0.9723442893,2,0
0,0,-0.3025873671,-2.053529382,1,0
0,0,-0.5562871551,-2.53699788,1,0
0,0,-0.9048733329,-3.485861778,0,0
0,0,-1.318191762,-4.133184293,0,-1
1,1,-1.852807245,-5.346154829
0,0,0,0,0,0
0,0,0.1040872873,1.040872873,0,0
0,0,0.3034399422,1.993526549,0,0
0,0,0.64343226,3.399923178,2,0
0,0,1.005499011,3.620667513,0,0
0,0,1.526495164,5.209961523,0,-1
1,1,2.196140425,6.696452615
0,0,0,0,2,0
0,0,-0.08795765963,-0.8795765963,1,0
0,0,-0.1986018603,-1.106442007,0,0
0,0,-0.2484994714,-0.4989761109,0,0
0,0,-0.2512898907,-0.02790419258,1,0
0,0,-0.2916305807,-0.4034069002,2,0
0,0,-0.4743448542,-1.827142735,2,0
0,0,-0.8121124314,-3.377675772,2,0
0,0,-1.302255534,-4.901431024,2,-1
1,1,-1.9475538,-6.452982661
0,0,0,0,0,0
0,0,0.1020834701,1.020834701,0,0
0,0,0.3024567103,2.003732403,1,0
0,0,0.5522997029,2.498429926,1,0
0,0,0.8875598975,3.352601946,2,0
0,0,1.284510616,3.969507189,1,-1
1,1,1.81472544,5.302148233
0,0,0,0,2,0
0,0,-0.07616673152,-0.7616673152,1,0
0,0,-0.1643437769,-0.8817704538,1,0
0,0,-0.2713117141,-1.069679372,0,0
0,0,-0.3403414808,-0.6902976676,2,0
0,0,-0.5372394069,-1.96897926,1,0
0,0,-0.8249717289,-2.877323221,0,0
0,0,-1.171784535,-3.468128062,0,-1
1,1,-1.625560961,-4.537764259
0,0,0,0,1,0
0,0,-0.01648857005,-0.1648857005,2,0
0,0,-0.1208108802,-1.043223101,1,0
0,0,-0.2398915344,-1.190806543,0,0
0,0,-0.3286692987,-0.8877776429,0,0
0,0,-0.3954116433,-0.6674234455,2,0
0,0,-0.6046984201,-2.092867769,2,0
0,0,-0.9668516179,-3.621531978,1,0
0,0,-1.455109681,-4.882580631,1,-1
1,1,-2.085248383,-6.301387021
0,0,0,0,1,0
0,0,-0.006411425003,-0.06411425003,1,0
0,0,-0.02844652443,-0.2203509942,1,0
0,0,-0.06675295529,-0.3830643087,1,0
0,0,-0.1295031528,-0.6275019751,2,0
0,0,-0.3175981041,-1.880949513,0,0
0,0,-0.4678292445,-1.502311403,1,0
0,0,-0.6949670799,-2.271378354,2,0
0,0,-1.073426694,-3.784596139,2,-1
1,1,-1.620077613,-5.466509189
0,0,0,0,1,0
0,0,0.01521162161,0.1521162161,1,0
0,0,0.03637015863,0.2115853702,0,0
0,0,0.1471590045,1.107888459,1,0
0,0,0.2717858196,1.246268151,1,0
0,0,0.4568285821,1.850427625,1,0
0,0,0.7133257589,2.564971767,1,0
0,0,1.078784971,3.654592118,0,-1
1,1,1.608562109,5.297771386
0,0,0,0,0,0
0,0,0.07628159148,0.7628159148,1,0
0,0,0.1483029647,0.720213732,0,0
0,0,0.338867709,1.905647443,2,0
0,0,0.5159180808,1.770503718,2,0
0,0,0.7011483408,1.8523026,2,0
0,0,0.9146059028,2.13457562,0,0
0,0,1.290595797,3.759898947,2,-1
1,1,1.780252094,4.896562969
0,0,0,0,0,0
0,0,0.07354055636,0.7354055636,1,0
0,0,0.172280443,0.9873988666,1,0
0,0,0.2907242644,1.184438214,0,0
0,0,0.5399433041,2.492190396,1,0
0,0,0.8639006803,3.239573762,1,0
0,0,1.290931256,4.270305757,1,-1
1,1,1.853284328,5.623530719
0,0,0,0,1,0
0,0,-0.007237102159,-0.07237102159,0,0
0,0,0.07125047302,0.7848757518,2,0
0,0,0.08861143019,0.1736095717,1,0
0,0,0.1059782165,0.1736678633,1,0
0,0,0.14279531,0.3681709344,1,0
0,0,0.2194068875,0.7661157757,0,0
0,0,0.414724402,1.953175145,2,0
0,0,0.6076678046,1.929434026,1,0
0,0,0.8982290505,2.905612459,0,0
0,0,1.363170599,4.649415481,2,-1
1,1,1.949711669,5.865410708
0,0,0,0,1,0
0,0,-0.01258568352,-0.1258568352,2,0
0,0,-0.1213670617,-1.087813782,1,0
0,0,-0.2400115028,-1.18644441,1,0
0,0,-0.4002994846,-1.602879819,1,0
0,0,-0.6356776778,-2.353781932,0,0
0,0,-0.892988729,-2.573110512,0,0
0,0,-1.208001002,-3.150122734,1,-1
1,1,-1.66259996,-4.545989577
0,0,0,0,1,0
0,0,-6.747737079e-05,-0.0006747737079,0,0
0,0,0.07893201163,0.78999489,1,0
0,0,0.1730267807,0.9409476909,0,0
0,0,0.3952632496,2.222364689,0,0
0,0,0.7459965275,3.507332779,0,0
0,0,1.24792911,5.019325827,2,-1
1,1,1.857824905,6.098957944
0,0,0,0,2,0
0,0,-0.07219151255,-0.7219151255,1,0
0,0,-0.1508927471,-0.7870123457,1,0
0,0,-0.2397269234,-0.8883417626,1,0
0,0,-0.375340873,-1.356139496,2,0
0,0,-0.6408896768,-2.655488038,2,0
0,0,-1.067279311,-4.263896345,2,-1
1,1,-1.647213544,-5.799342323
0,0,0,0,1,0
0,0,-0.009536819962,-0.09536819962,0,0
0,0,0.0827519224,0.9228874236,1,0
0,0,0.1864458896,1.036939672,2,0
0,0,0.2358649485,0.4941905897,2,0
0,0,0.2448441673,0.08979218761,1,0
0,0,0.2887488836,0.4390471632,1,0
0,0,0.3756091512,0.8686026756,2,0
0,0,0.4309218988,0.5531274765,1,0
0,0,0.5431745144,1.122526156,1,0
0,0,0.7503500226,2.071755082,0,0
0,0,1.126755591,3.764055688,1,-1
1,1,1.627708809,5.009532177
0,0,0,0,2,0
0,0,-0.0995374968,-0.995374968,2,0
0,0,-0.2937359086,-1.941984118,2,0
0,0,-0.6073979488,-3.136620402,2,0
0,0,-1.066167957,-4.587700081,2,-1
1,1,-1.682844794,-6.16676837
0,0,0,0,0,0
0,0,0.08699776623,0.8699776623,2,0
0,0,0.09697915892,0.09981392685,0,0
0,0,0.2080545045,1.110753456,1,0
0,0,0.3523486104,1.442941059,1,0
0,0,0.5610055033,2.08656893,1,0
0,0,0.8426994272,2.816939239,2,0
0,0,1.174804115,3.321046877,2,-1
1,1,1.609265157,4.344610417
0,0,0,0,2,0
0,0,-0.101958776,-1.01958776,1,0
0,0,-0.2294830565,-1.275242804,2,0
0,0,-0.4827256683,-2.532426119,2,0
0,0,-0.8941840745,-4.114584062,2,0
0,0,-1.459522807,-5.653387326,0,-1
1,1,-2.156423197,-6.969003902
0,0,0,0,2,0
0,0,-0.1048154072,-1.048154072,0,0
0,0,-0.1537836226,-0.489682154,1,0
0,0,-0.2356433071,-0.8185968447,2,0
0,0,-0.4367050597,-2.010617526,0,0
0,0,-0.635347051,-1.986419913,0,0
0,0,-0.8729709864,-2.376239354,0,0
0,0,-1.168970295,-2.959993086,2,-1
1,1,-1.628397045,-4.594267496
0,0,0,0,1,0
0,0,0.004464205336,0.04464205336,2,0
0,0,-0.06174334987,-0.662075552,2,0
0,0,-0.2359934377,-1.742500878,1,0
0,0,-0.4402647268,-2.042712891,2,0
0,0,-0.7843673217,-3.44102595,0,0
0,0,-1.16374839,-3.793810678,2,-1
1,1,-1.707196946,-5.434485561
0,0,0,0,2,0
0,0,-0.07563617985,-0.7563617985,1,0
0,0,-0.1517607207,-0.7612454083,2,0
0,0,-0.3257835782,-1.740228575,0,0
0,0,-0.4551292008,-1.293456227,1,0
0,0,-0.6545987515,-1.994695506,2,0
0,0,-1.008341375,-3.537426232,1,0
0,0,-1.478253819,-4.699124442,1,-1
1,1,-2.091858487,-6.136046686
0,0,0,0,1,0
0,0,0.01439135626,0.1439135626,2,0
0,0,-0.05366462521,-0.6805598147,1,0
0,0,-0.144875281,-0.9121065581,0,0
0,0,-0.1676961295,-0.2282084844,2,0
0,0,-0.3155958356,-1.478997061,1,0
0,0,-0.5026083588,-1.870125232,0,0
0,0,-0.6857314486,-1.831230899,1,0
0,0,-0.9619783597,-2.76246911,0,0
0,0,-1.316499818,-3.545214583,2,-1
1,1,-1.828895296,-5.123954777
0,0,0,0,2,0
0,0,-0.08389735509,-0.8389735509,1,0
0,0,-0.1704499701,-0.8655261501,2,0
0,0,-0.3617043371,-1.91254367,2,0
0,0,-0.6780024449,-3.162981078,2,0
0,0,-1.143142951,-4.651405056,0,-1
1,1,-1.698039144,-5.548961936
0,0,0,0,0,0
0,0,0.07826789091,0.7826789091,0,0
0,0,0.2516987942,1.734309033,1,0
0,0,0.4738861267,2.221873326,2,0
0,0,0.690572184,2.166860572,2,0
0,0,0.9406419547,2.500697708,1,0
0,0,1.308045812,3.674038569,1,-1
1,1,1.816214578,5.081687666
0,0,0,0,0,0
0,0,0.07667687965,0.7667687965,1,0
0,0,0.155401401,0.7872452135,2,0
0,0,0.1878232767,0.324218757,1,0
0,0,0.2552674184,0.6744414169,2,0
0,0,0.293597186,0.3832976761,2,0
0,0,0.3003754958,0.06778309818,0,0
0,0,0.4564372673,1.560617715,0,0
0,0,0.7728485167,3.164112494,1,0
0,0,1.192358664,4.195101478,2,-1
1,1,1.709357425,5.169987607
0,0,0,0,2,0
0,0,-0.1026866986,-1.026866986,0,0
0,0,-0.1336550744,-0.3096837577,0,0
0,0,-0.1138230493,0.1983202504,2,0
0,0,-0.2124885128,-0.9866546348,0,0
0,0,-0.2725894907,-0.601009779,0,0
0,0,-0.298236841,-0.2564735031,2,0
0,0,-0.4536188436,-1.553820026,2,0
0,0,-0.7695482218,-3.159293782,0,0
0,0,-1.129247479,-3.596992574,1,-1
1,1,-1.61179976,-4.825522813
0,0,0,0,1,0
0,0,0.003553009797,0.03553009797,2,0
0,0,-0.0798128371,-0.833658469,1,0
0,0,-0.1661984817,-0.8638564455,2,0
0,0,-0.3728807702,-2.066822886,1,0
0,0,-0.6521681131,-2.792873429,0,0
0,0,-0.9578816473,-3.057135342,2,0
0,0,-1.424393645,-4.665119975,0,-1
1,1,-2.022950441,-5.985567964
0,0,0,0,1,0
0,0,-0.01390787246,-0.1390787246,2,0
0,0,-0.1222648912,-1.083570188,2,0
0,0,-0.3219133803,-1.996484891,0,0
0,0,-0.5012478012,-1.793344209,2,0
0,0,-0.8433473637,-3.420995625,0,0
0,0,-1.239503656,-3.961562921,1,-1
1,1,-1.7704557,-5.309520445
0,0,0,0,0,0
0,0,0.09156445321,0.9156445321,1,0
0,0,0.1876520551,0.9608760191,2,0
0,0,0.2390885814,0.514365263,0,0
0,0,0.4128915404,1.738029589,0,0
0,0,0.7249789447,3.120874043,2,0
0,0,1.082959314,3.579803688,0,-1
1,1,1.608907722,5.259484088
0,0,0,0,1,0
0,0,0.005031977598,0.05031977598,0,0
0,0,0.1000171354,0.9498515783,0,0
0,0,0.3006442888,2.006271533,2,0
0,0,0.4655315436,1.648872548,2,0
0,0,0.6353870115,1.69855468,0,0
0,0,0.9613480796,3.259610681,1,0
0,0,1.409679718,4.483316385,1,-1
1,1,1.999271439,5.895917209
0,0,0,0,2,0
0,0,-0.08140870168,-0.8140870168,0,0
0,0,-0.1007853449,-0.1937664323,2,0
0,0,-0.2409511446,-1.401657997,1,0
0,0,-0.4090473229,-1.680961783,1,0
0,0,-0.6392837162,-2.302363933,1,0
0,0,-0.956269274,-3.169855578,0,0
0,0,-1.338669878,-3.824006035,1,-1
1,1,-1.860141151,-5.214712732
0,0,0,0,1,0
0,0,-0.003551467262,-0.03551467262,0,0
0,0,0.09654867334,1.001001406,1,0
0,0,0.198004107,1.014554336,2,0
0,0,0.2540911909,0.5608708391,0,0
0,0,0.4481596114,1.940684205,2,0
0,0,0.6229896374,1.74830026,1,0
0,0,0.8779194533,2.549298159,0,0
0,0,1.308938022,4.310185689,2,-1
1,1,1.860319036,5.513810135
0,0,0,0,1,0
0,0,0.01729621015,0.1729621015,1,0
0,0,0.04384818498,0.2655197483,0,0
0,0,0.1835170259,1.396688409,2,0
0,0,0.2505933299,0.6707630398,1,0
0,0,0.361560776,1.109674461,1,0
0,0,0.5294517044,1.678909284,1,0
0,0,0.764301215,2.348495106,1,0
0,0,1.095182381,3.308811663,0,-1
1,1,1.591051196,4.958688145
0,0,0,0,2,0
0,0,-0.09773738651,-0.9773738651,2,0
0,0,-0.2943698201,-1.966324336,2,0
0,0,-0.6153305045,-3.209606844,0,0
0,0,-0.9564080513,-3.410775468,0,0
0,0,-1.37775861,-4.213505587,1,-1
1,1,-1.937866784,-5.601081736
0,0,0,0,0,0
0,0,0.09432957673,0.9432957673,0,0
0,0,0.2877497,1.934201233,2,0
0,0,0.4408029385,1.530532385,2,0
0,0,0.5870769118,1.462739732,0,0
0,0,0.8953885468,3.08311635,0,0
0,0,1.361661164,4.662726172,2,-1
1,1,1.951929177,5.902680132
0,0,0,0,0,0
0,0,0.09858594625,0.9858594625,2,0
0,0,0.1126272396,0.140412933,2,0
0,0,0.04645559235,-0.6617164721,2,0
0,0,-0.1112295965,-1.576851888,1,0
0,0,-0.2994173273,-1.881877308,1,0
0,0,-0.5442838398,-2.448665125,2,0
0,0,-0.9280032564,-3.837194166,0,0
0,0,-1.371164223,-4.431609669,2,-1
1,1,-1.968595308,-5.974310845
0,0,0,0,1,0
0,0,-0.01498390025,-0.1498390025,2,0
0,0,-0.1272181551,-1.122342549,1,0
0,0,-0.2637054303,-1.364872752,2,0
0,0,-0.5318731766,-2.681677463,2,0
0,0,-0.9415597604,-4.096865838,2,0
0,0,-1.508728346,-5.671685853,0,-1
1,1,-2.215551804,-7.06823458
0,0,0,0,2,0
0,0,-0.07221234847,-0.7221234847,2,0
0,0,-0.2358848313,-1.636724828,1,0
0,0,-0.4372166424,-2.013318111,2,0
0,0,-0.7876424996,-3.504258572,1,0
0,0,-1.232497397,-4.44854897,2,-1
1,1,-1.834801544,-6.02304147
0,0,0,0,0,0
0,0,0.070983549,0.70983549,0,0
0,0,0.2507641967,1.797806477,1,0
0,0,0.4879309884,2.371667917,1,0
0,0,0.7994043966,3.114734081,2,0
0,0,1.151043496,3.516390994,1,-1
1,1,1.637325091,4.862815954
0,0,0,0,1,0
0,0,0.0105397575,0.105397575,2,0
0,0,-0.0561077105,-0.66647468,1,0
0,0,-0.1464469347,-0.903392242,0,0
0,0,-0.1680924929,-0.216455582,0,0
0,0,-0.1155399945,0.5255249837,2,0
0,0,-0.175661052,-0.6012105745,2,0
0,0,-0.3520039514,-1.763428994,2,0
0,0,-0.6761816079,-3.241776566,0,0
0,0,-1.027744096,-3.515624884,2,0
0,0,-1.547126437,-5.193823407,0,-1
1,1,-2.210658487,-6.635320496
0,0,0,0,0,0
0,0,0.0773360158,0.773360158,2,0
0,0,0.09469181904,0.1735580324,0,0
0,0,0.2245656439,1.298738249,1,0
0,0,0.4064496019,1.81883958,1,0
0,0,0.6466522494,2.402026475,1,0
0,0,0.9842790775,3.376268282,1,0
0,0,1.437865104,4.535860264,1,-1
1,1,2.031618026,5.937529219
0,0,0,0,0,0
0,0,0.08276279311,0.8276279311,1,0
0,0,0.184453872,1.016910789,2,0
0,0,0.231298776,0.4684490393,0,0
0,0,0.3977028119,1.664040359,1,0
0,0,0.6324039421,2.347011303,0,0
0,0,1.024677763,3.922738212,0,-1
1,1,1.573584068,5.489063047
0,0,0,0,1,0
0,0,-0.01128808725,-0.1128808725,2,0
0,0,-0.1070560366,-0.9576794936,0,0
0,0,-0.1295606747,-0.2250463809,2,0
0,0,-0.262109148,-1.325484733,1,0
0,0,-0.4321014922,-1.699923442,1,0
0,0,-0.6797288026,-2.476273104,2,0
0,0,-1.080873068,-4.011442658,0,0
0,0,-1.568340578,-4.874675092,0,-1
1,1,-2.202516189,-6.341756109
0,0,0,0,1,0
0,0,-0.01344184044,-0.1344184044,1,0
0,0,-0.02129648897,-0.07854648529,1,0
0,0,-0.03756271641,-0.1626622743,1,0
0,0,-0.05304052662,-0.1547781022,1,0
0,0,-0.07647996504,-0.2343943841,2,0
0,0,-0.1834536187,-1.069736536,0,0
0,0,-0.2435166512,-0.6006303256,1,0
0,0,-0.3454418875,-1.019252363,2,0
0,0,-0.5999109578,-2.544690703,1,0
0,0,-0.9549705584,-3.550596006,0,0
0,0,-1.38704274,-4.320721818,1,-1
1,1,-1.959962172,-5.729194316
0,0,0,0,0,0
0,0,0.08985044497,0.8985044497,1,0
0,0,0.1928746082,1.030241633,1,0
0,0,0.3336881202,1.40813512,1,0
0,0,0.5426282814,2.089401612,1,0
0,0,0.8459182516,3.032899702,2,0
0,0,1.214619305,3.687010537,1,-1
1,1,1.720932263,5.06312958
0,0,0,0,2,0
0,0,-0.09754956245,-0.9754956245,2,0
0,0,-0.2842903442,-1.867407817,0,0
0,0,-0.4316663594,-1.473760152,0,0
0,0,-0.5614675031,-1.298011437,2,0
0,0,-0.837113906,-2.756464029,0,0
0,0,-1.175489371,-3.383754654,0,-1
1,1,-1.620478718,-4.449893469
0,0,0,0,2,0
0,0,-0.07744541623,-0.7744541623,2,0
0,0,-0.2466588299,-1.692134136,0,0
0,0,-0.3706700739,-1.240112441,0,0
0,0,-0.4755390379,-1.04868964,0,0
0,0,-0.5733581755,-0.9781913761,1,0
0,0,-0.7609490807,-1.875909051,1,0
0,0,-1.061544116,-3.005950357,1,0
0,0,-1.494600617,-4.330565005,0,-1
1,1,-2.066873206,-5.722725889
0,0,0,0,0,0
0,0,0.08491229586,0.8491229586,0,0
0,0,0.2762205872,1.913082914,0,0
0,0,0.6116716681,3.354510808,1,0
0,0,1.034587336,4.229156679,2,0
0,0,1.534711507,5.001241715,0,-1
1,1,2.183096684,6.483851769
0,0,0,0,0,0
0,0,0.08381536539,0.8381536539,1,0
0,0,0.1790501567,0.9523479134,2,0
0,0,0.2101906232,0.3114046643,2,0
0,0,0.1956340446,-0.1455657858,2,0
0,0,0.1447255176,-0.5090852698,0,0
0,0,0.2056447263,0.6091920873,0,0
0,0,0.3765491425,1.709044162,1,0
0,0,0.5932046445,2.16655502,0,0
0,0,0.960164831,3.669601864,0,0
0,0,1.482126918,5.219620873,0,-1
1,1,2.153643996,6.715170773
0,0,0,0,0,0
0,0,0.09967494694,0.9967494694,1,0
0,0,0.2247591119,1.250841649,2,0
0,0,0.300736744,0.7597763217,1,0
0,0,0.4208703784,1.201336344,0,0
0,0,0.6792110663,2.583406878,2,0
0,0,0.9773101442,2.98099078,0,0
0,0,1.444728961,4.674188169,1,-1
1,1,2.055998352,6.112693911
0,0,0,0,0,0
0,0,0.07361568462,0.7361568462,0,0
0,0,0.2596341298,1.860184452,0,0
0,0,0.5672948213,3.076606915,1,0
0,0,0.9482326507,3.809378294,0,0
0,0,1.497663582,5.494309312,0,-1
1,1,2.195933105,6.982695233
0,0,0,0,2,0
0,0,-0.1053794762,-1.053794762,1,0
0,0,-0.223843219,-1.184637428,0,0
0,0,-0.2925740826,-0.6873086356,1,0
0,0,-0.3988786085,-1.063045259,1,0
0,0,-0.5554401305,-1.56561522,1,0
0,0,-0.7986867363,-2.432466058,1,0
0,0,-1.160098718,-3.614119813,0,-1
1,1,-1.620148947,-4.600502293
0,0,0,0,0,0
0,0,0.08716629797,0.8716629797,1,0
0,0,0.1937051684,1.065388704,2,0
0,0,0.2552103736,0.6150520521,0,0
0,0,0.4323612683,1.771508947,1,0
0,0,0.6717687193,2.39407451,0,0
0,0,1.082138921,4.103702017,0,-1
1,1,1.655221469,5.730825482
0,0,0,0,0,0
0,0,0.08213882006,0.8213882006,1,0
0,0,0.185190877,1.030520569,2,0
0,0,0.2274085445,0.422176675,1,0
0,0,0.3136624239,0.8625387947,0,0
0,0,0.5349895912,2.213271673,0,0
0,0,0.9100251825,3.750355913,0,0
0,0,1.446912558,5.368873756,2,-1
1,1,2.114812557,6.678999987
0,0,0,0,2,0
0,0,-0.1010641831,-1.010641831,2,0
0,0,-0.2905541884,-1.894900053,1,0
0,0,-0.5373320281,-2.467778397,1,0
0,0,-0.8525299617,-3.151979335,0,0
0,0,-1.229627992,-3.770980299,1,-1
1,1,-1.744223699,-5.145957079
0,0,0,0,0,0
0,0,0.08569426687,0.8569426687,0,0
0,0,0.2627016654,1.770073985,0,0
0,0,0.5782785764,3.15576911,1,0
0,0,0.9699726842,3.916941078,0,0
0,0,1.529574003,5.596013186,0,-1
1,1,2.237806829,7.082328267
0,0,0,0,1,0
0,0,-0.001431395345,-0.01431395345,0,0
0,0,0.07768547621,0.7911687156,1,0
0,0,0.170912793,0.9322731676,2,0
0,0,0.2062454875,0.3533269448,1,0
0,0,0.2883585032,0.8211301571,2,0
0,0,0.3308852014,0.4252669826,0,0
0,0,0.4973914225,1.66506221,1,0
0,0,0.7358260792,2.384346567,2,0
0,0,1.017605975,2.817798959,1,0
0,0,1.42505476,4.074487845,1,-1
1,1,1.973892584,5.488378243
0,0,0,0,2,0
0,0,-0.1011772842,-1.011772842,1,0
0,0,-0.2311440136,-1.299667294,0,0
0,0,-0.3094429819,-0.7829896831,0,0
0,0,-0.3588966762,-0.4945369433,1,0
0,0,-0.4823772227,-1.234805464,1,0
0,0,-0.6800416104,-1.976643877,1,0
0,0,-0.9722725194,-2.92230909,2,0
0,0,-1.437643623,-4.653711037,2,-1
1,1,-2.054995331,-6.17351708
0,0,0,0,1,0
0,0,-0.00158816363,-0.0158816363,1,0
0,0,-0.01431716088,-0.1272899725,1,0
0,0,-0.02093978491,-0.06622624031,0,0
0,0,0.05592764481,0.7686742972,2,0
0,0,0.05210656438,-0.03821080428,1,0
0,0,0.06680690281,0.1470033843,2,0
0,0,-0.01079670616,-0.7760360897,0,0
0,0,0.007851032516,0.1864773867,0,0
0,0,0.09922399655,0.9137296404,0,0
0,0,0.2796129195,1.803889229,0,0
0,0,0.6055137837,3.259008643,1,0
0,0,1.023194759,4.176809756,1,0
0,0,1.559984179,5.367894197,0,-1
1,1,2.244157445,6.841732661
0,0,0,0,0,0
0,0,0.09142469169,0.9142469169,2,0
0,0,0.09640196681,0.04977275123,0,0
0,0,0.1923097442,0.9590777739,2,0
0,0,0.2431965003,0.5088675605,0,0
0,0,0.420179717,1.769832167,2,0
0,0,0.5732359174,1.530562004,1,0
0,0,0.8219165201,2.486806028,0,0
0,0,1.241019287,4.191027671,2,-1
1,1,1.772010712,5.30991425
0,0,0,0,2,0
0,0,-0.09324473344,-0.9324473344,2,0
0,0,-0.3011822194,-2.079374859,1,0
0,0,-0.5444088609,-2.432266415,0,0
0,0,-0.8054628409,-2.6105398,2,0
0,0,-1.222180998,-4.167181567,1,-1
1,1,-1.768802817,-5.466218194
0,0,0,0,0,0
0,0,0.095067978,0.95067978,2,0
0,0,0.1356682933,0.4060031528,1,0
0,0,0.1941370012,0.5846870789,2,0
0,0,0.1904553448,-0.03681656339,0,0
0,0,0.2918518381,1.013964933,0,0
0,0,0.5302248053,2.383729672,0,0
0,0,0.9115926564,3.81367851,0,0
0,0,1.457831592,5.462389358,2,-1
1,1,2.138003146,6.801715535
0,0,0,0,1,0
0,0,0.01745791393,0.1745791393,1,0
0,0,0.02380253291,0.06344618978,1,0
0,0,0.0435234473,0.1972091439,2,0
0,0,-0.02448851652,-0.6801196382,0,0
0,0,-0.01473063881,0.0975787771,1,0
0,0,-0.01312003491,0.01610603903,2,0
0,0,-0.1131173024,-0.9999726746,0,0
0,0,-0.1601412677,-0.4702396534,2,0
0,0,-0.3124997164,-1.523584487,0,0
0,0,-0.4245383188,-1.120386025,0,0
0,0,-0.52658579,-1.020474712,2,0
0,0,-0.7843804479,-2.577946579,2,0
0,0,-1.206182427,-4.218019796,1,-1
1,1,-1.756567751,-5.503853232
0,0,0,0,0,0
0,0,0.08709708178,0.8709708178,0,0
0,0,0.270237307,1.831402252,0,0
0,0,0.5824429766,3.122056696,0,0
0,0,1.059567643,4.771246664,0,-1
1,1,1.694933119,6.353654762
0,0,0,0,1,0
0,0,0.003427892673,0.03427892673,2,0
0,0,-0.07877640543,-0.822042981,2,0
0,0,-0.2794100713,-2.006336658,2,0
0,0,-0.6121424091,-3.327323378,2,0
0,0,-1.103297717,-4.91155308,1,-1
1,1,-1.718718797,-6.154210801
0,0,0,0,1,0
0,0,-0.005890459968,-0.05890459968,2,0
0,0,-0.1001386971,-0.9424823711,2,0
0,0,-0.2967752645,-1.966365674,1,0
0,0,-0.5485314256,-2.517561611,0,0
0,0,-0.8051385194,-2.566070938,0,0
0,0,-1.114943546,-3.098050263,1,0
0,0,-1.554219479,-4.392759335,2,-1
1,1,-2.14108496,-5.868654805
0,0,0,0,2,0
0,0,-0.0723870097,-0.723870097,0,0
0,0,-0.06301574796,0.09371261739,0,0
0,0,0.01208395341,0.7509970138,2,0
0,0,-0.002293706539,-0.1437765995,0,0
0,0,0.05372674854,0.5602045508,2,0
0,0,0.0436192152,-0.1010753334,0,0
0,0,0.1435635082,0.9994429302,0,0
0,0,0.3403592591,1.967957509,1,0
0,0,0.5887488839,2.483896248,0,0
0,0,0.991533908,4.02785024,2,0
0,0,1.473668354,4.821344458,0,-1
1,1,2.107146146,6.334777921
0,0,0,0,2,0
0,0,-0.09287680576,-0.9287680576,1,0
0,0,-0.2018878602,-1.090110545,0,0
0,0,-0.2567790384,-0.5489117813,2,0
0,0,-0.4231030656,-1.663240272,2,0
0,0,-0.7396675384,-3.165644729,1,0
0,0,-1.151157623,-4.11490085,0,-1
1,1,-1.655210504,-5.040528809
0,0,0,0,0,0
0,0,0.08021361307,0.8021361307,2,0
0,0,0.06930227822,-0.1091133484,1,0
0,0,0.05930889279,-0.09993385437,0,0
0,0,0.1506140539,0.9130516107,1,0
0,0,0.2506467875,1.000327337,0,0
0,0,0.4866894962,2.360427087,1,0
0,0,0.8025932858,3.159037896,1,0
0,0,1.221979551,4.193862653,1,-1
1,1,1.773842606,5.518630549
0,0,0,0,0,0
0,0,0.09158035181,0.9158035181,1,0
0,0,0.1814824775,0.8990212566,1,0
0,0,0.3028734218,1.213909443,0,0
0,0,0.5611251631,2.582517413,0,0
0,0,0.9872801019,4.261549389,1,0
0,0,1.523076606,5.357965041,1,-1
1,1,2.203194787,6.801181812
0,0,0,0,1,0
0,0,0.002954605885,0.02954605885,1,0
0,0,0.003140028962,0.001854230766,0,0
0,0,0.1040659039,1.00925875,2,0
0,0,0.1221807709,0.1811486692,2,0
0,0,0.07600610839,-0.4617466248,2,0
0,0,-0.03516374032,-1.111698487,2,0
0,0,-0.253171048,-2.180073076,1,0
0,0,-0.528050094,-2.74879046,0,0
0,0,-0.8178486132,-2.897985193,1,0
0,0,-1.227052658,-4.092040448,2,-1
1,1,-1.795185634,-5.681329763
0,0,0,0,0,0
0,0,0.07514153785,0.7514153785,0,0
0,0,0.2470094096,1.718678718,0,0
0,0,0.5423991051,2.953896955,0,0
0,0,0.9759359836,4.335368785,0,0
0,0,1.563114527,5.871785432,2,-1
1,1,2.296239328,7.331248013
0,0,0,0,2,0
0,0,-0.08279933047,-0.8279933047,0,0
0,0,-0.0942435767,-0.1144424623,1,0
0,0,-0.1137737321,-0.1953015545,1,0
0,0,-0.1368597791,-0.2308604697,0,0
0,0,-0.1051996848,0.3166009431,1,0
0,0,-0.07921856699,0.2598111782,1,0
0,0,-0.0521229447,0.2709562228,1,0
0,0,-0.01716632065,0.3495662406,1,0
0,0,0.01242037196,0.2958669261,2,0
0,0,-0.04584027286,-0.5826064482,0,0
0,0,-0.03432431237,0.1151596049,2,0
0,0,-0.1143687909,-0.8004447854,2,0
0,0,-0.3164631184,-2.020943275,0,0
0,0,-0.4887906105,-1.723274921,2,0
0,0,-0.8247756536,-3.359850431,1,0
0,0,-1.263518206,-4.387425521,2,-1
1,1,-1.856690632,-5.931724264
0,0,0,0,2,0
0,0,-0.08128066387,-0.8128066387,0,0
0,0,-0.07596730959,0.05313354283,2,0
0,0,-0.1890270726,-1.13059763,0,0
0,0,-0.2332682747,-0.4424120208,1,0
0,0,-0.3019574813,-0.6868920659,1,0
0,0,-0.4075939072,-1.05636426,1,0
0,0,-0.5821074081,-1.745135008,1,0
0,0,-0.8351565551,-2.53049147,1,0
0,0,-1.196599431,-3.614428758,2,-1
1,1,-1.723269651,-5.266702204
0,0,0,0,1,0
0,0,-0.01154821352,-0.1154821352,2,0
0,0,-0.1195141483,-1.079659347,2,0
0,0,-0.3177266915,-1.982125432,0,0
0,0,-0.4776315446,-1.599048531,1,0
0,0,-0.7252421078,-2.476105632,2,0
0,0,-1.145870852,-4.206287445,0,-1
1,1,-1.665916745,-5.200458925
0,0,0,0,0,0
0,0,0.1006552314,1.006552314,1,0
0,0,0.2216496772,1.209944458,1,0
0,0,0.3878489908,1.661993135,2,0
0,0,0.5465496015,1.587006108,0,0
0,0,0.867691287,3.211416855,2,0
0,0,1.240341452,3.726501653,1,-1
1,1,1.747772144,5.07430692
0,0,0,0,2,0
0,0,-0.08337445159,-0.8337445159,2,0
0,0,-0.2863165681,-2.029421165,0,0
0,0,-0.4356682413,-1.493516733,0,0
0,0,-0.5799097785,-1.442415372,0,0
0,0,-0.7376154891,-1.577057106,0,0
0,0,-0.9379784409,-2.003629517,1,0
0,0,-1.265822852,-3.278444114,0,-1
1,1,-1.704041573,-4.382187207
0,0,0,0,1,0
0,0,0.0007586679973,0.007586679973,0,0
0,0,0.07980750281,0.7904883481,2,0
0,0,0.08425779433,0.04450291521,2,0
0,0,-0.0009075006538,-0.8516529498,1,0
0,0,-0.1010994197,-1.001919191,1,0
0,0,-0.2030392212,-1.019398015,1,0
0,0,-0.3247038454,-1.216646242,2,0
0,0,-0.5713188588,-2.466150134,2,0
0,0,-0.9763066444,-4.049877856,2,0
0,0,-1.54273531,-5.664286656,2,-1
1,1,-2.256464974,-7.137296639
0,0,0,0,0,0
0,0,0.08787914624,0.8787914624,2,0
0,0,0.08587069376,-0.02008452473,1,0
0,0,0.08937757855,0.03506884786,0,0
0,0,0.2122040687,1.228264901,2,0
0,0,0.2792077477,0.6700367897,2,0
0,0,0.2934072998,0.1419955213,0,0
0,0,0.4306583785,1.372510787,1,0
0,0,0.6449145771,2.142561986,0,0
0,0,1.03069493,3.857803528,2,0
0,0,1.499245263,4.685503329,2,-1
1,1,2.106708617,6.074633538
0,0,0,0,2,0
0,0,-0.09053827048,-0.9053827048,0,0
0,0,-0.1229203726,-0.3238210208,2,0
0,0,-0.2600385047,-1.371181321,0,0
0,0,-0.3492038985,-0.8916539378,2,0
0,0,-0.5929513336,-2.437474351,1,0
0,0,-0.924004868,-3.310535344,0,0
0,0,-1.322314704,-3.983098364,0,-1
1,1,-1.843769298,-5.214545933
0,0,0,0,1,0
0,0,-0.004698071846,-0.04698071846,2,0
0,0,-0.09817057025,-0.934724984,1,0
0,0,-0.202162561,-1.039919908,1,0
0,0,-0.3433429888,-1.411804278,0,0
0,0,-0.470490644,-1.271476552,2,0
0,0,-0.7363637918,-2.658731478,0,0
0,0,-1.054735226,-3.183714341,0,0
0,0,-1.4634776,-4.087423744,0,-1
1,1,-2.00908109,-5.456034896
0,0,0,0,0,0
0,0,0.07772030871,0.7772030871,1,0
0,0,0.1576787793,0.7995847056,2,0
0,0,0.1918614203,0.34182641,0,0
0,0,0.3576979309,1.658365106,0,0
0,0,0.6767469062,3.190489753,0,0
0,0,1.157292971,4.805460646,2,-1
1,1,1.730275281,5.729823098
0,0,0,0,1,0
0,0,0.0145382063,0.145382063,0,0
0,0,0.133709451,1.191712447,2,0
0,0,0.1888627373,0.5515328632,0,0
0,0,0.3743835781,1.855208408,2,0
0,0,0.5239738473,1.495902691,1,0
0,0,0.7521067217,2.281328745,0,0
0,0,1.153457447,4.013507254,0,-1
1,1,1.711869506,5.584120584
0,0,0,0,2,0
0,0,-0.1000467302,-1.000467302,1,0
0,0,-0.2093290327,-1.092823026,0,0
0,0,-0.2591155675,-0.4978653483,2,0
0,0,-0.4327295097,-1.736139421,0,0
0,0,-0.5974904547,-1.64760945,0,0
0,0,-0.7954402801,-1.979498254,2,0
0,0,-1.149756477,-3.543161974,1,-1
1,1,-1.632185863,-4.82429386
0,0,0,0,0,0
0,0,0.09929843722,0.9929843722,2,0
0,0,0.1267607392,0.27462302,1,0
0,0,0.1743494995,0.475887603,0,0
0,0,0.3471232003,1.727737007,1,0
0,0,0.5863889473,2.392657471,2,0
0,0,0.8370773151,2.506883678,0,0
0,0,1.25882708,4.217497651,0,-1
1,1,1.838311389,5.794843085
0,0,0,0,2,0
0,0,-0.1056760672,-1.056760672,2,0
0,0,-0.3088777775,-2.032017102,1,0
0,0,-0.5517270974,-2.4284932,2,0
0,0,-0.9589164899,-4.071893925,0,0
0,0,-1.438628276,-4.797117863,2,-1
1,1,-2.07094898,-6.323207041
0,0,0,0,2,0
0,0,-0.07709054403,-0.7709054403,0,0
0,0,-0.0801174805,-0.03026936474,1,0
0,0,-0.1004033406,-0.2028586013,2,0
0,0,-0.2345835121,-1.341801715,2,0
0,0,-0.4989722397,-2.643887276,1,0
0,0,-0.8398062851,-3.408340454,0,0
0,0,-1.237470142,-3.976638571,1,-1
1,1,-1.769536644,-5.320665022
0,0,0,0,2,0
0,0,-0.09737500479,-0.9737500479,2,0
0,0,-0.3047578834,-2.073828787,0,0
0,0,-0.4842518093,-1.794939258,0,0
0,0,-0.6638073623,-1.79555553,0,0
0,0,-0.884594504,-2.207871417,1,0
0,0,-1.218848283,-3.34253779,0,-1
1,1,-1.660585345,-4.417370619
0,0,0,0,0,0
0,0,0.09656714972,0.9656714972,1,0
0,0,0.2190910378,1.225238881,1,0
0,0,0.3866649952,1.675739574,0,0
0,0,0.6879778289,3.013128336,1,0
0,0,1.077378026,3.89400197,0,-1
1,1,1.620491219,5.431131929
0,0,0,0,1,0
0,0,-0.01153363962,-0.1153363962,1,0
0,0,-0.02032961392,-0.08795974298,0,0
0,0,0.04162146522,0.6195107914,0,0
0,0,0.1844044649,1.427829997,2,0
0,0,0.2749827529,0.9057828801,2,0
0,0,0.3150782414,0.400954885,2,0
0,0,0.3110627344,-0.04015506996,1,0
0,0,0.3667232612,0.5566052681,0,0
0,0,0.5736501941,2.069269329,0,0
0,0,0.9445636609,3.709134668,0,0
0,0,1.480666234,5.361025727,0,-1
1,1,2.165866632,6.852003988
0,0,0,0,2,0
0,0,-0.09217459485,-0.9217459485,1,0
0,0,-0.2070689371,-1.148943423,2,0
0,0,-0.4479482216,-2.408792845,0,0
0,0,-0.6713546627,-2.23406441,1,0
0,0,-0.9961485247,-3.24793862,1,0
0,0,-1.43418161,-4.38033085,1,-1
1,1,-2.015595806,-5.814141962
0,0,0,0,2,0
0,0,-0.09406951702,-0.9406951702,1,0
0,0,-0.1963483594,-1.022788424,2,0
0,0,-0.4264136767,-2.300653173,2,0
0,0,-0.8136138561,-3.872001794,0,0
0,0,-1.242185436,-4.285715804,2,-1
1,1,-1.832294726,-5.901092892
0,0,0,0,0,0
0,0,0.0766413869,0.766413869,2,0
0,0,0.07909407425,0.02452687348,0,0
0,0,0.196995872,1.179017977,1,0
0,0,0.3395281041,1.425322322,2,0
0,0,0.4679112819,1.283831777,0,0
0,0,0.7420526389,2.741413571,2,0
0,0,1.054201482,3.121488433,2,0
0,0,1.458973217,4.047717349,0,-1
1,1,2.014866607,5.558933895
0,0,0,0,2,0
0,0,-0.09046611446,-0.9046611446,1,0
0,0,-0.1809888889,-0.9052277444,1,0
0,0,-0.3065938887,-1.256049998,2,0
0,0,-0.5772282837,-2.70634395,1,0
0,0,-0.9425022691,-3.652739853,2,0
0,0,-1.463303669,-5.208013998,0,-1
1,1,-2.117901525,-6.54597856
0,0,0,0,1,0
0,0,-0.01201074412,-0.1201074412,0,0
0,0,0.0525783369,0.6458908102,1,0
0,0,0.1172712852,0.6469294829,1,0
0,0,0.1894462747,0.7217498953,0,0
0,0,0.3855213447,1.960750699,0,0
0,0,0.7320352356,3.465138909,2,0
0,0,1.11428631,3.822510743,0,-1
1,1,1.662750486,5.484641759
0,0,0,0,0,0
0,0,0.07313932164,0.7313932164,2,0
0,0,0.07766055083,0.04521229189,2,0
0,0,0.008133308945,-0.6952724189,0,0
0,0,0.02226756953,0.1413426058,0,0
0,0,0.1302233088,1.079557392,1,0
0,0,0.2550653083,1.248419995,0,0
0,0,0.4917555244,2.366902162,0,0
0,0,0.8665894476,3.748339231,0,0
0,0,1.405211211,5.386217632,2,-1
1,1,2.072336062,6.671248509
0,0,0,0,0,0
0,0,0.08059883562,0.8059883562,0,0
0,0,0.2721133354,1.915144997,2,0
0,0,0.4123837167,1.402703814,1,0
0,0,0.6144068604,2.020231437,2,0
0,0,0.8324113618,2.180045014,2,0
0,0,1.11566329,2.832519279,0,0
0,0,1.56111489,4.454516002,2,-1
1,1,2.15244486,5.9132997
0,0,0,0,1,0
0,0,0.007373372757,0.07373372757,1,0
0,0,0.03087550568,0.2350213292,0,0
0,0,0.1596664735,1.287909678,1,0
0,0,0.3234849081,1.638184346,0,0
0,0,0.6103805878,2.868956797,2,0
0,0,0.9188353273,3.084547395,1,0
0,0,1.347595595,4.287602675,0,-1
1,1,1.928620785,5.810251901
0,0,0,0,0,0
0,0,0.08360354087,0.8360354087,0,0
0,0,0.2739600845,1.903565436,0,0
0,0,0.5900133365,3.16053252,1,0
0,0,0.9944273569,4.044140204,2,0
0,0,1.481758893,4.873315363,2,-1
1,1,2.106442847,6.246839539
0,0,0,0,2,0
0,0,-0.09919851331,-0.9919851331,2,0
0,0,-0.292460214,-1.932617007,0,0
0,0,-0.440177995,-1.47717781,2,0
0,0,-0.7387920693,-2.986140743,1,0
0,0,-1.142519953,-4.037278835,2,-1
1,1,-1.711643429,-5.691234763
0,0,0,0,1,0
0,0,0.01746737357,0.1746737357,0,0
0,0,0.1233362298,1.058688563,1,0
0,0,0.2562818382,1.329456084,1,0
0,0,0.446601489,1.903196508,0,0
0,0,0.7851730954,3.385716064,0,0
0,0,1.293611525,5.084384299,0,-1
1,1,1.956377722,6.627661968
