2,1,1
0,0,0,0,2,0
0,0,-0.077655366,-0.77655366,1,0
0,0,-0.1765344524,-0.9887908642,2,0
0,0,-0.3862625503,-2.097280979,0,0
0,0,-0.5868502552,-2.005877049,2,0
0,0,-0.9402128618,-3.533626065,1,0
0,0,-1.402768439,-4.625555771,2,-1
1,1,-2.016422348,-6.136539093
0,0,0,0,2,0
0,0,-0.08521842838,-0.8521842838,2,0
0,0,-0.277053378,-1.918349496,1,0
0,0,-0.5200419136,-2.429885356,0,0
0,0,-0.759784996,-2.397430824,0,0
0,0,-1.051016442,-2.912314461,2,0
0,0,-1.511067409,-4.600509668,0,-1
1,1,-2.110933037,-5.998656276
0,0,0,0,1,0
0,0,-0.01232427113,-0.1232427113,2,0
0,0,-0.1102376707,-0.979133996,1,0
0,0,-0.2177107531,-1.074730824,1,0
0,0,-0.371051068,-1.533403149,0,0
0,0,-0.5185790466,-1.475279785,1,0
0,0,-0.7349480247,-2.163689781,2,0
0,0,-1.110294508,-3.753464834,2,-1
1,1,-1.649675003,-5.393804953
0,0,0,0,0,0
0,0,0.07858022496,0.7858022496,0,0
0,0,0.2636853172,1.851050923,2,0
0,0,0.4111778008,1.474924835,1,0
0,0,0.6320827207,2.209049199,1,0
0,0,0.9545227409,3.224400202,0,0
0,0,1.437451736,4.829289948,0,-1
1,1,2.073103562,6.356518267
0,0,0,0,1,0
0,0,-0.01107883661,-0.1107883661,2,0
0,0,-0.1096991854,-0.9862034878,2,0
0,0,-0.3090386624,-1.99339477,0,0
0,0,-0.4873139689,-1.782753065,0,0
0,0,-0.666745385,-1.794314161,1,0
0,0,-0.9549470794,-2.882016944,1,0
0,0,-1.354888306,-3.999412269,1,-1
1,1,-1.893223517,-5.383352104
0,0,0,0,2,0
0,0,-0.08671317871,-0.8671317871,0,0
0,0,-0.103493482,-0.1678030333,2,0
0,0,-0.2237490544,-1.202555723,2,0
0,0,-0.4581874321,-2.344383777,1,0
0,0,-0.7763146051,-3.18127173,0,0
0,0,-1.128939177,-3.526245718,0,-1
1,1,-1.574446613,-4.455074365
0,0,0,0,0,0
0,0,0.09476251844,0.9476251844,1,0
0,0,0.1900648812,0.953023628,1,0
0,0,0.3096174376,1.195525563,1,0
0,0,0.4913516102,1.817341727,2,0
0,0,0.6851497996,1.937981893,2,0
0,0,0.9094923801,2.243425805,0,0
0,0,1.303552383,3.940600033,2,-1
1,1,1.813960026,5.104076426
0,0,0,0,0,0
0,0,0.08661744734,0.8661744734,2,0
0,0,0.1049235866,0.1830613929,1,0
0,0,0.1433883643,0.3846477769,2,0
0,0,0.1065341787,-0.3685418557,0,0
0,0,0.1716217818,0.6508760302,1,0
0,0,0.2720242184,1.004024366,2,0
0,0,0.3390238093,0.6699959086,0,0
0,0,0.544341537,2.053177277,0,0
0,0,0.9036382232,3.592966863,0,0
0,0,1.434504258,5.308660351,0,-1
1,1,2.117249654,6.827453958
0,0,0,0,0,0
0,0,0.07121752302,0.7121752302,2,0
0,0,0.07868669513,0.07469172109,2,0
0,0,0.02266820429,-0.5601849084,0,0
0,0,0.04648012681,0.2381192252,1,0
0,0,0.08592996753,0.3944984073,1,0
0,0,0.1552137022,0.6928373466,0,0
0,0,0.3309365214,1.757228192,2,0
0,0,0.4619924556,1.310559343,0,0
0,0,0.7405820964,2.785896408,0,0
0,0,1.185100482,4.44518386,0,-1
1,1,1.790064304,6.049638216
0,0,0,0,2,0
0,0,-0.09849170156,-0.9849170156,2,0
0,0,-0.3148313866,-2.163396851,2,0
0,0,-0.6533549559,-3.385235693,2,0
0,0,-1.160001444,-5.066464883,1,-1
1,1,-1.794452715,-6.344512705
0,0,0,0,0,0
0,0,0.1001674821,1.001674821,2,0
0,0,0.1450095586,0.4484207649,1,0
0,0,0.2268840716,0.8187451302,2,0
0,0,0.2747687209,0.478846493,2,0
0,0,0.2838155103,0.09046789379,2,0
0,0,0.2512550569,-0.3256045339,1,0
0,0,0.2466132718,-0.04641785088,1,0
0,0,0.2991281096,0.5251483778,1,0
0,0,0.3983886882,0.9926057858,0,0
0,0,0.6295647665,2.311760783,1,0
0,0,0.9571325305,3.275677639,1,0
0,0,1.406142014,4.490094832,1,-1
1,1,1.994290526,5.881485122
0,0,0,0,2,0
0,0,-0.1001720996,-1.001720996,0,0
0,0,-0.1222970723,-0.2212497277,2,0
0,0,-0.2488195572,-1.265224849,0,0
0,0,-0.3301381444,-0.8131858717,0,0
0,0,-0.3840027427,-0.538645983,1,0
0,0,-0.5161804677,-1.32177725,0,0
0,0,-0.6547559106,-1.385754429,1,0
0,0,-0.9036778148,-2.489219043,0,0
0,0,-1.229059401,-3.253815857,2,-1
1,1,-1.714122866,-4.850634653
0,0,0,0,2,0
0,0,-0.1020329947,-1.020329947,2,0
0,0,-0.3246265765,-2.225935818,0,0
0,0,-0.526858335,-2.022317584,2,0
0,0,-0.8684949407,-3.416366058,0,0
0,0,-1.26639422,-3.978992791,2,-1
1,1,-1.82143792,-5.550437
0,0,0,0,0,0
0,0,0.09343382927,0.9343382927,2,0
0,0,0.1205017361,0.270679068,0,0
0,0,0.2622546042,1.417528682,2,0
0,0,0.3614774218,0.9922281754,2,0
0,0,0.4482242025,0.8674678076,2,0
0,0,0.5158446448,0.6762044231,0,0
0,0,0.7529677209,2.371230761,0,0
0,0,1.165360158,4.123924369,2,-1
1,1,1.681444381,5.160842236
0,0,0,0,1,0
0,0,-0.01066815577,-0.1066815577,1,0
0,0,-0.03517250819,-0.2450435242,2,0
0,0,-0.1650180316,-1.298455235,2,0
0,0,-0.3963521381,-2.313341064,0,0
0,0,-0.5985942502,-2.022421121,2,0
0,0,-0.9502238231,-3.516295728,0,0
0,0,-1.37880403,-4.285802066,0,-1
1,1,-1.934594805,-5.557907755
0,0,0,0,2,0
0,0,-0.08340869282,-0.8340869282,1,0
0,0,-0.1691557389,-0.8574704608,1,0
0,0,-0.276360869,-1.072051301,0,0
0,0,-0.3316026939,-0.5524182485,2,0
0,0,-0.516834252,-1.852315582,1,0
0,0,-0.7882224834,-2.713882313,1,0
0,0,-1.170763003,-3.825405201,0,-1
1,1,-1.651851433,-4.81088429
0,0,0,0,0,0
0,0,0.07906685282,0.7906685282,1,0
0,0,0.1724934237,0.9342657091,2,0
0,0,0.2202252025,0.4773177875,2,0
0,0,0.2288818424,0.08656639882,1,0
0,0,0.2649270746,0.360452322,1,0
0,0,0.3366042402,0.7167716566,1,0
0,0,0.4563992348,1.197949945,2,0
0,0,0.5789994545,1.226002197,2,0
0,0,0.7141420843,1.351426298,0,0
0,0,1.011597326,2.974552413,2,0
0,0,1.398615978,3.870186521,0,-1
1,1,1.939000399,5.403844209
0,0,0,0,2,0
0,0,-0.08684659153,-0.8684659153,0,0
0,0,-0.1105526519,-0.2370606032,2,0
0,0,-0.2299488115,-1.193961596,0,0
0,0,-0.3058554784,-0.7590666694,1,0
0,0,-0.419324068,-1.134685896,0,0
0,0,-0.5319231757,-1.125991077,1,0
0,0,-0.7401093543,-2.081861787,1,0
0,0,-1.053327824,-3.132184696,1,0
0,0,-1.492245519,-4.389176955,2,-1
1,1,-2.082419145,-5.901736257
0,0,0,0,1,0
0,0,0.009430161173,0.09430161173,0,0
0,0,0.09405932772,0.8462916655,1,0
0,0,0.1831499662,0.8909063845,0,0
0,0,0.3841065635,2.009565973,0,0
0,0,0.7270568326,3.429502691,2,0
0,0,1.112853395,3.857965625,1,-1
1,1,1.627547129,5.146937342
0,0,0,0,0,0
0,0,0.07341535205,0.7341535205,2,0
0,0,0.08777256142,0.1435720937,2,0
0,0,0.03755102592,-0.5022153549,0,0
0,0,0.07026907138,0.3271804545,2,0
0,0,0.03063012318,-0.396389482,2,0
0,0,-0.07801593835,-1.086460615,1,0
0,0,-0.1896510406,-1.116351023,0,0
0,0,-0.2584480001,-0.6879695945,2,0
0,0,-0.4448652436,-1.864172435,2,0
0,0,-0.7873657942,-3.425005506,2,0
0,0,-1.290784941,-5.034191471,1,-1
1,1,-1.928297939,-6.375129979
0,0,0,0,1,0
0,0,-0.004262767629,-0.04262767629,1,0
0,0,-0.01235163464,-0.08088867015,1,0
0,0,-0.01985017706,-0.07498542415,0,0
0,0,0.05672952147,0.7657969853,0,0
0,0,0.2352257824,1.784962609,0,0
0,0,0.5288212431,2.935954608,0,0
0,0,0.9838132869,4.549920438,0,-1
1,1,1.589626272,6.05812985
0,0,0,0,1,0
0,0,-0.007587207848,-0.07587207848,1,0
0,0,-0.03104339375,-0.234561859,0,0
0,0,0.03608914892,0.6713254267,0,0
0,0,0.210722148,1.746329991,0,0
0,0,0.4950030229,2.842808749,0,0
0,0,0.9397589243,4.447559014,2,0
0,0,1.439134048,4.993751241,2,-1
1,1,2.068851922,6.297178738
0,0,0,0,1,0
0,0,0.01209884521,0.1209884521,0,0
0,0,0.1129829494,1.008841042,1,0
0,0,0.2222105833,1.092276338,0,0
0,0,0.4500508833,2.278403,0,0
0,0,0.821596251,3.715453678,0,0
0,0,1.361116333,5.395200822,2,-1
1,1,2.023291537,6.621752043
0,0,0,0,1,0
0,0,0.004781402774,0.04781402774,0,0
0,0,0.1160223457,1.112409429,2,0
0,0,0.1530892856,0.3706693989,1,0
0,0,0.2305188841,0.774295985,2,0
0,0,0.2647708522,0.3425196812,2,0
0,0,0.2452269609,-0.1954389123,2,0
0,0,0.1818876253,-0.6333933563,0,0
0,0,0.2304110159,0.4852339056,2,0
0,0,0.2407824997,0.1037148386,1,0
0,0,0.300251549,0.594690493,1,0
0,0,0.4085883957,1.083368467,1,0
0,0,0.5696518169,1.610634211,0,0
0,0,0.8811119124,3.114600955,1,0
0,0,1.299390768,4.182788553,1,-1
1,1,1.853897705,5.545069375
0,0,0,0,1,0
0,0,0.00806689355,0.0806689355,0,0
0,0,0.09446671197,0.8639981842,1,0
0,0,0.1998538023,1.053870904,0,0
0,0,0.4346780408,2.348242385,2,0
0,0,0.6628706582,2.281926174,1,0
0,0,0.9851163669,3.222457086,1,0
0,0,1.434639023,4.495226557,2,-1
1,1,2.015013335,5.80374312
0,0,0,0,1,0
0,0,0.004888888661,0.04888888661,2,0
0,0,-0.08186878111,-0.8675766977,2,0
0,0,-0.2653937303,-1.835249492,1,0
0,0,-0.4828535038,-2.174597735,1,0
0,0,-0.7733815777,-2.905280738,0,0
0,0,-1.112598518,-3.392169404,1,-1
1,1,-1.577006415,-4.644078971
0,0,0,0,0,0
0,0,0.07606124903,0.7606124903,1,0
0,0,0.148443274,0.7238202499,0,0
0,0,0.3177844604,1.693411864,1,0
0,0,0.5440165988,2.262321384,2,0
0,0,0.7740587468,2.30042148,0,0
0,0,1.16077844,3.867196933,2,-1
1,1,1.643813196,4.830347558
0,0,0,0,1,0
0,0,0.003147328111,0.03147328111,2,0
0,0,-0.06670318717,-0.6985051528,2,0
0,0,-0.2220441916,-1.553410044,2,0
0,0,-0.5028640084,-2.808198168,2,0
0,0,-0.9274960114,-4.246320031,0,0
0,0,-1.423868157,-4.963721454,1,-1
1,1,-2.062192486,-6.383243292
0,0,0,0,0,0
0,0,0.0787760678,0.787760678,0,0
0,0,0.275766875,1.969908072,1,0
0,0,0.5123036406,2.365367657,1,0
0,0,0.811505986,2.992023454,1,0
0,0,1.225194193,4.136882072,0,-1
1,1,1.797607269,5.724130758
0,0,0,0,1,0
0,0,0.01390753312,0.1390753312,2,0
0,0,-0.06244350074,-0.7635103386,1,0
0,0,-0.1627744223,-1.003309216,1,0
0,0,-0.2945741948,-1.317997725,1,0
0,0,-0.4690019482,-1.744277533,0,0
0,0,-0.6500009389,-1.809989907,1,0
0,0,-0.9371475175,-2.871465786,1,0
0,0,-1.341301745,-4.041542273,0,-1
1,1,-1.866474838,-5.251730938
0,0,0,0,2,0
0,0,-0.09461683478,-0.9461683478,0,0
0,0,-0.114027563,-0.1941072825,0,0
0,0,-0.07980760623,0.342199568,0,0
0,0,0.01379786383,0.9360547006,2,0
0,0,0.02754178526,0.1374392143,0,0
0,0,0.130937688,1.033959027,0,0
0,0,0.3363082783,2.053705903,2,0
0,0,0.5133872843,1.770790061,1,0
0,0,0.7811273036,2.677400192,1,0
0,0,1.144554128,3.634268244,2,-1
1,1,1.608554457,4.640003285
0,0,0,0,1,0
0,0,-0.01285456182,-0.1285456182,0,0
0,0,0.07604947166,0.8890403348,0,0
0,0,0.2725974481,1.965479764,2,0
0,0,0.4189333875,1.463359394,0,0
0,0,0.7257343255,3.068009379,0,0
0,0,1.200498567,4.747642415,2,-1
1,1,1.773583549,5.730849818
0,0,0,0,1,0
0,0,0.0007318438073,0.007318438073,0,0
0,0,0.09909516298,0.9836331917,0,0
0,0,0.3073451377,2.082499747,1,0
0,0,0.568632495,2.612873574,0,0
0,0,0.9929734243,4.243409293,1,0
0,0,1.532527834,5.395544095,0,-1
1,1,2.220779157,6.882513229
0,0,0,0,0,0
0,0,0.08178119833,0.8178119833,0,0
0,0,0.2603544514,1.785732531,2,0
0,0,0.402311055,1.419566036,1,0
0,0,0.6223050802,2.199940253,1,0
0,0,0.9294477997,3.071427194,1,0
0,0,1.34970181,4.202540107,2,-1
1,1,1.890415031,5.407132205
0,0,0,0,0,0
0,0,0.09220014066,0.9220014066,2,0
0,0,0.1114521918,0.1925205114,0,0
0,0,0.2382714816,1.268192898,0,0
0,0,0.4865110528,2.482395712,0,0
0,0,0.8709459151,3.844348623,1,0
0,0,1.364757068,4.938111529,2,-1
1,1,1.980966481,6.162094135
0,0,0,0,1,0
0,0,-0.01600023088,-0.1600023088,1,0
0,0,-0.03191764187,-0.1591741099,2,0
0,0,-0.1400803397,-1.081626978,1,0
0,0,-0.2597436159,-1.196632762,0,0
0,0,-0.3227811844,-0.6303756849,0,0
0,0,-0.373094791,-0.5031360659,1,0
0,0,-0.4916929811,-1.185981901,2,0
0,0,-0.7670462939,-2.753533128,2,0
0,0,-1.19561996,-4.285736658,0,-1
1,1,-1.726769577,-5.311496173
0,0,0,0,0,0
0,0,0.1003308163,1.003308163,1,0
0,0,0.2348800995,1.345492832,1,0
0,0,0.417912989,1.830328895,1,0
0,0,0.6753464964,2.574335073,2,0
0,0,0.9679907333,2.92644237,0,0
0,0,1.42773041,4.59739677,0,-1
1,1,2.03985404,6.121236293
0,0,0,0,0,0
0,0,0.09239710339,0.9239710339,1,0
0,0,0.2146942556,1.222971522,0,0
0,0,0.4717473126,2.57053057,0,0
0,0,0.8707872107,3.990398981,2,0
0,0,1.319866242,4.490790315,1,-1
1,1,1.90896196,5.890957181
0,0,0,0,2,0
0,0,-0.1006261797,-1.006261797,2,0
0,0,-0.3018461468,-2.012199671,0,0
0,0,-0.4599215703,-1.580754235,0,0
0,0,-0.6098091541,-1.498875838,2,0
0,0,-0.9092195118,-2.994103578,2,0
0,0,-1.373000075,-4.637805627,0,-1
1,1,-1.958982157,-5.859820827
0,0,0,0,1,0
0,0,0.001925602438,0.01925602438,1,0
0,0,-0.0039874241,-0.05913026537,1,0
0,0,-0.001686629983,0.02300794117,2,0
0,0,-0.07712559467,-0.7543896468,0,0
0,0,-0.08539238904,-0.08266794376,0,0
0,0,-0.02748107199,0.5791131705,1,0
0,0,0.0377666101,0.6524768209,1,0
0,0,0.1265671874,0.8880057733,0,0
0,0,0.3106903513,1.841231639,2,0
0,0,0.446960669,1.362703177,1,0
0,0,0.6547549061,2.077942371,0,0
0,0,1.018697156,3.639422496,1,0
0,0,1.501526881,4.828297253,0,-1
1,1,2.132904571,6.3137769
0,0,0,0,1,0
0,0,-0.00660337287,-0.0660337287,0,0
0,0,0.08065450699,0.8725787986,0,0
0,0,0.259769546,1.79115039,1,0
0,0,0.4648469707,2.050774247,0,0
0,0,0.8282474831,3.634005124,0,0
0,0,1.357498959,5.292514759,1,-1
1,1,2.021697366,6.641984074
0,0,0,0,2,0
0,0,-0.08726695226,-0.8726695226,0,0
0,0,-0.1161493693,-0.2888241702,0,0
0,0,-0.09360567886,0.2254369043,2,0
0,0,-0.1831206133,-0.8951493441,1,0
0,0,-0.3197260276,-1.366054144,0,0
0,0,-0.4341504306,-1.144244029,2,0
0,0,-0.684710395,-2.505599645,2,0
0,0,-1.103261604,-4.185512089,1,-1
1,1,-1.647454457,-5.441928529
0,0,0,0,1,0
0,0,-0.002305795069,-0.02305795069,1,0
0,0,-0.009122956519,-0.06817161449,2,0
0,0,-0.09065509555,-0.8153213903,1,0
0,0,-0.1976765358,-1.070214402,0,0
0,0,-0.266935056,-0.6925852021,1,0
0,0,-0.3708812474,-1.039461914,0,0
0,0,-0.4486488127,-0.7776756533,0,0
0,0,-0.5231590864,-0.7451027365,2,0
0,0,-0.7586891753,-2.35530089,2,0
0,0,-1.163411056,-4.047218807,0,-1
1,1,-1.670699919,-5.072888633
0,0,0,0,1,0
0,0,-0.006025573482,-0.06025573482,2,0
0,0,-0.1039550498,-0.9792947633,2,0
0,0,-0.3197382716,-2.157832218,2,0
0,0,-0.6556529209,-3.359146493,1,0
0,0,-1.091713365,-4.360604441,1,-1
1,1,-1.643633203,-5.519198383
0,0,0,0,2,0
0,0,-0.07128450644,-0.7128450644,0,0
0,0,-0.05765151921,0.1363298723,2,0
0,0,-0.1288037626,-0.7115224334,1,0
0,0,-0.2156676474,-0.8686388485,0,0
0,0,-0.2678452116,-0.5217756416,1,0
0,0,-0.358111745,-0.9026653345,2,0
0,0,-0.5978255273,-2.397137823,2,0
0,0,-1.000802328,-4.029768005,0,0
0,0,-1.484783653,-4.839813255,2,-1
1,1,-2.118959152,-6.341754982
0,0,0,0,2,0
0,0,-0.07823378551,-0.7823378551,1,0
0,0,-0.1796906591,-1.014568736,1,0
0,0,-0.2975215848,-1.178309257,0,0
0,0,-0.3818398897,-0.8431830489,0,0
0,0,-0.4374079113,-0.5556802162,2,0
0,0,-0.6355434896,-1.981355783,2,0
0,0,-0.9820471561,-3.465036664,2,0
0,0,-1.490359527,-5.083123713,2,-1
1,1,-2.149433533,-6.590740056
0,0,0,0,1,0
0,0,-0.01181877844,-0.1181877844,2,0
0,0,-0.1072817475,-0.9546296908,2,0
0,0,-0.3090114599,-2.017297123,1,0
0,0,-0.5635795537,-2.545680939,2,0
0,0,-0.9837781543,-4.201986006,2,0
0,0,-1.565282672,-5.815045175,1,-1
1,1,-2.293492656,-7.282099837
0,0,0,0,1,0
0,0,-0.001036864014,-0.01036864014,0,0
0,0,0.07267631857,0.7371318259,0,0
0,0,0.2297954072,1.571190887,1,0
0,0,0.422230807,1.924353998,2,0
0,0,0.5919871649,1.697563578,0,0
0,0,0.9127728663,3.207857015,2,0
0,0,1.297275957,3.845030907,2,-1
1,1,1.798487677,5.012117195
0,0,0,0,0,0
0,0,0.07348682324,0.7348682324,2,0
0,0,0.07463926749,0.01152444252,0,0
0,0,0.1651256992,0.9048643174,0,0
0,0,0.356180284,1.910545848,1,0
0,0,0.6122997537,2.561194697,2,0
0,0,0.8814724378,2.691726841,2,0
0,0,1.220805512,3.393330745,1,-1
1,1,1.692405602,4.716000895
0,0,0,0,2,0
0,0,-0.08360878948,-0.8360878948,1,0
0,0,-0.1913069286,-1.076981391,1,0
0,0,-0.332571792,-1.412648635,2,0
0,0,-0.6124739616,-2.799021696,0,0
0,0,-0.911338579,-2.988646175,1,0
0,0,-1.32524664,-4.139080609,0,-1
1,1,-1.856652988,-5.314063481
