2,1,1
0,0,0,0,1,0
0,0,0.004776847575,0.04776847575,0,0
0,0,0.08609785314,0.8132100556,0,0
0,0,0.2583650606,1.722672075,2,0
0,0,0.4050213432,1.466562826,1,0
0,0,0.6065167098,2.014953666,2,0
0,0,0.8242849392,2.177682294,1,0
0,0,1.155842875,3.315579362,2,-1
1,1,1.584547857,4.287049815
0,0,0,0,1,0
0,0,0.01050559983,0.1050559983,2,0
0,0,-0.04793556072,-0.5844116055,0,0
0,0,-0.02559217649,0.2234338423,1,0
0,0,-0.01939535936,0.06196817136,2,0
0,0,-0.09463348818,-0.7523812882,2,0
0,0,-0.2782866045,-1.836531163,1,0
0,0,-0.5035031548,-2.252165504,2,0
0,0,-0.8882199298,-3.84716775,0,0
0,0,-1.337351127,-4.491311968,1,-1
1,1,-1.92317904,-5.858279135
0,0,0,0,1,0
0,0,0.009697997724,0.09697997724,2,0
0,0,-0.05305946905,-0.6275746677,2,0
0,0,-0.2270321953,-1.739727263,1,0
0,0,-0.4376465507,-2.106143553,2,0
0,0,-0.7898538655,-3.522073148,0,0
0,0,-1.183033134,-3.931792682,2,-1
1,1,-1.730417015,-5.473838813
0,0,0,0,2,0
0,0,-0.09431288849,-0.9431288849,2,0
0,0,-0.2787643682,-1.844514797,0,0
0,0,-0.4260684725,-1.473041043,2,0
0,0,-0.7150272778,-2.889588053,1,0
0,0,-1.114166216,-3.991389381,1,-1
1,1,-1.642620655,-5.284544392
0,0,0,0,0,0
0,0,0.1008712948,1.008712948,2,0
0,0,0.1196737573,0.1880246246,2,0
0,0,0.07052854953,-0.4914520774,2,0
0,0,-0.07142140435,-1.419499539,1,0
0,0,-0.233982213,-1.625608087,1,0
0,0,-0.4250916865,-1.911094734,1,0
0,0,-0.6975987419,-2.725070555,0,0
0,0,-1.012342981,-3.14744239,1,0
0,0,-1.456865475,-4.445224937,1,-1
1,1,-2.044726697,-5.878612226
0,0,0,0,2,0
0,0,-0.09109962046,-0.9109962046,1,0
0,0,-0.1888413849,-0.9774176445,2,0
0,0,-0.4094765782,-2.206351933,2,0
0,0,-0.7621224882,-3.5264591,2,0
0,0,-1.275212885,-5.130903971,1,-1
1,1,-1.921514258,-6.463013729
0,0,0,0,1,0
0,0,0.01135651575,0.1135651575,0,0
0,0,0.1143894476,1.030329318,0,0
0,0,0.315043862,2.006544144,0,0
0,0,0.6556304564,3.405865944,0,0
0,0,1.139108422,4.83477966,0,-1
1,1,1.783691933,6.445835107
0,0,0,0,1,0
0,0,0.002397051595,0.02397051595,0,0
0,0,0.07928952438,0.7689247279,0,0
0,0,0.2604975984,1.812080741,0,0
0,0,0.572215096,3.117174976,0,0
0,0,1.032087582,4.598724856,0,-1
1,1,1.650266613,6.181790312
0,0,0,0,0,0
0,0,0.09907608176,0.9907608176,2,0
0,0,0.1353300093,0.3625392759,0,0
0,0,0.2797686077,1.444385984,1,0
0,0,0.475351859,1.955832512,2,0
0,0,0.6664829354,1.911310765,1,0
0,0,0.9543748718,2.878919363,1,0
0,0,1.364899198,4.105243265,0,-1
1,1,1.928737957,5.638387586
0,0,0,0,2,0
0,0,-0.09706756117,-0.9706756117,0,0
0,0,-0.1299338604,-0.3286629924,1,0
0,0,-0.1930629706,-0.6312911018,2,0
0,0,-0.3639185595,-1.708555889,2,0
0,0,-0.6751393616,-3.112208021,1,0
0,0,-1.072460962,-3.973216005,1,-1
1,1,-1.587413947,-5.14952985
0,0,0,0,1,0
0,0,0.00480262934,0.0480262934,1,0
0,0,0.01170519685,0.06902567508,1,0
0,0,0.01404303931,0.02337842461,2,0
0,0,-0.06498464376,-0.7902768307,2,0
0,0,-0.240428414,-1.754437703,0,0
0,0,-0.3825175486,-1.420891345,1,0
0,0,-0.5919689157,-2.094513672,2,0
0,0,-0.9543263755,-3.623574597,0,0
0,0,-1.389335449,-4.350090732,2,-1
1,1,-1.979542656,-5.902072071
0,0,0,0,1,0
0,0,-0.01250585794,-0.1250585794,2,0
0,0,-0.1089717245,-0.9646586656,0,0
0,0,-0.1440626108,-0.3509088632,2,0
0,0,-0.296105195,-1.520425842,1,0
0,0,-0.4849850081,-1.888798131,1,0
0,0,-0.7470353614,-2.620503533,1,0
0,0,-1.120462235,-3.734268737,2,-1
1,1,-1.654335167,-5.338729324
0,0,0,0,1,0
0,0,-0.009372902412,-0.09372902412,1,0
0,0,-0.003916215054,0.05456687358,2,0
0,0,-0.07169415099,-0.6777793593,0,0
0,0,-0.0758054578,-0.04111306815,1,0
0,0,-0.08631642613,-0.1051096833,0,0
0,0,-0.02013225638,0.6618416975,2,0
0,0,-0.04370746357,-0.2357520719,2,0
0,0,-0.1708303701,-1.271229065,0,0
0,0,-0.2345577729,-0.6372740279,0,0
0,0,-0.2461959464,-0.1163817351,1,0
0,0,-0.2918222276,-0.4562628123,2,0
0,0,-0.471273321,-1.794510933,1,0
0,0,-0.7339839319,-2.627106109,1,0
0,0,-1.102883615,-3.688996832,2,-1
1,1,-1.628755958,-5.25872343
0,0,0,0,1,0
0,0,-0.008939283826,-0.08939283826,1,0
0,0,-0.01571377191,-0.06774488085,0,0
0,0,0.070102074,0.8581584591,0,0
0,0,0.2454238152,1.753217412,0,0
0,0,0.5330027798,2.875789646,0,0
0,0,0.9832364809,4.502337011,2,0
0,0,1.511010707,5.277742258,2,-1
1,1,2.178232745,6.672220386
0,0,0,0,1,0
0,0,0.0129162999,0.129162999,1,0
0,0,0.03529252719,0.2237622729,0,0
0,0,0.1547456931,1.194531659,1,0
0,0,0.3125687638,1.578230707,0,0
0,0,0.6059772125,2.934084487,0,0
0,0,1.04211678,4.361395674,0,-1
1,1,1.635326502,5.932097219
0,0,0,0,1,0
0,0,-0.007400922878,-0.07400922878,2,0
0,0,-0.1030600895,-0.9565916663,0,0
0,0,-0.1117102388,-0.08650149305,1,0
0,0,-0.1545228838,-0.4281264499,2,0
0,0,-0.2969393981,-1.424165143,0,0
0,0,-0.4040205385,-1.070811404,0,0
0,0,-0.4849588514,-0.8093831287,0,0
0,0,-0.5685015749,-0.8354272344,2,0
0,0,-0.8190082574,-2.505066826,1,0
0,0,-1.189294012,-3.702857541,0,-1
1,1,-1.668107489,-4.788134776
0,0,0,0,1,0
0,0,-0.008290937566,-0.08290937566,2,0
0,0,-0.1082840755,-0.9999313795,0,0
0,0,-0.1480850329,-0.3980095735,0,0
0,0,-0.1210034132,0.270816197,1,0
0,0,-0.1278401593,-0.06836746147,2,0
0,0,-0.2612570298,-1.334168705,1,0
0,0,-0.4415944538,-1.80337424,1,0
0,0,-0.6910584086,-2.494639548,1,0
0,0,-1.037152763,-3.460943541,0,0
0,0,-1.459324574,-4.221718114,2,-1
1,1,-2.032922341,-5.735977664
0,0,0,0,2,0
0,0,-0.08239288667,-0.8239288667,0,0
0,0,-0.091626039,-0.09233152328,2,0
0,0,-0.19454079,-1.02914751,0,0
0,0,-0.2327293688,-0.381885788,2,0
0,0,-0.385654865,-1.529254962,1,0
0,0,-0.6149045992,-2.292497342,1,0
0,0,-0.9359713308,-3.210667316,2,0
0,0,-1.412940615,-4.769692839,1,-1
1,1,-2.029323905,-6.163832908
0,0,0,0,2,0
0,0,-0.07196885818,-0.7196885818,0,0
0,0,-0.05926157297,0.1270728521,1,0
0,0,-0.05497342426,0.04288148712,1,0
0,0,-0.04492915513,0.1004426913,0,0
0,0,0.04646332091,0.9139247604,1,0
0,0,0.1516545621,1.051912412,2,0
0,0,0.1838385267,0.321839646,0,0
0,0,0.3341730321,1.503345053,0,0
0,0,0.6046545765,2.704815445,1,0
0,0,0.9497215175,3.45066941,1,0
0,0,1.41542598,4.657044622,1,-1
1,1,2.020120776,6.046947967
0,0,0,0,1,0
0,0,0.007950370094,0.07950370094,2,0
0,0,-0.05810942499,-0.6605979508,2,0
0,0,-0.2060470452,-1.479376202,2,0
0,0,-0.4730133428,-2.669662977,0,0
0,0,-0.7434317948,-2.704184519,1,0
0,0,-1.104849182,-3.614173869,1,-1
1,1,-1.596271839,-4.91422657
0,0,0,0,2,0
0,0,-0.09224083822,-0.9224083822,0,0
0,0,-0.1206499126,-0.2840907433,1,0
0,0,-0.1657648204,-0.4511490789,0,0
0,0,-0.1364931758,0.2927164466,2,0
0,0,-0.2266610912,-0.9016791538,2,0
0,0,-0.4453900708,-2.187289796,0,0
0,0,-0.6504490052,-2.050589344,1,0
0,0,-0.9571356961,-3.066866909,2,0
0,0,-1.43368769,-4.765519943,1,-1
1,1,-2.049915927,-6.162282364
0,0,0,0,2,0
0,0,-0.08588497784,-0.8588497784,2,0
0,0,-0.2571392353,-1.712542575,0,0
0,0,-0.3815791024,-1.244398671,2,0
0,0,-0.6605890686,-2.790099663,1,0
0,0,-1.034886112,-3.742970431,1,0
0,0,-1.534751249,-4.998651378,2,-1
1,1,-2.183264362,-6.485131128
0,0,0,0,2,0
0,0,-0.09115001583,-0.9115001583,0,0
0,0,-0.1149540836,-0.2380406777,0,0
0,0,-0.08037709194,0.3457699166,1,0
0,0,-0.05536118171,0.2501591023,2,0
0,0,-0.1128473352,-0.5748615353,0,0
0,0,-0.1071484348,0.05698900481,1,0
0,0,-0.134960204,-0.2781176926,2,0
0,0,-0.2856434481,-1.506832441,2,0
0,0,-0.5822143704,-2.965709223,0,0
0,0,-0.8794885323,-2.972741619,0,0
0,0,-1.235356858,-3.558683255,0,-1
1,1,-1.701604716,-4.662478581
0,0,0,0,2,0
0,0,-0.09153340665,-0.9153340665,0,0
0,0,-0.1062979893,-0.1476458267,1,0
0,0,-0.1361635687,-0.2986557939,0,0
0,0,-0.09236196466,0.4380160405,0,0
0,0,0.01986157475,1.122235394,0,0
0,0,0.2353360609,2.154744861,0,0
0,0,0.5673065594,3.319704985,0,0
0,0,1.042454175,4.751476159,2,-1
1,1,1.595745328,5.532911523
0,0,0,0,0,0
0,0,0.08211235668,0.8211235668,0,0
0,0,0.263501165,1.813888084,2,0
0,0,0.4143397413,1.508385762,0,0
0,0,0.6953924131,2.810526718,1,0
0,0,1.069733192,3.743407788,0,-1
1,1,1.601199749,5.314665576
0,0,0,0,2,0
0,0,-0.09538260316,-0.9538260316,0,0
0,0,-0.1262262529,-0.3084364972,1,0
0,0,-0.1904313625,-0.6420510958,2,0
0,0,-0.3570552225,-1.666238601,0,0
0,0,-0.5075617733,-1.505065508,1,0
0,0,-0.7300926742,-2.225309009,1,0
0,0,-1.051119391,-3.21026717,2,0
0,0,-1.537980967,-4.868615759,2,-1
1,1,-2.172698976,-6.347180086
0,0,0,0,2,0
0,0,-0.08809756214,-0.8809756214,2,0
0,0,-0.2911006544,-2.030030923,2,0
0,0,-0.6162516897,-3.251510353,1,0
0,0,-1.030450987,-4.141992976,1,0
0,0,-1.55897631,-5.285253232,1,-1
1,1,-2.234176251,-6.751999406
0,0,0,0,1,0
0,0,-0.009965354794,-0.09965354794,2,0
0,0,-0.0936730124,-0.8370765761,2,0
0,0,-0.2906249366,-1.969519242,2,0
0,0,-0.6073225268,-3.166975901,0,0
0,0,-0.93849658,-3.311740532,0,0
0,0,-1.334037481,-3.955409009,1,-1
1,1,-1.865567626,-5.315301454
0,0,0,0,2,0
0,0,-0.09711654633,-0.9711654633,1,0
0,0,-0.2083892972,-1.112727509,0,0
0,0,-0.2798063543,-0.714170571,1,0
0,0,-0.3900569097,-1.102505554,2,0
0,0,-0.6319621764,-2.419052667,2,0
0,0,-1.028162784,-3.962006079,0,0
0,0,-1.497972972,-4.698101873,1,-1
1,1,-2.111124192,-6.131512208
0,0,0,0,1,0
0,0,0.01655666347,0.1655666347,1,0
0,0,0.02056449722,0.04007833748,0,0
0,0,0.1284231113,1.078586141,2,0
0,0,0.1739117011,0.4548858975,0,0
0,0,0.3468047956,1.728930945,2,0
0,0,0.490417736,1.436129405,1,0
0,0,0.7123148765,2.218971404,1,0
0,0,1.046644371,3.34329495,2,0
0,0,1.468459015,4.218146439,1,-1
1,1,2.033342684,5.648836691
0,0,0,0,2,0
0,0,-0.1011203952,-1.011203952,1,0
0,0,-0.233751518,-1.326311228,1,0
0,0,-0.4164140836,-1.826625655,0,0
0,0,-0.588250561,-1.718364774,2,0
0,0,-0.9321690866,-3.439185256,2,0
0,0,-1.432656054,-5.004869675,0,-1
1,1,-2.063625642,-6.309695877
0,0,0,0,1,0
0,0,-0.007637175044,-0.07637175044,1,0
0,0,-0.004194528037,0.03442647007,1,0
0,0,0.001361883847,0.05556411884,1,0
0,0,0.0227137422,0.2135185835,0,0
0,0,0.1470279335,1.243141913,1,0
0,0,0.312279793,1.652518595,1,0
0,0,0.5332379644,2.209581714,2,0
0,0,0.7603028029,2.270648385,1,0
0,0,1.094536395,3.342335919,2,0
0,0,1.516766024,4.222296292,0,-1
1,1,2.087951937,5.711859131
0,0,0,0,2,0
0,0,-0.08237502318,-0.8237502318,2,0
0,0,-0.2820305197,-1.996554965,2,0
0,0,-0.6071894096,-3.251588899,0,0
0,0,-0.9565864224,-3.493970129,2,0
0,0,-1.462664167,-5.060777445,1,-1
1,1,-2.111038463,-6.483742957
0,0,0,0,1,0
0,0,0.0124628613,0.124628613,0,0
0,0,0.1105469979,0.980841366,2,0
0,0,0.1560122051,0.4546520723,2,0
0,0,0.1561391257,0.001269205856,1,0
0,0,0.1883767608,0.3223763508,1,0
0,0,0.2439942214,0.5561746057,0,0
0,0,0.4234829442,1.794887228,1,0
0,0,0.6680265564,2.445436122,2,0
0,0,0.9414007619,2.733742055,2,0
0,0,1.290424631,3.490238695,1,-1
1,1,1.779547267,4.891226359
0,0,0,0,2,0
0,0,-0.07724491538,-0.7724491538,2,0
0,0,-0.2587972789,-1.815523635,0,0
0,0,-0.3821710076,-1.233737287,1,0
0,0,-0.567449236,-1.852782283,1,0
0,0,-0.8442424923,-2.767932563,1,0
0,0,-1.228928223,-3.846857307,0,-1
1,1,-1.720007791,-4.910795677
0,0,0,0,1,0
0,0,0.01188683173,0.1188683173,1,0
0,0,0.02177746744,0.09890635713,1,0
0,0,0.04397861413,0.2220114669,2,0
0,0,-0.009237993504,-0.5321660763,0,0
0,0,0.01248854365,0.2172653716,1,0
0,0,0.03181550754,0.1932696389,2,0
0,0,-0.02612172294,-0.5793723049,0,0
0,0,0.0008583014894,0.2698002443,1,0
0,0,0.0365662202,0.3570791871,0,0
0,0,0.1804156373,1.438494171,2,0
0,0,0.268456875,0.8804123771,2,0
0,0,0.3062147266,0.3775785161,1,0
0,0,0.3851656623,0.7895093568,1,0
0,0,0.5339569314,1.487912692,1,0
0,0,0.769449409,2.354924776,2,0
0,0,1.042324234,2.728748253,2,0
0,0,1.397918425,3.555941911,1,-1
1,1,1.894827163,4.969087375
0,0,0,0,1,0
0,0,0.008297576368,0.08297576368,0,0
0,0,0.1063381157,0.9804053928,0,0
0,0,0.3240901527,2.177520371,1,0
0,0,0.5798209457,2.55730793,0,0
0,0,0.9797698726,3.999489268,2,0
0,0,1.450089289,4.703194166,2,-1
1,1,2.055005076,6.049157869
0,0,0,0,1,0
0,0,0.006765202633,0.06765202633,0,0
0,0,0.1022656944,0.9550049182,2,0
0,0,0.1177461206,0.1548042611,2,0
0,0,0.07172631813,-0.4601980243,2,0
0,0,-0.04952138366,-1.212477018,2,0
0,0,-0.2683597203,-2.188383366,1,0
0,0,-0.5285627396,-2.602030193,2,0
0,0,-0.9336246799,-4.050619403,1,0
0,0,-1.448002151,-5.143774712,0,-1
1,1,-2.095600233,-6.475980821
0,0,0,0,1,0
0,0,-0.003272992292,-0.03272992292,2,0
0,0,-0.1010465729,-0.9777358064,1,0
0,0,-0.2201051675,-1.190585945,0,0
0,0,-0.3038150545,-0.8370988703,1,0
0,0,-0.4458798711,-1.420648166,0,0
0,0,-0.5886798666,-1.427999955,2,0
0,0,-0.8858474823,-2.971676157,2,0
0,0,-1.339898722,-4.5405124,2,-1
1,1,-1.95121961,-6.113208881
0,0,0,0,1,0
0,0,0.009119234435,0.09119234435,0,0
0,0,0.09856659532,0.8944736089,2,0
0,0,0.1337909094,0.3522431407,1,0
0,0,0.2049416557,0.711507463,0,0
0,0,0.3955399973,1.905983416,2,0
0,0,0.5754978132,1.79957816,1,0
0,0,0.8360804618,2.605826486,0,0
0,0,1.261194076,4.251136143,1,-1
1,1,1.823894425,5.627003485
0,0,0,0,0,0
0,0,0.07746720009,0.7746720009,1,0
0,0,0.1633952248,0.8592802471,2,0
0,0,0.1746439913,0.1124876649,0,0
0,0,0.295415297,1.207713057,2,0
0,0,0.3799525893,0.8453729231,0,0
0,0,0.6201872315,2.402346422,1,0
0,0,0.9434089545,3.232217231,1,0
0,0,1.385553739,4.421447844,1,-1
1,1,1.969223509,5.836697698
0,0,0,0,0,0
0,0,0.09598814495,0.9598814495,2,0
0,0,0.1264400271,0.3045188211,1,0
0,0,0.1621615909,0.3572156381,2,0
0,0,0.1550129203,-0.07148670584,2,0
0,0,0.07766303565,-0.7734988464,1,0
0,0,0.03011415653,-0.4754887912,0,0
0,0,0.06155156163,0.314374051,1,0
0,0,0.1094245917,0.4787303011,0,0
0,0,0.2700816925,1.606571008,2,0
0,0,0.4064318311,1.363501386,2,0
0,0,0.5222581932,1.158263621,0,0
0,0,0.7850296719,2.627714786,2,0
0,0,1.095597533,3.105678613,2,0
0,0,1.500465335,4.048678023,0,-1
1,1,2.055405775,5.549404398
0,0,0,0,1,0
0,0,0.01601171012,0.1601171012,1,0
0,0,0.02304065843,0.07028948305,1,0
0,0,0.04366596445,0.2062530602,2,0
0,0,-0.02657407309,-0.7024003754,1,0
0,0,-0.1022106771,-0.7563660403,2,0
0,0,-0.2766853821,-1.74474705,1,0
0,0,-0.5050669719,-2.283815898,0,0
0,0,-0.7447090959,-2.396421241,2,0
0,0,-1.137842655,-3.931335589,1,-1
1,1,-1.65281563,-5.149729751
0,0,0,0,0,0
0,0,0.07873057982,0.7873057982,2,0
0,0,0.09712484474,0.1839426492,2,0
0,0,0.0277742454,-0.6935059934,1,0
0,0,-0.03151002176,-0.5928426716,0,0
0,0,0.008389510505,0.3989953226,2,0
0,0,-0.05043197198,-0.5882148249,2,0
0,0,-0.2086869064,-1.582549344,0,0
0,0,-0.3327300916,-1.240431853,0,0
0,0,-0.4452118396,-1.12481748,2,0
0,0,-0.7185551738,-2.733433342,2,0
0,0,-1.153020812,-4.344656379,1,-1
1,1,-1.717322408,-5.643015963
0,0,0,0,0,0
0,0,0.104694872,1.04694872,1,0
0,0,0.2392695741,1.34574702,0,0
0,0,0.5056611751,2.663916011,2,0
0,0,0.769615021,2.639538459,2,0
0,0,1.072958377,3.033433558,2,0
0,0,1.460588801,3.876304238,0,-1
1,1,1.998928214,5.38339413
0,0,0,0,2,0
0,0,-0.0923250128,-0.923250128,1,0
0,0,-0.2170712817,-1.247462689,2,0
0,0,-0.4634400176,-2.463687359,1,0
0,0,-0.7776460929,-3.142060752,1,0
0,0,-1.204578501,-4.269324081,1,-1
1,1,-1.765017263,-5.604387622
0,0,0,0,0,0
0,0,0.08277434268,0.8277434268,1,0
0,0,0.1671649099,0.8439056726,0,0
0,0,0.3549229562,1.877580463,1,0
0,0,0.6065444134,2.516214571,1,0
0,0,0.9391864083,3.326419949,2,0
0,0,1.343528552,4.04342144,2,-1
1,1,1.867648962,5.241204097
0,0,0,0,1,0
0,0,0.01472539376,0.1472539376,2,0
0,0,-0.05498233371,-0.6970772747,0,0
0,0,-0.05641357062,-0.0143123691,1,0
0,0,-0.07379623796,-0.1738266734,0,0
0,0,-0.0001056018212,0.7369063614,0,0
0,0,0.1502108343,1.503164361,1,0
0,0,0.3147184483,1.64507614,0,0
0,0,0.6252812626,3.105628143,2,0
0,0,0.9652400683,3.399588057,0,0
0,0,1.472861902,5.076218339,1,-1
1,1,2.124591284,6.517293823
0,0,0,0,0,0
0,0,0.09149132147,0.9149132147,1,0
0,0,0.2161580752,1.246667537,2,0
0,0,0.3082093081,0.9205123296,1,0
0,0,0.4384748821,1.30265574,2,0
0,0,0.5522042617,1.137293796,2,0
0,0,0.6768111377,1.24606876,2,0
0,0,0.8443588512,1.675477135,0,0
0,0,1.191202265,3.468434138,1,-1
1,1,1.673712216,4.825099507
0,0,0,0,2,0
0,0,-0.07562803453,-0.7562803453,2,0
0,0,-0.2556873966,-1.800593621,2,0
0,0,-0.5559541754,-3.002667788,2,0
0,0,-1.0120375,-4.560833243,1,-1
1,1,-1.57974007,-5.677025703
