2,1,1
0,0,0,0,2,0
0,0,-0.07856687456,-0.7856687456,2,0
0,0,-0.2618487445,-1.8328187,0,0
0,0,-0.3910992798,-1.292505353,0,0
0,0,-0.5113528304,-1.202535506,2,0
0,0,-0.7902033507,-2.788505203,2,0
0,0,-1.227319169,-4.371158185,1,-1
1,1,-1.798751207,-5.714320378
0,0,0,0,0,0
0,0,0.09661957647,0.9661957647,0,0
0,0,0.3043464654,2.077268889,0,0
0,0,0.6508037002,3.464572349,2,0
0,0,1.018756172,3.679524716,1,0
0,0,1.515845633,4.970894612,1,-1
1,1,2.157351432,6.41505799
0,0,0,0,0,0
0,0,0.07320225293,0.7320225293,0,0
0,0,0.2388967588,1.656945058,1,0
0,0,0.4359706375,1.970738787,1,0
0,0,0.7084315541,2.724609166,2,0
0,0,1.017095488,3.08663934,0,0
0,0,1.495921866,4.788263777,0,-1
1,1,2.124869673,6.289478072
0,0,0,0,0,0
0,0,0.09389343054,0.9389343054,0,0
0,0,0.3087877764,2.148943459,2,0
0,0,0.4918425735,1.830547971,0,0
0,0,0.8117445597,3.199019862,1,0
0,0,1.241250176,4.295056161,2,-1
1,1,1.778593521,5.37343345
0,0,0,0,0,0
0,0,0.07264333505,0.7264333505,1,0
0,0,0.1529102875,0.8026695247,2,0
0,0,0.1565140343,0.03603746785,0,0
0,0,0.2782849756,1.217709413,0,0
0,0,0.5244041173,2.461191417,2,0
0,0,0.7879894205,2.635853031,2,0
0,0,1.091545474,3.035560539,2,0
0,0,1.483664309,3.921188351,1,-1
1,1,2.021624563,5.379602534
0,0,0,0,0,0
0,0,0.08320227202,0.8320227202,2,0
0,0,0.09787393642,0.146716644,0,0
0,0,0.2202080975,1.223341611,2,0
0,0,0.3006412119,0.8043311433,1,0
0,0,0.4234014513,1.227602395,1,0
0,0,0.6253828539,2.019814025,1,0
0,0,0.9245850132,2.992021593,0,0
0,0,1.392768308,4.681832952,0,-1
1,1,2.011861688,6.190933795
0,0,0,0,1,0
0,0,0.0007736964196,0.007736964196,2,0
0,0,-0.07089320499,-0.7166690141,0,0
0,0,-0.08232607542,-0.1143287043,0,0
0,0,-0.03389952318,0.4842655225,1,0
0,0,0.009813079898,0.4371260307,0,0
0,0,0.1595383017,1.497252218,0,0
0,0,0.4162830778,2.567447761,2,0
0,0,0.6649368742,2.486537964,2,0
0,0,0.9515303681,2.865934939,1,0
0,0,1.350103997,3.985736291,1,-1
1,1,1.886355659,5.362516617
0,0,0,0,1,0
0,0,0.005712264962,0.05712264962,1,0
0,0,0.01248515861,0.06772893649,0,0
0,0,0.0987219253,0.8623676668,2,0
0,0,0.1305363986,0.3181447332,2,0
0,0,0.09088856985,-0.3964782877,1,0
0,0,0.08084439325,-0.1004417661,0,0
0,0,0.1572048705,0.7636047728,0,0
0,0,0.3360768932,1.788720227,1,0
0,0,0.5767137142,2.40636821,2,0
0,0,0.826277144,2.495634298,0,0
0,0,1.237682695,4.114055505,1,-1
1,1,1.780934687,5.432519922
0,0,0,0,2,0
0,0,-0.08135628401,-0.8135628401,0,0
0,0,-0.08653903351,-0.05182749497,0,0
0,0,-0.02241149451,0.64127539,1,0
0,0,0.05284723142,0.7525872593,2,0
0,0,0.04893522456,-0.03912006861,0,0
0,0,0.1440159439,0.9508071934,0,0
0,0,0.3514861528,2.074702088,0,0
0,0,0.6883372088,3.36851056,2,0
0,0,1.061068179,3.727309701,0,-1
1,1,1.602933178,5.418649991
0,0,0,0,1,0
0,0,-0.005545164439,-0.05545164439,1,0
0,0,-0.0113341696,-0.0578900516,2,0
0,0,-0.1125437384,-1.012095688,1,0
0,0,-0.2173874278,-1.048436894,1,0
0,0,-0.3620707721,-1.446833443,1,0
0,0,-0.5555400106,-1.934692385,2,0
0,0,-0.9019384672,-3.463984565,0,0
0,0,-1.318976804,-4.170383364,0,-1
1,1,-1.858122075,-5.39145271
0,0,0,0,0,0
0,0,0.07525987173,0.7525987173,1,0
0,0,0.1730243355,0.9776446375,0,0
0,0,0.3869955449,2.139712094,2,0
0,0,0.5891371219,2.02141577,1,0
0,0,0.8825285641,2.933914422,2,0
0,0,1.23508502,3.525564562,2,-1
1,1,1.697809412,4.627243916
0,0,0,0,1,0
0,0,-0.01574576727,-0.1574576727,0,0
0,0,0.04778123395,0.6352700122,1,0
0,0,0.1308700466,0.8308881266,2,0
0,0,0.1571683268,0.2629828019,1,0
0,0,0.2009058524,0.437375256,0,0
0,0,0.3710546625,1.701488101,0,0
0,0,0.6673164994,2.962618369,1,0
0,0,1.056201982,3.888854822,1,0
0,0,1.565293966,5.090919843,0,-1
1,1,2.221591687,6.56297721
0,0,0,0,2,0
0,0,-0.07879383648,-0.7879383648,1,0
0,0,-0.16710144,-0.8830760348,2,0
0,0,-0.3829801142,-2.158786742,1,0
0,0,-0.6736719861,-2.906918719,1,0
0,0,-1.054084595,-3.804126085,0,0
0,0,-1.526345259,-4.72260664,0,-1
1,1,-2.141234586,-6.148893271
0,0,0,0,2,0
0,0,-0.07618706079,-0.7618706079,0,0
0,0,-0.0606345727,0.1555248808,1,0
0,0,-0.04840208062,0.1223249209,2,0
0,0,-0.1486666015,-1.002645209,1,0
0,0,-0.2869853457,-1.383187442,1,0
0,0,-0.483295332,-1.963099863,2,0
0,0,-0.8193052188,-3.360098868,0,0
0,0,-1.198429925,-3.791247064,1,-1
1,1,-1.711431481,-5.13001556
0,0,0,0,1,0
0,0,-0.01449313231,-0.1449313231,2,0
0,0,-0.1152346713,-1.007415389,1,0
0,0,-0.2347559212,-1.1952125,0,0
0,0,-0.2916408549,-0.5688493363,1,0
0,0,-0.3858584465,-0.9421759165,0,0
0,0,-0.4523624139,-0.6650396736,2,0
0,0,-0.6629708739,-2.1060846,1,0
0,0,-0.9774751666,-3.145042927,0,0
0,0,-1.372581947,-3.951067804,1,-1
1,1,-1.908607933,-5.360259864
0,0,0,0,0,0
0,0,0.07667815066,0.7667815066,1,0
0,0,0.1559551951,0.7927704442,0,0
0,0,0.3343967974,1.784416024,0,0
0,0,0.6466942515,3.122974541,0,0
0,0,1.111250706,4.645564541,1,-1
1,1,1.698952655,5.877019497
0,0,0,0,0,0
0,0,0.07659699834,0.7659699834,0,0
0,0,0.2464992277,1.699022293,2,0
0,0,0.3790668451,1.325676174,0,0
0,0,0.6480216101,2.68954765,2,0
0,0,0.9492867217,3.012651116,2,0
0,0,1.32852572,3.792389986,0,-1
1,1,1.863457801,5.349320806
0,0,0,0,2,0
0,0,-0.1006267356,-1.006267356,0,0
0,0,-0.1146473037,-0.1402056812,1,0
0,0,-0.1347077976,-0.2006049391,1,0
0,0,-0.1862375292,-0.5152973156,2,0
0,0,-0.3406326925,-1.543951633,1,0
0,0,-0.5597354738,-2.191027814,1,0
0,0,-0.8546822816,-2.949468078,2,0
0,0,-1.311444025,-4.56761743,2,-1
1,1,-1.925819249,-6.143752246
0,0,0,0,0,0
0,0,0.08575884812,0.8575884812,2,0
0,0,0.1158275768,0.3006872873,0,0
0,0,0.2702108516,1.543832748,2,0
0,0,0.3855662055,1.153553539,2,0
0,0,0.4828002499,0.9723404437,0,0
0,0,0.7361048011,2.533045513,1,0
0,0,1.102709819,3.666050179,1,-1
1,1,1.59028177,4.875719515
0,0,0,0,2,0
0,0,-0.07467300578,-0.7467300578,1,0
0,0,-0.1602498782,-0.8557687246,1,0
0,0,-0.2635906633,-1.033407851,1,0
0,0,-0.4016118626,-1.380211993,1,0
0,0,-0.5888858732,-1.872740105,0,0
0,0,-0.7998006074,-2.109147342,0,0
0,0,-1.065080995,-2.652803877,2,0
0,0,-1.500897623,-4.358166275,1,-1
1,1,-2.081772115,-5.80874492
0,0,0,0,1,0
0,0,-0.008114477204,-0.08114477204,2,0
0,0,-0.09104606687,-0.8293158966,0,0
0,0,-0.08432397384,0.06722093026,0,0
0,0,0.0003082104477,0.8463218429,1,0
0,0,0.08152055925,0.8121234881,1,0
0,0,0.18740482,1.058842608,2,0
0,0,0.2221065283,0.3470170826,0,0
0,0,0.3743954132,1.522888849,1,0
0,0,0.5854142658,2.110188526,2,0
0,0,0.8049914266,2.195771608,2,0
0,0,1.074332412,2.693409859,2,0
0,0,1.428662724,3.543303112,2,-1
1,1,1.915119464,4.864567404
0,0,0,0,2,0
0,0,-0.1024875956,-1.024875956,1,0
0,0,-0.2393005731,-1.368129775,2,0
0,0,-0.5115073048,-2.722067317,2,0
0,0,-0.9420408655,-4.305335607,1,0
0,0,-1.490325287,-5.482844213,1,-1
1,1,-2.182032035,-6.917067484
0,0,0,0,0,0
0,0,0.0741670234,0.741670234,1,0
0,0,0.1614830317,0.873160083,1,0
0,0,0.2650044197,1.03521388,2,0
0,0,0.3282871963,0.6328277662,0,0
0,0,0.5157175577,1.874303614,1,0
0,0,0.7941362852,2.784187274,0,0
0,0,1.243497713,4.493614283,0,-1
1,1,1.846367626,6.028699123
0,0,0,0,0,0
0,0,0.08611427187,0.8611427187,2,0
0,0,0.09222188848,0.06107616617,2,0
0,0,0.01552351553,-0.7669837295,1,0
0,0,-0.07449407439,-0.9001758992,0,0
0,0,-0.08046861882,-0.0597454443,0,0
0,0,-0.0137269616,0.6674165722,2,0
0,0,-0.03561058064,-0.2188361905,1,0
0,0,-0.08027144066,-0.4466086002,2,0
0,0,-0.2161390284,-1.358675877,1,0
0,0,-0.3740356741,-1.578966458,2,0
0,0,-0.6782076659,-3.041719918,1,0
0,0,-1.063556119,-3.85348453,2,-1
1,1,-1.606934173,-5.433780542
0,0,0,0,2,0
0,0,-0.09837508575,-0.9837508575,0,0
0,0,-0.1107381399,-0.1236305416,1,0
0,0,-0.1370388033,-0.2630066337,1,0
0,0,-0.1757438961,-0.3870509283,1,0
0,0,-0.2583436449,-0.8259974874,1,0
0,0,-0.3745734205,-1.162297756,2,0
0,0,-0.6404267775,-2.65853357,2,0
0,0,-1.06622696,-4.258001828,2,-1
1,1,-1.651260484,-5.850335238
0,0,0,0,0,0
0,0,0.1014480264,1.014480264,1,0
0,0,0.2248008071,1.233527807,1,0
0,0,0.3956342078,1.708334007,0,0
0,0,0.7096258322,3.139916245,1,0
0,0,1.111402273,4.01776441,1,-1
1,1,1.642564164,5.311618906
0,0,0,0,1,0
0,0,-0.01251590598,-0.1251590598,0,0
0,0,0.04506320653,0.5757911251,0,0
0,0,0.2137535176,1.686903111,2,0
0,0,0.3400310578,1.262775402,0,0
0,0,0.6100123804,2.699813226,1,0
0,0,0.9561496397,3.461372593,1,0
0,0,1.427848031,4.716983917,1,-1
1,1,2.039522114,6.116740827
0,0,0,0,2,0
0,0,-0.1033798674,-1.033798674,1,0
0,0,-0.2148549002,-1.114750328,2,0
0,0,-0.4642054827,-2.493505825,1,0
0,0,-0.7926615796,-3.284560969,2,0
0,0,-1.279158789,-4.86497209,2,-1
1,1,-1.91886273,-6.397039417
0,0,0,0,1,0
0,0,0.001862880485,0.01862880485,2,0
0,0,-0.09681721803,-0.9868009852,0,0
0,0,-0.1233934641,-0.265762461,2,0
0,0,-0.2493915784,-1.259981143,2,0
0,0,-0.5040087938,-2.546172154,1,0
0,0,-0.8460280196,-3.420192258,1,0
0,0,-1.286171635,-4.401436152,0,-1
1,1,-1.843409585,-5.572379503
0,0,0,0,0,0
0,0,0.0906323695,0.906323695,1,0
0,0,0.1912592047,1.006268352,0,0
0,0,0.3989146024,2.076553977,0,0
0,0,0.7536561017,3.547414993,0,0
0,0,1.271225082,5.1756898,0,-1
1,1,1.942542521,6.713174391
0,0,0,0,2,0
0,0,-0.07151217264,-0.7151217264,0,0
0,0,-0.0642208056,0.0729136704,2,0
0,0,-0.1693603218,-1.051395162,0,0
0,0,-0.2204069991,-0.5104667727,0,0
0,0,-0.2181082829,0.02298716154,1,0
0,0,-0.267729217,-0.4962093407,2,0
0,0,-0.45198844,-1.84259223,0,0
0,0,-0.6350590984,-1.830706584,0,0
0,0,-0.8443989146,-2.093398161,1,0
0,0,-1.171640042,-3.27241127,2,-1
1,1,-1.657699134,-4.86059092
0,0,0,0,0,0
0,0,0.1006207915,1.006207915,0,0
0,0,0.3056586536,2.050378621,1,0
0,0,0.5519927844,2.463341307,0,0
0,0,0.9438854732,3.918926888,1,0
0,0,1.440639362,4.967538892,0,-1
1,1,2.087551489,6.469121262
0,0,0,0,2,0
0,0,-0.0924650759,-0.924650759,2,0
0,0,-0.2791256016,-1.866605257,2,0
0,0,-0.6056044315,-3.264788299,2,0
0,0,-1.076006536,-4.704021045,1,-1
1,1,-1.661671336,-5.856648
0,0,0,0,2,0
0,0,-0.09013045278,-0.9013045278,0,0
0,0,-0.100145965,-0.1001551222,1,0
0,0,-0.1369940737,-0.3684810865,2,0
0,0,-0.2821044896,-1.451104159,1,0
0,0,-0.4755413872,-1.934368977,1,0
0,0,-0.7373064774,-2.617650902,0,0
0,0,-1.028833693,-2.915272152,0,0
0,0,-1.411151578,-3.823178857,2,-1
1,1,-1.949402364,-5.382507857
0,0,0,0,1,0
0,0,-0.000700746456,-0.00700746456,0,0
0,0,0.07829851243,0.7899925888,2,0
0,0,0.08544570657,0.07147194141,2,0
0,0,0.02024608177,-0.651996248,1,0
0,0,-0.025203617,-0.4544969878,1,0
0,0,-0.06343700789,-0.3823339088,1,0
0,0,-0.1147476813,-0.5131067339,1,0
0,0,-0.1880112759,-0.7326359459,1,0
0,0,-0.3027180104,-1.147067345,0,0
0,0,-0.3954232977,-0.9270528728,1,0
0,0,-0.552142439,-1.567191413,0,0
0,0,-0.7111908115,-1.590483725,0,0
0,0,-0.9106287711,-1.994379596,2,0
0,0,-1.288111269,-3.774824979,1,-1
1,1,-1.802590752,-5.14479483
0,0,0,0,1,0
0,0,-0.01514456584,-0.1514456584,2,0
0,0,-0.1097365996,-0.945920338,1,0
0,0,-0.2349418633,-1.252052637,1,0
0,0,-0.4073618384,-1.72419975,1,0
0,0,-0.6403824222,-2.330205838,2,0
0,0,-1.041986116,-4.016036933,2,-1
1,1,-1.602222942,-5.602368266
0,0,0,0,0,0
0,0,0.09732170615,0.9732170615,0,0
0,0,0.2933578297,1.960361235,2,0
0,0,0.4433673168,1.500094872,0,0
0,0,0.7287027893,2.853354725,0,0
0,0,1.183518065,4.548152761,1,-1
1,1,1.764485635,5.809675692
0,0,0,0,1,0
0,0,0.01246914652,0.1246914652,2,0
0,0,-0.06135129622,-0.7382044274,1,0
0,0,-0.1610910756,-0.9973977937,1,0
0,0,-0.2887659088,-1.276748332,1,0
0,0,-0.4717231248,-1.829572159,1,0
0,0,-0.7233946668,-2.51671542,0,0
0,0,-1.00312507,-2.797304035,1,0
0,0,-1.414446072,-4.113210016,0,-1
1,1,-1.955513053,-5.41066981
0,0,0,0,2,0
0,0,-0.07436681776,-0.7436681776,2,0
0,0,-0.2511815047,-1.768146869,0,0
0,0,-0.3814333252,-1.302518205,2,0
0,0,-0.6656085425,-2.841752173,2,0
0,0,-1.116693083,-4.510845402,0,-1
1,1,-1.662863103,-5.461700198
0,0,0,0,0,0
0,0,0.0792845042,0.792845042,0,0
0,0,0.2464220099,1.671375057,0,0
0,0,0.533328478,2.86906468,2,0
0,0,0.8298647647,2.965362867,1,0
0,0,1.240550767,4.106860024,1,-1
1,1,1.786918428,5.463676612
0,0,0,0,2,0
0,0,-0.090876496,-0.90876496,2,0
0,0,-0.2936355403,-2.027590443,0,0
0,0,-0.444442209,-1.508066687,2,0
0,0,-0.7476388516,-3.031966427,0,0
0,0,-1.088327631,-3.406887789,1,0
0,0,-1.557868485,-4.695408546,2,-1
1,1,-2.174776164,-6.169076792
0,0,0,0,0,0
0,0,0.07641307843,0.7641307843,2,0
0,0,0.07309688286,-0.03316195568,1,0
0,0,0.08929313305,0.1619625018,1,0
0,0,0.1206215965,0.3132846341,2,0
0,0,0.100757602,-0.198639945,2,0
0,0,-0.001603418853,-1.023610208,2,0
0,0,-0.1960941627,-1.944907438,0,0
0,0,-0.3495060437,-1.53411881,1,0
0,0,-0.568051553,-2.185455094,0,0
0,0,-0.7877527154,-2.197011624,1,0
0,0,-1.122370675,-3.346179595,1,-1
1,1,-1.593221161,-4.708504861
0,0,0,0,0,0
0,0,0.08121169564,0.8121169564,0,0
0,0,0.2488946125,1.676829168,0,0
0,0,0.5571767265,3.08282114,0,0
0,0,1.012568169,4.553914428,0,-1
1,1,1.623758913,6.111907433
0,0,0,0,2,0
0,0,-0.0829702637,-0.829702637,1,0
0,0,-0.1940082597,-1.11037996,2,0
0,0,-0.431159056,-2.371507963,0,0
0,0,-0.6611870659,-2.3002801,0,0
0,0,-0.9287130471,-2.675259811,0,0
0,0,-1.269396161,-3.406831137,1,-1
1,1,-1.750722245,-4.81326084
0,0,0,0,0,0
0,0,0.08274237461,0.8274237461,2,0
0,0,0.07959007541,-0.03152299203,2,0
0,0,-1.04347197e-05,-0.7960051013,1,0
0,0,-0.06764683498,-0.6763640026,2,0
0,0,-0.2203884713,-1.527416363,2,0
0,0,-0.4811675805,-2.607791091,0,0
0,0,-0.7250403912,-2.438728108,2,0
0,0,-1.123480028,-3.984396367,2,-1
1,1,-1.679084981,-5.556049534
0,0,0,0,0,0
0,0,0.07193768487,0.7193768487,2,0
0,0,0.05194597473,-0.1999171014,2,0
0,0,-0.03589460692,-0.8784058166,0,0
0,0,-0.04525115719,-0.09356550263,1,0
0,0,-0.05435104417,-0.09099886988,1,0
0,0,-0.06695321272,-0.1260216855,0,0
0,0,0.009164521198,0.7611773392,1,0
0,0,0.07719737532,0.6803285412,1,0
0,0,0.1713195636,0.9412218831,0,0
0,0,0.3927751974,2.214556338,2,0
0,0,0.611305785,2.185305875,2,0
0,0,0.8385222271,2.272164421,2,0
0,0,1.133403731,2.948815036,1,0
0,0,1.557245944,4.238422138,1,-1
1,1,2.127559668,5.703137232
0,0,0,0,2,0
0,0,-0.09213155493,-0.9213155493,0,0
0,0,-0.1248988084,-0.3276725342,1,0
0,0,-0.1720524029,-0.4715359451,0,0
0,0,-0.1640543623,0.07998040532,2,0
0,0,-0.2748574242,-1.108030619,1,0
0,0,-0.4260301976,-1.511727733,2,0
0,0,-0.7152720089,-2.892418113,0,0
0,0,-1.029155551,-3.138835418,1,0
0,0,-1.466814981,-4.376594302,2,-1
1,1,-2.05647378,-5.896587994
0,0,0,0,1,0
0,0,-0.005237381143,-0.05237381143,1,0
0,0,-0.01617670103,-0.1093931988,2,0
0,0,-0.1103346439,-0.9415794285,0,0
0,0,-0.1460584734,-0.3572382951,2,0
0,0,-0.2764276021,-1.303691287,1,0
0,0,-0.4479412225,-1.715136204,1,0
0,0,-0.6972373755,-2.49296153,0,0
0,0,-0.9912533677,-2.940159922,0,0
0,0,-1.370827672,-3.795743044,2,-1
1,1,-1.906159679,-5.353320073
0,0,0,0,1,0
0,0,-0.00938177697,-0.0938177697,2,0
0,0,-0.1099822066,-1.006004297,0,0
0,0,-0.1566080536,-0.4662584692,1,0
0,0,-0.2339641554,-0.7735610189,2,0
0,0,-0.4246854724,-1.90721317,0,0
0,0,-0.5953477275,-1.70662255,0,0
0,0,-0.7859004889,-1.905527614,0,0
0,0,-1.038005524,-2.521050348,0,0
0,0,-1.373128068,-3.351225445,2,-1
1,1,-1.867091395,-4.939633273
0,0,0,0,2,0
0,0,-0.07191030007,-0.7191030007,1,0
0,0,-0.139857527,-0.6794722694,2,0
0,0,-0.3298900547,-1.900325277,1,0
0,0,-0.5813226054,-2.514325507,2,0
0,0,-1.00059243,-4.192698241,0,0
0,0,-1.492118381,-4.915259512,2,-1
1,1,-2.13296553,-6.408471489
