2,1,1
0,0,0,0,2,0
0,0,-0.07808308687,-0.7808308687,0,0
0,0,-0.07901260255,-0.009295156802,1,0
0,0,-0.09676301574,-0.1775041319,1,0
0,0,-0.1463488495,-0.4958583378,1,0
0,0,-0.2239847474,-0.7763589791,1,0
0,0,-0.3391265792,-1.151418317,1,0
0,0,-0.5232528493,-1.841262701,0,0
0,0,-0.7251497153,-2.01896866,0,0
0,0,-0.9594805247,-2.343308094,2,0
0,0,-1.364830197,-4.053496718,1,-1
1,1,-1.91297912,-5.481489237
0,0,0,0,1,0
0,0,0.001456729396,0.01456729396,0,0
0,0,0.09253343306,0.9107670366,2,0
0,0,0.1205158951,0.2798246204,2,0
0,0,0.08617476894,-0.3434112616,1,0
0,0,0.0767656982,-0.09409070743,2,0
0,0,-0.004465501418,-0.8123119961,1,0
0,0,-0.07491537004,-0.7044986863,0,0
0,0,-0.05448378328,0.2043158676,1,0
0,0,-0.0267890855,0.2769469779,2,0
0,0,-0.08135656319,-0.5456747769,1,0
0,0,-0.1482411178,-0.668845546,0,0
0,0,-0.1567162318,-0.0847511403,1,0
0,0,-0.1879308845,-0.3121465273,2,0
0,0,-0.3449855769,-1.570546924,2,0
0,0,-0.6368051569,-2.9181958,2,0
0,0,-1.074289083,-4.374839258,0,-1
1,1,-1.596585237,-5.222961538
0,0,0,0,1,0
0,0,0.001242253352,0.01242253352,0,0
0,0,0.09946065365,0.982184003,1,0
0,0,0.2287388037,1.2927815,1,0
0,0,0.4034788341,1.747400304,0,0
0,0,0.706696245,3.032174109,1,0
0,0,1.116447546,4.097513006,2,-1
1,1,1.614015606,4.975680605
0,0,0,0,0,0
0,0,0.08509903626,0.8509903626,0,0
0,0,0.2602661269,1.751670907,1,0
0,0,0.4666399708,2.063738439,0,0
0,0,0.8182381976,3.515982268,2,0
0,0,1.216271561,3.980333633,1,-1
1,1,1.75093301,5.346614486
0,0,0,0,2,0
0,0,-0.09156211892,-0.9156211892,1,0
0,0,-0.2150285579,-1.23466439,1,0
0,0,-0.3847208624,-1.696923045,1,0
0,0,-0.6157517657,-2.310309033,2,0
0,0,-1.011790072,-3.960383067,2,-1
1,1,-1.572351182,-5.605611093
0,0,0,0,0,0
0,0,0.1003257152,1.003257152,2,0
0,0,0.1340586754,0.3373296019,1,0
0,0,0.1798237277,0.4576505229,2,0
0,0,0.1576647827,-0.2215894496,2,0
0,0,0.08661894848,-0.7104583422,0,0
0,0,0.1124244256,0.2580547709,2,0
0,0,0.07062429889,-0.4180012669,2,0
0,0,-0.04153811486,-1.121624138,2,0
0,0,-0.2332751445,-1.917370296,1,0
0,0,-0.4506243822,-2.173492378,1,0
0,0,-0.7417097989,-2.910854167,1,0
0,0,-1.128984248,-3.872744489,0,-1
1,1,-1.607833922,-4.788496741
0,0,0,0,2,0
0,0,-0.07430070928,-0.7430070928,2,0
0,0,-0.2509410466,-1.766403373,2,0
0,0,-0.5367121712,-2.857711246,0,0
0,0,-0.831163839,-2.944516678,1,0
0,0,-1.237618779,-4.064549395,2,-1
1,1,-1.801697478,-5.640786992
0,0,0,0,2,0
0,0,-0.08058626588,-0.8058626588,1,0
0,0,-0.1831355971,-1.025493312,2,0
0,0,-0.4122783159,-2.291427187,2,0
0,0,-0.777591667,-3.653133512,2,0
0,0,-1.297346895,-5.197552276,0,-1
1,1,-1.930167731,-6.328208365
0,0,0,0,2,0
0,0,-0.1037025052,-1.037025052,1,0
0,0,-0.2384233584,-1.347208532,1,0
0,0,-0.4159149869,-1.774916285,1,0
0,0,-0.649012785,-2.330977981,1,0
0,0,-0.9638296829,-3.148168978,2,0
0,0,-1.441852735,-4.78023052,1,-1
1,1,-2.060631873,-6.187791386
0,0,0,0,1,0
0,0,0.01293811657,0.1293811657,1,0
0,0,0.01198346797,-0.009546485979,1,0
0,0,0.009293036927,-0.02690431042,2,0
0,0,-0.09632581713,-1.056188541,0,0
0,0,-0.1160606949,-0.1973487774,1,0
0,0,-0.1385917747,-0.2253107987,1,0
0,0,-0.197579595,-0.5898782022,2,0
0,0,-0.3676420388,-1.700624438,0,0
0,0,-0.5291036064,-1.614615677,2,0
0,0,-0.8454604645,-3.16356858,1,0
0,0,-1.273876877,-4.284164127,2,-1
1,1,-1.858989384,-5.85112507
0,0,0,0,1,0
0,0,-0.01759659118,-0.1759659118,0,0
0,0,0.04406887585,0.6166546702,1,0
0,0,0.1099876647,0.6591878889,0,0
0,0,0.2861765676,1.761889029,2,0
0,0,0.4245233275,1.383467598,1,0
0,0,0.6371585749,2.126352475,1,0
0,0,0.9475400142,3.103814393,1,0
0,0,1.380185991,4.326459772,0,-1
1,1,1.966551962,5.863659704
0,0,0,0,2,0
0,0,-0.09228670472,-0.9228670472,0,0
0,0,-0.09914260846,-0.06855903734,1,0
0,0,-0.1166875565,-0.1754494808,2,0
0,0,-0.250412314,-1.337247574,1,0
0,0,-0.4193237547,-1.689114408,0,0
0,0,-0.5767931526,-1.574693978,1,0
0,0,-0.8140437418,-2.372505892,0,0
0,0,-1.098560738,-2.845169967,2,0
0,0,-1.548063675,-4.495029364,1,-1
1,1,-2.143754371,-5.956906961
0,0,0,0,1,0
0,0,0.006572703496,0.06572703496,0,0
0,0,0.09762322379,0.9105052029,1,0
0,0,0.1883024355,0.9067921169,0,0
0,0,0.3823027508,1.940003153,0,0
0,0,0.7294262988,3.47123548,0,0
0,0,1.238527968,5.091016697,2,-1
1,1,1.848538309,6.100103408
0,0,0,0,1,0
0,0,-0.002972002668,-0.02972002668,0,0
0,0,0.08784931383,0.9082131649,1,0
0,0,0.2030788891,1.152295753,0,0
0,0,0.4445449651,2.41466076,2,0
0,0,0.6823086829,2.377637179,0,0
0,0,1.078139462,3.958307794,2,0
0,0,1.567616898,4.894774355,1,-1
1,1,2.203942912,6.363260136
0,0,0,0,1,0
0,0,0.00060576721,0.0060576721,2,0
0,0,-0.08591656874,-0.8652233595,2,0
0,0,-0.2706309807,-1.847144119,0,0
0,0,-0.4210877074,-1.504567268,2,0
0,0,-0.7237829985,-3.026952911,0,0
0,0,-1.055404776,-3.316217773,1,0
0,0,-1.508770863,-4.533660874,0,-1
1,1,-2.1026046,-5.938337365
0,0,0,0,1,0
0,0,0.00410824211,0.0410824211,2,0
0,0,-0.07579746856,-0.7990571067,0,0
0,0,-0.07341959941,0.02377869157,2,0
0,0,-0.1821136684,-1.08694069,2,0
0,0,-0.4108357431,-2.287220747,1,0
0,0,-0.7091724864,-2.983367432,2,0
0,0,-1.170720463,-4.615479768,2,-1
1,1,-1.794851837,-6.241313742
0,0,0,0,0,0
0,0,0.103000275,1.03000275,0,0
0,0,0.3022814461,1.992811711,1,0
0,0,0.5374300518,2.351486057,2,0
0,0,0.7759720257,2.385419739,2,0
0,0,1.056779073,2.808070476,0,0
0,0,1.505633641,4.48854568,2,-1
1,1,2.094851135,5.892174933
0,0,0,0,0,0
0,0,0.09750717706,0.9750717706,1,0
0,0,0.2016621702,1.041549931,0,0
0,0,0.4206623341,2.190001639,2,0
0,0,0.6338475052,2.13185171,0,0
0,0,1.000445086,3.66597581,0,0
0,0,1.527464046,5.2701896,2,-1
1,1,2.196027196,6.685631502
0,0,0,0,0,0
0,0,0.1013992615,1.013992615,1,0
0,0,0.2055915437,1.041922822,0,0
0,0,0.4143344106,2.087428669,2,0
0,0,0.6224633799,2.081289693,2,0
0,0,0.8672240597,2.447606798,0,0
0,0,1.279973217,4.127491568,1,-1
1,1,1.832044176,5.520709597
0,0,0,0,0,0
0,0,0.1004446219,1.004446219,0,0
0,0,0.3120806769,2.11636055,1,0
0,0,0.5639283618,2.518476849,0,0
0,0,0.9682028341,4.042744724,1,0
0,0,1.493563506,5.25360672,1,-1
1,1,2.162560068,6.689965616
0,0,0,0,0,0
0,0,0.09411235914,0.9411235914,0,0
0,0,0.2929557264,1.988433672,1,0
0,0,0.5286026066,2.356468803,1,0
0,0,0.8405486011,3.119459944,2,0
0,0,1.201086116,3.605375147,0,-1
1,1,1.718247374,5.171612587
0,0,0,0,0,0
0,0,0.09413343195,0.9413343195,2,0
0,0,0.1098525584,0.1571912643,2,0
0,0,0.06032891754,-0.4952364084,2,0
0,0,-0.05382734557,-1.141562631,0,0
0,0,-0.07836916705,-0.2454182147,0,0
0,0,-0.02868961902,0.4967954803,0,0
0,0,0.1063226837,1.350123028,2,0
0,0,0.1881398481,0.8181716436,0,0
0,0,0.3912625831,2.03122735,2,0
0,0,0.5677947021,1.765321191,2,0
0,0,0.7501825334,1.823878312,2,0
0,0,0.9906516748,2.404691414,0,0
0,0,1.402578697,4.119270222,1,-1
1,1,1.956635539,5.54056842
0,0,0,0,2,0
0,0,-0.09994986626,-0.9994986626,2,0
0,0,-0.2917017502,-1.917518839,2,0
0,0,-0.6155367839,-3.238350337,1,0
0,0,-1.012586675,-3.970498914,0,0
0,0,-1.479285073,-4.666983975,0,-1
1,1,-2.083404511,-6.041194378
0,0,0,0,1,0
0,0,-0.01391718019,-0.1391718019,0,0
0,0,0.07152143519,0.8543861538,0,0
0,0,0.2507088005,1.791873653,2,0
0,0,0.3832607217,1.325519213,0,0
0,0,0.6528270242,2.695663025,0,0
0,0,1.080231807,4.274047831,2,-1
1,1,1.600592292,5.20360485
0,0,0,0,2,0
0,0,-0.0948022257,-0.948022257,0,0
0,0,-0.1292975393,-0.3449531356,0,0
0,0,-0.09292874987,0.3636878939,2,0
0,0,-0.1747295575,-0.818008076,1,0
0,0,-0.2972627075,-1.2253315,1,0
0,0,-0.4694708345,-1.72208127,0,0
0,0,-0.6310095834,-1.615387489,0,0
0,0,-0.8327501031,-2.017405197,1,0
0,0,-1.147180724,-3.144306204,1,-1
1,1,-1.591236113,-4.440553897
0,0,0,0,0,0
0,0,0.07644884687,0.7644884687,1,0
0,0,0.1741776816,0.9772883471,2,0
0,0,0.1996192518,0.2544157023,0,0
0,0,0.3487887513,1.491694995,2,0
0,0,0.4854081907,1.366194394,2,0
0,0,0.633421533,1.480133423,0,0
0,0,0.9333455693,2.999240364,1,0
0,0,1.354301315,4.209557452,1,-1
1,1,1.912725328,5.584240137
0,0,0,0,2,0
0,0,-0.07161391735,-0.7161391735,2,0
0,0,-0.2443446966,-1.727307793,2,0
0,0,-0.5563958704,-3.120511738,0,0
0,0,-0.8793972731,-3.230014027,2,0
0,0,-1.374865987,-4.954687135,2,-1
1,1,-2.022645956,-6.477799692
0,0,0,0,2,0
0,0,-0.08323768325,-0.8323768325,2,0
0,0,-0.2828262335,-1.995885502,1,0
0,0,-0.5117212582,-2.288950247,0,0
0,0,-0.7468333008,-2.351120426,2,0
0,0,-1.141030815,-3.941975143,0,-1
1,1,-1.628837623,-4.878068081
0,0,0,0,1,0
0,0,-0.01472802251,-0.1472802251,0,0
0,0,0.05010898588,0.648370084,2,0
0,0,0.02258324831,-0.2752573757,1,0
0,0,0.008140594198,-0.1444265411,0,0
0,0,0.08661904805,0.7847845385,2,0
0,0,0.100349664,0.1373061595,0,0
0,0,0.2195422723,1.191926083,2,0
0,0,0.2987406403,0.7919836802,0,0
0,0,0.4970663065,1.983256662,0,0
0,0,0.8412131894,3.441468828,0,0
0,0,1.34631452,5.051013309,0,-1
1,1,2.001562826,6.552483056
0,0,0,0,2,0
0,0,-0.07523777961,-0.7523777961,0,0
0,0,-0.07358685637,0.01650923231,2,0
0,0,-0.166106138,-0.9251928164,1,0
0,0,-0.2723470147,-1.062408767,0,0
0,0,-0.3443316705,-0.7198465573,0,0
0,0,-0.3929302841,-0.4859861366,0,0
0,0,-0.4256511912,-0.3272090709,0,0
0,0,-0.4486346269,-0.2298343571,2,0
0,0,-0.6149916709,-1.66357044,2,0
0,0,-0.9366769545,-3.216852836,0,0
0,0,-1.336681149,-4.000041944,2,-1
1,1,-1.890682702,-5.540015527
0,0,0,0,1,0
0,0,-0.01384433868,-0.1384433868,0,0
0,0,0.07248669464,0.8633103332,2,0
0,0,0.1006309119,0.2814421729,2,0
0,0,0.06819750801,-0.3243340392,1,0
0,0,0.0327917,-0.35405808,0,0
0,0,0.07361102314,0.4081932313,2,0
0,0,0.03976616239,-0.3384486074,2,0
0,0,-0.09045252909,-1.302186915,2,0
0,0,-0.324754055,-2.343015259,2,0
0,0,-0.6938447462,-3.690906913,2,0
0,0,-1.215607452,-5.217627061,1,-1
1,1,-1.86769934,-6.520918873
0,0,0,0,2,0
0,0,-0.0910806068,-0.910806068,2,0
0,0,-0.2876237516,-1.965431448,1,0
0,0,-0.5379481127,-2.50324361,1,0
0,0,-0.8582358621,-3.202877495,2,0
0,0,-1.342559601,-4.843237389,0,-1
1,1,-1.943761603,-6.012020016
0,0,0,0,0,0
0,0,0.09310400516,0.9310400516,2,0
0,0,0.1256579245,0.3255391935,0,0
0,0,0.2700851438,1.444272193,2,0
0,0,0.364395904,0.9431076019,1,0
0,0,0.5141235209,1.497276169,0,0
0,0,0.8315855437,3.174620227,0,0
0,0,1.320342436,4.887568926,0,-1
1,1,1.96362328,6.432808432
0,0,0,0,1,0
0,0,-0.01656741557,-0.1656741557,1,0
0,0,-0.02443465086,-0.07867235295,1,0
0,0,-0.05397682772,-0.2954217685,0,0
0,0,-0.004764628028,0.4921219969,0,0
0,0,0.1450836699,1.498482979,2,0
0,0,0.2447240126,0.9964034268,2,0
0,0,0.2851584125,0.4043439989,1,0
0,0,0.3806711315,0.9551271906,0,0
0,0,0.6272254449,2.465543134,0,0
0,0,1.020289349,3.930639043,0,0
0,0,1.569153946,5.48864597,0,-1
1,1,2.265053911,6.958999647
0,0,0,0,0,0
0,0,0.09486305419,0.9486305419,0,0
0,0,0.3010497017,2.061866475,2,0
0,0,0.479743025,1.786933233,2,0
0,0,0.6511719206,1.714288956,2,0
0,0,0.8431528151,1.919808944,0,0
0,0,1.208485874,3.653330592,1,-1
1,1,1.702123234,4.936373595
0,0,0,0,2,0
0,0,-0.08613471447,-0.8613471447,1,0
0,0,-0.1849302912,-0.9879557671,1,0
0,0,-0.3140441698,-1.291138787,2,0
0,0,-0.5905611,-2.765169302,0,0
0,0,-0.8918820405,-3.013209405,0,0
0,0,-1.260962316,-3.690802756,1,-1
1,1,-1.769616596,-5.086542796
0,0,0,0,1,0
0,0,-0.0089598361,-0.089598361,2,0
0,0,-0.1087208204,-0.9976098432,1,0
0,0,-0.2264603235,-1.177395031,0,0
0,0,-0.3103890547,-0.8392873119,2,0
0,0,-0.5304863891,-2.200973344,0,0
0,0,-0.7489770043,-2.184906153,2,0
0,0,-1.142551598,-3.935745937,0,-1
1,1,-1.633887218,-4.913356201
0,0,0,0,2,0
0,0,-0.09517796583,-0.9517796583,2,0
0,0,-0.2886010921,-1.934231263,0,0
0,0,-0.4456291499,-1.570280578,0,0
0,0,-0.5856390008,-1.400098508,0,0
0,0,-0.7587413166,-1.731023159,0,0
0,0,-0.989126214,-2.303848974,0,0
0,0,-1.304648719,-3.155225051,0,-1
1,1,-1.736523462,-4.318747427
0,0,0,0,1,0
0,0,-0.000651555417,-0.00651555417,1,0
0,0,0.009130757165,0.09782312582,1,0
0,0,0.02184775147,0.1271699431,1,0
0,0,0.02792303604,0.06075284568,2,0
0,0,-0.03799445739,-0.6591749343,2,0
0,0,-0.2094955632,-1.715011058,1,0
0,0,-0.4238501788,-2.143546156,2,0
0,0,-0.7818218346,-3.579716558,2,0
0,0,-1.303034222,-5.212123869,0,-1
1,1,-1.938667321,-6.356330992
0,0,0,0,2,0
0,0,-0.0937069177,-0.937069177,2,0
0,0,-0.2899612854,-1.962543677,0,0
0,0,-0.466080252,-1.761189666,2,0
0,0,-0.790452571,-3.24372319,2,0
0,0,-1.268338514,-4.778859429,1,-1
1,1,-1.882886099,-6.145475852
0,0,0,0,0,0
0,0,0.09211342215,0.9211342215,2,0
0,0,0.1097001703,0.1758674815,0,0
0,0,0.2313612474,1.216610771,1,0
0,0,0.4047251241,1.733638767,0,0
0,0,0.7311594149,3.264342908,1,0
0,0,1.152569747,4.21410332,1,-1
1,1,1.698478645,5.459088983
0,0,0,0,1,0
0,0,0.01412915482,0.1412915482,0,0
0,0,0.1081699491,0.9404079431,1,0
0,0,0.2244119641,1.16242015,0,0
0,0,0.4761962042,2.517842401,1,0
0,0,0.7970367896,3.208405855,2,0
0,0,1.160355242,3.633184523,2,-1
1,1,1.627062089,4.667068468
0,0,0,0,0,0
0,0,0.07387649398,0.7387649398,1,0
0,0,0.1593575801,0.854810861,1,0
0,0,0.2574160988,0.9805851874,0,0
0,0,0.4672442822,2.098281833,1,0
0,0,0.7543096071,2.870653249,1,0
0,0,1.133376509,3.790669022,2,-1
1,1,1.608310712,4.749342031
0,0,0,0,1,0
0,0,-0.007176474392,-0.07176474392,0,0
0,0,0.07677738949,0.8395386389,1,0
0,0,0.1813054502,1.045280607,2,0
0,0,0.2192004072,0.3789495701,2,0
0,0,0.2180437396,-0.0115666757,1,0
0,0,0.2585845466,0.4054080695,0,0
0,0,0.4362863189,1.777017723,0,0
0,0,0.7756704057,3.393840868,1,0
0,0,1.225844593,4.501741869,1,-1
1,1,1.810222274,5.843776815
0,0,0,0,0,0
0,0,0.09168959703,0.9168959703,1,0
0,0,0.2061618139,1.144722169,2,0
0,0,0.2704001144,0.642383005,0,0
0,0,0.448179496,1.777793815,2,0
0,0,0.6322850849,1.841055889,1,0
0,0,0.9116345412,2.793494564,1,0
0,0,1.308845284,3.972107429,2,-1
1,1,1.825170463,5.163251791
0,0,0,0,0,0
0,0,0.09311234767,0.9311234767,2,0
0,0,0.1291359291,0.3602358144,2,0
0,0,0.1169658221,-0.1217010701,0,0
0,0,0.2224234111,1.05457589,0,0
0,0,0.4659611615,2.435377504,1,0
0,0,0.7765090122,3.105478507,1,0
0,0,1.197439203,4.209301908,2,-1
1,1,1.724013553,5.265743502
0,0,0,0,1,0
0,0,0.0009561579816,0.009561579816,1,0
0,0,0.002981947501,0.0202578952,2,0
0,0,-0.08903404088,-0.9201598838,1,0
0,0,-0.2001851556,-1.111511148,2,0
0,0,-0.4327533112,-2.325681555,1,0
0,0,-0.7218441765,-2.890908653,1,0
0,0,-1.110268725,-3.884245481,1,-1
1,1,-1.620412413,-5.101436882
0,0,0,0,2,0
0,0,-0.09551090525,-0.9551090525,2,0
0,0,-0.2801125273,-1.84601622,1,0
0,0,-0.5144321597,-2.343196324,0,0
0,0,-0.7602680001,-2.458358404,0,0
0,0,-1.046395385,-2.86127385,0,0
0,0,-1.423737533,-3.773421476,2,-1
1,1,-1.956847296,-5.331097636
0,0,0,0,1,0
0,0,-0.01038847316,-0.1038847316,1,0
0,0,-0.01653862091,-0.06150147751,1,0
0,0,-0.0137940414,0.02744579515,2,0
0,0,-0.1165914524,-1.02797411,0,0
0,0,-0.1443509098,-0.2775945733,0,0
0,0,-0.1166398736,0.2771103622,0,0
0,0,-0.008938902457,1.077009711,2,0
0,0,0.01468742132,0.2362632378,0,0
0,0,0.1172738616,1.025864403,1,0
0,0,0.2270355287,1.097616671,0,0
0,0,0.445599438,2.185639093,1,0
0,0,0.7439187194,2.983192814,1,0
0,0,1.148676581,4.047578619,1,-1
1,1,1.678313473,5.296368917
0,0,0,0,0,0
0,0,0.07809108543,0.7809108543,1,0
0,0,0.1526514008,0.7456031535,0,0
0,0,0.3361206782,1.834692774,0,0
0,0,0.6432087655,3.070880873,2,0
0,0,0.961602146,3.183933805,0,0
0,0,1.452660661,4.910585148,0,-1
1,1,2.093052489,6.403918285
