2,1,1
0,0,0,0,1,0
0,0,-0.007288126062,-0.07288126062,1,0
0,0,-0.01228758556,-0.049994595,2,0
0,0,-0.118472053,-1.061844674,1,0
0,0,-0.2415066362,-1.230345832,1,0
0,0,-0.4203980679,-1.788914317,0,0
0,0,-0.5884440678,-1.680459999,1,0
0,0,-0.8408273079,-2.523832401,2,0
0,0,-1.263610859,-4.227835514,1,-1
1,1,-1.818685921,-5.550750616
0,0,0,0,1,0
0,0,0.002554653528,0.02554653528,0,0
0,0,0.08279870371,0.8024405019,1,0
0,0,0.187521998,1.047232943,1,0
0,0,0.3324721503,1.449501523,0,0
0,0,0.6135473108,2.810751604,2,0
0,0,0.9246946903,3.111473795,2,0
0,0,1.295972554,3.712778642,0,-1
1,1,1.828725072,5.327525173
0,0,0,0,1,0
0,0,-0.005970415568,-0.05970415568,2,0
0,0,-0.0922455803,-0.8627516473,0,0
0,0,-0.115708109,-0.2346252875,1,0
0,0,-0.1755736309,-0.5986552187,1,0
0,0,-0.2495887805,-0.740151496,2,0
0,0,-0.444499296,-1.949105155,1,0
0,0,-0.6950350258,-2.505357298,0,0
0,0,-0.9892248503,-2.941898245,1,0
0,0,-1.407554906,-4.18330056,2,-1
1,1,-1.97734988,-5.697949737
0,0,0,0,2,0
0,0,-0.09507662055,-0.9507662055,0,0
0,0,-0.1082346171,-0.1315799655,1,0
0,0,-0.1362621988,-0.2802758172,0,0
0,0,-0.1144913069,0.2177089191,0,0
0,0,-0.03390014841,0.805911585,0,0
0,0,0.1307868686,1.64687017,1,0
0,0,0.3205192166,1.897323481,0,0
0,0,0.6574341307,3.369149141,1,0
0,0,1.079329894,4.218957636,0,-1
1,1,1.664542046,5.852121516
0,0,0,0,2,0
0,0,-0.09533352015,-0.9533352015,0,0
0,0,-0.1099718589,-0.1463833872,2,0
0,0,-0.2340048807,-1.240330218,1,0
0,0,-0.3953014363,-1.612965557,2,0
0,0,-0.69257962,-2.972781836,1,0
0,0,-1.084715463,-3.921358429,0,0
0,0,-1.565972841,-4.812573781,2,-1
1,1,-2.194384502,-6.284116605
0,0,0,0,2,0
0,0,-0.09788762589,-0.9788762589,1,0
0,0,-0.2048497956,-1.069621697,1,0
0,0,-0.3408762172,-1.360264217,1,0
0,0,-0.5189748159,-1.780985987,1,0
0,0,-0.7639054138,-2.449305979,1,0
0,0,-1.105426872,-3.415214585,2,-1
1,1,-1.604963183,-4.995363106
0,0,0,0,2,0
0,0,-0.07833931242,-0.7833931242,2,0
0,0,-0.252873185,-1.745338725,0,0
0,0,-0.385223646,-1.323504611,2,0
0,0,-0.6484389044,-2.632152584,2,0
0,0,-1.073237237,-4.247983328,1,-1
1,1,-1.619698186,-5.464609488
0,0,0,0,1,0
0,0,0.01382958539,0.1382958539,1,0
0,0,0.02186611257,0.08036527186,2,0
0,0,-0.04470547003,-0.665715826,2,0
0,0,-0.2241855974,-1.794801274,0,0
0,0,-0.3451310611,-1.209454637,0,0
0,0,-0.4326426581,-0.8751159697,0,0
0,0,-0.5104123537,-0.777696956,1,0
0,0,-0.6547271099,-1.443147562,1,0
0,0,-0.8920637814,-2.373366715,2,0
0,0,-1.292257923,-4.001941416,2,-1
1,1,-1.846371515,-5.54113592
0,0,0,0,2,0
0,0,-0.08455540405,-0.8455540405,1,0
0,0,-0.1781821203,-0.9362671621,0,0
0,0,-0.206335014,-0.2815289371,2,0
0,0,-0.3527584547,-1.464234407,0,0
0,0,-0.4860923574,-1.333339027,2,0
0,0,-0.7656512881,-2.795589307,0,0
0,0,-1.094112644,-3.284613561,0,0
0,0,-1.508481816,-4.143691717,1,-1
1,1,-2.067303848,-5.588220322
0,0,0,0,1,0
0,0,-0.007045689529,-0.07045689529,1,0
0,0,-0.03243313615,-0.2538744662,0,0
0,0,0.01452019555,0.469533317,2,0
0,0,-0.01962071649,-0.3414091204,0,0
0,0,0.02354752948,0.4316824597,1,0
0,0,0.06816796034,0.4462043086,0,0
0,0,0.1991253278,1.309573675,2,0
0,0,0.2836372433,0.8451191545,2,0
0,0,0.319131839,0.3549459572,0,0
0,0,0.4759627372,1.568308982,2,0
0,0,0.6213286997,1.453659625,2,0
0,0,0.8040853839,1.827566842,1,0
0,0,1.097810213,2.937248287,1,0
0,0,1.516101513,4.182913,2,-1
1,1,2.07643903,5.603375172
0,0,0,0,2,0
0,0,-0.08265903344,-0.8265903344,1,0
0,0,-0.1924069596,-1.097479261,2,0
0,0,-0.433515488,-2.411085284,2,0
0,0,-0.8169730614,-3.834575734,0,0
0,0,-1.247951753,-4.309786912,0,-1
1,1,-1.79068875,-5.427369975
0,0,0,0,1,0
0,0,0.01240149269,0.1240149269,2,0
0,0,-0.04984870521,-0.622501979,0,0
0,0,-0.02600010821,0.23848597,1,0
0,0,-0.004734525419,0.2126558279,0,0
0,0,0.1098997735,1.146342989,2,0
0,0,0.1715701584,0.6167038492,1,0
0,0,0.2542135056,0.826433472,0,0
0,0,0.4514109869,1.971974813,2,0
0,0,0.6449232322,1.935122453,1,0
0,0,0.9268685924,2.819453602,0,0
0,0,1.374137941,4.472693487,1,-1
1,1,1.960061246,5.85923305
0,0,0,0,1,0
0,0,0.002880602906,0.02880602906,2,0
0,0,-0.07122113171,-0.7410173462,2,0
0,0,-0.2578981078,-1.866769761,1,0
0,0,-0.4908432897,-2.329451819,0,0
0,0,-0.7136083834,-2.227650937,2,0
0,0,-1.09464735,-3.810389671,1,-1
1,1,-1.600338123,-5.056907723
0,0,0,0,1,0
0,0,-0.0153678975,-0.153678975,2,0
0,0,-0.111567188,-0.9619929045,2,0
0,0,-0.3021208019,-1.905536139,2,0
0,0,-0.6361368202,-3.340160183,0,0
0,0,-0.9837925101,-3.476556899,1,0
0,0,-1.444484345,-4.606918346,1,-1
1,1,-2.046858778,-6.023744337
0,0,0,0,0,0
0,0,0.07745614327,0.7745614327,1,0
0,0,0.1529427288,0.7548658548,0,0
0,0,0.3506437364,1.977010077,0,0
0,0,0.6793914279,3.287476915,1,0
0,0,1.107325083,4.279336549,1,-1
1,1,1.654958061,5.476329781
0,0,0,0,2,0
0,0,-0.1046873072,-1.046873072,1,0
0,0,-0.2333268981,-1.286395909,2,0
0,0,-0.4901317139,-2.568048158,2,0
0,0,-0.8974157373,-4.072840235,2,0
0,0,-1.456264453,-5.588487154,1,-1
1,1,-2.156202305,-6.999378527
0,0,0,0,1,0
0,0,-0.008100788615,-0.08100788615,2,0
0,0,-0.0962581806,-0.8815739199,2,0
0,0,-0.2961933018,-1.999351211,2,0
0,0,-0.6335740396,-3.373807379,1,0
0,0,-1.060847576,-4.272735363,0,-1
1,1,-1.577053475,-5.162058987
0,0,0,0,2,0
0,0,-0.09369294875,-0.9369294875,0,0
0,0,-0.1101315714,-0.1643862262,2,0
0,0,-0.227647606,-1.175160347,1,0
0,0,-0.3733119874,-1.456643813,2,0
0,0,-0.6729627036,-2.996507162,1,0
0,0,-1.078153099,-4.051903956,1,-1
1,1,-1.613127721,-5.349746222
0,0,0,0,2,0
0,0,-0.07533086293,-0.7533086293,1,0
0,0,-0.1747392331,-0.9940837013,0,0
0,0,-0.2036595719,-0.2892033886,0,0
0,0,-0.177134169,0.2652540296,2,0
0,0,-0.2701791813,-0.9304501232,1,0
0,0,-0.4028328945,-1.326537132,0,0
0,0,-0.5098946884,-1.070617939,0,0
0,0,-0.6180889897,-1.081943013,0,0
0,0,-0.7424816456,-1.243926559,0,0
0,0,-0.9151770155,-1.726953699,2,0
0,0,-1.264555814,-3.493787985,2,-1
1,1,-1.776849877,-5.122940625
0,0,0,0,2,0
0,0,-0.07256150239,-0.7256150239,2,0
0,0,-0.2409034369,-1.683419345,0,0
0,0,-0.3602115815,-1.193081446,1,0
0,0,-0.5262005609,-1.659889794,1,0
0,0,-0.7728939487,-2.466933878,0,0
0,0,-1.070943444,-2.980494955,2,0
0,0,-1.532726478,-4.617830338,2,-1
1,1,-2.143629628,-6.109031498
0,0,0,0,2,0
0,0,-0.07127591173,-0.7127591173,0,0
0,0,-0.058259444,0.1301646774,1,0
0,0,-0.06761206721,-0.09352623213,0,0
0,0,-0.003585396609,0.640266706,2,0
0,0,-0.03814722562,-0.3456182902,2,0
0,0,-0.1715680889,-1.334208633,1,0
0,0,-0.3248995664,-1.533314775,0,0
0,0,-0.4554666409,-1.305670745,0,0
0,0,-0.5796944367,-1.242277958,1,0
0,0,-0.7846303256,-2.049358889,1,0
0,0,-1.09847642,-3.138460948,1,0
0,0,-1.547658735,-4.491823141,0,-1
1,1,-2.141042884,-5.933841497
0,0,0,0,1,0
0,0,0.0003984819694,0.003984819694,1,0
0,0,0.006313048484,0.05914566514,1,0
0,0,0.006784871058,0.004718225739,0,0
0,0,0.08450662187,0.7772175082,0,0
0,0,0.250451647,1.659450252,2,0
0,0,0.362516133,1.12064486,2,0
0,0,0.4586446251,0.9612849206,0,0
0,0,0.6924764963,2.338318712,1,0
0,0,1.027338911,3.348624144,2,0
0,0,1.443035986,4.156970752,2,-1
1,1,1.992664399,5.496284127
0,0,0,0,2,0
0,0,-0.08411577804,-0.8411577804,0,0
0,0,-0.08510389886,-0.009881208177,2,0
0,0,-0.1806018592,-0.9549796035,1,0
0,0,-0.3112030843,-1.30601225,1,0
0,0,-0.5012265058,-1.900234216,0,0
0,0,-0.6859848799,-1.847583741,1,0
0,0,-0.9710274309,-2.85042551,0,0
0,0,-1.334048864,-3.630214329,1,-1
1,1,-1.835303868,-5.012550044
0,0,0,0,2,0
0,0,-0.07908714125,-0.7908714125,1,0
0,0,-0.1547554917,-0.7566835044,1,0
0,0,-0.2430333188,-0.8827782715,2,0
0,0,-0.4609402062,-2.179068873,1,0
0,0,-0.7614530845,-3.005128784,2,0
0,0,-1.231781656,-4.703285711,1,-1
1,1,-1.828014497,-5.962328416
0,0,0,0,2,0
0,0,-0.08655145277,-0.8655145277,1,0
0,0,-0.1996860538,-1.13134601,0,0
0,0,-0.2711147052,-0.7142865146,0,0
0,0,-0.3108918631,-0.3977715781,2,0
0,0,-0.4877006279,-1.768087648,2,0
0,0,-0.8223476223,-3.346469945,1,0
0,0,-1.26361652,-4.412688976,0,-1
1,1,-1.812649115,-5.490325949
0,0,0,0,0,0
0,0,0.07156928947,0.7156928947,2,0
0,0,0.0708636668,-0.007056226729,1,0
0,0,0.07275078534,0.01887118547,0,0
0,0,0.1732440634,1.00493278,2,0
0,0,0.2159299706,0.4268590721,2,0
0,0,0.1959066178,-0.2002335275,1,0
0,0,0.2257261261,0.2981950825,2,0
0,0,0.2204612693,-0.05264856812,0,0
0,0,0.3242509852,1.03789716,1,0
0,0,0.4858727983,1.616218131,2,0
0,0,0.6545987423,1.68725944,2,0
0,0,0.8468612009,1.922624586,1,0
0,0,1.152958056,3.060968556,0,-1
1,1,1.619430583,4.664725262
0,0,0,0,2,0
0,0,-0.08807533138,-0.8807533138,2,0
0,0,-0.2833515643,-1.952762329,1,0
0,0,-0.5109574462,-2.276058819,0,0
0,0,-0.7385837516,-2.276263054,0,0
0,0,-0.9974386922,-2.588549406,1,0
0,0,-1.379261046,-3.818223535,1,-1
1,1,-1.899565171,-5.20304125
0,0,0,0,0,0
0,0,0.09853760705,0.9853760705,2,0
0,0,0.1334353108,0.3489770378,1,0
0,0,0.1765700977,0.4313478688,0,0
0,0,0.3289437235,1.523736258,1,0
0,0,0.5410492969,2.121055734,2,0
0,0,0.7490717959,2.080224991,1,0
0,0,1.063714864,3.146430679,1,0
0,0,1.507440782,4.43725918,2,-1
1,1,2.091363349,5.839225669
0,0,0,0,0,0
0,0,0.07885449789,0.7885449789,2,0
0,0,0.09534341305,0.1648891516,2,0
0,0,0.02990442638,-0.6543898668,2,0
0,0,-0.1019787059,-1.318831323,2,0
0,0,-0.3243319259,-2.223532199,0,0
0,0,-0.5034699686,-1.791380427,2,0
0,0,-0.8474740437,-3.440040751,0,0
0,0,-1.240203886,-3.927298421,2,-1
1,1,-1.793704356,-5.535004702
0,0,0,0,1,0
0,0,0.01159656153,0.1159656153,2,0
0,0,-0.0641024781,-0.7569903964,1,0
0,0,-0.15628246,-0.9217998186,2,0
0,0,-0.3570271808,-2.007447208,0,0
0,0,-0.5453937615,-1.883665807,1,0
0,0,-0.8118382958,-2.664445343,0,0
0,0,-1.133300541,-3.214622449,1,-1
1,1,-1.586456386,-4.53155845
0,0,0,0,1,0
0,0,-0.006220594318,-0.06220594318,2,0
0,0,-0.08940593247,-0.8318533816,1,0
0,0,-0.192570538,-1.031646055,2,0
0,0,-0.4099704899,-2.173999519,0,0
0,0,-0.5995616656,-1.895911758,0,0
0,0,-0.7965104997,-1.969488341,1,0
0,0,-1.109246538,-3.127360385,2,-1
1,1,-1.587303115,-4.780565763
0,0,0,0,0,0
0,0,0.1016904848,1.016904848,0,0
0,0,0.2999970395,1.983065547,2,0
0,0,0.4542815944,1.542845549,0,0
0,0,0.7647721319,3.104905375,2,0
0,0,1.129872761,3.651006295,1,-1
1,1,1.620352498,4.904797369
0,0,0,0,2,0
0,0,-0.09036844432,-0.9036844432,1,0
0,0,-0.2062173711,-1.158489268,1,0
0,0,-0.3722969575,-1.660795864,2,0
0,0,-0.6802389348,-3.079419772,0,0
0,0,-1.019243398,-3.39004463,2,0
0,0,-1.515771116,-4.965277183,0,-1
1,1,-2.153673282,-6.379021664
0,0,0,0,1,0
0,0,0.01248463359,0.1248463359,2,0
0,0,-0.06398813857,-0.7647277216,1,0
0,0,-0.1523681881,-0.883800495,2,0
0,0,-0.3602985294,-2.079303414,2,0
0,0,-0.7214190936,-3.611205642,2,0
0,0,-1.244875819,-5.234567252,1,-1
1,1,-1.897337843,-6.524620242
0,0,0,0,2,0
0,0,-0.1049075232,-1.049075232,0,0
0,0,-0.1476768228,-0.4276929955,1,0
0,0,-0.2040009456,-0.5632412282,2,0
0,0,-0.3840760067,-1.800750611,1,0
0,0,-0.6360729318,-2.519969251,0,0
0,0,-0.9176752085,-2.816022767,1,0
0,0,-1.315726648,-3.980514395,0,-1
1,1,-1.828937918,-5.132112701
0,0,0,0,2,0
0,0,-0.1031285984,-1.031285984,1,0
0,0,-0.2252303115,-1.221017131,0,0
0,0,-0.3000332017,-0.7480289015,0,0
0,0,-0.3529838386,-0.5295063691,0,0
0,0,-0.3682226559,-0.1523881731,0,0
0,0,-0.3672138843,0.01008771618,0,0
0,0,-0.347570136,0.196437483,1,0
0,0,-0.4001988301,-0.5262869418,2,0
0,0,-0.6056268988,-2.054280687,2,0
0,0,-0.9794631276,-3.738362288,0,0
0,0,-1.427227292,-4.477641641,1,-1
1,1,-2.018396373,-5.911690817
0,0,0,0,0,0
0,0,0.0760302986,0.760302986,1,0
0,0,0.1741590097,0.9812871112,1,0
0,0,0.2873002024,1.131411927,1,0
0,0,0.4403557076,1.530555052,1,0
0,0,0.6625131251,2.221574175,0,0
0,0,1.048740174,3.862270484,1,0
0,0,1.562052712,5.133125388,0,-1
1,1,2.222762982,6.607102702
0,0,0,0,1,0
0,0,0.01275972056,0.1275972056,0,0
0,0,0.1206210047,1.078612842,0,0
0,0,0.330174149,2.095531442,2,0
0,0,0.4993815143,1.692073653,1,0
0,0,0.7569897248,2.576082105,2,0
0,0,1.055406121,2.984163959,2,0
0,0,1.443901461,3.884953402,2,-1
1,1,1.964371242,5.204697813
0,0,0,0,0,0
0,0,0.1016121911,1.016121911,1,0
0,0,0.2103300535,1.087178624,0,0
0,0,0.4311621499,2.208320964,2,0
0,0,0.647070538,2.15908388,1,0
0,0,0.9697033203,3.226327823,2,0
0,0,1.363956685,3.942533642,2,-1
1,1,1.880676478,5.167197939
0,0,0,0,0,0
0,0,0.09971752034,0.9971752034,0,0
0,0,0.2995652857,1.998477653,2,0
0,0,0.4715563507,1.719910651,1,0
0,0,0.7175406442,2.459842935,0,0
0,0,1.126407997,4.088673524,1,-1
1,1,1.656006986,5.295989894
0,0,0,0,0,0
0,0,0.1020148858,1.020148858,0,0
0,0,0.3120935505,2.100786647,1,0
0,0,0.5744228437,2.623292932,1,0
0,0,0.9323272623,3.579044186,1,0
0,0,1.400170796,4.678435336,2,-1
1,1,1.997533457,5.973626608
0,0,0,0,1,0
0,0,-0.001880580814,-0.01880580814,0,0
0,0,0.08328162134,0.8516220215,0,0
0,0,0.2719158306,1.886342092,1,0
0,0,0.5067203144,2.348044838,0,0
0,0,0.9010639672,3.943436528,1,0
0,0,1.408163588,5.070996212,1,-1
1,1,2.05325945,6.450958616
0,0,0,0,1,0
0,0,0.008798808618,0.08798808618,1,0
0,0,0.01196004773,0.03161239117,2,0
0,0,-0.05925967597,-0.7121972371,2,0
0,0,-0.2335599476,-1.743002716,1,0
0,0,-0.4362350216,-2.02675074,1,0
0,0,-0.7138980387,-2.776630171,1,0
0,0,-1.101822161,-3.879241221,1,-1
1,1,-1.615201084,-5.13378923
0,0,0,0,2,0
0,0,-0.09527019938,-0.9527019938,2,0
0,0,-0.2868007259,-1.915305265,0,0
0,0,-0.4447627586,-1.579620327,2,0
0,0,-0.7519541722,-3.071914136,1,0
0,0,-1.150558932,-3.986047598,1,-1
1,1,-1.679504149,-5.289452165
0,0,0,0,0,0
0,0,0.1032752886,1.032752886,0,0
0,0,0.2962857427,1.930104541,1,0
0,0,0.5306828056,2.343970629,0,0
0,0,0.9203572378,3.896744322,0,0
0,0,1.472161509,5.518042714,1,-1
1,1,2.164743619,6.925821094
0,0,0,0,2,0
0,0,-0.1025566766,-1.025566766,1,0
0,0,-0.232564044,-1.300073673,0,0
0,0,-0.324444665,-0.9188062107,2,0
0,0,-0.5460427745,-2.215981094,0,0
0,0,-0.7725941457,-2.265513713,0,0
0,0,-1.051067044,-2.784728986,0,0
0,0,-1.418531199,-3.674641544,0,-1
1,1,-1.916530245,-4.979990465
0,0,0,0,2,0
0,0,-0.08938428605,-0.8938428605,2,0
0,0,-0.275364652,-1.85980366,0,0
0,0,-0.4367634808,-1.613988288,1,0
0,0,-0.6623505304,-2.255870495,1,0
0,0,-0.9768853938,-3.145348634,2,0
0,0,-1.456145411,-4.792600173,2,-1
1,1,-2.085829452,-6.296840405
0,0,0,0,1,0
0,0,-0.009823204523,-0.09823204523,0,0
0,0,0.07445563153,0.8427883605,0,0
0,0,0.2712426922,1.967870606,2,0
0,0,0.4129774155,1.417347234,1,0
0,0,0.6335032696,2.205258541,2,0
0,0,0.8759966287,2.424933591,1,0
0,0,1.236599516,3.606028872,1,-1
1,1,1.736044652,4.994451361
0,0,0,0,0,0
0,0,0.1055201687,1.055201687,2,0
0,0,0.1478310585,0.4231088982,0,0
0,0,0.3037579049,1.559268464,2,0
0,0,0.4176243558,1.138664509,0,0
0,0,0.6649189327,2.472945769,1,0
0,0,0.996021707,3.311027743,1,0
0,0,1.45639198,4.603702727,1,-1
1,1,2.059566467,6.031744873
0,0,0,0,1,0
0,0,0.008714340229,0.08714340229,1,0
0,0,0.005230616056,-0.03483724172,0,0
0,0,0.1055450887,1.003144726,0,0
0,0,0.3278197398,2.222746511,1,0
0,0,0.5943695689,2.665498292,2,0
0,0,0.8804389299,2.86069361,0,0
0,0,1.338238496,4.577995661,2,-1
1,1,1.916516984,5.782784885
