2,1,1
0,0,0,0,2,0
0,0,-0.09358988031,-0.9358988031,1,0
0,0,-0.1895898199,-0.9599993962,1,0
0,0,-0.3161766818,-1.265868619,1,0
0,0,-0.4908494921,-1.746728103,0,0
0,0,-0.6733761785,-1.825266864,2,0
0,0,-1.02510689,-3.517307114,2,0
0,0,-1.535911487,-5.108045973,2,-1
1,1,-2.195416993,-6.595055054
0,0,0,0,2,0
0,0,-0.1055291287,-1.055291287,2,0
0,0,-0.3015109835,-1.959818548,2,0
0,0,-0.6367038688,-3.351928853,1,0
0,0,-1.049868665,-4.131647961,0,0
0,0,-1.549106348,-4.992376828,1,-1
1,1,-2.194406827,-6.453004795
0,0,0,0,1,0
0,0,0.01053809742,0.1053809742,1,0
0,0,0.02476403495,0.1422593753,1,0
0,0,0.0383882827,0.1362424775,0,0
0,0,0.146340433,1.079521503,0,0
0,0,0.3758743833,2.295339503,2,0
0,0,0.5712546131,1.953802298,1,0
0,0,0.8517002563,2.804456432,2,0
0,0,1.182243009,3.305427526,2,-1
1,1,1.617656827,4.354138182
0,0,0,0,1,0
0,0,-0.01402709038,-0.1402709038,2,0
0,0,-0.1020128254,-0.8798573502,1,0
0,0,-0.201135841,-0.9912301562,2,0
0,0,-0.405821987,-2.04686146,1,0
0,0,-0.659627121,-2.538051339,0,0
0,0,-0.9522073457,-2.925802247,2,0
0,0,-1.412445647,-4.602383015,0,-1
1,1,-1.999664463,-5.87218816
0,0,0,0,0,0
0,0,0.08675375279,0.8675375279,2,0
0,0,0.1144687135,0.2771496075,2,0
0,0,0.06428823382,-0.5018047972,1,0
0,0,0.03662722199,-0.2766101183,1,0
0,0,0.01394209005,-0.2268513195,2,0
0,0,-0.0914999632,-1.054420532,2,0
0,0,-0.2888967077,-1.973967445,2,0
0,0,-0.6304852612,-3.415885535,0,0
0,0,-1.003182303,-3.726970414,2,0
0,0,-1.538925227,-5.357429247,2,-1
1,1,-2.222323809,-6.833985818
0,0,0,0,1,0
0,0,0.01126157781,0.1126157781,1,0
0,0,0.02731053079,0.1604895298,1,0
0,0,0.05366567417,0.2635514338,0,0
0,0,0.1714942999,1.178286257,0,0
0,0,0.4163926111,2.448983112,2,0
0,0,0.6355068607,2.191142497,0,0
0,0,1.012642617,3.771357558,0,0
0,0,1.558613696,5.459710791,2,-1
1,1,2.250222443,6.916087473
0,0,0,0,1,0
0,0,-0.005665406923,-0.05665406923,0,0
0,0,0.0589667013,0.6463210822,0,0
0,0,0.2200709205,1.611042192,2,0
0,0,0.3180150467,0.9794412621,2,0
0,0,0.3777806235,0.597655768,1,0
0,0,0.5025786582,1.247980348,1,0
0,0,0.7034934628,2.009148046,1,0
0,0,0.9973096444,2.938161816,2,0
0,0,1.374980459,3.776708145,0,-1
1,1,1.911062083,5.360816243
0,0,0,0,2,0
0,0,-0.0895196523,-0.895196523,0,0
0,0,-0.09524987206,-0.05730219764,2,0
0,0,-0.2015332544,-1.062833823,1,0
0,0,-0.3433981203,-1.418648659,1,0
0,0,-0.5376380866,-1.942399663,1,0
0,0,-0.8101403702,-2.725022836,0,0
0,0,-1.140117715,-3.29977345,0,-1
1,1,-1.573821478,-4.337037626
0,0,0,0,2,0
0,0,-0.09101832379,-0.9101832379,1,0
0,0,-0.1850675312,-0.940492074,0,0
0,0,-0.2260043586,-0.4093682743,2,0
0,0,-0.3892655061,-1.632611475,2,0
0,0,-0.6943374071,-3.05071901,0,0
0,0,-1.023969454,-3.296320469,1,0
0,0,-1.477021123,-4.530516685,1,-1
1,1,-2.07354601,-5.965248876
0,0,0,0,2,0
0,0,-0.08079386119,-0.8079386119,0,0
0,0,-0.08176213067,-0.009682694822,2,0
0,0,-0.2008731153,-1.191109846,0,0
0,0,-0.2737182704,-0.728451551,1,0
0,0,-0.4059352201,-1.322169497,1,0
0,0,-0.6082985341,-2.023633139,0,0
0,0,-0.8340808214,-2.257822873,2,0
0,0,-1.237364896,-4.032840747,2,-1
1,1,-1.80319004,-5.658251434
0,0,0,0,0,0
0,0,0.09066933322,0.9066933322,2,0
0,0,0.1069341961,0.1626486287,1,0
0,0,0.1410838709,0.3414967476,1,0
0,0,0.182923207,0.4183933615,0,0
0,0,0.354270725,1.71347518,0,0
0,0,0.6671883753,3.129176503,0,0
0,0,1.140803743,4.73615368,1,-1
1,1,1.740157998,5.993542543
0,0,0,0,2,0
0,0,-0.09139175883,-0.9139175883,0,0
0,0,-0.1244976625,-0.3310590369,0,0
0,0,-0.09314786252,0.3134980001,0,0
0,0,0.01678972005,1.099375826,0,0
0,0,0.2009584432,1.841687231,0,0
0,0,0.5143750048,3.134165616,0,0
0,0,0.9632901282,4.489151234,0,0
0,0,1.569587112,6.062969837,0,-1
1,1,2.322890393,7.533032809
0,0,0,0,2,0
0,0,-0.0716612404,-0.716612404,0,0
0,0,-0.06197192582,0.09689314579,1,0
0,0,-0.04931139287,0.1266053295,1,0
0,0,-0.04653007288,0.0278131999,1,0
0,0,-0.05864016407,-0.1211009119,2,0
0,0,-0.1824165261,-1.23776362,1,0
0,0,-0.3425685262,-1.601520001,1,0
0,0,-0.5478242623,-2.052557361,0,0
0,0,-0.760977115,-2.131528528,2,0
0,0,-1.141187847,-3.802107318,0,-1
1,1,-1.612645062,-4.714572153
0,0,0,0,0,0
0,0,0.100764588,1.00764588,1,0
0,0,0.2092423743,1.084777863,0,0
0,0,0.4319492775,2.227069032,2,0
0,0,0.6506485583,2.186992808,1,0
0,0,0.9704649783,3.1981642,1,0
0,0,1.411803608,4.4133863,0,-1
1,1,2.004780862,5.929772541
0,0,0,0,1,0
0,0,0.0142843551,0.142843551,1,0
0,0,0.02771335235,0.1342899725,1,0
0,0,0.03152403308,0.0381068073,1,0
0,0,0.03763804467,0.06114011585,0,0
0,0,0.1543485687,1.167105241,2,0
0,0,0.2261628784,0.7181430969,2,0
0,0,0.2461054711,0.1994259272,0,0
0,0,0.3920632445,1.459577733,1,0
0,0,0.5946677296,2.026044851,2,0
0,0,0.8263242184,2.316564888,0,0
0,0,1.23464413,4.083199112,2,-1
1,1,1.753405653,5.18761523
0,0,0,0,2,0
0,0,-0.07360496039,-0.7360496039,0,0
0,0,-0.05672782585,0.1687713455,0,0
0,0,0.02666249641,0.8339032226,1,0
0,0,0.1085082986,0.8184580217,2,0
0,0,0.105884798,-0.02623500581,2,0
0,0,0.02473130383,-0.8115349417,1,0
0,0,-0.04928126473,-0.7401256856,2,0
0,0,-0.2025026575,-1.532213928,2,0
0,0,-0.4635843303,-2.610816728,2,0
0,0,-0.8750041329,-4.114198026,0,0
0,0,-1.335764129,-4.607599963,0,-1
1,1,-1.912681691,-5.76917562
0,0,0,0,1,0
0,0,-0.0127081287,-0.127081287,1,0
0,0,-0.01491551654,-0.02207387847,1,0
0,0,-0.02830012702,-0.1338461048,1,0
0,0,-0.05301863797,-0.2471851095,2,0
0,0,-0.1624345511,-1.094159131,0,0
0,0,-0.2002115082,-0.3777695714,0,0
0,0,-0.1713673857,0.2884412249,0,0
0,0,-0.0829990284,0.8836835735,2,0
0,0,-0.09455586813,-0.1155683973,2,0
0,0,-0.2024815086,-1.079256405,0,0
0,0,-0.2418151361,-0.3933362744,0,0
0,0,-0.2262017268,0.156134093,0,0
0,0,-0.1598192411,0.6638248561,1,0
0,0,-0.1251275326,0.3469170852,0,0
0,0,-0.008900382117,1.162271505,2,0
0,0,0.008788710421,0.1768909254,2,0
0,0,-0.07147116848,-0.802598789,2,0
0,0,-0.2410913134,-1.69620145,0,0
0,0,-0.3688859093,-1.277945959,0,0
0,0,-0.4798924262,-1.110065169,0,0
0,0,-0.5847345628,-1.048421366,2,0
0,0,-0.8405688642,-2.558343014,0,0
0,0,-1.150561858,-3.099929939,1,-1
1,1,-1.59221729,-4.416554318
0,0,0,0,0,0
0,0,0.08651045087,0.8651045087,2,0
0,0,0.09402695497,0.07516504107,1,0
0,0,0.12720936,0.3318240501,0,0
0,0,0.2866244953,1.594151353,2,0
0,0,0.4155223489,1.288978536,1,0
0,0,0.6018657199,1.86343371,0,0
0,0,0.952722716,3.508569961,1,0
0,0,1.42525181,4.725290937,1,-1
1,1,2.038276038,6.130242282
0,0,0,0,2,0
0,0,-0.08713886265,-0.8713886265,0,0
0,0,-0.1169321007,-0.2979323807,2,0
0,0,-0.2436717646,-1.267396639,2,0
0,0,-0.4847000074,-2.410282428,0,0
0,0,-0.7150854142,-2.303854067,1,0
0,0,-1.04010052,-3.250151058,2,0
0,0,-1.533742384,-4.936418642,1,-1
1,1,-2.173452492,-6.397101079
0,0,0,0,2,0
0,0,-0.1046596152,-1.046596152,1,0
0,0,-0.2112091501,-1.065495349,1,0
0,0,-0.3676842721,-1.56475122,0,0
0,0,-0.5057124697,-1.380281977,1,0
0,0,-0.7124164383,-2.067039685,0,0
0,0,-0.9511710117,-2.387545734,2,0
0,0,-1.348556059,-3.973850476,2,-1
1,1,-1.898674589,-5.501185294
0,0,0,0,2,0
0,0,-0.08354003041,-0.8354003041,2,0
0,0,-0.2558351904,-1.722951599,1,0
0,0,-0.456698186,-2.008629957,1,0
0,0,-0.7278448782,-2.711466922,0,0
0,0,-1.038717845,-3.108729668,1,0
0,0,-1.468500208,-4.297823626,0,-1
1,1,-2.034498972,-5.659987642
0,0,0,0,1,0
0,0,-0.01484549835,-0.1484549835,1,0
0,0,-0.02029318428,-0.05447685921,2,0
0,0,-0.1118433001,-0.9155011581,1,0
0,0,-0.232233117,-1.203898169,2,0
0,0,-0.471255452,-2.39022335,2,0
0,0,-0.8599244456,-3.886689936,2,0
0,0,-1.418154459,-5.582300136,0,-1
1,1,-2.101723363,-6.835689037
0,0,0,0,0,0
0,0,0.07864692621,0.7864692621,1,0
0,0,0.1790539442,1.00407018,1,0
0,0,0.301330781,1.222768368,0,0
0,0,0.5487018883,2.473711073,0,0
0,0,0.9483803746,3.996784863,1,0
0,0,1.456745785,5.083654105,2,-1
1,1,2.098191815,6.414460304
0,0,0,0,1,0
0,0,0.002487907603,0.02487907603,2,0
0,0,-0.07628632081,-0.7877422842,2,0
0,0,-0.2473348527,-1.710485319,2,0
0,0,-0.5397403116,-2.924054589,0,0
0,0,-0.8367939584,-2.970536468,2,0
0,0,-1.299223773,-4.624298145,0,-1
1,1,-1.874123212,-5.748994389
0,0,0,0,0,0
0,0,0.08659570834,0.8659570834,0,0
0,0,0.2586417513,1.720460429,0,0
0,0,0.5473570216,2.887152704,0,0
0,0,0.9802230655,4.328660439,0,-1
1,1,1.576924798,5.967017327
0,0,0,0,0,0
0,0,0.08132281219,0.8132281219,1,0
0,0,0.1677357872,0.86412975,1,0
0,0,0.2918498454,1.241140582,2,0
0,0,0.3800705467,0.8822070126,0,0
0,0,0.6002920264,2.202214798,0,0
0,0,0.9858401013,3.855480749,1,0
0,0,1.497365232,5.115251306,2,-1
1,1,2.147947047,6.505818152
0,0,0,0,1,0
0,0,0.01513435443,0.1513435443,1,0
0,0,0.05018786399,0.3505350956,0,0
0,0,0.1909630805,1.407752165,2,0
0,0,0.278759674,0.8779659343,1,0
0,0,0.4212386423,1.424789684,0,0
0,0,0.7052054639,2.839668216,1,0
0,0,1.081508495,3.763030315,1,-1
1,1,1.585141119,5.036326239
0,0,0,0,1,0
0,0,0.01583827221,0.1583827221,1,0
0,0,0.04483637683,0.2899810462,2,0
0,0,-0.01175416298,-0.5659053981,1,0
0,0,-0.07062237397,-0.5886821099,2,0
0,0,-0.2416583404,-1.710359664,0,0
0,0,-0.3558040644,-1.14145724,1,0
0,0,-0.521786384,-1.659823196,1,0
0,0,-0.7744409707,-2.526545867,2,0
0,0,-1.195687611,-4.212466399,1,-1
1,1,-1.744683029,-5.489954187
0,0,0,0,1,0
0,0,-0.001070441523,-0.01070441523,1,0
0,0,-0.01968720986,-0.1861676834,0,0
0,0,0.04884081254,0.685280224,1,0
0,0,0.1328859064,0.8404509387,2,0
0,0,0.149033767,0.1614786063,0,0
0,0,0.2945533025,1.455195354,1,0
0,0,0.4777097261,1.831564236,1,0
0,0,0.7267126412,2.490029151,0,0
0,0,1.136987563,4.102749219,0,-1
1,1,1.704739777,5.677522135
0,0,0,0,2,0
0,0,-0.08324463214,-0.8324463214,2,0
0,0,-0.2730277927,-1.897831606,0,0
0,0,-0.4158108668,-1.427830741,1,0
0,0,-0.6096956254,-1.938847586,0,0
0,0,-0.8239551982,-2.142595728,2,0
0,0,-1.207514819,-3.835596209,1,-1
1,1,-1.718700311,-5.111854917
0,0,0,0,0,0
0,0,0.1031825587,1.031825587,0,0
0,0,0.2993046081,1.961220494,1,0
0,0,0.5444997679,2.451951597,2,0
0,0,0.7945778303,2.500780624,1,0
0,0,1.144856764,3.502789335,2,-1
1,1,1.590286537,4.45429773
0,0,0,0,1,0
0,0,0.01068965064,0.1068965064,2,0
0,0,-0.08247016649,-0.9315981713,0,0
0,0,-0.1008442623,-0.183740958,2,0
0,0,-0.2342962948,-1.334520325,0,0
0,0,-0.3103716484,-0.7607535356,1,0
0,0,-0.4286831291,-1.183114808,2,0
0,0,-0.68219175,-2.535086209,2,0
0,0,-1.100857807,-4.186660571,1,-1
1,1,-1.650008872,-5.491510653
0,0,0,0,1,0
0,0,0.01423895147,0.1423895147,2,0
0,0,-0.06559966077,-0.7983861224,1,0
0,0,-0.1396022294,-0.740025686,2,0
0,0,-0.3084061049,-1.688038755,1,0
0,0,-0.5120373894,-2.036312845,0,0
0,0,-0.7127737681,-2.007363787,2,0
0,0,-1.071084804,-3.583110356,0,0
0,0,-1.516981928,-4.458971242,0,-1
1,1,-2.104814161,-5.878322336
0,0,0,0,2,0
0,0,-0.08392442131,-0.8392442131,1,0
0,0,-0.1651764052,-0.8125198389,1,0
0,0,-0.2621764531,-0.9700004794,2,0
0,0,-0.4978514168,-2.356749636,0,0
0,0,-0.744445705,-2.465942882,0,0
0,0,-1.036068166,-2.916224609,1,0
0,0,-1.455949653,-4.198814866,1,-1
1,1,-2.019158202,-5.63208549
0,0,0,0,2,0
0,0,-0.0784142749,-0.784142749,2,0
0,0,-0.264158385,-1.857441101,0,0
0,0,-0.4250008941,-1.608425091,0,0
0,0,-0.5720146787,-1.470137846,1,0
0,0,-0.8030830018,-2.310683231,2,0
0,0,-1.202699071,-3.996160694,0,-1
1,1,-1.702299304,-4.99600233
0,0,0,0,2,0
0,0,-0.08282612464,-0.8282612464,2,0
0,0,-0.2648382156,-1.82012091,0,0
0,0,-0.4054000521,-1.405618364,2,0
0,0,-0.6899856595,-2.845856074,2,0
0,0,-1.129566322,-4.395806626,1,-1
1,1,-1.694355479,-5.647891566
0,0,0,0,1,0
0,0,0.00784879916,0.0784879916,0,0
0,0,0.1118936224,1.040448233,2,0
0,0,0.1396245264,0.2773090396,1,0
0,0,0.175263316,0.3563878963,0,0
0,0,0.3225359849,1.472726689,1,0
0,0,0.5344712397,2.119352548,2,0
0,0,0.7462888244,2.118175847,2,0
0,0,1.000616902,2.543280777,2,0
0,0,1.340776082,3.401591801,1,-1
1,1,1.824216576,4.834404937
0,0,0,0,1,0
0,0,-0.009493188958,-0.09493188958,0,0
0,0,0.07754811873,0.8704130768,1,0
0,0,0.1746920494,0.9714393064,2,0
0,0,0.2197478218,0.4505577246,2,0
0,0,0.2168746537,-0.02873168168,1,0
0,0,0.2654108903,0.4853623668,2,0
0,0,0.2830878357,0.1767694535,0,0
0,0,0.4410024677,1.57914632,1,0
0,0,0.6824679317,2.41465464,1,0
0,0,1.031569717,3.491017851,0,0
0,0,1.540818055,5.092483378,0,-1
1,1,2.198142141,6.573240866
0,0,0,0,0,0
0,0,0.08481356066,0.8481356066,1,0
0,0,0.1737054137,0.8889185299,2,0
0,0,0.1908610798,0.1715566613,1,0
0,0,0.239839744,0.4897866421,2,0
0,0,0.2396517861,-0.001879579301,1,0
0,0,0.2811204431,0.4146865699,0,0
0,0,0.4562611069,1.751406639,1,0
0,0,0.7004917446,2.442306376,0,0
0,0,1.098743784,3.982520397,0,-1
1,1,1.660108162,5.613643778
0,0,0,0,1,0
0,0,0.009028637829,0.09028637829,1,0
0,0,0.02813427842,0.191056406,0,0
0,0,0.1515805713,1.234462929,0,0
0,0,0.3712485892,2.196680179,2,0
0,0,0.5712599309,2.000113417,1,0
0,0,0.8704434493,2.991835185,1,0
0,0,1.291985884,4.215424349,0,-1
1,1,1.869334042,5.773481575
0,0,0,0,2,0
0,0,-0.08249090779,-0.8249090779,2,0
0,0,-0.2761650958,-1.936741881,2,0
0,0,-0.6094721447,-3.333070489,0,0
0,0,-0.9633158412,-3.538436965,1,0
0,0,-1.429526123,-4.662102822,1,-1
1,1,-2.035555566,-6.060294427
0,0,0,0,0,0
0,0,0.09584395424,0.9584395424,1,0
0,0,0.2182986568,1.224547026,0,0
0,0,0.4594424696,2.411438128,2,0
0,0,0.7035309028,2.440884331,1,0
0,0,1.047824785,3.442938826,0,0
0,0,1.55163293,5.038081448,0,-1
1,1,2.203147278,6.515143476
0,0,0,0,0,0
0,0,0.08792609961,0.8792609961,1,0
0,0,0.2013151728,1.133890732,0,0
0,0,0.4341020613,2.327868885,2,0
0,0,0.6443104237,2.102083624,0,0
0,0,1.003525568,3.592151439,0,0
0,0,1.521359685,5.178341177,2,-1
1,1,2.180846535,6.594868497
0,0,0,0,1,0
0,0,0.00520679612,0.0520679612,2,0
0,0,-0.08323155035,-0.8843834647,2,0
0,0,-0.2743147119,-1.910831616,0,0
0,0,-0.4125021968,-1.381874849,1,0
0,0,-0.6203561758,-2.07853979,0,0
0,0,-0.8394011778,-2.19045002,2,0
0,0,-1.216285921,-3.768847433,1,-1
1,1,-1.72870547,-5.12419549
0,0,0,0,0,0
0,0,0.08403963553,0.8403963553,0,0
0,0,0.2540402992,1.700006636,1,0
0,0,0.4491388106,1.950985114,2,0
0,0,0.6309631277,1.818243171,0,0
0,0,0.9786175382,3.476544105,2,0
0,0,1.395960786,4.173432475,0,-1
1,1,1.968647336,5.726865508
0,0,0,0,0,0
0,0,0.09079168839,0.9079168839,1,0
0,0,0.1826573486,0.9186566021,2,0
0,0,0.2055046257,0.2284727712,0,0
0,0,0.3458568993,1.403522736,0,0
0,0,0.6332544819,2.873975826,0,0
0,0,1.070389369,4.371348871,2,-1
1,1,1.583993442,5.136040727
0,0,0,0,1,0
0,0,-0.003643677348,-0.03643677348,2,0
0,0,-0.09288363606,-0.8923995872,1,0
0,0,-0.1931895845,-1.003059485,0,0
0,0,-0.2386675905,-0.4547800595,0,0
0,0,-0.2309154411,0.07752149369,0,0
0,0,-0.1910556677,0.3985977344,1,0
0,0,-0.1979559639,-0.06900296249,0,0
0,0,-0.1672155135,0.3074045043,1,0
0,0,-0.1601549255,0.07060587976,0,0
0,0,-0.09934479565,0.6081012986,1,0
0,0,-0.05064278261,0.4870201304,1,0
0,0,-0.005039910632,0.4560287198,0,0
0,0,0.1336486174,1.386885281,2,0
0,0,0.2070787914,0.7343017394,1,0
0,0,0.3078272223,1.007484309,2,0
0,0,0.3735158937,0.6568867142,1,0
0,0,0.5121854904,1.386695967,0,0
0,0,0.8085223834,2.96336893,1,0
0,0,1.204236281,3.957138972,0,-1
1,1,1.76321914,5.589828597
0,0,0,0,1,0
0,0,-0.008288841072,-0.08288841072,2,0
0,0,-0.09083626826,-0.8254742718,0,0
0,0,-0.09860764178,-0.07771373528,0,0
0,0,-0.04249257891,0.5611506287,1,0
0,0,-0.005967400708,0.3652517821,2,0
0,0,-0.05066043073,-0.4469303002,2,0
0,0,-0.199987928,-1.493274972,2,0
0,0,-0.4761618723,-2.761739443,1,0
0,0,-0.8118603255,-3.356984532,1,0
0,0,-1.245865888,-4.340055623,0,-1
1,1,-1.784077396,-5.382115085
0,0,0,0,2,0
0,0,-0.09763167288,-0.9763167288,2,0
0,0,-0.301366316,-2.037346431,1,0
0,0,-0.5515259515,-2.501596355,2,0
0,0,-0.9476051224,-3.960791709,1,0
0,0,-1.459955411,-5.123502891,0,-1
1,1,-2.105403481,-6.454480694
0,0,0,0,1,0
0,0,0.004449482161,0.04449482161,1,0
0,0,0.02364700536,0.191975232,2,0
0,0,-0.05196721134,-0.756142167,1,0
0,0,-0.1258590734,-0.7389186203,2,0
0,0,-0.2953412859,-1.694822126,1,0
0,0,-0.503981187,-2.086399011,1,0
0,0,-0.8012198635,-2.972386765,2,0
0,0,-1.270543485,-4.693236218,2,-1
1,1,-1.895998516,-6.254550306
