2,1,1
0,0,0,0,1,0
0,0,0.01661991888,0.1661991888,0,0
0,0,0.1114578078,0.9483788895,1,0
0,0,0.2188767901,1.074189823,1,0
0,0,0.3589620792,1.400852891,2,0
0,0,0.4824942805,1.235322013,2,0
0,0,0.594240982,1.117467015,1,0
0,0,0.785446768,1.91205786,1,0
0,0,1.088507485,3.030607167,0,0
0,0,1.560752657,4.722451719,0,-1
1,1,2.180279037,6.195263801
0,0,0,0,0,0
0,0,0.08852438485,0.8852438485,1,0
0,0,0.2019801815,1.134557966,0,0
0,0,0.4406289484,2.386487669,2,0
0,0,0.6630062749,2.223773266,2,0
0,0,0.9228229287,2.598166538,2,0
0,0,1.250799195,3.279762667,1,-1
1,1,1.713829921,4.630307252
0,0,0,0,0,0
0,0,0.08471112314,0.8471112314,1,0
0,0,0.1696344479,0.8492332476,1,0
0,0,0.2865871152,1.169526673,1,0
0,0,0.4525307406,1.659436254,2,0
0,0,0.601610859,1.490801184,2,0
0,0,0.775930805,1.74319946,2,0
0,0,0.9933586851,2.174278801,1,0
0,0,1.338547865,3.451891795,1,-1
1,1,1.823973064,4.854251994
0,0,0,0,2,0
0,0,-0.07093407908,-0.7093407908,0,0
0,0,-0.07177052964,-0.008364505671,2,0
0,0,-0.1612480498,-0.8947752014,2,0
0,0,-0.3568318673,-1.955838175,2,0
0,0,-0.7008747647,-3.440428974,2,0
0,0,-1.205747179,-5.048724144,2,-1
1,1,-1.864007627,-6.582604483
0,0,0,0,2,0
0,0,-0.09709256255,-0.9709256255,2,0
0,0,-0.3106666116,-2.13574049,2,0
0,0,-0.6571586744,-3.464920628,1,0
0,0,-1.088787112,-4.316284377,1,-1
1,1,-1.647732873,-5.589457612
0,0,0,0,2,0
0,0,-0.07905034431,-0.7905034431,1,0
0,0,-0.1598712206,-0.8082087625,1,0
0,0,-0.2710138952,-1.111426747,1,0
0,0,-0.4316939158,-1.606800205,0,0
0,0,-0.5714627166,-1.397688008,1,0
0,0,-0.7954001055,-2.239373889,2,0
0,0,-1.185455668,-3.90055563,1,-1
1,1,-1.702352023,-5.168963549
0,0,0,0,1,0
0,0,0.001944829012,0.01944829012,2,0
0,0,-0.07786155383,-0.7980638284,2,0
0,0,-0.2662187294,-1.883571756,1,0
0,0,-0.4840418481,-2.178231187,2,0
0,0,-0.8615165602,-3.77474712,1,0
0,0,-1.348405729,-4.868891686,0,-1
1,1,-1.955336532,-6.069308035
0,0,0,0,0,0
0,0,0.1049123943,1.049123943,0,0
0,0,0.3314794259,2.265670315,0,0
0,0,0.67789242,3.464129941,2,0
0,0,1.048976465,3.710840445,1,0
0,0,1.537062447,4.880859827,2,-1
1,1,2.168615309,6.315528614
0,0,0,0,2,0
0,0,-0.0892369052,-0.892369052,0,0
0,0,-0.08893304437,0.003038608226,2,0
0,0,-0.1801336514,-0.91200607,1,0
0,0,-0.2877894913,-1.076558399,1,0
0,0,-0.4562128493,-1.68423358,2,0
0,0,-0.7662759644,-3.100631151,0,0
0,0,-1.127404402,-3.611284378,2,-1
1,1,-1.652233834,-5.248294323
0,0,0,0,0,0
0,0,0.09015051928,0.9015051928,1,0
0,0,0.2070598332,1.169093139,0,0
0,0,0.440453501,2.333936678,0,0
0,0,0.8204191989,3.799656979,0,0
0,0,1.355747996,5.353287966,2,-1
1,1,2.009569056,6.53821061
0,0,0,0,0,0
0,0,0.08469598421,0.8469598421,2,0
0,0,0.09916618363,0.1447019942,1,0
0,0,0.1246648373,0.2549865362,1,0
0,0,0.1590118282,0.3434699095,1,0
0,0,0.2045862675,0.4557443928,1,0
0,0,0.2734890441,0.6890277665,1,0
0,0,0.4036946134,1.302055693,2,0
0,0,0.5108130788,1.071184654,2,0
0,0,0.6248477464,1.140346676,2,0
0,0,0.762418994,1.375712476,1,0
0,0,0.9995616387,2.371426447,2,0
0,0,1.321901615,3.223399763,1,-1
1,1,1.783363505,4.614618903
0,0,0,0,0,0
0,0,0.0728853332,0.728853332,0,0
0,0,0.2598678888,1.869825556,1,0
0,0,0.4811779063,2.213100175,1,0
0,0,0.7822663204,3.010884142,0,0
0,0,1.248189769,4.659234491,0,-1
1,1,1.867804111,6.196143415
0,0,0,0,2,0
0,0,-0.079886818,-0.79886818,1,0
0,0,-0.1724780314,-0.9259121339,0,0
0,0,-0.1993437517,-0.2686572033,1,0
0,0,-0.2682754577,-0.6893170597,1,0
0,0,-0.3744807965,-1.062053388,0,0
0,0,-0.4672123751,-0.9273157859,0,0
0,0,-0.5458548678,-0.7864249275,0,0
0,0,-0.6295381299,-0.8368326203,2,0
0,0,-0.8789326433,-2.493945134,1,0
0,0,-1.242271112,-3.633384688,2,-1
1,1,-1.76919823,-5.269271184
0,0,0,0,0,0
0,0,0.07295144861,0.7295144861,1,0
0,0,0.1510157752,0.7806432658,0,0
0,0,0.3511789086,2.001631334,1,0
0,0,0.6219219371,2.707430285,0,0
0,0,1.042248442,4.203265053,1,-1
1,1,1.581760773,5.395123307
0,0,0,0,0,0
0,0,0.09618811594,0.9618811594,2,0
0,0,0.1101933565,0.1400524056,2,0
0,0,0.06269904436,-0.4749431214,0,0
0,0,0.1315430949,0.6884405054,1,0
0,0,0.2240850079,0.9254191296,2,0
0,0,0.2669811719,0.4289616408,0,0
0,0,0.4395083946,1.725272227,0,0
0,0,0.7655886149,3.260802203,1,0
0,0,1.191964521,4.263759056,1,-1
1,1,1.743750378,5.517858575
0,0,0,0,1,0
0,0,0.014594817,0.14594817,2,0
0,0,-0.04984138615,-0.6443620314,2,0
0,0,-0.2073758056,-1.575344194,0,0
0,0,-0.3100603766,-1.02684571,1,0
0,0,-0.4485288698,-1.384684932,2,0
0,0,-0.7418094997,-2.932806299,0,0
0,0,-1.069953253,-3.281437535,2,0
0,0,-1.564502884,-4.945496304,1,-1
1,1,-2.205784075,-6.412811913
0,0,0,0,2,0
0,0,-0.07203274758,-0.7203274758,0,0
0,0,-0.06259669405,0.09436053525,2,0
0,0,-0.1457247355,-0.8312804145,1,0
0,0,-0.2520634045,-1.06338669,1,0
0,0,-0.4110949551,-1.590315506,1,0
0,0,-0.628082788,-2.16987833,2,0
0,0,-0.9985400711,-3.704572831,1,0
0,0,-1.483807005,-4.85266934,1,-1
1,1,-2.111776275,-6.279692701
0,0,0,0,1,0
0,0,-0.003533311512,-0.03533311512,1,0
0,0,-0.01099307599,-0.07459764474,1,0
0,0,-0.01956263152,-0.0856955553,0,0
0,0,0.05673096924,0.7629360076,1,0
0,0,0.1433011786,0.8657020936,0,0
0,0,0.3565994688,2.132982902,2,0
0,0,0.5339676034,1.773681346,1,0
0,0,0.8040783279,2.701107244,1,0
0,0,1.191543001,3.87464673,1,-1
1,1,1.710505974,5.18962973
0,0,0,0,0,0
0,0,0.09048788901,0.9048788901,1,0
0,0,0.198195861,1.07707972,1,0
0,0,0.3278132896,1.296174285,2,0
0,0,0.4143678389,0.8655454934,1,0
0,0,0.5603979382,1.460300993,0,0
0,0,0.8730241651,3.126262269,0,0
0,0,1.344893974,4.718698087,0,-1
1,1,1.969567621,6.24673647
0,0,0,0,1,0
0,0,-0.008925242597,-0.08925242597,0,0
0,0,0.0816299153,0.905551579,2,0
0,0,0.1073736464,0.2574373109,0,0
0,0,0.230061648,1.226880016,2,0
0,0,0.2941068056,0.6404515766,1,0
0,0,0.394689553,1.005827474,2,0
0,0,0.4929584263,0.9826887328,1,0
0,0,0.6561645719,1.632061456,1,0
0,0,0.9067535971,2.505890252,1,0
0,0,1.273725821,3.669722238,2,-1
1,1,1.756326363,4.826005421
0,0,0,0,1,0
0,0,0.008154702319,0.08154702319,2,0
0,0,-0.08514408306,-0.9329878538,2,0
0,0,-0.2788977913,-1.937537083,0,0
0,0,-0.4290637235,-1.501659322,0,0
0,0,-0.5647290307,-1.356653072,2,0
0,0,-0.8509951993,-2.862661686,1,0
0,0,-1.247297039,-3.963018395,2,-1
1,1,-1.803720842,-5.564238032
0,0,0,0,2,0
0,0,-0.0969776782,-0.969776782,0,0
0,0,-0.1186452544,-0.2166757616,2,0
0,0,-0.2414540832,-1.228088288,1,0
0,0,-0.4088146463,-1.673605631,0,0
0,0,-0.5621645342,-1.533498879,1,0
0,0,-0.7972906522,-2.351261179,2,0
0,0,-1.188015652,-3.907249997,2,-1
1,1,-1.741468444,-5.534527925
0,0,0,0,2,0
0,0,-0.1053779662,-1.053779662,0,0
0,0,-0.1298220568,-0.2444409059,2,0
0,0,-0.2591434385,-1.293213817,2,0
0,0,-0.526459479,-2.673160405,1,0
0,0,-0.8846517023,-3.581922233,1,0
0,0,-1.344374224,-4.597225215,1,-1
1,1,-1.94450126,-6.001270363
0,0,0,0,2,0
0,0,-0.08056102093,-0.8056102093,1,0
0,0,-0.1862455949,-1.05684574,2,0
0,0,-0.4248147831,-2.385691881,2,0
0,0,-0.8135291968,-3.887144137,1,0
0,0,-1.294395102,-4.808659049,2,-1
1,1,-1.929799579,-6.35404477
0,0,0,0,0,0
0,0,0.1026043233,1.026043233,0,0
0,0,0.3064320381,2.038277148,2,0
0,0,0.4712897872,1.648577492,0,0
0,0,0.782658546,3.113687588,0,0
0,0,1.256720871,4.740623248,0,-1
1,1,1.887909784,6.311889127
0,0,0,0,0,0
0,0,0.0734205495,0.734205495,0,0
0,0,0.2399632827,1.665427332,0,0
0,0,0.5359079207,2.95944638,0,0
0,0,0.9852490461,4.493411254,2,0
0,0,1.502869889,5.176208429,2,-1
1,1,2.159031093,6.561612042
0,0,0,0,0,0
0,0,0.07214180677,0.7214180677,1,0
0,0,0.1467252687,0.7458346196,0,0
0,0,0.335245303,1.885200343,2,0
0,0,0.5120719085,1.768266055,2,0
0,0,0.7003985852,1.883266767,0,0
0,0,1.058907975,3.585093899,0,-1
1,1,1.582541022,5.236330466
0,0,0,0,2,0
0,0,-0.1002179136,-1.002179136,1,0
0,0,-0.2023855696,-1.02167656,0,0
0,0,-0.2674618312,-0.6507626158,2,0
0,0,-0.4487255198,-1.812636886,0,0
0,0,-0.626120304,-1.773947841,1,0
0,0,-0.8859517847,-2.598314808,2,0
0,0,-1.308346972,-4.223951876,0,-1
1,1,-1.844347409,-5.360004366
0,0,0,0,2,0
0,0,-0.09977976179,-0.9977976179,2,0
0,0,-0.2966413777,-1.968616159,1,0
0,0,-0.5251273173,-2.284859397,2,0
0,0,-0.916958293,-3.918309757,1,0
0,0,-1.41135973,-4.944014366,0,-1
1,1,-2.03294671,-6.215869806
0,0,0,0,0,0
0,0,0.08712295076,0.8712295076,0,0
0,0,0.2621461234,1.750231726,0,0
0,0,0.5806353816,3.184892582,2,0
0,0,0.912546838,3.319114564,0,0
0,0,1.409869322,4.973224842,2,-1
1,1,2.035387852,6.2551853
0,0,0,0,0,0
0,0,0.07951119213,0.7951119213,0,0
0,0,0.2536355747,1.741243825,0,0
0,0,0.5417497778,2.881142031,1,0
0,0,0.9165428153,3.747930375,2,0
0,0,1.35701789,4.404750744,2,-1
1,1,1.92181763,5.647997404
0,0,0,0,0,0
0,0,0.1020044849,1.020044849,1,0
0,0,0.2342862792,1.322817944,1,0
0,0,0.4011592437,1.668729645,0,0
0,0,0.7091609268,3.08001683,1,0
0,0,1.125656404,4.164954777,1,-1
1,1,1.66427687,5.386204652
0,0,0,0,1,0
0,0,-0.00863041457,-0.0863041457,0,0
0,0,0.08572939661,0.9435981118,0,0
0,0,0.2889509432,2.032215466,0,0
0,0,0.6190300369,3.300790937,1,0
0,0,1.030214113,4.11184076,2,0
0,0,1.516464269,4.862501564,1,-1
1,1,2.1475446,6.310803307
0,0,0,0,2,0
0,0,-0.07881236853,-0.7881236853,0,0
0,0,-0.0797758486,-0.009634800669,2,0
0,0,-0.1751998504,-0.9542400176,2,0
0,0,-0.3834304545,-2.082306042,1,0
0,0,-0.6412572922,-2.578268377,0,0
0,0,-0.9306089991,-2.893517068,0,0
0,0,-1.295410956,-3.648019566,1,-1
1,1,-1.800845385,-5.054344294
0,0,0,0,2,0
0,0,-0.07094531849,-0.7094531849,2,0
0,0,-0.2252593091,-1.543139906,0,0
0,0,-0.3261748769,-1.009155678,1,0
0,0,-0.4742219745,-1.480470976,0,0
0,0,-0.6084284985,-1.34206524,0,0
0,0,-0.761090735,-1.526622365,1,0
0,0,-1.015187209,-2.540964744,0,0
0,0,-1.346375883,-3.31188674,1,-1
1,1,-1.820867011,-4.744911273
0,0,0,0,0,0
0,0,0.08353041238,0.8353041238,0,0
0,0,0.2665561626,1.830257502,0,0
0,0,0.5767040211,3.101478585,0,0
0,0,1.043656764,4.669527424,2,-1
1,1,1.584820971,5.411642072
0,0,0,0,2,0
0,0,-0.09162343984,-0.9162343984,0,0
0,0,-0.09901649004,-0.07393050193,0,0
0,0,-0.02579313532,0.7322335472,0,0
0,0,0.1324801603,1.582732956,0,0
0,0,0.415989028,2.835088676,1,0
0,0,0.7499379038,3.339488758,2,0
0,0,1.126355481,3.764175771,1,-1
1,1,1.62905824,5.027027593
0,0,0,0,1,0
0,0,0.01422786563,0.1422786563,1,0
0,0,0.03881891953,0.245910539,0,0
0,0,0.1632622081,1.244432886,0,0
0,0,0.4052247635,2.419625554,0,0
0,0,0.7901187736,3.848940101,1,0
0,0,1.26549432,4.753755468,1,-1
1,1,1.871117409,6.056230881
0,0,0,0,1,0
0,0,0.01127988062,0.1127988062,2,0
0,0,-0.06917804402,-0.8045792464,0,0
0,0,-0.05629267545,0.1288536857,1,0
0,0,-0.0518190729,0.04473602544,2,0
0,0,-0.1509289031,-0.9910983023,0,0
0,0,-0.1806894183,-0.2976051514,0,0
0,0,-0.1646788795,0.1601053879,1,0
0,0,-0.1689768743,-0.04297994789,1,0
0,0,-0.1856313854,-0.1665451117,2,0
0,0,-0.3225837713,-1.369523858,2,0
0,0,-0.6075130236,-2.849292523,2,0
0,0,-1.056636096,-4.491230729,0,-1
1,1,-1.581433351,-5.247972545
0,0,0,0,1,0
0,0,-0.002937352945,-0.02937352945,0,0
0,0,0.08693440127,0.8987175422,2,0
0,0,0.1164874476,0.2955304637,2,0
0,0,0.09425373572,-0.2223371192,0,0
0,0,0.1740349972,0.7978126147,1,0
0,0,0.2798563377,1.058213405,1,0
0,0,0.444286084,1.644297463,1,0
0,0,0.6761616988,2.318756148,0,0
0,0,1.079818087,4.036563886,0,-1
1,1,1.649161152,5.693430649
0,0,0,0,1,0
0,0,0.001577173906,0.01577173906,1,0
0,0,0.004583741453,0.03006567547,1,0
0,0,0.008214741517,0.03631000064,2,0
0,0,-0.06338561192,-0.7160035344,2,0
0,0,-0.2227223001,-1.593366882,2,0
0,0,-0.4958807968,-2.731584967,1,0
0,0,-0.839010889,-3.431300922,0,0
0,0,-1.235886711,-3.968758221,0,-1
1,1,-1.738525526,-5.02638815
0,0,0,0,1,0
0,0,-0.008515236716,-0.08515236716,0,0
0,0,0.07040653221,0.7892176892,0,0
0,0,0.2606001292,1.90193597,0,0
0,0,0.5829508941,3.223507649,2,0
0,0,0.9114215068,3.284706127,1,0
0,0,1.353012119,4.415906122,1,-1
1,1,1.930339602,5.773274836
0,0,0,0,2,0
0,0,-0.08766353472,-0.8766353472,1,0
0,0,-0.1893795463,-1.017160116,2,0
0,0,-0.3963187446,-2.069391982,1,0
0,0,-0.6659437462,-2.696250016,0,0
0,0,-0.9755226921,-3.09578946,2,0
0,0,-1.453773344,-4.782506519,0,-1
1,1,-2.067238697,-6.134653526
0,0,0,0,0,0
0,0,0.09016507249,0.9016507249,2,0
0,0,0.1094795073,0.1931443483,2,0
0,0,0.0597532708,-0.4972623651,2,0
0,0,-0.06642854364,-1.261818144,2,0
0,0,-0.2785328475,-2.121043038,0,0
0,0,-0.4563777095,-1.778448621,1,0
0,0,-0.6981712746,-2.417935651,1,0
0,0,-1.048629132,-3.504578571,2,0
0,0,-1.566308305,-5.176791737,2,-1
1,1,-2.231110521,-6.648022159
0,0,0,0,1,0
0,0,0.01192406203,0.1192406203,0,0
0,0,0.125045201,1.13121139,1,0
0,0,0.2686307675,1.435855664,0,0
0,0,0.5239936754,2.55362908,0,0
0,0,0.9366825684,4.12688893,1,0
0,0,1.460439784,5.237572151,1,-1
1,1,2.125620777,6.651809937
0,0,0,0,0,0
0,0,0.1031843086,1.031843086,2,0
0,0,0.1214570873,0.182727787,2,0
0,0,0.06447890501,-0.5697818226,2,0
0,0,-0.07067810761,-1.351570126,0,0
0,0,-0.1181428712,-0.4746476354,2,0
0,0,-0.2692136205,-1.510707493,1,0
0,0,-0.4491493817,-1.799357613,2,0
0,0,-0.7736141048,-3.244647231,1,0
0,0,-1.196720355,-4.231062498,2,-1
1,1,-1.773904684,-5.771843294
0,0,0,0,0,0
0,0,0.07701709021,0.7701709021,2,0
0,0,0.09621645807,0.1919936786,0,0
0,0,0.2204477438,1.242312857,2,0
0,0,0.301109886,0.8066214221,0,0
0,0,0.5234526373,2.223427513,0,0
0,0,0.9024049735,3.789523362,1,0
0,0,1.401746272,4.993412989,0,-1
1,1,2.05354477,6.517984974
0,0,0,0,1,0
0,0,-0.01318922959,-0.1318922959,2,0
0,0,-0.1262532166,-1.13063987,1,0
0,0,-0.2739118486,-1.476586321,0,0
0,0,-0.3750879961,-1.011761474,0,0
0,0,-0.4649631679,-0.8987517182,0,0
0,0,-0.5673918269,-1.02428659,0,0
0,0,-0.6864923317,-1.191005048,0,0
0,0,-0.8392481418,-1.527558101,0,0
0,0,-1.053813096,-2.145649546,2,0
0,0,-1.439616716,-3.858036193,1,-1
1,1,-1.968317443,-5.287007269
0,0,0,0,2,0
0,0,-0.09223190827,-0.9223190827,2,0
0,0,-0.2805506838,-1.883187755,2,0
0,0,-0.6036062074,-3.230555236,1,0
0,0,-1.025041597,-4.214353894,0,0
0,0,-1.527808084,-5.027664871,2,-1
1,1,-2.179649695,-6.518416115
0,0,0,0,2,0
0,0,-0.08962974467,-0.8962974467,0,0
0,0,-0.09598165533,-0.06351910661,0,0
0,0,-0.02679450567,0.6918714967,0,0
0,0,0.1193193568,1.461138625,2,0
0,0,0.2066861078,0.8736675093,0,0
0,0,0.4176870091,2.110009014,0,0
0,0,0.7832803585,3.655933493,0,0
0,0,1.298561824,5.152814656,1,-1
1,1,1.950445318,6.518834935
