2,1,1
0,0,0,0,0,0
0,0,0.07654806316,0.7654806316,2,0
0,0,0.08968471516,0.13136652,2,0
0,0,0.04081778113,-0.4886693403,1,0
0,0,0.009809099492,-0.3100868163,2,0
0,0,-0.09950075214,-1.093098516,0,0
0,0,-0.1245269714,-0.2502621929,1,0
0,0,-0.1811741842,-0.5664721282,1,0
0,0,-0.2528392619,-0.7166507766,0,0
0,0,-0.274407495,-0.2156823313,2,0
0,0,-0.4125750143,-1.381675193,0,0
0,0,-0.5413827033,-1.28807689,2,0
0,0,-0.8164135533,-2.750308501,2,0
0,0,-1.251837878,-4.354243248,2,-1
1,1,-1.848523974,-5.966860959
0,0,0,0,0,0
0,0,0.08195573912,0.8195573912,1,0
0,0,0.1704424147,0.8848667561,0,0
0,0,0.3885767827,2.18134368,0,0
0,0,0.7495964858,3.610197031,2,0
0,0,1.1425918,3.929953137,1,-1
1,1,1.663386211,5.207944113
0,0,0,0,2,0
0,0,-0.08138330592,-0.8138330592,1,0
0,0,-0.1729538117,-0.9157050581,1,0
0,0,-0.2963596383,-1.234058266,1,0
0,0,-0.4739491825,-1.775895442,2,0
0,0,-0.7955322032,-3.215830207,0,0
0,0,-1.158631958,-3.630997544,0,-1
1,1,-1.615764928,-4.571329707
0,0,0,0,1,0
0,0,-0.01238565562,-0.1238565562,2,0
0,0,-0.1169124011,-1.045267455,0,0
0,0,-0.1609459558,-0.4403355472,2,0
0,0,-0.3046110166,-1.436650607,2,0
0,0,-0.5696118681,-2.650008515,0,0
0,0,-0.8539734858,-2.843616177,1,0
0,0,-1.248167664,-3.941941779,0,-1
1,1,-1.751350261,-5.031825977
0,0,0,0,1,0
0,0,0.006972911777,0.06972911777,1,0
0,0,0.004191477619,-0.02781434158,0,0
0,0,0.09849336111,0.9430188349,1,0
0,0,0.2188218298,1.203284687,0,0
0,0,0.455715223,2.368933932,0,0
0,0,0.8407163562,3.850011332,1,0
0,0,1.341138211,5.004218551,2,-1
1,1,1.95770717,6.165689586
0,0,0,0,2,0
0,0,-0.1020631623,-1.020631623,2,0
0,0,-0.3033626919,-2.012995296,1,0
0,0,-0.5587221005,-2.553594087,1,0
0,0,-0.8939069683,-3.351848677,2,0
0,0,-1.38953388,-4.956269119,1,-1
1,1,-2.021360017,-6.318261371
0,0,0,0,2,0
0,0,-0.1008288253,-1.008288253,2,0
0,0,-0.3206757469,-2.198469217,0,0
0,0,-0.5083121987,-1.876364518,0,0
0,0,-0.6918711428,-1.835589441,0,0
0,0,-0.9164167576,-2.245456148,1,0
0,0,-1.267896253,-3.514794956,2,-1
1,1,-1.778626746,-5.107304926
0,0,0,0,0,0
0,0,0.1044359335,1.044359335,0,0
0,0,0.3230662798,2.186303463,0,0
0,0,0.6603922464,3.373259666,1,0
0,0,1.0994945,4.391022536,1,-1
1,1,1.666248528,5.667540284
0,0,0,0,2,0
0,0,-0.09590548825,-0.9590548825,2,0
0,0,-0.3035682345,-2.076627463,0,0
0,0,-0.4817741999,-1.782059654,0,0
0,0,-0.6663357103,-1.845615104,0,0
0,0,-0.8821425313,-2.15806821,0,0
0,0,-1.161939505,-2.797969738,1,-1
1,1,-1.581445548,-4.195060424
0,0,0,0,0,0
0,0,0.09507631727,0.9507631727,0,0
0,0,0.2935563176,1.984800003,2,0
0,0,0.4575908192,1.640345016,1,0
0,0,0.6901596244,2.325688052,2,0
0,0,0.9635526707,2.733930463,0,0
0,0,1.39903229,4.354796198,2,-1
1,1,1.96161966,5.625873691
0,0,0,0,1,0
0,0,0.01340855359,0.1340855359,0,0
0,0,0.1042304885,0.9082193492,1,0
0,0,0.2226104543,1.183799658,0,0
0,0,0.4580706243,2.3546017,0,0
0,0,0.8460167163,3.87946092,0,0
0,0,1.403661853,5.576451364,1,-1
1,1,2.097506916,6.938450633
0,0,0,0,2,0
0,0,-0.09874789055,-0.9874789055,0,0
0,0,-0.1406405334,-0.4189264288,2,0
0,0,-0.2855083125,-1.44867779,1,0
0,0,-0.4684298553,-1.829215428,0,0
0,0,-0.6366275234,-1.681976682,0,0
0,0,-0.8248082711,-1.881807476,2,0
0,0,-1.19081964,-3.660113692,2,-1
1,1,-1.719258391,-5.284387508
0,0,0,0,0,0
0,0,0.08475215562,0.8475215562,2,0
0,0,0.08542231988,0.00670164262,2,0
0,0,0.01338837179,-0.720339481,0,0
0,0,0.03922594181,0.2583757002,1,0
0,0,0.06230330686,0.2307736505,1,0
0,0,0.09745533949,0.3515203263,0,0
0,0,0.2420473123,1.445919728,1,0
0,0,0.4400407198,1.979934075,2,0
0,0,0.6228089739,1.827682541,1,0
0,0,0.8857817845,2.629728106,2,0
0,0,1.223950468,3.381686835,1,-1
1,1,1.698480088,4.745296198
0,0,0,0,2,0
0,0,-0.1013699043,-1.013699043,2,0
0,0,-0.3032375212,-2.01867617,2,0
0,0,-0.63783332,-3.345957988,1,0
0,0,-1.059678459,-4.21845139,2,-1
1,1,-1.636336025,-5.766575664
0,0,0,0,1,0
0,0,-0.01298565307,-0.1298565307,1,0
0,0,-0.02207696833,-0.09091315252,0,0
0,0,0.04743939071,0.6951635904,0,0
0,0,0.1989683966,1.515290059,2,0
0,0,0.2856459891,0.8667759249,2,0
0,0,0.3297954331,0.4414944403,1,0
0,0,0.4227271215,0.9293168841,1,0
0,0,0.5944951823,1.717680608,1,0
0,0,0.8627864547,2.682912724,0,0
0,0,1.301057702,4.382712473,0,-1
1,1,1.898874555,5.978168534
0,0,0,0,0,0
0,0,0.1001192119,1.001192119,2,0
0,0,0.1262085662,0.2608935425,2,0
0,0,0.09531390683,-0.3089465935,0,0
0,0,0.158396575,0.6308266822,1,0
0,0,0.2495473287,0.911507537,2,0
0,0,0.2978232603,0.4827593159,0,0
0,0,0.4734974512,1.756741908,2,0
0,0,0.6434844516,1.699870005,1,0
0,0,0.9188948046,2.75410353,0,0
0,0,1.35429039,4.353955849,1,-1
1,1,1.928374119,5.740837293
0,0,0,0,1,0
0,0,-0.01445016492,-0.1445016492,0,0
0,0,0.04307973707,0.5752990198,2,0
0,0,0.02964193429,-0.1343780278,0,0
0,0,0.1052109405,0.7556900625,0,0
0,0,0.2780971972,1.728862567,2,0
0,0,0.4126424599,1.345452627,2,0
0,0,0.5282486352,1.156061753,0,0
0,0,0.8033712795,2.751226443,1,0
0,0,1.190716618,3.873453386,2,-1
1,1,1.676756021,4.860394025
0,0,0,0,2,0
0,0,-0.07184976426,-0.7184976426,2,0
0,0,-0.2569202305,-1.850704662,2,0
0,0,-0.5828706823,-3.259504518,1,0
0,0,-0.9973069016,-4.144362193,0,0
0,0,-1.488997185,-4.916902838,0,-1
1,1,-2.118546138,-6.295489526
0,0,0,0,2,0
0,0,-0.1033670524,-1.033670524,2,0
0,0,-0.3010064989,-1.976394466,1,0
0,0,-0.5410552165,-2.400487176,1,0
0,0,-0.85096746,-3.099122435,0,0
0,0,-1.22185658,-3.708891204,0,-1
1,1,-1.700755985,-4.788994047
0,0,0,0,1,0
0,0,0.01404696136,0.1404696136,0,0
0,0,0.1230534344,1.090064731,2,0
0,0,0.1552791546,0.3222572016,1,0
0,0,0.2304793342,0.7520017956,1,0
0,0,0.3362297478,1.057504137,0,0
0,0,0.5680211999,2.31791452,2,0
0,0,0.8042776672,2.362564673,0,0
0,0,1.200515902,3.962382352,2,-1
1,1,1.702436628,5.019207261
0,0,0,0,1,0
0,0,-0.003273138984,-0.03273138984,0,0
0,0,0.09442558648,0.9769872546,2,0
0,0,0.1345632139,0.4013762742,2,0
0,0,0.09914385372,-0.3541936017,0,0
0,0,0.1738683939,0.7472454017,0,0
0,0,0.3566373974,1.827690035,2,0
0,0,0.5086511332,1.520137358,0,0
0,0,0.8030538155,2.944026822,1,0
0,0,1.195239343,3.921855279,2,-1
1,1,1.687795121,4.925557773
0,0,0,0,2,0
0,0,-0.07083741833,-0.7083741833,2,0
0,0,-0.2573475623,-1.86510144,1,0
0,0,-0.4875983963,-2.302508339,1,0
0,0,-0.8028349871,-3.152365908,2,0
0,0,-1.280391949,-4.775569617,1,-1
1,1,-1.892965828,-6.125738792
0,0,0,0,2,0
0,0,-0.1037853136,-1.037853136,1,0
0,0,-0.2316841507,-1.278988371,0,0
0,0,-0.315294468,-0.8361031726,0,0
0,0,-0.3766749036,-0.6138043558,2,0
0,0,-0.5699071067,-1.932322032,2,0
0,0,-0.9130126181,-3.431055114,0,0
0,0,-1.328417488,-4.154048702,0,-1
1,1,-1.859929482,-5.315119934
0,0,0,0,1,0
0,0,-0.004873487086,-0.04873487086,1,0
0,0,-0.02300581611,-0.1813232903,1,0
0,0,-0.04252990292,-0.1952408681,0,0
0,0,0.03057219444,0.7310209736,2,0
0,0,0.03037291638,-0.00199278054,0,0
0,0,0.1221393204,0.91766404,0,0
0,0,0.3079750369,1.858357165,0,0
0,0,0.6249073745,3.169323376,0,0
0,0,1.092390091,4.674827166,0,-1
1,1,1.71185559,6.194654992
0,0,0,0,1,0
0,0,0.01140982171,0.1140982171,1,0
0,0,0.03551033973,0.2410051802,0,0
0,0,0.1676229336,1.321125938,0,0
0,0,0.4179077295,2.50284796,0,0
0,0,0.8042062346,3.86298505,2,0
0,0,1.239952112,4.357458773,1,-1
1,1,1.809955031,5.700029187
0,0,0,0,0,0
0,0,0.1032660282,1.032660282,2,0
0,0,0.1475305904,0.4426456221,2,0
0,0,0.1274771197,-0.2005347067,1,0
0,0,0.1210483644,-0.06428755304,0,0
0,0,0.2224427343,1.013943698,2,0
0,0,0.2851375214,0.626947871,2,0
0,0,0.3017271405,0.1658961915,2,0
0,0,0.2987578016,-0.02969338905,1,0
0,0,0.3403027888,0.4154498721,0,0
0,0,0.52566787,1.853650811,2,0
0,0,0.7310956701,2.054278001,2,0
0,0,0.9757763009,2.446806308,0,0
0,0,1.393927472,4.181511712,1,-1
1,1,1.95106148,5.571340075
0,0,0,0,0,0
0,0,0.09012298076,0.9012298076,2,0
0,0,0.1011121102,0.1098912946,1,0
0,0,0.1402760781,0.3916396783,1,0
0,0,0.2181103575,0.7783427943,0,0
0,0,0.4027914726,1.846811151,2,0
0,0,0.5763584502,1.735669776,2,0
0,0,0.7703071236,1.939486735,1,0
0,0,1.068957977,2.98650853,0,0
0,0,1.537587136,4.686291596,1,-1
1,1,2.152200059,6.146129228
0,0,0,0,2,0
0,0,-0.08713299258,-0.8713299258,0,0
0,0,-0.1117366199,-0.2460362733,0,0
0,0,-0.05925000534,0.5248661457,1,0
0,0,-0.01642456742,0.4282543792,1,0
0,0,0.02378435535,0.4020892277,2,0
0,0,-0.02563455461,-0.4941890996,2,0
0,0,-0.1818086541,-1.561740994,0,0
0,0,-0.2872465709,-1.054379169,1,0
0,0,-0.455396993,-1.681504221,1,0
0,0,-0.7000008461,-2.44603853,1,0
0,0,-1.038946451,-3.38945605,2,0
0,0,-1.540684008,-5.017375564,0,-1
1,1,-2.185850295,-6.451662873
0,0,0,0,0,0
0,0,0.1008165541,1.008165541,0,0
0,0,0.3028215715,2.020050174,0,0
0,0,0.6477899804,3.449684089,1,0
0,0,1.08250283,4.347128501,0,-1
1,1,1.676595369,5.940925382
0,0,0,0,2,0
0,0,-0.100110771,-1.00110771,1,0
0,0,-0.206914794,-1.06804023,0,0
0,0,-0.2654148158,-0.585000218,2,0
0,0,-0.4659421958,-2.0052738,2,0
0,0,-0.8290137577,-3.630715619,1,0
0,0,-1.299639831,-4.706260737,2,-1
1,1,-1.925451532,-6.258117005
0,0,0,0,1,0
0,0,-0.01473414074,-0.1473414074,0,0
0,0,0.06201651333,0.7675065407,2,0
0,0,0.07054629831,0.08529784982,0,0
0,0,0.165223438,0.9467713967,1,0
0,0,0.2904274954,1.252040574,0,0
0,0,0.5379950596,2.475675642,1,0
0,0,0.8639665808,3.259715212,2,0
0,0,1.248788344,3.848217634,0,-1
1,1,1.792641074,5.438527294
0,0,0,0,2,0
0,0,-0.0728131953,-0.728131953,2,0
0,0,-0.2613051315,-1.884919362,0,0
0,0,-0.4181914872,-1.568863557,0,0
0,0,-0.5694550062,-1.512635189,0,0
0,0,-0.7288027288,-1.593477227,2,0
0,0,-1.061383035,-3.325803058,0,0
0,0,-1.483814531,-4.224314963,0,-1
1,1,-2.044079785,-5.602652544
0,0,0,0,2,0
0,0,-0.07448200272,-0.7448200272,2,0
0,0,-0.252150057,-1.776680542,1,0
0,0,-0.4584120025,-2.062619456,2,0
0,0,-0.8016576047,-3.432456022,1,0
0,0,-1.240268435,-4.386108303,1,-1
1,1,-1.812707023,-5.724385879
0,0,0,0,2,0
0,0,-0.09465248087,-0.9465248087,0,0
0,0,-0.1335886676,-0.3893618672,1,0
0,0,-0.1946753844,-0.6108671684,2,0
0,0,-0.3913319336,-1.966565491,2,0
0,0,-0.7220556095,-3.307236759,0,0
0,0,-1.09590755,-3.738519404,1,-1
1,1,-1.596501335,-5.005937854
0,0,0,0,0,0
0,0,0.1047495823,1.047495823,2,0
0,0,0.1546687173,0.4991913501,0,0
0,0,0.3314583212,1.767896039,2,0
0,0,0.4757564929,1.442981716,2,0
0,0,0.6179726987,1.422162058,0,0
0,0,0.9133809868,2.954082881,1,0
0,0,1.326552361,4.13171374,1,-1
1,1,1.874036413,5.474840518
0,0,0,0,2,0
0,0,-0.08828576446,-0.8828576446,1,0
0,0,-0.1984735164,-1.10187752,2,0
0,0,-0.4156526715,-2.171791551,1,0
0,0,-0.7035335719,-2.878809004,1,0
0,0,-1.087577839,-3.840442673,0,0
0,0,-1.557321748,-4.697439088,0,-1
1,1,-2.172652954,-6.153312061
0,0,0,0,1,0
0,0,-0.005756381648,-0.05756381648,0,0
0,0,0.06194317683,0.6769955848,1,0
0,0,0.1414396909,0.7949651406,0,0
0,0,0.3338757277,1.924360368,2,0
0,0,0.4883623022,1.544865745,0,0
0,0,0.8018171685,3.134548664,1,0
0,0,1.224036036,4.222188678,0,-1
1,1,1.803798966,5.7976293
0,0,0,0,0,0
0,0,0.07084229907,0.7084229907,0,0
0,0,0.2299073618,1.590650627,0,0
0,0,0.5084082814,2.785009196,1,0
0,0,0.8740887999,3.656805185,0,0
0,0,1.397073,5.229841998,2,-1
1,1,2.046108445,6.490354456
0,0,0,0,2,0
0,0,-0.07490445337,-0.7490445337,1,0
0,0,-0.1679025927,-0.9299813929,0,0
0,0,-0.2159959629,-0.4809337022,2,0
0,0,-0.3927632357,-1.767672728,0,0
0,0,-0.5655730968,-1.728098611,1,0
0,0,-0.8232553099,-2.576822131,0,0
0,0,-1.130036745,-3.067814353,2,-1
1,1,-1.60474679,-4.747100452
0,0,0,0,0,0
0,0,0.07809670593,0.7809670593,1,0
0,0,0.1742032814,0.9610657547,2,0
0,0,0.2033324087,0.2912912734,1,0
0,0,0.2748091264,0.7147671766,1,0
0,0,0.3879329144,1.13123788,2,0
0,0,0.496005303,1.080723885,1,0
0,0,0.6807263527,1.847210497,0,0
0,0,1.035253137,3.545267842,2,0
0,0,1.473814279,4.385611424,2,-1
1,1,2.047596959,5.737826796
0,0,0,0,0,0
0,0,0.0844574141,0.844574141,0,0
0,0,0.254776207,1.703187929,2,0
0,0,0.3868108075,1.320346005,1,0
0,0,0.5791698326,1.923590251,0,0
0,0,0.9299310898,3.507612572,1,0
0,0,1.399521143,4.695900529,0,-1
1,1,2.01945988,6.199387373
0,0,0,0,2,0
0,0,-0.09068131103,-0.9068131103,1,0
0,0,-0.1890607932,-0.9837948215,2,0
0,0,-0.4162552038,-2.271944106,1,0
0,0,-0.7103097476,-2.940545438,0,0
0,0,-1.036668353,-3.263586054,1,0
0,0,-1.485500897,-4.488325441,0,-1
1,1,-2.073079726,-5.875788291
0,0,0,0,2,0
0,0,-0.09364208189,-0.9364208189,1,0
0,0,-0.2137473087,-1.201052269,2,0
0,0,-0.4569752472,-2.432279385,2,0
0,0,-0.8413606203,-3.84385373,0,0
0,0,-1.279886161,-4.385255405,0,-1
1,1,-1.829773168,-5.498870076
0,0,0,0,1,0
0,0,-0.004107988543,-0.04107988543,2,0
0,0,-0.1128433241,-1.087353355,2,0
0,0,-0.3337937591,-2.20950435,2,0
0,0,-0.7001738783,-3.663801193,2,0
0,0,-1.216676373,-5.165024947,2,-1
1,1,-1.891607198,-6.749308246
0,0,0,0,1,0
0,0,0.01018312047,0.1018312047,2,0
0,0,-0.05860127391,-0.6878439437,2,0
0,0,-0.2207345243,-1.621332504,0,0
0,0,-0.3507785871,-1.300440628,1,0
0,0,-0.5225168827,-1.717382956,2,0
0,0,-0.8373344191,-3.148175364,0,0
0,0,-1.200334679,-3.630002598,2,-1
1,1,-1.724406041,-5.240713621
0,0,0,0,2,0
0,0,-0.09015797861,-0.9015797861,1,0
0,0,-0.1965784325,-1.064204539,0,0
0,0,-0.2661614844,-0.6958305193,0,0
0,0,-0.3033075321,-0.371460477,1,0
0,0,-0.4045772293,-1.012696972,2,0
0,0,-0.6574658391,-2.528886098,0,0
0,0,-0.9369693992,-2.7950356,0,0
0,0,-1.29665193,-3.596825312,2,-1
1,1,-1.814081326,-5.174293953
0,0,0,0,2,0
0,0,-0.07340876699,-0.7340876699,1,0
0,0,-0.1627686989,-0.8935993191,1,0
0,0,-0.2777057339,-1.14937035,2,0
0,0,-0.5120571898,-2.343514559,1,0
0,0,-0.810235523,-2.981783332,2,0
0,0,-1.260657572,-4.504220488,1,-1
1,1,-1.844113527,-5.834559556
0,0,0,0,2,0
0,0,-0.09686636566,-0.9686636566,2,0
0,0,-0.3137954866,-2.169291209,2,0
0,0,-0.6752017836,-3.61406297,2,0
0,0,-1.193278341,-5.180765578,0,-1
1,1,-1.811103529,-6.178251873
0,0,0,0,1,0
0,0,-0.01494480856,-0.1494480856,1,0
0,0,-0.03118953964,-0.1624473107,0,0
0,0,0.01796402943,0.4915356906,0,0
0,0,0.1408991748,1.229351454,0,0
0,0,0.3920606306,2.511614558,1,0
0,0,0.7043997461,3.123391155,2,0
0,0,1.052160599,3.477608524,2,0
0,0,1.479248689,4.270880901,2,-1
1,1,2.044862779,5.656140906
0,0,0,0,0,0
0,0,0.08860462314,0.8860462314,2,0
0,0,0.09543550879,0.06830885658,0,0
0,0,0.2043702689,1.089347601,0,0
0,0,0.4351750837,2.308048148,1,0
0,0,0.732653141,2.974780574,2,0
0,0,1.081144882,3.484917412,1,0
0,0,1.557343956,4.761990742,0,-1
1,1,2.181205587,6.238616304
