2,1,1
0,0,0,0,0,0
0,0,0.08980852845,0.8980852845,2,0
0,0,0.1044281868,0.1461965831,2,0
0,0,0.04747415623,-0.5695403053,1,0
0,0,-0.002284280113,-0.4975843635,2,0
0,0,-0.1385170273,-1.362327471,0,0
0,0,-0.2253492642,-0.8683223694,2,0
0,0,-0.4300478411,-2.046985769,0,0
0,0,-0.6376763388,-2.076284976,2,0
0,0,-0.9924981173,-3.548217785,2,0
0,0,-1.514925414,-5.224272967,2,-1
1,1,-2.185573338,-6.706479238
0,0,0,0,2,0
0,0,-0.1033201567,-1.033201567,1,0
0,0,-0.2183048125,-1.149846558,2,0
0,0,-0.4588374078,-2.405325953,0,0
0,0,-0.6819758976,-2.231384898,2,0
0,0,-1.060076214,-3.781003161,1,0
0,0,-1.555175672,-4.950994582,2,-1
1,1,-2.198005687,-6.42830015
0,0,0,0,0,0
0,0,0.08919991972,0.8919991972,1,0
0,0,0.1778584914,0.8865857168,2,0
0,0,0.1950752343,0.1721674286,2,0
0,0,0.1614916051,-0.3358362914,0,0
0,0,0.2543837749,0.9289216973,0,0
0,0,0.4643173151,2.099335402,1,0
0,0,0.7373331563,2.730158412,1,0
0,0,1.106433738,3.691005818,2,0
0,0,1.564546892,4.581131534,1,-1
1,1,2.169547905,6.050010131
0,0,0,0,0,0
0,0,0.07873527205,0.7873527205,1,0
0,0,0.1700182518,0.912829797,1,0
0,0,0.2803822528,1.103640011,0,0
0,0,0.5050487565,2.246665037,0,0
0,0,0.8863445623,3.812958058,2,0
0,0,1.331578265,4.452337025,1,-1
1,1,1.913352577,5.817743127
0,0,0,0,0,0
0,0,0.09120603717,0.9120603717,0,0
0,0,0.2963849689,2.051789317,0,0
0,0,0.6332057531,3.368207842,2,0
0,0,0.9843194766,3.511137235,2,0
0,0,1.412365292,4.280458157,2,-1
1,1,1.971202286,5.588369936
0,0,0,0,1,0
0,0,-0.01062557528,-0.1062557528,2,0
0,0,-0.1249190476,-1.142934723,1,0
0,0,-0.2771031044,-1.521840568,2,0
0,0,-0.5421715075,-2.650684031,2,0
0,0,-0.9726049494,-4.304334419,1,0
0,0,-1.512138282,-5.395333329,0,-1
1,1,-2.190885475,-6.787471926
0,0,0,0,1,0
0,0,-0.0009418696918,-0.009418696918,0,0
0,0,0.08043932949,0.8138119918,2,0
0,0,0.08748093056,0.07041601071,1,0
0,0,0.1012446856,0.1376375502,2,0
0,0,0.03814025199,-0.6310443359,1,0
0,0,-0.01893710975,-0.5707736174,2,0
0,0,-0.1561428505,-1.372057407,0,0
0,0,-0.2215617056,-0.6541885511,1,0
0,0,-0.3292045138,-1.076428082,1,0
0,0,-0.4984301901,-1.692256763,1,0
0,0,-0.7414851133,-2.430549232,1,0
0,0,-1.078342609,-3.368574957,0,0
0,0,-1.511383298,-4.330406886,0,-1
1,1,-2.084439246,-5.730559488
0,0,0,0,2,0
0,0,-0.09206515921,-0.9206515921,2,0
0,0,-0.291705432,-1.996402728,2,0
0,0,-0.6187091234,-3.270036914,1,0
0,0,-1.0380261,-4.193169763,2,-1
1,1,-1.611514768,-5.734886683
0,0,0,0,2,0
0,0,-0.0987496406,-0.987496406,2,0
0,0,-0.3035655762,-2.048159356,0,0
0,0,-0.4692845233,-1.657189471,2,0
0,0,-0.7841337621,-3.148492388,2,0
0,0,-1.252858455,-4.687246931,1,-1
1,1,-1.857949835,-6.050913802
0,0,0,0,1,0
0,0,0.0002987268004,0.002987268004,0,0
0,0,0.09002102764,0.8972230084,1,0
0,0,0.202967993,1.129469654,1,0
0,0,0.3644681288,1.615001357,0,0
0,0,0.6671781009,3.027099721,1,0
0,0,1.057252225,3.900741238,2,0
0,0,1.532057919,4.748056947,1,-1
1,1,2.152821827,6.207639081
0,0,0,0,2,0
0,0,-0.0922787879,-0.922787879,0,0
0,0,-0.1256627352,-0.3338394729,0,0
0,0,-0.0901503865,0.3551234869,2,0
0,0,-0.1541980462,-0.6404765973,1,0
0,0,-0.2272978634,-0.7309981719,0,0
0,0,-0.2705255053,-0.4322764192,1,0
0,0,-0.3564414462,-0.8591594082,0,0
0,0,-0.414368588,-0.5792714179,1,0
0,0,-0.5242208264,-1.098522384,2,0
0,0,-0.7831298752,-2.589090488,2,0
0,0,-1.208811755,-4.256818794,2,-1
1,1,-1.790280484,-5.814687294
0,0,0,0,1,0
0,0,0.01194879073,0.1194879073,2,0
0,0,-0.05217675777,-0.641255485,0,0
0,0,-0.05363246681,-0.01455709036,2,0
0,0,-0.1614689904,-1.078365236,0,0
0,0,-0.2188815566,-0.5741256621,0,0
0,0,-0.2383218363,-0.1944027968,2,0
0,0,-0.3830117304,-1.446898941,0,0
0,0,-0.5190398248,-1.360280945,2,0
0,0,-0.807117242,-2.880774172,2,0
0,0,-1.26877469,-4.616574478,1,-1
1,1,-1.863726188,-5.949514979
0,0,0,0,1,0
0,0,-0.01664656199,-0.1664656199,0,0
0,0,0.05716490978,0.7381147177,1,0
0,0,0.1256966072,0.6853169744,0,0
0,0,0.3009922474,1.752956401,0,0
0,0,0.6092121756,3.082199283,0,0
0,0,1.071685936,4.6247376,1,-1
1,1,1.654567398,5.82881462
0,0,0,0,2,0
0,0,-0.09521902989,-0.9521902989,2,0
0,0,-0.2884573912,-1.932383613,2,0
0,0,-0.6206335482,-3.32176157,0,0
0,0,-0.9742304904,-3.535969423,0,0
0,0,-1.397391573,-4.231610825,0,-1
1,1,-1.94621257,-5.488209973
0,0,0,0,1,0
0,0,0.00622910078,0.0622910078,0,0
0,0,0.1127983791,1.065692783,2,0
0,0,0.1403975464,0.275991673,2,0
0,0,0.104119999,-0.3627754739,0,0
0,0,0.1757609565,0.7164095749,0,0
0,0,0.369658416,1.938974596,1,0
0,0,0.6095081325,2.398497165,2,0
0,0,0.8763054098,2.667972772,0,0
0,0,1.307404254,4.310988447,1,-1
1,1,1.872455395,5.650511402
0,0,0,0,0,0
0,0,0.07846328608,0.7846328608,1,0
0,0,0.1707217157,0.9225842959,0,0
0,0,0.3640916084,1.933698927,2,0
0,0,0.5393110878,1.752194795,1,0
0,0,0.7866224242,2.473113364,2,0
0,0,1.083242542,2.966201177,1,0
0,0,1.512108411,4.288658695,1,-1
1,1,2.086540818,5.744324062
0,0,0,0,2,0
0,0,-0.09749189788,-0.9749189788,0,0
0,0,-0.1279331031,-0.3044120521,1,0
0,0,-0.1695297383,-0.4159663521,1,0
0,0,-0.2259483928,-0.5641865453,0,0
0,0,-0.2188107492,0.07137643578,2,0
0,0,-0.3192040692,-1.0039332,2,0
0,0,-0.5658066325,-2.466025633,1,0
0,0,-0.899601955,-3.337953225,0,0
0,0,-1.305115404,-4.055134492,0,-1
1,1,-1.830198958,-5.250835537
0,0,0,0,0,0
0,0,0.09508682354,0.9508682354,0,0
0,0,0.2805140883,1.854272647,0,0
0,0,0.5818612364,3.013471482,1,0
0,0,0.9560171683,3.741559318,1,0
0,0,1.454044517,4.980273491,1,-1
1,1,2.094833139,6.407886218
0,0,0,0,2,0
0,0,-0.07109523391,-0.7109523391,2,0
0,0,-0.230146997,-1.590517631,1,0
0,0,-0.4112594564,-1.811124594,1,0
0,0,-0.6621626711,-2.509032147,0,0
0,0,-0.9411540855,-2.789914144,1,0
0,0,-1.340921643,-3.997675571,1,-1
1,1,-1.878238551,-5.373169082
0,0,0,0,2,0
0,0,-0.07743271691,-0.7743271691,2,0
0,0,-0.2485804012,-1.711476843,0,0
0,0,-0.3767100424,-1.281296412,2,0
0,0,-0.6507694237,-2.740593813,2,0
0,0,-1.084344839,-4.335754152,2,-1
1,1,-1.671273057,-5.869282185
0,0,0,0,1,0
0,0,0.01366334339,0.1366334339,1,0
0,0,0.02589373829,0.122303949,2,0
0,0,-0.04577049449,-0.7166423279,0,0
0,0,-0.02052689269,0.252436018,0,0
0,0,0.09370322883,1.142301215,1,0
0,0,0.2337728232,1.400695943,1,0
0,0,0.4051237782,1.71350955,2,0
0,0,0.5666710149,1.615472367,1,0
0,0,0.8212298842,2.545588693,0,0
0,0,1.230920711,4.096908269,0,-1
1,1,1.793891033,5.629703217
0,0,0,0,0,0
0,0,0.08665976567,0.8665976567,1,0
0,0,0.1954727756,1.088130099,0,0
0,0,0.4301794489,2.347066733,2,0
0,0,0.6657938725,2.356144236,2,0
0,0,0.9383614405,2.72567568,0,0
0,0,1.376193646,4.378322056,0,-1
1,1,1.968874481,5.926808352
0,0,0,0,2,0
0,0,-0.1040765903,-1.040765903,0,0
0,0,-0.1417901563,-0.3771356599,2,0
0,0,-0.2810217904,-1.392316341,1,0
0,0,-0.4731770125,-1.921552221,0,0
0,0,-0.6607814976,-1.876044851,2,0
0,0,-1.021919005,-3.611375075,1,0
0,0,-1.503730494,-4.818114885,2,-1
1,1,-2.135724928,-6.319944343
0,0,0,0,0,0
0,0,0.07942340976,0.7942340976,0,0
0,0,0.2498175243,1.703941146,2,0
0,0,0.3860911752,1.362736509,2,0
0,0,0.506991856,1.209006808,2,0
0,0,0.6337762859,1.267844299,2,0
0,0,0.7779156554,1.441393696,2,0
0,0,0.9766156423,1.986999869,0,0
0,0,1.340225528,3.636098856,0,-1
1,1,1.860825285,5.205997566
0,0,0,0,2,0
0,0,-0.09130684649,-0.9130684649,1,0
0,0,-0.2014126151,-1.101057686,0,0
0,0,-0.2608637529,-0.5945113774,1,0
0,0,-0.3785636122,-1.176998593,2,0
0,0,-0.6373069556,-2.587433434,1,0
0,0,-0.9878765605,-3.505696049,1,0
0,0,-1.466766438,-4.788898774,0,-1
1,1,-2.079455835,-6.126893966
0,0,0,0,1,0
0,0,-0.0001751069616,-0.001751069616,1,0
0,0,-0.0008432806017,-0.006681736401,1,0
0,0,0.01514677511,0.1599005571,0,0
0,0,0.1355156734,1.203688983,2,0
0,0,0.1819838202,0.4646814681,1,0
0,0,0.2709537733,0.8896995302,2,0
0,0,0.3122379085,0.4128413523,2,0
0,0,0.3306454531,0.1840754462,1,0
0,0,0.4132318165,0.8258636339,1,0
0,0,0.5689505105,1.55718694,2,0
0,0,0.7367004447,1.677499342,0,0
0,0,1.076362642,3.396621972,1,0
0,0,1.546723035,4.70360393,2,-1
1,1,2.161186733,6.144636984
0,0,0,0,0,0
0,0,0.0731181934,0.731181934,1,0
0,0,0.1728046719,0.9968647846,0,0
0,0,0.3783604151,2.055557433,0,0
0,0,0.7206423518,3.422819367,1,0
0,0,1.152544203,4.319018509,2,-1
1,1,1.674883187,5.223389843
0,0,0,0,0,0
0,0,0.07796678643,0.7796678643,0,0
0,0,0.2659039407,1.879371543,1,0
0,0,0.4946657344,2.287617937,1,0
0,0,0.8014785402,3.068128058,2,0
0,0,1.147292303,3.458137625,0,-1
1,1,1.65869122,5.113989176
0,0,0,0,1,0
0,0,0.002482899827,0.02482899827,0,0
0,0,0.09237924851,0.8989634868,0,0
0,0,0.2885690586,1.961898101,1,0
0,0,0.525559381,2.369903223,1,0
0,0,0.8432992364,3.177398555,2,0
0,0,1.219988301,3.766890648,1,-1
1,1,1.730998011,5.110097094
0,0,0,0,2,0
0,0,-0.08298539694,-0.8298539694,1,0
0,0,-0.176583612,-0.9359821505,0,0
0,0,-0.2160486131,-0.3946500116,0,0
0,0,-0.1958248746,0.2022373859,2,0
0,0,-0.2869869312,-0.9116205661,0,0
0,0,-0.3372075073,-0.502205761,1,0
0,0,-0.4506833517,-1.134758444,0,0
0,0,-0.5632719459,-1.125885943,2,0
0,0,-0.8455313575,-2.822594116,2,0
0,0,-1.292194179,-4.46662821,0,-1
1,1,-1.856051885,-5.638577068
0,0,0,0,1,0
0,0,0.01150986428,0.1150986428,0,0
0,0,0.1098651652,0.9835530088,1,0
0,0,0.2440987551,1.342335899,0,0
0,0,0.5200480165,2.759492614,1,0
0,0,0.8735114268,3.534634103,1,0
0,0,1.337078472,4.635670449,1,-1
1,1,1.939906835,6.028283634
0,0,0,0,1,0
0,0,-0.01025479432,-0.1025479432,1,0
0,0,-0.02408631935,-0.1383152503,2,0
0,0,-0.1430103531,-1.189240337,1,0
0,0,-0.2780627107,-1.350523576,1,0
0,0,-0.4701924268,-1.921297161,0,0
0,0,-0.6687621036,-1.985696768,2,0
0,0,-1.03794108,-3.691789763,2,0
0,0,-1.569363871,-5.314227912,1,-1
1,1,-2.247709257,-6.783453857
0,0,0,0,1,0
0,0,-0.002990842025,-0.02990842025,2,0
0,0,-0.09777708037,-0.9478623834,2,0
0,0,-0.282513069,-1.847359886,2,0
0,0,-0.5825273957,-3.000143267,2,0
0,0,-1.027072038,-4.445446421,2,-1
1,1,-1.627487342,-6.004153043
0,0,0,0,2,0
0,0,-0.08323156867,-0.8323156867,1,0
0,0,-0.1904378964,-1.072063277,1,0
0,0,-0.3294756563,-1.3903776,0,0
0,0,-0.4536466084,-1.241709521,1,0
0,0,-0.6640311638,-2.103845555,0,0
0,0,-0.9148827524,-2.508515885,0,0
0,0,-1.232203199,-3.173204466,0,-1
1,1,-1.663906776,-4.317035773
0,0,0,0,1,0
0,0,-0.002988311489,-0.02988311489,2,0
0,0,-0.08831228371,-0.8532397222,0,0
0,0,-0.1026727555,-0.1436047177,0,0
0,0,-0.03946566454,0.6320709094,1,0
0,0,0.0007288339898,0.4019449853,1,0
0,0,0.02838790454,0.2765907055,1,0
0,0,0.0621589286,0.3377102406,2,0
0,0,0.01177492774,-0.5038400086,2,0
0,0,-0.1424205946,-1.541955223,1,0
0,0,-0.3247035025,-1.822829079,2,0
0,0,-0.6484477822,-3.237442797,2,0
0,0,-1.125353843,-4.769060603,2,-1
1,1,-1.762536184,-6.371823411
0,0,0,0,1,0
0,0,-0.01127496782,-0.1127496782,2,0
0,0,-0.1152370862,-1.039621184,2,0
0,0,-0.331024255,-2.157871688,2,0
0,0,-0.6669045859,-3.358803309,1,0
0,0,-1.088593681,-4.216890955,1,-1
1,1,-1.631272127,-5.426784459
0,0,0,0,1,0
0,0,-0.003210199577,-0.03210199577,0,0
0,0,0.06590770599,0.6911790557,1,0
0,0,0.1562031529,0.9029544692,0,0
0,0,0.3676385866,2.114354337,0,0
0,0,0.7122938533,3.446552666,1,0
0,0,1.162879107,4.505852532,0,-1
1,1,1.770183674,6.073045673
0,0,0,0,1,0
0,0,0.01322524678,0.1322524678,1,0
0,0,0.01990305348,0.06677806694,0,0
0,0,0.1098099933,0.8990693978,0,0
0,0,0.3007534675,1.909434742,0,0
0,0,0.6154749919,3.147215244,1,0
0,0,1.00616429,3.906892986,2,0
0,0,1.482226711,4.760624202,2,-1
1,1,2.096508733,6.142820218
0,0,0,0,2,0
0,0,-0.100816124,-1.00816124,1,0
0,0,-0.2062560698,-1.054399458,2,0
0,0,-0.4198547794,-2.135987096,0,0
0,0,-0.6185646161,-1.987098366,2,0
0,0,-0.9695461118,-3.509814957,0,0
0,0,-1.394144986,-4.245988742,1,-1
1,1,-1.960747481,-5.666024953
0,0,0,0,2,0
0,0,-0.09593933511,-0.9593933511,1,0
0,0,-0.2113682641,-1.154289289,1,0
0,0,-0.3717369067,-1.603686426,2,0
0,0,-0.6816946117,-3.09957705,0,0
0,0,-1.025795474,-3.441008623,0,0
0,0,-1.445613159,-4.19817685,1,-1
1,1,-2.008161669,-5.625485096
0,0,0,0,2,0
0,0,-0.07956475648,-0.7956475648,0,0
0,0,-0.07037122973,0.09193526744,2,0
0,0,-0.1639311036,-0.9355987389,2,0
0,0,-0.3635265344,-1.995954308,1,0
0,0,-0.6064729566,-2.429464222,0,0
0,0,-0.8566761743,-2.502032177,1,0
0,0,-1.225318613,-3.686424382,0,-1
1,1,-1.697977797,-4.726591844
0,0,0,0,1,0
0,0,-0.008677762185,-0.08677762185,0,0
0,0,0.05976981623,0.6844757841,2,0
0,0,0.05105811977,-0.08711696457,2,0
0,0,-0.02842198799,-0.7948010776,1,0
0,0,-0.1189379804,-0.9051599238,2,0
0,0,-0.3019000602,-1.829620798,2,0
0,0,-0.6128184105,-3.109183503,1,0
0,0,-1.00833848,-3.955200696,0,0
0,0,-1.485623766,-4.772852855,0,-1
1,1,-2.101145335,-6.155215698
0,0,0,0,0,0
0,0,0.08832936433,0.8832936433,2,0
0,0,0.1170191885,0.2868982418,1,0
0,0,0.1565550185,0.3953582994,0,0
0,0,0.3007375938,1.441825754,0,0
0,0,0.5722189353,2.714813415,1,0
0,0,0.9135349892,3.413160539,2,0
0,0,1.313581322,4.000463323,1,-1
1,1,1.847899585,5.343182633
0,0,0,0,1,0
0,0,0.008084429646,0.08084429646,2,0
0,0,-0.07963335704,-0.8771778669,0,0
0,0,-0.09589788221,-0.1626452517,2,0
0,0,-0.2135553849,-1.176575027,2,0
0,0,-0.4477142967,-2.341589117,2,0
0,0,-0.8333571984,-3.856429018,1,0
0,0,-1.331925131,-4.985679328,2,-1
1,1,-1.981206781,-6.492816494
0,0,0,0,1,0
0,0,-0.01301048982,-0.1301048982,0,0
0,0,0.07561558435,0.8862607417,1,0
0,0,0.1786818799,1.030662955,0,0
0,0,0.4125753257,2.338934458,0,0
0,0,0.7741179374,3.615426116,0,0
0,0,1.303212215,5.290942774,0,-1
1,1,1.98169372,6.784815057
0,0,0,0,2,0
0,0,-0.08186994823,-0.8186994823,1,0
0,0,-0.1886339715,-1.067640233,0,0
0,0,-0.2435840336,-0.5495006212,1,0
0,0,-0.3373078918,-0.9372385812,2,0
0,0,-0.5670408195,-2.297329277,1,0
0,0,-0.8894515293,-3.224107098,2,0
0,0,-1.384693641,-4.952421118,1,-1
1,1,-2.019716999,-6.350233575
0,0,0,0,2,0
0,0,-0.08501880537,-0.8501880537,0,0
0,0,-0.1039673371,-0.1894853172,2,0
0,0,-0.2278178502,-1.238505131,1,0
0,0,-0.375807756,-1.479899058,1,0
0,0,-0.5901132527,-2.143054968,2,0
0,0,-0.963081103,-3.729678503,1,0
0,0,-1.451576392,-4.884952888,0,-1
1,1,-2.072299921,-6.207235293
0,0,0,0,2,0
0,0,-0.09448325218,-0.9448325218,2,0
0,0,-0.2849730508,-1.904897987,1,0
0,0,-0.5220051659,-2.370321151,0,0
0,0,-0.755450936,-2.334457701,1,0
0,0,-1.098610129,-3.431591932,1,0
0,0,-1.564464373,-4.658542443,2,-1
1,1,-2.177561326,-6.130969528
0,0,0,0,0,0
0,0,0.102497695,1.02497695,0,0
0,0,0.3202320591,2.177343641,1,0
0,0,0.5870478985,2.668158394,1,0
0,0,0.9278433333,3.407954348,0,0
0,0,1.431393717,5.035503835,2,-1
1,1,2.065781217,6.343875003
0,0,0,0,1,0
0,0,-0.004942324342,-0.04942324342,1,0
0,0,-0.02660611033,-0.2166378599,1,0
0,0,-0.05650382356,-0.2989771322,1,0
0,0,-0.09366572329,-0.3716189973,1,0
0,0,-0.158566199,-0.6490047571,0,0
0,0,-0.1683743107,-0.09808111711,1,0
0,0,-0.190963468,-0.2258915726,0,0
0,0,-0.1753684381,0.155950299,2,0
0,0,-0.2932190329,-1.178505948,1,0
0,0,-0.4690405879,-1.75821555,1,0
0,0,-0.7323471908,-2.63306603,2,0
0,0,-1.167395581,-4.350483907,1,-1
1,1,-1.726381373,-5.589857914
