2,1,1
0,0,0,0,1,0
0,0,-0.01702784869,-0.1702784869,0,0
0,0,0.0494500935,0.6647794219,2,0
0,0,0.02077060956,-0.2867948394,0,0
0,0,0.08648429742,0.6571368786,2,0
0,0,0.08806256033,0.01578262916,0,0
0,0,0.1933373384,1.052747781,0,0
0,0,0.4102571504,2.16919812,0,0
0,0,0.773517635,3.632604846,1,0
0,0,1.231845002,4.583273671,2,-1
1,1,1.799910163,5.680651605
0,0,0,0,2,0
0,0,-0.09191860848,-0.9191860848,1,0
0,0,-0.2040557595,-1.12137151,2,0
0,0,-0.4197799328,-2.157241733,2,0
0,0,-0.7670869421,-3.473070093,2,0
0,0,-1.282253979,-5.15167037,0,-1
1,1,-1.907310113,-6.250561339
0,0,0,0,2,0
0,0,-0.07974259805,-0.7974259805,0,0
0,0,-0.07371571343,0.06026884617,1,0
0,0,-0.09529431089,-0.2157859746,1,0
0,0,-0.1430900995,-0.4779578865,2,0
0,0,-0.3063433702,-1.632532706,0,0
0,0,-0.4366229726,-1.302796025,1,0
0,0,-0.6270607832,-1.904378106,1,0
0,0,-0.9206522353,-2.935914521,2,0
0,0,-1.383994315,-4.633420797,1,-1
1,1,-1.987657825,-6.036635098
0,0,0,0,0,0
0,0,0.09274451759,0.9274451759,1,0
0,0,0.1991785652,1.064340476,0,0
0,0,0.4227630929,2.235845278,0,0
0,0,0.8045615168,3.817984239,1,0
0,0,1.287779152,4.832176355,0,-1
1,1,1.928637146,6.408579933
0,0,0,0,0,0
0,0,0.07898393912,0.7898393912,1,0
0,0,0.1845283577,1.055444186,2,0
0,0,0.2430628816,0.5853452385,2,0
0,0,0.2742627854,0.3119990381,0,0
0,0,0.4202908532,1.460280678,2,0
0,0,0.5684728495,1.481819963,2,0
0,0,0.7306062148,1.621333653,1,0
0,0,1.002515671,2.719094565,2,0
0,0,1.351041383,3.485257122,1,-1
1,1,1.840630296,4.895889126
0,0,0,0,1,0
0,0,-0.01032552099,-0.1032552099,2,0
0,0,-0.1119278281,-1.016023071,0,0
0,0,-0.1457154524,-0.3378762432,2,0
0,0,-0.2814300688,-1.357146164,1,0
0,0,-0.4636422418,-1.82212173,1,0
0,0,-0.7118242513,-2.481820095,0,0
0,0,-0.989971059,-2.781468077,1,0
0,0,-1.38523067,-3.952596107,2,-1
1,1,-1.936172559,-5.509418893
0,0,0,0,2,0
0,0,-0.09485779186,-0.9485779186,1,0
0,0,-0.2193525336,-1.244947417,1,0
0,0,-0.3690753435,-1.497228099,2,0
0,0,-0.6681599924,-2.990846489,2,0
0,0,-1.120228318,-4.520683255,1,-1
1,1,-1.694804434,-5.745761159
0,0,0,0,2,0
0,0,-0.07304754369,-0.7304754369,0,0
0,0,-0.07930047444,-0.06252930744,2,0
0,0,-0.1879182157,-1.086177413,2,0
0,0,-0.4244422413,-2.365240256,0,0
0,0,-0.6473970322,-2.229547909,1,0
0,0,-0.9516588122,-3.042617799,0,0
0,0,-1.337510548,-3.858517362,0,-1
1,1,-1.844749476,-5.072389276
0,0,0,0,1,0
0,0,0.01357927319,0.1357927319,0,0
0,0,0.1142247166,1.006454435,0,0
0,0,0.3307601635,2.165354468,2,0
0,0,0.5116400341,1.808798707,0,0
0,0,0.8380593697,3.264193356,0,0
0,0,1.325175904,4.871165347,0,-1
1,1,1.968137693,6.42961789
0,0,0,0,2,0
0,0,-0.0757532213,-0.757532213,0,0
0,0,-0.07909895816,-0.03345736853,0,0
0,0,-0.003247886506,0.7585107165,1,0
0,0,0.08771191578,0.9095980229,1,0
0,0,0.1820259912,0.9431407538,1,0
0,0,0.2906105426,1.085845514,1,0
0,0,0.4640719679,1.734614253,0,0
0,0,0.7821793013,3.181073334,0,0
0,0,1.253593085,4.714137833,1,-1
1,1,1.861255727,6.07662642
0,0,0,0,1,0
0,0,-0.008682132381,-0.08682132381,1,0
0,0,-0.006540470275,0.02141662106,2,0
0,0,-0.09650024056,-0.8995977029,1,0
0,0,-0.2185610713,-1.220608307,1,0
0,0,-0.366985485,-1.484244137,2,0
0,0,-0.6671471998,-3.001617148,1,0
0,0,-1.052415266,-3.852680664,2,-1
1,1,-1.591265334,-5.388500681
0,0,0,0,1,0
0,0,0.01725650184,0.1725650184,2,0
0,0,-0.05044166319,-0.6769816504,1,0
0,0,-0.1113675021,-0.6092583896,0,0
0,0,-0.088576452,0.2279105015,0,0
0,0,0.001615555445,0.9019200744,1,0
0,0,0.1046133319,1.029977765,1,0
0,0,0.2345745476,1.299612157,2,0
0,0,0.310856069,0.7628152146,1,0
0,0,0.4552383853,1.443823162,1,0
0,0,0.6624409336,2.072025484,2,0
0,0,0.9103499091,2.479089755,2,0
0,0,1.220495953,3.101460435,0,-1
1,1,1.690812221,4.703162687
0,0,0,0,1,0
0,0,-0.01595242881,-0.1595242881,0,0
0,0,0.04255166018,0.5850408899,2,0
0,0,0.03064483859,-0.1190682158,2,0
0,0,-0.0605973003,-0.9124213889,1,0
0,0,-0.152547074,-0.919497737,0,0
0,0,-0.1872064864,-0.3465941239,1,0
0,0,-0.2572921362,-0.7008564981,1,0
0,0,-0.3777682964,-1.204761602,0,0
0,0,-0.4638640604,-0.8609576408,0,0
0,0,-0.5535411931,-0.8967713271,0,0
0,0,-0.6484537277,-0.9491253458,0,0
0,0,-0.7852083928,-1.367546651,1,0
0,0,-1.030025232,-2.448168396,1,0
0,0,-1.407851985,-3.778267522,0,-1
1,1,-1.917980094,-5.10128109
0,0,0,0,0,0
0,0,0.09376803503,0.9376803503,1,0
0,0,0.1939631821,1.001951471,1,0
0,0,0.3409399471,1.469767649,2,0
0,0,0.4539293612,1.129894141,0,0
0,0,0.7263523837,2.724230225,1,0
0,0,1.087775559,3.614231755,1,-1
1,1,1.579890485,4.921149263
0,0,0,0,2,0
0,0,-0.070930738,-0.70930738,2,0
0,0,-0.2346861137,-1.637553757,1,0
0,0,-0.4237838412,-1.890977275,0,0
0,0,-0.5964185612,-1.7263472,0,0
0,0,-0.8008838937,-2.044653325,1,0
0,0,-1.109632884,-3.087489907,1,0
0,0,-1.551582775,-4.419498903,2,-1
1,1,-2.141403017,-5.89820242
0,0,0,0,1,0
0,0,-0.006990652961,-0.06990652961,1,0
0,0,-0.02819073153,-0.2120007857,2,0
0,0,-0.1277543427,-0.995636112,0,0
0,0,-0.1784079085,-0.5065356576,1,0
0,0,-0.2428312781,-0.6442336958,2,0
0,0,-0.4434093076,-2.005780295,1,0
0,0,-0.7207285158,-2.773192082,0,0
0,0,-1.045552481,-3.248239652,0,0
0,0,-1.458248986,-4.126965053,2,-1
1,1,-2.023014094,-5.647651073
0,0,0,0,2,0
0,0,-0.1022459921,-1.022459921,0,0
0,0,-0.1477533479,-0.4550735581,0,0
0,0,-0.1212702226,0.2648312531,0,0
0,0,-0.02152407372,0.9974614884,2,0
0,0,-0.002971587359,0.1855248636,0,0
0,0,0.1008386705,1.038102579,1,0
0,0,0.2234351362,1.225964657,1,0
0,0,0.3692310996,1.457959634,2,0
0,0,0.5077151797,1.384840801,2,0
0,0,0.6648294465,1.571142668,1,0
0,0,0.9287501341,2.639206875,2,0
0,0,1.260187351,3.314372174,1,-1
1,1,1.730351172,4.701638203
0,0,0,0,1,0
0,0,0.001156248687,0.01156248687,1,0
0,0,0.004177242756,0.03020994069,2,0
0,0,-0.07042701013,-0.7460425288,0,0
0,0,-0.05706789846,0.1335911166,2,0
0,0,-0.141357067,-0.8428916858,2,0
0,0,-0.3377200521,-1.963629851,0,0
0,0,-0.4954949045,-1.577748524,1,0
0,0,-0.7211357607,-2.256408562,2,0
0,0,-1.098210674,-3.770749136,1,-1
1,1,-1.596436527,-4.982258524
0,0,0,0,2,0
0,0,-0.0724944922,-0.724944922,2,0
0,0,-0.2322853233,-1.597908311,0,0
0,0,-0.3412039422,-1.089186189,0,0
0,0,-0.4371556122,-0.9595167,2,0
0,0,-0.693081903,-2.559262908,2,0
0,0,-1.101483194,-4.084012907,2,-1
1,1,-1.668011729,-5.665285352
0,0,0,0,0,0
0,0,0.07840015599,0.7840015599,1,0
0,0,0.1813136826,1.029135266,2,0
0,0,0.2273475636,0.4603388107,1,0
0,0,0.2992401427,0.7189257902,1,0
0,0,0.4109848038,1.117446611,2,0
0,0,0.5137730768,1.027882731,1,0
0,0,0.6942334721,1.804603953,2,0
0,0,0.9182534235,2.240199514,1,0
0,0,1.255812524,3.375591005,2,-1
1,1,1.707632032,4.518195079
0,0,0,0,0,0
0,0,0.09824674365,0.9824674365,2,0
0,0,0.1203825089,0.2213576529,2,0
0,0,0.08917722172,-0.3120528722,1,0
0,0,0.07587148256,-0.1330573917,0,0
0,0,0.14825058,0.7237909744,1,0
0,0,0.2525001795,1.042495995,2,0
0,0,0.3271575346,0.7465735512,2,0
0,0,0.3757539753,0.4859644064,1,0
0,0,0.4724032463,0.9664927105,2,0
0,0,0.5760829324,1.036796861,1,0
0,0,0.7676302912,1.915473587,0,0
0,0,1.133937072,3.663067808,0,-1
1,1,1.656096151,5.221590793
0,0,0,0,2,0
0,0,-0.09707269328,-0.9707269328,2,0
0,0,-0.2969433323,-1.99870639,1,0
0,0,-0.5465264402,-2.495831079,2,0
0,0,-0.9487268805,-4.022004403,1,0
0,0,-1.456125609,-5.073987287,2,-1
1,1,-2.113726871,-6.576012619
0,0,0,0,2,0
0,0,-0.08369707917,-0.8369707917,2,0
0,0,-0.2782960938,-1.945990146,0,0
0,0,-0.4483324215,-1.700363277,0,0
0,0,-0.6060361169,-1.577036954,0,0
0,0,-0.7882796415,-1.822435245,0,0
0,0,-1.017782369,-2.295027279,1,0
0,0,-1.372892017,-3.551096477,1,-1
1,1,-1.870090114,-4.971980973
0,0,0,0,2,0
0,0,-0.07744805066,-0.7744805066,2,0
0,0,-0.271678926,-1.942308753,0,0
0,0,-0.4293861678,-1.577072418,2,0
0,0,-0.7422674091,-3.128812413,2,0
0,0,-1.215787875,-4.735204657,0,-1
1,1,-1.795132497,-5.793446218
0,0,0,0,0,0
0,0,0.07180246516,0.7180246516,1,0
0,0,0.1396794122,0.6787694701,1,0
0,0,0.2460049555,1.063255433,1,0
0,0,0.3790850385,1.33080083,0,0
0,0,0.6412418492,2.621568107,1,0
0,0,0.9912350846,3.499932354,1,0
0,0,1.466311358,4.750762737,2,-1
1,1,2.076233141,6.099217827
0,0,0,0,1,0
0,0,-0.005819872959,-0.05819872959,1,0
0,0,-0.0247445807,-0.1892470774,0,0
0,0,0.0350101831,0.597547638,1,0
0,0,0.107130815,0.7212063185,1,0
0,0,0.2011228548,0.9399203983,1,0
0,0,0.328047288,1.269244332,0,0
0,0,0.6053511902,2.773039022,0,0
0,0,1.036611277,4.312600866,0,-1
1,1,1.625654544,5.890432668
0,0,0,0,1,0
0,0,0.002451841947,0.02451841947,0,0
0,0,0.09839382801,0.9594198606,1,0
0,0,0.2072018227,1.088079946,2,0
0,0,0.2622396595,0.5503783685,1,0
0,0,0.3593017705,0.9706211098,2,0
0,0,0.4410561235,0.8175435299,0,0
0,0,0.681018943,2.399628195,0,0
0,0,1.076827905,3.95808962,2,0
0,0,1.559810361,4.829824562,1,-1
1,1,2.189386103,6.29575742
0,0,0,0,1,0
0,0,0.01581505738,0.1581505738,1,0
0,0,0.01805263433,0.02237576955,2,0
0,0,-0.05377326549,-0.7182589982,2,0
0,0,-0.2207490403,-1.669757748,0,0
0,0,-0.3410268831,-1.202778428,1,0
0,0,-0.5166389645,-1.756120814,0,0
0,0,-0.7012792959,-1.846403315,2,0
0,0,-1.060718197,-3.594389015,1,0
0,0,-1.547285798,-4.86567601,2,-1
1,1,-2.182052668,-6.347668695
0,0,0,0,0,0
0,0,0.09835440507,0.9835440507,1,0
0,0,0.2104779591,1.121235541,0,0
0,0,0.4317968325,2.213188734,0,0
0,0,0.7884771102,3.566802777,2,0
0,0,1.194973061,4.064959507,0,-1
1,1,1.758079269,5.631062077
0,0,0,0,0,0
0,0,0.105801015,1.05801015,1,0
0,0,0.2125614944,1.067604793,2,0
0,0,0.2712283858,0.5866689143,2,0
0,0,0.2902124976,0.1898411181,1,0
0,0,0.3493886466,0.5917614897,0,0
0,0,0.5347673692,1.853787226,2,0
0,0,0.7331208328,1.983534636,2,0
0,0,0.9767282245,2.436073917,1,0
0,0,1.348109949,3.713817247,1,-1
1,1,1.8571237,5.090137505
0,0,0,0,2,0
0,0,-0.08978104399,-0.8978104399,1,0
0,0,-0.1814066699,-0.9162562589,2,0
0,0,-0.3824823192,-2.010756493,2,0
0,0,-0.713769285,-3.312869658,1,0
0,0,-1.13419514,-4.204258549,1,-1
1,1,-1.678586069,-5.443909294
0,0,0,0,2,0
0,0,-0.09836592054,-0.9836592054,2,0
0,0,-0.2932385567,-1.948726362,0,0
0,0,-0.4599299641,-1.666914073,2,0
0,0,-0.7624485557,-3.025185916,0,0
0,0,-1.107307497,-3.448589413,2,-1
1,1,-1.613379712,-5.060722146
0,0,0,0,0,0
0,0,0.08711217722,0.8711217722,2,0
0,0,0.09900454758,0.1189237036,1,0
0,0,0.1194955531,0.204910055,1,0
0,0,0.1741015796,0.5460602653,2,0
0,0,0.1811160933,0.07014513682,2,0
0,0,0.1470401053,-0.3407598795,1,0
0,0,0.1396583992,-0.07381706151,1,0
0,0,0.1539216291,0.1426322988,0,0
0,0,0.2689614466,1.150398175,0,0
0,0,0.5058927499,2.369313034,1,0
0,0,0.8120196759,3.06126926,2,0
0,0,1.175324579,3.633049034,2,-1
1,1,1.643796708,4.684721288
0,0,0,0,2,0
0,0,-0.08782768346,-0.8782768346,1,0
0,0,-0.1810328274,-0.9320514389,1,0
0,0,-0.2994215596,-1.183887322,1,0
0,0,-0.4651766006,-1.65755041,0,0
0,0,-0.6155395983,-1.503629977,1,0
0,0,-0.8566640959,-2.411244976,2,0
0,0,-1.272068965,-4.154048691,2,-1
1,1,-1.843819003,-5.717500381
0,0,0,0,1,0
0,0,0.002663026616,0.02663026616,1,0
0,0,0.01057317238,0.07910145761,2,0
0,0,-0.05121786278,-0.6179103515,0,0
0,0,-0.03707962522,0.1413823755,2,0
0,0,-0.1336818066,-0.9660218141,0,0
0,0,-0.1697258764,-0.3604406978,1,0
0,0,-0.232343434,-0.6261755761,2,0
0,0,-0.4258303475,-1.934869135,0,0
0,0,-0.5948303546,-1.690000071,1,0
0,0,-0.854473848,-2.596434934,1,0
0,0,-1.228093499,-3.736196513,2,-1
1,1,-1.760213253,-5.321197533
0,0,0,0,0,0
0,0,0.09670408624,0.9670408624,1,0
0,0,0.2012855303,1.045814441,0,0
0,0,0.4223247498,2.210392195,1,0
0,0,0.7183552979,2.960305481,2,0
0,0,1.051756609,3.334013111,1,0
0,0,1.504262461,4.525058522,0,-1
1,1,2.107477215,6.032147535
0,0,0,0,2,0
0,0,-0.0799271974,-0.799271974,1,0
0,0,-0.1768925246,-0.9696532719,1,0
0,0,-0.2984605973,-1.215680727,0,0
0,0,-0.3770531911,-0.7859259384,0,0
0,0,-0.4284067139,-0.5135352281,1,0
0,0,-0.5531513699,-1.24744656,1,0
0,0,-0.751889322,-1.98737952,1,0
0,0,-1.060282767,-3.083934451,1,0
0,0,-1.49723452,-4.369517527,0,-1
1,1,-2.072766678,-5.755321582
0,0,0,0,1,0
0,0,0.002811961438,0.02811961438,1,0
0,0,0.01123976498,0.0842780354,2,0
0,0,-0.05344779406,-0.6468755904,2,0
0,0,-0.2171864402,-1.637386462,2,0
0,0,-0.5167008926,-2.995144523,1,0
0,0,-0.891760154,-3.750592614,2,0
0,0,-1.431377201,-5.396170471,1,-1
1,1,-2.111926649,-6.805494479
0,0,0,0,0,0
0,0,0.09504862871,0.9504862871,0,0
0,0,0.2923712982,1.973226695,0,0
0,0,0.6247536959,3.323823977,0,0
0,0,1.110553142,4.857994456,2,-1
1,1,1.677343115,5.66789973
0,0,0,0,0,0
0,0,0.0858219967,0.858219967,0,0
0,0,0.2687656091,1.829436124,0,0
0,0,0.5919245833,3.231589741,1,0
0,0,0.9923964646,4.004718814,0,0
0,0,1.55321168,5.608152151,0,-1
1,1,2.261451117,7.08239437
0,0,0,0,0,0
0,0,0.1007450567,1.007450567,2,0
0,0,0.1195280195,0.1878296278,0,0
0,0,0.2498163502,1.302883307,2,0
0,0,0.3464256214,0.9660927118,2,0
0,0,0.4102361752,0.6381055377,1,0
0,0,0.5501726169,1.399364418,2,0
0,0,0.7125359238,1.623633069,2,0
0,0,0.9070624294,1.945265056,1,0
0,0,1.227620824,3.205583947,0,-1
1,1,1.711396587,4.83775763
0,0,0,0,1,0
0,0,0.01119722614,0.1119722614,0,0
0,0,0.112758698,1.015614718,0,0
0,0,0.3324122931,2.196535951,0,0
0,0,0.6747916369,3.423793438,2,0
0,0,1.046067108,3.712754709,1,0
0,0,1.538663535,4.925964276,2,-1
1,1,2.17510637,6.364428348
0,0,0,0,1,0
0,0,-0.001155286366,-0.01155286366,0,0
0,0,0.07604143477,0.7719672113,1,0
0,0,0.1760825901,1.000411553,2,0
0,0,0.2267890812,0.5070649116,0,0
0,0,0.409986454,1.831973727,1,0
0,0,0.6507236724,2.407372185,2,0
0,0,0.9104264383,2.597027659,0,0
0,0,1.343602624,4.331761857,1,-1
1,1,1.911745534,5.6814291
0,0,0,0,2,0
0,0,-0.07580544766,-0.7580544766,1,0
0,0,-0.1777744111,-1.019689634,2,0
0,0,-0.3809684569,-2.031940459,2,0
0,0,-0.7183737719,-3.374053149,0,0
0,0,-1.096829506,-3.78455734,2,-1
1,1,-1.64357235,-5.467428437
0,0,0,0,2,0
0,0,-0.08855788185,-0.8855788185,0,0
0,0,-0.09831761702,-0.09759735169,2,0
0,0,-0.2019053806,-1.035877636,1,0
0,0,-0.3348643757,-1.329589951,2,0
0,0,-0.6171099388,-2.822455631,0,0
0,0,-0.919793987,-3.026840482,1,0
0,0,-1.345083871,-4.252898836,2,-1
1,1,-1.923110125,-5.780262541
0,0,0,0,2,0
0,0,-0.08429676706,-0.8429676706,0,0
0,0,-0.08640432288,-0.02107555818,2,0
0,0,-0.204405318,-1.180009951,1,0
0,0,-0.3475375952,-1.431322772,2,0
0,0,-0.6357960414,-2.882584462,1,0
0,0,-1.015098736,-3.793026945,2,0
0,0,-1.554485953,-5.393872172,2,-1
1,1,-2.241362073,-6.868761199
0,0,0,0,2,0
0,0,-0.07780328169,-0.7780328169,2,0
0,0,-0.2417690715,-1.639657898,2,0
0,0,-0.5317071036,-2.899380321,1,0
0,0,-0.9039463189,-3.722392154,2,0
0,0,-1.441008994,-5.370626748,0,-1
1,1,-2.107887747,-6.668787532
0,0,0,0,0,0
0,0,0.1006035687,1.006035687,2,0
0,0,0.1390420814,0.3843851278,0,0
0,0,0.2789784484,1.399363669,0,0
0,0,0.5436000405,2.646215921,0,0
0,0,0.9634298665,4.19829826,1,0
0,0,1.489077867,5.256480006,0,-1
1,1,2.163602806,6.745249389
0,0,0,0,2,0
0,0,-0.07483723789,-0.7483723789,1,0
0,0,-0.1582030833,-0.8336584543,2,0
0,0,-0.3646690542,-2.064659709,1,0
0,0,-0.6431186159,-2.784495617,1,0
0,0,-1.012284734,-3.691661183,1,0
0,0,-1.499334598,-4.870498635,1,-1
1,1,-2.131486888,-6.321522904
0,0,0,0,1,0
0,0,0.01583787337,0.1583787337,2,0
0,0,-0.05843772373,-0.742755971,2,0
0,0,-0.2195240645,-1.610863408,1,0
0,0,-0.4110165527,-1.914924882,2,0
0,0,-0.7422189969,-3.312024442,0,0
0,0,-1.103204703,-3.609857064,2,-1
1,1,-1.62830187,-5.250971663
