2,1,1
0,0,0,0,2,0
0,0,-0.09587536141,-0.9587536141,0,0
0,0,-0.1351289059,-0.3925354446,1,0
0,0,-0.2057432918,-0.7061438597,1,0
0,0,-0.2990823309,-0.9333903906,0,0
0,0,-0.3636590529,-0.6457672201,1,0
0,0,-0.481346571,-1.176875181,2,0
0,0,-0.7583320492,-2.769854781,0,0
0,0,-1.08826766,-3.299356111,1,0
0,0,-1.548733507,-4.604658468,1,-1
1,1,-2.155289667,-6.065561598
0,0,0,0,2,0
0,0,-0.0724611059,-0.724611059,0,0
0,0,-0.05456006549,0.1790104041,2,0
0,0,-0.1176651848,-0.6310511935,0,0
0,0,-0.1118913001,0.05773884759,0,0
0,0,-0.0206744979,0.9121680218,0,0
0,0,0.1384395745,1.591140724,1,0
0,0,0.323329487,1.848899125,0,0
0,0,0.6409500844,3.176205973,1,0
0,0,1.056447851,4.154977663,2,0
0,0,1.54891827,4.924704195,1,-1
1,1,2.187526896,6.386086257
0,0,0,0,1,0
0,0,0.007776689556,0.07776689556,0,0
0,0,0.1113761553,1.035994657,0,0
0,0,0.3325301973,2.21154042,2,0
0,0,0.5165010696,1.839708723,1,0
0,0,0.790084911,2.735838414,2,0
0,0,1.102726027,3.126411158,0,-1
1,1,1.577265073,4.745390465
0,0,0,0,2,0
0,0,-0.08987005854,-0.8987005854,0,0
0,0,-0.09789937151,-0.08029312971,2,0
0,0,-0.1941779273,-0.9627855575,1,0
0,0,-0.3239155119,-1.297375846,1,0
0,0,-0.496944149,-1.730286371,0,0
0,0,-0.6588240923,-1.618799433,2,0
0,0,-0.9861860162,-3.273619238,2,0
0,0,-1.478663244,-4.924772274,0,-1
1,1,-2.108295132,-6.296318887
0,0,0,0,2,0
0,0,-0.07117363679,-0.7117363679,1,0
0,0,-0.1421891962,-0.7101555945,2,0
0,0,-0.3378755947,-1.956863984,1,0
0,0,-0.5972784139,-2.594028192,0,0
0,0,-0.8783543112,-2.810758973,2,0
0,0,-1.315120845,-4.36766534,1,-1
1,1,-1.886124138,-5.710032925
0,0,0,0,0,0
0,0,0.08136366061,0.8136366061,0,0
0,0,0.2740082416,1.92644581,1,0
0,0,0.5121956426,2.381874011,2,0
0,0,0.7457641494,2.335685067,2,0
0,0,1.015959043,2.701948932,0,0
0,0,1.459489468,4.435304258,0,-1
1,1,2.054171323,5.946818544
0,0,0,0,2,0
0,0,-0.08528715039,-0.8528715039,0,0
0,0,-0.08650862671,-0.01221476318,1,0
0,0,-0.09080368015,-0.04295053439,0,0
0,0,-0.01741755739,0.7338612276,0,0
0,0,0.1422952821,1.597128395,0,0
0,0,0.3996571854,2.573619032,1,0
0,0,0.7312360162,3.315788308,2,0
0,0,1.107786598,3.765505814,2,-1
1,1,1.582090144,4.743035464
0,0,0,0,1,0
0,0,0.01304652581,0.1304652581,2,0
0,0,-0.05323049142,-0.6627701723,0,0
0,0,-0.04896328004,0.04267211381,2,0
0,0,-0.1329956232,-0.8403234312,0,0
0,0,-0.1423977825,-0.09402159318,2,0
0,0,-0.2491579466,-1.067601641,1,0
0,0,-0.3955247772,-1.463668306,2,0
0,0,-0.6889371297,-2.934123525,1,0
0,0,-1.081109114,-3.921719839,0,0
0,0,-1.566181362,-4.850722484,2,-1
1,1,-2.198488302,-6.3230694
0,0,0,0,0,0
0,0,0.07673388862,0.7673388862,1,0
0,0,0.166473292,0.897394034,0,0
0,0,0.3830276645,2.165543725,1,0
0,0,0.6458804943,2.628528298,2,0
0,0,0.9372068652,2.913263709,0,0
0,0,1.399206348,4.619994832,1,-1
1,1,2.003567059,6.043607108
0,0,0,0,1,0
0,0,0.01720425646,0.1720425646,2,0
0,0,-0.03888791643,-0.5609217289,0,0
0,0,-0.004562676794,0.3432523964,0,0
0,0,0.1068538044,1.114164812,0,0
0,0,0.3170503216,2.101965171,2,0
0,0,0.4867787058,1.697283843,2,0
0,0,0.6654530731,1.786743672,2,0
0,0,0.8712903238,2.058372507,1,0
0,0,1.192047601,3.207572774,0,-1
1,1,1.671837418,4.797898172
0,0,0,0,2,0
0,0,-0.09500091696,-0.9500091696,1,0
0,0,-0.2062435697,-1.112426527,1,0
0,0,-0.3482072701,-1.419637004,2,0
0,0,-0.6297606944,-2.815534243,2,0
0,0,-1.073879731,-4.441190367,2,-1
1,1,-1.678080838,-6.042011072
0,0,0,0,1,0
0,0,0.007373565191,0.07373565191,1,0
0,0,0.02053177231,0.1315820712,1,0
0,0,0.04292935495,0.2239758264,0,0
0,0,0.1773501299,1.34420775,0,0
0,0,0.4176348796,2.402847497,2,0
0,0,0.6386130848,2.209782052,2,0
0,0,0.8898217449,2.512086601,2,0
0,0,1.200008006,3.101862608,0,-1
1,1,1.674002517,4.739945108
0,0,0,0,0,0
0,0,0.07148705607,0.7148705607,2,0
0,0,0.07472429139,0.03237235322,2,0
0,0,-0.006021436079,-0.8074572747,1,0
0,0,-0.07487269155,-0.6885125547,2,0
0,0,-0.2347239505,-1.598512589,2,0
0,0,-0.5108460491,-2.761220987,1,0
0,0,-0.8498510429,-3.390049937,0,0
0,0,-1.253363046,-4.035120034,0,-1
1,1,-1.763633764,-5.102707182
0,0,0,0,1,0
0,0,-0.003710744268,-0.03710744268,0,0
0,0,0.09661169351,1.003224378,1,0
0,0,0.2247914994,1.281798059,2,0
0,0,0.2889173843,0.6412588489,0,0
0,0,0.485923049,1.970056647,1,0
0,0,0.7436661796,2.577431306,1,0
0,0,1.110858029,3.671918495,2,-1
1,1,1.572095244,4.61237215
0,0,0,0,0,0
0,0,0.08149255053,0.8149255053,0,0
0,0,0.2562279314,1.747353809,2,0
0,0,0.3925215225,1.362935911,1,0
0,0,0.5777832305,1.85261708,2,0
0,0,0.7908313327,2.130481022,1,0
0,0,1.123211725,3.323803924,1,-1
1,1,1.582022084,4.588103587
0,0,0,0,2,0
0,0,-0.09337862581,-0.9337862581,1,0
0,0,-0.1855567011,-0.9217807529,0,0
0,0,-0.2373943056,-0.5183760451,1,0
0,0,-0.3329700512,-0.9557574556,1,0
0,0,-0.4796916343,-1.467215831,2,0
0,0,-0.7767107913,-2.97019157,2,0
0,0,-1.227372445,-4.506616542,0,-1
1,1,-1.7814955,-5.541230548
0,0,0,0,1,0
0,0,-0.01088573443,-0.1088573443,1,0
0,0,-0.02430871026,-0.1342297583,0,0
0,0,0.04165051579,0.6595922606,0,0
0,0,0.1881671155,1.465165997,2,0
0,0,0.28132442,0.931573045,2,0
0,0,0.333063591,0.5173917092,2,0
0,0,0.3485929595,0.1552936852,2,0
0,0,0.3347569779,-0.1383598153,2,0
0,0,0.286615498,-0.4814147995,2,0
0,0,0.2112002651,-0.7541523291,2,0
0,0,0.08894758885,-1.222526762,0,0
0,0,0.08626939582,-0.02678193033,1,0
0,0,0.1011152312,0.1484583534,2,0
0,0,0.05214898927,-0.4896624188,2,0
0,0,-0.06109016716,-1.132391564,2,0
0,0,-0.2673802847,-2.062901176,2,0
0,0,-0.6160657672,-3.486854825,1,0
0,0,-1.051206019,-4.351402521,1,-1
1,1,-1.604503643,-5.532976234
0,0,0,0,2,0
0,0,-0.08760270302,-0.8760270302,2,0
0,0,-0.2845274464,-1.969247433,1,0
0,0,-0.5437709538,-2.592435074,0,0
0,0,-0.7976718813,-2.539009275,0,0
0,0,-1.092760337,-2.95088456,1,0
0,0,-1.517166879,-4.244065414,0,-1
1,1,-2.082425017,-5.652581379
0,0,0,0,0,0
0,0,0.09484126605,0.9484126605,0,0
0,0,0.291587988,1.967467219,2,0
0,0,0.4538299212,1.622419332,2,0
0,0,0.5979827318,1.441528106,1,0
0,0,0.840600529,2.426177972,1,0
0,0,1.200884341,3.602838124,2,-1
1,1,1.668650198,4.67765857
0,0,0,0,0,0
0,0,0.1031734719,1.031734719,0,0
0,0,0.3055888674,2.024153954,0,0
0,0,0.6478160294,3.42227162,1,0
0,0,1.08641212,4.385960906,0,-1
1,1,1.685322322,5.98910202
0,0,0,0,0,0
0,0,0.0910353202,0.910353202,2,0
0,0,0.1202035453,0.2916822509,2,0
0,0,0.0797253317,-0.4047821359,2,0
0,0,-0.0306578422,-1.103831739,1,0
0,0,-0.1599523299,-1.292944877,1,0
0,0,-0.3081213924,-1.481690625,1,0
0,0,-0.510285309,-2.021639166,0,0
0,0,-0.7197365538,-2.094512449,1,0
0,0,-1.020856774,-3.011202202,0,0
0,0,-1.399031146,-3.781743723,2,-1
1,1,-1.933400626,-5.343694796
0,0,0,0,1,0
0,0,-0.009458200928,-0.09458200928,2,0
0,0,-0.1204328732,-1.109746723,1,0
0,0,-0.2418823756,-1.214495025,1,0
0,0,-0.4122723508,-1.703899751,0,0
0,0,-0.5730708777,-1.607985269,1,0
0,0,-0.8307494585,-2.576785809,0,0
0,0,-1.136137067,-3.053876089,1,-1
1,1,-1.576452058,-4.403149903
0,0,0,0,1,0
0,0,0.002288394848,0.02288394848,1,0
0,0,-0.01050000317,-0.1278839801,0,0
0,0,0.04846772979,0.5896773295,2,0
0,0,0.01097136572,-0.3749636407,0,0
0,0,0.07582299036,0.6485162464,1,0
0,0,0.1430367891,0.6721379878,0,0
0,0,0.3126895252,1.69652736,0,0
0,0,0.6086241926,2.959346675,2,0
0,0,0.9111968611,3.025726685,1,0
0,0,1.324639314,4.134424524,2,-1
1,1,1.859072061,5.344327471
0,0,0,0,1,0
0,0,-0.000329449388,-0.00329449388,2,0
0,0,-0.1023770732,-1.020476238,1,0
0,0,-0.2220600854,-1.196830122,2,0
0,0,-0.4630655936,-2.410055082,2,0
0,0,-0.8384108092,-3.753452157,1,0
0,0,-1.317729418,-4.793186086,1,-1
1,1,-1.93511942,-6.173900024
0,0,0,0,0,0
0,0,0.1030732738,1.030732738,0,0
0,0,0.3268670131,2.237937392,2,0
0,0,0.5064254704,1.795584573,0,0
0,0,0.8270440695,3.206185991,2,0
0,0,1.194486958,3.674428881,1,-1
1,1,1.693891614,4.994046566
0,0,0,0,2,0
0,0,-0.08679822215,-0.8679822215,1,0
0,0,-0.1892292845,-1.024310624,2,0
0,0,-0.412320178,-2.230908934,2,0
0,0,-0.777657614,-3.65337436,2,0
0,0,-1.312093145,-5.344355309,2,-1
1,1,-1.995911586,-6.838184412
0,0,0,0,2,0
0,0,-0.09350354152,-0.9350354152,2,0
0,0,-0.2936434241,-2.001398826,1,0
0,0,-0.5510232186,-2.573797945,2,0
0,0,-0.959574949,-4.085517304,2,0
0,0,-1.52657471,-5.669997613,1,-1
1,1,-2.237933847,-7.11359137
0,0,0,0,2,0
0,0,-0.1001709151,-1.001709151,2,0
0,0,-0.2919568903,-1.917859752,0,0
0,0,-0.447289409,-1.553325187,2,0
0,0,-0.7423228021,-2.950333931,0,0
0,0,-1.079344903,-3.370221008,0,0
0,0,-1.507074638,-4.277297348,2,-1
1,1,-2.084781331,-5.777066938
0,0,0,0,2,0
0,0,-0.1026393777,-1.026393777,1,0
0,0,-0.2163821588,-1.137427811,1,0
0,0,-0.3643050119,-1.479228531,1,0
0,0,-0.5710624101,-2.067573982,0,0
0,0,-0.781552004,-2.104895939,0,0
0,0,-1.0496677,-2.681156956,1,0
0,0,-1.445625864,-3.959581647,0,-1
1,1,-1.976087458,-5.304615932
0,0,0,0,0,0
0,0,0.09946418829,0.9946418829,2,0
0,0,0.1123399763,0.1287578803,2,0
0,0,0.06247184839,-0.4986812793,1,0
0,0,0.01286228835,-0.4960956004,0,0
0,0,0.0691648414,0.5630255305,1,0
0,0,0.1525244368,0.8335959536,2,0
0,0,0.1687812384,0.162568016,2,0
0,0,0.1364466474,-0.3233459098,1,0
0,0,0.1252295881,-0.1121705932,2,0
0,0,0.05580998521,-0.6941960285,1,0
0,0,-0.01313075625,-0.6894074146,1,0
0,0,-0.07307133335,-0.5994057709,0,0
0,0,-0.0622599018,0.1081143154,1,0
0,0,-0.07494200664,-0.1268210484,2,0
0,0,-0.188495078,-1.135530713,0,0
0,0,-0.2515366567,-0.6304157871,1,0
0,0,-0.3605905293,-1.090538726,0,0
0,0,-0.4342916262,-0.7370109691,1,0
0,0,-0.566121527,-1.318299008,2,0
0,0,-0.8508876497,-2.847661227,2,0
0,0,-1.304443662,-4.535560126,1,-1
1,1,-1.896494958,-5.920512958
0,0,0,0,1,0
0,0,0.003516952176,0.03516952176,2,0
0,0,-0.08005908514,-0.8357603732,1,0
0,0,-0.1816064803,-1.015473951,1,0
0,0,-0.302546643,-1.209401627,2,0
0,0,-0.5554589375,-2.529122945,2,0
0,0,-0.9748045756,-4.193456381,1,0
0,0,-1.515177012,-5.403724366,1,-1
1,1,-2.200620366,-6.854433535
0,0,0,0,1,0
0,0,0.009333362694,0.09333362694,2,0
0,0,-0.05997454017,-0.6930790287,0,0
0,0,-0.03524658684,0.2472795333,0,0
0,0,0.08487181532,1.201184022,0,0
0,0,0.3026961465,2.178243312,0,0
0,0,0.6455464838,3.428503373,2,0
0,0,1.008658857,3.631123735,2,0
0,0,1.446602156,4.379432989,0,-1
1,1,2.037406049,5.908038923
0,0,0,0,1,0
0,0,-0.0173248967,-0.173248967,2,0
0,0,-0.1367551317,-1.19430235,2,0
0,0,-0.3683991332,-2.316440015,0,0
0,0,-0.5801431735,-2.117440403,1,0
0,0,-0.8856224006,-3.054792271,0,0
0,0,-1.252598609,-3.669762083,2,-1
1,1,-1.780981609,-5.283830004
0,0,0,0,1,0
0,0,0.007106353765,0.07106353765,0,0
0,0,0.08885317873,0.8174682496,1,0
0,0,0.1721106355,0.8325745678,2,0
0,0,0.2132146269,0.4110399134,0,0
0,0,0.3734491148,1.60234488,1,0
0,0,0.5861889615,2.127398467,0,0
0,0,0.9688757372,3.826867757,2,0
0,0,1.423207361,4.543316235,1,-1
1,1,2.017231913,5.940245521
0,0,0,0,1,0
0,0,-0.003129425181,-0.03129425181,2,0
0,0,-0.08725320104,-0.8412377586,0,0
0,0,-0.1027981255,-0.1554492446,1,0
0,0,-0.1206048807,-0.1780675518,0,0
0,0,-0.08219113248,0.3841374821,1,0
0,0,-0.04999656834,0.3219456414,0,0
0,0,0.07267957291,1.226761412,0,0
0,0,0.3129260255,2.402464526,0,0
0,0,0.6959481112,3.830220857,1,0
0,0,1.181045768,4.850976564,0,-1
1,1,1.823013249,6.419674813
0,0,0,0,1,0
0,0,-0.01670502002,-0.1670502002,2,0
0,0,-0.1088907282,-0.9218570819,2,0
0,0,-0.3077315708,-1.988408426,1,0
0,0,-0.5468135188,-2.39081948,0,0
0,0,-0.7968571411,-2.500436222,2,0
0,0,-1.215043572,-4.18186431,1,-1
1,1,-1.760847843,-5.458042706
0,0,0,0,2,0
0,0,-0.1006660802,-1.006660802,1,0
0,0,-0.2086598476,-1.079937674,1,0
0,0,-0.355636388,-1.469765404,1,0
0,0,-0.5747133294,-2.190769414,2,0
0,0,-0.9430310641,-3.683177347,1,0
0,0,-1.427167648,-4.841365843,0,-1
1,1,-2.041228203,-6.140605542
0,0,0,0,0,0
0,0,0.07595667456,0.7595667456,2,0
0,0,0.07098397988,-0.04972694679,1,0
0,0,0.06525555635,-0.05728423528,1,0
0,0,0.07670366021,0.1144810386,0,0
0,0,0.2046522204,1.279485602,1,0
0,0,0.3591174684,1.544652479,2,0
0,0,0.4868239735,1.277065051,2,0
0,0,0.6157319937,1.289080203,2,0
0,0,0.7637242148,1.479922211,0,0
0,0,1.07620764,3.124834248,2,0
0,0,1.476435314,4.00227674,2,-1
1,1,2.012864053,5.364287391
0,0,0,0,1,0
0,0,0.008963270104,0.08963270104,1,0
0,0,0.003161867496,-0.05801402608,2,0
0,0,-0.1007533508,-1.039152183,2,0
0,0,-0.3030055677,-2.02252217,2,0
0,0,-0.6354506515,-3.324450837,0,0
0,0,-1.000873962,-3.654233107,1,0
0,0,-1.485783297,-4.849093352,2,-1
1,1,-2.121329025,-6.355457274
0,0,0,0,2,0
0,0,-0.07460950675,-0.7460950675,0,0
0,0,-0.08961650164,-0.1500699489,2,0
0,0,-0.2094022946,-1.19785793,0,0
0,0,-0.2716922374,-0.6228994279,1,0
0,0,-0.3838043062,-1.121120688,1,0
0,0,-0.5587735034,-1.749691972,0,0
0,0,-0.7609028683,-2.021293649,2,0
0,0,-1.123809886,-3.629070175,1,-1
1,1,-1.615131627,-4.913217413
0,0,0,0,0,0
0,0,0.07754439115,0.7754439115,0,0
0,0,0.2453403818,1.677959906,2,0
0,0,0.379252778,1.339123963,1,0
0,0,0.5797794307,2.005266527,1,0
0,0,0.8550869275,2.753074968,2,0
0,0,1.186719877,3.316329499,2,-1
1,1,1.628313971,4.415940934
0,0,0,0,2,0
0,0,-0.1054281418,-1.054281418,1,0
0,0,-0.2244363721,-1.190082303,1,0
0,0,-0.3904606329,-1.660242608,2,0
0,0,-0.7137781719,-3.23317539,2,0
0,0,-1.20658561,-4.928074378,2,-1
1,1,-1.85625764,-6.496720307
0,0,0,0,2,0
0,0,-0.0892158286,-0.892158286,2,0
0,0,-0.2971976368,-2.079818082,0,0
0,0,-0.4743598838,-1.77162247,1,0
0,0,-0.7165349594,-2.421750756,2,0
0,0,-1.122343906,-4.058089465,1,-1
1,1,-1.651779517,-5.294356111
0,0,0,0,1,0
0,0,0.01741800909,0.1741800909,0,0
0,0,0.1370231675,1.196051584,0,0
0,0,0.360659119,2.236359515,1,0
0,0,0.6327991007,2.721399817,2,0
0,0,0.9304003031,2.976012025,2,0
0,0,1.298083506,3.67683203,2,-1
1,1,1.779253367,4.811698614
0,0,0,0,2,0
0,0,-0.09681012925,-0.9681012925,1,0
0,0,-0.2230616288,-1.262514995,1,0
0,0,-0.3718636309,-1.488020021,2,0
0,0,-0.6612488988,-2.893852679,0,0
0,0,-0.9911906661,-3.299417673,2,0
0,0,-1.479096773,-4.879061066,2,-1
1,1,-2.115816629,-6.367198564
0,0,0,0,0,0
0,0,0.08032542726,0.8032542726,0,0
0,0,0.2471101414,1.667847142,1,0
0,0,0.4474367559,2.003266145,2,0
0,0,0.6465303928,1.990936368,2,0
0,0,0.8852117415,2.386813487,0,0
0,0,1.291335734,4.061239924,2,-1
1,1,1.811155398,5.198196637
0,0,0,0,1,0
0,0,-0.006156174854,-0.06156174854,0,0
0,0,0.08264516636,0.8880134122,2,0
0,0,0.1088084759,0.2616330955,1,0
0,0,0.1624126852,0.5360420928,1,0
0,0,0.2514055276,0.889928424,1,0
0,0,0.3984290737,1.470235461,2,0
0,0,0.5461037556,1.476746818,0,0
0,0,0.84973451,3.036307545,0,0
0,0,1.313318064,4.635835536,0,-1
1,1,1.935185568,6.218675045
0,0,0,0,1,0
0,0,-0.01466646722,-0.1466646722,0,0
0,0,0.04420776427,0.5887423149,0,0
0,0,0.1961356857,1.519279214,2,0
0,0,0.3015345018,1.053988161,0,0
0,0,0.5384361042,2.369016023,0,0
0,0,0.9224806883,3.840445842,0,0
0,0,1.475234956,5.527542675,0,-1
1,1,2.176554827,7.013198707
0,0,0,0,1,0
0,0,0.00240628532,0.0240628532,0,0
0,0,0.08655790084,0.8415161552,1,0
0,0,0.2010901708,1.1453227,2,0
0,0,0.2751388979,0.7404872711,0,0
0,0,0.4657800527,1.906411548,1,0
0,0,0.7337060747,2.679260221,2,0
0,0,1.035078668,3.013725929,0,0
0,0,1.500619771,4.655411029,0,-1
1,1,2.115412356,6.147925857
0,0,0,0,2,0
0,0,-0.08474588207,-0.8474588207,1,0
0,0,-0.1797626978,-0.950168157,0,0
0,0,-0.2035077255,-0.2374502768,1,0
0,0,-0.2612213642,-0.5771363874,0,0
0,0,-0.2860825869,-0.2486122272,1,0
0,0,-0.3732111165,-0.8712852955,1,0
0,0,-0.5097531782,-1.365420617,0,0
0,0,-0.6618923069,-1.521391288,2,0
0,0,-0.9739024289,-3.12010122,2,0
0,0,-1.457141768,-4.832393387,0,-1
1,1,-2.075205685,-6.180639175
