2,1,1
0,0,0,0,0,0
0,0,0.0827049797,0.827049797,0,0
0,0,0.2774493503,1.947443706,2,0
0,0,0.4446980279,1.672486776,1,0
0,0,0.6887357577,2.440377298,2,0
0,0,0.9610521588,2.723164011,2,0
0,0,1.302413103,3.413609438,2,-1
1,1,1.765215488,4.628023858
0,0,0,0,0,0
0,0,0.09623200824,0.9623200824,0,0
0,0,0.3055062095,2.092742013,0,0
0,0,0.6365312499,3.310250404,0,0
0,0,1.113285783,4.76754533,2,-1
1,1,1.677125146,5.638393628
0,0,0,0,0,0
0,0,0.08157074573,0.8157074573,0,0
0,0,0.2627211625,1.811504168,2,0
0,0,0.4162641813,1.535430188,2,0
0,0,0.5553744707,1.391102893,0,0
0,0,0.8644261917,3.090517211,1,0
0,0,1.285764938,4.21338746,0,-1
1,1,1.867462663,5.816977248
0,0,0,0,0,0
0,0,0.08510257662,0.8510257662,1,0
0,0,0.1686598407,0.8355726408,2,0
0,0,0.2109426726,0.4228283195,2,0
0,0,0.2051502704,-0.0579240229,0,0
0,0,0.3141546299,1.090043596,1,0
0,0,0.46651163,1.523570001,1,0
0,0,0.679352012,2.12840382,0,0
0,0,1.054785382,3.754333702,0,-1
1,1,1.597053539,5.422681569
0,0,0,0,0,0
0,0,0.09676210751,0.9676210751,0,0
0,0,0.2925700255,1.958079179,2,0
0,0,0.4424288098,1.498587844,0,0
0,0,0.7404629026,2.980340928,1,0
0,0,1.136406455,3.959435523,1,-1
1,1,1.664819273,5.284128178
0,0,0,0,2,0
0,0,-0.0724655465,-0.724655465,1,0
0,0,-0.1600288118,-0.8756326525,2,0
0,0,-0.371410438,-2.113816262,2,0
0,0,-0.7248091363,-3.533986983,2,0
0,0,-1.22855567,-5.037465342,1,-1
1,1,-1.865103044,-6.365473735
0,0,0,0,0,0
0,0,0.0981200991,0.981200991,1,0
0,0,0.217240614,1.191205149,1,0
0,0,0.3608667771,1.436261631,1,0
0,0,0.5717592593,2.108924822,1,0
0,0,0.8545477143,2.827884551,1,0
0,0,1.246623673,3.920759589,1,-1
1,1,1.772681036,5.260573623
0,0,0,0,0,0
0,0,0.1006854937,1.006854937,0,0
0,0,0.3001160831,1.994305894,2,0
0,0,0.4650123839,1.648963008,1,0
0,0,0.7133352926,2.483229087,0,0
0,0,1.113151964,3.998166716,0,-1
1,1,1.67130261,5.581506457
0,0,0,0,1,0
0,0,0.01699228431,0.1699228431,2,0
0,0,-0.04948395774,-0.6647624205,2,0
0,0,-0.2272295141,-1.777455563,2,0
0,0,-0.5244536605,-2.972241464,2,0
0,0,-0.9778201504,-4.533664899,1,0
0,0,-1.545770415,-5.679502642,1,-1
1,1,-2.25936541,-7.135949958
0,0,0,0,0,0
0,0,0.08395760663,0.8395760663,2,0
0,0,0.09690480588,0.1294719924,0,0
0,0,0.2048596732,1.079548673,0,0
0,0,0.4178657555,2.130060823,1,0
0,0,0.6896412631,2.717755076,1,0
0,0,1.069924565,3.802833018,1,-1
1,1,1.571950318,5.020257535
0,0,0,0,2,0
0,0,-0.08292645494,-0.8292645494,1,0
0,0,-0.1725884784,-0.8966202351,1,0
0,0,-0.2956114772,-1.230229987,1,0
0,0,-0.4550858158,-1.594743386,0,0
0,0,-0.5993855868,-1.44299771,0,0
0,0,-0.7782407897,-1.788552029,2,0
0,0,-1.12815774,-3.499169502,2,-1
1,1,-1.646852869,-5.186951293
0,0,0,0,0,0
0,0,0.1026972938,1.026972938,0,0
0,0,0.3042505018,2.015532079,0,0
0,0,0.6224723313,3.182218295,0,0
0,0,1.086667186,4.641948545,2,-1
1,1,1.633467966,5.468007807
0,0,0,0,0,0
0,0,0.0770455052,0.770455052,1,0
0,0,0.1577348693,0.8068936411,2,0
0,0,0.1621675829,0.04432713571,1,0
0,0,0.209271374,0.471037911,1,0
0,0,0.2764502706,0.6717889659,2,0
0,0,0.2922241116,0.1577384105,0,0
0,0,0.431496066,1.392719544,1,0
0,0,0.6514441507,2.199480847,0,0
0,0,1.019511048,3.680668972,2,0
0,0,1.460772523,4.412614747,1,-1
1,1,2.045453165,5.846806429
0,0,0,0,1,0
0,0,0.01131331922,0.1131331922,1,0
0,0,0.0223153484,0.1100202918,2,0
0,0,-0.04997671373,-0.7229206213,0,0
0,0,-0.05483854798,-0.04861834251,2,0
0,0,-0.1638150198,-1.089764718,2,0
0,0,-0.3981709442,-2.343559245,1,0
0,0,-0.7094329106,-3.112619664,0,0
0,0,-1.050251031,-3.408181207,1,0
0,0,-1.509240631,-4.589895995,0,-1
1,1,-2.107740453,-5.984998226
0,0,0,0,2,0
0,0,-0.08053806065,-0.8053806065,0,0
0,0,-0.08326801782,-0.02729957172,1,0
0,0,-0.08574968691,-0.02481669088,1,0
0,0,-0.1019824884,-0.1623280145,1,0
0,0,-0.1402019801,-0.382194917,2,0
0,0,-0.2758036532,-1.356016731,1,0
0,0,-0.4492369512,-1.73433298,0,0
0,0,-0.6245751777,-1.753382265,0,0
0,0,-0.8318551674,-2.072799897,2,0
0,0,-1.198703102,-3.668479347,0,-1
1,1,-1.674736192,-4.760330896
0,0,0,0,0,0
0,0,0.1003404922,1.003404922,2,0
0,0,0.1437592349,0.4341874267,2,0
0,0,0.136834505,-0.06924729822,1,0
0,0,0.1481039737,0.1126946872,0,0
0,0,0.2668561974,1.187522236,0,0
0,0,0.5163977053,2.495415079,2,0
0,0,0.756093773,2.396960677,0,0
0,0,1.155904644,3.998108708,0,-1
1,1,1.719196614,5.632919701
0,0,0,0,1,0
0,0,-0.007815136606,-0.07815136606,1,0
0,0,-0.03218088931,-0.243657527,2,0
0,0,-0.1428247999,-1.106439106,2,0
0,0,-0.3765583932,-2.337335933,2,0
0,0,-0.7577377445,-3.811793513,0,0
0,0,-1.183786981,-4.260492368,1,-1
1,1,-1.740694259,-5.569072773
0,0,0,0,0,0
0,0,0.1032113361,1.032113361,2,0
0,0,0.1199451977,0.1673386167,2,0
0,0,0.06607644951,-0.5386874824,2,0
0,0,-0.07796666638,-1.440431159,0,0
0,0,-0.1567883724,-0.7882170607,2,0
0,0,-0.3495019113,-1.927135388,2,0
0,0,-0.6868791207,-3.373772094,0,0
0,0,-1.052314575,-3.654354539,2,-1
1,1,-1.582312253,-5.299976789
0,0,0,0,2,0
0,0,-0.08927874395,-0.8927874395,2,0
0,0,-0.2735048344,-1.842260904,2,0
0,0,-0.5950334114,-3.21528577,1,0
0,0,-0.991960299,-3.969268876,2,0
0,0,-1.553143307,-5.611830081,0,-1
1,1,-2.259018697,-7.058753902
0,0,0,0,1,0
0,0,-0.001152283682,-0.01152283682,0,0
0,0,0.1023194188,1.034717025,1,0
0,0,0.232438348,1.301189292,2,0
0,0,0.3043203187,0.7188197069,0,0
0,0,0.50908055,2.047602313,2,0
0,0,0.7216168957,2.125363457,2,0
0,0,0.9769274849,2.553105892,0,0
0,0,1.395668931,4.187414464,0,-1
1,1,1.967583697,5.719147658
0,0,0,0,0,0
0,0,0.1056466752,1.056466752,0,0
0,0,0.3295412115,2.238945362,0,0
0,0,0.6901220483,3.605808368,0,0
0,0,1.212358833,5.22236785,2,-1
1,1,1.832215454,6.198566207
0,0,0,0,0,0
0,0,0.08176888526,0.8176888526,0,0
0,0,0.2799690434,1.982001581,1,0
0,0,0.5261438964,2.461748529,1,0
0,0,0.8643241732,3.381802769,0,0
0,0,1.363591247,4.992670734,2,-1
1,1,1.982790024,6.191987773
0,0,0,0,0,0
0,0,0.08261788002,0.8261788002,2,0
0,0,0.1082154235,0.2559754347,1,0
0,0,0.1502238945,0.4200847102,2,0
0,0,0.1451049557,-0.05118938842,0,0
0,0,0.2406092262,0.9550427048,1,0
0,0,0.3660526161,1.2544339,2,0
0,0,0.4609744028,0.9492178665,0,0
0,0,0.7062659829,2.452915801,0,0
0,0,1.117987166,4.11721183,1,-1
1,1,1.649866654,5.31879488
0,0,0,0,2,0
0,0,-0.07386625454,-0.7386625454,2,0
0,0,-0.251038478,-1.771722234,1,0
0,0,-0.4663539034,-2.153154255,0,0
0,0,-0.6745359169,-2.081820135,2,0
0,0,-1.052861071,-3.783251544,0,0
0,0,-1.516112617,-4.632515455,1,-1
1,1,-2.12434101,-6.082283933
0,0,0,0,0,0
0,0,0.1017212031,1.017212031,0,0
0,0,0.2935686674,1.918474642,2,0
0,0,0.4566992992,1.631306318,2,0
0,0,0.6127006076,1.560013084,0,0
0,0,0.9370415425,3.243409349,1,0
0,0,1.382957298,4.459157558,1,-1
1,1,1.966487552,5.835302534
0,0,0,0,2,0
0,0,-0.08555872932,-0.8555872932,1,0
0,0,-0.1882937731,-1.027350437,2,0
0,0,-0.3923937763,-2.041000032,1,0
0,0,-0.6536796815,-2.612859053,1,0
0,0,-1.000277772,-3.465980904,1,0
0,0,-1.473714043,-4.734362714,1,-1
1,1,-2.089501972,-6.157879287
0,0,0,0,0,0
0,0,0.08410524483,0.8410524483,2,0
0,0,0.08329420639,-0.008110384441,2,0
0,0,-0.002905233824,-0.8619944021,1,0
0,0,-0.1041949326,-1.012896988,0,0
0,0,-0.1442452816,-0.4005034897,0,0
0,0,-0.1368625591,0.07382722452,1,0
0,0,-0.150369657,-0.1350709785,1,0
0,0,-0.1988238785,-0.4845422157,1,0
0,0,-0.2919420203,-0.9311814179,0,0
0,0,-0.3616117625,-0.6966974217,2,0
0,0,-0.5815425088,-2.199307463,0,0
0,0,-0.8058015112,-2.242590024,0,0
0,0,-1.074381013,-2.685795018,2,0
0,0,-1.505659191,-4.31278178,2,-1
1,1,-2.086328912,-5.806697207
0,0,0,0,0,0
0,0,0.07837321846,0.7837321846,0,0
0,0,0.2530726516,1.746994331,0,0
0,0,0.5581623345,3.050896829,2,0
0,0,0.8607713779,3.026090434,0,0
0,0,1.321437664,4.60666286,2,-1
1,1,1.898765723,5.773280594
0,0,0,0,0,0
0,0,0.09685943854,0.9685943854,2,0
0,0,0.1287939372,0.3193449861,1,0
0,0,0.1891639184,0.6036998124,2,0
0,0,0.2065754521,0.1741153373,0,0
0,0,0.3516337153,1.450582632,0,0
0,0,0.6446695412,2.930358259,0,0
0,0,1.090485802,4.45816261,1,-1
1,1,1.663773578,5.73287776
0,0,0,0,0,0
0,0,0.09479106414,0.9479106414,1,0
0,0,0.2059452668,1.111542027,1,0
0,0,0.3665888133,1.606435465,2,0
0,0,0.5102485173,1.43659704,0,0
0,0,0.8039254562,2.936769389,1,0
0,0,1.197161002,3.932355458,2,-1
1,1,1.690253609,4.93092607
0,0,0,0,1,0
0,0,-0.006797570745,-0.06797570745,0,0
0,0,0.07284584743,0.7964341817,0,0
0,0,0.2356166502,1.627708027,0,0
0,0,0.5293224253,2.937057752,0,0
0,0,0.9771477148,4.478252895,2,0
0,0,1.48956457,5.124168553,0,-1
1,1,2.152586448,6.630218776
0,0,0,0,2,0
0,0,-0.08388670924,-0.8388670924,2,0
0,0,-0.2647005059,-1.808137967,2,0
0,0,-0.5621393301,-2.974388242,1,0
0,0,-0.9338950217,-3.717556917,2,0
0,0,-1.470902861,-5.37007839,2,-1
1,1,-2.158516084,-6.876132233
0,0,0,0,2,0
0,0,-0.08912115716,-0.8912115716,2,0
0,0,-0.2772029391,-1.880817819,1,0
0,0,-0.5177712935,-2.405683544,0,0
0,0,-0.7733627382,-2.555914447,0,0
0,0,-1.081237765,-3.078750273,1,0
0,0,-1.513760261,-4.325224955,0,-1
1,1,-2.088083504,-5.743232426
0,0,0,0,2,0
0,0,-0.08765715834,-0.8765715834,2,0
0,0,-0.2742574762,-1.866003179,1,0
0,0,-0.5096319659,-2.353744897,2,0
0,0,-0.900047196,-3.9041523,1,0
0,0,-1.402168615,-5.021214193,2,-1
1,1,-2.057689862,-6.555212467
0,0,0,0,1,0
0,0,-0.008171679937,-0.08171679937,2,0
0,0,-0.1166383986,-1.084667187,2,0
0,0,-0.3484117357,-2.317733371,0,0
0,0,-0.5594452326,-2.110334969,1,0
0,0,-0.8441205366,-2.846753039,1,0
0,0,-1.237454375,-3.933338383,2,-1
1,1,-1.794526049,-5.570716739
0,0,0,0,0,0
0,0,0.08743742535,0.8743742535,0,0
0,0,0.2918879988,2.044505734,1,0
0,0,0.5412377953,2.493497965,2,0
0,0,0.7981694595,2.569316642,2,0
0,0,1.109194492,3.110250324,2,0
0,0,1.509755393,4.005609012,0,-1
1,1,2.059823228,5.500678351
0,0,0,0,1,0
0,0,-0.004805421302,-0.04805421302,0,0
0,0,0.079959847,0.847652683,1,0
0,0,0.1850156355,1.050557885,1,0
0,0,0.3345061492,1.494905137,0,0
0,0,0.6054606373,2.709544881,1,0
0,0,0.9521408336,3.466801963,2,0
0,0,1.363690726,4.115498924,0,-1
1,1,1.929189718,5.654989917
0,0,0,0,1,0
0,0,0.01235429899,0.1235429899,0,0
0,0,0.117342331,1.04988032,1,0
0,0,0.2277867717,1.104444408,1,0
0,0,0.3753507689,1.475639971,1,0
0,0,0.5994420605,2.240912917,2,0
0,0,0.8335125436,2.340704831,0,0
0,0,1.231303336,3.977907927,2,-1
1,1,1.737552039,5.062487025
0,0,0,0,0,0
0,0,0.07098397237,0.7098397237,1,0
0,0,0.1391785713,0.6819459892,0,0
0,0,0.3249547684,1.857761971,0,0
0,0,0.6586378608,3.336830924,0,0
0,0,1.136695812,4.780579509,1,-1
1,1,1.742283128,6.05587316
0,0,0,0,2,0
0,0,-0.1040205548,-1.040205548,0,0
0,0,-0.1321060128,-0.28085458,1,0
0,0,-0.1748102439,-0.4270423104,1,0
0,0,-0.2429516299,-0.6814138602,2,0
0,0,-0.4363405043,-1.933888744,2,0
0,0,-0.7771418912,-3.40801387,1,0
0,0,-1.224106597,-4.469647058,1,-1
1,1,-1.803081509,-5.789749119
0,0,0,0,1,0
0,0,0.004316261042,0.04316261042,0,0
0,0,0.08178191728,0.7746565624,2,0
0,0,0.08372674724,0.01944829956,0,0
0,0,0.2044202837,1.206935365,2,0
0,0,0.2570686084,0.5264832475,0,0
0,0,0.4317511795,1.74682571,0,0
0,0,0.7440181492,3.122669697,1,0
0,0,1.165656068,4.216379191,2,-1
1,1,1.683812883,5.181568151
0,0,0,0,1,0
0,0,-0.01643654382,-0.1643654382,1,0
0,0,-0.03074747736,-0.1431093354,2,0
0,0,-0.1495505144,-1.18803037,2,0
0,0,-0.3671267111,-2.175761966,1,0
0,0,-0.6575127539,-2.903860428,1,0
0,0,-1.035475591,-3.779628376,2,0
0,0,-1.570582493,-5.351069015,1,-1
1,1,-2.252677142,-6.820946494
0,0,0,0,2,0
0,0,-0.1057020033,-1.057020033,2,0
0,0,-0.3155582825,-2.098562792,2,0
0,0,-0.6616742792,-3.461159967,1,0
0,0,-1.106515196,-4.448409172,0,-1
1,1,-1.6422336,-5.357184037
0,0,0,0,0,0
0,0,0.09705238825,0.9705238825,1,0
0,0,0.1934592028,0.9640681453,0,0
0,0,0.4160576385,2.225984357,2,0
0,0,0.6237889373,2.077312988,2,0
0,0,0.85237621,2.285872727,2,0
0,0,1.143611268,2.912350576,0,-1
1,1,1.600762457,4.571511891
0,0,0,0,0,0
0,0,0.09179438634,0.9179438634,1,0
0,0,0.2006373943,1.088430079,0,0
0,0,0.4151663463,2.14528952,1,0
0,0,0.6954123251,2.802459789,1,0
0,0,1.084025729,3.886134041,2,0
0,0,1.562490061,4.784643315,0,-1
1,1,2.188341779,6.258517184
0,0,0,0,2,0
0,0,-0.08099831669,-0.8099831669,1,0
0,0,-0.1901338954,-1.091355787,2,0
0,0,-0.4098195589,-2.196856635,0,0
0,0,-0.6003206966,-1.905011376,0,0
0,0,-0.8211958289,-2.208751324,1,0
0,0,-1.142894185,-3.216983562,2,-1
1,1,-1.631079351,-4.881851661
0,0,0,0,0,0
0,0,0.09593728842,0.9593728842,1,0
0,0,0.2010585051,1.051212167,1,0
0,0,0.3557355218,1.546770167,2,0
0,0,0.5010627816,1.453272599,2,0
0,0,0.6473564393,1.462936576,0,0
0,0,0.9515626114,3.042061722,1,0
0,0,1.376091166,4.245285542,2,-1
1,1,1.92820963,5.521184648
0,0,0,0,0,0
0,0,0.08699009362,0.8699009362,1,0
0,0,0.1810139186,0.9402382497,0,0
0,0,0.378209142,1.971952234,1,0
0,0,0.6471042907,2.688951487,1,0
0,0,1.00167,3.545657097,2,0
0,0,1.436070008,4.344000077,2,-1
1,1,2.001908297,5.658382889
0,0,0,0,2,0
0,0,-0.1039459541,-1.039459541,1,0
0,0,-0.2341396506,-1.301936966,2,0
0,0,-0.476597822,-2.424581714,0,0
0,0,-0.7123893278,-2.357915057,1,0
0,0,-1.04491141,-3.325220821,1,0
0,0,-1.501729368,-4.568179585,2,-1
1,1,-2.109174342,-6.074449739
0,0,0,0,2,0
0,0,-0.07257231369,-0.7257231369,1,0
0,0,-0.1705102706,-0.9793795692,1,0
0,0,-0.2809218965,-1.104116259,2,0
0,0,-0.5273836254,-2.46461729,0,0
0,0,-0.7933478904,-2.659642649,0,0
0,0,-1.106583835,-3.132359441,0,0
0,0,-1.508675179,-4.020913444,1,-1
1,1,-2.055804992,-5.471298129
