2,1,1
0,0,0,0,2,0
0,0,-0.07083318718,-0.7083318718,1,0
0,0,-0.1375446121,-0.6671142496,0,0
0,0,-0.1397414201,-0.0219680796,0,0
0,0,-0.07853769282,0.6120372728,2,0
0,0,-0.117460657,-0.3892296417,0,0
0,0,-0.09619842904,0.2126222794,2,0
0,0,-0.1885304309,-0.923320019,2,0
0,0,-0.3936823618,-2.051519309,2,0
0,0,-0.7318831346,-3.382007727,2,0
0,0,-1.220740189,-4.888570549,1,-1
1,1,-1.839742257,-6.190020676
0,0,0,0,2,0
0,0,-0.09751705317,-0.9751705317,1,0
0,0,-0.2008581726,-1.033411195,1,0
0,0,-0.3544283399,-1.535701673,2,0
0,0,-0.6303211698,-2.758928299,2,0
0,0,-1.054481325,-4.241601552,1,-1
1,1,-1.603884508,-5.494031826
0,0,0,0,0,0
0,0,0.07522538982,0.7522538982,0,0
0,0,0.2438046432,1.685792534,2,0
0,0,0.3657968369,1.219921936,0,0
0,0,0.6134818931,2.476850563,2,0
0,0,0.8792800552,2.657981621,2,0
0,0,1.215683407,3.364033517,2,-1
1,1,1.658841062,4.43157655
0,0,0,0,0,0
0,0,0.07714491456,0.7714491456,1,0
0,0,0.151376915,0.7423200048,0,0
0,0,0.3287282342,1.773513192,0,0
0,0,0.6284830699,2.997548357,0,0
0,0,1.089293438,4.608103678,1,-1
1,1,1.672867378,5.835739404
0,0,0,0,2,0
0,0,-0.1004294428,-1.004294428,0,0
0,0,-0.113867216,-0.1343777326,1,0
0,0,-0.1337595744,-0.1989235842,1,0
0,0,-0.1846562799,-0.5089670545,1,0
0,0,-0.2785083576,-0.9385207772,1,0
0,0,-0.4067827548,-1.282743972,0,0
0,0,-0.5328003939,-1.260176391,2,0
0,0,-0.8212949355,-2.884945417,1,0
0,0,-1.211943369,-3.90648433,0,-1
1,1,-1.704989486,-4.93046117
0,0,0,0,1,0
0,0,0.007844282095,0.07844282095,0,0
0,0,0.08882147643,0.8097719434,1,0
0,0,0.1973224372,1.085009608,2,0
0,0,0.2630702442,0.6574780695,0,0
0,0,0.4422014521,1.791312079,2,0
0,0,0.5982701268,1.560686748,0,0
0,0,0.9019559549,3.036858281,1,0
0,0,1.32581787,4.238619152,2,-1
1,1,1.870924038,5.451061681
0,0,0,0,2,0
0,0,-0.09082086729,-0.9082086729,1,0
0,0,-0.1863636696,-0.955428023,1,0
0,0,-0.3291673323,-1.428036627,0,0
0,0,-0.4281432566,-0.9897592429,0,0
0,0,-0.5250692338,-0.9692597718,1,0
0,0,-0.7025549055,-1.774856717,1,0
0,0,-0.9880736339,-2.855187284,1,0
0,0,-1.40431878,-4.162451459,2,-1
1,1,-1.973957568,-5.696387884
0,0,0,0,1,0
0,0,0.004261514864,0.04261514864,2,0
0,0,-0.09006369076,-0.9432520562,0,0
0,0,-0.1125162094,-0.2245251868,0,0
0,0,-0.06907020864,0.434460008,2,0
0,0,-0.1139680155,-0.4489780689,2,0
0,0,-0.2631615654,-1.491935499,1,0
0,0,-0.4464054276,-1.832438622,1,0
0,0,-0.6867938783,-2.403884507,0,0
0,0,-0.9497717535,-2.629778752,0,0
0,0,-1.281920617,-3.321488636,0,-1
1,1,-1.734369761,-4.524491443
0,0,0,0,2,0
0,0,-0.07341789393,-0.7341789393,2,0
0,0,-0.2366534561,-1.632355621,0,0
0,0,-0.3706887627,-1.340353067,1,0
0,0,-0.5581019543,-1.874131916,2,0
0,0,-0.9091788269,-3.510768726,2,0
0,0,-1.427532505,-5.183536781,0,-1
1,1,-2.076109031,-6.485765256
0,0,0,0,2,0
0,0,-0.07232107981,-0.7232107981,2,0
0,0,-0.2339928809,-1.61671801,0,0
0,0,-0.3323531389,-0.9836025803,0,0
0,0,-0.4021130712,-0.6975993226,2,0
0,0,-0.6149412925,-2.128282214,2,0
0,0,-0.9905229513,-3.755816587,1,0
0,0,-1.485209611,-4.946866593,0,-1
1,1,-2.117425271,-6.322156605
0,0,0,0,1,0
0,0,-0.0001352538565,-0.001352538565,0,0
0,0,0.07535675341,0.7549200727,2,0
0,0,0.07795421068,0.0259745727,2,0
0,0,-0.008474970621,-0.864291813,0,0
0,0,-0.019709984,-0.1123501338,0,0
0,0,0.05985597296,0.7956595696,1,0
0,0,0.1614665522,1.016105793,2,0
0,0,0.2011488724,0.3968232017,0,0
0,0,0.3456197808,1.444709084,0,0
0,0,0.612541163,2.669213822,1,0
0,0,0.9699238154,3.573826524,2,0
0,0,1.405893269,4.359694539,1,-1
1,1,1.982622554,5.767292845
0,0,0,0,1,0
0,0,0.0001359203837,0.001359203837,0,0
0,0,0.08962266882,0.8948674844,2,0
0,0,0.09884506135,0.09222392524,2,0
0,0,0.04382629321,-0.5501876814,0,0
0,0,0.06964336005,0.2581706684,0,0
0,0,0.1867002877,1.170569276,0,0
0,0,0.4060698204,2.193695328,2,0
0,0,0.6207386984,2.14668878,1,0
0,0,0.9160793282,2.953406297,1,0
0,0,1.325106438,4.0902711,2,-1
1,1,1.850027634,5.249211954
0,0,0,0,2,0
0,0,-0.08412606466,-0.8412606466,2,0
0,0,-0.2652964815,-1.811704168,1,0
0,0,-0.5042568057,-2.389603242,0,0
0,0,-0.7538858702,-2.496290645,2,0
0,0,-1.177805246,-4.239193756,0,-1
1,1,-1.703935255,-5.261300097
0,0,0,0,1,0
0,0,0.009335571982,0.09335571982,2,0
0,0,-0.07774094938,-0.8707652136,2,0
0,0,-0.2761520211,-1.984110717,2,0
0,0,-0.6097059725,-3.335539514,0,0
0,0,-0.9728229484,-3.631169758,2,0
0,0,-1.49395035,-5.211274015,1,-1
1,1,-2.158595587,-6.646452375
0,0,0,0,0,0
0,0,0.07126073858,0.7126073858,2,0
0,0,0.0724992822,0.01238543622,0,0
0,0,0.1913201546,1.188208724,2,0
0,0,0.2590986351,0.6777848048,1,0
0,0,0.3864789139,1.273802789,0,0
0,0,0.6570190638,2.705401499,2,0
0,0,0.9484787988,2.91459735,1,0
0,0,1.360499424,4.12020625,1,-1
1,1,1.908958697,5.484592728
0,0,0,0,1,0
0,0,0.01505391602,0.1505391602,0,0
0,0,0.1060532012,0.9099928521,2,0
0,0,0.1228278498,0.1677464853,1,0
0,0,0.1644480614,0.4162021166,0,0
0,0,0.3296636242,1.652155628,0,0
0,0,0.6359410844,3.062774601,2,0
0,0,0.9770789796,3.411378953,0,0
0,0,1.474004981,4.969260017,2,-1
1,1,2.105651438,6.31646457
0,0,0,0,1,0
0,0,-0.01680692968,-0.1680692968,1,0
0,0,-0.03247048743,-0.1566355775,2,0
0,0,-0.1327065647,-1.002360773,1,0
0,0,-0.2638255041,-1.311189394,1,0
0,0,-0.4342324598,-1.704069556,0,0
0,0,-0.5833632425,-1.491307827,1,0
0,0,-0.8130879997,-2.297247571,0,0
0,0,-1.106166307,-2.93078307,2,0
0,0,-1.561875745,-4.557094379,1,-1
1,1,-2.164361967,-6.024862221
0,0,0,0,1,0
0,0,-0.01101606734,-0.1101606734,0,0
0,0,0.06909558237,0.8011164971,2,0
0,0,0.06265542228,-0.06440160086,1,0
0,0,0.06520515977,0.02549737486,0,0
0,0,0.1567446918,0.9153953202,2,0
0,0,0.2047710966,0.4802640482,1,0
0,0,0.2997580195,0.9498692292,2,0
0,0,0.353784564,0.5402654447,1,0
0,0,0.4730659027,1.192813387,1,0
0,0,0.6733105187,2.00244616,1,0
0,0,0.9827977797,3.09487261,2,0
0,0,1.36460233,3.818045503,0,-1
1,1,1.902258888,5.376565578
0,0,0,0,2,0
0,0,-0.07794327157,-0.7794327157,2,0
0,0,-0.2599014968,-1.819582252,2,0
0,0,-0.5699717218,-3.10070225,2,0
0,0,-1.020853005,-4.508812836,1,-1
1,1,-1.595019816,-5.741668108
0,0,0,0,2,0
0,0,-0.09826609596,-0.9826609596,2,0
0,0,-0.2849296414,-1.866635455,2,0
0,0,-0.6099309807,-3.250013392,0,0
0,0,-0.9525093287,-3.42578348,0,0
0,0,-1.362419287,-4.099099582,1,-1
1,1,-1.911930294,-5.495110074
0,0,0,0,0,0
0,0,0.08745739563,0.8745739563,2,0
0,0,0.1138800686,0.2642267302,0,0
0,0,0.2599832982,1.461032296,0,0
0,0,0.5248233403,2.648400421,1,0
0,0,0.8744248602,3.496015199,1,0
0,0,1.325902847,4.514779868,2,-1
1,1,1.895180714,5.692778668
0,0,0,0,0,0
0,0,0.09910601214,0.9910601214,2,0
0,0,0.1102741897,0.1116817751,2,0
0,0,0.05828532627,-0.5198886338,2,0
0,0,-0.08804670161,-1.463320279,1,0
0,0,-0.2469617002,-1.589149986,1,0
0,0,-0.4583884739,-2.114267738,2,0
0,0,-0.8296663245,-3.712778506,2,0
0,0,-1.365164305,-5.35497981,0,-1
1,1,-2.018805755,-6.536414497
0,0,0,0,0,0
0,0,0.09592918802,0.9592918802,0,0
0,0,0.28276415,1.86834962,2,0
0,0,0.4461422025,1.633780525,2,0
0,0,0.6135102653,1.673680628,0,0
0,0,0.9461351443,3.32624879,1,0
0,0,1.388567026,4.424318814,2,-1
1,1,1.955086268,5.665192427
0,0,0,0,0,0
0,0,0.09377487477,0.9377487477,2,0
0,0,0.1315587687,0.3778389391,0,0
0,0,0.2863003741,1.547416054,2,0
0,0,0.4025340726,1.162336985,2,0
0,0,0.5133083961,1.107743235,2,0
0,0,0.6316017905,1.182933944,2,0
0,0,0.7674490886,1.358472982,2,0
0,0,0.9608127631,1.933636744,0,0
0,0,1.331881032,3.710682689,1,-1
1,1,1.842328417,5.104473848
0,0,0,0,0,0
0,0,0.07955682516,0.7955682516,2,0
0,0,0.100376651,0.208198258,0,0
0,0,0.2286352742,1.282586232,2,0
0,0,0.3106895365,0.8205426229,2,0
0,0,0.3558836061,0.4519406964,0,0
0,0,0.5294675922,1.735839861,0,0
0,0,0.851514817,3.220472248,1,0
0,0,1.279983904,4.284690868,1,-1
1,1,1.843695946,5.637120425
0,0,0,0,2,0
0,0,-0.100161359,-1.00161359,1,0
0,0,-0.211036282,-1.10874923,2,0
0,0,-0.4378190348,-2.267827528,2,0
0,0,-0.8133305443,-3.755115095,1,0
0,0,-1.293104845,-4.797743005,0,-1
1,1,-1.887644338,-5.945394935
0,0,0,0,1,0
0,0,0.00412374706,0.0412374706,0,0
0,0,0.09872282978,0.9459908272,2,0
0,0,0.1097456326,0.1102280283,2,0
0,0,0.06678558358,-0.4296004903,0,0
0,0,0.127002679,0.6021709545,1,0
0,0,0.2117815199,0.8477884088,1,0
0,0,0.3187608468,1.069793269,1,0
0,0,0.4828081171,1.640472703,0,0
0,0,0.8053649199,3.225568028,0,0
0,0,1.284281037,4.789161166,1,-1
1,1,1.900726705,6.164456689
0,0,0,0,1,0
0,0,-0.003889258208,-0.03889258208,2,0
0,0,-0.1005149142,-0.9662565598,1,0
0,0,-0.2065102727,-1.059953585,2,0
0,0,-0.4273285135,-2.208182408,1,0
0,0,-0.7276453676,-3.003168541,1,0
0,0,-1.124914438,-3.972690707,0,-1
1,1,-1.621431369,-4.96516931
0,0,0,0,2,0
0,0,-0.08574672085,-0.8574672085,2,0
0,0,-0.2719498993,-1.862031784,0,0
0,0,-0.4135478129,-1.415979137,1,0
0,0,-0.6131701648,-1.996223519,1,0
0,0,-0.894547959,-2.813777942,2,0
0,0,-1.336976526,-4.424285671,1,-1
1,1,-1.919598543,-5.826220173
0,0,0,0,2,0
0,0,-0.07875037012,-0.7875037012,0,0
0,0,-0.07089939733,0.07850972793,0,0
0,0,-0.004765934901,0.6613346243,1,0
0,0,0.05156234838,0.5632828328,2,0
0,0,0.03834290484,-0.1321944354,2,0
0,0,-0.04844411877,-0.8678702361,2,0
0,0,-0.2360200029,-1.875758841,0,0
0,0,-0.3835674837,-1.475474808,2,0
0,0,-0.6643809508,-2.808134671,1,0
0,0,-1.051661712,-3.872807613,2,-1
1,1,-1.601865019,-5.502033067
0,0,0,0,1,0
0,0,0.01653400977,0.1653400977,0,0
0,0,0.1115256602,0.9499165039,1,0
0,0,0.2305762716,1.190506114,1,0
0,0,0.3983917828,1.678155112,0,0
0,0,0.6953049213,2.969131385,1,0
0,0,1.090172696,3.948677745,1,-1
1,1,1.614163817,5.239911213
0,0,0,0,2,0
0,0,-0.07805403176,-0.7805403176,2,0
0,0,-0.2528488868,-1.747948551,2,0
0,0,-0.542431674,-2.895827872,2,0
0,0,-0.9777926282,-4.353609541,0,0
0,0,-1.476283483,-4.984908548,2,-1
1,1,-2.125904088,-6.496206054
0,0,0,0,0,0
0,0,0.09905617064,0.9905617064,1,0
0,0,0.2126765224,1.136203517,2,0
0,0,0.2744335147,0.6175699236,2,0
0,0,0.3056106339,0.3117711913,0,0
0,0,0.485299717,1.796890832,1,0
0,0,0.733948563,2.48648846,0,0
0,0,1.13676251,4.028139472,2,-1
1,1,1.635456695,4.986941847
0,0,0,0,1,0
0,0,-0.0006957330911,-0.006957330911,0,0
0,0,0.09510479382,0.9580052691,1,0
0,0,0.2161711164,1.210663226,0,0
0,0,0.4603235472,2.441524309,0,0
0,0,0.8629617639,4.026382166,0,0
0,0,1.41889944,5.55937676,0,-1
1,1,2.124604872,7.05705432
0,0,0,0,1,0
0,0,0.0001514474144,0.001514474144,1,0
0,0,0.003990121899,0.03838674484,2,0
0,0,-0.07047727116,-0.7446739306,0,0
0,0,-0.05597334327,0.1450392789,0,0
0,0,0.03515620432,0.9112954759,1,0
0,0,0.148861461,1.137052567,2,0
0,0,0.207668575,0.5880711402,1,0
0,0,0.3052029989,0.9753442391,1,0
0,0,0.4673432912,1.621402923,1,0
0,0,0.7109298559,2.435865647,2,0
0,0,0.9868013662,2.758715103,2,0
0,0,1.339831078,3.53029712,2,-1
1,1,1.818356765,4.785256867
0,0,0,0,2,0
0,0,-0.08458083698,-0.8458083698,0,0
0,0,-0.08084534898,0.03735488002,2,0
0,0,-0.1884169771,-1.075716281,1,0
0,0,-0.3169795684,-1.285625914,1,0
0,0,-0.4907717309,-1.737921625,1,0
0,0,-0.7358820966,-2.451103656,0,0
0,0,-1.021243802,-2.853617059,1,0
0,0,-1.425645016,-4.044012131,1,-1
1,1,-1.974365185,-5.487201693
0,0,0,0,2,0
0,0,-0.09446791074,-0.9446791074,1,0
0,0,-0.189431837,-0.9496392628,2,0
0,0,-0.4034209775,-2.139891405,2,0
0,0,-0.7470115543,-3.435905768,0,0
0,0,-1.140528969,-3.935174151,0,-1
1,1,-1.630844659,-4.903156898
0,0,0,0,1,0
0,0,-0.01282109516,-0.1282109516,0,0
0,0,0.04957863691,0.6239973207,2,0
0,0,0.02995588027,-0.1962275664,0,0
0,0,0.09841755891,0.6846167864,0,0
0,0,0.271926632,1.735090731,2,0
0,0,0.4108824011,1.389557691,2,0
0,0,0.5330736937,1.221912926,0,0
0,0,0.82199121,2.889175164,2,0
0,0,1.169300729,3.473095193,0,-1
1,1,1.68321557,5.139148405
0,0,0,0,2,0
0,0,-0.09856363554,-0.9856363554,1,0
0,0,-0.2074859732,-1.089223377,1,0
0,0,-0.345469523,-1.379835498,0,0
0,0,-0.4566285992,-1.111590761,1,0
0,0,-0.6404355682,-1.83806969,1,0
0,0,-0.9190565563,-2.786209882,2,0
0,0,-1.364282966,-4.452264094,1,-1
1,1,-1.947719084,-5.834361184
0,0,0,0,1,0
0,0,-0.003358757472,-0.03358757472,0,0
0,0,0.06818322581,0.7154198328,1,0
0,0,0.1517023246,0.8351909884,2,0
0,0,0.1810364246,0.2933409995,0,0
0,0,0.3439401141,1.629036895,1,0
0,0,0.5479561,2.04015986,2,0
0,0,0.7634795187,2.155234186,2,0
0,0,1.021012656,2.575331378,1,0
0,0,1.404082868,3.830702115,2,-1
1,1,1.914454462,5.103715944
0,0,0,0,1,0
0,0,0.002949450104,0.02949450104,2,0
0,0,-0.07285139742,-0.7580084752,1,0
0,0,-0.1619514999,-0.8910010245,0,0
0,0,-0.1891108982,-0.2715939835,0,0
0,0,-0.1709360032,0.1817489503,0,0
0,0,-0.09422700645,0.7670899674,2,0
0,0,-0.1333770202,-0.3915001373,0,0
0,0,-0.09677942333,0.3659759685,2,0
0,0,-0.1650840719,-0.6830464859,1,0
0,0,-0.2769129398,-1.118288679,2,0
0,0,-0.5339747713,-2.570618316,1,0
0,0,-0.8801955302,-3.462207589,1,0
0,0,-1.329550794,-4.493552639,2,-1
1,1,-1.934554324,-6.050035302
0,0,0,0,0,0
0,0,0.07167512872,0.7167512872,1,0
0,0,0.1594337244,0.8775859567,1,0
0,0,0.2831529446,1.237192202,1,0
0,0,0.4419857292,1.588327846,2,0
0,0,0.5947110458,1.527253166,1,0
0,0,0.8325782901,2.378672444,1,0
0,0,1.192819012,3.60240722,2,-1
1,1,1.654790239,4.61971227
0,0,0,0,2,0
0,0,-0.08820372291,-0.8820372291,0,0
0,0,-0.0898609118,-0.0165718889,1,0
0,0,-0.09544722435,-0.05586312552,0,0
0,0,-0.04271115946,0.5273606489,2,0
0,0,-0.0963998355,-0.5368867604,2,0
0,0,-0.2636434546,-1.672436191,2,0
0,0,-0.5727953744,-3.091519198,0,0
0,0,-0.8894362375,-3.166408631,2,0
0,0,-1.377752187,-4.883159496,0,-1
1,1,-1.990732355,-6.129801678
0,0,0,0,2,0
0,0,-0.08331062351,-0.8331062351,1,0
0,0,-0.1877890575,-1.04478434,0,0
0,0,-0.2286495407,-0.4086048318,1,0
0,0,-0.3191311182,-0.9048157748,2,0
0,0,-0.538490547,-2.193594288,1,0
0,0,-0.8291722635,-2.906817166,2,0
0,0,-1.28217799,-4.530057262,0,-1
1,1,-1.846083954,-5.639059647
0,0,0,0,0,0
0,0,0.09348282769,0.9348282769,2,0
0,0,0.1184317197,0.2494889205,0,0
0,0,0.2396054329,1.211737131,1,0
0,0,0.397899792,1.582943591,2,0
0,0,0.5289749074,1.310751155,2,0
0,0,0.6602070132,1.312321058,0,0
0,0,0.9596901379,2.994831247,1,0
0,0,1.387902267,4.282121294,1,-1
1,1,1.958633968,5.707317007
0,0,0,0,0,0
0,0,0.09931126082,0.9931126082,0,0
0,0,0.3187865396,2.194752788,2,0
0,0,0.4934399346,1.74653395,1,0
0,0,0.7508709243,2.574309898,1,0
0,0,1.119023416,3.681524918,2,-1
1,1,1.581291406,4.622679899
0,0,0,0,2,0
0,0,-0.09405632985,-0.9405632985,1,0
0,0,-0.1949933148,-1.009369849,1,0
0,0,-0.3223123473,-1.273190325,2,0
0,0,-0.5777914655,-2.554791182,2,0
0,0,-0.9934349079,-4.156434423,0,0
0,0,-1.475271979,-4.818370709,1,-1
1,1,-2.099320591,-6.240486124
0,0,0,0,2,0
0,0,-0.07534301037,-0.7534301037,1,0
0,0,-0.1663465926,-0.910035822,0,0
0,0,-0.2063126156,-0.3996602304,2,0
0,0,-0.3607883516,-1.544757359,0,0
0,0,-0.5044343807,-1.436460291,0,0
0,0,-0.6550632437,-1.506288631,2,0
0,0,-0.9716986988,-3.166354551,2,0
0,0,-1.451254541,-4.795558424,1,-1
1,1,-2.073904212,-6.22649671
0,0,0,0,2,0
0,0,-0.0739141087,-0.739141087,1,0
0,0,-0.1672829318,-0.9336882311,1,0
0,0,-0.298136747,-1.308538152,2,0
0,0,-0.5747083521,-2.765716051,1,0
0,0,-0.9296854318,-3.549770797,1,0
0,0,-1.397451876,-4.677664443,2,-1
1,1,-2.019892488,-6.224406123
0,0,0,0,1,0
0,0,-0.01738189871,-0.1738189871,2,0
0,0,-0.1220254815,-1.046435828,1,0
0,0,-0.2335270169,-1.115015354,2,0
0,0,-0.4843896427,-2.508626257,0,0
0,0,-0.7286184212,-2.442287785,2,0
0,0,-1.145047591,-4.1642917,0,-1
1,1,-1.651417958,-5.063703669
