2,1,1
0,0,0,0,0,0
0,0,0.1002054311,1.002054311,1,0
0,0,0.2235512678,1.233458367,2,0
0,0,0.3156535973,0.9210232948,0,0
0,0,0.529164429,2.135108317,1,0
0,0,0.8208498937,2.916854646,2,0
0,0,1.163307487,3.424575936,0,-1
1,1,1.669590544,5.062830563
0,0,0,0,2,0
0,0,-0.08850976323,-0.8850976323,2,0
0,0,-0.2886185746,-2.001088113,2,0
0,0,-0.6069134735,-3.182948989,2,0
0,0,-1.0885814,-4.816679263,2,-1
1,1,-1.731215572,-6.42634172
0,0,0,0,0,0
0,0,0.1051067869,1.051067869,0,0
0,0,0.3288707244,2.237639375,0,0
0,0,0.6957297474,3.66859023,0,0
0,0,1.214925156,5.191954088,2,-1
1,1,1.839542261,6.246171049
0,0,0,0,0,0
0,0,0.09260020284,0.9260020284,0,0
0,0,0.2795308254,1.869306225,2,0
0,0,0.442927768,1.633969427,0,0
0,0,0.7509433426,3.080155746,1,0
0,0,1.163335263,4.123919209,0,-1
1,1,1.740684753,5.773494891
0,0,0,0,2,0
0,0,-0.0910827547,-0.910827547,2,0
0,0,-0.2725190461,-1.814362914,2,0
0,0,-0.569642592,-2.971235459,0,0
0,0,-0.8698056745,-3.001630825,0,0
0,0,-1.225331296,-3.555256216,0,-1
1,1,-1.684542738,-4.592114419
0,0,0,0,2,0
0,0,-0.08420744923,-0.8420744923,1,0
0,0,-0.1773343597,-0.9312691045,0,0
0,0,-0.2270737541,-0.4973939441,0,0
0,0,-0.2442274765,-0.1715372242,0,0
0,0,-0.2171519353,0.2707554121,0,0
0,0,-0.1448751928,0.7227674248,0,0
0,0,-0.02119199549,1.236831973,0,0
0,0,0.1948739562,2.160659517,2,0
0,0,0.3510318343,1.561578781,1,0
0,0,0.5787248341,2.276929997,1,0
0,0,0.8898966229,3.111717888,1,0
0,0,1.321727632,4.318310096,0,-1
1,1,1.90556267,5.838350378
0,0,0,0,0,0
0,0,0.07912684645,0.7912684645,1,0
0,0,0.1727342132,0.9360736672,0,0
0,0,0.3817157888,2.089815756,1,0
0,0,0.6447787651,2.630629764,1,0
0,0,1.002016647,3.572378823,1,0
0,0,1.485368754,4.833521067,0,-1
1,1,2.119192887,6.338241331
0,0,0,0,0,0
0,0,0.08555012503,0.8555012503,0,0
0,0,0.2696122749,1.840621499,1,0
0,0,0.5016321137,2.320198388,0,0
0,0,0.8888301862,3.871980726,2,0
0,0,1.330723545,4.418933587,2,-1
1,1,1.89412618,5.634026351
0,0,0,0,2,0
0,0,-0.07971319903,-0.7971319903,1,0
0,0,-0.1593910845,-0.7967788551,0,0
0,0,-0.184608562,-0.2521747742,0,0
0,0,-0.1547676908,0.2984087118,0,0
0,0,-0.05360877327,1.011589175,2,0
0,0,-0.05944136329,-0.05832590018,0,0
0,0,0.01873256365,0.7817392694,2,0
0,0,0.0209263666,0.02193802946,0,0
0,0,0.1118586022,0.9093223563,0,0
0,0,0.30627029,1.944116878,1,0
0,0,0.562953528,2.566832379,1,0
0,0,0.891673132,3.28719604,0,0
0,0,1.387469538,4.957964064,2,-1
1,1,2.008818256,6.213487173
0,0,0,0,0,0
0,0,0.08160696597,0.8160696597,2,0
0,0,0.07310794154,-0.08499024432,1,0
0,0,0.06784313068,-0.05264810864,2,0
0,0,-0.0252192582,-0.9306238887,0,0
0,0,-0.03720307715,-0.1198381895,0,0
0,0,0.02954131374,0.6674439089,1,0
0,0,0.09948567991,0.6994436618,2,0
0,0,0.113188791,0.1370311111,1,0
0,0,0.1431046163,0.2991582529,1,0
0,0,0.1993869563,0.5628233999,0,0
0,0,0.3696587412,1.702717849,2,0
0,0,0.5329191809,1.632604397,1,0
0,0,0.7711604387,2.382412578,2,0
0,0,1.047437745,2.762773058,0,0
0,0,1.488611564,4.41173819,2,-1
1,1,2.066888997,5.782774332
0,0,0,0,1,0
0,0,0.006137881765,0.06137881765,2,0
0,0,-0.07128329937,-0.7742118114,1,0
0,0,-0.1685278128,-0.9724451339,2,0
0,0,-0.3662725878,-1.977447751,2,0
0,0,-0.7096648396,-3.433922518,2,0
0,0,-1.205537871,-4.958730312,1,-1
1,1,-1.826195108,-6.206572375
0,0,0,0,1,0
0,0,0.008835122315,0.08835122315,2,0
0,0,-0.05664248743,-0.6547760975,0,0
0,0,-0.05296924286,0.03673244575,1,0
0,0,-0.06105956238,-0.08090319526,2,0
0,0,-0.1567822676,-0.9572270521,2,0
0,0,-0.3645587229,-2.077764553,0,0
0,0,-0.5465206256,-1.819619027,1,0
0,0,-0.8116907676,-2.651701419,1,0
0,0,-1.179347473,-3.676567057,1,-1
1,1,-1.681403178,-5.020557052
0,0,0,0,1,0
0,0,0.003402647827,0.03402647827,1,0
0,0,0.008100384429,0.04697736602,0,0
0,0,0.09818118213,0.900807977,1,0
0,0,0.1972773562,0.9909617402,0,0
0,0,0.4151906793,2.179133231,0,0
0,0,0.7694428131,3.542521339,0,0
0,0,1.271354442,5.019116291,2,-1
1,1,1.877962876,6.066084342
0,0,0,0,0,0
0,0,0.09200523901,0.9200523901,2,0
0,0,0.109164899,0.1715965995,2,0
0,0,0.05171484596,-0.57450053,0,0
0,0,0.08846502501,0.3675017906,1,0
0,0,0.1390582694,0.5059324443,0,0
0,0,0.3082184019,1.691601324,2,0
0,0,0.4600559647,1.518375628,0,0
0,0,0.7752054898,3.151495251,1,0
0,0,1.202825918,4.276204284,0,-1
1,1,1.792156983,5.893310644
0,0,0,0,1,0
0,0,-0.01329710154,-0.1329710154,0,0
0,0,0.07138979549,0.8468689703,2,0
0,0,0.09687597298,0.2548617748,2,0
0,0,0.05860262894,-0.3827334404,1,0
0,0,0.04537419412,-0.1322843482,1,0
0,0,0.04386968999,-0.01504504126,2,0
0,0,-0.05206433855,-0.9593402854,2,0
0,0,-0.2401614948,-1.880971562,1,0
0,0,-0.4582448879,-2.180833931,1,0
0,0,-0.7584623011,-3.002174132,2,0
0,0,-1.212906032,-4.544437312,1,-1
1,1,-1.797867439,-5.849614066
0,0,0,0,0,0
0,0,0.08568680987,0.8568680987,0,0
0,0,0.2831846865,1.974978766,2,0
0,0,0.4452253647,1.620406782,0,0
0,0,0.7484380401,3.032126754,0,0
0,0,1.20488455,4.564465104,2,-1
1,1,1.766412986,5.61528436
0,0,0,0,2,0
0,0,-0.08423022161,-0.8423022161,0,0
0,0,-0.08567197422,-0.0144175261,0,0
0,0,-0.0180890966,0.6758287762,1,0
0,0,0.02918098483,0.4727008143,1,0
0,0,0.07661320658,0.4743222175,1,0
0,0,0.1484084482,0.7179524163,2,0
0,0,0.1627370274,0.1432857918,1,0
0,0,0.1945495225,0.3181249512,1,0
0,0,0.2527546177,0.582050952,1,0
0,0,0.3659548854,1.132002677,1,0
0,0,0.5503594625,1.844045771,2,0
0,0,0.7393573028,1.889978403,0,0
0,0,1.102600967,3.632436638,2,0
0,0,1.5573006,4.546996334,2,-1
1,1,2.157363351,6.000627515
0,0,0,0,0,0
0,0,0.08670430304,0.8670430304,0,0
0,0,0.2891967425,2.024924395,2,0
0,0,0.4601027062,1.709059637,0,0
0,0,0.7699869409,3.098842348,0,0
0,0,1.240091187,4.701042456,2,-1
1,1,1.816189096,5.760979095
0,0,0,0,2,0
0,0,-0.0935084812,-0.935084812,0,0
0,0,-0.1286523782,-0.3514389697,0,0
0,0,-0.09860062586,0.3005175231,2,0
0,0,-0.1663542838,-0.6775365795,2,0
0,0,-0.3633400957,-1.969858119,2,0
0,0,-0.6886522276,-3.253121318,1,0
0,0,-1.101979503,-4.133272758,1,-1
1,1,-1.639890114,-5.379106108
0,0,0,0,2,0
0,0,-0.08462098686,-0.8462098686,1,0
0,0,-0.1936053831,-1.089843962,2,0
0,0,-0.414526556,-2.209211729,2,0
0,0,-0.7681989137,-3.536723577,2,0
0,0,-1.285937523,-5.177386089,1,-1
1,1,-1.935643743,-6.497062208
0,0,0,0,1,0
0,0,0.01559511053,0.1559511053,1,0
0,0,0.02494828189,0.09353171354,0,0
0,0,0.1177461144,0.9279783255,2,0
0,0,0.1402311432,0.2248502875,1,0
0,0,0.1930381581,0.5280701489,1,0
0,0,0.2719315127,0.7889335464,0,0
0,0,0.4868710404,2.149395277,1,0
0,0,0.7856109032,2.987398628,1,0
0,0,1.18391341,3.983025067,0,-1
1,1,1.74714891,5.632354997
0,0,0,0,1,0
0,0,0.01693738418,0.1693738418,0,0
0,0,0.1417253608,1.247879766,1,0
0,0,0.2779385951,1.362132344,1,0
0,0,0.4578068878,1.798682927,0,0
0,0,0.7972421194,3.394352316,1,0
0,0,1.23399627,4.367541505,0,-1
1,1,1.8296029,5.956066304
0,0,0,0,2,0
0,0,-0.10159792,-1.0159792,2,0
0,0,-0.3096862647,-2.080883448,0,0
0,0,-0.4871287852,-1.774425205,2,0
0,0,-0.8078927625,-3.207639773,1,0
0,0,-1.22973027,-4.218375072,2,-1
1,1,-1.809294263,-5.795639929
0,0,0,0,0,0
0,0,0.09262456415,0.9262456415,0,0
0,0,0.2791917488,1.865671847,1,0
0,0,0.5001141933,2.209224445,1,0
0,0,0.7932977177,2.931835243,2,0
0,0,1.126078412,3.327806946,0,-1
1,1,1.61808352,4.920051076
0,0,0,0,1,0
0,0,0.006869260786,0.06869260786,2,0
0,0,-0.08700164418,-0.9387090497,2,0
0,0,-0.289258221,-2.022565768,2,0
0,0,-0.6327282658,-3.434700448,1,0
0,0,-1.057650042,-4.249217763,0,0
0,0,-1.566457145,-5.088071033,0,-1
1,1,-2.221726873,-6.552697276
0,0,0,0,0,0
0,0,0.09655240534,0.9655240534,2,0
0,0,0.1140753147,0.1752290934,0,0
0,0,0.2517870947,1.3771178,0,0
0,0,0.507547685,2.557605903,0,0
0,0,0.9056247145,3.980770295,0,0
0,0,1.469979558,5.643548433,1,-1
1,1,2.176711651,7.067320936
0,0,0,0,2,0
0,0,-0.1006752788,-1.006752788,0,0
0,0,-0.1371223997,-0.3644712099,2,0
0,0,-0.2782693488,-1.41146949,1,0
0,0,-0.4570236827,-1.78754334,1,0
0,0,-0.7209033288,-2.63879646,1,0
0,0,-1.085879403,-3.649760742,0,0
0,0,-1.542257928,-4.563785248,1,-1
1,1,-2.145102852,-6.028449246
0,0,0,0,2,0
0,0,-0.08274814925,-0.8274814925,1,0
0,0,-0.1906926584,-1.079445091,0,0
0,0,-0.2518104048,-0.611177464,1,0
0,0,-0.3701578407,-1.183474359,1,0
0,0,-0.5424512282,-1.722933876,0,0
0,0,-0.7397861885,-1.973349603,0,0
0,0,-0.9815674058,-2.417812173,2,0
0,0,-1.387428825,-4.05861419,1,-1
1,1,-1.932561353,-5.451325281
0,0,0,0,0,0
0,0,0.08360915444,0.8360915444,1,0
0,0,0.1983775014,1.147683469,0,0
0,0,0.4395933603,2.412158589,0,0
0,0,0.8322671003,3.9267374,2,0
0,0,1.278485478,4.462183781,0,-1
1,1,1.88004982,6.015643415
0,0,0,0,1,0
0,0,-0.01651231957,-0.1651231957,0,0
0,0,0.05962948668,0.7614180625,1,0
0,0,0.147940452,0.8831096536,0,0
0,0,0.3608967358,2.129562838,0,0
0,0,0.7185947801,3.576980443,2,0
0,0,1.106713411,3.881186312,2,-1
1,1,1.592521889,4.858084774
0,0,0,0,2,0
0,0,-0.1043522664,-1.043522664,0,0
0,0,-0.1259949628,-0.2164269638,2,0
0,0,-0.2652372452,-1.392422824,1,0
0,0,-0.4339771179,-1.687398727,1,0
0,0,-0.6764434596,-2.424663417,0,0
0,0,-0.9443412409,-2.678977813,1,0
0,0,-1.326172564,-3.818313235,1,-1
1,1,-1.843471785,-5.172992204
0,0,0,0,1,0
0,0,-0.01437708515,-0.1437708515,2,0
0,0,-0.1190976802,-1.047205951,2,0
0,0,-0.3453886294,-2.262909491,1,0
0,0,-0.61227371,-2.668850806,2,0
0,0,-1.047479362,-4.352056517,0,0
0,0,-1.566054135,-5.185747734,0,-1
1,1,-2.231068832,-6.650146974
0,0,0,0,2,0
0,0,-0.09921205047,-0.9921205047,2,0
0,0,-0.2926428544,-1.934308039,0,0
0,0,-0.4402488277,-1.476059733,1,0
0,0,-0.6504008338,-2.101520061,0,0
0,0,-0.9010493779,-2.506485442,0,0
0,0,-1.225059368,-3.240099898,2,-1
1,1,-1.715562841,-4.90503473
0,0,0,0,1,0
0,0,0.01405843195,0.1405843195,2,0
0,0,-0.05337226322,-0.6743069517,0,0
0,0,-0.03682138037,0.1655088285,2,0
0,0,-0.1112960215,-0.7447464108,2,0
0,0,-0.3053834286,-1.940874071,2,0
0,0,-0.6440998753,-3.387164467,1,0
0,0,-1.072756265,-4.286563902,0,-1
1,1,-1.583321462,-5.105651966
0,0,0,0,2,0
0,0,-0.09530088564,-0.9530088564,1,0
0,0,-0.2107544564,-1.154535707,1,0
0,0,-0.3653659407,-1.546114844,1,0
0,0,-0.5696780706,-2.043121299,0,0
0,0,-0.7866148561,-2.169367855,0,0
0,0,-1.058952287,-2.723374311,2,0
0,0,-1.49137751,-4.324252232,1,-1
1,1,-2.068955035,-5.77577525
0,0,0,0,2,0
0,0,-0.1018388452,-1.018388452,0,0
0,0,-0.1251728045,-0.2333395925,0,0
0,0,-0.07888222245,0.4629058202,1,0
0,0,-0.0301952235,0.4868699895,0,0
0,0,0.118401417,1.485966405,0,0
0,0,0.3783554636,2.599540466,0,0
0,0,0.7827569155,4.044014519,0,0
0,0,1.342040734,5.592838181,1,-1
1,1,2.035406607,6.933658734
0,0,0,0,2,0
0,0,-0.1015170798,-1.015170798,2,0
0,0,-0.3245266606,-2.230095808,0,0
0,0,-0.5229227772,-1.983961166,0,0
0,0,-0.7180746559,-1.951518787,0,0
0,0,-0.9609009033,-2.428262473,1,0
0,0,-1.33265118,-3.717502769,2,-1
1,1,-1.858532027,-5.258808464
0,0,0,0,1,0
0,0,-0.006956692351,-0.06956692351,0,0
0,0,0.07639195356,0.8334864591,2,0
0,0,0.09294524517,0.1655329161,2,0
0,0,0.05019953223,-0.4274571294,1,0
0,0,0.03337737683,-0.1682215541,2,0
0,0,-0.05482972135,-0.8820709818,2,0
0,0,-0.2399342364,-1.851045151,0,0
0,0,-0.3711275484,-1.31193312,1,0
0,0,-0.566227958,-1.951004096,0,0
0,0,-0.779323705,-2.13095747,0,0
0,0,-1.033356998,-2.540332933,1,0
0,0,-1.41034698,-3.769899822,0,-1
1,1,-1.917000671,-5.066536909
0,0,0,0,0,0
0,0,0.07732931721,0.7732931721,2,0
0,0,0.07428116627,-0.03048150941,2,0
0,0,-0.00047109894,-0.7475226521,0,0
0,0,0.01196004723,0.1243114617,0,0
0,0,0.1114265559,0.9946650863,2,0
0,0,0.125571914,0.141453581,1,0
0,0,0.1656165347,0.4004462075,0,0
0,0,0.3341327233,1.685161886,2,0
0,0,0.4876290881,1.534963648,0,0
0,0,0.7954508332,3.078217451,2,0
0,0,1.158924263,3.634734302,0,-1
1,1,1.677827656,5.189033924
0,0,0,0,2,0
0,0,-0.0944656155,-0.944656155,2,0
0,0,-0.3022940319,-2.078284164,0,0
0,0,-0.4896933587,-1.873993268,0,0
0,0,-0.6643767721,-1.746834134,1,0
0,0,-0.9423553731,-2.77978601,1,0
0,0,-1.344306491,-4.019511177,2,-1
1,1,-1.902395335,-5.580888444
0,0,0,0,1,0
0,0,0.001045709452,0.01045709452,1,0
0,0,0.01856451307,0.1751880362,2,0
0,0,-0.05911919954,-0.7768371261,2,0
0,0,-0.2416019796,-1.824827801,1,0
0,0,-0.4653261977,-2.237242181,0,0
0,0,-0.6820266133,-2.167004156,0,0
0,0,-0.9388190533,-2.5679244,2,0
0,0,-1.366204464,-4.273854111,0,-1
1,1,-1.914911851,-5.487073869
0,0,0,0,2,0
0,0,-0.09106344411,-0.9106344411,0,0
0,0,-0.1241020941,-0.3303864994,1,0
0,0,-0.1956222105,-0.7152011643,1,0
0,0,-0.3064794814,-1.108572709,1,0
0,0,-0.4547300443,-1.48250563,2,0
0,0,-0.7516477377,-2.969176933,1,0
0,0,-1.146685076,-3.950373387,2,-1
1,1,-1.703528282,-5.568432057
0,0,0,0,1,0
0,0,0.007799653079,0.07799653079,2,0
0,0,-0.07181913878,-0.7961879186,0,0
0,0,-0.07702054808,-0.05201409306,0,0
0,0,-0.0229863321,0.5403421598,0,0
0,0,0.1181633371,1.411496692,1,0
0,0,0.2718719681,1.53708631,1,0
0,0,0.4554265467,1.835545786,0,0
0,0,0.795931747,3.405052003,2,0
0,0,1.185498745,3.895669984,2,-1
1,1,1.676133295,4.906345497
0,0,0,0,0,0
0,0,0.09578991587,0.9578991587,0,0
0,0,0.2924864001,1.966964843,1,0
0,0,0.5381055745,2.456191743,0,0
0,0,0.9309166567,3.928110822,0,0
0,0,1.478243668,5.473270117,0,-1
1,1,2.174277931,6.960342629
0,0,0,0,1,0
0,0,-0.006436413309,-0.06436413309,1,0
0,0,-0.01691941272,-0.1048299941,0,0
0,0,0.07204713957,0.8896655229,0,0
0,0,0.2628687493,1.908216097,2,0
0,0,0.3957122768,1.328435276,2,0
0,0,0.5143704756,1.186581988,0,0
0,0,0.793333516,2.789630404,0,0
0,0,1.239960615,4.466270991,1,-1
1,1,1.816685315,5.767247004
0,0,0,0,0,0
0,0,0.08258108294,0.8258108294,0,0
0,0,0.2674094355,1.848283525,1,0
0,0,0.497323505,2.299140696,1,0
0,0,0.8052628991,3.079393941,2,0
0,0,1.168997009,3.637341098,1,-1
1,1,1.659349811,4.903528021
0,0,0,0,1,0
0,0,0.01744141696,0.1744141696,1,0
0,0,0.05495592905,0.3751451209,0,0
0,0,0.2013732125,1.464172834,0,0
0,0,0.4518204173,2.504472049,1,0
0,0,0.7669780804,3.151576631,1,0
0,0,1.187228863,4.202507829,1,-1
1,1,1.742198241,5.54969378
0,0,0,0,1,0
0,0,0.00910546966,0.0910546966,0,0
0,0,0.1147856727,1.05680203,2,0
0,0,0.1528271838,0.3804151113,0,0
0,0,0.2905447922,1.377176084,2,0
0,0,0.3998637832,1.093189909,1,0
0,0,0.5685837946,1.687200114,0,0
0,0,0.8928319058,3.242481112,0,0
0,0,1.386939461,4.941075551,2,-1
1,1,2.004210341,6.172708799
0,0,0,0,0,0
0,0,0.09038011673,0.9038011673,0,0
0,0,0.2691336802,1.787535635,0,0
0,0,0.5903692915,3.212356113,0,0
0,0,1.067502306,4.771330145,1,-1
1,1,1.658417893,5.909155871
0,0,0,0,2,0
0,0,-0.07348461224,-0.7348461224,0,0
0,0,-0.0876969088,-0.1421229656,0,0
0,0,-0.01844130322,0.6925560558,1,0
0,0,0.0428742528,0.6131555603,2,0
0,0,0.03113856395,-0.1173568885,0,0
0,0,0.100474947,0.6933638309,2,0
0,0,0.112817372,0.1234242496,0,0
0,0,0.2215568706,1.087394986,1,0
0,0,0.3616539819,1.400971113,2,0
0,0,0.4761706625,1.145166806,1,0
0,0,0.6791797186,2.030090562,1,0
0,0,0.9923260853,3.131463667,1,0
0,0,1.421626819,4.293007339,2,-1
1,1,1.981389684,5.59762865
