2,1,1
0,0,0,0,2,0
0,0,-0.1018479187,-1.018479187,1,0
0,0,-0.2254115766,-1.235636578,0,0
0,0,-0.2962932047,-0.7088162814,2,0
0,0,-0.5060497112,-2.097565064,2,0
0,0,-0.8604383222,-3.543886111,2,0
0,0,-1.381435175,-5.209968527,0,-1
1,1,-2.027102022,-6.456668475
0,0,0,0,2,0
0,0,-0.09486370258,-0.9486370258,2,0
0,0,-0.2861297764,-1.912660739,0,0
0,0,-0.4302681182,-1.441383417,1,0
0,0,-0.6294096823,-1.991415641,2,0
0,0,-1.000624618,-3.712149357,2,0
0,0,-1.526415153,-5.257905352,2,-1
1,1,-2.200387159,-6.739720064
0,0,0,0,1,0
0,0,-0.01606770283,-0.1606770283,1,0
0,0,-0.02250980681,-0.06442103986,1,0
0,0,-0.04855920557,-0.2604939875,0,0
0,0,-0.005635453518,0.4292375205,2,0
0,0,-0.03846930693,-0.3283385341,2,0
0,0,-0.1753585722,-1.368892653,2,0
0,0,-0.4201050345,-2.447464623,0,0
0,0,-0.6579047767,-2.377997422,2,0
0,0,-1.043258816,-3.853540388,0,0
0,0,-1.504563197,-4.613043811,1,-1
1,1,-2.110267601,-6.057044046
0,0,0,0,2,0
0,0,-0.0884649843,-0.884649843,2,0
0,0,-0.2762824332,-1.878174489,2,0
0,0,-0.5905780755,-3.142956423,1,0
0,0,-0.9777668722,-3.871887967,2,0
0,0,-1.532369133,-5.54602261,1,-1
1,1,-2.232561311,-7.001921775
0,0,0,0,1,0
0,0,0.01221289445,0.1221289445,1,0
0,0,0.02024318124,0.08030286788,0,0
0,0,0.1038790662,0.8363588498,1,0
0,0,0.1900766278,0.8619756154,1,0
0,0,0.3003115989,1.102349712,2,0
0,0,0.3669517068,0.6664010785,2,0
0,0,0.4192166363,0.5226492953,0,0
0,0,0.6252442326,2.060275963,2,0
0,0,0.845340922,2.200966894,1,0
0,0,1.169058909,3.237179868,2,-1
1,1,1.59592577,4.268668616
0,0,0,0,2,0
0,0,-0.07706452116,-0.7706452116,1,0
0,0,-0.164033527,-0.8696900583,2,0
0,0,-0.354230865,-1.90197338,1,0
0,0,-0.6091436056,-2.549127407,0,0
0,0,-0.8895268469,-2.803832412,0,0
0,0,-1.231575956,-3.420491095,0,-1
1,1,-1.685057234,-4.534812772
0,0,0,0,0,0
0,0,0.09896759539,0.9896759539,1,0
0,0,0.2254099837,1.264423883,1,0
0,0,0.3939992039,1.685892202,0,0
0,0,0.6929576175,2.989584136,1,0
0,0,1.086789788,3.93832171,1,-1
1,1,1.611270062,5.244802731
0,0,0,0,1,0
0,0,0.006867390797,0.06867390797,1,0
0,0,0.02207555619,0.1520816539,0,0
0,0,0.1132118382,0.9113628201,0,0
0,0,0.3007823079,1.875704697,1,0
0,0,0.5305157779,2.297334701,2,0
0,0,0.7566822628,2.261664848,2,0
0,0,1.017724153,2.6104189,0,0
0,0,1.440742465,4.230183119,0,-1
1,1,2.017137648,5.763951829
0,0,0,0,0,0
0,0,0.08856431483,0.8856431483,1,0
0,0,0.2003120791,1.117477643,2,0
0,0,0.2685017846,0.6818970542,0,0
0,0,0.4513994769,1.828976924,0,0
0,0,0.7859533891,3.345539121,2,0
0,0,1.167434643,3.814812542,1,-1
1,1,1.679760045,5.12325402
0,0,0,0,2,0
0,0,-0.08118312236,-0.8118312236,2,0
0,0,-0.2764181598,-1.952350375,0,0
0,0,-0.4459886951,-1.695705353,2,0
0,0,-0.7521498219,-3.061611268,2,0
0,0,-1.216551172,-4.644013499,2,-1
1,1,-1.838305207,-6.21754035
0,0,0,0,0,0
0,0,0.1033207839,1.033207839,0,0
0,0,0.3143466029,2.11025819,2,0
0,0,0.4975271331,1.831805303,1,0
0,0,0.7552773429,2.577502098,2,0
0,0,1.046097578,2.908202353,2,0
0,0,1.431661116,3.855635383,0,-1
1,1,1.970492495,5.38831379
0,0,0,0,0,0
0,0,0.09852921911,0.9852921911,0,0
0,0,0.3035142037,2.049849846,2,0
0,0,0.4616472927,1.58133089,1,0
0,0,0.6989034512,2.372561585,1,0
0,0,1.030573504,3.316700526,2,0
0,0,1.450906392,4.203328881,0,-1
1,1,2.022208271,5.713018793
0,0,0,0,2,0
0,0,-0.09890111636,-0.9890111636,0,0
0,0,-0.1249782156,-0.260770992,0,0
0,0,-0.08545769174,0.3952052382,0,0
0,0,0.02021033341,1.056680251,0,0
0,0,0.2325270576,2.123167242,1,0
0,0,0.4920288866,2.59501829,2,0
0,0,0.7585761104,2.665472239,2,0
0,0,1.065831632,3.072555211,0,0
0,0,1.541642194,4.75810562,1,-1
1,1,2.163065003,6.214228091
0,0,0,0,1,0
0,0,-0.001174172488,-0.01174172488,2,0
0,0,-0.07548396872,-0.7430979624,1,0
0,0,-0.1796416132,-1.041576444,2,0
0,0,-0.3913655076,-2.117238945,0,0
0,0,-0.5949662394,-2.036007318,1,0
0,0,-0.8779199632,-2.829537238,2,0
0,0,-1.333337039,-4.55417076,0,-1
1,1,-1.911226899,-5.778898595
0,0,0,0,0,0
0,0,0.07297757044,0.7297757044,2,0
0,0,0.08334511925,0.103675488,0,0
0,0,0.1822894215,0.9894430228,0,0
0,0,0.3882747182,2.059852967,0,0
0,0,0.7388004026,3.505256844,2,0
0,0,1.127154261,3.883538581,0,-1
1,1,1.678441354,5.512870936
0,0,0,0,1,0
0,0,0.0001949539515,0.001949539515,2,0
0,0,-0.07685271742,-0.7704767137,0,0
0,0,-0.09612423181,-0.1927151439,1,0
0,0,-0.1210783096,-0.2495407784,0,0
0,0,-0.07819274961,0.4288556004,1,0
0,0,-0.06452893961,0.1366380999,0,0
0,0,0.02768233461,0.9221127423,2,0
0,0,0.03028348752,0.02601152906,0,0
0,0,0.1135422377,0.8325875021,1,0
0,0,0.2018144492,0.8827221143,1,0
0,0,0.3101540902,1.083396411,1,0
0,0,0.4669415653,1.567874751,1,0
0,0,0.6927972623,2.25855697,0,0
0,0,1.08873184,3.95934578,2,0
0,0,1.56714301,4.7841117,1,-1
1,1,2.192434585,6.252915742
0,0,0,0,0,0
0,0,0.07889197029,0.7889197029,1,0
0,0,0.1649987886,0.8610681827,2,0
0,0,0.1755197912,0.105210026,0,0
0,0,0.2975099106,1.219901194,0,0
0,0,0.5567717321,2.592618215,0,0
0,0,0.9611527743,4.043810422,2,0
0,0,1.427110695,4.659579211,0,-1
1,1,2.045211813,6.181011179
0,0,0,0,0,0
0,0,0.07677745157,0.7677745157,0,0
0,0,0.2625980923,1.858206407,1,0
0,0,0.4853182126,2.227201203,2,0
0,0,0.7077360666,2.22417854,0,0
0,0,1.102366128,3.946300614,2,-1
1,1,1.582492424,4.80126296
0,0,0,0,2,0
0,0,-0.07187111489,-0.7187111489,1,0
0,0,-0.1584730163,-0.8660190143,0,0
0,0,-0.1739381476,-0.154651313,1,0
0,0,-0.2059135848,-0.3197543719,2,0
0,0,-0.3753822656,-1.694686808,0,0
0,0,-0.5250010653,-1.496187997,0,0
0,0,-0.6794975223,-1.54496457,1,0
0,0,-0.9327221501,-2.532246279,1,0
0,0,-1.29845044,-3.657282898,2,-1
1,1,-1.822843309,-5.243928693
0,0,0,0,2,0
0,0,-0.0870591947,-0.870591947,2,0
0,0,-0.2826003316,-1.955411369,2,0
0,0,-0.6230156229,-3.404152913,1,0
0,0,-1.054648402,-4.316327792,2,-1
1,1,-1.651601387,-5.969529846
0,0,0,0,1,0
0,0,0.003712940931,0.03712940931,1,0
0,0,0.02209625778,0.1838331685,0,0
0,0,0.1182301299,0.961338721,0,0
0,0,0.3046089781,1.863788482,1,0
0,0,0.5280021968,2.233932187,0,0
0,0,0.9180577466,3.900555498,2,0
0,0,1.370998258,4.529405118,2,-1
1,1,1.94839785,5.773995914
0,0,0,0,0,0
0,0,0.09724874601,0.9724874601,2,0
0,0,0.1185676035,0.2131885751,1,0
0,0,0.1532126815,0.3464507797,1,0
0,0,0.2035441801,0.503314986,2,0
0,0,0.2003092811,-0.03234898962,0,0
0,0,0.3229720749,1.226627937,2,0
0,0,0.4173109886,0.9433891372,0,0
0,0,0.6707579927,2.534470041,2,0
0,0,0.9504428374,2.796848447,2,0
0,0,1.309105039,3.586622021,1,-1
1,1,1.807820298,4.98715259
0,0,0,0,2,0
0,0,-0.07762885154,-0.7762885154,2,0
0,0,-0.2555216075,-1.77892756,2,0
0,0,-0.5598410578,-3.043194503,1,0
0,0,-0.9563964025,-3.965553447,1,0
0,0,-1.469617131,-5.13220728,0,-1
1,1,-2.119086666,-6.494695353
0,0,0,0,0,0
0,0,0.07529595427,0.7529595427,2,0
0,0,0.08682940823,0.1153345395,1,0
0,0,0.1144079717,0.2757856351,2,0
0,0,0.06817325197,-0.4623471977,0,0
0,0,0.1381753848,0.7000213288,1,0
0,0,0.2218410293,0.8366564446,1,0
0,0,0.3390335929,1.171925635,1,0
0,0,0.5116945779,1.72660985,2,0
0,0,0.6761943062,1.644997284,0,0
0,0,0.9912865724,3.150922661,1,0
0,0,1.422137755,4.308511824,0,-1
1,1,2.004153745,5.820159905
0,0,0,0,2,0
0,0,-0.08537843557,-0.8537843557,0,0
0,0,-0.1138942732,-0.2851583766,0,0
0,0,-0.0759355268,0.3795874643,0,0
0,0,0.03845828816,1.14393815,0,0
0,0,0.2442928486,2.058345605,0,0
0,0,0.5629281211,3.186352724,2,0
0,0,0.9046238844,3.416957633,0,0
0,0,1.408703649,5.040797644,0,-1
1,1,2.066719969,6.580163204
0,0,0,0,2,0
0,0,-0.1036931343,-1.036931343,2,0
0,0,-0.2956760439,-1.919829096,0,0
0,0,-0.4489721046,-1.532960607,1,0
0,0,-0.6593352074,-2.103631028,2,0
0,0,-1.025571292,-3.662360844,2,0
0,0,-1.549355484,-5.237841917,2,-1
1,1,-2.220975939,-6.716204553
0,0,0,0,1,0
0,0,-0.01041359044,-0.1041359044,2,0
0,0,-0.1229703478,-1.125567573,0,0
0,0,-0.1519963174,-0.2902596964,1,0
0,0,-0.2183067986,-0.6631048115,0,0
0,0,-0.2290929163,-0.1078611775,2,0
0,0,-0.377575824,-1.484829076,0,0
0,0,-0.495095836,-1.175200121,1,0
0,0,-0.6776841299,-1.825882939,0,0
0,0,-0.8920949833,-2.144108534,2,0
0,0,-1.265722989,-3.736280054,2,-1
1,1,-1.799546362,-5.338233737
0,0,0,0,1,0
0,0,-0.004623114104,-0.04623114104,0,0
0,0,0.08430943962,0.8893255372,0,0
0,0,0.273705762,1.893963223,1,0
0,0,0.4936458142,2.199400523,0,0
0,0,0.8744618645,3.808160503,1,0
0,0,1.362667997,4.882061329,2,-1
1,1,1.973535758,6.108677608
0,0,0,0,0,0
0,0,0.09483613229,0.9483613229,1,0
0,0,0.192930469,0.9809433675,0,0
0,0,0.4254839654,2.325534964,0,0
0,0,0.7965098376,3.710258721,1,0
0,0,1.281022857,4.845130197,2,-1
1,1,1.879876668,5.988538108
0,0,0,0,0,0
0,0,0.07713833674,0.7713833674,0,0
0,0,0.2523395055,1.752011688,0,0
0,0,0.5523503539,3.000108484,2,0
0,0,0.8735503354,3.211999815,0,0
0,0,1.34981866,4.762683242,1,-1
1,1,1.962002344,6.121836842
0,0,0,0,0,0
0,0,0.07114893876,0.7114893876,1,0
0,0,0.1381826823,0.6703374357,0,0
0,0,0.3127463618,1.745636795,2,0
0,0,0.4513395183,1.385931565,2,0
0,0,0.5892604857,1.379209674,1,0
0,0,0.8292937447,2.400332591,0,0
0,0,1.24320764,4.139138949,0,-1
1,1,1.815894686,5.726870461
0,0,0,0,2,0
0,0,-0.09081987341,-0.9081987341,2,0
0,0,-0.2711892373,-1.803693638,1,0
0,0,-0.5048467362,-2.336574989,2,0
0,0,-0.8993282067,-3.944814705,1,0
0,0,-1.409067799,-5.097395926,0,-1
1,1,-2.047777755,-6.387099555
0,0,0,0,2,0
0,0,-0.07434723294,-0.7434723294,1,0
0,0,-0.1648704562,-0.9052322325,2,0
0,0,-0.3553351762,-1.9046472,1,0
0,0,-0.6023331255,-2.469979493,0,0
0,0,-0.8809139715,-2.78580846,1,0
0,0,-1.283329326,-4.02415354,1,-1
1,1,-1.819275919,-5.359465933
0,0,0,0,1,0
0,0,-0.004593744357,-0.04593744357,2,0
0,0,-0.09431140212,-0.8971765777,2,0
0,0,-0.2974772297,-2.031658275,2,0
0,0,-0.6169894615,-3.195122319,1,0
0,0,-1.028091992,-4.111025304,0,0
0,0,-1.511154256,-4.830622642,2,-1
1,1,-2.144257835,-6.331035788
0,0,0,0,1,0
0,0,0.01043973315,0.1043973315,2,0
0,0,-0.05991681154,-0.7035654469,1,0
0,0,-0.1248194941,-0.6490268256,1,0
0,0,-0.2136991738,-0.8887967973,0,0
0,0,-0.2564073559,-0.4270818207,0,0
0,0,-0.2412411936,0.1516616231,2,0
0,0,-0.347662873,-1.064216794,1,0
0,0,-0.52326613,-1.756032571,1,0
0,0,-0.7834013873,-2.601352573,1,0
0,0,-1.148841366,-3.654399785,1,-1
1,1,-1.639724261,-4.908828951
0,0,0,0,0,0
0,0,0.09726808629,0.9726808629,2,0
0,0,0.1386554556,0.413873693,0,0
0,0,0.3022986564,1.636432008,0,0
0,0,0.5847938156,2.824951592,2,0
0,0,0.8899072147,3.05113399,1,0
0,0,1.318065254,4.281580392,0,-1
1,1,1.903027832,5.849625779
0,0,0,0,2,0
0,0,-0.08313419841,-0.8313419841,0,0
0,0,-0.110083965,-0.2694976658,2,0
0,0,-0.2304812937,-1.203973287,0,0
0,0,-0.292647871,-0.6216657734,1,0
0,0,-0.3947638197,-1.021159487,2,0
0,0,-0.6503401035,-2.555762838,1,0
0,0,-1.008222579,-3.578824759,1,0
0,0,-1.490247333,-4.820247538,1,-1
1,1,-2.115980936,-6.257336026
0,0,0,0,0,0
0,0,0.1020850789,1.020850789,2,0
0,0,0.1278485655,0.2576348659,1,0
0,0,0.186649195,0.5880062956,0,0
0,0,0.3667184232,1.800692282,2,0
0,0,0.5223183562,1.55599933,1,0
0,0,0.7731321143,2.508137581,0,0
0,0,1.193031676,4.198995613,0,-1
1,1,1.774818135,5.817864595
0,0,0,0,2,0
0,0,-0.09007224256,-0.9007224256,0,0
0,0,-0.0987521455,-0.08679902939,0,0
0,0,-0.03201312084,0.6673902466,1,0
0,0,0.02783197049,0.5984509133,2,0
0,0,0.004091700237,-0.2374027025,2,0
0,0,-0.1000886736,-1.041803739,0,0
0,0,-0.1253531233,-0.252644497,0,0
0,0,-0.08846089786,0.3689222546,0,0
0,0,0.0324228209,1.208837188,0,0
0,0,0.2468513563,2.144285354,2,0
0,0,0.4165976604,1.697463041,0,0
0,0,0.734240936,3.176432756,1,0
0,0,1.1391521,4.049111639,1,-1
1,1,1.668309471,5.291573709
0,0,0,0,1,0
0,0,0.01073046419,0.1073046419,1,0
0,0,0.03855310282,0.2782263863,1,0
0,0,0.05840640995,0.1985330713,2,0
0,0,0.01625119602,-0.4215521393,0,0
0,0,0.0749173459,0.5866614988,1,0
0,0,0.1404902844,0.6557293853,2,0
0,0,0.1603129666,0.1982268221,0,0
0,0,0.3010503068,1.407373401,1,0
0,0,0.4882058731,1.871555663,2,0
0,0,0.6843148922,1.961090192,1,0
0,0,0.9676178597,2.833029675,1,0
0,0,1.374312698,4.066948382,0,-1
1,1,1.934292338,5.599796399
0,0,0,0,2,0
0,0,-0.08007863486,-0.8007863486,1,0
0,0,-0.1756081755,-0.9552954062,2,0
0,0,-0.3841715598,-2.085633844,1,0
0,0,-0.6457681642,-2.615966044,0,0
0,0,-0.9441010384,-2.983328742,1,0
0,0,-1.361272949,-4.171719109,1,-1
1,1,-1.916900311,-5.55627362
0,0,0,0,2,0
0,0,-0.0927548841,-0.927548841,0,0
0,0,-0.1302169711,-0.3746208705,1,0
0,0,-0.2024808132,-0.7226384207,1,0
0,0,-0.3191636212,-1.16682808,1,0
0,0,-0.479044057,-1.598804357,0,0
0,0,-0.6332408622,-1.541968053,0,0
0,0,-0.8210752633,-1.878344011,1,0
0,0,-1.122861002,-3.017857387,2,-1
1,1,-1.586957634,-4.640966319
0,0,0,0,2,0
0,0,-0.09474868705,-0.9474868705,2,0
0,0,-0.2764481917,-1.816995046,2,0
0,0,-0.5749218871,-2.984736954,2,0
0,0,-1.025410832,-4.504889453,0,0
0,0,-1.556816172,-5.314053394,0,-1
1,1,-2.233405729,-6.765895568
0,0,0,0,2,0
0,0,-0.1055483147,-1.055483147,1,0
0,0,-0.2285704432,-1.230221285,2,0
0,0,-0.4869094811,-2.583390378,1,0
0,0,-0.8249445788,-3.380350977,1,0
0,0,-1.271065288,-4.461207087,0,-1
1,1,-1.829379303,-5.583140155
0,0,0,0,1,0
0,0,-0.009360045384,-0.09360045384,2,0
0,0,-0.1247683333,-1.154082879,0,0
0,0,-0.1887729592,-0.640046259,0,0
0,0,-0.1827446367,0.06028322529,2,0
0,0,-0.2886697419,-1.059251053,1,0
0,0,-0.4364260269,-1.47756285,0,0
0,0,-0.5837987472,-1.473727203,2,0
0,0,-0.8990113521,-3.152126048,2,0
0,0,-1.381532677,-4.825213246,2,-1
1,1,-2.014944602,-6.334119249
0,0,0,0,0,0
0,0,0.07863926079,0.7863926079,1,0
0,0,0.1617708464,0.8313158563,2,0
0,0,0.20092813,0.3915728357,2,0
0,0,0.1788630242,-0.2206510575,0,0
0,0,0.2814238466,1.025608224,0,0
0,0,0.5230202539,2.415964072,2,0
0,0,0.7553134182,2.322931643,1,0
0,0,1.101085363,3.45771945,1,-1
1,1,1.573399643,4.723142797
0,0,0,0,2,0
0,0,-0.09340966685,-0.9340966685,1,0
0,0,-0.1894604662,-0.9605079935,0,0
0,0,-0.228097342,-0.3863687585,0,0
0,0,-0.2117968865,0.1630045549,2,0
0,0,-0.3278936575,-1.160967709,1,0
0,0,-0.4971773096,-1.692836521,0,0
0,0,-0.6790422823,-1.818649727,2,0
0,0,-1.013466034,-3.344237516,2,0
0,0,-1.506796328,-4.933302941,1,-1
1,1,-2.144915034,-6.381187056
0,0,0,0,0,0
0,0,0.09970962295,0.9970962295,0,0
0,0,0.2912309762,1.915213533,0,0
0,0,0.6082764659,3.170454897,1,0
0,0,1.006089627,3.978131614,2,0
0,0,1.487550972,4.814613452,2,-1
1,1,2.105760576,6.182096036
0,0,0,0,2,0
0,0,-0.07768518547,-0.7768518547,1,0
0,0,-0.1624482986,-0.8476311317,1,0
0,0,-0.2708632213,-1.084149226,2,0
0,0,-0.497574762,-2.267115407,0,0
0,0,-0.725575172,-2.280004101,1,0
0,0,-1.054200487,-3.28625315,1,0
0,0,-1.503154524,-4.489540365,1,-1
1,1,-2.097063511,-5.939089873
0,0,0,0,2,0
0,0,-0.08820265969,-0.8820265969,1,0
0,0,-0.2042440849,-1.160414252,2,0
0,0,-0.4256338869,-2.21389802,2,0
0,0,-0.7853599704,-3.597260835,2,0
0,0,-1.303755347,-5.183953765,1,-1
1,1,-1.954032857,-6.502775098
